number,value,datetime_start,datetime_complete,duration,params_alpha,params_batch_size,params_drop_out_rate,params_epochs,params_lambda,params_latent_dim,params_learning_rate,user_attrs_relative_deterioration,user_attrs_test_r2,state
95,0.011065648149892318,2024-10-19 11:58:26.034017,2024-10-19 11:59:20.425802,0 days 00:00:54.391785,0.0361857654293942,128,0.1,30,0.00011917159624815343,32,0.0009984785676541686,0.9957196443648864,0.8658587853086104,COMPLETE
96,0.012275926807878318,2024-10-19 11:59:05.114010,2024-10-19 12:00:50.751819,0 days 00:01:45.637809,0.2863102503728921,128,0.1,30,1.5060144998642626e-05,24,0.0007151648766945745,0.9953334198348591,0.8511874125071096,COMPLETE
97,0.011372052916592018,2024-10-19 11:59:06.538438,2024-10-19 11:59:59.719710,0 days 00:00:53.181272,0.03492553113552142,128,0.1,30,1.1087992416665435e-05,24,0.0009958178565274837,0.9956311619164224,0.862144451811324,COMPLETE
98,0.00791700533416241,2024-10-19 11:59:09.659808,2024-10-19 12:00:35.783000,0 days 00:01:26.123192,0.04212641438685598,128,0.1,30,1.139611485701573e-05,24,0.0007098154129367467,0.9966325390369924,0.9040276088795494,COMPLETE
99,0.009129233722545033,2024-10-19 11:59:11.864216,2024-10-19 12:00:09.328042,0 days 00:00:57.463826,0.21895723312704177,128,0.1,30,0.00012069621151788116,24,0.0007137195344318534,0.9966957897057263,0.8893326008422106,COMPLETE
100,0.009510892049014081,2024-10-19 11:59:16.417425,2024-10-19 12:00:13.283178,0 days 00:00:56.865753,0.03548831922137666,128,0.1,30,1.1643643721976006e-05,24,0.0008787987286446127,0.996357786523141,0.8847060203820195,COMPLETE
101,0.007966648465588363,2024-10-19 11:59:17.625625,2024-10-19 12:00:14.137098,0 days 00:00:56.511473,0.02971801883499983,128,0.1,30,0.00011578268515380908,24,0.0007082024258149223,0.9968250629579327,0.9034258194623948,COMPLETE
102,0.01397259618375497,2024-10-19 11:59:20.445733,2024-10-19 12:00:17.458258,0 days 00:00:57.012525,0.016021908943845812,128,0.1,30,1.1396599983202116e-05,24,0.0007020869385669264,0.994576814666969,0.8306198607535333,COMPLETE
103,0.010568098061905654,2024-10-19 11:59:59.730716,2024-10-19 12:01:44.283328,0 days 00:01:44.552612,0.21494115666368813,96,0.1,30,1.8983820233011036e-05,24,0.0007160285405250237,0.9953040965562268,0.8718902416018406,COMPLETE
104,0.008501671007477965,2024-10-19 12:00:09.341124,2024-10-19 12:01:05.080682,0 days 00:00:55.739558,0.030844324155166414,128,0.1,30,1.9001468177670016e-05,8,0.0004118864946825974,0.9965428786050373,0.8969401104750685,COMPLETE
105,0.010694075439528281,2024-10-19 12:00:13.295859,2024-10-19 12:01:57.895398,0 days 00:01:44.599539,0.016516737219754045,96,0.1,30,1.974940516596655e-05,8,0.0007092432204510404,0.994979159206932,0.8703631048061438,COMPLETE
106,0.009471571133063598,2024-10-19 12:00:14.147960,2024-10-19 12:01:12.034148,0 days 00:00:57.886188,0.016171189847315526,96,0.1,30,1.9265431765169786e-05,8,0.0009181101043923549,0.9958223332644155,0.8851826807056561,COMPLETE
107,0.009167269590457945,2024-10-19 12:00:17.468448,2024-10-19 12:01:15.061136,0 days 00:00:57.592688,0.030116642058018575,128,0.1,30,1.9328124365040742e-05,32,0.0007915566902784643,0.9963843180261626,0.8888715182689563,COMPLETE
108,0.006976520524196322,2024-10-19 12:00:35.797318,2024-10-19 12:01:53.862727,0 days 00:01:18.065409,0.061109019983123465,128,0.1,30,1.8900469655003868e-05,8,0.00041236651428039816,0.997062414460869,0.915428457081006,COMPLETE
109,0.008053372921006116,2024-10-19 12:00:50.773040,2024-10-19 12:01:50.856869,0 days 00:01:00.083829,0.030333351310542937,128,0.1,30,1.8539982269617624e-05,8,0.00041081689594762923,0.9967992101044634,0.9023745187490877,COMPLETE
110,0.008776400407832459,2024-10-19 12:01:05.181772,2024-10-19 12:02:16.180927,0 days 00:01:10.999155,0.06125793040962719,128,0.1,30,2.3581116550547408e-05,8,0.0004705506446930888,0.9963615196543189,0.893609755580733,COMPLETE
111,0.0100540600078384,2024-10-19 12:01:12.045239,2024-10-19 12:02:06.000724,0 days 00:00:53.955485,0.022031859442275356,128,0.1,30,3.7413094600937804e-05,32,0.0005812079226637049,0.9962117258055992,0.8781215701273956,COMPLETE
112,0.010979020970553097,2024-10-19 12:01:15.077674,2024-10-19 12:02:21.495596,0 days 00:01:06.417922,0.05452308278951058,128,0.1,30,2.1959465095107654e-05,48,0.0008623515966492711,0.9957461307190522,0.8669089068111602,COMPLETE
113,0.008894262831690146,2024-10-19 12:01:44.339886,2024-10-19 12:02:43.142875,0 days 00:00:58.802989,0.024700439113648207,128,0.1,30,2.280835274354082e-05,16,0.0001832814577971201,0.9966430738057336,0.8921809907683532,COMPLETE
114,0.009595617042034814,2024-10-19 12:01:50.931293,2024-10-19 12:02:50.666116,0 days 00:00:59.734823,0.05552943000508068,128,0.1,30,2.341681324573544e-05,16,0.00047118849600473917,0.9961690670494902,0.8836789577712648,COMPLETE
115,0.013453287830938281,2024-10-19 12:01:53.896898,2024-10-19 12:02:45.394100,0 days 00:00:51.497202,0.061900416486408025,128,0.1,30,3.5292495181958656e-05,16,0.0001709564108484775,0.9952349705151736,0.8369150774731154,COMPLETE
116,0.008678124201308942,2024-10-19 12:01:57.909882,2024-10-19 12:03:14.853919,0 days 00:01:16.944037,0.05449850002378457,128,0.1,30,2.2428310190711685e-05,16,0.0005726988074893053,0.9963597785215562,0.8948010901993432,COMPLETE
117,0.006843216352869795,2024-10-19 12:02:06.031640,2024-10-19 12:03:46.162919,0 days 00:01:40.131279,0.05936222814304113,128,0.1,30,2.26694370826535e-05,16,0.00047698962430792365,0.997033811902821,0.9170444115396107,COMPLETE
118,0.00897290129085867,2024-10-19 12:02:16.201295,2024-10-19 12:03:11.878185,0 days 00:00:55.676890,0.02423474380195302,128,0.1,30,2.2726617629305798e-05,16,0.0008546962814640044,0.9964501273107277,0.8912277110063875,COMPLETE
119,0.007863358309167777,2024-10-19 12:02:21.507229,2024-10-19 12:03:23.426012,0 days 00:01:01.918783,0.03870516314931862,128,0.1,30,1.3160474161829742e-05,16,0.00030182376927768783,0.9969761501095873,0.9046779347348342,COMPLETE
120,0.010116754750058354,2024-10-19 12:02:43.155738,2024-10-19 12:03:34.706458,0 days 00:00:51.550720,0.07637374462501811,128,0.1,30,1.3570251815035599e-05,16,0.00031738005628949425,0.9961215843573326,0.8773615650411838,COMPLETE
121,0.008589719302384544,2024-10-19 12:02:45.417350,2024-10-19 12:03:42.579521,0 days 00:00:57.162171,0.07384730598955577,128,0.1,30,1.3392574000793002e-05,8,0.00031130815221895223,0.9965527518141576,0.8958727617693907,COMPLETE
122,0.008206957888384535,2024-10-19 12:02:50.677407,2024-10-19 12:03:45.948507,0 days 00:00:55.271100,0.08042063026459575,128,0.1,30,1.6115457423582353e-05,8,0.0003114063565582936,0.9968108381917843,0.9005127141983367,COMPLETE
123,0.008199518245930884,2024-10-19 12:03:11.892397,2024-10-19 12:04:07.299553,0 days 00:00:55.407156,0.03970780772676312,128,0.1,30,1.3607823143838027e-05,8,0.0009443246002952831,0.996676185866051,0.9006028998487463,COMPLETE
124,0.012718404231769077,2024-10-19 12:03:14.872195,2024-10-19 12:04:05.070974,0 days 00:00:50.198779,0.037965898036741635,128,0.2,30,1.588681279827921e-05,8,0.0008077624928222598,0.9949311145902938,0.8458235641079717,COMPLETE
125,0.008567899505816877,2024-10-19 12:03:23.438320,2024-10-19 12:04:17.503921,0 days 00:00:54.065601,0.07724893944714849,128,0.2,30,1.3366276070512324e-05,8,0.0003113278319270058,0.9966259861541774,0.8961372681025271,COMPLETE
126,0.007155335217306222,2024-10-19 12:03:34.717657,2024-10-19 12:04:29.248878,0 days 00:00:54.531221,0.03924785896003929,128,0.2,30,1.5929086052684685e-05,8,0.0002955670190485606,0.9971402310174301,0.9132608099794972,COMPLETE
127,0.007013333879777877,2024-10-19 12:03:42.595377,2024-10-19 12:04:45.410992,0 days 00:01:02.815615,0.03987805950964173,128,0.1,30,1.5731981318172767e-05,8,0.0003941254588706342,0.9971184503818382,0.9149821941809314,COMPLETE
128,0.007313860925688677,2024-10-19 12:03:45.960952,2024-10-19 12:04:37.366818,0 days 00:00:51.405866,0.03877998360254665,128,0.2,30,1.0573135091319103e-05,8,0.0005209282506989797,0.9969902167987656,0.9113391122357963,COMPLETE
129,0.011065205483720388,2024-10-19 12:03:46.185511,2024-10-19 12:04:34.704932,0 days 00:00:48.519421,0.03920151633293745,128,0.2,30,3.282563869224611e-05,8,0.000370306600092528,0.9956790520171703,0.8658641514450717,COMPLETE
130,0.008278741778958655,2024-10-19 12:04:05.082624,2024-10-19 12:04:53.479448,0 days 00:00:48.396824,0.049641443480616616,128,0.1,30,2.882174714759674e-05,8,0.00037330197796921476,0.9967122147015733,0.8996425276402199,COMPLETE
131,0.008759414208201078,2024-10-19 12:04:17.515250,2024-10-19 12:05:06.595071,0 days 00:00:49.079821,0.051329100150740825,128,0.1,30,3.251497733795866e-05,16,0.00038998265177136147,0.9966651508674218,0.8938156675544989,COMPLETE
132,0.011007613158402213,2024-10-19 12:04:29.286207,2024-10-19 12:05:09.064582,0 days 00:00:39.778375,0.01897789097933323,128,0.2,30,3.0068742734531187e-05,8,0.00013171134382586493,0.9960610284911686,0.8665623034530187,COMPLETE
133,0.010451977858408219,2024-10-19 12:04:34.715982,2024-10-19 12:05:17.325859,0 days 00:00:42.609877,0.048982588206195686,128,0.2,30,1.6868265197326943e-05,16,0.0002443056418269897,0.9960080383694864,0.8732978866793237,COMPLETE
134,0.009500283777386384,2024-10-19 12:04:45.429961,2024-10-19 12:05:35.180472,0 days 00:00:49.750511,0.048759943254003776,128,0.2,30,1.0569508351192694e-05,8,0.0003826423237749048,0.9960766637471399,0.8848346171368268,COMPLETE
135,0.008704223481468229,2024-10-19 12:04:53.495262,2024-10-19 12:05:35.191182,0 days 00:00:41.695920,0.048104279470883984,128,0.2,30,1.0415541997377237e-05,8,0.0003957495639653671,0.9965223832862881,0.8944847066404487,COMPLETE
136,0.007635488492464243,2024-10-19 12:05:06.609575,2024-10-19 12:05:49.483928,0 days 00:00:42.874353,0.0453117614422344,128,0.2,30,1.0464285472443085e-05,8,0.0005141662867017096,0.9969349944088292,0.9074402432404063,COMPLETE
137,0.007981482598428841,2024-10-19 12:05:09.075183,2024-10-19 12:05:48.912916,0 days 00:00:39.837733,0.04577264556246687,128,0.2,30,1.032216964731941e-05,8,0.0005138508298278426,0.9966930110990904,0.9032459955089163,COMPLETE
138,0.007631779780762457,2024-10-19 12:05:17.336577,2024-10-19 12:05:59.999100,0 days 00:00:42.662523,0.04543852668668472,128,0.2,30,1.0243671176840693e-05,8,0.0004745872354014554,0.9966479371662065,0.9074852013925072,COMPLETE
139,0.007266272612622601,2024-10-19 12:06:00.005679,2024-10-19 12:06:17.207038,0 days 00:00:17.201359,0.04391891550177864,128,0.2,30,1.216164304455006e-05,8,0.00047309125186098197,0.9969914281408917,0.9119159925082692,COMPLETE
