number,value,datetime_start,datetime_complete,duration,params_alpha,params_batch_size,params_drop_out_rate,params_encoder_neurons_layer_1,params_epochs,params_lambda,params_latent_dim,params_learning_rate,params_num_layers_decoder,params_num_layers_encoder,params_optimizer,user_attrs_encoder_decoder_config,user_attrs_first_layer_neurons,user_attrs_model_summary,user_attrs_neurons_per_layer_decoder,user_attrs_neurons_per_layer_encoder,user_attrs_r2_feature_1,user_attrs_relative_deterioration,state
55,0.3832379459910066,2025-05-06 20:02:16.144908,2025-05-06 20:02:22.582333,0 days 00:00:06.437425,0.17088008975481167,128,0.30000000000000004,72,140,1.2504252920632503e-05,155,0.0007212233840078957,2,2,adam,"{'neurons_per_layer_encoder': [72, 144], 'neurons_per_layer_decoder': [144, 72]}",72,,"[144, 72]","[72, 144]",[0.3832379459910066],0.3820100595809153,COMPLETE
56,0.19598485674230526,2025-05-06 20:02:17.281911,2025-05-06 20:02:22.098207,0 days 00:00:04.816296,0.1824002050272317,120,0.30000000000000004,72,160,1.853771683697619e-06,299,0.0007942058888721881,2,3,adam,"{'neurons_per_layer_encoder': [72, 144, 288], 'neurons_per_layer_decoder': [288, 144]}",72,,"[288, 144]","[72, 144, 288]",[0.19598485674230526],0.23433682645085663,COMPLETE
57,0.3925946377730297,2025-05-06 20:02:20.400051,2025-05-06 20:02:27.760647,0 days 00:00:07.360596,0.16751940375291696,120,0.30000000000000004,80,140,2.328826065105004e-06,171,0.0005580400412641161,2,2,adam,"{'neurons_per_layer_encoder': [80, 160], 'neurons_per_layer_decoder': [160, 80]}",80,,"[160, 80]","[80, 160]",[0.3925946377730297],0.10792446166228169,COMPLETE
58,0.01948150444284047,2025-05-06 20:02:21.571364,2025-05-06 20:02:32.552609,0 days 00:00:10.981245,0.04928176557324973,24,0.2,216,160,1.1469227961814112e-05,1427,0.0005502965048535816,2,3,adam,"{'neurons_per_layer_encoder': [216, 432, 864], 'neurons_per_layer_decoder': [864, 432]}",216,,"[864, 432]","[216, 432, 864]",[0.01948150444284047],0.29126319144098745,COMPLETE
59,0.28613815536643794,2025-05-06 20:02:22.105895,2025-05-06 20:02:32.945597,0 days 00:00:10.839702,0.04882422975686131,24,0.2,184,140,2.436461648519399e-05,992,0.001525353823058251,2,3,adam,"{'neurons_per_layer_encoder': [184, 368, 736], 'neurons_per_layer_decoder': [736, 368]}",184,,"[736, 368]","[184, 368, 736]",[0.28613815536643794],0.50125055432759,COMPLETE
60,0.40870324743846487,2025-05-06 20:02:22.181483,2025-05-06 20:02:33.873629,0 days 00:00:11.692146,0.1673959593182692,32,0.2,212,140,0.00022252811727968292,500,0.0005364976159693961,3,2,adam,"{'neurons_per_layer_encoder': [212, 424], 'neurons_per_layer_decoder': [424, 212, 106]}",212,,"[424, 212, 106]","[212, 424]",[0.40870324743846487],0.8831048081429118,COMPLETE
61,0.02795455640953659,2025-05-06 20:02:22.590003,2025-05-06 20:02:30.033976,0 days 00:00:07.443973,0.10717716599325908,32,0.2,216,140,0.0003462813623611102,532,0.0005043031865136519,3,2,sgd,"{'neurons_per_layer_encoder': [216, 432], 'neurons_per_layer_decoder': [432, 216, 108]}",216,,"[432, 216, 108]","[216, 432]",[0.02795455640953659],0.9465424521336135,COMPLETE
62,-0.026870412921553344,2025-05-06 20:02:27.769865,2025-05-06 20:02:29.675095,0 days 00:00:01.905230,0.10638382655660539,32,0.30000000000000004,16,140,1.6957813436252515e-06,75,0.0005069203958059475,2,3,sgd,"{'neurons_per_layer_encoder': [16, 32, 64], 'neurons_per_layer_decoder': [64, 32]}",16,,"[64, 32]","[16, 32, 64]",[-0.026870412921553344],0.715473934553717,COMPLETE
63,0.2785665399646383,2025-05-06 20:02:29.684451,2025-05-06 20:02:35.552106,0 days 00:00:05.867655,0.05184588824741202,16,0.30000000000000004,116,80,2.5833075723885732e-06,304,0.0020579160414048382,2,2,adam,"{'neurons_per_layer_encoder': [116, 232], 'neurons_per_layer_decoder': [232, 116]}",116,,"[232, 116]","[116, 232]",[0.2785665399646383],-1.094330504313272,COMPLETE
64,0.2060108004568878,2025-05-06 20:02:30.043455,2025-05-06 20:02:35.552397,0 days 00:00:05.508942,0.19653703220132546,16,0.30000000000000004,156,120,2.4702961255735545e-06,401,0.0021917946591734037,2,2,adam,"{'neurons_per_layer_encoder': [156, 312], 'neurons_per_layer_decoder': [312, 156]}",156,,"[312, 156]","[156, 312]",[0.2060108004568878],-0.8820929306499503,COMPLETE
65,0.2069323527092738,2025-05-06 20:02:32.562049,2025-05-06 20:02:36.138181,0 days 00:00:03.576132,0.16548956333409534,72,0.2,152,120,2.410386219202717e-06,392,0.0025126358648993367,2,2,adam,"{'neurons_per_layer_encoder': [152, 304], 'neurons_per_layer_decoder': [304, 152]}",152,,"[304, 152]","[152, 304]",[0.2069323527092738],-1.2384943846704353,COMPLETE
66,0.11290815418323108,2025-05-06 20:02:32.954219,2025-05-06 20:02:35.863506,0 days 00:00:02.909287,0.18968566394042863,88,0.30000000000000004,204,160,6.197337542501935e-06,461,0.002243097876200649,2,2,adam,"{'neurons_per_layer_encoder': [204, 408], 'neurons_per_layer_decoder': [408, 204]}",204,,"[408, 204]","[204, 408]",[0.11290815418323108],-0.14351020938916856,COMPLETE
67,0.112819112647782,2025-05-06 20:02:33.882276,2025-05-06 20:02:39.556192,0 days 00:00:05.673916,0.1636043590854268,16,0.30000000000000004,204,120,2.42129877611225e-06,444,0.0023841330977488967,2,2,adam,"{'neurons_per_layer_encoder': [204, 408], 'neurons_per_layer_decoder': [408, 204]}",204,,"[408, 204]","[204, 408]",[0.112819112647782],-1.2678141793171374,COMPLETE
68,0.14064075722411984,2025-05-06 20:02:35.562498,2025-05-06 20:02:41.923164,0 days 00:00:06.360666,0.16411470181979898,88,0.1,204,120,0.0008493204297983216,453,0.0002517118599521292,3,2,adam,"{'neurons_per_layer_encoder': [204, 408], 'neurons_per_layer_decoder': [408, 204, 102]}",204,,"[408, 204, 102]","[204, 408]",[0.14064075722411984],0.9588486823209449,COMPLETE
69,0.04668261424076825,2025-05-06 20:02:35.562650,2025-05-06 20:02:38.113993,0 days 00:00:02.551343,0.16331107184473506,80,0.1,84,120,7.622401417723415e-06,178,0.00025383340681902223,3,2,adam,"{'neurons_per_layer_encoder': [84, 168], 'neurons_per_layer_decoder': [168, 84, 42]}",84,,"[168, 84, 42]","[84, 168]",[0.04668261424076825],-0.2938954485873469,COMPLETE
70,0.29858590447747246,2025-05-06 20:02:35.873721,2025-05-06 20:02:40.645977,0 days 00:00:04.772256,0.15998911166193275,40,0.1,60,120,7.729049519061921e-06,131,0.0002278920681481131,3,2,adam,"{'neurons_per_layer_encoder': [60, 120], 'neurons_per_layer_decoder': [120, 60, 30]}",60,,"[120, 60, 30]","[60, 120]",[0.29858590447747246],-0.4349066851937523,COMPLETE
71,-0.006944178228636355,2025-05-06 20:02:36.146885,2025-05-06 20:02:39.671857,0 days 00:00:03.524972,0.1417955982372012,104,0.1,40,140,3.793336188519172e-06,941,0.0002384595916650626,3,5,adam,"{'neurons_per_layer_encoder': [40, 80, 160, 320, 640], 'neurons_per_layer_decoder': [640, 320, 160]}",40,,"[640, 320, 160]","[40, 80, 160, 320, 640]",[-0.006944178228636355],0.12850554204615244,COMPLETE
72,0.06989937158287052,2025-05-06 20:02:38.122155,2025-05-06 20:02:47.854773,0 days 00:00:09.732618,0.13691717442843948,40,0.1,24,140,0.0009306526642436924,434,0.0003131496370816925,2,5,adam,"{'neurons_per_layer_encoder': [24, 48, 96, 192, 384], 'neurons_per_layer_decoder': [384, 192]}",24,,"[384, 192]","[24, 48, 96, 192, 384]",[0.06989937158287052],0.9445612387583855,COMPLETE
73,-0.05674224238098069,2025-05-06 20:02:39.564060,2025-05-06 20:02:43.028949,0 days 00:00:03.464889,0.13690982753517494,40,0.2,24,140,3.736989393947517e-06,553,0.00032323861532981824,4,5,adadelta,"{'neurons_per_layer_encoder': [24, 48, 96, 192, 384], 'neurons_per_layer_decoder': [384, 192, 96, 48]}",24,,"[384, 192, 96, 48]","[24, 48, 96, 192, 384]",[-0.05674224238098069],0.6531523926017335,COMPLETE
74,-0.0247793155826197,2025-05-06 20:02:39.679156,2025-05-06 20:02:44.045919,0 days 00:00:04.366763,0.13784370096572818,40,0.2,24,180,9.351963345388826e-06,67,0.0003054329854799694,4,2,adadelta,"{'neurons_per_layer_encoder': [24, 48], 'neurons_per_layer_decoder': [48, 24, 12, 8]}",24,,"[48, 24, 12, 8]","[24, 48]",[-0.0247793155826197],0.6544167631232602,COMPLETE
75,0.01020419601746314,2025-05-06 20:02:40.653427,2025-05-06 20:02:43.072544,0 days 00:00:02.419117,0.13704594990285912,40,0.2,24,160,0.00018832812629637538,66,0.00036187815078358434,3,2,adam,"{'neurons_per_layer_encoder': [24, 48], 'neurons_per_layer_decoder': [48, 24, 12]}",24,,"[48, 24, 12]","[24, 48]",[0.01020419601746314],0.5901447647628527,COMPLETE
76,0.2192678966686753,2025-05-06 20:02:41.931753,2025-05-06 20:02:56.343083,0 days 00:00:14.411330,0.13489931263021251,32,0.2,180,180,0.0002476141466067657,525,0.0003434662960709803,4,2,adam,"{'neurons_per_layer_encoder': [180, 360], 'neurons_per_layer_decoder': [360, 180, 90, 45]}",180,,"[360, 180, 90, 45]","[180, 360]",[0.2192678966686753],0.8751893687510965,COMPLETE
77,0.3951285957464804,2025-05-06 20:02:43.037076,2025-05-06 20:02:57.604065,0 days 00:00:14.566989,0.19983968295490812,32,0.2,176,180,0.0001687790645701281,513,0.00042811899226803755,3,2,adam,"{'neurons_per_layer_encoder': [176, 352], 'neurons_per_layer_decoder': [352, 176, 88]}",176,,"[352, 176, 88]","[176, 352]",[0.3951285957464804],0.8381173480624999,COMPLETE
78,0.4865239287020835,2025-05-06 20:02:43.087408,2025-05-06 20:02:55.567214,0 days 00:00:12.479806,0.18043315952437688,32,0.2,224,180,0.0005402707740234658,747,0.006798541237986156,3,2,adam,"{'neurons_per_layer_encoder': [224, 448], 'neurons_per_layer_decoder': [448, 224, 112]}",224,,"[448, 224, 112]","[224, 448]",[0.4865239287020835],0.36960037154808806,COMPLETE
79,0.315567174080305,2025-05-06 20:02:44.055560,2025-05-06 20:02:57.197008,0 days 00:00:13.141448,0.19986497668254355,32,0.2,184,160,0.0004833598494537921,617,0.0012120571977989008,3,2,adam,"{'neurons_per_layer_encoder': [184, 368], 'neurons_per_layer_decoder': [368, 184, 92]}",184,,"[368, 184, 92]","[184, 368]",[0.315567174080305],0.0421317385070132,COMPLETE
80,0.5384069683716506,2025-05-06 20:02:47.864524,2025-05-06 20:03:08.799816,0 days 00:00:20.935292,0.187013771830487,32,0.2,228,160,0.000630937256006338,1155,0.00045158787040243013,3,3,adam,"{'neurons_per_layer_encoder': [228, 456, 912], 'neurons_per_layer_decoder': [912, 456, 228]}",228,,"[912, 456, 228]","[228, 456, 912]",[0.5384069683716506],0.8982476906908347,COMPLETE
81,0.22581604750580275,2025-05-06 20:02:55.576475,2025-05-06 20:03:00.106168,0 days 00:00:04.529693,0.19896761661102363,32,0.4,232,200,5.341590101717446e-06,715,0.0070024307632854,3,2,adam,"{'neurons_per_layer_encoder': [232, 464], 'neurons_per_layer_decoder': [464, 232, 116]}",232,,"[464, 232, 116]","[232, 464]",[0.22581604750580275],0.16991094035076426,COMPLETE
82,0.18593109937773467,2025-05-06 20:02:56.352379,2025-05-06 20:03:08.472131,0 days 00:00:12.119752,0.19021300515098824,24,0.4,224,200,0.0006376744097890677,921,0.007271379344642901,3,3,sgd,"{'neurons_per_layer_encoder': [224, 448, 896], 'neurons_per_layer_decoder': [896, 448, 224]}",224,,"[896, 448, 224]","[224, 448, 896]",[0.18593109937773467],0.987778687550924,COMPLETE
83,-0.3337701818468608,2025-05-06 20:02:57.207910,2025-05-06 20:03:00.484705,0 days 00:00:03.276795,0.03755488178532212,24,0.4,224,200,0.0006239663001014336,922,0.006093582470079152,3,3,sgd,"{'neurons_per_layer_encoder': [224, 448, 896], 'neurons_per_layer_decoder': [896, 448, 224]}",224,,"[896, 448, 224]","[224, 448, 896]",[-0.3337701818468608],0.980124387579219,COMPLETE
84,0.06787428328712364,2025-05-06 20:02:57.613439,2025-05-06 20:03:06.707225,0 days 00:00:09.093786,0.11511928111658952,24,0.2,224,200,0.0006723054282606174,1168,0.005400954051757326,3,3,sgd,"{'neurons_per_layer_encoder': [224, 448, 896], 'neurons_per_layer_decoder': [896, 448, 224]}",224,,"[896, 448, 224]","[224, 448, 896]",[0.06787428328712364],0.9871904929377309,COMPLETE
85,-0.13978476119838312,2025-05-06 20:03:00.115806,2025-05-06 20:03:09.155082,0 days 00:00:09.039276,0.18714791925076704,24,0.2,216,200,0.0006058547660643548,942,0.006818854470420801,3,3,adam,"{'neurons_per_layer_encoder': [216, 432, 864], 'neurons_per_layer_decoder': [864, 432, 216]}",216,,"[864, 432, 216]","[216, 432, 864]",[-0.13978476119838312],0.5580311178451837,COMPLETE
86,0.5891499384539497,2025-05-06 20:03:00.494144,2025-05-06 20:03:08.938774,0 days 00:00:08.444630,0.18176878140125174,32,0.2,12,180,0.00013411440890432903,37,0.0004328100488874419,3,2,adam,"{'neurons_per_layer_encoder': [12, 24], 'neurons_per_layer_decoder': [24, 12, 8]}",12,,"[24, 12, 8]","[12, 24]",[0.5891499384539497],0.6837721505282742,COMPLETE
87,-0.2043959654124523,2025-05-06 20:03:06.716588,2025-05-06 20:03:18.991936,0 days 00:00:12.275348,0.18155726778819786,48,0.2,212,180,0.00044679732006970444,705,0.0004486732791445669,3,2,adam,"{'neurons_per_layer_encoder': [212, 424], 'neurons_per_layer_decoder': [424, 212, 106]}",212,,"[424, 212, 106]","[212, 424]",[-0.2043959654124523],0.6185485090021862,COMPLETE
88,-0.04336376512938256,2025-05-06 20:03:08.480634,2025-05-06 20:03:11.188234,0 days 00:00:02.707600,0.17906711531396313,32,0.2,168,180,6.236984938396663e-05,561,0.0004446049174638458,2,2,adam,"{'neurons_per_layer_encoder': [168, 336], 'neurons_per_layer_decoder': [336, 168]}",168,,"[336, 168]","[168, 336]",[-0.04336376512938256],0.6215183428906467,COMPLETE
89,0.4567676195589365,2025-05-06 20:03:08.810813,2025-05-06 20:03:28.141839,0 days 00:00:19.331026,0.181071897203501,32,0.2,168,180,0.0003639610586966853,1051,0.0004536260871428848,3,3,adam,"{'neurons_per_layer_encoder': [168, 336, 672], 'neurons_per_layer_decoder': [672, 336, 168]}",168,,"[672, 336, 168]","[168, 336, 672]",[0.4567676195589365],0.8923286260123237,COMPLETE
90,0.054243335895259204,2025-05-06 20:03:08.946619,2025-05-06 20:03:16.519521,0 days 00:00:07.572902,0.15211363407911266,48,0.2,12,180,0.000444482905095826,69,0.0008773917004835711,3,3,adam,"{'neurons_per_layer_encoder': [12, 24, 48], 'neurons_per_layer_decoder': [48, 24, 12]}",12,,"[48, 24, 12]","[12, 24, 48]",[0.054243335895259204],0.4960647543811866,COMPLETE
91,-0.30131701028773783,2025-05-06 20:03:09.162791,2025-05-06 20:03:16.569722,0 days 00:00:07.406931,0.15013943377541977,48,0.2,12,180,0.0003907678126357906,108,0.00045025730095895965,3,4,adam,"{'neurons_per_layer_encoder': [12, 24, 48, 96], 'neurons_per_layer_decoder': [96, 48, 24]}",12,,"[96, 48, 24]","[12, 24, 48, 96]",[-0.30131701028773783],0.7181902599922796,COMPLETE
92,-0.27813292428554637,2025-05-06 20:03:11.195922,2025-05-06 20:03:20.102998,0 days 00:00:08.907076,0.14853931097850448,48,0.2,12,180,0.0004922241249802749,108,0.0009224483550144351,3,4,adam,"{'neurons_per_layer_encoder': [12, 24, 48, 96], 'neurons_per_layer_decoder': [96, 48, 24]}",12,,"[96, 48, 24]","[12, 24, 48, 96]",[-0.27813292428554637],0.3954428159787569,COMPLETE
93,-0.13883158920364402,2025-05-06 20:03:16.529093,2025-05-06 20:03:35.743512,0 days 00:00:19.214419,0.15181607649447698,16,0.2,252,160,0.00012048908896780265,2088,1.337321863666193e-05,3,4,adam,"{'neurons_per_layer_encoder': [252, 504, 1008, 2016], 'neurons_per_layer_decoder': [2016, 1008, 504]}",252,,"[2016, 1008, 504]","[252, 504, 1008, 2016]",[-0.13883158920364402],0.9626300186883733,COMPLETE
94,-0.023324539058314775,2025-05-06 20:03:16.588205,2025-05-06 20:03:19.947076,0 days 00:00:03.358871,0.11510196741164996,32,0.2,40,160,0.00013794431374840636,276,0.00019081054547952323,3,3,adam,"{'neurons_per_layer_encoder': [40, 80, 160], 'neurons_per_layer_decoder': [160, 80, 40]}",40,,"[160, 80, 40]","[40, 80, 160]",[-0.023324539058314775],0.7573626635041301,COMPLETE
95,0.3432287725464618,2025-05-06 20:03:19.001161,2025-05-06 20:03:37.938324,0 days 00:00:18.937163,0.11604996464244513,32,0.2,236,160,0.00013515867565589093,758,0.0006067078870899175,3,2,adam,"{'neurons_per_layer_encoder': [236, 472], 'neurons_per_layer_decoder': [472, 236, 118]}",236,,"[472, 236, 118]","[236, 472]",[0.3432287725464618],0.7797624078018226,COMPLETE
96,0.41906150548095955,2025-05-06 20:03:19.959978,2025-05-06 20:03:41.469591,0 days 00:00:21.509613,0.17626979461229758,32,0.2,236,180,0.00011235404607864787,765,0.0006126539909060059,5,2,adam,"{'neurons_per_layer_encoder': [236, 472], 'neurons_per_layer_decoder': [472, 236, 118, 59, 29]}",236,,"[472, 236, 118, 59, 29]","[236, 472]",[0.41906150548095955],0.8259790924485402,COMPLETE
97,0.10513566176879086,2025-05-06 20:03:20.115488,2025-05-06 20:03:40.996951,0 days 00:00:20.881463,0.17870902596723826,32,0.2,252,160,0.00023153057327402274,781,0.003064159353015788,5,2,adam,"{'neurons_per_layer_encoder': [252, 504], 'neurons_per_layer_decoder': [504, 252, 126, 63, 31]}",252,,"[504, 252, 126, 63, 31]","[252, 504]",[0.10513566176879086],-0.40487098615513245,COMPLETE
98,0.46152745526924965,2025-05-06 20:03:28.155446,2025-05-06 20:03:49.714226,0 days 00:00:21.558780,0.17794606245473266,32,0.2,196,160,0.0003169295467766241,1118,0.0006007542892972633,3,3,adam,"{'neurons_per_layer_encoder': [196, 392, 784], 'neurons_per_layer_decoder': [784, 392, 196]}",196,,"[784, 392, 196]","[196, 392, 784]",[0.46152745526924965],0.8340854714185001,COMPLETE
99,0.369316798151626,2025-05-06 20:03:35.754718,2025-05-06 20:03:54.541603,0 days 00:00:18.786885,0.1748072013958427,32,0.2,232,160,3.500446128100758e-05,1060,0.0005662306746983135,5,3,adam,"{'neurons_per_layer_encoder': [232, 464, 928], 'neurons_per_layer_decoder': [928, 464, 232, 116, 58]}",232,,"[928, 464, 232, 116, 58]","[232, 464, 928]",[0.369316798151626],0.8329799970487013,COMPLETE
100,0.44341301289430346,2025-05-06 20:03:37.947640,2025-05-06 20:03:57.074430,0 days 00:00:19.126790,0.028584237966457635,40,0.2,140,180,0.000248989850706211,1042,0.003762092110963824,5,3,adam,"{'neurons_per_layer_encoder': [140, 280, 560], 'neurons_per_layer_decoder': [560, 280, 140, 70, 35]}",140,,"[560, 280, 140, 70, 35]","[140, 280, 560]",[0.44341301289430346],0.06283179134414468,COMPLETE
101,0.34134681969922565,2025-05-06 20:03:41.006625,2025-05-06 20:03:58.973861,0 days 00:00:17.967236,0.17312020474608392,40,0.2,144,180,3.3495780922228023e-05,1028,0.008690642170659317,3,3,adam,"{'neurons_per_layer_encoder': [144, 288, 576], 'neurons_per_layer_decoder': [576, 288, 144]}",144,,"[576, 288, 144]","[144, 288, 576]",[0.34134681969922565],-0.5213838234112433,COMPLETE
102,-0.9214833440684869,2025-05-06 20:03:41.479502,2025-05-06 20:03:57.362043,0 days 00:00:15.882541,0.025187638927820534,24,0.2,196,180,0.00028745397912340395,1096,0.008177300990099955,5,3,adam,"{'neurons_per_layer_encoder': [196, 392, 784], 'neurons_per_layer_decoder': [784, 392, 196, 98, 49]}",196,,"[784, 392, 196, 98, 49]","[196, 392, 784]",[-0.9214833440684869],-0.5565846002551385,COMPLETE
103,0.01483251363489213,2025-05-06 20:03:49.723434,2025-05-06 20:04:04.604143,0 days 00:00:14.880709,0.18692366535580426,24,0.2,196,180,0.00033512971947402775,1138,0.008133807997962485,5,3,adam,"{'neurons_per_layer_encoder': [196, 392, 784], 'neurons_per_layer_decoder': [784, 392, 196, 98, 49]}",196,,"[784, 392, 196, 98, 49]","[196, 392, 784]",[0.01483251363489213],0.23141763406323743,COMPLETE
104,0.1488668863266317,2025-05-06 20:03:54.551288,2025-05-06 20:04:14.144006,0 days 00:00:19.592718,0.18492123858682236,40,0.1,244,180,0.0003181513440917107,1142,0.0036759654870020067,5,3,adam,"{'neurons_per_layer_encoder': [244, 488, 976], 'neurons_per_layer_decoder': [976, 488, 244, 122, 61]}",244,,"[976, 488, 244, 122, 61]","[244, 488, 976]",[0.1488668863266317],-0.263361116886767,COMPLETE
105,-0.07431340976227396,2025-05-06 20:03:57.084519,2025-05-06 20:04:07.023231,0 days 00:00:09.938712,0.020439463508929452,40,0.2,196,180,0.0002905440552618464,1134,0.009145672849854219,5,3,adam,"{'neurons_per_layer_encoder': [196, 392, 784], 'neurons_per_layer_decoder': [784, 392, 196, 98, 49]}",196,,"[784, 392, 196, 98, 49]","[196, 392, 784]",[-0.07431340976227396],0.21568492604571818,COMPLETE
106,0.22604495813036607,2025-05-06 20:03:57.370561,2025-05-06 20:04:14.806103,0 days 00:00:17.435542,0.03570147177358145,40,0.2,144,180,0.0003799431624446264,1026,0.004100122682878908,5,3,adam,"{'neurons_per_layer_encoder': [144, 288, 576], 'neurons_per_layer_decoder': [576, 288, 144, 72, 36]}",144,,"[576, 288, 144, 72, 36]","[144, 288, 576]",[0.22604495813036607],-0.052184448719669776,COMPLETE
107,0.36611527951393363,2025-05-06 20:03:58.983837,2025-05-06 20:04:15.777746,0 days 00:00:16.793909,0.01868237936294649,40,0.2,136,180,0.0007223064426493152,1027,0.005060114847662246,5,3,adam,"{'neurons_per_layer_encoder': [136, 272, 544], 'neurons_per_layer_decoder': [544, 272, 136, 68, 34]}",136,,"[544, 272, 136, 68, 34]","[136, 272, 544]",[0.36611527951393363],0.3489727291214027,COMPLETE
108,0.39136857305936357,2025-05-06 20:04:04.613753,2025-05-06 20:04:22.557272,0 days 00:00:17.943519,0.02020229203484114,40,0.2,124,180,9.954812000546958e-05,960,0.0034533531786588127,5,3,adam,"{'neurons_per_layer_encoder': [124, 248, 496], 'neurons_per_layer_decoder': [496, 248, 124, 62, 31]}",124,,"[496, 248, 124, 62, 31]","[124, 248, 496]",[0.39136857305936357],-0.0811071671381726,COMPLETE
109,-0.6098733270148184,2025-05-06 20:04:07.032928,2025-05-06 20:04:21.488737,0 days 00:00:14.455809,0.03282381323647421,16,0.2,128,160,9.616464973315081e-05,872,0.004205422792913019,5,3,adam,"{'neurons_per_layer_encoder': [128, 256, 512], 'neurons_per_layer_decoder': [512, 256, 128, 64, 32]}",128,,"[512, 256, 128, 64, 32]","[128, 256, 512]",[-0.6098733270148184],-0.3772966466086012,COMPLETE
110,-3.2173009354196367,2025-05-06 20:04:14.155175,2025-05-06 20:04:32.009550,0 days 00:00:17.854375,0.035168618264202624,16,0.2,124,160,0.0007559888049656198,848,0.004619714158670984,5,3,adam,"{'neurons_per_layer_encoder': [124, 248, 496], 'neurons_per_layer_decoder': [496, 248, 124, 62, 31]}",124,,"[496, 248, 124, 62, 31]","[124, 248, 496]",[-3.2173009354196367],-2.6322999380239303,COMPLETE
