number,value,datetime_start,datetime_complete,duration,params_alpha,params_batch_size,params_drop_out_rate,params_encoder_neurons_layer_1,params_epochs,params_lambda,params_latent_dim,params_learning_rate,params_num_layers_decoder,params_num_layers_encoder,params_optimizer,user_attrs_encoder_decoder_config,user_attrs_first_layer_neurons,user_attrs_model_summary,user_attrs_neurons_per_layer_decoder,user_attrs_neurons_per_layer_encoder,user_attrs_r2_feature_1,user_attrs_relative_deterioration,state
167,0.28874762679968213,2025-05-06 20:07:31.277773,2025-05-06 20:07:40.984827,0 days 00:00:09.707054,0.1986935833282944,32,0.2,216,60,0.00013337654031567197,1123,0.00033107303339935715,3,3,adam,"{'neurons_per_layer_encoder': [216, 432, 864], 'neurons_per_layer_decoder': [864, 432, 216]}",216,,"[864, 432, 216]","[216, 432, 864]",[0.28874762679968213],0.9440631230930504,COMPLETE
168,-0.034852958794021616,2025-05-06 20:07:37.894986,2025-05-06 20:07:42.887174,0 days 00:00:04.992188,0.15682420844344613,40,0.2,212,60,6.2955428018228475e-06,1004,0.00027976590239607184,3,3,adam,"{'neurons_per_layer_encoder': [212, 424, 848], 'neurons_per_layer_decoder': [848, 424, 212]}",212,,"[848, 424, 212]","[212, 424, 848]",[-0.034852958794021616],0.28596389218799306,COMPLETE
169,0.05700425171936152,2025-05-06 20:07:38.097521,2025-05-06 20:07:45.119384,0 days 00:00:07.021863,0.08132496959400527,40,0.2,212,160,6.267935635651199e-06,1114,0.00031508614903184005,3,3,adam,"{'neurons_per_layer_encoder': [212, 424, 848], 'neurons_per_layer_decoder': [848, 424, 212]}",212,,"[848, 424, 212]","[212, 424, 848]",[0.05700425171936152],0.24854323637349238,COMPLETE
170,0.2976707505652345,2025-05-06 20:07:38.524399,2025-05-06 20:07:59.200484,0 days 00:00:20.676085,0.010017175196680383,40,0.2,216,160,5.518004414413118e-06,990,0.0004062159555616188,3,3,adam,"{'neurons_per_layer_encoder': [216, 432, 864], 'neurons_per_layer_decoder': [864, 432, 216]}",216,,"[864, 432, 216]","[216, 432, 864]",[0.2976707505652345],0.18369702576071345,COMPLETE
171,0.19712190798067375,2025-05-06 20:07:39.450037,2025-05-06 20:08:06.051089,0 days 00:00:26.601052,0.19728261365133232,40,0.2,168,160,1.4357031840881263e-06,1372,0.00034447468528834977,3,4,adam,"{'neurons_per_layer_encoder': [168, 336, 672, 1344], 'neurons_per_layer_decoder': [1344, 672, 336]}",168,,"[1344, 672, 336]","[168, 336, 672, 1344]",[0.19712190798067375],-0.3916897016845306,COMPLETE
172,0.40594022927587536,2025-05-06 20:07:40.995517,2025-05-06 20:08:18.701912,0 days 00:00:37.706395,0.18001015095385745,40,0.2,160,160,0.00021147323207098276,1304,0.0004362809009074766,3,4,adam,"{'neurons_per_layer_encoder': [160, 320, 640, 1280], 'neurons_per_layer_decoder': [1280, 640, 320]}",160,,"[1280, 640, 320]","[160, 320, 640, 1280]",[0.40594022927587536],0.9431270002843942,COMPLETE
173,-0.018127095910305258,2025-05-06 20:07:42.897559,2025-05-06 20:08:38.074628,0 days 00:00:55.177069,0.1461110228792719,24,0.2,204,160,0.0005869715031902372,1656,0.000427739915787965,3,4,adam,"{'neurons_per_layer_encoder': [204, 408, 816, 1632], 'neurons_per_layer_decoder': [1632, 816, 408]}",204,,"[1632, 816, 408]","[204, 408, 816, 1632]",[-0.018127095910305258],0.6040176431398773,COMPLETE
174,-0.03174651534213946,2025-05-06 20:07:45.131389,2025-05-06 20:08:32.416810,0 days 00:00:47.285421,0.18662130265001903,24,0.2,164,160,0.000360472718939105,1341,0.000426840029520094,3,4,adam,"{'neurons_per_layer_encoder': [164, 328, 656, 1312], 'neurons_per_layer_decoder': [1312, 656, 328]}",164,,"[1312, 656, 328]","[164, 328, 656, 1312]",[-0.03174651534213946],0.726144352812272,COMPLETE
175,0.2768343546639014,2025-05-06 20:07:59.218870,2025-05-06 20:08:19.479049,0 days 00:00:20.260179,0.180088314706645,40,0.2,156,100,0.00022335546523415654,1073,0.0006641517120235996,3,3,adam,"{'neurons_per_layer_encoder': [156, 312, 624], 'neurons_per_layer_decoder': [624, 312, 156]}",156,,"[624, 312, 156]","[156, 312, 624]",[0.2768343546639014],0.9044207716215142,COMPLETE
176,0.2628990760731398,2025-05-06 20:08:06.066022,2025-05-06 20:08:25.129530,0 days 00:00:19.063508,0.026304764174898014,48,0.2,156,100,0.00021883540524572284,1071,0.0006882129388111899,3,3,adam,"{'neurons_per_layer_encoder': [156, 312, 624], 'neurons_per_layer_decoder': [624, 312, 156]}",156,,"[624, 312, 156]","[156, 312, 624]",[0.2628990760731398],0.9027762547558527,COMPLETE
177,0.38367278392514625,2025-05-06 20:08:18.717859,2025-05-06 20:08:45.058398,0 days 00:00:26.340539,0.1781728585253549,32,0.2,136,180,0.0005868829324938854,1072,0.0006750904815845009,3,3,adam,"{'neurons_per_layer_encoder': [136, 272, 544], 'neurons_per_layer_decoder': [544, 272, 136]}",136,,"[544, 272, 136]","[136, 272, 544]",[0.38367278392514625],0.6316621910031597,COMPLETE
178,0.5422993101681013,2025-05-06 20:08:19.504564,2025-05-06 20:08:45.200511,0 days 00:00:25.695947,0.14287635884440333,32,0.2,140,180,0.00035867310202279283,1095,0.0008727474859775775,3,3,adam,"{'neurons_per_layer_encoder': [140, 280, 560], 'neurons_per_layer_decoder': [560, 280, 140]}",140,,"[560, 280, 140]","[140, 280, 560]",[0.5422993101681013],0.6773378440996309,COMPLETE
179,0.563766298029478,2025-05-06 20:08:25.141361,2025-05-06 20:08:49.740743,0 days 00:00:24.599382,0.01743559868510622,32,0.2,140,180,0.0005688211568343551,1091,0.0008811193447000622,3,3,adam,"{'neurons_per_layer_encoder': [140, 280, 560], 'neurons_per_layer_decoder': [560, 280, 140]}",140,,"[560, 280, 140]","[140, 280, 560]",[0.563766298029478],0.6355232400058218,COMPLETE
180,0.6154658759505114,2025-05-06 20:08:32.435136,2025-05-06 20:08:55.717458,0 days 00:00:23.282322,0.14259429125092998,32,0.2,204,180,0.0005569320194741726,1263,0.0008462622881777141,2,3,adam,"{'neurons_per_layer_encoder': [204, 408, 816], 'neurons_per_layer_decoder': [816, 408]}",204,,"[816, 408]","[204, 408, 816]",[0.6154658759505114],0.5392408463070649,COMPLETE
181,0.10512626538454095,2025-05-06 20:08:38.089609,2025-05-06 20:08:51.874544,0 days 00:00:13.784935,0.09933488660195999,32,0.2,132,180,0.0002697882516016672,1022,0.0074015478880893005,2,3,adam,"{'neurons_per_layer_encoder': [132, 264, 528], 'neurons_per_layer_decoder': [528, 264]}",132,,"[528, 264]","[132, 264, 528]",[0.10512626538454095],0.22955304882412608,COMPLETE
182,0.48857676268906547,2025-05-06 20:08:45.070831,2025-05-06 20:08:57.356186,0 days 00:00:12.285355,0.09499039247359951,32,0.4,36,180,0.00025364408833928866,267,0.0013482105874346741,2,3,adam,"{'neurons_per_layer_encoder': [36, 72, 144], 'neurons_per_layer_decoder': [144, 72]}",36,,"[144, 72]","[36, 72, 144]",[0.48857676268906547],0.7309852496141273,COMPLETE
183,0.5216178174507633,2025-05-06 20:08:45.210396,2025-05-06 20:09:06.043475,0 days 00:00:20.833079,0.13284456305280667,32,0.4,140,200,0.00028241924327460094,1100,0.0008804243147356502,3,3,adam,"{'neurons_per_layer_encoder': [140, 280, 560], 'neurons_per_layer_decoder': [560, 280, 140]}",140,,"[560, 280, 140]","[140, 280, 560]",[0.5216178174507633],0.8547898816683412,COMPLETE
184,0.34447483789160327,2025-05-06 20:08:49.752941,2025-05-06 20:09:05.551698,0 days 00:00:15.798757,0.018034328736578047,32,0.2,152,180,2.3520544677564694e-05,1098,0.0008819784536416077,3,3,adam,"{'neurons_per_layer_encoder': [152, 304, 608], 'neurons_per_layer_decoder': [608, 304, 152]}",152,,"[608, 304, 152]","[152, 304, 608]",[0.34447483789160327],0.624485561167499,COMPLETE
185,0.5018887873972828,2025-05-06 20:08:51.884938,2025-05-06 20:09:11.677979,0 days 00:00:19.793041,0.011265434965890983,32,0.2,140,180,0.00045859777089488584,1099,0.000847998762557353,3,3,adam,"{'neurons_per_layer_encoder': [140, 280, 560], 'neurons_per_layer_decoder': [560, 280, 140]}",140,,"[560, 280, 140]","[140, 280, 560]",[0.5018887873972828],0.612856173990733,COMPLETE
186,0.5240026038898238,2025-05-06 20:08:55.730778,2025-05-06 20:09:15.144859,0 days 00:00:19.414081,0.13093531513077644,32,0.2,176,180,0.0006768251169024354,1255,0.0009039420430969183,3,3,adam,"{'neurons_per_layer_encoder': [176, 352, 704], 'neurons_per_layer_decoder': [704, 352, 176]}",176,,"[704, 352, 176]","[176, 352, 704]",[0.5240026038898238],0.4140961532974544,COMPLETE
187,0.520907598389907,2025-05-06 20:08:57.367272,2025-05-06 20:09:09.857616,0 days 00:00:12.490344,0.14306575638018285,32,0.4,28,180,0.00047326547676719246,209,0.0011629004321271623,2,3,adam,"{'neurons_per_layer_encoder': [28, 56, 112], 'neurons_per_layer_decoder': [112, 56]}",28,,"[112, 56]","[28, 56, 112]",[0.520907598389907],0.7938776597209423,COMPLETE
188,0.47417106303252,2025-05-06 20:09:05.561629,2025-05-06 20:09:16.452664,0 days 00:00:10.891035,0.1252759273120162,32,0.4,40,180,0.00043641047149492376,268,0.001353406204572852,2,3,adam,"{'neurons_per_layer_encoder': [40, 80, 160], 'neurons_per_layer_decoder': [160, 80]}",40,,"[160, 80]","[40, 80, 160]",[0.47417106303252],0.7261203510031388,COMPLETE
189,0.4749815082303489,2025-05-06 20:09:06.055829,2025-05-06 20:09:24.854522,0 days 00:00:18.798693,0.13039162516358116,32,0.2,140,200,0.00046174321975544857,630,0.0012116554277946858,2,3,adam,"{'neurons_per_layer_encoder': [140, 280, 560], 'neurons_per_layer_decoder': [560, 280]}",140,,"[560, 280]","[140, 280, 560]",[0.4749815082303489],-0.007763289024838465,COMPLETE
190,0.5097996185232547,2025-05-06 20:09:09.867891,2025-05-06 20:09:21.599800,0 days 00:00:11.731909,0.12859959065861706,32,0.4,32,200,0.00046155949392225965,230,0.0007590605925196168,2,3,adam,"{'neurons_per_layer_encoder': [32, 64, 128], 'neurons_per_layer_decoder': [128, 64]}",32,,"[128, 64]","[32, 64, 128]",[0.5097996185232547],0.8360370515928127,COMPLETE
191,0.125833294516298,2025-05-06 20:09:11.687705,2025-05-06 20:09:32.082663,0 days 00:00:20.394958,0.13202896717979737,24,0.4,140,200,0.00045736339616241463,638,0.000969351205965187,2,3,adam,"{'neurons_per_layer_encoder': [140, 280, 560], 'neurons_per_layer_decoder': [560, 280]}",140,,"[560, 280]","[140, 280, 560]",[0.125833294516298],0.2406979153115704,COMPLETE
192,0.4023798528610817,2025-05-06 20:09:15.155991,2025-05-06 20:09:31.092696,0 days 00:00:15.936705,0.13018088040223227,32,0.2,136,200,0.000730796189917976,655,0.0012063813193571367,2,3,adam,"{'neurons_per_layer_encoder': [136, 272, 544], 'neurons_per_layer_decoder': [544, 272]}",136,,"[544, 272]","[136, 272, 544]",[0.4023798528610817],0.2657984538026022,COMPLETE
193,0.0517517815477867,2025-05-06 20:09:16.462428,2025-05-06 20:09:35.037422,0 days 00:00:18.574994,0.12795614949147469,24,0.4,140,200,0.0008051935500224691,622,0.0011265607425893281,2,3,adam,"{'neurons_per_layer_encoder': [140, 280, 560], 'neurons_per_layer_decoder': [560, 280]}",140,,"[560, 280]","[140, 280, 560]",[0.0517517815477867],0.12600301461622365,COMPLETE
194,0.341790712203202,2025-05-06 20:09:21.610863,2025-05-06 20:09:33.869748,0 days 00:00:12.258885,0.13178525591476972,24,0.4,36,200,0.0006808286642900714,195,0.0011949245502855515,2,3,adam,"{'neurons_per_layer_encoder': [36, 72, 144], 'neurons_per_layer_decoder': [144, 72]}",36,,"[144, 72]","[36, 72, 144]",[0.341790712203202],0.3420172975461026,COMPLETE
195,0.4229781811578327,2025-05-06 20:09:24.864816,2025-05-06 20:09:35.929715,0 days 00:00:11.064899,0.12169034427483251,24,0.4,36,200,0.0006637766345665778,229,0.0007570309854625843,2,3,adam,"{'neurons_per_layer_encoder': [36, 72, 144], 'neurons_per_layer_decoder': [144, 72]}",36,,"[144, 72]","[36, 72, 144]",[0.4229781811578327],0.7468456066838908,COMPLETE
196,0.5012045850604958,2025-05-06 20:09:31.104502,2025-05-06 20:09:40.102242,0 days 00:00:08.997740,0.13983338992977173,24,0.4,36,200,0.0008474824852096174,265,0.0007561602862515631,2,3,adam,"{'neurons_per_layer_encoder': [36, 72, 144], 'neurons_per_layer_decoder': [144, 72]}",36,,"[144, 72]","[36, 72, 144]",[0.5012045850604958],0.7404744953644637,COMPLETE
197,0.5026680114976301,2025-05-06 20:09:32.091928,2025-05-06 20:09:40.434074,0 days 00:00:08.342146,0.14108125421183976,32,0.4,40,200,0.0006488354386290008,242,0.0007527067829369452,2,3,adam,"{'neurons_per_layer_encoder': [40, 80, 160], 'neurons_per_layer_decoder': [160, 80]}",40,,"[160, 80]","[40, 80, 160]",[0.5026680114976301],0.8528710747839736,COMPLETE
198,0.5124238744929088,2025-05-06 20:09:33.878811,2025-05-06 20:09:41.153636,0 days 00:00:07.274825,0.11925833209336727,32,0.4,28,180,0.0008819994502488323,156,0.0007774707449887642,2,3,adam,"{'neurons_per_layer_encoder': [28, 56, 112], 'neurons_per_layer_decoder': [112, 56]}",28,,"[112, 56]","[28, 56, 112]",[0.5124238744929088],0.8802235852284235,COMPLETE
199,0.4649647603124186,2025-05-06 20:09:35.046765,2025-05-06 20:09:42.253869,0 days 00:00:07.207104,0.14597942588786814,32,0.4,32,180,0.0005277487867336589,216,0.0007825498460700822,2,3,adam,"{'neurons_per_layer_encoder': [32, 64, 128], 'neurons_per_layer_decoder': [128, 64]}",32,,"[128, 64]","[32, 64, 128]",[0.4649647603124186],0.8484139292279286,COMPLETE
200,0.4691787454726525,2025-05-06 20:09:35.939046,2025-05-06 20:09:43.031471,0 days 00:00:07.092425,0.14249505260982165,32,0.4,28,180,0.0005561402510140521,160,0.0007940608872275779,2,3,adam,"{'neurons_per_layer_encoder': [28, 56, 112], 'neurons_per_layer_decoder': [112, 56]}",28,,"[112, 56]","[28, 56, 112]",[0.4691787454726525],0.8615697589838436,COMPLETE
201,0.49783389074115336,2025-05-06 20:09:40.110994,2025-05-06 20:09:47.281837,0 days 00:00:07.170843,0.14227704716529768,32,0.4,32,180,0.0005188667981496531,156,0.0007809195948883189,2,3,adam,"{'neurons_per_layer_encoder': [32, 64, 128], 'neurons_per_layer_decoder': [128, 64]}",32,,"[128, 64]","[32, 64, 128]",[0.49783389074115336],0.8528861941565034,COMPLETE
202,0.5723046927409737,2025-05-06 20:09:40.442635,2025-05-06 20:09:48.235747,0 days 00:00:07.793112,0.14420019373499485,32,0.4,28,200,0.000863729295450228,208,0.0008577673917576307,2,3,adam,"{'neurons_per_layer_encoder': [28, 56, 112], 'neurons_per_layer_decoder': [112, 56]}",28,,"[112, 56]","[28, 56, 112]",[0.5723046927409737],0.8522527194777094,COMPLETE
203,-0.035607188545669244,2025-05-06 20:09:41.162438,2025-05-06 20:09:42.508987,0 days 00:00:01.346549,0.14198665314460793,32,0.4,32,200,0.0008508656504600137,161,0.0008077628721554534,2,3,sgd,"{'neurons_per_layer_encoder': [32, 64, 128], 'neurons_per_layer_decoder': [128, 64]}",32,,"[128, 64]","[32, 64, 128]",[-0.035607188545669244],0.9290244493968768,COMPLETE
204,0.11921739991333369,2025-05-06 20:09:42.263019,2025-05-06 20:09:44.917834,0 days 00:00:02.654815,0.13851627641605826,32,0.4,28,200,0.0008461244387125827,152,0.0008211499503593767,2,3,sgd,"{'neurons_per_layer_encoder': [28, 56, 112], 'neurons_per_layer_decoder': [112, 56]}",28,,"[112, 56]","[28, 56, 112]",[0.11921739991333369],0.9353851032422501,COMPLETE
205,0.4937075407419791,2025-05-06 20:09:42.516889,2025-05-06 20:09:50.823789,0 days 00:00:08.306900,0.10995127987698401,32,0.4,44,200,0.0006173973938017276,252,0.0010032509473553864,2,3,adam,"{'neurons_per_layer_encoder': [44, 88, 176], 'neurons_per_layer_decoder': [176, 88]}",44,,"[176, 88]","[44, 88, 176]",[0.4937075407419791],0.767025903666286,COMPLETE
206,0.5540111026050423,2025-05-06 20:09:43.040308,2025-05-06 20:09:51.447791,0 days 00:00:08.407483,0.10680531340911001,32,0.4,52,200,0.0008915224553249003,250,0.0009817742163272002,2,3,adam,"{'neurons_per_layer_encoder': [52, 104, 208], 'neurons_per_layer_decoder': [208, 104]}",52,,"[208, 104]","[52, 104, 208]",[0.5540111026050423],0.7185344094231143,COMPLETE
207,0.509449307848413,2025-05-06 20:09:44.926886,2025-05-06 20:09:53.098818,0 days 00:00:08.171932,0.121082342197591,32,0.4,44,200,0.0006604464668698118,275,0.0009770999524707218,2,3,adam,"{'neurons_per_layer_encoder': [44, 88, 176], 'neurons_per_layer_decoder': [176, 88]}",44,,"[176, 88]","[44, 88, 176]",[0.509449307848413],0.752608032161699,COMPLETE
208,0.5329388778020544,2025-05-06 20:09:47.291140,2025-05-06 20:09:55.144848,0 days 00:00:07.853708,0.11478452634802962,24,0.4,24,200,0.000950649383799642,136,0.00096363536255004,2,3,adam,"{'neurons_per_layer_encoder': [24, 48, 96], 'neurons_per_layer_decoder': [96, 48]}",24,,"[96, 48]","[24, 48, 96]",[0.5329388778020544],0.647643108763364,COMPLETE
209,0.3454465894986998,2025-05-06 20:09:48.245497,2025-05-06 20:09:56.845002,0 days 00:00:08.599505,0.15286776228543317,24,0.4,44,200,0.000962755998957769,242,0.0010181059443780524,2,3,adam,"{'neurons_per_layer_encoder': [44, 88, 176], 'neurons_per_layer_decoder': [176, 88]}",44,,"[176, 88]","[44, 88, 176]",[0.3454465894986998],0.3242942279745502,COMPLETE
210,0.5648411407763929,2025-05-06 20:09:50.833958,2025-05-06 20:09:58.877768,0 days 00:00:08.043810,0.11977390653644772,24,0.4,24,200,0.0008401556417160145,125,0.000943962557265712,2,3,adam,"{'neurons_per_layer_encoder': [24, 48, 96], 'neurons_per_layer_decoder': [96, 48]}",24,,"[96, 48]","[24, 48, 96]",[0.5648411407763929],0.6982460497882889,COMPLETE
211,0.4150831659961737,2025-05-06 20:09:51.455965,2025-05-06 20:09:59.301879,0 days 00:00:07.845914,0.14947062402839764,24,0.4,20,200,0.0009493540427086708,132,0.0009388516031316123,2,3,adam,"{'neurons_per_layer_encoder': [20, 40, 80], 'neurons_per_layer_decoder': [80, 40]}",20,,"[80, 40]","[20, 40, 80]",[0.4150831659961737],0.5487055535768273,COMPLETE
212,0.4585196629480902,2025-05-06 20:09:53.107457,2025-05-06 20:10:00.625809,0 days 00:00:07.518352,0.12171416939892164,32,0.4,24,200,0.0008962005576028329,179,0.0009911710642660804,2,3,adam,"{'neurons_per_layer_encoder': [24, 48, 96], 'neurons_per_layer_decoder': [96, 48]}",24,,"[96, 48]","[24, 48, 96]",[0.4585196629480902],0.7020320319457946,COMPLETE
213,0.4437050022859511,2025-05-06 20:09:55.155181,2025-05-06 20:10:03.220878,0 days 00:00:08.065697,0.12183652474708197,24,0.4,24,200,0.0009624191170437848,127,0.000992759119563534,2,3,adam,"{'neurons_per_layer_encoder': [24, 48, 96], 'neurons_per_layer_decoder': [96, 48]}",24,,"[96, 48]","[24, 48, 96]",[0.4437050022859511],0.5772571108449484,COMPLETE
214,0.2962923127625211,2025-05-06 20:09:56.853763,2025-05-06 20:10:07.218238,0 days 00:00:10.364475,0.11096731550863682,16,0.4,52,200,0.0006970769092136013,235,0.0009628383098782261,2,3,adam,"{'neurons_per_layer_encoder': [52, 104, 208], 'neurons_per_layer_decoder': [208, 104]}",52,,"[208, 104]","[52, 104, 208]",[0.2962923127625211],0.3161122364755886,COMPLETE
215,0.4402062052745387,2025-05-06 20:09:58.886923,2025-05-06 20:10:07.569380,0 days 00:00:08.682457,0.11942690470071667,16,0.4,20,200,0.0007359728709142829,131,0.0009391079478317093,2,3,adam,"{'neurons_per_layer_encoder': [20, 40, 80], 'neurons_per_layer_decoder': [80, 40]}",20,,"[80, 40]","[20, 40, 80]",[0.4402062052745387],0.587523614456318,COMPLETE
216,0.48034911490303145,2025-05-06 20:09:59.310168,2025-05-06 20:10:08.096476,0 days 00:00:08.786308,0.12169698198211286,16,0.4,20,200,0.0007251388013924867,123,0.0010554219837163852,2,3,adam,"{'neurons_per_layer_encoder': [20, 40, 80], 'neurons_per_layer_decoder': [80, 40]}",20,,"[80, 40]","[20, 40, 80]",[0.48034911490303145],0.5254190285754815,COMPLETE
217,0.4053321315017706,2025-05-06 20:10:00.635207,2025-05-06 20:10:07.822332,0 days 00:00:07.187125,0.11103139424837705,80,0.4,20,200,0.0007284107759592225,118,0.0006634112953375167,2,3,adam,"{'neurons_per_layer_encoder': [20, 40, 80], 'neurons_per_layer_decoder': [80, 40]}",20,,"[80, 40]","[20, 40, 80]",[0.4053321315017706],0.8767537601084592,COMPLETE
218,0.38953669336949304,2025-05-06 20:10:03.230888,2025-05-06 20:10:15.026585,0 days 00:00:11.795697,0.11430748472856396,16,0.4,60,200,0.0007843394171892197,351,0.0010892764368908507,2,3,adam,"{'neurons_per_layer_encoder': [60, 120, 240], 'neurons_per_layer_decoder': [240, 120]}",60,,"[240, 120]","[60, 120, 240]",[0.38953669336949304],0.18225205137852968,COMPLETE
219,0.23390480493276,2025-05-06 20:10:07.228157,2025-05-06 20:10:14.997000,0 days 00:00:07.768843,0.1168525292635372,32,0.4,12,200,0.0007632493353076595,75,0.0006675466984492377,2,3,adam,"{'neurons_per_layer_encoder': [12, 24, 48], 'neurons_per_layer_decoder': [48, 24]}",12,,"[48, 24]","[12, 24, 48]",[0.23390480493276],0.7455594472775849,COMPLETE
220,0.1935865315024854,2025-05-06 20:10:07.578310,2025-05-06 20:10:14.822859,0 days 00:00:07.244549,0.10178289505140277,80,0.4,12,200,0.000797952565179627,76,0.0006713389407021383,2,3,adam,"{'neurons_per_layer_encoder': [12, 24, 48], 'neurons_per_layer_decoder': [48, 24]}",12,,"[48, 24]","[12, 24, 48]",[0.1935865315024854],0.7722930086294924,COMPLETE
221,0.3980270931187415,2025-05-06 20:10:07.831361,2025-05-06 20:10:15.909595,0 days 00:00:08.078234,0.10185717968047882,112,0.4,56,200,0.0006277092475009113,248,0.0011131291281881526,2,3,adam,"{'neurons_per_layer_encoder': [56, 112, 224], 'neurons_per_layer_decoder': [224, 112]}",56,,"[224, 112]","[56, 112, 224]",[0.3980270931187415],0.8792817202253352,COMPLETE
222,0.11733291106100818,2025-05-06 20:10:08.105388,2025-05-06 20:10:15.840749,0 days 00:00:07.735361,0.10629743346799037,32,0.4,12,200,0.0006455386618880619,90,7.881971280027762e-05,2,3,adam,"{'neurons_per_layer_encoder': [12, 24, 48], 'neurons_per_layer_decoder': [48, 24]}",12,,"[48, 24]","[12, 24, 48]",[0.11733291106100818],0.8333258696417466,COMPLETE
223,0.4408981664031466,2025-05-06 20:10:14.831690,2025-05-06 20:10:22.617757,0 days 00:00:07.786067,0.115149046337699,32,0.4,28,200,0.0005878088427400392,205,0.0008793505272574558,2,3,adam,"{'neurons_per_layer_encoder': [28, 56, 112], 'neurons_per_layer_decoder': [112, 56]}",28,,"[112, 56]","[28, 56, 112]",[0.4408981664031466],0.7915521983226653,COMPLETE
224,0.4472321537642119,2025-05-06 20:10:15.005505,2025-05-06 20:10:23.917164,0 days 00:00:08.911659,0.13300573856800463,32,0.4,56,200,0.0006304821994078356,295,0.0008760865918169334,2,3,adam,"{'neurons_per_layer_encoder': [56, 112, 224], 'neurons_per_layer_decoder': [224, 112]}",56,,"[224, 112]","[56, 112, 224]",[0.4472321537642119],0.7989893720198582,COMPLETE
