number,value,datetime_start,datetime_complete,duration,params_alpha,params_batch_size,params_drop_out_rate,params_encoder_neurons_layer_1,params_epochs,params_lambda,params_latent_dim,params_learning_rate,params_num_layers_decoder,params_num_layers_encoder,params_optimizer,user_attrs_encoder_decoder_config,user_attrs_first_layer_neurons,user_attrs_model_summary,user_attrs_neurons_per_layer_decoder,user_attrs_neurons_per_layer_encoder,user_attrs_r2_feature_1,user_attrs_relative_deterioration,state
111,-0.17970367267398468,2025-05-06 20:04:14.815587,2025-05-06 20:04:20.573382,0 days 00:00:05.757795,0.15972728751870957,16,0.1,132,160,0.000768948709232908,835,0.00019429480674430688,5,3,adadelta,"{'neurons_per_layer_encoder': [132, 264, 528], 'neurons_per_layer_decoder': [528, 264, 132, 66, 33]}",132,,"[528, 264, 132, 66, 33]","[132, 264, 528]",[-0.17970367267398468],0.9789206455559041,COMPLETE
112,-0.06201207326003555,2025-05-06 20:04:15.786893,2025-05-06 20:04:48.423889,0 days 00:00:32.636996,0.06432650703696027,16,0.1,208,160,8.47989622259042e-05,1271,0.0008060683985567804,4,3,adam,"{'neurons_per_layer_encoder': [208, 416, 832], 'neurons_per_layer_decoder': [832, 416, 208, 104]}",208,,"[832, 416, 208, 104]","[208, 416, 832]",[-0.06201207326003555],-0.0777909277386809,COMPLETE
113,-0.8920541524906764,2025-05-06 20:04:20.581279,2025-05-06 20:04:26.515737,0 days 00:00:05.934458,0.029908188071889667,24,0.2,220,160,7.403124142260372e-05,1202,2.0409029549517026e-05,4,3,adam,"{'neurons_per_layer_encoder': [220, 440, 880], 'neurons_per_layer_decoder': [880, 440, 220, 110]}",220,,"[880, 440, 220, 110]","[220, 440, 880]",[-0.8920541524906764],0.8283362472037592,COMPLETE
114,0.3301676846409245,2025-05-06 20:04:21.497881,2025-05-06 20:04:44.840826,0 days 00:00:23.342945,0.04041716979573203,24,0.2,120,160,7.320089213204276e-05,884,0.0011006229552182178,4,3,adam,"{'neurons_per_layer_encoder': [120, 240, 480], 'neurons_per_layer_decoder': [480, 240, 120, 60]}",120,,"[480, 240, 120, 60]","[120, 240, 480]",[0.3301676846409245],0.5976000378375147,COMPLETE
115,0.3344013273843083,2025-05-06 20:04:22.566102,2025-05-06 20:04:45.171516,0 days 00:00:22.605414,0.06611084689983446,32,0.2,208,160,0.0002151944080481119,1296,0.0006296392514721267,3,3,adam,"{'neurons_per_layer_encoder': [208, 416, 832], 'neurons_per_layer_decoder': [832, 416, 208]}",208,,"[832, 416, 208]","[208, 416, 832]",[0.3344013273843083],0.8436457794255013,COMPLETE
116,0.6343666259628904,2025-05-06 20:04:26.525988,2025-05-06 20:04:48.467519,0 days 00:00:21.941531,0.013211211039090641,32,0.2,208,160,0.00020720105811478556,1083,0.0008399659216284584,3,3,adam,"{'neurons_per_layer_encoder': [208, 416, 832], 'neurons_per_layer_decoder': [832, 416, 208]}",208,,"[832, 416, 208]","[208, 416, 832]",[0.6343666259628904],0.8582426997142587,COMPLETE
117,0.4335670960813228,2025-05-06 20:04:32.055265,2025-05-06 20:04:54.837173,0 days 00:00:22.781908,0.04158448098224332,32,0.2,208,160,0.00020467120931843066,1294,0.000812230390219508,3,3,adam,"{'neurons_per_layer_encoder': [208, 416, 832], 'neurons_per_layer_decoder': [832, 416, 208]}",208,,"[832, 416, 208]","[208, 416, 832]",[0.4335670960813228],0.8006838366618734,COMPLETE
118,0.6598001113398921,2025-05-06 20:04:44.850580,2025-05-06 20:05:06.653987,0 days 00:00:21.803407,0.16549551559747216,32,0.2,212,160,0.00021744426863307682,1241,0.0006372764707120198,3,3,adam,"{'neurons_per_layer_encoder': [212, 424, 848], 'neurons_per_layer_decoder': [848, 424, 212]}",212,,"[848, 424, 212]","[212, 424, 848]",[0.6598001113398921],0.906904299669016,COMPLETE
119,0.6144632383397979,2025-05-06 20:04:45.179391,2025-05-06 20:05:09.119685,0 days 00:00:23.940294,0.013617247483503047,32,0.2,212,180,0.00020547449976641898,1079,0.0008375816080470692,3,3,adam,"{'neurons_per_layer_encoder': [212, 424, 848], 'neurons_per_layer_decoder': [848, 424, 212]}",212,,"[848, 424, 212]","[212, 424, 848]",[0.6144632383397979],0.7897657702409835,COMPLETE
120,0.24467817717685436,2025-05-06 20:04:48.435855,2025-05-06 20:05:04.549524,0 days 00:00:16.113669,0.15821481247879723,32,0.2,160,180,0.00015575123783426344,585,0.0005145623152858125,3,2,adam,"{'neurons_per_layer_encoder': [160, 320], 'neurons_per_layer_decoder': [320, 160, 80]}",160,,"[320, 160, 80]","[160, 320]",[0.24467817717685436],0.7441191098938011,COMPLETE
121,0.16864780407725277,2025-05-06 20:04:48.481506,2025-05-06 20:05:12.787998,0 days 00:00:24.306492,0.024328972623078277,32,0.2,240,180,0.0001615044901325973,1087,0.00029631372117562023,3,3,adam,"{'neurons_per_layer_encoder': [240, 480, 960], 'neurons_per_layer_decoder': [960, 480, 240]}",240,,"[960, 480, 240]","[240, 480, 960]",[0.16864780407725277],0.9261208101254736,COMPLETE
122,0.29143281698277823,2025-05-06 20:04:54.847956,2025-05-06 20:05:14.662650,0 days 00:00:19.814694,0.05390796072561622,32,0.2,164,160,0.00019697599616745062,1089,0.00038882761734316466,3,3,adam,"{'neurons_per_layer_encoder': [164, 328, 656], 'neurons_per_layer_decoder': [656, 328, 164]}",164,,"[656, 328, 164]","[164, 328, 656]",[0.29143281698277823],0.9209354336502227,COMPLETE
123,0.34848377086633153,2025-05-06 20:05:04.557137,2025-05-06 20:05:25.110343,0 days 00:00:20.553206,0.058202660410794416,32,0.2,188,160,0.00019972573217608077,1110,0.0017126683419038979,3,3,adam,"{'neurons_per_layer_encoder': [188, 376, 752], 'neurons_per_layer_decoder': [752, 376, 188]}",188,,"[752, 376, 188]","[188, 376, 752]",[0.34848377086633153],0.02911323230705806,COMPLETE
124,-0.16568703993226763,2025-05-06 20:05:06.664627,2025-05-06 20:05:30.478970,0 days 00:00:23.814343,0.012261510938393788,24,0.2,200,160,0.0005321757547394646,1246,0.0017745006065582529,3,3,adam,"{'neurons_per_layer_encoder': [200, 400, 800], 'neurons_per_layer_decoder': [800, 400, 200]}",200,,"[800, 400, 200]","[200, 400, 800]",[-0.16568703993226763],-0.30467838250966117,COMPLETE
125,0.380509945287436,2025-05-06 20:05:09.130970,2025-05-06 20:05:31.335912,0 days 00:00:22.204942,0.013156483461608593,32,0.2,188,160,0.0001965143728436619,1082,0.0016911538310598654,3,3,adam,"{'neurons_per_layer_encoder': [188, 376, 752], 'neurons_per_layer_decoder': [752, 376, 188]}",188,,"[752, 376, 188]","[188, 376, 752]",[0.380509945287436],0.2547407570489099,COMPLETE
126,-0.24887796966508335,2025-05-06 20:05:12.799810,2025-05-06 20:05:33.241910,0 days 00:00:20.442100,0.013805961953123915,24,0.2,200,160,0.00019648154506653518,1177,0.001832342985890178,3,3,adam,"{'neurons_per_layer_encoder': [200, 400, 800], 'neurons_per_layer_decoder': [800, 400, 200]}",200,,"[800, 400, 200]","[200, 400, 800]",[-0.24887796966508335],-0.6209057910612935,COMPLETE
127,-1.8442575448084177,2025-05-06 20:05:14.673470,2025-05-06 20:05:41.889134,0 days 00:00:27.215664,0.01266048209447925,24,0.2,188,160,0.00026301636044618416,1119,0.0015799414365273144,3,3,adam,"{'neurons_per_layer_encoder': [188, 376, 752], 'neurons_per_layer_decoder': [752, 376, 188]}",188,,"[752, 376, 188]","[188, 376, 752]",[-1.8442575448084177],-2.8937992794751923,COMPLETE
128,-0.13567684648211076,2025-05-06 20:05:25.121165,2025-05-06 20:05:54.696208,0 days 00:00:29.575043,0.01345225367410415,24,0.2,200,160,0.0005084475175851011,1187,0.0006970982427240014,3,3,adam,"{'neurons_per_layer_encoder': [200, 400, 800], 'neurons_per_layer_decoder': [800, 400, 200]}",200,,"[800, 400, 200]","[200, 400, 800]",[-0.13567684648211076],0.04630122095845255,COMPLETE
129,0.4579009864488789,2025-05-06 20:05:30.489974,2025-05-06 20:05:52.961549,0 days 00:00:22.471575,0.010182433509820225,40,0.2,212,160,0.00025974874288793847,1394,0.0013105751614912828,3,3,adam,"{'neurons_per_layer_encoder': [212, 424, 848], 'neurons_per_layer_decoder': [848, 424, 212]}",212,,"[848, 424, 212]","[212, 424, 848]",[0.4579009864488789],0.4950866705567907,COMPLETE
130,-1.1388674809870172,2025-05-06 20:05:31.346947,2025-05-06 20:06:00.806411,0 days 00:00:29.459464,0.04427856733473224,24,0.2,212,200,0.00027566175860895746,1322,0.0012117776303483816,3,3,adam,"{'neurons_per_layer_encoder': [212, 424, 848], 'neurons_per_layer_decoder': [848, 424, 212]}",212,,"[848, 424, 212]","[212, 424, 848]",[-1.1388674809870172],-1.4593232452674842,COMPLETE
131,-0.29230979615437747,2025-05-06 20:05:33.252378,2025-05-06 20:05:39.166899,0 days 00:00:05.914521,0.014745899155492147,40,0.2,220,200,0.0002717961814810761,1383,0.001389386983458636,3,3,adadelta,"{'neurons_per_layer_encoder': [220, 440, 880], 'neurons_per_layer_decoder': [880, 440, 220]}",220,,"[880, 440, 220]","[220, 440, 880]",[-0.29230979615437747],0.9591055956087516,COMPLETE
132,0.23474782381757076,2025-05-06 20:05:39.176673,2025-05-06 20:06:00.945212,0 days 00:00:21.768539,0.010653791881271224,64,0.2,212,180,0.00039339147953444773,1325,0.0007320104848644012,3,3,adam,"{'neurons_per_layer_encoder': [212, 424, 848], 'neurons_per_layer_decoder': [848, 424, 212]}",212,,"[848, 424, 212]","[212, 424, 848]",[0.23474782381757076],0.7806974998626132,COMPLETE
133,0.4060453738801427,2025-05-06 20:05:41.902022,2025-05-06 20:06:05.832287,0 days 00:00:23.930265,0.01733120222471919,64,0.2,212,180,0.0003988244223242371,1327,0.0008475527883399307,3,3,adam,"{'neurons_per_layer_encoder': [212, 424, 848], 'neurons_per_layer_decoder': [848, 424, 212]}",212,,"[848, 424, 212]","[212, 424, 848]",[0.4060453738801427],0.7659496947883809,COMPLETE
134,0.07507215859440397,2025-05-06 20:05:52.972064,2025-05-06 20:06:21.546438,0 days 00:00:28.574374,0.010801007271319265,64,0.2,228,180,0.00039724509447573286,1861,0.0027016266551473608,3,4,adam,"{'neurons_per_layer_encoder': [228, 456, 912, 1824], 'neurons_per_layer_decoder': [1824, 912, 456]}",228,,"[1824, 912, 456]","[228, 456, 912, 1824]",[0.07507215859440397],0.29986019278746745,COMPLETE
135,0.4768289910082937,2025-05-06 20:05:54.708490,2025-05-06 20:06:22.690696,0 days 00:00:27.982206,0.010275319292997421,40,0.2,220,160,0.0003858711489764187,1409,0.0008995202369367449,3,3,adam,"{'neurons_per_layer_encoder': [220, 440, 880], 'neurons_per_layer_decoder': [880, 440, 220]}",220,,"[880, 440, 220]","[220, 440, 880]",[0.4768289910082937],0.6555335694022286,COMPLETE
136,0.373789832883208,2025-05-06 20:06:00.821107,2025-05-06 20:06:30.392774,0 days 00:00:29.571667,0.010185872798681023,40,0.2,224,160,0.00039904493051669,1441,0.000835618024118618,3,3,adam,"{'neurons_per_layer_encoder': [224, 448, 896], 'neurons_per_layer_decoder': [896, 448, 224]}",224,,"[896, 448, 224]","[224, 448, 896]",[0.373789832883208],0.7082328132689634,COMPLETE
137,0.4540985879522029,2025-05-06 20:06:00.958587,2025-05-06 20:06:28.322350,0 days 00:00:27.363763,0.011208678513106826,40,0.2,220,160,0.0001391625065210901,1224,0.0008936531072179746,3,3,adam,"{'neurons_per_layer_encoder': [220, 440, 880], 'neurons_per_layer_decoder': [880, 440, 220]}",220,,"[880, 440, 220]","[220, 440, 880]",[0.4540985879522029],0.8247168938745553,COMPLETE
138,0.07274117822736859,2025-05-06 20:06:05.847751,2025-05-06 20:06:49.663502,0 days 00:00:43.815751,0.014501373851210541,40,0.2,220,160,0.00031164148900241894,1799,0.0010154377199746688,3,4,adam,"{'neurons_per_layer_encoder': [220, 440, 880, 1760], 'neurons_per_layer_decoder': [1760, 880, 440]}",220,,"[1760, 880, 440]","[220, 440, 880, 1760]",[0.07274117822736859],0.5808474015178517,COMPLETE
139,0.08708768136993228,2025-05-06 20:06:21.564395,2025-05-06 20:06:49.331081,0 days 00:00:27.766686,0.011759759517061093,40,0.2,220,160,0.0003155854882964776,1414,0.00035516595648879616,3,3,adam,"{'neurons_per_layer_encoder': [220, 440, 880], 'neurons_per_layer_decoder': [880, 440, 220]}",220,,"[880, 440, 220]","[220, 440, 880]",[0.08708768136993228],0.9342037003566193,COMPLETE
140,0.30294658023620347,2025-05-06 20:06:22.703016,2025-05-06 20:06:47.588205,0 days 00:00:24.885189,0.01155291643253272,40,0.2,220,140,0.0003048153969614357,1398,0.0010544879933881408,3,3,adam,"{'neurons_per_layer_encoder': [220, 440, 880], 'neurons_per_layer_decoder': [880, 440, 220]}",220,,"[880, 440, 220]","[220, 440, 880]",[0.30294658023620347],0.6086224085650392,COMPLETE
141,-0.05286748110787998,2025-05-06 20:06:28.338495,2025-05-06 20:06:32.476690,0 days 00:00:04.138195,0.011606940864078149,48,0.2,220,140,0.00033585341759059513,1411,0.0010878684035246337,3,3,sgd,"{'neurons_per_layer_encoder': [220, 440, 880], 'neurons_per_layer_decoder': [880, 440, 220]}",220,,"[880, 440, 220]","[220, 440, 880]",[-0.05286748110787998],0.9727569399695856,COMPLETE
142,-0.046229616643017835,2025-05-06 20:06:30.412050,2025-05-06 20:06:34.986155,0 days 00:00:04.574105,0.011372646202951338,32,0.2,220,140,0.0003184883817941733,1400,0.0009632046964444483,3,3,sgd,"{'neurons_per_layer_encoder': [220, 440, 880], 'neurons_per_layer_decoder': [880, 440, 220]}",220,,"[880, 440, 220]","[220, 440, 880]",[-0.046229616643017835],0.9713159981722717,COMPLETE
143,0.23635318686602158,2025-05-06 20:06:32.488569,2025-05-06 20:06:54.421405,0 days 00:00:21.932836,0.011554293805459283,32,0.2,228,160,4.162408736721948e-06,1492,0.0009592663768918454,3,3,adam,"{'neurons_per_layer_encoder': [228, 456, 912], 'neurons_per_layer_decoder': [912, 456, 228]}",228,,"[912, 456, 228]","[228, 456, 912]",[0.23635318686602158],-0.19394567084791015,COMPLETE
144,-0.07754330803957643,2025-05-06 20:06:34.999452,2025-05-06 20:07:01.969854,0 days 00:00:26.970402,0.010272928005102497,40,0.30000000000000004,232,160,0.0009918014291554146,1221,0.0004978828425496161,3,3,adam,"{'neurons_per_layer_encoder': [232, 464, 928], 'neurons_per_layer_decoder': [928, 464, 232]}",232,,"[928, 464, 232]","[232, 464, 928]",[-0.07754330803957643],0.8601035757061624,COMPLETE
145,-0.029288490778270226,2025-05-06 20:06:47.606120,2025-05-06 20:06:53.794064,0 days 00:00:06.187944,0.01018556444134302,40,0.2,232,160,0.00014572052539011513,1216,1.0095852530841096e-05,3,3,adam,"{'neurons_per_layer_encoder': [232, 464, 928], 'neurons_per_layer_decoder': [928, 464, 232]}",232,,"[928, 464, 232]","[232, 464, 928]",[-0.029288490778270226],0.9435034362536766,COMPLETE
146,0.3058232601997404,2025-05-06 20:06:49.346220,2025-05-06 20:07:12.547935,0 days 00:00:23.201715,0.010718161082878727,40,0.2,228,160,0.00023108253862671915,1562,0.0004675778352892691,3,3,adam,"{'neurons_per_layer_encoder': [228, 456, 912], 'neurons_per_layer_decoder': [912, 456, 228]}",228,,"[912, 456, 228]","[228, 456, 912]",[0.3058232601997404],0.918310777772125,COMPLETE
147,-0.10962123350165642,2025-05-06 20:06:49.676057,2025-05-06 20:07:02.349742,0 days 00:00:12.673685,0.010601507955435359,32,0.2,228,160,0.0002460214037417248,1219,0.005856218539922581,3,3,adam,"{'neurons_per_layer_encoder': [228, 456, 912], 'neurons_per_layer_decoder': [912, 456, 228]}",228,,"[912, 456, 228]","[228, 456, 912]",[-0.10962123350165642],0.3498215323297814,COMPLETE
148,0.47927411523583197,2025-05-06 20:06:53.806662,2025-05-06 20:07:05.348546,0 days 00:00:11.541884,0.010900744291177997,32,0.2,152,80,0.00012947636511412454,1054,0.00048580372380052205,3,3,adam,"{'neurons_per_layer_encoder': [152, 304, 608], 'neurons_per_layer_decoder': [608, 304, 152]}",152,,"[608, 304, 152]","[152, 304, 608]",[0.47927411523583197],0.9400478350424628,COMPLETE
149,0.09021072752288783,2025-05-06 20:06:54.434319,2025-05-06 20:07:01.980033,0 days 00:00:07.545714,0.012381639343224483,48,0.2,4,60,0.00024109881950602446,21,0.0004702046551050486,3,3,adam,"{'neurons_per_layer_encoder': [4, 8, 16], 'neurons_per_layer_decoder': [16, 8, 8]}",4,,"[16, 8, 8]","[4, 8, 16]",[0.09021072752288783],0.4585161741981445,COMPLETE
150,0.030636539349634728,2025-05-06 20:07:01.990298,2025-05-06 20:07:06.202089,0 days 00:00:04.211791,0.011082298027511444,32,0.2,16,160,0.00012371450305209935,88,0.000625988453794281,3,3,adam,"{'neurons_per_layer_encoder': [16, 32, 64], 'neurons_per_layer_decoder': [64, 32, 16]}",16,,"[64, 32, 16]","[16, 32, 64]",[0.030636539349634728],0.608359952448945,COMPLETE
151,0.03247136706524856,2025-05-06 20:07:01.996067,2025-05-06 20:07:11.283144,0 days 00:00:09.287077,0.010904143757221648,32,0.2,204,80,0.0005459770067589826,1157,0.005638389046056477,3,3,adam,"{'neurons_per_layer_encoder': [204, 408, 816], 'neurons_per_layer_decoder': [816, 408, 204]}",204,,"[816, 408, 204]","[204, 408, 816]",[0.03247136706524856],0.5397612691658797,COMPLETE
152,0.1530537551150153,2025-05-06 20:07:02.360076,2025-05-06 20:07:12.265004,0 days 00:00:09.904928,0.015418899141464533,32,0.2,204,180,3.2629041843753814e-06,1059,0.0013458966252657568,3,3,adam,"{'neurons_per_layer_encoder': [204, 408, 816], 'neurons_per_layer_decoder': [816, 408, 204]}",204,,"[816, 408, 204]","[204, 408, 816]",[0.1530537551150153],-0.5859692429732148,COMPLETE
153,0.5313380475955424,2025-05-06 20:07:05.362897,2025-05-06 20:07:13.929773,0 days 00:00:08.566876,0.1686339633399483,32,0.2,16,100,0.00013023575647873824,81,0.0006337177953814761,3,3,adam,"{'neurons_per_layer_encoder': [16, 32, 64], 'neurons_per_layer_decoder': [64, 32, 16]}",16,,"[64, 32, 16]","[16, 32, 64]",[0.5313380475955424],0.7411215371510198,COMPLETE
154,0.30097454689628156,2025-05-06 20:07:06.212382,2025-05-06 20:07:17.956136,0 days 00:00:11.743754,0.16776480948877495,32,0.2,172,80,0.00016694295641039302,1066,0.00040319908394793966,3,3,adam,"{'neurons_per_layer_encoder': [172, 344, 688], 'neurons_per_layer_decoder': [688, 344, 172]}",172,,"[688, 344, 172]","[172, 344, 688]",[0.30097454689628156],0.9379072138896134,COMPLETE
155,0.3172725895292168,2025-05-06 20:07:11.294365,2025-05-06 20:07:29.523649,0 days 00:00:18.229284,0.17040307839805136,32,0.2,148,180,0.00016534379039912373,1052,0.0005641646050350801,3,3,adam,"{'neurons_per_layer_encoder': [148, 296, 592], 'neurons_per_layer_decoder': [592, 296, 148]}",148,,"[592, 296, 148]","[148, 296, 592]",[0.3172725895292168],0.8237728033040981,COMPLETE
156,0.5007225698800175,2025-05-06 20:07:12.280608,2025-05-06 20:07:24.471823,0 days 00:00:12.191215,0.012483546675851708,32,0.2,152,100,0.00016660256739001476,1045,0.0004115661766154358,3,3,adam,"{'neurons_per_layer_encoder': [152, 304, 608], 'neurons_per_layer_decoder': [608, 304, 152]}",152,,"[608, 304, 152]","[152, 304, 608]",[0.5007225698800175],0.9504864569727013,COMPLETE
157,0.43533890227955285,2025-05-06 20:07:12.560358,2025-05-06 20:07:31.261851,0 days 00:00:18.701493,0.012722660714947232,32,0.2,152,180,0.00017321945999502822,1045,0.000553927607049923,3,3,adam,"{'neurons_per_layer_encoder': [152, 304, 608], 'neurons_per_layer_decoder': [608, 304, 152]}",152,,"[608, 304, 152]","[152, 304, 608]",[0.43533890227955285],0.8858182619906494,COMPLETE
158,0.3022421760790521,2025-05-06 20:07:13.941017,2025-05-06 20:07:21.519955,0 days 00:00:07.578938,0.19085726745586842,32,0.2,8,80,0.00016867821327931908,43,0.000387884281678537,3,3,adam,"{'neurons_per_layer_encoder': [8, 16, 32], 'neurons_per_layer_decoder': [32, 16, 8]}",8,,"[32, 16, 8]","[8, 16, 32]",[0.3022421760790521],0.6197727086493193,COMPLETE
159,-0.02282435135290095,2025-05-06 20:07:17.967445,2025-05-06 20:07:22.298247,0 days 00:00:04.330802,0.012818906892029453,24,0.2,8,80,0.00011392973200275042,43,0.0005863814124343882,3,3,adam,"{'neurons_per_layer_encoder': [8, 16, 32], 'neurons_per_layer_decoder': [32, 16, 8]}",8,,"[32, 16, 8]","[8, 16, 32]",[-0.02282435135290095],0.5198878337539318,COMPLETE
160,0.3127645399728962,2025-05-06 20:07:21.533237,2025-05-06 20:07:28.400385,0 days 00:00:06.867148,0.18403919489862322,24,0.2,20,100,0.00011636192448263019,91,0.0005749794590080852,3,3,adam,"{'neurons_per_layer_encoder': [20, 40, 80], 'neurons_per_layer_decoder': [80, 40, 20]}",20,,"[80, 40, 20]","[20, 40, 80]",[0.3127645399728962],0.6287459669655961,COMPLETE
161,-0.043053066310782206,2025-05-06 20:07:22.309907,2025-05-06 20:07:26.342314,0 days 00:00:04.032407,0.16983954778824129,32,0.2,16,100,0.00013557970831910713,84,0.0007453054354997133,3,3,adadelta,"{'neurons_per_layer_encoder': [16, 32, 64], 'neurons_per_layer_decoder': [64, 32, 16]}",16,,"[64, 32, 16]","[16, 32, 64]",[-0.043053066310782206],0.6714716816973181,COMPLETE
162,-0.19143693588194455,2025-05-06 20:07:24.484697,2025-05-06 20:07:28.060564,0 days 00:00:03.575867,0.012117832201343727,32,0.2,16,100,0.0001521953433153452,82,0.0006909871597670219,3,3,adadelta,"{'neurons_per_layer_encoder': [16, 32, 64], 'neurons_per_layer_decoder': [64, 32, 16]}",16,,"[64, 32, 16]","[16, 32, 64]",[-0.19143693588194455],0.62994002045721,COMPLETE
163,0.42162157131477807,2025-05-06 20:07:26.352745,2025-05-06 20:07:37.875413,0 days 00:00:11.522668,0.012049481453620257,32,0.2,148,80,9.983374981105446e-05,1042,0.0005442488121636933,3,3,adam,"{'neurons_per_layer_encoder': [148, 296, 592], 'neurons_per_layer_decoder': [592, 296, 148]}",148,,"[592, 296, 148]","[148, 296, 592]",[0.42162157131477807],0.913313796154379,COMPLETE
164,-0.3009001576333925,2025-05-06 20:07:28.070977,2025-05-06 20:07:38.080537,0 days 00:00:10.009560,0.013791098212724244,24,0.2,28,100,0.000452831823013163,210,0.0005525722938116026,3,3,adam,"{'neurons_per_layer_encoder': [28, 56, 112], 'neurons_per_layer_decoder': [112, 56, 28]}",28,,"[112, 56, 28]","[28, 56, 112]",[-0.3009001576333925],0.7355062344486206,COMPLETE
165,0.07129346245697943,2025-05-06 20:07:28.414234,2025-05-06 20:07:38.512703,0 days 00:00:10.098469,0.01359312936528116,32,0.2,212,60,0.00017331135130526314,1369,0.00029392929664537245,3,3,adam,"{'neurons_per_layer_encoder': [212, 424, 848], 'neurons_per_layer_decoder': [848, 424, 212]}",212,,"[848, 424, 212]","[212, 424, 848]",[0.07129346245697943],0.9452489764455902,COMPLETE
166,0.141236024121128,2025-05-06 20:07:29.538445,2025-05-06 20:07:39.438824,0 days 00:00:09.900379,0.1585932325198193,32,0.2,216,60,0.00013989832537551853,1001,0.0003110223218610237,3,3,adam,"{'neurons_per_layer_encoder': [216, 432, 864], 'neurons_per_layer_decoder': [864, 432, 216]}",216,,"[864, 432, 216]","[216, 432, 864]",[0.141236024121128],0.9351002988269118,COMPLETE
