number,value,datetime_start,datetime_complete,duration,params_alpha,params_batch_size,params_drop_out_rate,params_encoder_neurons_layer_1,params_epochs,params_lambda,params_latent_dim,params_learning_rate,params_num_layers_decoder,params_num_layers_encoder,params_optimizer,user_attrs_encoder_decoder_config,user_attrs_first_layer_neurons,user_attrs_model_summary,user_attrs_neurons_per_layer_decoder,user_attrs_neurons_per_layer_encoder,user_attrs_r2_feature_1,user_attrs_relative_deterioration,state
0,0.0030764537030223416,2025-05-06 20:00:43.972544,2025-05-06 20:00:52.582604,0 days 00:00:08.610060,0.03675868032297738,120,0.2,56,200,2.9723723307540507e-05,969,5.467584919676919e-05,5,5,adam,"{'neurons_per_layer_encoder': [56, 112, 224, 448, 896], 'neurons_per_layer_decoder': [896, 448, 224, 112, 56]}",56,,"[896, 448, 224, 112, 56]","[56, 112, 224, 448, 896]",[0.0030764537030223416],0.8401272504202308,COMPLETE
1,-0.010020602555344427,2025-05-06 20:00:43.973112,2025-05-06 20:00:46.216319,0 days 00:00:02.243207,0.012638529468756448,56,0.2,132,140,0.00011968706895159718,823,1.4764610594944067e-05,5,3,sgd,"{'neurons_per_layer_encoder': [132, 264, 528], 'neurons_per_layer_decoder': [528, 264, 132, 66, 33]}",132,,"[528, 264, 132, 66, 33]","[132, 264, 528]",[-0.010020602555344427],0.9068618772905278,COMPLETE
2,-0.02333623739688062,2025-05-06 20:00:43.972648,2025-05-06 20:00:47.172334,0 days 00:00:03.199686,0.017008550737679925,80,0.1,16,60,1.5210681854599086e-05,338,3.632147217647733e-05,3,5,adadelta,"{'neurons_per_layer_encoder': [16, 32, 64, 128, 256], 'neurons_per_layer_decoder': [256, 128, 64]}",16,,"[256, 128, 64]","[16, 32, 64, 128, 256]",[-0.02333623739688062],0.5714906311046745,COMPLETE
3,-0.04952041478687108,2025-05-06 20:00:43.972944,2025-05-06 20:01:05.729087,0 days 00:00:21.756143,0.07494265024878739,96,0.30000000000000004,200,60,0.0003198063964508085,4166,0.00935085850800165,5,5,adadelta,"{'neurons_per_layer_encoder': [200, 400, 800, 1600, 3200], 'neurons_per_layer_decoder': [3200, 1600, 800, 400, 200]}",200,,"[3200, 1600, 800, 400, 200]","[200, 400, 800, 1600, 3200]",[-0.04952041478687108],0.9926914773501951,COMPLETE
4,-0.03386690903672984,2025-05-06 20:00:43.973002,2025-05-06 20:00:46.729299,0 days 00:00:02.756297,0.1143524203001612,32,0.1,88,120,2.1648039117927906e-06,243,0.0001249616653762275,5,2,sgd,"{'neurons_per_layer_encoder': [88, 176], 'neurons_per_layer_decoder': [176, 88, 44, 22, 11]}",88,,"[176, 88, 44, 22, 11]","[88, 176]",[-0.03386690903672984],0.4237658799205425,COMPLETE
5,0.025602458918980164,2025-05-06 20:00:46.225276,2025-05-06 20:00:53.952675,0 days 00:00:07.727399,0.06112435233486665,40,0.1,64,160,2.013492154938382e-06,1325,0.0021204519538779625,2,5,adam,"{'neurons_per_layer_encoder': [64, 128, 256, 512, 1024], 'neurons_per_layer_decoder': [1024, 512]}",64,,"[1024, 512]","[64, 128, 256, 512, 1024]",[0.025602458918980164],-0.6037870013655918,COMPLETE
6,0.014444751282286727,2025-05-06 20:00:46.738293,2025-05-06 20:00:51.811086,0 days 00:00:05.072793,0.11440752928080379,96,0.1,144,180,0.0008274163705063589,383,0.00020279502568925582,4,2,sgd,"{'neurons_per_layer_encoder': [144, 288], 'neurons_per_layer_decoder': [288, 144, 72, 36]}",144,,"[288, 144, 72, 36]","[144, 288]",[0.014444751282286727],0.965922560104418,COMPLETE
7,-0.12679653605323637,2025-05-06 20:00:47.216509,2025-05-06 20:00:53.004256,0 days 00:00:05.787747,0.08661379480805934,104,0.2,228,60,0.0006033035766534516,849,1.566570421697714e-05,5,2,adam,"{'neurons_per_layer_encoder': [228, 456], 'neurons_per_layer_decoder': [456, 228, 114, 57, 28]}",228,,"[456, 228, 114, 57, 28]","[228, 456]",[-0.12679653605323637],0.968810164895835,COMPLETE
8,-0.009806271811856115,2025-05-06 20:00:51.820998,2025-05-06 20:01:00.763783,0 days 00:00:08.942785,0.1575257084647677,128,0.2,128,200,1.5622710118068572e-06,1109,0.0007802107045272567,5,4,adadelta,"{'neurons_per_layer_encoder': [128, 256, 512, 1024], 'neurons_per_layer_decoder': [1024, 512, 256, 128, 64]}",128,,"[1024, 512, 256, 128, 64]","[128, 256, 512, 1024]",[-0.009806271811856115],0.6267357428416717,COMPLETE
9,-0.03903057184407821,2025-05-06 20:00:52.591827,2025-05-06 20:00:56.211259,0 days 00:00:03.619432,0.014014112739272912,104,0.2,56,140,2.0538746142202467e-06,874,0.0006212707950485782,4,4,sgd,"{'neurons_per_layer_encoder': [56, 112, 224, 448], 'neurons_per_layer_decoder': [448, 224, 112, 56]}",56,,"[448, 224, 112, 56]","[56, 112, 224, 448]",[-0.03903057184407821],0.5896437917095866,COMPLETE
10,-0.032382918548969686,2025-05-06 20:00:53.013630,2025-05-06 20:01:07.667835,0 days 00:00:14.654205,0.02829054402157805,56,0.2,172,60,4.629187117394511e-06,3931,0.0016661702840172325,5,5,adadelta,"{'neurons_per_layer_encoder': [172, 344, 688, 1376, 2752], 'neurons_per_layer_decoder': [2752, 1376, 688, 344, 172]}",172,,"[2752, 1376, 688, 344, 172]","[172, 344, 688, 1376, 2752]",[-0.032382918548969686],0.7460090919066555,COMPLETE
11,-0.03219028184948991,2025-05-06 20:00:53.963269,2025-05-06 20:01:03.401827,0 days 00:00:09.438558,0.03549060019002879,72,0.30000000000000004,188,80,2.654372565540065e-06,3068,0.0018874596060855205,5,5,sgd,"{'neurons_per_layer_encoder': [188, 376, 752, 1504, 3008], 'neurons_per_layer_decoder': [3008, 1504, 752, 376, 188]}",188,,"[3008, 1504, 752, 376, 188]","[188, 376, 752, 1504, 3008]",[-0.03219028184948991],0.6887563336396393,COMPLETE
12,0.01117312918814628,2025-05-06 20:00:56.220884,2025-05-06 20:01:06.456290,0 days 00:00:10.235406,0.049134210694848905,80,0.30000000000000004,64,180,2.2038912896942835e-06,688,0.0013617615311294596,4,4,sgd,"{'neurons_per_layer_encoder': [64, 128, 256, 512], 'neurons_per_layer_decoder': [512, 256, 128, 64]}",64,,"[512, 256, 128, 64]","[64, 128, 256, 512]",[0.01117312918814628],0.631816895826165,COMPLETE
13,0.3655222319728533,2025-05-06 20:01:00.773606,2025-05-06 20:01:14.198754,0 days 00:00:13.425148,0.011831391510280375,96,0.1,176,160,7.446365871176718e-06,1240,0.0029984985355316815,2,3,sgd,"{'neurons_per_layer_encoder': [176, 352, 704], 'neurons_per_layer_decoder': [704, 352]}",176,,"[704, 352]","[176, 352, 704]",[0.3655222319728533],0.5785102648667918,COMPLETE
14,0.5985220251333935,2025-05-06 20:01:03.413372,2025-05-06 20:01:11.278854,0 days 00:00:07.865482,0.06158355354241166,16,0.4,8,160,8.534313149265152e-06,73,0.007247541473217737,2,4,adam,"{'neurons_per_layer_encoder': [8, 16, 32, 64], 'neurons_per_layer_decoder': [64, 32]}",8,,"[64, 32]","[8, 16, 32, 64]",[0.5985220251333935],0.49043732288219877,COMPLETE
15,0.15860532885006629,2025-05-06 20:01:05.741788,2025-05-06 20:01:23.949871,0 days 00:00:18.208083,0.0591638826352256,16,0.4,132,180,9.288974759581408e-06,672,0.003199102838703297,2,3,adam,"{'neurons_per_layer_encoder': [132, 264, 528], 'neurons_per_layer_decoder': [528, 264]}",132,,"[528, 264]","[132, 264, 528]",[0.15860532885006629],-0.13745949289090184,COMPLETE
16,0.36398652755070426,2025-05-06 20:01:06.468619,2025-05-06 20:01:16.718736,0 days 00:00:10.250117,0.19905243803389885,16,0.1,140,160,9.59479442954346e-06,682,0.000203800560921328,2,3,adam,"{'neurons_per_layer_encoder': [140, 280, 560], 'neurons_per_layer_decoder': [560, 280]}",140,,"[560, 280]","[140, 280, 560]",[0.36398652755070426],0.2847989540840957,COMPLETE
17,0.3065251530439935,2025-05-06 20:01:07.677104,2025-05-06 20:01:20.087164,0 days 00:00:12.410060,0.06364946989133409,16,0.4,128,160,0.00010671271687375466,646,0.0002149188722023001,2,3,adam,"{'neurons_per_layer_encoder': [128, 256, 512], 'neurons_per_layer_decoder': [512, 256]}",128,,"[512, 256]","[128, 256, 512]",[0.3065251530439935],0.8946362288925293,COMPLETE
18,0.2982700249096787,2025-05-06 20:01:11.288158,2025-05-06 20:01:16.789322,0 days 00:00:05.501164,0.05944217923358004,16,0.4,4,160,9.493295513349926e-06,27,0.009702153859618182,2,3,adam,"{'neurons_per_layer_encoder': [4, 8, 16], 'neurons_per_layer_decoder': [16, 8]}",4,,"[16, 8]","[4, 8, 16]",[0.2982700249096787],0.29896476257250426,COMPLETE
19,0.38439324841936295,2025-05-06 20:01:14.207612,2025-05-06 20:01:39.253959,0 days 00:00:25.046347,0.02207022671385385,16,0.4,256,120,8.928792511232796e-06,1650,0.009116516389168853,2,3,adam,"{'neurons_per_layer_encoder': [256, 512, 1024], 'neurons_per_layer_decoder': [1024, 512]}",256,,"[1024, 512]","[256, 512, 1024]",[0.38439324841936295],0.5259626777921252,COMPLETE
20,-0.701100439726905,2025-05-06 20:01:16.729328,2025-05-06 20:01:31.003768,0 days 00:00:14.274440,0.02203448178178263,24,0.4,256,100,8.69532629199359e-05,1653,0.009577381058199452,3,3,adam,"{'neurons_per_layer_encoder': [256, 512, 1024], 'neurons_per_layer_decoder': [1024, 512, 256]}",256,,"[1024, 512, 256]","[256, 512, 1024]",[-0.701100439726905],0.5462828905657722,COMPLETE
21,0.35464049911783513,2025-05-06 20:01:16.797494,2025-05-06 20:01:21.668469,0 days 00:00:04.870975,0.010850899685116148,64,0.4,248,100,8.154845423225077e-05,1604,0.004501759863753891,3,3,adam,"{'neurons_per_layer_encoder': [248, 496, 992], 'neurons_per_layer_decoder': [992, 496, 248]}",248,,"[992, 496, 248]","[248, 496, 992]",[0.35464049911783513],0.9500874947984658,COMPLETE
22,-0.8324748415092493,2025-05-06 20:01:20.098144,2025-05-06 20:01:46.924127,0 days 00:00:26.825983,0.022710935660630146,48,0.4,232,100,4.003131775830447e-05,2198,0.004258274893164492,3,4,adam,"{'neurons_per_layer_encoder': [232, 464, 928, 1856], 'neurons_per_layer_decoder': [1856, 928, 464]}",232,,"[1856, 928, 464]","[232, 464, 928, 1856]",[-0.8324748415092493],0.1990478042839388,COMPLETE
23,-0.01719896635666407,2025-05-06 20:01:21.676485,2025-05-06 20:01:25.053177,0 days 00:00:03.376692,0.02114711827056969,40,0.30000000000000004,96,120,2.7381882381025513e-05,1247,0.003843664948735976,3,4,sgd,"{'neurons_per_layer_encoder': [96, 192, 384, 768], 'neurons_per_layer_decoder': [768, 384, 192]}",96,,"[768, 384, 192]","[96, 192, 384, 768]",[-0.01719896635666407],0.8064969906734027,COMPLETE
24,-0.020217531181123904,2025-05-06 20:01:23.961604,2025-05-06 20:01:29.384883,0 days 00:00:05.423279,0.02208249798061873,40,0.30000000000000004,168,120,2.8226764015599135e-05,1961,0.004702055486484608,3,4,sgd,"{'neurons_per_layer_encoder': [168, 336, 672, 1344], 'neurons_per_layer_decoder': [1344, 672, 336]}",168,,"[1344, 672, 336]","[168, 336, 672, 1344]",[-0.020217531181123904],0.8604340331417942,COMPLETE
25,-0.19530412323648028,2025-05-06 20:01:25.063222,2025-05-06 20:01:33.880031,0 days 00:00:08.816809,0.19928861384106655,32,0.1,160,140,5.412666198352062e-06,1644,0.0005053106827357088,2,4,adam,"{'neurons_per_layer_encoder': [160, 320, 640, 1280], 'neurons_per_layer_decoder': [1280, 640]}",160,,"[1280, 640]","[160, 320, 640, 1280]",[-0.19530412323648028],-0.08002107696953843,COMPLETE
26,0.4435471851821331,2025-05-06 20:01:29.399241,2025-05-06 20:01:48.132714,0 days 00:00:18.733473,0.19960872820407544,32,0.1,208,160,5.675823771558858e-06,1359,0.000405533936182595,2,3,adam,"{'neurons_per_layer_encoder': [208, 416, 832], 'neurons_per_layer_decoder': [832, 416]}",208,,"[832, 416]","[208, 416, 832]",[0.4435471851821331],0.19983432843577442,COMPLETE
27,0.42353655098495147,2025-05-06 20:01:31.015181,2025-05-06 20:01:48.595206,0 days 00:00:17.580025,0.18824777410668814,32,0.1,208,160,5.142616099728801e-06,1151,0.0004877954746807939,2,3,adam,"{'neurons_per_layer_encoder': [208, 416, 832], 'neurons_per_layer_decoder': [832, 416]}",208,,"[832, 416]","[208, 416, 832]",[0.42353655098495147],0.08789329965456066,COMPLETE
28,0.021658099044294166,2025-05-06 20:01:33.893640,2025-05-06 20:01:42.483729,0 days 00:00:08.590089,0.10660921863478827,88,0.1,208,160,1.3724981895495852e-05,1199,8.790629013416289e-05,2,3,adam,"{'neurons_per_layer_encoder': [208, 416, 832], 'neurons_per_layer_decoder': [832, 416]}",208,,"[832, 416]","[208, 416, 832]",[0.021658099044294166],0.3996678836775904,COMPLETE
29,0.2629560802068399,2025-05-06 20:01:39.267624,2025-05-06 20:01:47.656378,0 days 00:00:08.388754,0.03028067679780686,48,0.4,216,100,4.788920715098537e-06,1459,0.006184976695133669,2,3,adam,"{'neurons_per_layer_encoder': [216, 432, 864], 'neurons_per_layer_decoder': [864, 432]}",216,,"[864, 432]","[216, 432, 864]",[0.2629560802068399],0.43174884799822183,COMPLETE
30,0.21313646958918997,2025-05-06 20:01:42.493371,2025-05-06 20:01:50.355741,0 days 00:00:07.862370,0.015769184276023054,112,0.4,228,100,4.424464140429448e-06,605,0.0010086162640576878,2,2,adam,"{'neurons_per_layer_encoder': [228, 456], 'neurons_per_layer_decoder': [456, 228]}",228,,"[456, 228]","[228, 456]",[0.21313646958918997],-0.05237597778617988,COMPLETE
31,0.3859134613623343,2025-05-06 20:01:46.937146,2025-05-06 20:01:53.242060,0 days 00:00:06.304914,0.015747047994695243,120,0.4,32,140,4.742250115892575e-06,73,0.000977197183393509,2,2,adam,"{'neurons_per_layer_encoder': [32, 64], 'neurons_per_layer_decoder': [64, 32]}",32,,"[64, 32]","[32, 64]",[0.3859134613623343],0.34752235359627887,COMPLETE
32,-0.5935397470140786,2025-05-06 20:01:47.667042,2025-05-06 20:01:49.948542,0 days 00:00:02.281500,0.01604251781469467,24,0.30000000000000004,32,140,3.6206395201832034e-06,72,0.0011689012511320442,2,2,adadelta,"{'neurons_per_layer_encoder': [32, 64], 'neurons_per_layer_decoder': [64, 32]}",32,,"[64, 32]","[32, 64]",[-0.5935397470140786],0.3376632301503104,COMPLETE
33,0.09891429734753077,2025-05-06 20:01:48.142427,2025-05-06 20:01:57.454570,0 days 00:00:09.312143,0.04252740247388572,24,0.30000000000000004,240,200,1.7691417679928906e-05,594,0.0010174387512741332,2,2,adam,"{'neurons_per_layer_encoder': [240, 480], 'neurons_per_layer_decoder': [480, 240]}",240,,"[480, 240]","[240, 480]",[0.09891429734753077],0.10048248372184179,COMPLETE
34,0.538571042256228,2025-05-06 20:01:48.603822,2025-05-06 20:01:54.861462,0 days 00:00:06.257640,0.14705666352196292,32,0.2,28,200,3.579374248761737e-06,72,0.0003701343207110164,3,2,adam,"{'neurons_per_layer_encoder': [28, 56], 'neurons_per_layer_decoder': [56, 28, 14]}",28,,"[56, 28, 14]","[28, 56]",[0.538571042256228],0.3649483725883299,COMPLETE
35,0.29246392363647533,2025-05-06 20:01:49.958007,2025-05-06 20:01:58.488721,0 days 00:00:08.530714,0.1512702124099073,24,0.2,240,200,1.1505732904158213e-06,766,0.0003797815850946634,2,2,adam,"{'neurons_per_layer_encoder': [240, 480], 'neurons_per_layer_decoder': [480, 240]}",240,,"[480, 240]","[240, 480]",[0.29246392363647533],-0.682790670786769,COMPLETE
36,0.19323087605581657,2025-05-06 20:01:50.364516,2025-05-06 20:02:00.818718,0 days 00:00:10.454202,0.14879209011688282,24,0.2,244,200,1.1255515480424506e-06,1510,0.00040195291734969546,2,3,adam,"{'neurons_per_layer_encoder': [244, 488, 976], 'neurons_per_layer_decoder': [976, 488]}",244,,"[976, 488]","[244, 488, 976]",[0.19323087605581657],-0.6177600156959662,COMPLETE
37,0.4041966101571275,2025-05-06 20:01:53.250888,2025-05-06 20:01:59.978801,0 days 00:00:06.727913,0.15106170528535792,32,0.2,20,200,1.689792601223313e-05,65,0.0004489434297061068,3,2,adam,"{'neurons_per_layer_encoder': [20, 40], 'neurons_per_layer_decoder': [40, 20, 10]}",20,,"[40, 20, 10]","[20, 40]",[0.4041966101571275],0.3075588100635516,COMPLETE
38,0.24216010919373432,2025-05-06 20:01:54.870917,2025-05-06 20:02:01.172771,0 days 00:00:06.301854,0.15133774278163561,32,0.2,32,200,2.0034917699639372e-05,73,0.0004073405520162462,3,2,adam,"{'neurons_per_layer_encoder': [32, 64], 'neurons_per_layer_decoder': [64, 32, 16]}",32,,"[64, 32, 16]","[32, 64]",[0.24216010919373432],0.16147790583777535,COMPLETE
39,0.34152481004711155,2025-05-06 20:01:57.464190,2025-05-06 20:02:06.334259,0 days 00:00:08.870069,0.14882369870197368,32,0.2,20,180,1.2168101461968415e-06,169,0.0003696969714240591,3,4,adam,"{'neurons_per_layer_encoder': [20, 40, 80, 160], 'neurons_per_layer_decoder': [160, 80, 40]}",20,,"[160, 80, 40]","[20, 40, 80, 160]",[0.34152481004711155],0.13627148882144027,COMPLETE
40,-0.08205853059840518,2025-05-06 20:01:58.499769,2025-05-06 20:02:01.540347,0 days 00:00:03.040578,0.1423942393916864,32,0.1,28,180,1.0636759672798828e-06,233,6.403384813778635e-05,3,4,adam,"{'neurons_per_layer_encoder': [28, 56, 112, 224], 'neurons_per_layer_decoder': [224, 112, 56]}",28,,"[224, 112, 56]","[28, 56, 112, 224]",[-0.08205853059840518],0.22740733981876352,COMPLETE
41,0.24112166181273753,2025-05-06 20:01:59.988979,2025-05-06 20:02:13.035241,0 days 00:00:13.046262,0.12729859306853686,56,0.1,104,180,1.1819565359856212e-06,1362,2.94278598553882e-05,3,4,adam,"{'neurons_per_layer_encoder': [104, 208, 416, 832], 'neurons_per_layer_decoder': [832, 416, 208]}",104,,"[832, 416, 208]","[104, 208, 416, 832]",[0.24112166181273753],-0.2815807225410869,COMPLETE
42,-0.047029928295532875,2025-05-06 20:02:00.830594,2025-05-06 20:02:04.675965,0 days 00:00:03.845371,0.09413709810764756,48,0.1,100,180,2.920436549164401e-06,1065,3.347021175374449e-05,3,4,adadelta,"{'neurons_per_layer_encoder': [100, 200, 400, 800], 'neurons_per_layer_decoder': [800, 400, 200]}",100,,"[800, 400, 200]","[100, 200, 400, 800]",[-0.047029928295532875],0.5571658024012456,COMPLETE
43,-0.3718482859987009,2025-05-06 20:02:01.180359,2025-05-06 20:02:05.730551,0 days 00:00:04.550192,0.09438323953349402,48,0.1,108,180,3.226339204892e-06,1356,4.343232529136238e-05,4,4,adadelta,"{'neurons_per_layer_encoder': [108, 216, 432, 864], 'neurons_per_layer_decoder': [864, 432, 216, 108]}",108,,"[864, 432, 216, 108]","[108, 216, 432, 864]",[-0.3718482859987009],0.5590854993873661,COMPLETE
44,-0.02428558845991935,2025-05-06 20:02:01.547964,2025-05-06 20:02:09.874880,0 days 00:00:08.326916,0.08763844047111691,48,0.1,104,180,4.5428372777203345e-05,1351,2.677128924949415e-05,4,4,adadelta,"{'neurons_per_layer_encoder': [104, 208, 416, 832], 'neurons_per_layer_decoder': [832, 416, 208, 104]}",104,,"[832, 416, 208, 104]","[104, 208, 416, 832]",[-0.02428558845991935],0.8579122457856811,COMPLETE
45,-0.023324804995715764,2025-05-06 20:02:04.683424,2025-05-06 20:02:08.177568,0 days 00:00:03.494144,0.1768325067724968,40,0.2,4,180,4.416141814100352e-05,15,0.00027712388640280586,4,2,adam,"{'neurons_per_layer_encoder': [4, 8], 'neurons_per_layer_decoder': [8, 8, 8, 8]}",4,,"[8, 8, 8, 8]","[4, 8]",[-0.023324804995715764],0.4426472943680663,COMPLETE
46,0.02391413527820807,2025-05-06 20:02:05.739781,2025-05-06 20:02:08.605438,0 days 00:00:02.865657,0.12448374050102502,40,0.2,8,200,6.58921331029487e-06,28,0.0002762504323545927,3,2,adam,"{'neurons_per_layer_encoder': [8, 16], 'neurons_per_layer_decoder': [16, 8, 8]}",8,,"[16, 8, 8]","[8, 16]",[0.02391413527820807],0.4218303762638008,COMPLETE
47,-0.07478966165819267,2025-05-06 20:02:06.344695,2025-05-06 20:02:09.413319,0 days 00:00:03.068624,0.12353641825891461,40,0.2,4,200,5.09794305879606e-05,15,0.00013733120575938718,4,2,adam,"{'neurons_per_layer_encoder': [4, 8], 'neurons_per_layer_decoder': [8, 8, 8, 8]}",4,,"[8, 8, 8, 8]","[4, 8]",[-0.07478966165819267],0.5106349609291183,COMPLETE
48,0.3034138598640914,2025-05-06 20:02:08.186675,2025-05-06 20:02:14.650066,0 days 00:00:06.463391,0.12581083095729376,56,0.2,48,200,6.651318820228299e-06,108,0.0001130443742923467,3,2,adam,"{'neurons_per_layer_encoder': [48, 96], 'neurons_per_layer_decoder': [96, 48, 24]}",48,,"[96, 48, 24]","[48, 96]",[0.3034138598640914],0.4038381071010098,COMPLETE
49,0.1797653677967721,2025-05-06 20:02:08.614088,2025-05-06 20:02:17.272099,0 days 00:00:08.658011,0.12884037669442314,56,0.1,192,160,1.5039316315583148e-05,487,0.0001554811106886678,3,2,adam,"{'neurons_per_layer_encoder': [192, 384], 'neurons_per_layer_decoder': [384, 192, 96]}",192,,"[384, 192, 96]","[192, 384]",[0.1797653677967721],0.04372584399491401,COMPLETE
50,0.24592835844700822,2025-05-06 20:02:09.423091,2025-05-06 20:02:16.136898,0 days 00:00:06.713807,0.077466598298838,56,0.1,48,160,0.0002552420192856621,108,0.000650171979286345,3,2,adam,"{'neurons_per_layer_encoder': [48, 96], 'neurons_per_layer_decoder': [96, 48, 24]}",48,,"[96, 48, 24]","[48, 96]",[0.24592835844700822],0.657076134833494,COMPLETE
51,-0.03004261867297986,2025-05-06 20:02:09.883993,2025-05-06 20:02:13.735263,0 days 00:00:03.851270,0.1739292380078776,56,0.1,48,140,1.4156532816022251e-05,1001,0.000166474137087388,3,5,adam,"{'neurons_per_layer_encoder': [48, 96, 192, 384, 768], 'neurons_per_layer_decoder': [768, 384, 192]}",48,,"[768, 384, 192]","[48, 96, 192, 384, 768]",[-0.03004261867297986],0.49433406558915555,COMPLETE
52,0.39137389009218915,2025-05-06 20:02:13.044940,2025-05-06 20:02:22.173231,0 days 00:00:09.128291,0.1760971840071325,56,0.2,188,160,0.0001763810783088041,509,0.0006892993884181484,3,2,adam,"{'neurons_per_layer_encoder': [188, 376], 'neurons_per_layer_decoder': [376, 188, 94]}",188,,"[376, 188, 94]","[188, 376]",[0.39137389009218915],0.8311377040514165,COMPLETE
53,0.1278169135750118,2025-05-06 20:02:13.742180,2025-05-06 20:02:20.390279,0 days 00:00:06.648099,0.07177922580929745,64,0.2,48,160,1.2523431863737885e-05,205,0.000702151694134926,2,3,adam,"{'neurons_per_layer_encoder': [48, 96, 192], 'neurons_per_layer_decoder': [192, 96]}",48,,"[192, 96]","[48, 96, 192]",[0.1278169135750118],-0.20031254939112653,COMPLETE
54,0.3866871305594376,2025-05-06 20:02:14.658439,2025-05-06 20:02:21.563738,0 days 00:00:06.905299,0.07490237562060789,24,0.2,196,160,1.3102944746679768e-05,816,0.0007615493276879098,2,3,adam,"{'neurons_per_layer_encoder': [196, 392, 784], 'neurons_per_layer_decoder': [784, 392]}",196,,"[784, 392]","[196, 392, 784]",[0.3866871305594376],0.5404602056527055,COMPLETE
