number,value,datetime_start,datetime_complete,duration,params_alpha,params_batch_size,params_drop_out_rate,params_encoder_neurons_layer_1,params_epochs,params_lambda,params_latent_dim,params_learning_rate,params_num_layers_decoder,params_num_layers_encoder,params_optimizer,user_attrs_encoder_decoder_config,user_attrs_first_layer_neurons,user_attrs_neurons_per_layer_decoder,user_attrs_neurons_per_layer_encoder,user_attrs_r2_feature_1,user_attrs_relative_deterioration,state
485,0.20593472981068872,2025-01-10 13:52:33.423966,2025-01-10 13:52:36.028606,0 days 00:00:02.604640,0.0434779518572202,32.0,0.2,164,100.0,0.00024726814086224573,300,0.0002963432138220857,1,1,adam,"{'neurons_per_layer_encoder': [164], 'neurons_per_layer_decoder': [164]}",164,[164],[164],[0.20593472981068872],0.33526879506908847,COMPLETE
486,0.1376818961272085,2025-01-10 13:52:34.107447,2025-01-10 13:52:36.691755,0 days 00:00:02.584308,0.11710904816754462,32.0,0.2,164,100.0,0.0004262223874858822,300,0.00036195118106968724,1,1,adam,"{'neurons_per_layer_encoder': [164], 'neurons_per_layer_decoder': [164]}",164,[164],[164],[0.1376818961272085],0.4706356791891924,COMPLETE
487,0.18799674429225632,2025-01-10 13:52:34.803692,2025-01-10 13:52:37.548602,0 days 00:00:02.744910,0.05117121022412878,32.0,0.2,164,100.0,0.0004271561469287641,300,0.00014741636069350855,1,1,adam,"{'neurons_per_layer_encoder': [164], 'neurons_per_layer_decoder': [164]}",164,[164],[164],[0.18799674429225632],0.5276950156374001,COMPLETE
488,0.18179364833164602,2025-01-10 13:52:35.238583,2025-01-10 13:52:37.978398,0 days 00:00:02.739815,0.15540808551810334,48.0,0.2,168,100.0,0.0004076510310220743,304,0.00015172825877917754,1,1,adam,"{'neurons_per_layer_encoder': [168], 'neurons_per_layer_decoder': [168]}",168,[168],[168],[0.18179364833164602],0.5542829842651894,COMPLETE
489,0.1427898936891786,2025-01-10 13:52:35.973798,2025-01-10 13:52:38.732736,0 days 00:00:02.758938,0.17136167232252023,48.0,0.2,176,100.0,0.0004403342348604346,312,0.00014766190560829882,1,1,adam,"{'neurons_per_layer_encoder': [176], 'neurons_per_layer_decoder': [176]}",176,[176],[176],[0.1427898936891786],0.5705353861274599,COMPLETE
490,0.20911921022199076,2025-01-10 13:52:36.038173,2025-01-10 13:52:38.803309,0 days 00:00:02.765136,0.158891040192746,48.0,0.2,176,100.0,0.000426394539377458,312,0.00014259210342783195,1,1,adam,"{'neurons_per_layer_encoder': [176], 'neurons_per_layer_decoder': [176]}",176,[176],[176],[0.20911921022199076],0.593453422885892,COMPLETE
491,0.1077266518478982,2025-01-10 13:52:36.701847,2025-01-10 13:52:39.317748,0 days 00:00:02.615901,0.15908908255392615,48.0,0.2,176,100.0,0.00044539851575218223,312,0.0001413210349278441,1,1,adam,"{'neurons_per_layer_encoder': [176], 'neurons_per_layer_decoder': [176]}",176,[176],[176],[0.1077266518478982],0.558553460999667,COMPLETE
492,-2.225083064425922,2025-01-10 13:52:37.559003,2025-01-10 13:52:54.926535,0 days 00:00:17.367532,0.15591727865858054,48.0,0.2,176,100.0,0.000543266242003794,2840,0.0002059712386357773,1,5,adam,"{'neurons_per_layer_encoder': [176, 352, 704, 1408, 2816], 'neurons_per_layer_decoder': [2816]}",176,[2816],"[176, 352, 704, 1408, 2816]",[-2.225083064425922],0.9243276522365833,COMPLETE
493,0.2296879824040724,2025-01-10 13:52:37.989854,2025-01-10 13:52:41.907587,0 days 00:00:03.917733,0.07058555483388418,40.0,0.2,176,100.0,0.0005372765999593657,312,0.00021542729471372177,1,1,adam,"{'neurons_per_layer_encoder': [176], 'neurons_per_layer_decoder': [176]}",176,[176],[176],[0.2296879824040724],0.6403449844873439,COMPLETE
494,0.18076566510639513,2025-01-10 13:52:38.742994,2025-01-10 13:52:43.502897,0 days 00:00:04.759903,0.17262795787609,40.0,0.2,180,100.0,0.0003052039374287183,348,9.647508360053548e-05,1,1,adam,"{'neurons_per_layer_encoder': [180], 'neurons_per_layer_decoder': [180]}",180,[180],[180],[0.18076566510639513],0.4879996739274482,COMPLETE
495,0.14991168067170035,2025-01-10 13:52:38.816184,2025-01-10 13:52:44.474775,0 days 00:00:05.658591,0.1757597124068872,40.0,0.2,180,100.0,0.000551595407460257,348,9.518658789542863e-05,2,1,adam,"{'neurons_per_layer_encoder': [180], 'neurons_per_layer_decoder': [180, 90]}",180,"[180, 90]",[180],[0.14991168067170035],0.7645133174722467,COMPLETE
496,-0.5833026972243185,2025-01-10 13:52:39.327526,2025-01-10 13:53:17.049286,0 days 00:00:37.721760,0.018600554145248055,40.0,0.2,256,100.0,0.0006447442306739814,4120,0.00020931294135029135,2,5,adam,"{'neurons_per_layer_encoder': [256, 512, 1024, 2048, 4096], 'neurons_per_layer_decoder': [4096, 2048]}",256,"[4096, 2048]","[256, 512, 1024, 2048, 4096]",[-0.5833026972243185],0.9812034943977418,COMPLETE
497,0.2742162552373829,2025-01-10 13:52:41.923978,2025-01-10 13:52:49.170657,0 days 00:00:07.246679,0.173759535707322,40.0,0.2,180,100.0,0.0009025023277088015,348,9.985009367342241e-05,1,1,adam,"{'neurons_per_layer_encoder': [180], 'neurons_per_layer_decoder': [180]}",180,[180],[180],[0.2742162552373829],0.8050500528493661,COMPLETE
498,0.1563194881237966,2025-01-10 13:52:43.519115,2025-01-10 13:52:53.070181,0 days 00:00:09.551066,0.19862914142724772,40.0,0.2,156,100.0,0.0007771853079339742,324,0.00019180009392623837,2,1,adam,"{'neurons_per_layer_encoder': [156], 'neurons_per_layer_decoder': [156, 78]}",156,"[156, 78]",[156],[0.1563194881237966],0.7990076730751484,COMPLETE
499,-0.4536033243824842,2025-01-10 13:52:44.491140,2025-01-10 13:53:06.774936,0 days 00:00:22.283796,0.14581057710250495,32.0,0.2,168,100.0,0.0007540905016627501,2712,0.00020263111284577192,1,5,adam,"{'neurons_per_layer_encoder': [168, 336, 672, 1344, 2688], 'neurons_per_layer_decoder': [2688]}",168,[2688],"[168, 336, 672, 1344, 2688]",[-0.4536033243824842],0.9704478256867474,COMPLETE
500,-0.6818069629876018,2025-01-10 13:52:49.216853,2025-01-10 13:53:12.060197,0 days 00:00:22.843344,0.14250497011617952,40.0,0.2,168,100.0,0.0009929163198511743,2712,9.68851412698026e-05,1,5,adam,"{'neurons_per_layer_encoder': [168, 336, 672, 1344, 2688], 'neurons_per_layer_decoder': [2688]}",168,[2688],"[168, 336, 672, 1344, 2688]",[-0.6818069629876018],0.9787145540998605,COMPLETE
501,0.2659924039342302,2025-01-10 13:52:53.089699,2025-01-10 13:53:03.669085,0 days 00:00:10.579386,0.14447730321357447,40.0,0.2,168,100.0,0.0009678362343321178,336,0.0002107785225676573,1,1,adam,"{'neurons_per_layer_encoder': [168], 'neurons_per_layer_decoder': [168]}",168,[168],[168],[0.2659924039342302],0.7876325752696479,COMPLETE
502,-0.03790221356439849,2025-01-10 13:52:54.957145,2025-01-10 13:52:58.907373,0 days 00:00:03.950228,0.14719452863865107,40.0,0.2,168,100.0,0.0009000014803046737,336,9.33905172389468e-05,1,1,sgd,"{'neurons_per_layer_encoder': [168], 'neurons_per_layer_decoder': [168]}",168,[168],[168],[-0.03790221356439849],0.7732772311169306,COMPLETE
503,0.013775931652494577,2025-01-10 13:52:58.935675,2025-01-10 13:53:08.593786,0 days 00:00:09.658111,0.13597186244333062,40.0,0.2,168,100.0,0.0003582775843319201,352,0.0002425122875497035,1,1,adam,"{'neurons_per_layer_encoder': [168], 'neurons_per_layer_decoder': [168]}",168,[168],[168],[0.013775931652494577],0.3927071813708884,COMPLETE
504,0.20555598740959447,2025-01-10 13:53:03.690483,2025-01-10 13:53:12.344623,0 days 00:00:08.654140,0.1483190086221342,40.0,0.2,184,100.0,0.0008747253615681727,352,0.00011317836224256466,1,1,adam,"{'neurons_per_layer_encoder': [184], 'neurons_per_layer_decoder': [184]}",184,[184],[184],[0.20555598740959447],0.7785017922538645,COMPLETE
505,0.12050380535741756,2025-01-10 13:53:06.793566,2025-01-10 13:53:13.671764,0 days 00:00:06.878198,0.16327356943779753,40.0,0.2,180,100.0,0.000811349269921051,348,0.004361138986596356,1,1,adam,"{'neurons_per_layer_encoder': [180], 'neurons_per_layer_decoder': [180]}",180,[180],[180],[0.12050380535741756],-0.7490085714218327,COMPLETE
506,0.11031659671469995,2025-01-10 13:53:08.609199,2025-01-10 13:53:15.016067,0 days 00:00:06.406868,0.12629764759835724,40.0,0.2,184,100.0,0.0009181292329693539,336,6.209608131540585e-05,1,1,adam,"{'neurons_per_layer_encoder': [184], 'neurons_per_layer_decoder': [184]}",184,[184],[184],[0.11031659671469995],0.7717255049003748,COMPLETE
507,0.14583985528215526,2025-01-10 13:53:12.091097,2025-01-10 13:53:17.318697,0 days 00:00:05.227600,0.15204453921981737,40.0,0.2,184,100.0,0.0009855392745936374,336,0.00018189784068735375,1,1,adam,"{'neurons_per_layer_encoder': [184], 'neurons_per_layer_decoder': [184]}",184,[184],[184],[0.14583985528215526],0.765095686909906,COMPLETE
508,0.28258080179034595,2025-01-10 13:53:12.362195,2025-01-10 13:53:17.618748,0 days 00:00:05.256553,0.16495491087910522,40.0,0.2,180,100.0,0.0008328719837865188,348,0.00018836173342280836,1,1,adam,"{'neurons_per_layer_encoder': [180], 'neurons_per_layer_decoder': [180]}",180,[180],[180],[0.28258080179034595],0.7815444678487368,COMPLETE
509,0.062187130857949136,2025-01-10 13:53:13.684093,2025-01-10 13:53:18.005721,0 days 00:00:04.321628,0.16924837143986582,40.0,0.2,188,100.0,0.000842743922981833,340,8.39285951021297e-05,1,1,adam,"{'neurons_per_layer_encoder': [188], 'neurons_per_layer_decoder': [188]}",188,[188],[188],[0.062187130857949136],0.7467842707315242,COMPLETE
510,0.15277159141049235,2025-01-10 13:53:15.034085,2025-01-10 13:53:18.658987,0 days 00:00:03.624902,0.06408497741568597,40.0,0.2,172,100.0,0.0008630932648648852,340,7.928662499662107e-05,1,1,adam,"{'neurons_per_layer_encoder': [172], 'neurons_per_layer_decoder': [172]}",172,[172],[172],[0.15277159141049235],0.7657984219694972,COMPLETE
511,0.17183754144084562,2025-01-10 13:53:17.062509,2025-01-10 13:53:19.835357,0 days 00:00:02.772848,0.16325047288871608,40.0,0.2,188,100.0,7.167564454759492e-05,340,0.00017731118754066218,1,1,adam,"{'neurons_per_layer_encoder': [188], 'neurons_per_layer_decoder': [188]}",188,[188],[188],[0.17183754144084562],-0.1875294651983558,COMPLETE
512,0.24798819670904926,2025-01-10 13:53:17.330264,2025-01-10 13:53:20.063457,0 days 00:00:02.733193,0.16313960529639598,32.0,0.4,172,100.0,0.0009854791720299576,340,0.00016906305842464157,1,1,adam,"{'neurons_per_layer_encoder': [172], 'neurons_per_layer_decoder': [172]}",172,[172],[172],[0.24798819670904926],0.8039192977896056,COMPLETE
513,0.12700447863674647,2025-01-10 13:53:17.628945,2025-01-10 13:53:20.398268,0 days 00:00:02.769323,0.06408146414313466,40.0,0.4,172,100.0,0.0008990753038139533,356,0.00023372895163556445,1,1,adam,"{'neurons_per_layer_encoder': [172], 'neurons_per_layer_decoder': [172]}",172,[172],[172],[0.12700447863674647],0.744472516705091,COMPLETE
514,0.14996402365520678,2025-01-10 13:53:18.016417,2025-01-10 13:53:20.993347,0 days 00:00:02.976930,0.15851311101006726,40.0,0.2,172,100.0,0.0009618800425074998,340,0.00022977513214553593,1,1,adam,"{'neurons_per_layer_encoder': [172], 'neurons_per_layer_decoder': [172]}",172,[172],[172],[0.14996402365520678],0.7442213220693498,COMPLETE
515,0.08790941309256894,2025-01-10 13:53:18.669337,2025-01-10 13:53:21.555908,0 days 00:00:02.886571,0.11067043301758481,40.0,0.4,36,100.0,0.0009648132190662037,71,0.00022943641952763392,1,1,adam,"{'neurons_per_layer_encoder': [36], 'neurons_per_layer_decoder': [36]}",36,[36],[36],[0.08790941309256894],0.4144161655909073,COMPLETE
516,0.24572993844635493,2025-01-10 13:53:19.845654,2025-01-10 13:53:22.659567,0 days 00:00:02.813913,0.13611459849500965,32.0,0.4,172,100.0,0.0007253611802650375,356,0.0002318672477846749,1,1,adam,"{'neurons_per_layer_encoder': [172], 'neurons_per_layer_decoder': [172]}",172,[172],[172],[0.24572993844635493],0.755060463807062,COMPLETE
517,0.16183500269712037,2025-01-10 13:53:20.075051,2025-01-10 13:53:23.052740,0 days 00:00:02.977689,0.13914390829255133,32.0,0.4,172,100.0,0.0009878354705173242,356,0.00022508872256686013,1,1,adam,"{'neurons_per_layer_encoder': [172], 'neurons_per_layer_decoder': [172]}",172,[172],[172],[0.16183500269712037],0.7745706171803836,COMPLETE
518,0.18534936578118377,2025-01-10 13:53:20.411710,2025-01-10 13:53:23.390243,0 days 00:00:02.978533,0.13417300158254672,32.0,0.2,160,100.0,0.00099822871312648,344,0.00018636413516666357,1,1,adam,"{'neurons_per_layer_encoder': [160], 'neurons_per_layer_decoder': [160]}",160,[160],[160],[0.18534936578118377],0.7596522531710569,COMPLETE
519,0.09890071639802744,2025-01-10 13:53:21.004090,2025-01-10 13:53:23.686371,0 days 00:00:02.682281,0.15134564656535604,32.0,0.2,160,100.0,0.0008344592151504233,344,0.00016631109344526112,1,1,adam,"{'neurons_per_layer_encoder': [160], 'neurons_per_layer_decoder': [160]}",160,[160],[160],[0.09890071639802744],0.7003652322477204,COMPLETE
520,0.17376766257974552,2025-01-10 13:53:21.566575,2025-01-10 13:53:24.261575,0 days 00:00:02.695000,0.15171542582312822,32.0,0.2,156,100.0,0.0007978632848095403,356,0.00017009412334017607,1,1,adam,"{'neurons_per_layer_encoder': [156], 'neurons_per_layer_decoder': [156]}",156,[156],[156],[0.17376766257974552],0.7125401977796938,COMPLETE
521,0.3067860994906204,2025-01-10 13:53:22.669865,2025-01-10 13:53:25.357636,0 days 00:00:02.687771,0.15198771052869964,32.0,0.2,160,100.0,0.0007880121374752781,344,0.00017028560846197509,1,1,adam,"{'neurons_per_layer_encoder': [160], 'neurons_per_layer_decoder': [160]}",160,[160],[160],[0.3067860994906204],0.7547389447750978,COMPLETE
522,0.21943843780740058,2025-01-10 13:53:23.064225,2025-01-10 13:53:25.721744,0 days 00:00:02.657519,0.15236642899627617,32.0,0.2,156,100.0,0.0007300594328433099,340,0.0001705434618305731,1,1,adam,"{'neurons_per_layer_encoder': [156], 'neurons_per_layer_decoder': [156]}",156,[156],[156],[0.21943843780740058],0.7106498583420117,COMPLETE
523,0.08959971025516278,2025-01-10 13:53:23.401136,2025-01-10 13:53:26.106912,0 days 00:00:02.705776,0.15475645858818196,32.0,0.4,156,100.0,0.0007499293670209906,340,0.00010796428450213398,1,1,adam,"{'neurons_per_layer_encoder': [156], 'neurons_per_layer_decoder': [156]}",156,[156],[156],[0.08959971025516278],0.7212952264248602,COMPLETE
524,-0.2910823210997744,2025-01-10 13:53:23.697244,2025-01-10 13:53:24.651067,0 days 00:00:00.953823,0.16152933998278426,32.0,0.4,156,100.0,0.0007720383866890282,340,0.0001359661265742151,1,1,sgd,"{'neurons_per_layer_encoder': [156], 'neurons_per_layer_decoder': [156]}",156,[156],[156],[-0.2910823210997744],0.6916072608220246,COMPLETE
525,-0.076971042445382,2025-01-10 13:53:24.272396,2025-01-10 13:53:25.954542,0 days 00:00:01.682146,0.16271162301072575,40.0,0.2,168,100.0,0.0007591888587498949,336,0.0001045274344978639,1,1,sgd,"{'neurons_per_layer_encoder': [168], 'neurons_per_layer_decoder': [168]}",168,[168],[168],[-0.076971042445382],0.7202933181364655,COMPLETE
526,0.2014969980704493,2025-01-10 13:53:24.661007,2025-01-10 13:53:27.297285,0 days 00:00:02.636278,0.1039087052649054,40.0,0.2,168,100.0,0.0006993745166867604,336,0.00010492988828373712,1,1,adam,"{'neurons_per_layer_encoder': [168], 'neurons_per_layer_decoder': [168]}",168,[168],[168],[0.2014969980704493],0.7249057765477606,COMPLETE
527,0.2072728439822844,2025-01-10 13:53:25.368175,2025-01-10 13:53:28.041313,0 days 00:00:02.673138,0.1719577305234326,40.0,0.2,164,100.0,0.0006811488874049967,348,0.00010252492884308573,1,1,adam,"{'neurons_per_layer_encoder': [164], 'neurons_per_layer_decoder': [164]}",164,[164],[164],[0.2072728439822844],0.7190434115381141,COMPLETE
528,0.24274875223701786,2025-01-10 13:53:25.732711,2025-01-10 13:53:28.412709,0 days 00:00:02.679998,0.08053751310790798,40.0,0.2,152,100.0,0.0006692077426308147,336,0.00010294509829798574,1,1,adam,"{'neurons_per_layer_encoder': [152], 'neurons_per_layer_decoder': [152]}",152,[152],[152],[0.24274875223701786],0.7160038866256063,COMPLETE
529,0.19984627144609057,2025-01-10 13:53:25.964246,2025-01-10 13:53:28.652612,0 days 00:00:02.688366,0.1461234380386179,40.0,0.2,152,100.0,0.0006549538706692802,352,0.00019503209505154933,1,1,adam,"{'neurons_per_layer_encoder': [152], 'neurons_per_layer_decoder': [152]}",152,[152],[152],[0.19984627144609057],0.6750774397540579,COMPLETE
530,0.16395801092764617,2025-01-10 13:53:26.118004,2025-01-10 13:53:28.797867,0 days 00:00:02.679863,0.17522381066031628,40.0,0.2,152,100.0,0.0006665246678203644,352,0.00020132707384907408,1,1,adam,"{'neurons_per_layer_encoder': [152], 'neurons_per_layer_decoder': [152]}",152,[152],[152],[0.16395801092764617],0.649001410090209,COMPLETE
531,0.22396276195883247,2025-01-10 13:53:27.307319,2025-01-10 13:53:30.037534,0 days 00:00:02.730215,0.14339783453817076,40.0,0.2,164,100.0,0.0006537494182780944,348,0.00027249555699191476,1,1,adam,"{'neurons_per_layer_encoder': [164], 'neurons_per_layer_decoder': [164]}",164,[164],[164],[0.22396276195883247],0.6794572639904273,COMPLETE
532,0.2326853160658937,2025-01-10 13:53:28.051798,2025-01-10 13:53:31.030420,0 days 00:00:02.978622,0.1437848502306258,40.0,0.2,160,100.0,0.000630411256612374,344,0.00019661693061810546,1,1,adam,"{'neurons_per_layer_encoder': [160], 'neurons_per_layer_decoder': [160]}",160,[160],[160],[0.2326853160658937],0.6812233979136875,COMPLETE
533,0.10685056960967976,2025-01-10 13:53:28.423094,2025-01-10 13:53:31.290896,0 days 00:00:02.867802,0.1744567179398551,32.0,0.2,160,100.0,0.0006252315350548688,344,0.00020278154093903656,1,1,adam,"{'neurons_per_layer_encoder': [160], 'neurons_per_layer_decoder': [160]}",160,[160],[160],[0.10685056960967976],0.6266679873874536,COMPLETE
534,0.2265363714455434,2025-01-10 13:53:28.662436,2025-01-10 13:53:31.538515,0 days 00:00:02.876079,0.17417999736193202,32.0,0.30000000000000004,192,100.0,0.0006075973594619092,360,0.00019893111393526472,1,1,adam,"{'neurons_per_layer_encoder': [192], 'neurons_per_layer_decoder': [192]}",192,[192],[192],[0.2265363714455434],0.7124557835866654,COMPLETE
535,0.17730857671902744,2025-01-10 13:53:28.807819,2025-01-10 13:53:31.743604,0 days 00:00:02.935785,0.05500115299427718,32.0,0.30000000000000004,212,100.0,0.0005834552744529178,364,0.00026076357184348414,1,1,adam,"{'neurons_per_layer_encoder': [212], 'neurons_per_layer_decoder': [212]}",212,[212],[212],[0.17730857671902744],0.6874898643858353,COMPLETE
536,0.16670508146818797,2025-01-10 13:53:30.047897,2025-01-10 13:53:32.822089,0 days 00:00:02.774192,0.17080674279135385,32.0,0.2,192,100.0,0.0005970293571881596,344,0.0001298949876350197,1,1,adam,"{'neurons_per_layer_encoder': [192], 'neurons_per_layer_decoder': [192]}",192,[192],[192],[0.16670508146818797],0.6843260770248559,COMPLETE
537,0.1843779539818997,2025-01-10 13:53:31.042639,2025-01-10 13:53:33.671054,0 days 00:00:02.628415,0.17113319908022556,32.0,0.30000000000000004,144,100.0,0.0005829762545371729,344,0.00012961335816638023,1,1,adam,"{'neurons_per_layer_encoder': [144], 'neurons_per_layer_decoder': [144]}",144,[144],[144],[0.1843779539818997],0.6632826260305659,COMPLETE
538,0.2069344488508318,2025-01-10 13:53:31.301882,2025-01-10 13:53:33.974612,0 days 00:00:02.672730,0.16954960094703866,32.0,0.30000000000000004,144,100.0,0.0005130355761497825,344,0.00013053143126538202,1,1,adam,"{'neurons_per_layer_encoder': [144], 'neurons_per_layer_decoder': [144]}",144,[144],[144],[0.2069344488508318],0.6319143039435321,COMPLETE
539,-0.01133703819469134,2025-01-10 13:53:31.549564,2025-01-10 13:53:34.251368,0 days 00:00:02.701804,0.07081246980168372,48.0,0.2,212,100.0,0.0005185625218361019,364,0.00026772316577073474,1,1,adam,"{'neurons_per_layer_encoder': [212], 'neurons_per_layer_decoder': [212]}",212,[212],[212],[-0.01133703819469134],0.5679383879790455,COMPLETE
540,0.299703234893441,2025-01-10 13:53:31.754336,2025-01-10 13:53:34.423707,0 days 00:00:02.669371,0.16463095875756992,48.0,0.2,180,100.0,0.000501658260817267,332,0.00013242032475055515,1,1,adam,"{'neurons_per_layer_encoder': [180], 'neurons_per_layer_decoder': [180]}",180,[180],[180],[0.299703234893441],0.6835826508709145,COMPLETE
541,0.18801275868320366,2025-01-10 13:53:32.833107,2025-01-10 13:53:35.452019,0 days 00:00:02.618912,0.1616335934571349,48.0,0.2,180,100.0,0.0005015057217608488,332,0.00015342889295397129,1,1,adam,"{'neurons_per_layer_encoder': [180], 'neurons_per_layer_decoder': [180]}",180,[180],[180],[0.18801275868320366],0.6413355164044042,COMPLETE
542,0.10572231344851069,2025-01-10 13:53:33.681722,2025-01-10 13:53:36.334541,0 days 00:00:02.652819,0.160144311330459,48.0,0.2,176,100.0,0.0004963569634235044,328,0.0001589440956196614,1,1,adam,"{'neurons_per_layer_encoder': [176], 'neurons_per_layer_decoder': [176]}",176,[176],[176],[0.10572231344851069],0.5839988236165067,COMPLETE
543,0.15257980516405778,2025-01-10 13:53:33.985050,2025-01-10 13:53:36.675762,0 days 00:00:02.690712,0.12487048714763845,48.0,0.2,176,100.0,0.000776130791461368,328,0.000299280430816735,1,1,adam,"{'neurons_per_layer_encoder': [176], 'neurons_per_layer_decoder': [176]}",176,[176],[176],[0.15257980516405778],0.7081810803343854,COMPLETE
544,0.15717144951069184,2025-01-10 13:53:34.261956,2025-01-10 13:53:36.957069,0 days 00:00:02.695113,0.012680682136860001,48.0,0.2,180,100.0,0.0008338922035959609,332,0.00031676188232245564,1,1,adam,"{'neurons_per_layer_encoder': [180], 'neurons_per_layer_decoder': [180]}",180,[180],[180],[0.15717144951069184],0.7135439728817996,COMPLETE
545,0.1481450280816462,2025-01-10 13:53:34.433805,2025-01-10 13:53:37.131000,0 days 00:00:02.697195,0.1864817863476556,48.0,0.2,200,100.0,0.0004743684412567425,336,0.00032551140050347826,1,1,adam,"{'neurons_per_layer_encoder': [200], 'neurons_per_layer_decoder': [200]}",200,[200],[200],[0.1481450280816462],0.6004704891241869,COMPLETE
546,0.1029418359547506,2025-01-10 13:53:35.462302,2025-01-10 13:53:39.692641,0 days 00:00:04.230339,0.048300241145349046,48.0,0.2,180,100.0,0.0004747160318377597,920,0.00016023217291650984,1,3,adam,"{'neurons_per_layer_encoder': [180, 360, 720], 'neurons_per_layer_decoder': [720]}",180,[720],"[180, 360, 720]",[0.1029418359547506],0.9193488414206508,COMPLETE
