number,value,datetime_start,datetime_complete,duration,params_alpha,params_batch_size,params_drop_out_rate,params_encoder_neurons_layer_1,params_epochs,params_lambda,params_latent_dim,params_learning_rate,params_num_layers_decoder,params_num_layers_encoder,params_optimizer,user_attrs_encoder_decoder_config,user_attrs_first_layer_neurons,user_attrs_neurons_per_layer_decoder,user_attrs_neurons_per_layer_encoder,user_attrs_r2_feature_1,user_attrs_relative_deterioration,state
1363,0.3143484203259337,2025-01-10 14:05:17.482900,2025-01-10 14:05:20.097027,0 days 00:00:02.614127,0.05050369245626957,48.0,0.2,124,100.0,0.0005340462334202457,276,0.0009989388490368259,1,1,adam,"{'neurons_per_layer_encoder': [124], 'neurons_per_layer_decoder': [124]}",124,[124],[124],[0.3143484203259337],0.49823468531210524,COMPLETE
1364,0.3049225905163412,2025-01-10 14:05:18.140144,2025-01-10 14:05:20.739653,0 days 00:00:02.599509,0.04907828442208954,48.0,0.2,60,100.0,0.0005463180901985881,130,0.002020772833838732,1,1,adam,"{'neurons_per_layer_encoder': [60], 'neurons_per_layer_decoder': [60]}",60,[60],[60],[0.3049225905163412],0.16533168715274707,COMPLETE
1365,0.29617101039164073,2025-01-10 14:05:18.273117,2025-01-10 14:05:20.898513,0 days 00:00:02.625396,0.05169391407679248,40.0,0.2,64,100.0,6.693840428325596e-05,134,0.0010583089973208325,1,1,adam,"{'neurons_per_layer_encoder': [64], 'neurons_per_layer_decoder': [64]}",64,[64],[64],[0.29617101039164073],-0.7172737848245968,COMPLETE
1366,0.1630114195086363,2025-01-10 14:05:18.965362,2025-01-10 14:05:21.617631,0 days 00:00:02.652269,0.05261096297541152,40.0,0.2,92,100.0,0.0005328566346918968,212,0.0008014927972591996,1,1,adam,"{'neurons_per_layer_encoder': [92], 'neurons_per_layer_decoder': [92]}",92,[92],[92],[0.1630114195086363],0.3312761722076019,COMPLETE
1367,0.17212135739729872,2025-01-10 14:05:19.905743,2025-01-10 14:05:22.772087,0 days 00:00:02.866344,0.05072738559536895,40.0,0.2,60,100.0,0.0005465887175490023,130,0.0005779404079361237,2,1,adam,"{'neurons_per_layer_encoder': [60], 'neurons_per_layer_decoder': [60, 30]}",60,"[60, 30]",[60],[0.17212135739729872],0.41885773147847694,COMPLETE
1368,0.04714127988100636,2025-01-10 14:05:20.108505,2025-01-10 14:05:23.172392,0 days 00:00:03.063887,0.04865002719838646,48.0,0.2,204,100.0,0.0005435460819177719,276,0.0009979372563476436,2,1,adam,"{'neurons_per_layer_encoder': [204], 'neurons_per_layer_decoder': [204, 102]}",204,"[204, 102]",[204],[0.04714127988100636],0.6410978016297314,COMPLETE
1369,0.169604794207332,2025-01-10 14:05:20.751679,2025-01-10 14:05:23.396700,0 days 00:00:02.645021,0.04868777434301723,48.0,0.2,56,100.0,0.00051058127470574,109,0.0029087736353732795,1,1,adam,"{'neurons_per_layer_encoder': [56], 'neurons_per_layer_decoder': [56]}",56,[56],[56],[0.169604794207332],-0.239964601266846,COMPLETE
1370,0.17600519650781477,2025-01-10 14:05:20.909871,2025-01-10 14:05:23.795884,0 days 00:00:02.886013,0.05036572317782816,40.0,0.2,60,100.0,0.00012241221418748564,130,0.0024385930555181545,2,1,adam,"{'neurons_per_layer_encoder': [60], 'neurons_per_layer_decoder': [60, 30]}",60,"[60, 30]",[60],[0.17600519650781477],-0.554191071065059,COMPLETE
1371,0.2057203791602512,2025-01-10 14:05:21.629521,2025-01-10 14:05:24.478414,0 days 00:00:02.848893,0.04812203210583315,48.0,0.2,60,100.0,4.543601012423914e-05,130,0.0022588526563963097,2,1,adam,"{'neurons_per_layer_encoder': [60], 'neurons_per_layer_decoder': [60, 30]}",60,"[60, 30]",[60],[0.2057203791602512],-0.8185914201899599,COMPLETE
1372,0.22207383495682154,2025-01-10 14:05:22.783497,2025-01-10 14:05:25.298091,0 days 00:00:02.514594,0.04876602406207119,48.0,0.2,60,100.0,6.313213303322944e-05,130,0.0010582234253823538,1,1,adam,"{'neurons_per_layer_encoder': [60], 'neurons_per_layer_decoder': [60]}",60,[60],[60],[0.22207383495682154],-0.7882593851889718,COMPLETE
1373,0.14631635044034896,2025-01-10 14:05:23.184924,2025-01-10 14:05:25.883466,0 days 00:00:02.698542,0.05006951527431136,48.0,0.2,64,100.0,6.909897773568268e-05,134,0.002859204021679424,1,1,adam,"{'neurons_per_layer_encoder': [64], 'neurons_per_layer_decoder': [64]}",64,[64],[64],[0.14631635044034896],-1.193760827321518,COMPLETE
1374,0.23378434612477306,2025-01-10 14:05:23.408067,2025-01-10 14:05:25.940518,0 days 00:00:02.532451,0.04754247799696276,48.0,0.2,56,100.0,7.121663521240074e-05,77,0.0011081772743966045,1,1,adam,"{'neurons_per_layer_encoder': [56], 'neurons_per_layer_decoder': [56]}",56,[56],[56],[0.23378434612477306],-0.7190895533287404,COMPLETE
1375,0.09254678356862478,2025-01-10 14:05:23.807245,2025-01-10 14:05:27.324161,0 days 00:00:03.516916,0.05131690145183711,48.0,0.2,64,100.0,0.00015033135810725562,280,0.002130864413184639,1,3,adam,"{'neurons_per_layer_encoder': [64, 128, 256], 'neurons_per_layer_decoder': [256]}",64,[256],"[64, 128, 256]",[0.09254678356862478],0.330067253417624,COMPLETE
1376,0.28142362212776795,2025-01-10 14:05:24.491615,2025-01-10 14:05:27.177080,0 days 00:00:02.685465,0.015466822130718049,32.0,0.2,56,100.0,6.668239274283541e-05,77,0.0011419211665293014,1,1,adam,"{'neurons_per_layer_encoder': [56], 'neurons_per_layer_decoder': [56]}",56,[56],[56],[0.28142362212776795],-0.9643165641707845,COMPLETE
1377,0.19081886227553746,2025-01-10 14:05:25.471001,2025-01-10 14:05:27.945049,0 days 00:00:02.474048,0.0516235823130494,96.0,0.2,64,100.0,7.31952073002088e-05,134,0.0019982218992951116,1,1,adam,"{'neurons_per_layer_encoder': [64], 'neurons_per_layer_decoder': [64]}",64,[64],[64],[0.19081886227553746],-1.0360902247187957,COMPLETE
1378,-0.008572236796406285,2025-01-10 14:05:25.895770,2025-01-10 14:05:27.310907,0 days 00:00:01.415137,0.046362334631559546,32.0,0.2,56,100.0,3.9610419075697296e-05,77,0.0014043474308967183,1,1,adam,"{'neurons_per_layer_encoder': [56], 'neurons_per_layer_decoder': [56]}",56,[56],[56],[-0.008572236796406285],-1.0607408248660506,COMPLETE
1379,0.14424823240207996,2025-01-10 14:05:25.954776,2025-01-10 14:05:28.759601,0 days 00:00:02.804825,0.055526341060554193,32.0,0.2,132,100.0,0.0005047859892350685,284,0.0015002165456372992,1,1,adam,"{'neurons_per_layer_encoder': [132], 'neurons_per_layer_decoder': [132]}",132,[132],[132],[0.14424823240207996],0.13514243953375552,COMPLETE
1380,0.2637004237249527,2025-01-10 14:05:27.190007,2025-01-10 14:05:29.756765,0 days 00:00:02.566758,0.05245980676948413,40.0,0.2,64,100.0,9.755407511416694e-05,134,0.0021903199034811883,1,1,adam,"{'neurons_per_layer_encoder': [64], 'neurons_per_layer_decoder': [64]}",64,[64],[64],[0.2637004237249527],-0.5805275600603634,COMPLETE
1381,0.09406066011639735,2025-01-10 14:05:27.321730,2025-01-10 14:05:29.880064,0 days 00:00:02.558334,0.0550208703169276,40.0,0.2,52,100.0,0.0002140891788728811,73,0.0009303656029754966,1,1,adam,"{'neurons_per_layer_encoder': [52], 'neurons_per_layer_decoder': [52]}",52,[52],[52],[0.09406066011639735],-0.3795819364244835,COMPLETE
1382,0.15257320946744868,2025-01-10 14:05:27.337433,2025-01-10 14:05:29.885668,0 days 00:00:02.548235,0.059140503644827834,40.0,0.2,64,100.0,0.00012183920845799572,134,0.004410648975677906,1,1,adam,"{'neurons_per_layer_encoder': [64], 'neurons_per_layer_decoder': [64]}",64,[64],[64],[0.15257320946744868],-0.9333447379685713,COMPLETE
1383,0.27175190018615114,2025-01-10 14:05:27.957058,2025-01-10 14:05:30.575909,0 days 00:00:02.618851,0.0539490505804505,40.0,0.2,64,100.0,0.00010449024286599619,134,0.0009480815710694317,1,1,adam,"{'neurons_per_layer_encoder': [64], 'neurons_per_layer_decoder': [64]}",64,[64],[64],[0.27175190018615114],-0.4600425930701655,COMPLETE
1384,0.09546493531687916,2025-01-10 14:05:28.771569,2025-01-10 14:05:31.274625,0 days 00:00:02.503056,0.04532442097035926,40.0,0.30000000000000004,52,100.0,2.1389927302273716e-05,89,0.0017202319623956862,1,1,adam,"{'neurons_per_layer_encoder': [52], 'neurons_per_layer_decoder': [52]}",52,[52],[52],[0.09546493531687916],-1.0394168883053578,COMPLETE
1385,0.1591039941111383,2025-01-10 14:05:29.768887,2025-01-10 14:05:32.225159,0 days 00:00:02.456272,0.05847220470033626,48.0,0.2,52,100.0,4.521886974613139e-05,89,0.0017975819151919575,1,1,adam,"{'neurons_per_layer_encoder': [52], 'neurons_per_layer_decoder': [52]}",52,[52],[52],[0.1591039941111383],-1.0648201669151467,COMPLETE
1386,-0.037882687386215474,2025-01-10 14:05:29.897225,2025-01-10 14:05:31.570620,0 days 00:00:01.673395,0.048059475431809086,48.0,0.2,124,100.0,0.0005655123542649441,260,0.000997760995438562,1,1,sgd,"{'neurons_per_layer_encoder': [124], 'neurons_per_layer_decoder': [124]}",124,[124],[124],[-0.037882687386215474],0.5572796265940747,COMPLETE
1387,0.16292866490986713,2025-01-10 14:05:29.902555,2025-01-10 14:05:32.287485,0 days 00:00:02.384930,0.044352906575680015,48.0,0.2,52,100.0,0.0005664670558372124,89,0.003197662208218607,1,1,sgd,"{'neurons_per_layer_encoder': [52], 'neurons_per_layer_decoder': [52]}",52,[52],[52],[0.16292866490986713],0.48452443816871565,COMPLETE
1388,-0.042423214330758574,2025-01-10 14:05:30.594801,2025-01-10 14:05:32.180039,0 days 00:00:01.585238,0.04620996143806166,48.0,0.2,52,100.0,3.252459118737274e-05,89,0.0019196524033207264,1,1,sgd,"{'neurons_per_layer_encoder': [52], 'neurons_per_layer_decoder': [52]}",52,[52],[52],[-0.042423214330758574],-0.2852589719417127,COMPLETE
1389,0.03080032436857838,2025-01-10 14:05:31.286442,2025-01-10 14:05:33.685625,0 days 00:00:02.399183,0.04859718592355081,48.0,0.2,68,100.0,1.6189476881348216e-05,138,0.0012495698567532507,4,1,sgd,"{'neurons_per_layer_encoder': [68], 'neurons_per_layer_decoder': [68, 34, 17, 8]}",68,"[68, 34, 17, 8]",[68],[0.03080032436857838],-0.3370573819204381,COMPLETE
1390,0.07824784040244426,2025-01-10 14:05:31.582660,2025-01-10 14:05:34.942712,0 days 00:00:03.360052,0.04785344613285624,48.0,0.2,56,100.0,1.5343701352201944e-05,77,0.0009899165668770737,4,1,adam,"{'neurons_per_layer_encoder': [56], 'neurons_per_layer_decoder': [56, 28, 14, 8]}",56,"[56, 28, 14, 8]",[56],[0.07824784040244426],-0.7327191211281356,COMPLETE
1391,0.1595495642609016,2025-01-10 14:05:32.192400,2025-01-10 14:05:34.875499,0 days 00:00:02.683099,0.05016363610120317,48.0,0.2,136,100.0,0.0005033418185261758,288,0.001117175010733257,1,1,adam,"{'neurons_per_layer_encoder': [136], 'neurons_per_layer_decoder': [136]}",136,[136],[136],[0.1595495642609016],0.3580905863796364,COMPLETE
1392,0.20665150085343154,2025-01-10 14:05:32.241515,2025-01-10 14:05:35.555474,0 days 00:00:03.313959,0.049747166445038196,48.0,0.2,60,100.0,7.898421835870464e-05,130,0.0011429511837705063,4,1,adam,"{'neurons_per_layer_encoder': [60], 'neurons_per_layer_decoder': [60, 30, 15, 8]}",60,"[60, 30, 15, 8]",[60],[0.20665150085343154],-0.27470247247983093,COMPLETE
1393,0.09355094905043992,2025-01-10 14:05:32.300061,2025-01-10 14:05:34.528127,0 days 00:00:02.228066,0.05090439708131359,48.0,0.2,136,100.0,5.1484626771023676e-05,288,0.0013902658574446551,1,1,adam,"{'neurons_per_layer_encoder': [136], 'neurons_per_layer_decoder': [136]}",136,[136],[136],[0.09355094905043992],-0.8162456548510986,COMPLETE
1394,0.13146255135768892,2025-01-10 14:05:33.697812,2025-01-10 14:05:36.194148,0 days 00:00:02.496336,0.05488024165817909,112.0,0.2,60,100.0,0.0005077555457995606,130,0.0015197586621560595,1,1,adam,"{'neurons_per_layer_encoder': [60], 'neurons_per_layer_decoder': [60]}",60,[60],[60],[0.13146255135768892],0.06141680208276151,COMPLETE
1395,0.06335488415705426,2025-01-10 14:05:34.539675,2025-01-10 14:05:36.813380,0 days 00:00:02.273705,0.05746889293572234,48.0,0.2,60,100.0,9.393341721513746e-05,272,0.0006152754047296098,1,2,adam,"{'neurons_per_layer_encoder': [60, 120], 'neurons_per_layer_decoder': [120]}",60,[120],"[60, 120]",[0.06335488415705426],-0.033005759034507226,COMPLETE
1396,0.17586356196540132,2025-01-10 14:05:34.886474,2025-01-10 14:05:36.984181,0 days 00:00:02.097707,0.05632959472257439,32.0,0.2,68,100.0,0.0001894403422526787,138,0.0009111339629668755,1,1,adam,"{'neurons_per_layer_encoder': [68], 'neurons_per_layer_decoder': [68]}",68,[68],[68],[0.17586356196540132],-0.20613416556454905,COMPLETE
1397,0.31526957369705,2025-01-10 14:05:34.956599,2025-01-10 14:05:37.946978,0 days 00:00:02.990379,0.054270063093591,32.0,0.2,68,100.0,3.187971956526252e-05,272,0.0011573971727470238,1,2,adam,"{'neurons_per_layer_encoder': [68, 136], 'neurons_per_layer_decoder': [136]}",68,[136],"[68, 136]",[0.31526957369705],-0.49051607298535516,COMPLETE
1398,0.19877144592559537,2025-01-10 14:05:35.567031,2025-01-10 14:05:38.596492,0 days 00:00:03.029461,0.0532525228857115,32.0,0.2,68,100.0,9.009807243699163e-05,138,0.0015363440783403525,3,1,adam,"{'neurons_per_layer_encoder': [68], 'neurons_per_layer_decoder': [68, 34, 17]}",68,"[68, 34, 17]",[68],[0.19877144592559537],-0.44004358576674196,COMPLETE
1399,0.21840009206474365,2025-01-10 14:05:36.205140,2025-01-10 14:05:39.287664,0 days 00:00:03.082524,0.05767417271339815,32.0,0.2,68,100.0,0.0005969474963952439,138,0.001023680888171886,3,1,adam,"{'neurons_per_layer_encoder': [68], 'neurons_per_layer_decoder': [68, 34, 17]}",68,"[68, 34, 17]",[68],[0.21840009206474365],0.5579944465295146,COMPLETE
1400,0.10088796701498914,2025-01-10 14:05:36.825185,2025-01-10 14:05:39.391265,0 days 00:00:02.566080,0.04609139820853676,32.0,0.2,68,100.0,0.0006083223627269693,138,0.005581942744384902,1,1,adam,"{'neurons_per_layer_encoder': [68], 'neurons_per_layer_decoder': [68]}",68,[68],[68],[0.10088796701498914],-1.2352132635526956,COMPLETE
1401,-0.23025751263515248,2025-01-10 14:05:36.996293,2025-01-10 14:05:38.432679,0 days 00:00:01.436386,0.05211723253830641,80.0,0.2,68,100.0,0.0005799513624634838,138,0.0008502656115787298,1,1,adam,"{'neurons_per_layer_encoder': [68], 'neurons_per_layer_decoder': [68]}",68,[68],[68],[-0.23025751263515248],0.0889771896171575,COMPLETE
1402,0.27278429135995497,2025-01-10 14:05:37.958479,2025-01-10 14:05:40.570795,0 days 00:00:02.612316,0.053239496209917817,40.0,0.2,68,100.0,8.366873626934433e-05,138,0.0012373518345126743,1,1,adam,"{'neurons_per_layer_encoder': [68], 'neurons_per_layer_decoder': [68]}",68,[68],[68],[0.27278429135995497],-0.5229589398635706,COMPLETE
1403,0.06119357767980538,2025-01-10 14:05:38.444501,2025-01-10 14:05:42.140516,0 days 00:00:03.696015,0.05918595154016707,32.0,0.2,64,100.0,5.4453876497218476e-05,280,0.0008631374159449019,3,3,adam,"{'neurons_per_layer_encoder': [64, 128, 256], 'neurons_per_layer_decoder': [256, 128, 64]}",64,"[256, 128, 64]","[64, 128, 256]",[0.06119357767980538],0.18526867678802192,COMPLETE
1404,0.15082337399177992,2025-01-10 14:05:38.608366,2025-01-10 14:05:41.452072,0 days 00:00:02.843706,0.05731644374926732,32.0,0.2,64,100.0,1.874557311178002e-05,134,0.0010836111967852322,1,1,adam,"{'neurons_per_layer_encoder': [64], 'neurons_per_layer_decoder': [64]}",64,[64],[64],[0.15082337399177992],-1.2142570384407243,COMPLETE
1405,0.15718154007573537,2025-01-10 14:05:39.299386,2025-01-10 14:05:42.658270,0 days 00:00:03.358884,0.05364399882037589,32.0,0.2,60,100.0,7.414792696870283e-05,264,0.0009891216363779737,1,3,adam,"{'neurons_per_layer_encoder': [60, 120, 240], 'neurons_per_layer_decoder': [240]}",60,[240],"[60, 120, 240]",[0.15718154007573537],0.10485792786107477,COMPLETE
1406,-0.10259946981831125,2025-01-10 14:05:39.402185,2025-01-10 14:05:41.898036,0 days 00:00:02.495851,0.05512944115419389,32.0,0.2,64,100.0,4.2616703868623556e-05,280,0.0010061746741325756,1,3,adam,"{'neurons_per_layer_encoder': [64, 128, 256], 'neurons_per_layer_decoder': [256]}",64,[256],"[64, 128, 256]",[-0.10259946981831125],-0.3890178318001077,COMPLETE
1407,0.3195808519665896,2025-01-10 14:05:40.794098,2025-01-10 14:05:43.384825,0 days 00:00:02.590727,0.05934073342496898,32.0,0.2,60,100.0,3.592522988949283e-05,130,0.0010836159405617934,1,1,adam,"{'neurons_per_layer_encoder': [60], 'neurons_per_layer_decoder': [60]}",60,[60],[60],[0.3195808519665896],-0.7148846505196745,COMPLETE
1408,0.0009180258415053544,2025-01-10 14:05:41.464692,2025-01-10 14:05:44.115810,0 days 00:00:02.651118,0.05153488790293707,32.0,0.2,60,100.0,4.0464528252845686e-05,264,0.0013233038516652375,1,3,adam,"{'neurons_per_layer_encoder': [60, 120, 240], 'neurons_per_layer_decoder': [240]}",60,[240],"[60, 120, 240]",[0.0009180258415053544],-0.42098341831950403,COMPLETE
1409,0.22148622549143637,2025-01-10 14:05:41.909844,2025-01-10 14:05:44.487469,0 days 00:00:02.577625,0.043049123059397794,32.0,0.2,60,100.0,2.3009600679425318e-05,130,0.0011278033797788598,1,1,adam,"{'neurons_per_layer_encoder': [60], 'neurons_per_layer_decoder': [60]}",60,[60],[60],[0.22148622549143637],-1.1560191955299168,COMPLETE
1410,0.14038012412826584,2025-01-10 14:05:42.152331,2025-01-10 14:05:44.718946,0 days 00:00:02.566615,0.04973087291794096,32.0,0.2,56,100.0,1.5893643319217662e-05,77,0.0012592362674558892,1,1,adam,"{'neurons_per_layer_encoder': [56], 'neurons_per_layer_decoder': [56]}",56,[56],[56],[0.14038012412826584],-1.257121220538159,COMPLETE
1411,0.35708284080289754,2025-01-10 14:05:42.669719,2025-01-10 14:05:45.431688,0 days 00:00:02.761969,0.043466514383189256,32.0,0.2,56,100.0,2.7803066949880865e-05,77,0.0007670491088734407,1,1,adam,"{'neurons_per_layer_encoder': [56], 'neurons_per_layer_decoder': [56]}",56,[56],[56],[0.35708284080289754],-0.43776009384909653,COMPLETE
1412,0.24170329665836587,2025-01-10 14:05:43.410095,2025-01-10 14:05:45.993662,0 days 00:00:02.583567,0.05981968595843653,32.0,0.2,56,100.0,3.724850264462703e-05,77,0.0007334552880604335,1,1,adam,"{'neurons_per_layer_encoder': [56], 'neurons_per_layer_decoder': [56]}",56,[56],[56],[0.24170329665836587],-1.2597370082756296,COMPLETE
1413,0.06873068461104193,2025-01-10 14:05:44.127595,2025-01-10 14:05:45.993427,0 days 00:00:01.865832,0.06307298037358088,32.0,0.2,56,100.0,3.577183957959304e-05,77,0.0012361406395071715,1,1,adam,"{'neurons_per_layer_encoder': [56], 'neurons_per_layer_decoder': [56]}",56,[56],[56],[0.06873068461104193],-1.0673554939050496,COMPLETE
1414,0.23533233175003387,2025-01-10 14:05:44.499503,2025-01-10 14:05:47.100767,0 days 00:00:02.601264,0.06111890634221744,32.0,0.2,52,100.0,3.798989371577447e-05,89,0.0014562636916162462,1,1,adam,"{'neurons_per_layer_encoder': [52], 'neurons_per_layer_decoder': [52]}",52,[52],[52],[0.23533233175003387],-1.0658844012642636,COMPLETE
1415,0.249784778253201,2025-01-10 14:05:44.730866,2025-01-10 14:05:47.309082,0 days 00:00:02.578216,0.06082713563913518,32.0,0.2,52,100.0,2.6977282012956867e-05,89,0.0014037235295276814,1,1,adam,"{'neurons_per_layer_encoder': [52], 'neurons_per_layer_decoder': [52]}",52,[52],[52],[0.249784778253201],-0.8659453910806709,COMPLETE
1416,-0.015033634518554662,2025-01-10 14:05:45.443241,2025-01-10 14:05:49.749942,0 days 00:00:04.306701,0.060348126209402095,32.0,0.2,56,100.0,2.4400181348147603e-05,472,0.0008261016843717872,1,4,adam,"{'neurons_per_layer_encoder': [56, 112, 224, 448], 'neurons_per_layer_decoder': [448]}",56,[448],"[56, 112, 224, 448]",[-0.015033634518554662],-0.19107581092541673,COMPLETE
1417,0.14902013807208903,2025-01-10 14:05:46.006886,2025-01-10 14:05:48.656511,0 days 00:00:02.649625,0.040662818250964766,32.0,0.2,52,100.0,2.620913633224088e-05,73,0.00075579161575203,1,1,adam,"{'neurons_per_layer_encoder': [52], 'neurons_per_layer_decoder': [52]}",52,[52],[52],[0.14902013807208903],-1.0783803067696707,COMPLETE
1418,0.14563645869118846,2025-01-10 14:05:46.007168,2025-01-10 14:05:48.652626,0 days 00:00:02.645458,0.03998850896181136,32.0,0.2,52,100.0,3.302271833203075e-05,89,0.0008110563849589166,1,1,adam,"{'neurons_per_layer_encoder': [52], 'neurons_per_layer_decoder': [52]}",52,[52],[52],[0.14563645869118846],-1.401727535560252,COMPLETE
1419,0.22451201941200516,2025-01-10 14:05:47.113911,2025-01-10 14:05:49.768986,0 days 00:00:02.655075,0.043669857563429025,32.0,0.2,52,100.0,2.9395109734123212e-05,73,0.0008438295046890684,1,1,adam,"{'neurons_per_layer_encoder': [52], 'neurons_per_layer_decoder': [52]}",52,[52],[52],[0.22451201941200516],-0.9199779700268365,COMPLETE
1420,0.12678449787358392,2025-01-10 14:05:47.322412,2025-01-10 14:05:49.942681,0 days 00:00:02.620269,0.039466935942103196,32.0,0.2,52,100.0,3.322434893425319e-05,73,0.0008452838041278185,1,1,adam,"{'neurons_per_layer_encoder': [52], 'neurons_per_layer_decoder': [52]}",52,[52],[52],[0.12678449787358392],-1.1493444686132595,COMPLETE
1421,0.22382284038071987,2025-01-10 14:05:48.668630,2025-01-10 14:05:51.364208,0 days 00:00:02.695578,0.044291564315657034,32.0,0.2,48,100.0,3.4253627840043496e-05,68,0.0009414633893683964,1,1,adam,"{'neurons_per_layer_encoder': [48], 'neurons_per_layer_decoder': [48]}",48,[48],[48],[0.22382284038071987],-0.9045427151482331,COMPLETE
1422,-0.027706838005003176,2025-01-10 14:05:48.669208,2025-01-10 14:05:51.984312,0 days 00:00:03.315104,0.047280009036574235,32.0,0.2,48,100.0,2.6898748557877253e-05,664,0.0009289641438606881,1,4,adam,"{'neurons_per_layer_encoder': [48, 96, 192, 384], 'neurons_per_layer_decoder': [384]}",48,[384],"[48, 96, 192, 384]",[-0.027706838005003176],-0.10889934111920986,COMPLETE
1423,0.036298840444549896,2025-01-10 14:05:49.761667,2025-01-10 14:05:51.222654,0 days 00:00:01.460987,0.04384113352082001,32.0,0.2,48,100.0,2.8192449905974723e-05,68,0.0010974519188515649,1,1,adam,"{'neurons_per_layer_encoder': [48], 'neurons_per_layer_decoder': [48]}",48,[48],[48],[0.036298840444549896],-0.9690110026706705,COMPLETE
1424,-0.07640007113460578,2025-01-10 14:05:49.782093,2025-01-10 14:05:51.227308,0 days 00:00:01.445215,0.047049571892622995,32.0,0.2,44,100.0,2.7696475088669245e-05,80,0.0009646349035934292,1,1,adam,"{'neurons_per_layer_encoder': [44], 'neurons_per_layer_decoder': [44]}",44,[44],[44],[-0.07640007113460578],-0.9316382839362436,COMPLETE
1425,0.1569622271562967,2025-01-10 14:05:49.953896,2025-01-10 14:05:52.602871,0 days 00:00:02.648975,0.052020210591356,32.0,0.2,44,100.0,3.0904262315646256e-05,80,0.0009326005070685687,1,1,adam,"{'neurons_per_layer_encoder': [44], 'neurons_per_layer_decoder': [44]}",44,[44],[44],[0.1569622271562967],-0.920904037031231,COMPLETE
