number,value,datetime_start,datetime_complete,duration,params_alpha,params_batch_size,params_drop_out_rate,params_encoder_neurons_layer_1,params_epochs,params_lambda,params_latent_dim,params_learning_rate,params_num_layers_decoder,params_num_layers_encoder,params_optimizer,user_attrs_encoder_decoder_config,user_attrs_first_layer_neurons,user_attrs_neurons_per_layer_decoder,user_attrs_neurons_per_layer_encoder,user_attrs_r2_feature_1,user_attrs_relative_deterioration,state
1237,0.12772115018369978,2025-01-10 14:02:28.112429,2025-01-10 14:02:30.757368,0 days 00:00:02.644939,0.17274798094750674,48.0,0.2,48,100.0,0.0007539874678611155,100,0.0003125587746903499,1,1,adam,"{'neurons_per_layer_encoder': [48], 'neurons_per_layer_decoder': [48]}",48,[48],[48],[0.12772115018369978],0.3730845718806971,COMPLETE
1238,0.22892868300242653,2025-01-10 14:02:28.981491,2025-01-10 14:02:31.668419,0 days 00:00:02.686928,0.17437115038640855,48.0,0.2,60,100.0,0.0007638673066245737,130,0.000489287386659023,1,1,adam,"{'neurons_per_layer_encoder': [60], 'neurons_per_layer_decoder': [60]}",60,[60],[60],[0.22892868300242653],0.4704248234025856,COMPLETE
1239,0.23493285591329038,2025-01-10 14:02:29.725598,2025-01-10 14:02:32.345081,0 days 00:00:02.619483,0.15443247536961296,56.0,0.2,60,100.0,0.0002049634088858639,130,0.0008905246165729729,1,1,adam,"{'neurons_per_layer_encoder': [60], 'neurons_per_layer_decoder': [60]}",60,[60],[60],[0.23493285591329038],-0.005159138044232154,COMPLETE
1240,-0.02858369179228304,2025-01-10 14:02:30.592337,2025-01-10 14:02:32.440838,0 days 00:00:01.848501,0.17827541676884065,56.0,0.2,52,100.0,0.0006886967781078859,89,0.00017553635254837272,1,1,adam,"{'neurons_per_layer_encoder': [52], 'neurons_per_layer_decoder': [52]}",52,[52],[52],[-0.02858369179228304],0.24714763519631572,COMPLETE
1241,-0.07639294571918054,2025-01-10 14:02:30.769572,2025-01-10 14:02:32.564612,0 days 00:00:01.795040,0.1552033103528573,56.0,0.2,56,100.0,5.6459155215117685e-05,109,0.00017995998304658523,1,1,adam,"{'neurons_per_layer_encoder': [56], 'neurons_per_layer_decoder': [56]}",56,[56],[56],[-0.07639294571918054],-0.4700105206122042,COMPLETE
1242,0.09503421029123094,2025-01-10 14:02:30.788552,2025-01-10 14:02:33.418652,0 days 00:00:02.630100,0.15548716044337677,56.0,0.2,96,100.0,0.0006453232154022961,216,0.00026317908635339004,1,1,adam,"{'neurons_per_layer_encoder': [96], 'neurons_per_layer_decoder': [96]}",96,[96],[96],[0.09503421029123094],0.5371289081064636,COMPLETE
1243,0.22245140736265767,2025-01-10 14:02:31.680554,2025-01-10 14:02:34.213347,0 days 00:00:02.532793,0.15475596482933002,56.0,0.2,56,100.0,0.00023463139283338012,109,0.0006612383920560742,1,1,adam,"{'neurons_per_layer_encoder': [56], 'neurons_per_layer_decoder': [56]}",56,[56],[56],[0.22245140736265767],-0.07191751250131306,COMPLETE
1244,0.05414792220240905,2025-01-10 14:02:32.356749,2025-01-10 14:02:33.729488,0 days 00:00:01.372739,0.1565763373601889,48.0,0.2,96,100.0,0.0006661114748399004,200,0.00018891610339325649,1,1,adam,"{'neurons_per_layer_encoder': [96], 'neurons_per_layer_decoder': [96]}",96,[96],[96],[0.05414792220240905],0.5174688483453653,COMPLETE
1245,0.06636589633249557,2025-01-10 14:02:32.451915,2025-01-10 14:02:34.932011,0 days 00:00:02.480096,0.15504536402736208,104.0,0.2,84,100.0,0.0006384254601809928,188,0.0002751432447996843,1,1,adam,"{'neurons_per_layer_encoder': [84], 'neurons_per_layer_decoder': [84]}",84,[84],[84],[0.06636589633249557],0.41954087944976787,COMPLETE
1246,0.18927146300037623,2025-01-10 14:02:32.575973,2025-01-10 14:02:35.122640,0 days 00:00:02.546667,0.19988778007140687,48.0,0.2,96,100.0,0.0006270830612713057,200,0.0006232683476135747,1,1,adam,"{'neurons_per_layer_encoder': [96], 'neurons_per_layer_decoder': [96]}",96,[96],[96],[0.18927146300037623],0.44649481584800677,COMPLETE
1247,0.07819180298066175,2025-01-10 14:02:33.430472,2025-01-10 14:02:34.805438,0 days 00:00:01.374966,0.18937129862880753,48.0,0.2,32,100.0,0.0003645907622504865,51,0.00020292892314166845,1,1,adam,"{'neurons_per_layer_encoder': [32], 'neurons_per_layer_decoder': [32]}",32,[32],[32],[0.07819180298066175],0.17705950007596893,COMPLETE
1248,0.041107717695846424,2025-01-10 14:02:33.741427,2025-01-10 14:02:36.380559,0 days 00:00:02.639132,0.02450486371813094,104.0,0.2,36,100.0,0.0004636041487081588,71,0.00025814421663910875,1,1,adam,"{'neurons_per_layer_encoder': [36], 'neurons_per_layer_decoder': [36]}",36,[36],[36],[0.041107717695846424],-0.018587427909859577,COMPLETE
1249,0.1455456036220114,2025-01-10 14:02:34.224103,2025-01-10 14:02:36.935196,0 days 00:00:02.711093,0.1893916252778073,48.0,0.2,44,100.0,1.843723370100959e-05,80,0.0002621326845437881,1,1,adam,"{'neurons_per_layer_encoder': [44], 'neurons_per_layer_decoder': [44]}",44,[44],[44],[0.1455456036220114],-0.39969250474575124,COMPLETE
1250,0.13582994265142412,2025-01-10 14:02:34.817259,2025-01-10 14:02:37.404259,0 days 00:00:02.587000,0.17986657849889512,48.0,0.2,84,100.0,0.0004721285739937093,188,0.00026075943466289465,1,1,adam,"{'neurons_per_layer_encoder': [84], 'neurons_per_layer_decoder': [84]}",84,[84],[84],[0.13582994265142412],0.3109199645030708,COMPLETE
1251,0.0503837505171455,2025-01-10 14:02:34.943830,2025-01-10 14:02:37.491859,0 days 00:00:02.548029,0.03273127537054436,48.0,0.2,44,100.0,0.0004581264235682462,80,0.00033609857040401125,1,1,adam,"{'neurons_per_layer_encoder': [44], 'neurons_per_layer_decoder': [44]}",44,[44],[44],[0.0503837505171455],0.12690343116764732,COMPLETE
1252,0.09933142384615312,2025-01-10 14:02:35.134546,2025-01-10 14:02:37.819620,0 days 00:00:02.685074,0.1676694997468077,32.0,0.2,44,100.0,0.00046679656995323365,80,0.00034538668256185376,1,1,adam,"{'neurons_per_layer_encoder': [44], 'neurons_per_layer_decoder': [44]}",44,[44],[44],[0.09933142384615312],0.000233158868111725,COMPLETE
1253,0.2569760871316912,2025-01-10 14:02:36.392488,2025-01-10 14:02:38.931886,0 days 00:00:02.539398,0.03729359192483578,32.0,0.2,80,100.0,0.0004255665547085291,184,0.00035589836877912415,1,1,adam,"{'neurons_per_layer_encoder': [80], 'neurons_per_layer_decoder': [80]}",80,[80],[80],[0.2569760871316912],0.3330445632189769,COMPLETE
1254,0.2002996200207945,2025-01-10 14:02:36.946373,2025-01-10 14:02:39.477349,0 days 00:00:02.530976,0.16954717317743112,32.0,0.2,80,100.0,0.0004000156819025214,136,0.00032108969091632463,1,1,adam,"{'neurons_per_layer_encoder': [80], 'neurons_per_layer_decoder': [80]}",80,[80],[80],[0.2002996200207945],0.27876348414459695,COMPLETE
1255,0.2191521713158444,2025-01-10 14:02:37.415116,2025-01-10 14:02:40.134256,0 days 00:00:02.719140,0.06938278278153433,32.0,0.2,76,100.0,0.0008111205583278978,163,0.00033895943704105987,1,1,adam,"{'neurons_per_layer_encoder': [76], 'neurons_per_layer_decoder': [76]}",76,[76],[76],[0.2191521713158444],0.5141904345320711,COMPLETE
1256,0.09402871005158542,2025-01-10 14:02:37.508986,2025-01-10 14:02:40.324223,0 days 00:00:02.815237,0.16668541530507033,32.0,0.2,132,100.0,0.0008172497302747659,268,0.0004232104533826832,1,1,adam,"{'neurons_per_layer_encoder': [132], 'neurons_per_layer_decoder': [132]}",132,[132],[132],[0.09402871005158542],0.5834385185620988,COMPLETE
1257,0.10616937803344728,2025-01-10 14:02:37.832036,2025-01-10 14:02:40.378950,0 days 00:00:02.546914,0.05894945773125885,32.0,0.2,76,100.0,0.00040290327295792317,163,0.00040544277894612424,1,1,adam,"{'neurons_per_layer_encoder': [76], 'neurons_per_layer_decoder': [76]}",76,[76],[76],[0.10616937803344728],0.16208952886099662,COMPLETE
1258,0.23965301341392786,2025-01-10 14:02:38.942686,2025-01-10 14:02:41.569230,0 days 00:00:02.626544,0.16833874160350093,48.0,0.2,68,100.0,0.0008764370608125122,154,0.0004331372265608643,1,1,adam,"{'neurons_per_layer_encoder': [68], 'neurons_per_layer_decoder': [68]}",68,[68],[68],[0.23965301341392786],0.5592746004255315,COMPLETE
1259,0.18410125169011105,2025-01-10 14:02:39.488658,2025-01-10 14:02:42.228433,0 days 00:00:02.739775,0.06990831111719599,48.0,0.2,200,100.0,0.0009978287541832836,224,0.0004232001762903567,1,1,adam,"{'neurons_per_layer_encoder': [200], 'neurons_per_layer_decoder': [200]}",200,[200],[200],[0.18410125169011105],0.7319258184163454,COMPLETE
1260,0.1520771282077169,2025-01-10 14:02:40.145678,2025-01-10 14:02:42.746976,0 days 00:00:02.601298,0.18085232203781038,48.0,0.2,68,100.0,0.0005815247728806252,154,0.00044867678682608574,1,1,adam,"{'neurons_per_layer_encoder': [68], 'neurons_per_layer_decoder': [68]}",68,[68],[68],[0.1520771282077169],0.36018288354311956,COMPLETE
1261,-0.007073839262635717,2025-01-10 14:02:40.336039,2025-01-10 14:02:42.579290,0 days 00:00:02.243251,0.1784721758684193,48.0,0.2,200,100.0,8.665967016182353e-05,224,0.00020196555275689648,1,1,adadelta,"{'neurons_per_layer_encoder': [200], 'neurons_per_layer_decoder': [200]}",200,[200],[200],[-0.007073839262635717],0.33779759640027346,COMPLETE
1262,-0.2740462975815272,2025-01-10 14:02:40.394154,2025-01-10 14:02:42.545306,0 days 00:00:02.151152,0.17995124775209406,64.0,0.2,68,100.0,1.0101349108594717e-06,154,0.0002161658998554701,1,1,adadelta,"{'neurons_per_layer_encoder': [68], 'neurons_per_layer_decoder': [68]}",68,[68],[68],[-0.2740462975815272],-0.06984756418022939,COMPLETE
1263,-0.15015943500338436,2025-01-10 14:02:41.581939,2025-01-10 14:02:44.125639,0 days 00:00:02.543700,0.1835838857456272,48.0,0.2,36,100.0,0.0005602557751840061,71,0.00021575654423702245,1,1,adadelta,"{'neurons_per_layer_encoder': [36], 'neurons_per_layer_decoder': [36]}",36,[36],[36],[-0.15015943500338436],0.21309114705233403,COMPLETE
1264,0.15715828528865017,2025-01-10 14:02:42.239641,2025-01-10 14:02:44.758189,0 days 00:00:02.518548,0.1819390065669871,48.0,0.2,52,100.0,0.00013728367561960026,89,0.0002936468125052274,1,1,adadelta,"{'neurons_per_layer_encoder': [52], 'neurons_per_layer_decoder': [52]}",52,[52],[52],[0.15715828528865017],0.29233292373062786,COMPLETE
1265,0.20862216984417858,2025-01-10 14:02:42.556477,2025-01-10 14:02:45.108939,0 days 00:00:02.552462,0.1468383226180396,48.0,0.2,52,100.0,0.0005557795064220814,89,0.00029484460878865257,1,1,adam,"{'neurons_per_layer_encoder': [52], 'neurons_per_layer_decoder': [52]}",52,[52],[52],[0.20862216984417858],0.24314934885641698,COMPLETE
1266,-0.07353763070158692,2025-01-10 14:02:42.592898,2025-01-10 14:02:44.636259,0 days 00:00:02.043361,0.1457714089638428,48.0,0.2,24,100.0,0.0005717082968766802,42,0.0002971275576293016,1,1,adam,"{'neurons_per_layer_encoder': [24], 'neurons_per_layer_decoder': [24]}",24,[24],[24],[-0.07353763070158692],-0.08735105596709454,COMPLETE
1267,0.28124994277199256,2025-01-10 14:02:42.758242,2025-01-10 14:02:45.240771,0 days 00:00:02.482529,0.1459201954529088,48.0,0.2,36,100.0,0.0003394373923008447,71,0.00028370821119401727,1,1,adam,"{'neurons_per_layer_encoder': [36], 'neurons_per_layer_decoder': [36]}",36,[36],[36],[0.28124994277199256],0.042920135368211335,COMPLETE
1268,-0.08010733257872671,2025-01-10 14:02:44.136431,2025-01-10 14:02:46.615490,0 days 00:00:02.479059,0.02018719123415247,48.0,0.2,20,100.0,0.0003562240391281215,22,0.0002907573588898312,1,1,adam,"{'neurons_per_layer_encoder': [20], 'neurons_per_layer_decoder': [20]}",20,[20],[20],[-0.08010733257872671],-0.3180942286056373,COMPLETE
1269,0.13860274381252957,2025-01-10 14:02:44.646387,2025-01-10 14:02:47.195494,0 days 00:00:02.549107,0.18898230798045684,48.0,0.2,52,100.0,0.00035019858922620794,89,0.0002455360210045621,1,1,adam,"{'neurons_per_layer_encoder': [52], 'neurons_per_layer_decoder': [52]}",52,[52],[52],[0.13860274381252957],-0.00962938835592713,COMPLETE
1270,-0.07992248669079705,2025-01-10 14:02:44.769936,2025-01-10 14:02:46.094936,0 days 00:00:01.325000,0.16125737975606896,72.0,0.2,32,100.0,0.0003279128212930953,67,1.2344750264983027e-05,1,1,adam,"{'neurons_per_layer_encoder': [32], 'neurons_per_layer_decoder': [32]}",32,[32],[32],[-0.07992248669079705],0.23799843361369902,COMPLETE
1271,0.1779804202967632,2025-01-10 14:02:45.119707,2025-01-10 14:02:47.640337,0 days 00:00:02.520630,0.1903162261548663,40.0,0.2,36,100.0,0.0003353936757456221,71,0.00017278744775894847,1,1,adam,"{'neurons_per_layer_encoder': [36], 'neurons_per_layer_decoder': [36]}",36,[36],[36],[0.1779804202967632],0.036924743956194044,COMPLETE
1272,0.2469516228313876,2025-01-10 14:02:45.251078,2025-01-10 14:02:47.809980,0 days 00:00:02.558902,0.16165704285258842,40.0,0.30000000000000004,60,100.0,0.0004949870902723644,130,0.00016358916859540316,1,1,adam,"{'neurons_per_layer_encoder': [60], 'neurons_per_layer_decoder': [60]}",60,[60],[60],[0.2469516228313876],0.43275930907370463,COMPLETE
1273,0.20209351820601906,2025-01-10 14:02:46.105786,2025-01-10 14:02:48.642391,0 days 00:00:02.536605,0.19993954723090207,40.0,0.2,48,100.0,0.0007183253276064501,100,0.00016351950043878768,1,1,adam,"{'neurons_per_layer_encoder': [48], 'neurons_per_layer_decoder': [48]}",48,[48],[48],[0.20209351820601906],0.411796807066466,COMPLETE
1274,0.24311717320674042,2025-01-10 14:02:46.628027,2025-01-10 14:02:49.175492,0 days 00:00:02.547465,0.18950412273513434,40.0,0.2,48,100.0,2.8609705305738184e-05,100,0.00025699181768855443,1,1,adam,"{'neurons_per_layer_encoder': [48], 'neurons_per_layer_decoder': [48]}",48,[48],[48],[0.24311717320674042],-0.5602673500308986,COMPLETE
1275,0.06995845012577273,2025-01-10 14:02:47.206738,2025-01-10 14:02:49.834888,0 days 00:00:02.628150,0.19980082710142225,40.0,0.30000000000000004,88,100.0,0.0006796185188375603,192,0.00016668007670924976,1,1,adam,"{'neurons_per_layer_encoder': [88], 'neurons_per_layer_decoder': [88]}",88,[88],[88],[0.06995845012577273],0.5115065159365462,COMPLETE
1276,0.2250609039730952,2025-01-10 14:02:47.652283,2025-01-10 14:02:50.235710,0 days 00:00:02.583427,0.13128332315659189,56.0,0.2,88,100.0,0.000703088677805972,192,0.00024627265967254734,1,1,adam,"{'neurons_per_layer_encoder': [88], 'neurons_per_layer_decoder': [88]}",88,[88],[88],[0.2250609039730952],0.5910781295415253,COMPLETE
1277,0.19893739102304353,2025-01-10 14:02:47.821542,2025-01-10 14:02:50.425761,0 days 00:00:02.604219,0.16990009550533,56.0,0.2,88,100.0,0.0007404291245413164,176,0.00025396182121716304,1,1,adam,"{'neurons_per_layer_encoder': [88], 'neurons_per_layer_decoder': [88]}",88,[88],[88],[0.19893739102304353],0.5947157876987047,COMPLETE
1278,0.16975401762895415,2025-01-10 14:02:48.653849,2025-01-10 14:02:50.820162,0 days 00:00:02.166313,0.1709061515287782,56.0,0.2,72,100.0,0.0006862618062671748,143,0.00024452561574604616,1,1,sgd,"{'neurons_per_layer_encoder': [72], 'neurons_per_layer_decoder': [72]}",72,[72],[72],[0.16975401762895415],0.5685633320727308,COMPLETE
1279,-0.21647418214350633,2025-01-10 14:02:49.186968,2025-01-10 14:02:50.162175,0 days 00:00:00.975207,0.17055981356949854,56.0,0.2,84,100.0,0.0006969550491774334,188,0.00020508255703745055,1,1,sgd,"{'neurons_per_layer_encoder': [84], 'neurons_per_layer_decoder': [84]}",84,[84],[84],[-0.21647418214350633],0.5048708976832579,COMPLETE
1280,0.14514530907490308,2025-01-10 14:02:49.846117,2025-01-10 14:02:52.479325,0 days 00:00:02.633208,0.16987058241266031,56.0,0.2,72,100.0,0.0006092752081862314,143,0.00024285598047208204,1,1,adam,"{'neurons_per_layer_encoder': [72], 'neurons_per_layer_decoder': [72]}",72,[72],[72],[0.14514530907490308],0.47517291223561026,COMPLETE
1281,0.23235079596363895,2025-01-10 14:02:50.173810,2025-01-10 14:02:52.835854,0 days 00:00:02.662044,0.17207834718088827,48.0,0.2,116,100.0,0.00050936834969342,268,0.00024039693763893484,1,1,adam,"{'neurons_per_layer_encoder': [116], 'neurons_per_layer_decoder': [116]}",116,[116],[116],[0.23235079596363895],0.5428312091191871,COMPLETE
1282,0.23618730394497256,2025-01-10 14:02:50.250677,2025-01-10 14:02:52.867129,0 days 00:00:02.616452,0.16937869890030993,48.0,0.2,72,100.0,0.000502003495214642,143,0.0002437861221903366,1,1,adam,"{'neurons_per_layer_encoder': [72], 'neurons_per_layer_decoder': [72]}",72,[72],[72],[0.23618730394497256],0.3288755846778742,COMPLETE
1283,0.1353685435087294,2025-01-10 14:02:50.438909,2025-01-10 14:02:53.015396,0 days 00:00:02.576487,0.16246594251237204,48.0,0.2,72,100.0,0.0005200124482748748,143,0.0002030564558055713,1,1,adam,"{'neurons_per_layer_encoder': [72], 'neurons_per_layer_decoder': [72]}",72,[72],[72],[0.1353685435087294],0.3686114436755608,COMPLETE
1284,0.18841838993822613,2025-01-10 14:02:50.831379,2025-01-10 14:02:53.420424,0 days 00:00:02.589045,0.1613291058167839,48.0,0.2,104,100.0,0.0004753218884884835,240,0.0003538774627667722,1,1,adam,"{'neurons_per_layer_encoder': [104], 'neurons_per_layer_decoder': [104]}",104,[104],[104],[0.18841838993822613],0.4397085077082584,COMPLETE
1285,0.22708713047502893,2025-01-10 14:02:52.491136,2025-01-10 14:02:55.265214,0 days 00:00:02.774078,0.16128150262698887,48.0,0.2,212,100.0,0.0005232567438997775,236,0.000563911699719688,1,1,adam,"{'neurons_per_layer_encoder': [212], 'neurons_per_layer_decoder': [212]}",212,[212],[212],[0.22708713047502893],0.6001340592702733,COMPLETE
1286,0.13038787947725705,2025-01-10 14:02:52.848149,2025-01-10 14:02:55.672170,0 days 00:00:02.824021,0.161231950257254,48.0,0.2,60,100.0,0.00043594658308340246,130,0.0005541542857390647,1,1,adam,"{'neurons_per_layer_encoder': [60], 'neurons_per_layer_decoder': [60]}",60,[60],[60],[0.13038787947725705],0.13552057214885171,COMPLETE
1287,0.16643062505806971,2025-01-10 14:02:52.880441,2025-01-10 14:02:55.440206,0 days 00:00:02.559765,0.1584881230475357,48.0,0.2,44,100.0,0.0004211470291185267,80,0.00034819037407973416,1,1,adam,"{'neurons_per_layer_encoder': [44], 'neurons_per_layer_decoder': [44]}",44,[44],[44],[0.16643062505806971],-0.029345902580963316,COMPLETE
1288,0.2194750538717073,2025-01-10 14:02:53.026480,2025-01-10 14:02:55.633795,0 days 00:00:02.607315,0.04171254384215693,48.0,0.2,64,100.0,0.0004097942126179951,134,0.00034432814882442086,1,1,adam,"{'neurons_per_layer_encoder': [64], 'neurons_per_layer_decoder': [64]}",64,[64],[64],[0.2194750538717073],0.24681818052767274,COMPLETE
1289,0.17566367019826934,2025-01-10 14:02:53.431295,2025-01-10 14:02:56.427994,0 days 00:00:02.996699,0.17987980785043858,32.0,0.2,220,100.0,1.2931158243627092e-06,292,0.0005203578921992636,1,1,adam,"{'neurons_per_layer_encoder': [220], 'neurons_per_layer_decoder': [220]}",220,[220],[220],[0.17566367019826934],-1.2587667592317529,COMPLETE
1290,0.27522331900490493,2025-01-10 14:02:55.277409,2025-01-10 14:02:58.012366,0 days 00:00:02.734957,0.04141588552658067,32.0,0.2,60,100.0,0.0004211442604517365,130,0.0010291554311264322,1,1,adam,"{'neurons_per_layer_encoder': [60], 'neurons_per_layer_decoder': [60]}",60,[60],[60],[0.27522331900490493],0.1512406561810921,COMPLETE
1291,-0.7464522014467618,2025-01-10 14:02:55.450875,2025-01-10 14:03:00.346913,0 days 00:00:04.896038,0.04145646409646377,32.0,0.2,64,100.0,0.0003943497430737245,1064,0.0002951289494718796,1,4,adam,"{'neurons_per_layer_encoder': [64, 128, 256, 512], 'neurons_per_layer_decoder': [512]}",64,[512],"[64, 128, 256, 512]",[-0.7464522014467618],0.765279320249672,COMPLETE
1292,-0.03193118792118543,2025-01-10 14:02:55.643965,2025-01-10 14:03:00.698521,0 days 00:00:05.054556,0.18170897021302124,32.0,0.2,60,100.0,0.0005905875566557609,1048,0.0002980505665181777,1,4,adam,"{'neurons_per_layer_encoder': [60, 120, 240, 480], 'neurons_per_layer_decoder': [480]}",60,[480],"[60, 120, 240, 480]",[-0.03193118792118543],0.890736596059507,COMPLETE
1293,0.046304550200547356,2025-01-10 14:02:55.688954,2025-01-10 14:03:00.066407,0 days 00:00:04.377453,0.1821229794822059,32.0,0.2,40,100.0,0.0006033451840316082,728,0.0037690137720691507,1,4,adam,"{'neurons_per_layer_encoder': [40, 80, 160, 320], 'neurons_per_layer_decoder': [320]}",40,[320],"[40, 80, 160, 320]",[0.046304550200547356],0.31538010824586143,COMPLETE
1294,0.13261415753436345,2025-01-10 14:02:56.439211,2025-01-10 14:03:01.348015,0 days 00:00:04.908804,0.19007826206524503,32.0,0.2,40,100.0,0.0008806071968371573,600,0.0002011418866702375,2,4,adam,"{'neurons_per_layer_encoder': [40, 80, 160, 320], 'neurons_per_layer_decoder': [320, 160]}",40,"[320, 160]","[40, 80, 160, 320]",[0.13261415753436345],0.9329791297860258,COMPLETE
1295,-0.17162761637302992,2025-01-10 14:02:58.025264,2025-01-10 14:03:03.014859,0 days 00:00:04.989595,0.18937390424356726,48.0,0.2,40,100.0,0.0008029510585858339,504,0.0003050430153202049,2,4,adam,"{'neurons_per_layer_encoder': [40, 80, 160, 320], 'neurons_per_layer_decoder': [320, 160]}",40,"[320, 160]","[40, 80, 160, 320]",[-0.17162761637302992],0.8990118119800272,COMPLETE
1296,0.17947312854730801,2025-01-10 14:03:00.078730,2025-01-10 14:03:02.824501,0 days 00:00:02.745771,0.06436406447014162,48.0,0.2,28,100.0,0.0008020480521157578,46,0.00030534083139771844,1,1,adam,"{'neurons_per_layer_encoder': [28], 'neurons_per_layer_decoder': [28]}",28,[28],[28],[0.17947312854730801],0.19564238839620865,COMPLETE
1297,-0.011434658483316262,2025-01-10 14:03:00.359511,2025-01-10 14:03:03.079345,0 days 00:00:02.719834,0.1898215883180133,48.0,0.2,12,100.0,0.0008516395557009868,29,0.00019345308710648176,1,1,adam,"{'neurons_per_layer_encoder': [12], 'neurons_per_layer_decoder': [12]}",12,[12],[12],[-0.011434658483316262],-0.016787478814232756,COMPLETE
1298,-0.11580233161703268,2025-01-10 14:03:00.711232,2025-01-10 14:03:02.431396,0 days 00:00:01.720164,0.1496720494637657,48.0,0.2,28,100.0,0.0008252591153310123,46,0.00019229537745033261,2,1,adam,"{'neurons_per_layer_encoder': [28], 'neurons_per_layer_decoder': [28, 14]}",28,"[28, 14]",[28],[-0.11580233161703268],0.35713709385100284,COMPLETE
1299,0.14719938312589942,2025-01-10 14:03:01.359306,2025-01-10 14:03:04.012511,0 days 00:00:02.653205,0.1480219017784807,48.0,0.2,128,100.0,3.724330034215632e-05,280,0.00037714718479086375,1,1,adam,"{'neurons_per_layer_encoder': [128], 'neurons_per_layer_decoder': [128]}",128,[128],[128],[0.14719938312589942],-0.7102147656013454,COMPLETE
