number,value,datetime_start,datetime_complete,duration,params_alpha,params_batch_size,params_drop_out_rate,params_encoder_neurons_layer_1,params_epochs,params_lambda,params_latent_dim,params_learning_rate,params_num_layers_decoder,params_num_layers_encoder,params_optimizer,user_attrs_encoder_decoder_config,user_attrs_first_layer_neurons,user_attrs_neurons_per_layer_decoder,user_attrs_neurons_per_layer_encoder,user_attrs_r2_feature_1,user_attrs_relative_deterioration,state
610,0.19362428314182345,2025-01-10 13:54:30.408268,2025-01-10 13:54:33.165371,0 days 00:00:02.757103,0.18792384719523575,48.0,0.2,180,100.0,0.0008142736504698829,300,0.0002824075318204487,1,1,adam,"{'neurons_per_layer_encoder': [180], 'neurons_per_layer_decoder': [180]}",180,[180],[180],[0.19362428314182345],0.7260770372345774,COMPLETE
611,0.24901664225467324,2025-01-10 13:54:30.816808,2025-01-10 13:54:33.592022,0 days 00:00:02.775214,0.18689650824541806,48.0,0.2,180,100.0,0.0008080356641817072,300,0.0002680056899277619,1,1,adam,"{'neurons_per_layer_encoder': [180], 'neurons_per_layer_decoder': [180]}",180,[180],[180],[0.24901664225467324],0.7475533434299505,COMPLETE
612,0.20072458392046677,2025-01-10 13:54:31.110086,2025-01-10 13:54:33.855169,0 days 00:00:02.745083,0.18948352222835274,48.0,0.2,180,100.0,0.0007435287742318949,300,0.0002805283519825222,1,1,adam,"{'neurons_per_layer_encoder': [180], 'neurons_per_layer_decoder': [180]}",180,[180],[180],[0.20072458392046677],0.7065472777835275,COMPLETE
613,0.04399860407021461,2025-01-10 13:54:31.350442,2025-01-10 13:54:34.394670,0 days 00:00:03.044228,0.18870614460670437,48.0,0.2,180,100.0,0.0009874236591933714,300,0.0002704972372648033,2,1,adam,"{'neurons_per_layer_encoder': [180], 'neurons_per_layer_decoder': [180, 90]}",180,"[180, 90]",[180],[0.04399860407021461],0.8224574642738146,COMPLETE
614,0.169312888584233,2025-01-10 13:54:32.397838,2025-01-10 13:54:35.020969,0 days 00:00:02.623131,0.18517061288631684,32.0,0.2,172,100.0,0.000726814933518135,308,0.00025858689180294605,1,1,adam,"{'neurons_per_layer_encoder': [172], 'neurons_per_layer_decoder': [172]}",172,[172],[172],[0.169312888584233],0.6820257169224092,COMPLETE
615,0.061700032409246264,2025-01-10 13:54:33.176405,2025-01-10 13:54:36.046784,0 days 00:00:02.870379,0.16957702791986956,32.0,0.2,144,100.0,0.00015369621989707075,312,0.005932697571878753,2,1,adam,"{'neurons_per_layer_encoder': [144], 'neurons_per_layer_decoder': [144, 72]}",144,"[144, 72]",[144],[0.061700032409246264],-0.9341646150581516,COMPLETE
616,-0.021572762103998278,2025-01-10 13:54:33.603529,2025-01-10 13:54:36.560461,0 days 00:00:02.956932,0.04180984376296013,32.0,0.2,172,100.0,0.0006082511643052134,308,0.0002457215334199073,2,1,adam,"{'neurons_per_layer_encoder': [172], 'neurons_per_layer_decoder': [172, 86]}",172,"[172, 86]",[172],[-0.021572762103998278],0.6954547839760439,COMPLETE
617,0.06970693889250834,2025-01-10 13:54:33.866540,2025-01-10 13:54:36.478736,0 days 00:00:02.612196,0.09793153147640285,32.0,0.2,144,100.0,0.0005931850911619336,312,2.861675736783478e-05,1,1,adam,"{'neurons_per_layer_encoder': [144], 'neurons_per_layer_decoder': [144]}",144,[144],[144],[0.06970693889250834],0.6253695055406182,COMPLETE
618,0.1942939000051861,2025-01-10 13:54:34.404529,2025-01-10 13:54:37.111498,0 days 00:00:02.706969,0.0936783780323333,32.0,0.2,172,100.0,0.0002925763193691218,324,0.00024480313114196153,1,1,adam,"{'neurons_per_layer_encoder': [172], 'neurons_per_layer_decoder': [172]}",172,[172],[172],[0.1942939000051861],0.40247305956393403,COMPLETE
619,0.22543277826168795,2025-01-10 13:54:35.032015,2025-01-10 13:54:37.595778,0 days 00:00:02.563763,0.0508263170645264,32.0,0.2,144,100.0,0.000593336255049254,312,0.000238419376521693,1,1,adam,"{'neurons_per_layer_encoder': [144], 'neurons_per_layer_decoder': [144]}",144,[144],[144],[0.22543277826168795],0.6312950233470025,COMPLETE
620,0.12380890814338352,2025-01-10 13:54:36.057051,2025-01-10 13:54:38.669673,0 days 00:00:02.612622,0.14200809908212203,32.0,0.2,172,100.0,0.0002857554569585275,324,0.00015658361883608843,1,1,adam,"{'neurons_per_layer_encoder': [172], 'neurons_per_layer_decoder': [172]}",172,[172],[172],[0.12380890814338352],0.34392993784697345,COMPLETE
621,0.14793185983210555,2025-01-10 13:54:36.489226,2025-01-10 13:54:39.034127,0 days 00:00:02.544901,0.14379045264740986,88.0,0.2,172,100.0,3.7961949053503785e-05,324,0.00023622558185793893,1,1,adam,"{'neurons_per_layer_encoder': [172], 'neurons_per_layer_decoder': [172]}",172,[172],[172],[0.14793185983210555],-0.7597907681076269,COMPLETE
622,0.02095681117609094,2025-01-10 13:54:36.571033,2025-01-10 13:54:39.272832,0 days 00:00:02.701799,0.1695413414267809,32.0,0.2,192,100.0,0.00030356698789135836,312,0.0001459722049436028,1,1,adam,"{'neurons_per_layer_encoder': [192], 'neurons_per_layer_decoder': [192]}",192,[192],[192],[0.02095681117609094],0.3786808820963333,COMPLETE
623,0.20769274507293278,2025-01-10 13:54:37.121842,2025-01-10 13:54:39.853810,0 days 00:00:02.731968,0.14556474949874376,40.0,0.2,192,100.0,0.0005010849262256034,312,0.0001509175145995349,1,1,adam,"{'neurons_per_layer_encoder': [192], 'neurons_per_layer_decoder': [192]}",192,[192],[192],[0.20769274507293278],0.6354844253891282,COMPLETE
624,0.23970650906109836,2025-01-10 13:54:37.606106,2025-01-10 13:54:40.201607,0 days 00:00:02.595501,0.14756588469739798,40.0,0.2,192,100.0,0.0004969944383440056,312,0.00014742017367468213,1,1,adam,"{'neurons_per_layer_encoder': [192], 'neurons_per_layer_decoder': [192]}",192,[192],[192],[0.23970650906109836],0.6606542588758738,COMPLETE
625,0.28238132435140484,2025-01-10 13:54:38.681350,2025-01-10 13:54:41.291107,0 days 00:00:02.609757,0.1696915669264124,40.0,0.2,100,100.0,0.0004252556860320711,204,0.00014006678418276256,1,1,adam,"{'neurons_per_layer_encoder': [100], 'neurons_per_layer_decoder': [100]}",100,[100],[100],[0.28238132435140484],0.485728460405493,COMPLETE
626,0.14380353325922735,2025-01-10 13:54:39.044378,2025-01-10 13:54:41.946824,0 days 00:00:02.902446,0.17097721332580376,40.0,0.2,192,100.0,0.0004933880082260359,360,0.00020095179375759662,1,1,adam,"{'neurons_per_layer_encoder': [192], 'neurons_per_layer_decoder': [192]}",192,[192],[192],[0.14380353325922735],0.5989507891586902,COMPLETE
627,-0.2425885085070325,2025-01-10 13:54:39.283522,2025-01-10 13:54:41.495905,0 days 00:00:02.212383,0.16226920833271438,40.0,0.2,156,100.0,0.0004983864606024235,324,0.00019896989174511038,1,1,adadelta,"{'neurons_per_layer_encoder': [156], 'neurons_per_layer_decoder': [156]}",156,[156],[156],[-0.2425885085070325],0.5389901799516882,COMPLETE
628,0.15964259573316741,2025-01-10 13:54:39.864513,2025-01-10 13:54:42.592563,0 days 00:00:02.728050,0.16232354779396777,40.0,0.2,156,100.0,0.00042080131806055543,324,0.0001972825601880366,1,1,adam,"{'neurons_per_layer_encoder': [156], 'neurons_per_layer_decoder': [156]}",156,[156],[156],[0.15964259573316741],0.5162905983603724,COMPLETE
629,-0.019558300563058184,2025-01-10 13:54:40.211917,2025-01-10 13:54:43.001216,0 days 00:00:02.789299,0.16282813932086357,48.0,0.2,156,100.0,0.0003978795904882596,324,0.00019022336556887243,1,1,adadelta,"{'neurons_per_layer_encoder': [156], 'neurons_per_layer_decoder': [156]}",156,[156],[156],[-0.019558300563058184],0.5945766146604053,COMPLETE
630,-0.06531394072415364,2025-01-10 13:54:41.302501,2025-01-10 13:54:43.258786,0 days 00:00:01.956285,0.1591084338720142,40.0,0.2,208,100.0,0.00043716332413105345,264,0.00012953204436462164,1,1,adadelta,"{'neurons_per_layer_encoder': [208], 'neurons_per_layer_decoder': [208]}",208,[208],[208],[-0.06531394072415364],0.5906457526159068,COMPLETE
631,0.259987496541612,2025-01-10 13:54:41.509571,2025-01-10 13:54:44.233921,0 days 00:00:02.724350,0.15575245840766114,40.0,0.2,120,100.0,0.00041731123011595636,192,0.00012598565013338697,1,1,adam,"{'neurons_per_layer_encoder': [120], 'neurons_per_layer_decoder': [120]}",120,[120],[120],[0.259987496541612],0.4971067876244931,COMPLETE
632,-0.04134338981573138,2025-01-10 13:54:41.957765,2025-01-10 13:54:43.524299,0 days 00:00:01.566534,0.15748758798515852,40.0,0.2,120,100.0,0.00042769166484117567,208,0.00012578164069973325,1,1,adam,"{'neurons_per_layer_encoder': [120], 'neurons_per_layer_decoder': [120]}",120,[120],[120],[-0.04134338981573138],0.38035734783753,COMPLETE
633,0.2606177117791648,2025-01-10 13:54:42.758146,2025-01-10 13:54:45.332104,0 days 00:00:02.573958,0.1537152170723622,40.0,0.2,108,100.0,0.0004020396528081859,164,0.00012874515509856871,1,1,adam,"{'neurons_per_layer_encoder': [108], 'neurons_per_layer_decoder': [108]}",108,[108],[108],[0.2606177117791648],0.443720434339137,COMPLETE
634,0.1444897167139978,2025-01-10 13:54:43.011733,2025-01-10 13:54:45.564815,0 days 00:00:02.553082,0.15354556799679514,40.0,0.2,104,100.0,0.00065497700548898,176,0.00012738974785993514,1,1,adam,"{'neurons_per_layer_encoder': [104], 'neurons_per_layer_decoder': [104]}",104,[104],[104],[0.1444897167139978],0.5345943809053981,COMPLETE
635,0.18723334198108632,2025-01-10 13:54:43.269431,2025-01-10 13:54:45.818688,0 days 00:00:02.549257,0.15181123416891878,40.0,0.2,96,100.0,0.0006533336577491469,200,0.00011206974370854279,1,1,adam,"{'neurons_per_layer_encoder': [96], 'neurons_per_layer_decoder': [96]}",96,[96],[96],[0.18723334198108632],0.5775005849994682,COMPLETE
636,-0.12717515951155223,2025-01-10 13:54:43.535456,2025-01-10 13:54:44.495081,0 days 00:00:00.959625,0.17338489620446287,48.0,0.2,184,100.0,0.0006688520317771794,256,0.00010731230018568286,1,1,sgd,"{'neurons_per_layer_encoder': [184], 'neurons_per_layer_decoder': [184]}",184,[184],[184],[-0.12717515951155223],0.7133306247331482,COMPLETE
637,-0.02623822770261497,2025-01-10 13:54:44.245385,2025-01-10 13:54:46.068712,0 days 00:00:01.823327,0.15273886583132276,40.0,0.2,120,100.0,0.00034813966526716056,208,0.00011226856269579621,1,1,sgd,"{'neurons_per_layer_encoder': [120], 'neurons_per_layer_decoder': [120]}",120,[120],[120],[-0.02623822770261497],0.3850048326650409,COMPLETE
638,-0.0870839587312442,2025-01-10 13:54:44.506103,2025-01-10 13:54:45.878420,0 days 00:00:01.372317,0.151785662607713,40.0,0.2,104,100.0,0.000372816257371238,176,0.00011032061448761411,1,1,adam,"{'neurons_per_layer_encoder': [104], 'neurons_per_layer_decoder': [104]}",104,[104],[104],[-0.0870839587312442],0.2488300837840733,COMPLETE
639,0.10997825771956393,2025-01-10 13:54:45.342180,2025-01-10 13:54:47.908896,0 days 00:00:02.566716,0.13622592386056906,40.0,0.2,112,100.0,0.00035032068187389247,168,0.00011417782788023297,1,1,adam,"{'neurons_per_layer_encoder': [112], 'neurons_per_layer_decoder': [112]}",112,[112],[112],[0.10997825771956393],0.29436201452038974,COMPLETE
640,-0.08913968557927543,2025-01-10 13:54:45.575662,2025-01-10 13:54:47.901616,0 days 00:00:02.325954,0.14831590247965742,40.0,0.2,128,100.0,0.0003707556878128074,216,1.4894310151478976e-05,1,1,adam,"{'neurons_per_layer_encoder': [128], 'neurons_per_layer_decoder': [128]}",128,[128],[128],[-0.08913968557927543],0.4161183593455489,COMPLETE
641,0.24104764815902824,2025-01-10 13:54:45.829336,2025-01-10 13:54:48.358282,0 days 00:00:02.528946,0.1319876792992613,40.0,0.2,112,100.0,0.00037572301545678793,168,0.00011161297369828568,1,1,adam,"{'neurons_per_layer_encoder': [112], 'neurons_per_layer_decoder': [112]}",112,[112],[112],[0.24104764815902824],0.41393091557959444,COMPLETE
642,0.17691340863018057,2025-01-10 13:54:45.893747,2025-01-10 13:54:48.481533,0 days 00:00:02.587786,0.13786237917935842,40.0,0.2,120,100.0,0.00035758973853347917,224,8.254282128560347e-05,1,1,adam,"{'neurons_per_layer_encoder': [120], 'neurons_per_layer_decoder': [120]}",120,[120],[120],[0.17691340863018057],0.43175650859525666,COMPLETE
643,-0.1258356893263668,2025-01-10 13:54:46.079415,2025-01-10 13:54:47.448088,0 days 00:00:01.368673,0.129711856111735,40.0,0.2,100,100.0,0.0003327602955116183,156,8.210167737472778e-05,1,1,adam,"{'neurons_per_layer_encoder': [100], 'neurons_per_layer_decoder': [100]}",100,[100],[100],[-0.1258356893263668],0.21821628321750963,COMPLETE
644,0.2396417148324821,2025-01-10 13:54:47.457380,2025-01-10 13:54:50.050687,0 days 00:00:02.593307,0.13817987377555546,40.0,0.2,128,100.0,0.00039106268591552204,168,0.00013334493463874135,1,1,adam,"{'neurons_per_layer_encoder': [128], 'neurons_per_layer_decoder': [128]}",128,[128],[128],[0.2396417148324821],0.46204587950420084,COMPLETE
645,-0.10352398910599048,2025-01-10 13:54:47.914762,2025-01-10 13:54:49.612448,0 days 00:00:01.697686,0.11407210181279823,40.0,0.2,112,100.0,0.00043366275036745423,184,9.608019559659737e-05,1,1,adam,"{'neurons_per_layer_encoder': [112], 'neurons_per_layer_decoder': [112]}",112,[112],[112],[-0.10352398910599048],0.30704540464001157,COMPLETE
646,-0.09333569370925443,2025-01-10 13:54:47.921554,2025-01-10 13:54:49.445616,0 days 00:00:01.524062,0.14286457222913448,40.0,0.2,112,100.0,0.00039243713561369967,136,0.00013480615103992596,1,1,adam,"{'neurons_per_layer_encoder': [112], 'neurons_per_layer_decoder': [112]}",112,[112],[112],[-0.09333569370925443],0.2425111617279911,COMPLETE
647,0.20698459400247693,2025-01-10 13:54:48.368538,2025-01-10 13:54:50.961004,0 days 00:00:02.592466,0.13595662811331388,40.0,0.2,108,100.0,0.0004510762333377212,164,0.00013207043710457395,1,1,adam,"{'neurons_per_layer_encoder': [108], 'neurons_per_layer_decoder': [108]}",108,[108],[108],[0.20698459400247693],0.45747924117823296,COMPLETE
648,0.19787485202244126,2025-01-10 13:54:48.491867,2025-01-10 13:54:51.086403,0 days 00:00:02.594536,0.14667327777469788,40.0,0.2,96,100.0,0.0004354123184909576,168,0.00013439546955594067,1,1,adam,"{'neurons_per_layer_encoder': [96], 'neurons_per_layer_decoder': [96]}",96,[96],[96],[0.19787485202244126],0.402444315602713,COMPLETE
649,0.087174293869833,2025-01-10 13:54:49.456684,2025-01-10 13:54:52.118937,0 days 00:00:02.662253,0.16555280855613233,40.0,0.2,96,100.0,0.0004437967969494462,184,0.00013116060852331646,1,1,adam,"{'neurons_per_layer_encoder': [96], 'neurons_per_layer_decoder': [96]}",96,[96],[96],[0.087174293869833],0.37814930028969396,COMPLETE
650,0.19446253300521898,2025-01-10 13:54:49.622453,2025-01-10 13:54:52.240215,0 days 00:00:02.617762,0.016589881416491342,40.0,0.2,92,100.0,0.0009922902067470022,196,0.0001365523512984553,1,1,adam,"{'neurons_per_layer_encoder': [92], 'neurons_per_layer_decoder': [92]}",92,[92],[92],[0.19446253300521898],0.6695716326516657,COMPLETE
651,0.18646198390298852,2025-01-10 13:54:50.062010,2025-01-10 13:54:52.695898,0 days 00:00:02.633888,0.16799245630730167,40.0,0.2,128,100.0,0.0004578102365825613,200,0.00012980487101535396,1,1,adam,"{'neurons_per_layer_encoder': [128], 'neurons_per_layer_decoder': [128]}",128,[128],[128],[0.18646198390298852],0.4920390924007891,COMPLETE
652,0.1433597830629807,2025-01-10 13:54:50.972508,2025-01-10 13:54:53.439225,0 days 00:00:02.466717,0.16554939221377848,64.0,0.2,112,100.0,0.0009119819209043455,136,0.000323075116211617,1,1,adam,"{'neurons_per_layer_encoder': [112], 'neurons_per_layer_decoder': [112]}",112,[112],[112],[0.1433597830629807],0.585310585982259,COMPLETE
653,0.14820909722147946,2025-01-10 13:54:51.097489,2025-01-10 13:54:53.577232,0 days 00:00:02.479743,0.16636732142319233,64.0,0.2,104,100.0,0.000904818711612509,224,0.00032525762780839313,1,1,adam,"{'neurons_per_layer_encoder': [104], 'neurons_per_layer_decoder': [104]}",104,[104],[104],[0.14820909722147946],0.6200734900756335,COMPLETE
654,0.06112412514575505,2025-01-10 13:54:52.130541,2025-01-10 13:54:54.628404,0 days 00:00:02.497863,0.0623367921206269,64.0,0.2,124,100.0,0.0007645401985285002,212,9.631099394763606e-05,1,1,adam,"{'neurons_per_layer_encoder': [124], 'neurons_per_layer_decoder': [124]}",124,[124],[124],[0.06112412514575505],0.6268423293378014,COMPLETE
655,0.17254263115653978,2025-01-10 13:54:52.250474,2025-01-10 13:54:54.761583,0 days 00:00:02.511109,0.17174827159114606,40.0,0.2,108,100.0,0.0007659563313770475,228,0.0027957180669450055,1,1,adam,"{'neurons_per_layer_encoder': [108], 'neurons_per_layer_decoder': [108]}",108,[108],[108],[0.17254263115653978],-0.313802956075044,COMPLETE
656,-0.046488469516091424,2025-01-10 13:54:52.706551,2025-01-10 13:54:54.042647,0 days 00:00:01.336096,0.15958241398344564,64.0,0.2,84,100.0,0.0007654213494894199,140,0.00010135360735581927,1,1,adam,"{'neurons_per_layer_encoder': [84], 'neurons_per_layer_decoder': [84]}",84,[84],[84],[-0.046488469516091424],0.48967857500027157,COMPLETE
657,0.16868809177134925,2025-01-10 13:54:53.450170,2025-01-10 13:54:55.972244,0 days 00:00:02.522074,0.17802217297643905,48.0,0.2,104,100.0,0.0003114202865151148,176,0.00010263344339046325,1,1,adam,"{'neurons_per_layer_encoder': [104], 'neurons_per_layer_decoder': [104]}",104,[104],[104],[0.16868809177134925],0.37121966291821445,COMPLETE
658,0.18545406649638418,2025-01-10 13:54:53.588676,2025-01-10 13:54:56.291270,0 days 00:00:02.702594,0.1784043333819782,48.0,0.2,108,100.0,0.00031050570101372817,148,0.00010018033958112677,1,1,adam,"{'neurons_per_layer_encoder': [108], 'neurons_per_layer_decoder': [108]}",108,[108],[108],[0.18545406649638418],0.26253001957321925,COMPLETE
659,0.10031236117972564,2025-01-10 13:54:54.053675,2025-01-10 13:54:56.610729,0 days 00:00:02.557054,0.02078376065336411,48.0,0.2,100,100.0,0.0005670433256689079,156,9.552524908096686e-05,1,1,adam,"{'neurons_per_layer_encoder': [100], 'neurons_per_layer_decoder': [100]}",100,[100],[100],[0.10031236117972564],0.45971108075297495,COMPLETE
660,0.15707533973639531,2025-01-10 13:54:54.639688,2025-01-10 13:54:57.219457,0 days 00:00:02.579769,0.1765109698806666,48.0,0.2,108,100.0,0.0003235246028325904,180,0.00015912345923401822,1,1,adam,"{'neurons_per_layer_encoder': [108], 'neurons_per_layer_decoder': [108]}",108,[108],[108],[0.15707533973639531],0.3056152942678287,COMPLETE
661,0.2086564730103717,2025-01-10 13:54:54.773140,2025-01-10 13:54:57.282438,0 days 00:00:02.509298,0.06780579685682561,48.0,0.2,100,100.0,0.0003100082882463383,156,0.0001600491835792542,1,1,adam,"{'neurons_per_layer_encoder': [100], 'neurons_per_layer_decoder': [100]}",100,[100],[100],[0.2086564730103717],0.2767137944031472,COMPLETE
662,0.23828913527493112,2025-01-10 13:54:55.983612,2025-01-10 13:54:58.713870,0 days 00:00:02.730258,0.154168732376149,48.0,0.2,100,100.0,0.0005682456300229221,188,0.00015713878628167331,1,1,adam,"{'neurons_per_layer_encoder': [100], 'neurons_per_layer_decoder': [100]}",100,[100],[100],[0.23828913527493112],0.5683114566672902,COMPLETE
663,0.08023016050991061,2025-01-10 13:54:56.303045,2025-01-10 13:54:58.845556,0 days 00:00:02.542511,0.05275804134405917,40.0,0.2,116,100.0,0.0005512215865119902,156,7.905404850556434e-05,1,1,adam,"{'neurons_per_layer_encoder': [116], 'neurons_per_layer_decoder': [116]}",116,[116],[116],[0.08023016050991061],0.5153110369050821,COMPLETE
664,0.20265722997633595,2025-01-10 13:54:56.621782,2025-01-10 13:54:59.325979,0 days 00:00:02.704197,0.15448205481944471,40.0,0.2,96,100.0,0.0005345669931900891,168,0.00016064105506173747,1,1,adam,"{'neurons_per_layer_encoder': [96], 'neurons_per_layer_decoder': [96]}",96,[96],[96],[0.20265722997633595],0.49342871487440026,COMPLETE
665,0.18755432820911677,2025-01-10 13:54:57.230578,2025-01-10 13:55:00.066392,0 days 00:00:02.835814,0.1541790037830085,40.0,0.2,184,100.0,0.0005177536091727285,352,7.565364364383726e-05,1,1,adam,"{'neurons_per_layer_encoder': [184], 'neurons_per_layer_decoder': [184]}",184,[184],[184],[0.18755432820911677],0.6732665834889463,COMPLETE
666,0.16796404056304803,2025-01-10 13:54:57.496017,2025-01-10 13:55:00.056691,0 days 00:00:02.560674,0.1547337193430844,40.0,0.2,184,100.0,0.0005082229777549722,208,0.00011606470590637313,1,1,adam,"{'neurons_per_layer_encoder': [184], 'neurons_per_layer_decoder': [184]}",184,[184],[184],[0.16796404056304803],0.6048947162070323,COMPLETE
667,-0.015448235438913605,2025-01-10 13:54:58.724714,2025-01-10 13:55:00.078099,0 days 00:00:01.353385,0.08225594782916772,40.0,0.2,96,100.0,0.0005499979806271135,168,0.00011588609485086248,1,1,adam,"{'neurons_per_layer_encoder': [96], 'neurons_per_layer_decoder': [96]}",96,[96],[96],[-0.015448235438913605],0.4597040361313607,COMPLETE
668,0.2150417930213807,2025-01-10 13:54:58.855178,2025-01-10 13:55:01.470185,0 days 00:00:02.615007,0.07638666745958748,40.0,0.2,132,100.0,0.0006800830766272652,236,0.00011835697549587866,1,1,adam,"{'neurons_per_layer_encoder': [132], 'neurons_per_layer_decoder': [132]}",132,[132],[132],[0.2150417930213807],0.6569081867257075,COMPLETE
669,0.17274272395803747,2025-01-10 13:54:59.336190,2025-01-10 13:55:02.001597,0 days 00:00:02.665407,0.07711370456246508,40.0,0.2,116,100.0,0.00041242729143917297,236,0.00011475855546817765,1,1,adam,"{'neurons_per_layer_encoder': [116], 'neurons_per_layer_decoder': [116]}",116,[116],[116],[0.17274272395803747],0.4678476735207299,COMPLETE
670,0.29061520431008725,2025-01-10 13:55:00.068068,2025-01-10 13:55:02.685278,0 days 00:00:02.617210,0.19969947095751653,40.0,0.2,84,100.0,0.0006870122729736413,188,0.000306441209851195,1,1,adam,"{'neurons_per_layer_encoder': [84], 'neurons_per_layer_decoder': [84]}",84,[84],[84],[0.29061520431008725],0.5926271082403767,COMPLETE
671,0.11215088261797224,2025-01-10 13:55:00.081010,2025-01-10 13:55:02.667909,0 days 00:00:02.586899,0.18211349467504784,80.0,0.2,116,100.0,0.0003972001430273964,252,0.0003072553956276084,1,1,adam,"{'neurons_per_layer_encoder': [116], 'neurons_per_layer_decoder': [116]}",116,[116],[116],[0.11215088261797224],0.3309896209030855,COMPLETE
672,-0.08193415542928406,2025-01-10 13:55:00.094040,2025-01-10 13:55:03.451411,0 days 00:00:03.357371,0.1824767918297823,80.0,0.2,116,100.0,0.0006630663345261802,536,0.00030865922111411126,1,3,adam,"{'neurons_per_layer_encoder': [116, 232, 464], 'neurons_per_layer_decoder': [464]}",116,[464],"[116, 232, 464]",[-0.08193415542928406],0.880457503486198,COMPLETE
