number,value,datetime_start,datetime_complete,duration,params_alpha,params_batch_size,params_drop_out_rate,params_encoder_neurons_layer_1,params_epochs,params_lambda,params_latent_dim,params_learning_rate,params_num_layers_decoder,params_num_layers_encoder,params_optimizer,user_attrs_encoder_decoder_config,user_attrs_first_layer_neurons,user_attrs_neurons_per_layer_decoder,user_attrs_neurons_per_layer_encoder,user_attrs_r2_feature_1,user_attrs_relative_deterioration,state
1426,0.13549395617547033,2025-01-10 14:05:51.238098,2025-01-10 14:05:53.817611,0 days 00:00:02.579513,0.04695776606665183,32.0,0.2,48,100.0,2.4645164338524077e-05,68,0.0009547730441825423,1,1,adam,"{'neurons_per_layer_encoder': [48], 'neurons_per_layer_decoder': [48]}",48,[48],[48],[0.13549395617547033],-1.1433740912579726,COMPLETE
1427,-0.05961314262295936,2025-01-10 14:05:51.238802,2025-01-10 14:05:52.668355,0 days 00:00:01.429553,0.053661516474349996,32.0,0.2,60,100.0,2.9983088622089997e-05,130,0.0011380838187963161,1,1,adam,"{'neurons_per_layer_encoder': [60], 'neurons_per_layer_decoder': [60]}",60,[60],[60],[-0.05961314262295936],-1.3595137457199642,COMPLETE
1428,0.23140065565280843,2025-01-10 14:05:51.380339,2025-01-10 14:05:53.971571,0 days 00:00:02.591232,0.053688941118446715,32.0,0.2,56,100.0,1.973248702194463e-05,77,0.0011431929677581845,1,1,adam,"{'neurons_per_layer_encoder': [56], 'neurons_per_layer_decoder': [56]}",56,[56],[56],[0.23140065565280843],-1.0998837140865718,COMPLETE
1429,-0.044823330543908524,2025-01-10 14:05:51.996826,2025-01-10 14:05:53.465504,0 days 00:00:01.468678,0.05469004854258504,32.0,0.2,56,100.0,3.264029655605321e-05,77,0.0010693316725812413,1,1,adam,"{'neurons_per_layer_encoder': [56], 'neurons_per_layer_decoder': [56]}",56,[56],[56],[-0.044823330543908524],-1.6424290236198706,COMPLETE
1430,0.07638644252546933,2025-01-10 14:05:52.614902,2025-01-10 14:05:55.165158,0 days 00:00:02.550256,0.05515654090862737,32.0,0.2,56,100.0,2.2561515739535537e-05,77,0.0010191740335656495,1,1,adam,"{'neurons_per_layer_encoder': [56], 'neurons_per_layer_decoder': [56]}",56,[56],[56],[0.07638644252546933],-1.8164299307107596,COMPLETE
1431,0.20880600310391362,2025-01-10 14:05:52.685049,2025-01-10 14:05:55.435422,0 days 00:00:02.750373,0.048478649487830865,32.0,0.2,56,100.0,5.075444728101184e-05,77,0.0010845869709570893,1,1,adam,"{'neurons_per_layer_encoder': [56], 'neurons_per_layer_decoder': [56]}",56,[56],[56],[0.20880600310391362],-1.139177228222999,COMPLETE
1432,-0.19212022006710217,2025-01-10 14:05:53.476983,2025-01-10 14:05:57.455353,0 days 00:00:03.978370,0.05130569247578247,32.0,0.2,56,100.0,2.3943730620931303e-05,1624,0.0007300363715119534,1,5,adam,"{'neurons_per_layer_encoder': [56, 112, 224, 448, 896], 'neurons_per_layer_decoder': [896]}",56,[896],"[56, 112, 224, 448, 896]",[-0.19212022006710217],0.2519193945214039,COMPLETE
1433,0.08531755130882057,2025-01-10 14:05:53.829302,2025-01-10 14:05:56.675917,0 days 00:00:02.846615,0.056481229535420834,32.0,0.2,56,100.0,2.4274691513543565e-05,77,0.000715551719195999,1,1,adam,"{'neurons_per_layer_encoder': [56], 'neurons_per_layer_decoder': [56]}",56,[56],[56],[0.08531755130882057],-1.2493178125309097,COMPLETE
1434,-1.2316642087307863,2025-01-10 14:05:53.983997,2025-01-10 14:05:57.719856,0 days 00:00:03.735859,0.0571670644177719,32.0,0.2,60,100.0,4.554476407776912e-05,2248,0.0007630216421903197,1,5,adam,"{'neurons_per_layer_encoder': [60, 120, 240, 480, 960], 'neurons_per_layer_decoder': [960]}",60,[960],"[60, 120, 240, 480, 960]",[-1.2316642087307863],0.26915191796350446,COMPLETE
1435,0.21586651865426443,2025-01-10 14:05:55.177003,2025-01-10 14:05:58.366657,0 days 00:00:03.189654,0.05746200727876814,32.0,0.2,60,100.0,4.2910088600342755e-05,130,0.0013621154293135334,1,1,adam,"{'neurons_per_layer_encoder': [60], 'neurons_per_layer_decoder': [60]}",60,[60],[60],[0.21586651865426443],-0.9555694954599858,COMPLETE
1436,-0.09566085235593569,2025-01-10 14:05:55.447571,2025-01-10 14:06:00.546863,0 days 00:00:05.099292,0.05678840398234546,32.0,0.2,44,100.0,2.4755106061814516e-05,1608,0.0007771498409332942,1,5,adadelta,"{'neurons_per_layer_encoder': [44, 88, 176, 352, 704], 'neurons_per_layer_decoder': [704]}",44,[704],"[44, 88, 176, 352, 704]",[-0.09566085235593569],0.2962409110845728,COMPLETE
1437,-0.05152324882447057,2025-01-10 14:05:56.693846,2025-01-10 14:05:59.837771,0 days 00:00:03.143925,0.050187214332033526,32.0,0.2,44,100.0,4.251949570034114e-05,80,0.0012482017321669306,1,1,adadelta,"{'neurons_per_layer_encoder': [44], 'neurons_per_layer_decoder': [44]}",44,[44],[44],[-0.05152324882447057],0.2901728336418362,COMPLETE
1438,-0.049456181574006663,2025-01-10 14:05:57.467568,2025-01-10 14:05:59.388938,0 days 00:00:01.921370,0.049651280165204634,32.0,0.2,44,100.0,3.251892596909911e-05,80,0.0012665494372485681,1,1,adadelta,"{'neurons_per_layer_encoder': [44], 'neurons_per_layer_decoder': [44]}",44,[44],[44],[-0.049456181574006663],-0.20440771978380548,COMPLETE
1439,-0.37957775815866657,2025-01-10 14:05:57.741464,2025-01-10 14:05:59.463242,0 days 00:00:01.721778,0.050147352894594335,32.0,0.2,44,100.0,2.8202406910735188e-05,80,0.0009100619842518633,1,1,adadelta,"{'neurons_per_layer_encoder': [44], 'neurons_per_layer_decoder': [44]}",44,[44],[44],[-0.37957775815866657],0.005462334073839732,COMPLETE
1440,-0.3133517257821894,2025-01-10 14:05:58.380877,2025-01-10 14:06:01.567880,0 days 00:00:03.187003,0.04608495476943706,32.0,0.2,40,100.0,2.9496982566459074e-05,60,0.0008219404289151129,1,1,adadelta,"{'neurons_per_layer_encoder': [40], 'neurons_per_layer_decoder': [40]}",40,[40],[40],[-0.3133517257821894],0.22312707481028232,COMPLETE
1441,0.07624907601970865,2025-01-10 14:05:59.403405,2025-01-10 14:06:01.307184,0 days 00:00:01.903779,0.06331164637489735,32.0,0.2,40,100.0,2.5007162165718675e-05,60,0.0008560521106008817,1,1,adam,"{'neurons_per_layer_encoder': [40], 'neurons_per_layer_decoder': [40]}",40,[40],[40],[0.07624907601970865],-0.8060773115149599,COMPLETE
1442,0.008359321048386992,2025-01-10 14:05:59.480014,2025-01-10 14:06:02.289630,0 days 00:00:02.809616,0.04565943924798586,32.0,0.2,28,100.0,3.6155125881354164e-05,46,0.0007892975647601981,1,1,adam,"{'neurons_per_layer_encoder': [28], 'neurons_per_layer_decoder': [28]}",28,[28],[28],[0.008359321048386992],-1.0877763742561637,COMPLETE
1443,0.23748053199098418,2025-01-10 14:05:59.851606,2025-01-10 14:06:02.822427,0 days 00:00:02.970821,0.04556253513105479,32.0,0.2,40,100.0,3.0440101588263406e-05,60,0.002575971509669868,1,1,adam,"{'neurons_per_layer_encoder': [40], 'neurons_per_layer_decoder': [40]}",40,[40],[40],[0.23748053199098418],-1.19293190558407,COMPLETE
1444,0.26494077257249726,2025-01-10 14:06:00.561001,2025-01-10 14:06:03.395002,0 days 00:00:02.834001,0.06291306193713449,32.0,0.2,36,100.0,2.8792260282044207e-05,71,0.0007857693689140867,1,1,adam,"{'neurons_per_layer_encoder': [36], 'neurons_per_layer_decoder': [36]}",36,[36],[36],[0.26494077257249726],-0.7323510989260531,COMPLETE
1445,0.14445417006655903,2025-01-10 14:06:01.319122,2025-01-10 14:06:03.964333,0 days 00:00:02.645211,0.04224143609628955,32.0,0.2,32,100.0,3.443070467782001e-05,51,0.0036713237796221266,1,1,adam,"{'neurons_per_layer_encoder': [32], 'neurons_per_layer_decoder': [32]}",32,[32],[32],[0.14445417006655903],-1.6576148447784995,COMPLETE
1446,0.239945134432062,2025-01-10 14:06:01.579999,2025-01-10 14:06:04.193112,0 days 00:00:02.613113,0.04277409519238364,32.0,0.2,32,100.0,3.068719396115489e-05,35,0.0011109873657935735,1,1,adam,"{'neurons_per_layer_encoder': [32], 'neurons_per_layer_decoder': [32]}",32,[32],[32],[0.239945134432062],-1.3467635239858655,COMPLETE
1447,0.23586483836245853,2025-01-10 14:06:02.302935,2025-01-10 14:06:04.859544,0 days 00:00:02.556609,0.042337286338066535,32.0,0.2,32,100.0,2.0188911857416818e-05,51,0.0025726000768238715,1,1,adam,"{'neurons_per_layer_encoder': [32], 'neurons_per_layer_decoder': [32]}",32,[32],[32],[0.23586483836245853],-1.0993743629646093,COMPLETE
1448,0.2167607843847521,2025-01-10 14:06:02.834772,2025-01-10 14:06:05.519767,0 days 00:00:02.684995,0.04202840632282788,32.0,0.2,196,100.0,3.0305123907433737e-05,268,0.0011596338753539675,1,1,adam,"{'neurons_per_layer_encoder': [196], 'neurons_per_layer_decoder': [196]}",196,[196],[196],[0.2167607843847521],-0.9254880579757165,COMPLETE
1449,0.18692089787053445,2025-01-10 14:06:03.406586,2025-01-10 14:06:05.832536,0 days 00:00:02.425950,0.05455492606277287,32.0,0.2,64,100.0,2.2417255532104366e-05,134,0.0011173342109610696,1,1,adam,"{'neurons_per_layer_encoder': [64], 'neurons_per_layer_decoder': [64]}",64,[64],[64],[0.18692089787053445],-1.3660489727349512,COMPLETE
1450,0.16578720232723254,2025-01-10 14:06:03.975820,2025-01-10 14:06:06.610247,0 days 00:00:02.634427,0.05286541359193164,32.0,0.2,144,100.0,3.6165529338943985e-05,280,0.0009189729752207664,1,1,adam,"{'neurons_per_layer_encoder': [144], 'neurons_per_layer_decoder': [144]}",144,[144],[144],[0.16578720232723254],-0.9199844928615932,COMPLETE
1451,0.12673338178925309,2025-01-10 14:06:04.205676,2025-01-10 14:06:06.295045,0 days 00:00:02.089369,0.05401528223223701,32.0,0.2,144,100.0,1.869950934094797e-05,264,0.0009731835137945463,1,1,adam,"{'neurons_per_layer_encoder': [144], 'neurons_per_layer_decoder': [144]}",144,[144],[144],[0.12673338178925309],-1.3951139287156205,COMPLETE
1452,0.22692788735706293,2025-01-10 14:06:04.870962,2025-01-10 14:06:07.398327,0 days 00:00:02.527365,0.052783802286488525,32.0,0.30000000000000004,52,100.0,3.441838100899441e-05,89,0.000653720076596592,1,1,adam,"{'neurons_per_layer_encoder': [52], 'neurons_per_layer_decoder': [52]}",52,[52],[52],[0.22692788735706293],-0.8695118149886508,COMPLETE
1453,0.2413316733090286,2025-01-10 14:06:05.532306,2025-01-10 14:06:08.074288,0 days 00:00:02.541982,0.05304944992129269,32.0,0.30000000000000004,52,100.0,3.7777247449197384e-05,89,0.0016141029838213188,1,1,adam,"{'neurons_per_layer_encoder': [52], 'neurons_per_layer_decoder': [52]}",52,[52],[52],[0.2413316733090286],-0.7336740503166499,COMPLETE
1454,0.1501958280137079,2025-01-10 14:06:05.844022,2025-01-10 14:06:08.327126,0 days 00:00:02.483104,0.049290386481573925,32.0,0.2,52,100.0,1.8925395018391528e-05,89,0.000618044026398305,1,1,adam,"{'neurons_per_layer_encoder': [52], 'neurons_per_layer_decoder': [52]}",52,[52],[52],[0.1501958280137079],-1.3210792930893318,COMPLETE
1455,-0.16269148094726504,2025-01-10 14:06:06.306895,2025-01-10 14:06:07.725902,0 days 00:00:01.419007,0.052235120996946154,32.0,0.2,16,100.0,3.496163529281483e-05,33,0.0006545085270655496,1,1,adam,"{'neurons_per_layer_encoder': [16], 'neurons_per_layer_decoder': [16]}",16,[16],[16],[-0.16269148094726504],-0.5278541657950109,COMPLETE
1456,0.05304973649933842,2025-01-10 14:06:06.621505,2025-01-10 14:06:09.104803,0 days 00:00:02.483298,0.05026441707970842,32.0,0.2,16,100.0,4.2205839862080937e-05,17,0.0016478771031390308,1,1,adam,"{'neurons_per_layer_encoder': [16], 'neurons_per_layer_decoder': [16]}",16,[16],[16],[0.05304973649933842],-1.111064818367957,COMPLETE
1457,0.3802864575835654,2025-01-10 14:06:07.408979,2025-01-10 14:06:10.246995,0 days 00:00:02.838016,0.04924108364373691,32.0,0.2,64,100.0,3.862372414822311e-05,280,0.001480005260591221,1,2,adam,"{'neurons_per_layer_encoder': [64, 128], 'neurons_per_layer_decoder': [128]}",64,[128],"[64, 128]",[0.3802864575835654],-0.29930449076911075,COMPLETE
1458,0.28125396599219754,2025-01-10 14:06:07.736370,2025-01-10 14:06:10.641305,0 days 00:00:02.904935,0.04935577438784312,32.0,0.2,60,100.0,3.969278101901926e-05,272,0.001527435926321066,1,2,adam,"{'neurons_per_layer_encoder': [60, 120], 'neurons_per_layer_decoder': [120]}",60,[120],"[60, 120]",[0.28125396599219754],-0.5048472749707424,COMPLETE
1459,0.05928466881982419,2025-01-10 14:06:08.086685,2025-01-10 14:06:10.314198,0 days 00:00:02.227513,0.05963867924449237,32.0,0.2,64,100.0,2.5795687151836235e-05,280,0.00091288280568382,1,2,adam,"{'neurons_per_layer_encoder': [64, 128], 'neurons_per_layer_decoder': [128]}",64,[128],"[64, 128]",[0.05928466881982419],-0.8805681506112788,COMPLETE
1460,0.012229513183726892,2025-01-10 14:06:08.338535,2025-01-10 14:06:09.803502,0 days 00:00:01.464967,0.06072538787349018,32.0,0.2,60,100.0,2.6995945934298303e-05,130,0.000994827257969831,1,1,adam,"{'neurons_per_layer_encoder': [60], 'neurons_per_layer_decoder': [60]}",60,[60],[60],[0.012229513183726892],-1.0137976036289589,COMPLETE
1461,0.27593848657292386,2025-01-10 14:06:09.116823,2025-01-10 14:06:11.745920,0 days 00:00:02.629097,0.04673412912922771,32.0,0.2,60,100.0,2.6910194846937682e-05,130,0.0014686238978145435,1,1,adam,"{'neurons_per_layer_encoder': [60], 'neurons_per_layer_decoder': [60]}",60,[60],[60],[0.27593848657292386],-1.064309225601875,COMPLETE
1462,0.3906817944242804,2025-01-10 14:06:09.813685,2025-01-10 14:06:12.766259,0 days 00:00:02.952574,0.05839898321390565,32.0,0.2,64,100.0,6.165991915416893e-05,248,0.0012311084902624071,1,2,adam,"{'neurons_per_layer_encoder': [64, 128], 'neurons_per_layer_decoder': [128]}",64,[128],"[64, 128]",[0.3906817944242804],0.0021444707082787676,COMPLETE
1463,0.03964965820198385,2025-01-10 14:06:10.258707,2025-01-10 14:06:12.596651,0 days 00:00:02.337944,0.047016483658401,32.0,0.2,64,100.0,4.755300378791972e-05,296,0.0018002312677261557,1,3,adam,"{'neurons_per_layer_encoder': [64, 128, 256], 'neurons_per_layer_decoder': [256]}",64,[256],"[64, 128, 256]",[0.03964965820198385],-0.12603529900752006,COMPLETE
1464,0.15148447116116925,2025-01-10 14:06:10.327419,2025-01-10 14:06:14.750976,0 days 00:00:04.423557,0.050385665754999774,32.0,0.2,64,100.0,4.4162180486284834e-05,520,0.0018615983567893777,1,4,adam,"{'neurons_per_layer_encoder': [64, 128, 256, 512], 'neurons_per_layer_decoder': [512]}",64,[512],"[64, 128, 256, 512]",[0.15148447116116925],0.19102969302940198,COMPLETE
1465,0.06569851652649306,2025-01-10 14:06:10.655252,2025-01-10 14:06:14.422935,0 days 00:00:03.767683,0.046826196739191375,32.0,0.2,64,100.0,4.939924828211189e-05,280,0.0013392985093794833,2,3,adam,"{'neurons_per_layer_encoder': [64, 128, 256], 'neurons_per_layer_decoder': [256, 128]}",64,"[256, 128]","[64, 128, 256]",[0.06569851652649306],-0.006286611812011897,COMPLETE
1466,0.2701076115124582,2025-01-10 14:06:11.758025,2025-01-10 14:06:15.077961,0 days 00:00:03.319936,0.04605374037219601,32.0,0.2,64,100.0,5.994502397868648e-05,280,0.0013216991497903311,2,2,adam,"{'neurons_per_layer_encoder': [64, 128], 'neurons_per_layer_decoder': [128, 64]}",64,"[128, 64]","[64, 128]",[0.2701076115124582],-0.1254264894246626,COMPLETE
1467,0.09047249410778191,2025-01-10 14:06:12.609009,2025-01-10 14:06:15.314526,0 days 00:00:02.705517,0.045975385815367274,32.0,0.2,64,100.0,5.142370189871296e-05,280,0.001348735076860225,1,2,adam,"{'neurons_per_layer_encoder': [64, 128], 'neurons_per_layer_decoder': [128]}",64,[128],"[64, 128]",[0.09047249410778191],-0.5394094180280906,COMPLETE
1468,0.21551772746716014,2025-01-10 14:06:12.778672,2025-01-10 14:06:16.304557,0 days 00:00:03.525885,0.06336932353749387,32.0,0.2,64,100.0,5.605064069027979e-05,248,0.0017566340131892982,2,2,adam,"{'neurons_per_layer_encoder': [64, 128], 'neurons_per_layer_decoder': [128, 64]}",64,"[128, 64]","[64, 128]",[0.21551772746716014],-0.3025892127865403,COMPLETE
1469,0.19983562176384106,2025-01-10 14:06:14.435166,2025-01-10 14:06:17.339497,0 days 00:00:02.904331,0.04881329450522491,32.0,0.2,64,100.0,5.5598211269233775e-05,280,0.0018106381508790348,1,2,adam,"{'neurons_per_layer_encoder': [64, 128], 'neurons_per_layer_decoder': [128]}",64,[128],"[64, 128]",[0.19983562176384106],-0.5639298328873056,COMPLETE
1470,0.27267515430126343,2025-01-10 14:06:14.764269,2025-01-10 14:06:17.683514,0 days 00:00:02.919245,0.06312638155197399,32.0,0.2,64,100.0,3.142771438931366e-05,248,0.0020837301856456492,1,2,adam,"{'neurons_per_layer_encoder': [64, 128], 'neurons_per_layer_decoder': [128]}",64,[128],"[64, 128]",[0.27267515430126343],-1.0392838689944874,COMPLETE
1471,0.20632629181184314,2025-01-10 14:06:15.089424,2025-01-10 14:06:18.313419,0 days 00:00:03.223995,0.0620968193785186,32.0,0.2,68,100.0,3.5014212633537616e-05,272,0.0015264874455859442,1,2,adam,"{'neurons_per_layer_encoder': [68, 136], 'neurons_per_layer_decoder': [136]}",68,[136],"[68, 136]",[0.20632629181184314],-0.7282575026911208,COMPLETE
1472,0.07362509941038897,2025-01-10 14:06:15.325808,2025-01-10 14:06:17.875326,0 days 00:00:02.549518,0.06280435828925598,32.0,0.2,200,100.0,3.0822253616057494e-05,424,0.0017745472388391592,1,2,adam,"{'neurons_per_layer_encoder': [200, 400], 'neurons_per_layer_decoder': [400]}",200,[400],"[200, 400]",[0.07362509941038897],-0.403673996480132,COMPLETE
1473,0.09560510909792419,2025-01-10 14:06:16.316542,2025-01-10 14:06:18.579531,0 days 00:00:02.262989,0.06841271065236267,32.0,0.2,56,100.0,3.1470354651001575e-05,264,0.00217456303530327,1,2,adam,"{'neurons_per_layer_encoder': [56, 112], 'neurons_per_layer_decoder': [112]}",56,[112],"[56, 112]",[0.09560510909792419],-0.8514879572182682,COMPLETE
1474,0.11396744462467512,2025-01-10 14:06:17.351739,2025-01-10 14:06:19.951401,0 days 00:00:02.599662,0.05935063313774213,32.0,0.2,56,100.0,3.178542972049221e-05,264,0.0013494039269144984,1,2,adam,"{'neurons_per_layer_encoder': [56, 112], 'neurons_per_layer_decoder': [112]}",56,[112],"[56, 112]",[0.11396744462467512],-0.7039896975725409,COMPLETE
1475,0.09330541527469682,2025-01-10 14:06:17.696234,2025-01-10 14:06:19.924882,0 days 00:00:02.228648,0.05915241125704828,32.0,0.2,56,100.0,3.912238655198701e-05,264,0.0014152122812923491,1,2,sgd,"{'neurons_per_layer_encoder': [56, 112], 'neurons_per_layer_decoder': [112]}",56,[112],"[56, 112]",[0.09330541527469682],0.051023672659372396,COMPLETE
1476,-0.13947296146971833,2025-01-10 14:06:17.888159,2025-01-10 14:06:18.938659,0 days 00:00:01.050500,0.06801572129803435,32.0,0.2,56,100.0,4.761815774851224e-05,264,0.0012341922047580049,1,2,sgd,"{'neurons_per_layer_encoder': [56, 112], 'neurons_per_layer_decoder': [112]}",56,[112],"[56, 112]",[-0.13947296146971833],-0.029166586323660006,COMPLETE
1477,-0.015211455056311829,2025-01-10 14:06:18.324994,2025-01-10 14:06:20.441035,0 days 00:00:02.116041,0.05445228353965054,32.0,0.1,56,100.0,4.2514676891746626e-05,264,0.0014886935838870166,1,2,adam,"{'neurons_per_layer_encoder': [56, 112], 'neurons_per_layer_decoder': [112]}",56,[112],"[56, 112]",[-0.015211455056311829],-1.2483146895595805,COMPLETE
1478,0.1318314015151093,2025-01-10 14:06:19.937445,2025-01-10 14:06:22.704811,0 days 00:00:02.767366,0.057444870002065926,32.0,0.2,60,100.0,4.003170376009217e-05,256,0.0011976500048410039,1,2,adam,"{'neurons_per_layer_encoder': [60, 120], 'neurons_per_layer_decoder': [120]}",60,[120],"[60, 120]",[0.1318314015151093],-0.6599321689270832,COMPLETE
1479,0.04130179253981603,2025-01-10 14:06:20.452991,2025-01-10 14:06:22.642256,0 days 00:00:02.189265,0.05827212203821217,32.0,0.2,192,100.0,3.1658840876967524e-05,408,0.0012349997645024907,1,2,adam,"{'neurons_per_layer_encoder': [192, 384], 'neurons_per_layer_decoder': [384]}",192,[384],"[192, 384]",[0.04130179253981603],-0.3479457955727934,COMPLETE
1480,0.25692828254593447,2025-01-10 14:06:22.715344,2025-01-10 14:06:25.600938,0 days 00:00:02.885594,0.05483912724650748,32.0,0.2,72,100.0,5.929583510408226e-05,248,0.0015624434979056956,1,2,adam,"{'neurons_per_layer_encoder': [72, 144], 'neurons_per_layer_decoder': [144]}",72,[144],"[72, 144]",[0.25692828254593447],-0.20826763632558257,COMPLETE
1481,0.2593860215906476,2025-01-10 14:06:55.674545,2025-01-10 14:06:58.575842,0 days 00:00:02.901297,0.04428569787199896,32.0,0.2,68,100.0,2.7396773119176835e-05,288,0.0011175628485805482,1,2,adam,"{'neurons_per_layer_encoder': [68, 136], 'neurons_per_layer_decoder': [136]}",68,[136],"[68, 136]",[0.2593860215906476],-0.7836855670302575,COMPLETE
1482,0.026878980806500308,2025-01-10 14:06:55.677301,2025-01-10 14:06:57.890434,0 days 00:00:02.213133,0.05688439903305966,32.0,0.2,60,100.0,2.2647118488193946e-05,256,0.001118143159703213,1,2,adam,"{'neurons_per_layer_encoder': [60, 120], 'neurons_per_layer_decoder': [120]}",60,[120],"[60, 120]",[0.026878980806500308],-0.8128366768997317,COMPLETE
1483,0.2631249999984643,2025-01-10 14:06:55.679663,2025-01-10 14:06:58.606374,0 days 00:00:02.926711,0.05110387742106214,32.0,0.2,68,100.0,3.8654790181424714e-05,288,0.0011962670601685648,1,2,adam,"{'neurons_per_layer_encoder': [68, 136], 'neurons_per_layer_decoder': [136]}",68,[136],"[68, 136]",[0.2631249999984643],-0.487572912184146,COMPLETE
1484,0.2613693699053846,2025-01-10 14:06:55.682755,2025-01-10 14:06:58.619139,0 days 00:00:02.936384,0.04434666207304246,32.0,0.2,68,100.0,3.500455639612744e-05,288,0.0012221425429650044,1,2,adam,"{'neurons_per_layer_encoder': [68, 136], 'neurons_per_layer_decoder': [136]}",68,[136],"[68, 136]",[0.2613693699053846],-0.5352741250039523,COMPLETE
1485,0.08146529269353042,2025-01-10 14:06:55.687988,2025-01-10 14:06:58.603449,0 days 00:00:02.915461,0.06693188103140653,32.0,0.2,68,100.0,2.095457259036684e-05,288,0.0010679675434168857,1,2,adam,"{'neurons_per_layer_encoder': [68, 136], 'neurons_per_layer_decoder': [136]}",68,[136],"[68, 136]",[0.08146529269353042],-1.1668941100644963,COMPLETE
1486,0.1380764187519563,2025-01-10 14:06:57.904419,2025-01-10 14:07:00.128320,0 days 00:00:02.223901,0.03851222782624113,32.0,0.2,68,100.0,3.938684092798289e-05,288,0.0010738548597674829,1,2,adam,"{'neurons_per_layer_encoder': [68, 136], 'neurons_per_layer_decoder': [136]}",68,[136],"[68, 136]",[0.1380764187519563],-0.7902316946025538,COMPLETE
1487,0.28438320437061304,2025-01-10 14:06:58.593182,2025-01-10 14:07:01.472578,0 days 00:00:02.879396,0.06593457108597849,32.0,0.2,52,100.0,3.459525200576296e-05,240,0.001258443941624433,1,2,adam,"{'neurons_per_layer_encoder': [52, 104], 'neurons_per_layer_decoder': [104]}",52,[104],"[52, 104]",[0.28438320437061304],-0.5231081149692877,COMPLETE
