number,value,datetime_start,datetime_complete,duration,params_alpha,params_batch_size,params_drop_out_rate,params_encoder_neurons_layer_1,params_epochs,params_lambda,params_latent_dim,params_learning_rate,params_num_layers_decoder,params_num_layers_encoder,params_optimizer,user_attrs_encoder_decoder_config,user_attrs_first_layer_neurons,user_attrs_neurons_per_layer_decoder,user_attrs_neurons_per_layer_encoder,user_attrs_r2_feature_1,user_attrs_relative_deterioration,state
547,-0.13577846497255153,2025-01-10 13:53:36.345003,2025-01-10 13:53:37.841756,0 days 00:00:01.496753,0.12384445153723415,48.0,0.2,200,100.0,0.00046170568206233166,336,0.0003177117178556409,1,1,adadelta,"{'neurons_per_layer_encoder': [200], 'neurons_per_layer_decoder': [200]}",200,[200],[200],[-0.13577846497255153],0.581599779193029,COMPLETE
548,0.024492999465912546,2025-01-10 13:53:36.686286,2025-01-10 13:53:39.494997,0 days 00:00:02.808711,0.18437733051622437,48.0,0.2,196,100.0,0.0004579670124805199,332,0.0003230777641849203,1,1,adadelta,"{'neurons_per_layer_encoder': [196], 'neurons_per_layer_decoder': [196]}",196,[196],[196],[0.024492999465912546],0.6867042138660674,COMPLETE
549,-0.46608122476220526,2025-01-10 13:53:36.967212,2025-01-10 13:53:38.453117,0 days 00:00:01.485905,0.18462250912163675,48.0,0.2,92,100.0,0.0004628792551030432,148,0.00022111543543127952,1,1,adadelta,"{'neurons_per_layer_encoder': [92], 'neurons_per_layer_decoder': [92]}",92,[92],[92],[-0.46608122476220526],0.5020159889079444,COMPLETE
550,-0.08658058667661561,2025-01-10 13:53:37.141642,2025-01-10 13:53:38.606218,0 days 00:00:01.464576,0.047730258169720104,72.0,0.2,188,100.0,0.00041785880213536584,324,0.00022966989338870763,1,1,adadelta,"{'neurons_per_layer_encoder': [188], 'neurons_per_layer_decoder': [188]}",188,[188],[188],[-0.08658058667661561],0.5964551015076026,COMPLETE
551,0.1148931414564971,2025-01-10 13:53:37.853151,2025-01-10 13:53:40.751459,0 days 00:00:02.898308,0.18377624319081945,48.0,0.2,188,100.0,0.0003982773530919426,324,0.00018431283649871113,1,1,adam,"{'neurons_per_layer_encoder': [188], 'neurons_per_layer_decoder': [188]}",188,[188],[188],[0.1148931414564971],0.5258468516248682,COMPLETE
552,0.09726942482730261,2025-01-10 13:53:38.463332,2025-01-10 13:53:41.418237,0 days 00:00:02.954905,0.1805895058839731,72.0,0.2,192,100.0,0.00040514978379740404,328,0.0001542660384406423,1,1,adam,"{'neurons_per_layer_encoder': [192], 'neurons_per_layer_decoder': [192]}",192,[192],[192],[0.09726942482730261],0.540266511897176,COMPLETE
553,0.15146556448222093,2025-01-10 13:53:38.615888,2025-01-10 13:53:41.764563,0 days 00:00:03.148675,0.19981192869053244,48.0,0.2,168,100.0,0.0004019240935324611,336,0.00018047101528935726,1,1,adam,"{'neurons_per_layer_encoder': [168], 'neurons_per_layer_decoder': [168]}",168,[168],[168],[0.15146556448222093],0.5370960901092888,COMPLETE
554,-0.1603407479108374,2025-01-10 13:53:39.505956,2025-01-10 13:53:43.964227,0 days 00:00:04.458271,0.19102628423179185,48.0,0.2,168,100.0,0.0005399849857822397,872,0.00015712208295108886,1,3,adam,"{'neurons_per_layer_encoder': [168, 336, 672], 'neurons_per_layer_decoder': [672]}",168,[672],"[168, 336, 672]",[-0.1603407479108374],0.9013991174221435,COMPLETE
555,0.21607390908912316,2025-01-10 13:53:39.704051,2025-01-10 13:53:42.882861,0 days 00:00:03.178810,0.18940865923623548,40.0,0.2,164,100.0,0.0003937078340623288,348,0.00019167660244470315,1,1,adam,"{'neurons_per_layer_encoder': [164], 'neurons_per_layer_decoder': [164]}",164,[164],[164],[0.21607390908912316],0.5459253728940469,COMPLETE
556,0.19045446432200186,2025-01-10 13:53:40.761857,2025-01-10 13:53:43.597979,0 days 00:00:02.836122,0.15382798333678982,88.0,0.2,164,100.0,0.0005236765888295069,348,0.0002662108772602,1,1,adam,"{'neurons_per_layer_encoder': [164], 'neurons_per_layer_decoder': [164]}",164,[164],[164],[0.19045446432200186],0.6208600478948954,COMPLETE
557,0.17399258958920494,2025-01-10 13:53:41.428895,2025-01-10 13:53:44.303565,0 days 00:00:02.874670,0.19955982127558036,40.0,0.2,136,100.0,0.0005735177438022711,320,0.00024855486923006684,1,1,adam,"{'neurons_per_layer_encoder': [136], 'neurons_per_layer_decoder': [136]}",136,[136],[136],[0.17399258958920494],0.5755261684420341,COMPLETE
558,0.09911616110044474,2025-01-10 13:53:41.775599,2025-01-10 13:53:44.614652,0 days 00:00:02.839053,0.15295533980019899,40.0,0.2,136,100.0,0.0005103854734039269,320,0.00023388469858178184,1,1,adam,"{'neurons_per_layer_encoder': [136], 'neurons_per_layer_decoder': [136]}",136,[136],[136],[0.09911616110044474],0.5169010189500926,COMPLETE
559,0.16322552069038865,2025-01-10 13:53:42.894788,2025-01-10 13:53:45.720103,0 days 00:00:02.825315,0.15216759097316823,40.0,0.2,184,100.0,0.0005414205066437254,336,0.00024669640493835284,1,1,adam,"{'neurons_per_layer_encoder': [184], 'neurons_per_layer_decoder': [184]}",184,[184],[184],[0.16322552069038865],0.6245111106584231,COMPLETE
560,0.1422438824895217,2025-01-10 13:53:43.609599,2025-01-10 13:53:46.266673,0 days 00:00:02.657074,0.07730644759770611,40.0,0.2,172,100.0,0.0008735777259989093,324,0.00022904482688003016,1,1,adam,"{'neurons_per_layer_encoder': [172], 'neurons_per_layer_decoder': [172]}",172,[172],[172],[0.1422438824895217],0.72508186362155,COMPLETE
561,0.21662199139333682,2025-01-10 13:53:43.977049,2025-01-10 13:53:46.650657,0 days 00:00:02.673608,0.16801076091999437,40.0,0.2,184,100.0,0.0008538190579648303,336,0.00024397685263580335,1,1,adam,"{'neurons_per_layer_encoder': [184], 'neurons_per_layer_decoder': [184]}",184,[184],[184],[0.21662199139333682],0.7480795127810433,COMPLETE
562,0.14380481378930465,2025-01-10 13:53:44.315502,2025-01-10 13:53:46.959214,0 days 00:00:02.643712,0.1753988763613114,40.0,0.2,184,100.0,0.0008573144711348123,336,0.00021987707786474313,1,1,adam,"{'neurons_per_layer_encoder': [184], 'neurons_per_layer_decoder': [184]}",184,[184],[184],[0.14380481378930465],0.7403910151446731,COMPLETE
563,0.26574041257432646,2025-01-10 13:53:44.625758,2025-01-10 13:53:47.304149,0 days 00:00:02.678391,0.1667388627989187,40.0,0.2,184,100.0,0.0008735360181222288,336,8.711218405289768e-05,1,1,adam,"{'neurons_per_layer_encoder': [184], 'neurons_per_layer_decoder': [184]}",184,[184],[184],[0.26574041257432646],0.7978463484321158,COMPLETE
564,0.08598123178143269,2025-01-10 13:53:45.729854,2025-01-10 13:53:48.392789,0 days 00:00:02.662935,0.16966851663299967,48.0,0.2,176,100.0,0.000885323600174641,328,0.00021119986036377745,1,1,adam,"{'neurons_per_layer_encoder': [176], 'neurons_per_layer_decoder': [176]}",176,[176],[176],[0.08598123178143269],0.7304884508444711,COMPLETE
565,0.19570821431445184,2025-01-10 13:53:46.276933,2025-01-10 13:53:48.949750,0 days 00:00:02.672817,0.16846630072920746,48.0,0.2,176,100.0,0.0008426381856044306,312,0.00036823972422419854,1,1,adam,"{'neurons_per_layer_encoder': [176], 'neurons_per_layer_decoder': [176]}",176,[176],[176],[0.19570821431445184],0.7265482220385482,COMPLETE
566,0.20743014347777122,2025-01-10 13:53:46.661310,2025-01-10 13:53:49.309028,0 days 00:00:02.647718,0.1771516078858848,48.0,0.2,176,100.0,0.0007573021493179562,312,0.00037860519080937645,1,1,adam,"{'neurons_per_layer_encoder': [176], 'neurons_per_layer_decoder': [176]}",176,[176],[176],[0.20743014347777122],0.7080619002409163,COMPLETE
567,0.20333889547398476,2025-01-10 13:53:46.970856,2025-01-10 13:53:49.532219,0 days 00:00:02.561363,0.1637376057837933,48.0,0.2,120,100.0,0.0003717488358504855,192,0.0003687950879399751,1,1,adam,"{'neurons_per_layer_encoder': [120], 'neurons_per_layer_decoder': [120]}",120,[120],[120],[0.20333889547398476],0.3750473343538912,COMPLETE
568,-0.07912318399417262,2025-01-10 13:53:47.315226,2025-01-10 13:53:48.721765,0 days 00:00:01.406539,0.14315490673524747,40.0,0.2,196,100.0,5.287251185705335e-05,348,8.199897868093612e-05,1,1,adam,"{'neurons_per_layer_encoder': [196], 'neurons_per_layer_decoder': [196]}",196,[196],[196],[-0.07912318399417262],-0.16469393264169427,COMPLETE
569,0.2142464554841268,2025-01-10 13:53:48.403181,2025-01-10 13:53:51.149885,0 days 00:00:02.746704,0.1341876420763236,40.0,0.2,196,100.0,0.0007699361845470056,348,7.634628266746852e-05,1,1,adam,"{'neurons_per_layer_encoder': [196], 'neurons_per_layer_decoder': [196]}",196,[196],[196],[0.2142464554841268],0.7711527939878844,COMPLETE
570,-0.00871919160025536,2025-01-10 13:53:48.732107,2025-01-10 13:53:51.330651,0 days 00:00:02.598544,0.1358501821316218,40.0,0.2,76,100.0,0.0007652016716904968,147,7.103130358393992e-05,1,1,adam,"{'neurons_per_layer_encoder': [76], 'neurons_per_layer_decoder': [76]}",76,[76],[76],[-0.00871919160025536],0.47808832020139086,COMPLETE
571,-0.20457358564217576,2025-01-10 13:53:48.959345,2025-01-10 13:53:49.888872,0 days 00:00:00.929527,0.1575509293621854,40.0,0.2,188,100.0,0.0007364311776380094,356,8.949678079149892e-05,1,1,sgd,"{'neurons_per_layer_encoder': [188], 'neurons_per_layer_decoder': [188]}",188,[188],[188],[-0.20457358564217576],0.7062924871672238,COMPLETE
572,-0.1852543603053638,2025-01-10 13:53:49.319486,2025-01-10 13:53:50.507685,0 days 00:00:01.188199,0.15927307337443536,40.0,0.2,192,100.0,0.0007346201568286401,360,7.210939280153393e-05,1,1,sgd,"{'neurons_per_layer_encoder': [192], 'neurons_per_layer_decoder': [192]}",192,[192],[192],[-0.1852543603053638],0.7178286655307436,COMPLETE
573,-0.2461026082371518,2025-01-10 13:53:49.543931,2025-01-10 13:53:50.528450,0 days 00:00:00.984519,0.13269031014172963,40.0,0.2,188,100.0,0.0007296525143389543,356,6.530838389525472e-05,1,1,sgd,"{'neurons_per_layer_encoder': [188], 'neurons_per_layer_decoder': [188]}",188,[188],[188],[-0.2461026082371518],0.702038819496971,COMPLETE
574,0.15024377243071518,2025-01-10 13:53:49.899459,2025-01-10 13:53:52.748632,0 days 00:00:02.849173,0.06689148509721003,40.0,0.2,192,100.0,0.0007185900062416794,344,6.581035180747506e-05,1,1,adam,"{'neurons_per_layer_encoder': [192], 'neurons_per_layer_decoder': [192]}",192,[192],[192],[0.15024377243071518],0.7358995677207445,COMPLETE
575,0.14436669040525485,2025-01-10 13:53:50.520590,2025-01-10 13:53:53.074990,0 days 00:00:02.554400,0.06575881443151313,40.0,0.2,160,100.0,0.0009122519992435416,344,6.917733627231733e-05,1,1,adam,"{'neurons_per_layer_encoder': [160], 'neurons_per_layer_decoder': [160]}",160,[160],[160],[0.14436669040525485],0.7667311679668101,COMPLETE
576,0.09390330407590197,2025-01-10 13:53:51.161119,2025-01-10 13:53:53.613837,0 days 00:00:02.452718,0.08677508262803936,32.0,0.2,160,100.0,0.0009872041667901188,344,0.00013416986597837718,1,1,adam,"{'neurons_per_layer_encoder': [160], 'neurons_per_layer_decoder': [160]}",160,[160],[160],[0.09390330407590197],0.7505367219629053,COMPLETE
577,0.24151659171152018,2025-01-10 13:53:52.758977,2025-01-10 13:53:55.179426,0 days 00:00:02.420449,0.14600305437492125,32.0,0.2,160,100.0,0.0009204404410648803,344,8.985537163381735e-05,1,1,adam,"{'neurons_per_layer_encoder': [160], 'neurons_per_layer_decoder': [160]}",160,[160],[160],[0.24151659171152018],0.7890450820862548,COMPLETE
578,0.08897956556054665,2025-01-10 13:53:53.085676,2025-01-10 13:53:55.560854,0 days 00:00:02.475178,0.08693264408138816,32.0,0.2,180,100.0,0.0006157622328311902,332,8.640886769093006e-05,1,1,adam,"{'neurons_per_layer_encoder': [180], 'neurons_per_layer_decoder': [180]}",180,[180],[180],[0.08897956556054665],0.6643950427894345,COMPLETE
579,0.18866306148575862,2025-01-10 13:53:53.622637,2025-01-10 13:53:56.076319,0 days 00:00:02.453682,0.14912992653390678,32.0,0.2,180,100.0,0.0006154003333711831,332,5.3166135872455064e-05,1,1,adam,"{'neurons_per_layer_encoder': [180], 'neurons_per_layer_decoder': [180]}",180,[180],[180],[0.18866306148575862],0.7041821263613504,COMPLETE
580,0.1823958179160362,2025-01-10 13:53:55.189265,2025-01-10 13:53:57.491165,0 days 00:00:02.301900,0.17844221786595485,32.0,0.2,180,100.0,0.0006079764798883179,332,0.00011188719875478139,1,1,adam,"{'neurons_per_layer_encoder': [180], 'neurons_per_layer_decoder': [180]}",180,[180],[180],[0.1823958179160362],0.68352262950431,COMPLETE
581,0.15524805268520425,2025-01-10 13:54:11.470325,2025-01-10 13:54:14.571843,0 days 00:00:03.101518,0.19171770103768923,48.0,0.2,168,100.0,0.0005510710680015361,336,0.00017119702214708247,1,1,adam,"{'neurons_per_layer_encoder': [168], 'neurons_per_layer_decoder': [168]}",168,[168],[168],[0.15524805268520425],0.6494607068525955,COMPLETE
582,0.1237035242865383,2025-01-10 13:54:11.476007,2025-01-10 13:54:14.562952,0 days 00:00:03.086945,0.18921911434568772,48.0,0.2,172,100.0,0.0003074461670596585,324,0.0001499499442069843,1,1,adam,"{'neurons_per_layer_encoder': [172], 'neurons_per_layer_decoder': [172]}",172,[172],[172],[0.1237035242865383],0.4365488571581403,COMPLETE
583,0.13106592325785626,2025-01-10 13:54:11.477626,2025-01-10 13:54:14.616026,0 days 00:00:03.138400,0.0565476087871724,48.0,0.2,168,100.0,0.0003186219867445514,336,0.00014116116450957737,1,1,adam,"{'neurons_per_layer_encoder': [168], 'neurons_per_layer_decoder': [168]}",168,[168],[168],[0.13106592325785626],0.44667942697826096,COMPLETE
584,-0.08630673654947629,2025-01-10 13:54:11.478320,2025-01-10 13:54:18.763587,0 days 00:00:07.285267,0.19099309512709506,48.0,0.2,168,100.0,0.0005622643002799097,1368,0.00013752683921806365,1,4,adam,"{'neurons_per_layer_encoder': [168, 336, 672, 1344], 'neurons_per_layer_decoder': [1344]}",168,[1344],"[168, 336, 672, 1344]",[-0.08630673654947629],0.954838318681311,COMPLETE
585,0.23932448439086917,2025-01-10 13:54:11.476703,2025-01-10 13:54:14.952054,0 days 00:00:03.475351,0.16237268820063508,48.0,0.2,168,100.0,0.0005477320212651459,336,0.00014570486676154324,2,1,adam,"{'neurons_per_layer_encoder': [168], 'neurons_per_layer_decoder': [168, 84]}",168,"[168, 84]",[168],[0.23932448439086917],0.7760081783359213,COMPLETE
586,-0.3724227036459138,2025-01-10 13:54:14.585437,2025-01-10 13:54:21.659252,0 days 00:00:07.073815,0.16493019528653666,40.0,0.2,168,100.0,0.00046535998580019927,1368,0.0001840085524988354,1,4,adam,"{'neurons_per_layer_encoder': [168, 336, 672, 1344], 'neurons_per_layer_decoder': [1344]}",168,[1344],"[168, 336, 672, 1344]",[-0.3724227036459138],0.9283115237271208,COMPLETE
587,-0.2807990479741813,2025-01-10 13:54:14.591137,2025-01-10 13:54:18.800840,0 days 00:00:04.209703,0.056068878697334755,40.0,0.2,168,100.0,8.614670443021332e-05,1784,0.0001865851632262746,1,4,adam,"{'neurons_per_layer_encoder': [168, 336, 672, 1344], 'neurons_per_layer_decoder': [1344]}",168,[1344],"[168, 336, 672, 1344]",[-0.2807990479741813],0.7447138228575945,COMPLETE
588,0.21087913054314122,2025-01-10 13:54:14.645767,2025-01-10 13:54:18.788034,0 days 00:00:04.142267,0.16378042465145884,40.0,0.2,184,100.0,9.53266643852657e-05,336,0.00018881554574218463,1,1,adam,"{'neurons_per_layer_encoder': [184], 'neurons_per_layer_decoder': [184]}",184,[184],[184],[0.21087913054314122],-0.036972656014038,COMPLETE
589,0.18436810651125302,2025-01-10 13:54:14.963579,2025-01-10 13:54:18.990000,0 days 00:00:04.026421,0.07252322684141596,40.0,0.2,184,100.0,0.00041905925636250533,336,0.0002740069081403645,1,1,adam,"{'neurons_per_layer_encoder': [184], 'neurons_per_layer_decoder': [184]}",184,[184],[184],[0.18436810651125302],0.5311032686997599,COMPLETE
590,0.1498229280053811,2025-01-10 13:54:18.781563,2025-01-10 13:54:21.952480,0 days 00:00:03.170917,0.07170066376268922,40.0,0.2,48,100.0,0.0004488354091632554,52,0.0001867746855763597,1,1,adam,"{'neurons_per_layer_encoder': [48], 'neurons_per_layer_decoder': [48]}",48,[48],[48],[0.1498229280053811],0.10670856117735408,COMPLETE
591,0.14425594418316434,2025-01-10 13:54:18.803509,2025-01-10 13:54:21.896921,0 days 00:00:03.093412,0.1759608551904001,32.0,0.2,56,100.0,0.00047441904577017076,125,0.00011821949658496395,1,1,adam,"{'neurons_per_layer_encoder': [56], 'neurons_per_layer_decoder': [56]}",56,[56],[56],[0.14425594418316434],0.28889963122620504,COMPLETE
592,0.036315049865619065,2025-01-10 13:54:18.816616,2025-01-10 13:54:22.013535,0 days 00:00:03.196919,0.07413472122650203,32.0,0.2,52,100.0,0.0009986052633593227,121,0.0002704202626398133,1,1,adam,"{'neurons_per_layer_encoder': [52], 'neurons_per_layer_decoder': [52]}",52,[52],[52],[0.036315049865619065],0.40010721994458903,COMPLETE
593,0.13243304515863907,2025-01-10 13:54:19.002917,2025-01-10 13:54:22.127508,0 days 00:00:03.124591,0.1803733476482632,32.0,0.2,176,100.0,1.1981499825642695e-06,328,0.00011661044311647641,1,1,adam,"{'neurons_per_layer_encoder': [176], 'neurons_per_layer_decoder': [176]}",176,[176],[176],[0.13243304515863907],-1.3166588489250943,COMPLETE
594,0.23017866681195343,2025-01-10 13:54:21.670091,2025-01-10 13:54:24.202818,0 days 00:00:02.532727,0.1783866254853159,32.0,0.2,56,100.0,1.139394678254087e-06,125,0.00012156068084198833,1,1,adam,"{'neurons_per_layer_encoder': [56], 'neurons_per_layer_decoder': [56]}",56,[56],[56],[0.23017866681195343],-0.42179305014823554,COMPLETE
595,-0.09084583129574608,2025-01-10 13:54:21.907517,2025-01-10 13:54:23.978418,0 days 00:00:02.070901,0.1841939564455789,32.0,0.2,152,100.0,0.0003633396873371542,336,5.655302516650793e-05,1,1,adam,"{'neurons_per_layer_encoder': [152], 'neurons_per_layer_decoder': [152]}",152,[152],[152],[-0.09084583129574608],0.41038938305005174,COMPLETE
596,0.1163413681970712,2025-01-10 13:54:21.966394,2025-01-10 13:54:24.638148,0 days 00:00:02.671754,0.1788793130245511,32.0,0.2,152,100.0,0.00035744583020128014,240,0.00020996415072967208,1,1,adam,"{'neurons_per_layer_encoder': [152], 'neurons_per_layer_decoder': [152]}",152,[152],[152],[0.1163413681970712],0.35695744192737955,COMPLETE
597,0.20490426569936437,2025-01-10 13:54:22.029363,2025-01-10 13:54:24.674703,0 days 00:00:02.645340,0.17696739617280033,32.0,0.2,176,100.0,0.0006766142385670356,328,0.00021368825996704097,1,1,adam,"{'neurons_per_layer_encoder': [176], 'neurons_per_layer_decoder': [176]}",176,[176],[176],[0.20490426569936437],0.6895061980385361,COMPLETE
598,0.2438189290212388,2025-01-10 13:54:22.137448,2025-01-10 13:54:24.718486,0 days 00:00:02.581038,0.062307993471679146,32.0,0.2,156,100.0,0.0003853292069563587,324,0.000214867555240803,1,1,adam,"{'neurons_per_layer_encoder': [156], 'neurons_per_layer_decoder': [156]}",156,[156],[156],[0.2438189290212388],0.5223136185767204,COMPLETE
599,0.17137115021093619,2025-01-10 13:54:23.989921,2025-01-10 13:54:26.664188,0 days 00:00:02.674267,0.15688291165516133,48.0,0.2,188,100.0,0.0006665503121096319,324,0.00020906932882162245,1,1,adam,"{'neurons_per_layer_encoder': [188], 'neurons_per_layer_decoder': [188]}",188,[188],[188],[0.17137115021093619],0.7007670979060366,COMPLETE
600,0.2616048026286515,2025-01-10 13:54:24.213581,2025-01-10 13:54:26.991701,0 days 00:00:02.778120,0.19973882551645913,48.0,0.2,160,100.0,0.000824198518134423,312,0.00020636679471259422,1,1,adam,"{'neurons_per_layer_encoder': [160], 'neurons_per_layer_decoder': [160]}",160,[160],[160],[0.2616048026286515],0.754756403847409,COMPLETE
601,0.09012829762947061,2025-01-10 13:54:24.649122,2025-01-10 13:54:28.213157,0 days 00:00:03.564035,0.15517571485584822,40.0,0.2,200,100.0,0.0007041204843400954,424,8.81392450822392e-05,1,2,adam,"{'neurons_per_layer_encoder': [200, 400], 'neurons_per_layer_decoder': [400]}",200,[400],"[200, 400]",[0.09012829762947061],0.8810434954840128,COMPLETE
602,-0.02661090488606055,2025-01-10 13:54:24.689199,2025-01-10 13:54:27.516822,0 days 00:00:02.827623,0.19946939089826493,40.0,0.2,188,100.0,0.0008363815466351093,324,9.389640582876127e-05,1,1,adam,"{'neurons_per_layer_encoder': [188], 'neurons_per_layer_decoder': [188]}",188,[188],[188],[-0.02661090488606055],0.7311103019947633,COMPLETE
603,0.23201904065917556,2025-01-10 13:54:24.732717,2025-01-10 13:54:27.436185,0 days 00:00:02.703468,0.15444899762820646,48.0,0.2,188,100.0,0.0006528945464974374,324,9.62951299876919e-05,1,1,adam,"{'neurons_per_layer_encoder': [188], 'neurons_per_layer_decoder': [188]}",188,[188],[188],[0.23201904065917556],0.7361176392251081,COMPLETE
604,0.16505217813082163,2025-01-10 13:54:26.675290,2025-01-10 13:54:29.553483,0 days 00:00:02.878193,0.1683933395849599,40.0,0.2,164,100.0,0.0008627665510483682,348,4.273934577223031e-05,1,1,adam,"{'neurons_per_layer_encoder': [164], 'neurons_per_layer_decoder': [164]}",164,[164],[164],[0.16505217813082163],0.7698448487785808,COMPLETE
605,0.17340670106587652,2025-01-10 13:54:27.003760,2025-01-10 13:54:30.805657,0 days 00:00:03.801897,0.19497018064376623,40.0,0.2,160,100.0,0.0008668365139577824,504,9.72861712800805e-05,1,2,adam,"{'neurons_per_layer_encoder': [160, 320], 'neurons_per_layer_decoder': [320]}",160,[320],"[160, 320]",[0.17340670106587652],0.8997073229391357,COMPLETE
606,0.16460934885040002,2025-01-10 13:54:27.445705,2025-01-10 13:54:30.395239,0 days 00:00:02.949534,0.19736036833529844,40.0,0.2,200,100.0,0.0008371645052286145,288,0.00016533917475483452,1,1,adam,"{'neurons_per_layer_encoder': [200], 'neurons_per_layer_decoder': [200]}",200,[200],[200],[0.16460934885040002],0.744998516092859,COMPLETE
607,0.15645043085989696,2025-01-10 13:54:27.528298,2025-01-10 13:54:31.098788,0 days 00:00:03.570490,0.19884658232774283,40.0,0.2,200,100.0,0.0008216074997035147,424,0.00017437535473991837,1,2,adam,"{'neurons_per_layer_encoder': [200, 400], 'neurons_per_layer_decoder': [400]}",200,[400],"[200, 400]",[0.15645043085989696],0.8968365528006572,COMPLETE
608,0.24132800888473893,2025-01-10 13:54:28.224545,2025-01-10 13:54:31.339192,0 days 00:00:03.114647,0.04521027882096333,40.0,0.2,160,100.0,0.0008481875586016558,312,0.00016621831128869205,1,1,adam,"{'neurons_per_layer_encoder': [160], 'neurons_per_layer_decoder': [160]}",160,[160],[160],[0.24132800888473893],0.7474554665137764,COMPLETE
609,0.1998514758703337,2025-01-10 13:54:29.564684,2025-01-10 13:54:32.385794,0 days 00:00:02.821110,0.19872517516815882,48.0,0.2,180,100.0,0.0009823860612001225,300,0.0002899384488263565,1,1,adam,"{'neurons_per_layer_encoder': [180], 'neurons_per_layer_decoder': [180]}",180,[180],[180],[0.1998514758703337],0.7541545765621023,COMPLETE
