number,value,datetime_start,datetime_complete,duration,params_alpha,params_batch_size,params_drop_out_rate,params_encoder_neurons_layer_1,params_epochs,params_lambda,params_latent_dim,params_learning_rate,params_num_layers_decoder,params_num_layers_encoder,params_optimizer,user_attrs_encoder_decoder_config,user_attrs_first_layer_neurons,user_attrs_neurons_per_layer_decoder,user_attrs_neurons_per_layer_encoder,user_attrs_r2_feature_1,user_attrs_relative_deterioration,state
1176,0.18719244511159805,2025-01-10 14:01:26.586801,2025-01-10 14:01:29.613012,0 days 00:00:03.026211,0.19066671556511386,32.0,0.2,64,100.0,0.00045170051742403984,134,0.000272534871595081,1,1,adam,"{'neurons_per_layer_encoder': [64], 'neurons_per_layer_decoder': [64]}",64,[64],[64],[0.18719244511159805],0.26335433332013,COMPLETE
1177,0.1965410237516333,2025-01-10 14:01:28.764157,2025-01-10 14:01:33.592626,0 days 00:00:04.828469,0.18890841513491535,32.0,0.2,64,100.0,0.00042362563731714476,1096,0.0002585012457511331,2,4,adam,"{'neurons_per_layer_encoder': [64, 128, 256, 512], 'neurons_per_layer_decoder': [512, 256]}",64,"[512, 256]","[64, 128, 256, 512]",[0.1965410237516333],0.9222109903962172,COMPLETE
1178,0.1506535227407555,2025-01-10 14:01:29.155518,2025-01-10 14:01:31.770054,0 days 00:00:02.614536,0.187297484880373,32.0,0.2,44,100.0,0.0004618712395082336,80,0.0002976006805401717,1,1,adam,"{'neurons_per_layer_encoder': [44], 'neurons_per_layer_decoder': [44]}",44,[44],[44],[0.1506535227407555],0.15634715038626373,COMPLETE
1179,-0.11004746104784946,2025-01-10 14:01:30.557293,2025-01-10 14:01:34.558047,0 days 00:00:04.000754,0.18413830994855204,40.0,0.2,56,100.0,0.0004971733975566898,552,0.00031660069158584713,1,4,adam,"{'neurons_per_layer_encoder': [56, 112, 224, 448], 'neurons_per_layer_decoder': [448]}",56,[448],"[56, 112, 224, 448]",[-0.11004746104784946],0.8513666858089548,COMPLETE
1180,-0.009315918711330307,2025-01-10 14:01:33.603532,2025-01-10 14:01:37.388153,0 days 00:00:03.784621,0.05618892416936443,40.0,0.2,56,100.0,0.00064781532906252,472,0.00020511896468354538,1,4,adam,"{'neurons_per_layer_encoder': [56, 112, 224, 448], 'neurons_per_layer_decoder': [448]}",56,[448],"[56, 112, 224, 448]",[-0.009315918711330307],0.8945099603656346,COMPLETE
1181,0.15978766586846216,2025-01-10 14:01:50.427724,2025-01-10 14:01:55.494492,0 days 00:00:05.066768,0.17827613235153306,40.0,0.2,64,100.0,2.1516237150857076e-05,536,0.00037160852543294265,1,4,adam,"{'neurons_per_layer_encoder': [64, 128, 256, 512], 'neurons_per_layer_decoder': [512]}",64,[512],"[64, 128, 256, 512]",[0.15978766586846216],-0.012432234501793548,COMPLETE
1182,-0.05265375301583086,2025-01-10 14:01:50.428213,2025-01-10 14:01:55.605389,0 days 00:00:05.177176,0.1782634972577478,40.0,0.2,64,100.0,0.0008959128297461675,536,0.00041680556898403775,1,4,adam,"{'neurons_per_layer_encoder': [64, 128, 256, 512], 'neurons_per_layer_decoder': [512]}",64,[512],"[64, 128, 256, 512]",[-0.05265375301583086],0.9098090153273696,COMPLETE
1183,-0.07610174442548812,2025-01-10 14:01:50.433695,2025-01-10 14:01:54.915519,0 days 00:00:04.481824,0.1796596186249304,72.0,0.2,64,100.0,0.0008765551094002439,568,0.0003634687564969939,1,4,adam,"{'neurons_per_layer_encoder': [64, 128, 256, 512], 'neurons_per_layer_decoder': [512]}",64,[512],"[64, 128, 256, 512]",[-0.07610174442548812],0.9187143109230069,COMPLETE
1184,0.18781794801400808,2025-01-10 14:01:50.427133,2025-01-10 14:01:55.660661,0 days 00:00:05.233528,0.17859227468685862,40.0,0.2,64,100.0,0.0009129826125652013,536,0.00042492672904585516,1,4,adam,"{'neurons_per_layer_encoder': [64, 128, 256, 512], 'neurons_per_layer_decoder': [512]}",64,[512],"[64, 128, 256, 512]",[0.18781794801400808],0.9325803922241462,COMPLETE
1185,0.06785685170595024,2025-01-10 14:01:50.428410,2025-01-10 14:01:57.503409,0 days 00:00:07.074999,0.18157556434427904,40.0,0.2,64,100.0,0.0008892766749431094,1704,0.00035822779725004904,1,5,adam,"{'neurons_per_layer_encoder': [64, 128, 256, 512, 1024], 'neurons_per_layer_decoder': [1024]}",64,[1024],"[64, 128, 256, 512, 1024]",[0.06785685170595024],0.9599571901099628,COMPLETE
1186,0.040801996352036185,2025-01-10 14:01:54.931369,2025-01-10 14:02:03.953042,0 days 00:00:09.021673,0.1780420077915503,40.0,0.2,60,100.0,0.0006565473172673642,1368,0.0002073413497448489,1,5,adam,"{'neurons_per_layer_encoder': [60, 120, 240, 480, 960], 'neurons_per_layer_decoder': [960]}",60,[960],"[60, 120, 240, 480, 960]",[0.040801996352036185],0.9537116617325787,COMPLETE
1187,-0.6450170740622037,2025-01-10 14:01:55.508764,2025-01-10 14:02:03.929016,0 days 00:00:08.420252,0.19066428847226405,64.0,0.2,80,100.0,0.0006106675398904951,3000,0.00044695768092471526,1,5,adam,"{'neurons_per_layer_encoder': [80, 160, 320, 640, 1280], 'neurons_per_layer_decoder': [1280]}",80,[1280],"[80, 160, 320, 640, 1280]",[-0.6450170740622037],0.9205593736614801,COMPLETE
1188,0.06390352996273474,2025-01-10 14:01:55.620959,2025-01-10 14:02:05.152940,0 days 00:00:09.531981,0.19015127021300252,40.0,0.2,80,100.0,0.0005947910472859913,2360,0.0002136489183506187,1,5,adam,"{'neurons_per_layer_encoder': [80, 160, 320, 640, 1280], 'neurons_per_layer_decoder': [1280]}",80,[1280],"[80, 160, 320, 640, 1280]",[0.06390352996273474],0.9631937734661215,COMPLETE
1189,-0.02893774110804137,2025-01-10 14:01:55.680718,2025-01-10 14:01:57.600139,0 days 00:00:01.919421,0.1652596691818905,64.0,0.2,44,100.0,0.000604651677546039,80,0.00020441745700436727,1,1,adam,"{'neurons_per_layer_encoder': [44], 'neurons_per_layer_decoder': [44]}",44,[44],[44],[-0.02893774110804137],0.2269069610506101,COMPLETE
1190,-0.46283060341597193,2025-01-10 14:01:57.520808,2025-01-10 14:02:07.310320,0 days 00:00:09.789512,0.16715274289162568,32.0,0.2,76,100.0,0.0006135780137454093,1480,0.00021682931762370813,1,5,adam,"{'neurons_per_layer_encoder': [76, 152, 304, 608, 1216], 'neurons_per_layer_decoder': [1216]}",76,[1216],"[76, 152, 304, 608, 1216]",[-0.46283060341597193],0.9360013288756677,COMPLETE
1191,-0.10372170515038315,2025-01-10 14:01:57.613347,2025-01-10 14:02:07.360974,0 days 00:00:09.747627,0.19013743506232114,32.0,0.2,76,100.0,0.0005034263505673773,1976,0.0003155987853568415,1,5,adam,"{'neurons_per_layer_encoder': [76, 152, 304, 608, 1216], 'neurons_per_layer_decoder': [1216]}",76,[1216],"[76, 152, 304, 608, 1216]",[-0.10372170515038315],0.9394638056995547,COMPLETE
1192,0.07177662826589237,2025-01-10 14:02:03.949944,2025-01-10 14:02:06.259153,0 days 00:00:02.309209,0.1904515616933766,32.0,0.2,76,100.0,0.0005227523674456647,163,0.000308979865096492,1,1,adam,"{'neurons_per_layer_encoder': [76], 'neurons_per_layer_decoder': [76]}",76,[76],[76],[0.07177662826589237],0.41515628646787245,COMPLETE
1193,0.20533374453579145,2025-01-10 14:02:03.969657,2025-01-10 14:02:07.771246,0 days 00:00:03.801589,0.1657335261343723,32.0,0.2,76,100.0,0.0005087686866084358,163,0.0003142910122757477,1,1,adam,"{'neurons_per_layer_encoder': [76], 'neurons_per_layer_decoder': [76]}",76,[76],[76],[0.20533374453579145],0.3663945957689716,COMPLETE
1194,0.17715709806757862,2025-01-10 14:02:05.172232,2025-01-10 14:02:08.424359,0 days 00:00:03.252127,0.17051911437208586,32.0,0.2,208,100.0,0.0005066114247471204,232,0.0003182902209930116,1,1,adam,"{'neurons_per_layer_encoder': [208], 'neurons_per_layer_decoder': [208]}",208,[208],[208],[0.17715709806757862],0.5738583329153488,COMPLETE
1195,0.22948454783912176,2025-01-10 14:02:06.270519,2025-01-10 14:02:09.166440,0 days 00:00:02.895921,0.043270308307276566,32.0,0.2,40,100.0,0.0007259620018313952,60,0.0003179510856796323,1,1,adam,"{'neurons_per_layer_encoder': [40], 'neurons_per_layer_decoder': [40]}",40,[40],[40],[0.22948454783912176],0.2897491284857056,COMPLETE
1196,0.12775210229102152,2025-01-10 14:02:07.321871,2025-01-10 14:02:10.553732,0 days 00:00:03.231861,0.08856352487633462,48.0,0.2,40,100.0,0.0004976067382078992,184,0.0003175131221888698,1,3,adam,"{'neurons_per_layer_encoder': [40, 80, 160], 'neurons_per_layer_decoder': [160]}",40,[160],"[40, 80, 160]",[0.12775210229102152],0.7081545835270747,COMPLETE
1197,0.01025607792336325,2025-01-10 14:02:07.374228,2025-01-10 14:02:09.353899,0 days 00:00:01.979671,0.07923890632741293,48.0,0.2,40,100.0,0.00042059871914742173,60,0.0002463779391445727,1,1,adam,"{'neurons_per_layer_encoder': [40], 'neurons_per_layer_decoder': [40]}",40,[40],[40],[0.01025607792336325],0.037913074059617684,COMPLETE
1198,0.21465536320068757,2025-01-10 14:02:07.783848,2025-01-10 14:02:10.737967,0 days 00:00:02.954119,0.15641601010786624,48.0,0.2,40,100.0,0.0004115487630083667,184,0.00024545757198076384,1,2,adam,"{'neurons_per_layer_encoder': [40, 80], 'neurons_per_layer_decoder': [80]}",40,[80],"[40, 80]",[0.21465536320068757],0.5101779979228315,COMPLETE
1199,0.29251858496640826,2025-01-10 14:02:08.436113,2025-01-10 14:02:11.512803,0 days 00:00:03.076690,0.15252633183243494,48.0,0.2,88,100.0,0.00041136980197142847,200,0.00025135618403055013,1,2,adam,"{'neurons_per_layer_encoder': [88, 176], 'neurons_per_layer_decoder': [176]}",88,[176],"[88, 176]",[0.29251858496640826],0.7074276295638922,COMPLETE
1200,0.22359247550050387,2025-01-10 14:02:09.178080,2025-01-10 14:02:11.798832,0 days 00:00:02.620752,0.017118218934536772,48.0,0.2,88,100.0,0.00041942866881100545,176,0.0005331690228276346,1,1,adam,"{'neurons_per_layer_encoder': [88], 'neurons_per_layer_decoder': [88]}",88,[88],[88],[0.22359247550050387],0.28313574395481744,COMPLETE
1201,0.11664764900013902,2025-01-10 14:02:09.364775,2025-01-10 14:02:12.332934,0 days 00:00:02.968159,0.159701703822891,48.0,0.2,88,100.0,0.0004089375182151989,200,0.0002645160716305847,1,2,adam,"{'neurons_per_layer_encoder': [88, 176], 'neurons_per_layer_decoder': [176]}",88,[176],"[88, 176]",[0.11664764900013902],0.6344766525750021,COMPLETE
1202,0.2371813464465684,2025-01-10 14:02:10.567989,2025-01-10 14:02:13.153226,0 days 00:00:02.585237,0.15868915575898765,48.0,0.2,56,100.0,0.00042119684962458535,109,0.0005380811670472128,1,1,adam,"{'neurons_per_layer_encoder': [56], 'neurons_per_layer_decoder': [56]}",56,[56],[56],[0.2371813464465684],0.20505460077404822,COMPLETE
1203,0.20760803562918662,2025-01-10 14:02:10.749931,2025-01-10 14:02:13.426433,0 days 00:00:02.676502,0.1998973917393457,48.0,0.2,124,100.0,0.0007184124431678711,276,0.0002662072680200539,1,1,adam,"{'neurons_per_layer_encoder': [124], 'neurons_per_layer_decoder': [124]}",124,[124],[124],[0.20760803562918662],0.6483935549345027,COMPLETE
1204,-0.08186020329297006,2025-01-10 14:02:11.525518,2025-01-10 14:02:13.217320,0 days 00:00:01.691802,0.1423673161560194,48.0,0.2,92,100.0,0.00029018234360581426,400,0.0002004113277766552,1,2,adam,"{'neurons_per_layer_encoder': [92, 184], 'neurons_per_layer_decoder': [184]}",92,[184],"[92, 184]",[-0.08186020329297006],0.5348496694399747,COMPLETE
1205,-0.1019502293562442,2025-01-10 14:02:11.809395,2025-01-10 14:02:15.087623,0 days 00:00:03.278228,0.14248857064184933,48.0,0.2,92,100.0,0.00039941488346403956,392,0.00019811952653457442,1,3,adam,"{'neurons_per_layer_encoder': [92, 184, 368], 'neurons_per_layer_decoder': [368]}",92,[368],"[92, 184, 368]",[-0.1019502293562442],0.7880186075006089,COMPLETE
1206,0.12141546242982593,2025-01-10 14:02:12.344727,2025-01-10 14:02:15.560459,0 days 00:00:03.215732,0.14393203194381032,48.0,0.2,92,100.0,0.00036980447153910415,400,0.00020711109115416164,1,2,adam,"{'neurons_per_layer_encoder': [92, 184], 'neurons_per_layer_decoder': [184]}",92,[184],"[92, 184]",[0.12141546242982593],0.66261621149378,COMPLETE
1207,0.24333994547978588,2025-01-10 14:02:13.165345,2025-01-10 14:02:17.185989,0 days 00:00:04.020644,0.1485625133801607,48.0,0.2,92,100.0,0.00026081687899858245,776,0.00020005780587362327,1,3,adam,"{'neurons_per_layer_encoder': [92, 184, 368], 'neurons_per_layer_decoder': [368]}",92,[368],"[92, 184, 368]",[0.24333994547978588],0.8083699269130511,COMPLETE
1208,0.18743269456005418,2025-01-10 14:02:13.230767,2025-01-10 14:02:16.490571,0 days 00:00:03.259804,0.13748736926933636,48.0,0.2,88,100.0,0.00035611519745696116,392,0.00023978286391565648,1,2,adam,"{'neurons_per_layer_encoder': [88, 176], 'neurons_per_layer_decoder': [176]}",88,[176],"[88, 176]",[0.18743269456005418],0.6708817053888849,COMPLETE
1209,0.1712861445279673,2025-01-10 14:02:13.438252,2025-01-10 14:02:16.315498,0 days 00:00:02.877246,0.14295692002507288,48.0,0.2,92,100.0,0.00027772764737106064,212,0.00023307649272733992,1,1,adam,"{'neurons_per_layer_encoder': [92], 'neurons_per_layer_decoder': [92]}",92,[92],[92],[0.1712861445279673],0.14538892438544718,COMPLETE
1210,-0.1838179583994881,2025-01-10 14:02:15.100285,2025-01-10 14:02:16.470343,0 days 00:00:01.370058,0.1485526583567824,48.0,0.2,84,100.0,0.00027804958466680585,376,0.00023005075230625552,1,3,sgd,"{'neurons_per_layer_encoder': [84, 168, 336], 'neurons_per_layer_decoder': [336]}",84,[336],"[84, 168, 336]",[-0.1838179583994881],0.7248777973591967,COMPLETE
1211,-0.06461170968420982,2025-01-10 14:02:15.572540,2025-01-10 14:02:16.711964,0 days 00:00:01.139424,0.1493192877100289,80.0,0.2,88,100.0,0.00035175854723713476,424,0.0002323145123939347,1,2,sgd,"{'neurons_per_layer_encoder': [88, 176], 'neurons_per_layer_decoder': [176]}",88,[176],"[88, 176]",[-0.06461170968420982],0.669161206093509,COMPLETE
1212,-0.1702249073248483,2025-01-10 14:02:16.327108,2025-01-10 14:02:17.419578,0 days 00:00:01.092470,0.14753769008778045,56.0,0.2,88,100.0,0.000353924794841623,200,0.00023136258372718246,1,2,sgd,"{'neurons_per_layer_encoder': [88, 176], 'neurons_per_layer_decoder': [176]}",88,[176],"[88, 176]",[-0.1702249073248483],0.598639551092688,COMPLETE
1213,0.06366112410722113,2025-01-10 14:02:16.482844,2025-01-10 14:02:19.941108,0 days 00:00:03.458264,0.1497390342056057,80.0,0.2,88,100.0,0.00037577490244438533,632,0.0002744690980541333,1,3,adam,"{'neurons_per_layer_encoder': [88, 176, 352], 'neurons_per_layer_decoder': [352]}",88,[352],"[88, 176, 352]",[0.06366112410722113],0.811378927884289,COMPLETE
1214,0.18246137799742246,2025-01-10 14:02:16.504541,2025-01-10 14:02:20.126794,0 days 00:00:03.622253,0.10767511103965335,56.0,0.2,72,100.0,0.0004362183307632062,376,0.00028118830033106983,1,3,adam,"{'neurons_per_layer_encoder': [72, 144, 288], 'neurons_per_layer_decoder': [288]}",72,[288],"[72, 144, 288]",[0.18246137799742246],0.8264088435908741,COMPLETE
1215,-0.16960862765162354,2025-01-10 14:02:16.723320,2025-01-10 14:02:20.379247,0 days 00:00:03.655927,0.15293851943836542,56.0,0.2,68,100.0,0.00045631657600237553,520,0.00028400262540762586,1,3,adam,"{'neurons_per_layer_encoder': [68, 136, 272], 'neurons_per_layer_decoder': [272]}",68,[272],"[68, 136, 272]",[-0.16960862765162354],0.768739716314951,COMPLETE
1216,0.03767071976540293,2025-01-10 14:02:17.199185,2025-01-10 14:02:20.116889,0 days 00:00:02.917704,0.1518108161421405,56.0,0.2,80,100.0,0.00044560513528108794,200,0.0002726725759692699,1,2,adam,"{'neurons_per_layer_encoder': [80, 160], 'neurons_per_layer_decoder': [160]}",80,[160],"[80, 160]",[0.03767071976540293],0.6254075704811173,COMPLETE
1217,0.13623287859254385,2025-01-10 14:02:17.430225,2025-01-10 14:02:20.780851,0 days 00:00:03.350626,0.15495144068912817,56.0,0.2,84,100.0,0.000471023789262257,208,0.0002663786145115337,1,2,adam,"{'neurons_per_layer_encoder': [84, 168], 'neurons_per_layer_decoder': [168]}",84,[168],"[84, 168]",[0.13623287859254385],0.6892697057547966,COMPLETE
1218,0.13038486896037027,2025-01-10 14:02:19.953148,2025-01-10 14:02:23.063004,0 days 00:00:03.109856,0.16201783078146723,56.0,0.2,80,100.0,0.00045139892906407176,280,0.00027704715566643064,1,2,adam,"{'neurons_per_layer_encoder': [80, 160], 'neurons_per_layer_decoder': [160]}",80,[160],"[80, 160]",[0.13038486896037027],0.6852455734387862,COMPLETE
1219,-0.13667644079118446,2025-01-10 14:02:20.128675,2025-01-10 14:02:21.600504,0 days 00:00:01.471829,0.15984065649662293,48.0,0.2,216,100.0,0.00046889515458255936,240,0.0003680735964511643,1,1,adadelta,"{'neurons_per_layer_encoder': [216], 'neurons_per_layer_decoder': [216]}",216,[216],[216],[-0.13667644079118446],0.6383600935007712,COMPLETE
1220,-0.09118998994568694,2025-01-10 14:02:20.140027,2025-01-10 14:02:21.723842,0 days 00:00:01.583815,0.17050285980921712,48.0,0.2,204,100.0,0.00030108121940432584,228,0.00036926093895675414,1,1,adadelta,"{'neurons_per_layer_encoder': [204], 'neurons_per_layer_decoder': [204]}",204,[204],[204],[-0.09118998994568694],0.4694365287378634,COMPLETE
1221,0.20592139838681167,2025-01-10 14:02:20.395864,2025-01-10 14:02:23.530505,0 days 00:00:03.134641,0.16093417860460946,48.0,0.2,80,100.0,0.0003135705014797995,280,0.0003622766093124127,1,2,adam,"{'neurons_per_layer_encoder': [80, 160], 'neurons_per_layer_decoder': [160]}",80,[160],"[80, 160]",[0.20592139838681167],0.5863399690355733,COMPLETE
1222,0.22711220862218406,2025-01-10 14:02:20.792703,2025-01-10 14:02:23.317391,0 days 00:00:02.524688,0.1632931885865879,48.0,0.2,20,100.0,0.00032877556938985683,22,0.00036051583425891244,1,1,adam,"{'neurons_per_layer_encoder': [20], 'neurons_per_layer_decoder': [20]}",20,[20],[20],[0.22711220862218406],-0.11853327702009488,COMPLETE
1223,0.05455415231960048,2025-01-10 14:02:21.611525,2025-01-10 14:02:25.208453,0 days 00:00:03.596928,0.16438492245809386,48.0,0.2,200,100.0,0.00030530342005071116,584,0.00041426862096464377,1,2,adam,"{'neurons_per_layer_encoder': [200, 400], 'neurons_per_layer_decoder': [400]}",200,[400],"[200, 400]",[0.05455415231960048],0.7400557035358885,COMPLETE
1224,-0.10480056211823374,2025-01-10 14:02:21.739259,2025-01-10 14:02:24.315422,0 days 00:00:02.576163,0.1641893324392665,48.0,0.2,52,100.0,0.0005223625420258393,89,0.00018782754121761334,1,1,adam,"{'neurons_per_layer_encoder': [52], 'neurons_per_layer_decoder': [52]}",52,[52],[52],[-0.10480056211823374],0.09565483453921116,COMPLETE
1225,-0.2030974831096115,2025-01-10 14:02:23.076437,2025-01-10 14:02:24.740325,0 days 00:00:01.663888,0.12601425064221045,48.0,0.2,32,100.0,0.0003908488117403306,35,0.0004121324600892618,2,1,adam,"{'neurons_per_layer_encoder': [32], 'neurons_per_layer_decoder': [32, 16]}",32,"[32, 16]",[32],[-0.2030974831096115],0.04264335130426699,COMPLETE
1226,-0.13804478906215456,2025-01-10 14:02:23.511184,2025-01-10 14:02:25.252377,0 days 00:00:01.741193,0.12505649672955066,48.0,0.2,28,100.0,0.0005606635698183174,109,4.713600922799065e-05,1,2,adam,"{'neurons_per_layer_encoder': [28, 56], 'neurons_per_layer_decoder': [56]}",28,[56],"[28, 56]",[-0.13804478906215456],0.4021782150524337,COMPLETE
1227,-0.2818541507668104,2025-01-10 14:02:23.545660,2025-01-10 14:02:25.363679,0 days 00:00:01.818019,0.09709477641080584,48.0,0.2,52,100.0,0.0005561896927760888,89,0.00019290286149480952,2,1,adam,"{'neurons_per_layer_encoder': [52], 'neurons_per_layer_decoder': [52, 26]}",52,"[52, 26]",[52],[-0.2818541507668104],0.41464898289386204,COMPLETE
1228,-0.1361186907455023,2025-01-10 14:02:24.326776,2025-01-10 14:02:26.343429,0 days 00:00:02.016653,0.13948565487155973,48.0,0.2,28,100.0,0.00039409330109283966,109,0.00022923303740964807,2,2,adam,"{'neurons_per_layer_encoder': [28, 56], 'neurons_per_layer_decoder': [56, 28]}",28,"[56, 28]","[28, 56]",[-0.1361186907455023],0.3405836931517914,COMPLETE
1229,0.23969303447771684,2025-01-10 14:02:24.752155,2025-01-10 14:02:28.099518,0 days 00:00:03.347363,0.136955150297313,48.0,0.2,208,100.0,0.0005617232002673423,440,0.00022766309967702026,1,2,adam,"{'neurons_per_layer_encoder': [208, 416], 'neurons_per_layer_decoder': [416]}",208,[416],"[208, 416]",[0.23969303447771684],0.8764853330857887,COMPLETE
1230,0.21029776761876684,2025-01-10 14:02:25.219754,2025-01-10 14:02:27.833375,0 days 00:00:02.613621,0.17126650389188972,48.0,0.2,72,100.0,0.000547651730895188,159,0.000228829094746712,1,1,adam,"{'neurons_per_layer_encoder': [72], 'neurons_per_layer_decoder': [72]}",72,[72],[72],[0.21029776761876684],0.4319573660839484,COMPLETE
1231,0.24845042282000507,2025-01-10 14:02:25.269247,2025-01-10 14:02:27.879202,0 days 00:00:02.609955,0.052708761847005486,48.0,0.2,68,100.0,0.0005383885491158088,154,0.0002331476850208802,1,1,adam,"{'neurons_per_layer_encoder': [68], 'neurons_per_layer_decoder': [68]}",68,[68],[68],[0.24845042282000507],0.4413592942167521,COMPLETE
1232,0.2706661282734988,2025-01-10 14:02:25.375529,2025-01-10 14:02:28.020643,0 days 00:00:02.645114,0.14004217888708342,48.0,0.2,68,100.0,0.0004081915744272352,154,0.00023230078677266133,1,1,adam,"{'neurons_per_layer_encoder': [68], 'neurons_per_layer_decoder': [68]}",68,[68],[68],[0.2706661282734988],0.32250608490037225,COMPLETE
1233,0.253898506782238,2025-01-10 14:02:26.355793,2025-01-10 14:02:28.969704,0 days 00:00:02.613911,0.17158812936191029,48.0,0.2,72,100.0,0.0005180841169918156,159,0.00032120410262457324,1,1,adam,"{'neurons_per_layer_encoder': [72], 'neurons_per_layer_decoder': [72]}",72,[72],[72],[0.253898506782238],0.4504832741045926,COMPLETE
1234,0.09451051144753142,2025-01-10 14:02:27.845548,2025-01-10 14:02:30.574457,0 days 00:00:02.728909,0.04575233484682344,48.0,0.2,60,100.0,0.0004903867437607298,130,0.00047772068630883127,1,1,adam,"{'neurons_per_layer_encoder': [60], 'neurons_per_layer_decoder': [60]}",60,[60],[60],[0.09451051144753142],0.17058522308447144,COMPLETE
1235,0.20799309932618282,2025-01-10 14:02:27.897399,2025-01-10 14:02:30.776004,0 days 00:00:02.878605,0.1733992262138659,48.0,0.2,208,100.0,0.0004313741130517408,232,0.00031092183830443794,1,1,adam,"{'neurons_per_layer_encoder': [208], 'neurons_per_layer_decoder': [208]}",208,[208],[208],[0.20799309932618282],0.5701482528548708,COMPLETE
1236,-0.1013550176673248,2025-01-10 14:02:28.035582,2025-01-10 14:02:29.714507,0 days 00:00:01.678925,0.047304348172818485,48.0,0.2,44,100.0,8.163259170342608e-06,80,0.00030271369110161157,1,1,adam,"{'neurons_per_layer_encoder': [44], 'neurons_per_layer_decoder': [44]}",44,[44],[44],[-0.1013550176673248],-0.3810402105178075,COMPLETE
