number,value,datetime_start,datetime_complete,duration,params_alpha,params_batch_size,params_drop_out_rate,params_encoder_neurons_layer_1,params_epochs,params_lambda,params_latent_dim,params_learning_rate,params_num_layers_decoder,params_num_layers_encoder,params_optimizer,user_attrs_encoder_decoder_config,user_attrs_first_layer_neurons,user_attrs_neurons_per_layer_decoder,user_attrs_neurons_per_layer_encoder,user_attrs_r2_feature_1,user_attrs_relative_deterioration,state
1051,0.048546535419477954,2025-01-10 14:00:14.872861,2025-01-10 14:00:19.495728,0 days 00:00:04.622867,0.17328036239775305,48.0,0.2,88,100.0,0.0005259053841207428,728,0.0002711440045356141,1,4,adam,"{'neurons_per_layer_encoder': [88, 176, 352, 704], 'neurons_per_layer_decoder': [704]}",88,[704],"[88, 176, 352, 704]",[0.048546535419477954],0.9210584590753147,COMPLETE
1052,0.17189116453812614,2025-01-10 14:00:14.951501,2025-01-10 14:00:17.707776,0 days 00:00:02.756275,0.16792960434968712,48.0,0.2,88,100.0,0.0005299575918449717,128,0.0002705510114283686,1,1,adam,"{'neurons_per_layer_encoder': [88], 'neurons_per_layer_decoder': [88]}",88,[88],[88],[0.17189116453812614],0.41160092338857973,COMPLETE
1053,0.12281558836419615,2025-01-10 14:00:15.687936,2025-01-10 14:00:18.401651,0 days 00:00:02.713715,0.17423750750344186,48.0,0.2,84,100.0,0.000525016446627088,140,0.00027164355965985504,1,1,adam,"{'neurons_per_layer_encoder': [84], 'neurons_per_layer_decoder': [84]}",84,[84],[84],[0.12281558836419615],0.33235915937822974,COMPLETE
1054,0.31020619768502344,2025-01-10 14:00:16.201672,2025-01-10 14:00:18.929046,0 days 00:00:02.727374,0.1721925796879984,48.0,0.2,72,100.0,0.0005120774353292033,159,0.0005347688094360945,1,1,adam,"{'neurons_per_layer_encoder': [72], 'neurons_per_layer_decoder': [72]}",72,[72],[72],[0.31020619768502344],0.41437896835390925,COMPLETE
1055,0.15448820455250034,2025-01-10 14:00:16.218465,2025-01-10 14:00:18.968932,0 days 00:00:02.750467,0.18161954855197698,48.0,0.2,68,100.0,0.0005253750988360585,154,0.00046292986424166017,1,1,adam,"{'neurons_per_layer_encoder': [68], 'neurons_per_layer_decoder': [68]}",68,[68],[68],[0.15448820455250034],0.35491233645410847,COMPLETE
1056,-0.034838272375485424,2025-01-10 14:00:17.721972,2025-01-10 14:00:19.168806,0 days 00:00:01.446834,0.17602403122050939,48.0,0.2,76,100.0,0.0005100156738877928,163,0.00047056576906201567,1,1,adam,"{'neurons_per_layer_encoder': [76], 'neurons_per_layer_decoder': [76]}",76,[76],[76],[-0.034838272375485424],0.32458429676111916,COMPLETE
1057,0.1753957023372834,2025-01-10 14:00:18.413024,2025-01-10 14:00:21.082672,0 days 00:00:02.669648,0.18137021759369068,48.0,0.2,68,100.0,0.000500159715015868,154,0.0005026108840891708,1,1,adam,"{'neurons_per_layer_encoder': [68], 'neurons_per_layer_decoder': [68]}",68,[68],[68],[0.1753957023372834],0.26658210294144447,COMPLETE
1058,-0.03510703203121235,2025-01-10 14:00:18.939618,2025-01-10 14:00:20.299656,0 days 00:00:01.360038,0.1988678535577208,48.0,0.2,72,100.0,0.000522078219917216,159,0.0004883507506303715,1,1,sgd,"{'neurons_per_layer_encoder': [72], 'neurons_per_layer_decoder': [72]}",72,[72],[72],[-0.03510703203121235],0.4974073308129003,COMPLETE
1059,-0.0767930833144872,2025-01-10 14:00:18.982705,2025-01-10 14:00:19.968071,0 days 00:00:00.985366,0.1988632998488644,48.0,0.2,68,100.0,0.0005555099883073762,154,0.0005025250638790953,1,1,sgd,"{'neurons_per_layer_encoder': [68], 'neurons_per_layer_decoder': [68]}",68,[68],[68],[-0.0767930833144872],0.45329195408050876,COMPLETE
1060,0.2439164621810933,2025-01-10 14:00:19.180199,2025-01-10 14:00:21.988449,0 days 00:00:02.808250,0.18863232179019232,48.0,0.2,72,100.0,0.0005696802704570514,159,0.0005053229695439502,1,1,adam,"{'neurons_per_layer_encoder': [72], 'neurons_per_layer_decoder': [72]}",72,[72],[72],[0.2439164621810933],0.42429826082582717,COMPLETE
1061,0.19922975121947772,2025-01-10 14:00:19.507996,2025-01-10 14:00:22.170728,0 days 00:00:02.662732,0.18853691128446134,48.0,0.2,68,100.0,0.0005856021050715009,154,0.00045164216087597935,1,1,adam,"{'neurons_per_layer_encoder': [68], 'neurons_per_layer_decoder': [68]}",68,[68],[68],[0.19922975121947772],0.3520091817536242,COMPLETE
1062,0.1441451966256404,2025-01-10 14:00:19.980308,2025-01-10 14:00:22.773519,0 days 00:00:02.793211,0.18913216767425528,48.0,0.2,76,100.0,0.000480159453684351,163,0.0004184238247199436,1,1,adam,"{'neurons_per_layer_encoder': [76], 'neurons_per_layer_decoder': [76]}",76,[76],[76],[0.1441451966256404],0.3027723134460732,COMPLETE
1063,0.19449947909627097,2025-01-10 14:00:20.311351,2025-01-10 14:00:22.950622,0 days 00:00:02.639271,0.1875688532509599,48.0,0.2,80,100.0,0.0005916872007093043,152,0.0007500039015185678,1,1,adam,"{'neurons_per_layer_encoder': [80], 'neurons_per_layer_decoder': [80]}",80,[80],[80],[0.19449947909627097],0.330563562016311,COMPLETE
1064,0.13390018646662716,2025-01-10 14:00:21.096953,2025-01-10 14:00:23.848025,0 days 00:00:02.751072,0.18521290363528878,48.0,0.2,72,100.0,0.0006123418584426926,159,0.0005224337556366857,1,1,adam,"{'neurons_per_layer_encoder': [72], 'neurons_per_layer_decoder': [72]}",72,[72],[72],[0.13390018646662716],0.35307572952508837,COMPLETE
1065,0.1578687254931107,2025-01-10 14:00:21.999697,2025-01-10 14:00:24.590198,0 days 00:00:02.590501,0.1797451521426817,48.0,0.2,76,100.0,0.0006092084719919395,163,0.00040898763043686214,1,1,adam,"{'neurons_per_layer_encoder': [76], 'neurons_per_layer_decoder': [76]}",76,[76],[76],[0.1578687254931107],0.4332922495948947,COMPLETE
1066,0.23519172079855544,2025-01-10 14:00:22.330007,2025-01-10 14:00:24.920691,0 days 00:00:02.590684,0.1708666171178204,48.0,0.2,72,100.0,0.0006148022824616074,159,0.0006046877326003777,1,1,adam,"{'neurons_per_layer_encoder': [72], 'neurons_per_layer_decoder': [72]}",72,[72],[72],[0.23519172079855544],0.3780871765704552,COMPLETE
1067,0.18830919258744383,2025-01-10 14:00:22.785132,2025-01-10 14:00:25.736592,0 days 00:00:02.951460,0.1993160054953632,48.0,0.2,80,100.0,0.000606528718215969,168,0.0006245487568883912,1,2,adam,"{'neurons_per_layer_encoder': [80, 160], 'neurons_per_layer_decoder': [160]}",80,[160],"[80, 160]",[0.18830919258744383],0.6972415735279124,COMPLETE
1068,0.1984061117218966,2025-01-10 14:00:23.098953,2025-01-10 14:00:25.651504,0 days 00:00:02.552551,0.19944809385530327,48.0,0.2,68,100.0,0.0006219603390968619,154,0.0003258156663399971,1,1,adam,"{'neurons_per_layer_encoder': [68], 'neurons_per_layer_decoder': [68]}",68,[68],[68],[0.1984061117218966],0.43989818827537375,COMPLETE
1069,0.17688630719253895,2025-01-10 14:00:23.859097,2025-01-10 14:00:26.359184,0 days 00:00:02.500087,0.1996339085555132,72.0,0.2,64,100.0,0.00045286539424381315,118,0.0003416196135560815,1,1,adam,"{'neurons_per_layer_encoder': [64], 'neurons_per_layer_decoder': [64]}",64,[64],[64],[0.17688630719253895],0.25923011735619916,COMPLETE
1070,0.25850305826387243,2025-01-10 14:00:24.601333,2025-01-10 14:00:27.145370,0 days 00:00:02.544037,0.16964704193018604,56.0,0.2,64,100.0,0.0004900106647909667,118,0.00034384225497530256,1,1,adam,"{'neurons_per_layer_encoder': [64], 'neurons_per_layer_decoder': [64]}",64,[64],[64],[0.25850305826387243],0.4020135767053799,COMPLETE
1071,0.24026651870663018,2025-01-10 14:00:24.931919,2025-01-10 14:00:27.741643,0 days 00:00:02.809724,0.17051632008608894,56.0,0.2,64,100.0,0.00047392316417491234,152,0.0007038014742553181,1,2,adam,"{'neurons_per_layer_encoder': [64, 128], 'neurons_per_layer_decoder': [128]}",64,[128],"[64, 128]",[0.24026651870663018],0.6259550405026585,COMPLETE
1072,0.1710314107765485,2025-01-10 14:00:25.662545,2025-01-10 14:00:28.179596,0 days 00:00:02.517051,0.1994552072935972,56.0,0.2,80,100.0,0.000470004547989675,168,0.00033017336086885505,1,1,adam,"{'neurons_per_layer_encoder': [80], 'neurons_per_layer_decoder': [80]}",80,[80],[80],[0.1710314107765485],0.39739938582477297,COMPLETE
1073,0.20229594700427,2025-01-10 14:00:25.747677,2025-01-10 14:00:27.999267,0 days 00:00:02.251590,0.16849350513148428,56.0,0.2,64,100.0,0.0004889449480105192,118,0.0005489339898202354,1,1,adam,"{'neurons_per_layer_encoder': [64], 'neurons_per_layer_decoder': [64]}",64,[64],[64],[0.20229594700427],0.3761820450121102,COMPLETE
1074,0.15911027965206093,2025-01-10 14:00:26.370461,2025-01-10 14:00:28.942587,0 days 00:00:02.572126,0.1692672761162331,56.0,0.2,76,100.0,0.0004635663952927692,163,0.0003501113584286403,1,1,adam,"{'neurons_per_layer_encoder': [76], 'neurons_per_layer_decoder': [76]}",76,[76],[76],[0.15911027965206093],0.35502559938594436,COMPLETE
1075,0.2891117043298348,2025-01-10 14:00:27.156835,2025-01-10 14:00:29.697387,0 days 00:00:02.540552,0.17194590483243552,48.0,0.2,72,100.0,0.0004672403312302494,159,0.00031025150630449653,1,1,adam,"{'neurons_per_layer_encoder': [72], 'neurons_per_layer_decoder': [72]}",72,[72],[72],[0.2891117043298348],0.37844762189104075,COMPLETE
1076,0.18527037365110643,2025-01-10 14:00:27.752417,2025-01-10 14:00:30.293834,0 days 00:00:02.541417,0.17441402941180548,48.0,0.2,72,100.0,9.606560617821443e-06,159,0.0005560890181532454,1,1,adam,"{'neurons_per_layer_encoder': [72], 'neurons_per_layer_decoder': [72]}",72,[72],[72],[0.18527037365110643],-1.157008616651765,COMPLETE
1077,0.046240439506895714,2025-01-10 14:00:28.010730,2025-01-10 14:00:30.630898,0 days 00:00:02.620168,0.05435783505019882,48.0,0.2,72,100.0,0.0005404282816853682,159,0.0002989675341699334,1,1,adam,"{'neurons_per_layer_encoder': [72], 'neurons_per_layer_decoder': [72]}",72,[72],[72],[0.046240439506895714],0.2852032618732339,COMPLETE
1078,0.1389732409878076,2025-01-10 14:00:28.190694,2025-01-10 14:00:30.821353,0 days 00:00:02.630659,0.17984622706720388,48.0,0.2,72,100.0,0.0005330785729631312,159,0.0005452561625697255,1,1,adam,"{'neurons_per_layer_encoder': [72], 'neurons_per_layer_decoder': [72]}",72,[72],[72],[0.1389732409878076],0.3217049292593169,COMPLETE
1079,0.1529864006651186,2025-01-10 14:00:28.953351,2025-01-10 14:00:31.620049,0 days 00:00:02.666698,0.1798736381332697,48.0,0.2,72,100.0,0.0005405004051423427,159,0.0003036433525315818,1,1,adam,"{'neurons_per_layer_encoder': [72], 'neurons_per_layer_decoder': [72]}",72,[72],[72],[0.1529864006651186],0.3991444062724249,COMPLETE
1080,0.24711123461261064,2025-01-10 14:00:29.708829,2025-01-10 14:00:32.306856,0 days 00:00:02.598027,0.045763659245437384,48.0,0.2,76,100.0,0.0005427250071760327,131,0.0006041371692557658,1,1,adam,"{'neurons_per_layer_encoder': [76], 'neurons_per_layer_decoder': [76]}",76,[76],[76],[0.24711123461261064],0.37999325314430765,COMPLETE
1081,0.16638415528932726,2025-01-10 14:00:30.305685,2025-01-10 14:00:32.903281,0 days 00:00:02.597596,0.15017311077899514,48.0,0.2,80,100.0,0.0005469380242733652,136,0.000317659577864797,1,1,adam,"{'neurons_per_layer_encoder': [80], 'neurons_per_layer_decoder': [80]}",80,[80],[80],[0.16638415528932726],0.3916291088372942,COMPLETE
1082,0.036383403961336325,2025-01-10 14:00:30.643637,2025-01-10 14:00:32.149170,0 days 00:00:01.505533,0.15552724343364294,48.0,0.2,72,100.0,0.0005510146471654776,127,0.00029797841779296766,1,1,adam,"{'neurons_per_layer_encoder': [72], 'neurons_per_layer_decoder': [72]}",72,[72],[72],[0.036383403961336325],0.3026440816988639,COMPLETE
1083,0.10391751813852534,2025-01-10 14:00:30.833278,2025-01-10 14:00:33.374833,0 days 00:00:02.541555,0.15471819506735504,48.0,0.2,76,100.0,0.0005583053331825644,131,0.00029524578446413495,1,1,adam,"{'neurons_per_layer_encoder': [76], 'neurons_per_layer_decoder': [76]}",76,[76],[76],[0.10391751813852534],0.34814178499531306,COMPLETE
1084,-0.00904659845120559,2025-01-10 14:00:31.630241,2025-01-10 14:00:33.126566,0 days 00:00:01.496325,0.1561987592168409,48.0,0.2,80,100.0,0.0004237853874867141,136,0.00028148895162366587,1,1,adam,"{'neurons_per_layer_encoder': [80], 'neurons_per_layer_decoder': [80]}",80,[80],[80],[-0.00904659845120559],0.30604495893684236,COMPLETE
1085,0.10578665907737472,2025-01-10 14:00:32.159855,2025-01-10 14:00:34.705578,0 days 00:00:02.545723,0.15448975124222802,48.0,0.2,64,100.0,0.0006143351939435527,134,0.0007109838445107652,1,1,adam,"{'neurons_per_layer_encoder': [64], 'neurons_per_layer_decoder': [64]}",64,[64],[64],[0.10578665907737472],0.2695359258340923,COMPLETE
1086,0.14519660070426,2025-01-10 14:00:32.318232,2025-01-10 14:00:34.838271,0 days 00:00:02.520039,0.15756225918670197,48.0,0.2,68,100.0,0.00040947952663083126,138,0.00028540745813980604,1,1,adam,"{'neurons_per_layer_encoder': [68], 'neurons_per_layer_decoder': [68]}",68,[68],[68],[0.14519660070426],0.21181016325748142,COMPLETE
1087,0.2229558825924982,2025-01-10 14:00:32.913790,2025-01-10 14:00:35.433562,0 days 00:00:02.519772,0.1615031657218824,48.0,0.2,64,100.0,0.0004231762314324377,134,0.000703253384499899,1,1,adam,"{'neurons_per_layer_encoder': [64], 'neurons_per_layer_decoder': [64]}",64,[64],[64],[0.2229558825924982],0.27117905327240827,COMPLETE
1088,0.29626477166426834,2025-01-10 14:00:33.137695,2025-01-10 14:00:35.797954,0 days 00:00:02.660259,0.16126116215653744,48.0,0.2,68,100.0,0.0006685205405939121,138,0.000664431288643945,1,1,adam,"{'neurons_per_layer_encoder': [68], 'neurons_per_layer_decoder': [68]}",68,[68],[68],[0.29626477166426834],0.4994579500427422,COMPLETE
1089,0.14093627966496114,2025-01-10 14:00:33.386828,2025-01-10 14:00:35.916036,0 days 00:00:02.529208,0.16289257276908067,48.0,0.2,60,100.0,0.000641157568615298,130,0.00026886250543090305,1,1,adam,"{'neurons_per_layer_encoder': [60], 'neurons_per_layer_decoder': [60]}",60,[60],[60],[0.14093627966496114],0.4061748947182995,COMPLETE
1090,0.23097144794534674,2025-01-10 14:00:34.717062,2025-01-10 14:00:37.398915,0 days 00:00:02.681853,0.1635307645771695,48.0,0.2,64,100.0,0.000665032718846407,118,0.0002590495112179258,1,1,adam,"{'neurons_per_layer_encoder': [64], 'neurons_per_layer_decoder': [64]}",64,[64],[64],[0.23097144794534674],0.46105430483520876,COMPLETE
1091,0.18038704825540797,2025-01-10 14:00:34.850362,2025-01-10 14:00:37.517229,0 days 00:00:02.666867,0.16537003564512276,48.0,0.2,60,100.0,0.0006495623457262803,130,0.0002466907844106754,1,1,adam,"{'neurons_per_layer_encoder': [60], 'neurons_per_layer_decoder': [60]}",60,[60],[60],[0.18038704825540797],0.3966882007292672,COMPLETE
1092,0.17105754361566772,2025-01-10 14:00:35.445192,2025-01-10 14:00:38.089041,0 days 00:00:02.643849,0.16510450717317565,48.0,0.2,60,100.0,0.000654320606890199,130,0.00024770893832724123,1,1,adam,"{'neurons_per_layer_encoder': [60], 'neurons_per_layer_decoder': [60]}",60,[60],[60],[0.17105754361566772],0.3795288633217273,COMPLETE
1093,0.17338465559179184,2025-01-10 14:00:35.808851,2025-01-10 14:00:38.337954,0 days 00:00:02.529103,0.14413347484650882,48.0,0.2,60,100.0,0.0007459666438830303,130,0.0006771764040120789,1,1,adam,"{'neurons_per_layer_encoder': [60], 'neurons_per_layer_decoder': [60]}",60,[60],[60],[0.17338465559179184],0.39099188430866405,COMPLETE
1094,0.08711781625006099,2025-01-10 14:00:35.926988,2025-01-10 14:00:38.576415,0 days 00:00:02.649427,0.14786862962806166,56.0,0.2,60,100.0,0.0007636246644137007,130,0.0006406122457999763,1,1,adam,"{'neurons_per_layer_encoder': [60], 'neurons_per_layer_decoder': [60]}",60,[60],[60],[0.08711781625006099],0.39504973021377704,COMPLETE
1095,0.10141227688781207,2025-01-10 14:00:37.410668,2025-01-10 14:00:39.925709,0 days 00:00:02.515041,0.14494216264981485,56.0,0.2,60,100.0,0.000731960596122497,130,0.0005736797371967447,1,1,adam,"{'neurons_per_layer_encoder': [60], 'neurons_per_layer_decoder': [60]}",60,[60],[60],[0.10141227688781207],0.40969561054669484,COMPLETE
1096,0.1257144911251995,2025-01-10 14:00:37.528065,2025-01-10 14:00:40.022724,0 days 00:00:02.494659,0.1442163600948903,56.0,0.2,76,100.0,0.0007277778950212642,147,0.00039914104386920286,1,1,adam,"{'neurons_per_layer_encoder': [76], 'neurons_per_layer_decoder': [76]}",76,[76],[76],[0.1257144911251995],0.5021470113123895,COMPLETE
1097,0.20596143715312265,2025-01-10 14:00:38.100077,2025-01-10 14:00:40.677573,0 days 00:00:02.577496,0.1427534580972546,56.0,0.2,72,100.0,0.0007567697936252528,143,0.0008561098407131831,1,1,adam,"{'neurons_per_layer_encoder': [72], 'neurons_per_layer_decoder': [72]}",72,[72],[72],[0.20596143715312265],0.4676826748080355,COMPLETE
1098,0.24495179511381682,2025-01-10 14:00:38.349541,2025-01-10 14:00:40.989954,0 days 00:00:02.640413,0.14700314044374993,56.0,0.2,80,100.0,0.0007531054348965622,168,0.0008272437957726141,1,1,adam,"{'neurons_per_layer_encoder': [80], 'neurons_per_layer_decoder': [80]}",80,[80],[80],[0.24495179511381682],0.554854821069848,COMPLETE
1099,-0.04707336436933662,2025-01-10 14:00:38.587714,2025-01-10 14:00:40.018622,0 days 00:00:01.430908,0.13792223872778964,48.0,0.2,80,100.0,0.0007356286570518201,168,0.00039023218610037,1,1,adam,"{'neurons_per_layer_encoder': [80], 'neurons_per_layer_decoder': [80]}",80,[80],[80],[-0.04707336436933662],0.46741866629923745,COMPLETE
1100,0.2184630252046882,2025-01-10 14:00:39.936813,2025-01-10 14:00:42.517678,0 days 00:00:02.580865,0.1391084949938001,48.0,0.2,72,100.0,0.0006359833304004516,143,0.00038903003752970456,1,1,adam,"{'neurons_per_layer_encoder': [72], 'neurons_per_layer_decoder': [72]}",72,[72],[72],[0.2184630252046882],0.4360275514385571,COMPLETE
1101,0.26360834239052944,2025-01-10 14:00:40.033300,2025-01-10 14:00:42.590866,0 days 00:00:02.557566,0.1561448390959172,48.0,0.2,52,100.0,0.0006253611018512454,89,0.000849180241359312,1,1,adam,"{'neurons_per_layer_encoder': [52], 'neurons_per_layer_decoder': [52]}",52,[52],[52],[0.26360834239052944],0.28211443384850077,COMPLETE
1102,-0.18244346504419418,2025-01-10 14:00:40.035246,2025-01-10 14:00:41.019152,0 days 00:00:00.983906,0.16198271519873952,48.0,0.2,68,100.0,0.0006176059993329177,138,0.000608571831732339,1,1,sgd,"{'neurons_per_layer_encoder': [68], 'neurons_per_layer_decoder': [68]}",68,[68],[68],[-0.18244346504419418],0.4353044905693033,COMPLETE
1103,-0.33722987048645625,2025-01-10 14:00:40.690067,2025-01-10 14:00:41.846195,0 days 00:00:01.156128,0.1285841290024769,48.0,0.2,52,100.0,0.0006461301537388798,89,0.0007744774222911571,1,1,sgd,"{'neurons_per_layer_encoder': [52], 'neurons_per_layer_decoder': [52]}",52,[52],[52],[-0.33722987048645625],0.3270011813471549,COMPLETE
1104,0.22618090780445388,2025-01-10 14:00:41.003424,2025-01-10 14:00:43.545650,0 days 00:00:02.542226,0.12738085122448972,48.0,0.2,52,100.0,0.0006322347160366838,89,0.0007586693153252313,1,1,adam,"{'neurons_per_layer_encoder': [52], 'neurons_per_layer_decoder': [52]}",52,[52],[52],[0.22618090780445388],0.24141289883970898,COMPLETE
1105,0.1423655215202898,2025-01-10 14:00:41.031798,2025-01-10 14:00:43.584605,0 days 00:00:02.552807,0.15391372678596063,48.0,0.2,72,100.0,0.0006151926415193217,143,0.0007015696067859991,1,1,adam,"{'neurons_per_layer_encoder': [72], 'neurons_per_layer_decoder': [72]}",72,[72],[72],[0.1423655215202898],0.28813811038854104,COMPLETE
1106,0.22115299981196512,2025-01-10 14:00:41.857079,2025-01-10 14:00:44.372887,0 days 00:00:02.515808,0.15287723845153153,48.0,0.2,72,100.0,0.0006303348861836437,143,0.0006951535897663442,1,1,adam,"{'neurons_per_layer_encoder': [72], 'neurons_per_layer_decoder': [72]}",72,[72],[72],[0.22115299981196512],0.3588261738702351,COMPLETE
1107,0.167341109960068,2025-01-10 14:00:42.528550,2025-01-10 14:00:45.072010,0 days 00:00:02.543460,0.15169497376517915,48.0,0.2,84,100.0,0.0006013041157688246,140,0.0007946288385000611,1,1,adam,"{'neurons_per_layer_encoder': [84], 'neurons_per_layer_decoder': [84]}",84,[84],[84],[0.167341109960068],0.29484996431391797,COMPLETE
1108,0.21922901710669473,2025-01-10 14:00:42.611838,2025-01-10 14:00:45.150031,0 days 00:00:02.538193,0.1694078169882177,48.0,0.2,84,100.0,0.0005660712957365422,140,0.0007028081276547738,1,1,adam,"{'neurons_per_layer_encoder': [84], 'neurons_per_layer_decoder': [84]}",84,[84],[84],[0.21922901710669473],0.4013825556964105,COMPLETE
1109,0.24052646811417078,2025-01-10 14:00:43.556315,2025-01-10 14:00:46.110538,0 days 00:00:02.554223,0.165574473192649,48.0,0.2,80,100.0,0.0005003762301470617,168,0.0007225064311517199,1,1,adam,"{'neurons_per_layer_encoder': [80], 'neurons_per_layer_decoder': [80]}",80,[80],[80],[0.24052646811417078],0.3894019576789404,COMPLETE
1110,-0.16282399185360807,2025-01-10 14:00:43.601548,2025-01-10 14:00:45.101075,0 days 00:00:01.499527,0.1682109536068973,48.0,0.2,32,100.0,0.0004927948021192056,51,0.0005754934947344289,1,1,adam,"{'neurons_per_layer_encoder': [32], 'neurons_per_layer_decoder': [32]}",32,[32],[32],[-0.16282399185360807],-0.09899820677478381,COMPLETE
1111,-0.022824298875542937,2025-01-10 14:00:44.383875,2025-01-10 14:00:46.895072,0 days 00:00:02.511197,0.17077178846926913,48.0,0.2,32,100.0,0.0008589098995475168,51,0.0009816568818117072,1,1,adadelta,"{'neurons_per_layer_encoder': [32], 'neurons_per_layer_decoder': [32]}",32,[32],[32],[-0.022824298875542937],0.31878822655796,COMPLETE
1112,-0.0633827425429554,2025-01-10 14:00:45.088237,2025-01-10 14:00:46.617980,0 days 00:00:01.529743,0.012219970692896893,48.0,0.2,36,100.0,0.000521587231504213,71,0.0006528258857706428,1,1,adadelta,"{'neurons_per_layer_encoder': [36], 'neurons_per_layer_decoder': [36]}",36,[36],[36],[-0.0633827425429554],0.1874493213402112,COMPLETE
1113,-0.16382824813716335,2025-01-10 14:00:45.115075,2025-01-10 14:00:47.589062,0 days 00:00:02.473987,0.16982979468979242,48.0,0.2,64,100.0,0.0005110360921507275,134,0.000335224953421974,1,1,adadelta,"{'neurons_per_layer_encoder': [64], 'neurons_per_layer_decoder': [64]}",64,[64],[64],[-0.16382824813716335],0.33712464181516066,COMPLETE
1114,-0.5395624194236712,2025-01-10 14:00:45.172167,2025-01-10 14:00:47.356800,0 days 00:00:02.184633,0.16287466387207586,48.0,0.2,36,100.0,0.0008479340838545389,71,0.00033464754330295225,1,1,adadelta,"{'neurons_per_layer_encoder': [36], 'neurons_per_layer_decoder': [36]}",36,[36],[36],[-0.5395624194236712],0.2883941012754422,COMPLETE
