number,value,datetime_start,datetime_complete,duration,params_alpha,params_batch_size,params_drop_out_rate,params_encoder_neurons_layer_1,params_epochs,params_lambda,params_latent_dim,params_learning_rate,params_num_layers_decoder,params_num_layers_encoder,params_optimizer,user_attrs_encoder_decoder_config,user_attrs_first_layer_neurons,user_attrs_neurons_per_layer_decoder,user_attrs_neurons_per_layer_encoder,user_attrs_r2_feature_1,user_attrs_relative_deterioration,state
925,0.13377062442233478,2025-01-10 13:58:46.445224,2025-01-10 13:58:48.643235,0 days 00:00:02.198011,0.1996729374558134,56.0,0.2,80,100.0,0.0005162933111152296,120,0.00017474313218771394,1,1,adam,"{'neurons_per_layer_encoder': [80], 'neurons_per_layer_decoder': [80]}",80,[80],[80],[0.13377062442233478],0.432747149539758,COMPLETE
926,0.11037089894103669,2025-01-10 13:58:47.102265,2025-01-10 13:58:49.715169,0 days 00:00:02.612904,0.15136285582759798,56.0,0.2,68,100.0,0.0005424669980486385,122,0.00022557544410414842,1,1,adam,"{'neurons_per_layer_encoder': [68], 'neurons_per_layer_decoder': [68]}",68,[68],[68],[0.11037089894103669],0.3329475662427206,COMPLETE
927,0.14225982430305384,2025-01-10 13:58:48.061477,2025-01-10 13:58:50.693647,0 days 00:00:02.632170,0.15202021209672736,56.0,0.2,64,100.0,0.0005192981551185936,118,0.0002151386591053786,1,1,adam,"{'neurons_per_layer_encoder': [64], 'neurons_per_layer_decoder': [64]}",64,[64],[64],[0.14225982430305384],0.38594943976172547,COMPLETE
928,0.11328945448251371,2025-01-10 13:58:48.656004,2025-01-10 13:58:51.598450,0 days 00:00:02.942446,0.15213275769576598,48.0,0.2,60,100.0,1.1303524019687118e-05,144,0.00022015454826077304,1,2,adam,"{'neurons_per_layer_encoder': [60, 120], 'neurons_per_layer_decoder': [120]}",60,[120],"[60, 120]",[0.11328945448251371],-0.8429423154257378,COMPLETE
929,0.2132876525511933,2025-01-10 13:58:48.683062,2025-01-10 13:58:51.317241,0 days 00:00:02.634179,0.013078396290747663,48.0,0.2,60,100.0,0.0005151681647989885,130,0.00022309547551383578,1,1,adam,"{'neurons_per_layer_encoder': [60], 'neurons_per_layer_decoder': [60]}",60,[60],[60],[0.2132876525511933],0.34366810092297917,COMPLETE
930,0.23554687188161683,2025-01-10 13:58:49.285337,2025-01-10 13:58:51.965931,0 days 00:00:02.680594,0.1280808774304545,56.0,0.2,72,100.0,0.000524074576596809,159,0.0002292334051004328,1,1,adam,"{'neurons_per_layer_encoder': [72], 'neurons_per_layer_decoder': [72]}",72,[72],[72],[0.23554687188161683],0.46333740313869715,COMPLETE
931,-0.09128458898768388,2025-01-10 13:58:49.727574,2025-01-10 13:58:51.202286,0 days 00:00:01.474712,0.1328931813911586,40.0,0.2,64,100.0,0.0007882494374683715,118,0.00013977488941004356,1,1,adam,"{'neurons_per_layer_encoder': [64], 'neurons_per_layer_decoder': [64]}",64,[64],[64],[-0.09128458898768388],0.4805210413053027,COMPLETE
932,0.13700695489077452,2025-01-10 13:58:50.705383,2025-01-10 13:58:53.207631,0 days 00:00:02.502248,0.1789257462296156,88.0,0.2,56,100.0,0.0007821118326827418,109,0.00015357912837801938,1,1,adam,"{'neurons_per_layer_encoder': [56], 'neurons_per_layer_decoder': [56]}",56,[56],[56],[0.13700695489077452],0.44429043705810706,COMPLETE
933,0.2931138575871599,2025-01-10 13:58:51.213476,2025-01-10 13:58:53.713806,0 days 00:00:02.500330,0.17924898612242934,48.0,0.2,68,100.0,0.000769078324224145,138,0.0002809215738083662,1,1,adam,"{'neurons_per_layer_encoder': [68], 'neurons_per_layer_decoder': [68]}",68,[68],[68],[0.2931138575871599],0.5836970215425843,COMPLETE
934,0.19114254230899963,2025-01-10 13:58:51.327584,2025-01-10 13:58:53.840326,0 days 00:00:02.512742,0.18068714470063027,48.0,0.2,52,100.0,0.00039744753974283814,89,0.0003020442777064175,1,1,adam,"{'neurons_per_layer_encoder': [52], 'neurons_per_layer_decoder': [52]}",52,[52],[52],[0.19114254230899963],0.12189756551863619,COMPLETE
935,-0.12804264195717008,2025-01-10 13:58:51.610742,2025-01-10 13:58:53.077143,0 days 00:00:01.466401,0.17958167598802924,48.0,0.2,68,100.0,0.0007733711189316983,90,0.000285183708559007,1,1,adadelta,"{'neurons_per_layer_encoder': [68], 'neurons_per_layer_decoder': [68]}",68,[68],[68],[-0.12804264195717008],0.4920146074240172,COMPLETE
936,0.19427205625020116,2025-01-10 13:58:51.976903,2025-01-10 13:58:54.451788,0 days 00:00:02.474885,0.17865047380468665,48.0,0.2,48,100.0,0.0007874890041144598,100,0.0002949493445685325,1,1,adadelta,"{'neurons_per_layer_encoder': [48], 'neurons_per_layer_decoder': [48]}",48,[48],[48],[0.19427205625020116],0.6329752202910846,COMPLETE
937,0.17941580913487198,2025-01-10 13:58:53.089057,2025-01-10 13:58:55.591181,0 days 00:00:02.502124,0.17178379279238815,40.0,0.2,52,100.0,0.00041143691360501585,89,0.00015569900436150565,1,1,adam,"{'neurons_per_layer_encoder': [52], 'neurons_per_layer_decoder': [52]}",52,[52],[52],[0.17941580913487198],0.20963561453097787,COMPLETE
938,0.23344453452240244,2025-01-10 13:58:53.219142,2025-01-10 13:58:56.361152,0 days 00:00:03.142010,0.1684747787527584,40.0,0.2,52,100.0,0.00041062799166272947,232,0.0003002662224738021,1,3,adam,"{'neurons_per_layer_encoder': [52, 104, 208], 'neurons_per_layer_decoder': [208]}",52,[208],"[52, 104, 208]",[0.23344453452240244],0.7564379702172672,COMPLETE
939,0.08128171336667533,2025-01-10 13:58:53.724054,2025-01-10 13:58:56.219566,0 days 00:00:02.495512,0.18323368972605839,48.0,0.2,72,100.0,0.00039288423771352966,143,0.0003097800479633229,1,1,adam,"{'neurons_per_layer_encoder': [72], 'neurons_per_layer_decoder': [72]}",72,[72],[72],[0.08128171336667533],0.1359848258691294,COMPLETE
940,0.15245523226556856,2025-01-10 13:58:53.850844,2025-01-10 13:58:56.378483,0 days 00:00:02.527639,0.185228118950926,48.0,0.2,72,100.0,0.00045258675459307915,143,0.0003021535896127482,1,1,adam,"{'neurons_per_layer_encoder': [72], 'neurons_per_layer_decoder': [72]}",72,[72],[72],[0.15245523226556856],0.30276846754035547,COMPLETE
941,0.2638785867700255,2025-01-10 13:58:54.462734,2025-01-10 13:58:56.987471,0 days 00:00:02.524737,0.16841901779091945,48.0,0.2,72,100.0,0.00042022454808590904,143,0.0003239351325220786,1,1,adam,"{'neurons_per_layer_encoder': [72], 'neurons_per_layer_decoder': [72]}",72,[72],[72],[0.2638785867700255],0.33607993862824764,COMPLETE
942,0.15844409999592557,2025-01-10 13:58:55.602869,2025-01-10 13:58:58.277423,0 days 00:00:02.674554,0.18697314591912886,48.0,0.2,60,100.0,0.0004468770664537595,130,0.00032249019127561447,1,1,adam,"{'neurons_per_layer_encoder': [60], 'neurons_per_layer_decoder': [60]}",60,[60],[60],[0.15844409999592557],0.2500826110303353,COMPLETE
943,0.2158988668202393,2025-01-10 13:58:56.229870,2025-01-10 13:58:58.885002,0 days 00:00:02.655132,0.16685984056363673,48.0,0.2,68,100.0,0.000149560155189442,138,0.00037883901987845837,1,1,adam,"{'neurons_per_layer_encoder': [68], 'neurons_per_layer_decoder': [68]}",68,[68],[68],[0.2158988668202393],-0.2220358212876761,COMPLETE
944,-0.0035407647667806685,2025-01-10 13:58:56.372659,2025-01-10 13:58:58.565002,0 days 00:00:02.192343,0.03900427757140796,48.0,0.2,64,100.0,0.00015209414055890617,134,0.0003595190908724288,1,1,adam,"{'neurons_per_layer_encoder': [64], 'neurons_per_layer_decoder': [64]}",64,[64],[64],[-0.0035407647667806685],-0.4609811343404858,COMPLETE
945,0.0957117880001136,2025-01-10 13:58:56.392604,2025-01-10 13:58:58.907432,0 days 00:00:02.514828,0.18901931804837938,48.0,0.2,68,100.0,0.0005856029229209138,138,1.7647202477017848e-05,1,1,adam,"{'neurons_per_layer_encoder': [68], 'neurons_per_layer_decoder': [68]}",68,[68],[68],[0.0957117880001136],0.5651012403672705,COMPLETE
946,0.21221214852055204,2025-01-10 13:58:56.999211,2025-01-10 13:58:59.690876,0 days 00:00:02.691665,0.18793993348552265,48.0,0.2,88,100.0,0.0007692286139805116,128,0.0003814589097400772,1,1,adam,"{'neurons_per_layer_encoder': [88], 'neurons_per_layer_decoder': [88]}",88,[88],[88],[0.21221214852055204],0.5023157819891082,COMPLETE
947,-0.46481746934766566,2025-01-10 13:58:58.289707,2025-01-10 13:59:05.419927,0 days 00:00:07.130220,0.16018474229756158,48.0,0.2,68,100.0,0.0005987845225773181,1864,0.0002624028182662154,1,5,adam,"{'neurons_per_layer_encoder': [68, 136, 272, 544, 1088], 'neurons_per_layer_decoder': [1088]}",68,[1088],"[68, 136, 272, 544, 1088]",[-0.46481746934766566],0.9325349103011777,COMPLETE
948,-0.062232849954988456,2025-01-10 13:58:58.575769,2025-01-10 13:59:01.103609,0 days 00:00:02.527840,0.15834125420587525,48.0,0.2,96,100.0,0.0006104060676128655,120,0.00025640719767862136,1,1,sgd,"{'neurons_per_layer_encoder': [96], 'neurons_per_layer_decoder': [96]}",96,[96],[96],[-0.062232849954988456],0.4579627593463357,COMPLETE
949,0.0545865567842041,2025-01-10 13:58:58.897727,2025-01-10 13:59:01.903991,0 days 00:00:03.006264,0.014164904684254775,48.0,0.2,88,100.0,0.0005848584495713102,128,1.4503663344884018e-05,1,1,adam,"{'neurons_per_layer_encoder': [88], 'neurons_per_layer_decoder': [88]}",88,[88],[88],[0.0545865567842041],0.4709125828994107,COMPLETE
950,-0.38518884049457314,2025-01-10 13:58:58.921086,2025-01-10 13:59:01.349449,0 days 00:00:02.428363,0.16038097848103178,48.0,0.2,88,100.0,0.000732419180015854,128,0.00026351445680737953,1,1,sgd,"{'neurons_per_layer_encoder': [88], 'neurons_per_layer_decoder': [88]}",88,[88],[88],[-0.38518884049457314],0.4276724557702172,COMPLETE
951,-0.028145955236900333,2025-01-10 13:58:59.702194,2025-01-10 13:59:01.616178,0 days 00:00:01.913984,0.14191951404163602,56.0,0.2,140,100.0,0.0006213664979177837,164,0.00027093559248573103,1,1,sgd,"{'neurons_per_layer_encoder': [140], 'neurons_per_layer_decoder': [140]}",140,[140],[140],[-0.028145955236900333],0.5833507143009454,COMPLETE
952,0.11279476545870526,2025-01-10 13:59:01.115675,2025-01-10 13:59:09.083126,0 days 00:00:07.967451,0.17133019323070733,56.0,0.2,88,100.0,0.0007439240673394877,1432,0.00025451330740466525,1,5,adam,"{'neurons_per_layer_encoder': [88, 176, 352, 704, 1408], 'neurons_per_layer_decoder': [1408]}",88,[1408],"[88, 176, 352, 704, 1408]",[0.11279476545870526],0.974259759881003,COMPLETE
953,-0.04741760590702726,2025-01-10 13:59:01.363731,2025-01-10 13:59:03.527004,0 days 00:00:02.163273,0.1746761223688871,56.0,0.2,76,100.0,0.0004886524015085298,131,0.00027846790678624463,1,1,adam,"{'neurons_per_layer_encoder': [76], 'neurons_per_layer_decoder': [76]}",76,[76],[76],[-0.04741760590702726],0.35466306808274617,COMPLETE
954,0.173148314696022,2025-01-10 13:59:01.627521,2025-01-10 13:59:05.330120,0 days 00:00:03.702599,0.17704980959480668,48.0,0.2,76,100.0,0.0004774685220952084,131,0.0002474227912079891,1,1,adam,"{'neurons_per_layer_encoder': [76], 'neurons_per_layer_decoder': [76]}",76,[76],[76],[0.173148314696022],0.32364631836654345,COMPLETE
955,0.1224704369667795,2025-01-10 13:59:01.916475,2025-01-10 13:59:05.583541,0 days 00:00:03.667066,0.17425114527237756,56.0,0.2,80,100.0,0.0004693343193809277,120,0.00024992293399089767,1,1,adam,"{'neurons_per_layer_encoder': [80], 'neurons_per_layer_decoder': [80]}",80,[80],[80],[0.1224704369667795],0.3316386540050938,COMPLETE
956,-0.19425996214722807,2025-01-10 13:59:03.542184,2025-01-10 13:59:11.769570,0 days 00:00:08.227386,0.1991534229548247,48.0,0.2,56,100.0,0.0003575724085366541,1656,0.00024227974621014077,1,5,adam,"{'neurons_per_layer_encoder': [56, 112, 224, 448, 896], 'neurons_per_layer_decoder': [896]}",56,[896],"[56, 112, 224, 448, 896]",[-0.19425996214722807],0.9024550670824524,COMPLETE
957,0.22061307776882566,2025-01-10 13:59:05.344160,2025-01-10 13:59:12.925344,0 days 00:00:07.581184,0.033938731225956,48.0,0.2,68,100.0,0.00034789740244731414,2056,0.0002428748257207815,1,5,adam,"{'neurons_per_layer_encoder': [68, 136, 272, 544, 1088], 'neurons_per_layer_decoder': [1088]}",68,[1088],"[68, 136, 272, 544, 1088]",[0.22061307776882566],0.9464156795936719,COMPLETE
958,0.17855771337532722,2025-01-10 13:59:05.440671,2025-01-10 13:59:09.362630,0 days 00:00:03.921959,0.16895998499336481,40.0,0.2,32,100.0,0.00035282693360921114,67,0.0003351038168318239,1,1,adam,"{'neurons_per_layer_encoder': [32], 'neurons_per_layer_decoder': [32]}",32,[32],[32],[0.17855771337532722],-0.027789230275687898,COMPLETE
959,0.2344038176073805,2025-01-10 13:59:05.597520,2025-01-10 13:59:09.631140,0 days 00:00:04.033620,0.031226297453985474,40.0,0.2,60,100.0,0.0007403628550828591,114,0.00030930146574514996,1,1,adam,"{'neurons_per_layer_encoder': [60], 'neurons_per_layer_decoder': [60]}",60,[60],[60],[0.2344038176073805],0.4559336563658816,COMPLETE
960,0.14122225135649769,2025-01-10 13:59:09.099599,2025-01-10 13:59:12.835623,0 days 00:00:03.736024,0.19098478879870273,48.0,0.2,32,100.0,0.0003562681907856206,51,0.0003314698160366457,1,1,adam,"{'neurons_per_layer_encoder': [32], 'neurons_per_layer_decoder': [32]}",32,[32],[32],[0.14122225135649769],-0.11746962372895595,COMPLETE
961,0.24811970808065031,2025-01-10 13:59:09.377382,2025-01-10 13:59:13.037905,0 days 00:00:03.660523,0.19981723716620617,48.0,0.2,56,100.0,0.0003655916858338355,109,0.00031002839072266506,1,1,adam,"{'neurons_per_layer_encoder': [56], 'neurons_per_layer_decoder': [56]}",56,[56],[56],[0.24811970808065031],0.22532845326985362,COMPLETE
962,0.2432624852942894,2025-01-10 13:59:09.645896,2025-01-10 13:59:13.141541,0 days 00:00:03.495645,0.18827985106481462,48.0,0.2,40,100.0,0.0003772118301298837,76,0.00040606254599685017,1,1,adam,"{'neurons_per_layer_encoder': [40], 'neurons_per_layer_decoder': [40]}",40,[40],[40],[0.2432624852942894],0.19914071773351263,COMPLETE
963,0.1930749550189793,2025-01-10 13:59:11.791811,2025-01-10 13:59:14.603479,0 days 00:00:02.811668,0.19990551247759358,48.0,0.2,96,100.0,0.0001151274359996412,120,0.00037303162404235855,1,1,adam,"{'neurons_per_layer_encoder': [96], 'neurons_per_layer_decoder': [96]}",96,[96],[96],[0.1930749550189793],-0.29978198783954574,COMPLETE
964,0.1907823457133827,2025-01-10 13:59:12.846558,2025-01-10 13:59:15.403163,0 days 00:00:02.556605,0.1819325773304395,48.0,0.2,36,100.0,1.5027251360142312e-06,71,0.00039135886093221106,1,1,adam,"{'neurons_per_layer_encoder': [36], 'neurons_per_layer_decoder': [36]}",36,[36],[36],[0.1907823457133827],-0.7051937434096648,COMPLETE
965,-0.040358115126923444,2025-01-10 13:59:12.936621,2025-01-10 13:59:15.493382,0 days 00:00:02.556761,0.1996656555943677,40.0,0.2,40,100.0,0.0005670777897064588,76,0.00037954935962330593,1,1,adam,"{'neurons_per_layer_encoder': [40], 'neurons_per_layer_decoder': [40]}",40,[40],[40],[-0.040358115126923444],-0.0764396035380035,COMPLETE
966,0.236621974403308,2025-01-10 13:59:13.049355,2025-01-10 13:59:15.776799,0 days 00:00:02.727444,0.1838378768924529,40.0,0.2,204,100.0,0.0004837326518611056,228,0.0003908655705901589,1,1,adam,"{'neurons_per_layer_encoder': [204], 'neurons_per_layer_decoder': [204]}",204,[204],[204],[0.236621974403308],0.5750795174960406,COMPLETE
967,0.12559384636321258,2025-01-10 13:59:13.158323,2025-01-10 13:59:15.716451,0 days 00:00:02.558128,0.1437312682765677,40.0,0.2,80,100.0,0.0005817738072530858,184,0.00021057399999105557,1,1,adam,"{'neurons_per_layer_encoder': [80], 'neurons_per_layer_decoder': [80]}",80,[80],[80],[0.12559384636321258],0.4078188074300818,COMPLETE
968,0.16563852279472302,2025-01-10 13:59:14.616172,2025-01-10 13:59:17.168561,0 days 00:00:02.552389,0.15562965994501585,40.0,0.2,80,100.0,0.00047824028007368484,184,0.00020928808018494865,1,1,adam,"{'neurons_per_layer_encoder': [80], 'neurons_per_layer_decoder': [80]}",80,[80],[80],[0.16563852279472302],0.3824201005032224,COMPLETE
969,0.18666723778631467,2025-01-10 13:59:15.413954,2025-01-10 13:59:18.052197,0 days 00:00:02.638243,0.15716143137393915,40.0,0.2,200,100.0,0.00047753482227793937,224,0.00020617006441013119,1,1,adam,"{'neurons_per_layer_encoder': [200], 'neurons_per_layer_decoder': [200]}",200,[200],[200],[0.18666723778631467],0.5786337650843232,COMPLETE
970,0.035967196647403554,2025-01-10 13:59:15.504972,2025-01-10 13:59:18.055860,0 days 00:00:02.550888,0.14162369197473576,40.0,0.2,28,100.0,0.00047415950028826333,46,0.0002089282563376831,1,1,adam,"{'neurons_per_layer_encoder': [28], 'neurons_per_layer_decoder': [28]}",28,[28],[28],[0.035967196647403554],-0.08815002289032894,COMPLETE
971,0.2164634136661846,2025-01-10 13:59:15.727359,2025-01-10 13:59:18.343773,0 days 00:00:02.616414,0.15786606046309296,40.0,0.2,200,100.0,0.0004800446908074747,224,0.000279044222080093,1,1,adam,"{'neurons_per_layer_encoder': [200], 'neurons_per_layer_decoder': [200]}",200,[200],[200],[0.2164634136661846],0.5746013026160065,COMPLETE
972,0.16220134647142448,2025-01-10 13:59:15.789189,2025-01-10 13:59:18.547260,0 days 00:00:02.758071,0.1552376892595138,56.0,0.2,48,100.0,0.0006800339194431039,100,0.00028975680334484476,1,1,adam,"{'neurons_per_layer_encoder': [48], 'neurons_per_layer_decoder': [48]}",48,[48],[48],[0.16220134647142448],0.3594754691408184,COMPLETE
973,0.0009592887711989961,2025-01-10 13:59:17.179576,2025-01-10 13:59:19.721521,0 days 00:00:02.541945,0.16319628478232778,56.0,0.2,64,100.0,0.0008366959835631501,118,0.00013093528588049172,1,1,adam,"{'neurons_per_layer_encoder': [64], 'neurons_per_layer_decoder': [64]}",64,[64],[64],[0.0009592887711989961],0.49086339906927634,COMPLETE
974,0.03826968377144202,2025-01-10 13:59:18.066177,2025-01-10 13:59:20.714599,0 days 00:00:02.648422,0.16619856910456499,48.0,0.2,48,100.0,0.000844740187277209,100,0.00013481121335533045,1,1,adam,"{'neurons_per_layer_encoder': [48], 'neurons_per_layer_decoder': [48]}",48,[48],[48],[0.03826968377144202],0.4635410583974329,COMPLETE
975,0.20129290280846435,2025-01-10 13:59:18.066894,2025-01-10 13:59:20.694809,0 days 00:00:02.627915,0.16959261656239202,48.0,0.2,64,100.0,0.0006934324439154531,118,0.0003161962878509551,1,1,adam,"{'neurons_per_layer_encoder': [64], 'neurons_per_layer_decoder': [64]}",64,[64],[64],[0.20129290280846435],0.4361666591436318,COMPLETE
976,0.09287032009200269,2025-01-10 13:59:18.354176,2025-01-10 13:59:21.136475,0 days 00:00:02.782299,0.02284974755526235,48.0,0.2,48,100.0,0.000814751268501517,84,0.00012547276229261277,1,1,adam,"{'neurons_per_layer_encoder': [48], 'neurons_per_layer_decoder': [48]}",48,[48],[48],[0.09287032009200269],0.3906229689908327,COMPLETE
977,-0.07134364010510708,2025-01-10 13:59:18.558640,2025-01-10 13:59:19.935782,0 days 00:00:01.377142,0.17950057995597973,48.0,0.2,36,100.0,0.000834109679731814,71,0.00012636115605548198,1,1,adam,"{'neurons_per_layer_encoder': [36], 'neurons_per_layer_decoder': [36]}",36,[36],[36],[-0.07134364010510708],0.2978485208799222,COMPLETE
978,0.13195319809473083,2025-01-10 13:59:19.733240,2025-01-10 13:59:22.391737,0 days 00:00:02.658497,0.047684608245327234,48.0,0.2,92,100.0,0.0006665977843159181,148,0.00023036285057286072,1,1,adam,"{'neurons_per_layer_encoder': [92], 'neurons_per_layer_decoder': [92]}",92,[92],[92],[0.13195319809473083],0.48228441430286556,COMPLETE
979,-0.1969349650364236,2025-01-10 13:59:19.946608,2025-01-10 13:59:21.457082,0 days 00:00:01.510474,0.16809545912801593,48.0,0.2,140,100.0,0.0006663302621880507,260,0.0002353474857406774,1,1,adadelta,"{'neurons_per_layer_encoder': [140], 'neurons_per_layer_decoder': [140]}",140,[140],[140],[-0.1969349650364236],0.6333836930418293,COMPLETE
980,0.04841201730882361,2025-01-10 13:59:20.706554,2025-01-10 13:59:23.463494,0 days 00:00:02.756940,0.18563355288051944,48.0,0.2,76,100.0,0.0005789340633888565,147,0.00024141866681020568,1,1,adadelta,"{'neurons_per_layer_encoder': [76], 'neurons_per_layer_decoder': [76]}",76,[76],[76],[0.04841201730882361],0.527437883493517,COMPLETE
981,-0.06371141624929022,2025-01-10 13:59:20.728772,2025-01-10 13:59:22.626845,0 days 00:00:01.898073,0.18571995946776088,48.0,0.2,76,100.0,0.0005778723977687959,147,0.00028218126532076167,1,1,adadelta,"{'neurons_per_layer_encoder': [76], 'neurons_per_layer_decoder': [76]}",76,[76],[76],[-0.06371141624929022],0.5868161982769843,COMPLETE
982,0.1492926723140785,2025-01-10 13:59:21.148411,2025-01-10 13:59:23.695964,0 days 00:00:02.547553,0.18678840549420664,48.0,0.2,76,100.0,0.0006211876011793801,147,0.00016699120840621792,1,1,adam,"{'neurons_per_layer_encoder': [76], 'neurons_per_layer_decoder': [76]}",76,[76],[76],[0.1492926723140785],0.4549563060576142,COMPLETE
983,0.13996598912730762,2025-01-10 13:59:21.468527,2025-01-10 13:59:24.075982,0 days 00:00:02.607455,0.18523029727452442,48.0,0.2,76,100.0,0.0005601241418497679,147,0.004865951108000218,1,1,adam,"{'neurons_per_layer_encoder': [76], 'neurons_per_layer_decoder': [76]}",76,[76],[76],[0.13996598912730762],-0.5863837894829079,COMPLETE
984,0.11878969940350259,2025-01-10 13:59:22.621021,2025-01-10 13:59:25.158667,0 days 00:00:02.537646,0.18702616593660018,48.0,0.2,96,100.0,0.0005671945625916366,120,0.00016806677534983636,1,1,adam,"{'neurons_per_layer_encoder': [96], 'neurons_per_layer_decoder': [96]}",96,[96],[96],[0.11878969940350259],0.40862544555188546,COMPLETE
985,0.17148303731485104,2025-01-10 13:59:22.638700,2025-01-10 13:59:25.203833,0 days 00:00:02.565133,0.18054041997017437,48.0,0.2,96,100.0,0.000406767392346976,120,0.00017310157275963906,1,1,adam,"{'neurons_per_layer_encoder': [96], 'neurons_per_layer_decoder': [96]}",96,[96],[96],[0.17148303731485104],0.3260725970813165,COMPLETE
986,-0.12859257975719207,2025-01-10 13:59:23.475148,2025-01-10 13:59:25.978312,0 days 00:00:02.503164,0.17796247380277097,56.0,0.2,24,100.0,0.00043412509868420707,42,0.0001831091037237589,1,1,adam,"{'neurons_per_layer_encoder': [24], 'neurons_per_layer_decoder': [24]}",24,[24],[24],[-0.12859257975719207],-0.20586075706194226,COMPLETE
987,0.03108451456398309,2025-01-10 13:59:23.707505,2025-01-10 13:59:25.677069,0 days 00:00:01.969564,0.17666384064814536,56.0,0.2,96,100.0,0.0004111519893556191,120,0.00028626579321406877,1,1,adam,"{'neurons_per_layer_encoder': [96], 'neurons_per_layer_decoder': [96]}",96,[96],[96],[0.03108451456398309],0.2442030470828057,COMPLETE
