number,value,datetime_start,datetime_complete,duration,params_alpha,params_batch_size,params_drop_out_rate,params_encoder_neurons_layer_1,params_epochs,params_lambda,params_latent_dim,params_learning_rate,params_num_layers_decoder,params_num_layers_encoder,params_optimizer,user_attrs_encoder_decoder_config,user_attrs_first_layer_neurons,user_attrs_neurons_per_layer_decoder,user_attrs_neurons_per_layer_encoder,user_attrs_r2_feature_1,user_attrs_relative_deterioration,state
861,0.005978237574781109,2025-01-10 13:57:05.942154,2025-01-10 13:57:07.321193,0 days 00:00:01.379039,0.11119432037667132,32.0,0.2,28,100.0,0.0005249824716027247,46,0.0002711965135204801,1,1,adam,"{'neurons_per_layer_encoder': [28], 'neurons_per_layer_decoder': [28]}",28,[28],[28],[0.005978237574781109],0.07222036127612927,COMPLETE
862,-0.05155847500890531,2025-01-10 13:57:06.060891,2025-01-10 13:57:07.740896,0 days 00:00:01.680005,0.16481852659761942,32.0,0.2,28,100.0,0.0004985453822562417,46,0.00027473847966304356,1,1,adam,"{'neurons_per_layer_encoder': [28], 'neurons_per_layer_decoder': [28]}",28,[28],[28],[-0.05155847500890531],0.06518938817326783,COMPLETE
863,-0.17342024697718816,2025-01-10 13:57:06.453916,2025-01-10 13:57:07.867851,0 days 00:00:01.413935,0.19985436745509091,32.0,0.2,28,100.0,0.0005067436828313144,46,0.000256510337156134,1,1,adam,"{'neurons_per_layer_encoder': [28], 'neurons_per_layer_decoder': [28]}",28,[28],[28],[-0.17342024697718816],0.3091915743777771,COMPLETE
864,0.29921878179979056,2025-01-10 13:57:07.331439,2025-01-10 13:57:09.893406,0 days 00:00:02.561967,0.16786032885867058,48.0,0.2,60,100.0,0.0006962989938786717,130,0.00024786426488004247,1,1,adam,"{'neurons_per_layer_encoder': [60], 'neurons_per_layer_decoder': [60]}",60,[60],[60],[0.29921878179979056],0.5181468781531914,COMPLETE
865,0.13919455164105665,2025-01-10 13:57:07.625470,2025-01-10 13:57:10.177461,0 days 00:00:02.551991,0.16608617942716217,48.0,0.2,60,100.0,0.0006942983666915173,130,0.0004337055711127897,1,1,adam,"{'neurons_per_layer_encoder': [60], 'neurons_per_layer_decoder': [60]}",60,[60],[60],[0.13919455164105665],0.3517297128501394,COMPLETE
866,0.10610127519625168,2025-01-10 13:57:07.751957,2025-01-10 13:57:10.216391,0 days 00:00:02.464434,0.16696026834480862,64.0,0.2,48,100.0,0.0006591468625964435,100,0.0002328916811804383,1,1,adam,"{'neurons_per_layer_encoder': [48], 'neurons_per_layer_decoder': [48]}",48,[48],[48],[0.10610127519625168],0.2942510178264977,COMPLETE
867,0.19464082842968455,2025-01-10 13:57:07.878567,2025-01-10 13:57:10.401642,0 days 00:00:02.523075,0.16614708055624416,48.0,0.2,52,100.0,0.0006952673127528916,105,0.00043464297876192535,1,1,adam,"{'neurons_per_layer_encoder': [52], 'neurons_per_layer_decoder': [52]}",52,[52],[52],[0.19464082842968455],0.362571634351563,COMPLETE
868,0.19757106283837256,2025-01-10 13:57:08.847243,2025-01-10 13:57:11.384967,0 days 00:00:02.537724,0.16750742391194767,64.0,0.2,56,100.0,0.0006653621312129666,109,0.00043584192207428305,1,1,adam,"{'neurons_per_layer_encoder': [56], 'neurons_per_layer_decoder': [56]}",56,[56],[56],[0.19757106283837256],0.343881693153418,COMPLETE
869,-0.06369671218365358,2025-01-10 13:57:09.904743,2025-01-10 13:57:11.316129,0 days 00:00:01.411386,0.14425772456404348,48.0,0.2,60,100.0,0.0006614413499052769,130,0.00023289419212854111,1,1,adam,"{'neurons_per_layer_encoder': [60], 'neurons_per_layer_decoder': [60]}",60,[60],[60],[-0.06369671218365358],0.35382666477297947,COMPLETE
870,0.21959539490482383,2025-01-10 13:57:10.189132,2025-01-10 13:57:13.046705,0 days 00:00:02.857573,0.1486813654406798,48.0,0.2,56,100.0,0.0006497764672505509,109,0.00024678770468327245,1,1,adam,"{'neurons_per_layer_encoder': [56], 'neurons_per_layer_decoder': [56]}",56,[56],[56],[0.21959539490482383],0.43169034362653186,COMPLETE
871,0.028085450945487533,2025-01-10 13:57:10.230202,2025-01-10 13:57:12.891594,0 days 00:00:02.661392,0.14408312818903943,48.0,0.2,72,100.0,0.0006892913153276718,111,0.00022821959601572808,1,1,adam,"{'neurons_per_layer_encoder': [72], 'neurons_per_layer_decoder': [72]}",72,[72],[72],[0.028085450945487533],0.3579826659253392,COMPLETE
872,0.20634184647587372,2025-01-10 13:57:10.417628,2025-01-10 13:57:13.269168,0 days 00:00:02.851540,0.14348411760149293,48.0,0.2,72,100.0,0.0006147767984415551,111,0.00023369170293050616,1,1,adam,"{'neurons_per_layer_encoder': [72], 'neurons_per_layer_decoder': [72]}",72,[72],[72],[0.20634184647587372],0.43597537203635683,COMPLETE
873,0.08182094461225375,2025-01-10 13:57:11.327519,2025-01-10 13:57:13.851504,0 days 00:00:02.523985,0.1515513204121824,48.0,0.2,48,100.0,0.0005982040907770787,100,0.00024066126309273497,1,1,adam,"{'neurons_per_layer_encoder': [48], 'neurons_per_layer_decoder': [48]}",48,[48],[48],[0.08182094461225375],0.19381370086201563,COMPLETE
874,0.17135274668712774,2025-01-10 13:57:11.398480,2025-01-10 13:57:13.907134,0 days 00:00:02.508654,0.15299778385436413,48.0,0.2,44,100.0,0.0005736276212181199,80,0.00021824393441807792,1,1,adam,"{'neurons_per_layer_encoder': [44], 'neurons_per_layer_decoder': [44]}",44,[44],[44],[0.17135274668712774],0.28152605663973107,COMPLETE
875,-0.053590343912319316,2025-01-10 13:57:13.057463,2025-01-10 13:57:14.401099,0 days 00:00:01.343636,0.15432362693481488,48.0,0.2,64,100.0,0.000593622812417521,86,0.0002812350583149658,1,1,adam,"{'neurons_per_layer_encoder': [64], 'neurons_per_layer_decoder': [64]}",64,[64],[64],[-0.053590343912319316],0.2556979185431886,COMPLETE
876,0.17722061013418422,2025-01-10 13:57:13.280399,2025-01-10 13:57:15.718720,0 days 00:00:02.438321,0.01793758380798819,48.0,0.2,48,100.0,0.0006026620713103392,100,0.00026743314635843527,1,1,adam,"{'neurons_per_layer_encoder': [48], 'neurons_per_layer_decoder': [48]}",48,[48],[48],[0.17722061013418422],0.2878304818857227,COMPLETE
877,0.24037192032643295,2025-01-10 13:57:13.861341,2025-01-10 13:57:16.311823,0 days 00:00:02.450482,0.1570318689039547,48.0,0.2,44,100.0,0.0006261637270875446,80,0.0001968469272687305,1,1,adam,"{'neurons_per_layer_encoder': [44], 'neurons_per_layer_decoder': [44]}",44,[44],[44],[0.24037192032643295],0.3294722502032629,COMPLETE
878,0.1114118676275263,2025-01-10 13:57:13.922809,2025-01-10 13:57:16.370655,0 days 00:00:02.447846,0.15338838817870118,48.0,0.2,36,100.0,0.0005942299246101929,71,0.00758921458591845,1,1,adam,"{'neurons_per_layer_encoder': [36], 'neurons_per_layer_decoder': [36]}",36,[36],[36],[0.1114118676275263],-0.7993223861150626,COMPLETE
879,0.0778105948572988,2025-01-10 13:57:14.411975,2025-01-10 13:57:16.788507,0 days 00:00:02.376532,0.16128642733524448,72.0,0.2,48,100.0,0.0006934247185524407,100,0.0002773379798439367,1,1,adam,"{'neurons_per_layer_encoder': [48], 'neurons_per_layer_decoder': [48]}",48,[48],[48],[0.0778105948572988],0.2984333322183712,COMPLETE
880,-0.2725372959068335,2025-01-10 13:57:16.322039,2025-01-10 13:57:17.176816,0 days 00:00:00.854777,0.09375469606040339,48.0,0.2,56,100.0,0.0007175123915799997,109,0.0001990884292778573,1,1,sgd,"{'neurons_per_layer_encoder': [56], 'neurons_per_layer_decoder': [56]}",56,[56],[56],[-0.2725372959068335],0.4510392237461895,COMPLETE
881,0.009230856299401902,2025-01-10 13:58:22.021472,2025-01-10 13:58:24.541914,0 days 00:00:02.520442,0.1728726095180451,48.0,0.2,36,100.0,0.00048011245032889043,71,1.0047408314900405e-05,1,1,adam,"{'neurons_per_layer_encoder': [36], 'neurons_per_layer_decoder': [36]}",36,[36],[36],[0.009230856299401902],0.2219656943752585,COMPLETE
882,0.22759311806666682,2025-01-10 13:58:22.067996,2025-01-10 13:58:24.592989,0 days 00:00:02.524993,0.17323230506929568,48.0,0.2,32,100.0,0.00047245799600760427,51,0.00018959999907283015,1,1,adam,"{'neurons_per_layer_encoder': [32], 'neurons_per_layer_decoder': [32]}",32,[32],[32],[0.22759311806666682],0.17058221225059078,COMPLETE
883,0.12140403612153783,2025-01-10 13:58:22.091907,2025-01-10 13:58:24.669831,0 days 00:00:02.577924,0.17228454145341124,48.0,0.2,36,100.0,0.0004764926231254438,71,0.0002846578265626559,1,1,adam,"{'neurons_per_layer_encoder': [36], 'neurons_per_layer_decoder': [36]}",36,[36],[36],[0.12140403612153783],0.08069140320769976,COMPLETE
884,0.18996895377457124,2025-01-10 13:58:22.119670,2025-01-10 13:58:24.676146,0 days 00:00:02.556476,0.1706589188055227,48.0,0.2,36,100.0,0.00047255985721012753,71,0.00019401812402827478,1,1,adam,"{'neurons_per_layer_encoder': [36], 'neurons_per_layer_decoder': [36]}",36,[36],[36],[0.18996895377457124],0.2356372817664944,COMPLETE
885,0.051451621000242476,2025-01-10 13:58:22.138866,2025-01-10 13:58:24.667807,0 days 00:00:02.528941,0.17399856502743333,48.0,0.2,32,100.0,0.0004766736725409492,67,0.00019211296138386524,1,1,adam,"{'neurons_per_layer_encoder': [32], 'neurons_per_layer_decoder': [32]}",32,[32],[32],[0.051451621000242476],0.009607881154797404,COMPLETE
886,-0.18045607521396279,2025-01-10 13:58:24.554342,2025-01-10 13:58:25.897599,0 days 00:00:01.343257,0.17424424546592918,48.0,0.2,52,100.0,0.0004407578374119029,89,0.00019606663434810316,1,1,adam,"{'neurons_per_layer_encoder': [52], 'neurons_per_layer_decoder': [52]}",52,[52],[52],[-0.18045607521396279],0.06691352544131049,COMPLETE
887,0.3098935464889545,2025-01-10 13:58:24.607252,2025-01-10 13:58:27.118704,0 days 00:00:02.511452,0.1901110656766755,48.0,0.2,44,100.0,0.0005464735985838962,80,0.00026976293772243426,1,1,adam,"{'neurons_per_layer_encoder': [44], 'neurons_per_layer_decoder': [44]}",44,[44],[44],[0.3098935464889545],0.36632904442934033,COMPLETE
888,0.238289674679655,2025-01-10 13:58:24.693275,2025-01-10 13:58:27.244155,0 days 00:00:02.550880,0.19989242737277263,32.0,0.2,52,100.0,0.0005753933445691652,89,0.00022355466524488736,1,1,adam,"{'neurons_per_layer_encoder': [52], 'neurons_per_layer_decoder': [52]}",52,[52],[52],[0.238289674679655],0.3551671068425116,COMPLETE
889,0.2094002971515042,2025-01-10 13:58:24.693523,2025-01-10 13:58:27.224599,0 days 00:00:02.531076,0.18793391024103143,32.0,0.2,52,100.0,0.000560016746679558,89,0.0002562745105386465,1,1,adam,"{'neurons_per_layer_encoder': [52], 'neurons_per_layer_decoder': [52]}",52,[52],[52],[0.2094002971515042],0.27022978741443204,COMPLETE
890,0.2569704408417448,2025-01-10 13:58:24.696977,2025-01-10 13:58:27.216780,0 days 00:00:02.519803,0.1885859495126467,32.0,0.2,44,100.0,0.000561777588828881,80,0.00022260725651217027,1,1,adam,"{'neurons_per_layer_encoder': [44], 'neurons_per_layer_decoder': [44]}",44,[44],[44],[0.2569704408417448],0.31135804301045367,COMPLETE
891,0.27044020896283694,2025-01-10 13:58:25.908234,2025-01-10 13:58:28.883821,0 days 00:00:02.975587,0.01128936852738965,32.0,0.2,44,100.0,0.0005437300186778302,128,0.0002909917202297918,1,2,adam,"{'neurons_per_layer_encoder': [44, 88], 'neurons_per_layer_decoder': [88]}",44,[88],"[44, 88]",[0.27044020896283694],0.6219006587762405,COMPLETE
892,-0.21453954541109033,2025-01-10 13:58:27.130201,2025-01-10 13:58:28.612233,0 days 00:00:01.482032,0.19132861402173595,48.0,0.2,44,100.0,0.0005393229839789108,80,0.00022828368128276737,1,1,adam,"{'neurons_per_layer_encoder': [44], 'neurons_per_layer_decoder': [44]}",44,[44],[44],[-0.21453954541109033],0.05270357945392035,COMPLETE
893,0.15321079799264625,2025-01-10 13:58:27.235947,2025-01-10 13:58:29.828442,0 days 00:00:02.592495,0.011251851678511903,48.0,0.2,44,100.0,0.0007245508544420195,80,0.0002327329149471504,1,1,adam,"{'neurons_per_layer_encoder': [44], 'neurons_per_layer_decoder': [44]}",44,[44],[44],[0.15321079799264625],0.33254613977765624,COMPLETE
894,0.14679500993125105,2025-01-10 13:58:27.238220,2025-01-10 13:58:29.921174,0 days 00:00:02.682954,0.18887718164175085,48.0,0.2,44,100.0,0.0007122836170143814,80,0.00026711103619727505,1,1,adam,"{'neurons_per_layer_encoder': [44], 'neurons_per_layer_decoder': [44]}",44,[44],[44],[0.14679500993125105],0.33689849220552176,COMPLETE
895,0.09620604024802071,2025-01-10 13:58:27.257668,2025-01-10 13:58:29.890399,0 days 00:00:02.632731,0.1893141650735281,48.0,0.2,44,100.0,0.0006978750890507961,80,0.00026675471993752503,1,1,adam,"{'neurons_per_layer_encoder': [44], 'neurons_per_layer_decoder': [44]}",44,[44],[44],[0.09620604024802071],0.2828613350095311,COMPLETE
896,0.06567585126779818,2025-01-10 13:58:28.623840,2025-01-10 13:58:31.213921,0 days 00:00:02.590081,0.18282374902657741,48.0,0.2,44,100.0,0.0007408003364876499,80,0.00014724550828063587,1,1,adam,"{'neurons_per_layer_encoder': [44], 'neurons_per_layer_decoder': [44]}",44,[44],[44],[0.06567585126779818],0.3267102313565838,COMPLETE
897,0.026164861078037505,2025-01-10 13:58:28.895639,2025-01-10 13:58:31.501656,0 days 00:00:02.606017,0.18599915296649908,48.0,0.2,40,100.0,0.0007196339955834166,76,0.00016646280428518878,1,1,adam,"{'neurons_per_layer_encoder': [40], 'neurons_per_layer_decoder': [40]}",40,[40],[40],[0.026164861078037505],0.21280117833879003,COMPLETE
898,0.2513525221184071,2025-01-10 13:58:29.839516,2025-01-10 13:58:32.446161,0 days 00:00:02.606645,0.1858111435453903,48.0,0.2,60,100.0,0.0007147857226696311,114,0.00014292783747454278,1,1,adam,"{'neurons_per_layer_encoder': [60], 'neurons_per_layer_decoder': [60]}",60,[60],[60],[0.2513525221184071],0.51478222462521,COMPLETE
899,0.13312879403893396,2025-01-10 13:58:29.905445,2025-01-10 13:58:32.502501,0 days 00:00:02.597056,0.18054394021712508,48.0,0.2,40,100.0,0.0007046365208388532,76,0.00017892234344296776,1,1,adam,"{'neurons_per_layer_encoder': [40], 'neurons_per_layer_decoder': [40]}",40,[40],[40],[0.13312879403893396],0.2945075484320369,COMPLETE
900,0.16817923752991193,2025-01-10 13:58:29.935354,2025-01-10 13:58:32.558289,0 days 00:00:02.622935,0.18177805911717612,48.0,0.2,36,100.0,0.0006173363444762817,71,0.00016099449714695853,1,1,adam,"{'neurons_per_layer_encoder': [36], 'neurons_per_layer_decoder': [36]}",36,[36],[36],[0.16817923752991193],0.3283683955704012,COMPLETE
901,0.18970795515467476,2025-01-10 13:58:31.224434,2025-01-10 13:58:33.793542,0 days 00:00:02.569108,0.037346454625677206,48.0,0.2,36,100.0,0.0006046982998950775,71,0.0002999872353383117,1,1,adam,"{'neurons_per_layer_encoder': [36], 'neurons_per_layer_decoder': [36]}",36,[36],[36],[0.18970795515467476],0.2824893783264874,COMPLETE
902,0.2505836040011087,2025-01-10 13:58:31.513192,2025-01-10 13:58:34.085331,0 days 00:00:02.572139,0.1609790120672319,48.0,0.2,60,100.0,0.000605002145619674,130,0.00030150773694098644,1,1,adam,"{'neurons_per_layer_encoder': [60], 'neurons_per_layer_decoder': [60]}",60,[60],[60],[0.2505836040011087],0.4357469586142173,COMPLETE
903,-0.04405444249944934,2025-01-10 13:58:32.457190,2025-01-10 13:58:33.657184,0 days 00:00:01.199994,0.019480243211498428,48.0,0.2,56,100.0,0.0005811571146431459,109,0.0002055674794928996,1,1,sgd,"{'neurons_per_layer_encoder': [56], 'neurons_per_layer_decoder': [56]}",56,[56],[56],[-0.04405444249944934],0.42403815771660586,COMPLETE
904,0.08252820870039113,2025-01-10 13:58:32.517240,2025-01-10 13:58:34.510285,0 days 00:00:01.993045,0.16283106326444727,48.0,0.2,52,100.0,0.0005544009639937708,89,0.0003126789929230351,1,1,sgd,"{'neurons_per_layer_encoder': [52], 'neurons_per_layer_decoder': [52]}",52,[52],[52],[0.08252820870039113],0.4231280325319911,COMPLETE
905,0.046465455233477226,2025-01-10 13:58:32.572154,2025-01-10 13:58:35.097849,0 days 00:00:02.525695,0.16211506780453583,48.0,0.2,68,100.0,0.0005326601372801819,122,0.000312070463606041,1,1,adam,"{'neurons_per_layer_encoder': [68], 'neurons_per_layer_decoder': [68]}",68,[68],[68],[0.046465455233477226],0.23938706882519614,COMPLETE
906,0.07683072343717834,2025-01-10 13:58:33.668067,2025-01-10 13:58:36.151429,0 days 00:00:02.483362,0.1623215456873221,48.0,0.2,24,100.0,0.0005227215857989162,42,0.00030248618246441346,1,1,adam,"{'neurons_per_layer_encoder': [24], 'neurons_per_layer_decoder': [24]}",24,[24],[24],[0.07683072343717834],-0.057230825591471954,COMPLETE
907,0.1675796882654229,2025-01-10 13:58:33.805768,2025-01-10 13:58:36.323026,0 days 00:00:02.517258,0.16392425123285145,48.0,0.2,48,100.0,0.000508286439002075,100,0.0002524815743757751,1,1,adam,"{'neurons_per_layer_encoder': [48], 'neurons_per_layer_decoder': [48]}",48,[48],[48],[0.1675796882654229],0.2450876189638354,COMPLETE
908,0.27031852930209743,2025-01-10 13:58:34.097690,2025-01-10 13:58:36.732526,0 days 00:00:02.634836,0.16149875120606957,48.0,0.2,208,100.0,0.0004980882510612169,248,0.00025282967601872574,1,1,adam,"{'neurons_per_layer_encoder': [208], 'neurons_per_layer_decoder': [208]}",208,[208],[208],[0.27031852930209743],0.6521945936763058,COMPLETE
909,0.2858017867806587,2025-01-10 13:58:34.521643,2025-01-10 13:58:37.058691,0 days 00:00:02.537048,0.19974982072332748,48.0,0.2,68,100.0,0.0004276624327119613,122,0.00024979907095978816,1,1,adam,"{'neurons_per_layer_encoder': [68], 'neurons_per_layer_decoder': [68]}",68,[68],[68],[0.2858017867806587],0.3340329890693154,COMPLETE
910,-0.05141129900614261,2025-01-10 13:58:35.108992,2025-01-10 13:58:37.598112,0 days 00:00:02.489120,0.17752092490712193,48.0,0.2,24,100.0,0.0004091753201658922,42,0.00025089930632442184,1,1,adam,"{'neurons_per_layer_encoder': [24], 'neurons_per_layer_decoder': [24]}",24,[24],[24],[-0.05141129900614261],-0.15508615946329773,COMPLETE
911,-0.04023264725205289,2025-01-10 13:58:36.162358,2025-01-10 13:58:41.322209,0 days 00:00:05.159851,0.17647394265867383,48.0,0.2,48,100.0,0.0004518004568242433,392,0.0002555826260204625,1,4,adam,"{'neurons_per_layer_encoder': [48, 96, 192, 384], 'neurons_per_layer_decoder': [384]}",48,[384],"[48, 96, 192, 384]",[-0.04023264725205289],0.8338388430087861,COMPLETE
912,-0.20863175955187696,2025-01-10 13:58:36.334085,2025-01-10 13:58:45.411510,0 days 00:00:09.077425,0.1388835193015135,48.0,0.2,204,100.0,0.00039713273029868884,3640,0.00021240167600973382,1,4,adam,"{'neurons_per_layer_encoder': [204, 408, 816, 1632], 'neurons_per_layer_decoder': [1632]}",204,[1632],"[204, 408, 816, 1632]",[-0.20863175955187696],0.9457510280792931,COMPLETE
913,-0.08128900462870448,2025-01-10 13:58:36.743161,2025-01-10 13:58:38.335781,0 days 00:00:01.592620,0.17685374390527633,48.0,0.2,28,100.0,0.0004426222308341362,46,0.0002136804069570718,1,1,adam,"{'neurons_per_layer_encoder': [28], 'neurons_per_layer_decoder': [28]}",28,[28],[28],[-0.08128900462870448],0.19533343022445773,COMPLETE
914,-0.0453740533195266,2025-01-10 13:58:37.068557,2025-01-10 13:58:39.019155,0 days 00:00:01.950598,0.19852522379812523,48.0,0.2,72,100.0,0.0004344377374060075,127,0.0002620383381841479,1,1,adam,"{'neurons_per_layer_encoder': [72], 'neurons_per_layer_decoder': [72]}",72,[72],[72],[-0.0453740533195266],0.19930200402000506,COMPLETE
915,0.09514981444770831,2025-01-10 13:58:37.609128,2025-01-10 13:58:39.727227,0 days 00:00:02.118099,0.19650007083958088,48.0,0.2,56,100.0,0.000418519433225615,109,0.00026541952023821603,1,1,adam,"{'neurons_per_layer_encoder': [56], 'neurons_per_layer_decoder': [56]}",56,[56],[56],[0.09514981444770831],0.27112320121301337,COMPLETE
916,0.10507166997977069,2025-01-10 13:58:38.361564,2025-01-10 13:58:42.719909,0 days 00:00:04.358345,0.19515818554848205,48.0,0.2,76,100.0,0.0004440111993259335,131,0.0002717087503100073,1,1,adam,"{'neurons_per_layer_encoder': [76], 'neurons_per_layer_decoder': [76]}",76,[76],[76],[0.10507166997977069],0.29147033433548486,COMPLETE
917,0.23659043363852383,2025-01-10 13:58:39.034854,2025-01-10 13:58:45.688474,0 days 00:00:06.653620,0.19228147138066204,48.0,0.2,64,100.0,0.0006538569841541606,984,3.19265283191491e-05,1,4,adam,"{'neurons_per_layer_encoder': [64, 128, 256, 512], 'neurons_per_layer_decoder': [512]}",64,[512],"[64, 128, 256, 512]",[0.23659043363852383],0.9444467877157056,COMPLETE
918,-0.18585465394698275,2025-01-10 13:58:39.742005,2025-01-10 13:58:46.328202,0 days 00:00:06.586197,0.19213854148909246,48.0,0.2,80,100.0,0.0006713409755031084,1320,0.0003389635983827577,1,4,adam,"{'neurons_per_layer_encoder': [80, 160, 320, 640], 'neurons_per_layer_decoder': [640]}",80,[640],"[80, 160, 320, 640]",[-0.18585465394698275],0.9152001738719345,COMPLETE
919,0.19839207191503727,2025-01-10 13:58:41.338763,2025-01-10 13:58:45.598740,0 days 00:00:04.259977,0.19107030020993246,48.0,0.2,76,100.0,0.0006514518913595533,131,0.0003546796387634663,1,1,adam,"{'neurons_per_layer_encoder': [76], 'neurons_per_layer_decoder': [76]}",76,[76],[76],[0.19839207191503727],0.4213445955869509,COMPLETE
920,0.2464440886221958,2025-01-10 13:58:42.731891,2025-01-10 13:58:46.431574,0 days 00:00:03.699683,0.19810370677368383,48.0,0.2,64,100.0,0.0006483302441048041,118,0.00035424808965799017,1,1,adam,"{'neurons_per_layer_encoder': [64], 'neurons_per_layer_decoder': [64]}",64,[64],[64],[0.2464440886221958],0.4603295603246389,COMPLETE
921,0.2184949768807345,2025-01-10 13:58:45.424216,2025-01-10 13:58:48.050127,0 days 00:00:02.625911,0.19901808838470292,48.0,0.2,80,100.0,0.0006538383560801028,120,0.00036010437130753017,1,1,adam,"{'neurons_per_layer_encoder': [80], 'neurons_per_layer_decoder': [80]}",80,[80],[80],[0.2184949768807345],0.47333549663543284,COMPLETE
922,-0.03232282977994272,2025-01-10 13:58:45.611599,2025-01-10 13:58:47.091677,0 days 00:00:01.480078,0.19955514622026285,48.0,0.2,84,100.0,0.0006251746010818019,140,0.00018542464049835344,1,1,adam,"{'neurons_per_layer_encoder': [84], 'neurons_per_layer_decoder': [84]}",84,[84],[84],[-0.03232282977994272],0.4895029847460516,COMPLETE
923,0.23605741091637655,2025-01-10 13:58:45.702121,2025-01-10 13:58:48.670084,0 days 00:00:02.967963,0.14913087737646713,48.0,0.2,88,100.0,0.0005359615359717849,216,0.0001885479393350383,1,2,adam,"{'neurons_per_layer_encoder': [88, 176], 'neurons_per_layer_decoder': [176]}",88,[176],"[88, 176]",[0.23605741091637655],0.7489456181386959,COMPLETE
924,0.20676140357778372,2025-01-10 13:58:46.339518,2025-01-10 13:58:49.274041,0 days 00:00:02.934523,0.1999246079657434,48.0,0.2,84,100.0,0.0005320477220791133,192,0.00018115926820709642,1,2,adam,"{'neurons_per_layer_encoder': [84, 168], 'neurons_per_layer_decoder': [168]}",84,[168],"[84, 168]",[0.20676140357778372],0.7266961321511846,COMPLETE
