number,value,datetime_start,datetime_complete,duration,params_alpha,params_batch_size,params_drop_out_rate,params_encoder_neurons_layer_1,params_epochs,params_lambda,params_latent_dim,params_learning_rate,params_num_layers_decoder,params_num_layers_encoder,params_optimizer,user_attrs_encoder_decoder_config,user_attrs_first_layer_neurons,user_attrs_neurons_per_layer_decoder,user_attrs_neurons_per_layer_encoder,user_attrs_r2_feature_1,user_attrs_relative_deterioration,state
360,0.13470083834212354,2025-01-10 13:45:18.890285,2025-01-10 13:45:21.728097,0 days 00:00:02.837812,0.16819109391976808,40.0,0.2,172,100.0,0.0003433367128217763,324,0.000522976434344398,1,1,adam,"{'neurons_per_layer_encoder': [172], 'neurons_per_layer_decoder': [172]}",172,[172],[172],[0.13470083834212354],0.38341245734269624,COMPLETE
361,0.19238069957932735,2025-01-10 13:45:19.359518,2025-01-10 13:45:22.024204,0 days 00:00:02.664686,0.1661912292247749,40.0,0.2,148,100.0,0.00033613307195397453,332,0.0004267518825246422,1,1,adam,"{'neurons_per_layer_encoder': [148], 'neurons_per_layer_decoder': [148]}",148,[148],[148],[0.19238069957932735],0.41126778734958847,COMPLETE
362,0.14459322126193264,2025-01-10 13:45:20.909514,2025-01-10 13:45:23.482172,0 days 00:00:02.572658,0.19994848487948302,40.0,0.2,152,100.0,0.0006976053236463604,320,0.0004076848071594285,1,1,adam,"{'neurons_per_layer_encoder': [152], 'neurons_per_layer_decoder': [152]}",152,[152],[152],[0.14459322126193264],0.6142873989735639,COMPLETE
363,-0.3037921422254195,2025-01-10 13:45:21.158445,2025-01-10 13:45:22.687748,0 days 00:00:01.529303,0.17185850572932046,48.0,0.2,168,100.0,0.00033583926899868666,336,1.088644537314529e-05,1,1,adam,"{'neurons_per_layer_encoder': [168], 'neurons_per_layer_decoder': [168]}",168,[168],[168],[-0.3037921422254195],0.5224451770965446,COMPLETE
364,0.2834359639668861,2025-01-10 13:45:21.285936,2025-01-10 13:45:23.888434,0 days 00:00:02.602498,0.16520327381500602,48.0,0.2,148,100.0,0.00033392585973211167,316,0.0001871783534513371,1,1,adam,"{'neurons_per_layer_encoder': [148], 'neurons_per_layer_decoder': [148]}",148,[148],[148],[0.2834359639668861],0.5401402806965967,COMPLETE
365,-0.15654539423573222,2025-01-10 13:45:21.737982,2025-01-10 13:45:22.787388,0 days 00:00:01.049406,0.1651187305359176,48.0,0.2,148,100.0,0.0006742178726712126,316,0.00018435653789013924,1,1,sgd,"{'neurons_per_layer_encoder': [148], 'neurons_per_layer_decoder': [148]}",148,[148],[148],[-0.15654539423573222],0.6900994781659471,COMPLETE
366,-0.06882118194936804,2025-01-10 13:45:22.034282,2025-01-10 13:45:23.040813,0 days 00:00:01.006531,0.08382262684996115,48.0,0.2,164,100.0,0.0007446921813718091,316,0.0002711348863757983,1,1,sgd,"{'neurons_per_layer_encoder': [164], 'neurons_per_layer_decoder': [164]}",164,[164],[164],[-0.06882118194936804],0.7269287873417212,COMPLETE
367,0.22149136621073284,2025-01-10 13:45:22.698626,2025-01-10 13:45:25.371471,0 days 00:00:02.672845,0.14846755417672466,32.0,0.2,152,100.0,0.00028901855430427673,320,0.0001848468244529106,1,1,adam,"{'neurons_per_layer_encoder': [152], 'neurons_per_layer_decoder': [152]}",152,[152],[152],[0.22149136621073284],0.38629341994599387,COMPLETE
368,0.20684131237476633,2025-01-10 13:45:22.797831,2025-01-10 13:45:25.424170,0 days 00:00:02.626339,0.09776138946823387,32.0,0.2,180,100.0,0.0003062061378337569,300,0.00027030732931570834,1,1,adam,"{'neurons_per_layer_encoder': [180], 'neurons_per_layer_decoder': [180]}",180,[180],[180],[0.20684131237476633],0.44330559134693687,COMPLETE
369,0.21240019174117808,2025-01-10 13:45:23.050479,2025-01-10 13:45:25.686723,0 days 00:00:02.636244,0.19998673771587946,32.0,0.2,180,100.0,0.0003002413606637942,300,0.000386319504280053,1,1,adam,"{'neurons_per_layer_encoder': [180], 'neurons_per_layer_decoder': [180]}",180,[180],[180],[0.21240019174117808],0.39547759674605665,COMPLETE
370,0.15002482395053918,2025-01-10 13:45:23.492843,2025-01-10 13:45:26.076956,0 days 00:00:02.584113,0.18048579713187501,32.0,0.2,164,100.0,0.00030035562692356746,300,0.00021086700447927416,1,1,adam,"{'neurons_per_layer_encoder': [164], 'neurons_per_layer_decoder': [164]}",164,[164],[164],[0.15002482395053918],0.3875375017001415,COMPLETE
371,0.05407263930638273,2025-01-10 13:45:23.899829,2025-01-10 13:45:26.490128,0 days 00:00:02.590299,0.15121619946143977,32.0,0.2,152,100.0,0.0003722885495089854,320,0.00016985547309025974,1,1,adam,"{'neurons_per_layer_encoder': [152], 'neurons_per_layer_decoder': [152]}",152,[152],[152],[0.05407263930638273],0.4161488445983704,COMPLETE
372,0.24699727994824983,2025-01-10 13:45:25.382010,2025-01-10 13:45:28.179635,0 days 00:00:02.797625,0.1790515556393988,48.0,0.2,180,100.0,0.00036255271101936695,300,0.00016071889499746447,1,1,adam,"{'neurons_per_layer_encoder': [180], 'neurons_per_layer_decoder': [180]}",180,[180],[180],[0.24699727994824983],0.5728237030160763,COMPLETE
373,0.17190171459156034,2025-01-10 13:45:25.440237,2025-01-10 13:45:28.095846,0 days 00:00:02.655609,0.18022556384136096,48.0,0.2,164,100.0,0.0005572745072686131,332,0.00016867579791124437,1,1,adam,"{'neurons_per_layer_encoder': [164], 'neurons_per_layer_decoder': [164]}",164,[164],[164],[0.17190171459156034],0.6575243923021243,COMPLETE
374,0.1519268757807063,2025-01-10 13:45:25.697561,2025-01-10 13:45:28.361050,0 days 00:00:02.663489,0.18259699673867294,48.0,0.2,164,100.0,0.00036917373795772714,332,0.00020083887062158018,1,1,adam,"{'neurons_per_layer_encoder': [164], 'neurons_per_layer_decoder': [164]}",164,[164],[164],[0.1519268757807063],0.5265550752365145,COMPLETE
375,0.144697261621206,2025-01-10 13:45:26.087052,2025-01-10 13:45:28.743524,0 days 00:00:02.656472,0.18174334945828985,48.0,0.2,164,100.0,0.00038098546877216933,332,0.00015552294751176423,1,1,adam,"{'neurons_per_layer_encoder': [164], 'neurons_per_layer_decoder': [164]}",164,[164],[164],[0.144697261621206],0.5184359170388556,COMPLETE
376,0.2502740505196378,2025-01-10 13:45:26.500927,2025-01-10 13:45:29.179904,0 days 00:00:02.678977,0.1812546171163315,48.0,0.2,164,100.0,0.0005291656437514086,332,0.00020746954505467826,1,1,adam,"{'neurons_per_layer_encoder': [164], 'neurons_per_layer_decoder': [164]}",164,[164],[164],[0.2502740505196378],0.6584714905394089,COMPLETE
377,0.20354957961307185,2025-01-10 13:45:28.107258,2025-01-10 13:45:30.844985,0 days 00:00:02.737727,0.18796198890607707,40.0,0.2,168,100.0,0.0005200350771424837,336,0.0002614138792816944,1,1,adam,"{'neurons_per_layer_encoder': [168], 'neurons_per_layer_decoder': [168]}",168,[168],[168],[0.20354957961307185],0.6165780273234589,COMPLETE
378,0.21281545410048863,2025-01-10 13:45:28.191634,2025-01-10 13:45:31.019965,0 days 00:00:02.828331,0.18907351881633386,48.0,0.2,168,100.0,0.0003623764445544155,336,0.00011404520066968138,1,1,adam,"{'neurons_per_layer_encoder': [168], 'neurons_per_layer_decoder': [168]}",168,[168],[168],[0.21281545410048863],0.5474043682412828,COMPLETE
379,0.23857291328520913,2025-01-10 13:45:28.372300,2025-01-10 13:45:31.118415,0 days 00:00:02.746115,0.18959823322881914,48.0,0.2,172,100.0,0.0004261706984547665,324,0.00011405380177507816,1,1,adam,"{'neurons_per_layer_encoder': [172], 'neurons_per_layer_decoder': [172]}",172,[172],[172],[0.23857291328520913],0.6101421564663485,COMPLETE
380,0.18287813877017,2025-01-10 13:45:28.753085,2025-01-10 13:45:31.450164,0 days 00:00:02.697079,0.18986837458417116,40.0,0.2,172,100.0,0.00042910044803445987,324,0.0002216992938664078,1,1,adam,"{'neurons_per_layer_encoder': [172], 'neurons_per_layer_decoder': [172]}",172,[172],[172],[0.18287813877017],0.5565500558190862,COMPLETE
381,0.15054404115153197,2025-01-10 13:45:29.190793,2025-01-10 13:45:31.891658,0 days 00:00:02.700865,0.1614205730628249,48.0,0.2,172,100.0,0.0005072937728106866,324,0.00011551711020678798,1,1,adam,"{'neurons_per_layer_encoder': [172], 'neurons_per_layer_decoder': [172]}",172,[172],[172],[0.15054404115153197],0.6266822793297405,COMPLETE
382,0.19517622189219097,2025-01-10 13:45:30.855897,2025-01-10 13:45:33.539026,0 days 00:00:02.683129,0.1609159681664541,48.0,0.2,172,100.0,0.00043523581104130157,324,0.00015445417350206075,1,1,adam,"{'neurons_per_layer_encoder': [172], 'neurons_per_layer_decoder': [172]}",172,[172],[172],[0.19517622189219097],0.605572321478341,COMPLETE
383,0.2366084470041726,2025-01-10 13:45:31.030786,2025-01-10 13:45:33.837714,0 days 00:00:02.806928,0.15612649607893697,48.0,0.2,180,100.0,0.00015413220864817875,348,0.00012736169836097987,1,1,adam,"{'neurons_per_layer_encoder': [180], 'neurons_per_layer_decoder': [180]}",180,[180],[180],[0.2366084470041726],0.2272719729042232,COMPLETE
384,0.23705470969799103,2025-01-10 13:45:31.129083,2025-01-10 13:45:33.807329,0 days 00:00:02.678246,0.15999521921349802,48.0,0.30000000000000004,180,100.0,0.00045149884247597347,300,0.00012648397775762916,1,1,adam,"{'neurons_per_layer_encoder': [180], 'neurons_per_layer_decoder': [180]}",180,[180],[180],[0.23705470969799103],0.6507304381518997,COMPLETE
385,0.2866299422023578,2025-01-10 13:45:31.460341,2025-01-10 13:45:34.100700,0 days 00:00:02.640359,0.15763532391825535,48.0,0.2,180,100.0,0.0004899706599465783,348,0.00012277834369193023,1,1,adam,"{'neurons_per_layer_encoder': [180], 'neurons_per_layer_decoder': [180]}",180,[180],[180],[0.2866299422023578],0.6966689401780901,COMPLETE
386,0.2202889996964711,2025-01-10 13:45:31.902502,2025-01-10 13:45:34.743694,0 days 00:00:02.841192,0.16866914227874003,48.0,0.2,180,100.0,0.000437283729875515,348,8.251205139863798e-05,1,1,adam,"{'neurons_per_layer_encoder': [180], 'neurons_per_layer_decoder': [180]}",180,[180],[180],[0.2202889996964711],0.6353912906789646,COMPLETE
387,0.20212123467296617,2025-01-10 13:45:33.550496,2025-01-10 13:45:36.175586,0 days 00:00:02.625090,0.1710973881144511,32.0,0.30000000000000004,156,100.0,0.0004530923499539977,324,0.00014157118821677813,1,1,adam,"{'neurons_per_layer_encoder': [156], 'neurons_per_layer_decoder': [156]}",156,[156],[156],[0.20212123467296617],0.608376280108037,COMPLETE
388,0.22433022360519017,2025-01-10 13:45:33.819211,2025-01-10 13:45:36.508417,0 days 00:00:02.689206,0.15639803406793934,48.0,0.30000000000000004,180,100.0,0.0004976842536947042,348,0.0001263665677279856,1,1,adam,"{'neurons_per_layer_encoder': [180], 'neurons_per_layer_decoder': [180]}",180,[180],[180],[0.22433022360519017],0.684935569260104,COMPLETE
389,0.1746243573107269,2025-01-10 13:45:33.854610,2025-01-10 13:45:36.710101,0 days 00:00:02.855491,0.15037247411702212,48.0,0.30000000000000004,156,100.0,0.0005298433831021841,340,9.526084389735192e-05,1,1,adam,"{'neurons_per_layer_encoder': [156], 'neurons_per_layer_decoder': [156]}",156,[156],[156],[0.1746243573107269],0.6653002971618263,COMPLETE
390,-0.05331087928433598,2025-01-10 13:45:34.110287,2025-01-10 13:45:36.700576,0 days 00:00:02.590289,0.15114432750671372,48.0,0.2,156,100.0,0.0005399324527324005,324,0.0001055179333271145,1,1,adadelta,"{'neurons_per_layer_encoder': [156], 'neurons_per_layer_decoder': [156]}",156,[156],[156],[-0.05331087928433598],0.6374668638556297,COMPLETE
391,-0.03744524658767334,2025-01-10 13:45:34.753320,2025-01-10 13:45:37.437892,0 days 00:00:02.684572,0.14872698075170532,48.0,0.30000000000000004,184,100.0,0.0005344912817397947,336,8.96226896653994e-05,1,1,adadelta,"{'neurons_per_layer_encoder': [184], 'neurons_per_layer_decoder': [184]}",184,[184],[184],[-0.03744524658767334],0.7104025101130175,COMPLETE
392,-0.1994005746737706,2025-01-10 13:45:36.186710,2025-01-10 13:45:37.533956,0 days 00:00:01.347246,0.15014574270857375,48.0,0.2,184,100.0,0.0005438411864248219,336,9.83283440400447e-05,1,1,adadelta,"{'neurons_per_layer_encoder': [184], 'neurons_per_layer_decoder': [184]}",184,[184],[184],[-0.1994005746737706],0.6641276850518831,COMPLETE
393,-0.07629264286417703,2025-01-10 13:45:36.518554,2025-01-10 13:45:38.351620,0 days 00:00:01.833066,0.14597120106303185,48.0,0.2,156,100.0,0.0005665672052794724,324,9.549880156022984e-05,1,1,adadelta,"{'neurons_per_layer_encoder': [156], 'neurons_per_layer_decoder': [156]}",156,[156],[156],[-0.07629264286417703],0.6930872420171041,COMPLETE
394,0.26159667131176045,2025-01-10 13:45:36.711570,2025-01-10 13:45:39.558131,0 days 00:00:02.846561,0.16488597845557387,48.0,0.30000000000000004,188,100.0,0.0006012508559672048,340,9.163162317006079e-05,1,1,adam,"{'neurons_per_layer_encoder': [188], 'neurons_per_layer_decoder': [188]}",188,[188],[188],[0.26159667131176045],0.7466930789309557,COMPLETE
395,0.09194625920578603,2025-01-10 13:45:36.723699,2025-01-10 13:45:39.438970,0 days 00:00:02.715271,0.1712069196015591,48.0,0.2,188,100.0,0.000845220734287961,340,8.472526173014834e-05,1,1,adam,"{'neurons_per_layer_encoder': [188], 'neurons_per_layer_decoder': [188]}",188,[188],[188],[0.09194625920578603],0.7575002709277608,COMPLETE
396,0.23397807171561857,2025-01-10 13:45:37.447473,2025-01-10 13:45:40.124634,0 days 00:00:02.677161,0.1648972351340013,32.0,0.2,188,100.0,0.0006187332829760529,340,0.00012762724940309424,1,1,adam,"{'neurons_per_layer_encoder': [188], 'neurons_per_layer_decoder': [188]}",188,[188],[188],[0.23397807171561857],0.7117399138685051,COMPLETE
397,0.10548200531703167,2025-01-10 13:45:37.771153,2025-01-10 13:45:40.245562,0 days 00:00:02.474409,0.16342319246910617,72.0,0.30000000000000004,160,100.0,0.0006526617115058545,312,0.00012925636161194312,1,1,adam,"{'neurons_per_layer_encoder': [160], 'neurons_per_layer_decoder': [160]}",160,[160],[160],[0.10548200531703167],0.6704362523283902,COMPLETE
398,0.2175651156120385,2025-01-10 13:45:38.361901,2025-01-10 13:45:41.058512,0 days 00:00:02.696611,0.1709645420717561,32.0,0.2,176,100.0,0.0006475175428199119,344,0.00012094334356218781,1,1,adam,"{'neurons_per_layer_encoder': [176], 'neurons_per_layer_decoder': [176]}",176,[176],[176],[0.2175651156120385],0.7106766485334021,COMPLETE
399,0.24885129423506036,2025-01-10 13:45:39.448756,2025-01-10 13:45:42.190214,0 days 00:00:02.741458,0.16333159498836655,32.0,0.30000000000000004,176,100.0,0.0006460543074114289,296,0.00012033267492153813,1,1,adam,"{'neurons_per_layer_encoder': [176], 'neurons_per_layer_decoder': [176]}",176,[176],[176],[0.24885129423506036],0.7305425387743992,COMPLETE
400,0.1426081017328238,2025-01-10 13:45:39.568249,2025-01-10 13:45:42.261554,0 days 00:00:02.693305,0.1672049882382555,32.0,0.2,168,100.0,0.0006777634352744705,352,6.389480520353992e-05,1,1,adam,"{'neurons_per_layer_encoder': [168], 'neurons_per_layer_decoder': [168]}",168,[168],[168],[0.1426081017328238],0.7098299383784031,COMPLETE
401,0.08489188250400381,2025-01-10 13:45:40.134206,2025-01-10 13:45:42.741606,0 days 00:00:02.607400,0.17693307990674687,72.0,0.30000000000000004,176,100.0,0.0006545176637964561,344,6.337857604932922e-05,1,1,adam,"{'neurons_per_layer_encoder': [176], 'neurons_per_layer_decoder': [176]}",176,[176],[176],[0.08489188250400381],0.7263715430814015,COMPLETE
402,0.14978468498488073,2025-01-10 13:45:40.256629,2025-01-10 13:45:42.928646,0 days 00:00:02.672017,0.1751950482361242,32.0,0.2,168,100.0,0.0006879922883634076,352,0.00010695785246204496,1,1,adam,"{'neurons_per_layer_encoder': [168], 'neurons_per_layer_decoder': [168]}",168,[168],[168],[0.14978468498488073],0.7075223333292706,COMPLETE
403,0.23840415083697675,2025-01-10 13:45:41.069467,2025-01-10 13:45:43.739252,0 days 00:00:02.669785,0.1755047233102684,32.0,0.2,168,100.0,0.00043128671217371905,352,0.00010382192215938274,1,1,adam,"{'neurons_per_layer_encoder': [168], 'neurons_per_layer_decoder': [168]}",168,[168],[168],[0.23840415083697675],0.624623279362218,COMPLETE
404,0.13908083677458016,2025-01-10 13:45:42.200161,2025-01-10 13:45:44.869557,0 days 00:00:02.669396,0.17687101044191206,32.0,0.30000000000000004,168,100.0,0.000854654810100446,352,8.131044426917759e-05,1,1,adam,"{'neurons_per_layer_encoder': [168], 'neurons_per_layer_decoder': [168]}",168,[168],[168],[0.13908083677458016],0.7649660582575459,COMPLETE
405,0.049006558309333204,2025-01-10 13:45:42.271094,2025-01-10 13:45:44.915416,0 days 00:00:02.644322,0.17278665311925712,32.0,0.30000000000000004,172,100.0,0.00048640074487488666,340,0.00010775839219048586,1,1,adam,"{'neurons_per_layer_encoder': [172], 'neurons_per_layer_decoder': [172]}",172,[172],[172],[0.049006558309333204],0.5830823005990802,COMPLETE
406,-0.10598212964265974,2025-01-10 13:45:42.751254,2025-01-10 13:45:44.216871,0 days 00:00:01.465617,0.17771846757918877,32.0,0.2,168,100.0,0.0008147896774514847,336,7.091032134577273e-05,1,1,adam,"{'neurons_per_layer_encoder': [168], 'neurons_per_layer_decoder': [168]}",168,[168],[168],[-0.10598212964265974],0.6999407960886326,COMPLETE
407,0.20343741507915714,2025-01-10 13:45:42.938411,2025-01-10 13:45:45.552426,0 days 00:00:02.614015,0.15799772325644248,32.0,0.2,164,100.0,0.0008193337688604031,300,0.00014161040372003187,1,1,adam,"{'neurons_per_layer_encoder': [164], 'neurons_per_layer_decoder': [164]}",164,[164],[164],[0.20343741507915714],0.7352250683386167,COMPLETE
408,0.21123094003228904,2025-01-10 13:45:43.750011,2025-01-10 13:45:46.393772,0 days 00:00:02.643761,0.15693587126781078,32.0,0.30000000000000004,164,100.0,0.0008354027468132207,300,0.00014397182948227996,1,1,adam,"{'neurons_per_layer_encoder': [164], 'neurons_per_layer_decoder': [164]}",164,[164],[164],[0.21123094003228904],0.7521889475014463,COMPLETE
409,0.04630274821239744,2025-01-10 13:45:44.225803,2025-01-10 13:45:46.905281,0 days 00:00:02.679478,0.1553633461908309,56.0,0.30000000000000004,148,100.0,0.0004828691625317288,332,0.00014617003481502425,1,1,adam,"{'neurons_per_layer_encoder': [148], 'neurons_per_layer_decoder': [148]}",148,[148],[148],[0.04630274821239744],0.5848048987427065,COMPLETE
410,0.11348989280906929,2025-01-10 13:45:44.879775,2025-01-10 13:45:48.222144,0 days 00:00:03.342369,0.15723023030133967,56.0,0.30000000000000004,148,100.0,0.00047833895726728706,332,0.00018822517505130595,2,1,adam,"{'neurons_per_layer_encoder': [148], 'neurons_per_layer_decoder': [148, 74]}",148,"[148, 74]",[148],[0.11348989280906929],0.7164278803706636,COMPLETE
411,-0.5525135443045264,2025-01-10 13:45:44.928518,2025-01-10 13:45:51.964459,0 days 00:00:07.035941,0.15816100195687327,56.0,0.30000000000000004,160,100.0,0.0006013971677832534,2072,0.00016758228369640894,2,4,adam,"{'neurons_per_layer_encoder': [160, 320, 640, 1280], 'neurons_per_layer_decoder': [1280, 640]}",160,"[1280, 640]","[160, 320, 640, 1280]",[-0.5525135443045264],0.9583425179132932,COMPLETE
412,0.1268017523419731,2025-01-10 13:45:45.562064,2025-01-10 13:45:48.832575,0 days 00:00:03.270511,0.15775963456952732,56.0,0.30000000000000004,148,100.0,0.000497812052157089,332,0.00016356305195541648,1,1,adam,"{'neurons_per_layer_encoder': [148], 'neurons_per_layer_decoder': [148]}",148,[148],[148],[0.1268017523419731],0.6207008264270814,COMPLETE
413,0.11364633550055048,2025-01-10 13:45:46.404730,2025-01-10 13:45:49.925699,0 days 00:00:03.520969,0.14114024804597475,56.0,0.30000000000000004,148,100.0,0.0006000713565807828,332,0.0001866904297068666,1,1,adam,"{'neurons_per_layer_encoder': [148], 'neurons_per_layer_decoder': [148]}",148,[148],[148],[0.11364633550055048],0.6649441668809238,COMPLETE
414,-0.07657768785309105,2025-01-10 13:45:46.916937,2025-01-10 13:45:48.453881,0 days 00:00:01.536944,0.1411990531061734,48.0,0.30000000000000004,160,100.0,0.0005884203733900127,312,0.00017321489690270612,1,1,sgd,"{'neurons_per_layer_encoder': [160], 'neurons_per_layer_decoder': [160]}",160,[160],[160],[-0.07657768785309105],0.6619265695196943,COMPLETE
415,-0.16497472506892907,2025-01-10 13:45:48.236312,2025-01-10 13:45:51.666351,0 days 00:00:03.430039,0.14112574897828972,48.0,0.2,184,100.0,0.000577781367355661,376,0.0002069230104094359,1,2,sgd,"{'neurons_per_layer_encoder': [184, 368], 'neurons_per_layer_decoder': [368]}",184,[368],"[184, 368]",[-0.16497472506892907],0.8392820478956325,COMPLETE
416,0.09943360338674745,2025-01-10 13:45:48.467255,2025-01-10 13:45:52.252283,0 days 00:00:03.785028,0.18637080705299533,48.0,0.2,184,100.0,0.0004106897592622831,336,0.0001935890088374324,1,1,adam,"{'neurons_per_layer_encoder': [184], 'neurons_per_layer_decoder': [184]}",184,[184],[184],[0.09943360338674745],0.5370506513428375,COMPLETE
417,-0.6414880372500822,2025-01-10 13:45:48.842908,2025-01-10 13:45:55.676749,0 days 00:00:06.833841,0.18764243929109642,48.0,0.2,188,100.0,0.0004131873776669904,1528,0.0001990406082874932,1,4,adam,"{'neurons_per_layer_encoder': [188, 376, 752, 1504], 'neurons_per_layer_decoder': [1504]}",188,[1504],"[188, 376, 752, 1504]",[-0.6414880372500822],0.916026554505528,COMPLETE
418,0.16955907587984198,2025-01-10 13:45:49.939114,2025-01-10 13:45:53.726615,0 days 00:00:03.787501,0.18667577764479276,48.0,0.2,188,100.0,0.00039656728041331547,324,0.00022848424793990387,1,1,adam,"{'neurons_per_layer_encoder': [188], 'neurons_per_layer_decoder': [188]}",188,[188],[188],[0.16955907587984198],0.5569947560563618,COMPLETE
419,0.17459066343781338,2025-01-10 13:45:51.687504,2025-01-10 13:45:55.169119,0 days 00:00:03.481615,0.18699324014840008,48.0,0.2,192,100.0,0.0003955579450917563,296,0.00022898254640254335,1,1,adam,"{'neurons_per_layer_encoder': [192], 'neurons_per_layer_decoder': [192]}",192,[192],[192],[0.17459066343781338],0.5533744486050427,COMPLETE
420,0.31577039926128203,2025-01-10 13:45:51.978193,2025-01-10 13:45:55.343567,0 days 00:00:03.365374,0.06829938641795077,48.0,0.2,192,100.0,0.0003903043713297364,296,0.00022787450152911306,1,1,adam,"{'neurons_per_layer_encoder': [192], 'neurons_per_layer_decoder': [192]}",192,[192],[192],[0.31577039926128203],0.6198387862509992,COMPLETE
421,0.2744914088815452,2025-01-10 13:45:52.265515,2025-01-10 13:45:55.661044,0 days 00:00:03.395529,0.18718685264272283,32.0,0.2,176,100.0,0.00041512989898484384,312,0.0002214110175038998,1,1,adam,"{'neurons_per_layer_encoder': [176], 'neurons_per_layer_decoder': [176]}",176,[176],[176],[0.2744914088815452],0.5935136590002806,COMPLETE
