number,value,datetime_start,datetime_complete,duration,params_alpha,params_batch_size,params_drop_out_rate,params_encoder_neurons_layer_1,params_epochs,params_lambda,params_latent_dim,params_learning_rate,params_num_layers_decoder,params_num_layers_encoder,params_optimizer,user_attrs_encoder_decoder_config,user_attrs_first_layer_neurons,user_attrs_neurons_per_layer_decoder,user_attrs_neurons_per_layer_encoder,user_attrs_r2_feature_1,user_attrs_relative_deterioration,state
1300,-0.1065793244323554,2025-01-10 14:03:02.442637,2025-01-10 14:03:04.080142,0 days 00:00:01.637505,0.0644892959660307,48.0,0.2,12,100.0,3.644616545686619e-05,29,0.0003869674300755267,1,1,adam,"{'neurons_per_layer_encoder': [12], 'neurons_per_layer_decoder': [12]}",12,[12],[12],[-0.1065793244323554],-0.38512800164391287,COMPLETE
1301,-0.10620898924867817,2025-01-10 14:03:02.835364,2025-01-10 14:03:04.203109,0 days 00:00:01.367745,0.15015559022663003,64.0,0.2,100,100.0,1.1704399059392419e-05,220,0.0003959958328657389,1,1,adam,"{'neurons_per_layer_encoder': [100], 'neurons_per_layer_decoder': [100]}",100,[100],[100],[-0.10620898924867817],-1.1007640034969213,COMPLETE
1302,0.2663471734416336,2025-01-10 14:03:03.026172,2025-01-10 14:03:05.626583,0 days 00:00:02.600411,0.13559783081529414,40.0,0.2,92,100.0,0.00025149628528091145,196,0.0007946629303242746,1,1,adam,"{'neurons_per_layer_encoder': [92], 'neurons_per_layer_decoder': [92]}",92,[92],[92],[0.2663471734416336],0.06422766400816747,COMPLETE
1303,0.13355246699253065,2025-01-10 14:03:03.092049,2025-01-10 14:03:05.764890,0 days 00:00:02.672841,0.1999534257038824,40.0,0.2,196,100.0,0.0005971365492975805,268,0.0003836344672370646,1,1,adam,"{'neurons_per_layer_encoder': [196], 'neurons_per_layer_decoder': [196]}",196,[196],[196],[0.13355246699253065],0.6031372704740836,COMPLETE
1304,0.12092684642219598,2025-01-10 14:03:04.024621,2025-01-10 14:03:06.560754,0 days 00:00:02.536133,0.14134365182879544,40.0,0.2,92,100.0,0.0006171770518195392,196,0.00021982106341407036,1,1,adam,"{'neurons_per_layer_encoder': [92], 'neurons_per_layer_decoder': [92]}",92,[92],[92],[0.12092684642219598],0.46531381791450876,COMPLETE
1305,0.1875206889346943,2025-01-10 14:03:04.093149,2025-01-10 14:03:06.637787,0 days 00:00:02.544638,0.1790157040263411,40.0,0.2,80,100.0,0.0006064123276735996,184,0.00026894987073840834,1,1,adam,"{'neurons_per_layer_encoder': [80], 'neurons_per_layer_decoder': [80]}",80,[80],[80],[0.1875206889346943],0.4860606826244358,COMPLETE
1306,0.2399454658897865,2025-01-10 14:03:04.218469,2025-01-10 14:03:06.763356,0 days 00:00:02.544887,0.1776746635644616,40.0,0.2,80,100.0,0.00028152495723663285,184,0.0007722002182483177,1,1,adam,"{'neurons_per_layer_encoder': [80], 'neurons_per_layer_decoder': [80]}",80,[80],[80],[0.2399454658897865],0.06860399369949914,COMPLETE
1307,0.21786745370890204,2025-01-10 14:03:05.637874,2025-01-10 14:03:08.165833,0 days 00:00:02.527959,0.17638172639067748,40.0,0.4,80,100.0,0.000163226619352045,184,0.00021760609266390448,1,1,adam,"{'neurons_per_layer_encoder': [80], 'neurons_per_layer_decoder': [80]}",80,[80],[80],[0.21786745370890204],0.16688283627213205,COMPLETE
1308,0.2086359680092813,2025-01-10 14:03:05.776784,2025-01-10 14:03:08.283252,0 days 00:00:02.506468,0.17788662560869337,40.0,0.2,48,100.0,0.0004939817649461149,100,0.0002184598977686546,1,1,adam,"{'neurons_per_layer_encoder': [48], 'neurons_per_layer_decoder': [48]}",48,[48],[48],[0.2086359680092813],0.2731917228934691,COMPLETE
1309,0.11491529584687399,2025-01-10 14:03:06.571728,2025-01-10 14:03:09.045130,0 days 00:00:02.473402,0.17773694810358479,48.0,0.2,48,100.0,0.0005078898569008473,100,0.0002699291390700434,1,1,adam,"{'neurons_per_layer_encoder': [48], 'neurons_per_layer_decoder': [48]}",48,[48],[48],[0.11491529584687399],0.20110613587966952,COMPLETE
1310,-0.09553910038386815,2025-01-10 14:03:06.659694,2025-01-10 14:03:08.100561,0 days 00:00:01.440867,0.1768326650712551,48.0,0.2,48,100.0,0.0004894927313341351,100,0.00022942665508431185,1,1,adam,"{'neurons_per_layer_encoder': [48], 'neurons_per_layer_decoder': [48]}",48,[48],[48],[-0.09553910038386815],0.23633620407237685,COMPLETE
1311,0.19122151394316766,2025-01-10 14:03:06.779160,2025-01-10 14:03:09.981161,0 days 00:00:03.202001,0.17738540248169005,48.0,0.2,48,100.0,0.000480460852889742,216,0.00021214444806977014,1,3,adam,"{'neurons_per_layer_encoder': [48, 96, 192], 'neurons_per_layer_decoder': [192]}",48,[192],"[48, 96, 192]",[0.19122151394316766],0.7641816087792462,COMPLETE
1312,0.12275771911970379,2025-01-10 14:03:08.110691,2025-01-10 14:03:10.741271,0 days 00:00:02.630580,0.01403021444836186,48.0,0.4,56,100.0,1.3231454839692373e-05,109,0.000270771300079422,1,1,adam,"{'neurons_per_layer_encoder': [56], 'neurons_per_layer_decoder': [56]}",56,[56],[56],[0.12275771911970379],-0.32995998504329677,COMPLETE
1313,0.1218253078976077,2025-01-10 14:03:08.179248,2025-01-10 14:03:11.495474,0 days 00:00:03.316226,0.15724624390356579,56.0,0.2,56,100.0,0.0003931601121204369,264,0.0002769645890409878,1,3,adam,"{'neurons_per_layer_encoder': [56, 112, 224], 'neurons_per_layer_decoder': [224]}",56,[224],"[56, 112, 224]",[0.1218253078976077],0.7528149106484837,COMPLETE
1314,-0.0834514716934791,2025-01-10 14:03:08.294663,2025-01-10 14:03:10.837413,0 days 00:00:02.542750,0.15587948457154047,56.0,0.2,56,100.0,0.00037292485692901674,109,0.000271582116595321,1,1,adam,"{'neurons_per_layer_encoder': [56], 'neurons_per_layer_decoder': [56]}",56,[56],[56],[-0.0834514716934791],-0.008510153786289833,COMPLETE
1315,0.12403127235479072,2025-01-10 14:03:09.056739,2025-01-10 14:03:11.695430,0 days 00:00:02.638691,0.15362077078897393,56.0,0.2,56,100.0,0.00038169209235705065,109,0.00032461835959393177,1,1,adam,"{'neurons_per_layer_encoder': [56], 'neurons_per_layer_decoder': [56]}",56,[56],[56],[0.12403127235479072],0.19910128579248482,COMPLETE
1316,0.12045905010002289,2025-01-10 14:03:09.993889,2025-01-10 14:03:12.598151,0 days 00:00:02.604262,0.15670038157579005,56.0,0.2,56,100.0,0.00036783311448145207,109,0.0003229150826354141,1,1,adam,"{'neurons_per_layer_encoder': [56], 'neurons_per_layer_decoder': [56]}",56,[56],[56],[0.12045905010002289],0.1224878874224155,COMPLETE
1317,-0.20081991011766687,2025-01-10 14:03:10.752883,2025-01-10 14:03:12.132533,0 days 00:00:01.379650,0.15562969801641116,56.0,0.2,32,100.0,0.00038478177992785147,67,0.0003269379304667145,1,1,adam,"{'neurons_per_layer_encoder': [32], 'neurons_per_layer_decoder': [32]}",32,[32],[32],[-0.20081991011766687],-0.08935835308223446,COMPLETE
1318,0.24421728118602115,2025-01-10 14:03:10.848977,2025-01-10 14:03:13.672207,0 days 00:00:02.823230,0.16648677065949138,56.0,0.2,32,100.0,0.0006818935573607907,134,0.0003284957957684413,1,2,adam,"{'neurons_per_layer_encoder': [32, 64], 'neurons_per_layer_decoder': [64]}",32,[64],"[32, 64]",[0.24421728118602115],0.6171905169939389,COMPLETE
1319,0.08031668758230281,2025-01-10 14:03:11.507676,2025-01-10 14:03:14.338699,0 days 00:00:02.831023,0.19138827105729123,48.0,0.2,36,100.0,0.000672861507377606,159,0.00033110696523412934,1,2,adam,"{'neurons_per_layer_encoder': [36, 72], 'neurons_per_layer_decoder': [72]}",36,[72],"[36, 72]",[0.08031668758230281],0.5522433679540627,COMPLETE
1320,-0.07696583406239288,2025-01-10 14:03:11.705739,2025-01-10 14:03:12.751150,0 days 00:00:01.045411,0.1904306082710928,48.0,0.2,68,100.0,0.0006843890356311228,256,0.0001730997289488069,1,2,sgd,"{'neurons_per_layer_encoder': [68, 136], 'neurons_per_layer_decoder': [136]}",68,[136],"[68, 136]",[-0.07696583406239288],0.7494675543521476,COMPLETE
1321,-0.03520386390993724,2025-01-10 14:03:12.144118,2025-01-10 14:03:13.427761,0 days 00:00:01.283643,0.19062768064299265,48.0,0.2,68,100.0,0.0006904117359437458,154,0.00016830049488018194,1,1,sgd,"{'neurons_per_layer_encoder': [68], 'neurons_per_layer_decoder': [68]}",68,[68],[68],[-0.03520386390993724],0.4855702935834126,COMPLETE
1322,0.13141106373756928,2025-01-10 14:03:12.610726,2025-01-10 14:03:15.126143,0 days 00:00:02.515417,0.16691862534804516,48.0,0.2,204,100.0,0.00069618778984296,432,0.00048170080239272957,1,2,sgd,"{'neurons_per_layer_encoder': [204, 408], 'neurons_per_layer_decoder': [408]}",204,[408],"[204, 408]",[0.13141106373756928],0.9000726717057524,COMPLETE
1323,0.16580217681930487,2025-01-10 14:03:12.761611,2025-01-10 14:03:15.299894,0 days 00:00:02.538283,0.16719760261551472,48.0,0.2,76,100.0,0.00030647845210191537,163,0.00018165658566300988,1,1,adam,"{'neurons_per_layer_encoder': [76], 'neurons_per_layer_decoder': [76]}",76,[76],[76],[0.16580217681930487],0.17773624989615597,COMPLETE
1324,0.1944979952319268,2025-01-10 14:03:13.684056,2025-01-10 14:03:17.122792,0 days 00:00:03.438736,0.055807210078854856,48.0,0.2,76,100.0,0.0003009120091610655,163,0.0005009361722530058,5,1,adam,"{'neurons_per_layer_encoder': [76], 'neurons_per_layer_decoder': [76, 38, 19, 9, 8]}",76,"[76, 38, 19, 9, 8]",[76],[0.1944979952319268],0.5235745580806934,COMPLETE
1325,0.21395133958085477,2025-01-10 14:03:14.350480,2025-01-10 14:03:16.907281,0 days 00:00:02.556801,0.08304801369298045,48.0,0.2,108,100.0,0.0005621177809463364,212,0.00024707469556554555,1,1,adam,"{'neurons_per_layer_encoder': [108], 'neurons_per_layer_decoder': [108]}",108,[108],[108],[0.21395133958085477],0.5171648961828652,COMPLETE
1326,-0.09767974761875697,2025-01-10 14:03:15.310676,2025-01-10 14:03:17.869547,0 days 00:00:02.558871,0.05664045621563771,32.0,0.2,196,100.0,2.4868419990096584e-05,220,0.0002469720399427703,5,1,adam,"{'neurons_per_layer_encoder': [196], 'neurons_per_layer_decoder': [196, 98, 49, 24, 12]}",196,"[196, 98, 49, 24, 12]",[196],[-0.09767974761875697],-0.36998503186381226,COMPLETE
1327,-0.010935034295651791,2025-01-10 14:03:16.918449,2025-01-10 14:03:20.705072,0 days 00:00:03.786623,0.1391234559587493,32.0,0.2,192,100.0,0.000444723662922225,248,0.005850152814910766,5,1,adam,"{'neurons_per_layer_encoder': [192], 'neurons_per_layer_decoder': [192, 96, 48, 24, 12]}",192,"[192, 96, 48, 24, 12]",[192],[-0.010935034295651791],-0.3937775727608917,COMPLETE
1328,0.08325496356277162,2025-01-10 14:03:17.419200,2025-01-10 14:03:19.798385,0 days 00:00:02.379185,0.13788906556359362,72.0,0.2,192,100.0,0.00045381426265260065,216,0.0002318689440554889,1,1,adam,"{'neurons_per_layer_encoder': [192], 'neurons_per_layer_decoder': [192]}",192,[192],[192],[0.08325496356277162],0.4906554969400748,COMPLETE
1329,0.06288978884979834,2025-01-10 14:03:20.715730,2025-01-10 14:03:22.930511,0 days 00:00:02.214781,0.19936577393289753,48.0,0.2,44,100.0,0.0009905690864166728,80,0.00019568498968178713,1,1,adam,"{'neurons_per_layer_encoder': [44], 'neurons_per_layer_decoder': [44]}",44,[44],[44],[0.06288978884979834],0.37652290587277765,COMPLETE
1330,0.22308554936885583,2025-01-10 14:03:22.939610,2025-01-10 14:03:25.196986,0 days 00:00:02.257376,0.1677352123525623,48.0,0.2,96,100.0,0.0005614158535287515,216,0.0003003433204711498,1,1,adam,"{'neurons_per_layer_encoder': [96], 'neurons_per_layer_decoder': [96]}",96,[96],[96],[0.22308554936885583],0.5184293853138368,COMPLETE
1331,0.3412247651301993,2025-01-10 14:04:57.267418,2025-01-10 14:04:59.818407,0 days 00:00:02.550989,0.04937960980099417,48.0,0.2,64,100.0,0.0005738715677731935,134,0.0006619628807348557,1,1,adam,"{'neurons_per_layer_encoder': [64], 'neurons_per_layer_decoder': [64]}",64,[64],[64],[0.3412247651301993],0.4537658635713286,COMPLETE
1332,0.2313462551169717,2025-01-10 14:04:57.278737,2025-01-10 14:04:59.838267,0 days 00:00:02.559530,0.18540342554980388,48.0,0.2,64,100.0,0.0005757215609691335,134,0.00028602641750767474,1,1,adam,"{'neurons_per_layer_encoder': [64], 'neurons_per_layer_decoder': [64]}",64,[64],[64],[0.2313462551169717],0.41801473454546517,COMPLETE
1333,0.28398569358120285,2025-01-10 14:04:57.294999,2025-01-10 14:04:59.826869,0 days 00:00:02.531870,0.18399979917546955,48.0,0.2,64,100.0,0.0005428359071545334,134,0.00038844485447830733,1,1,adam,"{'neurons_per_layer_encoder': [64], 'neurons_per_layer_decoder': [64]}",64,[64],[64],[0.28398569358120285],0.401089621356818,COMPLETE
1334,0.14360177752674785,2025-01-10 14:04:57.324596,2025-01-10 14:04:59.892360,0 days 00:00:02.567764,0.18800368585365396,48.0,0.2,64,100.0,0.0005716076301838324,134,0.00028142525370362443,1,1,adam,"{'neurons_per_layer_encoder': [64], 'neurons_per_layer_decoder': [64]}",64,[64],[64],[0.14360177752674785],0.2977403245894695,COMPLETE
1335,0.2230562294189541,2025-01-10 14:04:57.372448,2025-01-10 14:04:59.914469,0 days 00:00:02.542021,0.19024860004301994,48.0,0.2,40,100.0,0.0005669569954301698,76,0.00037372552435291573,1,1,adam,"{'neurons_per_layer_encoder': [40], 'neurons_per_layer_decoder': [40]}",40,[40],[40],[0.2230562294189541],0.21942055669945645,COMPLETE
1336,-0.0479608660429276,2025-01-10 14:04:59.833106,2025-01-10 14:05:07.449966,0 days 00:00:07.616860,0.04511559933724163,48.0,0.2,68,100.0,0.0007441208292761083,2296,0.0006769925590851037,1,5,adam,"{'neurons_per_layer_encoder': [68, 136, 272, 544, 1088], 'neurons_per_layer_decoder': [1088]}",68,[1088],"[68, 136, 272, 544, 1088]",[-0.0479608660429276],0.9346528949581916,COMPLETE
1337,0.2376415656462214,2025-01-10 14:04:59.842825,2025-01-10 14:05:03.150556,0 days 00:00:03.307731,0.05773937278929707,48.0,0.2,68,100.0,0.0007541150701814998,138,0.0006649707061072668,1,1,adam,"{'neurons_per_layer_encoder': [68], 'neurons_per_layer_decoder': [68]}",68,[68],[68],[0.2376415656462214],0.44825325881603517,COMPLETE
1338,0.31645855049518046,2025-01-10 14:04:59.854190,2025-01-10 14:05:03.220778,0 days 00:00:03.366588,0.04927345097441704,48.0,0.2,68,100.0,0.0006110415043390865,138,0.001061952104456362,1,1,adam,"{'neurons_per_layer_encoder': [68], 'neurons_per_layer_decoder': [68]}",68,[68],[68],[0.31645855049518046],0.29968148697239294,COMPLETE
1339,-0.1562724203473682,2025-01-10 14:04:59.912742,2025-01-10 14:05:08.341108,0 days 00:00:08.428366,0.05094361751671617,48.0,0.2,68,100.0,0.0008143568848410217,1880,0.000699992030362354,1,5,adam,"{'neurons_per_layer_encoder': [68, 136, 272, 544, 1088], 'neurons_per_layer_decoder': [1088]}",68,[1088],"[68, 136, 272, 544, 1088]",[-0.1562724203473682],0.9329831465368096,COMPLETE
1340,-0.9794952850598289,2025-01-10 14:04:59.944723,2025-01-10 14:05:07.517471,0 days 00:00:07.572748,0.04968721278013722,48.0,0.2,68,100.0,0.0008279333123595921,1112,0.0004947026347360205,1,5,adam,"{'neurons_per_layer_encoder': [68, 136, 272, 544, 1088], 'neurons_per_layer_decoder': [1088]}",68,[1088],"[68, 136, 272, 544, 1088]",[-0.9794952850598289],0.9091250891413823,COMPLETE
1341,0.08737777573392957,2025-01-10 14:05:03.171349,2025-01-10 14:05:11.487680,0 days 00:00:08.316331,0.04863853699425711,48.0,0.2,76,100.0,0.0007759974555863456,1432,0.0006832656151898492,1,5,adam,"{'neurons_per_layer_encoder': [76, 152, 304, 608, 1216], 'neurons_per_layer_decoder': [1216]}",76,[1216],"[76, 152, 304, 608, 1216]",[0.08737777573392957],0.9496398106331309,COMPLETE
1342,0.10956321077183617,2025-01-10 14:05:03.243782,2025-01-10 14:05:07.956762,0 days 00:00:04.712980,0.040095900641174825,48.0,0.2,68,100.0,0.0007296123303024054,138,0.0013079439884695445,1,1,adam,"{'neurons_per_layer_encoder': [68], 'neurons_per_layer_decoder': [68]}",68,[68],[68],[0.10956321077183617],0.1556032914792581,COMPLETE
1343,0.06604764878374614,2025-01-10 14:05:07.468369,2025-01-10 14:05:10.588647,0 days 00:00:03.120278,0.05363606121995458,40.0,0.2,64,100.0,0.000786627571432925,134,0.00082185484925615,1,1,adam,"{'neurons_per_layer_encoder': [64], 'neurons_per_layer_decoder': [64]}",64,[64],[64],[0.06604764878374614],0.28245872527923993,COMPLETE
1344,0.14637969926733074,2025-01-10 14:05:07.539132,2025-01-10 14:05:10.669149,0 days 00:00:03.130017,0.05298348393718585,40.0,0.2,64,100.0,0.0007839778715792824,134,0.0014613222968124975,1,1,adam,"{'neurons_per_layer_encoder': [64], 'neurons_per_layer_decoder': [64]}",64,[64],[64],[0.14637969926733074],0.008686111389251659,COMPLETE
1345,0.26782803224690954,2025-01-10 14:05:07.969686,2025-01-10 14:05:11.032906,0 days 00:00:03.063220,0.046726183332332374,48.0,0.2,60,100.0,0.0006370161930750627,130,0.0007370867868449959,1,1,adam,"{'neurons_per_layer_encoder': [60], 'neurons_per_layer_decoder': [60]}",60,[60],[60],[0.26782803224690954],0.40247284602995553,COMPLETE
1346,0.21340963750892705,2025-01-10 14:05:08.356223,2025-01-10 14:05:11.431915,0 days 00:00:03.075692,0.04888770378411042,40.0,0.2,60,100.0,0.0006424472429404336,130,0.0016766921656109456,1,1,adam,"{'neurons_per_layer_encoder': [60], 'neurons_per_layer_decoder': [60]}",60,[60],[60],[0.21340963750892705],0.04070840150165124,COMPLETE
1347,0.12173480597469966,2025-01-10 14:05:10.602833,2025-01-10 14:05:13.371097,0 days 00:00:02.768264,0.05263406630383963,40.0,0.2,60,100.0,0.0006567449173233127,130,0.0006524794486093055,1,1,adam,"{'neurons_per_layer_encoder': [60], 'neurons_per_layer_decoder': [60]}",60,[60],[60],[0.12173480597469966],0.22393367918397694,COMPLETE
1348,-0.018227595758050885,2025-01-10 14:05:10.682380,2025-01-10 14:05:12.156282,0 days 00:00:01.473902,0.03754404064583489,48.0,0.2,60,100.0,0.0006185666820303862,130,0.0010519847676779604,1,1,adadelta,"{'neurons_per_layer_encoder': [60], 'neurons_per_layer_decoder': [60]}",60,[60],[60],[-0.018227595758050885],0.5144363437325561,COMPLETE
1349,-0.03779326342490208,2025-01-10 14:05:11.045192,2025-01-10 14:05:13.744707,0 days 00:00:02.699515,0.048202573640450906,48.0,0.2,76,100.0,0.0006388994485676496,147,0.0012996272760912142,1,1,adadelta,"{'neurons_per_layer_encoder': [76], 'neurons_per_layer_decoder': [76]}",76,[76],[76],[-0.03779326342490208],0.4613211720051723,COMPLETE
1350,-0.04566573563241616,2025-01-10 14:05:11.442603,2025-01-10 14:05:13.046372,0 days 00:00:01.603769,0.05164585080199431,48.0,0.2,72,100.0,0.0009057967362566052,143,0.0013510752541663362,1,1,adadelta,"{'neurons_per_layer_encoder': [72], 'neurons_per_layer_decoder': [72]}",72,[72],[72],[-0.04566573563241616],0.5726764968154887,COMPLETE
1351,0.09483069821475609,2025-01-10 14:05:11.502415,2025-01-10 14:05:14.068349,0 days 00:00:02.565934,0.04313557371428628,48.0,0.2,72,100.0,0.000625731579243341,143,0.0010216527107632075,1,1,adadelta,"{'neurons_per_layer_encoder': [72], 'neurons_per_layer_decoder': [72]}",72,[72],[72],[0.09483069821475609],0.5220972259130642,COMPLETE
1352,0.17736387089506322,2025-01-10 14:05:12.295386,2025-01-10 14:05:14.814493,0 days 00:00:02.519107,0.1307739073108389,32.0,0.2,72,100.0,0.0009117041575129547,143,0.0010944635301142164,1,1,adam,"{'neurons_per_layer_encoder': [72], 'neurons_per_layer_decoder': [72]}",72,[72],[72],[0.17736387089506322],0.3158551641598198,COMPLETE
1353,0.16005797727690685,2025-01-10 14:05:13.057825,2025-01-10 14:05:15.620638,0 days 00:00:02.562813,0.05440264406931457,40.0,0.1,72,100.0,0.0006206266047808813,143,0.0012664671243254033,1,1,adam,"{'neurons_per_layer_encoder': [72], 'neurons_per_layer_decoder': [72]}",72,[72],[72],[0.16005797727690685],-0.040559672465433565,COMPLETE
1354,-0.08322181478268864,2025-01-10 14:05:13.383577,2025-01-10 14:05:14.905609,0 days 00:00:01.522032,0.04806959924797313,32.0,0.1,24,100.0,0.0006320772424611965,42,0.0008495437199420277,1,1,adam,"{'neurons_per_layer_encoder': [24], 'neurons_per_layer_decoder': [24]}",24,[24],[24],[-0.08322181478268864],-0.09410660650574007,COMPLETE
1355,0.0778475336569493,2025-01-10 14:05:13.756378,2025-01-10 14:05:16.372653,0 days 00:00:02.616275,0.04395890146799554,32.0,0.2,212,100.0,0.0006322311992485695,236,0.0012118737484756099,1,1,adam,"{'neurons_per_layer_encoder': [212], 'neurons_per_layer_decoder': [212]}",212,[212],[212],[0.0778475336569493],0.23360195412609908,COMPLETE
1356,-0.054574590292672864,2025-01-10 14:05:14.206572,2025-01-10 14:05:15.580480,0 days 00:00:01.373908,0.05307768581177344,32.0,0.2,24,100.0,0.0006138490254113782,42,0.000895521071645577,1,1,adam,"{'neurons_per_layer_encoder': [24], 'neurons_per_layer_decoder': [24]}",24,[24],[24],[-0.054574590292672864],-0.1196476706036829,COMPLETE
1357,0.2296251733991348,2025-01-10 14:05:14.825764,2025-01-10 14:05:17.380321,0 days 00:00:02.554557,0.04554451569100441,48.0,0.2,84,100.0,0.000704962386981872,140,0.0006159087822058834,1,1,adam,"{'neurons_per_layer_encoder': [84], 'neurons_per_layer_decoder': [84]}",84,[84],[84],[0.2296251733991348],0.44836490068510737,COMPLETE
1358,0.1675888361078215,2025-01-10 14:05:14.916126,2025-01-10 14:05:17.465534,0 days 00:00:02.549408,0.045025894194149145,48.0,0.2,100,100.0,0.000717782784674906,140,0.001225442351331542,1,1,adam,"{'neurons_per_layer_encoder': [100], 'neurons_per_layer_decoder': [100]}",100,[100],[100],[0.1675888361078215],0.36702600017156806,COMPLETE
1359,0.20352326302718504,2025-01-10 14:05:15.591655,2025-01-10 14:05:18.127867,0 days 00:00:02.536212,0.050660639390782594,48.0,0.2,84,100.0,0.000711966404265624,140,0.0017048380557494799,1,1,adam,"{'neurons_per_layer_encoder': [84], 'neurons_per_layer_decoder': [84]}",84,[84],[84],[0.20352326302718504],0.23285122707066006,COMPLETE
1360,0.22036062497500075,2025-01-10 14:05:15.634045,2025-01-10 14:05:18.261706,0 days 00:00:02.627661,0.0430128116816888,48.0,0.2,100,100.0,0.0005309860814193294,140,0.0009092506845966257,1,1,adam,"{'neurons_per_layer_encoder': [100], 'neurons_per_layer_decoder': [100]}",100,[100],[100],[0.22036062497500075],0.36433234019768246,COMPLETE
1361,0.08884462398915516,2025-01-10 14:05:16.384392,2025-01-10 14:05:18.953188,0 days 00:00:02.568796,0.045459770654244835,48.0,0.2,100,100.0,0.0007504752912473011,140,0.0008644229173251808,1,1,adam,"{'neurons_per_layer_encoder': [100], 'neurons_per_layer_decoder': [100]}",100,[100],[100],[0.08884462398915516],0.37527373844886996,COMPLETE
1362,0.16843915170257395,2025-01-10 14:05:17.392124,2025-01-10 14:05:19.894701,0 days 00:00:02.502577,0.05548185476482831,48.0,0.2,92,100.0,6.281147857408208e-05,212,0.0016503780815916968,1,1,adam,"{'neurons_per_layer_encoder': [92], 'neurons_per_layer_decoder': [92]}",92,[92],[92],[0.16843915170257395],-0.7850841609546999,COMPLETE
