number,value,datetime_start,datetime_complete,duration,params_alpha,params_batch_size,params_drop_out_rate,params_encoder_neurons_layer_1,params_epochs,params_lambda,params_latent_dim,params_learning_rate,params_num_layers_decoder,params_num_layers_encoder,params_optimizer,user_attrs_encoder_decoder_config,user_attrs_first_layer_neurons,user_attrs_neurons_per_layer_decoder,user_attrs_neurons_per_layer_encoder,user_attrs_r2_feature_1,user_attrs_relative_deterioration,state
1549,0.4026190017938448,2025-01-10 14:07:32.062054,2025-01-10 14:07:35.104451,0 days 00:00:03.042397,0.04863426264716247,32.0,0.2,52,100.0,5.397404477766781e-05,240,0.0016945149800052118,1,2,adam,"{'neurons_per_layer_encoder': [52, 104], 'neurons_per_layer_decoder': [104]}",52,[104],"[52, 104]",[0.4026190017938448],-0.22949227049218054,COMPLETE
1550,0.1175691842330292,2025-01-10 14:07:32.409976,2025-01-10 14:07:34.691081,0 days 00:00:02.281105,0.04876516205506881,32.0,0.2,56,100.0,5.9795716942759005e-05,264,0.0014617969437322152,1,2,adam,"{'neurons_per_layer_encoder': [56, 112], 'neurons_per_layer_decoder': [112]}",56,[112],"[56, 112]",[0.1175691842330292],-0.45410769939393025,COMPLETE
1551,0.19684113244368995,2025-01-10 14:07:33.360401,2025-01-10 14:07:36.384211,0 days 00:00:03.023810,0.04866830473273151,32.0,0.2,52,100.0,3.138690107440612e-05,240,0.0024980499315703183,1,2,adam,"{'neurons_per_layer_encoder': [52, 104], 'neurons_per_layer_decoder': [104]}",52,[104],"[52, 104]",[0.19684113244368995],-0.7576798726438295,COMPLETE
1552,0.21087989073778823,2025-01-10 14:07:33.466351,2025-01-10 14:07:36.012654,0 days 00:00:02.546303,0.04389556198962559,32.0,0.2,52,100.0,3.703313722941533e-05,240,0.0024911864547902387,1,2,adam,"{'neurons_per_layer_encoder': [52, 104], 'neurons_per_layer_decoder': [104]}",52,[104],"[52, 104]",[0.21087989073778823],-0.6432340363728534,COMPLETE
1553,0.08436962297295125,2025-01-10 14:07:34.703334,2025-01-10 14:07:36.831583,0 days 00:00:02.128249,0.044946567477706506,32.0,0.2,204,100.0,3.8825376134480796e-05,928,0.002442402524711578,1,2,adam,"{'neurons_per_layer_encoder': [204, 408], 'neurons_per_layer_decoder': [408]}",204,[408],"[204, 408]",[0.08436962297295125],-0.0003452542231876206,COMPLETE
1554,0.08776523677347947,2025-01-10 14:07:35.034332,2025-01-10 14:07:37.327529,0 days 00:00:02.293197,0.04446370845738075,32.0,0.2,52,100.0,3.239355576097418e-05,240,0.0012125619101120933,1,2,adam,"{'neurons_per_layer_encoder': [52, 104], 'neurons_per_layer_decoder': [104]}",52,[104],"[52, 104]",[0.08776523677347947],-0.7239413792606829,COMPLETE
1555,0.21162091724066812,2025-01-10 14:07:35.117033,2025-01-10 14:07:38.051959,0 days 00:00:02.934926,0.04746538587489255,32.0,0.2,52,100.0,6.50892276683297e-05,240,0.0018291737522158368,1,2,adam,"{'neurons_per_layer_encoder': [52, 104], 'neurons_per_layer_decoder': [104]}",52,[104],"[52, 104]",[0.21162091724066812],-0.49217533432510374,COMPLETE
1556,0.32362513719881536,2025-01-10 14:07:36.025674,2025-01-10 14:07:38.926437,0 days 00:00:02.900763,0.04932166719528159,32.0,0.2,52,100.0,5.796521670094799e-05,240,0.0018162546843241221,1,2,adam,"{'neurons_per_layer_encoder': [52, 104], 'neurons_per_layer_decoder': [104]}",52,[104],"[52, 104]",[0.32362513719881536],-0.3433029318302613,COMPLETE
1557,0.2384576891094803,2025-01-10 14:07:36.395464,2025-01-10 14:07:39.249170,0 days 00:00:02.853706,0.04487097869377842,32.0,0.2,52,100.0,7.609208247516326e-05,240,0.0017450448761726779,1,2,adam,"{'neurons_per_layer_encoder': [52, 104], 'neurons_per_layer_decoder': [104]}",52,[104],"[52, 104]",[0.2384576891094803],-0.3071329585854095,COMPLETE
1558,0.13225298965050702,2025-01-10 14:07:36.843558,2025-01-10 14:07:39.702874,0 days 00:00:02.859316,0.04662172871096709,32.0,0.2,44,100.0,5.746755906566967e-05,192,0.0013645028062198332,1,2,adam,"{'neurons_per_layer_encoder': [44, 88], 'neurons_per_layer_decoder': [88]}",44,[88],"[44, 88]",[0.13225298965050702],-0.9428029393808939,COMPLETE
1559,0.26079721935801614,2025-01-10 14:07:37.338766,2025-01-10 14:07:40.188656,0 days 00:00:02.849890,0.0469175267965994,32.0,0.2,44,100.0,6.581049432587422e-05,192,0.0017388095237545836,1,2,adam,"{'neurons_per_layer_encoder': [44, 88], 'neurons_per_layer_decoder': [88]}",44,[88],"[44, 88]",[0.26079721935801614],-0.4667820309746128,COMPLETE
1560,0.27734890518718636,2025-01-10 14:07:38.062735,2025-01-10 14:07:41.033506,0 days 00:00:02.970771,0.05052592170804495,32.0,0.2,44,100.0,5.46911067739555e-05,176,0.0017188838877920424,1,2,adam,"{'neurons_per_layer_encoder': [44, 88], 'neurons_per_layer_decoder': [88]}",44,[88],"[44, 88]",[0.27734890518718636],-0.4278007977134737,COMPLETE
1561,0.23915680323429256,2025-01-10 14:07:38.938124,2025-01-10 14:07:42.010490,0 days 00:00:03.072366,0.050778688507317586,32.0,0.2,56,100.0,7.273337532812143e-05,248,0.0017898801485492606,1,2,adam,"{'neurons_per_layer_encoder': [56, 112], 'neurons_per_layer_decoder': [112]}",56,[112],"[56, 112]",[0.23915680323429256],-0.34029492571196956,COMPLETE
1562,0.1507680145596666,2025-01-10 14:07:39.260379,2025-01-10 14:07:42.324086,0 days 00:00:03.063707,0.05124386233742961,32.0,0.2,56,100.0,5.483934231081305e-05,248,0.0021156550914218407,1,2,adam,"{'neurons_per_layer_encoder': [56, 112], 'neurons_per_layer_decoder': [112]}",56,[112],"[56, 112]",[0.1507680145596666],-0.6338255742534912,COMPLETE
1563,-0.3427709320603167,2025-01-10 14:07:39.714877,2025-01-10 14:07:40.895105,0 days 00:00:01.180228,0.051364765790769575,32.0,0.30000000000000004,60,100.0,5.8112946413189085e-05,256,0.001981960119984313,1,2,sgd,"{'neurons_per_layer_encoder': [60, 120], 'neurons_per_layer_decoder': [120]}",60,[120],"[60, 120]",[-0.3427709320603167],0.06412851555120974,COMPLETE
1564,0.04514102692153876,2025-01-10 14:07:40.201030,2025-01-10 14:07:42.642230,0 days 00:00:02.441200,0.051900058994311354,32.0,0.2,56,100.0,7.945755534543486e-05,248,0.0017416641520068288,1,2,sgd,"{'neurons_per_layer_encoder': [56, 112], 'neurons_per_layer_decoder': [112]}",56,[112],"[56, 112]",[0.04514102692153876],0.17395567377354207,COMPLETE
1565,0.15480358553527773,2025-01-10 14:07:40.907080,2025-01-10 14:07:43.901403,0 days 00:00:02.994323,0.05090648072744789,32.0,0.2,56,100.0,6.574368211807693e-05,248,0.0022837951630353868,1,2,adam,"{'neurons_per_layer_encoder': [56, 112], 'neurons_per_layer_decoder': [112]}",56,[112],"[56, 112]",[0.15480358553527773],-0.574050422611481,COMPLETE
1566,0.05977725244933674,2025-01-10 14:07:41.049994,2025-01-10 14:07:44.038688,0 days 00:00:02.988694,0.04840153939350338,32.0,0.2,56,100.0,5.722094248729699e-05,232,0.0013716782384346558,1,2,adam,"{'neurons_per_layer_encoder': [56, 112], 'neurons_per_layer_decoder': [112]}",56,[112],"[56, 112]",[0.05977725244933674],-0.6507104922268182,COMPLETE
1567,0.12273500621455091,2025-01-10 14:07:42.022340,2025-01-10 14:07:44.840854,0 days 00:00:02.818514,0.051935257789960394,32.0,0.2,60,100.0,6.301225656532192e-05,256,0.0022407225131109766,1,2,adam,"{'neurons_per_layer_encoder': [60, 120], 'neurons_per_layer_decoder': [120]}",60,[120],"[60, 120]",[0.12273500621455091],-0.5249662810917081,COMPLETE
1568,0.21023367144968397,2025-01-10 14:07:42.337692,2025-01-10 14:07:45.425513,0 days 00:00:03.087821,0.05366805243293791,32.0,0.2,60,100.0,6.237919336038548e-05,272,0.0014449551139112976,1,2,adam,"{'neurons_per_layer_encoder': [60, 120], 'neurons_per_layer_decoder': [120]}",60,[120],"[60, 120]",[0.21023367144968397],-0.3192260854290663,COMPLETE
1569,0.11667093799725392,2025-01-10 14:07:42.654651,2025-01-10 14:07:45.097387,0 days 00:00:02.442736,0.054189771669556776,32.0,0.2,64,100.0,6.433871693393418e-05,248,0.0022321310881131917,1,2,adam,"{'neurons_per_layer_encoder': [64, 128], 'neurons_per_layer_decoder': [128]}",64,[128],"[64, 128]",[0.11667093799725392],-0.6343708275267603,COMPLETE
1570,0.13325564358510167,2025-01-10 14:07:43.914205,2025-01-10 14:07:47.002865,0 days 00:00:03.088660,0.04716041606472986,32.0,0.2,64,100.0,6.341694669433296e-05,248,0.0016495349914799169,1,2,adam,"{'neurons_per_layer_encoder': [64, 128], 'neurons_per_layer_decoder': [128]}",64,[128],"[64, 128]",[0.13325564358510167],-0.5345887831095562,COMPLETE
1571,0.17595640986051386,2025-01-10 14:07:44.051999,2025-01-10 14:07:47.123113,0 days 00:00:03.071114,0.05412255132982097,32.0,0.2,64,100.0,6.297272597514288e-05,248,0.0013541080878186852,1,2,adam,"{'neurons_per_layer_encoder': [64, 128], 'neurons_per_layer_decoder': [128]}",64,[128],"[64, 128]",[0.17595640986051386],-0.44495179274045127,COMPLETE
1572,0.029393351069902707,2025-01-10 14:07:44.852280,2025-01-10 14:07:47.425626,0 days 00:00:02.573346,0.04059693079132962,32.0,0.2,64,100.0,8.317822392027674e-05,248,0.0015036755895979658,1,2,adam,"{'neurons_per_layer_encoder': [64, 128], 'neurons_per_layer_decoder': [128]}",64,[128],"[64, 128]",[0.029393351069902707],-0.5401650824067532,COMPLETE
1573,0.13295228790915292,2025-01-10 14:07:45.109200,2025-01-10 14:07:48.146088,0 days 00:00:03.036888,0.04748165193701111,32.0,0.2,64,100.0,5.613159308650449e-05,248,0.0013907823926402481,1,2,adam,"{'neurons_per_layer_encoder': [64, 128], 'neurons_per_layer_decoder': [128]}",64,[128],"[64, 128]",[0.13295228790915292],-0.5912399100213044,COMPLETE
1574,0.21636402990278436,2025-01-10 14:07:45.438155,2025-01-10 14:07:48.256145,0 days 00:00:02.817990,0.04725049463489326,32.0,0.2,64,100.0,4.962496983365035e-05,248,0.0014170169760369562,1,2,adam,"{'neurons_per_layer_encoder': [64, 128], 'neurons_per_layer_decoder': [128]}",64,[128],"[64, 128]",[0.21636402990278436],-0.5249162298341941,COMPLETE
1575,0.18500550473060484,2025-01-10 14:07:47.014593,2025-01-10 14:07:49.863315,0 days 00:00:02.848722,0.04813732997887655,32.0,0.2,52,100.0,5.2124002188049774e-05,240,0.0013939816579538846,1,2,adam,"{'neurons_per_layer_encoder': [52, 104], 'neurons_per_layer_decoder': [104]}",52,[104],"[52, 104]",[0.18500550473060484],-0.5369203092817022,COMPLETE
1576,0.22943025304793352,2025-01-10 14:07:47.138224,2025-01-10 14:07:49.998614,0 days 00:00:02.860390,0.040379438635541116,32.0,0.2,52,100.0,5.238384314369899e-05,240,0.001926006904800185,1,2,adam,"{'neurons_per_layer_encoder': [52, 104], 'neurons_per_layer_decoder': [104]}",52,[104],"[52, 104]",[0.22943025304793352],-0.48623465739413785,COMPLETE
1577,0.19459785645614402,2025-01-10 14:07:47.437077,2025-01-10 14:07:50.297359,0 days 00:00:02.860282,0.04419975440946466,32.0,0.2,52,100.0,5.304916657954446e-05,240,0.0011538461903524502,1,2,adam,"{'neurons_per_layer_encoder': [52, 104], 'neurons_per_layer_decoder': [104]}",52,[104],"[52, 104]",[0.19459785645614402],-0.7158014038184126,COMPLETE
1578,0.15117287404798152,2025-01-10 14:07:48.157731,2025-01-10 14:07:50.960131,0 days 00:00:02.802400,0.04354377484659483,32.0,0.2,52,100.0,4.878424948678608e-05,240,0.001933273307573675,1,2,adam,"{'neurons_per_layer_encoder': [52, 104], 'neurons_per_layer_decoder': [104]}",52,[104],"[52, 104]",[0.15117287404798152],-0.7177405142946365,COMPLETE
1579,0.14412067015016705,2025-01-10 14:07:48.267741,2025-01-10 14:07:51.023751,0 days 00:00:02.756010,0.044682264374493984,32.0,0.2,48,100.0,5.305620585695574e-05,216,0.002027896739686629,1,2,adam,"{'neurons_per_layer_encoder': [48, 96], 'neurons_per_layer_decoder': [96]}",48,[96],"[48, 96]",[0.14412067015016705],-0.7349435560246999,COMPLETE
1580,0.19041007832451284,2025-01-10 14:07:49.875026,2025-01-10 14:07:52.786994,0 days 00:00:02.911968,0.04402324370174617,32.0,0.2,52,100.0,5.2395631062619426e-05,240,0.0017613441468216436,1,2,adam,"{'neurons_per_layer_encoder': [52, 104], 'neurons_per_layer_decoder': [104]}",52,[104],"[52, 104]",[0.19041007832451284],-0.6972320503757123,COMPLETE
1581,0.26990545071416927,2025-01-10 14:07:50.010204,2025-01-10 14:07:52.907911,0 days 00:00:02.897707,0.044978305996960705,32.0,0.2,48,100.0,4.3611264124102736e-05,216,0.001117639682527811,1,2,adam,"{'neurons_per_layer_encoder': [48, 96], 'neurons_per_layer_decoder': [96]}",48,[96],"[48, 96]",[0.26990545071416927],-0.49606527182669874,COMPLETE
1582,0.23101893139469165,2025-01-10 14:07:50.309383,2025-01-10 14:07:53.189395,0 days 00:00:02.880012,0.04177753393400152,32.0,0.2,48,100.0,7.141751342719335e-05,216,0.0019720731879043153,1,2,adam,"{'neurons_per_layer_encoder': [48, 96], 'neurons_per_layer_decoder': [96]}",48,[96],"[48, 96]",[0.23101893139469165],-0.4670700456867334,COMPLETE
1583,0.16988348176031742,2025-01-10 14:07:50.971523,2025-01-10 14:07:53.564497,0 days 00:00:02.592974,0.05976180361295457,32.0,0.2,60,100.0,4.0878979566599904e-05,272,0.0031460822167284908,1,2,adam,"{'neurons_per_layer_encoder': [60, 120], 'neurons_per_layer_decoder': [120]}",60,[120],"[60, 120]",[0.16988348176031742],-0.7649611067972973,COMPLETE
1584,0.1373760107608999,2025-01-10 14:07:51.037182,2025-01-10 14:07:53.440232,0 days 00:00:02.403050,0.060406281450660335,32.0,0.2,60,100.0,4.876603369946374e-05,272,0.0029892236955672727,1,2,adam,"{'neurons_per_layer_encoder': [60, 120], 'neurons_per_layer_decoder': [120]}",60,[120],"[60, 120]",[0.1373760107608999],-0.7631607701636828,COMPLETE
1585,0.1715794705651329,2025-01-10 14:07:52.798959,2025-01-10 14:07:55.450782,0 days 00:00:02.651823,0.06168425043172851,32.0,0.2,60,100.0,4.114339926825782e-05,272,0.001113057482721513,1,2,adam,"{'neurons_per_layer_encoder': [60, 120], 'neurons_per_layer_decoder': [120]}",60,[120],"[60, 120]",[0.1715794705651329],-0.7319707123478567,COMPLETE
1586,0.2115654528296742,2025-01-10 14:07:52.919375,2025-01-10 14:07:55.766334,0 days 00:00:02.846959,0.0598871359504621,32.0,0.2,60,100.0,3.775171714085622e-05,272,0.002761829457625332,1,2,adam,"{'neurons_per_layer_encoder': [60, 120], 'neurons_per_layer_decoder': [120]}",60,[120],"[60, 120]",[0.2115654528296742],-0.7735169489964505,COMPLETE
1587,0.19438409635312304,2025-01-10 14:07:53.200886,2025-01-10 14:07:56.020903,0 days 00:00:02.820017,0.05839234945191356,32.0,0.4,60,100.0,4.3716417207399094e-05,272,0.0010459166548641547,1,2,adam,"{'neurons_per_layer_encoder': [60, 120], 'neurons_per_layer_decoder': [120]}",60,[120],"[60, 120]",[0.19438409635312304],-0.12456449898101599,COMPLETE
1588,-0.09015523067833553,2025-01-10 14:07:53.451529,2025-01-10 14:07:55.425678,0 days 00:00:01.974149,0.0496867781874357,32.0,0.2,68,100.0,4.0263660533473415e-05,288,0.001585698162288471,1,2,adadelta,"{'neurons_per_layer_encoder': [68, 136], 'neurons_per_layer_decoder': [136]}",68,[136],"[68, 136]",[-0.09015523067833553],0.17900634347068659,COMPLETE
1589,-0.28080522893961324,2025-01-10 14:07:53.578964,2025-01-10 14:07:55.192350,0 days 00:00:01.613386,0.05004991017936387,32.0,0.2,68,100.0,4.3496001382252404e-05,288,0.0010725069689419072,1,2,adadelta,"{'neurons_per_layer_encoder': [68, 136], 'neurons_per_layer_decoder': [136]}",68,[136],"[68, 136]",[-0.28080522893961324],0.020633212162448993,COMPLETE
1590,0.19482219586048632,2025-01-10 14:07:55.203043,2025-01-10 14:07:57.984046,0 days 00:00:02.781003,0.05426897601003146,32.0,0.2,44,100.0,3.938477274907505e-05,176,0.0016319392139329061,1,2,adam,"{'neurons_per_layer_encoder': [44, 88], 'neurons_per_layer_decoder': [88]}",44,[88],"[44, 88]",[0.19482219586048632],-1.0025376995734037,COMPLETE
1591,0.15557741211185083,2025-01-10 14:07:55.441361,2025-01-10 14:07:58.253945,0 days 00:00:02.812584,0.055267564172221846,32.0,0.2,60,100.0,3.648695310572425e-05,272,0.001206540920600287,1,2,adam,"{'neurons_per_layer_encoder': [60, 120], 'neurons_per_layer_decoder': [120]}",60,[120],"[60, 120]",[0.15557741211185083],-0.5917670208567065,COMPLETE
1592,0.10038771900135701,2025-01-10 14:07:55.466394,2025-01-10 14:07:58.084713,0 days 00:00:02.618319,0.05590286847542736,32.0,0.2,44,100.0,7.415489852446221e-05,176,0.002689489177721445,1,2,adam,"{'neurons_per_layer_encoder': [44, 88], 'neurons_per_layer_decoder': [88]}",44,[88],"[44, 88]",[0.10038771900135701],-0.7374473297080567,COMPLETE
1593,0.16267824646241535,2025-01-10 14:07:55.778366,2025-01-10 14:07:58.552068,0 days 00:00:02.773702,0.05505302409463564,32.0,0.2,44,100.0,5.841820203909207e-05,176,0.0010154275510234683,1,2,adam,"{'neurons_per_layer_encoder': [44, 88], 'neurons_per_layer_decoder': [88]}",44,[88],"[44, 88]",[0.16267824646241535],-0.6057517859460491,COMPLETE
1594,0.2415572781918548,2025-01-10 14:07:56.032860,2025-01-10 14:07:58.798644,0 days 00:00:02.765784,0.05414203957713575,32.0,0.2,44,100.0,7.016886048205805e-05,176,0.0015806994013091954,1,2,adam,"{'neurons_per_layer_encoder': [44, 88], 'neurons_per_layer_decoder': [88]}",44,[88],"[44, 88]",[0.2415572781918548],-0.35216031476683046,COMPLETE
1595,0.17398585173217584,2025-01-10 14:07:57.995809,2025-01-10 14:08:00.667294,0 days 00:00:02.671485,0.0495236828833314,32.0,0.2,56,100.0,6.083111267995847e-05,264,0.0016642388448803872,1,2,adam,"{'neurons_per_layer_encoder': [56, 112], 'neurons_per_layer_decoder': [112]}",56,[112],"[56, 112]",[0.17398585173217584],-0.3816762884645105,COMPLETE
1596,0.03594132411267126,2025-01-10 14:07:58.096371,2025-01-10 14:08:00.296874,0 days 00:00:02.200503,0.04914731212952799,32.0,0.2,124,100.0,6.249901286675906e-05,272,0.0013435339508388964,1,2,adam,"{'neurons_per_layer_encoder': [124, 248], 'neurons_per_layer_decoder': [248]}",124,[248],"[124, 248]",[0.03594132411267126],-0.2744204683628873,COMPLETE
1597,0.19657052457518065,2025-01-10 14:07:58.266304,2025-01-10 14:08:01.232987,0 days 00:00:02.966683,0.046931464463461116,32.0,0.2,56,100.0,6.10692259016801e-05,264,0.0009526847634381864,1,2,adam,"{'neurons_per_layer_encoder': [56, 112], 'neurons_per_layer_decoder': [112]}",56,[112],"[56, 112]",[0.19657052457518065],-0.3644832586868604,COMPLETE
1598,0.2314630740998701,2025-01-10 14:07:58.563655,2025-01-10 14:08:01.554153,0 days 00:00:02.990498,0.049309069937610944,32.0,0.2,56,100.0,6.190442246729901e-05,264,0.0012930096514422382,1,2,adam,"{'neurons_per_layer_encoder': [56, 112], 'neurons_per_layer_decoder': [112]}",56,[112],"[56, 112]",[0.2314630740998701],-0.3955709438244843,COMPLETE
1599,0.16992104007756226,2025-01-10 14:07:58.810219,2025-01-10 14:08:01.818399,0 days 00:00:03.008180,0.04836496836382426,32.0,0.2,56,100.0,6.028943115448554e-05,264,0.0013174236568463326,1,2,adam,"{'neurons_per_layer_encoder': [56, 112], 'neurons_per_layer_decoder': [112]}",56,[112],"[56, 112]",[0.16992104007756226],-0.549390511627429,COMPLETE
1600,0.2518639910403292,2025-01-10 14:08:00.310189,2025-01-10 14:08:03.289809,0 days 00:00:02.979620,0.040042733774253665,32.0,0.2,56,100.0,4.648758569003141e-05,248,0.0012738912926831749,1,2,adam,"{'neurons_per_layer_encoder': [56, 112], 'neurons_per_layer_decoder': [112]}",56,[112],"[56, 112]",[0.2518639910403292],-0.5832801840820783,COMPLETE
1601,0.25603443552487104,2025-01-10 14:08:00.684285,2025-01-10 14:08:03.604415,0 days 00:00:02.920130,0.04095531512763433,32.0,0.2,68,100.0,3.231135767873441e-05,288,0.0009836957989212947,1,2,adam,"{'neurons_per_layer_encoder': [68, 136], 'neurons_per_layer_decoder': [136]}",68,[136],"[68, 136]",[0.25603443552487104],-0.5085280943244203,COMPLETE
1602,0.08191925713229309,2025-01-10 14:08:01.244985,2025-01-10 14:08:04.373280,0 days 00:00:03.128295,0.03936690997875707,32.0,0.2,72,100.0,5.1550773000988746e-05,248,0.0012490354539856391,1,2,adam,"{'neurons_per_layer_encoder': [72, 144], 'neurons_per_layer_decoder': [144]}",72,[144],"[72, 144]",[0.08191925713229309],-0.5782022424337796,COMPLETE
1603,0.2182696502709044,2025-01-10 14:08:01.565646,2025-01-10 14:08:04.475225,0 days 00:00:02.909579,0.03938797644108021,32.0,0.2,72,100.0,5.089132508489958e-05,248,0.002391903031397687,1,2,adam,"{'neurons_per_layer_encoder': [72, 144], 'neurons_per_layer_decoder': [144]}",72,[144],"[72, 144]",[0.2182696502709044],-0.5958557613610108,COMPLETE
1604,0.22737991759555265,2025-01-10 14:08:01.830185,2025-01-10 14:08:04.710371,0 days 00:00:02.880186,0.06454685624373914,32.0,0.2,68,100.0,2.9673686989686284e-05,288,0.002381993842554117,1,2,adam,"{'neurons_per_layer_encoder': [68, 136], 'neurons_per_layer_decoder': [136]}",68,[136],"[68, 136]",[0.22737991759555265],-0.9303810323328695,COMPLETE
1605,0.3347745407194572,2025-01-10 14:08:03.302326,2025-01-10 14:08:06.472193,0 days 00:00:03.169867,0.04154587982998689,32.0,0.2,68,100.0,3.083629705104589e-05,288,0.002265949826792591,1,2,adam,"{'neurons_per_layer_encoder': [68, 136], 'neurons_per_layer_decoder': [136]}",68,[136],"[68, 136]",[0.3347745407194572],-0.7272180483986366,COMPLETE
1606,0.04730083484138947,2025-01-10 14:08:03.616062,2025-01-10 14:08:05.865062,0 days 00:00:02.249000,0.06538775956902013,32.0,0.2,72,100.0,3.1530153612818054e-05,248,0.002113581377804687,1,2,sgd,"{'neurons_per_layer_encoder': [72, 144], 'neurons_per_layer_decoder': [144]}",72,[144],"[72, 144]",[0.04730083484138947],-0.008942560306083012,COMPLETE
1607,0.15601420620450668,2025-01-10 14:08:04.384846,2025-01-10 14:08:06.843940,0 days 00:00:02.459094,0.052628830001285,32.0,0.2,64,100.0,7.922090285387096e-05,296,0.0022725132540455306,1,2,adam,"{'neurons_per_layer_encoder': [64, 128], 'neurons_per_layer_decoder': [128]}",64,[128],"[64, 128]",[0.15601420620450668],-0.2667210456132193,COMPLETE
1608,-0.17652135938157132,2025-01-10 14:08:04.486370,2025-01-10 14:08:05.541769,0 days 00:00:01.055399,0.07300368979103149,32.0,0.2,68,100.0,2.9649492037601086e-05,288,0.001800636574774395,1,2,sgd,"{'neurons_per_layer_encoder': [68, 136], 'neurons_per_layer_decoder': [136]}",68,[136],"[68, 136]",[-0.17652135938157132],0.09639691094365994,COMPLETE
1609,0.17446659366647588,2025-01-10 14:08:05.006419,2025-01-10 14:08:07.844346,0 days 00:00:02.837927,0.05292857491073823,40.0,0.2,64,100.0,3.2920407863893955e-05,232,0.0019698294904554703,1,2,adam,"{'neurons_per_layer_encoder': [64, 128], 'neurons_per_layer_decoder': [128]}",64,[128],"[64, 128]",[0.17446659366647588],-0.8269196716206263,COMPLETE
