number,value,datetime_start,datetime_complete,duration,params_alpha,params_batch_size,params_drop_out_rate,params_encoder_neurons_layer_1,params_epochs,params_lambda,params_latent_dim,params_learning_rate,params_num_layers_decoder,params_num_layers_encoder,params_optimizer,user_attrs_encoder_decoder_config,user_attrs_first_layer_neurons,user_attrs_neurons_per_layer_decoder,user_attrs_neurons_per_layer_encoder,user_attrs_r2_feature_1,user_attrs_relative_deterioration,state
673,0.1262072895800319,2025-01-10 13:55:01.481630,2025-01-10 13:55:04.087832,0 days 00:00:02.606202,0.18524639233491105,80.0,0.2,120,100.0,0.0003974945991902002,288,0.0003114372129378003,1,1,adam,"{'neurons_per_layer_encoder': [120], 'neurons_per_layer_decoder': [120]}",120,[120],[120],[0.1262072895800319],0.39010297754853346,COMPLETE
674,0.2914286804078201,2025-01-10 13:55:02.012477,2025-01-10 13:55:04.639792,0 days 00:00:02.627315,0.18468263779704364,48.0,0.2,92,100.0,0.0004003897892644176,116,0.00030013113756616265,1,1,adam,"{'neurons_per_layer_encoder': [92], 'neurons_per_layer_decoder': [92]}",92,[92],[92],[0.2914286804078201],0.3663400180093936,COMPLETE
675,0.20827219289762255,2025-01-10 13:55:02.679076,2025-01-10 13:55:05.301098,0 days 00:00:02.622022,0.18922090817188522,48.0,0.2,136,100.0,0.000871746749133855,192,0.0003317176238205352,1,1,adam,"{'neurons_per_layer_encoder': [136], 'neurons_per_layer_decoder': [136]}",136,[136],[136],[0.20827219289762255],0.6800656799434012,COMPLETE
676,0.22618003202568726,2025-01-10 13:55:02.696793,2025-01-10 13:55:05.253349,0 days 00:00:02.556556,0.18807873600929742,40.0,0.2,72,100.0,0.0009990168548302857,95,0.00032859037636745383,1,1,adam,"{'neurons_per_layer_encoder': [72], 'neurons_per_layer_decoder': [72]}",72,[72],[72],[0.22618003202568726],0.5778228211797095,COMPLETE
677,0.21196826060374496,2025-01-10 13:55:03.462088,2025-01-10 13:55:06.047883,0 days 00:00:02.585795,0.19018636776564146,40.0,0.2,88,100.0,0.0008349327684675302,192,0.00034797218077683653,1,1,adam,"{'neurons_per_layer_encoder': [88], 'neurons_per_layer_decoder': [88]}",88,[88],[88],[0.21196826060374496],0.5844158098762798,COMPLETE
678,0.25060732439569156,2025-01-10 13:55:04.099861,2025-01-10 13:55:06.653685,0 days 00:00:02.553824,0.1443656205568251,40.0,0.2,84,100.0,0.0008073094848391383,204,0.0003898053193164093,1,1,adam,"{'neurons_per_layer_encoder': [84], 'neurons_per_layer_decoder': [84]}",84,[84],[84],[0.25060732439569156],0.5530642772469615,COMPLETE
679,0.24327649018912056,2025-01-10 13:55:04.650741,2025-01-10 13:55:07.198532,0 days 00:00:02.547791,0.1991014666016694,48.0,0.2,88,100.0,0.0008269896409116706,112,0.0003797625049486434,1,1,adam,"{'neurons_per_layer_encoder': [88], 'neurons_per_layer_decoder': [88]}",88,[88],[88],[0.24327649018912056],0.5604930748970225,COMPLETE
680,-0.04968266007412536,2025-01-10 13:55:05.264101,2025-01-10 13:55:06.177676,0 days 00:00:00.913575,0.1710678718971007,48.0,0.2,88,100.0,0.0007910905761117062,112,0.0003803822775620123,1,1,sgd,"{'neurons_per_layer_encoder': [88], 'neurons_per_layer_decoder': [88]}",88,[88],[88],[-0.04968266007412536],0.5158690009383587,COMPLETE
681,0.23381218701517859,2025-01-10 13:55:05.313547,2025-01-10 13:55:07.933037,0 days 00:00:02.619490,0.17389284810108405,48.0,0.2,96,100.0,0.00027036704388692153,200,0.00035885248002368687,1,1,adam,"{'neurons_per_layer_encoder': [96], 'neurons_per_layer_decoder': [96]}",96,[96],[96],[0.23381218701517859],0.2564906601487046,COMPLETE
682,0.0353609995743166,2025-01-10 13:55:06.058828,2025-01-10 13:55:08.167188,0 days 00:00:02.108360,0.17224620710310645,48.0,0.2,88,100.0,0.0007511009532433365,192,0.0003901229352061457,1,1,sgd,"{'neurons_per_layer_encoder': [88], 'neurons_per_layer_decoder': [88]}",88,[88],[88],[0.0353609995743166],0.5850161039540226,COMPLETE
683,0.14826867607531258,2025-01-10 13:55:06.187729,2025-01-10 13:55:08.718533,0 days 00:00:02.530804,0.19920953961104362,48.0,0.2,88,100.0,0.0002785983755479156,144,0.0004123291400422109,1,1,adam,"{'neurons_per_layer_encoder': [88], 'neurons_per_layer_decoder': [88]}",88,[88],[88],[0.14826867607531258],0.08381890892135015,COMPLETE
684,0.24661776651587208,2025-01-10 13:55:06.664653,2025-01-10 13:55:09.200467,0 days 00:00:02.535814,0.1987014286904799,48.0,0.2,76,100.0,0.0003495401556311575,99,0.00028411673195058874,1,1,adam,"{'neurons_per_layer_encoder': [76], 'neurons_per_layer_decoder': [76]}",76,[76],[76],[0.24661776651587208],0.28919964570232043,COMPLETE
685,0.20263244891550647,2025-01-10 13:55:07.209470,2025-01-10 13:55:09.818570,0 days 00:00:02.609100,0.1742917840788104,48.0,0.2,96,100.0,0.0002668344754627428,184,0.0002914660790259269,1,1,adam,"{'neurons_per_layer_encoder': [96], 'neurons_per_layer_decoder': [96]}",96,[96],[96],[0.20263244891550647],0.17745490443064557,COMPLETE
686,0.3015757957338411,2025-01-10 13:55:07.943479,2025-01-10 13:55:10.498620,0 days 00:00:02.555141,0.16478753383789432,48.0,0.2,92,100.0,0.000348598415636334,148,0.000278242872248239,1,1,adam,"{'neurons_per_layer_encoder': [92], 'neurons_per_layer_decoder': [92]}",92,[92],[92],[0.3015757957338411],0.3847919060892684,COMPLETE
687,0.16809306117905665,2025-01-10 13:55:08.178006,2025-01-10 13:55:10.729518,0 days 00:00:02.551512,0.19926165797069648,48.0,0.2,80,100.0,0.00035792833673896915,184,0.0002940888311714511,1,1,adam,"{'neurons_per_layer_encoder': [80], 'neurons_per_layer_decoder': [80]}",80,[80],[80],[0.16809306117905665],0.3040041080959792,COMPLETE
688,0.19125532384905186,2025-01-10 13:55:08.728836,2025-01-10 13:55:11.275141,0 days 00:00:02.546305,0.1621685589475785,48.0,0.2,80,100.0,0.00033508572061104907,168,0.00027209469651218415,1,1,adam,"{'neurons_per_layer_encoder': [80], 'neurons_per_layer_decoder': [80]}",80,[80],[80],[0.19125532384905186],0.24862062729416373,COMPLETE
689,-0.15427135538747083,2025-01-10 13:55:09.210774,2025-01-10 13:55:10.757701,0 days 00:00:01.546927,0.16057097705936804,48.0,0.2,72,100.0,0.0007049406185760623,111,0.0002749223404390693,1,1,adam,"{'neurons_per_layer_encoder': [72], 'neurons_per_layer_decoder': [72]}",72,[72],[72],[-0.15427135538747083],0.3165190784353323,COMPLETE
690,0.017449898538357766,2025-01-10 13:55:09.829262,2025-01-10 13:55:12.457464,0 days 00:00:02.628202,0.1612074004795036,48.0,0.2,88,100.0,0.0006707817962521011,112,0.0002893168755462366,1,1,adam,"{'neurons_per_layer_encoder': [88], 'neurons_per_layer_decoder': [88]}",88,[88],[88],[0.017449898538357766],0.3581628837363805,COMPLETE
691,0.25713751763769854,2025-01-10 13:55:10.509609,2025-01-10 13:55:13.183207,0 days 00:00:02.673598,0.16309669439479102,48.0,0.2,76,100.0,0.00012673359443461006,147,0.00027319331047506615,1,1,adam,"{'neurons_per_layer_encoder': [76], 'neurons_per_layer_decoder': [76]}",76,[76],[76],[0.25713751763769854],-0.022963907964958733,COMPLETE
692,0.1827573587019481,2025-01-10 13:55:10.741665,2025-01-10 13:55:13.384792,0 days 00:00:02.643127,0.16453894437365751,48.0,0.2,80,100.0,0.00018085855466887005,136,0.0002695940305380048,1,1,adam,"{'neurons_per_layer_encoder': [80], 'neurons_per_layer_decoder': [80]}",80,[80],[80],[0.1827573587019481],-0.12414357301480987,COMPLETE
693,0.2215289042727353,2025-01-10 13:55:10.773939,2025-01-10 13:55:13.644472,0 days 00:00:02.870533,0.17801546970910137,48.0,0.2,84,100.0,0.0003285291661291466,140,0.0002636380168794948,1,1,adam,"{'neurons_per_layer_encoder': [84], 'neurons_per_layer_decoder': [84]}",84,[84],[84],[0.2215289042727353],0.15765109076241904,COMPLETE
694,0.08686492258267531,2025-01-10 13:55:11.285693,2025-01-10 13:55:13.840639,0 days 00:00:02.554946,0.1832383634335144,48.0,0.2,84,100.0,0.0002231825781474255,156,0.0003448014599354094,1,1,adam,"{'neurons_per_layer_encoder': [84], 'neurons_per_layer_decoder': [84]}",84,[84],[84],[0.08686492258267531],-0.12930534261326757,COMPLETE
695,0.026334948275106407,2025-01-10 13:55:12.468068,2025-01-10 13:55:16.380525,0 days 00:00:03.912457,0.18509271671743938,48.0,0.2,84,100.0,0.0003310879033511531,156,0.0002534305038853047,5,1,adam,"{'neurons_per_layer_encoder': [84], 'neurons_per_layer_decoder': [84, 42, 21, 10, 8]}",84,"[84, 42, 21, 10, 8]",[84],[0.026334948275106407],0.4730408325707529,COMPLETE
696,-0.12027620349880808,2025-01-10 13:55:13.193786,2025-01-10 13:55:14.554104,0 days 00:00:01.360318,0.1766998999379779,48.0,0.2,96,100.0,0.00031229935537449945,120,0.0003249901678643938,1,1,adadelta,"{'neurons_per_layer_encoder': [96], 'neurons_per_layer_decoder': [96]}",96,[96],[96],[-0.12027620349880808],0.22281247127271145,COMPLETE
697,-0.2752628786168134,2025-01-10 13:55:13.395682,2025-01-10 13:55:15.858301,0 days 00:00:02.462619,0.1782036071733236,48.0,0.2,184,100.0,0.00032224781263719783,1128,0.00034160857256783096,1,3,adadelta,"{'neurons_per_layer_encoder': [184, 368, 736], 'neurons_per_layer_decoder': [736]}",184,[736],"[184, 368, 736]",[-0.2752628786168134],0.863633236106469,COMPLETE
698,-0.523771099241146,2025-01-10 13:55:13.654881,2025-01-10 13:55:14.994438,0 days 00:00:01.339557,0.18162267113821895,48.0,0.2,92,100.0,0.0009922177957664476,132,0.00034177569805983644,1,1,adadelta,"{'neurons_per_layer_encoder': [92], 'neurons_per_layer_decoder': [92]}",92,[92],[92],[-0.523771099241146],0.5747968729821155,COMPLETE
699,-0.0033247422711633057,2025-01-10 13:55:13.851420,2025-01-10 13:55:15.937743,0 days 00:00:02.086323,0.18042637280350637,48.0,0.2,84,100.0,0.0009998812232465918,124,0.0003464722363248839,1,1,adadelta,"{'neurons_per_layer_encoder': [84], 'neurons_per_layer_decoder': [84]}",84,[84],[84],[-0.0033247422711633057],0.6515532326166433,COMPLETE
700,0.2644536912740363,2025-01-10 13:55:14.573728,2025-01-10 13:55:17.741927,0 days 00:00:03.168199,0.18404444984012758,56.0,0.2,100,100.0,0.0009856129863557626,156,0.00023659387707400455,2,1,adam,"{'neurons_per_layer_encoder': [100], 'neurons_per_layer_decoder': [100, 50]}",100,"[100, 50]",[100],[0.2644536912740363],0.7951256622190842,COMPLETE
701,0.13417580080541447,2025-01-10 13:55:15.007620,2025-01-10 13:55:18.478189,0 days 00:00:03.470569,0.186426837813193,56.0,0.2,84,100.0,0.0003817963462164263,408,0.009605881575481645,1,3,adam,"{'neurons_per_layer_encoder': [84, 168, 336], 'neurons_per_layer_decoder': [336]}",84,[336],"[84, 168, 336]",[0.13417580080541447],0.542559999360596,COMPLETE
702,0.16047688454441933,2025-01-10 13:55:15.869670,2025-01-10 13:55:18.671370,0 days 00:00:02.801700,0.19057003551799642,56.0,0.2,92,100.0,0.0003778775363976548,132,0.00023756232313023034,2,1,adam,"{'neurons_per_layer_encoder': [92], 'neurons_per_layer_decoder': [92, 46]}",92,"[92, 46]",[92],[0.16047688454441933],0.5264875322364608,COMPLETE
703,0.2562387513394897,2025-01-10 13:55:16.179500,2025-01-10 13:55:18.517825,0 days 00:00:02.338325,0.18960313347625507,56.0,0.2,84,100.0,0.0003831196250106597,140,0.00042639648605762953,1,1,adam,"{'neurons_per_layer_encoder': [84], 'neurons_per_layer_decoder': [84]}",84,[84],[84],[0.2562387513394897],0.41016091657956427,COMPLETE
704,-0.12636704966585577,2025-01-10 13:55:16.393355,2025-01-10 13:55:17.998911,0 days 00:00:01.605556,0.17118285019923818,56.0,0.2,88,100.0,0.00038491841965881566,144,0.00021963924984416485,1,1,adam,"{'neurons_per_layer_encoder': [88], 'neurons_per_layer_decoder': [88]}",88,[88],[88],[-0.12636704966585577],0.23906193175241333,COMPLETE
705,0.17772929270821947,2025-01-10 13:55:17.752918,2025-01-10 13:55:20.318302,0 days 00:00:02.565384,0.18923234840112205,56.0,0.2,92,100.0,0.0009053257584706828,148,0.00023881507326403972,1,1,adam,"{'neurons_per_layer_encoder': [92], 'neurons_per_layer_decoder': [92]}",92,[92],[92],[0.17772929270821947],0.6335271838184647,COMPLETE
706,-0.04068421793149812,2025-01-10 13:55:18.009074,2025-01-10 13:55:19.621170,0 days 00:00:01.612096,0.19098962919402637,56.0,0.2,80,100.0,0.0008633510183472114,104,0.00023808947814122256,2,1,adam,"{'neurons_per_layer_encoder': [80], 'neurons_per_layer_decoder': [80, 40]}",80,"[80, 40]",[80],[-0.04068421793149812],0.6430956530276811,COMPLETE
707,0.1028819136733099,2025-01-10 13:55:18.489784,2025-01-10 13:55:21.343893,0 days 00:00:02.854109,0.19177813699489826,56.0,0.2,96,100.0,0.0008568555218407983,168,0.0002292337354063186,2,1,adam,"{'neurons_per_layer_encoder': [96], 'neurons_per_layer_decoder': [96, 48]}",96,"[96, 48]",[96],[0.1028819136733099],0.7283795657303521,COMPLETE
708,0.09309551329163823,2025-01-10 13:55:18.534105,2025-01-10 13:55:21.391564,0 days 00:00:02.857459,0.19019592412402012,56.0,0.2,92,100.0,0.0008741593887301841,148,0.00022951277319110036,2,1,adam,"{'neurons_per_layer_encoder': [92], 'neurons_per_layer_decoder': [92, 46]}",92,"[92, 46]",[92],[0.09309551329163823],0.7162433480098457,COMPLETE
709,0.05142769255496349,2025-01-10 13:55:18.682773,2025-01-10 13:55:21.278171,0 days 00:00:02.595398,0.1989328585459156,56.0,0.2,76,100.0,0.000884718392306539,99,0.00024400403193842798,1,1,adam,"{'neurons_per_layer_encoder': [76], 'neurons_per_layer_decoder': [76]}",76,[76],[76],[0.05142769255496349],0.5044339356251915,COMPLETE
710,0.050811654661319094,2025-01-10 13:55:19.632905,2025-01-10 13:55:22.830883,0 days 00:00:03.197978,0.1707284952207708,56.0,0.2,92,100.0,0.0008946453995704659,208,0.00024338074058864682,2,2,adam,"{'neurons_per_layer_encoder': [92, 184], 'neurons_per_layer_decoder': [184, 92]}",92,"[184, 92]","[92, 184]",[0.050811654661319094],0.8587594793295369,COMPLETE
711,0.1600970169755752,2025-01-10 13:55:20.329876,2025-01-10 13:55:23.219369,0 days 00:00:02.889493,0.170732878781161,56.0,0.2,100,100.0,0.0008486945524801971,156,0.0003020066449575027,2,1,adam,"{'neurons_per_layer_encoder': [100], 'neurons_per_layer_decoder': [100, 50]}",100,"[100, 50]",[100],[0.1600970169755752],0.7373660014387575,COMPLETE
712,0.17904043687417415,2025-01-10 13:55:21.288357,2025-01-10 13:55:24.066070,0 days 00:00:02.777713,0.17052397121153723,56.0,0.2,104,100.0,0.0007457684820932998,176,0.0002855536214705193,2,1,adam,"{'neurons_per_layer_encoder': [104], 'neurons_per_layer_decoder': [104, 52]}",104,"[104, 52]",[104],[0.17904043687417415],0.734111144090868,COMPLETE
713,0.22050561185893736,2025-01-10 13:55:21.363544,2025-01-10 13:55:23.917527,0 days 00:00:02.553983,0.16920920007086096,56.0,0.2,92,100.0,0.0007800378045861421,164,0.0002923572132553203,1,1,adam,"{'neurons_per_layer_encoder': [92], 'neurons_per_layer_decoder': [92]}",92,[92],[92],[0.22050561185893736],0.6159207855291853,COMPLETE
714,0.2145808265985305,2025-01-10 13:55:21.407119,2025-01-10 13:55:24.167547,0 days 00:00:02.760428,0.1732153126158935,56.0,0.2,92,100.0,0.0007728891472660119,148,0.00029222462306025893,2,1,adam,"{'neurons_per_layer_encoder': [92], 'neurons_per_layer_decoder': [92, 46]}",92,"[92, 46]",[92],[0.2145808265985305],0.7211953620527495,COMPLETE
715,0.1930395548677457,2025-01-10 13:55:22.842324,2025-01-10 13:55:25.375476,0 days 00:00:02.533152,0.17292691514916736,48.0,0.2,104,100.0,0.0007114583233580392,128,0.0002935633562003737,1,1,adam,"{'neurons_per_layer_encoder': [104], 'neurons_per_layer_decoder': [104]}",104,[104],[104],[0.1930395548677457],0.5379409485861848,COMPLETE
716,0.3046353653112879,2025-01-10 13:55:23.229675,2025-01-10 13:55:26.136920,0 days 00:00:02.907245,0.17790782950495934,48.0,0.2,180,100.0,0.0006983393825915558,204,0.0002830968203501251,2,1,adam,"{'neurons_per_layer_encoder': [180], 'neurons_per_layer_decoder': [180, 90]}",180,"[180, 90]",[180],[0.3046353653112879],0.813095542136531,COMPLETE
717,0.23216294851275898,2025-01-10 13:55:23.928573,2025-01-10 13:55:26.580336,0 days 00:00:02.651763,0.17847462586682233,48.0,0.2,220,100.0,0.0007210884163861351,244,0.0003087007914937666,1,1,adam,"{'neurons_per_layer_encoder': [220], 'neurons_per_layer_decoder': [220]}",220,[220],[220],[0.23216294851275898],0.7243278943683853,COMPLETE
718,0.19448028827745534,2025-01-10 13:55:24.076896,2025-01-10 13:55:26.669559,0 days 00:00:02.592663,0.17776531857477418,48.0,0.2,176,100.0,0.0007172768574450961,200,0.0004474578968358554,1,1,adam,"{'neurons_per_layer_encoder': [176], 'neurons_per_layer_decoder': [176]}",176,[176],[176],[0.19448028827745534],0.6305556289379721,COMPLETE
719,0.19628258914323315,2025-01-10 13:55:24.179290,2025-01-10 13:55:26.829087,0 days 00:00:02.649797,0.1824100559655958,48.0,0.2,188,100.0,0.0006943652908955654,356,0.000312484673476964,1,1,adam,"{'neurons_per_layer_encoder': [188], 'neurons_per_layer_decoder': [188]}",188,[188],[188],[0.19628258914323315],0.7054759763041901,COMPLETE
720,0.08643877786768672,2025-01-10 13:55:25.387349,2025-01-10 13:55:28.070283,0 days 00:00:02.682934,0.18222535020262778,48.0,0.2,216,100.0,0.0006061948215622062,240,0.00042986775279352913,1,1,adam,"{'neurons_per_layer_encoder': [216], 'neurons_per_layer_decoder': [216]}",216,[216],[216],[0.08643877786768672],0.5904758846363645,COMPLETE
721,0.10352324753690345,2025-01-10 13:55:26.147830,2025-01-10 13:55:29.104934,0 days 00:00:02.957104,0.18180218500189624,48.0,0.2,176,100.0,0.0009387190418840272,200,0.0004289204422107877,2,1,adam,"{'neurons_per_layer_encoder': [176], 'neurons_per_layer_decoder': [176, 88]}",176,"[176, 88]",[176],[0.10352324753690345],0.7871459919563678,COMPLETE
722,0.19552055911658062,2025-01-10 13:55:26.592672,2025-01-10 13:55:29.382559,0 days 00:00:02.789887,0.18153856518011968,48.0,0.2,64,100.0,0.0006255841233007532,102,0.0003876611675058349,2,1,adam,"{'neurons_per_layer_encoder': [64], 'neurons_per_layer_decoder': [64, 32]}",64,"[64, 32]",[64],[0.19552055911658062],0.5378878738369685,COMPLETE
723,0.08294973233107461,2025-01-10 13:55:26.680621,2025-01-10 13:55:30.061198,0 days 00:00:03.380577,0.1829944421052133,48.0,0.2,180,100.0,0.0009125846583024645,220,0.000258979844223921,4,1,adam,"{'neurons_per_layer_encoder': [180], 'neurons_per_layer_decoder': [180, 90, 45, 22]}",180,"[180, 90, 45, 22]",[180],[0.08294973233107461],0.8533823886404229,COMPLETE
724,0.16197804148246353,2025-01-10 13:55:26.839450,2025-01-10 13:55:29.670929,0 days 00:00:02.831479,0.19094399269418705,48.0,0.2,176,100.0,0.0009577421543827281,216,0.0002544304411331678,2,1,adam,"{'neurons_per_layer_encoder': [176], 'neurons_per_layer_decoder': [176, 88]}",176,"[176, 88]",[176],[0.16197804148246353],0.8234791557436856,COMPLETE
725,0.15591850203815583,2025-01-10 13:55:28.080919,2025-01-10 13:55:30.935525,0 days 00:00:02.854606,0.19240099543250302,64.0,0.2,176,100.0,0.0009674786998944123,216,0.0003484267265743472,2,1,adam,"{'neurons_per_layer_encoder': [176], 'neurons_per_layer_decoder': [176, 88]}",176,"[176, 88]",[176],[0.15591850203815583],0.8165858322199453,COMPLETE
726,0.2285959738279496,2025-01-10 13:55:29.115719,2025-01-10 13:55:32.206048,0 days 00:00:03.090329,0.19423305482272563,40.0,0.2,252,100.0,0.0009976527433495563,276,0.00035293090198343586,2,1,adam,"{'neurons_per_layer_encoder': [252], 'neurons_per_layer_decoder': [252, 126]}",252,"[252, 126]",[252],[0.2285959738279496],0.8579633190529082,COMPLETE
727,0.04614045195234984,2025-01-10 13:55:30.071340,2025-01-10 13:55:32.170106,0 days 00:00:02.098766,0.16394991041010393,64.0,0.2,256,100.0,0.0009956694732388312,280,0.00033702184725150063,1,1,sgd,"{'neurons_per_layer_encoder': [256], 'neurons_per_layer_decoder': [256]}",256,[256],[256],[0.04614045195234984],0.8162264384644349,COMPLETE
728,-0.13409046710817996,2025-01-10 13:55:30.946034,2025-01-10 13:55:32.018855,0 days 00:00:01.072821,0.010059539269840193,40.0,0.2,252,100.0,0.0007795413000783418,276,0.00021516611047471928,2,1,sgd,"{'neurons_per_layer_encoder': [252], 'neurons_per_layer_decoder': [252, 126]}",252,"[252, 126]",[252],[-0.13409046710817996],0.8253776805482841,COMPLETE
729,0.17995553636095651,2025-01-10 13:55:32.216460,2025-01-10 13:55:34.655248,0 days 00:00:02.438788,0.19869937074352406,40.0,0.2,184,100.0,0.0006467278290196175,208,0.00025699071898411835,1,1,adam,"{'neurons_per_layer_encoder': [184], 'neurons_per_layer_decoder': [184]}",184,[184],[184],[0.17995553636095651],0.6289075257822362,COMPLETE
730,0.1955371907082305,2025-01-10 13:55:34.663556,2025-01-10 13:55:36.997025,0 days 00:00:02.333469,0.16569818693250163,40.0,0.2,180,100.0,0.00027719528208018077,220,0.00021686104927203203,1,1,adam,"{'neurons_per_layer_encoder': [180], 'neurons_per_layer_decoder': [180]}",180,[180],[180],[0.1955371907082305],0.3806610392512962,COMPLETE
731,0.19604993475452948,2025-01-10 13:55:57.783722,2025-01-10 13:56:00.531776,0 days 00:00:02.748054,0.1023788129976059,40.0,0.2,184,100.0,0.0007741586030025802,208,0.00025730037986742096,1,1,adam,"{'neurons_per_layer_encoder': [184], 'neurons_per_layer_decoder': [184]}",184,[184],[184],[0.19604993475452948],0.6744427817960403,COMPLETE
732,0.2506780952664105,2025-01-10 13:55:57.788908,2025-01-10 13:56:00.511133,0 days 00:00:02.722225,0.10279974281581064,40.0,0.2,184,100.0,0.0007880690637461971,208,0.00025009657724502896,1,1,adam,"{'neurons_per_layer_encoder': [184], 'neurons_per_layer_decoder': [184]}",184,[184],[184],[0.2506780952664105],0.7081517185521033,COMPLETE
733,0.22186593558423984,2025-01-10 13:55:57.814968,2025-01-10 13:56:00.510679,0 days 00:00:02.695711,0.176164259051433,40.0,0.2,100,100.0,0.0007545730645794975,188,0.0002706539001841637,1,1,adam,"{'neurons_per_layer_encoder': [100], 'neurons_per_layer_decoder': [100]}",100,[100],[100],[0.22186593558423984],0.5917034201530518,COMPLETE
734,0.20629452033759166,2025-01-10 13:55:57.817733,2025-01-10 13:56:00.470652,0 days 00:00:02.652919,0.1738650537509417,40.0,0.2,68,100.0,0.000796850334531854,122,0.00026410545837358187,1,1,adam,"{'neurons_per_layer_encoder': [68], 'neurons_per_layer_decoder': [68]}",68,[68],[68],[0.20629452033759166],0.5236073684184709,COMPLETE
735,0.1799302850680078,2025-01-10 13:55:57.867033,2025-01-10 13:56:00.602669,0 days 00:00:02.735636,0.1746147086749062,40.0,0.2,184,100.0,0.0007699052593237136,208,0.0002688425019666007,1,1,adam,"{'neurons_per_layer_encoder': [184], 'neurons_per_layer_decoder': [184]}",184,[184],[184],[0.1799302850680078],0.6725070805816641,COMPLETE
