number,value,datetime_start,datetime_complete,duration,params_alpha,params_batch_size,params_drop_out_rate,params_encoder_neurons_layer_1,params_epochs,params_lambda,params_latent_dim,params_learning_rate,params_num_layers_decoder,params_num_layers_encoder,params_optimizer,user_attrs_encoder_decoder_config,user_attrs_first_layer_neurons,user_attrs_neurons_per_layer_decoder,user_attrs_neurons_per_layer_encoder,user_attrs_r2_feature_1,user_attrs_relative_deterioration,state
0,0.03074763035489514,2025-01-10 13:40:28.282246,2025-01-10 13:40:32.865183,0 days 00:00:04.582937,0.01571977820027305,48.0,0.4,88,100.0,0.00015765271959862655,840,1.6402422104158202e-05,2,3,adam,"{'neurons_per_layer_encoder': [88, 176, 352], 'neurons_per_layer_decoder': [352, 176]}",88,"[352, 176]","[88, 176, 352]",[0.03074763035489514],0.7331962761496071,COMPLETE
1,-0.06591547191546399,2025-01-10 13:40:28.282290,2025-01-10 13:40:30.869055,0 days 00:00:02.586765,0.07890015159969346,96.0,0.2,136,100.0,8.411235441642336e-06,648,1.6263600899522283e-05,4,3,sgd,"{'neurons_per_layer_encoder': [136, 272, 544], 'neurons_per_layer_decoder': [544, 272, 136, 68]}",136,"[544, 272, 136, 68]","[136, 272, 544]",[-0.06591547191546399],0.1670592710955764,COMPLETE
2,-0.012677365782002736,2025-01-10 13:40:28.282428,2025-01-10 13:40:32.880725,0 days 00:00:04.598297,0.016338085880038586,48.0,0.30000000000000004,196,100.0,2.320818839853202e-06,856,0.00015612713506288283,3,3,adam,"{'neurons_per_layer_encoder': [196, 392, 784], 'neurons_per_layer_decoder': [784, 392, 196]}",196,"[784, 392, 196]","[196, 392, 784]",[-0.012677365782002736],-0.4577613603383389,COMPLETE
3,-0.028240364885415925,2025-01-10 13:40:28.282902,2025-01-10 13:40:30.726766,0 days 00:00:02.443864,0.018113634219851592,80.0,0.2,96,100.0,0.00011591640782811167,360,0.00012992423480878842,1,2,sgd,"{'neurons_per_layer_encoder': [96, 192], 'neurons_per_layer_decoder': [192]}",96,[192],"[96, 192]",[-0.028240364885415925],0.360870072989548,COMPLETE
4,-0.24556175675770153,2025-01-10 13:40:28.282829,2025-01-10 13:40:31.085641,0 days 00:00:02.802812,0.18484549965931324,56.0,0.1,224,100.0,0.00019268895126663298,424,0.0031256091458831603,5,1,adadelta,"{'neurons_per_layer_encoder': [224], 'neurons_per_layer_decoder': [224, 112, 56, 28, 14]}",224,"[224, 112, 56, 28, 14]",[224],[-0.24556175675770153],0.6001830758581566,COMPLETE
5,-0.11594423481379135,2025-01-10 13:40:30.738307,2025-01-10 13:40:32.057402,0 days 00:00:01.319095,0.01443317701232418,128.0,0.4,120,100.0,5.26978652539556e-05,472,0.00015647219602077294,3,2,sgd,"{'neurons_per_layer_encoder': [120, 240], 'neurons_per_layer_decoder': [240, 120, 60]}",120,"[240, 120, 60]","[120, 240]",[-0.11594423481379135],0.3402324823431605,COMPLETE
6,-0.3295821451927772,2025-01-10 13:40:30.881408,2025-01-10 13:40:44.723674,0 days 00:00:13.842266,0.036960147046828006,48.0,0.1,124,100.0,7.423904404350915e-05,3256,0.0003419963948598071,2,5,adam,"{'neurons_per_layer_encoder': [124, 248, 496, 992, 1984], 'neurons_per_layer_decoder': [1984, 992]}",124,"[1984, 992]","[124, 248, 496, 992, 1984]",[-0.3295821451927772],0.8214220304911718,COMPLETE
7,-0.11906377819361591,2025-01-10 13:40:31.096094,2025-01-10 13:40:33.776914,0 days 00:00:02.680820,0.09388397117485887,48.0,0.30000000000000004,4,100.0,4.292402841684848e-06,33,0.0036542453412863876,3,3,adadelta,"{'neurons_per_layer_encoder': [4, 8, 16], 'neurons_per_layer_decoder': [16, 8, 8]}",4,"[16, 8, 8]","[4, 8, 16]",[-0.11906377819361591],-0.4491121749282703,COMPLETE
8,0.048191896438256276,2025-01-10 13:40:32.065193,2025-01-10 13:40:35.409255,0 days 00:00:03.344062,0.032190429812167264,96.0,0.1,104,100.0,0.0001123047197240299,328,0.004808473106844029,2,2,sgd,"{'neurons_per_layer_encoder': [104, 208], 'neurons_per_layer_decoder': [208, 104]}",104,"[208, 104]","[104, 208]",[0.048191896438256276],0.4153712110001804,COMPLETE
9,-0.1691752038828258,2025-01-10 13:40:32.874686,2025-01-10 13:40:37.114749,0 days 00:00:04.240063,0.028044917484888465,112.0,0.2,208,100.0,2.7835028488681653e-05,1208,0.0017706025232673806,4,3,adadelta,"{'neurons_per_layer_encoder': [208, 416, 832], 'neurons_per_layer_decoder': [832, 416, 208, 104]}",208,"[832, 416, 208, 104]","[208, 416, 832]",[-0.1691752038828258],0.4613957690295805,COMPLETE
10,-0.06162350526214544,2025-01-10 13:40:32.905803,2025-01-10 13:40:37.326645,0 days 00:00:04.420842,0.04375886280627026,80.0,0.1,32,100.0,1.5341093340109573e-06,118,0.0007862684168538928,4,2,adam,"{'neurons_per_layer_encoder': [32, 64], 'neurons_per_layer_decoder': [64, 32, 16, 8]}",32,"[64, 32, 16, 8]","[32, 64]",[-0.06162350526214544],-1.2834257301820202,COMPLETE
11,-0.25541233706031363,2025-01-10 13:40:33.786571,2025-01-10 13:40:36.963479,0 days 00:00:03.176908,0.012376859801281425,80.0,0.2,152,100.0,1.0277300715241997e-05,744,0.0002168537269672597,1,2,adadelta,"{'neurons_per_layer_encoder': [152, 304], 'neurons_per_layer_decoder': [304]}",152,[304],"[152, 304]",[-0.25541233706031363],0.35880047213635,COMPLETE
12,-0.06642409638837066,2025-01-10 13:40:35.417321,2025-01-10 13:40:40.835438,0 days 00:00:05.418117,0.06036083460184107,80.0,0.30000000000000004,196,100.0,2.2980266715086527e-06,1512,0.0012689824381489634,2,3,adam,"{'neurons_per_layer_encoder': [196, 392, 784], 'neurons_per_layer_decoder': [784, 392]}",196,"[784, 392]","[196, 392, 784]",[-0.06642409638837066],-0.8940018893975908,COMPLETE
13,0.09661015069279999,2025-01-10 13:40:36.972625,2025-01-10 13:40:44.348690,0 days 00:00:07.376065,0.028249885534115324,112.0,0.4,180,100.0,2.632021352592508e-05,3384,0.0023983295965935656,3,4,adam,"{'neurons_per_layer_encoder': [180, 360, 720, 1440], 'neurons_per_layer_decoder': [1440, 720, 360]}",180,"[1440, 720, 360]","[180, 360, 720, 1440]",[0.09661015069279999],0.716512397229986,COMPLETE
14,-0.04366996075497287,2025-01-10 13:40:37.128522,2025-01-10 13:40:43.669176,0 days 00:00:06.540654,0.04630191597067876,104.0,0.1,36,100.0,0.0008257239533656385,1416,0.0008056176917414633,2,5,sgd,"{'neurons_per_layer_encoder': [36, 72, 144, 288, 576], 'neurons_per_layer_decoder': [576, 288]}",36,"[576, 288]","[36, 72, 144, 288, 576]",[-0.04366996075497287],0.9601661515109366,COMPLETE
15,-0.002671609886782944,2025-01-10 13:40:37.336051,2025-01-10 13:40:49.540511,0 days 00:00:12.204460,0.02840890081661076,32.0,0.4,72,100.0,0.0007848820608126438,2792,0.009416719958172176,2,5,adam,"{'neurons_per_layer_encoder': [72, 144, 288, 576, 1152], 'neurons_per_layer_decoder': [1152, 576]}",72,"[1152, 576]","[72, 144, 288, 576, 1152]",[-0.002671609886782944],0.8340359104574305,COMPLETE
16,-0.039837745811741376,2025-01-10 13:40:40.850524,2025-01-10 13:40:46.271495,0 days 00:00:05.420971,0.029055165468251175,32.0,0.4,68,100.0,0.0009537487231526365,2408,1.2393641668751599e-05,2,5,sgd,"{'neurons_per_layer_encoder': [68, 136, 272, 544, 1088], 'neurons_per_layer_decoder': [1088, 544]}",68,"[1088, 544]","[68, 136, 272, 544, 1088]",[-0.039837745811741376],0.9813078725291376,COMPLETE
17,-1.397768241098973,2025-01-10 13:40:43.681116,2025-01-10 13:40:50.012524,0 days 00:00:06.331408,0.025149960831256674,64.0,0.4,80,100.0,0.0003022206826568389,3144,0.008660276702863842,2,5,adam,"{'neurons_per_layer_encoder': [80, 160, 320, 640, 1280], 'neurons_per_layer_decoder': [1280, 640]}",80,"[1280, 640]","[80, 160, 320, 640, 1280]",[-1.397768241098973],0.892147472583246,COMPLETE
18,-2.84636556195052,2025-01-10 13:40:44.362497,2025-01-10 13:40:52.362574,0 days 00:00:08.000077,0.027198113091715725,128.0,0.4,164,100.0,3.0031991654833326e-05,3288,0.009229369441077884,2,5,adam,"{'neurons_per_layer_encoder': [164, 328, 656, 1312, 2624], 'neurons_per_layer_decoder': [2624, 1312]}",164,"[2624, 1312]","[164, 328, 656, 1312, 2624]",[-2.84636556195052],0.40204223708227166,COMPLETE
19,-0.005807142320493952,2025-01-10 13:40:44.734826,2025-01-10 13:40:55.991772,0 days 00:00:11.256946,0.026368539299136448,128.0,0.4,256,100.0,0.00037787369007338025,5000,0.003978151176575676,1,4,sgd,"{'neurons_per_layer_encoder': [256, 512, 1024, 2048], 'neurons_per_layer_decoder': [2048]}",256,[2048],"[256, 512, 1024, 2048]",[-0.005807142320493952],0.9693345805388562,COMPLETE
20,-1.011883717632898,2025-01-10 13:40:46.284941,2025-01-10 13:40:53.229045,0 days 00:00:06.944104,0.02439061554517394,128.0,0.30000000000000004,248,100.0,2.2152530307959286e-05,4872,0.008920410782128541,1,4,adam,"{'neurons_per_layer_encoder': [248, 496, 992, 1984], 'neurons_per_layer_decoder': [1984]}",248,[1984],"[248, 496, 992, 1984]",[-1.011883717632898],0.45330182250705786,COMPLETE
21,-0.11190063383593474,2025-01-10 13:40:49.553154,2025-01-10 13:40:53.987015,0 days 00:00:04.433861,0.021036845071562733,128.0,0.30000000000000004,168,100.0,2.407414981614543e-05,2120,0.005937014903628673,5,4,sgd,"{'neurons_per_layer_encoder': [168, 336, 672, 1344], 'neurons_per_layer_decoder': [1344, 672, 336, 168, 84]}",168,"[1344, 672, 336, 168, 84]","[168, 336, 672, 1344]",[-0.11190063383593474],0.6303871895931455,COMPLETE
22,-0.15531569853132754,2025-01-10 13:40:50.024663,2025-01-10 13:40:54.405137,0 days 00:00:04.380474,0.11381181474656192,128.0,0.30000000000000004,168,100.0,2.1052074624124803e-05,2040,0.0043011249314447485,5,4,sgd,"{'neurons_per_layer_encoder': [168, 336, 672, 1344], 'neurons_per_layer_decoder': [1344, 672, 336, 168, 84]}",168,"[1344, 672, 336, 168, 84]","[168, 336, 672, 1344]",[-0.15531569853132754],0.606337781785153,COMPLETE
23,-0.01571807957135296,2025-01-10 13:40:52.374575,2025-01-10 13:41:01.205309,0 days 00:00:08.830734,0.14116027993859823,96.0,0.30000000000000004,256,100.0,1.4434277504715836e-05,5064,5.222212885887613e-05,5,4,sgd,"{'neurons_per_layer_encoder': [256, 512, 1024, 2048], 'neurons_per_layer_decoder': [2048, 1024, 512, 256, 128]}",256,"[2048, 1024, 512, 256, 128]","[256, 512, 1024, 2048]",[-0.01571807957135296],0.626197713444129,COMPLETE
24,-0.04044904526400739,2025-01-10 13:40:53.238447,2025-01-10 13:41:01.203898,0 days 00:00:07.965451,0.010893791089394532,96.0,0.2,172,100.0,1.2677336355172141e-05,2200,0.003171041659079725,5,4,sgd,"{'neurons_per_layer_encoder': [172, 344, 688, 1376], 'neurons_per_layer_decoder': [1376, 688, 344, 172, 86]}",172,"[1376, 688, 344, 172, 86]","[172, 344, 688, 1376]",[-0.04044904526400739],0.41458706936321926,COMPLETE
25,-0.09104022802601186,2025-01-10 13:40:53.995645,2025-01-10 13:41:01.195521,0 days 00:00:07.199876,0.011640475837932046,96.0,0.4,108,100.0,0.0003597285162070618,1160,4.7062440961148446e-05,3,4,adam,"{'neurons_per_layer_encoder': [108, 216, 432, 864], 'neurons_per_layer_decoder': [864, 432, 216]}",108,"[864, 432, 216]","[108, 216, 432, 864]",[-0.09104022802601186],0.9366612961615245,COMPLETE
26,-0.14671097479032813,2025-01-10 13:40:54.414974,2025-01-10 13:40:58.328083,0 days 00:00:03.913109,0.010252095614194618,96.0,0.4,96,100.0,0.0002877098843045969,152,3.890462125780022e-05,3,1,adam,"{'neurons_per_layer_encoder': [96], 'neurons_per_layer_decoder': [96, 48, 24]}",96,"[96, 48, 24]",[96],[-0.14671097479032813],0.44783010953606084,COMPLETE
27,0.015724494247208676,2025-01-10 13:40:56.002396,2025-01-10 13:41:00.746697,0 days 00:00:04.744301,0.01177177287545956,96.0,0.4,104,100.0,0.0001041801638825173,176,4.0880037588640054e-05,3,1,adam,"{'neurons_per_layer_encoder': [104], 'neurons_per_layer_decoder': [104, 52, 26]}",104,"[104, 52, 26]",[104],[0.015724494247208676],0.398793387694466,COMPLETE
28,0.033359302077071495,2025-01-10 13:40:58.336193,2025-01-10 13:41:02.772793,0 days 00:00:04.436600,0.039801349717157854,112.0,0.2,104,100.0,0.00011621648929716573,328,5.0317286115013314e-05,3,2,adam,"{'neurons_per_layer_encoder': [104, 208], 'neurons_per_layer_decoder': [208, 104, 52]}",104,"[208, 104, 52]","[104, 208]",[0.033359302077071495],0.4769275540196776,COMPLETE
29,0.08490449188603622,2025-01-10 13:41:00.755812,2025-01-10 13:41:04.381609,0 days 00:00:03.625797,0.03750899904508222,104.0,0.2,52,100.0,5.7018062268152184e-05,208,0.0020978789303636347,3,2,adam,"{'neurons_per_layer_encoder': [52, 104], 'neurons_per_layer_decoder': [104, 52, 26]}",52,"[104, 52, 26]","[52, 104]",[0.08490449188603622],-0.4042346044199318,COMPLETE
30,0.023891101258526448,2025-01-10 13:41:01.211835,2025-01-10 13:41:04.607825,0 days 00:00:03.395990,0.03739690424125322,112.0,0.1,52,100.0,5.140963754393794e-05,208,0.0004977273755605765,4,2,adam,"{'neurons_per_layer_encoder': [52, 104], 'neurons_per_layer_decoder': [104, 52, 26, 13]}",52,"[104, 52, 26, 13]","[52, 104]",[0.023891101258526448],-0.5126897469368207,COMPLETE
31,0.02151982516196005,2025-01-10 13:41:01.215205,2025-01-10 13:41:04.708732,0 days 00:00:03.493527,0.03609607323763806,112.0,0.1,144,100.0,4.866573226137689e-05,424,0.00045059713566151133,4,2,adam,"{'neurons_per_layer_encoder': [144, 288], 'neurons_per_layer_decoder': [288, 144, 72, 36]}",144,"[288, 144, 72, 36]","[144, 288]",[0.02151982516196005],0.029657852902068415,COMPLETE
32,0.11763065679563367,2025-01-10 13:41:01.215970,2025-01-10 13:41:05.197890,0 days 00:00:03.981920,0.03569538779665266,112.0,0.1,132,100.0,6.008780017256836e-05,368,0.0004790520584332943,4,2,adam,"{'neurons_per_layer_encoder': [132, 264], 'neurons_per_layer_decoder': [264, 132, 66, 33]}",132,"[264, 132, 66, 33]","[132, 264]",[0.11763065679563367],0.15953388482949332,COMPLETE
33,0.07948379028744823,2025-01-10 13:41:02.781068,2025-01-10 13:41:06.713446,0 days 00:00:03.932378,0.035711882192577864,112.0,0.1,148,100.0,5.370588663192561e-05,384,0.0004874608125947038,4,2,adam,"{'neurons_per_layer_encoder': [148, 296], 'neurons_per_layer_decoder': [296, 148, 74, 37]}",148,"[296, 148, 74, 37]","[148, 296]",[0.07948379028744823],0.08282205427535586,COMPLETE
34,-0.03243378063999813,2025-01-10 13:41:04.390275,2025-01-10 13:41:07.346347,0 days 00:00:02.956072,0.051261474461033955,112.0,0.1,60,100.0,5.3806436060109096e-05,208,0.0017821845665940547,4,2,adadelta,"{'neurons_per_layer_encoder': [60, 120], 'neurons_per_layer_decoder': [120, 60, 30, 15]}",60,"[120, 60, 30, 15]","[60, 120]",[-0.03243378063999813],0.05616557303710049,COMPLETE
35,-0.12309026207597729,2025-01-10 13:41:04.615380,2025-01-10 13:41:07.749472,0 days 00:00:03.134092,0.054775335963621496,112.0,0.2,136,100.0,4.1566431332080596e-05,360,0.002141939434224839,3,2,adam,"{'neurons_per_layer_encoder': [136, 272], 'neurons_per_layer_decoder': [272, 136, 68]}",136,"[272, 136, 68]","[136, 272]",[-0.12309026207597729],-0.3582789304677389,COMPLETE
36,0.12753799399314603,2025-01-10 13:41:04.717935,2025-01-10 13:41:07.743490,0 days 00:00:03.025555,0.061792815123467536,104.0,0.2,56,100.0,0.0001803985028290076,77,0.0018581481558797594,3,1,adam,"{'neurons_per_layer_encoder': [56], 'neurons_per_layer_decoder': [56, 28, 14]}",56,"[56, 28, 14]",[56],[0.12753799399314603],-0.1641107227591209,COMPLETE
37,0.06831018575489689,2025-01-10 13:41:05.206199,2025-01-10 13:41:08.441939,0 days 00:00:03.235740,0.051393966158257094,104.0,0.1,56,100.0,6.30625230883633e-06,77,0.0018295969172896882,4,1,adam,"{'neurons_per_layer_encoder': [56], 'neurons_per_layer_decoder': [56, 28, 14, 8]}",56,"[56, 28, 14, 8]",[56],[0.06831018575489689],-2.2131813958122106,COMPLETE
38,0.006176349957551341,2025-01-10 13:41:06.721385,2025-01-10 13:41:10.086241,0 days 00:00:03.364856,0.05534002199639189,120.0,0.2,192,100.0,7.40447639784542e-06,296,0.0018561864702302854,4,1,adam,"{'neurons_per_layer_encoder': [192], 'neurons_per_layer_decoder': [192, 96, 48, 24]}",192,"[192, 96, 48, 24]",[192],[0.006176349957551341],-1.63755671580653,COMPLETE
39,0.046253708330962984,2025-01-10 13:41:07.354303,2025-01-10 13:41:10.657683,0 days 00:00:03.303380,0.06029096860796345,120.0,0.2,188,100.0,4.6782221841749025e-06,276,0.000943190482155633,4,1,adam,"{'neurons_per_layer_encoder': [188], 'neurons_per_layer_decoder': [188, 94, 47, 23]}",188,"[188, 94, 47, 23]",[188],[0.046253708330962984],-1.3450374436321784,COMPLETE
40,-0.0009911124304129437,2025-01-10 13:41:07.755438,2025-01-10 13:41:11.008891,0 days 00:00:03.253453,0.07327011445251987,120.0,0.2,4,100.0,0.0002005464811760411,4,0.0010167337000058167,3,1,adam,"{'neurons_per_layer_encoder': [4], 'neurons_per_layer_decoder': [8, 8, 8]}",4,"[8, 8, 8]",[4],[-0.0009911124304129437],-0.35443536932692443,COMPLETE
41,0.08980234142981891,2025-01-10 13:41:07.757997,2025-01-10 13:41:10.859076,0 days 00:00:03.101079,0.06848058166915447,120.0,0.2,4,100.0,0.00018237751472785223,4,0.001196521772747381,3,1,adam,"{'neurons_per_layer_encoder': [4], 'neurons_per_layer_decoder': [8, 8, 8]}",4,"[8, 8, 8]",[4],[0.08980234142981891],-0.2417638571355492,COMPLETE
42,-0.0588642492605691,2025-01-10 13:41:08.450367,2025-01-10 13:41:11.555049,0 days 00:00:03.104682,0.06887517166893917,120.0,0.2,8,100.0,0.0001887032081926456,8,0.0009119436891847686,3,1,adam,"{'neurons_per_layer_encoder': [8], 'neurons_per_layer_decoder': [8, 8, 8]}",8,"[8, 8, 8]",[8],[-0.0588642492605691],-0.7401666614870561,COMPLETE
43,-0.026534211932117024,2025-01-10 13:41:10.095069,2025-01-10 13:41:11.983209,0 days 00:00:01.888140,0.0696669258073335,88.0,0.2,8,100.0,0.000200081926816881,8,0.0010239130061422228,3,1,adam,"{'neurons_per_layer_encoder': [8], 'neurons_per_layer_decoder': [8, 8, 8]}",8,"[8, 8, 8]",[8],[-0.026534211932117024],-0.0047281874156837695,COMPLETE
44,0.049095928978947656,2025-01-10 13:41:10.665815,2025-01-10 13:41:14.401035,0 days 00:00:03.735220,0.07623056201591397,88.0,0.2,12,100.0,0.0001758299885768206,68,0.0012054304668774973,3,3,adam,"{'neurons_per_layer_encoder': [12, 24, 48], 'neurons_per_layer_decoder': [48, 24, 12]}",12,"[48, 24, 12]","[12, 24, 48]",[0.049095928978947656],-0.009564151201810108,COMPLETE
45,-0.005450178828240615,2025-01-10 13:41:10.868982,2025-01-10 13:41:13.889844,0 days 00:00:03.020862,0.07851242007941424,104.0,0.2,4,100.0,0.00019169860086008003,4,0.001143955593232801,3,1,adam,"{'neurons_per_layer_encoder': [4], 'neurons_per_layer_decoder': [8, 8, 8]}",4,"[8, 8, 8]",[4],[-0.005450178828240615],-0.4555559744324234,COMPLETE
46,0.07086163163449921,2025-01-10 13:41:11.017217,2025-01-10 13:41:14.567248,0 days 00:00:03.550031,0.0770241923538718,104.0,0.2,20,100.0,8.08303650017034e-05,104,0.0026179020856308436,3,3,adam,"{'neurons_per_layer_encoder': [20, 40, 80], 'neurons_per_layer_decoder': [80, 40, 20]}",20,"[80, 40, 20]","[20, 40, 80]",[0.07086163163449921],-0.2760968521662901,COMPLETE
47,-0.12864836389280732,2025-01-10 13:41:11.563467,2025-01-10 13:41:13.904575,0 days 00:00:02.341108,0.0962943614574068,104.0,0.2,24,100.0,8.617347050427106e-05,120,0.0013788431903558912,3,3,adam,"{'neurons_per_layer_encoder': [24, 48, 96], 'neurons_per_layer_decoder': [96, 48, 24]}",24,"[96, 48, 24]","[24, 48, 96]",[-0.12864836389280732],0.012288162745444718,COMPLETE
48,0.07522767525408691,2025-01-10 13:41:11.991093,2025-01-10 13:41:15.668200,0 days 00:00:03.677107,0.10354885538720002,104.0,0.2,28,100.0,7.865093141583799e-05,136,0.0023163692819791687,3,3,adam,"{'neurons_per_layer_encoder': [28, 56, 112], 'neurons_per_layer_decoder': [112, 56, 28]}",28,"[112, 56, 28]","[28, 56, 112]",[0.07522767525408691],-0.11267013517840732,COMPLETE
49,0.035313735918200195,2025-01-10 13:41:13.898675,2025-01-10 13:41:17.363628,0 days 00:00:03.464953,0.09318521658559908,104.0,0.2,32,100.0,8.012673133094048e-05,168,0.002341520789997224,3,3,adadelta,"{'neurons_per_layer_encoder': [32, 64, 128], 'neurons_per_layer_decoder': [128, 64, 32]}",32,"[128, 64, 32]","[32, 64, 128]",[0.035313735918200195],0.38536713352425245,COMPLETE
50,0.021436397350242165,2025-01-10 13:41:13.913669,2025-01-10 13:41:17.577237,0 days 00:00:03.663568,0.01983721474569542,88.0,0.30000000000000004,44,100.0,8.172030823105328e-05,248,0.0028950810944739463,3,3,adadelta,"{'neurons_per_layer_encoder': [44, 88, 176], 'neurons_per_layer_decoder': [176, 88, 44]}",44,"[176, 88, 44]","[44, 88, 176]",[0.021436397350242165],0.37916824697647095,COMPLETE
51,-0.08936478010898874,2025-01-10 13:41:14.410051,2025-01-10 13:41:17.004029,0 days 00:00:02.593978,0.020670110195778652,88.0,0.30000000000000004,44,100.0,0.0005362129762436563,232,0.0026526223287953268,3,3,adadelta,"{'neurons_per_layer_encoder': [44, 88, 176], 'neurons_per_layer_decoder': [176, 88, 44]}",44,"[176, 88, 44]","[44, 88, 176]",[-0.08936478010898874],0.8164714927367696,COMPLETE
52,-0.20989975432560226,2025-01-10 13:41:14.575441,2025-01-10 13:41:16.571173,0 days 00:00:01.995732,0.01956286931238714,88.0,0.30000000000000004,44,100.0,3.638722683509243e-05,232,0.0002701752338895466,2,3,adadelta,"{'neurons_per_layer_encoder': [44, 88, 176], 'neurons_per_layer_decoder': [176, 88]}",44,"[176, 88]","[44, 88, 176]",[-0.20989975432560226],0.1505179376123818,COMPLETE
53,-0.13700373602001892,2025-01-10 13:41:15.676789,2025-01-10 13:41:17.691930,0 days 00:00:02.015141,0.019765354117245653,88.0,0.30000000000000004,44,100.0,0.0005511155333111481,160,0.0006388053141743471,2,2,adadelta,"{'neurons_per_layer_encoder': [44, 88], 'neurons_per_layer_decoder': [88, 44]}",44,"[88, 44]","[44, 88]",[-0.13700373602001892],0.708344895343653,COMPLETE
54,-0.20514615873131192,2025-01-10 13:41:16.578239,2025-01-10 13:41:18.690878,0 days 00:00:02.112639,0.02147844397439938,64.0,0.30000000000000004,216,100.0,0.00013032608437189624,520,0.000571875776398772,3,2,adadelta,"{'neurons_per_layer_encoder': [216, 432], 'neurons_per_layer_decoder': [432, 216, 108]}",216,"[432, 216, 108]","[216, 432]",[-0.20514615873131192],0.6397180982784392,COMPLETE
