number,value,datetime_start,datetime_complete,duration,params_alpha,params_batch_size,params_drop_out_rate,params_encoder_neurons_layer_1,params_epochs,params_lambda,params_latent_dim,params_learning_rate,params_num_layers_decoder,params_num_layers_encoder,params_optimizer,user_attrs_encoder_decoder_config,user_attrs_first_layer_neurons,user_attrs_neurons_per_layer_decoder,user_attrs_neurons_per_layer_encoder,user_attrs_r2_feature_1,user_attrs_relative_deterioration,state
1115,-0.17616269773229432,2025-01-10 14:00:46.122334,2025-01-10 14:00:48.394371,0 days 00:00:02.272037,0.16941846761052157,48.0,0.2,64,100.0,0.0008722425376887705,440,0.00033809330465069527,1,3,adadelta,"{'neurons_per_layer_encoder': [64, 128, 256], 'neurons_per_layer_decoder': [256]}",64,[256],"[64, 128, 256]",[-0.17616269773229432],0.8774921747235436,COMPLETE
1116,0.1476712043741868,2025-01-10 14:00:46.628176,2025-01-10 14:00:49.190129,0 days 00:00:02.561953,0.1594004147798567,48.0,0.2,68,100.0,0.0008259946411810977,154,0.00033074686671728245,1,1,adam,"{'neurons_per_layer_encoder': [68], 'neurons_per_layer_decoder': [68]}",68,[68],[68],[0.1476712043741868],0.49525140501908027,COMPLETE
1117,0.21494523093076845,2025-01-10 14:00:46.907299,2025-01-10 14:00:49.437171,0 days 00:00:02.529872,0.16022514596675191,56.0,0.2,64,100.0,0.0008544703977022691,134,0.00034717840126214614,1,1,adam,"{'neurons_per_layer_encoder': [64], 'neurons_per_layer_decoder': [64]}",64,[64],[64],[0.21494523093076845],0.5672786074542797,COMPLETE
1118,0.2018722353608685,2025-01-10 14:00:47.367686,2025-01-10 14:00:49.907362,0 days 00:00:02.539676,0.028514353351619483,48.0,0.2,64,100.0,0.0007117017608503428,86,0.0003369530889480841,1,1,adam,"{'neurons_per_layer_encoder': [64], 'neurons_per_layer_decoder': [64]}",64,[64],[64],[0.2018722353608685],0.4190277519654616,COMPLETE
1119,0.2381104834838923,2025-01-10 14:00:47.601641,2025-01-10 14:00:50.115889,0 days 00:00:02.514248,0.17780357387920753,56.0,0.4,76,100.0,0.0007382410798664377,147,0.0003122524418824735,1,1,adam,"{'neurons_per_layer_encoder': [76], 'neurons_per_layer_decoder': [76]}",76,[76],[76],[0.2381104834838923],0.6224666594401579,COMPLETE
1120,0.1746167994815998,2025-01-10 14:00:48.404675,2025-01-10 14:00:51.286268,0 days 00:00:02.881593,0.15935091528873477,56.0,0.2,76,100.0,0.0007430594530830497,147,0.0003003351534711437,1,1,adam,"{'neurons_per_layer_encoder': [76], 'neurons_per_layer_decoder': [76]}",76,[76],[76],[0.1746167994815998],0.5451861665756776,COMPLETE
1121,-0.008179662014834,2025-01-10 14:00:49.201776,2025-01-10 14:00:54.654014,0 days 00:00:05.452238,0.17821311027140055,56.0,0.2,212,100.0,0.0007102163136476322,1800,0.0002940238371952272,1,3,adam,"{'neurons_per_layer_encoder': [212, 424, 848], 'neurons_per_layer_decoder': [848]}",212,[848],"[212, 424, 848]",[-0.008179662014834],0.948670200455732,COMPLETE
1122,-0.10840361061575288,2025-01-10 14:00:49.448463,2025-01-10 14:00:50.891807,0 days 00:00:01.443344,0.17702585523202302,56.0,0.4,76,100.0,7.415289942220616e-05,147,0.0002950846249225599,1,1,adam,"{'neurons_per_layer_encoder': [76], 'neurons_per_layer_decoder': [76]}",76,[76],[76],[-0.10840361061575288],-0.105481588619781,COMPLETE
1123,0.1807280641189235,2025-01-10 14:00:49.918788,2025-01-10 14:00:52.800748,0 days 00:00:02.881960,0.17634102572810859,56.0,0.2,56,100.0,0.00012517488533876555,109,0.000294873344330376,1,1,adam,"{'neurons_per_layer_encoder': [56], 'neurons_per_layer_decoder': [56]}",56,[56],[56],[0.1807280641189235],-0.23279894436188928,COMPLETE
1124,0.0862184375045092,2025-01-10 14:00:50.127331,2025-01-10 14:00:52.012462,0 days 00:00:01.885131,0.17697673548467308,48.0,0.2,20,100.0,0.0005761881633344051,22,0.0002864707319669345,1,1,adam,"{'neurons_per_layer_encoder': [20], 'neurons_per_layer_decoder': [20]}",20,[20],[20],[0.0862184375045092],0.15668530376160236,COMPLETE
1125,-0.014685496912942186,2025-01-10 14:00:50.905077,2025-01-10 14:00:54.751684,0 days 00:00:03.846607,0.15248686205728218,48.0,0.2,56,100.0,0.0005622739553243273,248,0.0004597008575358421,1,3,adam,"{'neurons_per_layer_encoder': [56, 112, 224], 'neurons_per_layer_decoder': [224]}",56,[224],"[56, 112, 224]",[-0.014685496912942186],0.7574740471582028,COMPLETE
1126,0.17548701057162586,2025-01-10 14:00:51.300900,2025-01-10 14:00:54.244130,0 days 00:00:02.943230,0.17581743802115843,48.0,0.2,56,100.0,0.000570752317842734,109,0.000452047428148044,1,1,adam,"{'neurons_per_layer_encoder': [56], 'neurons_per_layer_decoder': [56]}",56,[56],[56],[0.17548701057162586],0.22697163562804343,COMPLETE
1127,0.18549779176611592,2025-01-10 14:00:52.023489,2025-01-10 14:00:55.396658,0 days 00:00:03.373169,0.14988645323787686,48.0,0.2,40,100.0,0.0004674124261290988,184,0.0005315699552977473,1,3,adam,"{'neurons_per_layer_encoder': [40, 80, 160], 'neurons_per_layer_decoder': [160]}",40,[160],"[40, 80, 160]",[0.18549779176611592],0.7112445645501625,COMPLETE
1128,0.13611650220774973,2025-01-10 14:00:52.811459,2025-01-10 14:00:56.371911,0 days 00:00:03.560452,0.15088616409043898,48.0,0.2,48,100.0,0.00047000022898712525,280,0.0004582801830435626,1,3,adam,"{'neurons_per_layer_encoder': [48, 96, 192], 'neurons_per_layer_decoder': [192]}",48,[192],"[48, 96, 192]",[0.13611650220774973],0.74231336656293,COMPLETE
1129,0.03524862944184448,2025-01-10 14:00:54.255842,2025-01-10 14:00:56.787979,0 days 00:00:02.532137,0.14973021975784012,88.0,0.2,48,100.0,0.000472744457297496,100,0.0005181750946116291,1,1,adam,"{'neurons_per_layer_encoder': [48], 'neurons_per_layer_decoder': [48]}",48,[48],[48],[0.03524862944184448],0.05754694986372953,COMPLETE
1130,0.12471742963587296,2025-01-10 14:00:54.666201,2025-01-10 14:00:57.225600,0 days 00:00:02.559399,0.15106843773407627,48.0,0.2,48,100.0,0.0004736833074579973,100,0.00024434251493751704,1,1,adam,"{'neurons_per_layer_encoder': [48], 'neurons_per_layer_decoder': [48]}",48,[48],[48],[0.12471742963587296],0.1852889558681346,COMPLETE
1131,-0.07634436289193136,2025-01-10 14:00:54.763637,2025-01-10 14:00:56.402984,0 days 00:00:01.639347,0.03952376209011695,88.0,0.2,44,100.0,0.0004875831134050942,80,0.00024501668803188957,2,1,adam,"{'neurons_per_layer_encoder': [44], 'neurons_per_layer_decoder': [44, 22]}",44,"[44, 22]",[44],[-0.07634436289193136],0.3238869539014156,COMPLETE
1132,0.08882691235907003,2025-01-10 14:00:55.406777,2025-01-10 14:00:57.947476,0 days 00:00:02.540699,0.16460561033973128,96.0,0.2,196,100.0,0.00045725806905583835,236,0.00024863150361108537,1,1,adam,"{'neurons_per_layer_encoder': [196], 'neurons_per_layer_decoder': [196]}",196,[196],[196],[0.08882691235907003],0.5235075683302304,COMPLETE
1133,0.11497559524339307,2025-01-10 14:00:56.384504,2025-01-10 14:00:59.131739,0 days 00:00:02.747235,0.10135189188341578,88.0,0.2,44,100.0,0.00043901600652629684,80,0.0002436229206621098,2,1,adam,"{'neurons_per_layer_encoder': [44], 'neurons_per_layer_decoder': [44, 22]}",44,"[44, 22]",[44],[0.11497559524339307],0.3161129524123666,COMPLETE
1134,0.21945625596054597,2025-01-10 14:00:56.415631,2025-01-10 14:00:58.962432,0 days 00:00:02.546801,0.16466747889660516,48.0,0.2,28,100.0,0.00044226679667964106,46,0.00024109193602036766,1,1,adam,"{'neurons_per_layer_encoder': [28], 'neurons_per_layer_decoder': [28]}",28,[28],[28],[0.21945625596054597],0.0072331874519222265,COMPLETE
1135,0.26565483617794694,2025-01-10 14:00:56.798889,2025-01-10 14:00:59.457144,0 days 00:00:02.658255,0.04962300020540913,48.0,0.2,196,100.0,0.0005744006254802892,220,0.0002459766276932525,1,1,adam,"{'neurons_per_layer_encoder': [196], 'neurons_per_layer_decoder': [196]}",196,[196],[196],[0.26565483617794694],0.6665118192819399,COMPLETE
1136,0.23661238471910206,2025-01-10 14:00:57.236901,2025-01-10 14:01:00.025036,0 days 00:00:02.788135,0.16417686635824796,48.0,0.2,200,100.0,0.0005637907933855618,352,0.0002510541704476998,1,1,adam,"{'neurons_per_layer_encoder': [200], 'neurons_per_layer_decoder': [200]}",200,[200],[200],[0.23661238471910206],0.6946176631292063,COMPLETE
1137,0.09901924907044446,2025-01-10 14:00:57.958454,2025-01-10 14:01:00.507340,0 days 00:00:02.548886,0.16724407880962464,48.0,0.2,28,100.0,0.0006696700452927361,46,0.00038425767317040087,1,1,adam,"{'neurons_per_layer_encoder': [28], 'neurons_per_layer_decoder': [28]}",28,[28],[28],[0.09901924907044446],0.06933239822796029,COMPLETE
1138,-0.03644848282699065,2025-01-10 14:00:58.973774,2025-01-10 14:01:00.332930,0 days 00:00:01.359156,0.1823143528936636,40.0,0.2,68,100.0,0.0006741373803716688,154,0.0003832049262009412,1,1,adam,"{'neurons_per_layer_encoder': [68], 'neurons_per_layer_decoder': [68]}",68,[68],[68],[-0.03644848282699065],0.367127389089618,COMPLETE
1139,0.21961818112550602,2025-01-10 14:00:59.143180,2025-01-10 14:01:01.801364,0 days 00:00:02.658184,0.13568571211499805,40.0,0.2,84,100.0,0.0006489910818139607,156,0.00038561277557696666,1,1,adam,"{'neurons_per_layer_encoder': [84], 'neurons_per_layer_decoder': [84]}",84,[84],[84],[0.21961818112550602],0.4861940323427738,COMPLETE
1140,0.21175180871522303,2025-01-10 14:00:59.468601,2025-01-10 14:01:02.086313,0 days 00:00:02.617712,0.060840934682928144,40.0,0.2,40,100.0,0.0006816198185086264,60,0.001201052836444168,1,1,adam,"{'neurons_per_layer_encoder': [40], 'neurons_per_layer_decoder': [40]}",40,[40],[40],[0.21175180871522303],0.010426791130401142,COMPLETE
1141,0.23271001066010966,2025-01-10 14:01:00.035780,2025-01-10 14:01:02.633294,0 days 00:00:02.597514,0.18106835922509246,40.0,0.2,84,100.0,0.0006544733021823267,156,0.00040310788897352396,1,1,adam,"{'neurons_per_layer_encoder': [84], 'neurons_per_layer_decoder': [84]}",84,[84],[84],[0.23271001066010966],0.4816570296046601,COMPLETE
1142,0.26207200603518754,2025-01-10 14:01:00.344386,2025-01-10 14:01:02.942335,0 days 00:00:02.597949,0.13402635756558604,40.0,0.2,84,100.0,0.0006506042874232657,188,0.0003795203223917259,1,1,adam,"{'neurons_per_layer_encoder': [84], 'neurons_per_layer_decoder': [84]}",84,[84],[84],[0.26207200603518754],0.5205974404015247,COMPLETE
1143,-0.017847337474112157,2025-01-10 14:01:00.520249,2025-01-10 14:01:01.958071,0 days 00:00:01.437822,0.13250249844553455,40.0,0.2,40,100.0,0.00040000861583954953,60,0.001141256490162073,1,1,adam,"{'neurons_per_layer_encoder': [40], 'neurons_per_layer_decoder': [40]}",40,[40],[40],[-0.017847337474112157],-0.060501740534585596,COMPLETE
1144,0.16091329019879108,2025-01-10 14:01:01.813236,2025-01-10 14:01:06.597603,0 days 00:00:04.784367,0.18044580572091443,48.0,0.2,40,100.0,0.0005640358354808352,1240,0.0002964070561685486,1,5,adam,"{'neurons_per_layer_encoder': [40, 80, 160, 320, 640], 'neurons_per_layer_decoder': [640]}",40,[640],"[40, 80, 160, 320, 640]",[0.16091329019879108],0.9369797279434118,COMPLETE
1145,0.11710596796779649,2025-01-10 14:01:01.970048,2025-01-10 14:01:04.606892,0 days 00:00:02.636844,0.06242977274141702,48.0,0.2,72,100.0,0.0005559835263640365,159,0.0002809943164834273,1,1,adam,"{'neurons_per_layer_encoder': [72], 'neurons_per_layer_decoder': [72]}",72,[72],[72],[0.11710596796779649],0.3102565644169045,COMPLETE
1146,-0.08053518852403552,2025-01-10 14:01:02.097776,2025-01-10 14:01:03.538889,0 days 00:00:01.441113,0.178721523586575,48.0,0.2,84,100.0,0.000510535950872887,188,0.0002941151541177528,1,1,adam,"{'neurons_per_layer_encoder': [84], 'neurons_per_layer_decoder': [84]}",84,[84],[84],[-0.08053518852403552],0.3260193223855896,COMPLETE
1147,-0.08115329061524434,2025-01-10 14:01:02.644705,2025-01-10 14:01:03.893924,0 days 00:00:01.249219,0.17312648595628402,48.0,0.2,192,100.0,7.000573673605006e-06,216,0.0002899632738142494,1,1,sgd,"{'neurons_per_layer_encoder': [192], 'neurons_per_layer_decoder': [192]}",192,[192],[192],[-0.08115329061524434],0.18697024976040402,COMPLETE
1148,-0.22708474612641294,2025-01-10 14:01:02.953587,2025-01-10 14:01:04.725518,0 days 00:00:01.771931,0.17229746388472036,48.0,0.2,72,100.0,0.00055600091680199,159,0.00028161698262727224,1,1,sgd,"{'neurons_per_layer_encoder': [72], 'neurons_per_layer_decoder': [72]}",72,[72],[72],[-0.22708474612641294],0.4022652189229767,COMPLETE
1149,-0.13932131474356524,2025-01-10 14:01:03.549708,2025-01-10 14:01:04.585447,0 days 00:00:01.035739,0.021910872269972254,48.0,0.2,72,100.0,0.0001052653744782646,159,0.0002761326605197741,1,1,sgd,"{'neurons_per_layer_encoder': [72], 'neurons_per_layer_decoder': [72]}",72,[72],[72],[-0.13932131474356524],0.22361859283821356,COMPLETE
1150,0.1845590414432825,2025-01-10 14:01:03.905317,2025-01-10 14:01:06.642284,0 days 00:00:02.736967,0.034917145194632425,32.0,0.2,36,100.0,0.0005325864654297664,71,0.0002265491343170286,1,1,adam,"{'neurons_per_layer_encoder': [36], 'neurons_per_layer_decoder': [36]}",36,[36],[36],[0.1845590414432825],0.15129134915103506,COMPLETE
1151,-0.1584055976424874,2025-01-10 14:01:04.597733,2025-01-10 14:01:10.047077,0 days 00:00:05.449344,0.15998089959766376,32.0,0.2,52,100.0,0.0005444430599228215,856,0.0006063850237312987,1,5,adam,"{'neurons_per_layer_encoder': [52, 104, 208, 416, 832], 'neurons_per_layer_decoder': [832]}",52,[832],"[52, 104, 208, 416, 832]",[-0.1584055976424874],0.8980224886160818,COMPLETE
1152,0.08060100789392399,2025-01-10 14:01:04.619802,2025-01-10 14:01:09.608704,0 days 00:00:04.988902,0.15920229386264192,32.0,0.2,36,100.0,0.0003875788269410674,600,0.0002173004734174873,1,5,adam,"{'neurons_per_layer_encoder': [36, 72, 144, 288, 576], 'neurons_per_layer_decoder': [576]}",36,[576],"[36, 72, 144, 288, 576]",[0.08060100789392399],0.8857753586358661,COMPLETE
1153,-0.026650131632658836,2025-01-10 14:01:04.736570,2025-01-10 14:01:06.309788,0 days 00:00:01.573218,0.15843446865707272,32.0,0.2,36,100.0,0.0008013756807204277,71,0.0006096429561915536,1,1,adam,"{'neurons_per_layer_encoder': [36], 'neurons_per_layer_decoder': [36]}",36,[36],[36],[-0.026650131632658836],0.19583793744058595,COMPLETE
1154,0.31092700844254073,2025-01-10 14:01:06.320473,2025-01-10 14:01:12.177916,0 days 00:00:05.857443,0.1843277475645285,32.0,0.2,56,100.0,0.00037293407123954405,1048,0.00021700455952585222,1,5,adam,"{'neurons_per_layer_encoder': [56, 112, 224, 448, 896], 'neurons_per_layer_decoder': [896]}",56,[896],"[56, 112, 224, 448, 896]",[0.31092700844254073],0.9410157317007197,COMPLETE
1155,0.15276558251028471,2025-01-10 14:01:06.615128,2025-01-10 14:01:09.556749,0 days 00:00:02.941621,0.16178855305508796,32.0,0.2,52,100.0,0.0003903001336447557,89,0.0002167219004629226,1,1,adam,"{'neurons_per_layer_encoder': [52], 'neurons_per_layer_decoder': [52]}",52,[52],[52],[0.15276558251028471],0.12035874002708506,COMPLETE
1156,0.009159073495786818,2025-01-10 14:01:06.657547,2025-01-10 14:01:08.194421,0 days 00:00:01.536874,0.15923281958575744,48.0,0.2,24,100.0,0.0003994942152175364,58,0.00021743209148319283,1,1,adam,"{'neurons_per_layer_encoder': [24], 'neurons_per_layer_decoder': [24]}",24,[24],[24],[0.009159073495786818],0.055722257641046415,COMPLETE
1157,0.13341450726110549,2025-01-10 14:01:08.207311,2025-01-10 14:01:11.650771,0 days 00:00:03.443460,0.12162985544275011,56.0,0.2,56,100.0,0.00039244075143355197,264,0.0014880616626102466,1,2,adam,"{'neurons_per_layer_encoder': [56, 112], 'neurons_per_layer_decoder': [112]}",56,[112],"[56, 112]",[0.13341450726110549],0.4977469537769545,COMPLETE
1158,0.0019083116446835247,2025-01-10 14:01:09.571095,2025-01-10 14:01:12.439214,0 days 00:00:02.868119,0.11906220488901728,56.0,0.2,68,100.0,0.0007656676160390088,138,0.0003249352817534242,1,1,adam,"{'neurons_per_layer_encoder': [68], 'neurons_per_layer_decoder': [68]}",68,[68],[68],[0.0019083116446835247],0.4239370023762527,COMPLETE
1159,0.02948178284833325,2025-01-10 14:01:09.957228,2025-01-10 14:01:12.701632,0 days 00:00:02.744404,0.18794862597282871,56.0,0.2,56,100.0,0.000821262120290394,109,0.00033721824109094763,1,1,adam,"{'neurons_per_layer_encoder': [56], 'neurons_per_layer_decoder': [56]}",56,[56],[56],[0.02948178284833325],0.3604426877416398,COMPLETE
1160,0.15432959526749057,2025-01-10 14:01:10.062995,2025-01-10 14:01:13.069028,0 days 00:00:03.006033,0.18565924503595824,56.0,0.2,68,100.0,0.0007407946551265195,138,0.000346589888543849,1,1,adam,"{'neurons_per_layer_encoder': [68], 'neurons_per_layer_decoder': [68]}",68,[68],[68],[0.15432959526749057],0.49115094940303555,COMPLETE
1161,0.06594956351797288,2025-01-10 14:01:11.662838,2025-01-10 14:01:13.408617,0 days 00:00:01.745779,0.1829433438321234,48.0,0.2,32,100.0,0.0007639050422585734,51,0.0003416916189019054,1,1,adam,"{'neurons_per_layer_encoder': [32], 'neurons_per_layer_decoder': [32]}",32,[32],[32],[0.06594956351797288],0.33261382441837695,COMPLETE
1162,0.04813901283920907,2025-01-10 14:01:12.190470,2025-01-10 14:01:16.944426,0 days 00:00:04.753956,0.1829800360934098,32.0,0.2,56,100.0,0.00033965914962074187,472,0.0024841130345576506,1,4,adam,"{'neurons_per_layer_encoder': [56, 112, 224, 448], 'neurons_per_layer_decoder': [448]}",56,[448],"[56, 112, 224, 448]",[0.04813901283920907],0.5612071607412535,COMPLETE
1163,0.14990331541485002,2025-01-10 14:01:12.450275,2025-01-10 14:01:17.672199,0 days 00:00:05.221924,0.18709306108897494,32.0,0.2,60,100.0,0.00031404659129162304,488,0.00022568156567055443,1,4,adam,"{'neurons_per_layer_encoder': [60, 120, 240, 480], 'neurons_per_layer_decoder': [480]}",60,[480],"[60, 120, 240, 480]",[0.14990331541485002],0.8397242018714292,COMPLETE
1164,-0.62951479709939,2025-01-10 14:01:12.712738,2025-01-10 14:01:18.832773,0 days 00:00:06.120035,0.1853908458855762,32.0,0.2,60,100.0,0.00033442910836308567,968,0.00022000754941209187,1,5,adam,"{'neurons_per_layer_encoder': [60, 120, 240, 480, 960], 'neurons_per_layer_decoder': [960]}",60,[960],"[60, 120, 240, 480, 960]",[-0.62951479709939],0.8516289508316066,COMPLETE
1165,-0.053259796701820905,2025-01-10 14:01:13.080406,2025-01-10 14:01:19.381288,0 days 00:00:06.300882,0.18728723540946104,32.0,0.2,60,100.0,0.000331268455686248,984,0.00022011445844559934,1,5,adam,"{'neurons_per_layer_encoder': [60, 120, 240, 480, 960], 'neurons_per_layer_decoder': [960]}",60,[960],"[60, 120, 240, 480, 960]",[-0.053259796701820905],0.9025380990703679,COMPLETE
1166,-0.007904506643060083,2025-01-10 14:01:13.419644,2025-01-10 14:01:20.121208,0 days 00:00:06.701564,0.18631921594247217,32.0,0.2,52,100.0,0.00031862710952732437,1592,0.00022048765035208813,1,5,adam,"{'neurons_per_layer_encoder': [52, 104, 208, 416, 832], 'neurons_per_layer_decoder': [832]}",52,[832],"[52, 104, 208, 416, 832]",[-0.007904506643060083],0.9016574655737192,COMPLETE
1167,-0.5263020847501949,2025-01-10 14:01:16.957711,2025-01-10 14:01:23.234595,0 days 00:00:06.276884,0.18619658844484369,32.0,0.2,52,100.0,0.0003365448594646138,1016,0.00022659022480445954,1,5,adam,"{'neurons_per_layer_encoder': [52, 104, 208, 416, 832], 'neurons_per_layer_decoder': [832]}",52,[832],"[52, 104, 208, 416, 832]",[-0.5263020847501949],0.8478653600558015,COMPLETE
1168,0.09556583377407413,2025-01-10 14:01:17.686976,2025-01-10 14:01:22.940549,0 days 00:00:05.253573,0.17464549189894785,32.0,0.2,56,100.0,0.00021754045826691786,904,0.00026144589283449526,1,4,adam,"{'neurons_per_layer_encoder': [56, 112, 224, 448], 'neurons_per_layer_decoder': [448]}",56,[448],"[56, 112, 224, 448]",[0.09556583377407413],0.7844836391171736,COMPLETE
1169,0.15646210509070535,2025-01-10 14:01:18.844698,2025-01-10 14:01:25.026147,0 days 00:00:06.181449,0.17362533373332814,32.0,0.2,48,100.0,0.00031411579228483584,1304,0.001875120476783462,1,5,adam,"{'neurons_per_layer_encoder': [48, 96, 192, 384, 768], 'neurons_per_layer_decoder': [768]}",48,[768],"[48, 96, 192, 384, 768]",[0.15646210509070535],0.7642380077854894,COMPLETE
1170,-0.05453961591117751,2025-01-10 14:01:19.394444,2025-01-10 14:01:26.064152,0 days 00:00:06.669708,0.1716798362034789,32.0,0.2,52,100.0,0.0003599232811378281,1576,0.00025532994621028433,1,5,adam,"{'neurons_per_layer_encoder': [52, 104, 208, 416, 832], 'neurons_per_layer_decoder': [832]}",52,[832],"[52, 104, 208, 416, 832]",[-0.05453961591117751],0.9053703305776956,COMPLETE
1171,-0.05461154408968638,2025-01-10 14:01:20.132767,2025-01-10 14:01:26.571451,0 days 00:00:06.438684,0.17400840794575978,32.0,0.2,48,100.0,0.00035406934504283365,792,0.00024071558098352942,1,5,adam,"{'neurons_per_layer_encoder': [48, 96, 192, 384, 768], 'neurons_per_layer_decoder': [768]}",48,[768],"[48, 96, 192, 384, 768]",[-0.05461154408968638],0.8872039385704694,COMPLETE
1172,-0.4071350466958208,2025-01-10 14:01:22.954461,2025-01-10 14:01:28.751354,0 days 00:00:05.796893,0.168335034331537,32.0,0.2,48,100.0,0.00036054907875691846,1032,0.00026010022411854786,1,5,adam,"{'neurons_per_layer_encoder': [48, 96, 192, 384, 768], 'neurons_per_layer_decoder': [768]}",48,[768],"[48, 96, 192, 384, 768]",[-0.4071350466958208],0.8568363346555161,COMPLETE
1173,-0.1667516857050204,2025-01-10 14:01:23.248246,2025-01-10 14:01:29.143320,0 days 00:00:05.895074,0.17225287679851453,32.0,0.2,48,100.0,0.00037113715936897766,1256,0.000252367800811786,1,5,adam,"{'neurons_per_layer_encoder': [48, 96, 192, 384, 768], 'neurons_per_layer_decoder': [768]}",48,[768],"[48, 96, 192, 384, 768]",[-0.1667516857050204],0.8888315112770824,COMPLETE
1174,0.19482515588387783,2025-01-10 14:01:25.040329,2025-01-10 14:01:29.663907,0 days 00:00:04.623578,0.1723194346636295,32.0,0.2,48,100.0,0.00037226252472389416,440,0.0002742908413690578,1,4,adam,"{'neurons_per_layer_encoder': [48, 96, 192, 384], 'neurons_per_layer_decoder': [384]}",48,[384],"[48, 96, 192, 384]",[0.19482515588387783],0.8447170084272584,COMPLETE
1175,0.11743264013681964,2025-01-10 14:01:26.078154,2025-01-10 14:01:30.544118,0 days 00:00:04.465964,0.16914179000910015,32.0,0.2,44,100.0,0.00043458094139851204,376,0.0002696796025617007,2,4,adam,"{'neurons_per_layer_encoder': [44, 88, 176, 352], 'neurons_per_layer_decoder': [352, 176]}",44,"[352, 176]","[44, 88, 176, 352]",[0.11743264013681964],0.8732491316918163,COMPLETE
