number,value,datetime_start,datetime_complete,duration,params_alpha,params_batch_size,params_drop_out_rate,params_encoder_neurons_layer_1,params_epochs,params_lambda,params_latent_dim,params_learning_rate,params_num_layers_decoder,params_num_layers_encoder,params_optimizer,user_attrs_encoder_decoder_config,user_attrs_first_layer_neurons,user_attrs_neurons_per_layer_decoder,user_attrs_neurons_per_layer_encoder,user_attrs_r2_feature_1,user_attrs_relative_deterioration,state
175,0.08092380111346809,2025-01-10 13:43:06.857405,2025-01-10 13:43:09.718434,0 days 00:00:02.861029,0.1342246032494368,128.0,0.1,240,100.0,4.2941882557522955e-06,440,0.0003397360979128985,2,1,adam,"{'neurons_per_layer_encoder': [240], 'neurons_per_layer_decoder': [240, 120]}",240,"[240, 120]",[240],[0.08092380111346809],-1.8935373864733736,COMPLETE
176,0.1708737337964581,2025-01-10 13:43:07.151682,2025-01-10 13:43:10.271164,0 days 00:00:03.119482,0.15512411668209405,128.0,0.1,232,100.0,4.489191288325942e-06,320,0.0003342475385563049,3,1,adam,"{'neurons_per_layer_encoder': [232], 'neurons_per_layer_decoder': [232, 116, 58]}",232,"[232, 116, 58]",[232],[0.1708737337964581],-1.510760886217959,COMPLETE
177,0.11824110560628354,2025-01-10 13:43:07.870750,2025-01-10 13:43:11.052292,0 days 00:00:03.181542,0.12531111656972066,128.0,0.1,240,100.0,4.2877260822995574e-06,296,0.00019650257075711687,3,1,adam,"{'neurons_per_layer_encoder': [240], 'neurons_per_layer_decoder': [240, 120, 60]}",240,"[240, 120, 60]",[240],[0.11824110560628354],-1.7645214366307906,COMPLETE
178,0.09122076364917897,2025-01-10 13:43:07.909256,2025-01-10 13:43:11.078848,0 days 00:00:03.169592,0.15770998410352943,128.0,0.1,232,100.0,4.229346311512011e-06,368,0.00018649226593364814,3,1,adam,"{'neurons_per_layer_encoder': [232], 'neurons_per_layer_decoder': [232, 116, 58]}",232,"[232, 116, 58]",[232],[0.09122076364917897],-1.7565340704729624,COMPLETE
179,0.1128845708360583,2025-01-10 13:43:08.767025,2025-01-10 13:43:11.729620,0 days 00:00:02.962595,0.1567307511160256,128.0,0.2,212,100.0,7.643787632630088e-06,348,0.003558337693265719,3,1,adam,"{'neurons_per_layer_encoder': [212], 'neurons_per_layer_decoder': [212, 106, 53]}",212,"[212, 106, 53]",[212],[0.1128845708360583],-1.5990469826097529,COMPLETE
180,0.1269656176362104,2025-01-10 13:43:09.728452,2025-01-10 13:43:12.871978,0 days 00:00:03.143526,0.15930243045317152,120.0,0.2,212,100.0,7.524318149590926e-06,348,0.0006237892092949495,3,1,adam,"{'neurons_per_layer_encoder': [212], 'neurons_per_layer_decoder': [212, 106, 53]}",212,"[212, 106, 53]",[212],[0.1269656176362104],-1.0081528288967612,COMPLETE
181,0.08889393443831439,2025-01-10 13:43:10.282001,2025-01-10 13:43:13.603865,0 days 00:00:03.321864,0.13209668880003922,128.0,0.2,232,100.0,7.602679156468128e-06,320,0.0006573516236103755,3,1,adam,"{'neurons_per_layer_encoder': [232], 'neurons_per_layer_decoder': [232, 116, 58]}",232,"[232, 116, 58]",[232],[0.08889393443831439],-1.0853101575523387,COMPLETE
182,-0.22928531193246626,2025-01-10 13:43:11.064689,2025-01-10 13:43:25.225622,0 days 00:00:14.160933,0.12968806679978273,128.0,0.2,232,100.0,4.146319851111806e-06,3736,0.00018219300546132137,3,5,adam,"{'neurons_per_layer_encoder': [232, 464, 928, 1856, 3712], 'neurons_per_layer_decoder': [3712, 1856, 928]}",232,"[3712, 1856, 928]","[232, 464, 928, 1856, 3712]",[-0.22928531193246626],0.08638433034016099,COMPLETE
183,0.11909663013202532,2025-01-10 13:43:11.096585,2025-01-10 13:43:15.415260,0 days 00:00:04.318675,0.13525211128860581,128.0,0.2,212,100.0,2.6477526399249034e-06,300,0.0006224536687000359,3,1,adam,"{'neurons_per_layer_encoder': [212], 'neurons_per_layer_decoder': [212, 106, 53]}",212,"[212, 106, 53]",[212],[0.11909663013202532],-1.4925055639151186,COMPLETE
184,-2.849274218694806,2025-01-10 13:43:11.739068,2025-01-10 13:43:23.682862,0 days 00:00:11.943794,0.12980757663475168,128.0,0.2,248,100.0,5.197122224771602e-06,3992,0.0018922380404806623,3,5,adam,"{'neurons_per_layer_encoder': [248, 496, 992, 1984, 3968], 'neurons_per_layer_decoder': [3968, 1984, 992]}",248,"[3968, 1984, 992]","[248, 496, 992, 1984, 3968]",[-2.849274218694806],-0.46124659091750536,COMPLETE
185,-2.848194067364814,2025-01-10 13:43:12.883807,2025-01-10 13:43:26.016501,0 days 00:00:13.132694,0.13554252642541886,128.0,0.2,232,100.0,2.894052825126011e-06,3736,0.000990868741754341,3,5,adam,"{'neurons_per_layer_encoder': [232, 464, 928, 1856, 3712], 'neurons_per_layer_decoder': [3712, 1856, 928]}",232,"[3712, 1856, 928]","[232, 464, 928, 1856, 3712]",[-2.848194067364814],-1.3091589559182732,COMPLETE
186,-2.3413415313631174,2025-01-10 13:43:13.621313,2025-01-10 13:43:27.011614,0 days 00:00:13.390301,0.13220865322252062,120.0,0.2,224,100.0,4.9547665267531236e-06,3608,0.001044455724315238,3,5,adam,"{'neurons_per_layer_encoder': [224, 448, 896, 1792, 3584], 'neurons_per_layer_decoder': [3584, 1792, 896]}",224,"[3584, 1792, 896]","[224, 448, 896, 1792, 3584]",[-2.3413415313631174],-0.831463930462772,COMPLETE
187,0.18214766201987143,2025-01-10 13:43:15.442209,2025-01-10 13:43:26.535973,0 days 00:00:11.093764,0.14415758783490262,120.0,0.2,228,100.0,2.4912103012120436e-06,300,0.0005196811822472701,3,1,adam,"{'neurons_per_layer_encoder': [228], 'neurons_per_layer_decoder': [228, 114, 57]}",228,"[228, 114, 57]",[228],[0.18214766201987143],-1.0447886879363004,COMPLETE
188,0.0888838522515083,2025-01-10 13:43:23.725025,2025-01-10 13:43:28.584513,0 days 00:00:04.859488,0.1981057238830995,120.0,0.2,224,100.0,2.095936393971608e-06,296,0.0010315049403363176,3,1,adam,"{'neurons_per_layer_encoder': [224], 'neurons_per_layer_decoder': [224, 112, 56]}",224,"[224, 112, 56]",[224],[0.0888838522515083],-1.9063927750530492,COMPLETE
189,0.13714663164557483,2025-01-10 13:43:25.243747,2025-01-10 13:43:29.312029,0 days 00:00:04.068282,0.15327657938554592,120.0,0.2,224,100.0,2.9658652667060573e-06,296,0.000989561090052126,3,1,adam,"{'neurons_per_layer_encoder': [224], 'neurons_per_layer_decoder': [224, 112, 56]}",224,"[224, 112, 56]",[224],[0.13714663164557483],-1.1461663545702336,COMPLETE
190,0.1428956781197489,2025-01-10 13:43:26.038022,2025-01-10 13:43:29.422416,0 days 00:00:03.384394,0.1972000462693169,120.0,0.2,224,100.0,2.3025942331307873e-06,296,0.0006197199872254294,3,1,adam,"{'neurons_per_layer_encoder': [224], 'neurons_per_layer_decoder': [224, 112, 56]}",224,"[224, 112, 56]",[224],[0.1428956781197489],-1.4719505394944548,COMPLETE
191,0.07040659066638666,2025-01-10 13:43:26.546802,2025-01-10 13:43:29.942383,0 days 00:00:03.395581,0.15061535714447497,120.0,0.2,220,100.0,8.938806445799277e-06,324,0.0005395826601568034,3,1,adam,"{'neurons_per_layer_encoder': [220], 'neurons_per_layer_decoder': [220, 110, 55]}",220,"[220, 110, 55]",[220],[0.07040659066638666],-0.9857347613183262,COMPLETE
192,0.0857286615306988,2025-01-10 13:43:27.022517,2025-01-10 13:43:30.140334,0 days 00:00:03.117817,0.15024098943097505,120.0,0.2,216,100.0,2.197495201303799e-06,320,0.0004909073735240889,3,1,adam,"{'neurons_per_layer_encoder': [216], 'neurons_per_layer_decoder': [216, 108, 54]}",216,"[216, 108, 54]",[216],[0.0857286615306988],-1.3721289760052255,COMPLETE
193,0.07192289137210872,2025-01-10 13:43:28.594617,2025-01-10 13:43:31.852918,0 days 00:00:03.258301,0.10675347112145543,120.0,0.30000000000000004,216,100.0,2.300677847786818e-06,320,0.0005035467573008937,3,1,adam,"{'neurons_per_layer_encoder': [216], 'neurons_per_layer_decoder': [216, 108, 54]}",216,"[216, 108, 54]",[216],[0.07192289137210872],-0.656950740209266,COMPLETE
194,-0.11735039019940463,2025-01-10 13:43:29.322212,2025-01-10 13:43:30.469751,0 days 00:00:01.147539,0.1069094824506384,120.0,0.2,228,100.0,2.3716330178403042e-06,316,0.0007837765332996693,3,1,sgd,"{'neurons_per_layer_encoder': [228], 'neurons_per_layer_decoder': [228, 114, 57]}",228,"[228, 114, 57]",[228],[-0.11735039019940463],0.07554634780413098,COMPLETE
195,0.1397709106738375,2025-01-10 13:43:29.432081,2025-01-10 13:43:32.589099,0 days 00:00:03.157018,0.10931204423642599,120.0,0.2,236,100.0,2.3412847076973936e-06,324,0.0007852711716352745,3,1,adam,"{'neurons_per_layer_encoder': [236], 'neurons_per_layer_decoder': [236, 118, 59]}",236,"[236, 118, 59]",[236],[0.1397709106738375],-1.5954094602770053,COMPLETE
196,0.09670456812095862,2025-01-10 13:43:29.952120,2025-01-10 13:43:33.145372,0 days 00:00:03.193252,0.1666378695221203,120.0,0.2,228,100.0,2.1319569332310084e-06,300,0.0008375817435016007,3,1,adam,"{'neurons_per_layer_encoder': [228], 'neurons_per_layer_decoder': [228, 114, 57]}",228,"[228, 114, 57]",[228],[0.09670456812095862],-1.557680270966467,COMPLETE
197,0.11048947696999456,2025-01-10 13:43:30.151184,2025-01-10 13:43:33.334759,0 days 00:00:03.183575,0.1664560538409253,120.0,0.2,228,100.0,3.0026461548964838e-06,300,0.0008255944522442582,3,1,adam,"{'neurons_per_layer_encoder': [228], 'neurons_per_layer_decoder': [228, 114, 57]}",228,"[228, 114, 57]",[228],[0.11048947696999456],-1.996190728041435,COMPLETE
198,0.08006497604558938,2025-01-10 13:43:30.487747,2025-01-10 13:43:33.720069,0 days 00:00:03.232322,0.15940476166858497,120.0,0.2,216,100.0,2.0006638816148607e-06,304,0.000619448670152664,3,1,adam,"{'neurons_per_layer_encoder': [216], 'neurons_per_layer_decoder': [216, 108, 54]}",216,"[216, 108, 54]",[216],[0.08006497604558938],-1.325248845949264,COMPLETE
199,0.152950932034294,2025-01-10 13:43:31.863361,2025-01-10 13:43:34.970043,0 days 00:00:03.106682,0.16840206427002233,120.0,0.2,180,100.0,2.966155184196814e-06,300,0.000812979629207217,3,1,adam,"{'neurons_per_layer_encoder': [180], 'neurons_per_layer_decoder': [180, 90, 45]}",180,"[180, 90, 45]",[180],[0.152950932034294],-1.3735628413091867,COMPLETE
200,0.12525843119480462,2025-01-10 13:43:32.599602,2025-01-10 13:43:35.685311,0 days 00:00:03.085709,0.1685935169641452,120.0,0.2,220,100.0,1.8823508937524994e-06,308,0.0006123613947332735,3,1,adam,"{'neurons_per_layer_encoder': [220], 'neurons_per_layer_decoder': [220, 110, 55]}",220,"[220, 110, 55]",[220],[0.12525843119480462],-1.7085837672921975,COMPLETE
201,0.09677057668113387,2025-01-10 13:43:33.154688,2025-01-10 13:43:36.299021,0 days 00:00:03.144333,0.1653212566117405,120.0,0.2,236,100.0,1.7648800438776822e-06,308,0.0005857333072151371,3,1,adam,"{'neurons_per_layer_encoder': [236], 'neurons_per_layer_decoder': [236, 118, 59]}",236,"[236, 118, 59]",[236],[0.09677057668113387],-1.2113421011505399,COMPLETE
202,0.0679010407201931,2025-01-10 13:43:33.344652,2025-01-10 13:43:36.462090,0 days 00:00:03.117438,0.14116986606901902,120.0,0.2,220,100.0,1.7843377915745647e-06,308,0.0006736805507128787,3,1,adam,"{'neurons_per_layer_encoder': [220], 'neurons_per_layer_decoder': [220, 110, 55]}",220,"[220, 110, 55]",[220],[0.0679010407201931],-1.495636031362025,COMPLETE
203,0.07069753354187769,2025-01-10 13:43:33.730706,2025-01-10 13:43:36.389615,0 days 00:00:02.658909,0.18928746281350173,120.0,0.2,236,100.0,2.652409367812868e-06,292,0.0009485388738458887,3,1,adam,"{'neurons_per_layer_encoder': [236], 'neurons_per_layer_decoder': [236, 118, 59]}",236,"[236, 118, 59]",[236],[0.07069753354187769],-1.1958868755784426,COMPLETE
204,0.06792474015308625,2025-01-10 13:43:34.981230,2025-01-10 13:43:37.832616,0 days 00:00:02.851386,0.1419115431455103,120.0,0.2,236,100.0,2.5317314559263543e-06,292,0.0007311025531353064,3,1,adam,"{'neurons_per_layer_encoder': [236], 'neurons_per_layer_decoder': [236, 118, 59]}",236,"[236, 118, 59]",[236],[0.06792474015308625],-1.3169317252235468,COMPLETE
205,0.15995486168374806,2025-01-10 13:43:35.695214,2025-01-10 13:43:38.787649,0 days 00:00:03.092435,0.18612159043752266,120.0,0.2,236,100.0,3.063840751548335e-06,292,0.0007250939057336373,3,1,adam,"{'neurons_per_layer_encoder': [236], 'neurons_per_layer_decoder': [236, 118, 59]}",236,"[236, 118, 59]",[236],[0.15995486168374806],-1.582023699369932,COMPLETE
206,0.0832479109974914,2025-01-10 13:43:36.309673,2025-01-10 13:43:39.373086,0 days 00:00:03.063413,0.18901211346461255,120.0,0.2,244,100.0,2.6806236256373705e-06,332,0.0007366659096039369,3,1,adam,"{'neurons_per_layer_encoder': [244], 'neurons_per_layer_decoder': [244, 122, 61]}",244,"[244, 122, 61]",[244],[0.0832479109974914],-1.5762126351688015,COMPLETE
207,0.05781052834440492,2025-01-10 13:43:36.401771,2025-01-10 13:43:39.568305,0 days 00:00:03.166534,0.1415486610995547,120.0,0.2,248,100.0,1.3801495138725956e-06,336,0.0007493221870478238,3,1,adam,"{'neurons_per_layer_encoder': [248], 'neurons_per_layer_decoder': [248, 124, 62]}",248,"[248, 124, 62]",[248],[0.05781052834440492],-1.4542967789025272,COMPLETE
208,0.11533430796188171,2025-01-10 13:43:36.474127,2025-01-10 13:43:39.630545,0 days 00:00:03.156418,0.18067824277971165,120.0,0.2,248,100.0,3.0390282266555634e-06,336,0.000813806472476627,3,1,adam,"{'neurons_per_layer_encoder': [248], 'neurons_per_layer_decoder': [248, 124, 62]}",248,"[248, 124, 62]",[248],[0.11533430796188171],-1.4793110065827242,COMPLETE
209,0.06609597013024282,2025-01-10 13:43:37.842623,2025-01-10 13:43:41.253118,0 days 00:00:03.410495,0.1826036828573284,120.0,0.2,244,100.0,3.324127517524384e-06,332,0.0008911403812909537,3,1,adam,"{'neurons_per_layer_encoder': [244], 'neurons_per_layer_decoder': [244, 122, 61]}",244,"[244, 122, 61]",[244],[0.06609597013024282],-2.1178497818128297,COMPLETE
210,0.06936981395366504,2025-01-10 13:43:38.798241,2025-01-10 13:43:41.547392,0 days 00:00:02.749151,0.1770526996329498,128.0,0.2,248,100.0,2.9636507215532688e-06,288,0.001172147880046915,3,1,adam,"{'neurons_per_layer_encoder': [248], 'neurons_per_layer_decoder': [248, 124, 62]}",248,"[248, 124, 62]",[248],[0.06936981395366504],-1.3952757726710698,COMPLETE
211,-0.09406181138937919,2025-01-10 13:43:39.383026,2025-01-10 13:43:42.759920,0 days 00:00:03.376894,0.17658125876503633,128.0,0.2,68,100.0,3.2568654068216577e-06,568,0.001595397987700304,3,4,adam,"{'neurons_per_layer_encoder': [68, 136, 272, 544], 'neurons_per_layer_decoder': [544, 272, 136]}",68,"[544, 272, 136]","[68, 136, 272, 544]",[-0.09406181138937919],-1.1219607439968136,COMPLETE
212,0.1882933066806204,2025-01-10 13:43:39.578991,2025-01-10 13:43:42.825261,0 days 00:00:03.246270,0.17924899552110193,128.0,0.2,180,100.0,3.025181236876161e-06,284,0.0009228441067697056,3,1,adam,"{'neurons_per_layer_encoder': [180], 'neurons_per_layer_decoder': [180, 90, 45]}",180,"[180, 90, 45]",[180],[0.1882933066806204],-1.3348917819839967,COMPLETE
213,-0.0944796752807473,2025-01-10 13:43:39.640381,2025-01-10 13:43:42.902767,0 days 00:00:03.262386,0.19883405188168937,128.0,0.2,180,100.0,3.651990290032661e-06,284,0.0011707012993990781,3,1,adadelta,"{'neurons_per_layer_encoder': [180], 'neurons_per_layer_decoder': [180, 90, 45]}",180,"[180, 90, 45]",[180],[-0.0944796752807473],-0.011792175046361245,COMPLETE
214,-0.1734770973458788,2025-01-10 13:43:41.263797,2025-01-10 13:43:43.056217,0 days 00:00:01.792420,0.1979230290175714,128.0,0.2,64,100.0,3.860850652014564e-06,118,0.0013560569981451243,3,1,adadelta,"{'neurons_per_layer_encoder': [64], 'neurons_per_layer_decoder': [64, 32, 16]}",64,"[64, 32, 16]",[64],[-0.1734770973458788],0.040866817581661004,COMPLETE
215,0.08850451214226562,2025-01-10 13:43:41.557159,2025-01-10 13:43:44.651177,0 days 00:00:03.094018,0.19894164349043747,128.0,0.2,180,100.0,3.754719065320056e-06,284,0.00045810863830662754,3,1,adam,"{'neurons_per_layer_encoder': [180], 'neurons_per_layer_decoder': [180, 90, 45]}",180,"[180, 90, 45]",[180],[0.08850451214226562],-1.7433171576047293,COMPLETE
216,-0.15393127073248114,2025-01-10 13:43:42.769970,2025-01-10 13:43:44.550598,0 days 00:00:01.780628,0.15200161863382933,128.0,0.2,184,100.0,3.7933107518660115e-06,288,0.00137926689318273,3,1,adadelta,"{'neurons_per_layer_encoder': [184], 'neurons_per_layer_decoder': [184, 92, 46]}",184,"[184, 92, 46]",[184],[-0.15393127073248114],0.059575970699298396,COMPLETE
217,-0.029960696181027258,2025-01-10 13:43:42.835355,2025-01-10 13:43:44.900472,0 days 00:00:02.065117,0.15422693878331215,128.0,0.2,184,100.0,4.6739236928075614e-06,288,0.0009626039365387001,3,1,adam,"{'neurons_per_layer_encoder': [184], 'neurons_per_layer_decoder': [184, 92, 46]}",184,"[184, 92, 46]",[184],[-0.029960696181027258],-0.9697394210162016,COMPLETE
218,0.16042504210074704,2025-01-10 13:43:42.912723,2025-01-10 13:43:45.920529,0 days 00:00:03.007806,0.1564177139777253,128.0,0.2,184,100.0,3.799007333422303e-06,288,0.0009554948781444797,3,1,adam,"{'neurons_per_layer_encoder': [184], 'neurons_per_layer_decoder': [184, 92, 46]}",184,"[184, 92, 46]",[184],[0.16042504210074704],-1.216033409770847,COMPLETE
219,0.1297755097300003,2025-01-10 13:43:43.066864,2025-01-10 13:43:46.085193,0 days 00:00:03.018329,0.1526069018743743,128.0,0.2,184,100.0,4.716025404745965e-06,288,0.000983452752887934,3,1,adam,"{'neurons_per_layer_encoder': [184], 'neurons_per_layer_decoder': [184, 92, 46]}",184,"[184, 92, 46]",[184],[0.1297755097300003],-1.3244854379231406,COMPLETE
220,0.10146486175981162,2025-01-10 13:43:44.561559,2025-01-10 13:43:47.627001,0 days 00:00:03.065442,0.1497724291216948,128.0,0.2,180,100.0,4.7176810990961026e-06,300,0.00046708171985973285,3,1,adam,"{'neurons_per_layer_encoder': [180], 'neurons_per_layer_decoder': [180, 90, 45]}",180,"[180, 90, 45]",[180],[0.10146486175981162],-0.8101158404987213,COMPLETE
221,0.13697582831701005,2025-01-10 13:43:44.661798,2025-01-10 13:43:47.732738,0 days 00:00:03.070940,0.16951295963974963,128.0,0.2,196,100.0,2.8105209329393974e-06,300,0.0009435100281058536,3,1,adam,"{'neurons_per_layer_encoder': [196], 'neurons_per_layer_decoder': [196, 98, 49]}",196,"[196, 98, 49]",[196],[0.13697582831701005],-1.4917349397210697,COMPLETE
222,0.23052590065424028,2025-01-10 13:43:44.911908,2025-01-10 13:43:48.193490,0 days 00:00:03.281582,0.16841051532788348,56.0,0.2,236,100.0,0.00031584838495529646,308,0.0003831322305412786,3,1,adam,"{'neurons_per_layer_encoder': [236], 'neurons_per_layer_decoder': [236, 118, 59]}",236,"[236, 118, 59]",[236],[0.23052590065424028],0.7529058384558841,COMPLETE
223,0.14414630791560357,2025-01-10 13:43:45.930133,2025-01-10 13:43:48.987874,0 days 00:00:03.057741,0.17242486933360354,128.0,0.2,192,100.0,2.4125008493317385e-06,296,0.0009288743294926787,3,1,adam,"{'neurons_per_layer_encoder': [192], 'neurons_per_layer_decoder': [192, 96, 48]}",192,"[192, 96, 48]",[192],[0.14414630791560357],-1.4187153302780415,COMPLETE
224,0.12336924772690638,2025-01-10 13:43:46.095184,2025-01-10 13:43:49.156076,0 days 00:00:03.060892,0.14556645213342012,128.0,0.2,196,100.0,2.764697357485244e-06,300,0.000864040330335505,3,1,adam,"{'neurons_per_layer_encoder': [196], 'neurons_per_layer_decoder': [196, 98, 49]}",196,"[196, 98, 49]",[196],[0.12336924772690638],-1.3640862410333636,COMPLETE
225,0.1092306528506174,2025-01-10 13:43:47.636733,2025-01-10 13:43:50.731234,0 days 00:00:03.094501,0.1747419008438019,128.0,0.2,188,100.0,2.5582885033648764e-06,276,0.0009146202526114969,3,1,adam,"{'neurons_per_layer_encoder': [188], 'neurons_per_layer_decoder': [188, 94, 47]}",188,"[188, 94, 47]",[188],[0.1092306528506174],-1.601526324567057,COMPLETE
226,0.16540873200359052,2025-01-10 13:43:47.742621,2025-01-10 13:43:50.894079,0 days 00:00:03.151458,0.17121144288732104,128.0,0.2,228,100.0,2.416462297933556e-06,268,0.00089792368258226,3,1,adam,"{'neurons_per_layer_encoder': [228], 'neurons_per_layer_decoder': [228, 114, 57]}",228,"[228, 114, 57]",[228],[0.16540873200359052],-1.4233783794669843,COMPLETE
227,0.12965927046688142,2025-01-10 13:43:48.202849,2025-01-10 13:43:51.609304,0 days 00:00:03.406455,0.01344200617417386,40.0,0.2,232,100.0,2.371892597567292e-06,304,0.00037811627332701576,3,1,adam,"{'neurons_per_layer_encoder': [232], 'neurons_per_layer_decoder': [232, 116, 58]}",232,"[232, 116, 58]",[232],[0.12965927046688142],-1.2649369395964254,COMPLETE
228,0.19838108977103208,2025-01-10 13:43:48.998481,2025-01-10 13:43:52.379709,0 days 00:00:03.381228,0.17222828490538525,32.0,0.2,232,100.0,0.00046772228415509605,320,0.0003765601315934177,3,1,adam,"{'neurons_per_layer_encoder': [232], 'neurons_per_layer_decoder': [232, 116, 58]}",232,"[232, 116, 58]",[232],[0.19838108977103208],0.7911285951016032,COMPLETE
229,0.19957801950730125,2025-01-10 13:43:49.166858,2025-01-10 13:43:52.476510,0 days 00:00:03.309652,0.17005588933558893,48.0,0.2,192,100.0,0.0005048716572096709,312,0.00037752536853762406,3,1,adam,"{'neurons_per_layer_encoder': [192], 'neurons_per_layer_decoder': [192, 96, 48]}",192,"[192, 96, 48]",[192],[0.19957801950730125],0.7828639396634607,COMPLETE
230,0.15083815843691217,2025-01-10 13:43:50.742380,2025-01-10 13:43:53.903157,0 days 00:00:03.160777,0.16357050123768174,128.0,0.2,236,100.0,2.4003672551897183e-06,324,0.0004009561156450567,3,1,adam,"{'neurons_per_layer_encoder': [236], 'neurons_per_layer_decoder': [236, 118, 59]}",236,"[236, 118, 59]",[236],[0.15083815843691217],-1.145857492631861,COMPLETE
231,0.15457308456437802,2025-01-10 13:43:50.903981,2025-01-10 13:43:54.206598,0 days 00:00:03.302617,0.18471873873228176,48.0,0.2,232,100.0,0.0005281877744387177,320,0.00039768463774384616,3,1,adam,"{'neurons_per_layer_encoder': [232], 'neurons_per_layer_decoder': [232, 116, 58]}",232,"[232, 116, 58]",[232],[0.15457308456437802],0.8025142745475141,COMPLETE
232,0.2639471081973672,2025-01-10 13:43:51.620146,2025-01-10 13:43:54.984858,0 days 00:00:03.364712,0.18421581636076922,48.0,0.2,236,100.0,0.0005171066279811281,324,0.0003834104407429156,3,1,adam,"{'neurons_per_layer_encoder': [236], 'neurons_per_layer_decoder': [236, 118, 59]}",236,"[236, 118, 59]",[236],[0.2639471081973672],0.8284637714970629,COMPLETE
233,0.22660100759038349,2025-01-10 13:43:52.389839,2025-01-10 13:43:55.111516,0 days 00:00:02.721677,0.1832447205966284,40.0,0.2,176,100.0,0.0004756668896360899,312,0.00037993672907413227,1,1,adam,"{'neurons_per_layer_encoder': [176], 'neurons_per_layer_decoder': [176]}",176,[176],[176],[0.22660100759038349],0.5739769256286132,COMPLETE
