number,value,datetime_start,datetime_complete,duration,params_alpha,params_batch_size,params_drop_out_rate,params_encoder_neurons_layer_1,params_epochs,params_lambda,params_latent_dim,params_learning_rate,params_num_layers_decoder,params_num_layers_encoder,params_optimizer,user_attrs_encoder_decoder_config,user_attrs_first_layer_neurons,user_attrs_neurons_per_layer_decoder,user_attrs_neurons_per_layer_encoder,user_attrs_r2_feature_1,user_attrs_relative_deterioration,state
422,0.08710276446163756,2025-01-10 13:45:53.737564,2025-01-10 13:45:56.791782,0 days 00:00:03.054218,0.1673862316370119,32.0,0.2,172,100.0,0.0004191775807963669,324,0.00023015785724431927,1,1,adam,"{'neurons_per_layer_encoder': [172], 'neurons_per_layer_decoder': [172]}",172,[172],[172],[0.08710276446163756],0.5009906734632873,COMPLETE
423,,2025-01-10 13:45:55.186172,,,0.16759715956634932,32.0,0.2,176,100.0,0.0007352379508587042,312,0.00011526636609487443,1,1,adam,"{'neurons_per_layer_encoder': [176], 'neurons_per_layer_decoder': [176]}",176,[176],[176],,,RUNNING
424,0.22136363595407627,2025-01-10 13:45:55.354166,2025-01-10 13:45:58.081282,0 days 00:00:02.727116,0.16644070220081778,32.0,0.2,176,100.0,0.0007042822388926562,296,0.000247623041836202,1,1,adam,"{'neurons_per_layer_encoder': [176], 'neurons_per_layer_decoder': [176]}",176,[176],[176],[0.22136363595407627],0.6945890650454284,COMPLETE
425,0.2151112698762997,2025-01-10 13:45:55.671209,2025-01-10 13:45:58.599304,0 days 00:00:02.928095,0.1660887765244997,32.0,0.2,196,100.0,0.0007130202658452358,300,0.00020757248000155174,1,1,adam,"{'neurons_per_layer_encoder': [196], 'neurons_per_layer_decoder': [196]}",196,[196],[196],[0.2151112698762997],0.7223203966956717,COMPLETE
426,0.17943246481983566,2025-01-10 13:45:55.689920,2025-01-10 13:45:58.367630,0 days 00:00:02.677710,0.16709389144622078,32.0,0.2,192,100.0,0.000702618888068995,296,0.00023209337332580514,1,1,adam,"{'neurons_per_layer_encoder': [192], 'neurons_per_layer_decoder': [192]}",192,[192],[192],[0.17943246481983566],0.6913045283994907,COMPLETE
427,0.18000105578194092,2025-01-10 13:45:56.803173,2025-01-10 13:45:59.440941,0 days 00:00:02.637768,0.16641427827990488,32.0,0.2,180,100.0,0.0005174023248836162,300,0.00021669429285002585,1,1,adam,"{'neurons_per_layer_encoder': [180], 'neurons_per_layer_decoder': [180]}",180,[180],[180],[0.18000105578194092],0.6147424444854639,COMPLETE
428,0.2581766833973098,2025-01-10 13:45:58.091359,2025-01-10 13:46:00.727373,0 days 00:00:02.636014,0.06750378948501096,32.0,0.2,196,100.0,0.0005196827361856972,300,0.0002081521893511597,1,1,adam,"{'neurons_per_layer_encoder': [196], 'neurons_per_layer_decoder': [196]}",196,[196],[196],[0.2581766833973098],0.6671439115781255,COMPLETE
429,0.11949266544390957,2025-01-10 13:45:58.379659,2025-01-10 13:46:00.962126,0 days 00:00:02.582467,0.06980650517048706,32.0,0.2,204,100.0,0.0005208008663557453,292,0.00017443461649320637,1,1,adam,"{'neurons_per_layer_encoder': [204], 'neurons_per_layer_decoder': [204]}",204,[204],[204],[0.11949266544390957],0.5920096550922719,COMPLETE
430,0.1313437074685423,2025-01-10 13:46:00.736804,2025-01-10 13:46:03.352993,0 days 00:00:02.616189,0.09817788465108165,40.0,0.2,192,100.0,0.0005471830751808746,296,0.00018013610811143767,1,1,adam,"{'neurons_per_layer_encoder': [192], 'neurons_per_layer_decoder': [192]}",192,[192],[192],[0.1313437074685423],0.6218650055883802,COMPLETE
431,0.21773128937062214,2025-01-10 13:52:05.882455,2025-01-10 13:52:08.537086,0 days 00:00:02.654631,0.1756198777499846,48.0,0.2,176,100.0,0.0004677994467199978,296,0.00015505421431180995,1,1,adam,"{'neurons_per_layer_encoder': [176], 'neurons_per_layer_decoder': [176]}",176,[176],[176],[0.21773128937062214],0.6299979398884935,COMPLETE
432,0.18755003658828184,2025-01-10 13:52:05.892798,2025-01-10 13:52:08.603120,0 days 00:00:02.710322,0.05876961152238953,48.0,0.2,176,100.0,0.0004895671482997169,296,0.00015880110627348545,1,1,adam,"{'neurons_per_layer_encoder': [176], 'neurons_per_layer_decoder': [176]}",176,[176],[176],[0.18755003658828184],0.6176418888557234,COMPLETE
433,0.11640779112727795,2025-01-10 13:52:05.893847,2025-01-10 13:52:08.525617,0 days 00:00:02.631770,0.08065199322702611,48.0,0.2,208,100.0,0.00046570291883308917,296,0.00019195424054232896,1,1,adam,"{'neurons_per_layer_encoder': [208], 'neurons_per_layer_decoder': [208]}",208,[208],[208],[0.11640779112727795],0.5810774741610507,COMPLETE
434,0.1607209391156863,2025-01-10 13:52:05.901727,2025-01-10 13:52:08.485476,0 days 00:00:02.583749,0.06473995256087636,64.0,0.2,208,100.0,0.0005976709224458957,296,0.00015962918464967345,1,1,adam,"{'neurons_per_layer_encoder': [208], 'neurons_per_layer_decoder': [208]}",208,[208],[208],[0.1607209391156863],0.6813554661909694,COMPLETE
435,0.1093223480464689,2025-01-10 13:52:05.893091,2025-01-10 13:52:08.534973,0 days 00:00:02.641882,0.06515340048260475,48.0,0.2,176,100.0,0.0004694030791981645,296,0.00015807902929000544,1,1,adam,"{'neurons_per_layer_encoder': [176], 'neurons_per_layer_decoder': [176]}",176,[176],[176],[0.1093223480464689],0.5647012915472189,COMPLETE
436,0.07505486823716567,2025-01-10 13:52:08.495682,2025-01-10 13:52:11.208473,0 days 00:00:02.712791,0.17816553617285358,56.0,0.4,200,100.0,0.00046985271639441865,288,0.0001903511728159983,1,1,adam,"{'neurons_per_layer_encoder': [200], 'neurons_per_layer_decoder': [200]}",200,[200],[200],[0.07505486823716567],0.6333302254242054,COMPLETE
437,0.10496571211784878,2025-01-10 13:52:08.556580,2025-01-10 13:52:11.224425,0 days 00:00:02.667845,0.07228698604773055,56.0,0.2,200,100.0,0.0005666575478660891,304,0.00021700762102582033,1,1,adam,"{'neurons_per_layer_encoder': [200], 'neurons_per_layer_decoder': [200]}",200,[200],[200],[0.10496571211784878],0.6671965606625303,COMPLETE
438,0.31316105684689455,2025-01-10 13:52:08.564584,2025-01-10 13:52:11.302586,0 days 00:00:02.738002,0.054648253284496344,56.0,0.2,200,100.0,0.0005642131089992636,304,0.0002533557580953543,1,1,adam,"{'neurons_per_layer_encoder': [200], 'neurons_per_layer_decoder': [200]}",200,[200],[200],[0.31316105684689455],0.7369865561095384,COMPLETE
439,-0.02833369123801366,2025-01-10 13:52:08.577118,2025-01-10 13:52:11.133173,0 days 00:00:02.556055,0.05461885861337229,56.0,0.2,200,100.0,0.0005660815306747789,304,0.0002589074663764945,1,1,adam,"{'neurons_per_layer_encoder': [200], 'neurons_per_layer_decoder': [200]}",200,[200],[200],[-0.02833369123801366],0.6125986281899596,COMPLETE
440,0.044469858366988024,2025-01-10 13:52:08.627387,2025-01-10 13:52:10.489880,0 days 00:00:01.862493,0.17821809512641695,56.0,0.2,196,100.0,0.0005604088842165396,300,0.0002517878594845459,1,1,adam,"{'neurons_per_layer_encoder': [196], 'neurons_per_layer_decoder': [196]}",196,[196],[196],[0.044469858366988024],0.6552390192722491,COMPLETE
441,0.23889167642607534,2025-01-10 13:52:10.501480,2025-01-10 13:52:13.227769,0 days 00:00:02.726289,0.09069657615996249,40.0,0.2,200,100.0,0.00011384311347944786,304,0.0002105318093069187,1,1,adam,"{'neurons_per_layer_encoder': [200], 'neurons_per_layer_decoder': [200]}",200,[200],[200],[0.23889167642607534],0.03961844318280913,COMPLETE
442,0.2198517878695957,2025-01-10 13:52:11.142952,2025-01-10 13:52:13.826867,0 days 00:00:02.683915,0.07355849729144572,40.0,0.2,184,100.0,0.00033463681414736294,304,0.000203897854819617,1,1,adam,"{'neurons_per_layer_encoder': [184], 'neurons_per_layer_decoder': [184]}",184,[184],[184],[0.2198517878695957],0.49887652926714204,COMPLETE
443,0.2744066759851199,2025-01-10 13:52:11.219012,2025-01-10 13:52:13.954720,0 days 00:00:02.735708,0.07369615364412965,40.0,0.2,184,100.0,0.0003575144505140955,304,0.00029652317637422933,1,1,adam,"{'neurons_per_layer_encoder': [184], 'neurons_per_layer_decoder': [184]}",184,[184],[184],[0.2744066759851199],0.5200103691115938,COMPLETE
444,0.23728916348753404,2025-01-10 13:52:11.235854,2025-01-10 13:52:13.970330,0 days 00:00:02.734476,0.18115837695826492,40.0,0.2,188,100.0,0.0003381164090650287,308,0.000298813318025191,1,1,adam,"{'neurons_per_layer_encoder': [188], 'neurons_per_layer_decoder': [188]}",188,[188],[188],[0.23728916348753404],0.5050053256423327,COMPLETE
445,0.24075468252901733,2025-01-10 13:52:11.317897,2025-01-10 13:52:14.077718,0 days 00:00:02.759821,0.18050245387637695,56.0,0.2,192,100.0,0.0006465491187310601,312,0.0002852409798578736,1,1,adam,"{'neurons_per_layer_encoder': [192], 'neurons_per_layer_decoder': [192]}",192,[192],[192],[0.24075468252901733],0.7331503404942267,COMPLETE
446,0.028197702958227322,2025-01-10 13:52:13.239220,2025-01-10 13:52:15.739173,0 days 00:00:02.499953,0.052655980142264025,64.0,0.2,192,100.0,0.0007262240732488512,344,0.00029946226014390264,1,1,adam,"{'neurons_per_layer_encoder': [192], 'neurons_per_layer_decoder': [192]}",192,[192],[192],[0.028197702958227322],0.6537069972140533,COMPLETE
447,0.11822934549979114,2025-01-10 13:52:13.837057,2025-01-10 13:52:16.351304,0 days 00:00:02.514247,0.04730906219143751,64.0,0.2,192,100.0,0.0007128690587385779,344,0.00028149671352000074,1,1,adam,"{'neurons_per_layer_encoder': [192], 'neurons_per_layer_decoder': [192]}",192,[192],[192],[0.11822934549979114],0.6858676202921619,COMPLETE
448,0.1805512894834299,2025-01-10 13:52:13.965176,2025-01-10 13:52:16.594703,0 days 00:00:02.629527,0.05447444500086991,40.0,0.2,192,100.0,0.0007319277218528885,312,0.00030800567437075046,1,1,adam,"{'neurons_per_layer_encoder': [192], 'neurons_per_layer_decoder': [192]}",192,[192],[192],[0.1805512894834299],0.6955251649886884,COMPLETE
449,0.15746885562479584,2025-01-10 13:52:13.980301,2025-01-10 13:52:16.568399,0 days 00:00:02.588098,0.06705845104039022,40.0,0.2,192,100.0,0.000756805830002272,312,0.00029023647826757006,1,1,adam,"{'neurons_per_layer_encoder': [192], 'neurons_per_layer_decoder': [192]}",192,[192],[192],[0.15746885562479584],0.6844122783625186,COMPLETE
450,0.049645528581666265,2025-01-10 13:52:14.087795,2025-01-10 13:52:16.698553,0 days 00:00:02.610758,0.06717808927908529,40.0,0.2,188,100.0,0.0006893660269786263,308,0.00029769458674222874,1,1,adam,"{'neurons_per_layer_encoder': [188], 'neurons_per_layer_decoder': [188]}",188,[188],[188],[0.049645528581666265],0.6223962119494231,COMPLETE
451,0.0866630837941671,2025-01-10 13:52:15.750052,2025-01-10 13:52:19.320206,0 days 00:00:03.570154,0.06788798230848787,40.0,0.2,188,100.0,0.00026805058591614864,308,0.0002517803084228911,5,1,adam,"{'neurons_per_layer_encoder': [188], 'neurons_per_layer_decoder': [188, 94, 47, 23, 11]}",188,"[188, 94, 47, 23, 11]",[188],[0.0866630837941671],0.6619769687111157,COMPLETE
452,-0.07761435077366419,2025-01-10 13:52:16.361549,2025-01-10 13:52:18.361537,0 days 00:00:01.999988,0.0611922739010877,40.0,0.2,184,100.0,0.0002755891792428017,304,0.00025312429117121395,2,1,adam,"{'neurons_per_layer_encoder': [184], 'neurons_per_layer_decoder': [184, 92]}",184,"[184, 92]",[184],[-0.07761435077366419],0.49438276851447954,COMPLETE
453,0.10224252487794294,2025-01-10 13:52:16.580759,2025-01-10 13:52:19.121514,0 days 00:00:02.540755,0.07700771160395674,40.0,0.2,184,100.0,0.0002997102316137329,288,0.00023782265368014238,1,1,adam,"{'neurons_per_layer_encoder': [184], 'neurons_per_layer_decoder': [184]}",184,[184],[184],[0.10224252487794294],0.3526819980168547,COMPLETE
454,0.0666865970548075,2025-01-10 13:52:16.609869,2025-01-10 13:52:20.168719,0 days 00:00:03.558850,0.0599921424850704,48.0,0.2,184,100.0,0.0002758591208962358,288,0.00025227459963772855,5,1,adam,"{'neurons_per_layer_encoder': [184], 'neurons_per_layer_decoder': [184, 92, 46, 23, 11]}",184,"[184, 92, 46, 23, 11]",[184],[0.0666865970548075],0.6209834983177364,COMPLETE
455,0.13661510343509597,2025-01-10 13:52:16.709462,2025-01-10 13:52:20.280304,0 days 00:00:03.570842,0.07588396378010862,48.0,0.2,180,100.0,0.0003077711933841937,300,0.00024924570052554864,5,1,adam,"{'neurons_per_layer_encoder': [180], 'neurons_per_layer_decoder': [180, 90, 45, 22, 11]}",180,"[180, 90, 45, 22, 11]",[180],[0.13661510343509597],0.7018417918323685,COMPLETE
456,0.013777923650933777,2025-01-10 13:52:18.372264,2025-01-10 13:52:22.208741,0 days 00:00:03.836477,0.04981364370237443,48.0,0.2,180,100.0,0.0003969695496831582,300,0.0002515626677178169,5,1,adam,"{'neurons_per_layer_encoder': [180], 'neurons_per_layer_decoder': [180, 90, 45, 22, 11]}",180,"[180, 90, 45, 22, 11]",[180],[0.013777923650933777],0.7098851622153003,COMPLETE
457,-0.13061573731508003,2025-01-10 13:52:19.132636,2025-01-10 13:52:20.671863,0 days 00:00:01.539227,0.06870337663265295,80.0,0.2,180,100.0,0.00037719882534434834,300,0.0002530316831958922,5,1,sgd,"{'neurons_per_layer_encoder': [180], 'neurons_per_layer_decoder': [180, 90, 45, 22, 11]}",180,"[180, 90, 45, 22, 11]",[180],[-0.13061573731508003],0.7402340475224961,COMPLETE
458,0.11610815569502686,2025-01-10 13:52:19.330927,2025-01-10 13:52:22.038795,0 days 00:00:02.707868,0.07240440531693883,80.0,0.2,180,100.0,0.00036730500041883186,300,0.0002481456307812204,1,1,adam,"{'neurons_per_layer_encoder': [180], 'neurons_per_layer_decoder': [180]}",180,[180],[180],[0.11610815569502686],0.4791832026584113,COMPLETE
459,0.21883669134056483,2025-01-10 13:52:20.179858,2025-01-10 13:52:22.848283,0 days 00:00:02.668425,0.07558101321776195,48.0,0.2,204,100.0,0.0003798391620195834,292,0.00013561817691083388,1,1,adam,"{'neurons_per_layer_encoder': [204], 'neurons_per_layer_decoder': [204]}",204,[204],[204],[0.21883669134056483],0.593228178530882,COMPLETE
460,0.14947047922499057,2025-01-10 13:52:20.293024,2025-01-10 13:52:22.512126,0 days 00:00:02.219102,0.08169100226159502,32.0,0.2,180,100.0,0.0003829507734662706,300,7.514274388526142e-05,1,1,sgd,"{'neurons_per_layer_encoder': [180], 'neurons_per_layer_decoder': [180]}",180,[180],[180],[0.14947047922499057],0.5775890546458122,COMPLETE
461,0.18142671319828307,2025-01-10 13:52:20.682592,2025-01-10 13:52:23.287776,0 days 00:00:02.605184,0.060279473919141284,32.0,0.2,204,100.0,0.0004154877643571483,292,7.26249863939462e-05,1,1,adam,"{'neurons_per_layer_encoder': [204], 'neurons_per_layer_decoder': [204]}",204,[204],[204],[0.18142671319828307],0.6093499002939093,COMPLETE
462,0.1579545422502513,2025-01-10 13:52:22.049309,2025-01-10 13:52:24.718672,0 days 00:00:02.669363,0.0856580442963706,48.0,0.2,204,100.0,0.0006160047123789663,308,0.00013843614752132366,1,1,adam,"{'neurons_per_layer_encoder': [204], 'neurons_per_layer_decoder': [204]}",204,[204],[204],[0.1579545422502513],0.6849470626619983,COMPLETE
463,0.10162970885765732,2025-01-10 13:52:22.219686,2025-01-10 13:52:24.890298,0 days 00:00:02.670612,0.05860890620068065,32.0,0.2,204,100.0,0.0006111119836627318,308,0.0003351223721293881,1,1,adam,"{'neurons_per_layer_encoder': [204], 'neurons_per_layer_decoder': [204]}",204,[204],[204],[0.10162970885765732],0.6170923455101152,COMPLETE
464,0.07007054300515836,2025-01-10 13:52:22.522412,2025-01-10 13:52:25.340353,0 days 00:00:02.817941,0.010800503875754004,32.0,0.2,208,100.0,0.0006218893500045326,312,0.000342607279449535,1,1,adam,"{'neurons_per_layer_encoder': [208], 'neurons_per_layer_decoder': [208]}",208,[208],[208],[0.07007054300515836],0.5949550811597518,COMPLETE
465,0.18011020182851556,2025-01-10 13:52:22.997130,2025-01-10 13:52:25.646245,0 days 00:00:02.649115,0.060486388321378544,32.0,0.2,172,100.0,0.0005873178437029995,308,0.00032519565502107814,1,1,adam,"{'neurons_per_layer_encoder': [172], 'neurons_per_layer_decoder': [172]}",172,[172],[172],[0.18011020182851556],0.6150569911274291,COMPLETE
466,0.06584336003718427,2025-01-10 13:52:23.297730,2025-01-10 13:52:26.043101,0 days 00:00:02.745371,0.05750408881100854,32.0,0.2,172,100.0,0.0006184764932886772,308,3.664380135578146e-05,1,1,adam,"{'neurons_per_layer_encoder': [172], 'neurons_per_layer_decoder': [172]}",172,[172],[172],[0.06584336003718427],0.6575908000236144,COMPLETE
467,0.22744120760699638,2025-01-10 13:52:24.729085,2025-01-10 13:52:27.397677,0 days 00:00:02.668592,0.15196713088811173,32.0,0.2,172,100.0,0.0005532060710047894,308,0.000312515867745911,1,1,adam,"{'neurons_per_layer_encoder': [172], 'neurons_per_layer_decoder': [172]}",172,[172],[172],[0.22744120760699638],0.6358736572699427,COMPLETE
468,0.03282594296990493,2025-01-10 13:52:24.901518,2025-01-10 13:52:28.011087,0 days 00:00:03.109569,0.015540068877508136,32.0,0.30000000000000004,172,100.0,0.0005252705986554589,368,0.0001806975525125623,1,2,adam,"{'neurons_per_layer_encoder': [172, 344], 'neurons_per_layer_decoder': [344]}",172,[344],"[172, 344]",[0.03282594296990493],0.806706795552705,COMPLETE
469,0.12140214354904866,2025-01-10 13:52:25.350986,2025-01-10 13:52:28.534796,0 days 00:00:03.183810,0.14822746197548334,48.0,0.30000000000000004,172,100.0,0.0005105360470170221,368,0.0001684727292463406,1,2,adam,"{'neurons_per_layer_encoder': [172, 344], 'neurons_per_layer_decoder': [344]}",172,[344],"[172, 344]",[0.12140214354904866],0.8269128436238085,COMPLETE
470,0.10201473211258394,2025-01-10 13:52:25.656727,2025-01-10 13:52:28.389626,0 days 00:00:02.732899,0.06394312943844847,48.0,0.30000000000000004,176,100.0,0.0005127437837692033,312,0.00017372063712417716,1,1,adam,"{'neurons_per_layer_encoder': [176], 'neurons_per_layer_decoder': [176]}",176,[176],[176],[0.10201473211258394],0.621814114582254,COMPLETE
471,0.1541137416542776,2025-01-10 13:52:26.054272,2025-01-10 13:52:28.712789,0 days 00:00:02.658517,0.1664342715035691,48.0,0.30000000000000004,140,100.0,0.0005258635255743252,324,0.00018879451334356088,1,1,adam,"{'neurons_per_layer_encoder': [140], 'neurons_per_layer_decoder': [140]}",140,[140],[140],[0.1541137416542776],0.6043697643231448,COMPLETE
472,0.05140444356035445,2025-01-10 13:52:27.410023,2025-01-10 13:52:30.758751,0 days 00:00:03.348728,0.01486466420832853,40.0,0.30000000000000004,176,100.0,0.000495203338961067,376,0.0001733322724264017,1,2,adam,"{'neurons_per_layer_encoder': [176, 352], 'neurons_per_layer_decoder': [352]}",176,[352],"[176, 352]",[0.05140444356035445],0.8072446768007759,COMPLETE
473,0.15682562823784618,2025-01-10 13:52:28.021527,2025-01-10 13:52:30.765990,0 days 00:00:02.744463,0.16766551802054597,48.0,0.2,196,100.0,0.00045537431924579216,284,0.00022141753339690448,1,1,adam,"{'neurons_per_layer_encoder': [196], 'neurons_per_layer_decoder': [196]}",196,[196],[196],[0.15682562823784618],0.585199714252275,COMPLETE
474,0.2216080444575098,2025-01-10 13:52:28.401156,2025-01-10 13:52:31.210091,0 days 00:00:02.808935,0.16652173542837365,40.0,0.2,196,100.0,0.0004626096762801429,284,0.00021041681318478573,1,1,adam,"{'neurons_per_layer_encoder': [196], 'neurons_per_layer_decoder': [196]}",196,[196],[196],[0.2216080444575098],0.6081534097885988,COMPLETE
475,0.20672956164596956,2025-01-10 13:52:28.546272,2025-01-10 13:52:31.340912,0 days 00:00:02.794640,0.17027095882421575,40.0,0.2,196,100.0,0.0004482761064901436,284,0.00022437205034126195,1,1,adam,"{'neurons_per_layer_encoder': [196], 'neurons_per_layer_decoder': [196]}",196,[196],[196],[0.20672956164596956],0.5981456371212439,COMPLETE
476,0.08033671347205906,2025-01-10 13:52:28.724135,2025-01-10 13:52:31.480236,0 days 00:00:02.756101,0.1619121960329363,56.0,0.2,196,100.0,0.000429398871348219,348,0.00011872811153181917,1,1,adam,"{'neurons_per_layer_encoder': [196], 'neurons_per_layer_decoder': [196]}",196,[196],[196],[0.08033671347205906],0.581651229424828,COMPLETE
477,-0.10526059979658231,2025-01-10 13:52:30.771315,2025-01-10 13:52:32.152063,0 days 00:00:01.380748,0.09155207319323898,56.0,0.2,188,100.0,0.00033689229874759024,324,0.0002851937981385656,1,1,adadelta,"{'neurons_per_layer_encoder': [188], 'neurons_per_layer_decoder': [188]}",188,[188],[188],[-0.10526059979658231],0.5353799586697655,COMPLETE
478,0.17287529744142516,2025-01-10 13:52:30.778299,2025-01-10 13:52:33.411897,0 days 00:00:02.633598,0.18925363531449643,56.0,0.2,188,100.0,0.0003282684406490594,324,0.0001166744185705103,1,1,adam,"{'neurons_per_layer_encoder': [188], 'neurons_per_layer_decoder': [188]}",188,[188],[188],[0.17287529744142516],0.5455210513979498,COMPLETE
479,-0.16993753427947844,2025-01-10 13:52:31.221850,2025-01-10 13:52:32.562941,0 days 00:00:01.341091,0.189753366763268,56.0,0.2,20,100.0,0.000344701921627073,38,0.00012122418726628241,1,1,adadelta,"{'neurons_per_layer_encoder': [20], 'neurons_per_layer_decoder': [20]}",20,[20],[20],[-0.16993753427947844],0.11907960454519269,COMPLETE
480,0.030429025996676295,2025-01-10 13:52:31.351234,2025-01-10 13:52:33.342744,0 days 00:00:01.991510,0.18142917035624512,56.0,0.2,184,100.0,0.00033386321337770873,320,0.00012102283161989662,1,1,adam,"{'neurons_per_layer_encoder': [184], 'neurons_per_layer_decoder': [184]}",184,[184],[184],[0.030429025996676295],0.4799664532663498,COMPLETE
481,0.022369686860142735,2025-01-10 13:52:31.493708,2025-01-10 13:52:34.097103,0 days 00:00:02.603395,0.18614688504136354,56.0,0.2,188,100.0,0.00036422100996383083,324,0.0002840729443189533,1,1,adadelta,"{'neurons_per_layer_encoder': [188], 'neurons_per_layer_decoder': [188]}",188,[188],[188],[0.022369686860142735],0.5865324284613223,COMPLETE
482,0.17936338820422404,2025-01-10 13:52:32.163637,2025-01-10 13:52:34.791992,0 days 00:00:02.628355,0.18994578950854107,56.0,0.2,184,100.0,0.00024120239271163872,320,0.0002964327514878071,1,1,adam,"{'neurons_per_layer_encoder': [184], 'neurons_per_layer_decoder': [184]}",184,[184],[184],[0.17936338820422404],0.42947046208095935,COMPLETE
483,0.22607342095490768,2025-01-10 13:52:32.574211,2025-01-10 13:52:35.227247,0 days 00:00:02.653036,0.18032106166167738,32.0,0.2,184,100.0,0.0002432168159796473,320,0.00037334185381186324,1,1,adam,"{'neurons_per_layer_encoder': [184], 'neurons_per_layer_decoder': [184]}",184,[184],[184],[0.22607342095490768],0.35438384575176296,COMPLETE
484,0.1583942875678116,2025-01-10 13:52:33.353096,2025-01-10 13:52:35.964123,0 days 00:00:02.611027,0.18852624295046552,32.0,0.2,164,100.0,0.0008418880755217341,300,0.0003606357168304566,1,1,adam,"{'neurons_per_layer_encoder': [164], 'neurons_per_layer_decoder': [164]}",164,[164],[164],[0.1583942875678116],0.6816252582547866,COMPLETE
