number,value,datetime_start,datetime_complete,duration,params_alpha,params_batch_size,params_drop_out_rate,params_encoder_neurons_layer_1,params_epochs,params_lambda,params_latent_dim,params_learning_rate,params_num_layers_decoder,params_num_layers_encoder,params_optimizer,user_attrs_encoder_decoder_config,user_attrs_first_layer_neurons,user_attrs_neurons_per_layer_decoder,user_attrs_neurons_per_layer_encoder,user_attrs_r2_feature_1,user_attrs_relative_deterioration,state
1610,0.19134179034253818,2025-01-10 14:08:05.553388,2025-01-10 14:08:08.690546,0 days 00:00:03.137158,0.05207128890094818,40.0,0.2,48,100.0,3.4040740385470095e-05,216,0.0015016971708517862,1,2,adam,"{'neurons_per_layer_encoder': [48, 96], 'neurons_per_layer_decoder': [96]}",48,[96],"[48, 96]",[0.19134179034253818],-0.8256676977221434,COMPLETE
1611,0.24458997257510295,2025-01-10 14:08:06.171675,2025-01-10 14:08:09.008776,0 days 00:00:02.837101,0.0535151395358184,40.0,0.1,64,100.0,3.781218211289553e-05,232,0.0015086229944742363,1,2,adam,"{'neurons_per_layer_encoder': [64, 128], 'neurons_per_layer_decoder': [128]}",64,[128],"[64, 128]",[0.24458997257510295],-0.8381701651602825,COMPLETE
1612,0.29580483375540845,2025-01-10 14:08:06.484491,2025-01-10 14:08:09.598768,0 days 00:00:03.114277,0.037460709268117856,32.0,0.2,64,100.0,2.1931523901450723e-05,296,0.0033168880918586787,2,2,adam,"{'neurons_per_layer_encoder': [64, 128], 'neurons_per_layer_decoder': [128, 64]}",64,"[128, 64]","[64, 128]",[0.29580483375540845],-0.8723820819208787,COMPLETE
1613,0.30196584667774884,2025-01-10 14:08:06.855649,2025-01-10 14:08:09.711483,0 days 00:00:02.855834,0.04247659196573305,32.0,0.2,64,100.0,3.2997728228543314e-05,296,0.0026758991035221204,1,2,adam,"{'neurons_per_layer_encoder': [64, 128], 'neurons_per_layer_decoder': [128]}",64,[128],"[64, 128]",[0.30196584667774884],-0.7522831439711181,COMPLETE
1614,-0.06257297125366645,2025-01-10 14:08:07.856107,2025-01-10 14:08:11.476215,0 days 00:00:03.620108,0.038050557093588025,32.0,0.2,4,100.0,2.7239828457289757e-05,8,0.001977924414267253,4,2,adam,"{'neurons_per_layer_encoder': [4, 8], 'neurons_per_layer_decoder': [8, 8, 8, 8]}",4,"[8, 8, 8, 8]","[4, 8]",[-0.06257297125366645],-0.75330400874924,COMPLETE
1615,0.2619849250622197,2025-01-10 14:08:08.702271,2025-01-10 14:08:11.623809,0 days 00:00:02.921538,0.0425380019087512,32.0,0.2,68,100.0,2.8794388994042492e-05,288,0.0024524559066478107,2,2,adam,"{'neurons_per_layer_encoder': [68, 136], 'neurons_per_layer_decoder': [136, 68]}",68,"[136, 68]","[68, 136]",[0.2619849250622197],-0.5573394758705675,COMPLETE
1616,0.030897370430899684,2025-01-10 14:08:09.020403,2025-01-10 14:08:11.509877,0 days 00:00:02.489474,0.037778193180980676,32.0,0.2,68,100.0,2.7356653939832556e-05,288,0.0019459056612690202,2,2,adam,"{'neurons_per_layer_encoder': [68, 136], 'neurons_per_layer_decoder': [136, 68]}",68,"[136, 68]","[68, 136]",[0.030897370430899684],-0.896022812194184,COMPLETE
1617,0.18888658778849865,2025-01-10 14:08:09.610031,2025-01-10 14:08:12.538095,0 days 00:00:02.928064,0.04284492390579424,32.0,0.2,72,100.0,2.398922299360853e-05,280,0.002145808144928712,1,2,adam,"{'neurons_per_layer_encoder': [72, 144], 'neurons_per_layer_decoder': [144]}",72,[144],"[72, 144]",[0.18888658778849865],-1.172117575935141,COMPLETE
1618,0.35744373692523024,2025-01-10 14:08:09.723505,2025-01-10 14:08:12.624503,0 days 00:00:02.900998,0.04253614603017679,32.0,0.2,68,100.0,2.3143917847933252e-05,288,0.002338539082067894,1,2,adam,"{'neurons_per_layer_encoder': [68, 136], 'neurons_per_layer_decoder': [136]}",68,[136],"[68, 136]",[0.35744373692523024],-0.65846432878463,COMPLETE
1619,0.06367187580897504,2025-01-10 14:08:11.490979,2025-01-10 14:08:13.275472,0 days 00:00:01.784493,0.04303434781927341,32.0,0.2,72,100.0,2.4938922797138834e-05,280,0.002508478680815003,1,2,adam,"{'neurons_per_layer_encoder': [72, 144], 'neurons_per_layer_decoder': [144]}",72,[144],"[72, 144]",[0.06367187580897504],-0.6996669361758541,COMPLETE
1620,0.16685666491994822,2025-01-10 14:08:11.523625,2025-01-10 14:08:14.196385,0 days 00:00:02.672760,0.04443493286028433,32.0,0.2,72,100.0,2.304909064215275e-05,280,0.00258029995988766,1,2,adam,"{'neurons_per_layer_encoder': [72, 144], 'neurons_per_layer_decoder': [144]}",72,[144],"[72, 144]",[0.16685666491994822],-1.071797311929394,COMPLETE
1621,0.33163547463389875,2025-01-10 14:08:11.639413,2025-01-10 14:08:14.436808,0 days 00:00:02.797395,0.04471803100813263,32.0,0.2,20,100.0,2.4200806795031697e-05,60,0.0024242790531180643,1,2,adam,"{'neurons_per_layer_encoder': [20, 40], 'neurons_per_layer_decoder': [40]}",20,[40],"[20, 40]",[0.33163547463389875],-0.5182466904045553,COMPLETE
1622,0.2671749056788639,2025-01-10 14:08:12.549823,2025-01-10 14:08:15.466372,0 days 00:00:02.916549,0.04573958827948783,32.0,0.2,60,100.0,3.673663433833296e-05,272,0.0025281513121164574,1,2,adam,"{'neurons_per_layer_encoder': [60, 120], 'neurons_per_layer_decoder': [120]}",60,[120],"[60, 120]",[0.2671749056788639],-0.7832171824922091,COMPLETE
1623,0.32514868153055343,2025-01-10 14:08:12.641262,2025-01-10 14:08:15.573300,0 days 00:00:02.932038,0.04074708168507364,32.0,0.2,76,100.0,2.5990954101908546e-05,288,0.0021498611457420997,1,2,adam,"{'neurons_per_layer_encoder': [76, 152], 'neurons_per_layer_decoder': [152]}",76,[152],"[76, 152]",[0.32514868153055343],-0.9095598519095297,COMPLETE
1624,0.05990924867039382,2025-01-10 14:08:13.286500,2025-01-10 14:08:15.239741,0 days 00:00:01.953241,0.04041845435980791,32.0,0.2,244,100.0,1.681792348886659e-05,512,0.0031897557439040333,1,2,adam,"{'neurons_per_layer_encoder': [244, 488], 'neurons_per_layer_decoder': [488]}",244,[488],"[244, 488]",[0.05990924867039382],-0.46785349024086725,COMPLETE
1625,-0.02335737229827095,2025-01-10 14:08:14.208947,2025-01-10 14:08:16.392866,0 days 00:00:02.183919,0.033532532533727163,32.0,0.2,76,100.0,1.7906925362537597e-05,288,0.0029148039165225194,1,2,adam,"{'neurons_per_layer_encoder': [76, 152], 'neurons_per_layer_decoder': [152]}",76,[152],"[76, 152]",[-0.02335737229827095],-1.4729412749717972,COMPLETE
1626,0.0020125887437043577,2025-01-10 14:08:14.449813,2025-01-10 14:08:17.794724,0 days 00:00:03.344911,0.04066334385954981,32.0,0.2,72,100.0,2.6904290101117298e-05,296,0.003228536633471632,4,2,adam,"{'neurons_per_layer_encoder': [72, 144], 'neurons_per_layer_decoder': [144, 72, 36, 18]}",72,"[144, 72, 36, 18]","[72, 144]",[0.0020125887437043577],-0.8157685517717909,COMPLETE
1627,0.01509130626994104,2025-01-10 14:08:15.251169,2025-01-10 14:08:19.294446,0 days 00:00:04.043277,0.03467511961345874,32.0,0.2,12,100.0,1.71517172179131e-05,26,0.0032047182893475395,5,2,adam,"{'neurons_per_layer_encoder': [12, 24], 'neurons_per_layer_decoder': [24, 12, 8, 8, 8]}",12,"[24, 12, 8, 8, 8]","[12, 24]",[0.01509130626994104],-0.7496733026485326,COMPLETE
1628,0.25090017936358755,2025-01-10 14:08:15.478518,2025-01-10 14:08:18.560286,0 days 00:00:03.081768,0.03374976189080726,32.0,0.2,16,100.0,2.269147357568129e-05,51,0.0027603680790732853,1,2,adam,"{'neurons_per_layer_encoder': [16, 32], 'neurons_per_layer_decoder': [32]}",16,[32],"[16, 32]",[0.25090017936358755],-0.9093906337957169,COMPLETE
1629,0.013594756879393599,2025-01-10 14:08:15.586538,2025-01-10 14:08:18.648754,0 days 00:00:03.062216,0.03953973216848455,32.0,0.2,4,100.0,2.145634978695523e-05,8,0.0030058818468543863,1,2,adam,"{'neurons_per_layer_encoder': [4, 8], 'neurons_per_layer_decoder': [8]}",4,[8],"[4, 8]",[0.013594756879393599],-0.771413467883697,COMPLETE
1630,0.055210458505052906,2025-01-10 14:08:17.806486,2025-01-10 14:08:20.458556,0 days 00:00:02.652070,0.03552969898969099,32.0,0.30000000000000004,12,100.0,2.6358289454880333e-05,26,0.002137187726493021,1,2,adam,"{'neurons_per_layer_encoder': [12, 24], 'neurons_per_layer_decoder': [24]}",12,[24],"[12, 24]",[0.055210458505052906],-0.6680805405482149,COMPLETE
