number,value,datetime_start,datetime_complete,duration,params_alpha,params_batch_size,params_drop_out_rate,params_encoder_neurons_layer_1,params_epochs,params_lambda,params_latent_dim,params_learning_rate,params_num_layers_decoder,params_num_layers_encoder,params_optimizer,user_attrs_encoder_decoder_config,user_attrs_first_layer_neurons,user_attrs_neurons_per_layer_decoder,user_attrs_neurons_per_layer_encoder,user_attrs_r2_feature_1,user_attrs_relative_deterioration,state
988,0.028607918949732802,2025-01-10 13:59:24.087476,2025-01-10 13:59:26.604550,0 days 00:00:02.517074,0.17336926723620041,40.0,0.2,24,100.0,0.00042670931698779224,42,0.00016991389240867465,1,1,adam,"{'neurons_per_layer_encoder': [24], 'neurons_per_layer_decoder': [24]}",24,[24],[24],[0.028607918949732802],-0.16513453948259357,COMPLETE
989,0.2385129726905567,2025-01-10 13:59:25.170219,2025-01-10 13:59:27.841217,0 days 00:00:02.670998,0.14897002802006032,40.0,0.2,212,100.0,0.00040129541177766456,268,0.00028044258424325316,1,1,adam,"{'neurons_per_layer_encoder': [212], 'neurons_per_layer_decoder': [212]}",212,[212],[212],[0.2385129726905567],0.5686018180049005,COMPLETE
990,0.12690312519468672,2025-01-10 13:59:25.217829,2025-01-10 13:59:28.298984,0 days 00:00:03.081155,0.15152763048690313,40.0,0.2,24,100.0,0.0004093298341442029,120,0.00034067777347332234,1,3,adam,"{'neurons_per_layer_encoder': [24, 48, 96], 'neurons_per_layer_decoder': [96]}",24,[96],"[24, 48, 96]",[0.12690312519468672],0.5200405044744907,COMPLETE
991,-0.1079096393613388,2025-01-10 13:59:25.689025,2025-01-10 13:59:27.071021,0 days 00:00:01.381996,0.14941422711206453,40.0,0.2,40,100.0,0.0007281180143063276,60,0.0003317897690450174,1,1,adam,"{'neurons_per_layer_encoder': [40], 'neurons_per_layer_decoder': [40]}",40,[40],[40],[-0.1079096393613388],0.14891998784188792,COMPLETE
992,0.1849520613601704,2025-01-10 13:59:25.989666,2025-01-10 13:59:28.523447,0 days 00:00:02.533781,0.1350186794429289,40.0,0.2,36,100.0,0.000738506959332681,71,0.0003289158823543281,1,1,adam,"{'neurons_per_layer_encoder': [36], 'neurons_per_layer_decoder': [36]}",36,[36],[36],[0.1849520613601704],0.2668517317380583,COMPLETE
993,0.23391533337939208,2025-01-10 13:59:26.615198,2025-01-10 13:59:30.111907,0 days 00:00:03.496709,0.15166815262899855,40.0,0.2,56,100.0,0.0007050339029209779,456,0.0003288126223938339,1,3,adam,"{'neurons_per_layer_encoder': [56, 112, 224], 'neurons_per_layer_decoder': [224]}",56,[224],"[56, 112, 224]",[0.23391533337939208],0.8593368330466857,COMPLETE
994,0.14153803462911008,2025-01-10 13:59:27.081880,2025-01-10 13:59:30.295076,0 days 00:00:03.213196,0.14579030443029542,40.0,0.2,56,100.0,0.0005393304927645883,248,0.00027957586853151635,1,3,adam,"{'neurons_per_layer_encoder': [56, 112, 224], 'neurons_per_layer_decoder': [224]}",56,[224],"[56, 112, 224]",[0.14153803462911008],0.7920139019370431,COMPLETE
995,0.09401468278424341,2025-01-10 13:59:27.851909,2025-01-10 13:59:30.287644,0 days 00:00:02.435735,0.13600442498881168,48.0,0.2,56,100.0,0.0005130909525136054,109,0.0003330360984771905,1,1,adam,"{'neurons_per_layer_encoder': [56], 'neurons_per_layer_decoder': [56]}",56,[56],[56],[0.09401468278424341],0.2701904182895842,COMPLETE
996,0.08385449331110983,2025-01-10 13:59:28.311363,2025-01-10 13:59:30.705111,0 days 00:00:02.393748,0.13225647373613567,48.0,0.2,84,100.0,0.0005235491478588052,188,0.00023235829274793389,1,1,adam,"{'neurons_per_layer_encoder': [84], 'neurons_per_layer_decoder': [84]}",84,[84],[84],[0.08385449331110983],0.4176734448301969,COMPLETE
997,0.22752145925820455,2025-01-10 13:59:28.535697,2025-01-10 13:59:31.265454,0 days 00:00:02.729757,0.1652268362366465,48.0,0.2,56,100.0,1.4920188435274928e-05,109,0.00024229402553940853,1,1,adam,"{'neurons_per_layer_encoder': [56], 'neurons_per_layer_decoder': [56]}",56,[56],[56],[0.22752145925820455],-0.47696743150900994,COMPLETE
998,0.21486861588530193,2025-01-10 13:59:30.124905,2025-01-10 13:59:32.768925,0 days 00:00:02.644020,0.16475853887836586,48.0,0.2,52,100.0,0.0005202639185154252,89,0.0002317382032491286,1,1,adam,"{'neurons_per_layer_encoder': [52], 'neurons_per_layer_decoder': [52]}",52,[52],[52],[0.21486861588530193],0.3120631395957693,COMPLETE
999,0.25788471026655735,2025-01-10 13:59:30.305701,2025-01-10 13:59:32.987740,0 days 00:00:02.682039,0.16665040468968115,48.0,0.2,84,100.0,0.00032097820326715704,188,0.00022957171132442468,1,1,adam,"{'neurons_per_layer_encoder': [84], 'neurons_per_layer_decoder': [84]}",84,[84],[84],[0.25788471026655735],0.30292728367770166,COMPLETE
1000,-0.3026743426580212,2025-01-10 13:59:30.308927,2025-01-10 13:59:31.798238,0 days 00:00:01.489311,0.16590225724722935,48.0,0.2,32,100.0,0.000319032731827013,51,0.00019709187152799266,1,1,adam,"{'neurons_per_layer_encoder': [32], 'neurons_per_layer_decoder': [32]}",32,[32],[32],[-0.3026743426580212],-0.30675019964379785,COMPLETE
1001,0.028909482821531607,2025-01-10 13:59:30.718970,2025-01-10 13:59:32.130167,0 days 00:00:01.411197,0.19960488914062102,48.0,0.2,32,100.0,0.0003107660730972858,51,0.00014719942590955641,1,1,adam,"{'neurons_per_layer_encoder': [32], 'neurons_per_layer_decoder': [32]}",32,[32],[32],[0.028909482821531607],0.1256029770110877,COMPLETE
1002,0.12382115971198338,2025-01-10 13:59:31.277471,2025-01-10 13:59:33.807926,0 days 00:00:02.530455,0.16615755207832514,48.0,0.2,32,100.0,0.0001764560941084565,51,0.00019429361027222417,1,1,adam,"{'neurons_per_layer_encoder': [32], 'neurons_per_layer_decoder': [32]}",32,[32],[32],[0.12382115971198338],-0.2125009861458565,COMPLETE
1003,0.05241226232404983,2025-01-10 13:59:31.808496,2025-01-10 13:59:34.315687,0 days 00:00:02.507191,0.18908036870459796,56.0,0.2,44,100.0,0.000640545883913049,80,0.00015300096508057243,1,1,adam,"{'neurons_per_layer_encoder': [44], 'neurons_per_layer_decoder': [44]}",44,[44],[44],[0.05241226232404983],0.34465425337295796,COMPLETE
1004,0.07471078665892883,2025-01-10 13:59:32.140837,2025-01-10 13:59:34.661159,0 days 00:00:02.520322,0.17351363836495048,56.0,0.2,40,100.0,0.00018197955094589597,76,0.00020605109833464455,1,1,adam,"{'neurons_per_layer_encoder': [40], 'neurons_per_layer_decoder': [40]}",40,[40],[40],[0.07471078665892883],-0.21454129833145352,COMPLETE
1005,-0.0853289775319519,2025-01-10 13:59:32.780299,2025-01-10 13:59:34.138207,0 days 00:00:01.357908,0.17700304081598328,72.0,0.2,40,100.0,0.0006381479997133889,76,2.3075045006480817e-05,1,1,adam,"{'neurons_per_layer_encoder': [40], 'neurons_per_layer_decoder': [40]}",40,[40],[40],[-0.0853289775319519],0.37478031829371483,COMPLETE
1006,-0.19641296300493627,2025-01-10 13:59:33.000161,2025-01-10 13:59:34.342421,0 days 00:00:01.342260,0.1218731404949628,96.0,0.2,40,100.0,0.0006377260955733271,76,0.00019559867852182538,1,1,adam,"{'neurons_per_layer_encoder': [40], 'neurons_per_layer_decoder': [40]}",40,[40],[40],[-0.19641296300493627],0.08553312266906508,COMPLETE
1007,0.1961779433881914,2025-01-10 13:59:33.818673,2025-01-10 13:59:36.353042,0 days 00:00:02.534369,0.18986794601401558,56.0,0.2,40,100.0,0.0006513365837791156,76,0.0002608603261179641,1,1,adam,"{'neurons_per_layer_encoder': [40], 'neurons_per_layer_decoder': [40]}",40,[40],[40],[0.1961779433881914],0.34688452533377634,COMPLETE
1008,-0.032561870064623744,2025-01-10 13:59:34.149279,2025-01-10 13:59:36.814741,0 days 00:00:02.665462,0.19095665614080146,56.0,0.2,148,100.0,0.0004710359656021403,348,0.0002666745117918993,1,1,adam,"{'neurons_per_layer_encoder': [148], 'neurons_per_layer_decoder': [148]}",148,[148],[148],[-0.032561870064623744],0.5062359214941289,COMPLETE
1009,0.11144792630195977,2025-01-10 13:59:34.328267,2025-01-10 13:59:36.909060,0 days 00:00:02.580793,0.18994419232775037,56.0,0.2,108,100.0,0.00046582705958053954,132,0.00047352756562582657,1,1,adam,"{'neurons_per_layer_encoder': [108], 'neurons_per_layer_decoder': [108]}",108,[108],[108],[0.11144792630195977],0.3425578278655909,COMPLETE
1010,0.12506160084074747,2025-01-10 13:59:34.354134,2025-01-10 13:59:36.943058,0 days 00:00:02.588924,0.026379558172611697,56.0,0.2,68,100.0,0.0004573645003168752,138,0.0002724140328774466,1,1,adam,"{'neurons_per_layer_encoder': [68], 'neurons_per_layer_decoder': [68]}",68,[68],[68],[0.12506160084074747],0.2991736407324396,COMPLETE
1011,0.22141000948853307,2025-01-10 13:59:34.673705,2025-01-10 13:59:37.249979,0 days 00:00:02.576274,0.19109852244959097,48.0,0.2,100,100.0,0.00046862589381830693,140,0.00027410166818167504,1,1,adam,"{'neurons_per_layer_encoder': [100], 'neurons_per_layer_decoder': [100]}",100,[100],[100],[0.22141000948853307],0.4307134083757234,COMPLETE
1012,0.2105267582421645,2025-01-10 13:59:36.364578,2025-01-10 13:59:39.080321,0 days 00:00:02.715743,0.15609192514082434,48.0,0.2,208,100.0,0.000451638740620953,232,0.00027720005959856097,1,1,adam,"{'neurons_per_layer_encoder': [208], 'neurons_per_layer_decoder': [208]}",208,[208],[208],[0.2105267582421645],0.5683150671169982,COMPLETE
1013,-0.012818439739227028,2025-01-10 13:59:36.827100,2025-01-10 13:59:38.202974,0 days 00:00:01.375874,0.1584033782708023,48.0,0.2,68,100.0,0.0008003758558912785,138,0.0004933541012381012,1,1,sgd,"{'neurons_per_layer_encoder': [68], 'neurons_per_layer_decoder': [68]}",68,[68],[68],[-0.012818439739227028],0.5761755149535439,COMPLETE
1014,0.1962092674092305,2025-01-10 13:59:36.921116,2025-01-10 13:59:39.033915,0 days 00:00:02.112799,0.15764047543725548,48.0,0.2,68,100.0,0.0008111815116085854,138,0.000285311594236538,1,1,sgd,"{'neurons_per_layer_encoder': [68], 'neurons_per_layer_decoder': [68]}",68,[68],[68],[0.1962092674092305],0.6144970724327927,COMPLETE
1015,0.1475312903896231,2025-01-10 13:59:36.959127,2025-01-10 13:59:39.605761,0 days 00:00:02.646634,0.1568313374621028,48.0,0.2,132,100.0,0.0007579448942006488,156,0.00042563116790827023,1,1,adam,"{'neurons_per_layer_encoder': [132], 'neurons_per_layer_decoder': [132]}",132,[132],[132],[0.1475312903896231],0.5600240566646438,COMPLETE
1016,0.14226926226542036,2025-01-10 13:59:37.261737,2025-01-10 13:59:40.085346,0 days 00:00:02.823609,0.17905155635976377,48.0,0.2,48,100.0,0.0007979096015735254,100,0.00036797424883141703,2,1,adam,"{'neurons_per_layer_encoder': [48], 'neurons_per_layer_decoder': [48, 24]}",48,"[48, 24]",[48],[0.14226926226542036],0.504425520593004,COMPLETE
1017,0.21114781870424626,2025-01-10 13:59:38.214755,2025-01-10 13:59:41.145264,0 days 00:00:02.930509,0.1763674297362977,40.0,0.2,92,100.0,0.0007836829545178604,164,0.00030635190825730916,2,1,adam,"{'neurons_per_layer_encoder': [92], 'neurons_per_layer_decoder': [92, 46]}",92,"[92, 46]",[92],[0.21114781870424626],0.6992579865440945,COMPLETE
1018,0.14479477752504677,2025-01-10 13:59:39.044460,2025-01-10 13:59:42.122464,0 days 00:00:03.078004,0.17608765362761108,40.0,0.2,48,100.0,0.0003831147282949168,100,0.00022669447149302918,2,1,adam,"{'neurons_per_layer_encoder': [48], 'neurons_per_layer_decoder': [48, 24]}",48,"[48, 24]",[48],[0.14479477752504677],0.32068695684456955,COMPLETE
1019,0.15587562235865982,2025-01-10 13:59:39.092798,2025-01-10 13:59:42.001454,0 days 00:00:02.908656,0.17659887014380868,40.0,0.2,48,100.0,0.00037777203896340446,100,0.00039427200691913484,2,1,adam,"{'neurons_per_layer_encoder': [48], 'neurons_per_layer_decoder': [48, 24]}",48,"[48, 24]",[48],[0.15587562235865982],0.3110772937517488,COMPLETE
1020,0.2480677537749788,2025-01-10 13:59:39.617866,2025-01-10 13:59:42.872526,0 days 00:00:03.254660,0.17343965295425737,40.0,0.2,196,100.0,0.0003624979179783088,236,0.00036069573822014486,2,1,adam,"{'neurons_per_layer_encoder': [196], 'neurons_per_layer_decoder': [196, 98]}",196,"[196, 98]",[196],[0.2480677537749788],0.6626675348093095,COMPLETE
1021,0.12877248224060767,2025-01-10 13:59:40.097452,2025-01-10 13:59:42.991955,0 days 00:00:02.894503,0.17536240274331907,40.0,0.2,60,100.0,0.0003911161769873162,130,0.00022045104255059202,1,1,adam,"{'neurons_per_layer_encoder': [60], 'neurons_per_layer_decoder': [60]}",60,[60],[60],[0.12877248224060767],0.17264031148825876,COMPLETE
1022,0.17173043250574382,2025-01-10 13:59:41.156825,2025-01-10 13:59:43.720809,0 days 00:00:02.563984,0.19977121770756745,40.0,0.2,88,100.0,0.00037329110332842973,192,0.00021734129555765267,1,1,adam,"{'neurons_per_layer_encoder': [88], 'neurons_per_layer_decoder': [88]}",88,[88],[88],[0.17173043250574382],0.2680701636460312,COMPLETE
1023,0.20052613217804016,2025-01-10 13:59:42.013111,2025-01-10 13:59:44.746445,0 days 00:00:02.733334,0.17089985489568846,40.0,0.2,60,100.0,0.0005780483769869697,130,0.0001410611393185661,1,1,adam,"{'neurons_per_layer_encoder': [60], 'neurons_per_layer_decoder': [60]}",60,[60],[60],[0.20052613217804016],0.38390672398721365,COMPLETE
1024,0.1290808774800778,2025-01-10 13:59:42.883476,2025-01-10 13:59:45.359596,0 days 00:00:02.476120,0.04249499784386914,48.0,0.2,60,100.0,0.000560852236960214,130,0.0001892661289196219,1,1,adam,"{'neurons_per_layer_encoder': [60], 'neurons_per_layer_decoder': [60]}",60,[60],[60],[0.1290808774800778],0.355176202471957,COMPLETE
1025,0.20794754573413365,2025-01-10 13:59:43.006170,2025-01-10 13:59:45.468932,0 days 00:00:02.462762,0.1989518172069889,48.0,0.2,100,100.0,0.0005495026234517565,140,0.00015834705858744393,1,1,adam,"{'neurons_per_layer_encoder': [100], 'neurons_per_layer_decoder': [100]}",100,[100],[100],[0.20794754573413365],0.5060387114774703,COMPLETE
1026,-0.29629125035626913,2025-01-10 13:59:44.757580,2025-01-10 13:59:46.150298,0 days 00:00:01.392718,0.13918872501488092,48.0,0.2,28,100.0,0.0002571359806497536,46,0.00019152855622538208,1,1,adam,"{'neurons_per_layer_encoder': [28], 'neurons_per_layer_decoder': [28]}",28,[28],[28],[-0.29629125035626913],-0.3693485366971797,COMPLETE
1027,0.24064531943214917,2025-01-10 13:59:45.369447,2025-01-10 13:59:47.839823,0 days 00:00:02.470376,0.19989839401636264,48.0,0.2,28,100.0,0.0002612600268440671,46,0.0001576553686980539,1,1,adam,"{'neurons_per_layer_encoder': [28], 'neurons_per_layer_decoder': [28]}",28,[28],[28],[0.24064531943214917],0.040540356086212356,COMPLETE
1028,0.21437638263403647,2025-01-10 13:59:45.479182,2025-01-10 13:59:48.006006,0 days 00:00:02.526824,0.14457098912537877,48.0,0.2,192,100.0,0.000503715710389804,216,0.0002527124047396087,1,1,adam,"{'neurons_per_layer_encoder': [192], 'neurons_per_layer_decoder': [192]}",192,[192],[192],[0.21437638263403647],0.6006113237955981,COMPLETE
1029,0.11926754960252772,2025-01-10 13:59:46.160964,2025-01-10 13:59:48.587242,0 days 00:00:02.426278,0.14464575791147583,48.0,0.2,36,100.0,0.0006881259313364069,71,0.00024188759249743448,1,1,adam,"{'neurons_per_layer_encoder': [36], 'neurons_per_layer_decoder': [36]}",36,[36],[36],[0.11926754960252772],0.2608168731987655,COMPLETE
1030,0.19234222820086333,2025-01-10 13:59:48.016070,2025-01-10 13:59:50.274178,0 days 00:00:02.258108,0.16389773692301562,48.0,0.2,36,100.0,0.000706837990859004,71,0.00029823038475834494,1,1,adam,"{'neurons_per_layer_encoder': [36], 'neurons_per_layer_decoder': [36]}",36,[36],[36],[0.19234222820086333],0.29281547868229113,COMPLETE
1031,-0.023505707898666683,2025-01-10 14:00:05.222342,2025-01-10 14:00:06.580036,0 days 00:00:01.357694,0.1824575975066623,64.0,0.2,16,100.0,0.0005881403958879658,17,0.00031253140121591163,1,1,adam,"{'neurons_per_layer_encoder': [16], 'neurons_per_layer_decoder': [16]}",16,[16],[16],[-0.023505707898666683],0.06568438613398092,COMPLETE
1032,0.07314728702022477,2025-01-10 14:00:05.226832,2025-01-10 14:00:07.719733,0 days 00:00:02.492901,0.18557383058160834,64.0,0.2,44,100.0,0.0006064760699819433,80,0.00031291993469007923,1,1,adam,"{'neurons_per_layer_encoder': [44], 'neurons_per_layer_decoder': [44]}",44,[44],[44],[0.07314728702022477],0.18789356735047938,COMPLETE
1033,-0.008225579918148984,2025-01-10 14:00:05.229294,2025-01-10 14:00:06.606863,0 days 00:00:01.377569,0.18511908065168722,64.0,0.2,44,100.0,0.0005835029741279227,80,0.0003168081351643138,1,1,adam,"{'neurons_per_layer_encoder': [44], 'neurons_per_layer_decoder': [44]}",44,[44],[44],[-0.008225579918148984],0.3053826975313497,COMPLETE
1034,0.2911834536966338,2025-01-10 14:00:05.235629,2025-01-10 14:00:07.815532,0 days 00:00:02.579903,0.18461514511136523,48.0,0.2,108,100.0,0.0005826223656703213,132,0.00034041496731225594,1,1,adam,"{'neurons_per_layer_encoder': [108], 'neurons_per_layer_decoder': [108]}",108,[108],[108],[0.2911834536966338],0.5346670361926873,COMPLETE
1035,0.1859745205974367,2025-01-10 14:00:05.244014,2025-01-10 14:00:07.741640,0 days 00:00:02.497626,0.18474558162963176,64.0,0.2,44,100.0,0.0006052957866917078,80,0.0003264258488436558,1,1,adam,"{'neurons_per_layer_encoder': [44], 'neurons_per_layer_decoder': [44]}",44,[44],[44],[0.1859745205974367],0.21975983508428054,COMPLETE
1036,0.16058136736509354,2025-01-10 14:00:06.594770,2025-01-10 14:00:09.281677,0 days 00:00:02.686907,0.18772551649389882,48.0,0.2,104,100.0,0.00042891597014275246,128,0.0001858275921080433,1,1,adam,"{'neurons_per_layer_encoder': [104], 'neurons_per_layer_decoder': [104]}",104,[104],[104],[0.16058136736509354],0.35130656292010987,COMPLETE
1037,0.10441201771580455,2025-01-10 14:00:06.622057,2025-01-10 14:00:09.311928,0 days 00:00:02.689871,0.15867892370029132,48.0,0.2,108,100.0,0.00042458336670823254,132,0.00018019571430353965,1,1,adam,"{'neurons_per_layer_encoder': [108], 'neurons_per_layer_decoder': [108]}",108,[108],[108],[0.10441201771580455],0.3171172963118234,COMPLETE
1038,0.17958876330474782,2025-01-10 14:00:07.733053,2025-01-10 14:00:10.462525,0 days 00:00:02.729472,0.16171393953012614,48.0,0.2,204,100.0,0.0005054016599562264,228,0.00018692159190391945,1,1,adam,"{'neurons_per_layer_encoder': [204], 'neurons_per_layer_decoder': [204]}",204,[204],[204],[0.17958876330474782],0.6186765197389019,COMPLETE
1039,-0.11049184274709956,2025-01-10 14:00:07.758228,2025-01-10 14:00:09.161587,0 days 00:00:01.403359,0.16351867072596674,48.0,0.2,52,100.0,0.0004364002918573693,89,0.0001821010971810834,1,1,adam,"{'neurons_per_layer_encoder': [52], 'neurons_per_layer_decoder': [52]}",52,[52],[52],[-0.11049184274709956],0.06490058913976429,COMPLETE
1040,0.2677682507289457,2025-01-10 14:00:07.828254,2025-01-10 14:00:10.483908,0 days 00:00:02.655654,0.19901015378708392,48.0,0.2,124,100.0,0.0008448798581571398,148,0.00039784642417615827,1,1,adam,"{'neurons_per_layer_encoder': [124], 'neurons_per_layer_decoder': [124]}",124,[124],[124],[0.2677682507289457],0.6427782319730855,COMPLETE
1041,0.21233173684939577,2025-01-10 14:00:09.286345,2025-01-10 14:00:11.910556,0 days 00:00:02.624211,0.19181418809395032,48.0,0.2,112,100.0,0.0008425956851261626,136,0.00041671871691593184,1,1,adam,"{'neurons_per_layer_encoder': [112], 'neurons_per_layer_decoder': [112]}",112,[112],[112],[0.21233173684939577],0.5986909246912668,COMPLETE
1042,0.1545526996997082,2025-01-10 14:00:09.293328,2025-01-10 14:00:12.020142,0 days 00:00:02.726814,0.18972797179585296,48.0,0.2,204,100.0,0.0006912495571773699,260,0.0004233447375334187,1,1,adam,"{'neurons_per_layer_encoder': [204], 'neurons_per_layer_decoder': [204]}",204,[204],[204],[0.1545526996997082],0.6475896047300128,COMPLETE
1043,-0.27014167626922014,2025-01-10 14:00:09.325575,2025-01-10 14:00:10.766100,0 days 00:00:01.440525,0.18836975749223134,48.0,0.2,204,100.0,0.0006917011020611185,260,0.00044061050317973906,1,1,adadelta,"{'neurons_per_layer_encoder': [204], 'neurons_per_layer_decoder': [204]}",204,[204],[204],[-0.27014167626922014],0.6711811526863478,COMPLETE
1044,-0.14251482652822212,2025-01-10 14:00:10.476822,2025-01-10 14:00:11.901524,0 days 00:00:01.424702,0.19911730052359594,56.0,0.2,196,100.0,0.0008645436477739367,268,0.0003629872683509541,1,1,adadelta,"{'neurons_per_layer_encoder': [196], 'neurons_per_layer_decoder': [196]}",196,[196],[196],[-0.14251482652822212],0.7353462450346654,COMPLETE
1045,-0.0376725025818323,2025-01-10 14:00:10.505823,2025-01-10 14:00:13.305766,0 days 00:00:02.799943,0.18881268634424225,56.0,0.2,112,100.0,0.0007057581407601161,248,0.0004308989075955302,1,2,adadelta,"{'neurons_per_layer_encoder': [112, 224], 'neurons_per_layer_decoder': [224]}",112,[224],"[112, 224]",[-0.0376725025818323],0.8121546763501019,COMPLETE
1046,-0.1802777480383908,2025-01-10 14:00:10.777748,2025-01-10 14:00:15.674892,0 days 00:00:04.897144,0.190077700991045,56.0,0.2,96,100.0,0.0007013298903707308,1128,0.00038298541601326097,1,4,adam,"{'neurons_per_layer_encoder': [96, 192, 384, 768], 'neurons_per_layer_decoder': [768]}",96,[768],"[96, 192, 384, 768]",[-0.1802777480383908],0.9346275918000098,COMPLETE
1047,0.07396435613885088,2025-01-10 14:00:11.913887,2025-01-10 14:00:14.861141,0 days 00:00:02.947254,0.17914135737507417,56.0,0.2,140,100.0,0.0006956849354887466,164,0.0003582342604636378,1,1,adam,"{'neurons_per_layer_encoder': [140], 'neurons_per_layer_decoder': [140]}",140,[140],[140],[0.07396435613885088],0.5626441827183176,COMPLETE
1048,-0.023695646765495848,2025-01-10 14:00:11.923686,2025-01-10 14:00:16.205895,0 days 00:00:04.282209,0.17901724528157498,80.0,0.2,84,100.0,0.0007057981733601866,1160,0.0003634378642160975,1,4,adam,"{'neurons_per_layer_encoder': [84, 168, 336, 672], 'neurons_per_layer_decoder': [672]}",84,[672],"[84, 168, 336, 672]",[-0.023695646765495848],0.9313480309992204,COMPLETE
1049,0.09389872437393343,2025-01-10 14:00:12.032415,2025-01-10 14:00:14.934926,0 days 00:00:02.902511,0.17860277346675008,56.0,0.2,140,100.0,0.0006671288547623183,164,0.0003577336185530232,1,1,adam,"{'neurons_per_layer_encoder': [140], 'neurons_per_layer_decoder': [140]}",140,[140],[140],[0.09389872437393343],0.5719915748570699,COMPLETE
1050,0.2943370423576096,2025-01-10 14:00:13.316831,2025-01-10 14:00:16.190346,0 days 00:00:02.873515,0.17596235059374754,48.0,0.2,72,100.0,0.0005219596952617298,159,0.0003440659769485295,1,1,adam,"{'neurons_per_layer_encoder': [72], 'neurons_per_layer_decoder': [72]}",72,[72],[72],[0.2943370423576096],0.45730703394529976,COMPLETE
