number,value,datetime_start,datetime_complete,duration,params_alpha,params_batch_size,params_drop_out_rate,params_encoder_neurons_layer_1,params_epochs,params_lambda,params_latent_dim,params_learning_rate,params_num_layers_decoder,params_num_layers_encoder,params_optimizer,user_attrs_encoder_decoder_config,user_attrs_first_layer_neurons,user_attrs_neurons_per_layer_decoder,user_attrs_neurons_per_layer_encoder,user_attrs_r2_feature_1,user_attrs_relative_deterioration,state
113,0.08157046707057902,2025-01-10 13:41:52.316656,2025-01-10 13:41:55.654366,0 days 00:00:03.337710,0.02734533797541642,120.0,0.1,144,100.0,5.468560690454826e-06,296,0.0008715598949581014,4,1,adam,"{'neurons_per_layer_encoder': [144], 'neurons_per_layer_decoder': [144, 72, 36, 18]}",144,"[144, 72, 36, 18]",[144],[0.08157046707057902],-2.4318666839236713,COMPLETE
114,0.09655790219224225,2025-01-10 13:41:52.375783,2025-01-10 13:41:55.585837,0 days 00:00:03.210054,0.02814187915120244,120.0,0.1,144,100.0,1.361586655998194e-05,328,0.0005579667181637636,4,1,adam,"{'neurons_per_layer_encoder': [144], 'neurons_per_layer_decoder': [144, 72, 36, 18]}",144,"[144, 72, 36, 18]",[144],[0.09655790219224225],-1.9799948958889955,COMPLETE
115,-0.10034340695030108,2025-01-10 13:41:53.745387,2025-01-10 13:41:56.113499,0 days 00:00:02.368112,0.026334364949221062,120.0,0.1,144,100.0,1.3104033308916093e-05,280,0.0005757221986278359,4,1,adam,"{'neurons_per_layer_encoder': [144], 'neurons_per_layer_decoder': [144, 72, 36, 18]}",144,"[144, 72, 36, 18]",[144],[-0.10034340695030108],-0.13395405223074466,COMPLETE
116,-0.1313445564308937,2025-01-10 13:41:54.792194,2025-01-10 13:41:56.809203,0 days 00:00:02.017009,0.19140694711223044,120.0,0.1,140,100.0,1.2679180718006166e-05,292,0.00017438935015449814,4,1,adam,"{'neurons_per_layer_encoder': [140], 'neurons_per_layer_decoder': [140, 70, 35, 17]}",140,"[140, 70, 35, 17]",[140],[-0.1313445564308937],-0.7001868793137493,COMPLETE
117,0.11093560974801109,2025-01-10 13:41:55.021772,2025-01-10 13:41:58.065065,0 days 00:00:03.043293,0.027908352343460553,120.0,0.1,144,100.0,1.242043143594732e-05,344,0.000556161470350698,3,1,adam,"{'neurons_per_layer_encoder': [144], 'neurons_per_layer_decoder': [144, 72, 36]}",144,"[144, 72, 36]",[144],[0.11093560974801109],-1.564333147868705,COMPLETE
118,0.18338440954684698,2025-01-10 13:41:55.593460,2025-01-10 13:41:58.619511,0 days 00:00:03.026051,0.02243523944346522,120.0,0.1,144,100.0,4.579150121446188e-06,296,0.0010744800840789706,3,1,adam,"{'neurons_per_layer_encoder': [144], 'neurons_per_layer_decoder': [144, 72, 36]}",144,"[144, 72, 36]",[144],[0.18338440954684698],-1.8690950290741766,COMPLETE
119,,2025-01-10 13:41:55.663112,,,0.0224513763994873,112.0,0.1,140,100.0,1.191780019052564e-05,260,2.139731399892749e-05,3,1,adam,"{'neurons_per_layer_encoder': [140], 'neurons_per_layer_decoder': [140, 70, 35]}",140,"[140, 70, 35]",[140],[0.14340401927054025],,RUNNING
120,,2025-01-10 13:41:56.122019,,,0.022510035506021424,112.0,0.1,152,100.0,3.420564991470917e-06,336,0.00015417320335614327,3,1,adam,"{'neurons_per_layer_encoder': [152], 'neurons_per_layer_decoder': [152, 76, 38]}",152,"[152, 76, 38]",[152],,,RUNNING
121,,2025-01-10 13:41:56.816834,,,0.03634317470240176,112.0,0.1,164,100.0,3.4871341309021205e-06,364,2.3362386831471997e-05,3,1,adam,"{'neurons_per_layer_encoder': [164], 'neurons_per_layer_decoder': [164, 82, 41]}",164,"[164, 82, 41]",[164],,,RUNNING
122,,2025-01-10 13:41:58.073125,,,0.02444988219699447,112.0,0.1,164,100.0,1.0827549546420106e-05,348,1.9942690523085526e-05,3,1,adadelta,"{'neurons_per_layer_encoder': [164], 'neurons_per_layer_decoder': [164, 82, 41]}",164,"[164, 82, 41]",[164],,,RUNNING
123,,2025-01-10 13:41:58.627559,,,0.023086691765348985,,0.1,164,,7.96877473559882e-06,368,0.0009887701864550182,3,2,adadelta,"{'neurons_per_layer_encoder': [164, 328], 'neurons_per_layer_decoder': [328, 164, 82]}",164,"[328, 164, 82]","[164, 328]",,,RUNNING
124,-0.1851670811415358,2025-01-10 13:42:17.292223,2025-01-10 13:42:19.470826,0 days 00:00:02.178603,0.02506362089098046,120.0,0.1,172,100.0,1.690951154842134e-06,368,0.0013102444486488064,3,2,adadelta,"{'neurons_per_layer_encoder': [172, 344], 'neurons_per_layer_decoder': [344, 172, 86]}",172,"[344, 172, 86]","[172, 344]",[-0.1851670811415358],-0.11783641263711699,COMPLETE
125,0.0022868308217345312,2025-01-10 13:42:17.292390,2025-01-10 13:42:20.452154,0 days 00:00:03.159764,0.023396254886834188,120.0,0.1,164,100.0,1.4622243051769826e-06,368,0.0012248615645008357,3,2,adam,"{'neurons_per_layer_encoder': [164, 328], 'neurons_per_layer_decoder': [328, 164, 82]}",164,"[328, 164, 82]","[164, 328]",[0.0022868308217345312],-2.4792646286650926,COMPLETE
126,-0.10727951221794751,2025-01-10 13:42:17.292180,2025-01-10 13:42:19.531380,0 days 00:00:02.239200,0.01697958009379211,120.0,0.1,164,100.0,1.0645993907499798e-06,368,0.001070478404416145,3,2,adadelta,"{'neurons_per_layer_encoder': [164, 328], 'neurons_per_layer_decoder': [328, 164, 82]}",164,"[328, 164, 82]","[164, 328]",[-0.10727951221794751],-0.21186585381776418,COMPLETE
127,-0.156435925488277,2025-01-10 13:42:17.292309,2025-01-10 13:42:19.669307,0 days 00:00:02.376998,0.017854910625966745,120.0,0.1,164,100.0,9.079391115394572e-06,368,0.0011518431420445008,3,2,adadelta,"{'neurons_per_layer_encoder': [164, 328], 'neurons_per_layer_decoder': [328, 164, 82]}",164,"[328, 164, 82]","[164, 328]",[-0.156435925488277],0.05220687178476292,COMPLETE
128,,2025-01-10 13:42:17.292474,,,0.02225739629583763,120.0,0.1,164,100.0,1.080406591436156e-05,368,0.0010695041835101944,3,2,adadelta,"{'neurons_per_layer_encoder': [164, 328], 'neurons_per_layer_decoder': [328, 164, 82]}",164,"[328, 164, 82]","[164, 328]",,,RUNNING
129,,2025-01-10 13:42:19.481017,,,0.023741793745926575,128.0,0.1,236,100.0,4.515404059929016e-06,356,0.0010654209980570973,3,1,adam,"{'neurons_per_layer_encoder': [236], 'neurons_per_layer_decoder': [236, 118, 59]}",236,"[236, 118, 59]",[236],,,RUNNING
130,,2025-01-10 13:42:19.542690,,,0.02287864986151306,112.0,0.1,152,100.0,3.903889042418141e-06,336,0.0002955441531927817,3,1,adam,"{'neurons_per_layer_encoder': [152], 'neurons_per_layer_decoder': [152, 76, 38]}",152,"[152, 76, 38]",[152],,,RUNNING
131,,2025-01-10 13:42:19.679413,,,0.022786319110496205,112.0,0.1,152,100.0,3.7580007530351052e-06,336,0.0004960244320547916,3,1,adam,"{'neurons_per_layer_encoder': [152], 'neurons_per_layer_decoder': [152, 76, 38]}",152,"[152, 76, 38]",[152],,,RUNNING
132,,2025-01-10 13:42:20.464690,,,0.05214420103644194,112.0,0.1,152,100.0,3.4242224576218444e-06,336,0.000492681591091453,3,1,adam,"{'neurons_per_layer_encoder': [152], 'neurons_per_layer_decoder': [152, 76, 38]}",152,"[152, 76, 38]",[152],,,RUNNING
133,0.060123224791063135,2025-01-10 13:42:43.493925,2025-01-10 13:42:46.659374,0 days 00:00:03.165449,0.023300068590635645,112.0,0.1,152,100.0,2.5730973725975163e-06,336,0.0004938641405362557,3,1,adam,"{'neurons_per_layer_encoder': [152], 'neurons_per_layer_decoder': [152, 76, 38]}",152,"[152, 76, 38]",[152],[0.060123224791063135],-2.5099298738405285,COMPLETE
134,0.08502293335322075,2025-01-10 13:42:43.494065,2025-01-10 13:42:46.659451,0 days 00:00:03.165386,0.02205809427476611,112.0,0.1,152,100.0,1.1432922935426037e-05,352,0.0005250407431535466,3,1,adam,"{'neurons_per_layer_encoder': [152], 'neurons_per_layer_decoder': [152, 76, 38]}",152,"[152, 76, 38]",[152],[0.08502293335322075],-1.5732372421973164,COMPLETE
135,-0.0053896689627006555,2025-01-10 13:42:43.525109,2025-01-10 13:42:46.685158,0 days 00:00:03.160049,0.023239647968340906,112.0,0.1,152,100.0,1.704666724255385e-05,336,2.0023291994612447e-05,3,1,adam,"{'neurons_per_layer_encoder': [152], 'neurons_per_layer_decoder': [152, 76, 38]}",152,"[152, 76, 38]",[152],[-0.0053896689627006555],-0.3584790007748949,COMPLETE
136,0.01096906724987301,2025-01-10 13:42:43.577256,2025-01-10 13:42:46.698360,0 days 00:00:03.121104,0.03273083669953389,112.0,0.1,152,100.0,3.873053012651345e-06,336,0.0004887349664593952,3,1,adam,"{'neurons_per_layer_encoder': [152], 'neurons_per_layer_decoder': [152, 76, 38]}",152,"[152, 76, 38]",[152],[0.01096906724987301],-2.33088950196958,COMPLETE
137,0.06544058166666145,2025-01-10 13:42:43.603981,2025-01-10 13:42:46.244491,0 days 00:00:02.640510,0.02249893288709933,112.0,0.1,152,100.0,1.0853537252367861e-05,336,0.0006314835021601876,3,1,adam,"{'neurons_per_layer_encoder': [152], 'neurons_per_layer_decoder': [152, 76, 38]}",152,"[152, 76, 38]",[152],[0.06544058166666145],-1.624985855675998,COMPLETE
138,0.0886111599384598,2025-01-10 13:42:46.256182,2025-01-10 13:42:49.067665,0 days 00:00:02.811483,0.032712188698252376,112.0,0.1,132,100.0,2.8554949548615546e-06,284,0.0016643378689168392,3,1,adam,"{'neurons_per_layer_encoder': [132], 'neurons_per_layer_decoder': [132, 66, 33]}",132,"[132, 66, 33]",[132],[0.0886111599384598],-2.8187991248362767,COMPLETE
139,0.08207360947411457,2025-01-10 13:42:46.675668,2025-01-10 13:42:49.709195,0 days 00:00:03.033527,0.03307981366502909,104.0,0.1,132,100.0,3.513387871373864e-06,284,1.726510818170621e-05,3,1,adam,"{'neurons_per_layer_encoder': [132], 'neurons_per_layer_decoder': [132, 66, 33]}",132,"[132, 66, 33]",[132],[0.08207360947411457],-0.34561459004300976,COMPLETE
140,0.14165116668803446,2025-01-10 13:42:46.675890,2025-01-10 13:42:49.725855,0 days 00:00:03.049965,0.03237721284735928,104.0,0.1,128,100.0,1.579352116142034e-05,280,0.0002487339181708563,3,1,adam,"{'neurons_per_layer_encoder': [128], 'neurons_per_layer_decoder': [128, 64, 32]}",128,"[128, 64, 32]",[128],[0.14165116668803446],-1.2791514683653278,COMPLETE
141,0.12467025555952305,2025-01-10 13:42:46.706953,2025-01-10 13:42:49.729409,0 days 00:00:03.022456,0.029180796703580657,104.0,0.1,128,100.0,1.5637700133111608e-05,280,0.00029045520354233285,3,1,adam,"{'neurons_per_layer_encoder': [128], 'neurons_per_layer_decoder': [128, 64, 32]}",128,"[128, 64, 32]",[128],[0.12467025555952305],-1.573162315617978,COMPLETE
142,0.009899945610746697,2025-01-10 13:42:46.715827,2025-01-10 13:42:49.759975,0 days 00:00:03.044148,0.025735207367755118,104.0,0.1,132,100.0,8.03268902895788e-06,284,0.00030424263647525654,3,1,adam,"{'neurons_per_layer_encoder': [132], 'neurons_per_layer_decoder': [132, 66, 33]}",132,"[132, 66, 33]",[132],[0.009899945610746697],-2.156089426054694,COMPLETE
143,0.12561671972259292,2025-01-10 13:42:49.078604,2025-01-10 13:42:52.172789,0 days 00:00:03.094185,0.029550741183232972,128.0,0.1,172,100.0,7.990452233205571e-06,356,0.00029208759255396527,3,1,adam,"{'neurons_per_layer_encoder': [172], 'neurons_per_layer_decoder': [172, 86, 43]}",172,"[172, 86, 43]",[172],[0.12561671972259292],-1.3917274850248378,COMPLETE
144,0.051730484193900805,2025-01-10 13:42:49.719029,2025-01-10 13:42:52.839582,0 days 00:00:03.120553,0.05201548288559022,104.0,0.1,240,100.0,0.000257658287523414,456,0.00030477073693290033,3,1,adam,"{'neurons_per_layer_encoder': [240], 'neurons_per_layer_decoder': [240, 120, 60]}",240,"[240, 120, 60]",[240],[0.051730484193900805],0.6201087822028037,COMPLETE
145,0.017669054646152427,2025-01-10 13:42:49.743910,2025-01-10 13:42:52.722892,0 days 00:00:02.978982,0.0300485156971112,104.0,0.1,88,100.0,8.140907805591799e-06,160,0.0002970625615918132,3,1,adam,"{'neurons_per_layer_encoder': [88], 'neurons_per_layer_decoder': [88, 44, 22]}",88,"[88, 44, 22]",[88],[0.017669054646152427],-2.105319788529964,COMPLETE
146,-0.07053926691769852,2025-01-10 13:42:49.744452,2025-01-10 13:42:51.604971,0 days 00:00:01.860519,0.029351649432677606,104.0,0.1,124,100.0,1.7162024483314413e-05,276,0.00029287452525669495,3,1,adam,"{'neurons_per_layer_encoder': [124], 'neurons_per_layer_decoder': [124, 62, 31]}",124,"[124, 62, 31]",[124],[-0.07053926691769852],-0.9750545891929342,COMPLETE
147,-0.09804527468216806,2025-01-10 13:42:49.792792,2025-01-10 13:42:51.704115,0 days 00:00:01.911323,0.029553713869403798,104.0,0.1,120,100.0,0.00023347986833573186,272,0.00028737376305747707,3,1,adam,"{'neurons_per_layer_encoder': [120], 'neurons_per_layer_decoder': [120, 60, 30]}",120,"[120, 60, 30]",[120],[-0.09804527468216806],0.25422230990764494,COMPLETE
148,0.15315611901687054,2025-01-10 13:42:51.614549,2025-01-10 13:42:54.747777,0 days 00:00:03.133228,0.03608922218269554,128.0,0.1,172,100.0,9.696814603247585e-05,356,0.0009386304817242414,3,1,adam,"{'neurons_per_layer_encoder': [172], 'neurons_per_layer_decoder': [172, 86, 43]}",172,"[172, 86, 43]",[172],[0.15315611901687054],-0.07263313803926344,COMPLETE
149,-0.0793826522056098,2025-01-10 13:42:51.713118,2025-01-10 13:42:53.596974,0 days 00:00:01.883856,0.027654515868405366,104.0,0.1,80,100.0,5.546532765324922e-06,152,0.00014537349392075062,3,1,adam,"{'neurons_per_layer_encoder': [80], 'neurons_per_layer_decoder': [80, 40, 20]}",80,"[80, 40, 20]",[80],[-0.0793826522056098],-0.890030478054778,COMPLETE
150,0.11436522160782037,2025-01-10 13:42:52.183507,2025-01-10 13:42:55.394826,0 days 00:00:03.211319,0.03679096808831994,128.0,0.1,240,100.0,5.458651242893336e-06,440,0.00023684797912529123,3,1,adam,"{'neurons_per_layer_encoder': [240], 'neurons_per_layer_decoder': [240, 120, 60]}",240,"[240, 120, 60]",[240],[0.11436522160782037],-1.6294116658196176,COMPLETE
151,0.0811594447946089,2025-01-10 13:42:52.732352,2025-01-10 13:42:55.908140,0 days 00:00:03.175788,0.027808941817207534,128.0,0.1,192,100.0,9.405874949796985e-06,360,0.00025622881092524454,3,1,adam,"{'neurons_per_layer_encoder': [192], 'neurons_per_layer_decoder': [192, 96, 48]}",192,"[192, 96, 48]",[192],[0.0811594447946089],-1.6362036077854962,COMPLETE
152,0.023448847526870042,2025-01-10 13:42:52.849259,2025-01-10 13:42:55.975535,0 days 00:00:03.126276,0.027193576220463398,128.0,0.1,188,100.0,1.0213196133476883e-05,356,0.0001439117350338068,3,1,adam,"{'neurons_per_layer_encoder': [188], 'neurons_per_layer_decoder': [188, 94, 47]}",188,"[188, 94, 47]",[188],[0.023448847526870042],-1.3077149725265764,COMPLETE
153,0.17218233177350417,2025-01-10 13:42:53.607233,2025-01-10 13:42:56.633045,0 days 00:00:03.025812,0.156635814332655,128.0,0.1,184,100.0,9.834744167105277e-06,352,0.0002396221102010907,3,1,adam,"{'neurons_per_layer_encoder': [184], 'neurons_per_layer_decoder': [184, 92, 46]}",184,"[184, 92, 46]",[184],[0.17218233177350417],-1.2790677658118752,COMPLETE
154,0.0463818664710447,2025-01-10 13:42:54.758863,2025-01-10 13:42:57.852918,0 days 00:00:03.094055,0.15968529921547367,128.0,0.1,188,100.0,9.614150345318008e-05,356,0.00025274345676100504,3,1,adam,"{'neurons_per_layer_encoder': [188], 'neurons_per_layer_decoder': [188, 94, 47]}",188,"[188, 94, 47]",[188],[0.0463818664710447],0.00963854035391377,COMPLETE
155,0.018663779980168438,2025-01-10 13:42:55.405017,2025-01-10 13:42:58.554905,0 days 00:00:03.149888,0.03498807269492129,128.0,0.1,224,100.0,5.0956399715005425e-06,488,0.00023786765413309318,3,1,adam,"{'neurons_per_layer_encoder': [224], 'neurons_per_layer_decoder': [224, 112, 56]}",224,"[224, 112, 56]",[224],[0.018663779980168438],-0.6629976500501975,COMPLETE
156,0.018109612072770287,2025-01-10 13:42:55.918253,2025-01-10 13:42:58.318548,0 days 00:00:02.400295,0.03677228972362677,128.0,0.1,228,100.0,6.653749872548924e-05,380,0.0001863015022878514,3,1,adam,"{'neurons_per_layer_encoder': [228], 'neurons_per_layer_decoder': [228, 114, 57]}",228,"[228, 114, 57]",[228],[0.018109612072770287],0.034265019464262046,COMPLETE
157,0.09692047317475372,2025-01-10 13:42:55.986231,2025-01-10 13:42:59.139422,0 days 00:00:03.153191,0.03641922037139281,128.0,0.1,220,100.0,4.737268125540448e-06,420,0.00024259713325922638,3,1,adam,"{'neurons_per_layer_encoder': [220], 'neurons_per_layer_decoder': [220, 110, 55]}",220,"[220, 110, 55]",[220],[0.09692047317475372],-1.7611391445020699,COMPLETE
158,0.09157345264792527,2025-01-10 13:42:56.643009,2025-01-10 13:42:59.765340,0 days 00:00:03.122331,0.03710698195490291,128.0,0.1,172,100.0,0.0001665907105454317,356,0.000240833457881093,3,1,adam,"{'neurons_per_layer_encoder': [172], 'neurons_per_layer_decoder': [172, 86, 43]}",172,"[172, 86, 43]",[172],[0.09157345264792527],0.32815943913337836,COMPLETE
159,0.14724132604427898,2025-01-10 13:42:57.863519,2025-01-10 13:43:01.095967,0 days 00:00:03.232448,0.03660340168760011,128.0,0.1,236,100.0,5.114391423431936e-06,388,0.00038504908302946107,3,1,adam,"{'neurons_per_layer_encoder': [236], 'neurons_per_layer_decoder': [236, 118, 59]}",236,"[236, 118, 59]",[236],[0.14724132604427898],-1.803926135210313,COMPLETE
160,0.06460237874989205,2025-01-10 13:42:58.329399,2025-01-10 13:43:01.524083,0 days 00:00:03.194684,0.1476413365378334,128.0,0.1,228,100.0,4.675791490979937e-06,412,0.00024126166270321744,3,1,adam,"{'neurons_per_layer_encoder': [228], 'neurons_per_layer_decoder': [228, 114, 57]}",228,"[228, 114, 57]",[228],[0.06460237874989205],-1.7881228670341467,COMPLETE
161,-0.0045446979241088314,2025-01-10 13:42:58.565803,2025-01-10 13:43:01.715056,0 days 00:00:03.149253,0.14325165619522445,128.0,0.1,172,100.0,5.694912537857586e-06,356,0.0003847832799593148,3,1,adam,"{'neurons_per_layer_encoder': [172], 'neurons_per_layer_decoder': [172, 86, 43]}",172,"[172, 86, 43]",[172],[-0.0045446979241088314],-2.109402284814548,COMPLETE
162,0.18467450751835324,2025-01-10 13:42:59.149495,2025-01-10 13:43:02.301133,0 days 00:00:03.151638,0.13777595538880463,128.0,0.1,248,100.0,3.314662697275423e-06,320,0.0004028104137565357,3,1,adam,"{'neurons_per_layer_encoder': [248], 'neurons_per_layer_decoder': [248, 124, 62]}",248,"[248, 124, 62]",[248],[0.18467450751835324],-1.9236468733478571,COMPLETE
163,0.15735157155387525,2025-01-10 13:42:59.776695,2025-01-10 13:43:02.981561,0 days 00:00:03.204866,0.03989137525926782,128.0,0.1,160,100.0,5.7643279590998325e-06,344,0.00043162754940293425,3,1,adam,"{'neurons_per_layer_encoder': [160], 'neurons_per_layer_decoder': [160, 80, 40]}",160,"[160, 80, 40]",[160],[0.15735157155387525],-1.653960671658947,COMPLETE
164,-0.098561685493048,2025-01-10 13:43:01.106786,2025-01-10 13:43:03.074440,0 days 00:00:01.967654,0.1202195687720701,128.0,0.1,244,100.0,3.4781069357309603e-06,380,0.0004098907372577714,3,1,sgd,"{'neurons_per_layer_encoder': [244], 'neurons_per_layer_decoder': [244, 122, 61]}",244,"[244, 122, 61]",[244],[-0.098561685493048],-0.28348298434872354,COMPLETE
165,-0.03962271036898324,2025-01-10 13:43:01.533866,2025-01-10 13:43:04.263721,0 days 00:00:02.729855,0.03951503697003634,128.0,0.1,244,100.0,4.258562712420236e-06,444,0.0003855242330132468,3,1,adam,"{'neurons_per_layer_encoder': [244], 'neurons_per_layer_decoder': [244, 122, 61]}",244,"[244, 122, 61]",[244],[-0.03962271036898324],-0.9835158624066794,COMPLETE
166,0.07397201426486155,2025-01-10 13:43:01.724917,2025-01-10 13:43:04.634552,0 days 00:00:02.909635,0.039574511910744646,128.0,0.1,252,100.0,3.770742355811692e-06,388,0.0004380751890572974,2,1,adam,"{'neurons_per_layer_encoder': [252], 'neurons_per_layer_decoder': [252, 126]}",252,"[252, 126]",[252],[0.07397201426486155],-2.2383998854052822,COMPLETE
167,0.026597737484470252,2025-01-10 13:43:02.310815,2025-01-10 13:43:04.865847,0 days 00:00:02.555032,0.12032194924325784,128.0,0.1,252,100.0,3.2527734543804966e-06,308,0.00043121623271895744,1,1,adam,"{'neurons_per_layer_encoder': [252], 'neurons_per_layer_decoder': [252]}",252,[252],[252],[0.026597737484470252],-3.074480529035722,COMPLETE
168,0.07333337293192144,2025-01-10 13:43:02.991722,2025-01-10 13:43:05.684219,0 days 00:00:02.692497,0.1169028538612914,128.0,0.1,248,100.0,3.4699677029944177e-06,384,0.0004239391627440076,2,1,adam,"{'neurons_per_layer_encoder': [248], 'neurons_per_layer_decoder': [248, 124]}",248,"[248, 124]",[248],[0.07333337293192144],-2.5902077757836337,COMPLETE
169,0.14980192813152537,2025-01-10 13:43:03.084674,2025-01-10 13:43:06.099585,0 days 00:00:03.014911,0.1269610642838573,128.0,0.1,236,100.0,6.1572513787890696e-06,324,0.00034773104076920257,2,1,adam,"{'neurons_per_layer_encoder': [236], 'neurons_per_layer_decoder': [236, 118]}",236,"[236, 118]",[236],[0.14980192813152537],-1.8470515425202614,COMPLETE
170,0.0852340718164375,2025-01-10 13:43:04.275524,2025-01-10 13:43:07.141912,0 days 00:00:02.866388,0.17533286282936372,128.0,0.1,256,100.0,6.287365978119761e-06,312,0.00032937263386760367,2,1,adam,"{'neurons_per_layer_encoder': [256], 'neurons_per_layer_decoder': [256, 128]}",256,"[256, 128]",[256],[0.0852340718164375],-2.0518598663014456,COMPLETE
171,0.06902112024959495,2025-01-10 13:43:04.644377,2025-01-10 13:43:07.892052,0 days 00:00:03.247675,0.17655051337168104,128.0,0.1,240,100.0,3.2648444154147737e-06,312,0.00033464752504920673,3,1,adam,"{'neurons_per_layer_encoder': [240], 'neurons_per_layer_decoder': [240, 120, 60]}",240,"[240, 120, 60]",[240],[0.06902112024959495],-1.9921285538914923,COMPLETE
172,-0.05265455267305752,2025-01-10 13:43:04.876045,2025-01-10 13:43:06.847506,0 days 00:00:01.971461,0.16658761108825215,128.0,0.1,236,100.0,6.179504856911053e-06,324,0.00034545284756041627,3,1,adam,"{'neurons_per_layer_encoder': [236], 'neurons_per_layer_decoder': [236, 118, 59]}",236,"[236, 118, 59]",[236],[-0.05265455267305752],-0.8658653972487761,COMPLETE
173,0.1594866004590595,2025-01-10 13:43:05.694797,2025-01-10 13:43:08.756165,0 days 00:00:03.061368,0.1724377765265531,128.0,0.2,236,100.0,4.474643110946391e-06,324,0.0003608236924329259,3,1,adam,"{'neurons_per_layer_encoder': [236], 'neurons_per_layer_decoder': [236, 118, 59]}",236,"[236, 118, 59]",[236],[0.1594866004590595],-0.9397105649188886,COMPLETE
174,0.028634693044880644,2025-01-10 13:43:06.109232,2025-01-10 13:43:07.861202,0 days 00:00:01.751970,0.181224790934297,120.0,0.2,236,100.0,6.070243313162374e-06,324,0.00032048295719863814,1,1,adam,"{'neurons_per_layer_encoder': [236], 'neurons_per_layer_decoder': [236]}",236,[236],[236],[0.028634693044880644],-0.6242108651305951,COMPLETE
