number,values_0,values_1,values_2,datetime_start,datetime_complete,duration,params_alpha,params_batch_size,params_drop_out_rate,params_encoder_neurons_layer_1,params_epochs,params_lambda,params_latent_dim,params_learning_rate,params_num_layers_decoder,params_num_layers_encoder,params_optimizer,user_attrs_encoder_decoder_config,user_attrs_first_layer_neurons,user_attrs_neurons_per_layer_decoder,user_attrs_neurons_per_layer_encoder,user_attrs_r2_feature_1,user_attrs_r2_feature_2,user_attrs_r2_feature_3,user_attrs_relative_deterioration,state
550,0.32532012661737353,0.5980672690076692,0.48891827761044404,2024-12-23 22:00:09.635756,2024-12-23 22:00:17.435007,0 days 00:00:07.799251,0.17448368623379293,48,0.1,64,100,2.295497537872742e-06,1048,6.016896950346106e-05,3,4,adam,"{'neurons_per_layer_encoder': [64, 128, 256, 512], 'neurons_per_layer_decoder': [512, 256, 128]}",64,"[512, 256, 128]","[64, 128, 256, 512]",[0.32532012661737353],[0.5980672690076692],[0.48891827761044404],0.06940635656666581,COMPLETE
551,0.2146173750606426,-0.06881286693532318,0.15350725572933488,2024-12-23 22:00:09.640141,2024-12-23 22:00:16.714178,0 days 00:00:07.074037,0.1700991901586862,72,0.1,60,100,2.2139886091532558e-06,1048,5.086461724748136e-05,3,4,adam,"{'neurons_per_layer_encoder': [60, 120, 240, 480], 'neurons_per_layer_decoder': [480, 240, 120]}",60,"[480, 240, 120]","[60, 120, 240, 480]",[0.2146173750606426],[-0.06881286693532318],[0.15350725572933488],-0.14054846486908687,COMPLETE
552,0.5302057992727611,0.47665149585338173,0.40441792223933504,2024-12-23 22:00:16.721465,2024-12-23 22:00:24.407600,0 days 00:00:07.686135,0.17522308563595332,48,0.1,64,100,1.7022866456189697e-06,1032,6.173809953633302e-05,3,4,adam,"{'neurons_per_layer_encoder': [64, 128, 256, 512], 'neurons_per_layer_decoder': [512, 256, 128]}",64,"[512, 256, 128]","[64, 128, 256, 512]",[0.5302057992727611],[0.47665149585338173],[0.40441792223933504],0.1009400070151591,COMPLETE
553,0.18180480654527054,0.23720064248282136,0.1355640651880361,2024-12-23 22:00:16.776520,2024-12-23 22:00:23.101679,0 days 00:00:06.325159,0.1723332763609207,64,0.1,48,100,2.0009731107894936e-06,936,0.00010267600893801734,3,4,adam,"{'neurons_per_layer_encoder': [48, 96, 192, 384], 'neurons_per_layer_decoder': [384, 192, 96]}",48,"[384, 192, 96]","[48, 96, 192, 384]",[0.18180480654527054],[0.23720064248282136],[0.1355640651880361],-0.510116913432411,COMPLETE
554,0.5455930958405906,0.26929770490294347,0.38329381632735093,2024-12-23 22:00:16.777908,2024-12-23 22:00:24.517876,0 days 00:00:07.739968,0.17485278027007178,48,0.1,68,100,1.7748899118280898e-06,1016,0.00010434487659134293,3,4,adam,"{'neurons_per_layer_encoder': [68, 136, 272, 544], 'neurons_per_layer_decoder': [544, 272, 136]}",68,"[544, 272, 136]","[68, 136, 272, 544]",[0.5455930958405906],[0.26929770490294347],[0.38329381632735093],-0.16764147268831886,COMPLETE
555,0.31100376046738487,0.17508231591208734,0.1991683479607137,2024-12-23 22:00:17.190573,2024-12-23 22:00:23.734733,0 days 00:00:06.544160,0.1722745770693419,96,0.1,52,100,1.2066233309338116e-06,984,9.863291198324664e-05,3,4,adam,"{'neurons_per_layer_encoder': [52, 104, 208, 416], 'neurons_per_layer_decoder': [416, 208, 104]}",52,"[416, 208, 104]","[52, 104, 208, 416]",[0.31100376046738487],[0.17508231591208734],[0.1991683479607137],-0.5222508541573921,COMPLETE
556,0.11432891539819523,0.0802511301227673,0.21310085660059896,2024-12-23 22:00:17.270409,2024-12-23 22:00:24.384444,0 days 00:00:07.114035,0.1789380620470064,96,0.1,76,100,1.8304307685455035e-06,984,0.00010337768640782859,3,4,adam,"{'neurons_per_layer_encoder': [76, 152, 304, 608], 'neurons_per_layer_decoder': [608, 304, 152]}",76,"[608, 304, 152]","[76, 152, 304, 608]",[0.11432891539819523],[0.0802511301227673],[0.21310085660059896],-0.6292649407433767,COMPLETE
557,0.19201943511414443,0.2692223147923657,0.10755666992183621,2024-12-23 22:00:17.442021,2024-12-23 22:00:24.469628,0 days 00:00:07.027607,0.1768093258699326,96,0.1,76,100,1.8238188089550248e-06,1096,0.00010016601204197739,3,4,adam,"{'neurons_per_layer_encoder': [76, 152, 304, 608], 'neurons_per_layer_decoder': [608, 304, 152]}",76,"[608, 304, 152]","[76, 152, 304, 608]",[0.19201943511414443],[0.2692223147923657],[0.10755666992183621],-0.5235571946784654,COMPLETE
558,0.22936804991022963,0.21873341010716696,0.20971857596658505,2024-12-23 22:00:23.109737,2024-12-23 22:00:30.410044,0 days 00:00:07.300307,0.19959908018523306,88,0.1,76,100,1.7466015971079631e-06,1096,0.00010189319250425602,3,4,adam,"{'neurons_per_layer_encoder': [76, 152, 304, 608], 'neurons_per_layer_decoder': [608, 304, 152]}",76,"[608, 304, 152]","[76, 152, 304, 608]",[0.22936804991022963],[0.21873341010716696],[0.20971857596658505],-0.7469913874781072,COMPLETE
559,0.1498409822128609,-0.05619050823247229,0.1445272213095602,2024-12-23 22:00:23.742004,2024-12-23 22:00:31.043492,0 days 00:00:07.301488,0.18186010863172022,88,0.1,76,100,2.547119906059664e-06,1112,0.00010844249959331923,3,4,adam,"{'neurons_per_layer_encoder': [76, 152, 304, 608], 'neurons_per_layer_decoder': [608, 304, 152]}",76,"[608, 304, 152]","[76, 152, 304, 608]",[0.1498409822128609],[-0.05619050823247229],[0.1445272213095602],-0.4757274147316563,COMPLETE
560,0.2817641541992101,-0.018723873207888042,0.21830345134543716,2024-12-23 22:00:24.390793,2024-12-23 22:00:31.636936,0 days 00:00:07.246143,0.199724554692951,80,0.1,68,100,2.3844461144169263e-06,1032,0.00011308971117141817,3,4,adam,"{'neurons_per_layer_encoder': [68, 136, 272, 544], 'neurons_per_layer_decoder': [544, 272, 136]}",68,"[544, 272, 136]","[68, 136, 272, 544]",[0.2817641541992101],[-0.018723873207888042],[0.21830345134543716],-0.595950202343633,COMPLETE
561,0.23266112603875744,0.20138912552479205,0.19364535726689835,2024-12-23 22:00:24.415434,2024-12-23 22:00:31.556032,0 days 00:00:07.140598,0.1602958106442519,88,0.1,68,100,2.703699585627718e-06,1016,0.00011238710613238086,3,4,adam,"{'neurons_per_layer_encoder': [68, 136, 272, 544], 'neurons_per_layer_decoder': [544, 272, 136]}",68,"[544, 272, 136]","[68, 136, 272, 544]",[0.23266112603875744],[0.20138912552479205],[0.19364535726689835],-0.6597796251097168,COMPLETE
562,0.23072075485586963,0.08548023253391579,0.14163085924542407,2024-12-23 22:00:24.475457,2024-12-23 22:00:31.577531,0 days 00:00:07.102074,0.15841085205491257,88,0.1,68,100,2.347785340348391e-06,1000,0.00011571122987195051,3,4,adam,"{'neurons_per_layer_encoder': [68, 136, 272, 544], 'neurons_per_layer_decoder': [544, 272, 136]}",68,"[544, 272, 136]","[68, 136, 272, 544]",[0.23072075485586963],[0.08548023253391579],[0.14163085924542407],-0.6080526756633174,COMPLETE
563,0.2389064754812833,0.3282987958089365,0.17217808110621458,2024-12-23 22:00:24.524620,2024-12-23 22:00:31.799151,0 days 00:00:07.274531,0.19967664580814723,88,0.1,76,100,2.8741418977490515e-06,1112,0.00011325883430395756,3,4,adam,"{'neurons_per_layer_encoder': [76, 152, 304, 608], 'neurons_per_layer_decoder': [608, 304, 152]}",76,"[608, 304, 152]","[76, 152, 304, 608]",[0.2389064754812833],[0.3282987958089365],[0.17217808110621458],-0.4798121515556059,COMPLETE
564,0.27284120784701715,-0.020329396367220642,0.23547955418658018,2024-12-23 22:00:30.419528,2024-12-23 22:00:37.768766,0 days 00:00:07.349238,0.18436423190994217,64,0.1,68,100,2.6072617047293907e-06,1000,8.92456415280252e-05,3,4,adam,"{'neurons_per_layer_encoder': [68, 136, 272, 544], 'neurons_per_layer_decoder': [544, 272, 136]}",68,"[544, 272, 136]","[68, 136, 272, 544]",[0.27284120784701715],[-0.020329396367220642],[0.23547955418658018],-0.26351128936848706,COMPLETE
565,0.2597425376537327,0.14293639175458406,0.12154550238404405,2024-12-23 22:00:31.051511,2024-12-23 22:00:38.372798,0 days 00:00:07.321287,0.1630944948420201,64,0.1,68,100,2.4184449819159793e-06,1000,8.826415222518255e-05,3,4,adam,"{'neurons_per_layer_encoder': [68, 136, 272, 544], 'neurons_per_layer_decoder': [544, 272, 136]}",68,"[544, 272, 136]","[68, 136, 272, 544]",[0.2597425376537327],[0.14293639175458406],[0.12154550238404405],-0.5684191564699861,COMPLETE
566,0.21145638805634837,0.2584128677145041,0.14393444885161866,2024-12-23 22:00:31.562791,2024-12-23 22:00:38.778975,0 days 00:00:07.216184,0.18434758766006812,104,0.1,68,100,2.518376239892875e-06,1016,8.871342187503298e-05,3,4,adam,"{'neurons_per_layer_encoder': [68, 136, 272, 544], 'neurons_per_layer_decoder': [544, 272, 136]}",68,"[544, 272, 136]","[68, 136, 272, 544]",[0.21145638805634837],[0.2584128677145041],[0.14393444885161866],-0.2616165248701607,COMPLETE
567,0.2821066541076218,0.04779838181769702,0.2333004439602383,2024-12-23 22:00:31.584371,2024-12-23 22:00:39.027600,0 days 00:00:07.443229,0.18657937725208035,80,0.1,72,100,2.5054617607343854e-06,1032,8.921176394040572e-05,3,4,adam,"{'neurons_per_layer_encoder': [72, 144, 288, 576], 'neurons_per_layer_decoder': [576, 288, 144]}",72,"[576, 288, 144]","[72, 144, 288, 576]",[0.2821066541076218],[0.04779838181769702],[0.2333004439602383],-0.5040031731546912,COMPLETE
568,0.049890974781022335,-0.2680939629159036,0.21865684835957622,2024-12-23 22:00:31.645592,2024-12-23 22:00:39.120018,0 days 00:00:07.474426,0.1864208999533582,104,0.1,76,100,1.3025473914541078e-06,1096,8.825638449753469e-05,3,4,adam,"{'neurons_per_layer_encoder': [76, 152, 304, 608], 'neurons_per_layer_decoder': [608, 304, 152]}",76,"[608, 304, 152]","[76, 152, 304, 608]",[0.049890974781022335],[-0.2680939629159036],[0.21865684835957622],-0.561166436159747,COMPLETE
569,0.6235914834961545,0.6581024414558998,0.3637700279095848,2024-12-23 22:00:31.805512,2024-12-23 22:00:40.646364,0 days 00:00:08.840852,0.18603948298343023,32,0.1,72,100,3.2709659039860833e-06,1032,8.938452826145996e-05,3,4,adam,"{'neurons_per_layer_encoder': [72, 144, 288, 576], 'neurons_per_layer_decoder': [576, 288, 144]}",72,"[576, 288, 144]","[72, 144, 288, 576]",[0.6235914834961545],[0.6581024414558998],[0.3637700279095848],0.17647990465519514,COMPLETE
570,0.20301853098763134,-0.010905499041411915,0.10082303183773711,2024-12-23 22:00:37.777006,2024-12-23 22:00:44.512909,0 days 00:00:06.735903,0.1872498231074027,104,0.1,56,100,2.010677926616204e-06,1032,9.11533356187902e-05,3,4,adam,"{'neurons_per_layer_encoder': [56, 112, 224, 448], 'neurons_per_layer_decoder': [448, 224, 112]}",56,"[448, 224, 112]","[56, 112, 224, 448]",[0.20301853098763134],[-0.010905499041411915],[0.10082303183773711],-0.45963279814028796,COMPLETE
571,0.31681145364012797,0.12800202079271672,0.1347036683256122,2024-12-23 22:00:38.381684,2024-12-23 22:00:45.431447,0 days 00:00:07.049763,0.19241703340010072,104,0.1,72,100,3.216217607963755e-06,1032,9.148774800730284e-05,3,4,adam,"{'neurons_per_layer_encoder': [72, 144, 288, 576], 'neurons_per_layer_decoder': [576, 288, 144]}",72,"[576, 288, 144]","[72, 144, 288, 576]",[0.31681145364012797],[0.12800202079271672],[0.1347036683256122],-0.08788168129817342,COMPLETE
572,-0.04868494958756675,-0.17681211935001584,-0.017339978417590718,2024-12-23 22:00:38.788335,2024-12-23 22:00:44.968595,0 days 00:00:06.180260,0.18945099273030083,120,0.1,76,100,3.2133504634390494e-06,1096,9.238406690331114e-05,3,4,adam,"{'neurons_per_layer_encoder': [76, 152, 304, 608], 'neurons_per_layer_decoder': [608, 304, 152]}",76,"[608, 304, 152]","[76, 152, 304, 608]",[-0.04868494958756675],[-0.17681211935001584],[-0.017339978417590718],-0.8184046686721532,COMPLETE
573,0.6218482372634828,0.6606926620302174,0.33508165433645154,2024-12-23 22:00:39.036165,2024-12-23 22:00:48.513106,0 days 00:00:09.476941,0.18942476931919563,32,0.1,76,100,4.450077048507122e-06,1080,9.215946917988068e-05,3,4,adam,"{'neurons_per_layer_encoder': [76, 152, 304, 608], 'neurons_per_layer_decoder': [608, 304, 152]}",76,"[608, 304, 152]","[76, 152, 304, 608]",[0.6218482372634828],[0.6606926620302174],[0.33508165433645154],0.2512961485837911,COMPLETE
574,0.622362837187675,0.678165887980695,0.44337246867521374,2024-12-23 22:00:39.127934,2024-12-23 22:00:47.155586,0 days 00:00:08.027652,0.1903996105825574,32,0.1,56,100,2.951629313324771e-06,1032,0.00014766515203358099,3,4,adam,"{'neurons_per_layer_encoder': [56, 112, 224, 448], 'neurons_per_layer_decoder': [448, 224, 112]}",56,"[448, 224, 112]","[56, 112, 224, 448]",[0.622362837187675],[0.678165887980695],[0.44337246867521374],0.11549245549843938,COMPLETE
575,0.5861897986209446,0.5314772587088481,0.3608219337403943,2024-12-23 22:00:40.653914,2024-12-23 22:00:48.703404,0 days 00:00:08.049490,0.19818187948072566,40,0.1,60,100,4.067883347958161e-06,1064,0.00015457826740332469,3,4,adam,"{'neurons_per_layer_encoder': [60, 120, 240, 480], 'neurons_per_layer_decoder': [480, 240, 120]}",60,"[480, 240, 120]","[60, 120, 240, 480]",[0.5861897986209446],[0.5314772587088481],[0.3608219337403943],0.014241591534971976,COMPLETE
576,0.6786897097275687,0.4611905873609672,0.37827680304184363,2024-12-23 22:00:44.522254,2024-12-23 22:00:54.849148,0 days 00:00:10.326894,0.19293793353047686,32,0.1,84,100,4.0955734912520955e-06,952,0.0001626664687170517,3,4,adam,"{'neurons_per_layer_encoder': [84, 168, 336, 672], 'neurons_per_layer_decoder': [672, 336, 168]}",84,"[672, 336, 168]","[84, 168, 336, 672]",[0.6786897097275687],[0.4611905873609672],[0.37827680304184363],0.18159069339219028,COMPLETE
577,0.6882429426584162,0.6301256217598403,0.27947582211021793,2024-12-23 22:00:44.980779,2024-12-23 22:00:54.020432,0 days 00:00:09.039653,0.16588109267215004,32,0.1,60,100,3.996234786512921e-06,1064,0.0001438016097342673,3,4,adam,"{'neurons_per_layer_encoder': [60, 120, 240, 480], 'neurons_per_layer_decoder': [480, 240, 120]}",60,"[480, 240, 120]","[60, 120, 240, 480]",[0.6882429426584162],[0.6301256217598403],[0.27947582211021793],0.1195178777590217,COMPLETE
578,0.5724300365307995,0.6478910666667299,0.3708276856528354,2024-12-23 22:00:45.445322,2024-12-23 22:00:56.531792,0 days 00:00:11.086470,0.1505115685435327,32,0.1,84,100,4.281108837933565e-06,1496,0.00015440262649689968,3,4,adam,"{'neurons_per_layer_encoder': [84, 168, 336, 672], 'neurons_per_layer_decoder': [672, 336, 168]}",84,"[672, 336, 168]","[84, 168, 336, 672]",[0.5724300365307995],[0.6478910666667299],[0.3708276856528354],0.16215008339282413,COMPLETE
579,0.5695793304615328,0.36070113030264417,0.3047628482551943,2024-12-23 22:00:47.162334,2024-12-23 22:00:56.133557,0 days 00:00:08.971223,0.19919877981607081,40,0.1,64,100,1.9574758988292532e-06,1064,7.194633304676705e-05,3,4,adam,"{'neurons_per_layer_encoder': [64, 128, 256, 512], 'neurons_per_layer_decoder': [512, 256, 128]}",64,"[512, 256, 128]","[64, 128, 256, 512]",[0.5695793304615328],[0.36070113030264417],[0.3047628482551943],-0.07290179613954181,COMPLETE
580,0.3613693778995619,0.19960410758068237,0.32840714971103735,2024-12-23 22:00:48.523215,2024-12-23 22:00:57.119731,0 days 00:00:08.596516,0.19919370921167137,40,0.1,84,100,1.92757090826253e-06,728,7.109819652371652e-05,3,4,adam,"{'neurons_per_layer_encoder': [84, 168, 336, 672], 'neurons_per_layer_decoder': [672, 336, 168]}",84,"[672, 336, 168]","[84, 168, 336, 672]",[0.3613693778995619],[0.19960410758068237],[0.32840714971103735],-0.2205267387499655,COMPLETE
581,0.6930405045389603,0.6243404254163936,0.3672492292021615,2024-12-23 22:00:48.711112,2024-12-23 22:00:59.207391,0 days 00:00:10.496279,0.1566328602885189,32,0.1,84,100,2.0280974037553083e-06,1528,0.00012119684274735956,3,4,adam,"{'neurons_per_layer_encoder': [84, 168, 336, 672], 'neurons_per_layer_decoder': [672, 336, 168]}",84,"[672, 336, 168]","[84, 168, 336, 672]",[0.6930405045389603],[0.6243404254163936],[0.3672492292021615],0.08266707064648267,COMPLETE
582,0.6753421149204992,0.5491933685181609,0.2502399821395416,2024-12-23 22:00:54.029014,2024-12-23 22:01:05.005368,0 days 00:00:10.976354,0.15014960124389884,32,0.1,84,100,1.952199395391834e-06,1496,6.894055414068623e-05,3,4,adam,"{'neurons_per_layer_encoder': [84, 168, 336, 672], 'neurons_per_layer_decoder': [672, 336, 168]}",84,"[672, 336, 168]","[84, 168, 336, 672]",[0.6753421149204992],[0.5491933685181609],[0.2502399821395416],0.012553296884197561,COMPLETE
583,0.5989599110510972,0.30662198785303385,0.4339241149544203,2024-12-23 22:00:54.859792,2024-12-23 22:01:04.377835,0 days 00:00:09.518043,0.1254639038120614,32,0.1,64,100,1.925242277935455e-06,1016,6.99276248056475e-05,3,4,adam,"{'neurons_per_layer_encoder': [64, 128, 256, 512], 'neurons_per_layer_decoder': [512, 256, 128]}",64,"[512, 256, 128]","[64, 128, 256, 512]",[0.5989599110510972],[0.30662198785303385],[0.4339241149544203],0.05215277645453537,COMPLETE
584,0.634040763026111,0.6993033511299958,0.36130847750880823,2024-12-23 22:00:56.141946,2024-12-23 22:01:06.969684,0 days 00:00:10.827738,0.15416598624865277,32,0.1,84,100,2.1709122660072757e-06,1464,0.00011836386954435855,3,4,adam,"{'neurons_per_layer_encoder': [84, 168, 336, 672], 'neurons_per_layer_decoder': [672, 336, 168]}",84,"[672, 336, 168]","[84, 168, 336, 672]",[0.634040763026111],[0.6993033511299958],[0.36130847750880823],0.0515911958261973,COMPLETE
585,0.3670097238296165,0.6834237892155663,0.15847017154863408,2024-12-23 22:00:56.542901,2024-12-23 22:01:02.695825,0 days 00:00:06.152924,0.12453095241143013,32,0.1,16,100,1.6015814413704204e-06,200,0.0001228575428657556,3,4,adam,"{'neurons_per_layer_encoder': [16, 32, 64, 128], 'neurons_per_layer_decoder': [128, 64, 32]}",16,"[128, 64, 32]","[16, 32, 64, 128]",[0.3670097238296165],[0.6834237892155663],[0.15847017154863408],-0.04351532842535272,COMPLETE
586,0.6339643465889566,0.6872063384912038,0.26403514717603616,2024-12-23 22:00:57.131441,2024-12-23 22:01:06.286081,0 days 00:00:09.154640,0.12036650790198866,32,0.1,64,100,1.648890367682815e-06,1016,0.0001151812331132524,3,4,adam,"{'neurons_per_layer_encoder': [64, 128, 256, 512], 'neurons_per_layer_decoder': [512, 256, 128]}",64,"[512, 256, 128]","[64, 128, 256, 512]",[0.6339643465889566],[0.6872063384912038],[0.26403514717603616],-0.011643219542947657,COMPLETE
587,0.6577129833639124,0.7378669966561908,0.43452747505737965,2024-12-23 22:00:59.215452,2024-12-23 22:01:08.955117,0 days 00:00:09.739665,0.12379662231618438,32,0.1,64,100,2.3166289395756267e-06,1016,0.00011853697878814921,3,4,adam,"{'neurons_per_layer_encoder': [64, 128, 256, 512], 'neurons_per_layer_decoder': [512, 256, 128]}",64,"[512, 256, 128]","[64, 128, 256, 512]",[0.6577129833639124],[0.7378669966561908],[0.43452747505737965],0.1592729890265209,COMPLETE
588,0.7236907196570566,0.7166977726080614,0.36095659828028526,2024-12-23 22:01:02.703932,2024-12-23 22:01:12.450138,0 days 00:00:09.746206,0.1779181484412692,32,0.1,64,100,2.3889210286566675e-06,1016,0.0001043671851051434,3,4,adam,"{'neurons_per_layer_encoder': [64, 128, 256, 512], 'neurons_per_layer_decoder': [512, 256, 128]}",64,"[512, 256, 128]","[64, 128, 256, 512]",[0.7236907196570566],[0.7166977726080614],[0.36095659828028526],0.23016899738604546,COMPLETE
589,0.6010365768227113,0.6229320170006849,0.20101374278157358,2024-12-23 22:01:04.385444,2024-12-23 22:01:14.524561,0 days 00:00:10.139117,0.010772962283360743,32,0.1,76,100,2.8093569987709226e-06,1272,0.0001043825583953935,3,4,adam,"{'neurons_per_layer_encoder': [76, 152, 304, 608], 'neurons_per_layer_decoder': [608, 304, 152]}",76,"[608, 304, 152]","[76, 152, 304, 608]",[0.6010365768227113],[0.6229320170006849],[0.20101374278157358],-0.03876685886961324,COMPLETE
590,0.5380438647799086,0.6565715039157707,0.15661444045898487,2024-12-23 22:01:05.015732,2024-12-23 22:01:15.156971,0 days 00:00:10.141239,0.17728075907721877,32,0.1,72,100,2.856239985869289e-06,1016,0.00010370971382815156,3,4,adam,"{'neurons_per_layer_encoder': [72, 144, 288, 576], 'neurons_per_layer_decoder': [576, 288, 144]}",72,"[576, 288, 144]","[72, 144, 288, 576]",[0.5380438647799086],[0.6565715039157707],[0.15661444045898487],0.006657497681494181,COMPLETE
591,0.6103337488898196,0.6320831467567145,0.3908210401334812,2024-12-23 22:01:06.293746,2024-12-23 22:01:15.940244,0 days 00:00:09.646498,0.1787389413485052,32,0.1,72,100,2.301970005676993e-06,1064,0.00010215819955238957,3,4,adam,"{'neurons_per_layer_encoder': [72, 144, 288, 576], 'neurons_per_layer_decoder': [576, 288, 144]}",72,"[576, 288, 144]","[72, 144, 288, 576]",[0.6103337488898196],[0.6320831467567145],[0.3908210401334812],0.06445596010656728,COMPLETE
592,0.2295352035002871,0.38165350061756675,0.2717333107073384,2024-12-23 22:01:06.978740,2024-12-23 22:01:12.911498,0 days 00:00:05.932758,0.17775698333836074,72,0.1,72,100,2.9003747117588285e-06,1272,0.006946932042145358,3,4,adam,"{'neurons_per_layer_encoder': [72, 144, 288, 576], 'neurons_per_layer_decoder': [576, 288, 144]}",72,"[576, 288, 144]","[72, 144, 288, 576]",[0.2295352035002871],[0.38165350061756675],[0.2717333107073384],-0.4932815092501898,COMPLETE
593,0.48776124620211037,0.7243661842942772,0.37105686517544256,2024-12-23 22:01:08.962295,2024-12-23 22:01:18.231105,0 days 00:00:09.268810,0.1713570029494075,32,0.2,76,100,2.833921951451879e-06,1064,0.00010422898092119375,2,4,adam,"{'neurons_per_layer_encoder': [76, 152, 304, 608], 'neurons_per_layer_decoder': [608, 304]}",76,"[608, 304]","[76, 152, 304, 608]",[0.48776124620211037],[0.7243661842942772],[0.37105686517544256],0.3149628908590315,COMPLETE
594,-1.1153127862099672,-0.17782900466453122,-0.08251752731152373,2024-12-23 22:01:12.459208,2024-12-23 22:01:16.405884,0 days 00:00:03.946676,0.1766658086945929,32,0.1,248,100,2.850718268341338e-06,2232,0.00031991353325084,2,3,sgd,"{'neurons_per_layer_encoder': [248, 496, 992], 'neurons_per_layer_decoder': [992, 496]}",248,"[992, 496]","[248, 496, 992]",[-1.1153127862099672],[-0.17782900466453122],[-0.08251752731152373],0.2830557460818371,COMPLETE
