number,values_0,values_1,values_2,datetime_start,datetime_complete,duration,params_alpha,params_batch_size,params_drop_out_rate,params_encoder_neurons_layer_1,params_epochs,params_lambda,params_latent_dim,params_learning_rate,params_num_layers_decoder,params_num_layers_encoder,params_optimizer,user_attrs_encoder_decoder_config,user_attrs_first_layer_neurons,user_attrs_neurons_per_layer_decoder,user_attrs_neurons_per_layer_encoder,user_attrs_r2_feature_1,user_attrs_r2_feature_2,user_attrs_r2_feature_3,user_attrs_relative_deterioration,state
234,0.019890232740122693,-1.3893945535544865,0.025043796404582652,2024-12-23 19:09:46.216893,2024-12-23 19:10:21.819585,0 days 00:00:35.602692,0.012366296383685305,64,0.30000000000000004,152,100,1.8677510651030302e-05,5928,2.3335497010032772e-05,4,5,adam,"{'neurons_per_layer_encoder': [152, 304, 608, 1216, 2432], 'neurons_per_layer_decoder': [2432, 1216, 608, 304]}",152,"[2432, 1216, 608, 304]","[152, 304, 608, 1216, 2432]",[0.019890232740122693],[-1.3893945535544865],[0.025043796404582652],0.7345474191708543,COMPLETE
235,0.11367798720987232,0.1908430627481401,-0.3018964193677811,2024-12-23 19:09:50.327738,2024-12-23 19:10:11.667586,0 days 00:00:21.339848,0.02566834352638154,64,0.30000000000000004,84,100,0.00040393073409675077,1368,0.00014071572362626747,1,5,adam,"{'neurons_per_layer_encoder': [84, 168, 336, 672, 1344], 'neurons_per_layer_decoder': [1344]}",84,[1344],"[84, 168, 336, 672, 1344]",[0.11367798720987232],[0.1908430627481401],[-0.3018964193677811],0.9562704142044257,COMPLETE
236,-0.07182528455584714,-0.2378513016151642,0.22704823796681428,2024-12-23 19:09:57.647420,2024-12-23 19:10:12.191485,0 days 00:00:14.544065,0.025236641024051043,64,0.30000000000000004,84,100,1.8647230762894568e-05,744,0.00014432768943848677,1,3,adam,"{'neurons_per_layer_encoder': [84, 168, 336], 'neurons_per_layer_decoder': [336]}",84,[336],"[84, 168, 336]",[-0.07182528455584714],[-0.2378513016151642],[0.22704823796681428],0.012735132941513868,COMPLETE
237,-0.33427690857700565,-1.178500852726382,-0.029139693321782456,2024-12-23 19:09:58.886459,2024-12-23 19:10:08.806419,0 days 00:00:09.919960,0.024934861901798507,120,0.30000000000000004,84,100,1.9064515138034472e-05,744,0.00014464161135377957,3,3,adam,"{'neurons_per_layer_encoder': [84, 168, 336], 'neurons_per_layer_decoder': [336, 168, 84]}",84,"[336, 168, 84]","[84, 168, 336]",[-0.33427690857700565],[-1.178500852726382],[-0.029139693321782456],0.4952828722712235,COMPLETE
238,0.5757119643621016,0.5373677318668708,0.4242631894955555,2024-12-23 19:10:08.814897,2024-12-23 19:10:24.759027,0 days 00:00:15.944130,0.028630620268769145,32,0.1,88,100,0.00025402341411067704,968,0.00014045088506771248,4,4,adam,"{'neurons_per_layer_encoder': [88, 176, 352, 704], 'neurons_per_layer_decoder': [704, 352, 176, 88]}",88,"[704, 352, 176, 88]","[88, 176, 352, 704]",[0.5757119643621016],[0.5373677318668708],[0.4242631894955555],0.9611641081403888,COMPLETE
239,0.2319699339376814,0.5445168474204902,-0.7273751022858113,2024-12-23 19:10:09.806801,2024-12-23 19:10:17.621772,0 days 00:00:07.814971,0.025715767558007516,104,0.1,88,100,2.3769525315604847e-05,1080,0.008060240359060045,4,4,adam,"{'neurons_per_layer_encoder': [88, 176, 352, 704], 'neurons_per_layer_decoder': [704, 352, 176, 88]}",88,"[704, 352, 176, 88]","[88, 176, 352, 704]",[0.2319699339376814],[0.5445168474204902],[-0.7273751022858113],0.5956730482480596,COMPLETE
240,0.5862625840346218,0.7072601600441816,0.45605893350184123,2024-12-23 19:10:11.689368,2024-12-23 19:10:25.719907,0 days 00:00:14.030539,0.029457155918176162,32,0.1,88,100,2.395756183034222e-05,744,9.218138772763643e-05,4,4,adam,"{'neurons_per_layer_encoder': [88, 176, 352, 704], 'neurons_per_layer_decoder': [704, 352, 176, 88]}",88,"[704, 352, 176, 88]","[88, 176, 352, 704]",[0.5862625840346218],[0.7072601600441816],[0.45605893350184123],0.7455733268677343,COMPLETE
241,0.49470601244209167,0.6291532828227995,0.38173369201905283,2024-12-23 19:10:12.210805,2024-12-23 19:10:28.930516,0 days 00:00:16.719711,0.028999028388795384,32,0.1,140,100,2.43408736452321e-05,1144,8.967030035912539e-05,4,4,adam,"{'neurons_per_layer_encoder': [140, 280, 560, 1120], 'neurons_per_layer_decoder': [1120, 560, 280, 140]}",140,"[1120, 560, 280, 140]","[140, 280, 560, 1120]",[0.49470601244209167],[0.6291532828227995],[0.38173369201905283],0.7878377198329124,COMPLETE
242,-0.3699092108945419,-1.9959114710298036,-0.03555530962043041,2024-12-23 19:10:13.991266,2024-12-23 19:10:19.319317,0 days 00:00:05.328051,0.029762287880216495,32,0.1,96,100,2.4107917735057123e-05,1240,8.981872952240334e-05,4,4,sgd,"{'neurons_per_layer_encoder': [96, 192, 384, 768], 'neurons_per_layer_decoder': [768, 384, 192, 96]}",96,"[768, 384, 192, 96]","[96, 192, 384, 768]",[-0.3699092108945419],[-1.9959114710298036],[-0.03555530962043041],0.517327948235308,COMPLETE
243,-0.24275710325129363,-0.3637752577935134,-0.14810969146481767,2024-12-23 19:10:17.632726,2024-12-23 19:10:25.668164,0 days 00:00:08.035438,0.019532561622531707,32,0.1,96,100,1.1612163979533035e-05,1272,0.00010670934963621902,1,4,sgd,"{'neurons_per_layer_encoder': [96, 192, 384, 768], 'neurons_per_layer_decoder': [768]}",96,[768],"[96, 192, 384, 768]",[-0.24275710325129363],[-0.3637752577935134],[-0.14810969146481767],0.3363915150084484,COMPLETE
244,-0.3434574592715569,0.1414544418877618,0.25522984253362735,2024-12-23 19:10:19.328526,2024-12-23 19:10:31.293618,0 days 00:00:11.965092,0.027169304120133787,48,0.1,76,100,1.4835437093633947e-05,984,2.0109288386764596e-05,5,4,adam,"{'neurons_per_layer_encoder': [76, 152, 304, 608], 'neurons_per_layer_decoder': [608, 304, 152, 76, 38]}",76,"[608, 304, 152, 76, 38]","[76, 152, 304, 608]",[-0.3434574592715569],[0.1414544418877618],[0.25522984253362735],0.5667752266340841,COMPLETE
245,0.6170179171835548,0.6562007298294104,0.48025540344493733,2024-12-23 19:10:21.834378,2024-12-23 19:10:30.646955,0 days 00:00:08.812577,0.0271634634640431,32,0.1,76,100,1.5683886801877884e-05,728,0.00010924725879485898,1,4,adam,"{'neurons_per_layer_encoder': [76, 152, 304, 608], 'neurons_per_layer_decoder': [608]}",76,[608],"[76, 152, 304, 608]",[0.6170179171835548],[0.6562007298294104],[0.48025540344493733],0.4942471979959004,COMPLETE
246,0.44569193299657606,0.32960740738527317,0.26113035393855943,2024-12-23 19:10:24.767922,2024-12-23 19:10:35.749580,0 days 00:00:10.981658,0.01955577707172985,48,0.1,140,100,1.4119206721867087e-05,1144,0.00010655778800470782,1,4,adam,"{'neurons_per_layer_encoder': [140, 280, 560, 1120], 'neurons_per_layer_decoder': [1120]}",140,[1120],"[140, 280, 560, 1120]",[0.44569193299657606],[0.32960740738527317],[0.26113035393855943],0.39265944412353454,COMPLETE
247,0.42660609881666933,0.5093714474697071,0.4509949173394644,2024-12-23 19:10:25.678081,2024-12-23 19:10:33.857165,0 days 00:00:08.179084,0.02704358594125768,48,0.1,92,100,2.1124186776786643e-05,760,0.0001105814136694898,1,4,adam,"{'neurons_per_layer_encoder': [92, 184, 368, 736], 'neurons_per_layer_decoder': [736]}",92,[736],"[92, 184, 368, 736]",[0.42660609881666933],[0.5093714474697071],[0.4509949173394644],0.522765011608904,COMPLETE
248,0.662001142537081,0.5956789314539903,0.43882747731472516,2024-12-23 19:10:25.729806,2024-12-23 19:10:35.544033,0 days 00:00:09.814227,0.026890620511968978,32,0.1,104,100,1.520408526328473e-05,856,0.00011129474086559014,1,4,adam,"{'neurons_per_layer_encoder': [104, 208, 416, 832], 'neurons_per_layer_decoder': [832]}",104,[832],"[104, 208, 416, 832]",[0.662001142537081],[0.5956789314539903],[0.43882747731472516],0.5275924911608517,COMPLETE
249,0.5509420517290731,0.6853634536616595,0.3631714316834649,2024-12-23 19:10:28.940545,2024-12-23 19:10:38.918690,0 days 00:00:09.978145,0.02702622445583958,32,0.1,104,100,0.0005278846224413887,856,0.00011185201983463656,1,4,adam,"{'neurons_per_layer_encoder': [104, 208, 416, 832], 'neurons_per_layer_decoder': [832]}",104,[832],"[104, 208, 416, 832]",[0.5509420517290731],[0.6853634536616595],[0.3631714316834649],0.9701292261974632,COMPLETE
250,0.36154839665642846,0.23184626555546217,0.2746518317466129,2024-12-23 19:10:30.655093,2024-12-23 19:10:38.827649,0 days 00:00:08.172556,0.02714882021396639,48,0.1,204,100,3.0336157318967565e-05,856,0.00011495523126801534,1,3,adam,"{'neurons_per_layer_encoder': [204, 408, 816], 'neurons_per_layer_decoder': [816]}",204,[816],"[204, 408, 816]",[0.36154839665642846],[0.23184626555546217],[0.2746518317466129],0.49222236349511067,COMPLETE
251,0.3231705928998744,0.26208553359046227,0.31185517100763216,2024-12-23 19:10:31.303064,2024-12-23 19:10:39.209616,0 days 00:00:07.906552,0.026984271156095484,40,0.1,204,100,3.010455748147905e-05,840,0.0001146193173109243,1,3,adam,"{'neurons_per_layer_encoder': [204, 408, 816], 'neurons_per_layer_decoder': [816]}",204,[816],"[204, 408, 816]",[0.3231705928998744],[0.26208553359046227],[0.31185517100763216],0.48525281316916286,COMPLETE
252,-0.258566586998606,-1.8670301716728472,-0.31653852210561406,2024-12-23 19:10:33.866148,2024-12-23 19:10:38.312129,0 days 00:00:04.445981,0.0321997569056145,40,0.1,104,100,3.0092715120894348e-05,760,0.00012201631338529442,1,3,adadelta,"{'neurons_per_layer_encoder': [104, 208, 416], 'neurons_per_layer_decoder': [416]}",104,[416],"[104, 208, 416]",[-0.258566586998606],[-1.8670301716728472],[-0.31653852210561406],0.35016715102742163,COMPLETE
253,-0.35125824536914907,-1.7277857445839042,-0.06536732268512346,2024-12-23 19:10:35.553313,2024-12-23 19:10:38.692192,0 days 00:00:03.138879,0.03156420594498146,40,0.1,104,100,3.260409450207427e-05,600,1.4718735730087658e-05,1,3,adadelta,"{'neurons_per_layer_encoder': [104, 208, 416], 'neurons_per_layer_decoder': [416]}",104,[416],"[104, 208, 416]",[-0.35125824536914907],[-1.7277857445839042],[-0.06536732268512346],0.41195400348233924,COMPLETE
254,-0.845522495282478,-1.382690848666015,-0.2794275765335892,2024-12-23 19:10:35.759988,2024-12-23 19:10:39.560097,0 days 00:00:03.800109,0.01687192096120789,40,0.1,104,100,2.8048575685007453e-05,760,0.0032613058925823435,1,3,adadelta,"{'neurons_per_layer_encoder': [104, 208, 416], 'neurons_per_layer_decoder': [416]}",104,[416],"[104, 208, 416]",[-0.845522495282478],[-1.382690848666015],[-0.2794275765335892],0.2989675663261668,COMPLETE
255,0.3686392422549326,0.42147476832347985,0.22387071245037304,2024-12-23 19:10:38.320470,2024-12-23 19:10:58.029118,0 days 00:00:19.708648,0.016517770247039078,40,0.1,200,100,2.1488157420315527e-05,3448,0.00015881992791147952,1,4,adam,"{'neurons_per_layer_encoder': [200, 400, 800, 1600], 'neurons_per_layer_decoder': [1600]}",200,[1600],"[200, 400, 800, 1600]",[0.3686392422549326],[0.42147476832347985],[0.22387071245037304],0.6870673437493189,COMPLETE
256,0.5292835777786331,0.4744089624849642,0.41053572901826296,2024-12-23 19:10:38.700518,2024-12-23 19:11:01.778972,0 days 00:00:23.078454,0.026457424229739287,32,0.4,204,100,2.183092958020791e-05,2888,0.00016511725012104565,1,4,adam,"{'neurons_per_layer_encoder': [204, 408, 816, 1632], 'neurons_per_layer_decoder': [1632]}",204,[1632],"[204, 408, 816, 1632]",[0.5292835777786331],[0.4744089624849642],[0.41053572901826296],0.8096151921792615,COMPLETE
257,-0.5970753244813567,-0.9745310271442964,-0.13963709726671225,2024-12-23 19:10:38.835306,2024-12-23 19:10:41.455732,0 days 00:00:02.620426,0.024356673404469675,32,0.4,88,100,2.1282544888185452e-05,728,0.00016140306359611051,1,4,sgd,"{'neurons_per_layer_encoder': [88, 176, 352, 704], 'neurons_per_layer_decoder': [704]}",88,[704],"[88, 176, 352, 704]",[-0.5970753244813567],[-0.9745310271442964],[-0.13963709726671225],0.4760417229059717,COMPLETE
258,-1.3778886454547283,-1.714594854349949,0.010836663725417028,2024-12-23 19:10:38.932495,2024-12-23 19:10:42.876677,0 days 00:00:03.944182,0.01655761749907088,32,0.4,88,100,2.2212552443784346e-05,792,0.0030921392702269726,5,4,sgd,"{'neurons_per_layer_encoder': [88, 176, 352, 704], 'neurons_per_layer_decoder': [704, 352, 176, 88, 44]}",88,"[704, 352, 176, 88, 44]","[88, 176, 352, 704]",[-1.3778886454547283],[-1.714594854349949],[0.010836663725417028],0.44048288700465926,COMPLETE
259,-0.2246630139808692,-1.5760236883921959,-0.3519965174457289,2024-12-23 19:10:39.217649,2024-12-23 19:10:43.344590,0 days 00:00:04.126941,0.024521192999351925,32,0.4,92,100,2.2511764796631612e-05,792,0.0001684856332871007,5,4,sgd,"{'neurons_per_layer_encoder': [92, 184, 368, 736], 'neurons_per_layer_decoder': [736, 368, 184, 92, 46]}",92,"[736, 368, 184, 92, 46]","[92, 184, 368, 736]",[-0.2246630139808692],[-1.5760236883921959],[-0.3519965174457289],0.5470077828902684,COMPLETE
260,-0.22454586565728163,-0.2605413873776572,-0.028090655690731436,2024-12-23 19:10:39.568539,2024-12-23 19:10:53.683825,0 days 00:00:14.115286,0.024944173893764,32,0.4,88,100,2.1579876799466055e-05,728,0.0001609290837143875,5,4,sgd,"{'neurons_per_layer_encoder': [88, 176, 352, 704], 'neurons_per_layer_decoder': [704, 352, 176, 88, 44]}",88,"[704, 352, 176, 88, 44]","[88, 176, 352, 704]",[-0.22454586565728163],[-0.2605413873776572],[-0.028090655690731436],0.6135050566529994,COMPLETE
261,0.4681963020658827,0.469271167431334,0.3157988163846398,2024-12-23 19:10:41.466706,2024-12-23 19:11:00.394275,0 days 00:00:18.927569,0.029749073523752854,32,0.1,80,100,2.272922684692959e-05,728,0.0001251195756197234,5,4,adam,"{'neurons_per_layer_encoder': [80, 160, 320, 640], 'neurons_per_layer_decoder': [640, 320, 160, 80, 40]}",80,"[640, 320, 160, 80, 40]","[80, 160, 320, 640]",[0.4681963020658827],[0.469271167431334],[0.3157988163846398],0.6206589226814292,COMPLETE
262,0.5906654180003235,0.5189125642330835,0.3602000060546048,2024-12-23 19:10:42.885160,2024-12-23 19:11:06.854799,0 days 00:00:23.969639,0.058742707425046656,32,0.1,220,100,1.703833662605839e-05,2840,0.00013428103211270004,1,4,adam,"{'neurons_per_layer_encoder': [220, 440, 880, 1760], 'neurons_per_layer_decoder': [1760]}",220,[1760],"[220, 440, 880, 1760]",[0.5906654180003235],[0.5189125642330835],[0.3602000060546048],0.719289450735644,COMPLETE
263,0.6115632963628093,0.5201749865039771,0.2853350903625189,2024-12-23 19:10:43.353553,2024-12-23 19:10:59.498254,0 days 00:00:16.144701,0.02962748020851192,32,0.1,80,100,1.5462801552322233e-05,696,0.00013916186693184278,1,4,adam,"{'neurons_per_layer_encoder': [80, 160, 320, 640], 'neurons_per_layer_decoder': [640]}",80,[640],"[80, 160, 320, 640]",[0.6115632963628093],[0.5201749865039771],[0.2853350903625189],0.33584934152512563,COMPLETE
264,0.6641895850527886,0.7923593758177816,0.43618000830100756,2024-12-23 19:10:53.692451,2024-12-23 19:11:10.017188,0 days 00:00:16.324737,0.11890459040209214,32,0.1,80,100,1.7126483197412117e-05,712,0.00012895865624676115,3,4,adam,"{'neurons_per_layer_encoder': [80, 160, 320, 640], 'neurons_per_layer_decoder': [640, 320, 160]}",80,"[640, 320, 160]","[80, 160, 320, 640]",[0.6641895850527886],[0.7923593758177816],[0.43618000830100756],0.6575832342329688,COMPLETE
265,0.5792312932049759,0.5508150662975118,0.3629758251007049,2024-12-23 19:10:58.055939,2024-12-23 19:11:21.385266,0 days 00:00:23.329327,0.030123169805446666,32,0.1,244,100,1.627311226364745e-05,1976,0.00013029340631579638,3,4,adam,"{'neurons_per_layer_encoder': [244, 488, 976, 1952], 'neurons_per_layer_decoder': [1952, 976, 488]}",244,"[1952, 976, 488]","[244, 488, 976, 1952]",[0.5792312932049759],[0.5508150662975118],[0.3629758251007049],0.7922160916795,COMPLETE
266,0.5874054405687931,0.584595966093497,0.21149648153866785,2024-12-23 19:10:59.511062,2024-12-23 19:11:12.094814,0 days 00:00:12.583752,0.058500366897629316,32,0.1,56,100,0.00030757744969387763,776,0.00012928307643019185,3,4,adam,"{'neurons_per_layer_encoder': [56, 112, 224, 448], 'neurons_per_layer_decoder': [448, 224, 112]}",56,"[448, 224, 112]","[56, 112, 224, 448]",[0.5874054405687931],[0.584595966093497],[0.21149648153866785],0.9425187134073352,COMPLETE
267,-0.049559942898073084,-0.11253070592523673,0.08014618384613603,2024-12-23 19:11:01.322857,2024-12-23 19:11:10.249738,0 days 00:00:08.926881,0.026280837211581094,128,0.1,96,100,1.597987993792725e-05,808,9.443316835752286e-05,1,4,adam,"{'neurons_per_layer_encoder': [96, 192, 384, 768], 'neurons_per_layer_decoder': [768]}",96,[768],"[96, 192, 384, 768]",[-0.049559942898073084],[-0.11253070592523673],[0.08014618384613603],-0.08404561982851029,COMPLETE
268,0.0920709258537572,0.09428226711272047,0.05756255953750522,2024-12-23 19:11:01.794904,2024-12-23 19:11:13.234615,0 days 00:00:11.439711,0.1130770333127972,72,0.1,96,100,7.388378597475355e-05,808,0.0024967915179427693,3,4,adam,"{'neurons_per_layer_encoder': [96, 192, 384, 768], 'neurons_per_layer_decoder': [768, 384, 192]}",96,"[768, 384, 192]","[96, 192, 384, 768]",[0.0920709258537572],[0.09428226711272047],[0.05756255953750522],0.09287263438000405,COMPLETE
269,0.24506898015229872,0.4214232149644128,0.24936716116521296,2024-12-23 19:11:06.863023,2024-12-23 19:11:17.771336,0 days 00:00:10.908313,0.022090469633834663,72,0.30000000000000004,96,100,1.2542474380863755e-05,808,0.006659647929172208,3,4,adam,"{'neurons_per_layer_encoder': [96, 192, 384, 768], 'neurons_per_layer_decoder': [768, 384, 192]}",96,"[768, 384, 192]","[96, 192, 384, 768]",[0.24506898015229872],[0.4214232149644128],[0.24936716116521296],0.2838816928694782,COMPLETE
270,0.20184512975274393,0.13658917901019774,0.14085392725374224,2024-12-23 19:11:10.031127,2024-12-23 19:11:19.843097,0 days 00:00:09.811970,0.11396557838996009,72,0.1,76,100,1.3039075056070878e-05,680,9.407514655271145e-05,3,4,adam,"{'neurons_per_layer_encoder': [76, 152, 304, 608], 'neurons_per_layer_decoder': [608, 304, 152]}",76,"[608, 304, 152]","[76, 152, 304, 608]",[0.20184512975274393],[0.13658917901019774],[0.14085392725374224],0.12801774382622272,COMPLETE
271,0.4664441552066555,0.3309667007136574,0.42747729822802893,2024-12-23 19:11:10.257958,2024-12-23 19:11:20.417986,0 days 00:00:10.160028,0.12297881335568822,56,0.1,76,100,1.3114614169249903e-05,712,0.00019286310043426611,3,4,adam,"{'neurons_per_layer_encoder': [76, 152, 304, 608], 'neurons_per_layer_decoder': [608, 304, 152]}",76,"[608, 304, 152]","[76, 152, 304, 608]",[0.4664441552066555],[0.3309667007136574],[0.42747729822802893],0.5158755113002165,COMPLETE
272,0.5368967074867994,0.25792118754219806,0.21844030183426588,2024-12-23 19:11:12.102782,2024-12-23 19:11:22.124016,0 days 00:00:10.021234,0.11461277200321834,56,0.1,76,100,1.35940368004602e-05,696,0.0001833087435586581,3,4,adam,"{'neurons_per_layer_encoder': [76, 152, 304, 608], 'neurons_per_layer_decoder': [608, 304, 152]}",76,"[608, 304, 152]","[76, 152, 304, 608]",[0.5368967074867994],[0.25792118754219806],[0.21844030183426588],0.46086473960196733,COMPLETE
273,0.2031224781857256,0.18172774305002626,0.16458331350291933,2024-12-23 19:11:13.242843,2024-12-23 19:11:22.479119,0 days 00:00:09.236276,0.10059706087307917,88,0.1,68,100,1.4376856471022973e-05,712,0.00010072877085060573,3,4,adam,"{'neurons_per_layer_encoder': [68, 136, 272, 544], 'neurons_per_layer_decoder': [544, 272, 136]}",68,"[544, 272, 136]","[68, 136, 272, 544]",[0.2031224781857256],[0.18172774305002626],[0.16458331350291933],0.2408738315192133,COMPLETE
274,0.28831245364056646,0.21948630441403438,0.16514968968901544,2024-12-23 19:11:17.781191,2024-12-23 19:11:26.435912,0 days 00:00:08.654721,0.10089348825227973,88,0.1,68,100,1.491372842080269e-05,712,0.00018412870527409266,4,4,adam,"{'neurons_per_layer_encoder': [68, 136, 272, 544], 'neurons_per_layer_decoder': [544, 272, 136, 68]}",68,"[544, 272, 136, 68]","[68, 136, 272, 544]",[0.28831245364056646],[0.21948630441403438],[0.16514968968901544],0.22697372900267299,COMPLETE
275,0.15721136769398525,0.18114433052838474,0.1785310690153198,2024-12-23 19:11:19.852046,2024-12-23 19:11:27.432893,0 days 00:00:07.580847,0.1264938779392704,88,0.1,68,100,1.4577097024354044e-05,744,0.00017772238309909184,2,4,adam,"{'neurons_per_layer_encoder': [68, 136, 272, 544], 'neurons_per_layer_decoder': [544, 272]}",68,"[544, 272]","[68, 136, 272, 544]",[0.15721136769398525],[0.18114433052838474],[0.1785310690153198],0.08520334790294481,COMPLETE
276,0.27415851536115865,0.14772522397338317,0.11716280213356245,2024-12-23 19:11:20.427652,2024-12-23 19:11:27.466022,0 days 00:00:07.038370,0.09288077052689848,104,0.1,80,100,1.6724569055625024e-05,680,0.00013574499937569172,2,4,adam,"{'neurons_per_layer_encoder': [80, 160, 320, 640], 'neurons_per_layer_decoder': [640, 320]}",80,"[640, 320]","[80, 160, 320, 640]",[0.27415851536115865],[0.14772522397338317],[0.11716280213356245],0.2896545392262886,COMPLETE
277,0.073430240829221,0.17104885883028742,0.21606578610525484,2024-12-23 19:11:21.395481,2024-12-23 19:11:28.077625,0 days 00:00:06.682144,0.09132900461941043,88,0.1,68,100,1.4699691879534208e-05,680,0.00014837923419937888,2,4,adam,"{'neurons_per_layer_encoder': [68, 136, 272, 544], 'neurons_per_layer_decoder': [544, 272]}",68,"[544, 272]","[68, 136, 272, 544]",[0.073430240829221],[0.17104885883028742],[0.21606578610525484],0.07322018329607018,COMPLETE
278,0.14157148481190207,0.27514700236848344,0.1055666899265083,2024-12-23 19:11:22.132336,2024-12-23 19:11:28.795058,0 days 00:00:06.662722,0.09524556152611043,88,0.1,68,100,1.7423902225864473e-05,712,0.0001476895674442707,2,4,adam,"{'neurons_per_layer_encoder': [68, 136, 272, 544], 'neurons_per_layer_decoder': [544, 272]}",68,"[544, 272]","[68, 136, 272, 544]",[0.14157148481190207],[0.27514700236848344],[0.1055666899265083],0.18782606849850159,COMPLETE
279,0.06127948361547508,0.15849592033268578,0.04258655527890609,2024-12-23 19:11:22.486402,2024-12-23 19:11:29.015034,0 days 00:00:06.528632,0.107037927669771,80,0.30000000000000004,68,100,1.0657838985592957e-05,680,0.00014956030817158856,2,4,adam,"{'neurons_per_layer_encoder': [68, 136, 272, 544], 'neurons_per_layer_decoder': [544, 272]}",68,"[544, 272]","[68, 136, 272, 544]",[0.06127948361547508],[0.15849592033268578],[0.04258655527890609],0.2581857141409353,COMPLETE
