number,values_0,values_1,values_2,datetime_start,datetime_complete,duration,params_alpha,params_batch_size,params_drop_out_rate,params_encoder_neurons_layer_1,params_epochs,params_lambda,params_latent_dim,params_learning_rate,params_num_layers_decoder,params_num_layers_encoder,params_optimizer,user_attrs_encoder_decoder_config,user_attrs_first_layer_neurons,user_attrs_neurons_per_layer_decoder,user_attrs_neurons_per_layer_encoder,user_attrs_r2_feature_1,user_attrs_r2_feature_2,user_attrs_r2_feature_3,user_attrs_relative_deterioration,state
777,0.2008813750870344,0.4460059689057927,0.3454424545815956,2024-12-23 22:18:01.779045,2024-12-23 22:18:07.106933,0 days 00:00:05.327888,0.0107366612857712,32,0.1,84,100,1.1234361092831132e-05,984,0.007830365038713342,2,3,sgd,"{'neurons_per_layer_encoder': [84, 168, 336], 'neurons_per_layer_decoder': [336, 168]}",84,"[336, 168]","[84, 168, 336]",[0.2008813750870344],[0.4460059689057927],[0.3454424545815956],0.29846519932709925,COMPLETE
778,-1.197099830840345,-0.8467405481424137,-0.01596548376426732,2024-12-23 22:18:02.580104,2024-12-23 22:18:04.965133,0 days 00:00:02.385029,0.1517944949955455,32,0.1,84,100,2.6879410758880795e-06,984,0.00014039971185138408,3,3,sgd,"{'neurons_per_layer_encoder': [84, 168, 336], 'neurons_per_layer_decoder': [336, 168, 84]}",84,"[336, 168, 84]","[84, 168, 336]",[-1.197099830840345],[-0.8467405481424137],[-0.01596548376426732],0.1249260769379745,COMPLETE
779,0.6572183156332794,0.5632823138800189,0.3392260170225734,2024-12-23 22:18:03.320465,2024-12-23 22:18:20.615715,0 days 00:00:17.295250,0.19996966606404484,32,0.1,84,100,1.0744999961497476e-06,1368,0.00014231166165583602,3,5,adam,"{'neurons_per_layer_encoder': [84, 168, 336, 672, 1344], 'neurons_per_layer_decoder': [1344, 672, 336]}",84,"[1344, 672, 336]","[84, 168, 336, 672, 1344]",[0.6572183156332794],[0.5632823138800189],[0.3392260170225734],-0.13122642738316911,COMPLETE
780,0.7083077882273596,0.7497735017673595,0.298975748911935,2024-12-23 22:18:03.864142,2024-12-23 22:18:20.136208,0 days 00:00:16.272066,0.15124843391270715,32,0.1,80,100,1.91381886471228e-06,1304,7.678055306059986e-05,3,5,adam,"{'neurons_per_layer_encoder': [80, 160, 320, 640, 1280], 'neurons_per_layer_decoder': [1280, 640, 320]}",80,"[1280, 640, 320]","[80, 160, 320, 640, 1280]",[0.7083077882273596],[0.7497735017673595],[0.298975748911935],0.22215033295925646,COMPLETE
781,0.6952195118953952,0.4647499647512604,0.2752493092584152,2024-12-23 22:18:04.973377,2024-12-23 22:18:20.707111,0 days 00:00:15.733734,0.033309778103323154,32,0.1,56,100,0.00019146062273678446,920,0.0001053470982821937,3,5,adam,"{'neurons_per_layer_encoder': [56, 112, 224, 448, 896], 'neurons_per_layer_decoder': [896, 448, 224]}",56,"[896, 448, 224]","[56, 112, 224, 448, 896]",[0.6952195118953952],[0.4647499647512604],[0.2752493092584152],0.955020858213466,COMPLETE
782,0.6769486179207813,0.6567384322077514,0.32362489727987886,2024-12-23 22:18:07.116072,2024-12-23 22:18:22.695883,0 days 00:00:15.579811,0.135095915239839,32,0.1,56,100,1.8423325427542911e-06,920,7.639248843455589e-05,3,5,adam,"{'neurons_per_layer_encoder': [56, 112, 224, 448, 896], 'neurons_per_layer_decoder': [896, 448, 224]}",56,"[896, 448, 224]","[56, 112, 224, 448, 896]",[0.6769486179207813],[0.6567384322077514],[0.32362489727987886],0.17841123039973505,COMPLETE
783,-0.055857662372373884,-0.04807330944976651,0.01151796909684677,2024-12-23 22:18:07.613520,2024-12-23 22:18:21.192964,0 days 00:00:13.579444,0.02080811172411667,104,0.1,56,100,0.0008346012651266581,920,0.0033935073001015383,3,5,adam,"{'neurons_per_layer_encoder': [56, 112, 224, 448, 896], 'neurons_per_layer_decoder': [896, 448, 224]}",56,"[896, 448, 224]","[56, 112, 224, 448, 896]",[-0.055857662372373884],[-0.04807330944976651],[0.01151796909684677],0.3869297363219969,COMPLETE
784,0.6036937461505729,0.6782741771473775,0.25998243464354387,2024-12-23 22:18:10.424830,2024-12-23 22:18:22.962274,0 days 00:00:12.537444,0.1999145321231105,32,0.1,56,100,1.958412113876065e-06,1016,0.00039378131225044604,3,4,adam,"{'neurons_per_layer_encoder': [56, 112, 224, 448], 'neurons_per_layer_decoder': [448, 224, 112]}",56,"[448, 224, 112]","[56, 112, 224, 448]",[0.6036937461505729],[0.6782741771473775],[0.25998243464354387],-0.2798364199025984,COMPLETE
785,0.6109804494601192,0.7143496707873807,0.46094120668822425,2024-12-23 22:18:20.146851,2024-12-23 22:18:39.931236,0 days 00:00:19.784385,0.1443485895063041,32,0.1,104,100,1.9388471274779844e-06,1704,0.00039850647754541973,3,5,adam,"{'neurons_per_layer_encoder': [104, 208, 416, 832, 1664], 'neurons_per_layer_decoder': [1664, 832, 416]}",104,"[1664, 832, 416]","[104, 208, 416, 832, 1664]",[0.6109804494601192],[0.7143496707873807],[0.46094120668822425],0.18098790643773205,COMPLETE
786,-0.014879108829501941,-1.9446617023972652,-0.04396093237954002,2024-12-23 22:18:20.625532,2024-12-23 22:18:28.195414,0 days 00:00:07.569882,0.1872142910989146,32,0.1,72,100,2.006330238038534e-06,1192,5.841196424320748e-05,3,5,adadelta,"{'neurons_per_layer_encoder': [72, 144, 288, 576, 1152], 'neurons_per_layer_decoder': [1152, 576, 288]}",72,"[1152, 576, 288]","[72, 144, 288, 576, 1152]",[-0.014879108829501941],[-1.9446617023972652],[-0.04396093237954002],0.22074937134428285,COMPLETE
787,-0.0981818542480768,-0.5516183449058463,-0.07067640103948847,2024-12-23 22:18:20.720127,2024-12-23 22:18:34.276742,0 days 00:00:13.556615,0.1335579248297974,104,0.30000000000000004,76,100,1.7277632466157011e-06,1256,0.005132790787653498,3,5,adadelta,"{'neurons_per_layer_encoder': [76, 152, 304, 608, 1216], 'neurons_per_layer_decoder': [1216, 608, 304]}",76,"[1216, 608, 304]","[76, 152, 304, 608, 1216]",[-0.0981818542480768],[-0.5516183449058463],[-0.07067640103948847],0.36841842764124255,COMPLETE
788,-0.4135780371981317,-0.750157129731021,-0.4328165329777587,2024-12-23 22:18:21.201461,2024-12-23 22:18:27.266276,0 days 00:00:06.064815,0.13850594168561617,32,0.1,76,100,1.8224081429582111e-06,1672,7.543487305906391e-05,3,4,adadelta,"{'neurons_per_layer_encoder': [76, 152, 304, 608], 'neurons_per_layer_decoder': [608, 304, 152]}",76,"[608, 304, 152]","[76, 152, 304, 608]",[-0.4135780371981317],[-0.750157129731021],[-0.4328165329777587],0.3749097750294406,COMPLETE
789,-0.8647657054815083,-1.4326387978838597,-0.10532056399534362,2024-12-23 22:18:22.704586,2024-12-23 22:18:31.651739,0 days 00:00:08.947153,0.1501417455451489,32,0.1,72,100,8.061072751395623e-05,1048,5.4569296156558165e-05,3,4,adadelta,"{'neurons_per_layer_encoder': [72, 144, 288, 576], 'neurons_per_layer_decoder': [576, 288, 144]}",72,"[576, 288, 144]","[72, 144, 288, 576]",[-0.8647657054815083],[-1.4326387978838597],[-0.10532056399534362],0.6639703899187049,COMPLETE
790,-0.17961266105824292,-1.3074945990234532,0.046758451816584334,2024-12-23 22:18:22.969827,2024-12-23 22:18:37.178528,0 days 00:00:14.208701,0.17861836937948988,32,0.30000000000000004,236,100,1.522691570414986e-06,1928,5.4895996671151136e-05,2,4,adadelta,"{'neurons_per_layer_encoder': [236, 472, 944, 1888], 'neurons_per_layer_decoder': [1888, 944]}",236,"[1888, 944]","[236, 472, 944, 1888]",[-0.17961266105824292],[-1.3074945990234532],[0.046758451816584334],0.29795420606245426,COMPLETE
791,0.5552552934176653,0.6851130119229032,0.3768269490447129,2024-12-23 22:18:27.275539,2024-12-23 22:18:42.755811,0 days 00:00:15.480272,0.17960062709245414,32,0.30000000000000004,72,100,1.5891150915846778e-06,1640,0.009848095531594415,2,4,adam,"{'neurons_per_layer_encoder': [72, 144, 288, 576], 'neurons_per_layer_decoder': [576, 288]}",72,"[576, 288]","[72, 144, 288, 576]",[0.5552552934176653],[0.6851130119229032],[0.3768269490447129],0.007232467260294622,COMPLETE
792,0.6335248127160495,0.727514029104371,0.2172445869783033,2024-12-23 22:18:28.209355,2024-12-23 22:18:42.209267,0 days 00:00:13.999912,0.11632478112110349,32,0.1,64,100,1.3901643722205915e-05,1048,0.0001087663808082182,2,4,adam,"{'neurons_per_layer_encoder': [64, 128, 256, 512], 'neurons_per_layer_decoder': [512, 256]}",64,"[512, 256]","[64, 128, 256, 512]",[0.6335248127160495],[0.727514029104371],[0.2172445869783033],0.4281448128650906,COMPLETE
793,0.08839936801253656,0.2392571793819358,0.08426427686364912,2024-12-23 22:18:31.662372,2024-12-23 22:18:44.363246,0 days 00:00:12.700874,0.04864656264221961,64,0.1,104,100,1.4058311121654962e-06,872,8.48948578718079e-05,4,4,adam,"{'neurons_per_layer_encoder': [104, 208, 416, 832], 'neurons_per_layer_decoder': [832, 416, 208, 104]}",104,"[832, 416, 208, 104]","[104, 208, 416, 832]",[0.08839936801253656],[0.2392571793819358],[0.08426427686364912],-0.6731049789761707,COMPLETE
794,0.5445209672370493,0.421435394798949,0.3652774208666536,2024-12-23 22:18:34.287656,2024-12-23 22:18:53.188537,0 days 00:00:18.900881,0.19982562173205778,32,0.1,228,100,0.0007069330713731275,1864,8.911450065302997e-05,2,4,adam,"{'neurons_per_layer_encoder': [228, 456, 912, 1824], 'neurons_per_layer_decoder': [1824, 912]}",228,"[1824, 912]","[228, 456, 912, 1824]",[0.5445209672370493],[0.421435394798949],[0.3652774208666536],0.9884780226201175,COMPLETE
795,0.7006918563689483,0.7334082267659197,0.24691004891364776,2024-12-23 22:18:37.188214,2024-12-23 22:18:50.568342,0 days 00:00:13.380128,0.1998085115181482,32,0.1,64,100,3.5337659563213017e-06,760,0.001209277057211096,4,4,adam,"{'neurons_per_layer_encoder': [64, 128, 256, 512], 'neurons_per_layer_decoder': [512, 256, 128, 64]}",64,"[512, 256, 128, 64]","[64, 128, 256, 512]",[0.7006918563689483],[0.7334082267659197],[0.24691004891364776],-0.11360129552309566,COMPLETE
796,0.18643246150690296,-0.06068888311773479,0.24765089130458318,2024-12-23 22:18:39.942024,2024-12-23 22:18:50.263174,0 days 00:00:10.321150,0.18885513835883674,64,0.1,68,100,3.4601281450900845e-06,1048,0.00010638758575696982,4,4,adam,"{'neurons_per_layer_encoder': [68, 136, 272, 544], 'neurons_per_layer_decoder': [544, 272, 136, 68]}",68,"[544, 272, 136, 68]","[68, 136, 272, 544]",[0.18643246150690296],[-0.06068888311773479],[0.24765089130458318],-0.2446012715322453,COMPLETE
797,0.25373369429169856,-0.3088678548744723,0.20219929473555642,2024-12-23 22:18:42.221276,2024-12-23 22:18:52.619908,0 days 00:00:10.398632,0.04786446557732206,64,0.1,80,100,5.850136098594443e-06,1128,8.61219951249077e-05,4,4,adam,"{'neurons_per_layer_encoder': [80, 160, 320, 640], 'neurons_per_layer_decoder': [640, 320, 160, 80]}",80,"[640, 320, 160, 80]","[80, 160, 320, 640]",[0.25373369429169856],[-0.3088678548744723],[0.20219929473555642],0.03495891454931935,COMPLETE
798,0.31693188818059115,0.5941653568252862,0.20277525990751932,2024-12-23 22:18:42.765052,2024-12-23 22:18:53.373818,0 days 00:00:10.608766,0.1913188795944014,32,0.1,44,100,0.00043900631063746056,1032,8.433149942047027e-05,4,4,adam,"{'neurons_per_layer_encoder': [44, 88, 176, 352], 'neurons_per_layer_decoder': [352, 176, 88, 44]}",44,"[352, 176, 88, 44]","[44, 88, 176, 352]",[0.31693188818059115],[0.5941653568252862],[0.20277525990751932],0.9476508042044229,COMPLETE
799,0.6581959402424233,0.6543991488458407,0.3855129358670376,2024-12-23 22:18:44.371530,2024-12-23 22:18:59.019195,0 days 00:00:14.647665,0.19976767376154198,32,0.1,80,100,2.220591159821713e-06,1736,9.874051920470316e-05,3,4,adam,"{'neurons_per_layer_encoder': [80, 160, 320, 640], 'neurons_per_layer_decoder': [640, 320, 160]}",80,"[640, 320, 160]","[80, 160, 320, 640]",[0.6581959402424233],[0.6543991488458407],[0.3855129358670376],0.10116159881666609,COMPLETE
800,0.7047084180859808,0.6236250177521845,0.4655621475587184,2024-12-23 22:18:50.271248,2024-12-23 22:23:15.769582,0 days 00:04:25.498334,0.18974951999888268,32,0.1,80,100,6.069033662883116e-06,1768,6.910750974871367e-05,3,4,adam,"{'neurons_per_layer_encoder': [80, 160, 320, 640], 'neurons_per_layer_decoder': [640, 320, 160]}",80,"[640, 320, 160]","[80, 160, 320, 640]",[0.7047084180859808],[0.6236250177521845],[0.4655621475587184],0.41109872902216477,COMPLETE
801,0.42319523410369564,0.3628273762966032,0.025187852744918304,2024-12-23 22:18:50.578897,2024-12-23 22:24:49.455695,0 days 00:05:58.876798,0.018274584045929555,40,0.1,228,100,4.730319619177858e-06,1864,9.31441529850947e-05,3,4,adam,"{'neurons_per_layer_encoder': [228, 456, 912, 1824], 'neurons_per_layer_decoder': [1824, 912, 456]}",228,"[1824, 912, 456]","[228, 456, 912, 1824]",[0.42319523410369564],[0.3628273762966032],[0.025187852744918304],0.15744007758790346,COMPLETE
802,0.3672921977034387,0.3720622770305959,0.30607376225337746,2024-12-23 22:18:52.628436,2024-12-23 22:24:50.013121,0 days 00:05:57.384685,0.15826010269642393,40,0.1,228,100,4.703104207629402e-06,1864,6.827054364634223e-05,3,4,adam,"{'neurons_per_layer_encoder': [228, 456, 912, 1824], 'neurons_per_layer_decoder': [1824, 912, 456]}",228,"[1824, 912, 456]","[228, 456, 912, 1824]",[0.3672921977034387],[0.3720622770305959],[0.30607376225337746],0.34441981410547073,COMPLETE
803,0.5970034937074284,0.5913425559062526,0.44277185283955167,2024-12-23 22:18:53.197076,2024-12-23 22:24:46.280255,0 days 00:05:53.083179,0.16110297776443366,32,0.1,80,100,2.606532297856618e-06,1096,9.599324362687128e-05,3,4,adam,"{'neurons_per_layer_encoder': [80, 160, 320, 640], 'neurons_per_layer_decoder': [640, 320, 160]}",80,"[640, 320, 160]","[80, 160, 320, 640]",[0.5970034937074284],[0.5913425559062526],[0.44277185283955167],0.1321130357194856,COMPLETE
804,-0.6929734799443021,-1.0060748709242033,0.023410271311197328,2024-12-23 22:18:53.381830,2024-12-23 22:18:57.625437,0 days 00:00:04.243607,0.1583243568016724,40,0.1,88,100,4.71954924644581e-06,1736,4.059330507229049e-05,3,4,sgd,"{'neurons_per_layer_encoder': [88, 176, 352, 704], 'neurons_per_layer_decoder': [704, 352, 176]}",88,"[704, 352, 176]","[88, 176, 352, 704]",[-0.6929734799443021],[-1.0060748709242033],[0.023410271311197328],0.0406366365071055,COMPLETE
805,0.5899037166974592,0.6360132803779887,0.24437848105426896,2024-12-23 22:18:57.633760,2024-12-23 22:23:18.020917,0 days 00:04:20.387157,0.17707079029050216,32,0.1,80,100,1.7543586624912005e-05,200,0.0008148468129066019,3,2,adam,"{'neurons_per_layer_encoder': [80, 160], 'neurons_per_layer_decoder': [160, 80, 40]}",80,"[160, 80, 40]","[80, 160]",[0.5899037166974592],[0.6360132803779887],[0.24437848105426896],-0.17647901261034682,COMPLETE
806,0.05569383095644065,0.13356593670099104,0.13823825395171807,2024-12-23 22:18:59.030147,2024-12-23 22:24:49.494274,0 days 00:05:50.464127,0.17524301941639803,72,0.1,68,100,2.62005024083622e-06,1064,6.750721950828908e-05,5,4,adam,"{'neurons_per_layer_encoder': [68, 136, 272, 544], 'neurons_per_layer_decoder': [544, 272, 136, 68, 34]}",68,"[544, 272, 136, 68, 34]","[68, 136, 272, 544]",[0.05569383095644065],[0.13356593670099104],[0.13823825395171807],-0.3146020137183343,COMPLETE
807,0.2203783178369424,0.19086625528627554,0.1590068336548236,2024-12-23 22:23:15.778816,2024-12-23 22:24:50.288872,0 days 00:01:34.510056,0.04353843030247216,72,0.1,68,100,2.707988926464854e-06,352,0.0001138323169545351,3,2,adam,"{'neurons_per_layer_encoder': [68, 136], 'neurons_per_layer_decoder': [136, 68, 34]}",68,"[136, 68, 34]","[68, 136]",[0.2203783178369424],[0.19086625528627554],[0.1590068336548236],-0.3418884124330297,COMPLETE
808,-0.03398307176027382,-1.4512820262606017,0.00845310831065027,2024-12-23 22:23:18.028350,2024-12-23 22:24:52.259070,0 days 00:01:34.230720,0.01821198271464043,88,0.1,68,100,2.95775058306138e-05,728,0.00011620498520209216,5,4,adam,"{'neurons_per_layer_encoder': [68, 136, 272, 544], 'neurons_per_layer_decoder': [544, 272, 136, 68, 34]}",68,"[544, 272, 136, 68, 34]","[68, 136, 272, 544]",[-0.03398307176027382],[-1.4512820262606017],[0.00845310831065027],0.3275989690337372,COMPLETE
809,0.18919089726604887,0.5213207498396204,0.23751345342033203,2024-12-23 22:24:46.291005,2024-12-23 22:26:52.244022,0 days 00:02:05.953017,0.17099720269655067,112,0.1,68,100,2.6265846173615454e-06,1064,0.002041969524880983,3,4,adam,"{'neurons_per_layer_encoder': [68, 136, 272, 544], 'neurons_per_layer_decoder': [544, 272, 136]}",68,"[544, 272, 136]","[68, 136, 272, 544]",[0.18919089726604887],[0.5213207498396204],[0.23751345342033203],-0.06171280134953447,COMPLETE
810,0.4440905088741669,0.215217959954626,0.36937533786527577,2024-12-23 22:24:49.470463,2024-12-23 22:26:54.060133,0 days 00:02:04.589670,0.16932422243969117,32,0.1,20,100,1.0866249770922883e-05,344,0.0001145114556795712,5,4,adam,"{'neurons_per_layer_encoder': [20, 40, 80, 160], 'neurons_per_layer_decoder': [160, 80, 40, 20, 10]}",20,"[160, 80, 40, 20, 10]","[20, 40, 80, 160]",[0.4440905088741669],[0.215217959954626],[0.36937533786527577],0.2679508679260861,COMPLETE
811,0.20612942831180492,0.07483595305384094,0.17074672750539754,2024-12-23 22:24:49.503772,2024-12-23 22:26:54.773544,0 days 00:02:05.269772,0.08627802381376778,88,0.1,68,100,8.449146878843433e-06,1464,0.00011534589445940559,3,4,adam,"{'neurons_per_layer_encoder': [68, 136, 272, 544], 'neurons_per_layer_decoder': [544, 272, 136]}",68,"[544, 272, 136]","[68, 136, 272, 544]",[0.20612942831180492],[0.07483595305384094],[0.17074672750539754],-0.10434530021185891,COMPLETE
812,0.009901948989912479,-0.16931749791583006,0.04399106833262634,2024-12-23 22:24:50.023722,2024-12-23 22:26:54.077527,0 days 00:02:04.053805,0.17962086116224457,128,0.1,68,100,1.1031603684719843e-05,680,0.00011682762192378997,3,4,adam,"{'neurons_per_layer_encoder': [68, 136, 272, 544], 'neurons_per_layer_decoder': [544, 272, 136]}",68,"[544, 272, 136]","[68, 136, 272, 544]",[0.009901948989912479],[-0.16931749791583006],[0.04399106833262634],-0.2375850494549713,COMPLETE
813,0.597820878537994,0.6516497580423656,0.3339085029006066,2024-12-23 22:24:50.296589,2024-12-23 22:26:56.327182,0 days 00:02:06.030593,0.17756635633869958,32,0.1,64,100,3.1986379252911636e-05,728,0.00011498383013495124,3,4,adam,"{'neurons_per_layer_encoder': [64, 128, 256, 512], 'neurons_per_layer_decoder': [512, 256, 128]}",64,"[512, 256, 128]","[64, 128, 256, 512]",[0.597820878537994],[0.6516497580423656],[0.3339085029006066],0.689746649569019,COMPLETE
814,-0.09353121798039932,-0.6869507306793179,-0.5712457012817602,2024-12-23 22:24:52.267138,2024-12-23 22:26:53.238231,0 days 00:02:00.971093,0.18053583112293034,32,0.1,88,100,8.284682267718674e-06,744,0.00010346772324518328,3,4,sgd,"{'neurons_per_layer_encoder': [88, 176, 352, 704], 'neurons_per_layer_decoder': [704, 352, 176]}",88,"[704, 352, 176]","[88, 176, 352, 704]",[-0.09353121798039932],[-0.6869507306793179],[-0.5712457012817602],0.4667977377448917,COMPLETE
815,-0.4159309084158671,-0.061624378700317894,-0.21762783500874772,2024-12-23 22:26:52.252846,2024-12-23 22:26:58.366273,0 days 00:00:06.113427,0.18131262687940053,32,0.1,88,100,8.822055203794828e-06,1816,0.0001025893941200931,3,4,sgd,"{'neurons_per_layer_encoder': [88, 176, 352, 704], 'neurons_per_layer_decoder': [704, 352, 176]}",88,"[704, 352, 176]","[88, 176, 352, 704]",[-0.4159309084158671],[-0.061624378700317894],[-0.21762783500874772],0.3941776850168014,COMPLETE
816,0.478259525990254,0.4562632005804018,0.13068046358898022,2024-12-23 22:26:53.245286,2024-12-23 22:27:35.623162,0 days 00:00:42.377876,0.18973808973642045,32,0.2,20,100,1.3161093718019539e-05,232,7.94954401143699e-05,3,4,adam,"{'neurons_per_layer_encoder': [20, 40, 80, 160], 'neurons_per_layer_decoder': [160, 80, 40]}",20,"[160, 80, 40]","[20, 40, 80, 160]",[0.478259525990254],[0.4562632005804018],[0.13068046358898022],0.5062366735863842,COMPLETE
817,0.4814710147098705,0.49670259387595916,0.5537841093618969,2024-12-23 22:26:54.068996,2024-12-23 22:27:41.693979,0 days 00:00:47.624983,0.013441323822968358,32,0.1,76,100,2.1975477810607074e-06,1640,7.58105963229339e-05,3,4,adam,"{'neurons_per_layer_encoder': [76, 152, 304, 608], 'neurons_per_layer_decoder': [608, 304, 152]}",76,"[608, 304, 152]","[76, 152, 304, 608]",[0.4814710147098705],[0.49670259387595916],[0.5537841093618969],0.27852129034913076,COMPLETE
818,0.6333328564587553,0.7370958961232017,0.2998471909724624,2024-12-23 22:26:54.087462,2024-12-23 22:27:39.791437,0 days 00:00:45.703975,0.1902410272041491,32,0.1,76,100,1.4251914895006391e-05,1000,7.751596091685124e-05,3,4,adam,"{'neurons_per_layer_encoder': [76, 152, 304, 608], 'neurons_per_layer_decoder': [608, 304, 152]}",76,"[608, 304, 152]","[76, 152, 304, 608]",[0.6333328564587553],[0.7370958961232017],[0.2998471909724624],0.564235604679314,COMPLETE
819,0.7248013377615028,0.7117220229164818,0.3353925592858339,2024-12-23 22:26:54.782234,2024-12-23 22:27:41.018454,0 days 00:00:46.236220,0.18914741147615038,32,0.2,76,100,2.2311473312076653e-06,952,0.002663364546963909,3,4,adam,"{'neurons_per_layer_encoder': [76, 152, 304, 608], 'neurons_per_layer_decoder': [608, 304, 152]}",76,"[608, 304, 152]","[76, 152, 304, 608]",[0.7248013377615028],[0.7117220229164818],[0.3353925592858339],-0.07122939152724919,COMPLETE
820,-0.7177677869631238,-0.7475308829909748,-0.019509435031052957,2024-12-23 22:26:56.336587,2024-12-23 22:26:59.171980,0 days 00:00:02.835393,0.01642892133815832,96,0.1,72,100,2.203168295542621e-06,1000,7.732953223937207e-05,3,4,sgd,"{'neurons_per_layer_encoder': [72, 144, 288, 576], 'neurons_per_layer_decoder': [576, 288, 144]}",72,"[576, 288, 144]","[72, 144, 288, 576]",[-0.7177677869631238],[-0.7475308829909748],[-0.019509435031052957],0.3838932299686667,COMPLETE
821,0.6405023260531777,0.5940183259398775,0.47181496758566044,2024-12-23 22:26:58.375010,2024-12-23 22:27:45.745756,0 days 00:00:47.370746,0.18985676625396103,32,0.1,76,100,2.186429173688401e-06,952,7.999726631337302e-05,3,4,adam,"{'neurons_per_layer_encoder': [76, 152, 304, 608], 'neurons_per_layer_decoder': [608, 304, 152]}",76,"[608, 304, 152]","[76, 152, 304, 608]",[0.6405023260531777],[0.5940183259398775],[0.47181496758566044],0.17600523848380323,COMPLETE
