number,values_0,values_1,values_2,datetime_start,datetime_complete,duration,params_alpha,params_batch_size,params_drop_out_rate,params_encoder_neurons_layer_1,params_epochs,params_lambda,params_latent_dim,params_learning_rate,params_num_layers_decoder,params_num_layers_encoder,params_optimizer,user_attrs_encoder_decoder_config,user_attrs_first_layer_neurons,user_attrs_neurons_per_layer_decoder,user_attrs_neurons_per_layer_encoder,user_attrs_r2_feature_1,user_attrs_r2_feature_2,user_attrs_r2_feature_3,user_attrs_relative_deterioration,state
460,0.7251356110335228,0.5131884893938277,0.2578156749461641,2024-12-23 21:56:42.547514,2024-12-23 21:56:51.151031,0 days 00:00:08.603517,0.19513260894723972,32,0.1,60,100,2.65212216958699e-06,600,6.34752244902729e-05,3,4,adam,"{'neurons_per_layer_encoder': [60, 120, 240, 480], 'neurons_per_layer_decoder': [480, 240, 120]}",60,"[480, 240, 120]","[60, 120, 240, 480]",[0.7251356110335228],[0.5131884893938277],[0.2578156749461641],0.08123863442336506,COMPLETE
461,0.6396833342733874,0.7235339836719203,0.31738625714113267,2024-12-23 21:56:43.288629,2024-12-23 21:56:52.493738,0 days 00:00:09.205109,0.1943454106562622,32,0.1,60,100,3.26103371250652e-06,600,6.75544534387165e-05,3,4,adam,"{'neurons_per_layer_encoder': [60, 120, 240, 480], 'neurons_per_layer_decoder': [480, 240, 120]}",60,"[480, 240, 120]","[60, 120, 240, 480]",[0.6396833342733874],[0.7235339836719203],[0.31738625714113267],0.14830735170040343,COMPLETE
462,0.6730778522127498,0.5726751956529317,0.16552571548397788,2024-12-23 21:56:43.903992,2024-12-23 21:56:56.845493,0 days 00:00:12.941501,0.1967802716391458,32,0.1,60,100,3.266722606982031e-06,984,6.947344800271654e-05,3,5,adam,"{'neurons_per_layer_encoder': [60, 120, 240, 480, 960], 'neurons_per_layer_decoder': [960, 480, 240]}",60,"[960, 480, 240]","[60, 120, 240, 480, 960]",[0.6730778522127498],[0.5726751956529317],[0.16552571548397788],0.14686144461512166,COMPLETE
463,0.6631495032057737,0.7660254766155846,0.3938115018186621,2024-12-23 21:56:47.299140,2024-12-23 21:57:01.148686,0 days 00:00:13.849546,0.1996457842606731,32,0.1,60,100,2.9797677941474232e-06,984,8.02046877654884e-05,3,5,adam,"{'neurons_per_layer_encoder': [60, 120, 240, 480, 960], 'neurons_per_layer_decoder': [960, 480, 240]}",60,"[960, 480, 240]","[60, 120, 240, 480, 960]",[0.6631495032057737],[0.7660254766155846],[0.3938115018186621],0.36346051768991866,COMPLETE
464,0.6596704082309843,0.5965389932999691,0.2987409489606665,2024-12-23 21:56:50.390470,2024-12-23 21:57:02.742954,0 days 00:00:12.352484,0.18464994709981264,32,0.1,60,100,2.857740866458262e-06,984,6.611894128571984e-05,3,5,adam,"{'neurons_per_layer_encoder': [60, 120, 240, 480, 960], 'neurons_per_layer_decoder': [960, 480, 240]}",60,"[960, 480, 240]","[60, 120, 240, 480, 960]",[0.6596704082309843],[0.5965389932999691],[0.2987409489606665],0.25895363021399886,COMPLETE
465,0.6599222524379137,0.510391648008211,0.2195623123471142,2024-12-23 21:56:51.152581,2024-12-23 21:57:00.816440,0 days 00:00:09.663859,0.19946355739320368,32,0.1,60,100,3.459666850297841e-06,1000,6.099380086647946e-05,3,4,adam,"{'neurons_per_layer_encoder': [60, 120, 240, 480], 'neurons_per_layer_decoder': [480, 240, 120]}",60,"[480, 240, 120]","[60, 120, 240, 480]",[0.6599222524379137],[0.510391648008211],[0.2195623123471142],0.1603465748061273,COMPLETE
466,0.6653841462435778,0.7152619030673326,0.3718027696704138,2024-12-23 21:56:51.160747,2024-12-23 21:57:01.208577,0 days 00:00:10.047830,0.1901890086994027,32,0.1,60,100,2.9667510800565637e-06,568,7.540798109469324e-05,3,4,adam,"{'neurons_per_layer_encoder': [60, 120, 240, 480], 'neurons_per_layer_decoder': [480, 240, 120]}",60,"[480, 240, 120]","[60, 120, 240, 480]",[0.6653841462435778],[0.7152619030673326],[0.3718027696704138],0.2171462816457345,COMPLETE
467,0.5697664176372985,0.5880382466274297,0.4036535567357956,2024-12-23 21:56:52.502191,2024-12-23 21:57:03.231079,0 days 00:00:10.728888,0.18418067903602087,32,0.1,64,100,3.9979097974537015e-06,584,7.036099877809775e-05,3,4,adam,"{'neurons_per_layer_encoder': [64, 128, 256, 512], 'neurons_per_layer_decoder': [512, 256, 128]}",64,"[512, 256, 128]","[64, 128, 256, 512]",[0.5697664176372985],[0.5880382466274297],[0.4036535567357956],0.25455702131462987,COMPLETE
468,0.6938843825198552,0.5527131082344299,0.294108909014285,2024-12-23 21:56:56.855518,2024-12-23 21:57:07.072041,0 days 00:00:10.216523,0.18304169908397064,32,0.1,68,100,2.873384596295119e-06,1176,8.137672411025013e-05,3,4,adam,"{'neurons_per_layer_encoder': [68, 136, 272, 544], 'neurons_per_layer_decoder': [544, 272, 136]}",68,"[544, 272, 136]","[68, 136, 272, 544]",[0.6938843825198552],[0.5527131082344299],[0.294108909014285],0.06258043462303094,COMPLETE
469,0.6933165939023107,0.7133911686087854,0.3392601422817103,2024-12-23 21:57:00.823689,2024-12-23 21:57:10.826638,0 days 00:00:10.002949,0.18211823316551742,32,0.1,68,100,2.8846591318568168e-06,1176,7.789409440517017e-05,3,4,adam,"{'neurons_per_layer_encoder': [68, 136, 272, 544], 'neurons_per_layer_decoder': [544, 272, 136]}",68,"[544, 272, 136]","[68, 136, 272, 544]",[0.6933165939023107],[0.7133911686087854],[0.3392601422817103],0.25264342484023894,COMPLETE
470,0.56476377222195,0.690291607267288,0.13472053653123794,2024-12-23 21:57:01.156967,2024-12-23 21:57:08.536611,0 days 00:00:07.379644,0.18618618290009117,32,0.1,68,100,3.0470357049385554e-06,488,8.321247220450075e-05,3,3,adam,"{'neurons_per_layer_encoder': [68, 136, 272], 'neurons_per_layer_decoder': [272, 136, 68]}",68,"[272, 136, 68]","[68, 136, 272]",[0.56476377222195],[0.690291607267288],[0.13472053653123794],-0.06794980847733327,COMPLETE
471,0.5142723730548089,0.6312551740613651,0.4576559064428387,2024-12-23 21:57:01.217934,2024-12-23 21:57:16.248542,0 days 00:00:15.030608,0.17928019521804195,32,0.2,68,100,2.6695530028674814e-06,1688,8.658810316146443e-05,3,5,adam,"{'neurons_per_layer_encoder': [68, 136, 272, 544, 1088], 'neurons_per_layer_decoder': [1088, 544, 272]}",68,"[1088, 544, 272]","[68, 136, 272, 544, 1088]",[0.5142723730548089],[0.6312551740613651],[0.4576559064428387],0.44207371339092905,COMPLETE
472,0.6381501770351954,0.5457366034686282,0.23231233437682453,2024-12-23 21:57:02.751038,2024-12-23 21:57:10.620478,0 days 00:00:07.869440,0.1793516937543226,32,0.2,68,100,2.3340749045795715e-06,584,7.961808567489195e-05,3,3,adam,"{'neurons_per_layer_encoder': [68, 136, 272], 'neurons_per_layer_decoder': [272, 136, 68]}",68,"[272, 136, 68]","[68, 136, 272]",[0.6381501770351954],[0.5457366034686282],[0.23231233437682453],0.3516323588898844,COMPLETE
473,0.5542731506720231,0.5757685914448566,0.26005360209681816,2024-12-23 21:57:03.238764,2024-12-23 21:57:10.913924,0 days 00:00:07.675160,0.186312795782603,32,0.2,68,100,2.5346387534006166e-06,440,7.875939944538815e-05,3,3,adam,"{'neurons_per_layer_encoder': [68, 136, 272], 'neurons_per_layer_decoder': [272, 136, 68]}",68,"[272, 136, 68]","[68, 136, 272]",[0.5542731506720231],[0.5757685914448566],[0.26005360209681816],0.3278114024186495,COMPLETE
474,0.4168085701214512,0.4378991823141871,0.345978499935519,2024-12-23 21:57:07.081290,2024-12-23 21:57:20.200322,0 days 00:00:13.119032,0.19230787360230664,40,0.2,68,100,2.3889289604655858e-06,1112,8.619447157730568e-05,3,5,adam,"{'neurons_per_layer_encoder': [68, 136, 272, 544, 1088], 'neurons_per_layer_decoder': [1088, 544, 272]}",68,"[1088, 544, 272]","[68, 136, 272, 544, 1088]",[0.4168085701214512],[0.4378991823141871],[0.345978499935519],0.3075786427542043,COMPLETE
475,0.487015654218234,0.4187281188539841,0.3459009517216146,2024-12-23 21:57:08.545031,2024-12-23 21:57:20.465179,0 days 00:00:11.920148,0.1719204115921596,40,0.2,52,100,2.298342050577892e-06,856,9.237150191363056e-05,3,5,adam,"{'neurons_per_layer_encoder': [52, 104, 208, 416, 832], 'neurons_per_layer_decoder': [832, 416, 208]}",52,"[832, 416, 208]","[52, 104, 208, 416, 832]",[0.487015654218234],[0.4187281188539841],[0.3459009517216146],0.344897299884649,COMPLETE
476,0.4845137834780091,0.37194503507530574,0.41279461489518543,2024-12-23 21:57:10.628367,2024-12-23 21:57:23.635915,0 days 00:00:13.007548,0.1983798546048695,40,0.2,76,100,2.735372223783409e-06,1240,9.076172516188516e-05,3,5,adam,"{'neurons_per_layer_encoder': [76, 152, 304, 608, 1216], 'neurons_per_layer_decoder': [1216, 608, 304]}",76,"[1216, 608, 304]","[76, 152, 304, 608, 1216]",[0.4845137834780091],[0.37194503507530574],[0.41279461489518543],0.3514204875476566,COMPLETE
477,0.705051659012317,0.6447178708555684,0.4407767122682761,2024-12-23 21:57:10.837419,2024-12-23 21:57:22.640425,0 days 00:00:11.803006,0.19903252722064568,32,0.1,76,100,2.30953742135124e-06,1032,8.930491579879837e-05,3,4,adam,"{'neurons_per_layer_encoder': [76, 152, 304, 608], 'neurons_per_layer_decoder': [608, 304, 152]}",76,"[608, 304, 152]","[76, 152, 304, 608]",[0.705051659012317],[0.6447178708555684],[0.4407767122682761],0.18808660988146597,COMPLETE
478,0.49312956183796863,0.4187435038124224,0.22190181712484913,2024-12-23 21:57:10.922840,2024-12-23 21:57:22.649645,0 days 00:00:11.726805,0.1998782303391871,40,0.1,76,100,2.0333700930358915e-06,1032,9.073664758533593e-05,3,4,adam,"{'neurons_per_layer_encoder': [76, 152, 304, 608], 'neurons_per_layer_decoder': [608, 304, 152]}",76,"[608, 304, 152]","[76, 152, 304, 608]",[0.49312956183796863],[0.4187435038124224],[0.22190181712484913],-0.2743172728171522,COMPLETE
479,0.36740246033031165,0.2480410874466683,0.34761436222086173,2024-12-23 21:57:16.259340,2024-12-23 21:57:26.094705,0 days 00:00:09.835365,0.19517716750253997,40,0.1,76,100,2.2176422588944396e-06,1016,9.694842393821187e-05,3,4,adam,"{'neurons_per_layer_encoder': [76, 152, 304, 608], 'neurons_per_layer_decoder': [608, 304, 152]}",76,"[608, 304, 152]","[76, 152, 304, 608]",[0.36740246033031165],[0.2480410874466683],[0.34761436222086173],-0.2988233274133682,COMPLETE
480,0.6329442230769886,0.5814779045583615,0.37705469998384333,2024-12-23 21:57:20.208355,2024-12-23 21:57:28.971605,0 days 00:00:08.763250,0.17382537534306144,40,0.1,76,100,2.163372796142973e-06,1032,0.00010030883887612785,3,4,adam,"{'neurons_per_layer_encoder': [76, 152, 304, 608], 'neurons_per_layer_decoder': [608, 304, 152]}",76,"[608, 304, 152]","[76, 152, 304, 608]",[0.6329442230769886],[0.5814779045583615],[0.37705469998384333],0.01657421310380635,COMPLETE
481,0.6114659637975738,0.549492910783659,0.3153943635235569,2024-12-23 21:57:20.472682,2024-12-23 21:57:30.654070,0 days 00:00:10.181388,0.19969575359823458,32,0.1,76,100,2.9428081174553638e-06,1080,9.979961534787287e-05,3,4,adam,"{'neurons_per_layer_encoder': [76, 152, 304, 608], 'neurons_per_layer_decoder': [608, 304, 152]}",76,"[608, 304, 152]","[76, 152, 304, 608]",[0.6114659637975738],[0.549492910783659],[0.3153943635235569],-0.0038305614332091523,COMPLETE
482,0.6615240539878241,0.7152885298221093,0.18177142017828818,2024-12-23 21:57:22.658124,2024-12-23 21:57:32.754853,0 days 00:00:10.096729,0.1934525739841725,32,0.1,76,100,3.1929983919521954e-06,1064,0.00010248976513755073,3,4,adam,"{'neurons_per_layer_encoder': [76, 152, 304, 608], 'neurons_per_layer_decoder': [608, 304, 152]}",76,"[608, 304, 152]","[76, 152, 304, 608]",[0.6615240539878241],[0.7152885298221093],[0.18177142017828818],0.04101672871008986,COMPLETE
483,0.4931528932668322,0.5913797901922567,0.39884953719619365,2024-12-23 21:57:22.660722,2024-12-23 21:57:32.582301,0 days 00:00:09.921579,0.17142866369181678,32,0.1,76,100,3.5802398320173757e-06,1032,9.932319009224381e-05,3,4,adam,"{'neurons_per_layer_encoder': [76, 152, 304, 608], 'neurons_per_layer_decoder': [608, 304, 152]}",76,"[608, 304, 152]","[76, 152, 304, 608]",[0.4931528932668322],[0.5913797901922567],[0.39884953719619365],0.10191792041284657,COMPLETE
484,0.6875942174349264,0.6637268746314995,0.30261767330865896,2024-12-23 21:57:23.645583,2024-12-23 21:57:33.333049,0 days 00:00:09.687466,0.19819914037236158,32,0.1,72,100,3.408265068607687e-06,1032,0.00010161104014682872,3,4,adam,"{'neurons_per_layer_encoder': [72, 144, 288, 576], 'neurons_per_layer_decoder': [576, 288, 144]}",72,"[576, 288, 144]","[72, 144, 288, 576]",[0.6875942174349264],[0.6637268746314995],[0.30261767330865896],0.17545942127221198,COMPLETE
485,0.5974083233543708,0.6590244750032648,0.33349688400463473,2024-12-23 21:57:26.104173,2024-12-23 21:57:36.325718,0 days 00:00:10.221545,0.16673029022668875,32,0.1,72,100,3.566413686284194e-06,1032,0.00010369584734851429,3,4,adam,"{'neurons_per_layer_encoder': [72, 144, 288, 576], 'neurons_per_layer_decoder': [576, 288, 144]}",72,"[576, 288, 144]","[72, 144, 288, 576]",[0.5974083233543708],[0.6590244750032648],[0.33349688400463473],0.07140435116452491,COMPLETE
486,0.5970856090088162,0.49702931447983345,0.3592450816711201,2024-12-23 21:57:28.980140,2024-12-23 21:57:38.636830,0 days 00:00:09.656690,0.18164539485093817,32,0.1,72,100,1.9104366055378075e-06,1064,5.8911019643503836e-05,3,4,adam,"{'neurons_per_layer_encoder': [72, 144, 288, 576], 'neurons_per_layer_decoder': [576, 288, 144]}",72,"[576, 288, 144]","[72, 144, 288, 576]",[0.5970856090088162],[0.49702931447983345],[0.3592450816711201],-0.043238231013169065,COMPLETE
487,0.5954686294019562,0.46553011192638516,0.28996212998559223,2024-12-23 21:57:30.664221,2024-12-23 21:57:40.875788,0 days 00:00:10.211567,0.19899083985788918,32,0.1,72,100,3.551794844079041e-06,1064,5.8511015702022815e-05,3,4,adam,"{'neurons_per_layer_encoder': [72, 144, 288, 576], 'neurons_per_layer_decoder': [576, 288, 144]}",72,"[576, 288, 144]","[72, 144, 288, 576]",[0.5954686294019562],[0.46553011192638516],[0.28996212998559223],0.12488332262230309,COMPLETE
488,0.612484392810411,0.3214932845126717,0.37449333762145864,2024-12-23 21:57:32.590170,2024-12-23 21:57:42.156572,0 days 00:00:09.566402,0.18097132216896986,32,0.1,72,100,2.419123304424943e-06,1064,5.4116850659042116e-05,3,4,adam,"{'neurons_per_layer_encoder': [72, 144, 288, 576], 'neurons_per_layer_decoder': [576, 288, 144]}",72,"[576, 288, 144]","[72, 144, 288, 576]",[0.612484392810411],[0.3214932845126717],[0.37449333762145864],0.16932793272536592,COMPLETE
489,0.567759053058392,0.41335667947610133,0.306145928467472,2024-12-23 21:57:32.764003,2024-12-23 21:57:42.432220,0 days 00:00:09.668217,0.15734528246559193,32,0.1,72,100,4.2875880031339735e-06,1064,0.00011200704731743712,3,4,adam,"{'neurons_per_layer_encoder': [72, 144, 288, 576], 'neurons_per_layer_decoder': [576, 288, 144]}",72,"[576, 288, 144]","[72, 144, 288, 576]",[0.567759053058392],[0.41335667947610133],[0.306145928467472],-0.023571965898417285,COMPLETE
490,0.5758776081287169,0.4214519957449293,0.2586196094883463,2024-12-23 21:57:33.340672,2024-12-23 21:57:42.364037,0 days 00:00:09.023365,0.16739138390737024,32,0.1,56,100,1.9318598834016706e-06,1048,5.9158520240287046e-05,3,4,adam,"{'neurons_per_layer_encoder': [56, 112, 224, 448], 'neurons_per_layer_decoder': [448, 224, 112]}",56,"[448, 224, 112]","[56, 112, 224, 448]",[0.5758776081287169],[0.4214519957449293],[0.2586196094883463],0.170365203909401,COMPLETE
491,0.6451940647259107,0.6163612933069176,0.3535375591143529,2024-12-23 21:57:36.335739,2024-12-23 21:57:47.392679,0 days 00:00:11.056940,0.18303098383719105,32,0.1,84,100,2.5576862860730957e-06,1064,0.00012035448818747658,3,4,adam,"{'neurons_per_layer_encoder': [84, 168, 336, 672], 'neurons_per_layer_decoder': [672, 336, 168]}",84,"[672, 336, 168]","[84, 168, 336, 672]",[0.6451940647259107],[0.6163612933069176],[0.3535375591143529],0.04899689574407968,COMPLETE
492,0.09195788008322703,0.5286421584703591,0.36955159851050146,2024-12-23 21:57:38.645008,2024-12-23 21:57:49.251820,0 days 00:00:10.606812,0.1734421840524585,32,0.1,84,100,1.8632467614608602e-06,1000,1.011410359847267e-05,3,4,adam,"{'neurons_per_layer_encoder': [84, 168, 336, 672], 'neurons_per_layer_decoder': [672, 336, 168]}",84,"[672, 336, 168]","[84, 168, 336, 672]",[0.09195788008322703],[0.5286421584703591],[0.36955159851050146],0.3513340635313826,COMPLETE
493,0.21393266407162648,0.29233077887616654,0.2350667083669319,2024-12-23 21:57:40.884838,2024-12-23 21:57:48.426127,0 days 00:00:07.541289,0.1844348678080322,104,0.1,64,100,1.7398899456116138e-06,1000,0.00012012757132516098,3,4,adam,"{'neurons_per_layer_encoder': [64, 128, 256, 512], 'neurons_per_layer_decoder': [512, 256, 128]}",64,"[512, 256, 128]","[64, 128, 256, 512]",[0.21393266407162648],[0.29233077887616654],[0.2350667083669319],-0.2979130448062049,COMPLETE
494,0.5983098134828222,0.7082203212618439,0.32257798789663505,2024-12-23 21:57:42.165020,2024-12-23 21:57:52.440018,0 days 00:00:10.274998,0.16666846440794866,32,0.1,84,100,4.071345983511896e-06,952,0.00012479107139728733,3,4,adam,"{'neurons_per_layer_encoder': [84, 168, 336, 672], 'neurons_per_layer_decoder': [672, 336, 168]}",84,"[672, 336, 168]","[84, 168, 336, 672]",[0.5983098134828222],[0.7082203212618439],[0.32257798789663505],0.17786301883837782,COMPLETE
495,0.629736931013885,0.7225004759024813,0.21465690254521586,2024-12-23 21:57:42.373519,2024-12-23 21:57:52.444982,0 days 00:00:10.071463,0.1849133720472299,32,0.1,84,100,1.4130294069396416e-06,1000,0.00011978125859919972,3,4,adam,"{'neurons_per_layer_encoder': [84, 168, 336, 672], 'neurons_per_layer_decoder': [672, 336, 168]}",84,"[672, 336, 168]","[84, 168, 336, 672]",[0.629736931013885],[0.7225004759024813],[0.21465690254521586],-0.1338032622449832,COMPLETE
496,-0.04359257589561705,-2.3155775529470866,-0.06969237943815387,2024-12-23 21:57:42.455108,2024-12-23 21:57:45.670891,0 days 00:00:03.215783,0.18618460536895068,32,0.1,84,100,1.6232010683611482e-06,1000,0.0001225782739071073,3,4,sgd,"{'neurons_per_layer_encoder': [84, 168, 336, 672], 'neurons_per_layer_decoder': [672, 336, 168]}",84,"[672, 336, 168]","[84, 168, 336, 672]",[-0.04359257589561705],[-2.3155775529470866],[-0.06969237943815387],0.006934414907896227,COMPLETE
497,0.6714036905866461,0.6065021380370237,0.3527937203738236,2024-12-23 21:57:45.677672,2024-12-23 21:57:57.146502,0 days 00:00:11.468830,0.19949533762332045,32,0.1,64,100,2.5446595121869686e-06,1096,8.173647473808e-05,3,4,adam,"{'neurons_per_layer_encoder': [64, 128, 256, 512], 'neurons_per_layer_decoder': [512, 256, 128]}",64,"[512, 256, 128]","[64, 128, 256, 512]",[0.6714036905866461],[0.6065021380370237],[0.3527937203738236],0.16379420616645426,COMPLETE
498,0.696663594200837,0.5246324767882842,0.22809845180091515,2024-12-23 21:57:47.402189,2024-12-23 21:57:58.811821,0 days 00:00:11.409632,0.1993299205565845,32,0.1,64,100,2.866782525879841e-06,968,8.035960102887724e-05,3,4,adam,"{'neurons_per_layer_encoder': [64, 128, 256, 512], 'neurons_per_layer_decoder': [512, 256, 128]}",64,"[512, 256, 128]","[64, 128, 256, 512]",[0.696663594200837],[0.5246324767882842],[0.22809845180091515],0.08322787306366784,COMPLETE
499,0.4858165757332712,0.4700797590866872,0.3474834172302168,2024-12-23 21:57:48.435417,2024-12-23 21:58:10.890695,0 days 00:00:22.455278,0.19927192351039405,32,0.1,256,100,0.0005920428510609973,2072,8.041329543359517e-05,3,4,adam,"{'neurons_per_layer_encoder': [256, 512, 1024, 2048], 'neurons_per_layer_decoder': [2048, 1024, 512]}",256,"[2048, 1024, 512]","[256, 512, 1024, 2048]",[0.4858165757332712],[0.4700797590866872],[0.3474834172302168],0.989973553007031,COMPLETE
500,0.6199373127644534,0.6095928323433883,0.5280678428058228,2024-12-23 21:57:49.260164,2024-12-23 21:58:00.979871,0 days 00:00:11.719707,0.17434429997180523,32,0.1,64,100,2.9794254614441063e-06,1096,7.4190822165249e-05,3,4,adam,"{'neurons_per_layer_encoder': [64, 128, 256, 512], 'neurons_per_layer_decoder': [512, 256, 128]}",64,"[512, 256, 128]","[64, 128, 256, 512]",[0.6199373127644534],[0.6095928323433883],[0.5280678428058228],0.2830367785487201,COMPLETE
501,-0.7408582630118923,-2.689627016205435,-0.7763765871228012,2024-12-23 21:57:52.451428,2024-12-23 21:57:57.235716,0 days 00:00:04.784288,0.1914699015594094,32,0.1,64,100,2.581568362419221e-06,1080,7.586017437283102e-05,3,4,sgd,"{'neurons_per_layer_encoder': [64, 128, 256, 512], 'neurons_per_layer_decoder': [512, 256, 128]}",64,"[512, 256, 128]","[64, 128, 256, 512]",[-0.7408582630118923],[-2.689627016205435],[-0.7763765871228012],-0.20804871821548204,COMPLETE
502,-0.15970983239636727,-1.818237412287378,-0.3374221338946435,2024-12-23 21:57:52.455683,2024-12-23 21:57:59.757307,0 days 00:00:07.301624,0.187396015511543,32,0.1,256,100,2.9385541594624338e-06,2072,7.759488490831015e-05,3,4,sgd,"{'neurons_per_layer_encoder': [256, 512, 1024, 2048], 'neurons_per_layer_decoder': [2048, 1024, 512]}",256,"[2048, 1024, 512]","[256, 512, 1024, 2048]",[-0.15970983239636727],[-1.818237412287378],[-0.3374221338946435],0.42515042532457215,COMPLETE
503,-0.08714250075231167,-0.7598110685920239,0.07058872503369962,2024-12-23 21:57:57.156959,2024-12-23 21:58:06.871701,0 days 00:00:09.714742,0.19887832094531147,32,0.1,80,100,2.906907807086819e-06,1016,7.958807796362954e-05,3,4,sgd,"{'neurons_per_layer_encoder': [80, 160, 320, 640], 'neurons_per_layer_decoder': [640, 320, 160]}",80,"[640, 320, 160]","[80, 160, 320, 640]",[-0.08714250075231167],[-0.7598110685920239],[0.07058872503369962],0.2965039357180906,COMPLETE
504,-1.2519295207919048,-0.591399324019716,-0.000141159904707866,2024-12-23 21:57:57.242908,2024-12-23 21:58:03.826615,0 days 00:00:06.583707,0.17790688935439303,32,0.1,56,100,2.9908398248897203e-06,616,8.765242837391222e-05,3,4,adadelta,"{'neurons_per_layer_encoder': [56, 112, 224, 448], 'neurons_per_layer_decoder': [448, 224, 112]}",56,"[448, 224, 112]","[56, 112, 224, 448]",[-1.2519295207919048],[-0.591399324019716],[-0.000141159904707866],0.3279751916379163,COMPLETE
