number,values_0,values_1,values_2,datetime_start,datetime_complete,duration,params_alpha,params_batch_size,params_drop_out_rate,params_encoder_neurons_layer_1,params_epochs,params_lambda,params_latent_dim,params_learning_rate,params_num_layers_decoder,params_num_layers_encoder,params_optimizer,user_attrs_encoder_decoder_config,user_attrs_first_layer_neurons,user_attrs_neurons_per_layer_decoder,user_attrs_neurons_per_layer_encoder,user_attrs_r2_feature_1,user_attrs_r2_feature_2,user_attrs_r2_feature_3,user_attrs_relative_deterioration,state
595,-0.5135362684161071,-1.1509765597022823,-0.02912195378925242,2024-12-23 22:01:12.919009,2024-12-23 22:01:16.277497,0 days 00:00:03.358488,0.09968514419876907,32,0.1,160,100,2.739051602906389e-06,1208,0.00010185133568439483,5,3,sgd,"{'neurons_per_layer_encoder': [160, 320, 640], 'neurons_per_layer_decoder': [640, 320, 160, 80, 40]}",160,"[640, 320, 160, 80, 40]","[160, 320, 640]",[-0.5135362684161071],[-1.1509765597022823],[-0.02912195378925242],0.2989625871018602,COMPLETE
596,-0.6189562605830263,-0.7852502547678801,-0.7785411212182356,2024-12-23 22:01:14.533571,2024-12-23 22:01:17.151003,0 days 00:00:02.617432,0.16913976171761133,32,0.1,80,100,3.294734527525507e-06,760,0.005414615127915525,5,3,sgd,"{'neurons_per_layer_encoder': [80, 160, 320], 'neurons_per_layer_decoder': [320, 160, 80, 40, 20]}",80,"[320, 160, 80, 40, 20]","[80, 160, 320]",[-0.6189562605830263],[-0.7852502547678801],[-0.7785411212182356],0.01506304411944225,COMPLETE
597,-0.6974120015019705,-0.046495516390821834,-0.12812268569897345,2024-12-23 22:01:15.168084,2024-12-23 22:01:22.469413,0 days 00:00:07.301329,0.10564273154205,32,0.1,80,100,3.161290611072939e-06,536,9.953617313902122e-05,5,3,adadelta,"{'neurons_per_layer_encoder': [80, 160, 320], 'neurons_per_layer_decoder': [320, 160, 80, 40, 20]}",80,"[320, 160, 80, 40, 20]","[80, 160, 320]",[-0.6974120015019705],[-0.046495516390821834],[-0.12812268569897345],0.11279012131364052,COMPLETE
598,-0.7220863493853757,-0.9596493779413136,-1.3224614501499006,2024-12-23 22:01:15.948662,2024-12-23 22:01:17.763048,0 days 00:00:01.814386,0.09954771609016431,32,0.1,80,100,9.26616797026868e-06,344,8.07766724119082e-05,2,3,sgd,"{'neurons_per_layer_encoder': [80, 160, 320], 'neurons_per_layer_decoder': [320, 160]}",80,"[320, 160]","[80, 160, 320]",[-0.7220863493853757],[-0.9596493779413136],[-1.3224614501499006],0.21685543753264538,COMPLETE
599,-1.467837352950145,-0.7680760550418455,-0.01128125122256285,2024-12-23 22:01:16.286600,2024-12-23 22:01:19.787562,0 days 00:00:03.500962,0.16853362866673716,32,0.1,188,100,3.341643692101417e-06,776,0.0001331688006352699,2,3,adadelta,"{'neurons_per_layer_encoder': [188, 376, 752], 'neurons_per_layer_decoder': [752, 376]}",188,"[752, 376]","[188, 376, 752]",[-1.467837352950145],[-0.7680760550418455],[-0.01128125122256285],-0.0731727123285353,COMPLETE
600,0.32737436159343325,0.04117758760398815,-0.3404022857484732,2024-12-23 22:01:16.415262,2024-12-23 22:01:28.783360,0 days 00:00:12.368098,0.10399840126746838,32,0.1,48,100,9.266455182818313e-06,792,3.793052455555518e-05,3,5,adadelta,"{'neurons_per_layer_encoder': [48, 96, 192, 384, 768], 'neurons_per_layer_decoder': [768, 384, 192]}",48,"[768, 384, 192]","[48, 96, 192, 384, 768]",[0.32737436159343325],[0.04117758760398815],[-0.3404022857484732],0.4776754776080932,COMPLETE
601,-0.5286924478252237,-0.9746898736787135,-0.20792052887226875,2024-12-23 22:01:17.158365,2024-12-23 22:01:22.671268,0 days 00:00:05.512903,0.013457438249756806,32,0.1,48,100,9.788956120978716e-06,808,0.0015165523767428487,4,5,adadelta,"{'neurons_per_layer_encoder': [48, 96, 192, 384, 768], 'neurons_per_layer_decoder': [768, 384, 192, 96]}",48,"[768, 384, 192, 96]","[48, 96, 192, 384, 768]",[-0.5286924478252237],[-0.9746898736787135],[-0.20792052887226875],0.20545665570941343,COMPLETE
602,0.07587028901020387,0.04573446561413186,-0.5380923988491679,2024-12-23 22:01:17.769934,2024-12-23 22:01:34.697088,0 days 00:00:16.927154,0.19996861164799218,32,0.30000000000000004,64,100,1.0302246495512721e-05,2392,0.001745590256576755,3,5,adadelta,"{'neurons_per_layer_encoder': [64, 128, 256, 512, 1024], 'neurons_per_layer_decoder': [1024, 512, 256]}",64,"[1024, 512, 256]","[64, 128, 256, 512, 1024]",[0.07587028901020387],[0.04573446561413186],[-0.5380923988491679],0.533641667833318,COMPLETE
603,-0.812973554887588,-1.1345743043638663,-0.49859294322789904,2024-12-23 22:01:18.239558,2024-12-23 22:01:24.397475,0 days 00:00:06.157917,0.03538325836672796,32,0.30000000000000004,48,100,7.906117095026153e-06,792,0.0018289151145831914,4,5,adadelta,"{'neurons_per_layer_encoder': [48, 96, 192, 384, 768], 'neurons_per_layer_decoder': [768, 384, 192, 96]}",48,"[768, 384, 192, 96]","[48, 96, 192, 384, 768]",[-0.812973554887588],[-1.1345743043638663],[-0.49859294322789904],0.14805408265814612,COMPLETE
604,-0.8588394590171164,-0.36202392579148746,-0.09839309419460673,2024-12-23 22:01:19.794441,2024-12-23 22:01:30.940916,0 days 00:00:11.146475,0.1981271383643655,32,0.30000000000000004,64,100,7.824935933508527e-06,2168,5.174429540404868e-05,4,5,adadelta,"{'neurons_per_layer_encoder': [64, 128, 256, 512, 1024], 'neurons_per_layer_decoder': [1024, 512, 256, 128]}",64,"[1024, 512, 256, 128]","[64, 128, 256, 512, 1024]",[-0.8588394590171164],[-0.36202392579148746],[-0.09839309419460673],0.4102722720572846,COMPLETE
605,0.5604074287126043,0.5633430245207305,0.37558489999798694,2024-12-23 22:01:22.480038,2024-12-23 22:01:45.486583,0 days 00:00:23.006545,0.19913736051348965,32,0.30000000000000004,64,100,2.374267976558663e-06,2312,8.072718378931119e-05,3,5,adam,"{'neurons_per_layer_encoder': [64, 128, 256, 512, 1024], 'neurons_per_layer_decoder': [1024, 512, 256]}",64,"[1024, 512, 256]","[64, 128, 256, 512, 1024]",[0.5604074287126043],[0.5633430245207305],[0.37558489999798694],0.5333859504087666,COMPLETE
606,0.3949455668379761,0.3711402378331865,-0.13299974969179051,2024-12-23 22:01:22.681149,2024-12-23 22:02:14.298834,0 days 00:00:51.617685,0.04972783939218926,32,0.30000000000000004,180,100,7.36130448276641e-06,2904,0.00011841123998456236,3,5,adam,"{'neurons_per_layer_encoder': [180, 360, 720, 1440, 2880], 'neurons_per_layer_decoder': [2880, 1440, 720]}",180,"[2880, 1440, 720]","[180, 360, 720, 1440, 2880]",[0.3949455668379761],[0.3711402378331865],[-0.13299974969179051],0.6468194394607026,COMPLETE
607,0.6627806742483917,0.49047745066224424,0.3904102598072736,2024-12-23 22:01:24.408380,2024-12-23 22:02:03.382602,0 days 00:00:38.974222,0.19923848608919428,32,0.1,128,100,2.371301274668559e-06,2072,7.958256717439977e-05,3,5,adam,"{'neurons_per_layer_encoder': [128, 256, 512, 1024, 2048], 'neurons_per_layer_decoder': [2048, 1024, 512]}",128,"[2048, 1024, 512]","[128, 256, 512, 1024, 2048]",[0.6627806742483917],[0.49047745066224424],[0.3904102598072736],0.31237391198326125,COMPLETE
608,0.6722916240056143,0.7197991094417444,0.4779568313959389,2024-12-23 22:01:28.799164,2024-12-23 22:01:57.622354,0 days 00:00:28.823190,0.19964285574114493,32,0.1,64,100,2.3617649840347953e-06,2248,5.043499855075825e-05,3,5,adam,"{'neurons_per_layer_encoder': [64, 128, 256, 512, 1024], 'neurons_per_layer_decoder': [1024, 512, 256]}",64,"[1024, 512, 256]","[64, 128, 256, 512, 1024]",[0.6722916240056143],[0.7197991094417444],[0.4779568313959389],0.42305789332604893,COMPLETE
609,0.6411098532888762,0.5782107226659688,0.333339470664481,2024-12-23 22:01:30.965353,2024-12-23 22:02:21.259939,0 days 00:00:50.294586,0.18616744967198637,32,0.1,180,100,2.3315886479469763e-06,2904,0.00011977079717901411,3,5,adam,"{'neurons_per_layer_encoder': [180, 360, 720, 1440, 2880], 'neurons_per_layer_decoder': [2880, 1440, 720]}",180,"[2880, 1440, 720]","[180, 360, 720, 1440, 2880]",[0.6411098532888762],[0.5782107226659688],[0.333339470664481],0.3609922066658351,COMPLETE
610,-0.47802045738650367,-2.382260463667263,0.026900848295391522,2024-12-23 22:01:34.711789,2024-12-23 22:01:48.572486,0 days 00:00:13.860697,0.13436680333402226,32,0.1,92,100,1.210588958191252e-05,904,2.6833613269501417e-05,3,3,adam,"{'neurons_per_layer_encoder': [92, 184, 368], 'neurons_per_layer_decoder': [368, 184, 92]}",92,"[368, 184, 92]","[92, 184, 368]",[-0.47802045738650367],[-2.382260463667263],[0.026900848295391522],0.12435964430513789,COMPLETE
611,0.5032058792458274,0.3531983978275175,0.2734246348785453,2024-12-23 22:01:45.496323,2024-12-23 22:02:08.588996,0 days 00:00:23.092673,0.05181273047548292,32,0.1,176,100,1.4237493730712194e-05,744,0.00012119091481874408,3,3,adam,"{'neurons_per_layer_encoder': [176, 352, 704], 'neurons_per_layer_decoder': [704, 352, 176]}",176,"[704, 352, 176]","[176, 352, 704]",[0.5032058792458274],[0.3531983978275175],[0.2734246348785453],0.3648218379018453,COMPLETE
612,0.5774332511410489,0.20204326678745077,0.333990602126197,2024-12-23 22:01:48.619660,2024-12-23 22:02:07.147947,0 days 00:00:18.528287,0.18532864303514476,32,0.1,56,100,0.00042091234309894786,376,0.0001168917766591267,3,3,adam,"{'neurons_per_layer_encoder': [56, 112, 224], 'neurons_per_layer_decoder': [224, 112, 56]}",56,"[224, 112, 56]","[56, 112, 224]",[0.5774332511410489],[0.20204326678745077],[0.333990602126197],0.9043088909687079,COMPLETE
613,0.6379586297917615,0.5484272732467659,0.24024147441786392,2024-12-23 22:01:57.633007,2024-12-23 22:02:16.157875,0 days 00:00:18.524868,0.18666857383270757,32,0.1,124,100,1.4445493006593403e-05,1000,0.00012434883572405055,3,3,adam,"{'neurons_per_layer_encoder': [124, 248, 496], 'neurons_per_layer_decoder': [496, 248, 124]}",124,"[496, 248, 124]","[124, 248, 496]",[0.6379586297917615],[0.5484272732467659],[0.24024147441786392],0.35316368309923074,COMPLETE
614,0.5303545940010262,0.7556332061084509,0.3426377819021179,2024-12-23 22:02:03.426069,2024-12-23 22:02:17.170497,0 days 00:00:13.744428,0.050484214906289765,32,0.1,56,100,1.1311365793955456e-05,296,0.00014044051606695602,3,3,adam,"{'neurons_per_layer_encoder': [56, 112, 224], 'neurons_per_layer_decoder': [224, 112, 56]}",56,"[224, 112, 56]","[56, 112, 224]",[0.5303545940010262],[0.7556332061084509],[0.3426377819021179],0.29513903255842555,COMPLETE
615,0.613651856058139,0.6030967849732798,0.31231483280157435,2024-12-23 22:02:07.156857,2024-12-23 22:02:19.384418,0 days 00:00:12.227561,0.14460176624093848,32,0.1,68,100,1.4134112986128661e-05,424,0.00013751385156399174,3,3,adam,"{'neurons_per_layer_encoder': [68, 136, 272], 'neurons_per_layer_decoder': [272, 136, 68]}",68,"[272, 136, 68]","[68, 136, 272]",[0.613651856058139],[0.6030967849732798],[0.31231483280157435],0.2622328728982649,COMPLETE
616,0.4779879122179719,0.49540676554119745,0.21099634030720205,2024-12-23 22:02:08.598578,2024-12-23 22:02:22.187731,0 days 00:00:13.589153,0.11523859022680881,40,0.1,28,100,1.1328621142374754e-05,1000,8.325559840558618e-05,3,5,adam,"{'neurons_per_layer_encoder': [28, 56, 112, 224, 448], 'neurons_per_layer_decoder': [448, 224, 112]}",28,"[448, 224, 112]","[28, 56, 112, 224, 448]",[0.4779879122179719],[0.49540676554119745],[0.21099634030720205],0.39454318798249777,COMPLETE
617,0.5616011843225632,0.20796009873928012,0.22180205941212905,2024-12-23 22:02:14.308454,2024-12-23 22:02:29.711828,0 days 00:00:15.403374,0.019264877790728753,40,0.1,68,100,1.0940117073787968e-05,1144,4.226705299698418e-05,3,5,adam,"{'neurons_per_layer_encoder': [68, 136, 272, 544, 1088], 'neurons_per_layer_decoder': [1088, 544, 272]}",68,"[1088, 544, 272]","[68, 136, 272, 544, 1088]",[0.5616011843225632],[0.20796009873928012],[0.22180205941212905],0.5267081575158762,COMPLETE
618,0.1659907747709679,0.4200939655000343,0.14984138281644832,2024-12-23 22:02:16.166080,2024-12-23 22:02:32.173600,0 days 00:00:16.007520,0.1419425179653226,40,0.4,68,100,1.1480948987317326e-05,1144,8.069868965100456e-05,3,5,adam,"{'neurons_per_layer_encoder': [68, 136, 272, 544, 1088], 'neurons_per_layer_decoder': [1088, 544, 272]}",68,"[1088, 544, 272]","[68, 136, 272, 544, 1088]",[0.1659907747709679],[0.4200939655000343],[0.14984138281644832],0.62833447028535,COMPLETE
619,0.10606337867257498,-0.14936475766611435,-0.05440741085257428,2024-12-23 22:02:17.179219,2024-12-23 22:02:32.254855,0 days 00:00:15.075636,0.054784228182755024,40,0.4,68,100,1.2504535138543285e-05,1144,1.335561857233187e-05,3,5,adam,"{'neurons_per_layer_encoder': [68, 136, 272, 544, 1088], 'neurons_per_layer_decoder': [1088, 544, 272]}",68,"[1088, 544, 272]","[68, 136, 272, 544, 1088]",[0.10606337867257498],[-0.14936475766611435],[-0.05440741085257428],0.6155263930686512,COMPLETE
620,-0.20389719066430256,-0.02353677900805562,0.01350873256745877,2024-12-23 22:02:19.393361,2024-12-23 22:02:32.703160,0 days 00:00:13.309799,0.018813303244385505,40,0.4,76,100,4.6554903124756676e-05,1240,1.7795057603193867e-05,3,5,adam,"{'neurons_per_layer_encoder': [76, 152, 304, 608, 1216], 'neurons_per_layer_decoder': [1216, 608, 304]}",76,"[1216, 608, 304]","[76, 152, 304, 608, 1216]",[-0.20389719066430256],[-0.02353677900805562],[0.01350873256745877],0.8099974988411796,COMPLETE
621,0.4195318156856147,0.24525151201148,0.27194441334038877,2024-12-23 22:02:21.270147,2024-12-23 22:02:36.055735,0 days 00:00:14.785588,0.12987686550189795,40,0.1,76,100,0.000494907722981956,1240,8.543531034369855e-05,3,5,adam,"{'neurons_per_layer_encoder': [76, 152, 304, 608, 1216], 'neurons_per_layer_decoder': [1216, 608, 304]}",76,"[1216, 608, 304]","[76, 152, 304, 608, 1216]",[0.4195318156856147],[0.24525151201148],[0.27194441334038877],0.9809962862967578,COMPLETE
622,0.5299081949700906,0.1140053858528477,0.2917984318963299,2024-12-23 22:02:22.197084,2024-12-23 22:02:32.991887,0 days 00:00:10.794803,0.1671855220471933,40,0.1,76,100,1.2607111874643416e-05,488,9.668187212425712e-05,3,3,adam,"{'neurons_per_layer_encoder': [76, 152, 304], 'neurons_per_layer_decoder': [304, 152, 76]}",76,"[304, 152, 76]","[76, 152, 304]",[0.5299081949700906],[0.1140053858528477],[0.2917984318963299],0.18946460656158698,COMPLETE
623,0.6021060085363545,0.6310737686958621,0.20051138905885157,2024-12-23 22:02:29.724191,2024-12-23 22:02:40.154955,0 days 00:00:10.430764,0.1413488078853463,32,0.4,216,100,6.26920452218951e-05,888,9.43320642934235e-05,3,3,adam,"{'neurons_per_layer_encoder': [216, 432, 864], 'neurons_per_layer_decoder': [864, 432, 216]}",216,"[864, 432, 216]","[216, 432, 864]",[0.6021060085363545],[0.6310737686958621],[0.20051138905885157],0.8782965802111755,COMPLETE
624,0.60658112083226,0.6076500020685365,0.3110027556330346,2024-12-23 22:02:32.182012,2024-12-23 22:02:39.277451,0 days 00:00:07.095439,0.1661340097933008,32,0.1,76,100,0.0002723504965116552,552,9.821254502347302e-05,3,3,adam,"{'neurons_per_layer_encoder': [76, 152, 304], 'neurons_per_layer_decoder': [304, 152, 76]}",76,"[304, 152, 76]","[76, 152, 304]",[0.60658112083226],[0.6076500020685365],[0.3110027556330346],0.9156292160524325,COMPLETE
625,0.6159280439018275,0.2583327604643946,0.3339121387798283,2024-12-23 22:02:32.264968,2024-12-23 22:02:39.830865,0 days 00:00:07.565897,0.13330857865263238,32,0.1,80,100,5.043148476209519e-06,728,9.322658487460768e-05,3,3,adam,"{'neurons_per_layer_encoder': [80, 160, 320], 'neurons_per_layer_decoder': [320, 160, 80]}",80,"[320, 160, 80]","[80, 160, 320]",[0.6159280439018275],[0.2583327604643946],[0.3339121387798283],0.011767801188943982,COMPLETE
626,-0.8241802494074153,-0.13967371789065464,-0.039535949021497485,2024-12-23 22:02:32.712533,2024-12-23 22:02:36.051714,0 days 00:00:03.339181,0.16391517371006029,32,0.1,116,100,0.00027812145154255236,480,9.425247756042144e-05,3,2,sgd,"{'neurons_per_layer_encoder': [116, 232], 'neurons_per_layer_decoder': [232, 116, 58]}",116,"[232, 116, 58]","[116, 232]",[-0.8241802494074153],[-0.13967371789065464],[-0.039535949021497485],0.7812500468727858,COMPLETE
627,0.434587755605657,0.6197847517518983,0.19481927113717223,2024-12-23 22:02:33.002005,2024-12-23 22:02:39.515506,0 days 00:00:06.513501,0.13480312549642562,32,0.1,72,100,1.6711956894209638e-05,312,9.326613957230084e-05,3,2,adam,"{'neurons_per_layer_encoder': [72, 144], 'neurons_per_layer_decoder': [144, 72, 36]}",72,"[144, 72, 36]","[72, 144]",[0.434587755605657],[0.6197847517518983],[0.19481927113717223],0.23755272747299175,COMPLETE
628,0.6666777742413066,0.270946996018821,0.1866347063167375,2024-12-23 22:02:36.062028,2024-12-23 22:02:44.828124,0 days 00:00:08.766096,0.18528387547648273,32,0.1,144,100,6.227767567810422e-05,984,6.0700428176894654e-05,3,3,adam,"{'neurons_per_layer_encoder': [144, 288, 576], 'neurons_per_layer_decoder': [576, 288, 144]}",144,"[576, 288, 144]","[144, 288, 576]",[0.6666777742413066],[0.270946996018821],[0.1866347063167375],0.7903218720197358,COMPLETE
629,0.40195789881067934,0.48646792630341906,0.38568429782539093,2024-12-23 22:02:36.065654,2024-12-23 22:02:43.377773,0 days 00:00:07.312119,0.18072050085747163,32,0.1,88,100,1.6624836358323464e-05,728,9.649522425977472e-05,3,3,adam,"{'neurons_per_layer_encoder': [88, 176, 352], 'neurons_per_layer_decoder': [352, 176, 88]}",88,"[352, 176, 88]","[88, 176, 352]",[0.40195789881067934],[0.48646792630341906],[0.38568429782539093],0.4766843163701957,COMPLETE
630,0.7182555876359756,0.796570758084432,0.1470834382928874,2024-12-23 22:02:39.287821,2024-12-23 22:02:47.607919,0 days 00:00:08.320098,0.08665056644364502,32,0.1,88,100,1.6517940215538646e-05,856,0.0001733234752815904,3,3,adam,"{'neurons_per_layer_encoder': [88, 176, 352], 'neurons_per_layer_decoder': [352, 176, 88]}",88,"[352, 176, 88]","[88, 176, 352]",[0.7182555876359756],[0.796570758084432],[0.1470834382928874],0.4228207301358456,COMPLETE
631,0.5644949650632647,0.5820153750513148,0.3314800776272302,2024-12-23 22:02:39.522349,2024-12-23 22:02:49.230167,0 days 00:00:09.707818,0.08547638994544687,32,0.1,216,100,3.746098473921073e-06,888,7.167364085114283e-05,3,3,adam,"{'neurons_per_layer_encoder': [216, 432, 864], 'neurons_per_layer_decoder': [864, 432, 216]}",216,"[864, 432, 216]","[216, 432, 864]",[0.5644949650632647],[0.5820153750513148],[0.3314800776272302],0.0797708535582757,COMPLETE
632,0.5475403624069234,0.6391299566185613,0.33487249935068353,2024-12-23 22:02:39.850080,2024-12-23 22:02:48.117635,0 days 00:00:08.267555,0.08578381385783741,32,0.1,88,100,1.3648156779361214e-06,856,0.00017984147843162367,3,3,adam,"{'neurons_per_layer_encoder': [88, 176, 352], 'neurons_per_layer_decoder': [352, 176, 88]}",88,"[352, 176, 88]","[88, 176, 352]",[0.5475403624069234],[0.6391299566185613],[0.33487249935068353],-0.2522775759260602,COMPLETE
633,0.6684248368065088,0.6810502375201659,0.4640837443163317,2024-12-23 22:02:40.163270,2024-12-23 22:02:47.649264,0 days 00:00:07.485994,0.0864980744754416,32,0.1,88,100,2.1809585079260017e-06,856,0.0005005098212299364,3,3,adam,"{'neurons_per_layer_encoder': [88, 176, 352], 'neurons_per_layer_decoder': [352, 176, 88]}",88,"[352, 176, 88]","[88, 176, 352]",[0.6684248368065088],[0.6810502375201659],[0.4640837443163317],-0.2580904615339938,COMPLETE
634,-0.11566536633148239,-0.11350010316409054,-0.7256776584121318,2024-12-23 22:02:43.387167,2024-12-23 22:02:47.917135,0 days 00:00:04.529968,0.01677695895754172,32,0.1,144,100,1.1707810511232908e-06,696,0.00017622423899015058,3,2,sgd,"{'neurons_per_layer_encoder': [144, 288], 'neurons_per_layer_decoder': [288, 144, 72]}",144,"[288, 144, 72]","[144, 288]",[-0.11566536633148239],[-0.11350010316409054],[-0.7256776584121318],0.010252307775157656,COMPLETE
635,-1.3869693878835725,-1.9253608103032311,-0.18461257732566216,2024-12-23 22:02:44.837065,2024-12-23 22:02:47.116187,0 days 00:00:02.279122,0.19916219117225725,32,0.1,60,100,0.00021912296689047847,240,7.28888433959756e-05,3,2,sgd,"{'neurons_per_layer_encoder': [60, 120], 'neurons_per_layer_decoder': [120, 60, 30]}",60,"[120, 60, 30]","[60, 120]",[-1.3869693878835725],[-1.9253608103032311],[-0.18461257732566216],0.4150031073002947,COMPLETE
636,0.6846066146323285,0.6364216970226845,0.3743328792330033,2024-12-23 22:02:47.123118,2024-12-23 22:02:59.629849,0 days 00:00:12.506731,0.039174844555064696,32,0.1,72,100,2.557592546708917e-06,1176,0.00048785049098129936,3,5,adam,"{'neurons_per_layer_encoder': [72, 144, 288, 576, 1152], 'neurons_per_layer_decoder': [1152, 576, 288]}",72,"[1152, 576, 288]","[72, 144, 288, 576, 1152]",[0.6846066146323285],[0.6364216970226845],[0.3743328792330033],0.11846776844794009,COMPLETE
637,0.5756664457077014,0.440976137133123,0.2862502706304162,2024-12-23 22:02:47.619369,2024-12-23 22:02:57.453632,0 days 00:00:09.834263,0.18152044226834035,32,0.1,64,100,1.2809604639620127e-06,984,7.499781248421568e-05,3,4,adam,"{'neurons_per_layer_encoder': [64, 128, 256, 512], 'neurons_per_layer_decoder': [512, 256, 128]}",64,"[512, 256, 128]","[64, 128, 256, 512]",[0.5756664457077014],[0.440976137133123],[0.2862502706304162],-0.04239423737923468,COMPLETE
638,0.6611223680247774,0.7544392951386768,0.3199740657749943,2024-12-23 22:02:47.657445,2024-12-23 22:02:57.609706,0 days 00:00:09.952261,0.17832524255829615,32,0.1,60,100,1.5761193125850044e-06,1032,6.374746092460938e-05,3,4,adam,"{'neurons_per_layer_encoder': [60, 120, 240, 480], 'neurons_per_layer_decoder': [480, 240, 120]}",60,"[480, 240, 120]","[60, 120, 240, 480]",[0.6611223680247774],[0.7544392951386768],[0.3199740657749943],0.20164532742646962,COMPLETE
639,0.6245710763208714,0.659674527736021,0.42215949830884214,2024-12-23 22:02:47.929810,2024-12-23 22:02:57.548908,0 days 00:00:09.619098,0.17596514595959972,32,0.1,64,100,1.6230005846347986e-06,1016,6.347399960858263e-05,3,4,adam,"{'neurons_per_layer_encoder': [64, 128, 256, 512], 'neurons_per_layer_decoder': [512, 256, 128]}",64,"[512, 256, 128]","[64, 128, 256, 512]",[0.6245710763208714],[0.659674527736021],[0.42215949830884214],0.2196472248819452,COMPLETE
