number,values_0,values_1,values_2,datetime_start,datetime_complete,duration,params_alpha,params_batch_size,params_drop_out_rate,params_encoder_neurons_layer_1,params_epochs,params_lambda,params_latent_dim,params_learning_rate,params_num_layers_decoder,params_num_layers_encoder,params_optimizer,user_attrs_encoder_decoder_config,user_attrs_first_layer_neurons,user_attrs_neurons_per_layer_decoder,user_attrs_neurons_per_layer_encoder,user_attrs_r2_feature_1,user_attrs_r2_feature_2,user_attrs_r2_feature_3,user_attrs_relative_deterioration,state
822,0.6290246177873559,0.5359736698566698,0.3639604009787595,2024-12-23 22:26:59.181588,2024-12-23 22:28:48.886398,0 days 00:01:49.704810,0.19079570509640778,32,0.2,172,100,1.3335843265249267e-05,1416,0.000193055692711369,3,4,adam,"{'neurons_per_layer_encoder': [172, 344, 688, 1376], 'neurons_per_layer_decoder': [1376, 688, 344]}",172,"[1376, 688, 344]","[172, 344, 688, 1376]",[0.6290246177873559],[0.5359736698566698],[0.3639604009787595],0.7010908140171784,COMPLETE
823,0.71368553279788,0.5420740564838393,0.4095030591592169,2024-12-23 22:27:35.632624,2024-12-23 22:28:44.706714,0 days 00:01:09.074090,0.07540366581330521,32,0.1,76,100,3.366835943871883e-06,1112,0.00019919762224333094,3,4,adam,"{'neurons_per_layer_encoder': [76, 152, 304, 608], 'neurons_per_layer_decoder': [608, 304, 152]}",76,"[608, 304, 152]","[76, 152, 304, 608]",[0.71368553279788],[0.5420740564838393],[0.4095030591592169],0.07957765989490613,COMPLETE
824,0.597895923390906,0.7563741952541402,0.14174609160793272,2024-12-23 22:27:39.800964,2024-12-23 22:30:44.246137,0 days 00:03:04.445173,0.11834006322894318,32,0.1,76,100,3.2498592719305146e-06,1656,9.365204854802297e-05,3,4,adam,"{'neurons_per_layer_encoder': [76, 152, 304, 608], 'neurons_per_layer_decoder': [608, 304, 152]}",76,"[608, 304, 152]","[76, 152, 304, 608]",[0.597895923390906],[0.7563741952541402],[0.14174609160793272],0.05748420636518675,COMPLETE
825,-0.8465674548535722,-1.0295000812002115,-0.09090860257949385,2024-12-23 22:27:41.029006,2024-12-23 22:27:44.279732,0 days 00:00:03.250726,0.04063602991555334,96,0.2,28,100,3.2980244974021334e-06,62,1.0144221373302627e-05,2,1,adadelta,"{'neurons_per_layer_encoder': [28], 'neurons_per_layer_decoder': [28, 14]}",28,"[28, 14]",[28],[-0.8465674548535722],[-1.0295000812002115],[-0.09090860257949385],0.28316207472573557,COMPLETE
826,0.547424881446218,0.5959014764760193,0.41005567144485855,2024-12-23 22:27:41.705771,2024-12-23 22:30:44.292297,0 days 00:03:02.586526,0.0742446587975479,32,0.1,72,100,1.182705727934808e-05,696,9.52725654099193e-05,3,4,adam,"{'neurons_per_layer_encoder': [72, 144, 288, 576], 'neurons_per_layer_decoder': [576, 288, 144]}",72,"[576, 288, 144]","[72, 144, 288, 576]",[0.547424881446218],[0.5959014764760193],[0.41005567144485855],0.5024345321062693,COMPLETE
827,0.6330137099728412,0.642379434267754,0.3377536431008652,2024-12-23 22:27:44.287647,2024-12-23 22:30:53.051106,0 days 00:03:08.763459,0.06228165246716582,32,0.1,172,100,1.1910743446829955e-05,1416,8.871699956012253e-05,3,4,adam,"{'neurons_per_layer_encoder': [172, 344, 688, 1376], 'neurons_per_layer_decoder': [1376, 688, 344]}",172,"[1376, 688, 344]","[172, 344, 688, 1376]",[0.6330137099728412],[0.642379434267754],[0.3377536431008652],0.6792898389976407,COMPLETE
828,0.5311169785653194,0.6256123809471346,0.35763939425148505,2024-12-23 22:27:45.755460,2024-12-23 22:30:49.383251,0 days 00:03:03.627791,0.07203081459764131,32,0.1,72,100,1.1917161539752152e-05,664,9.6028568327069e-05,3,4,adam,"{'neurons_per_layer_encoder': [72, 144, 288, 576], 'neurons_per_layer_decoder': [576, 288, 144]}",72,"[576, 288, 144]","[72, 144, 288, 576]",[0.5311169785653194],[0.6256123809471346],[0.35763939425148505],0.4557029986323092,COMPLETE
829,0.5822373105757997,0.6299403385226905,0.4804508435626206,2024-12-23 22:28:44.716604,2024-12-23 22:31:02.671452,0 days 00:02:17.954848,0.07554845003558706,32,0.1,172,100,9.570326192597406e-06,1416,9.22629350410405e-05,3,4,adam,"{'neurons_per_layer_encoder': [172, 344, 688, 1376], 'neurons_per_layer_decoder': [1376, 688, 344]}",172,"[1376, 688, 344]","[172, 344, 688, 1376]",[0.5822373105757997],[0.6299403385226905],[0.4804508435626206],0.6574089835581224,COMPLETE
830,0.6650007065455542,0.6247391658045922,0.23208306122665467,2024-12-23 22:28:48.895786,2024-12-23 22:30:54.085662,0 days 00:02:05.189876,0.07090833944037087,40,0.1,76,100,1.0080863113756937e-05,680,0.0024460402321809195,3,4,adam,"{'neurons_per_layer_encoder': [76, 152, 304, 608], 'neurons_per_layer_decoder': [608, 304, 152]}",76,"[608, 304, 152]","[76, 152, 304, 608]",[0.6650007065455542],[0.6247391658045922],[0.23208306122665467],0.12736442667258924,COMPLETE
831,0.3721056563201326,0.1448652048247141,0.3202525992909028,2024-12-23 22:30:44.262099,2024-12-23 22:31:03.113979,0 days 00:00:18.851880,0.07255084360098836,40,0.1,72,100,1.035614190925457e-05,664,9.09948763067349e-05,3,4,adam,"{'neurons_per_layer_encoder': [72, 144, 288, 576], 'neurons_per_layer_decoder': [576, 288, 144]}",72,"[576, 288, 144]","[72, 144, 288, 576]",[0.3721056563201326],[0.1448652048247141],[0.3202525992909028],0.19533959182869334,COMPLETE
832,0.34489037625688,0.3454845095071485,0.3155916247354019,2024-12-23 22:30:44.300721,2024-12-23 22:31:02.776039,0 days 00:00:18.475318,0.06637068653329299,40,0.1,72,100,1.0054709044476023e-05,664,9.107307497132555e-05,3,4,adam,"{'neurons_per_layer_encoder': [72, 144, 288, 576], 'neurons_per_layer_decoder': [576, 288, 144]}",72,"[576, 288, 144]","[72, 144, 288, 576]",[0.34489037625688],[0.3454845095071485],[0.3155916247354019],0.22936574031591567,COMPLETE
833,0.6232180606608916,0.44144851121008566,0.2866813371687764,2024-12-23 22:30:49.393975,2024-12-23 22:31:06.088135,0 days 00:00:16.694160,0.0652804798680478,40,0.1,64,100,9.922296128000192e-06,712,0.0001301689002173833,3,4,adam,"{'neurons_per_layer_encoder': [64, 128, 256, 512], 'neurons_per_layer_decoder': [512, 256, 128]}",64,"[512, 256, 128]","[64, 128, 256, 512]",[0.6232180606608916],[0.44144851121008566],[0.2866813371687764],0.25808699997695095,COMPLETE
834,0.4727306789745843,0.2103915223009255,0.37255822372656167,2024-12-23 22:30:53.060964,2024-12-23 22:31:09.123040,0 days 00:00:16.062076,0.06735311874765615,40,0.1,64,100,1.0111385781982775e-05,712,6.42751145844276e-05,3,4,adam,"{'neurons_per_layer_encoder': [64, 128, 256, 512], 'neurons_per_layer_decoder': [512, 256, 128]}",64,"[512, 256, 128]","[64, 128, 256, 512]",[0.4727306789745843],[0.2103915223009255],[0.37255822372656167],0.28267824513933976,COMPLETE
835,0.4227621525758879,0.36695369019919544,0.34019878445982465,2024-12-23 22:30:54.104715,2024-12-23 22:31:09.846675,0 days 00:00:15.741960,0.07679213557741091,40,0.1,64,100,9.811099352590675e-06,712,6.408743904614034e-05,3,4,adam,"{'neurons_per_layer_encoder': [64, 128, 256, 512], 'neurons_per_layer_decoder': [512, 256, 128]}",64,"[512, 256, 128]","[64, 128, 256, 512]",[0.4227621525758879],[0.36695369019919544],[0.34019878445982465],0.30103877397425,COMPLETE
836,0.6308601056010058,0.6853789220269597,0.42897256497432357,2024-12-23 22:31:02.679596,2024-12-23 22:31:12.137164,0 days 00:00:09.457568,0.07758647268695772,32,0.1,64,100,1.570619091754623e-05,712,0.00013080586882196663,3,4,adam,"{'neurons_per_layer_encoder': [64, 128, 256, 512], 'neurons_per_layer_decoder': [512, 256, 128]}",64,"[512, 256, 128]","[64, 128, 256, 512]",[0.6308601056010058],[0.6853789220269597],[0.42897256497432357],0.5719635875992701,COMPLETE
837,0.5297575227568874,0.7096568794125877,0.31106634771487385,2024-12-23 22:31:02.783731,2024-12-23 22:31:11.908068,0 days 00:00:09.124337,0.07604616243594547,32,0.1,64,100,1.53416437254596e-05,712,0.000126319461768064,3,4,adam,"{'neurons_per_layer_encoder': [64, 128, 256, 512], 'neurons_per_layer_decoder': [512, 256, 128]}",64,"[512, 256, 128]","[64, 128, 256, 512]",[0.5297575227568874],[0.7096568794125877],[0.31106634771487385],0.5192317387337246,COMPLETE
838,-0.6853744306970513,-0.4814318155189492,-0.1819669079479047,2024-12-23 22:31:03.122766,2024-12-23 22:31:06.489455,0 days 00:00:03.366689,0.08399627518357139,32,0.1,64,100,1.5434649502217476e-05,280,6.323525226879654e-05,3,2,adam,"{'neurons_per_layer_encoder': [64, 128], 'neurons_per_layer_decoder': [128, 64, 32]}",64,"[128, 64, 32]","[64, 128]",[-0.6853744306970513],[-0.4814318155189492],[-0.1819669079479047],-0.21422705387036886,COMPLETE
839,0.5228417812009873,0.638087522876024,0.41139986495672043,2024-12-23 22:31:06.096735,2024-12-23 22:31:14.594932,0 days 00:00:08.498197,0.07647138071567326,32,0.1,60,100,1.608123512005674e-05,712,6.140518966782749e-05,3,4,adam,"{'neurons_per_layer_encoder': [60, 120, 240, 480], 'neurons_per_layer_decoder': [480, 240, 120]}",60,"[480, 240, 120]","[60, 120, 240, 480]",[0.5228417812009873],[0.638087522876024],[0.41139986495672043],0.5757721922851577,COMPLETE
840,0.6206774387914413,0.6673266937853264,0.359418083428071,2024-12-23 22:31:06.498573,2024-12-23 22:31:16.746066,0 days 00:00:10.247493,0.08331019370778482,32,0.1,84,100,1.5385758314176703e-05,712,0.00013043238771150433,3,4,adam,"{'neurons_per_layer_encoder': [84, 168, 336, 672], 'neurons_per_layer_decoder': [672, 336, 168]}",84,"[672, 336, 168]","[84, 168, 336, 672]",[0.6206774387914413],[0.6673266937853264],[0.359418083428071],0.5799885304197783,COMPLETE
841,0.6480112700936846,0.5953850963377603,0.22295742847554256,2024-12-23 22:31:09.132466,2024-12-23 22:31:21.242164,0 days 00:00:12.109698,0.07641085523194979,32,0.1,84,100,1.3038644711897166e-05,1912,0.000129308284529107,3,4,adam,"{'neurons_per_layer_encoder': [84, 168, 336, 672], 'neurons_per_layer_decoder': [672, 336, 168]}",84,"[672, 336, 168]","[84, 168, 336, 672]",[0.6480112700936846],[0.5953850963377603],[0.22295742847554256],0.501951903459419,COMPLETE
842,-0.4872731530934502,-1.4644711279449223,-0.23179442274473838,2024-12-23 22:31:09.856097,2024-12-23 22:31:12.686810,0 days 00:00:02.830713,0.07782708571284486,32,0.1,84,100,1.5223091206063343e-05,744,0.00012827996658614212,3,4,sgd,"{'neurons_per_layer_encoder': [84, 168, 336, 672], 'neurons_per_layer_decoder': [672, 336, 168]}",84,"[672, 336, 168]","[84, 168, 336, 672]",[-0.4872731530934502],[-1.4644711279449223],[-0.23179442274473838],0.26436377170926656,COMPLETE
843,-0.0832471938504844,-3.3233577312146387,-0.26169678021645915,2024-12-23 22:31:11.916738,2024-12-23 22:31:15.015731,0 days 00:00:03.098993,0.08586719683238757,32,0.1,76,100,1.1995129490741166e-06,1112,0.00015809459100062895,3,4,sgd,"{'neurons_per_layer_encoder': [76, 152, 304, 608], 'neurons_per_layer_decoder': [608, 304, 152]}",76,"[608, 304, 152]","[76, 152, 304, 608]",[-0.0832471938504844],[-3.3233577312146387],[-0.26169678021645915],-0.08874412794521243,COMPLETE
844,-0.4368525292215901,-1.3098909074928882,-0.11010501530604633,2024-12-23 22:31:12.147110,2024-12-23 22:31:15.409682,0 days 00:00:03.262572,0.08270718313618215,32,0.30000000000000004,76,100,1.2984384068623763e-05,1112,0.00016430669717129934,3,4,sgd,"{'neurons_per_layer_encoder': [76, 152, 304, 608], 'neurons_per_layer_decoder': [608, 304, 152]}",76,"[608, 304, 152]","[76, 152, 304, 608]",[-0.4368525292215901],[-1.3098909074928882],[-0.11010501530604633],0.32326375895758874,COMPLETE
845,-0.5123068879281276,-0.6589922872574372,-0.029315660456243897,2024-12-23 22:31:12.694650,2024-12-23 22:31:20.342411,0 days 00:00:07.647761,0.08634482049281042,32,0.30000000000000004,76,100,1.3113785915999898e-05,1112,7.391658941670669e-05,3,4,adadelta,"{'neurons_per_layer_encoder': [76, 152, 304, 608], 'neurons_per_layer_decoder': [608, 304, 152]}",76,"[608, 304, 152]","[76, 152, 304, 608]",[-0.5123068879281276],[-0.6589922872574372],[-0.029315660456243897],0.42407357072018514,COMPLETE
846,-0.7744615351883533,0.002308866585115088,-0.14128700987636722,2024-12-23 22:31:14.604477,2024-12-23 22:31:22.918091,0 days 00:00:08.313614,0.08469586576534958,32,0.30000000000000004,76,100,1.1750742086796282e-05,1128,0.00010332362321509661,3,4,adadelta,"{'neurons_per_layer_encoder': [76, 152, 304, 608], 'neurons_per_layer_decoder': [608, 304, 152]}",76,"[608, 304, 152]","[76, 152, 304, 608]",[-0.7744615351883533],[0.002308866585115088],[-0.14128700987636722],0.3818046284467524,COMPLETE
847,-0.057510911376517315,-1.0264446138966195,-0.0362954484429141,2024-12-23 22:31:15.024384,2024-12-23 22:31:22.087214,0 days 00:00:07.062830,0.06991270112698887,32,0.30000000000000004,80,100,4.392430796455688e-05,680,0.00010299607371252851,3,4,adadelta,"{'neurons_per_layer_encoder': [80, 160, 320, 640], 'neurons_per_layer_decoder': [640, 320, 160]}",80,"[640, 320, 160]","[80, 160, 320, 640]",[-0.057510911376517315],[-1.0264446138966195],[-0.0362954484429141],0.6679759001864664,COMPLETE
848,-1.6225476120707385,-0.15669941271053123,-0.08335126258384995,2024-12-23 22:31:15.417996,2024-12-23 22:31:20.673912,0 days 00:00:05.255916,0.07114702403717334,32,0.1,80,100,1.2814556002725548e-05,1080,7.284417363176669e-05,3,4,adadelta,"{'neurons_per_layer_encoder': [80, 160, 320, 640], 'neurons_per_layer_decoder': [640, 320, 160]}",80,"[640, 320, 160]","[80, 160, 320, 640]",[-1.6225476120707385],[-0.15669941271053123],[-0.08335126258384995],0.32879410272971316,COMPLETE
849,-0.06129534754192356,-1.0557942595801957,-0.2269543558489806,2024-12-23 22:31:16.756007,2024-12-23 22:31:20.532778,0 days 00:00:03.776771,0.07422538010430406,32,0.4,80,100,1.1582644546686704e-05,216,0.0001065141748752198,3,1,adadelta,"{'neurons_per_layer_encoder': [80], 'neurons_per_layer_decoder': [80, 40, 20]}",80,"[80, 40, 20]",[80],[-0.06129534754192356],[-1.0557942595801957],[-0.2269543558489806],0.2570731655769449,COMPLETE
850,-1.3341214453358181,-1.643511417989914,-0.039528621815230425,2024-12-23 22:31:20.352732,2024-12-23 22:31:24.988662,0 days 00:00:04.635930,0.05655096912397094,32,0.1,72,100,4.331228697810812e-05,648,1.5050360583585404e-05,3,4,adam,"{'neurons_per_layer_encoder': [72, 144, 288, 576], 'neurons_per_layer_decoder': [576, 288, 144]}",72,"[576, 288, 144]","[72, 144, 288, 576]",[-1.3341214453358181],[-1.643511417989914],[-0.039528621815230425],0.4980796239868301,COMPLETE
851,0.6208114488017693,0.6181008910724074,0.15228716224641947,2024-12-23 22:31:20.541728,2024-12-23 22:31:31.585612,0 days 00:00:11.043884,0.036036530027552575,32,0.1,72,100,7.265039563378058e-06,648,8.235683995070931e-05,3,4,adam,"{'neurons_per_layer_encoder': [72, 144, 288, 576], 'neurons_per_layer_decoder': [576, 288, 144]}",72,"[576, 288, 144]","[72, 144, 288, 576]",[0.6208114488017693],[0.6181008910724074],[0.15228716224641947],0.327726711934364,COMPLETE
852,0.48357268120634533,0.5288586832423459,0.16597770122390532,2024-12-23 22:31:20.686343,2024-12-23 22:31:34.707738,0 days 00:00:14.021395,0.056639743244385005,32,0.1,124,100,7.415606947449698e-06,2600,1.5993481165331812e-05,3,4,adam,"{'neurons_per_layer_encoder': [124, 248, 496, 992], 'neurons_per_layer_decoder': [992, 496, 248]}",124,"[992, 496, 248]","[124, 248, 496, 992]",[0.48357268120634533],[0.5288586832423459],[0.16597770122390532],0.45765605552859595,COMPLETE
853,0.6135673298764199,0.6859736652094655,0.25009676324555696,2024-12-23 22:31:21.251663,2024-12-23 22:31:32.228476,0 days 00:00:10.976813,0.07024435320748827,32,0.1,68,100,4.38477135347411e-05,680,8.425447533093214e-05,3,4,adam,"{'neurons_per_layer_encoder': [68, 136, 272, 544], 'neurons_per_layer_decoder': [544, 272, 136]}",68,"[544, 272, 136]","[68, 136, 272, 544]",[0.6135673298764199],[0.6859736652094655],[0.25009676324555696],0.7610617636981669,COMPLETE
854,0.545808554991434,0.16634139819231242,0.43920213513742157,2024-12-23 22:31:22.095019,2024-12-23 22:31:41.325901,0 days 00:00:19.230882,0.19907529811421154,32,0.1,212,100,7.622011941018587e-06,1720,1.5590830552916435e-05,3,4,adam,"{'neurons_per_layer_encoder': [212, 424, 848, 1696], 'neurons_per_layer_decoder': [1696, 848, 424]}",212,"[1696, 848, 424]","[212, 424, 848, 1696]",[0.545808554991434],[0.16634139819231242],[0.43920213513742157],0.6128819920883156,COMPLETE
855,0.5835661841125848,0.6876468337006767,0.031826494056567234,2024-12-23 22:31:22.927494,2024-12-23 22:31:35.336280,0 days 00:00:12.408786,0.05752737826134254,32,0.1,72,100,7.708550475136126e-06,632,8.393364927186766e-05,3,4,adam,"{'neurons_per_layer_encoder': [72, 144, 288, 576], 'neurons_per_layer_decoder': [576, 288, 144]}",72,"[576, 288, 144]","[72, 144, 288, 576]",[0.5835661841125848],[0.6876468337006767],[0.031826494056567234],0.2494550506077725,COMPLETE
856,0.5728914746696543,0.5997386860600931,0.4746984796886964,2024-12-23 22:31:24.997349,2024-12-23 22:31:38.114589,0 days 00:00:13.117240,0.06915943028165802,32,0.1,72,100,1.8930252530065642e-05,680,8.179171924101722e-05,3,4,adam,"{'neurons_per_layer_encoder': [72, 144, 288, 576], 'neurons_per_layer_decoder': [576, 288, 144]}",72,"[576, 288, 144]","[72, 144, 288, 576]",[0.5728914746696543],[0.5997386860600931],[0.4746984796886964],0.6274984377348245,COMPLETE
857,0.6485408393979673,0.3537173811513079,0.46563950505547125,2024-12-23 22:31:31.595986,2024-12-23 22:31:44.013856,0 days 00:00:12.417870,0.05958029938854742,32,0.1,68,100,0.0003344196713436858,1064,8.495210606934158e-05,3,4,adam,"{'neurons_per_layer_encoder': [68, 136, 272, 544], 'neurons_per_layer_decoder': [544, 272, 136]}",68,"[544, 272, 136]","[68, 136, 272, 544]",[0.6485408393979673],[0.3537173811513079],[0.46563950505547125],0.9611311990050773,COMPLETE
858,-0.2748260448176052,-1.1176045430968342,-0.1270697120152946,2024-12-23 22:31:32.240336,2024-12-23 22:31:36.474970,0 days 00:00:04.234634,0.19057957287309635,104,0.1,60,100,1.9560409144655784e-06,320,0.00010097776762429161,3,2,adam,"{'neurons_per_layer_encoder': [60, 120], 'neurons_per_layer_decoder': [120, 60, 30]}",60,"[120, 60, 30]","[60, 120]",[-0.2748260448176052],[-1.1176045430968342],[-0.1270697120152946],-0.16569868317672407,COMPLETE
859,0.6383333076146592,0.49892507185306967,0.19405415810702364,2024-12-23 22:31:34.715689,2024-12-23 22:31:50.480127,0 days 00:00:15.764438,0.013273419302465327,40,0.1,60,100,2.066359524970176e-06,2440,0.0028827825668234887,3,5,adam,"{'neurons_per_layer_encoder': [60, 120, 240, 480, 960], 'neurons_per_layer_decoder': [960, 480, 240]}",60,"[960, 480, 240]","[60, 120, 240, 480, 960]",[0.6383333076146592],[0.49892507185306967],[0.19405415810702364],-0.43169792905024285,COMPLETE
860,0.4522534750937093,0.6571643687913717,0.3324640698343456,2024-12-23 22:31:35.345062,2024-12-23 22:31:52.023514,0 days 00:00:16.678452,0.18977165830312212,40,0.1,60,100,2.084960689997187e-06,2456,0.00010816987017079696,3,5,adam,"{'neurons_per_layer_encoder': [60, 120, 240, 480, 960], 'neurons_per_layer_decoder': [960, 480, 240]}",60,"[960, 480, 240]","[60, 120, 240, 480, 960]",[0.4522534750937093],[0.6571643687913717],[0.3324640698343456],-0.020065457292047863,COMPLETE
861,0.6905513746018499,0.7214235622152221,0.38286993279639137,2024-12-23 22:31:36.484015,2024-12-23 22:32:03.592593,0 days 00:00:27.108578,0.1996138030468588,32,0.1,96,100,1.5015585974488053e-06,1560,0.0001134834435762371,3,5,adam,"{'neurons_per_layer_encoder': [96, 192, 384, 768, 1536], 'neurons_per_layer_decoder': [1536, 768, 384]}",96,"[1536, 768, 384]","[96, 192, 384, 768, 1536]",[0.6905513746018499],[0.7214235622152221],[0.38286993279639137],0.19781623453148328,COMPLETE
862,0.42838025798649837,0.2996096159700763,0.24052262995681417,2024-12-23 22:31:38.125104,2024-12-23 22:32:40.237033,0 days 00:01:02.111929,0.07959073525196185,40,0.1,212,100,9.402742827346162e-05,3432,0.00011124007858998575,3,5,adam,"{'neurons_per_layer_encoder': [212, 424, 848, 1696, 3392], 'neurons_per_layer_decoder': [3392, 1696, 848]}",212,"[3392, 1696, 848]","[212, 424, 848, 1696, 3392]",[0.42838025798649837],[0.2996096159700763],[0.24052262995681417],0.9665785807944572,COMPLETE
863,0.4960318249737249,0.4399554901609346,0.30768391142686713,2024-12-23 22:31:41.336293,2024-12-23 22:32:50.534257,0 days 00:01:09.197964,0.1992627785979201,40,0.1,244,100,2.2844450572978045e-06,3944,0.0005401163922132873,3,5,adam,"{'neurons_per_layer_encoder': [244, 488, 976, 1952, 3904], 'neurons_per_layer_decoder': [3904, 1952, 976]}",244,"[3904, 1952, 976]","[244, 488, 976, 1952, 3904]",[0.4960318249737249],[0.4399554901609346],[0.30768391142686713],0.30100651024341385,COMPLETE
864,0.4281165459479892,0.37003641485715044,0.29470265284097563,2024-12-23 22:31:44.027279,2024-12-23 22:32:39.497929,0 days 00:00:55.470650,0.013752608686413969,40,0.1,184,100,2.262020811172658e-06,2984,0.00011188413581122165,3,5,adam,"{'neurons_per_layer_encoder': [184, 368, 736, 1472, 2944], 'neurons_per_layer_decoder': [2944, 1472, 736]}",184,"[2944, 1472, 736]","[184, 368, 736, 1472, 2944]",[0.4281165459479892],[0.37003641485715044],[0.29470265284097563],0.19787707917173858,COMPLETE
865,0.31460069017374537,0.3016729663107022,0.1741802909332365,2024-12-23 22:31:50.499096,2024-12-23 22:32:16.111385,0 days 00:00:25.612289,0.1880238906322145,40,0.4,96,100,1.7189505195624398e-06,808,0.00011084644286574659,3,4,adam,"{'neurons_per_layer_encoder': [96, 192, 384, 768], 'neurons_per_layer_decoder': [768, 384, 192]}",96,"[768, 384, 192]","[96, 192, 384, 768]",[0.31460069017374537],[0.3016729663107022],[0.1741802909332365],0.3278546855104997,COMPLETE
866,0.3144260925726863,0.4791588712244811,0.32715695062195227,2024-12-23 22:31:52.034950,2024-12-23 22:32:19.779963,0 days 00:00:27.745013,0.1662762435126097,32,0.4,92,100,1.7479628308157775e-06,776,0.0001117933912708916,3,4,adam,"{'neurons_per_layer_encoder': [92, 184, 368, 736], 'neurons_per_layer_decoder': [736, 368, 184]}",92,"[736, 368, 184]","[92, 184, 368, 736]",[0.3144260925726863],[0.4791588712244811],[0.32715695062195227],0.4735081134972957,COMPLETE
