number,values_0,values_1,values_2,datetime_start,datetime_complete,duration,params_alpha,params_batch_size,params_drop_out_rate,params_encoder_neurons_layer_1,params_epochs,params_lambda,params_latent_dim,params_learning_rate,params_num_layers_decoder,params_num_layers_encoder,params_optimizer,user_attrs_encoder_decoder_config,user_attrs_first_layer_neurons,user_attrs_neurons_per_layer_decoder,user_attrs_neurons_per_layer_encoder,user_attrs_r2_feature_1,user_attrs_r2_feature_2,user_attrs_r2_feature_3,user_attrs_relative_deterioration,state
280,0.2513813939607342,0.1977804610980377,0.274897174301141,2024-12-23 19:11:26.444133,2024-12-23 19:11:32.851378,0 days 00:00:06.407245,0.1241944315956605,80,0.30000000000000004,80,100,1.769916050325108e-05,680,0.00014585960086741897,2,4,adam,"{'neurons_per_layer_encoder': [80, 160, 320, 640], 'neurons_per_layer_decoder': [640, 320]}",80,"[640, 320]","[80, 160, 320, 640]",[0.2513813939607342],[0.1977804610980377],[0.274897174301141],0.4986744587884892,COMPLETE
281,0.19852655618624226,-0.058109248434254246,0.041119850899695165,2024-12-23 19:11:27.445069,2024-12-23 19:11:34.022266,0 days 00:00:06.577197,0.09315096540412009,80,0.30000000000000004,80,100,1.8354366676371355e-05,680,0.0001484010463760884,2,4,adam,"{'neurons_per_layer_encoder': [80, 160, 320, 640], 'neurons_per_layer_decoder': [640, 320]}",80,"[640, 320]","[80, 160, 320, 640]",[0.19852655618624226],[-0.058109248434254246],[0.041119850899695165],0.38226980395668075,COMPLETE
282,0.14179140237631593,0.10483154834539032,0.10053125373349348,2024-12-23 19:11:27.474958,2024-12-23 19:11:35.410637,0 days 00:00:07.935679,0.10556952560731159,80,0.30000000000000004,80,100,1.7413700171144236e-05,664,0.00014997576431278277,4,4,adam,"{'neurons_per_layer_encoder': [80, 160, 320, 640], 'neurons_per_layer_decoder': [640, 320, 160, 80]}",80,"[640, 320, 160, 80]","[80, 160, 320, 640]",[0.14179140237631593],[0.10483154834539032],[0.10053125373349348],0.5132527247265187,COMPLETE
283,0.11433464000049287,0.10688287888428394,0.07351677162637005,2024-12-23 19:11:28.084237,2024-12-23 19:11:36.133504,0 days 00:00:08.049267,0.14505549161881034,80,0.30000000000000004,76,100,2.5637919452366327e-05,728,0.00011241718074675841,4,4,adam,"{'neurons_per_layer_encoder': [76, 152, 304, 608], 'neurons_per_layer_decoder': [608, 304, 152, 76]}",76,"[608, 304, 152, 76]","[76, 152, 304, 608]",[0.11433464000049287],[0.10688287888428394],[0.07351677162637005],0.5970341460027573,COMPLETE
284,0.19027068171705142,0.35962713609675967,-0.12923534624421706,2024-12-23 19:11:28.803635,2024-12-23 19:11:37.801576,0 days 00:00:08.997941,0.14307943217488694,56,0.1,80,100,1.773662230533199e-05,744,0.00011324622019220562,4,4,adam,"{'neurons_per_layer_encoder': [80, 160, 320, 640], 'neurons_per_layer_decoder': [640, 320, 160, 80]}",80,"[640, 320, 160, 80]","[80, 160, 320, 640]",[0.19027068171705142],[0.35962713609675967],[-0.12923534624421706],0.4688931596655946,COMPLETE
285,0.217455041475757,0.21625566693227616,0.21082326607987312,2024-12-23 19:11:29.021960,2024-12-23 19:11:38.276734,0 days 00:00:09.254774,0.08018945709867498,56,0.1,80,100,1.762643439756702e-05,728,0.0001172827272288923,4,4,adam,"{'neurons_per_layer_encoder': [80, 160, 320, 640], 'neurons_per_layer_decoder': [640, 320, 160, 80]}",80,"[640, 320, 160, 80]","[80, 160, 320, 640]",[0.217455041475757],[0.21625566693227616],[0.21082326607987312],0.48522111755188024,COMPLETE
286,0.33579458462793943,0.05822049777218996,0.10921346218673522,2024-12-23 19:11:32.861199,2024-12-23 19:11:42.181809,0 days 00:00:09.320610,0.14009388997637445,56,0.1,76,100,1.9145908654998063e-05,648,0.00011820277216227262,4,4,adam,"{'neurons_per_layer_encoder': [76, 152, 304, 608], 'neurons_per_layer_decoder': [608, 304, 152, 76]}",76,"[608, 304, 152, 76]","[76, 152, 304, 608]",[0.33579458462793943],[0.05822049777218996],[0.10921346218673522],0.49193357980474456,COMPLETE
287,0.2807017091694911,0.32587268378490897,0.06633243272802114,2024-12-23 19:11:34.030440,2024-12-23 19:11:42.874808,0 days 00:00:08.844368,0.1618249817717011,56,0.1,76,100,2.578106733301969e-05,648,0.0001155811236045789,4,4,adam,"{'neurons_per_layer_encoder': [76, 152, 304, 608], 'neurons_per_layer_decoder': [608, 304, 152, 76]}",76,"[608, 304, 152, 76]","[76, 152, 304, 608]",[0.2807017091694911],[0.32587268378490897],[0.06633243272802114],0.5849075564300602,COMPLETE
288,0.274962735498422,0.23101758161716823,0.5048142424888622,2024-12-23 19:11:35.418486,2024-12-23 19:11:44.109431,0 days 00:00:08.690945,0.1348911690782691,56,0.1,84,100,2.5390837213672662e-05,728,0.0001141607977570837,4,4,adam,"{'neurons_per_layer_encoder': [84, 168, 336, 672], 'neurons_per_layer_decoder': [672, 336, 168, 84]}",84,"[672, 336, 168, 84]","[84, 168, 336, 672]",[0.274962735498422],[0.23101758161716823],[0.5048142424888622],0.6911347047818189,COMPLETE
289,0.39654743435342066,0.2857644582194927,-0.006551885751182818,2024-12-23 19:11:36.141117,2024-12-23 19:11:44.938608,0 days 00:00:08.797491,0.06384015785207801,56,0.1,84,100,1.932241638894352e-05,744,0.0001255815952033981,4,4,adam,"{'neurons_per_layer_encoder': [84, 168, 336, 672], 'neurons_per_layer_decoder': [672, 336, 168, 84]}",84,"[672, 336, 168, 84]","[84, 168, 336, 672]",[0.39654743435342066],[0.2857644582194927],[-0.006551885751182818],0.5334876084323377,COMPLETE
290,0.176876815786831,-0.0024486405402373013,0.07627442253045558,2024-12-23 19:11:37.809268,2024-12-23 19:11:46.014226,0 days 00:00:08.204958,0.0657215020174662,64,0.1,84,100,1.151957714799877e-05,1048,9.943963324811818e-05,5,4,adam,"{'neurons_per_layer_encoder': [84, 168, 336, 672], 'neurons_per_layer_decoder': [672, 336, 168, 84, 42]}",84,"[672, 336, 168, 84, 42]","[84, 168, 336, 672]",[0.176876815786831],[-0.0024486405402373013],[0.07627442253045558],0.15161125955580337,COMPLETE
291,0.29472297352295096,0.2994522144594749,0.3005067142535196,2024-12-23 19:11:38.284350,2024-12-23 19:11:47.520039,0 days 00:00:09.235689,0.06847765043127753,48,0.1,84,100,1.946956757823656e-05,712,8.731770704436856e-05,5,4,adam,"{'neurons_per_layer_encoder': [84, 168, 336, 672], 'neurons_per_layer_decoder': [672, 336, 168, 84, 42]}",84,"[672, 336, 168, 84, 42]","[84, 168, 336, 672]",[0.29472297352295096],[0.2994522144594749],[0.3005067142535196],0.5726252751381105,COMPLETE
292,-0.42586610607148767,-0.8471942511336856,-0.2708010993751737,2024-12-23 19:11:42.190378,2024-12-23 19:11:47.138892,0 days 00:00:04.948514,0.014590677045175016,96,0.1,84,100,2.6461006366702663e-05,712,8.210654344005873e-05,5,4,adam,"{'neurons_per_layer_encoder': [84, 168, 336, 672], 'neurons_per_layer_decoder': [672, 336, 168, 84, 42]}",84,"[672, 336, 168, 84, 42]","[84, 168, 336, 672]",[-0.42586610607148767],[-0.8471942511336856],[-0.2708010993751737],0.44162044386521665,COMPLETE
293,-0.0341750254398423,0.1220690368852907,0.078110805968307,2024-12-23 19:11:42.885099,2024-12-23 19:11:50.944209,0 days 00:00:08.059110,0.08871414837922065,96,0.1,84,100,1.961195489899491e-05,712,9.76730074872185e-05,5,4,adam,"{'neurons_per_layer_encoder': [84, 168, 336, 672], 'neurons_per_layer_decoder': [672, 336, 168, 84, 42]}",84,"[672, 336, 168, 84, 42]","[84, 168, 336, 672]",[-0.0341750254398423],[0.1220690368852907],[0.078110805968307],0.3860033731109728,COMPLETE
294,0.6258628644037414,0.6321818016151227,0.32767557251790547,2024-12-23 19:11:44.117477,2024-12-23 19:11:54.134603,0 days 00:00:10.017126,0.06533273914486419,32,0.1,84,100,1.9876654549488823e-05,712,8.774411331610749e-05,5,4,adam,"{'neurons_per_layer_encoder': [84, 168, 336, 672], 'neurons_per_layer_decoder': [672, 336, 168, 84, 42]}",84,"[672, 336, 168, 84, 42]","[84, 168, 336, 672]",[0.6258628644037414],[0.6321818016151227],[0.32767557251790547],0.6854226442795972,COMPLETE
295,-0.8554677707059055,-0.5925677085905907,0.056505042388916515,2024-12-23 19:11:44.945466,2024-12-23 19:11:49.679821,0 days 00:00:04.734355,0.06651693677288452,32,0.1,60,100,1.5270473075926368e-05,520,8.755012158458027e-05,5,4,adam,"{'neurons_per_layer_encoder': [60, 120, 240, 480], 'neurons_per_layer_decoder': [480, 240, 120, 60, 30]}",60,"[480, 240, 120, 60, 30]","[60, 120, 240, 480]",[-0.8554677707059055],[-0.5925677085905907],[0.056505042388916515],0.13820852075883433,COMPLETE
296,0.6795882087238352,0.602957757354194,0.3408725816964473,2024-12-23 19:11:46.021188,2024-12-23 19:11:55.201161,0 days 00:00:09.179973,0.07463640849058628,32,0.1,72,100,1.591268745238714e-05,712,8.328623509665203e-05,3,4,adam,"{'neurons_per_layer_encoder': [72, 144, 288, 576], 'neurons_per_layer_decoder': [576, 288, 144]}",72,"[576, 288, 144]","[72, 144, 288, 576]",[0.6795882087238352],[0.602957757354194],[0.3408725816964473],0.578732128548988,COMPLETE
297,0.5853948669978579,0.4533739902221905,0.4630962589685963,2024-12-23 19:11:47.146075,2024-12-23 19:11:56.995374,0 days 00:00:09.849299,0.1336627253533648,32,0.1,72,100,1.5120495299356455e-05,696,8.55974602973149e-05,3,4,adam,"{'neurons_per_layer_encoder': [72, 144, 288, 576], 'neurons_per_layer_decoder': [576, 288, 144]}",72,"[576, 288, 144]","[72, 144, 288, 576]",[0.5853948669978579],[0.4533739902221905],[0.4630962589685963],0.57395139321512,COMPLETE
298,0.6761790971315746,0.41588317890178794,0.2468796074697659,2024-12-23 19:11:47.527682,2024-12-23 19:11:57.224659,0 days 00:00:09.696977,0.11734403273767949,32,0.1,72,100,1.5376091694856233e-05,728,9.986184132507377e-05,3,4,adam,"{'neurons_per_layer_encoder': [72, 144, 288, 576], 'neurons_per_layer_decoder': [576, 288, 144]}",72,"[576, 288, 144]","[72, 144, 288, 576]",[0.6761790971315746],[0.41588317890178794],[0.2468796074697659],0.5189268568174231,COMPLETE
299,0.6799434911279807,0.6054720706117158,0.42885575357461536,2024-12-23 19:11:49.687397,2024-12-23 19:12:00.722525,0 days 00:00:11.035128,0.07301553714366418,32,0.1,88,100,1.618592645541586e-05,1320,0.00010459749509902788,3,4,adam,"{'neurons_per_layer_encoder': [88, 176, 352, 704], 'neurons_per_layer_decoder': [704, 352, 176]}",88,"[704, 352, 176]","[88, 176, 352, 704]",[0.6799434911279807],[0.6054720706117158],[0.42885575357461536],0.6471677240590357,COMPLETE
300,0.713072869563881,0.728766847915052,0.4891502013954885,2024-12-23 19:11:50.954313,2024-12-23 19:12:01.410123,0 days 00:00:10.455810,0.13291375709372621,32,0.1,88,100,1.1884613447542125e-05,744,0.00010267222661559873,3,4,adam,"{'neurons_per_layer_encoder': [88, 176, 352, 704], 'neurons_per_layer_decoder': [704, 352, 176]}",88,"[704, 352, 176]","[88, 176, 352, 704]",[0.713072869563881],[0.728766847915052],[0.4891502013954885],0.6287418366357475,COMPLETE
301,0.6721313872229888,0.5351272117804426,0.3390545179753375,2024-12-23 19:11:54.143066,2024-12-23 19:12:03.998561,0 days 00:00:09.855495,0.13449132815368575,32,0.1,76,100,1.5909926025743563e-05,696,0.00010259262686185815,3,4,adam,"{'neurons_per_layer_encoder': [76, 152, 304, 608], 'neurons_per_layer_decoder': [608, 304, 152]}",76,"[608, 304, 152]","[76, 152, 304, 608]",[0.6721313872229888],[0.5351272117804426],[0.3390545179753375],0.5385466938755021,COMPLETE
302,0.6239790962337293,0.6708150423717784,0.30659283508028523,2024-12-23 19:11:55.209959,2024-12-23 19:12:04.789220,0 days 00:00:09.579261,0.04895366635390194,32,0.1,72,100,1.138207238649762e-05,696,0.0001036359781969911,3,4,adam,"{'neurons_per_layer_encoder': [72, 144, 288, 576], 'neurons_per_layer_decoder': [576, 288, 144]}",72,"[576, 288, 144]","[72, 144, 288, 576]",[0.6239790962337293],[0.6708150423717784],[0.30659283508028523],0.4406434575830239,COMPLETE
303,0.6835660073838618,0.633841333679737,0.5486189489770419,2024-12-23 19:11:57.004268,2024-12-23 19:12:05.940193,0 days 00:00:08.935925,0.07506220251116216,32,0.1,72,100,1.1674966606475807e-05,696,0.00010434004989147286,3,4,adam,"{'neurons_per_layer_encoder': [72, 144, 288, 576], 'neurons_per_layer_decoder': [576, 288, 144]}",72,"[576, 288, 144]","[72, 144, 288, 576]",[0.6835660073838618],[0.633841333679737],[0.5486189489770419],0.5817030906799235,COMPLETE
304,0.646402626504248,0.7223973964807406,0.4262137429020887,2024-12-23 19:11:57.233007,2024-12-23 19:12:06.268993,0 days 00:00:09.035986,0.07200614087041107,32,0.1,72,100,1.2235103695526e-05,696,0.00012855750818826006,3,4,adam,"{'neurons_per_layer_encoder': [72, 144, 288, 576], 'neurons_per_layer_decoder': [576, 288, 144]}",72,"[576, 288, 144]","[72, 144, 288, 576]",[0.646402626504248],[0.7223973964807406],[0.4262137429020887],0.5300973454330223,COMPLETE
305,0.5149901031845132,-0.07992927404734562,0.06790886188260603,2024-12-23 19:12:00.731432,2024-12-23 19:12:07.294037,0 days 00:00:06.562605,0.0802331773408713,32,0.1,60,100,1.1945352845905082e-05,552,2.7778371277849083e-05,3,3,adam,"{'neurons_per_layer_encoder': [60, 120, 240], 'neurons_per_layer_decoder': [240, 120, 60]}",60,"[240, 120, 60]","[60, 120, 240]",[0.5149901031845132],[-0.07992927404734562],[0.06790886188260603],0.38731596277723673,COMPLETE
306,-0.9234018243243405,-0.6074508483818055,-0.3750491114721617,2024-12-23 19:12:01.419135,2024-12-23 19:12:06.597097,0 days 00:00:05.177962,0.13618282768293202,32,0.1,76,100,8.37923994604464e-06,744,9.758160778007198e-05,3,4,adadelta,"{'neurons_per_layer_encoder': [76, 152, 304, 608], 'neurons_per_layer_decoder': [608, 304, 152]}",76,"[608, 304, 152]","[76, 152, 304, 608]",[-0.9234018243243405],[-0.6074508483818055],[-0.3750491114721617],0.2763039671997417,COMPLETE
307,0.20989776715220898,-0.705227476622073,0.13451278475460926,2024-12-23 19:12:04.006200,2024-12-23 19:12:13.888662,0 days 00:00:09.882462,0.12273296414855096,32,0.1,88,100,8.253337380466433e-06,744,9.262644761449461e-05,3,4,adadelta,"{'neurons_per_layer_encoder': [88, 176, 352, 704], 'neurons_per_layer_decoder': [704, 352, 176]}",88,"[704, 352, 176]","[88, 176, 352, 704]",[0.20989776715220898],[-0.705227476622073],[0.13451278475460926],0.4363193805957022,COMPLETE
308,-2.391567309907114,-0.4736654306282664,-0.4997920844223218,2024-12-23 19:12:04.797080,2024-12-23 19:12:09.597667,0 days 00:00:04.800587,0.13059116515857047,32,0.30000000000000004,88,100,7.697684498522097e-06,744,7.782011823438823e-05,3,4,adadelta,"{'neurons_per_layer_encoder': [88, 176, 352, 704], 'neurons_per_layer_decoder': [704, 352, 176]}",88,"[704, 352, 176]","[88, 176, 352, 704]",[-2.391567309907114],[-0.4736654306282664],[-0.4997920844223218],0.06747996017319487,COMPLETE
309,-0.26620392246386637,-1.1099334510435352,-0.23852944002145948,2024-12-23 19:12:05.947490,2024-12-23 19:12:11.966441,0 days 00:00:06.018951,0.0729885889949963,32,0.30000000000000004,64,100,8.156894669335659e-06,1048,7.075449432332572e-05,3,5,adadelta,"{'neurons_per_layer_encoder': [64, 128, 256, 512, 1024], 'neurons_per_layer_decoder': [1024, 512, 256]}",64,"[1024, 512, 256]","[64, 128, 256, 512, 1024]",[-0.26620392246386637],[-1.1099334510435352],[-0.23852944002145948],0.35604891258186405,COMPLETE
310,0.03194908448775968,-0.002211305565873678,-0.3988955411855306,2024-12-23 19:12:06.276239,2024-12-23 19:12:09.358498,0 days 00:00:03.082259,0.07274047570721226,40,0.1,60,100,8.574617065450296e-06,98,7.72250285120267e-05,3,1,adadelta,"{'neurons_per_layer_encoder': [60], 'neurons_per_layer_decoder': [60, 30, 15]}",60,"[60, 30, 15]",[60],[0.03194908448775968],[-0.002211305565873678],[-0.3988955411855306],0.08367266181691356,COMPLETE
311,-0.8157131974041052,-0.8732056842281315,-0.6491968704659834,2024-12-23 19:12:06.603887,2024-12-23 19:12:08.939013,0 days 00:00:02.335126,0.07161159446650958,40,0.1,60,100,7.385086360508737e-06,98,7.149466250374169e-05,3,1,adadelta,"{'neurons_per_layer_encoder': [60], 'neurons_per_layer_decoder': [60, 30, 15]}",60,"[60, 30, 15]",[60],[-0.8157131974041052],[-0.8732056842281315],[-0.6491968704659834],-0.14532761514482287,COMPLETE
312,-0.03537399529529717,-0.2486933921307033,-0.38145507336869766,2024-12-23 19:12:07.301530,2024-12-23 19:12:12.812969,0 days 00:00:05.511439,0.07607576989650074,40,0.1,60,100,9.502529231286785e-06,98,7.881809082350886e-05,3,1,adadelta,"{'neurons_per_layer_encoder': [60], 'neurons_per_layer_decoder': [60, 30, 15]}",60,"[60, 30, 15]",[60],[-0.03537399529529717],[-0.2486933921307033],[-0.38145507336869766],-0.11464212853508203,COMPLETE
313,-0.4217547421652752,-0.7509656076989513,-0.29006826240746353,2024-12-23 19:12:08.947403,2024-12-23 19:12:12.034762,0 days 00:00:03.087359,0.07627204789111452,40,0.1,64,100,8.086485572308048e-06,680,6.915458364453805e-05,3,4,sgd,"{'neurons_per_layer_encoder': [64, 128, 256, 512], 'neurons_per_layer_decoder': [512, 256, 128]}",64,"[512, 256, 128]","[64, 128, 256, 512]",[-0.4217547421652752],[-0.7509656076989513],[-0.29006826240746353],0.2268499671248744,COMPLETE
314,0.10734174470925362,-0.35494307861005026,-0.1691276179656538,2024-12-23 19:12:09.367007,2024-12-23 19:12:16.070772,0 days 00:00:06.703765,0.07796960799438866,32,0.1,64,100,9.822762086494811e-06,664,7.369117000807778e-05,3,4,sgd,"{'neurons_per_layer_encoder': [64, 128, 256, 512], 'neurons_per_layer_decoder': [512, 256, 128]}",64,"[512, 256, 128]","[64, 128, 256, 512]",[0.10734174470925362],[-0.35494307861005026],[-0.1691276179656538],0.3545869184037536,COMPLETE
315,-1.7735284809620477,-0.3056175794541671,-0.1119493470747186,2024-12-23 19:12:09.607793,2024-12-23 19:12:13.349280,0 days 00:00:03.741487,0.07624234937149976,32,0.1,64,100,9.617851791744705e-06,1048,3.961458329665181e-05,3,5,sgd,"{'neurons_per_layer_encoder': [64, 128, 256, 512, 1024], 'neurons_per_layer_decoder': [1024, 512, 256]}",64,"[1024, 512, 256]","[64, 128, 256, 512, 1024]",[-1.7735284809620477],[-0.3056175794541671],[-0.1119493470747186],0.3653294854665584,COMPLETE
316,0.16579156257015704,0.032630788828042157,-0.449383265934864,2024-12-23 19:12:11.974524,2024-12-23 19:12:17.735131,0 days 00:00:05.760607,0.0779539288747134,32,0.1,68,100,9.829718335802181e-06,680,0.0009528824477663685,3,4,sgd,"{'neurons_per_layer_encoder': [68, 136, 272, 544], 'neurons_per_layer_decoder': [544, 272, 136]}",68,"[544, 272, 136]","[68, 136, 272, 544]",[0.16579156257015704],[0.032630788828042157],[-0.449383265934864],0.40727000387531753,COMPLETE
317,-0.8811074524866207,0.26420400277416944,-0.0724824475673016,2024-12-23 19:12:12.043996,2024-12-23 19:12:17.912008,0 days 00:00:05.868012,0.07843893714937547,32,0.1,68,100,9.943351931200998e-06,664,3.897654822912909e-05,3,4,sgd,"{'neurons_per_layer_encoder': [68, 136, 272, 544], 'neurons_per_layer_decoder': [544, 272, 136]}",68,"[544, 272, 136]","[68, 136, 272, 544]",[-0.8811074524866207],[0.26420400277416944],[-0.0724824475673016],0.2897587872878556,COMPLETE
318,-0.9417989258040622,-0.1400991322622056,-0.007216680882387694,2024-12-23 19:12:12.823423,2024-12-23 19:12:18.114601,0 days 00:00:05.291178,0.08370729012562825,32,0.1,68,100,1.0297434355516386e-05,664,9.316516388508216e-05,3,4,sgd,"{'neurons_per_layer_encoder': [68, 136, 272, 544], 'neurons_per_layer_decoder': [544, 272, 136]}",68,"[544, 272, 136]","[68, 136, 272, 544]",[-0.9417989258040622],[-0.1400991322622056],[-0.007216680882387694],0.31378810684144925,COMPLETE
319,0.2500826123072548,0.5936487853551863,-0.07686633873923543,2024-12-23 19:12:13.356755,2024-12-23 19:12:18.595544,0 days 00:00:05.238789,0.08519501220256188,32,0.1,68,100,1.0522591682259774e-05,664,0.004379673221567892,3,4,sgd,"{'neurons_per_layer_encoder': [68, 136, 272, 544], 'neurons_per_layer_decoder': [544, 272, 136]}",68,"[544, 272, 136]","[68, 136, 272, 544]",[0.2500826123072548],[0.5936487853551863],[-0.07686633873923543],0.4634811160987966,COMPLETE
320,-0.2472383679181953,-1.6233898113171392,-0.05501754541075443,2024-12-23 19:12:13.897366,2024-12-23 19:12:16.883613,0 days 00:00:02.986247,0.08105151270749829,32,0.1,68,100,1.0222319355873235e-05,664,0.000100162862047767,3,4,sgd,"{'neurons_per_layer_encoder': [68, 136, 272, 544], 'neurons_per_layer_decoder': [544, 272, 136]}",68,"[544, 272, 136]","[68, 136, 272, 544]",[-0.2472383679181953],[-1.6233898113171392],[-0.05501754541075443],0.1695865702611392,COMPLETE
321,0.5458796141930362,0.7619329581169499,0.45592403697527073,2024-12-23 19:12:16.078496,2024-12-23 19:12:25.258715,0 days 00:00:09.180219,0.08383406614248666,32,0.1,72,100,6.793580691715852e-06,664,0.0008555119747288991,3,4,adam,"{'neurons_per_layer_encoder': [72, 144, 288, 576], 'neurons_per_layer_decoder': [576, 288, 144]}",72,"[576, 288, 144]","[72, 144, 288, 576]",[0.5458796141930362],[0.7619329581169499],[0.45592403697527073],0.206108884647774,COMPLETE
322,0.6637477611227238,0.6417380048084658,0.46259838915440676,2024-12-23 19:12:16.890425,2024-12-23 19:12:26.000839,0 days 00:00:09.110414,0.07005772809937585,32,0.1,72,100,6.930819959584241e-06,632,0.0010572588369466797,3,4,adam,"{'neurons_per_layer_encoder': [72, 144, 288, 576], 'neurons_per_layer_decoder': [576, 288, 144]}",72,"[576, 288, 144]","[72, 144, 288, 576]",[0.6637477611227238],[0.6417380048084658],[0.46259838915440676],0.15419703163191756,COMPLETE
323,0.21653609223678127,0.33880483546152673,0.2959110824391046,2024-12-23 19:12:17.743099,2024-12-23 19:12:26.836288,0 days 00:00:09.093189,0.08325608270434284,32,0.1,72,100,6.348785695876289e-06,952,1.7400521701721692e-05,3,4,adam,"{'neurons_per_layer_encoder': [72, 144, 288, 576], 'neurons_per_layer_decoder': [576, 288, 144]}",72,"[576, 288, 144]","[72, 144, 288, 576]",[0.21653609223678127],[0.33880483546152673],[0.2959110824391046],0.38448204637089806,COMPLETE
324,0.4411483000765696,0.6301460469586082,0.3198246854003014,2024-12-23 19:12:17.924184,2024-12-23 19:12:26.512190,0 days 00:00:08.588006,0.07046182116459196,32,0.1,52,100,1.2558061207256435e-05,888,9.035519743983812e-05,3,4,adam,"{'neurons_per_layer_encoder': [52, 104, 208, 416], 'neurons_per_layer_decoder': [416, 208, 104]}",52,"[416, 208, 104]","[52, 104, 208, 416]",[0.4411483000765696],[0.6301460469586082],[0.3198246854003014],0.4227597331463718,COMPLETE
