number,values_0,values_1,values_2,datetime_start,datetime_complete,duration,params_alpha,params_batch_size,params_drop_out_rate,params_encoder_neurons_layer_1,params_epochs,params_lambda,params_latent_dim,params_learning_rate,params_num_layers_decoder,params_num_layers_encoder,params_optimizer,user_attrs_encoder_decoder_config,user_attrs_first_layer_neurons,user_attrs_neurons_per_layer_decoder,user_attrs_neurons_per_layer_encoder,user_attrs_r2_feature_1,user_attrs_r2_feature_2,user_attrs_r2_feature_3,user_attrs_relative_deterioration,state
732,0.519370909370367,0.6637999287625796,0.4475148385825872,2024-12-23 22:17:01.191279,2024-12-23 22:17:09.761810,0 days 00:00:08.570531,0.18915884585707374,40,0.1,64,100,1.0376948403335687e-05,1000,0.0002482373973452519,3,4,adam,"{'neurons_per_layer_encoder': [64, 128, 256, 512], 'neurons_per_layer_decoder': [512, 256, 128]}",64,"[512, 256, 128]","[64, 128, 256, 512]",[0.519370909370367],[0.6637999287625796],[0.4475148385825872],0.3436829154327417,COMPLETE
733,0.2727876162342172,0.2837326240763981,0.1788166025370801,2024-12-23 22:17:01.620591,2024-12-23 22:17:13.639565,0 days 00:00:12.018974,0.1890278458960245,40,0.1,164,100,9.312011123891074e-06,1336,0.004052024098255614,3,4,adam,"{'neurons_per_layer_encoder': [164, 328, 656, 1312], 'neurons_per_layer_decoder': [1312, 656, 328]}",164,"[1312, 656, 328]","[164, 328, 656, 1312]",[0.2727876162342172],[0.2837326240763981],[0.1788166025370801],-0.1162389088316251,COMPLETE
734,0.31436798743078165,0.4516331539461458,0.44495590580033717,2024-12-23 22:17:02.433441,2024-12-23 22:17:11.488849,0 days 00:00:09.055408,0.022036835952260133,40,0.2,64,100,2.767403421435399e-06,968,8.789279793864992e-05,4,4,adam,"{'neurons_per_layer_encoder': [64, 128, 256, 512], 'neurons_per_layer_decoder': [512, 256, 128, 64]}",64,"[512, 256, 128, 64]","[64, 128, 256, 512]",[0.31436798743078165],[0.4516331539461458],[0.44495590580033717],0.35169545264748636,COMPLETE
735,0.5579342859431282,0.6851030102461872,0.3530612182040648,2024-12-23 22:17:02.831438,2024-12-23 22:17:09.958875,0 days 00:00:07.127437,0.1888376798696948,32,0.2,24,100,2.7125793056858395e-06,328,0.0007531709418215803,4,4,adam,"{'neurons_per_layer_encoder': [24, 48, 96, 192], 'neurons_per_layer_decoder': [192, 96, 48, 24]}",24,"[192, 96, 48, 24]","[24, 48, 96, 192]",[0.5579342859431282],[0.6851030102461872],[0.3530612182040648],0.15742799252501025,COMPLETE
736,0.27616051457826285,0.34435507380184316,0.2515849950726887,2024-12-23 22:17:02.963352,2024-12-23 22:17:11.494876,0 days 00:00:08.531524,0.18849608868212936,40,0.1,64,100,1.4400564595257796e-05,968,8.68488834887782e-05,3,4,adam,"{'neurons_per_layer_encoder': [64, 128, 256, 512], 'neurons_per_layer_decoder': [512, 256, 128]}",64,"[512, 256, 128]","[64, 128, 256, 512]",[0.27616051457826285],[0.34435507380184316],[0.2515849950726887],0.2734456731694,COMPLETE
737,-0.11714882985129327,-0.4838312001775187,0.08641144686605795,2024-12-23 22:17:06.736908,2024-12-23 22:17:13.711325,0 days 00:00:06.974417,0.182171507752786,120,0.2,64,100,1.5159810924288902e-05,968,8.53355985885274e-05,3,4,adam,"{'neurons_per_layer_encoder': [64, 128, 256, 512], 'neurons_per_layer_decoder': [512, 256, 128]}",64,"[512, 256, 128]","[64, 128, 256, 512]",[-0.11714882985129327],[-0.4838312001775187],[0.08641144686605795],0.20311059612650953,COMPLETE
738,0.6677765299789948,0.7986524524660528,0.3155473373479539,2024-12-23 22:17:09.771998,2024-12-23 22:17:20.682027,0 days 00:00:10.910029,0.0218652450269146,32,0.1,80,100,1.4897101508335769e-05,1800,0.00018571661512916182,3,4,adam,"{'neurons_per_layer_encoder': [80, 160, 320, 640], 'neurons_per_layer_decoder': [640, 320, 160]}",80,"[640, 320, 160]","[80, 160, 320, 640]",[0.6677765299789948],[0.7986524524660528],[0.3155473373479539],0.6145426224031337,COMPLETE
739,0.5218359510468378,0.6166806538472247,0.2877924937234104,2024-12-23 22:17:09.967931,2024-12-23 22:17:19.783136,0 days 00:00:09.815205,0.03457407591539371,32,0.1,76,100,1.5363328536935807e-05,1080,8.605812879999471e-05,3,4,adam,"{'neurons_per_layer_encoder': [76, 152, 304, 608], 'neurons_per_layer_decoder': [608, 304, 152]}",76,"[608, 304, 152]","[76, 152, 304, 608]",[0.5218359510468378],[0.6166806538472247],[0.2877924937234104],0.5342761677650429,COMPLETE
740,-0.5039025386105516,-0.9046824505399622,-0.0818425569346719,2024-12-23 22:17:11.496953,2024-12-23 22:17:16.519395,0 days 00:00:05.022442,0.07329905066112678,120,0.1,172,100,2.1215605310613724e-06,1400,0.00013357495151502,3,4,adadelta,"{'neurons_per_layer_encoder': [172, 344, 688, 1376], 'neurons_per_layer_decoder': [1376, 688, 344]}",172,"[1376, 688, 344]","[172, 344, 688, 1376]",[-0.5039025386105516],[-0.9046824505399622],[-0.0818425569346719],0.4633194072700376,COMPLETE
741,-0.479783188932448,-0.6336624393521295,-0.1976422897029555,2024-12-23 22:17:11.504480,2024-12-23 22:17:15.873728,0 days 00:00:04.369248,0.18215958538072746,120,0.1,116,100,2.163006483662871e-06,952,0.00018063845999444258,3,4,adadelta,"{'neurons_per_layer_encoder': [116, 232, 464, 928], 'neurons_per_layer_decoder': [928, 464, 232]}",116,"[928, 464, 232]","[116, 232, 464, 928]",[-0.479783188932448],[-0.6336624393521295],[-0.1976422897029555],0.14582722693406344,COMPLETE
742,-0.6637890942565572,-0.5376127991412496,-0.15808948339919948,2024-12-23 22:17:13.650073,2024-12-23 22:17:16.715045,0 days 00:00:03.064972,0.17782680039444368,120,0.1,80,100,1.548831109530679e-05,264,6.579327123304187e-05,3,2,adadelta,"{'neurons_per_layer_encoder': [80, 160], 'neurons_per_layer_decoder': [160, 80, 40]}",80,"[160, 80, 40]","[80, 160]",[-0.6637890942565572],[-0.5376127991412496],[-0.15808948339919948],0.3119074639926507,COMPLETE
743,-0.9081753111341453,-2.033715170040213,0.007441803081920995,2024-12-23 22:17:13.721197,2024-12-23 22:17:18.816846,0 days 00:00:05.095649,0.0639795842225987,32,0.1,80,100,3.2459824273857526e-06,1704,3.0419407450336753e-05,3,4,adadelta,"{'neurons_per_layer_encoder': [80, 160, 320, 640], 'neurons_per_layer_decoder': [640, 320, 160]}",80,"[640, 320, 160]","[80, 160, 320, 640]",[-0.9081753111341453],[-2.033715170040213],[0.007441803081920995],0.30648575663885164,COMPLETE
744,0.6607949969748688,0.3151903439045387,0.3187951200333684,2024-12-23 22:17:15.881910,2024-12-23 22:17:21.112296,0 days 00:00:05.230386,0.19983212627556826,32,0.1,80,100,3.055948140840769e-06,216,0.0001323570367337578,3,2,adam,"{'neurons_per_layer_encoder': [80, 160], 'neurons_per_layer_decoder': [160, 80, 40]}",80,"[160, 80, 40]","[80, 160]",[0.6607949969748688],[0.3151903439045387],[0.3187951200333684],0.11251070625582314,COMPLETE
745,0.5093473415657284,0.44366414619173533,0.31711605217630867,2024-12-23 22:17:16.526287,2024-12-23 22:17:21.763643,0 days 00:00:05.237356,0.1992015772620179,32,0.1,80,100,2.802563129766655e-06,280,6.467482585915389e-05,3,2,adam,"{'neurons_per_layer_encoder': [80, 160], 'neurons_per_layer_decoder': [160, 80, 40]}",80,"[160, 80, 40]","[80, 160]",[0.5093473415657284],[0.44366414619173533],[0.31711605217630867],0.09085319895740777,COMPLETE
746,0.6766456466071491,0.48548219429469774,0.38082552656441204,2024-12-23 22:17:16.727468,2024-12-23 22:17:29.817011,0 days 00:00:13.089543,0.12758462905151097,32,0.1,76,100,3.1443363570645733e-06,1096,0.00010405882077121385,3,4,adam,"{'neurons_per_layer_encoder': [76, 152, 304, 608], 'neurons_per_layer_decoder': [608, 304, 152]}",76,"[608, 304, 152]","[76, 152, 304, 608]",[0.6766456466071491],[0.48548219429469774],[0.38082552656441204],0.11040232530356592,COMPLETE
747,0.010443389741740972,-0.03084111131434386,0.036097441590736024,2024-12-23 22:17:18.824298,2024-12-23 22:17:30.647070,0 days 00:00:11.822772,0.12473772336443134,128,0.1,248,100,2.5475857545542536e-06,2008,0.0001157047426100823,3,4,adam,"{'neurons_per_layer_encoder': [248, 496, 992, 1984], 'neurons_per_layer_decoder': [1984, 992, 496]}",248,"[1984, 992, 496]","[248, 496, 992, 1984]",[0.010443389741740972],[-0.03084111131434386],[0.036097441590736024],-0.34397131082149573,COMPLETE
748,0.5839522117999733,0.47331342568221924,0.35826701387666793,2024-12-23 22:17:19.793266,2024-12-23 22:17:35.281558,0 days 00:00:15.488292,0.1268723789526971,32,0.1,188,100,6.922630916517901e-06,1528,0.00012218637230300089,3,4,adam,"{'neurons_per_layer_encoder': [188, 376, 752, 1504], 'neurons_per_layer_decoder': [1504, 752, 376]}",188,"[1504, 752, 376]","[188, 376, 752, 1504]",[0.5839522117999733],[0.47331342568221924],[0.35826701387666793],0.4857830667554624,COMPLETE
749,0.004400310401976859,-1.4615247514569245,-0.25596180885270936,2024-12-23 22:17:20.693484,2024-12-23 22:17:24.756664,0 days 00:00:04.063180,0.12428811339693158,32,0.30000000000000004,248,100,3.4362907490746836e-06,1016,0.0001677041348011524,5,2,sgd,"{'neurons_per_layer_encoder': [248, 496], 'neurons_per_layer_decoder': [496, 248, 124, 62, 31]}",248,"[496, 248, 124, 62, 31]","[248, 496]",[0.004400310401976859],[-1.4615247514569245],[-0.25596180885270936],0.1960014467972791,COMPLETE
750,-0.3026102750467279,-0.5203221747021505,-0.5749812089459965,2024-12-23 22:17:21.121589,2024-12-23 22:17:24.085627,0 days 00:00:02.964038,0.12342672130770257,32,0.30000000000000004,88,100,5.156944671514847e-05,296,0.0015532529846632491,5,2,sgd,"{'neurons_per_layer_encoder': [88, 176], 'neurons_per_layer_decoder': [176, 88, 44, 22, 11]}",88,"[176, 88, 44, 22, 11]","[88, 176]",[-0.3026102750467279],[-0.5203221747021505],[-0.5749812089459965],0.43271310606628804,COMPLETE
751,-0.08346431704739654,-0.3013300195276176,0.007434931232853548,2024-12-23 22:17:21.772823,2024-12-23 22:17:31.350686,0 days 00:00:09.577863,0.1258910722787723,80,0.30000000000000004,88,100,5.1897924269954214e-05,1768,0.00020121774722685456,5,4,sgd,"{'neurons_per_layer_encoder': [88, 176, 352, 704], 'neurons_per_layer_decoder': [704, 352, 176, 88, 44]}",88,"[704, 352, 176, 88, 44]","[88, 176, 352, 704]",[-0.08346431704739654],[-0.3013300195276176],[0.007434931232853548],0.7861117434271966,COMPLETE
752,-0.40219050704744186,-1.0735688282428262,-0.28589596604298695,2024-12-23 22:17:24.093791,2024-12-23 22:17:29.285328,0 days 00:00:05.191537,0.04030712351751712,128,0.30000000000000004,192,100,4.296551980845934e-06,1560,0.0001587255645962923,5,4,sgd,"{'neurons_per_layer_encoder': [192, 384, 768, 1536], 'neurons_per_layer_decoder': [1536, 768, 384, 192, 96]}",192,"[1536, 768, 384, 192, 96]","[192, 384, 768, 1536]",[-0.40219050704744186],[-1.0735688282428262],[-0.28589596604298695],0.4360451804226558,COMPLETE
753,-0.5382098883115387,-0.8822523123875763,-0.0820548753168382,2024-12-23 22:17:24.767553,2024-12-23 22:17:29.945914,0 days 00:00:05.178361,0.10663768660718707,32,0.1,192,100,3.41046027255594e-06,552,4.551293720639304e-05,5,1,sgd,"{'neurons_per_layer_encoder': [192], 'neurons_per_layer_decoder': [192, 96, 48, 24, 12]}",192,"[192, 96, 48, 24, 12]",[192],[-0.5382098883115387],[-0.8822523123875763],[-0.0820548753168382],0.05304151360625311,COMPLETE
754,0.3687080079725088,0.4669599011764176,0.42881654308613126,2024-12-23 22:17:29.292964,2024-12-23 22:17:41.463923,0 days 00:00:12.170959,0.019913074042594278,32,0.2,72,100,2.304244560844636e-06,1096,0.00011410929196111176,4,4,adam,"{'neurons_per_layer_encoder': [72, 144, 288, 576], 'neurons_per_layer_decoder': [576, 288, 144, 72]}",72,"[576, 288, 144, 72]","[72, 144, 288, 576]",[0.3687080079725088],[0.4669599011764176],[0.42881654308613126],0.2953210373238778,COMPLETE
755,0.45018529771671334,0.5537694326554441,0.30144747238959857,2024-12-23 22:17:29.826537,2024-12-23 22:17:39.956293,0 days 00:00:10.129756,0.10962779743584795,96,0.2,92,100,2.521680653158765e-06,808,0.001060592119980145,3,4,adam,"{'neurons_per_layer_encoder': [92, 184, 368, 736], 'neurons_per_layer_decoder': [736, 368, 184]}",92,"[736, 368, 184]","[92, 184, 368, 736]",[0.45018529771671334],[0.5537694326554441],[0.30144747238959857],-0.1470262884227535,COMPLETE
756,-0.5836057571860478,-0.7604906906755957,-0.10316841798159704,2024-12-23 22:17:29.955570,2024-12-23 22:17:35.255326,0 days 00:00:05.299756,0.022961025550419255,80,0.2,32,100,2.4754380882907116e-06,520,0.0001197259720582108,4,4,adam,"{'neurons_per_layer_encoder': [32, 64, 128, 256], 'neurons_per_layer_decoder': [256, 128, 64, 32]}",32,"[256, 128, 64, 32]","[32, 64, 128, 256]",[-0.5836057571860478],[-0.7604906906755957],[-0.10316841798159704],0.16308305247058064,COMPLETE
757,0.17287235303005433,0.025736695326037062,0.0996026697181599,2024-12-23 22:17:30.657119,2024-12-23 22:17:42.722252,0 days 00:00:12.065133,0.1778420816196643,80,0.2,208,100,2.37553217923832e-06,1704,2.474113245445571e-05,3,4,adam,"{'neurons_per_layer_encoder': [208, 416, 832, 1664], 'neurons_per_layer_decoder': [1664, 832, 416]}",208,"[1664, 832, 416]","[208, 416, 832, 1664]",[0.17287235303005433],[0.025736695326037062],[0.0996026697181599],0.1620492558226425,COMPLETE
758,0.6509978086969085,0.6846396811662142,0.3638441432797034,2024-12-23 22:17:31.361159,2024-12-23 22:17:44.895501,0 days 00:00:13.534342,0.19977488513106678,32,0.2,92,100,2.323401473261813e-06,808,0.001010701619805707,4,4,adam,"{'neurons_per_layer_encoder': [92, 184, 368, 736], 'neurons_per_layer_decoder': [736, 368, 184, 92]}",92,"[736, 368, 184, 92]","[92, 184, 368, 736]",[0.6509978086969085],[0.6846396811662142],[0.3638441432797034],0.11665539809002995,COMPLETE
759,0.3841944919826279,0.46160878047965803,0.35815845248107236,2024-12-23 22:17:35.263119,2024-12-23 22:17:48.335110,0 days 00:00:13.071991,0.054852998004637624,32,0.2,96,100,2.306704552595539e-06,824,9.642402939421074e-05,3,4,adam,"{'neurons_per_layer_encoder': [96, 192, 384, 768], 'neurons_per_layer_decoder': [768, 384, 192]}",96,"[768, 384, 192]","[96, 192, 384, 768]",[0.3841944919826279],[0.46160878047965803],[0.35815845248107236],0.21367654351224352,COMPLETE
760,-0.36293731873672685,-1.0032164336564304,-0.05333527744157496,2024-12-23 22:17:35.291739,2024-12-23 22:17:42.243637,0 days 00:00:06.951898,0.17728748892189483,96,0.1,92,100,1.9339740204861562e-05,808,0.0003240352284516786,3,4,adadelta,"{'neurons_per_layer_encoder': [92, 184, 368, 736], 'neurons_per_layer_decoder': [736, 368, 184]}",92,"[736, 368, 184]","[92, 184, 368, 736]",[-0.36293731873672685],[-1.0032164336564304],[-0.05333527744157496],0.5363691234131499,COMPLETE
761,-0.30206241234095965,-1.0709774388542939,-0.23036047877815857,2024-12-23 22:17:39.966383,2024-12-23 22:17:46.869020,0 days 00:00:06.902637,0.14133237716206742,72,0.1,208,100,1.3337118817937913e-05,1688,0.0003036656606577403,3,4,adadelta,"{'neurons_per_layer_encoder': [208, 416, 832, 1664], 'neurons_per_layer_decoder': [1664, 832, 416]}",208,"[1664, 832, 416]","[208, 416, 832, 1664]",[-0.30206241234095965],[-1.0709774388542939],[-0.23036047877815857],0.5822558757836936,COMPLETE
762,-0.5678284963901272,-0.8249530806686636,-0.22262224611971093,2024-12-23 22:17:41.472830,2024-12-23 22:17:47.897255,0 days 00:00:06.424425,0.014475856165799855,112,0.4,120,100,2.0931488866219555e-06,2120,0.0005924002803458743,3,4,adadelta,"{'neurons_per_layer_encoder': [120, 240, 480, 960], 'neurons_per_layer_decoder': [960, 480, 240]}",120,"[960, 480, 240]","[120, 240, 480, 960]",[-0.5678284963901272],[-0.8249530806686636],[-0.22262224611971093],0.26871743238188417,COMPLETE
763,-0.10355515962752682,-0.5191433575870381,-0.00029177218765275015,2024-12-23 22:17:42.251165,2024-12-23 22:17:51.819301,0 days 00:00:09.568136,0.17928230165220285,112,0.4,112,100,1.9704734073209863e-06,920,2.369938521746088e-05,3,4,adam,"{'neurons_per_layer_encoder': [112, 224, 448, 896], 'neurons_per_layer_decoder': [896, 448, 224]}",112,"[896, 448, 224]","[112, 224, 448, 896]",[-0.10355515962752682],[-0.5191433575870381],[-0.00029177218765275015],0.4020789760682491,COMPLETE
764,0.34609659730881803,0.3909290174559288,0.31591512233450825,2024-12-23 22:17:42.729902,2024-12-23 22:17:55.867845,0 days 00:00:13.137943,0.09814984471533382,32,0.4,112,100,1.2312789243080243e-05,920,9.535853431729401e-05,3,4,adam,"{'neurons_per_layer_encoder': [112, 224, 448, 896], 'neurons_per_layer_decoder': [896, 448, 224]}",112,"[896, 448, 224]","[112, 224, 448, 896]",[0.34609659730881803],[0.3909290174559288],[0.31591512233450825],0.6594029888248277,COMPLETE
765,0.15137043523125104,0.3271820865476097,0.2031398470851521,2024-12-23 22:17:44.903976,2024-12-23 22:17:59.090596,0 days 00:00:14.186620,0.09798797288265522,40,0.4,156,100,1.2840819102416286e-05,1288,9.232013273694338e-05,3,4,adam,"{'neurons_per_layer_encoder': [156, 312, 624, 1248], 'neurons_per_layer_decoder': [1248, 624, 312]}",156,"[1248, 624, 312]","[156, 312, 624, 1248]",[0.15137043523125104],[0.3271820865476097],[0.2031398470851521],0.6370150046433558,COMPLETE
766,0.22812664456151,0.15663394598209857,0.13734500558955154,2024-12-23 22:17:46.880284,2024-12-23 22:17:57.510942,0 days 00:00:10.630658,0.16461666220754376,40,0.4,68,100,3.8652513138271725e-06,1304,7.205424583794558e-05,3,4,adam,"{'neurons_per_layer_encoder': [68, 136, 272, 544], 'neurons_per_layer_decoder': [544, 272, 136]}",68,"[544, 272, 136]","[68, 136, 272, 544]",[0.22812664456151],[0.15663394598209857],[0.13734500558955154],0.41459933827942874,COMPLETE
767,0.3375467226307518,0.16724631803703616,0.351675396824192,2024-12-23 22:17:47.905745,2024-12-23 22:17:58.524072,0 days 00:00:10.618327,0.1630976135990767,40,0.1,96,100,3.936315686749405e-06,808,9.64458404756706e-05,3,4,adam,"{'neurons_per_layer_encoder': [96, 192, 384, 768], 'neurons_per_layer_decoder': [768, 384, 192]}",96,"[768, 384, 192]","[96, 192, 384, 768]",[0.3375467226307518],[0.16724631803703616],[0.351675396824192],-0.1309449406647547,COMPLETE
768,0.45972616358194984,0.01753615126103991,0.2678188500035418,2024-12-23 22:17:48.343989,2024-12-23 22:17:59.406727,0 days 00:00:11.062738,0.16708895356051626,40,0.1,68,100,3.795383020628703e-05,1448,1.842616229426628e-05,3,4,adam,"{'neurons_per_layer_encoder': [68, 136, 272, 544], 'neurons_per_layer_decoder': [544, 272, 136]}",68,"[544, 272, 136]","[68, 136, 272, 544]",[0.45972616358194984],[0.01753615126103991],[0.2678188500035418],0.6950676854445427,COMPLETE
769,0.3949033115781433,0.518675881341053,0.33174926721970543,2024-12-23 22:17:51.828919,2024-12-23 22:18:01.205556,0 days 00:00:09.376637,0.017315817530629475,40,0.1,68,100,0.0001269866308684173,1048,9.886747515587468e-05,3,4,adam,"{'neurons_per_layer_encoder': [68, 136, 272, 544], 'neurons_per_layer_decoder': [544, 272, 136]}",68,"[544, 272, 136]","[68, 136, 272, 544]",[0.3949033115781433],[0.518675881341053],[0.33174926721970543],0.8915757806437329,COMPLETE
770,0.3316352445203835,0.21072788912295426,0.24415366212030076,2024-12-23 22:17:55.876614,2024-12-23 22:18:01.338653,0 days 00:00:05.462039,0.01206135371556154,40,0.1,220,100,2.893893364535689e-06,644,7.871305468299801e-05,3,1,adam,"{'neurons_per_layer_encoder': [220], 'neurons_per_layer_decoder': [220, 110, 55]}",220,"[220, 110, 55]",[220],[0.3316352445203835],[0.21072788912295426],[0.24415366212030076],-0.6688337655286302,COMPLETE
771,0.4851098223850001,-0.2537937601812468,0.2098934311720908,2024-12-23 22:17:57.518990,2024-12-23 22:18:01.769883,0 days 00:00:04.250893,0.09397740884013563,32,0.1,72,100,3.0273451037504268e-06,95,0.00014939473813546243,3,1,adam,"{'neurons_per_layer_encoder': [72], 'neurons_per_layer_decoder': [72, 36, 18]}",72,"[72, 36, 18]",[72],[0.4851098223850001],[-0.2537937601812468],[0.2098934311720908],-0.15020432679057893,COMPLETE
772,0.4953423854645199,0.6317921863218279,0.128192696670681,2024-12-23 22:17:58.532105,2024-12-23 22:18:02.571118,0 days 00:00:04.039013,0.18710900436442968,32,0.1,12,100,1.1116158362362288e-05,13,0.007278306964156866,3,1,adam,"{'neurons_per_layer_encoder': [12], 'neurons_per_layer_decoder': [12, 8, 8]}",12,"[12, 8, 8]",[12],[0.4953423854645199],[0.6317921863218279],[0.128192696670681],-0.5025757062055566,COMPLETE
773,0.5097366168166564,0.6342096633020526,0.20653559191905435,2024-12-23 22:17:59.099987,2024-12-23 22:18:07.604348,0 days 00:00:08.504361,0.03233565657703999,32,0.1,148,100,0.00017566349374978924,984,0.00013550159516025265,3,3,adam,"{'neurons_per_layer_encoder': [148, 296, 592], 'neurons_per_layer_decoder': [592, 296, 148]}",148,"[592, 296, 148]","[148, 296, 592]",[0.5097366168166564],[0.6342096633020526],[0.20653559191905435],0.9195501486895138,COMPLETE
774,0.37235451698385214,0.39272365837527945,0.23627094401726112,2024-12-23 22:17:59.414991,2024-12-23 22:18:03.312702,0 days 00:00:03.897711,0.010979170064455123,32,0.1,76,100,2.987817690942359e-06,888,0.007211363936906492,3,3,adam,"{'neurons_per_layer_encoder': [76, 152, 304], 'neurons_per_layer_decoder': [304, 152, 76]}",76,"[304, 152, 76]","[76, 152, 304]",[0.37235451698385214],[0.39272365837527945],[0.23627094401726112],-0.7514311912809055,COMPLETE
775,0.5910594298277139,0.6265629973805049,0.4457457493528165,2024-12-23 22:18:01.212627,2024-12-23 22:18:10.410408,0 days 00:00:09.197781,0.19015256151900567,32,0.1,136,100,2.977217931437743e-06,1048,7.688739688138694e-05,3,3,adam,"{'neurons_per_layer_encoder': [136, 272, 544], 'neurons_per_layer_decoder': [544, 272, 136]}",136,"[544, 272, 136]","[136, 272, 544]",[0.5910594298277139],[0.6265629973805049],[0.4457457493528165],0.11810861326167879,COMPLETE
776,-1.7643235408195244,-1.2372476546129758,-1.6337669927946208,2024-12-23 22:18:01.347175,2024-12-23 22:18:03.856413,0 days 00:00:02.509238,0.18835281726956501,32,0.1,140,100,0.00024020584109999226,1080,0.00014105240165226992,3,3,sgd,"{'neurons_per_layer_encoder': [140, 280, 560], 'neurons_per_layer_decoder': [560, 280, 140]}",140,"[560, 280, 140]","[140, 280, 560]",[-1.7643235408195244],[-1.2372476546129758],[-1.6337669927946208],0.7846244040331707,COMPLETE
