number,values_0,values_1,values_2,datetime_start,datetime_complete,duration,params_alpha,params_batch_size,params_drop_out_rate,params_encoder_neurons_layer_1,params_epochs,params_lambda,params_latent_dim,params_learning_rate,params_num_layers_decoder,params_num_layers_encoder,params_optimizer,user_attrs_encoder_decoder_config,user_attrs_first_layer_neurons,user_attrs_neurons_per_layer_decoder,user_attrs_neurons_per_layer_encoder,user_attrs_r2_feature_1,user_attrs_r2_feature_2,user_attrs_r2_feature_3,user_attrs_relative_deterioration,state
867,0.6621636169747478,0.6962023803497921,0.46024311096336223,2024-12-23 22:32:03.612608,2024-12-23 22:32:30.306858,0 days 00:00:26.694250,0.09175625210045106,32,0.1,84,100,1.4679951879515386e-06,776,7.135388699524809e-05,3,4,adam,"{'neurons_per_layer_encoder': [84, 168, 336, 672], 'neurons_per_layer_decoder': [672, 336, 168]}",84,"[672, 336, 168]","[84, 168, 336, 672]",[0.6621636169747478],[0.6962023803497921],[0.46024311096336223],0.21876414788255047,COMPLETE
868,0.674880504795478,0.6167749752575207,0.36152062922290296,2024-12-23 22:32:16.121538,2024-12-23 22:32:42.066177,0 days 00:00:25.944639,0.09331213815611698,32,0.1,84,100,2.6064949588541176e-06,744,7.074838978551067e-05,3,4,adam,"{'neurons_per_layer_encoder': [84, 168, 336, 672], 'neurons_per_layer_decoder': [672, 336, 168]}",84,"[672, 336, 168]","[84, 168, 336, 672]",[0.674880504795478],[0.6167749752575207],[0.36152062922290296],0.17103292778188678,COMPLETE
869,0.6957781209133513,0.5558671113614174,0.393143697914759,2024-12-23 22:32:19.791464,2024-12-23 22:32:44.120034,0 days 00:00:24.328570,0.08034824577178604,32,0.1,84,100,2.6344384129929993e-06,1800,0.0005068931916392739,3,4,adam,"{'neurons_per_layer_encoder': [84, 168, 336, 672], 'neurons_per_layer_decoder': [672, 336, 168]}",84,"[672, 336, 168]","[84, 168, 336, 672]",[0.6957781209133513],[0.5558671113614174],[0.393143697914759],-0.15098164639176273,COMPLETE
870,-0.42121818117794874,-0.4924574555913086,-0.08275397866137246,2024-12-23 22:32:30.317642,2024-12-23 22:32:45.776221,0 days 00:00:15.458579,0.08045080433659793,128,0.1,76,100,2.428952750395027e-06,1080,4.6707337519731746e-05,3,4,adam,"{'neurons_per_layer_encoder': [76, 152, 304, 608], 'neurons_per_layer_decoder': [608, 304, 152]}",76,"[608, 304, 152]","[76, 152, 304, 608]",[-0.42121818117794874],[-0.4924574555913086],[-0.08275397866137246],-0.9387299698218982,COMPLETE
871,-1.1576980152704417,-1.0330180672394897,-0.17119127033636983,2024-12-23 22:32:39.516595,2024-12-23 22:32:44.718869,0 days 00:00:05.202274,0.19875562887232606,32,0.1,76,100,2.731974757275497e-06,1016,3.380616211971576e-05,3,4,sgd,"{'neurons_per_layer_encoder': [76, 152, 304, 608], 'neurons_per_layer_decoder': [608, 304, 152]}",76,"[608, 304, 152]","[76, 152, 304, 608]",[-1.1576980152704417],[-1.0330180672394897],[-0.17119127033636983],0.1270931717672385,COMPLETE
872,-0.3070983044071558,-1.299666781519715,-0.1735146502112066,2024-12-23 22:32:40.250678,2024-12-23 22:32:45.093955,0 days 00:00:04.843277,0.180645553757863,32,0.1,76,100,2.5272966367637743e-06,1016,4.7571458041947764e-05,3,4,sgd,"{'neurons_per_layer_encoder': [76, 152, 304, 608], 'neurons_per_layer_decoder': [608, 304, 152]}",76,"[608, 304, 152]","[76, 152, 304, 608]",[-0.3070983044071558],[-1.299666781519715],[-0.1735146502112066],0.21140238248833484,COMPLETE
873,-1.1840100141497292,-2.8649355150916183,-0.5456854057970859,2024-12-23 22:32:42.080445,2024-12-23 22:32:46.907237,0 days 00:00:04.826792,0.17878821959139019,32,0.1,76,100,5.777362577632215e-05,1080,0.0005014084509821159,3,4,sgd,"{'neurons_per_layer_encoder': [76, 152, 304, 608], 'neurons_per_layer_decoder': [608, 304, 152]}",76,"[608, 304, 152]","[76, 152, 304, 608]",[-1.1840100141497292],[-2.8649355150916183],[-0.5456854057970859],0.46284457343655117,COMPLETE
874,-0.495401999389669,-0.9649112518546967,-0.22968522246403578,2024-12-23 22:32:44.131263,2024-12-23 22:32:48.531126,0 days 00:00:04.399863,0.06255752369640798,128,0.1,76,100,2.936257609168708e-06,1000,9.625463452608977e-05,3,4,sgd,"{'neurons_per_layer_encoder': [76, 152, 304, 608], 'neurons_per_layer_decoder': [608, 304, 152]}",76,"[608, 304, 152]","[76, 152, 304, 608]",[-0.495401999389669],[-0.9649112518546967],[-0.22968522246403578],0.23670763249324986,COMPLETE
875,0.4402999772706566,0.43065498753823406,0.292276666907926,2024-12-23 22:32:44.729253,2024-12-23 22:32:51.188764,0 days 00:00:06.459511,0.19977270091794255,32,0.1,68,100,2.3268427335596167e-06,106,9.491488484283418e-05,3,1,adam,"{'neurons_per_layer_encoder': [68], 'neurons_per_layer_decoder': [68, 34, 17]}",68,"[68, 34, 17]",[68],[0.4402999772706566],[0.43065498753823406],[0.292276666907926],0.008744943098458588,COMPLETE
876,-0.9982376795158974,-1.7246760742596479,-0.09640611542269872,2024-12-23 22:32:45.103139,2024-12-23 22:32:50.348525,0 days 00:00:05.245386,0.19977585996118177,32,0.1,68,100,0.0003826642558420633,90,9.35596525990744e-05,5,1,adam,"{'neurons_per_layer_encoder': [68], 'neurons_per_layer_decoder': [68, 34, 17, 8, 8]}",68,"[68, 34, 17, 8, 8]",[68],[-0.9982376795158974],[-1.7246760742596479],[-0.09640611542269872],0.3176024250598646,COMPLETE
877,-0.4676888813721656,-0.5986866310361887,0.0863707484049312,2024-12-23 22:32:45.785590,2024-12-23 22:32:52.322770,0 days 00:00:06.537180,0.014713858937181393,32,0.2,68,100,1.0738307975295119e-05,106,9.626697837273693e-05,4,1,adam,"{'neurons_per_layer_encoder': [68], 'neurons_per_layer_decoder': [68, 34, 17, 8]}",68,"[68, 34, 17, 8]",[68],[-0.4676888813721656],[-0.5986866310361887],[0.0863707484049312],-0.03696398522109839,COMPLETE
878,0.30789159996075754,-0.24869549358564136,0.05719686590831885,2024-12-23 22:32:46.920760,2024-12-23 22:32:53.539678,0 days 00:00:06.618918,0.06714592512563962,32,0.1,148,100,3.6793088284476856e-06,432,2.0034023455573504e-05,5,2,adam,"{'neurons_per_layer_encoder': [148, 296], 'neurons_per_layer_decoder': [296, 148, 74, 37, 18]}",148,"[296, 148, 74, 37, 18]","[148, 296]",[0.30789159996075754],[-0.24869549358564136],[0.05719686590831885],0.09380151853686514,COMPLETE
879,0.6137352669546795,0.6678482801556722,0.15347904955656266,2024-12-23 22:32:48.542491,2024-12-23 22:32:55.443352,0 days 00:00:06.900861,0.0655573972791677,32,0.1,152,100,3.672785224521041e-06,888,9.327206131066999e-05,4,2,adam,"{'neurons_per_layer_encoder': [152, 304], 'neurons_per_layer_decoder': [304, 152, 76, 38]}",152,"[304, 152, 76, 38]","[152, 304]",[0.6137352669546795],[0.6678482801556722],[0.15347904955656266],0.21151447231765738,COMPLETE
880,-0.26541013511050826,-0.5700072396939204,0.009348442654343536,2024-12-23 22:32:50.360014,2024-12-23 22:32:54.583031,0 days 00:00:04.223017,0.01496784218439814,56,0.2,8,100,3.944114031487282e-06,17,0.00014257472191045114,4,2,adam,"{'neurons_per_layer_encoder': [8, 16], 'neurons_per_layer_decoder': [16, 8, 8, 8]}",8,"[16, 8, 8, 8]","[8, 16]",[-0.26541013511050826],[-0.5700072396939204],[0.009348442654343536],-0.21952888226516223,COMPLETE
881,-0.5089153623791973,-0.8432183573964942,-0.5377317533452721,2024-12-23 22:32:50.544864,2024-12-23 22:32:53.462743,0 days 00:00:02.917879,0.1884317694829543,32,0.1,68,100,1.0045314589730256e-06,304,2.0724811923362415e-05,4,2,adam,"{'neurons_per_layer_encoder': [68, 136], 'neurons_per_layer_decoder': [136, 68, 34, 17]}",68,"[136, 68, 34, 17]","[68, 136]",[-0.5089153623791973],[-0.8432183573964942],[-0.5377317533452721],-0.062138837580781654,COMPLETE
882,0.29298300746807293,-0.05189112002748941,0.3536514349843274,2024-12-23 22:32:51.196611,2024-12-23 22:32:57.351740,0 days 00:00:06.155129,0.16876209045647822,48,0.1,164,100,3.7577554102782843e-06,944,0.0001410896667748417,4,2,adam,"{'neurons_per_layer_encoder': [164, 328], 'neurons_per_layer_decoder': [328, 164, 82, 41]}",164,"[328, 164, 82, 41]","[164, 328]",[0.29298300746807293],[-0.05189112002748941],[0.3536514349843274],-0.608109506283995,COMPLETE
883,0.46372521040491355,0.4438567381206452,-0.005119826067896405,2024-12-23 22:32:52.330787,2024-12-23 22:32:58.066455,0 days 00:00:05.735668,0.06570360485948558,32,0.1,64,100,8.810047545989126e-06,696,2.913289914319106e-05,3,3,adam,"{'neurons_per_layer_encoder': [64, 128, 256], 'neurons_per_layer_decoder': [256, 128, 64]}",64,"[256, 128, 64]","[64, 128, 256]",[0.46372521040491355],[0.4438567381206452],[-0.005119826067896405],0.2691098910192806,COMPLETE
884,0.2624382450242897,0.6685691520991212,0.09504546319592433,2024-12-23 22:32:53.469537,2024-12-23 22:32:58.603468,0 days 00:00:05.133931,0.06461194394246783,56,0.1,48,100,3.7722770963868075e-06,552,0.0001508635188643094,2,3,adam,"{'neurons_per_layer_encoder': [48, 96, 192], 'neurons_per_layer_decoder': [192, 96]}",48,"[192, 96]","[48, 96, 192]",[0.2624382450242897],[0.6685691520991212],[0.09504546319592433],-0.0013453716770265426,COMPLETE
885,0.6400560560304104,0.46058088450638646,0.4098511963787357,2024-12-23 22:32:53.547209,2024-12-23 22:32:58.932688,0 days 00:00:05.385479,0.1653520764602885,32,0.1,48,100,8.890114855659017e-06,456,0.00015734406833260316,3,3,adam,"{'neurons_per_layer_encoder': [48, 96, 192], 'neurons_per_layer_decoder': [192, 96, 48]}",48,"[192, 96, 48]","[48, 96, 192]",[0.6400560560304104],[0.46058088450638646],[0.4098511963787357],0.3394383061004256,COMPLETE
886,-0.1598879312327519,-0.18203833109813394,0.09525715411828906,2024-12-23 22:32:54.591952,2024-12-23 22:32:59.883379,0 days 00:00:05.291427,0.10396348323290813,112,0.1,48,100,0.0002157871591361063,408,7.576451601325661e-05,2,3,adam,"{'neurons_per_layer_encoder': [48, 96, 192], 'neurons_per_layer_decoder': [192, 96]}",48,"[192, 96]","[48, 96, 192]",[-0.1598879312327519],[-0.18203833109813394],[0.09525715411828906],0.7124229232113394,COMPLETE
887,0.6315390079439689,0.5244067461320036,0.3990349259020376,2024-12-23 22:32:55.452683,2024-12-23 22:33:04.416831,0 days 00:00:08.964148,0.16633351901322266,32,0.1,220,100,8.826175054848826e-06,904,7.833989071608079e-05,2,3,adam,"{'neurons_per_layer_encoder': [220, 440, 880], 'neurons_per_layer_decoder': [880, 440]}",220,"[880, 440]","[220, 440, 880]",[0.6315390079439689],[0.5244067461320036],[0.3990349259020376],0.39170307448129293,COMPLETE
888,0.5093721089930063,0.18325344898494467,0.02615705001379287,2024-12-23 22:32:57.361468,2024-12-23 22:33:04.979944,0 days 00:00:07.618476,0.045664379934080644,32,0.1,64,100,8.591731115999078e-06,568,2.734220919245898e-05,3,3,adam,"{'neurons_per_layer_encoder': [64, 128, 256], 'neurons_per_layer_decoder': [256, 128, 64]}",64,"[256, 128, 64]","[64, 128, 256]",[0.5093721089930063],[0.18325344898494467],[0.02615705001379287],0.46240303439368763,COMPLETE
889,-0.5392548826546759,-0.3637097981986124,-0.02793590032908444,2024-12-23 22:32:58.075000,2024-12-23 22:33:08.851286,0 days 00:00:10.776286,0.10405122955996701,32,0.1,256,100,1.1093490083401189e-05,2088,7.822726261182566e-05,2,4,adadelta,"{'neurons_per_layer_encoder': [256, 512, 1024, 2048], 'neurons_per_layer_decoder': [2048, 1024]}",256,"[2048, 1024]","[256, 512, 1024, 2048]",[-0.5392548826546759],[-0.3637097981986124],[-0.02793590032908444],0.5375477240141341,COMPLETE
890,-0.1438189898525215,0.029654327809371717,-0.07962753788838306,2024-12-23 22:32:58.611014,2024-12-23 22:33:07.178697,0 days 00:00:08.567683,0.0729906823460217,32,0.1,88,100,1.8135771766597066e-05,760,7.741056021779203e-05,3,4,adadelta,"{'neurons_per_layer_encoder': [88, 176, 352, 704], 'neurons_per_layer_decoder': [704, 352, 176]}",88,"[704, 352, 176]","[88, 176, 352, 704]",[-0.1438189898525215],[0.029654327809371717],[-0.07962753788838306],0.5562734510685867,COMPLETE
891,-0.07184138511819049,-1.1105542036322014,-0.03424364929216628,2024-12-23 22:32:59.891629,2024-12-23 22:33:12.125195,0 days 00:00:12.233566,0.18367005654623636,32,0.1,88,100,1.1181681542362441e-05,776,8.112784567293452e-05,3,4,adadelta,"{'neurons_per_layer_encoder': [88, 176, 352, 704], 'neurons_per_layer_decoder': [704, 352, 176]}",88,"[704, 352, 176]","[88, 176, 352, 704]",[-0.07184138511819049],[-1.1105542036322014],[-0.03424364929216628],0.4331935644273906,COMPLETE
892,-0.924962655751963,-0.696968274709785,-0.19881202460430902,2024-12-23 22:33:04.988725,2024-12-23 22:33:09.690107,0 days 00:00:04.701382,0.012677313990562386,80,0.4,88,100,0.0002867137364274765,744,0.00012040512803257502,3,4,adadelta,"{'neurons_per_layer_encoder': [88, 176, 352, 704], 'neurons_per_layer_decoder': [704, 352, 176]}",88,"[704, 352, 176]","[88, 176, 352, 704]",[-0.924962655751963],[-0.696968274709785],[-0.19881202460430902],0.9028713034134029,COMPLETE
893,-0.1446110267539158,0.1355407869860854,0.02868793795446889,2024-12-23 22:33:07.187157,2024-12-23 22:33:21.790266,0 days 00:00:14.603109,0.024070736311530623,80,0.4,256,100,6.93474124426577e-05,2088,0.00012398053121775182,3,4,adam,"{'neurons_per_layer_encoder': [256, 512, 1024, 2048], 'neurons_per_layer_decoder': [2048, 1024, 512]}",256,"[2048, 1024, 512]","[256, 512, 1024, 2048]",[-0.1446110267539158],[0.1355407869860854],[0.02868793795446889],0.9065604959731153,COMPLETE
894,0.3615318801328943,0.44418463751128434,0.32131753596557633,2024-12-23 22:33:08.858808,2024-12-23 22:33:17.973360,0 days 00:00:09.114552,0.023642976686634138,32,0.1,72,100,0.00011889362894087174,984,5.688743576337387e-05,3,4,adam,"{'neurons_per_layer_encoder': [72, 144, 288, 576], 'neurons_per_layer_decoder': [576, 288, 144]}",72,"[576, 288, 144]","[72, 144, 288, 576]",[0.3615318801328943],[0.44418463751128434],[0.32131753596557633],0.8877208639335719,COMPLETE
895,0.4846588445310439,0.5543798880266196,0.4536966870283238,2024-12-23 22:33:12.135749,2024-12-23 22:33:24.505299,0 days 00:00:12.369550,0.023243374695650024,32,0.1,132,100,1.8344127200115304e-06,2584,5.7533818976483756e-05,3,4,adam,"{'neurons_per_layer_encoder': [132, 264, 528, 1056], 'neurons_per_layer_decoder': [1056, 528, 264]}",132,"[1056, 528, 264]","[132, 264, 528, 1056]",[0.4846588445310439],[0.5543798880266196],[0.4536966870283238],0.1193879279979153,COMPLETE
896,0.24589747608313495,0.1665661495231041,0.265542822064042,2024-12-23 22:33:21.801025,2024-12-23 22:33:27.324167,0 days 00:00:05.523142,0.18237162305504756,88,0.1,80,100,3.064207381016047e-06,680,0.00019866003123844138,3,4,adam,"{'neurons_per_layer_encoder': [80, 160, 320, 640], 'neurons_per_layer_decoder': [640, 320, 160]}",80,"[640, 320, 160]","[80, 160, 320, 640]",[0.24589747608313495],[0.1665661495231041],[0.265542822064042],-0.6221014036689082,COMPLETE
897,0.5372539769527995,0.526912936466727,0.3892168105168524,2024-12-23 22:33:27.329577,2024-12-23 22:33:32.909701,0 days 00:00:05.580124,0.1893916988255102,40,0.30000000000000004,64,100,2.096793144132721e-05,1048,0.0009462864188305946,3,4,adam,"{'neurons_per_layer_encoder': [64, 128, 256, 512], 'neurons_per_layer_decoder': [512, 256, 128]}",64,"[512, 256, 128]","[64, 128, 256, 512]",[0.5372539769527995],[0.526912936466727],[0.3892168105168524],0.5728977821927306,COMPLETE
898,0.6388962983009789,0.6811465303527968,0.20776173396649544,2024-12-23 22:33:32.914544,2024-12-23 22:33:39.287096,0 days 00:00:06.372552,0.19999777265008295,32,0.1,72,100,1.590844172639635e-06,1016,0.0016684786299049025,3,4,adam,"{'neurons_per_layer_encoder': [72, 144, 288, 576], 'neurons_per_layer_decoder': [576, 288, 144]}",72,"[576, 288, 144]","[72, 144, 288, 576]",[0.6388962983009789],[0.6811465303527968],[0.20776173396649544],-0.5620893576544773,COMPLETE
899,0.46499583811511946,0.7109240734021562,0.38338527324253957,2024-12-23 22:33:39.292309,2024-12-23 22:33:44.954362,0 days 00:00:05.662053,0.18080162520429233,32,0.2,60,100,1.3581350011974754e-05,696,8.821494204414102e-05,3,4,adam,"{'neurons_per_layer_encoder': [60, 120, 240, 480], 'neurons_per_layer_decoder': [480, 240, 120]}",60,"[480, 240, 120]","[60, 120, 240, 480]",[0.46499583811511946],[0.7109240734021562],[0.38338527324253957],0.5846493853764605,COMPLETE
