number,values_0,values_1,values_2,datetime_start,datetime_complete,duration,params_alpha,params_batch_size,params_drop_out_rate,params_encoder_neurons_layer_1,params_epochs,params_lambda,params_latent_dim,params_learning_rate,params_num_layers_decoder,params_num_layers_encoder,params_optimizer,user_attrs_encoder_decoder_config,user_attrs_first_layer_neurons,user_attrs_neurons_per_layer_decoder,user_attrs_neurons_per_layer_encoder,user_attrs_r2_feature_1,user_attrs_r2_feature_2,user_attrs_r2_feature_3,user_attrs_relative_deterioration,state
686,0.5699088944830324,0.5693279852929023,0.13754777652279548,2024-12-23 22:03:54.102749,2024-12-23 22:04:05.634018,0 days 00:00:11.531269,0.04669723092598101,32,0.1,56,100,9.032967575462261e-05,1032,0.0013082333886489613,4,4,adam,"{'neurons_per_layer_encoder': [56, 112, 224, 448], 'neurons_per_layer_decoder': [448, 224, 112, 56]}",56,"[448, 224, 112, 56]","[56, 112, 224, 448]",[0.5699088944830324],[0.5693279852929023],[0.13754777652279548],0.6676642944644482,COMPLETE
687,0.5482066743868887,0.5986857389805808,0.3914580047483607,2024-12-23 22:03:54.214625,2024-12-23 22:04:06.749139,0 days 00:00:12.534514,0.1994711589659912,32,0.1,88,100,0.00038391482428359007,744,8.29019758822195e-05,3,4,adam,"{'neurons_per_layer_encoder': [88, 176, 352, 704], 'neurons_per_layer_decoder': [704, 352, 176]}",88,"[704, 352, 176]","[88, 176, 352, 704]",[0.5482066743868887],[0.5986857389805808],[0.3914580047483607],0.9707043438719869,COMPLETE
688,-0.2009290302198783,-1.083216132062002,-0.18829496106046473,2024-12-23 22:03:54.442839,2024-12-23 22:03:59.432854,0 days 00:00:04.990015,0.18811227762888044,32,0.1,16,100,2.136395494269986e-06,248,8.418286534982611e-05,3,4,adam,"{'neurons_per_layer_encoder': [16, 32, 64, 128], 'neurons_per_layer_decoder': [128, 64, 32]}",16,"[128, 64, 32]","[16, 32, 64, 128]",[-0.2009290302198783],[-1.083216132062002],[-0.18829496106046473],0.07276190763142491,COMPLETE
689,0.6347884754775737,0.7300662819165589,0.2168237527891751,2024-12-23 22:03:57.780469,2024-12-23 22:04:12.557450,0 days 00:00:14.776981,0.17250764025702972,32,0.1,84,100,2.0130717560877626e-06,712,8.662790340825098e-05,3,4,adam,"{'neurons_per_layer_encoder': [84, 168, 336, 672], 'neurons_per_layer_decoder': [672, 336, 168]}",84,"[672, 336, 168]","[84, 168, 336, 672]",[0.6347884754775737],[0.7300662819165589],[0.2168237527891751],0.03821825091007583,COMPLETE
690,0.4419475805527011,0.43445061278948094,0.31699623274184086,2024-12-23 22:03:59.441094,2024-12-23 22:04:15.523819,0 days 00:00:16.082725,0.07882167033501437,32,0.1,200,100,1.941700380207743e-06,1624,0.004698405699913456,3,4,adam,"{'neurons_per_layer_encoder': [200, 400, 800, 1600], 'neurons_per_layer_decoder': [1600, 800, 400]}",200,"[1600, 800, 400]","[200, 400, 800, 1600]",[0.4419475805527011],[0.43445061278948094],[0.31699623274184086],0.048238138318438456,COMPLETE
691,0.5347334521101648,0.5363666216067318,0.39253448795236534,2024-12-23 22:04:00.653334,2024-12-23 22:04:21.056547,0 days 00:00:20.403213,0.16979230962677436,32,0.1,200,100,2.0492207445443e-06,1624,0.00011937192781044759,3,4,adam,"{'neurons_per_layer_encoder': [200, 400, 800, 1600], 'neurons_per_layer_decoder': [1600, 800, 400]}",200,"[1600, 800, 400]","[200, 400, 800, 1600]",[0.5347334521101648],[0.5363666216067318],[0.39253448795236534],0.054678074456695036,COMPLETE
692,0.26293793512608066,0.465522837371215,0.2959093648161394,2024-12-23 22:04:05.645135,2024-12-23 22:04:17.272979,0 days 00:00:11.627844,0.17418425368884216,40,0.30000000000000004,88,100,1.9770432575674113e-06,744,0.002450256243817347,3,4,adam,"{'neurons_per_layer_encoder': [88, 176, 352, 704], 'neurons_per_layer_decoder': [704, 352, 176]}",88,"[704, 352, 176]","[88, 176, 352, 704]",[0.26293793512608066],[0.465522837371215],[0.2959093648161394],-0.11231761137043277,COMPLETE
693,0.39466922039228347,0.4849603343189398,0.3295418144035187,2024-12-23 22:04:06.763704,2024-12-23 22:04:20.834633,0 days 00:00:14.070929,0.1720108841513129,40,0.30000000000000004,72,100,1.971297923675192e-06,696,0.00015759713399198343,3,4,adam,"{'neurons_per_layer_encoder': [72, 144, 288, 576], 'neurons_per_layer_decoder': [576, 288, 144]}",72,"[576, 288, 144]","[72, 144, 288, 576]",[0.39466922039228347],[0.4849603343189398],[0.3295418144035187],0.35261215873865914,COMPLETE
694,0.47099625767338704,0.34366941818506436,0.349171079509891,2024-12-23 22:04:12.565857,2024-12-23 22:04:23.245140,0 days 00:00:10.679283,0.07955366367241781,40,0.30000000000000004,68,100,2.4474641089138335e-06,680,0.00011513156028268218,3,4,adam,"{'neurons_per_layer_encoder': [68, 136, 272, 544], 'neurons_per_layer_decoder': [544, 272, 136]}",68,"[544, 272, 136]","[68, 136, 272, 544]",[0.47099625767338704],[0.34366941818506436],[0.349171079509891],0.3679859245032816,COMPLETE
695,0.3209866287352343,0.5770327748416508,0.19840422087071863,2024-12-23 22:04:15.533031,2024-12-23 22:04:25.980160,0 days 00:00:10.447129,0.012957231034279133,40,0.30000000000000004,68,100,1.722259603020734e-05,936,0.00016306011833599828,3,4,adam,"{'neurons_per_layer_encoder': [68, 136, 272, 544], 'neurons_per_layer_decoder': [544, 272, 136]}",68,"[544, 272, 136]","[68, 136, 272, 544]",[0.3209866287352343],[0.5770327748416508],[0.19840422087071863],0.5947630713261051,COMPLETE
696,0.030407701538647136,-0.158554819178929,0.04699369502718875,2024-12-23 22:04:17.280914,2024-12-23 22:04:24.097123,0 days 00:00:06.816209,0.188377888831944,120,0.1,68,100,2.5752101121726255e-06,968,0.00011098381996101151,3,4,adam,"{'neurons_per_layer_encoder': [68, 136, 272, 544], 'neurons_per_layer_decoder': [544, 272, 136]}",68,"[544, 272, 136]","[68, 136, 272, 544]",[0.030407701538647136],[-0.158554819178929],[0.04699369502718875],-0.5297216730971177,COMPLETE
697,0.03187340582453968,0.1787673844289187,0.13420674445462166,2024-12-23 22:04:17.759862,2024-12-23 22:04:26.650856,0 days 00:00:08.890994,0.18578910890632291,40,0.4,68,100,1.6965453776486233e-05,696,3.3864222143675436e-05,3,4,adam,"{'neurons_per_layer_encoder': [68, 136, 272, 544], 'neurons_per_layer_decoder': [544, 272, 136]}",68,"[544, 272, 136]","[68, 136, 272, 544]",[0.03187340582453968],[0.1787673844289187],[0.13420674445462166],0.5536356850639557,COMPLETE
698,0.34543335129635766,0.5349076578607842,0.32553303137720635,2024-12-23 22:04:20.844260,2024-12-23 22:04:31.276979,0 days 00:00:10.432719,0.18467949256592384,32,0.4,68,100,1.708551004048946e-05,968,0.00011421019812231046,3,4,adam,"{'neurons_per_layer_encoder': [68, 136, 272, 544], 'neurons_per_layer_decoder': [544, 272, 136]}",68,"[544, 272, 136]","[68, 136, 272, 544]",[0.34543335129635766],[0.5349076578607842],[0.32553303137720635],0.665350137534613,COMPLETE
699,0.3960479399670491,0.6299594733182609,0.2844809139264318,2024-12-23 22:04:21.064833,2024-12-23 22:04:30.861172,0 days 00:00:09.796339,0.07468198981681078,32,0.4,68,100,3.448977792674864e-05,968,0.00010301791128350557,3,4,adam,"{'neurons_per_layer_encoder': [68, 136, 272, 544], 'neurons_per_layer_decoder': [544, 272, 136]}",68,"[544, 272, 136]","[68, 136, 272, 544]",[0.3960479399670491],[0.6299594733182609],[0.2844809139264318],0.772804765364564,COMPLETE
700,0.5039501064865144,0.55496926574639,0.33517675998772045,2024-12-23 22:04:23.253555,2024-12-23 22:04:34.081863,0 days 00:00:10.828308,0.07405346101372587,32,0.4,76,100,1.255717768726993e-05,1064,0.0031327822832688387,3,4,adam,"{'neurons_per_layer_encoder': [76, 152, 304, 608], 'neurons_per_layer_decoder': [608, 304, 152]}",76,"[608, 304, 152]","[76, 152, 304, 608]",[0.5039501064865144],[0.55496926574639],[0.33517675998772045],0.39645472553582206,COMPLETE
701,0.340323627187729,0.47399930978505667,0.2790119750037785,2024-12-23 22:04:24.104977,2024-12-23 22:04:34.552456,0 days 00:00:10.447479,0.06078218064051612,32,0.4,76,100,1.3132956001155594e-05,1064,0.008486301037871973,3,4,adam,"{'neurons_per_layer_encoder': [76, 152, 304, 608], 'neurons_per_layer_decoder': [608, 304, 152]}",76,"[608, 304, 152]","[76, 152, 304, 608]",[0.340323627187729],[0.47399930978505667],[0.2790119750037785],0.1654819993395767,COMPLETE
702,-0.059304907291087394,0.32608040757351575,0.2792498765523157,2024-12-23 22:04:25.989891,2024-12-23 22:04:35.784367,0 days 00:00:09.794476,0.036997971790190216,32,0.4,76,100,1.173666906589004e-05,1064,0.00010009650744756487,3,4,adam,"{'neurons_per_layer_encoder': [76, 152, 304, 608], 'neurons_per_layer_decoder': [608, 304, 152]}",76,"[608, 304, 152]","[76, 152, 304, 608]",[-0.059304907291087394],[0.32608040757351575],[0.2792498765523157],0.5328678518708765,COMPLETE
703,0.6713889928388742,0.6093396263266195,0.15147002019331623,2024-12-23 22:04:26.658378,2024-12-23 22:04:37.406237,0 days 00:00:10.747859,0.05860018789038433,32,0.1,76,100,0.00010259878658596303,1064,0.00010129810883394123,3,4,adam,"{'neurons_per_layer_encoder': [76, 152, 304, 608], 'neurons_per_layer_decoder': [608, 304, 152]}",76,"[608, 304, 152]","[76, 152, 304, 608]",[0.6713889928388742],[0.6093396263266195],[0.15147002019331623],0.8894850724978068,COMPLETE
704,-0.038769581781614715,-1.7835698738939039,-0.262009027365423,2024-12-23 22:04:30.869095,2024-12-23 22:04:36.342512,0 days 00:00:05.473417,0.011541799854656355,32,0.1,40,100,1.2349899931285804e-05,392,6.229332662027563e-05,3,4,adadelta,"{'neurons_per_layer_encoder': [40, 80, 160, 320], 'neurons_per_layer_decoder': [320, 160, 80]}",40,"[320, 160, 80]","[40, 80, 160, 320]",[-0.038769581781614715],[-1.7835698738939039],[-0.262009027365423],0.17660435596726734,COMPLETE
705,-0.7660459592452178,-0.6351253092044491,-0.11275615879316825,2024-12-23 22:04:31.289704,2024-12-23 22:04:36.749069,0 days 00:00:05.459365,0.11884015059890689,32,0.1,76,100,1.2074083254487607e-05,1064,9.774017120205764e-05,3,4,adadelta,"{'neurons_per_layer_encoder': [76, 152, 304, 608], 'neurons_per_layer_decoder': [608, 304, 152]}",76,"[608, 304, 152]","[76, 152, 304, 608]",[-0.7660459592452178],[-0.6351253092044491],[-0.11275615879316825],0.3538492648826298,COMPLETE
706,-0.8558351341778054,-1.496056250448706,-0.006993478681723397,2024-12-23 22:04:34.559958,2024-12-23 22:04:39.008945,0 days 00:00:04.448987,0.12888467384691815,32,0.1,92,100,1.1094420776806653e-05,760,6.205220260847897e-05,3,4,adadelta,"{'neurons_per_layer_encoder': [92, 184, 368, 736], 'neurons_per_layer_decoder': [736, 368, 184]}",92,"[736, 368, 184]","[92, 184, 368, 736]",[-0.8558351341778054],[-1.496056250448706],[-0.006993478681723397],0.41946805076499444,COMPLETE
707,-0.09357712372185012,-1.2206589501238687,-0.09686168302896858,2024-12-23 22:04:35.792840,2024-12-23 22:04:40.155390,0 days 00:00:04.362550,0.11507302987653911,32,0.1,40,100,3.0035308536172678e-06,616,5.696003496722736e-05,3,4,adadelta,"{'neurons_per_layer_encoder': [40, 80, 160, 320], 'neurons_per_layer_decoder': [320, 160, 80]}",40,"[320, 160, 80]","[40, 80, 160, 320]",[-0.09357712372185012],[-1.2206589501238687],[-0.09686168302896858],0.17958729570256549,COMPLETE
708,0.5392506453563701,0.618680216913867,0.3029088483814696,2024-12-23 22:04:36.350223,2024-12-23 22:04:45.344332,0 days 00:00:08.994109,0.11346763561417054,32,0.1,60,100,0.000109484909189059,1032,0.0001383589107300416,3,4,adam,"{'neurons_per_layer_encoder': [60, 120, 240, 480], 'neurons_per_layer_decoder': [480, 240, 120]}",60,"[480, 240, 120]","[60, 120, 240, 480]",[0.5392506453563701],[0.618680216913867],[0.3029088483814696],0.8748959221367132,COMPLETE
709,0.4434656076475251,0.3349514249082459,0.3309239996264426,2024-12-23 22:04:36.756225,2024-12-23 22:04:53.186643,0 days 00:00:16.430418,0.18807963108114478,32,0.1,232,100,0.0005981454692186076,1880,9.382226936388378e-05,3,4,adam,"{'neurons_per_layer_encoder': [232, 464, 928, 1856], 'neurons_per_layer_decoder': [1856, 928, 464]}",232,"[1856, 928, 464]","[232, 464, 928, 1856]",[0.4434656076475251],[0.3349514249082459],[0.3309239996264426],0.9872722144028951,COMPLETE
710,0.6673126604538901,0.05050848262379837,0.2260491755825389,2024-12-23 22:04:37.414529,2024-12-23 22:04:44.091626,0 days 00:00:06.677097,0.19970195486431183,32,0.1,92,100,2.870925070558941e-06,368,0.0001433269135165151,3,2,adam,"{'neurons_per_layer_encoder': [92, 184], 'neurons_per_layer_decoder': [184, 92, 46]}",92,"[184, 92, 46]","[92, 184]",[0.6673126604538901],[0.05050848262379837],[0.2260491755825389],-0.1225595347748859,COMPLETE
711,0.6670520725503224,0.7618670775282077,0.28627630829760775,2024-12-23 22:04:39.017110,2024-12-23 22:04:49.285488,0 days 00:00:10.268378,0.19921654056991078,32,0.1,60,100,3.064222138872207e-06,1032,0.006233796521898545,3,4,adam,"{'neurons_per_layer_encoder': [60, 120, 240, 480], 'neurons_per_layer_decoder': [480, 240, 120]}",60,"[480, 240, 120]","[60, 120, 240, 480]",[0.6670520725503224],[0.7618670775282077],[0.28627630829760775],-0.15524188977961914,COMPLETE
712,0.5252982958349874,0.5999642075570288,0.23402560465276112,2024-12-23 22:04:40.164395,2024-12-23 22:04:46.902716,0 days 00:00:06.738321,0.18631935458149468,32,0.1,60,100,8.42775041438063e-06,192,9.314393472412669e-05,3,2,adam,"{'neurons_per_layer_encoder': [60, 120], 'neurons_per_layer_decoder': [120, 60, 30]}",60,"[120, 60, 30]","[60, 120]",[0.5252982958349874],[0.5999642075570288],[0.23402560465276112],0.0941717756367966,COMPLETE
713,0.18574018765881706,0.38172252908955484,0.0955995738141725,2024-12-23 22:04:44.101054,2024-12-23 22:04:51.128371,0 days 00:00:07.027317,0.08911784150053628,32,0.1,60,100,2.4524258597478135e-06,1032,0.006023193032231144,3,4,sgd,"{'neurons_per_layer_encoder': [60, 120, 240, 480], 'neurons_per_layer_decoder': [480, 240, 120]}",60,"[480, 240, 120]","[60, 120, 240, 480]",[0.18574018765881706],[0.38172252908955484],[0.0955995738141725],0.23999986092733763,COMPLETE
714,-0.8337383762796764,-0.3975735824598434,-1.312525487800431,2024-12-23 22:04:45.353572,2024-12-23 22:04:48.778882,0 days 00:00:03.425310,0.09050553742186643,32,0.1,60,100,8.561695721085832e-06,1000,7.58316777382773e-05,3,4,sgd,"{'neurons_per_layer_encoder': [60, 120, 240, 480], 'neurons_per_layer_decoder': [480, 240, 120]}",60,"[480, 240, 120]","[60, 120, 240, 480]",[-0.8337383762796764],[-0.3975735824598434],[-1.312525487800431],0.27448843655555966,COMPLETE
715,0.6197746267979508,0.6237155465992057,0.4299933961669714,2024-12-23 22:04:48.788019,2024-12-23 22:04:57.732659,0 days 00:00:08.944640,0.07030815081945513,32,0.1,84,100,0.0005531852951944626,1112,8.870696909610245e-05,3,4,adam,"{'neurons_per_layer_encoder': [84, 168, 336, 672], 'neurons_per_layer_decoder': [672, 336, 168]}",84,"[672, 336, 168]","[84, 168, 336, 672]",[0.6197746267979508],[0.6237155465992057],[0.4299933961669714],0.9809921120368789,COMPLETE
716,0.10536387077528975,0.1243991672208895,-0.015198545166936084,2024-12-23 22:04:49.295855,2024-12-23 22:04:56.840665,0 days 00:00:07.544810,0.07033920294819511,112,0.1,84,100,0.0005567225845618548,1528,8.815014444974019e-05,3,4,adam,"{'neurons_per_layer_encoder': [84, 168, 336, 672], 'neurons_per_layer_decoder': [672, 336, 168]}",84,"[672, 336, 168]","[84, 168, 336, 672]",[0.10536387077528975],[0.1243991672208895],[-0.015198545166936084],0.9682193707648573,COMPLETE
717,0.39152120203208796,0.304995056943445,0.24469675255653478,2024-12-23 22:04:53.195877,2024-12-23 22:05:00.549583,0 days 00:00:07.353706,0.06751479756300573,40,0.1,84,100,0.00032838947632612666,1096,7.600291036292828e-05,3,4,adam,"{'neurons_per_layer_encoder': [84, 168, 336, 672], 'neurons_per_layer_decoder': [672, 336, 168]}",84,"[672, 336, 168]","[84, 168, 336, 672]",[0.39152120203208796],[0.304995056943445],[0.24469675255653478],0.9559503326859266,COMPLETE
718,0.40464524683330216,0.5013011033734212,0.4014095083393605,2024-12-23 22:04:56.846469,2024-12-23 22:05:03.178017,0 days 00:00:06.331548,0.17804781112472284,40,0.1,84,100,2.4113623584085777e-06,1112,0.00012220728535854053,3,4,adam,"{'neurons_per_layer_encoder': [84, 168, 336, 672], 'neurons_per_layer_decoder': [672, 336, 168]}",84,"[672, 336, 168]","[84, 168, 336, 672]",[0.40464524683330216],[0.5013011033734212],[0.4014095083393605],-0.20967293615152985,COMPLETE
719,0.058435952090376664,-0.4203655093606098,-0.12745864784872896,2024-12-23 22:05:00.555740,2024-12-23 22:05:05.022737,0 days 00:00:04.466997,0.10341347877124966,32,0.1,4,100,7.346068836719423e-06,35,0.00011450976914737387,5,4,adam,"{'neurons_per_layer_encoder': [4, 8, 16, 32], 'neurons_per_layer_decoder': [32, 16, 8, 8, 8]}",4,"[32, 16, 8, 8, 8]","[4, 8, 16, 32]",[0.058435952090376664],[-0.4203655093606098],[-0.12745864784872896],-0.11091945820830867,COMPLETE
720,-0.5545067523409293,-1.6435498385039193,-0.35758653032425025,2024-12-23 22:16:49.119682,2024-12-23 22:16:50.994543,0 days 00:00:01.874861,0.16694138502711597,32,0.1,72,100,7.419392680718453e-05,127,1.217741947356134e-05,2,1,adam,"{'neurons_per_layer_encoder': [72], 'neurons_per_layer_decoder': [72, 36]}",72,"[72, 36]",[72],[-0.5545067523409293],[-1.6435498385039193],[-0.35758653032425025],0.09355977562096135,COMPLETE
721,0.6175256435696298,0.25329651929696095,0.20525104749409695,2024-12-23 22:16:49.121842,2024-12-23 22:16:58.547819,0 days 00:00:09.425977,0.16655343943183268,32,0.1,100,100,1.75274162529575e-06,840,1.4677979827383316e-05,2,4,adam,"{'neurons_per_layer_encoder': [100, 200, 400, 800], 'neurons_per_layer_decoder': [800, 400]}",100,"[800, 400]","[100, 200, 400, 800]",[0.6175256435696298],[0.25329651929696095],[0.20525104749409695],0.23355687840579115,COMPLETE
722,0.5106442518892792,0.42799483581897657,0.24376486274737252,2024-12-23 22:16:49.125600,2024-12-23 22:16:52.918939,0 days 00:00:03.793339,0.14898535581068006,32,0.1,72,100,1.6382804614071804e-06,159,0.00010661938030579965,2,1,adam,"{'neurons_per_layer_encoder': [72], 'neurons_per_layer_decoder': [72, 36]}",72,"[72, 36]",[72],[0.5106442518892792],[0.42799483581897657],[0.24376486274737252],-0.2010662687510715,COMPLETE
723,0.6779182116997302,0.7259660339758602,0.3149804524025399,2024-12-23 22:16:49.125234,2024-12-23 22:16:58.394705,0 days 00:00:09.269471,0.17098976313460187,32,0.1,72,100,1.7015194678046755e-06,632,0.00010859485732955828,2,4,adam,"{'neurons_per_layer_encoder': [72, 144, 288, 576], 'neurons_per_layer_decoder': [576, 288]}",72,"[576, 288]","[72, 144, 288, 576]",[0.6779182116997302],[0.7259660339758602],[0.3149804524025399],0.03713202448362163,COMPLETE
724,0.5348202851085255,0.29008808878757286,0.18757901756290296,2024-12-23 22:16:49.123445,2024-12-23 22:16:58.648045,0 days 00:00:09.524600,0.14826009098781048,32,0.1,72,100,1.7918456763640169e-06,1080,1.1925736995960588e-05,3,4,adam,"{'neurons_per_layer_encoder': [72, 144, 288, 576], 'neurons_per_layer_decoder': [576, 288, 144]}",72,"[576, 288, 144]","[72, 144, 288, 576]",[0.5348202851085255],[0.29008808878757286],[0.18757901756290296],0.32526839948730535,COMPLETE
725,0.4522860555611964,0.5551272755080852,0.14821427660504638,2024-12-23 22:16:49.123769,2024-12-23 22:16:52.967364,0 days 00:00:03.843595,0.17150693473192846,32,0.1,100,100,1.6006179329425226e-06,188,0.0001027072137200125,2,1,adam,"{'neurons_per_layer_encoder': [100], 'neurons_per_layer_decoder': [100, 50]}",100,"[100, 50]",[100],[0.4522860555611964],[0.5551272755080852],[0.14821427660504638],-0.2943653095555747,COMPLETE
726,0.3905156602692148,0.44665892066298984,0.36614778813608284,2024-12-23 22:16:51.001880,2024-12-23 22:17:02.954872,0 days 00:00:11.952992,0.08031991194317352,32,0.1,132,100,1.029160985443245e-05,1144,0.003954637824572005,3,4,adam,"{'neurons_per_layer_encoder': [132, 264, 528, 1056], 'neurons_per_layer_decoder': [1056, 528, 264]}",132,"[1056, 528, 264]","[132, 264, 528, 1056]",[0.3905156602692148],[0.44665892066298984],[0.36614778813608284],0.0666620023758101,COMPLETE
727,0.6243385318257351,0.650239008310481,0.3675913327953656,2024-12-23 22:16:52.928392,2024-12-23 22:17:01.612193,0 days 00:00:08.683801,0.19988310285211466,32,0.1,52,100,2.356043241778418e-06,1000,0.00013048086967379092,3,4,adam,"{'neurons_per_layer_encoder': [52, 104, 208, 416], 'neurons_per_layer_decoder': [416, 208, 104]}",52,"[416, 208, 104]","[52, 104, 208, 416]",[0.6243385318257351],[0.650239008310481],[0.3675913327953656],0.10855296031799552,COMPLETE
728,0.6089772651815741,0.5807782751610662,0.32554903403547,2024-12-23 22:16:52.976633,2024-12-23 22:17:02.822411,0 days 00:00:09.845778,0.08030534382927054,32,0.1,76,100,1.0315409271030866e-05,648,0.00024048584288321299,3,4,adam,"{'neurons_per_layer_encoder': [76, 152, 304, 608], 'neurons_per_layer_decoder': [608, 304, 152]}",76,"[608, 304, 152]","[76, 152, 304, 608]",[0.6089772651815741],[0.5807782751610662],[0.32554903403547],0.3609458186999194,COMPLETE
729,0.6349707534683855,0.6306063030638838,0.37761022486925333,2024-12-23 22:16:58.406281,2024-12-23 22:17:06.728012,0 days 00:00:08.321731,0.18615636493890245,32,0.1,52,100,4.850623188438163e-06,1000,7.567849485455646e-05,3,4,adam,"{'neurons_per_layer_encoder': [52, 104, 208, 416], 'neurons_per_layer_decoder': [416, 208, 104]}",52,"[416, 208, 104]","[52, 104, 208, 416]",[0.6349707534683855],[0.6306063030638838],[0.37761022486925333],0.2637134621211601,COMPLETE
730,-1.1867895008895424,-1.0137405821568226,-0.35125230154488896,2024-12-23 22:16:58.558857,2024-12-23 22:17:01.182360,0 days 00:00:02.623503,0.08173246250953718,32,0.1,52,100,2.304578391616644e-06,1016,7.659124649668897e-05,3,4,sgd,"{'neurons_per_layer_encoder': [52, 104, 208, 416], 'neurons_per_layer_decoder': [416, 208, 104]}",52,"[416, 208, 104]","[52, 104, 208, 416]",[-1.1867895008895424],[-1.0137405821568226],[-0.35125230154488896],0.1518867498151815,COMPLETE
731,-0.0550870599091382,-1.4026577533988354,-0.13544279924081337,2024-12-23 22:16:58.658877,2024-12-23 22:17:02.426403,0 days 00:00:03.767526,0.07930964857451395,40,0.1,64,100,9.649686190136134e-06,1000,0.00023329136147379436,3,4,sgd,"{'neurons_per_layer_encoder': [64, 128, 256, 512], 'neurons_per_layer_decoder': [512, 256, 128]}",64,"[512, 256, 128]","[64, 128, 256, 512]",[-0.0550870599091382],[-1.4026577533988354],[-0.13544279924081337],0.3371634042296449,COMPLETE
