number,values_0,values_1,values_2,datetime_start,datetime_complete,duration,params_alpha,params_batch_size,params_drop_out_rate,params_encoder_neurons_layer_1,params_epochs,params_lambda,params_latent_dim,params_learning_rate,params_num_layers_decoder,params_num_layers_encoder,params_optimizer,user_attrs_encoder_decoder_config,user_attrs_first_layer_neurons,user_attrs_neurons_per_layer_decoder,user_attrs_neurons_per_layer_encoder,user_attrs_r2_feature_1,user_attrs_r2_feature_2,user_attrs_r2_feature_3,user_attrs_relative_deterioration,state
370,-1.2939139616581432,-0.7203826733356038,0.0023259167019757943,2024-12-23 21:48:43.937647,2024-12-23 21:48:46.109471,0 days 00:00:02.171824,0.057280989052915864,96,0.1,176,100,0.0009293207016130354,1480,1.6635420542423882e-05,3,3,sgd,"{'neurons_per_layer_encoder': [176, 352, 704], 'neurons_per_layer_decoder': [704, 352, 176]}",176,"[704, 352, 176]","[176, 352, 704]",[-1.2939139616581432],[-0.7203826733356038],[0.0023259167019757943],0.9675316905844477,COMPLETE
371,-1.0652544012346277,-0.6180973438252266,-0.031613231653168095,2024-12-23 21:48:44.146769,2024-12-23 21:48:46.571413,0 days 00:00:02.424644,0.12072437358407594,32,0.1,176,100,1.4129776498200955e-05,1528,3.305954378059564e-05,3,3,sgd,"{'neurons_per_layer_encoder': [176, 352, 704], 'neurons_per_layer_decoder': [704, 352, 176]}",176,"[704, 352, 176]","[176, 352, 704]",[-1.0652544012346277],[-0.6180973438252266],[-0.031613231653168095],0.4112348312476641,COMPLETE
372,0.28639882439323416,0.3501957010385296,0.36193882871621497,2024-12-23 21:48:44.346904,2024-12-23 21:48:48.148210,0 days 00:00:03.801306,0.0780532471612258,32,0.1,76,100,1.2660575469088827e-05,712,0.0034695388091453795,3,3,sgd,"{'neurons_per_layer_encoder': [76, 152, 304], 'neurons_per_layer_decoder': [304, 152, 76]}",76,"[304, 152, 76]","[76, 152, 304]",[0.28639882439323416],[0.3501957010385296],[0.36193882871621497],0.5817497108824334,COMPLETE
373,0.16697572092249946,0.49606400561937525,0.2726302053423473,2024-12-23 21:48:44.840462,2024-12-23 21:48:50.352338,0 days 00:00:05.511876,0.07843591390210009,32,0.4,76,100,4.268162421092654e-05,696,0.00010848542422304138,3,3,adam,"{'neurons_per_layer_encoder': [76, 152, 304], 'neurons_per_layer_decoder': [304, 152, 76]}",76,"[304, 152, 76]","[76, 152, 304]",[0.16697572092249946],[0.49606400561937525],[0.2726302053423473],0.6711162196060513,COMPLETE
374,-0.15470752943591948,0.2014756077015064,0.028083605408060763,2024-12-23 21:48:44.954129,2024-12-23 21:48:48.489034,0 days 00:00:03.534905,0.11886917036010493,32,0.4,76,100,1.3316005353678232e-05,163,7.891754814117528e-05,3,1,adam,"{'neurons_per_layer_encoder': [76], 'neurons_per_layer_decoder': [76, 38, 19]}",76,"[76, 38, 19]",[76],[-0.15470752943591948],[0.2014756077015064],[0.028083605408060763],0.21980695634586842,COMPLETE
375,-0.03429835405670567,-1.1827578158898011,-0.1617248063335588,2024-12-23 21:48:45.050084,2024-12-23 21:48:47.236116,0 days 00:00:02.186032,0.08212721200685519,32,0.4,132,100,1.1809658224419123e-05,252,3.3664081147195735e-05,3,1,adam,"{'neurons_per_layer_encoder': [132], 'neurons_per_layer_decoder': [132, 66, 33]}",132,"[132, 66, 33]",[132],[-0.03429835405670567],[-1.1827578158898011],[-0.1617248063335588],0.2718025543909266,COMPLETE
376,-0.03733595028811276,-0.17616601085088535,-0.06662704252736096,2024-12-23 21:48:46.118326,2024-12-23 21:48:49.685093,0 days 00:00:03.566767,0.07957601480417902,32,0.4,76,100,1.178694320166754e-05,131,7.133352977801004e-05,3,1,adam,"{'neurons_per_layer_encoder': [76], 'neurons_per_layer_decoder': [76, 38, 19]}",76,"[76, 38, 19]",[76],[-0.03733595028811276],[-0.17616601085088535],[-0.06662704252736096],0.3539368129427969,COMPLETE
377,-0.20912318128974472,-1.0314976278914068,-0.1550657963940547,2024-12-23 21:48:46.579186,2024-12-23 21:48:49.913096,0 days 00:00:03.333910,0.14645296067072172,48,0.4,76,100,4.677789068549569e-05,728,1.363753473846989e-05,3,4,adam,"{'neurons_per_layer_encoder': [76, 152, 304, 608], 'neurons_per_layer_decoder': [608, 304, 152]}",76,"[608, 304, 152]","[76, 152, 304, 608]",[-0.20912318128974472],[-1.0314976278914068],[-0.1550657963940547],0.6600621570049064,COMPLETE
378,0.2613252240494187,0.473132967740993,0.3412104014685934,2024-12-23 21:48:47.242624,2024-12-23 21:48:55.243474,0 days 00:00:08.000850,0.14494925025023483,48,0.1,76,100,7.648225197582743e-06,1384,7.421393036977546e-05,3,4,adam,"{'neurons_per_layer_encoder': [76, 152, 304, 608], 'neurons_per_layer_decoder': [608, 304, 152]}",76,"[608, 304, 152]","[76, 152, 304, 608]",[0.2613252240494187],[0.473132967740993],[0.3412104014685934],0.18888690867509816,COMPLETE
379,0.3465619018317053,0.5583751830036584,0.37075090961423884,2024-12-23 21:48:48.156457,2024-12-23 21:48:56.482281,0 days 00:00:08.325824,0.08961880819581623,32,0.1,72,100,0.00010950370862607893,728,4.488978846907098e-05,3,4,adam,"{'neurons_per_layer_encoder': [72, 144, 288, 576], 'neurons_per_layer_decoder': [576, 288, 144]}",72,"[576, 288, 144]","[72, 144, 288, 576]",[0.3465619018317053],[0.5583751830036584],[0.37075090961423884],0.885695039005743,COMPLETE
380,0.7064130157535202,0.6035903693862203,0.33252031680311833,2024-12-23 21:48:48.497046,2024-12-23 21:48:56.851208,0 days 00:00:08.354162,0.14148182706895926,32,0.1,72,100,4.42062318961835e-05,728,6.824313635252091e-05,3,4,adam,"{'neurons_per_layer_encoder': [72, 144, 288, 576], 'neurons_per_layer_decoder': [576, 288, 144]}",72,"[576, 288, 144]","[72, 144, 288, 576]",[0.7064130157535202],[0.6035903693862203],[0.33252031680311833],0.7919861728909776,COMPLETE
381,0.4878989300955914,0.45442662806808065,0.2561420990859169,2024-12-23 21:48:49.692495,2024-12-23 21:48:55.786776,0 days 00:00:06.094281,0.14457852725106224,32,0.1,24,100,8.53684897488263e-05,296,0.008335585673288383,3,4,adam,"{'neurons_per_layer_encoder': [24, 48, 96, 192], 'neurons_per_layer_decoder': [192, 96, 48]}",24,"[192, 96, 48]","[24, 48, 96, 192]",[0.4878989300955914],[0.45442662806808065],[0.2561420990859169],-0.32257908825075327,COMPLETE
382,0.7063037681703008,0.7044065907930034,0.28439928071868625,2024-12-23 21:48:49.921389,2024-12-23 21:48:58.538276,0 days 00:00:08.616887,0.10888345899448847,32,0.1,68,100,0.0004726158266511892,728,0.00010357084284249381,3,4,adam,"{'neurons_per_layer_encoder': [68, 136, 272, 544], 'neurons_per_layer_decoder': [544, 272, 136]}",68,"[544, 272, 136]","[68, 136, 272, 544]",[0.7063037681703008],[0.7044065907930034],[0.28439928071868625],0.9722494468725718,COMPLETE
383,0.6938739208111959,0.7918979000082824,0.3204649383317566,2024-12-23 21:48:50.361183,2024-12-23 21:48:58.927954,0 days 00:00:08.566771,0.101975190621614,32,0.1,72,100,1.0546025252208153e-05,952,0.00010797137351060211,3,4,adam,"{'neurons_per_layer_encoder': [72, 144, 288, 576], 'neurons_per_layer_decoder': [576, 288, 144]}",72,"[576, 288, 144]","[72, 144, 288, 576]",[0.6938739208111959],[0.7918979000082824],[0.3204649383317566],0.502681367074315,COMPLETE
384,0.49147469653027753,0.5893700946876355,0.3258571169298088,2024-12-23 21:48:55.252264,2024-12-23 21:49:04.451029,0 days 00:00:09.198765,0.12758635016085898,32,0.1,68,100,4.7229916745598706e-06,1016,0.008038953704313082,3,4,adam,"{'neurons_per_layer_encoder': [68, 136, 272, 544], 'neurons_per_layer_decoder': [544, 272, 136]}",68,"[544, 272, 136]","[68, 136, 272, 544]",[0.49147469653027753],[0.5893700946876355],[0.3258571169298088],-0.31207039510025825,COMPLETE
385,0.34354759498583876,0.7025044063450963,-0.027807107798093922,2024-12-23 21:48:55.794630,2024-12-23 21:49:05.094388,0 days 00:00:09.299758,0.11046828320131591,32,0.1,68,100,0.00010498712893384547,1000,4.547921939745613e-05,3,4,adam,"{'neurons_per_layer_encoder': [68, 136, 272, 544], 'neurons_per_layer_decoder': [544, 272, 136]}",68,"[544, 272, 136]","[68, 136, 272, 544]",[0.34354759498583876],[0.7025044063450963],[-0.027807107798093922],0.8556613490811869,COMPLETE
386,-0.017230374746678878,-0.3711265655085789,0.07014812298020323,2024-12-23 21:48:56.490091,2024-12-23 21:49:02.974250,0 days 00:00:06.484159,0.11037612855773606,120,0.1,68,100,0.0004362664359367907,712,0.00010506190671224858,3,4,adam,"{'neurons_per_layer_encoder': [68, 136, 272, 544], 'neurons_per_layer_decoder': [544, 272, 136]}",68,"[544, 272, 136]","[68, 136, 272, 544]",[-0.017230374746678878],[-0.3711265655085789],[0.07014812298020323],0.9332911751520362,COMPLETE
387,0.37380040571604833,0.024423906352715963,0.11704290416998508,2024-12-23 21:48:56.858583,2024-12-23 21:49:02.111116,0 days 00:00:05.252533,0.10182041830087829,64,0.1,184,100,1.0461646076705314e-05,2488,0.0022807528420247087,3,4,adam,"{'neurons_per_layer_encoder': [184, 368, 736, 1472], 'neurons_per_layer_decoder': [1472, 736, 368]}",184,"[1472, 736, 368]","[184, 368, 736, 1472]",[0.37380040571604833],[0.024423906352715963],[0.11704290416998508],0.46493923256822867,COMPLETE
388,0.61120464770479,0.4865139477581688,0.35956050601672707,2024-12-23 21:48:58.545848,2024-12-23 21:49:06.372296,0 days 00:00:07.826448,0.11067660019356683,40,0.1,68,100,7.226451878236098e-06,1160,0.002262431355902674,2,4,adam,"{'neurons_per_layer_encoder': [68, 136, 272, 544], 'neurons_per_layer_decoder': [544, 272]}",68,"[544, 272]","[68, 136, 272, 544]",[0.61120464770479],[0.4865139477581688],[0.35956050601672707],-0.08153217732023901,COMPLETE
389,-0.5106414909533765,-0.7987778275742501,-0.05361077105380807,2024-12-23 21:48:58.934505,2024-12-23 21:49:03.236476,0 days 00:00:04.301971,0.11100391138055529,128,0.30000000000000004,68,100,1.072121188571313e-05,648,0.0026287533343343486,3,4,adadelta,"{'neurons_per_layer_encoder': [68, 136, 272, 544], 'neurons_per_layer_decoder': [544, 272, 136]}",68,"[544, 272, 136]","[68, 136, 272, 544]",[-0.5106414909533765],[-0.7987778275742501],[-0.05361077105380807],0.29435160256782505,COMPLETE
390,-0.07057592712567073,-0.03150393115240102,0.09137972035525455,2024-12-23 21:49:02.119139,2024-12-23 21:49:07.747647,0 days 00:00:05.628508,0.06839893413046887,128,0.30000000000000004,68,100,1.0810827414426789e-05,952,0.0005713510774845425,3,4,adam,"{'neurons_per_layer_encoder': [68, 136, 272, 544], 'neurons_per_layer_decoder': [544, 272, 136]}",68,"[544, 272, 136]","[68, 136, 272, 544]",[-0.07057592712567073],[-0.03150393115240102],[0.09137972035525455],0.055266091678780695,COMPLETE
391,-0.563146961098151,-1.5392221588419033,-0.0053337187504913786,2024-12-23 21:49:02.984641,2024-12-23 21:49:06.587839,0 days 00:00:03.603198,0.1319963275105017,40,0.30000000000000004,68,100,1.1314066199797531e-05,648,2.7929645994657584e-05,3,4,adadelta,"{'neurons_per_layer_encoder': [68, 136, 272, 544], 'neurons_per_layer_decoder': [544, 272, 136]}",68,"[544, 272, 136]","[68, 136, 272, 544]",[-0.563146961098151],[-1.5392221588419033],[-0.0053337187504913786],0.45455658786554726,COMPLETE
392,-0.31921792438688645,-1.4434811185582452,-0.07440650809279536,2024-12-23 21:49:03.243782,2024-12-23 21:49:06.706869,0 days 00:00:03.463087,0.12854387180630986,104,0.30000000000000004,68,100,1.1916342125607134e-05,968,8.636200229637247e-05,3,4,adadelta,"{'neurons_per_layer_encoder': [68, 136, 272, 544], 'neurons_per_layer_decoder': [544, 272, 136]}",68,"[544, 272, 136]","[68, 136, 272, 544]",[-0.31921792438688645],[-1.4434811185582452],[-0.07440650809279536],0.39114006333589435,COMPLETE
393,-0.00035129487180940444,-0.18032084132417547,-0.018549287747385845,2024-12-23 21:49:04.459278,2024-12-23 21:49:14.297295,0 days 00:00:09.838017,0.06917623882605882,112,0.30000000000000004,60,100,1.1112854769070682e-05,616,9.062969711384754e-05,3,4,adadelta,"{'neurons_per_layer_encoder': [60, 120, 240, 480], 'neurons_per_layer_decoder': [480, 240, 120]}",60,"[480, 240, 120]","[60, 120, 240, 480]",[-0.00035129487180940444],[-0.18032084132417547],[-0.018549287747385845],0.5194367795533128,COMPLETE
394,-0.9713302249452751,-0.3898517985407397,-0.09559751742306788,2024-12-23 21:49:05.102774,2024-12-23 21:49:13.542963,0 days 00:00:08.440189,0.06790390987711885,112,0.30000000000000004,244,100,1.1182031084634013e-05,1992,0.0005558608105478598,3,4,adadelta,"{'neurons_per_layer_encoder': [244, 488, 976, 1952], 'neurons_per_layer_decoder': [1952, 976, 488]}",244,"[1952, 976, 488]","[244, 488, 976, 1952]",[-0.9713302249452751],[-0.3898517985407397],[-0.09559751742306788],0.5359276536435355,COMPLETE
395,-0.2568614041244486,-0.741226597868565,-0.4196334584079453,2024-12-23 21:49:06.379570,2024-12-23 21:49:18.532833,0 days 00:00:12.153263,0.04178524574531028,64,0.1,208,100,1.1285946832567058e-05,2280,8.480568537453832e-05,3,4,adadelta,"{'neurons_per_layer_encoder': [208, 416, 832, 1664], 'neurons_per_layer_decoder': [1664, 832, 416]}",208,"[1664, 832, 416]","[208, 416, 832, 1664]",[-0.2568614041244486],[-0.741226597868565],[-0.4196334584079453],0.5470919882721776,COMPLETE
396,-0.0014120654773297492,-0.6745242630141994,-0.4132831159420878,2024-12-23 21:49:06.594748,2024-12-23 21:50:09.634834,0 days 00:01:03.040086,0.06811315295052109,104,0.30000000000000004,208,100,1.0118004385931128e-05,8200,8.699220914779637e-05,3,5,adadelta,"{'neurons_per_layer_encoder': [208, 416, 832, 1664, 3328], 'neurons_per_layer_decoder': [3328, 1664, 832]}",208,"[3328, 1664, 832]","[208, 416, 832, 1664, 3328]",[-0.0014120654773297492],[-0.6745242630141994],[-0.4132831159420878],0.6875466365543215,COMPLETE
397,0.6286128473339867,0.5527235200982751,0.28159252845458815,2024-12-23 21:49:06.714969,2024-12-23 21:49:29.827539,0 days 00:00:23.112570,0.11815716343605438,32,0.1,60,100,1.069112234961893e-05,728,8.586843492944993e-05,3,4,adam,"{'neurons_per_layer_encoder': [60, 120, 240, 480], 'neurons_per_layer_decoder': [480, 240, 120]}",60,"[480, 240, 120]","[60, 120, 240, 480]",[0.6286128473339867],[0.5527235200982751],[0.28159252845458815],0.38315807693812887,COMPLETE
398,-0.019395988349355298,-0.1383656662189694,-0.30941636579565923,2024-12-23 21:49:07.758043,2024-12-23 21:51:00.313064,0 days 00:01:52.555021,0.04244630074411681,112,0.1,240,100,9.57735111996323e-06,9384,9.018458876641824e-05,3,5,adadelta,"{'neurons_per_layer_encoder': [240, 480, 960, 1920, 3840], 'neurons_per_layer_decoder': [3840, 1920, 960]}",240,"[3840, 1920, 960]","[240, 480, 960, 1920, 3840]",[-0.019395988349355298],[-0.1383656662189694],[-0.30941636579565923],0.7333061263489624,COMPLETE
399,0.5778071359818348,0.3539689056386449,0.3346651644106219,2024-12-23 21:49:13.552079,2024-12-23 21:51:17.406680,0 days 00:02:03.854601,0.11998776753228531,32,0.1,208,100,1.3263365576690468e-05,7912,0.0006966694708950651,3,5,adam,"{'neurons_per_layer_encoder': [208, 416, 832, 1664, 3328], 'neurons_per_layer_decoder': [3328, 1664, 832]}",208,"[3328, 1664, 832]","[208, 416, 832, 1664, 3328]",[0.5778071359818348],[0.3539689056386449],[0.3346651644106219],0.7694775219988288,COMPLETE
400,0.601859425834552,0.5824643908230489,0.4791842921639683,2024-12-23 21:49:14.329333,2024-12-23 21:50:03.867767,0 days 00:00:49.538434,0.04129544335751237,32,0.1,60,100,9.317442304205616e-06,984,9.674328900671677e-05,3,5,adam,"{'neurons_per_layer_encoder': [60, 120, 240, 480, 960], 'neurons_per_layer_decoder': [960, 480, 240]}",60,"[960, 480, 240]","[60, 120, 240, 480, 960]",[0.601859425834552],[0.5824643908230489],[0.4791842921639683],0.5816211505534888,COMPLETE
401,0.5029880190394702,0.6487069667998535,0.42373604686993516,2024-12-23 21:49:18.541523,2024-12-23 21:49:59.594188,0 days 00:00:41.052665,0.08223656373419821,32,0.1,80,100,9.603086884721178e-06,1304,6.0571588579435475e-05,3,5,adam,"{'neurons_per_layer_encoder': [80, 160, 320, 640, 1280], 'neurons_per_layer_decoder': [1280, 640, 320]}",80,"[1280, 640, 320]","[80, 160, 320, 640, 1280]",[0.5029880190394702],[0.6487069667998535],[0.42373604686993516],0.6343276687987113,COMPLETE
402,0.5949451908651453,0.29075728918742894,0.2014516209676348,2024-12-23 21:49:29.839999,2024-12-23 21:50:28.404214,0 days 00:00:58.564215,0.06199468180057884,32,0.1,136,100,9.169039961367396e-06,2200,0.006150003762539368,3,5,adam,"{'neurons_per_layer_encoder': [136, 272, 544, 1088, 2176], 'neurons_per_layer_decoder': [2176, 1088, 544]}",136,"[2176, 1088, 544]","[136, 272, 544, 1088, 2176]",[0.5949451908651453],[0.29075728918742894],[0.2014516209676348],0.42706363775359296,COMPLETE
403,0.5986035934498333,0.461142604239263,0.3589128688330231,2024-12-23 21:49:59.620578,2024-12-23 21:51:03.396624,0 days 00:01:03.776046,0.06319417146113994,32,0.1,136,100,1.2600075967967627e-05,4584,0.000110797000597898,3,5,adam,"{'neurons_per_layer_encoder': [136, 272, 544, 1088, 2176], 'neurons_per_layer_decoder': [2176, 1088, 544]}",136,"[2176, 1088, 544]","[136, 272, 544, 1088, 2176]",[0.5986035934498333],[0.461142604239263],[0.3589128688330231],0.7825328742459156,COMPLETE
404,-0.1753967560021592,-1.0526051022233434,-0.2861944225363424,2024-12-23 21:50:03.880107,2024-12-23 21:50:18.704238,0 days 00:00:14.824131,0.010267966090937837,40,0.1,224,100,1.340010287847812e-05,1816,0.00011240202978723844,3,4,sgd,"{'neurons_per_layer_encoder': [224, 448, 896, 1792], 'neurons_per_layer_decoder': [1792, 896, 448]}",224,"[1792, 896, 448]","[224, 448, 896, 1792]",[-0.1753967560021592],[-1.0526051022233434],[-0.2861944225363424],0.5702487566830123,COMPLETE
405,-0.801009742398632,-0.5337077091772335,-0.015631225864200626,2024-12-23 21:50:09.658129,2024-12-23 21:50:27.239412,0 days 00:00:17.581283,0.07786417104504857,40,0.1,72,100,1.2786440711721575e-05,680,0.00011027182253709742,3,4,sgd,"{'neurons_per_layer_encoder': [72, 144, 288, 576], 'neurons_per_layer_decoder': [576, 288, 144]}",72,"[576, 288, 144]","[72, 144, 288, 576]",[-0.801009742398632],[-0.5337077091772335],[-0.015631225864200626],0.4027402360401723,COMPLETE
406,0.48077915381957015,0.7321181940951431,0.25945452136116665,2024-12-23 21:50:18.721116,2024-12-23 21:50:49.755063,0 days 00:00:31.033947,0.0626248484594237,32,0.1,72,100,1.3274770768614188e-05,680,0.00010919523696210292,3,4,adam,"{'neurons_per_layer_encoder': [72, 144, 288, 576], 'neurons_per_layer_decoder': [576, 288, 144]}",72,"[576, 288, 144]","[72, 144, 288, 576]",[0.48077915381957015],[0.7321181940951431],[0.25945452136116665],0.4941322611219312,COMPLETE
407,0.3745673729242823,0.6728062923809407,0.4254673711321878,2024-12-23 21:50:27.265840,2024-12-23 21:50:48.040974,0 days 00:00:20.775134,0.014267873937912562,32,0.1,140,100,1.3520423157823143e-05,228,0.00036042537290236,3,1,adam,"{'neurons_per_layer_encoder': [140], 'neurons_per_layer_decoder': [140, 70, 35]}",140,"[140, 70, 35]",[140],[0.3745673729242823],[0.6728062923809407],[0.4254673711321878],-0.14570325417084512,COMPLETE
408,-0.40830248056731966,-0.12351070997153912,0.019268083904054878,2024-12-23 21:50:28.430239,2024-12-23 21:50:44.789326,0 days 00:00:16.359087,0.08586008694063427,32,0.1,12,100,1.2483822279110611e-05,13,6.668625668188777e-05,3,1,adam,"{'neurons_per_layer_encoder': [12], 'neurons_per_layer_decoder': [12, 8, 8]}",12,"[12, 8, 8]",[12],[-0.40830248056731966],[-0.12351070997153912],[0.019268083904054878],-0.24709543147014917,COMPLETE
409,0.5077930505130097,0.6148649791834842,0.41711060201719874,2024-12-23 21:50:44.797813,2024-12-23 21:51:21.448971,0 days 00:00:36.651158,0.015390928894879053,32,0.4,240,100,1.372852958103694e-05,1944,0.0006761261929781943,3,4,adam,"{'neurons_per_layer_encoder': [240, 480, 960, 1920], 'neurons_per_layer_decoder': [1920, 960, 480]}",240,"[1920, 960, 480]","[240, 480, 960, 1920]",[0.5077930505130097],[0.6148649791834842],[0.41711060201719874],0.7809065194018254,COMPLETE
410,0.43212604739253013,0.2356976555104764,0.2456417620591863,2024-12-23 21:50:48.052453,2024-12-23 21:51:12.358244,0 days 00:00:24.305791,0.12340923431142067,32,0.4,84,100,1.384119663101539e-05,1432,0.00010074032458102485,3,4,adam,"{'neurons_per_layer_encoder': [84, 168, 336, 672], 'neurons_per_layer_decoder': [672, 336, 168]}",84,"[672, 336, 168]","[84, 168, 336, 672]",[0.43212604739253013],[0.2356976555104764],[0.2456417620591863],0.6270912152307081,COMPLETE
411,0.09156658972999776,0.4298021986466838,0.4344117694651475,2024-12-23 21:50:49.828438,2024-12-23 21:51:14.466563,0 days 00:00:24.638125,0.012863413752154582,32,0.4,80,100,6.771797556767431e-05,1096,0.0006650548108275548,3,4,adam,"{'neurons_per_layer_encoder': [80, 160, 320, 640], 'neurons_per_layer_decoder': [640, 320, 160]}",80,"[640, 320, 160]","[80, 160, 320, 640]",[0.09156658972999776],[0.4298021986466838],[0.4344117694651475],0.8151980234622433,COMPLETE
412,-0.43472344082398506,-0.8499499036649549,-0.6394622047009169,2024-12-23 21:51:00.341034,2024-12-23 21:51:10.681619,0 days 00:00:10.340585,0.05134853703822685,32,0.4,84,100,0.00020444458503064936,712,1.1470174163817974e-05,3,4,adam,"{'neurons_per_layer_encoder': [84, 168, 336, 672], 'neurons_per_layer_decoder': [672, 336, 168]}",84,"[672, 336, 168]","[84, 168, 336, 672]",[-0.43472344082398506],[-0.8499499036649549],[-0.6394622047009169],0.8570641671881386,COMPLETE
413,-0.029620853648298917,0.24416466038457396,0.16966649540638212,2024-12-23 21:51:03.408614,2024-12-23 21:51:18.335029,0 days 00:00:14.926415,0.015604875591018154,88,0.4,80,100,0.00020861501444818984,728,0.0006771848511952721,3,4,adam,"{'neurons_per_layer_encoder': [80, 160, 320, 640], 'neurons_per_layer_decoder': [640, 320, 160]}",80,"[640, 320, 160]","[80, 160, 320, 640]",[-0.029620853648298917],[0.24416466038457396],[0.16966649540638212],0.9002843720062103,COMPLETE
414,-0.18402842640921535,-0.30031444753475256,-0.1155886129668584,2024-12-23 21:51:10.691410,2024-12-23 21:51:20.794226,0 days 00:00:10.102816,0.015491748461985307,88,0.1,4,100,0.0004732217891216489,51,7.233552829983081e-05,3,4,adam,"{'neurons_per_layer_encoder': [4, 8, 16, 32], 'neurons_per_layer_decoder': [32, 16, 8]}",4,"[32, 16, 8]","[4, 8, 16, 32]",[-0.18402842640921535],[-0.30031444753475256],[-0.1155886129668584],0.49992138897882005,COMPLETE
