number,values_0,values_1,values_2,datetime_start,datetime_complete,duration,params_alpha,params_batch_size,params_drop_out_rate,params_encoder_neurons_layer_1,params_epochs,params_lambda,params_latent_dim,params_learning_rate,params_num_layers_decoder,params_num_layers_encoder,params_optimizer,user_attrs_encoder_decoder_config,user_attrs_first_layer_neurons,user_attrs_neurons_per_layer_decoder,user_attrs_neurons_per_layer_encoder,user_attrs_r2_feature_1,user_attrs_r2_feature_2,user_attrs_r2_feature_3,user_attrs_relative_deterioration,state
189,0.6444146159551147,0.6092896757080986,0.3509097189529766,2024-12-23 19:07:57.164210,2024-12-23 19:08:08.950450,0 days 00:00:11.786240,0.02684953005933231,32,0.1,92,100,2.053333620940253e-05,760,0.00011776873393865849,1,4,adam,"{'neurons_per_layer_encoder': [92, 184, 368, 736], 'neurons_per_layer_decoder': [736]}",92,[736],"[92, 184, 368, 736]",[0.6444146159551147],[0.6092896757080986],[0.3509097189529766],0.5613410955296804,COMPLETE
190,0.6217652808034404,0.5404436327352427,0.3581909652327435,2024-12-23 19:07:57.201458,2024-12-23 19:08:10.032489,0 days 00:00:12.831031,0.028185059274989946,32,0.1,124,100,3.6031832937235726e-05,1016,0.00012486485400311795,1,4,adam,"{'neurons_per_layer_encoder': [124, 248, 496, 992], 'neurons_per_layer_decoder': [992]}",124,[992],"[124, 248, 496, 992]",[0.6217652808034404],[0.5404436327352427],[0.3581909652327435],0.7513595799620981,COMPLETE
191,0.5471458159750127,0.6454220471668469,0.31876380564009366,2024-12-23 19:07:57.313925,2024-12-23 19:08:10.352085,0 days 00:00:13.038160,0.035871729054702456,32,0.1,124,100,2.0421823412667894e-05,1016,0.00013836842700465292,1,4,adam,"{'neurons_per_layer_encoder': [124, 248, 496, 992], 'neurons_per_layer_decoder': [992]}",124,[992],"[124, 248, 496, 992]",[0.5471458159750127],[0.6454220471668469],[0.31876380564009366],0.5955239627029029,COMPLETE
192,-0.2628935277954263,-0.15015322985008805,-0.12979150047858412,2024-12-23 19:08:08.962978,2024-12-23 19:08:24.119058,0 days 00:00:15.156080,0.029079025827456494,72,0.4,88,100,1.963692928625948e-05,3096,6.743797687694193e-05,4,5,adadelta,"{'neurons_per_layer_encoder': [88, 176, 352, 704, 1408], 'neurons_per_layer_decoder': [1408, 704, 352, 176]}",88,"[1408, 704, 352, 176]","[88, 176, 352, 704, 1408]",[-0.2628935277954263],[-0.15015322985008805],[-0.12979150047858412],0.6987805703674471,COMPLETE
193,-0.659595329424544,-0.4990510104533321,-0.08210599873840119,2024-12-23 19:08:08.965601,2024-12-23 19:08:21.002356,0 days 00:00:12.036755,0.028800906273796646,72,0.4,88,100,2.0723897860254293e-05,3128,2.994795502052207e-05,4,5,adadelta,"{'neurons_per_layer_encoder': [88, 176, 352, 704, 1408], 'neurons_per_layer_decoder': [1408, 704, 352, 176]}",88,"[1408, 704, 352, 176]","[88, 176, 352, 704, 1408]",[-0.659595329424544],[-0.4990510104533321],[-0.08210599873840119],0.6677399883580617,COMPLETE
194,-1.3329124242053827,-0.537281629479653,-0.024672047858478097,2024-12-23 19:08:09.181368,2024-12-23 19:08:14.899887,0 days 00:00:05.718519,0.02740926577882613,112,0.1,92,100,2.0592179172888686e-05,776,6.370166842040394e-05,4,4,adadelta,"{'neurons_per_layer_encoder': [92, 184, 368, 736], 'neurons_per_layer_decoder': [736, 368, 184, 92]}",92,"[736, 368, 184, 92]","[92, 184, 368, 736]",[-1.3329124242053827],[-0.537281629479653],[-0.024672047858478097],0.43601057262661624,COMPLETE
195,-0.012413900922324084,-0.5160252220481103,-0.02256465859392298,2024-12-23 19:08:10.042638,2024-12-23 19:08:19.915652,0 days 00:00:09.873014,0.027967653257587387,128,0.1,88,100,1.959767358937066e-05,776,6.706381271117652e-05,4,4,adadelta,"{'neurons_per_layer_encoder': [88, 176, 352, 704], 'neurons_per_layer_decoder': [704, 352, 176, 88]}",88,"[704, 352, 176, 88]","[88, 176, 352, 704]",[-0.012413900922324084],[-0.5160252220481103],[-0.02256465859392298],0.560790995899242,COMPLETE
196,-0.38777782679456374,-0.900453539816559,-0.1749450251304172,2024-12-23 19:08:10.361011,2024-12-23 19:08:15.925003,0 days 00:00:05.563992,0.029597686885741253,128,0.1,4,100,1.5197265926387387e-05,35,7.09300309924831e-05,5,4,adadelta,"{'neurons_per_layer_encoder': [4, 8, 16, 32], 'neurons_per_layer_decoder': [32, 16, 8, 8, 8]}",4,"[32, 16, 8, 8, 8]","[4, 8, 16, 32]",[-0.38777782679456374],[-0.900453539816559],[-0.1749450251304172],0.03561994160991691,COMPLETE
197,-0.4921865425359526,-1.2749989754979465,-0.06516713320854994,2024-12-23 19:08:12.448649,2024-12-23 19:08:19.119866,0 days 00:00:06.671217,0.02773088718231178,128,0.1,8,100,1.5650636807000358e-05,118,0.002882903278587741,4,4,adadelta,"{'neurons_per_layer_encoder': [8, 16, 32, 64], 'neurons_per_layer_decoder': [64, 32, 16, 8]}",8,"[64, 32, 16, 8]","[8, 16, 32, 64]",[-0.4921865425359526],[-1.2749989754979465],[-0.06516713320854994],0.21740953683048814,COMPLETE
198,-1.0219596538346587,-1.8326982131059122,-0.07371638456576446,2024-12-23 19:08:14.907919,2024-12-23 19:08:21.628657,0 days 00:00:06.720738,0.024659349336624403,72,0.1,80,100,1.5546885775640664e-05,824,0.002685830192364346,4,4,adadelta,"{'neurons_per_layer_encoder': [80, 160, 320, 640], 'neurons_per_layer_decoder': [640, 320, 160, 80]}",80,"[640, 320, 160, 80]","[80, 160, 320, 640]",[-1.0219596538346587],[-1.8326982131059122],[-0.07371638456576446],0.3136968453116683,COMPLETE
199,0.09445031014013472,0.053642081379108086,-0.24536410010319698,2024-12-23 19:08:15.934669,2024-12-23 19:08:24.374195,0 days 00:00:08.439526,0.024685421635595572,80,0.1,88,100,1.82822025948075e-05,808,0.007294670131716179,5,4,sgd,"{'neurons_per_layer_encoder': [88, 176, 352, 704], 'neurons_per_layer_decoder': [704, 352, 176, 88, 44]}",88,"[704, 352, 176, 88, 44]","[88, 176, 352, 704]",[0.09445031014013472],[0.053642081379108086],[-0.24536410010319698],0.5278774919299344,COMPLETE
200,-0.15368806156657966,-1.2675774597692948,-0.14882335257647084,2024-12-23 19:08:19.126965,2024-12-23 19:08:22.953847,0 days 00:00:03.826882,0.02513914983736894,72,0.1,84,100,1.829150022246289e-05,824,4.695404097481785e-05,4,4,sgd,"{'neurons_per_layer_encoder': [84, 168, 336, 672], 'neurons_per_layer_decoder': [672, 336, 168, 84]}",84,"[672, 336, 168, 84]","[84, 168, 336, 672]",[-0.15368806156657966],[-1.2675774597692948],[-0.14882335257647084],0.4649325374788956,COMPLETE
201,-1.1247872738266889,-0.8785625777675714,-0.06189977684265768,2024-12-23 19:08:19.924812,2024-12-23 19:08:23.629449,0 days 00:00:03.704637,0.024012227263686542,80,0.1,84,100,1.7489711317418773e-05,824,1.9508070378597224e-05,5,4,sgd,"{'neurons_per_layer_encoder': [84, 168, 336, 672], 'neurons_per_layer_decoder': [672, 336, 168, 84, 42]}",84,"[672, 336, 168, 84, 42]","[84, 168, 336, 672]",[-1.1247872738266889],[-0.8785625777675714],[-0.06189977684265768],0.38225273520340647,COMPLETE
202,-0.36713935217895366,-0.47365207587024893,-0.43968292547450605,2024-12-23 19:08:21.012462,2024-12-23 19:08:24.845404,0 days 00:00:03.832942,0.024227853813715148,120,0.1,80,100,1.3480953790417533e-05,728,4.831347109235237e-05,5,4,sgd,"{'neurons_per_layer_encoder': [80, 160, 320, 640], 'neurons_per_layer_decoder': [640, 320, 160, 80, 40]}",80,"[640, 320, 160, 80, 40]","[80, 160, 320, 640]",[-0.36713935217895366],[-0.47365207587024893],[-0.43968292547450605],0.3937599887530802,COMPLETE
203,-0.2592663984072534,-0.29272102191432414,-0.29422499246847766,2024-12-23 19:08:21.636026,2024-12-23 19:08:27.953451,0 days 00:00:06.317425,0.023508455860925988,80,0.1,84,100,0.000641616656063742,728,5.56087287401177e-05,5,4,sgd,"{'neurons_per_layer_encoder': [84, 168, 336, 672], 'neurons_per_layer_decoder': [672, 336, 168, 84, 42]}",84,"[672, 336, 168, 84, 42]","[84, 168, 336, 672]",[-0.2592663984072534],[-0.29272102191432414],[-0.29422499246847766],0.9623455084964087,COMPLETE
204,-0.9579257170515039,0.05535510888889894,-0.34253510071461934,2024-12-23 19:08:22.963723,2024-12-23 19:08:28.286104,0 days 00:00:05.322381,0.0231505216023163,80,0.1,92,100,2.290882379968057e-05,1592,0.0060158810872939505,5,4,sgd,"{'neurons_per_layer_encoder': [92, 184, 368, 736], 'neurons_per_layer_decoder': [736, 368, 184, 92, 46]}",92,"[736, 368, 184, 92, 46]","[92, 184, 368, 736]",[-0.9579257170515039],[0.05535510888889894],[-0.34253510071461934],0.5462297607546888,COMPLETE
205,-0.06929255909858378,-0.21474770750028283,0.04148129653350596,2024-12-23 19:08:23.638453,2024-12-23 19:08:29.642674,0 days 00:00:06.004221,0.02196030357537033,88,0.1,92,100,0.0006951790455622845,792,0.005276181357470636,3,4,sgd,"{'neurons_per_layer_encoder': [92, 184, 368, 736], 'neurons_per_layer_decoder': [736, 368, 184]}",92,"[736, 368, 184]","[92, 184, 368, 736]",[-0.06929255909858378],[-0.21474770750028283],[0.04148129653350596],0.9707236592021378,COMPLETE
206,-0.31423758518831835,-0.8260937266962598,-0.046639076070855046,2024-12-23 19:08:24.128956,2024-12-23 19:08:28.753262,0 days 00:00:04.624306,0.02334004116049297,88,0.1,92,100,1.2272709788885125e-05,792,5.642007541786503e-05,3,4,sgd,"{'neurons_per_layer_encoder': [92, 184, 368, 736], 'neurons_per_layer_decoder': [736, 368, 184]}",92,"[736, 368, 184]","[92, 184, 368, 736]",[-0.31423758518831835],[-0.8260937266962598],[-0.046639076070855046],0.4291875972606221,COMPLETE
207,-0.4814655453519423,-1.210824521573206,-0.34385131814045455,2024-12-23 19:08:24.381599,2024-12-23 19:08:27.336063,0 days 00:00:02.954464,0.022674020712458626,88,0.1,92,100,2.289091585668458e-05,1592,5.18914905258877e-05,3,4,sgd,"{'neurons_per_layer_encoder': [92, 184, 368, 736], 'neurons_per_layer_decoder': [736, 368, 184]}",92,"[736, 368, 184]","[92, 184, 368, 736]",[-0.4814655453519423],[-1.210824521573206],[-0.34385131814045455],0.5690485230168273,COMPLETE
208,-0.03261315749416305,-0.1268800093752689,0.14985123954328183,2024-12-23 19:08:24.852620,2024-12-23 19:08:31.059267,0 days 00:00:06.206647,0.023053417554683372,112,0.1,92,100,2.2054675963533458e-05,1592,9.036263870772739e-05,3,4,sgd,"{'neurons_per_layer_encoder': [92, 184, 368, 736], 'neurons_per_layer_decoder': [736, 368, 184]}",92,"[736, 368, 184]","[92, 184, 368, 736]",[-0.03261315749416305],[-0.1268800093752689],[0.14985123954328183],0.6342699896353241,COMPLETE
209,-0.5069744636906766,-0.8318623172072173,-0.06946959057561686,2024-12-23 19:08:27.343470,2024-12-23 19:08:29.714747,0 days 00:00:02.371277,0.026788092780810454,112,0.1,92,100,0.0006391737224396504,776,1.0139540535360462e-05,2,4,sgd,"{'neurons_per_layer_encoder': [92, 184, 368, 736], 'neurons_per_layer_decoder': [736, 368]}",92,"[736, 368]","[92, 184, 368, 736]",[-0.5069744636906766],[-0.8318623172072173],[-0.06946959057561686],0.9532720968299992,COMPLETE
210,0.2477978677557785,0.2854344707586436,0.19346563864072075,2024-12-23 19:08:27.961126,2024-12-23 19:08:39.804628,0 days 00:00:11.843502,0.0272499108906657,32,0.1,92,100,5.0334941140432e-05,776,0.004096203566594467,2,4,adadelta,"{'neurons_per_layer_encoder': [92, 184, 368, 736], 'neurons_per_layer_decoder': [736, 368]}",92,"[736, 368]","[92, 184, 368, 736]",[0.2477978677557785],[0.2854344707586436],[0.19346563864072075],0.764882065032517,COMPLETE
211,-0.9346459287012665,-0.44698004038790073,-0.06024586350556049,2024-12-23 19:08:28.294269,2024-12-23 19:08:33.963992,0 days 00:00:05.669723,0.03083696533639687,112,0.1,96,100,0.0001907255561958119,872,0.009866198931848794,2,4,adadelta,"{'neurons_per_layer_encoder': [96, 192, 384, 768], 'neurons_per_layer_decoder': [768, 384]}",96,"[768, 384]","[96, 192, 384, 768]",[-0.9346459287012665],[-0.44698004038790073],[-0.06024586350556049],0.8629192640565738,COMPLETE
212,-0.488946110727434,-0.5897452348193706,-0.28816657764718645,2024-12-23 19:08:28.761774,2024-12-23 19:08:32.543533,0 days 00:00:03.781759,0.031034912948272722,112,0.1,96,100,0.0001654890213910237,872,3.0905366426513463e-05,2,4,adadelta,"{'neurons_per_layer_encoder': [96, 192, 384, 768], 'neurons_per_layer_decoder': [768, 384]}",96,"[768, 384]","[96, 192, 384, 768]",[-0.488946110727434],[-0.5897452348193706],[-0.28816657764718645],0.8568066943376899,COMPLETE
213,-0.17727228261214067,-1.4265191578957483,-0.34330298763183853,2024-12-23 19:08:29.650732,2024-12-23 19:08:34.542550,0 days 00:00:04.891818,0.031112221633974292,32,0.4,40,100,0.0001999780075806969,760,1.0540696212078515e-05,2,4,adadelta,"{'neurons_per_layer_encoder': [40, 80, 160, 320], 'neurons_per_layer_decoder': [320, 160]}",40,"[320, 160]","[40, 80, 160, 320]",[-0.17727228261214067],[-1.4265191578957483],[-0.34330298763183853],0.7646855040665743,COMPLETE
214,-0.18896293832069233,0.0017910959721111341,-0.05076675218966531,2024-12-23 19:08:29.723144,2024-12-23 19:09:17.298642,0 days 00:00:47.575498,0.031034718701546133,32,0.4,232,100,0.00016399773688812903,4120,0.003757347722103006,2,4,adadelta,"{'neurons_per_layer_encoder': [232, 464, 928, 1856], 'neurons_per_layer_decoder': [1856, 928]}",232,"[1856, 928]","[232, 464, 928, 1856]",[-0.18896293832069233],[0.0017910959721111341],[-0.05076675218966531],0.952464530658183,COMPLETE
215,0.06465241187572168,0.02464473838134773,-0.1339473802747586,2024-12-23 19:08:31.066095,2024-12-23 19:08:44.754597,0 days 00:00:13.688502,0.030138647850768585,32,0.4,44,100,2.9985157480143426e-05,744,0.0091808547377357,2,4,adadelta,"{'neurons_per_layer_encoder': [44, 88, 176, 352], 'neurons_per_layer_decoder': [352, 176]}",44,"[352, 176]","[44, 88, 176, 352]",[0.06465241187572168],[0.02464473838134773],[-0.1339473802747586],0.5885956249161204,COMPLETE
216,-0.9317093161820773,-0.7576390461890739,-0.020942395672325587,2024-12-23 19:08:32.552274,2024-12-23 19:08:38.018033,0 days 00:00:05.465759,0.026321171618420104,56,0.4,16,100,5.3033819336734105e-05,232,0.00011220136261194964,2,4,adadelta,"{'neurons_per_layer_encoder': [16, 32, 64, 128], 'neurons_per_layer_decoder': [128, 64]}",16,"[128, 64]","[16, 32, 64, 128]",[-0.9317093161820773],[-0.7576390461890739],[-0.020942395672325587],0.29029837911554573,COMPLETE
217,0.3250918531464261,0.3754530427257552,0.05594480596938012,2024-12-23 19:08:33.975235,2024-12-23 19:08:49.310937,0 days 00:00:15.335702,0.02630322754987968,56,0.4,80,100,4.931857596194538e-05,760,0.00011063913942784847,1,4,adam,"{'neurons_per_layer_encoder': [80, 160, 320, 640], 'neurons_per_layer_decoder': [640]}",80,[640],"[80, 160, 320, 640]",[0.3250918531464261],[0.3754530427257552],[0.05594480596938012],0.7217531783447863,COMPLETE
218,0.12881704386651582,0.29370573081945706,0.23203820014859222,2024-12-23 19:08:34.550768,2024-12-23 19:09:12.094297,0 days 00:00:37.543529,0.02660217328210464,56,0.1,228,100,2.8052391624749735e-05,4248,0.0021209954334282665,1,4,adam,"{'neurons_per_layer_encoder': [228, 456, 912, 1824], 'neurons_per_layer_decoder': [1824]}",228,[1824],"[228, 456, 912, 1824]",[0.12881704386651582],[0.29370573081945706],[0.23203820014859222],0.6033369377976063,COMPLETE
219,0.5220214665359088,0.5193246263962843,0.23264983615446833,2024-12-23 19:08:38.026875,2024-12-23 19:09:25.150617,0 days 00:00:47.123742,0.010982865044831366,32,0.1,236,100,7.782956445943167e-05,3544,0.00012466109175738793,1,4,adam,"{'neurons_per_layer_encoder': [236, 472, 944, 1888], 'neurons_per_layer_decoder': [1888]}",236,[1888],"[236, 472, 944, 1888]",[0.5220214665359088],[0.5193246263962843],[0.23264983615446833],0.921256123793207,COMPLETE
220,0.5925718530508712,0.673784036052806,0.2561232790677551,2024-12-23 19:08:39.816654,2024-12-23 19:09:27.878794,0 days 00:00:48.062140,0.011214219073707687,32,0.1,232,100,2.6599762551407578e-05,4184,0.00012314605310494807,1,4,adam,"{'neurons_per_layer_encoder': [232, 464, 928, 1856], 'neurons_per_layer_decoder': [1856]}",232,[1856],"[232, 464, 928, 1856]",[0.5925718530508712],[0.673784036052806],[0.2561232790677551],0.8260045681273782,COMPLETE
221,0.4894137844921175,0.7053663542321394,0.21351695678308502,2024-12-23 19:08:44.762066,2024-12-23 19:09:34.241742,0 days 00:00:49.479676,0.01113810533823792,32,0.1,232,100,9.323499012582413e-05,4136,0.0001213764708176795,1,4,adam,"{'neurons_per_layer_encoder': [232, 464, 928, 1856], 'neurons_per_layer_decoder': [1856]}",232,[1856],"[232, 464, 928, 1856]",[0.4894137844921175],[0.7053663542321394],[0.21351695678308502],0.9371151159770236,COMPLETE
222,-0.22412561275277643,-0.810450315769021,0.0005112482566747012,2024-12-23 19:08:49.321697,2024-12-23 19:09:37.691379,0 days 00:00:48.369682,0.011374487932530911,32,0.1,236,100,0.0009917702780624042,4472,0.0021988495355233194,1,4,adam,"{'neurons_per_layer_encoder': [236, 472, 944, 1888], 'neurons_per_layer_decoder': [1888]}",236,[1888],"[236, 472, 944, 1888]",[-0.22412561275277643],[-0.810450315769021],[0.0005112482566747012],0.36969871238103347,COMPLETE
223,0.6186908844632985,0.5326863547358929,0.36369746903264377,2024-12-23 19:09:12.109606,2024-12-23 19:09:34.643438,0 days 00:00:22.533832,0.020566906380685437,32,0.1,100,100,0.00011431174719038096,840,0.0001269730696686347,1,4,adam,"{'neurons_per_layer_encoder': [100, 200, 400, 800], 'neurons_per_layer_decoder': [800]}",100,[800],"[100, 200, 400, 800]",[0.6186908844632985],[0.5326863547358929],[0.36369746903264377],0.8874567842332903,COMPLETE
224,0.40024856495300587,0.4269966678933671,0.3303727921324615,2024-12-23 19:09:17.321739,2024-12-23 19:09:34.998098,0 days 00:00:17.676359,0.010035506495658236,32,0.1,28,100,2.3605085833436314e-05,504,1.2937376670950747e-05,1,4,adam,"{'neurons_per_layer_encoder': [28, 56, 112, 224], 'neurons_per_layer_decoder': [224]}",28,[224],"[28, 56, 112, 224]",[0.40024856495300587],[0.4269966678933671],[0.3303727921324615],0.4370930544342237,COMPLETE
225,0.6321231879384894,0.6420389574540877,0.44352042711979955,2024-12-23 19:09:25.160226,2024-12-23 19:09:40.544758,0 days 00:00:15.384532,0.02092059621242445,32,0.1,100,100,1.5417581690945976e-05,824,0.0001413063370689375,1,4,adam,"{'neurons_per_layer_encoder': [100, 200, 400, 800], 'neurons_per_layer_decoder': [800]}",100,[800],"[100, 200, 400, 800]",[0.6321231879384894],[0.6420389574540877],[0.44352042711979955],0.5361570583926585,COMPLETE
226,0.550925336745355,0.476451413652052,0.45619967248982984,2024-12-23 19:09:27.888202,2024-12-23 19:09:42.015103,0 days 00:00:14.126901,0.028441537120614382,32,0.1,100,100,1.6434186009022738e-05,840,0.00010021541497581242,1,4,adam,"{'neurons_per_layer_encoder': [100, 200, 400, 800], 'neurons_per_layer_decoder': [800]}",100,[800],"[100, 200, 400, 800]",[0.550925336745355],[0.476451413652052],[0.45619967248982984],0.5035481273112616,COMPLETE
227,0.6817304977522095,0.6385228649439556,0.23274584872295812,2024-12-23 19:09:34.250639,2024-12-23 19:09:43.240326,0 days 00:00:08.989687,0.020114720507658765,32,0.1,28,100,0.00012091848578535387,504,9.666909162834622e-05,1,4,adam,"{'neurons_per_layer_encoder': [28, 56, 112, 224], 'neurons_per_layer_decoder': [224]}",28,[224],"[28, 56, 112, 224]",[0.6817304977522095],[0.6385228649439556],[0.23274584872295812],0.7454223768366729,COMPLETE
228,0.5873648773423211,0.5385989978099761,0.30892508041345423,2024-12-23 19:09:34.651421,2024-12-23 19:09:50.311543,0 days 00:00:15.660122,0.014974709366000781,32,0.1,148,100,2.1705465039528814e-05,1976,0.0016415189920203877,1,4,adam,"{'neurons_per_layer_encoder': [148, 296, 592, 1184], 'neurons_per_layer_decoder': [1184]}",148,[1184],"[148, 296, 592, 1184]",[0.5873648773423211],[0.5385989978099761],[0.30892508041345423],0.4159931645008365,COMPLETE
229,0.6563704545444329,0.4413978712307274,0.36520153129553323,2024-12-23 19:09:35.007868,2024-12-23 19:09:46.207189,0 days 00:00:11.199321,0.028124440288631203,32,0.1,100,100,1.613743870382802e-05,824,0.001578941120881305,1,4,adam,"{'neurons_per_layer_encoder': [100, 200, 400, 800], 'neurons_per_layer_decoder': [800]}",100,[800],"[100, 200, 400, 800]",[0.6563704545444329],[0.4413978712307274],[0.36520153129553323],0.3086031324768241,COMPLETE
230,0.267130357753133,0.057773155431237844,0.29000821793257425,2024-12-23 19:09:37.702018,2024-12-23 19:09:57.636501,0 days 00:00:19.934483,0.012527772249185616,32,0.1,100,100,0.000369660388872072,1624,0.0016278081373547351,1,5,adam,"{'neurons_per_layer_encoder': [100, 200, 400, 800, 1600], 'neurons_per_layer_decoder': [1600]}",100,[1600],"[100, 200, 400, 800, 1600]",[0.267130357753133],[0.057773155431237844],[0.29000821793257425],0.48201961147700384,COMPLETE
231,0.18490579680241248,0.23994022884183996,0.08524435640476857,2024-12-23 19:09:40.554818,2024-12-23 19:09:58.877389,0 days 00:00:18.322571,0.012416876969705134,64,0.1,96,100,0.0004315431053737248,1560,0.00010326798985812113,1,5,adam,"{'neurons_per_layer_encoder': [96, 192, 384, 768, 1536], 'neurons_per_layer_decoder': [1536]}",96,[1536],"[96, 192, 384, 768, 1536]",[0.18490579680241248],[0.23994022884183996],[0.08524435640476857],0.9689329846731597,COMPLETE
232,-0.07472923282989252,-0.04574208485838671,-0.031096997493617495,2024-12-23 19:09:42.024032,2024-12-23 19:10:09.796975,0 days 00:00:27.772943,0.028675465843659768,120,0.1,148,100,1.8310400556636165e-05,5768,0.00014301398954588224,1,5,adam,"{'neurons_per_layer_encoder': [148, 296, 592, 1184, 2368], 'neurons_per_layer_decoder': [2368]}",148,[2368],"[148, 296, 592, 1184, 2368]",[-0.07472923282989252],[-0.04574208485838671],[-0.031096997493617495],0.6175932746255336,COMPLETE
233,-0.18683540617884398,-0.35961402035234324,0.01163340163155746,2024-12-23 19:09:43.252840,2024-12-23 19:10:13.980285,0 days 00:00:30.727445,0.02852489592006011,120,0.1,148,100,1.8884212743940497e-05,5880,0.00014448304342082848,3,5,adam,"{'neurons_per_layer_encoder': [148, 296, 592, 1184, 2368], 'neurons_per_layer_decoder': [2368, 1184, 592]}",148,"[2368, 1184, 592]","[148, 296, 592, 1184, 2368]",[-0.18683540617884398],[-0.35961402035234324],[0.01163340163155746],0.6888582774059719,COMPLETE
