number,values_0,values_1,values_2,datetime_start,datetime_complete,duration,params_alpha,params_batch_size,params_drop_out_rate,params_encoder_neurons_layer_1,params_epochs,params_lambda,params_latent_dim,params_learning_rate,params_num_layers_decoder,params_num_layers_encoder,params_optimizer,user_attrs_encoder_decoder_config,user_attrs_first_layer_neurons,user_attrs_neurons_per_layer_decoder,user_attrs_neurons_per_layer_encoder,user_attrs_r2_feature_1,user_attrs_r2_feature_2,user_attrs_r2_feature_3,user_attrs_relative_deterioration,state
640,0.6116360092143043,0.7354074011989455,0.3215080123285736,2024-12-23 22:02:48.126758,2024-12-23 22:02:57.991638,0 days 00:00:09.864880,0.17844562508137457,32,0.1,60,100,1.5281221488047697e-06,1032,7.220343187353323e-05,3,4,adam,"{'neurons_per_layer_encoder': [60, 120, 240, 480], 'neurons_per_layer_decoder': [480, 240, 120]}",60,"[480, 240, 120]","[60, 120, 240, 480]",[0.6116360092143043],[0.7354074011989455],[0.3215080123285736],0.04372383483378591,COMPLETE
641,0.5815817495795748,0.6755153481537428,0.3803036719425028,2024-12-23 22:02:49.237572,2024-12-23 22:02:59.486753,0 days 00:00:10.249181,0.18016241816574408,32,0.1,60,100,1.7582174554550768e-06,1016,7.50894792172145e-05,3,4,adam,"{'neurons_per_layer_encoder': [60, 120, 240, 480], 'neurons_per_layer_decoder': [480, 240, 120]}",60,"[480, 240, 120]","[60, 120, 240, 480]",[0.5815817495795748],[0.6755153481537428],[0.3803036719425028],0.13515793040146545,COMPLETE
642,0.5305675863822872,0.4244565107912801,0.28378510731860784,2024-12-23 22:02:57.463313,2024-12-23 22:03:06.798380,0 days 00:00:09.335067,0.09712759208620925,32,0.1,60,100,1.5667844772926885e-06,1016,6.168256183002656e-05,3,4,adam,"{'neurons_per_layer_encoder': [60, 120, 240, 480], 'neurons_per_layer_decoder': [480, 240, 120]}",60,"[480, 240, 120]","[60, 120, 240, 480]",[0.5305675863822872],[0.4244565107912801],[0.28378510731860784],0.14172327811577115,COMPLETE
643,0.6676466120881814,0.517600401942129,0.4267761376024408,2024-12-23 22:02:57.556409,2024-12-23 22:03:06.593761,0 days 00:00:09.037352,0.09521435767491065,32,0.1,60,100,2.5880671032930794e-06,1032,8.02845574102859e-05,3,4,adam,"{'neurons_per_layer_encoder': [60, 120, 240, 480], 'neurons_per_layer_decoder': [480, 240, 120]}",60,"[480, 240, 120]","[60, 120, 240, 480]",[0.6676466120881814],[0.517600401942129],[0.4267761376024408],0.18321605359048826,COMPLETE
644,0.6250252576876167,0.6926290998136793,0.37697420827305894,2024-12-23 22:02:57.620681,2024-12-23 22:03:07.138121,0 days 00:00:09.517440,0.19990724831458082,32,0.1,72,100,2.0819346583315173e-06,952,8.112910086560958e-05,3,4,adam,"{'neurons_per_layer_encoder': [72, 144, 288, 576], 'neurons_per_layer_decoder': [576, 288, 144]}",72,"[576, 288, 144]","[72, 144, 288, 576]",[0.6250252576876167],[0.6926290998136793],[0.37697420827305894],0.13707776042409675,COMPLETE
645,0.5675470765241843,0.5576476889850636,0.4564056675241541,2024-12-23 22:02:57.999797,2024-12-23 22:03:07.206263,0 days 00:00:09.206466,0.010041306259058197,32,0.1,72,100,2.206208573550402e-06,984,8.390232745660691e-05,3,4,adam,"{'neurons_per_layer_encoder': [72, 144, 288, 576], 'neurons_per_layer_decoder': [576, 288, 144]}",72,"[576, 288, 144]","[72, 144, 288, 576]",[0.5675470765241843],[0.5576476889850636],[0.4564056675241541],0.20118564875738768,COMPLETE
646,0.667844418004083,0.6359670091764863,0.3134751114157639,2024-12-23 22:02:59.493837,2024-12-23 22:03:08.862336,0 days 00:00:09.368499,0.010003794705107316,32,0.1,72,100,2.3241166813595174e-06,952,0.00011268869754306616,3,4,adam,"{'neurons_per_layer_encoder': [72, 144, 288, 576], 'neurons_per_layer_decoder': [576, 288, 144]}",72,"[576, 288, 144]","[72, 144, 288, 576]",[0.667844418004083],[0.6359670091764863],[0.3134751114157639],0.1346243449116561,COMPLETE
647,0.5331040181037152,0.6976873646061454,0.37338284858634696,2024-12-23 22:02:59.640132,2024-12-23 22:03:08.641211,0 days 00:00:09.001079,0.09579193117677227,32,0.1,68,100,2.1135248778352487e-06,984,0.00011111475010859584,3,4,adam,"{'neurons_per_layer_encoder': [68, 136, 272, 544], 'neurons_per_layer_decoder': [544, 272, 136]}",68,"[544, 272, 136]","[68, 136, 272, 544]",[0.5331040181037152],[0.6976873646061454],[0.37338284858634696],0.1515663876658192,COMPLETE
648,0.610762928263983,0.7376515631988472,0.2470889813857169,2024-12-23 22:03:06.602343,2024-12-23 22:03:16.000201,0 days 00:00:09.397858,0.19228015226446565,32,0.1,68,100,2.1575037849123594e-06,984,0.00011282363341490683,3,4,adam,"{'neurons_per_layer_encoder': [68, 136, 272, 544], 'neurons_per_layer_decoder': [544, 272, 136]}",68,"[544, 272, 136]","[68, 136, 272, 544]",[0.610762928263983],[0.7376515631988472],[0.2470889813857169],-0.05468912835344629,COMPLETE
649,0.5497419418748217,0.6660302386522258,0.1824007355049242,2024-12-23 22:03:06.808840,2024-12-23 22:03:16.412024,0 days 00:00:09.603184,0.10917922823465433,32,0.1,68,100,2.1235420275107166e-06,936,0.00010938703468228111,3,4,adam,"{'neurons_per_layer_encoder': [68, 136, 272, 544], 'neurons_per_layer_decoder': [544, 272, 136]}",68,"[544, 272, 136]","[68, 136, 272, 544]",[0.5497419418748217],[0.6660302386522258],[0.1824007355049242],-0.09750147230166234,COMPLETE
650,0.5757788889830875,0.6873714117497918,0.3402042665095012,2024-12-23 22:03:07.145080,2024-12-23 22:03:16.315245,0 days 00:00:09.170165,0.10967571190842414,32,0.1,68,100,2.214902875710744e-06,984,0.00010947913772188704,3,4,adam,"{'neurons_per_layer_encoder': [68, 136, 272, 544], 'neurons_per_layer_decoder': [544, 272, 136]}",68,"[544, 272, 136]","[68, 136, 272, 544]",[0.5757788889830875],[0.6873714117497918],[0.3402042665095012],0.004697496827173513,COMPLETE
651,0.5364731990790065,0.6224033818116996,0.38900883271979725,2024-12-23 22:03:07.214032,2024-12-23 22:03:15.970698,0 days 00:00:08.756666,0.19990253602372052,32,0.1,52,100,3.3579658308815074e-06,1000,0.00011220708944257911,3,4,adam,"{'neurons_per_layer_encoder': [52, 104, 208, 416], 'neurons_per_layer_decoder': [416, 208, 104]}",52,"[416, 208, 104]","[52, 104, 208, 416]",[0.5364731990790065],[0.6224033818116996],[0.38900883271979725],0.04459629966837425,COMPLETE
652,0.573442319301045,0.523909537611867,0.3049351495210635,2024-12-23 22:03:08.649842,2024-12-23 22:03:16.904793,0 days 00:00:08.254951,0.18600446286369912,40,0.1,52,100,2.721913520796959e-06,1000,0.00010790161537501395,3,4,adam,"{'neurons_per_layer_encoder': [52, 104, 208, 416], 'neurons_per_layer_decoder': [416, 208, 104]}",52,"[416, 208, 104]","[52, 104, 208, 416]",[0.573442319301045],[0.523909537611867],[0.3049351495210635],0.13614526568253751,COMPLETE
653,0.6772511114992221,0.6431197493029288,0.3487452210239821,2024-12-23 22:03:08.869640,2024-12-23 22:03:19.476458,0 days 00:00:10.606818,0.188249407069545,32,0.1,80,100,3.0863995607386427e-06,1432,0.0001344685125482113,3,4,adam,"{'neurons_per_layer_encoder': [80, 160, 320, 640], 'neurons_per_layer_decoder': [640, 320, 160]}",80,"[640, 320, 160]","[80, 160, 320, 640]",[0.6772511114992221],[0.6431197493029288],[0.3487452210239821],0.05683179858777633,COMPLETE
654,0.3611419031691325,0.35575643539849333,0.28273803021715604,2024-12-23 22:03:15.978132,2024-12-23 22:03:24.499582,0 days 00:00:08.521450,0.15838459408932393,40,0.1,80,100,2.954261300837129e-06,1080,0.0001320647466790082,3,4,adam,"{'neurons_per_layer_encoder': [80, 160, 320, 640], 'neurons_per_layer_decoder': [640, 320, 160]}",80,"[640, 320, 160]","[80, 160, 320, 640]",[0.3611419031691325],[0.35575643539849333],[0.28273803021715604],-0.1163977482242798,COMPLETE
655,0.4308993497380128,0.12499809873497403,0.2039101490787658,2024-12-23 22:03:16.009380,2024-12-23 22:03:21.917478,0 days 00:00:05.908098,0.11475029330655122,40,0.1,8,100,6.010106945312997e-06,118,0.00013174379309000402,3,4,adam,"{'neurons_per_layer_encoder': [8, 16, 32, 64], 'neurons_per_layer_decoder': [64, 32, 16]}",8,"[64, 32, 16]","[8, 16, 32, 64]",[0.4308993497380128],[0.12499809873497403],[0.2039101490787658],0.032342342904171616,COMPLETE
656,0.5806293923475148,0.4933266358997086,0.35645201477948807,2024-12-23 22:03:16.323998,2024-12-23 22:03:24.138777,0 days 00:00:07.814779,0.18862294987870248,40,0.1,80,100,2.811083414577803e-06,1096,0.00015108367440733265,2,4,adam,"{'neurons_per_layer_encoder': [80, 160, 320, 640], 'neurons_per_layer_decoder': [640, 320]}",80,"[640, 320]","[80, 160, 320, 640]",[0.5806293923475148],[0.4933266358997086],[0.35645201477948807],-0.22023312877310955,COMPLETE
657,0.629754199758092,0.5985386184415553,0.4071760195656756,2024-12-23 22:03:16.422844,2024-12-23 22:03:24.715668,0 days 00:00:08.292824,0.1601814727400934,40,0.1,80,100,2.7267389573660015e-06,1080,9.07869026700719e-05,2,4,adam,"{'neurons_per_layer_encoder': [80, 160, 320, 640], 'neurons_per_layer_decoder': [640, 320]}",80,"[640, 320]","[80, 160, 320, 640]",[0.629754199758092],[0.5985386184415553],[0.4071760195656756],0.06818167931030016,COMPLETE
658,0.44054903315948557,0.47615686420265946,0.29509737269542036,2024-12-23 22:03:16.913341,2024-12-23 22:03:25.294105,0 days 00:00:08.380764,0.15700772313377387,40,0.1,80,100,3.1543657760156953e-06,1336,0.00014469188283888009,2,4,adam,"{'neurons_per_layer_encoder': [80, 160, 320, 640], 'neurons_per_layer_decoder': [640, 320]}",80,"[640, 320]","[80, 160, 320, 640]",[0.44054903315948557],[0.47615686420265946],[0.29509737269542036],-0.23100260003059164,COMPLETE
659,0.6305219481301443,0.5484060510729263,0.2028972873749192,2024-12-23 22:03:19.486130,2024-12-23 22:03:30.159645,0 days 00:00:10.673515,0.15731697737560743,40,0.1,80,100,1.8391186082908568e-06,1352,0.0020439713495115207,3,4,adam,"{'neurons_per_layer_encoder': [80, 160, 320, 640], 'neurons_per_layer_decoder': [640, 320, 160]}",80,"[640, 320, 160]","[80, 160, 320, 640]",[0.6305219481301443],[0.5484060510729263],[0.2028972873749192],-0.8758606983919011,COMPLETE
660,0.6393391480617974,0.6492300595116487,0.36772253423085177,2024-12-23 22:03:21.926181,2024-12-23 22:03:32.845914,0 days 00:00:10.919733,0.16035541858080027,32,0.1,80,100,1.8554354022771428e-06,1352,9.116119087068505e-05,2,4,adam,"{'neurons_per_layer_encoder': [80, 160, 320, 640], 'neurons_per_layer_decoder': [640, 320]}",80,"[640, 320]","[80, 160, 320, 640]",[0.6393391480617974],[0.6492300595116487],[0.36772253423085177],0.037797702183386205,COMPLETE
661,0.6267204090604253,0.5437817599888792,0.23219971377994253,2024-12-23 22:03:24.147149,2024-12-23 22:03:34.650737,0 days 00:00:10.503588,0.1589956509580838,32,0.1,80,100,2.5840162567681672e-06,1080,8.664036422548537e-05,3,4,adam,"{'neurons_per_layer_encoder': [80, 160, 320, 640], 'neurons_per_layer_decoder': [640, 320, 160]}",80,"[640, 320, 160]","[80, 160, 320, 640]",[0.6267204090604253],[0.5437817599888792],[0.23219971377994253],0.09768078077385386,COMPLETE
662,0.45791433325790365,0.4613913066931461,0.3454929934448979,2024-12-23 22:03:24.509784,2024-12-23 22:03:40.229527,0 days 00:00:15.719743,0.19987695520403947,32,0.1,156,100,1.8531793024740555e-06,1272,5.202587195970881e-05,5,4,adam,"{'neurons_per_layer_encoder': [156, 312, 624, 1248], 'neurons_per_layer_decoder': [1248, 624, 312, 156, 78]}",156,"[1248, 624, 312, 156, 78]","[156, 312, 624, 1248]",[0.45791433325790365],[0.4613913066931461],[0.3454929934448979],0.15239003709181861,COMPLETE
663,0.5584989205360835,0.6659471851134159,0.18683333297943416,2024-12-23 22:03:24.724351,2024-12-23 22:03:36.565900,0 days 00:00:11.841549,0.16908252502760254,32,0.1,72,100,0.0007592241713341702,920,5.244710317589032e-05,5,4,adam,"{'neurons_per_layer_encoder': [72, 144, 288, 576], 'neurons_per_layer_decoder': [576, 288, 144, 72, 36]}",72,"[576, 288, 144, 72, 36]","[72, 144, 288, 576]",[0.5584989205360835],[0.6659471851134159],[0.18683333297943416],0.982811084072281,COMPLETE
664,-0.47411491008639195,-1.8836735817138086,-0.06938630313995553,2024-12-23 22:03:25.302338,2024-12-23 22:03:28.560099,0 days 00:00:03.257761,0.1686706151887154,32,0.1,72,100,1.7133300867107562e-06,712,8.21727769891573e-05,3,4,sgd,"{'neurons_per_layer_encoder': [72, 144, 288, 576], 'neurons_per_layer_decoder': [576, 288, 144]}",72,"[576, 288, 144]","[72, 144, 288, 576]",[-0.47411491008639195],[-1.8836735817138086],[-0.06938630313995553],0.24561505384333132,COMPLETE
665,0.6291032323618437,0.7381829247628934,0.3671896497104935,2024-12-23 22:03:28.567116,2024-12-23 22:03:39.203415,0 days 00:00:10.636299,0.19944662222618428,32,0.1,96,100,1.850795576870522e-06,792,9.48216554389204e-05,3,4,adam,"{'neurons_per_layer_encoder': [96, 192, 384, 768], 'neurons_per_layer_decoder': [768, 384, 192]}",96,"[768, 384, 192]","[96, 192, 384, 768]",[0.6291032323618437],[0.7381829247628934],[0.3671896497104935],0.14213204950138375,COMPLETE
666,-0.8146686302731441,-1.2258871076792772,-0.03757887855984898,2024-12-23 22:03:30.168836,2024-12-23 22:03:36.762743,0 days 00:00:06.593907,0.19014943803123122,32,0.1,64,100,8.783288701013108e-06,1048,8.67074485172006e-05,5,4,adadelta,"{'neurons_per_layer_encoder': [64, 128, 256, 512], 'neurons_per_layer_decoder': [512, 256, 128, 64, 32]}",64,"[512, 256, 128, 64, 32]","[64, 128, 256, 512]",[-0.8146686302731441],[-1.2258871076792772],[-0.03757887855984898],0.13845714900746484,COMPLETE
667,0.017524532741327814,-2.197953282263066,-0.7506434823855648,2024-12-23 22:03:32.855503,2024-12-23 22:03:38.296982,0 days 00:00:05.441479,0.017651877389425773,32,0.1,64,100,3.6386382115514744e-06,1048,4.969465492195761e-05,3,4,adadelta,"{'neurons_per_layer_encoder': [64, 128, 256, 512], 'neurons_per_layer_decoder': [512, 256, 128]}",64,"[512, 256, 128]","[64, 128, 256, 512]",[0.017524532741327814],[-2.197953282263066],[-0.7506434823855648],0.14376117697093097,COMPLETE
668,-0.405563109968061,-2.8124370953795608,-0.2448586094174081,2024-12-23 22:03:34.659721,2024-12-23 22:03:40.957405,0 days 00:00:06.297684,0.18863393383142577,32,0.1,64,100,3.6566141222067184e-06,1048,9.944107712008243e-05,4,4,adadelta,"{'neurons_per_layer_encoder': [64, 128, 256, 512], 'neurons_per_layer_decoder': [512, 256, 128, 64]}",64,"[512, 256, 128, 64]","[64, 128, 256, 512]",[-0.405563109968061],[-2.8124370953795608],[-0.2448586094174081],0.1639556732861501,COMPLETE
669,-0.08751058824945868,-2.1440528094215563,0.004783650106351955,2024-12-23 22:03:36.580247,2024-12-23 22:03:41.427579,0 days 00:00:04.847332,0.18882805074774509,32,0.1,64,100,8.068934700629597e-06,1048,0.00010032798434841814,3,4,adadelta,"{'neurons_per_layer_encoder': [64, 128, 256, 512], 'neurons_per_layer_decoder': [512, 256, 128]}",64,"[512, 256, 128]","[64, 128, 256, 512]",[-0.08751058824945868],[-2.1440528094215563],[0.004783650106351955],0.3482493030268867,COMPLETE
670,0.6228150534939532,0.6533472831105236,0.3555670193431173,2024-12-23 22:03:36.772620,2024-12-23 22:03:45.338116,0 days 00:00:08.565496,0.014167822697780082,32,0.1,64,100,3.7130245101509023e-06,1032,9.652816295902908e-05,3,4,adam,"{'neurons_per_layer_encoder': [64, 128, 256, 512], 'neurons_per_layer_decoder': [512, 256, 128]}",64,"[512, 256, 128]","[64, 128, 256, 512]",[0.6228150534939532],[0.6533472831105236],[0.3555670193431173],0.23933334271044132,COMPLETE
671,0.014289967161550954,-2.397721512821395,-0.068962560602019,2024-12-23 22:03:38.304494,2024-12-23 22:03:41.420128,0 days 00:00:03.115634,0.18288660847936633,32,0.1,100,100,2.5034846239313526e-06,172,0.00010047294221824257,3,1,adam,"{'neurons_per_layer_encoder': [100], 'neurons_per_layer_decoder': [100, 50, 25]}",100,"[100, 50, 25]",[100],[0.014289967161550954],[-2.397721512821395],[-0.068962560602019],-0.06550976029924765,COMPLETE
672,0.2534477834790846,0.283385199526614,0.1277401861058035,2024-12-23 22:03:39.214204,2024-12-23 22:03:43.888470,0 days 00:00:04.674266,0.17930627112690795,32,0.1,68,100,0.0009823086025878987,138,0.00010343515080276607,3,1,adam,"{'neurons_per_layer_encoder': [68], 'neurons_per_layer_decoder': [68, 34, 17]}",68,"[68, 34, 17]",[68],[0.2534477834790846],[0.283385199526614],[0.1277401861058035],0.8018334989104245,COMPLETE
673,0.11464253054231333,-0.187576041884578,0.02852796635283339,2024-12-23 22:03:40.241272,2024-12-23 22:03:44.430766,0 days 00:00:04.189494,0.17847238408678417,112,0.1,68,100,9.856455445818204e-06,138,7.025167441240373e-05,3,1,adam,"{'neurons_per_layer_encoder': [68], 'neurons_per_layer_decoder': [68, 34, 17]}",68,"[68, 34, 17]",[68],[0.11464253054231333],[-0.187576041884578],[0.02852796635283339],0.3093479336536801,COMPLETE
674,-0.7181397729569206,-0.5200344506019283,-0.07245610841567651,2024-12-23 22:03:40.965515,2024-12-23 22:03:43.614560,0 days 00:00:02.649045,0.07948853479911487,32,0.1,72,100,9.717140640755676e-06,159,7.137031930841574e-05,3,1,adam,"{'neurons_per_layer_encoder': [72], 'neurons_per_layer_decoder': [72, 36, 18]}",72,"[72, 36, 18]",[72],[-0.7181397729569206],[-0.5200344506019283],[-0.07245610841567651],-0.3668733174654097,COMPLETE
675,0.09677853333489883,-1.9001802117809188,-0.08786281392643258,2024-12-23 22:03:41.429949,2024-12-23 22:03:43.973721,0 days 00:00:02.543772,0.0894278972119672,32,0.1,72,100,6.6456937510445205e-06,664,6.853476986821785e-05,3,4,sgd,"{'neurons_per_layer_encoder': [72, 144, 288, 576], 'neurons_per_layer_decoder': [576, 288, 144]}",72,"[576, 288, 144]","[72, 144, 288, 576]",[0.09677853333489883],[-1.9001802117809188],[-0.08786281392643258],0.3253940936912765,COMPLETE
676,-0.5998280873943664,-0.3799755195830776,-0.36150509570276945,2024-12-23 22:03:41.448585,2024-12-23 22:03:45.711092,0 days 00:00:04.262507,0.17730646500918984,32,0.1,72,100,9.763421998515238e-06,664,7.413250106974596e-05,3,4,sgd,"{'neurons_per_layer_encoder': [72, 144, 288, 576], 'neurons_per_layer_decoder': [576, 288, 144]}",72,"[576, 288, 144]","[72, 144, 288, 576]",[-0.5998280873943664],[-0.3799755195830776],[-0.36150509570276945],0.2692017144823388,COMPLETE
677,-0.15058635354995809,0.1635028454465114,-0.006297300783580706,2024-12-23 22:03:43.621725,2024-12-23 22:03:49.550536,0 days 00:00:05.928811,0.1754971261566758,32,0.1,76,100,2.4365187690047668e-06,648,0.00036082941783837806,3,4,sgd,"{'neurons_per_layer_encoder': [76, 152, 304, 608], 'neurons_per_layer_decoder': [608, 304, 152]}",76,"[608, 304, 152]","[76, 152, 304, 608]",[-0.15058635354995809],[0.1635028454465114],[-0.006297300783580706],0.3546071126432628,COMPLETE
678,-0.17654630620494083,-0.7121419631258152,-0.18471385321474143,2024-12-23 22:03:43.896703,2024-12-23 22:03:48.147743,0 days 00:00:04.251040,0.12292036780503911,32,0.1,76,100,1.3966212793426906e-06,1064,0.00012465773090761126,3,4,sgd,"{'neurons_per_layer_encoder': [76, 152, 304, 608], 'neurons_per_layer_decoder': [608, 304, 152]}",76,"[608, 304, 152]","[76, 152, 304, 608]",[-0.17654630620494083],[-0.7121419631258152],[-0.18471385321474143],0.2946642469581107,COMPLETE
679,0.7083422950895697,0.5801152243236946,0.3368869198614878,2024-12-23 22:03:43.980535,2024-12-23 22:03:52.930962,0 days 00:00:08.950427,0.17249895344827962,32,0.1,56,100,2.369338740408009e-06,1032,0.0013311383114736292,3,4,adam,"{'neurons_per_layer_encoder': [56, 112, 224, 448], 'neurons_per_layer_decoder': [448, 224, 112]}",56,"[448, 224, 112]","[56, 112, 224, 448]",[0.7083422950895697],[0.5801152243236946],[0.3368869198614878],-0.42975425032242415,COMPLETE
680,0.6730015764685431,0.26251745102368906,0.37886879378554317,2024-12-23 22:03:44.438621,2024-12-23 22:03:54.094961,0 days 00:00:09.656340,0.04353597877834796,32,0.1,76,100,2.286458902010403e-06,1400,0.00012682521779904663,3,4,adam,"{'neurons_per_layer_encoder': [76, 152, 304, 608], 'neurons_per_layer_decoder': [608, 304, 152]}",76,"[608, 304, 152]","[76, 152, 304, 608]",[0.6730015764685431],[0.26251745102368906],[0.37886879378554317],-0.11759760253617217,COMPLETE
681,0.6893553866275821,0.7015966209001955,0.4377874079483758,2024-12-23 22:03:45.347484,2024-12-23 22:03:54.204148,0 days 00:00:08.856664,0.17101404213850813,32,0.1,56,100,0.0001513473205075567,1032,0.00012410128205528727,3,4,adam,"{'neurons_per_layer_encoder': [56, 112, 224, 448], 'neurons_per_layer_decoder': [448, 224, 112]}",56,"[448, 224, 112]","[56, 112, 224, 448]",[0.6893553866275821],[0.7015966209001955],[0.4377874079483758],0.9250003976626592,COMPLETE
682,0.6128624116269972,0.42722860356403325,0.2241407874027418,2024-12-23 22:03:45.719543,2024-12-23 22:03:54.434593,0 days 00:00:08.715050,0.19972550724759433,32,0.1,56,100,1.3889312607794086e-06,1016,0.00012422363018661193,3,4,adam,"{'neurons_per_layer_encoder': [56, 112, 224, 448], 'neurons_per_layer_decoder': [448, 224, 112]}",56,"[448, 224, 112]","[56, 112, 224, 448]",[0.6128624116269972],[0.42722860356403325],[0.2241407874027418],-0.021712648052505508,COMPLETE
683,0.5474635626782136,0.5625154608746066,0.34424295873248556,2024-12-23 22:03:48.154753,2024-12-23 22:03:57.771309,0 days 00:00:09.616556,0.19965627017627863,32,0.1,56,100,0.0001505550145473985,1016,8.204793133097619e-05,4,4,adam,"{'neurons_per_layer_encoder': [56, 112, 224, 448], 'neurons_per_layer_decoder': [448, 224, 112, 56]}",56,"[448, 224, 112, 56]","[56, 112, 224, 448]",[0.5474635626782136],[0.5625154608746066],[0.34424295873248556],0.9090024029919523,COMPLETE
684,0.7055448069915116,0.5781020953598419,0.23994599517205273,2024-12-23 22:03:49.560323,2024-12-23 22:04:00.640903,0 days 00:00:11.080580,0.18958898456118847,32,0.1,84,100,1.4292569841571063e-05,712,8.208885426717976e-05,3,4,adam,"{'neurons_per_layer_encoder': [84, 168, 336, 672], 'neurons_per_layer_decoder': [672, 336, 168]}",84,"[672, 336, 168]","[84, 168, 336, 672]",[0.7055448069915116],[0.5781020953598419],[0.23994599517205273],0.5596542200750497,COMPLETE
685,0.47584592926277847,0.4989182118484925,0.3175663363967688,2024-12-23 22:03:52.939487,2024-12-23 22:04:17.745795,0 days 00:00:24.806308,0.19047415648748042,32,0.30000000000000004,240,100,1.4121285623869648e-05,1944,8.331237044249807e-05,4,4,adam,"{'neurons_per_layer_encoder': [240, 480, 960, 1920], 'neurons_per_layer_decoder': [1920, 960, 480, 240]}",240,"[1920, 960, 480, 240]","[240, 480, 960, 1920]",[0.47584592926277847],[0.4989182118484925],[0.3175663363967688],0.7898480527655605,COMPLETE
