number,values_0,values_1,values_2,datetime_start,datetime_complete,duration,params_alpha,params_batch_size,params_drop_out_rate,params_encoder_neurons_layer_1,params_epochs,params_lambda,params_latent_dim,params_learning_rate,params_num_layers_decoder,params_num_layers_encoder,params_optimizer,user_attrs_encoder_decoder_config,user_attrs_first_layer_neurons,user_attrs_neurons_per_layer_decoder,user_attrs_neurons_per_layer_encoder,user_attrs_r2_feature_1,user_attrs_r2_feature_2,user_attrs_r2_feature_3,user_attrs_relative_deterioration,state
0,-0.019957990485931942,0.028690125600680072,-0.10329334161215864,2024-12-23 18:29:53.310329,2024-12-23 18:30:04.248659,0 days 00:00:10.938330,0.04768197047173684,72,0.30000000000000004,56,100,5.925131773698629e-05,1496,0.008316914255819274,2,5,sgd,"{'neurons_per_layer_encoder': [56, 112, 224, 448, 896], 'neurons_per_layer_decoder': [896, 448]}",56,"[896, 448]","[56, 112, 224, 448, 896]",[-0.019957990485931942],[0.028690125600680072],[-0.10329334161215864],0.7858799347755234,COMPLETE
1,0.2728156670216825,0.24042432573703176,0.2180208834265741,2024-12-23 18:29:53.311111,2024-12-23 18:30:02.864285,0 days 00:00:09.553174,0.055881491084651,80,0.1,92,100,1.2186488487202162e-05,856,0.0005044815128116169,2,3,adam,"{'neurons_per_layer_encoder': [92, 184, 368], 'neurons_per_layer_decoder': [368, 184]}",92,"[368, 184]","[92, 184, 368]",[0.2728156670216825],[0.24042432573703176],[0.2180208834265741],-0.3505602400358317,COMPLETE
2,-0.419644275620463,-0.2323833856327202,-0.19823138894137893,2024-12-23 18:29:53.310840,2024-12-23 18:29:57.828419,0 days 00:00:04.517579,0.013710038090548403,88,0.1,48,100,1.5488796765988865e-06,232,0.0012657410848132466,1,3,sgd,"{'neurons_per_layer_encoder': [48, 96, 192], 'neurons_per_layer_decoder': [192]}",48,[192],"[48, 96, 192]",[-0.419644275620463],[-0.2323833856327202],[-0.19823138894137893],0.23640892298469085,COMPLETE
3,-0.44413362019198965,-1.1202593685487119,-0.09688812448353379,2024-12-23 18:29:53.310704,2024-12-23 18:29:59.836309,0 days 00:00:06.525605,0.03458637716317099,128,0.4,180,100,2.9357325992297244e-05,5784,0.001832340368629769,5,5,sgd,"{'neurons_per_layer_encoder': [180, 360, 720, 1440, 2880], 'neurons_per_layer_decoder': [2880, 1440, 720, 360, 180]}",180,"[2880, 1440, 720, 360, 180]","[180, 360, 720, 1440, 2880]",[-0.44413362019198965],[-1.1202593685487119],[-0.09688812448353379],0.8326039033972579,COMPLETE
4,-0.21335617716020594,-0.9108165841565805,-0.07747552902508725,2024-12-23 18:29:53.310938,2024-12-23 18:29:55.071741,0 days 00:00:01.760803,0.011696713076691605,88,0.4,52,100,1.5472265372136385e-05,57,0.001024908681264481,3,1,sgd,"{'neurons_per_layer_encoder': [52], 'neurons_per_layer_decoder': [52, 26, 13]}",52,"[52, 26, 13]",[52],[-0.21335617716020594],[-0.9108165841565805],[-0.07747552902508725],0.03802225350321144,COMPLETE
5,-0.016323654462665926,-1.8135833905639434,0.013124981798750213,2024-12-23 18:29:53.310669,2024-12-23 18:30:49.120319,0 days 00:00:55.809650,0.0286244770264945,72,0.2,244,100,0.0007326114647566532,6456,0.004307679719402686,4,5,adadelta,"{'neurons_per_layer_encoder': [244, 488, 976, 1952, 3904], 'neurons_per_layer_decoder': [3904, 1952, 976, 488]}",244,"[3904, 1952, 976, 488]","[244, 488, 976, 1952, 3904]",[-0.016323654462665926],[-1.8135833905639434],[0.013124981798750213],0.9932530504902302,COMPLETE
6,-0.765152505347847,-0.7975804424784967,-0.07639869696430468,2024-12-23 18:29:55.078361,2024-12-23 18:29:58.972346,0 days 00:00:03.893985,0.09566812372251624,128,0.2,136,100,0.0004465135880588955,1096,1.5368927857132536e-05,4,3,sgd,"{'neurons_per_layer_encoder': [136, 272, 544], 'neurons_per_layer_decoder': [544, 272, 136, 68]}",136,"[544, 272, 136, 68]","[136, 272, 544]",[-0.765152505347847],[-0.7975804424784967],[-0.07639869696430468],0.9268797688714037,COMPLETE
7,-0.7080633589595358,-0.6671796722336418,-0.047484034808645825,2024-12-23 18:29:57.836348,2024-12-23 18:30:04.502423,0 days 00:00:06.666075,0.11691509349941236,128,0.4,136,100,0.0006393041148939333,456,2.5956967702647666e-05,4,2,adadelta,"{'neurons_per_layer_encoder': [136, 272], 'neurons_per_layer_decoder': [272, 136, 68, 34]}",136,"[272, 136, 68, 34]","[136, 272]",[-0.7080633589595358],[-0.6671796722336418],[-0.047484034808645825],0.8961996332695047,COMPLETE
8,-0.24614846668051005,0.07625307516352675,0.061597430016417376,2024-12-23 18:29:58.979947,2024-12-23 18:30:06.720990,0 days 00:00:07.741043,0.0224176635997034,88,0.1,52,100,0.00021817461059299103,360,0.0047699907162377965,2,3,sgd,"{'neurons_per_layer_encoder': [52, 104, 208], 'neurons_per_layer_decoder': [208, 104]}",52,"[208, 104]","[52, 104, 208]",[-0.24614846668051005],[0.07625307516352675],[0.061597430016417376],0.7384239092887902,COMPLETE
9,-0.28500374467154366,-0.5333359565190618,-0.2527447549686126,2024-12-23 18:29:59.847408,2024-12-23 18:30:04.110695,0 days 00:00:04.263287,0.1974413307738955,56,0.30000000000000004,72,100,8.161278060491405e-05,1288,0.008521738066526284,2,4,sgd,"{'neurons_per_layer_encoder': [72, 144, 288, 576], 'neurons_per_layer_decoder': [576, 288]}",72,"[576, 288]","[72, 144, 288, 576]",[-0.28500374467154366],[-0.5333359565190618],[-0.2527447549686126],0.7389028331645204,COMPLETE
10,-0.5702051061892346,-1.2748158134801817,-0.009012924172906445,2024-12-23 18:30:02.873683,2024-12-23 18:30:07.628529,0 days 00:00:04.754846,0.13866872938661795,112,0.1,112,100,1.4955083294969624e-05,488,0.000477244510831917,3,2,adadelta,"{'neurons_per_layer_encoder': [112, 224], 'neurons_per_layer_decoder': [224, 112, 56]}",112,"[224, 112, 56]","[112, 224]",[-0.5702051061892346],[-1.2748158134801817],[-0.009012924172906445],0.21366624706280196,COMPLETE
11,-0.48650476337493465,-0.9528549817396044,-0.11800281408467672,2024-12-23 18:30:04.117486,2024-12-23 18:30:07.003571,0 days 00:00:02.886085,0.023680977267638143,120,0.1,88,100,3.69817559051174e-05,176,4.472608668040984e-05,5,1,sgd,"{'neurons_per_layer_encoder': [88], 'neurons_per_layer_decoder': [88, 44, 22, 11, 8]}",88,"[88, 44, 22, 11, 8]",[88],[-0.48650476337493465],[-0.9528549817396044],[-0.11800281408467672],0.04850508694751112,COMPLETE
12,-0.1260782642911693,-1.7533790315140787,-0.1861937699661842,2024-12-23 18:30:04.258275,2024-12-23 18:30:06.706873,0 days 00:00:02.448598,0.13654125860405195,40,0.2,80,100,5.419336427238492e-06,120,3.8686306110342615e-05,3,1,sgd,"{'neurons_per_layer_encoder': [80], 'neurons_per_layer_decoder': [80, 40, 20]}",80,"[80, 40, 20]",[80],[-0.1260782642911693],[-1.7533790315140787],[-0.1861937699661842],0.19472042125693378,COMPLETE
13,0.07180658601341305,0.07002526792860964,0.15457119283796916,2024-12-23 18:30:04.528871,2024-12-23 18:30:13.887336,0 days 00:00:09.358465,0.11583152551833018,120,0.1,64,100,8.434248537842795e-06,584,0.0003314348116944049,1,3,adam,"{'neurons_per_layer_encoder': [64, 128, 256], 'neurons_per_layer_decoder': [256]}",64,[256],"[64, 128, 256]",[0.07180658601341305],[0.07002526792860964],[0.15457119283796916],-1.2543749284551569,COMPLETE
14,0.11548574504609221,-0.6497252977170469,-0.13885932931331868,2024-12-23 18:30:06.716150,2024-12-23 18:30:17.773126,0 days 00:00:11.056976,0.015855939191843065,128,0.4,236,100,0.000594984802455546,308,5.810837971569237e-05,2,1,adam,"{'neurons_per_layer_encoder': [236], 'neurons_per_layer_decoder': [236, 118]}",236,"[236, 118]",[236],[0.11548574504609221],[-0.6497252977170469],[-0.13885932931331868],0.815387937845886,COMPLETE
15,0.6813526000583235,0.509925404947265,0.4044725627881247,2024-12-23 18:30:06.739978,2024-12-23 18:30:21.815915,0 days 00:00:15.075937,0.06258297462110675,32,0.1,252,100,5.747539101026804e-06,800,0.00014447027293832955,1,2,adam,"{'neurons_per_layer_encoder': [252, 504], 'neurons_per_layer_decoder': [504]}",252,[504],"[252, 504]",[0.6813526000583235],[0.509925404947265],[0.4044725627881247],-0.17654116074794218,COMPLETE
16,0.1338463221149797,0.044206819606906644,-0.11425414173854276,2024-12-23 18:30:07.014978,2024-12-23 18:30:31.965786,0 days 00:00:24.950808,0.05850969642778525,104,0.1,256,100,6.21011062121191e-06,3256,0.00020130762520617762,1,4,adam,"{'neurons_per_layer_encoder': [256, 512, 1024, 2048], 'neurons_per_layer_decoder': [2048]}",256,[2048],"[256, 512, 1024, 2048]",[0.1338463221149797],[0.044206819606906644],[-0.11425414173854276],0.06584587697800787,COMPLETE
17,0.1557595901860086,-0.06851497148592212,0.06752417008855915,2024-12-23 18:30:07.636140,2024-12-23 18:30:31.785185,0 days 00:00:24.149045,0.06123109926289645,72,0.2,252,100,2.8576575040647135e-06,3224,0.0001066619892428593,1,4,adam,"{'neurons_per_layer_encoder': [252, 504, 1008, 2016], 'neurons_per_layer_decoder': [2016]}",252,[2016],"[252, 504, 1008, 2016]",[0.1557595901860086],[-0.06851497148592212],[0.06752417008855915],-0.18834385531672646,COMPLETE
18,0.17607670912259865,0.15759741480255418,0.04127400771200551,2024-12-23 18:30:13.896271,2024-12-23 18:30:40.494974,0 days 00:00:26.598703,0.06315582134111584,64,0.2,256,100,2.2833357173571727e-06,3240,0.00013296560380747442,1,4,adam,"{'neurons_per_layer_encoder': [256, 512, 1024, 2048], 'neurons_per_layer_decoder': [2048]}",256,[2048],"[256, 512, 1024, 2048]",[0.17607670912259865],[0.15759741480255418],[0.04127400771200551],-0.18221440633142405,COMPLETE
19,-0.11312846619510952,-0.4354665650262499,-0.010457796778216899,2024-12-23 18:30:17.781999,2024-12-23 18:30:32.728197,0 days 00:00:14.946198,0.0630706760376114,64,0.2,4,100,3.6349621166738195e-06,35,0.0001400219611387317,1,4,adam,"{'neurons_per_layer_encoder': [4, 8, 16, 32], 'neurons_per_layer_decoder': [32]}",4,[32],"[4, 8, 16, 32]",[-0.11312846619510952],[-0.4354665650262499],[-0.010457796778216899],-0.11584539218855208,COMPLETE
20,0.17269573407972605,-0.6320973970990851,-0.34179656869169506,2024-12-23 18:30:21.899513,2024-12-23 18:30:34.386771,0 days 00:00:12.487258,0.06602241129635981,32,0.2,4,100,1.6650134381319444e-06,8,0.00012167761178779415,1,2,adam,"{'neurons_per_layer_encoder': [4, 8], 'neurons_per_layer_decoder': [8]}",4,[8],"[4, 8]",[0.17269573407972605],[-0.6320973970990851],[-0.34179656869169506],-0.05961772022485776,COMPLETE
21,0.6722931054768801,0.6289825948526625,0.36198270727566206,2024-12-23 18:30:31.792352,2024-12-23 18:30:43.406412,0 days 00:00:11.614060,0.06214554084347753,32,0.30000000000000004,200,100,1.103147389264542e-06,744,0.00014378699841755452,1,2,adam,"{'neurons_per_layer_encoder': [200, 400], 'neurons_per_layer_decoder': [400]}",200,[400],"[200, 400]",[0.6722931054768801],[0.6289825948526625],[0.36198270727566206],0.2519794272613038,COMPLETE
22,-0.3719027209269272,0.15650641541080312,-0.3671051067434614,2024-12-23 18:30:31.982002,2024-12-23 18:30:41.026298,0 days 00:00:09.044296,0.0787613489241805,32,0.30000000000000004,12,100,1.225914005097687e-06,26,0.00013377974658156731,1,2,adam,"{'neurons_per_layer_encoder': [12, 24], 'neurons_per_layer_decoder': [24]}",12,[24],"[12, 24]",[-0.3719027209269272],[0.15650641541080312],[-0.3671051067434614],-0.03818473702847773,COMPLETE
23,-0.8154192673983616,-0.46161810165137807,-0.07541771261426011,2024-12-23 18:30:32.740182,2024-12-23 18:30:39.423130,0 days 00:00:06.682948,0.03142256127471098,32,0.30000000000000004,200,100,1.0797390440211394e-06,728,1.1767151764277578e-05,2,2,adam,"{'neurons_per_layer_encoder': [200, 400], 'neurons_per_layer_decoder': [400, 200]}",200,"[400, 200]","[200, 400]",[-0.8154192673983616],[-0.46161810165137807],[-0.07541771261426011],0.13800147355237344,COMPLETE
24,-0.16633470728891853,-0.4579425004599511,-0.2619246001445614,2024-12-23 18:30:34.393889,2024-12-23 18:30:46.818572,0 days 00:00:12.424683,0.03127392063930168,48,0.30000000000000004,204,100,0.00013488335023249362,736,0.0006798157671023868,2,2,adadelta,"{'neurons_per_layer_encoder': [204, 408], 'neurons_per_layer_decoder': [408, 204]}",204,"[408, 204]","[204, 408]",[-0.16633470728891853],[-0.4579425004599511],[-0.2619246001445614],0.7261650062819458,COMPLETE
25,-0.4567107589754442,-0.8490310763887456,-0.17723016932926816,2024-12-23 18:30:39.432853,2024-12-23 18:30:47.105185,0 days 00:00:07.672332,0.08873048998189502,48,0.30000000000000004,176,100,1.383278009121339e-05,728,0.0005527295555904573,4,2,adadelta,"{'neurons_per_layer_encoder': [176, 352], 'neurons_per_layer_decoder': [352, 176, 88, 44]}",176,"[352, 176, 88, 44]","[176, 352]",[-0.4567107589754442],[-0.8490310763887456],[-0.17723016932926816],0.31667305878067853,COMPLETE
26,0.1666364441806163,-0.36888200074639554,-0.030045129128341008,2024-12-23 18:30:40.504474,2024-12-23 18:30:49.921506,0 days 00:00:09.417032,0.08503082806017655,48,0.30000000000000004,188,100,9.549970040053968e-06,704,0.00043788962253640546,1,2,adadelta,"{'neurons_per_layer_encoder': [188, 376], 'neurons_per_layer_decoder': [376]}",188,[376],"[188, 376]",[0.1666364441806163],[-0.36888200074639554],[-0.030045129128341008],0.5072339366347887,COMPLETE
27,-0.18938504196253225,-1.2427287778602358,-0.43977546152868086,2024-12-23 18:30:41.042480,2024-12-23 18:30:48.162903,0 days 00:00:07.120423,0.041379596118328345,48,0.1,164,100,1.140629779653209e-05,624,0.00040318747041114184,4,2,adadelta,"{'neurons_per_layer_encoder': [164, 328], 'neurons_per_layer_decoder': [328, 164, 82, 41]}",164,"[328, 164, 82, 41]","[164, 328]",[-0.18938504196253225],[-1.2427287778602358],[-0.43977546152868086],0.22442642031426754,COMPLETE
28,-0.18679441898501525,-0.9718504553222829,-0.45668457177638744,2024-12-23 18:30:43.420002,2024-12-23 18:30:49.203024,0 days 00:00:05.783022,0.038509803268956665,48,0.30000000000000004,200,100,1.0784290100304388e-05,744,0.0005230512292590292,2,2,adadelta,"{'neurons_per_layer_encoder': [200, 400], 'neurons_per_layer_decoder': [400, 200]}",200,"[400, 200]","[200, 400]",[-0.18679441898501525],[-0.9718504553222829],[-0.45668457177638744],0.32672041203834906,COMPLETE
29,0.4980671648590369,0.47171923565786256,0.38207152730215066,2024-12-23 18:30:46.829940,2024-12-23 18:30:58.258013,0 days 00:00:11.428073,0.0417608570263602,48,0.30000000000000004,164,100,1.1975643724327028e-05,904,0.0002791828542691134,2,3,adam,"{'neurons_per_layer_encoder': [164, 328, 656], 'neurons_per_layer_decoder': [656, 328]}",164,"[656, 328]","[164, 328, 656]",[0.4980671648590369],[0.47171923565786256],[0.38207152730215066],0.49009666099228727,COMPLETE
30,0.4313521540509526,0.5208787600680485,0.29585807873669245,2024-12-23 18:30:47.114833,2024-12-23 18:30:58.933182,0 days 00:00:11.818349,0.046546403792989396,48,0.30000000000000004,228,100,3.633052599633999e-06,1064,0.00027541612938853814,2,3,adam,"{'neurons_per_layer_encoder': [228, 456, 912], 'neurons_per_layer_decoder': [912, 456]}",228,"[912, 456]","[228, 456, 912]",[0.4313521540509526],[0.5208787600680485],[0.29585807873669245],0.23893533723387725,COMPLETE
31,0.5104170009837505,0.45512747676759624,0.24188005091860698,2024-12-23 18:30:48.173421,2024-12-23 18:30:59.149295,0 days 00:00:10.975874,0.046027316328740665,40,0.30000000000000004,224,100,3.838825979765429e-06,1048,8.08573933059933e-05,2,3,adam,"{'neurons_per_layer_encoder': [224, 448, 896], 'neurons_per_layer_decoder': [896, 448]}",224,"[896, 448]","[224, 448, 896]",[0.5104170009837505],[0.45512747676759624],[0.24188005091860698],0.37101887043519777,COMPLETE
32,0.2322131926658516,0.2697888240817964,0.2952887344116748,2024-12-23 18:30:49.134338,2024-12-23 18:30:59.588612,0 days 00:00:10.454274,0.04795921252941799,40,0.30000000000000004,216,100,4.442228002556652e-06,1016,0.00025184057708945064,2,3,adam,"{'neurons_per_layer_encoder': [216, 432, 864], 'neurons_per_layer_decoder': [864, 432]}",216,"[864, 432]","[216, 432, 864]",[0.2322131926658516],[0.2697888240817964],[0.2952887344116748],0.06931361359326044,COMPLETE
33,0.1690496958850174,0.43551612155161745,0.348263608201442,2024-12-23 18:30:49.211632,2024-12-23 18:30:58.892484,0 days 00:00:09.680852,0.04781525499448987,40,0.4,216,100,3.57194043357894e-06,1000,0.0002398235153777248,1,3,adam,"{'neurons_per_layer_encoder': [216, 432, 864], 'neurons_per_layer_decoder': [864]}",216,[864],"[216, 432, 864]",[0.1690496958850174],[0.43551612155161745],[0.348263608201442],0.21631413276062458,COMPLETE
34,0.3988476236569688,0.39256856531054785,0.17333139689914412,2024-12-23 18:30:49.930100,2024-12-23 18:30:56.796950,0 days 00:00:06.866850,0.04675930144444963,40,0.4,212,100,4.173144146356805e-06,332,6.537745317989543e-05,2,1,adam,"{'neurons_per_layer_encoder': [212], 'neurons_per_layer_decoder': [212, 106]}",212,"[212, 106]",[212],[0.3988476236569688],[0.39256856531054785],[0.17333139689914412],0.25793060004697665,COMPLETE
35,0.41550434870555186,0.5156812392475123,0.2696517397467396,2024-12-23 18:30:56.803424,2024-12-23 18:31:01.085502,0 days 00:00:04.282078,0.04497120564728605,40,0.4,224,100,4.445356895621506e-06,360,0.0002252513971783195,1,1,adam,"{'neurons_per_layer_encoder': [224], 'neurons_per_layer_decoder': [224]}",224,[224],[224],[0.41550434870555186],[0.5156812392475123],[0.2696517397467396],0.14907728505510395,COMPLETE
36,0.3779477202128948,0.32027284562260583,0.3126808455796898,2024-12-23 18:30:58.268011,2024-12-23 18:31:01.770708,0 days 00:00:03.502697,0.0485582623815946,40,0.4,224,100,3.991499504996995e-06,360,0.00020758601445095123,1,1,adam,"{'neurons_per_layer_encoder': [224], 'neurons_per_layer_decoder': [224]}",224,[224],[224],[0.3779477202128948],[0.32027284562260583],[0.3126808455796898],0.04813991199399007,COMPLETE
37,0.4432824849336321,0.4657997416542349,0.25148643544982274,2024-12-23 18:30:58.904876,2024-12-23 18:31:02.163147,0 days 00:00:03.258271,0.04817423369220193,40,0.30000000000000004,224,100,2.32929471508259e-06,376,7.681362287879479e-05,1,1,adam,"{'neurons_per_layer_encoder': [224], 'neurons_per_layer_decoder': [224]}",224,[224],[224],[0.4432824849336321],[0.4657997416542349],[0.25148643544982274],0.06264247863138486,COMPLETE
38,0.6085477812189252,0.04456396691365172,0.2983671641559046,2024-12-23 18:30:58.944321,2024-12-23 18:31:02.497898,0 days 00:00:03.553577,0.07507610699546094,32,0.30000000000000004,228,100,2.3804801446748747e-06,412,8.19326889905941e-05,1,1,adam,"{'neurons_per_layer_encoder': [228], 'neurons_per_layer_decoder': [228]}",228,[228],[228],[0.6085477812189252],[0.04456396691365172],[0.2983671641559046],0.038032455739152655,COMPLETE
39,0.5592103173445815,0.5661803374155624,0.39020808278995467,2024-12-23 18:30:59.156531,2024-12-23 18:31:02.183566,0 days 00:00:03.027035,0.07385151875027111,32,0.30000000000000004,148,100,1.7850118906727366e-06,252,0.00023064401330776424,1,1,adam,"{'neurons_per_layer_encoder': [148], 'neurons_per_layer_decoder': [148]}",148,[148],[148],[0.5592103173445815],[0.5661803374155624],[0.39020808278995467],0.027326154474236353,COMPLETE
40,-0.6014214186428846,-0.9274807320611669,-0.2023632579023278,2024-12-23 18:30:59.596166,2024-12-23 18:31:02.402094,0 days 00:00:02.805928,0.07251101395591837,32,0.30000000000000004,152,100,1.9306827292939627e-06,240,2.638653198434714e-05,5,1,adam,"{'neurons_per_layer_encoder': [152], 'neurons_per_layer_decoder': [152, 76, 38, 19, 9]}",152,"[152, 76, 38, 19, 9]",[152],[-0.6014214186428846],[-0.9274807320611669],[-0.2023632579023278],-0.14595318046436678,COMPLETE
41,0.6608628572317037,0.6681522894516746,0.20782862415241732,2024-12-23 18:31:01.092060,2024-12-23 18:31:50.723407,0 days 00:00:49.631347,0.07244418360325808,32,0.30000000000000004,152,100,1.9134162858054435e-06,2616,0.0015029755623205568,5,5,adam,"{'neurons_per_layer_encoder': [152, 304, 608, 1216, 2432], 'neurons_per_layer_decoder': [2432, 1216, 608, 304, 152]}",152,"[2432, 1216, 608, 304, 152]","[152, 304, 608, 1216, 2432]",[0.6608628572317037],[0.6681522894516746],[0.20782862415241732],0.3596558187786078,COMPLETE
42,0.3012183926766634,0.2724479398995425,0.16482545809904892,2024-12-23 18:31:01.777972,2024-12-23 18:31:30.524573,0 days 00:00:28.746601,0.07716935899548251,32,0.30000000000000004,160,100,1.931232722041061e-06,2744,0.0017825875919606432,5,5,adam,"{'neurons_per_layer_encoder': [160, 320, 640, 1280, 2560], 'neurons_per_layer_decoder': [2560, 1280, 640, 320, 160]}",160,"[2560, 1280, 640, 320, 160]","[160, 320, 640, 1280, 2560]",[0.3012183926766634],[0.2724479398995425],[0.16482545809904892],0.12083251216672924,COMPLETE
43,0.6432827361093946,0.6620021444830888,0.31498254642146684,2024-12-23 18:31:02.170333,2024-12-23 18:31:55.504326,0 days 00:00:53.333993,0.07117388100821186,32,0.2,156,100,1.743324887276687e-06,2680,0.0010179714210040581,5,5,adam,"{'neurons_per_layer_encoder': [156, 312, 624, 1248, 2496], 'neurons_per_layer_decoder': [2496, 1248, 624, 312, 156]}",156,"[2496, 1248, 624, 312, 156]","[156, 312, 624, 1248, 2496]",[0.6432827361093946],[0.6620021444830888],[0.31498254642146684],0.2663311543894485,COMPLETE
44,0.5721785485488575,0.6784205625355941,0.22737737178099993,2024-12-23 18:31:02.191511,2024-12-23 18:31:55.246333,0 days 00:00:53.054822,0.07132336773432592,32,0.2,160,100,1.7127457681647258e-06,2712,0.0014316992673530815,5,5,adam,"{'neurons_per_layer_encoder': [160, 320, 640, 1280, 2560], 'neurons_per_layer_decoder': [2560, 1280, 640, 320, 160]}",160,"[2560, 1280, 640, 320, 160]","[160, 320, 640, 1280, 2560]",[0.5721785485488575],[0.6784205625355941],[0.22737737178099993],0.2407058007809846,COMPLETE
