number,values_0,values_1,values_2,datetime_start,datetime_complete,duration,params_alpha,params_batch_size,params_drop_out_rate,params_encoder_neurons_layer_1,params_epochs,params_lambda,params_latent_dim,params_learning_rate,params_num_layers_decoder,params_num_layers_encoder,params_optimizer,user_attrs_encoder_decoder_config,user_attrs_first_layer_neurons,user_attrs_neurons_per_layer_decoder,user_attrs_neurons_per_layer_encoder,user_attrs_r2_feature_1,user_attrs_r2_feature_2,user_attrs_r2_feature_3,user_attrs_relative_deterioration,state
91,0.14490254219269683,-0.3119541194311797,0.15088400268778135,2024-12-23 18:33:02.435482,2024-12-23 18:33:11.613195,0 days 00:00:09.177713,0.01540012011254305,96,0.1,256,100,1.516262881668927e-06,2536,5.259195803451682e-05,1,3,adam,"{'neurons_per_layer_encoder': [256, 512, 1024], 'neurons_per_layer_decoder': [1024]}",256,[1024],"[256, 512, 1024]",[0.14490254219269683],[-0.3119541194311797],[0.15088400268778135],-1.209012438559658,COMPLETE
92,0.38843409643340565,0.1902833444341817,0.3519955541757305,2024-12-23 18:33:03.375707,2024-12-23 18:33:11.879559,0 days 00:00:08.503852,0.05131591823723901,40,0.1,212,100,2.194405902103121e-06,1128,0.00014582798113757736,1,3,adam,"{'neurons_per_layer_encoder': [212, 424, 848], 'neurons_per_layer_decoder': [848]}",212,[848],"[212, 424, 848]",[0.38843409643340565],[0.1902833444341817],[0.3519955541757305],-0.8526537724174708,COMPLETE
93,0.03661701045226273,-0.29098478734540945,0.02374173483129094,2024-12-23 18:33:03.562284,2024-12-23 18:33:11.028696,0 days 00:00:07.466412,0.05045736764717435,128,0.1,212,100,1.0164925022848028e-06,1192,0.0001408409780504549,1,3,adam,"{'neurons_per_layer_encoder': [212, 424, 848], 'neurons_per_layer_decoder': [848]}",212,[848],"[212, 424, 848]",[0.03661701045226273],[-0.29098478734540945],[0.02374173483129094],-2.1808106129571536,COMPLETE
94,0.33213614974115546,0.4724307191455548,0.26821654491639935,2024-12-23 18:33:06.341357,2024-12-23 18:33:15.080745,0 days 00:00:08.739388,0.04260898456243103,40,0.1,208,100,1.479625911705875e-06,1208,0.0001334236422218993,1,3,adam,"{'neurons_per_layer_encoder': [208, 416, 832], 'neurons_per_layer_decoder': [832]}",208,[832],"[208, 416, 832]",[0.33213614974115546],[0.4724307191455548],[0.26821654491639935],-0.7761619444694234,COMPLETE
95,0.5195907591892689,0.5238128887606095,0.33142533032685006,2024-12-23 18:33:07.158533,2024-12-23 18:33:16.593844,0 days 00:00:09.435311,0.04126269196427943,32,0.1,180,100,1.4571033423246072e-06,1176,0.0004222418054250027,1,3,adam,"{'neurons_per_layer_encoder': [180, 360, 720], 'neurons_per_layer_decoder': [720]}",180,[720],"[180, 360, 720]",[0.5195907591892689],[0.5238128887606095],[0.33142533032685006],-0.7250467987303045,COMPLETE
96,0.5751568200617044,0.5996696350102437,0.35192684916393135,2024-12-23 18:33:07.560585,2024-12-23 18:33:14.825799,0 days 00:00:07.265214,0.051153610868927016,32,0.2,160,100,1.4290006029201076e-06,504,0.00014427722876778716,1,2,adam,"{'neurons_per_layer_encoder': [160, 320], 'neurons_per_layer_decoder': [320]}",160,[320],"[160, 320]",[0.5751568200617044],[0.5996696350102437],[0.35192684916393135],0.021294870023058327,COMPLETE
97,0.5795238136852456,0.586383479007383,0.2560505934889401,2024-12-23 18:33:11.036760,2024-12-23 18:33:19.661908,0 days 00:00:08.625148,0.07996165885539558,32,0.2,160,100,1.3792924486076426e-06,1128,7.36531964650679e-05,1,3,adam,"{'neurons_per_layer_encoder': [160, 320, 640], 'neurons_per_layer_decoder': [640]}",160,[640],"[160, 320, 640]",[0.5795238136852456],[0.586383479007383],[0.2560505934889401],0.01171738048942719,COMPLETE
98,0.6968473732461412,0.7226310286702656,0.275004490708336,2024-12-23 18:33:11.623003,2024-12-23 18:33:16.830536,0 days 00:00:05.207533,0.15279347683054656,32,0.2,80,100,1.4720818558063476e-06,264,0.0006422399716383983,1,2,adam,"{'neurons_per_layer_encoder': [80, 160], 'neurons_per_layer_decoder': [160]}",80,[160],"[80, 160]",[0.6968473732461412],[0.7226310286702656],[0.275004490708336],-0.18089535828398962,COMPLETE
99,0.30991312958823625,0.23070018117465696,0.1722502956454418,2024-12-23 18:33:11.888795,2024-12-23 18:33:20.309400,0 days 00:00:08.420605,0.04184298247498533,32,0.2,180,100,1.4594158534331445e-06,704,7.219344343119002e-05,5,2,adam,"{'neurons_per_layer_encoder': [180, 360], 'neurons_per_layer_decoder': [360, 180, 90, 45, 22]}",180,"[360, 180, 90, 45, 22]","[180, 360]",[0.30991312958823625],[0.23070018117465696],[0.1722502956454418],0.25927042778923765,COMPLETE
100,0.6610996989382233,0.6103748929652772,0.3068780672660433,2024-12-23 18:33:14.835384,2024-12-23 18:33:20.510497,0 days 00:00:05.675113,0.09770560551207373,32,0.2,180,100,3.514265912734087e-05,704,0.00030441070619198783,1,2,adam,"{'neurons_per_layer_encoder': [180, 360], 'neurons_per_layer_decoder': [360]}",180,[360],"[180, 360]",[0.6610996989382233],[0.6103748929652772],[0.3068780672660433],0.44579825651373595,COMPLETE
101,0.6370596352570894,0.6182205502027889,0.4463954780449618,2024-12-23 18:33:15.089925,2024-12-23 18:33:21.080836,0 days 00:00:05.990911,0.07803741986440002,32,0.2,180,100,2.295583952766847e-06,704,0.00019632065804266177,1,2,adam,"{'neurons_per_layer_encoder': [180, 360], 'neurons_per_layer_decoder': [360]}",180,[360],"[180, 360]",[0.6370596352570894],[0.6182205502027889],[0.4463954780449618],0.009433931634879522,COMPLETE
102,0.6790049310648608,0.7098987012829068,0.31685576014555417,2024-12-23 18:33:16.601959,2024-12-23 18:33:21.278214,0 days 00:00:04.676255,0.1619889045172691,32,0.2,80,100,7.45803983721865e-06,264,0.0006356317377346265,1,2,adam,"{'neurons_per_layer_encoder': [80, 160], 'neurons_per_layer_decoder': [160]}",80,[160],"[80, 160]",[0.6790049310648608],[0.7098987012829068],[0.31685576014555417],-0.0671173165456103,COMPLETE
103,0.3411640443561126,0.14601307812698505,0.2563631616814688,2024-12-23 18:33:16.837600,2024-12-23 18:33:21.522567,0 days 00:00:04.684967,0.09674980384205575,32,0.2,20,100,8.779499629558141e-06,76,0.0002833323890014345,2,2,adam,"{'neurons_per_layer_encoder': [20, 40], 'neurons_per_layer_decoder': [40, 20]}",20,"[40, 20]","[20, 40]",[0.3411640443561126],[0.14601307812698505],[0.2563631616814688],0.1625698800984812,COMPLETE
104,0.6701799861658654,0.6160941316320692,0.281677836671815,2024-12-23 18:33:19.670378,2024-12-23 18:33:23.852431,0 days 00:00:04.182053,0.13943078801232653,32,0.2,80,100,4.970095142008879e-06,264,0.0006722914093796606,2,2,adam,"{'neurons_per_layer_encoder': [80, 160], 'neurons_per_layer_decoder': [160, 80]}",80,"[160, 80]","[80, 160]",[0.6701799861658654],[0.6160941316320692],[0.281677836671815],-0.04836373003363244,COMPLETE
105,0.5666978137600831,0.662007951487348,0.35460785946427775,2024-12-23 18:33:20.317010,2024-12-23 18:33:23.741873,0 days 00:00:03.424863,0.15174486389594252,32,0.2,48,100,7.74378849590147e-06,184,0.0002890769910614019,2,2,adam,"{'neurons_per_layer_encoder': [48, 96], 'neurons_per_layer_decoder': [96, 48]}",48,"[96, 48]","[48, 96]",[0.5666978137600831],[0.662007951487348],[0.35460785946427775],0.2040079416023807,COMPLETE
106,0.6336872259929474,0.7122472780142568,0.3738223730388227,2024-12-23 18:33:20.518486,2024-12-23 18:33:23.866806,0 days 00:00:03.348320,0.1657520506744391,32,0.2,80,100,2.2349165688484623e-06,264,0.0003087399437905636,1,2,adam,"{'neurons_per_layer_encoder': [80, 160], 'neurons_per_layer_decoder': [160]}",80,[160],"[80, 160]",[0.6336872259929474],[0.7122472780142568],[0.3738223730388227],0.0616321564849219,COMPLETE
107,-0.25375941564065796,-0.2651046210917205,0.14920244066425203,2024-12-23 18:33:21.088061,2024-12-23 18:33:24.290564,0 days 00:00:03.202503,0.16716405745147125,104,0.2,20,100,5.050736861055745e-06,76,0.00027682952564610274,2,2,adam,"{'neurons_per_layer_encoder': [20, 40], 'neurons_per_layer_decoder': [40, 20]}",20,"[40, 20]","[20, 40]",[-0.25375941564065796],[-0.2651046210917205],[0.14920244066425203],0.15174338049961,COMPLETE
108,-0.4734682775507144,-1.4289529404485868,-0.272444301933644,2024-12-23 18:33:21.284637,2024-12-23 18:33:22.326582,0 days 00:00:01.041945,0.15115057069029805,64,0.2,20,100,5.089609180275743e-06,76,0.0001842661857199204,1,2,sgd,"{'neurons_per_layer_encoder': [20, 40], 'neurons_per_layer_decoder': [40]}",20,[40],"[20, 40]",[-0.4734682775507144],[-1.4289529404485868],[-0.272444301933644],0.3427617086274036,COMPLETE
109,-0.530614502976652,-1.262299491288231,-0.18667632696287617,2024-12-23 18:33:21.529688,2024-12-23 18:33:22.771953,0 days 00:00:01.242265,0.1613077591399272,80,0.2,84,100,5.382625528715095e-06,256,0.00018481981504808864,1,2,sgd,"{'neurons_per_layer_encoder': [84, 168], 'neurons_per_layer_decoder': [168]}",84,[168],"[84, 168]",[-0.530614502976652],[-1.262299491288231],[-0.18667632696287617],0.2099297835253859,COMPLETE
110,-0.22825485376884846,-1.3099630784100937,-0.35372844436834705,2024-12-23 18:33:22.333724,2024-12-23 18:33:23.540913,0 days 00:00:01.207189,0.17146178958948768,40,0.2,80,100,6.9178183616616565e-06,264,0.0006361188732638742,1,2,sgd,"{'neurons_per_layer_encoder': [80, 160], 'neurons_per_layer_decoder': [160]}",80,[160],"[80, 160]",[-0.22825485376884846],[-1.3099630784100937],[-0.35372844436834705],0.2356931790439236,COMPLETE
111,-0.3858322740047446,-0.6404550388135286,-0.16522759337363357,2024-12-23 18:33:22.779366,2024-12-23 18:33:25.044532,0 days 00:00:02.265166,0.1093738148786663,104,0.2,52,100,3.26056528767077e-05,176,0.0002131321726208489,1,2,adadelta,"{'neurons_per_layer_encoder': [52, 104], 'neurons_per_layer_decoder': [104]}",52,[104],"[52, 104]",[-0.3858322740047446],[-0.6404550388135286],[-0.16522759337363357],0.3544963051155545,COMPLETE
112,-0.5743946643861204,-0.16946439362378118,-0.25107452343819214,2024-12-23 18:33:23.546690,2024-12-23 18:33:27.966258,0 days 00:00:04.419568,0.10702475379128229,104,0.2,192,100,3.332966754212283e-06,696,0.0003029253056811534,1,2,adadelta,"{'neurons_per_layer_encoder': [192, 384], 'neurons_per_layer_decoder': [384]}",192,[384],"[192, 384]",[-0.5743946643861204],[-0.16946439362378118],[-0.25107452343819214],-0.020852690890048587,COMPLETE
113,-0.7936317452360706,-0.8419688612321927,-0.061155103638148134,2024-12-23 18:33:23.750294,2024-12-23 18:33:25.763745,0 days 00:00:02.013451,0.10824093744776718,104,0.2,56,100,3.2479217139456726e-06,168,0.0003106347230245783,2,2,adadelta,"{'neurons_per_layer_encoder': [56, 112], 'neurons_per_layer_decoder': [112, 56]}",56,"[112, 56]","[56, 112]",[-0.7936317452360706],[-0.8419688612321927],[-0.061155103638148134],0.11674432668263243,COMPLETE
114,-0.9814575338640443,-0.9992072717368223,-0.20661758626358395,2024-12-23 18:33:23.861995,2024-12-23 18:33:26.084238,0 days 00:00:02.222243,0.1368744125921976,40,0.2,48,100,0.0005168787639454629,184,0.00022979572643026035,2,2,adadelta,"{'neurons_per_layer_encoder': [48, 96], 'neurons_per_layer_decoder': [96, 48]}",48,"[96, 48]","[48, 96]",[-0.9814575338640443],[-0.9992072717368223],[-0.20661758626358395],0.6810502476290149,COMPLETE
115,-1.1454344561224272,-1.0024440860741057,-0.035773387630271936,2024-12-23 18:33:23.874979,2024-12-23 18:33:26.139741,0 days 00:00:02.264762,0.14241028795845004,104,0.2,192,100,0.0004919660257367311,680,0.0002501789748587028,2,2,adadelta,"{'neurons_per_layer_encoder': [192, 384], 'neurons_per_layer_decoder': [384, 192]}",192,"[384, 192]","[192, 384]",[-1.1454344561224272],[-1.0024440860741057],[-0.035773387630271936],0.8683317051879973,COMPLETE
116,-0.37074877573248166,-1.4367511857989412,0.013438471487677961,2024-12-23 18:33:24.297757,2024-12-23 18:33:26.252335,0 days 00:00:01.954578,0.13708112722023724,64,0.2,104,100,3.393772019167252e-06,312,0.0002251108051512051,1,2,adadelta,"{'neurons_per_layer_encoder': [104, 208], 'neurons_per_layer_decoder': [208]}",104,[208],"[104, 208]",[-0.37074877573248166],[-1.4367511857989412],[0.013438471487677961],0.17384139754778488,COMPLETE
117,0.3866179705901853,0.2780888942599036,0.25515651514578275,2024-12-23 18:33:25.051380,2024-12-23 18:33:32.199897,0 days 00:00:07.148517,0.13726888859599448,64,0.2,60,100,3.4674361456470313e-06,872,0.0002501860375421386,1,4,adam,"{'neurons_per_layer_encoder': [60, 120, 240, 480], 'neurons_per_layer_decoder': [480]}",60,[480],"[60, 120, 240, 480]",[0.3866179705901853],[0.2780888942599036],[0.25515651514578275],-0.18899157825098378,COMPLETE
118,0.2463642916176847,0.26630320013509234,0.2311519386243629,2024-12-23 18:33:25.772505,2024-12-23 18:33:36.977138,0 days 00:00:11.204633,0.1302391823340852,64,0.2,188,100,2.525252713302613e-06,1576,0.0002442455142910093,1,4,adam,"{'neurons_per_layer_encoder': [188, 376, 752, 1504], 'neurons_per_layer_decoder': [1504]}",188,[1504],"[188, 376, 752, 1504]",[0.2463642916176847],[0.26630320013509234],[0.2311519386243629],-0.23239284994661696,COMPLETE
119,0.5731982419392772,0.6279745883826131,0.4441132285391748,2024-12-23 18:33:26.092173,2024-12-23 18:33:37.562401,0 days 00:00:11.470228,0.18103856041440564,32,0.2,104,100,3.626108568171481e-06,1448,0.0002442204967714939,1,4,adam,"{'neurons_per_layer_encoder': [104, 208, 416, 832], 'neurons_per_layer_decoder': [832]}",104,[832],"[104, 208, 416, 832]",[0.5731982419392772],[0.6279745883826131],[0.4441132285391748],0.2508055334018455,COMPLETE
120,0.02376787497746191,0.33299242317752764,0.19395368821869152,2024-12-23 18:33:26.146766,2024-12-23 18:33:35.267576,0 days 00:00:09.120810,0.15133342511331538,64,0.2,104,100,2.4382900236293763e-06,1416,0.00038403566356857917,1,4,adam,"{'neurons_per_layer_encoder': [104, 208, 416, 832], 'neurons_per_layer_decoder': [832]}",104,[832],"[104, 208, 416, 832]",[0.02376787497746191],[0.33299242317752764],[0.19395368821869152],-0.5739914201261817,COMPLETE
121,0.5790643190043138,0.6390019455607582,0.2309304285415399,2024-12-23 18:33:26.259573,2024-12-23 18:33:36.383504,0 days 00:00:10.123931,0.1834961624635042,32,0.2,76,100,2.4631864186836857e-06,968,0.00011476240416711579,1,4,adam,"{'neurons_per_layer_encoder': [76, 152, 304, 608], 'neurons_per_layer_decoder': [608]}",76,[608],"[76, 152, 304, 608]",[0.5790643190043138],[0.6390019455607582],[0.2309304285415399],0.18607468154295223,COMPLETE
122,0.5498649322861527,0.5829274738104798,0.2803100849168899,2024-12-23 18:33:27.980482,2024-12-23 18:33:42.128101,0 days 00:00:14.147619,0.12836818084576193,32,0.2,120,100,4.480089348417027e-06,1480,9.074385378547828e-05,1,4,adam,"{'neurons_per_layer_encoder': [120, 240, 480, 960], 'neurons_per_layer_decoder': [960]}",120,[960],"[120, 240, 480, 960]",[0.5498649322861527],[0.5829274738104798],[0.2803100849168899],0.3565037743362353,COMPLETE
123,0.30987497947805376,0.18514339336687557,0.238074385400584,2024-12-23 18:33:32.210515,2024-12-23 18:33:42.408102,0 days 00:00:10.197587,0.18668518192774228,88,0.2,120,100,1.0321246003739282e-05,1432,0.00037491308631061165,1,4,adam,"{'neurons_per_layer_encoder': [120, 240, 480, 960], 'neurons_per_layer_decoder': [960]}",120,[960],"[120, 240, 480, 960]",[0.30987497947805376],[0.18514339336687557],[0.238074385400584],0.21943466655954655,COMPLETE
124,0.48593599625273987,0.5102911351208779,0.3207975464306375,2024-12-23 18:33:35.275522,2024-12-23 18:33:43.524501,0 days 00:00:08.248979,0.1855326203177868,32,0.2,184,100,4.493875556884973e-06,616,8.8475674769091e-05,4,2,adam,"{'neurons_per_layer_encoder': [184, 368], 'neurons_per_layer_decoder': [368, 184, 92, 46]}",184,"[368, 184, 92, 46]","[184, 368]",[0.48593599625273987],[0.5102911351208779],[0.3207975464306375],0.39017053764523996,COMPLETE
125,0.1345345379240801,0.39712300649932386,0.32777573871325016,2024-12-23 18:33:36.391448,2024-12-23 18:33:43.471911,0 days 00:00:07.080463,0.12905574967064917,32,0.2,120,100,4.380569196968325e-06,440,8.67157547760014e-05,4,2,adam,"{'neurons_per_layer_encoder': [120, 240], 'neurons_per_layer_decoder': [240, 120, 60, 30]}",120,"[240, 120, 60, 30]","[120, 240]",[0.1345345379240801],[0.39712300649932386],[0.32777573871325016],0.19311883541750421,COMPLETE
126,0.2279734098195737,0.12312934838760159,0.09988093309755097,2024-12-23 18:33:36.986436,2024-12-23 18:33:43.673554,0 days 00:00:06.687118,0.09281367640891507,88,0.2,176,100,9.394863868959653e-05,712,0.00047135437459171,4,2,adam,"{'neurons_per_layer_encoder': [176, 352], 'neurons_per_layer_decoder': [352, 176, 88, 44]}",176,"[352, 176, 88, 44]","[176, 352]",[0.2279734098195737],[0.12312934838760159],[0.09988093309755097],0.6696345376216185,COMPLETE
127,0.6511451990898582,0.7161420407774128,0.27780164348000413,2024-12-23 18:33:37.570771,2024-12-23 18:33:43.006514,0 days 00:00:05.435743,0.12729549302008245,32,0.2,76,100,2.103747929386694e-06,272,0.00047600639358850327,1,2,adam,"{'neurons_per_layer_encoder': [76, 152], 'neurons_per_layer_decoder': [152]}",76,[152],"[76, 152]",[0.6511451990898582],[0.7161420407774128],[0.27780164348000413],-0.13422177014722303,COMPLETE
128,0.6556772350418123,0.716522325808902,0.3195881352840445,2024-12-23 18:33:42.136409,2024-12-23 18:33:45.609072,0 days 00:00:03.472663,0.18788147476248243,32,0.2,84,100,1.9876664129654784e-06,272,0.00046376136590119816,1,2,adam,"{'neurons_per_layer_encoder': [84, 168], 'neurons_per_layer_decoder': [168]}",84,[168],"[84, 168]",[0.6556772350418123],[0.716522325808902],[0.3195881352840445],-0.04953143415591067,COMPLETE
129,0.6193280561605548,0.5625426034106205,0.25655180875880357,2024-12-23 18:33:42.416823,2024-12-23 18:33:46.152001,0 days 00:00:03.735178,0.15092883834175932,32,0.2,84,100,2.177727678539201e-06,256,0.00016279990912418087,1,2,adam,"{'neurons_per_layer_encoder': [84, 168], 'neurons_per_layer_decoder': [168]}",84,[168],"[84, 168]",[0.6193280561605548],[0.5625426034106205],[0.25655180875880357],0.024343748799113277,COMPLETE
130,0.6707984266707232,0.7111721374322053,0.26399659676124443,2024-12-23 18:33:43.013489,2024-12-23 18:33:46.589661,0 days 00:00:03.576172,0.153494440338945,32,0.2,84,100,2.296072505850321e-06,272,0.0004763279232327707,1,2,adam,"{'neurons_per_layer_encoder': [84, 168], 'neurons_per_layer_decoder': [168]}",84,[168],"[84, 168]",[0.6707984266707232],[0.7111721374322053],[0.26399659676124443],-0.049653520947655724,COMPLETE
131,0.556761766634853,0.5852462110162868,0.25643770568443225,2024-12-23 18:33:43.479168,2024-12-23 18:33:46.674226,0 days 00:00:03.195058,0.15095994453519396,40,0.2,88,100,2.092633373404659e-06,280,0.00045730996600151037,1,2,adam,"{'neurons_per_layer_encoder': [88, 176], 'neurons_per_layer_decoder': [176]}",88,[176],"[88, 176]",[0.556761766634853],[0.5852462110162868],[0.25643770568443225],-0.3633325909244557,COMPLETE
132,0.5496057232633689,0.4984220433959614,0.38691992606265724,2024-12-23 18:33:43.534206,2024-12-23 18:33:47.054669,0 days 00:00:03.520463,0.15517353264451808,40,0.2,88,100,2.1076321515230545e-06,280,0.0004748478330055056,1,2,adam,"{'neurons_per_layer_encoder': [88, 176], 'neurons_per_layer_decoder': [176]}",88,[176],"[88, 176]",[0.5496057232633689],[0.4984220433959614],[0.38691992606265724],-0.2801961358441929,COMPLETE
133,0.5675703965714239,0.5275486426395816,0.3355287874162808,2024-12-23 18:33:43.680794,2024-12-23 18:33:47.172480,0 days 00:00:03.491686,0.1488959347290255,40,0.2,88,100,1.9900096112633377e-06,280,0.0006404943385559465,1,2,adam,"{'neurons_per_layer_encoder': [88, 176], 'neurons_per_layer_decoder': [176]}",88,[176],"[88, 176]",[0.5675703965714239],[0.5275486426395816],[0.3355287874162808],-0.36994505960742863,COMPLETE
134,0.5139691435636005,0.6078959680047393,0.295614989379559,2024-12-23 18:33:45.616899,2024-12-23 18:33:48.861725,0 days 00:00:03.244826,0.15339171122608522,40,0.2,84,100,2.313516564069615e-06,272,0.0006141993231913673,1,2,adam,"{'neurons_per_layer_encoder': [84, 168], 'neurons_per_layer_decoder': [168]}",84,[168],"[84, 168]",[0.5139691435636005],[0.6078959680047393],[0.295614989379559],-0.32452981463195174,COMPLETE
135,0.5728906761262653,0.5943175509603374,0.33759516382214694,2024-12-23 18:33:46.159085,2024-12-23 18:33:49.297815,0 days 00:00:03.138730,0.15698470948680865,40,0.2,72,100,2.032502711916731e-06,280,0.0006320857969508922,1,2,adam,"{'neurons_per_layer_encoder': [72, 144], 'neurons_per_layer_decoder': [144]}",72,[144],"[72, 144]",[0.5728906761262653],[0.5943175509603374],[0.33759516382214694],-0.2794806122797633,COMPLETE
136,0.5818115633023551,0.5850676907066292,0.26945032918801315,2024-12-23 18:33:46.596032,2024-12-23 18:33:49.883899,0 days 00:00:03.287867,0.16687720426537006,40,0.2,72,100,1.737766903604437e-05,264,0.00032936483556342017,1,2,adam,"{'neurons_per_layer_encoder': [72, 144], 'neurons_per_layer_decoder': [144]}",72,[144],"[72, 144]",[0.5818115633023551],[0.5850676907066292],[0.26945032918801315],0.09106636705375534,COMPLETE
137,0.5857312947594181,0.6214496946910744,0.3167048638981034,2024-12-23 18:33:46.681390,2024-12-23 18:33:50.076269,0 days 00:00:03.394879,0.17402811199104357,40,0.2,72,100,1.9837979014217376e-06,264,0.00032130230027878706,1,2,adam,"{'neurons_per_layer_encoder': [72, 144], 'neurons_per_layer_decoder': [144]}",72,[144],"[72, 144]",[0.5857312947594181],[0.6214496946910744],[0.3167048638981034],-0.012756435258450329,COMPLETE
138,0.6142619025951808,0.6764145209375548,0.2401764848156024,2024-12-23 18:33:47.061500,2024-12-23 18:33:50.281743,0 days 00:00:03.220243,0.17095212730219086,32,0.2,72,100,1.3839641712992768e-05,264,0.00019860990129516893,1,2,adam,"{'neurons_per_layer_encoder': [72, 144], 'neurons_per_layer_decoder': [144]}",72,[144],"[72, 144]",[0.6142619025951808],[0.6764145209375548],[0.2401764848156024],0.08772687018934487,COMPLETE
139,0.691258321520475,0.6638350873982921,0.1936742075442187,2024-12-23 18:33:47.180268,2024-12-23 18:33:50.406426,0 days 00:00:03.226158,0.17306063482431344,32,0.2,72,100,1.6622280803692633e-06,216,0.0001988034501861736,1,2,adam,"{'neurons_per_layer_encoder': [72, 144], 'neurons_per_layer_decoder': [144]}",72,[144],"[72, 144]",[0.691258321520475],[0.6638350873982921],[0.1936742075442187],0.018395460098481836,COMPLETE
