number,values_0,values_1,values_2,datetime_start,datetime_complete,duration,params_alpha,params_batch_size,params_drop_out_rate,params_encoder_neurons_layer_1,params_epochs,params_lambda,params_latent_dim,params_learning_rate,params_num_layers_decoder,params_num_layers_encoder,params_optimizer,user_attrs_encoder_decoder_config,user_attrs_first_layer_neurons,user_attrs_neurons_per_layer_decoder,user_attrs_neurons_per_layer_encoder,user_attrs_r2_feature_1,user_attrs_r2_feature_2,user_attrs_r2_feature_3,user_attrs_relative_deterioration,state
415,0.07596060916243652,0.29897179947533703,0.05199108957730203,2024-12-23 21:51:12.366192,2024-12-23 21:51:22.940271,0 days 00:00:10.574079,0.01567281860301034,88,0.1,80,100,1.223152130976176e-06,1112,0.00027170213284584464,3,4,adam,"{'neurons_per_layer_encoder': [80, 160, 320, 640], 'neurons_per_layer_decoder': [640, 320, 160]}",80,"[640, 320, 160]","[80, 160, 320, 640]",[0.07596060916243652],[0.29897179947533703],[0.05199108957730203],-1.1286882172687598,COMPLETE
416,-0.3545988855230391,-0.46859171347200057,0.003256967289853696,2024-12-23 21:51:14.474903,2024-12-23 21:51:21.626739,0 days 00:00:07.151836,0.07629417472264467,40,0.1,64,100,1.4558001753612518e-05,936,7.382726047543533e-05,3,4,sgd,"{'neurons_per_layer_encoder': [64, 128, 256, 512], 'neurons_per_layer_decoder': [512, 256, 128]}",64,"[512, 256, 128]","[64, 128, 256, 512]",[-0.3545988855230391],[-0.46859171347200057],[0.003256967289853696],0.4446651190515485,COMPLETE
417,-0.8101128683381396,-0.944407088782341,-0.07613315769875073,2024-12-23 21:51:17.425137,2024-12-23 21:51:21.834844,0 days 00:00:04.409707,0.015860260994631132,32,0.1,76,100,0.0006742276930917692,664,0.0002751891870051464,5,4,sgd,"{'neurons_per_layer_encoder': [76, 152, 304, 608], 'neurons_per_layer_decoder': [608, 304, 152, 76, 38]}",76,"[608, 304, 152, 76, 38]","[76, 152, 304, 608]",[-0.8101128683381396],[-0.944407088782341],[-0.07613315769875073],0.9526641943595833,COMPLETE
418,-0.6595245464268094,-1.1928858369169228,0.02592879403069248,2024-12-23 21:51:18.347443,2024-12-23 21:51:21.635672,0 days 00:00:03.288229,0.011880558469580037,64,0.1,52,100,1.0257452437225988e-05,888,7.816827474213239e-05,3,4,sgd,"{'neurons_per_layer_encoder': [52, 104, 208, 416], 'neurons_per_layer_decoder': [416, 208, 104]}",52,"[416, 208, 104]","[52, 104, 208, 416]",[-0.6595245464268094],[-1.1928858369169228],[0.02592879403069248],0.33440746552910516,COMPLETE
419,-0.5030286658947081,-0.7980298226761577,-0.2327039311475929,2024-12-23 21:51:20.803525,2024-12-23 21:51:22.994912,0 days 00:00:02.191387,0.011845080608759847,64,0.1,72,100,0.0006816931088148438,664,0.00044285209751091854,2,4,sgd,"{'neurons_per_layer_encoder': [72, 144, 288, 576], 'neurons_per_layer_decoder': [576, 288]}",72,"[576, 288]","[72, 144, 288, 576]",[-0.5030286658947081],[-0.7980298226761577],[-0.2327039311475929],0.9435264951651301,COMPLETE
420,-0.6389192076311871,-1.9352279575374838,-0.20484665760894716,2024-12-23 21:51:21.458849,2024-12-23 21:51:23.704084,0 days 00:00:02.245235,0.07803666064446073,40,0.1,64,100,1.0095109312648335e-05,888,0.000425927862408559,4,4,sgd,"{'neurons_per_layer_encoder': [64, 128, 256, 512], 'neurons_per_layer_decoder': [512, 256, 128, 64]}",64,"[512, 256, 128, 64]","[64, 128, 256, 512]",[-0.6389192076311871],[-1.9352279575374838],[-0.20484665760894716],0.2912711199932732,COMPLETE
421,0.5670627256529132,0.39104530371783885,0.47668037017122833,2024-12-23 21:51:21.636834,2024-12-23 21:55:47.919978,0 days 00:04:26.283144,0.08261842324797078,40,0.1,36,100,1.1716716449264565e-05,552,0.0002642533398637858,2,4,adam,"{'neurons_per_layer_encoder': [36, 72, 144, 288], 'neurons_per_layer_decoder': [288, 144]}",36,"[288, 144]","[36, 72, 144, 288]",[0.5670627256529132],[0.39104530371783885],[0.47668037017122833],0.14072947878991515,COMPLETE
422,0.4783668158066767,0.27142415861879665,0.23879557106381977,2024-12-23 21:51:21.644363,2024-12-23 21:55:57.730635,0 days 00:04:36.086272,0.08083708034573403,40,0.1,196,100,1.1986873752156526e-05,1592,0.00041255859345960285,2,4,adam,"{'neurons_per_layer_encoder': [196, 392, 784, 1568], 'neurons_per_layer_decoder': [1568, 784]}",196,"[1568, 784]","[196, 392, 784, 1568]",[0.4783668158066767],[0.27142415861879665],[0.23879557106381977],0.5024364569124482,COMPLETE
423,0.42718142796482417,0.5437921948256068,0.3885119858769158,2024-12-23 21:51:21.845305,2024-12-23 21:55:49.169173,0 days 00:04:27.323868,0.0830299146929351,40,0.1,36,100,1.1878115344162067e-05,520,0.004790588582604338,4,4,adam,"{'neurons_per_layer_encoder': [36, 72, 144, 288], 'neurons_per_layer_decoder': [288, 144, 72, 36]}",36,"[288, 144, 72, 36]","[36, 72, 144, 288]",[0.42718142796482417],[0.5437921948256068],[0.3885119858769158],-0.21066928799634185,COMPLETE
424,-0.45430614224788535,-0.911411620694887,-0.2088762295188915,2024-12-23 21:51:22.948163,2024-12-23 21:55:45.196830,0 days 00:04:22.248667,0.01844758700081077,40,0.1,36,100,0.00024871601498961443,71,0.00012164195403959701,2,1,adam,"{'neurons_per_layer_encoder': [36], 'neurons_per_layer_decoder': [36, 18]}",36,"[36, 18]",[36],[-0.45430614224788535],[-0.911411620694887],[-0.2088762295188915],0.10526411644576175,COMPLETE
425,0.6449312958600844,0.6197760632688887,0.39766262274810316,2024-12-23 21:51:23.004673,2024-12-23 21:55:56.587677,0 days 00:04:33.583004,0.0829786666653707,32,0.1,128,100,1.184299001538982e-05,904,0.0013165083783698431,4,3,adam,"{'neurons_per_layer_encoder': [128, 256, 512], 'neurons_per_layer_decoder': [512, 256, 128, 64]}",128,"[512, 256, 128, 64]","[128, 256, 512]",[0.6449312958600844],[0.6197760632688887],[0.39766262274810316],0.28799517764141414,COMPLETE
426,0.5406665528829404,0.6740542674450402,0.27720230202786655,2024-12-23 21:51:23.710467,2024-12-23 21:55:57.258730,0 days 00:04:33.548263,0.08254641197740788,32,0.1,72,100,1.1468789046599005e-05,712,0.0001211650639835712,3,4,adam,"{'neurons_per_layer_encoder': [72, 144, 288, 576], 'neurons_per_layer_decoder': [576, 288, 144]}",72,"[576, 288, 144]","[72, 144, 288, 576]",[0.5406665528829404],[0.6740542674450402],[0.27720230202786655],0.4091708356907567,COMPLETE
427,0.03240334150299329,-0.030165606487064345,-0.2392074751497162,2024-12-23 21:55:45.205677,2024-12-23 21:55:55.302839,0 days 00:00:10.097162,0.08473161836634763,120,0.1,72,100,8.68781712924227e-06,392,9.90116422809427e-05,3,3,adam,"{'neurons_per_layer_encoder': [72, 144, 288], 'neurons_per_layer_decoder': [288, 144, 72]}",72,"[288, 144, 72]","[72, 144, 288]",[0.03240334150299329],[-0.030165606487064345],[-0.2392074751497162],-0.49669064762112614,COMPLETE
428,0.5491353252739546,0.6951147334007688,0.2754073963707895,2024-12-23 21:55:47.929177,2024-12-23 21:56:02.732843,0 days 00:00:14.803666,0.07076710197014884,32,0.1,152,100,1.2144357410362986e-05,1208,9.460711182126848e-05,3,3,adam,"{'neurons_per_layer_encoder': [152, 304, 608], 'neurons_per_layer_decoder': [608, 304, 152]}",152,"[608, 304, 152]","[152, 304, 608]",[0.5491353252739546],[0.6951147334007688],[0.2754073963707895],0.4365196164323197,COMPLETE
429,0.6434304732849848,0.4065210063448593,0.3733380718124153,2024-12-23 21:55:49.177800,2024-12-23 21:56:14.558030,0 days 00:00:25.380230,0.07537469197384655,32,0.1,196,100,8.425914359069503e-06,1592,9.703377199013263e-05,3,4,adam,"{'neurons_per_layer_encoder': [196, 392, 784, 1568], 'neurons_per_layer_decoder': [1568, 784, 392]}",196,"[1568, 784, 392]","[196, 392, 784, 1568]",[0.6434304732849848],[0.4065210063448593],[0.3733380718124153],0.5768206291168566,COMPLETE
430,0.605525059199968,0.5176798028331504,0.44475055311430933,2024-12-23 21:55:55.310322,2024-12-23 21:56:14.495262,0 days 00:00:19.184940,0.09194479371540142,32,0.1,152,100,1.5573700762628455e-05,1240,0.00013479633283097048,3,4,adam,"{'neurons_per_layer_encoder': [152, 304, 608, 1216], 'neurons_per_layer_decoder': [1216, 608, 304]}",152,"[1216, 608, 304]","[152, 304, 608, 1216]",[0.605525059199968],[0.5176798028331504],[0.44475055311430933],0.7050610981019636,COMPLETE
431,0.5331296214243806,0.6071989013897542,0.40680095671252725,2024-12-23 21:55:56.595393,2024-12-23 21:56:12.216785,0 days 00:00:15.621392,0.07223398545153706,32,0.1,60,100,8.466375781117916e-06,712,0.00013989357419756906,3,4,adam,"{'neurons_per_layer_encoder': [60, 120, 240, 480], 'neurons_per_layer_decoder': [480, 240, 120]}",60,"[480, 240, 120]","[60, 120, 240, 480]",[0.5331296214243806],[0.6071989013897542],[0.40680095671252725],0.32717778893857224,COMPLETE
432,0.6190242379895633,0.158248959584951,0.361646906338009,2024-12-23 21:55:57.269429,2024-12-23 21:56:19.174640,0 days 00:00:21.905211,0.07123331973918125,32,0.30000000000000004,196,100,1.5012507789954141e-05,1592,0.00014529248147641344,3,4,adam,"{'neurons_per_layer_encoder': [196, 392, 784, 1568], 'neurons_per_layer_decoder': [1568, 784, 392]}",196,"[1568, 784, 392]","[196, 392, 784, 1568]",[0.6190242379895633],[0.158248959584951],[0.361646906338009],0.7284020366867817,COMPLETE
433,-0.3505170636357722,-2.8603644557429684,-0.286293356155757,2024-12-23 21:55:57.741150,2024-12-23 21:56:07.851848,0 days 00:00:10.110698,0.04679452666113627,32,0.30000000000000004,168,100,8.311591781923216e-06,1368,0.00014070874727763267,3,4,adadelta,"{'neurons_per_layer_encoder': [168, 336, 672, 1344], 'neurons_per_layer_decoder': [1344, 672, 336]}",168,"[1344, 672, 336]","[168, 336, 672, 1344]",[-0.3505170636357722],[-2.8603644557429684],[-0.286293356155757],0.3858030727822097,COMPLETE
434,-0.2845155224325848,-1.6318091326430255,-0.016725103919061235,2024-12-23 21:56:02.745008,2024-12-23 21:56:15.765730,0 days 00:00:13.020722,0.09112813339672127,32,0.30000000000000004,168,100,8.625694550145627e-06,1672,0.0010175150743703,5,4,adadelta,"{'neurons_per_layer_encoder': [168, 336, 672, 1344], 'neurons_per_layer_decoder': [1344, 672, 336, 168, 84]}",168,"[1344, 672, 336, 168, 84]","[168, 336, 672, 1344]",[-0.2845155224325848],[-1.6318091326430255],[-0.016725103919061235],0.3772896992904086,COMPLETE
435,0.18507093048140832,0.17370135899415384,0.11866174663635443,2024-12-23 21:56:07.861725,2024-12-23 21:56:27.637888,0 days 00:00:19.776163,0.0921863406272257,80,0.1,228,100,1.4409894903462236e-05,1848,0.00011513441442515118,5,4,adam,"{'neurons_per_layer_encoder': [228, 456, 912, 1824], 'neurons_per_layer_decoder': [1824, 912, 456, 228, 114]}",228,"[1824, 912, 456, 228, 114]","[228, 456, 912, 1824]",[0.18507093048140832],[0.17370135899415384],[0.11866174663635443],0.6274318543164336,COMPLETE
436,-0.21180688216844024,-0.21094728269448293,0.11538047102996085,2024-12-23 21:56:12.226671,2024-12-23 21:56:25.612740,0 days 00:00:13.386069,0.13475778484942183,80,0.1,184,100,0.00013007267623071767,1496,2.193754546455728e-05,3,4,adam,"{'neurons_per_layer_encoder': [184, 368, 736, 1472], 'neurons_per_layer_decoder': [1472, 736, 368]}",184,"[1472, 736, 368]","[184, 368, 736, 1472]",[-0.21180688216844024],[-0.21094728269448293],[0.11538047102996085],0.9209890572856612,COMPLETE
437,-0.38835681278894385,-0.5036960942616235,-0.2653459108033638,2024-12-23 21:56:14.509355,2024-12-23 21:56:21.589347,0 days 00:00:07.079992,0.15845468078368863,80,0.1,120,100,0.00012556637506474835,208,2.0885004293357744e-05,5,1,adadelta,"{'neurons_per_layer_encoder': [120], 'neurons_per_layer_decoder': [120, 60, 30, 15, 8]}",120,"[120, 60, 30, 15, 8]",[120],[-0.38835681278894385],[-0.5036960942616235],[-0.2653459108033638],0.41166548720241103,COMPLETE
438,-0.47001412270523324,-1.2703732658925233,-0.23157908432552565,2024-12-23 21:56:14.572732,2024-12-23 21:56:19.268865,0 days 00:00:04.696133,0.10358743140018663,48,0.1,84,100,8.741526218784636e-05,108,0.00011539051055370381,5,1,adadelta,"{'neurons_per_layer_encoder': [84], 'neurons_per_layer_decoder': [84, 42, 21, 10, 8]}",84,"[84, 42, 21, 10, 8]",[84],[-0.47001412270523324],[-1.2703732658925233],[-0.23157908432552565],0.3950360075354164,COMPLETE
439,-0.7013743219068933,-1.056382029650052,-0.3114939930101006,2024-12-23 21:56:15.774291,2024-12-23 21:56:20.147626,0 days 00:00:04.373335,0.1354110831000417,80,0.1,224,100,1.4916388688116851e-05,312,2.240192686801281e-05,3,1,adam,"{'neurons_per_layer_encoder': [224], 'neurons_per_layer_decoder': [224, 112, 56]}",224,"[224, 112, 56]",[224],[-0.7013743219068933],[-1.056382029650052],[-0.3114939930101006],-0.155934375335382,COMPLETE
440,0.19067805951140893,0.34862155881606405,0.11068260435092292,2024-12-23 21:56:19.184449,2024-12-23 21:56:25.793927,0 days 00:00:06.609478,0.07492779627647168,96,0.1,144,100,1.029659440812192e-05,216,0.00011307272283126384,3,1,adam,"{'neurons_per_layer_encoder': [144], 'neurons_per_layer_decoder': [144, 72, 36]}",144,"[144, 72, 36]",[144],[0.19067805951140893],[0.34862155881606405],[0.11068260435092292],-0.26160996879863635,COMPLETE
441,0.20032352306088896,-0.027805637447396725,0.09097614837230206,2024-12-23 21:56:19.282572,2024-12-23 21:56:33.220271,0 days 00:00:13.937699,0.1574975513533093,72,0.2,224,100,1.0368358512133976e-05,1816,0.00020810332761852715,3,4,adam,"{'neurons_per_layer_encoder': [224, 448, 896, 1792], 'neurons_per_layer_decoder': [1792, 896, 448]}",224,"[1792, 896, 448]","[224, 448, 896, 1792]",[0.20032352306088896],[-0.027805637447396725],[0.09097614837230206],0.4552960348687617,COMPLETE
442,-0.4225568982339063,-1.0251360541615115,0.011866743007963532,2024-12-23 21:56:20.154561,2024-12-23 21:56:25.231660,0 days 00:00:05.077099,0.06801613691703845,96,0.1,76,100,1.0354514523743552e-05,680,5.274799530974917e-05,3,4,adam,"{'neurons_per_layer_encoder': [76, 152, 304, 608], 'neurons_per_layer_decoder': [608, 304, 152]}",76,"[608, 304, 152]","[76, 152, 304, 608]",[-0.4225568982339063],[-1.0251360541615115],[0.011866743007963532],0.06487480873506246,COMPLETE
443,0.5207785137081857,0.46489543412790857,0.3706718043590712,2024-12-23 21:56:21.597268,2024-12-23 21:56:33.421585,0 days 00:00:11.824317,0.07564042849322196,32,0.2,76,100,0.00017307428735967588,680,0.00010651781246763569,3,4,adam,"{'neurons_per_layer_encoder': [76, 152, 304, 608], 'neurons_per_layer_decoder': [608, 304, 152]}",76,"[608, 304, 152]","[76, 152, 304, 608]",[0.5207785137081857],[0.46489543412790857],[0.3706718043590712],0.9283509299690516,COMPLETE
444,-0.5077162328859719,-2.688104133525492,-0.2645096999286598,2024-12-23 21:56:25.238681,2024-12-23 21:56:30.155338,0 days 00:00:04.916657,0.07549507992221924,32,0.2,24,100,1.0709344512036575e-05,408,0.0001079707688659461,3,4,adam,"{'neurons_per_layer_encoder': [24, 48, 96, 192], 'neurons_per_layer_decoder': [192, 96, 48]}",24,"[192, 96, 48]","[24, 48, 96, 192]",[-0.5077162328859719],[-2.688104133525492],[-0.2645096999286598],-0.07182056830707662,COMPLETE
445,0.2836909477450882,0.37521384269372093,0.3369914456319315,2024-12-23 21:56:25.623712,2024-12-23 21:56:36.587933,0 days 00:00:10.964221,0.07483578931867015,32,0.2,80,100,3.742339263455373e-05,744,0.009901200053380192,3,4,adam,"{'neurons_per_layer_encoder': [80, 160, 320, 640], 'neurons_per_layer_decoder': [640, 320, 160]}",80,"[640, 320, 160]","[80, 160, 320, 640]",[0.2836909477450882],[0.37521384269372093],[0.3369914456319315],-0.15467160256629003,COMPLETE
446,-0.1528606185362722,-0.6061892958828317,-0.5327938667662413,2024-12-23 21:56:25.803097,2024-12-23 21:56:30.303906,0 days 00:00:04.500809,0.07663389632534937,72,0.2,64,100,1.0718786595272067e-06,728,8.221361877908157e-05,3,4,sgd,"{'neurons_per_layer_encoder': [64, 128, 256, 512], 'neurons_per_layer_decoder': [512, 256, 128]}",64,"[512, 256, 128]","[64, 128, 256, 512]",[-0.1528606185362722],[-0.6061892958828317],[-0.5327938667662413],0.08332829879447036,COMPLETE
447,-0.6513615213761781,-0.7635817597433632,-0.1583644850968282,2024-12-23 21:56:27.650415,2024-12-23 21:56:30.509923,0 days 00:00:02.859508,0.02073501968290079,72,0.1,48,100,1.008888570118131e-06,696,0.00020976483235012142,3,4,sgd,"{'neurons_per_layer_encoder': [48, 96, 192, 384], 'neurons_per_layer_decoder': [384, 192, 96]}",48,"[384, 192, 96]","[48, 96, 192, 384]",[-0.6513615213761781],[-0.7635817597433632],[-0.1583644850968282],-0.010020464387692473,COMPLETE
448,-0.25241673908739815,-0.25410597764110454,-0.08833775737721017,2024-12-23 21:56:30.162694,2024-12-23 21:56:34.814535,0 days 00:00:04.651841,0.021362586465342313,120,0.1,64,100,0.00017993088551600584,696,0.002835451249195255,3,4,sgd,"{'neurons_per_layer_encoder': [64, 128, 256, 512], 'neurons_per_layer_decoder': [512, 256, 128]}",64,"[512, 256, 128]","[64, 128, 256, 512]",[-0.25241673908739815],[-0.25410597764110454],[-0.08833775737721017],0.8517166288049208,COMPLETE
449,-0.18977953446527063,-0.32832286386506304,0.05024416830220779,2024-12-23 21:56:30.314136,2024-12-23 21:56:37.946073,0 days 00:00:07.631937,0.06708243650105401,128,0.1,72,100,7.798762344732374e-05,1032,9.623625756579636e-05,4,4,adam,"{'neurons_per_layer_encoder': [72, 144, 288, 576], 'neurons_per_layer_decoder': [576, 288, 144, 72]}",72,"[576, 288, 144, 72]","[72, 144, 288, 576]",[-0.18977953446527063],[-0.32832286386506304],[0.05024416830220779],0.7201868548338819,COMPLETE
450,0.18257091356366617,0.21044169309467609,0.14727940010060536,2024-12-23 21:56:30.517552,2024-12-23 21:56:37.358820,0 days 00:00:06.841268,0.11658465985503204,128,0.1,80,100,9.254863595910137e-06,744,0.002934113969006727,3,4,adam,"{'neurons_per_layer_encoder': [80, 160, 320, 640], 'neurons_per_layer_decoder': [640, 320, 160]}",80,"[640, 320, 160]","[80, 160, 320, 640]",[0.18257091356366617],[0.21044169309467609],[0.14727940010060536],-0.34717552117129674,COMPLETE
451,-0.13194969961848435,-0.3714622075376699,0.015143743850336677,2024-12-23 21:56:33.230082,2024-12-23 21:56:39.826469,0 days 00:00:06.596387,0.12654537448873057,128,0.1,80,100,3.92769823356723e-05,1400,9.610951836707185e-05,3,4,adam,"{'neurons_per_layer_encoder': [80, 160, 320, 640], 'neurons_per_layer_decoder': [640, 320, 160]}",80,"[640, 320, 160]","[80, 160, 320, 640]",[-0.13194969961848435],[-0.3714622075376699],[0.015143743850336677],0.5058485107634234,COMPLETE
452,0.6478765995205376,0.7999636840242914,0.5145091114765477,2024-12-23 21:56:33.432059,2024-12-23 21:56:42.389437,0 days 00:00:08.957378,0.1996029860212452,32,0.1,72,100,2.663486820476917e-06,1032,9.340500021359744e-05,3,4,adam,"{'neurons_per_layer_encoder': [72, 144, 288, 576], 'neurons_per_layer_decoder': [576, 288, 144]}",72,"[576, 288, 144]","[72, 144, 288, 576]",[0.6478765995205376],[0.7999636840242914],[0.5145091114765477],0.3081495979896827,COMPLETE
453,0.5827222532243549,0.48486619184644364,0.48329512668871377,2024-12-23 21:56:34.821909,2024-12-23 21:56:43.896085,0 days 00:00:09.074176,0.06640291055333244,32,0.1,84,100,1.2913084000468397e-05,744,6.570181557142355e-05,3,4,adam,"{'neurons_per_layer_encoder': [84, 168, 336, 672], 'neurons_per_layer_decoder': [672, 336, 168]}",84,"[672, 336, 168]","[84, 168, 336, 672]",[0.5827222532243549],[0.48486619184644364],[0.48329512668871377],0.5546369347198762,COMPLETE
454,-0.028292524811367903,-0.5145854569631767,-0.0826073612271041,2024-12-23 21:56:36.597908,2024-12-23 21:56:43.279780,0 days 00:00:06.681872,0.12836593795188767,128,0.1,72,100,2.6560017734726495e-06,664,1.5808746784220815e-05,4,4,adam,"{'neurons_per_layer_encoder': [72, 144, 288, 576], 'neurons_per_layer_decoder': [576, 288, 144, 72]}",72,"[576, 288, 144, 72]","[72, 144, 288, 576]",[-0.028292524811367903],[-0.5145854569631767],[-0.0826073612271041],0.021652110025791108,COMPLETE
455,-0.7885614057445745,-1.4182778461472907,-0.49275753396277566,2024-12-23 21:56:37.366038,2024-12-23 21:56:41.657753,0 days 00:00:04.291715,0.06586612827294121,32,0.1,72,100,1.3154145827873365e-05,344,0.0008852126622944065,4,3,adadelta,"{'neurons_per_layer_encoder': [72, 144, 288], 'neurons_per_layer_decoder': [288, 144, 72, 36]}",72,"[288, 144, 72, 36]","[72, 144, 288]",[-0.7885614057445745],[-1.4182778461472907],[-0.49275753396277566],0.24356957634856033,COMPLETE
456,-0.3000994150598324,-1.864428704800364,-1.1621038465184736,2024-12-23 21:56:37.953592,2024-12-23 21:56:42.535498,0 days 00:00:04.581906,0.1759222268858452,32,0.4,72,100,0.0003581224850903565,632,8.189077759854353e-05,3,4,adadelta,"{'neurons_per_layer_encoder': [72, 144, 288, 576], 'neurons_per_layer_decoder': [576, 288, 144]}",72,"[576, 288, 144]","[72, 144, 288, 576]",[-0.3000994150598324],[-1.864428704800364],[-1.1621038465184736],0.8755859943552237,COMPLETE
457,0.04300550065240283,-0.2663522663836193,-0.03694481139284589,2024-12-23 21:56:39.835712,2024-12-23 21:56:47.290361,0 days 00:00:07.454649,0.06365979501839228,32,0.4,88,100,2.6314033636273214e-06,472,0.0008633445181720152,2,3,adadelta,"{'neurons_per_layer_encoder': [88, 176, 352], 'neurons_per_layer_decoder': [352, 176]}",88,"[352, 176]","[88, 176, 352]",[0.04300550065240283],[-0.2663522663836193],[-0.03694481139284589],0.4091002810105914,COMPLETE
458,0.4382709761689595,0.581290254411533,0.34210797854920394,2024-12-23 21:56:41.664932,2024-12-23 21:56:50.380789,0 days 00:00:08.715857,0.06034090278503118,32,0.4,88,100,1.688671640534278e-05,760,0.00016406130472309792,2,4,adam,"{'neurons_per_layer_encoder': [88, 176, 352, 704], 'neurons_per_layer_decoder': [704, 352]}",88,"[704, 352]","[88, 176, 352, 704]",[0.4382709761689595],[0.581290254411533],[0.34210797854920394],0.6746409310366032,COMPLETE
459,0.6771599435433657,0.4700921558198754,0.3864126268219392,2024-12-23 21:56:42.398260,2024-12-23 21:56:51.142675,0 days 00:00:08.744415,0.19185711993088886,32,0.1,64,100,2.5283373925766673e-06,1064,6.6552393612337e-05,3,4,adam,"{'neurons_per_layer_encoder': [64, 128, 256, 512], 'neurons_per_layer_decoder': [512, 256, 128]}",64,"[512, 256, 128]","[64, 128, 256, 512]",[0.6771599435433657],[0.4700921558198754],[0.3864126268219392],0.2656391484495611,COMPLETE
