number,values_0,values_1,values_2,datetime_start,datetime_complete,duration,params_alpha,params_batch_size,params_drop_out_rate,params_encoder_neurons_layer_1,params_epochs,params_lambda,params_latent_dim,params_learning_rate,params_num_layers_decoder,params_num_layers_encoder,params_optimizer,user_attrs_encoder_decoder_config,user_attrs_first_layer_neurons,user_attrs_neurons_per_layer_decoder,user_attrs_neurons_per_layer_encoder,user_attrs_r2_feature_1,user_attrs_r2_feature_2,user_attrs_r2_feature_3,user_attrs_relative_deterioration,state
325,0.7011199959881449,0.6259660753181671,0.47615754483398964,2024-12-23 19:12:18.121812,2024-12-23 19:12:27.153405,0 days 00:00:09.031593,0.06772029950264571,32,0.1,72,100,7.25842236884051e-06,952,0.00010321832822300166,3,4,adam,"{'neurons_per_layer_encoder': [72, 144, 288, 576], 'neurons_per_layer_decoder': [576, 288, 144]}",72,"[576, 288, 144]","[72, 144, 288, 576]",[0.7011199959881449],[0.6259660753181671],[0.47615754483398964],0.42396832660417627,COMPLETE
326,0.48936323707515705,0.6003857216953565,0.40403073495530295,2024-12-23 19:12:18.602231,2024-12-23 19:12:27.758926,0 days 00:00:09.156695,0.06945323717456259,32,0.4,72,100,6.696757258989407e-06,696,0.0011316927029559473,3,4,adam,"{'neurons_per_layer_encoder': [72, 144, 288, 576], 'neurons_per_layer_decoder': [576, 288, 144]}",72,"[576, 288, 144]","[72, 144, 288, 576]",[0.48936323707515705],[0.6003857216953565],[0.40403073495530295],0.34821527239160327,COMPLETE
327,-0.1398738798169752,-0.17121092951384886,0.00023751196580446,2024-12-23 19:12:25.267234,2024-12-23 19:12:30.482285,0 days 00:00:05.215051,0.06953526866541009,104,0.4,52,100,6.425733909356824e-06,696,0.0011195553805395022,3,4,adam,"{'neurons_per_layer_encoder': [52, 104, 208, 416], 'neurons_per_layer_decoder': [416, 208, 104]}",52,"[416, 208, 104]","[52, 104, 208, 416]",[-0.1398738798169752],[-0.17121092951384886],[0.00023751196580446],-0.005773884900757751,COMPLETE
328,0.053379064921048935,0.4147491696190815,0.12111111859980905,2024-12-23 19:12:26.009345,2024-12-23 19:12:31.836952,0 days 00:00:05.827607,0.07082968463980027,104,0.4,56,100,7.123612275750479e-06,632,0.0018420849730746093,3,4,adam,"{'neurons_per_layer_encoder': [56, 112, 224, 448], 'neurons_per_layer_decoder': [448, 224, 112]}",56,"[448, 224, 112]","[56, 112, 224, 448]",[0.053379064921048935],[0.4147491696190815],[0.12111111859980905],0.09679493674183809,COMPLETE
329,-0.042322395116007216,-0.1641768763325362,0.04960405926987188,2024-12-23 19:12:26.521910,2024-12-23 19:12:32.112811,0 days 00:00:05.590901,0.06996263801138751,128,0.1,56,100,6.329046475704073e-06,696,0.00010628664539262071,3,4,adam,"{'neurons_per_layer_encoder': [56, 112, 224, 448], 'neurons_per_layer_decoder': [448, 224, 112]}",56,"[448, 224, 112]","[56, 112, 224, 448]",[-0.042322395116007216],[-0.1641768763325362],[0.04960405926987188],-0.441245958610781,COMPLETE
330,0.13067961723335397,0.2324381351622835,0.10983148982687851,2024-12-23 19:12:26.844899,2024-12-23 19:12:33.424368,0 days 00:00:06.579469,0.07004529991689287,104,0.4,56,100,6.568392356751092e-06,632,0.0011524480332745677,3,4,adam,"{'neurons_per_layer_encoder': [56, 112, 224, 448], 'neurons_per_layer_decoder': [448, 224, 112]}",56,"[448, 224, 112]","[56, 112, 224, 448]",[0.13067961723335397],[0.2324381351622835],[0.10983148982687851],0.12068619378355448,COMPLETE
331,0.1324867362216604,0.24991136849143136,0.1033223589851493,2024-12-23 19:12:27.160776,2024-12-23 19:12:36.388839,0 days 00:00:09.228063,0.07058052949841162,40,0.4,56,100,1.1673183757783522e-05,920,0.00010481490235849564,3,5,adam,"{'neurons_per_layer_encoder': [56, 112, 224, 448, 896], 'neurons_per_layer_decoder': [896, 448, 224]}",56,"[896, 448, 224]","[56, 112, 224, 448, 896]",[0.1324867362216604],[0.24991136849143136],[0.1033223589851493],0.564920670702064,COMPLETE
332,0.4058266090152366,0.3754772005984872,0.33804370907510983,2024-12-23 19:12:27.765962,2024-12-23 19:12:37.037339,0 days 00:00:09.271377,0.07244981121206012,40,0.4,56,100,1.2374750013798345e-05,920,0.0018841581345175596,3,5,adam,"{'neurons_per_layer_encoder': [56, 112, 224, 448, 896], 'neurons_per_layer_decoder': [896, 448, 224]}",56,"[896, 448, 224]","[56, 112, 224, 448, 896]",[0.4058266090152366],[0.3754772005984872],[0.33804370907510983],0.5069073240057312,COMPLETE
333,0.46822449244778663,0.5544570164817944,0.23166272336798943,2024-12-23 19:12:30.490241,2024-12-23 19:12:35.611143,0 days 00:00:05.120902,0.07282605769227898,40,0.1,76,100,1.1675565574979945e-05,131,0.00039520680622321286,3,1,adam,"{'neurons_per_layer_encoder': [76], 'neurons_per_layer_decoder': [76, 38, 19]}",76,"[76, 38, 19]",[76],[0.46822449244778663],[0.5544570164817944],[0.23166272336798943],-0.3265199289557029,COMPLETE
334,-0.557859222706595,-0.823984604926582,-0.031305916856797955,2024-12-23 19:12:31.846934,2024-12-23 19:12:34.683095,0 days 00:00:02.836161,0.06168643792114738,40,0.1,72,100,1.1252795820576784e-05,143,8.214954912570812e-05,3,1,adam,"{'neurons_per_layer_encoder': [72], 'neurons_per_layer_decoder': [72, 36, 18]}",72,"[72, 36, 18]",[72],[-0.557859222706595],[-0.823984604926582],[-0.031305916856797955],-0.32082760118297166,COMPLETE
335,-1.4790629300138418,-0.21904606090534684,-0.06354120780603534,2024-12-23 19:12:32.120962,2024-12-23 19:12:35.045884,0 days 00:00:02.924922,0.07426874319612041,40,0.1,76,100,1.095596606919533e-05,147,0.0005629783768227754,3,1,adadelta,"{'neurons_per_layer_encoder': [76], 'neurons_per_layer_decoder': [76, 38, 19]}",76,"[76, 38, 19]",[76],[-1.4790629300138418],[-0.21904606090534684],[-0.06354120780603534],0.17302828521697858,COMPLETE
336,-0.541221904175281,-1.9344319778048265,-0.16989394308605177,2024-12-23 19:12:33.434087,2024-12-23 19:12:36.109493,0 days 00:00:02.675406,0.06089076329721143,40,0.1,76,100,1.1483503946873e-05,131,0.005513773598350811,3,1,adadelta,"{'neurons_per_layer_encoder': [76], 'neurons_per_layer_decoder': [76, 38, 19]}",76,"[76, 38, 19]",[76],[-0.541221904175281],[-1.9344319778048265],[-0.16989394308605177],0.12571392438809936,COMPLETE
337,-1.4670401323208773,-0.6329737167496434,-0.14579675105109735,2024-12-23 19:12:34.690137,2024-12-23 19:12:41.025459,0 days 00:00:06.335322,0.07501327679537438,32,0.1,76,100,0.00010133711111963787,1240,0.0001018017790032721,3,5,adadelta,"{'neurons_per_layer_encoder': [76, 152, 304, 608, 1216], 'neurons_per_layer_decoder': [1216, 608, 304]}",76,"[1216, 608, 304]","[76, 152, 304, 608, 1216]",[-1.4670401323208773],[-0.6329737167496434],[-0.14579675105109735],0.8364121477485776,COMPLETE
338,-0.45189537241361566,-0.8561069338456033,-0.028700019543316024,2024-12-23 19:12:35.053226,2024-12-23 19:12:39.819237,0 days 00:00:04.766011,0.08726317374840512,120,0.1,8,100,0.00023479333453784522,216,5.944397329074901e-05,3,5,adam,"{'neurons_per_layer_encoder': [8, 16, 32, 64, 128], 'neurons_per_layer_decoder': [128, 64, 32]}",8,"[128, 64, 32]","[8, 16, 32, 64, 128]",[-0.45189537241361566],[-0.8561069338456033],[-0.028700019543316024],0.6394375944108498,COMPLETE
339,-0.24454037710352572,0.07498393358388589,0.06315742145767111,2024-12-23 19:12:35.619242,2024-12-23 19:12:45.185491,0 days 00:00:09.566249,0.0876656545659004,112,0.1,32,100,0.0008234689252566413,1112,6.297937393539068e-05,3,5,adam,"{'neurons_per_layer_encoder': [32, 64, 128, 256, 512], 'neurons_per_layer_decoder': [512, 256, 128]}",32,"[512, 256, 128]","[32, 64, 128, 256, 512]",[-0.24454037710352572],[0.07498393358388589],[0.06315742145767111],0.969297040037677,COMPLETE
340,0.49537556917975056,0.5796867039435747,0.24523687508617553,2024-12-23 19:12:36.119564,2024-12-23 19:13:13.665350,0 days 00:00:37.545786,0.08612793684197906,32,0.1,164,100,1.3094727012553554e-05,2648,0.00010461638623575917,3,5,adam,"{'neurons_per_layer_encoder': [164, 328, 656, 1312, 2624], 'neurons_per_layer_decoder': [2624, 1312, 656]}",164,"[2624, 1312, 656]","[164, 328, 656, 1312, 2624]",[0.49537556917975056],[0.5796867039435747],[0.24523687508617553],0.7909581826417347,COMPLETE
341,-0.034091418417439234,-0.5146808727699137,-0.16504607645623737,2024-12-23 19:12:36.399186,2024-12-23 19:12:44.468322,0 days 00:00:08.069136,0.08238135836458695,120,0.1,12,100,1.3467536152975683e-05,184,8.836569133014093e-05,3,4,adam,"{'neurons_per_layer_encoder': [12, 24, 48, 96], 'neurons_per_layer_decoder': [96, 48, 24]}",12,"[96, 48, 24]","[12, 24, 48, 96]",[-0.034091418417439234],[-0.5146808727699137],[-0.16504607645623737],-0.017307911535865885,COMPLETE
342,0.6540931846064872,0.42898548295475625,0.3573312944873467,2024-12-23 19:12:37.044499,2024-12-23 19:12:57.044193,0 days 00:00:19.999694,0.08832635892962429,32,0.1,192,100,8.482871575705835e-06,1560,1.2459493670528114e-05,3,4,adam,"{'neurons_per_layer_encoder': [192, 384, 768, 1536], 'neurons_per_layer_decoder': [1536, 768, 384]}",192,"[1536, 768, 384]","[192, 384, 768, 1536]",[0.6540931846064872],[0.42898548295475625],[0.3573312944873467],0.6477233453208154,COMPLETE
343,0.5941221827921512,0.7239480604294792,0.09645057884579877,2024-12-23 19:12:39.828939,2024-12-23 19:12:55.614005,0 days 00:00:15.785066,0.08194534007908802,32,0.1,36,100,1.2704335492344362e-05,696,0.007356930592780449,3,4,adam,"{'neurons_per_layer_encoder': [36, 72, 144, 288], 'neurons_per_layer_decoder': [288, 144, 72]}",36,"[288, 144, 72]","[36, 72, 144, 288]",[0.5941221827921512],[0.7239480604294792],[0.09645057884579877],-0.37145130587159797,COMPLETE
344,0.634873806849224,0.6167884466759235,0.04872826853381407,2024-12-23 19:12:41.036698,2024-12-23 19:12:57.581019,0 days 00:00:16.544321,0.08154244374704125,32,0.1,64,100,1.265904782010747e-05,696,0.0007838945027158286,3,4,adam,"{'neurons_per_layer_encoder': [64, 128, 256, 512], 'neurons_per_layer_decoder': [512, 256, 128]}",64,"[512, 256, 128]","[64, 128, 256, 512]",[0.634873806849224],[0.6167884466759235],[0.04872826853381407],0.16403650278300114,COMPLETE
345,0.39106347772440797,0.3630235975966978,0.3672370699991194,2024-12-23 19:12:44.477325,2024-12-23 19:13:08.046963,0 days 00:00:23.569638,0.08035310645625858,32,0.1,192,100,0.0007782159227644725,1560,0.00012267311501681962,3,4,adam,"{'neurons_per_layer_encoder': [192, 384, 768, 1536], 'neurons_per_layer_decoder': [1536, 768, 384]}",192,"[1536, 768, 384]","[192, 384, 768, 1536]",[0.39106347772440797],[0.3630235975966978],[0.3672370699991194],0.9864449649510556,COMPLETE
346,0.610391307341692,0.5529433430923193,0.3978276658825739,2024-12-23 19:12:45.200036,2024-12-23 19:13:07.150831,0 days 00:00:21.950795,0.0802731313177207,32,0.1,156,100,0.00014587460424592542,1272,0.00011763000671199284,3,4,adam,"{'neurons_per_layer_encoder': [156, 312, 624, 1248], 'neurons_per_layer_decoder': [1248, 624, 312]}",156,"[1248, 624, 312]","[156, 312, 624, 1248]",[0.610391307341692],[0.5529433430923193],[0.3978276658825739],0.9583872386494536,COMPLETE
347,0.5363134467321167,0.505655029476604,0.4274941064532526,2024-12-23 19:12:57.054885,2024-12-23 19:13:24.966477,0 days 00:00:27.911592,0.06633251388665089,32,0.1,252,100,0.00014248561898457055,2040,0.00011856337509992169,3,4,adam,"{'neurons_per_layer_encoder': [252, 504, 1008, 2016], 'neurons_per_layer_decoder': [2016, 1008, 504]}",252,"[2016, 1008, 504]","[252, 504, 1008, 2016]",[0.5363134467321167],[0.505655029476604],[0.4274941064532526],0.9707513815376132,COMPLETE
348,0.6643449372837986,0.518481567270549,0.4382704159616777,2024-12-23 19:12:57.593977,2024-12-23 19:13:19.717008,0 days 00:00:22.123031,0.06617520769361014,32,0.1,160,100,0.0001455488361754366,1304,0.00011628653628270792,3,4,adam,"{'neurons_per_layer_encoder': [160, 320, 640, 1280], 'neurons_per_layer_decoder': [1280, 640, 320]}",160,"[1280, 640, 320]","[160, 320, 640, 1280]",[0.6643449372837986],[0.518481567270549],[0.4382704159616777],0.961525839366268,COMPLETE
349,0.5147356498704417,0.7224588300516939,0.19305275892529505,2024-12-23 19:13:07.159189,2024-12-23 19:13:23.730449,0 days 00:00:16.571260,0.0649922024535625,32,0.1,64,100,9.309123740110128e-06,600,8.180248184304128e-05,3,4,adam,"{'neurons_per_layer_encoder': [64, 128, 256, 512], 'neurons_per_layer_decoder': [512, 256, 128]}",64,"[512, 256, 128]","[64, 128, 256, 512]",[0.5147356498704417],[0.7224588300516939],[0.19305275892529505],0.31705504937876605,COMPLETE
350,-0.13001772076758655,-3.213896312490636,-0.10000488500035876,2024-12-23 19:13:08.057576,2024-12-23 19:13:14.721648,0 days 00:00:06.664072,0.06339873669567264,32,0.1,164,100,6.608831883375514e-05,1336,7.955719983272488e-05,3,4,sgd,"{'neurons_per_layer_encoder': [164, 328, 656, 1312], 'neurons_per_layer_decoder': [1312, 656, 328]}",164,"[1312, 656, 328]","[164, 328, 656, 1312]",[-0.13001772076758655],[-3.213896312490636],[-0.10000488500035876],0.7410639378312391,COMPLETE
351,-0.2402310303759978,-1.3826786205496715,-0.02131432879479278,2024-12-23 19:13:13.677679,2024-12-23 19:13:18.835094,0 days 00:00:05.157415,0.0666978119529059,128,0.1,252,100,8.992388680553127e-06,3784,0.0014077788230303315,3,4,sgd,"{'neurons_per_layer_encoder': [252, 504, 1008, 2016], 'neurons_per_layer_decoder': [2016, 1008, 504]}",252,"[2016, 1008, 504]","[252, 504, 1008, 2016]",[-0.2402310303759978],[-1.3826786205496715],[-0.02131432879479278],0.585247940504176,COMPLETE
352,-1.4671118149696674,-0.63748597270331,-0.016349671787021736,2024-12-23 19:13:14.730880,2024-12-23 19:13:29.244701,0 days 00:00:14.513821,0.06626837949470114,32,0.1,252,100,9.191064562721298e-06,2040,8.825733753880767e-05,3,4,adadelta,"{'neurons_per_layer_encoder': [252, 504, 1008, 2016], 'neurons_per_layer_decoder': [2016, 1008, 504]}",252,"[2016, 1008, 504]","[252, 504, 1008, 2016]",[-1.4671118149696674],[-0.63748597270331],[-0.016349671787021736],0.4428661638244017,COMPLETE
353,-0.5976478561777705,-1.0480295006854585,-0.10909251561397659,2024-12-23 19:13:18.840853,2024-12-23 19:13:31.745671,0 days 00:00:12.904818,0.04508908901173007,32,0.30000000000000004,216,100,8.951317318203483e-06,1752,2.4282701227064007e-05,3,4,adadelta,"{'neurons_per_layer_encoder': [216, 432, 864, 1728], 'neurons_per_layer_decoder': [1728, 864, 432]}",216,"[1728, 864, 432]","[216, 432, 864, 1728]",[-0.5976478561777705],[-1.0480295006854585],[-0.10909251561397659],0.4915318577298287,COMPLETE
354,-0.910608444134485,-2.1077144387461404,-0.1854028757804469,2024-12-23 19:13:19.727129,2024-12-23 19:13:32.743741,0 days 00:00:13.016612,0.04462047639381259,32,0.1,216,100,8.924789065540614e-06,3784,9.696682169317286e-05,3,4,adadelta,"{'neurons_per_layer_encoder': [216, 432, 864, 1728], 'neurons_per_layer_decoder': [1728, 864, 432]}",216,"[1728, 864, 432]","[216, 432, 864, 1728]",[-0.910608444134485],[-2.1077144387461404],[-0.1854028757804469],0.4502820964549796,COMPLETE
355,-1.1703550253716193,-0.9803283715502129,-0.1908635821478244,2024-12-23 19:13:23.739517,2024-12-23 19:13:32.995828,0 days 00:00:09.256311,0.0755683321237891,32,0.30000000000000004,72,100,5.341713490289294e-06,1080,9.293283778649045e-05,3,4,adadelta,"{'neurons_per_layer_encoder': [72, 144, 288, 576], 'neurons_per_layer_decoder': [576, 288, 144]}",72,"[576, 288, 144]","[72, 144, 288, 576]",[-1.1703550253716193],[-0.9803283715502129],[-0.1908635821478244],0.20409891266622562,COMPLETE
356,-0.05671783625492921,-1.852715360163066,-0.17967429517180533,2024-12-23 19:13:27.570261,2024-12-23 19:13:34.197046,0 days 00:00:06.626785,0.018038259073877617,32,0.30000000000000004,72,100,5.404216388432998e-06,1208,0.0008844553507989504,3,4,adadelta,"{'neurons_per_layer_encoder': [72, 144, 288, 576], 'neurons_per_layer_decoder': [576, 288, 144]}",72,"[576, 288, 144]","[72, 144, 288, 576]",[-0.05671783625492921],[-1.852715360163066],[-0.17967429517180533],0.43657228142343935,COMPLETE
357,0.5057740849593148,0.46760710394874017,0.31563258042718356,2024-12-23 19:13:29.265720,2024-12-23 19:13:38.427178,0 days 00:00:09.161458,0.07701792101766221,32,0.30000000000000004,72,100,0.00018781023359717034,1176,9.656009262904643e-05,3,4,adam,"{'neurons_per_layer_encoder': [72, 144, 288, 576], 'neurons_per_layer_decoder': [576, 288, 144]}",72,"[576, 288, 144]","[72, 144, 288, 576]",[0.5057740849593148],[0.46760710394874017],[0.31563258042718356],0.934786176755377,COMPLETE
358,0.5996999466810986,0.6430072325033762,0.3562702471053234,2024-12-23 19:13:31.752379,2024-12-23 19:13:39.347387,0 days 00:00:07.595008,0.05318211276519329,32,0.1,72,100,5.5454033353201245e-06,648,9.134171869745628e-05,3,4,adam,"{'neurons_per_layer_encoder': [72, 144, 288, 576], 'neurons_per_layer_decoder': [576, 288, 144]}",72,"[576, 288, 144]","[72, 144, 288, 576]",[0.5996999466810986],[0.6430072325033762],[0.3562702471053234],0.2999358367831319,COMPLETE
359,0.5911342262094084,0.6728615774006947,0.261528432368329,2024-12-23 19:13:34.204803,2024-12-23 19:13:41.217641,0 days 00:00:07.012838,0.07559637629844554,32,0.1,68,100,7.382125973322277e-06,712,0.00010750059232045436,3,4,adam,"{'neurons_per_layer_encoder': [68, 136, 272, 544], 'neurons_per_layer_decoder': [544, 272, 136]}",68,"[544, 272, 136]","[68, 136, 272, 544]",[0.5911342262094084],[0.6728615774006947],[0.261528432368329],0.3101202750544138,COMPLETE
360,0.21026398752581676,0.1641490245949354,0.10357164497559679,2024-12-23 21:48:37.116408,2024-12-23 21:48:43.929319,0 days 00:00:06.812911,0.0729902366282233,72,0.1,80,100,0.00033696771131850386,1368,0.0001319448844598718,3,4,adam,"{'neurons_per_layer_encoder': [80, 160, 320, 640], 'neurons_per_layer_decoder': [640, 320, 160]}",80,"[640, 320, 160]","[80, 160, 320, 640]",[0.21026398752581676],[0.1641490245949354],[0.10357164497559679],0.9441562336558494,COMPLETE
361,0.4073486692455004,0.4781025144845672,0.2275727132159877,2024-12-23 21:48:37.120247,2024-12-23 21:48:44.138592,0 days 00:00:07.018345,0.07318365880779003,40,0.1,64,100,1.057905268243905e-05,680,0.0001274367857468569,3,4,adam,"{'neurons_per_layer_encoder': [64, 128, 256, 512], 'neurons_per_layer_decoder': [512, 256, 128]}",64,"[512, 256, 128]","[64, 128, 256, 512]",[0.4073486692455004],[0.4781025144845672],[0.2275727132159877],0.16777072289692596,COMPLETE
362,0.4537722316623152,0.4760857125172987,0.3588425453731111,2024-12-23 21:48:37.123747,2024-12-23 21:48:43.314345,0 days 00:00:06.190598,0.0715928039135112,40,0.1,44,100,1.0604178184254417e-05,696,0.00012865671090232363,3,4,adam,"{'neurons_per_layer_encoder': [44, 88, 176, 352], 'neurons_per_layer_decoder': [352, 176, 88]}",44,"[352, 176, 88]","[44, 88, 176, 352]",[0.4537722316623152],[0.4760857125172987],[0.3588425453731111],0.2966597770661521,COMPLETE
363,0.12648168169548524,-0.20072057056910175,0.21192592147857214,2024-12-23 21:48:37.124581,2024-12-23 21:48:43.121178,0 days 00:00:05.996597,0.07293496203146492,72,0.1,64,100,0.0003013737243857856,680,2.0032268912208213e-05,3,4,adam,"{'neurons_per_layer_encoder': [64, 128, 256, 512], 'neurons_per_layer_decoder': [512, 256, 128]}",64,"[512, 256, 128]","[64, 128, 256, 512]",[0.12648168169548524],[-0.20072057056910175],[0.21192592147857214],0.9217970066375235,COMPLETE
364,-0.060830961171226994,0.3214855961615275,0.20963836928974788,2024-12-23 21:48:37.120746,2024-12-23 21:48:42.752624,0 days 00:00:05.631878,0.0742855103342242,72,0.1,44,100,5.692433583801528e-05,696,0.0001269369336797227,3,4,adam,"{'neurons_per_layer_encoder': [44, 88, 176, 352], 'neurons_per_layer_decoder': [352, 176, 88]}",44,"[352, 176, 88]","[44, 88, 176, 352]",[-0.060830961171226994],[0.3214855961615275],[0.20963836928974788],0.5773905060343549,COMPLETE
365,0.07312003819727697,0.17344148785235125,0.08852921376694356,2024-12-23 21:48:37.117061,2024-12-23 21:48:42.383755,0 days 00:00:05.266694,0.09681089143037452,40,0.1,20,100,0.00030000558240718617,328,0.004437021415583129,3,4,adam,"{'neurons_per_layer_encoder': [20, 40, 80, 160], 'neurons_per_layer_decoder': [160, 80, 40]}",20,"[160, 80, 40]","[20, 40, 80, 160]",[0.07312003819727697],[0.17344148785235125],[0.08852921376694356],-0.7757238679459987,COMPLETE
366,-0.2271632515699462,-1.1848390439796654,-0.24715696412215094,2024-12-23 21:48:42.391022,2024-12-23 21:48:44.339424,0 days 00:00:01.948402,0.07314277002385172,96,0.1,44,100,5.676219236992734e-05,568,0.00013161626502820837,3,4,sgd,"{'neurons_per_layer_encoder': [44, 88, 176, 352], 'neurons_per_layer_decoder': [352, 176, 88]}",44,"[352, 176, 88]","[44, 88, 176, 352]",[-0.2271632515699462],[-1.1848390439796654],[-0.24715696412215094],0.5477036386415225,COMPLETE
367,-0.895087603609483,-0.7188992233069109,0.011864791988214218,2024-12-23 21:48:42.760683,2024-12-23 21:48:44.833142,0 days 00:00:02.072459,0.013588844645467484,112,0.1,64,100,0.000558365002701985,680,0.00013049968291873492,3,4,sgd,"{'neurons_per_layer_encoder': [64, 128, 256, 512], 'neurons_per_layer_decoder': [512, 256, 128]}",64,"[512, 256, 128]","[64, 128, 256, 512]",[-0.895087603609483],[-0.7188992233069109],[0.011864791988214218],0.932006233046868,COMPLETE
368,-0.16975575786896235,-1.647579700181511,-0.12955723796730423,2024-12-23 21:48:43.130740,2024-12-23 21:48:44.940421,0 days 00:00:01.809681,0.07782600971091651,32,0.1,80,100,1.3949754199666844e-05,360,0.0035398456637794214,3,3,sgd,"{'neurons_per_layer_encoder': [80, 160, 320], 'neurons_per_layer_decoder': [320, 160, 80]}",80,"[320, 160, 80]","[80, 160, 320]",[-0.16975575786896235],[-1.647579700181511],[-0.12955723796730423],0.3299553712335911,COMPLETE
369,-0.21998912013100025,-1.976231992099582,-0.2815072598317936,2024-12-23 21:48:43.322826,2024-12-23 21:48:45.040788,0 days 00:00:01.717962,0.057322989811584776,96,0.1,80,100,1.3735989231404787e-05,360,0.0001073022957613856,3,3,sgd,"{'neurons_per_layer_encoder': [80, 160, 320], 'neurons_per_layer_decoder': [320, 160, 80]}",80,"[320, 160, 80]","[80, 160, 320]",[-0.21998912013100025],[-1.976231992099582],[-0.2815072598317936],0.3315111745795758,COMPLETE
