number,values_0,values_1,values_2,datetime_start,datetime_complete,duration,params_alpha,params_batch_size,params_drop_out_rate,params_encoder_neurons_layer_1,params_epochs,params_lambda,params_latent_dim,params_learning_rate,params_num_layers_decoder,params_num_layers_encoder,params_optimizer,user_attrs_encoder_decoder_config,user_attrs_first_layer_neurons,user_attrs_neurons_per_layer_decoder,user_attrs_neurons_per_layer_encoder,user_attrs_r2_feature_1,user_attrs_r2_feature_2,user_attrs_r2_feature_3,user_attrs_relative_deterioration,state
505,-0.05640772314700615,-0.016707595278541154,0.08021929794466642,2024-12-23 21:57:58.823190,2024-12-23 21:58:09.404955,0 days 00:00:10.581765,0.06997167074705589,40,0.1,52,100,2.9556173164300876e-06,936,0.003970892539987489,3,4,adadelta,"{'neurons_per_layer_encoder': [52, 104, 208, 416], 'neurons_per_layer_decoder': [416, 208, 104]}",52,"[416, 208, 104]","[52, 104, 208, 416]",[-0.05640772314700615],[-0.016707595278541154],[0.08021929794466642],0.3692363926309014,COMPLETE
506,-0.8620446122195051,-0.442059889830843,-0.042558396943064514,2024-12-23 21:57:59.766399,2024-12-23 21:58:06.113456,0 days 00:00:06.347057,0.07057209716906772,40,0.30000000000000004,56,100,0.0008652953279832073,1016,8.951972721097412e-05,3,4,adadelta,"{'neurons_per_layer_encoder': [56, 112, 224, 448], 'neurons_per_layer_decoder': [448, 224, 112]}",56,"[448, 224, 112]","[56, 112, 224, 448]",[-0.8620446122195051],[-0.442059889830843],[-0.042558396943064514],0.955034782699999,COMPLETE
507,0.6836154137306123,0.5898740182255108,0.41517076137296793,2024-12-23 21:58:00.992006,2024-12-23 21:58:12.102083,0 days 00:00:11.110077,0.17565927298472384,32,0.1,88,100,2.131751790763111e-06,776,9.118382615021352e-05,3,4,adam,"{'neurons_per_layer_encoder': [88, 176, 352, 704], 'neurons_per_layer_decoder': [704, 352, 176]}",88,"[704, 352, 176]","[88, 176, 352, 704]",[0.6836154137306123],[0.5898740182255108],[0.41517076137296793],0.13670646797925215,COMPLETE
508,0.6786823359117593,0.6541435139154095,0.3262177961792615,2024-12-23 21:58:03.837979,2024-12-23 21:58:15.405113,0 days 00:00:11.567134,0.14159266725439565,32,0.1,92,100,2.1619465811149766e-06,760,7.555331116111113e-05,3,4,adam,"{'neurons_per_layer_encoder': [92, 184, 368, 736], 'neurons_per_layer_decoder': [736, 368, 184]}",92,"[736, 368, 184]","[92, 184, 368, 736]",[0.6786823359117593],[0.6541435139154095],[0.3262177961792615],0.13602313923447037,COMPLETE
509,0.6654678762744375,0.6214873719668128,0.4632958690515707,2024-12-23 21:58:06.124683,2024-12-23 21:58:17.028232,0 days 00:00:10.903549,0.1877125164178242,32,0.1,92,100,2.2005615207250313e-06,776,9.272243554395066e-05,3,4,adam,"{'neurons_per_layer_encoder': [92, 184, 368, 736], 'neurons_per_layer_decoder': [736, 368, 184]}",92,"[736, 368, 184]","[92, 184, 368, 736]",[0.6654678762744375],[0.6214873719668128],[0.4632958690515707],0.17024510291996325,COMPLETE
510,0.5823869087691009,0.47992616093013984,0.35923511461257085,2024-12-23 21:58:06.880681,2024-12-23 21:58:17.823338,0 days 00:00:10.942657,0.18881427741357854,32,0.1,92,100,2.464849028174472e-06,776,7.468920935866187e-05,3,4,adam,"{'neurons_per_layer_encoder': [92, 184, 368, 736], 'neurons_per_layer_decoder': [736, 368, 184]}",92,"[736, 368, 184]","[92, 184, 368, 736]",[0.5823869087691009],[0.47992616093013984],[0.35923511461257085],0.24801482727521437,COMPLETE
511,0.6452758778556693,0.5936229654099069,0.32230499514412614,2024-12-23 21:58:09.416372,2024-12-23 21:58:19.762887,0 days 00:00:10.346515,0.1382137525234901,32,0.1,88,100,2.2859440363947725e-06,776,9.255395651797524e-05,3,4,adam,"{'neurons_per_layer_encoder': [88, 176, 352, 704], 'neurons_per_layer_decoder': [704, 352, 176]}",88,"[704, 352, 176]","[88, 176, 352, 704]",[0.6452758778556693],[0.5936229654099069],[0.32230499514412614],-0.02418342074445689,COMPLETE
512,0.6681642517275075,0.761641413299523,0.36558601693039694,2024-12-23 21:58:10.899925,2024-12-23 21:58:21.567107,0 days 00:00:10.667182,0.17386845990631408,32,0.1,88,100,2.2011813936949096e-06,760,9.79046977415936e-05,3,4,adam,"{'neurons_per_layer_encoder': [88, 176, 352, 704], 'neurons_per_layer_decoder': [704, 352, 176]}",88,"[704, 352, 176]","[88, 176, 352, 704]",[0.6681642517275075],[0.761641413299523],[0.36558601693039694],0.09913175671046674,COMPLETE
513,0.6438033910168446,0.6512079341519128,0.3183603599103355,2024-12-23 21:58:12.110188,2024-12-23 21:58:23.035905,0 days 00:00:10.925717,0.1403571172509833,32,0.1,96,100,2.406382927234153e-06,792,0.00010478869875424648,3,4,adam,"{'neurons_per_layer_encoder': [96, 192, 384, 768], 'neurons_per_layer_decoder': [768, 384, 192]}",96,"[768, 384, 192]","[96, 192, 384, 768]",[0.6438033910168446],[0.6512079341519128],[0.3183603599103355],0.05134918431141446,COMPLETE
514,0.68763369890795,0.6368514217894784,0.46189304183176905,2024-12-23 21:58:15.413452,2024-12-23 21:58:25.798414,0 days 00:00:10.384962,0.18543011840611498,32,0.1,92,100,2.4143526675073914e-06,776,0.00010525778122505413,3,4,adam,"{'neurons_per_layer_encoder': [92, 184, 368, 736], 'neurons_per_layer_decoder': [736, 368, 184]}",92,"[736, 368, 184]","[92, 184, 368, 736]",[0.68763369890795],[0.6368514217894784],[0.46189304183176905],0.13510653464243222,COMPLETE
515,0.6475839385630844,0.6520790864191414,0.29858388024056737,2024-12-23 21:58:17.038383,2024-12-23 21:58:27.054998,0 days 00:00:10.016615,0.1866093382654175,32,0.1,88,100,2.6070985779167724e-06,744,0.00010745930766908273,3,4,adam,"{'neurons_per_layer_encoder': [88, 176, 352, 704], 'neurons_per_layer_decoder': [704, 352, 176]}",88,"[704, 352, 176]","[88, 176, 352, 704]",[0.6475839385630844],[0.6520790864191414],[0.29858388024056737],0.0146800044747036,COMPLETE
516,0.5717411830819568,0.5267642806609665,0.3724871505849866,2024-12-23 21:58:17.830751,2024-12-23 21:58:28.130111,0 days 00:00:10.299360,0.15060024267044808,32,0.1,80,100,2.412727985829678e-06,968,0.00010652657198446361,3,4,adam,"{'neurons_per_layer_encoder': [80, 160, 320, 640], 'neurons_per_layer_decoder': [640, 320, 160]}",80,"[640, 320, 160]","[80, 160, 320, 640]",[0.5717411830819568],[0.5267642806609665],[0.3724871505849866],0.11348859466617746,COMPLETE
517,0.6885019339306887,0.6310882798314064,0.36295820474400753,2024-12-23 21:58:19.770654,2024-12-23 21:58:30.810677,0 days 00:00:11.040023,0.15041405087042023,32,0.1,88,100,3.3934375199039347e-06,1048,0.00010633942729856822,3,4,adam,"{'neurons_per_layer_encoder': [88, 176, 352, 704], 'neurons_per_layer_decoder': [704, 352, 176]}",88,"[704, 352, 176]","[88, 176, 352, 704]",[0.6885019339306887],[0.6310882798314064],[0.36295820474400753],0.20578809840725412,COMPLETE
518,0.5581116774174084,0.639119152004008,0.4990693800691661,2024-12-23 21:58:21.575319,2024-12-23 21:58:32.838379,0 days 00:00:11.263060,0.1497079475955471,32,0.1,80,100,3.1991455281561607e-06,1048,0.00010649132694544272,3,4,adam,"{'neurons_per_layer_encoder': [80, 160, 320, 640], 'neurons_per_layer_decoder': [640, 320, 160]}",80,"[640, 320, 160]","[80, 160, 320, 640]",[0.5581116774174084],[0.639119152004008],[0.4990693800691661],0.13775384259179707,COMPLETE
519,0.6285043668886943,0.7456808275773268,0.2351257409438744,2024-12-23 21:58:23.042717,2024-12-23 21:58:33.205894,0 days 00:00:10.163177,0.16413441325303166,32,0.1,80,100,3.0593578683327496e-06,968,0.00011180645201548368,3,4,adam,"{'neurons_per_layer_encoder': [80, 160, 320, 640], 'neurons_per_layer_decoder': [640, 320, 160]}",80,"[640, 320, 160]","[80, 160, 320, 640]",[0.6285043668886943],[0.7456808275773268],[0.2351257409438744],0.07003088489151446,COMPLETE
520,0.6193911647588697,0.552079377243556,0.34970235064699384,2024-12-23 21:58:25.806465,2024-12-23 21:58:36.212604,0 days 00:00:10.406139,0.16555488115069186,32,0.1,80,100,3.544221729360684e-06,1128,0.00010080297120021778,3,4,adam,"{'neurons_per_layer_encoder': [80, 160, 320, 640], 'neurons_per_layer_decoder': [640, 320, 160]}",80,"[640, 320, 160]","[80, 160, 320, 640]",[0.6193911647588697],[0.552079377243556],[0.34970235064699384],0.10628275653461852,COMPLETE
521,0.6981990226175678,0.6860494542883904,0.4409281168923914,2024-12-23 21:58:27.064230,2024-12-23 21:58:36.818067,0 days 00:00:09.753837,0.1614486854279466,32,0.1,76,100,3.5340298378931887e-06,1032,0.00010789551558922154,3,4,adam,"{'neurons_per_layer_encoder': [76, 152, 304, 608], 'neurons_per_layer_decoder': [608, 304, 152]}",76,"[608, 304, 152]","[76, 152, 304, 608]",[0.6981990226175678],[0.6860494542883904],[0.4409281168923914],0.23072067332138643,COMPLETE
522,0.35356621667320076,0.634097171751763,0.3208899323379891,2024-12-23 21:58:28.138078,2024-12-23 21:58:37.585959,0 days 00:00:09.447881,0.16293066177846238,40,0.1,80,100,3.671250002685106e-06,1128,0.00012880792375876223,3,4,adam,"{'neurons_per_layer_encoder': [80, 160, 320, 640], 'neurons_per_layer_decoder': [640, 320, 160]}",80,"[640, 320, 160]","[80, 160, 320, 640]",[0.35356621667320076],[0.634097171751763],[0.3208899323379891],-0.1026619783931781,COMPLETE
523,0.408692740834096,0.34514640020345644,0.3750467375984563,2024-12-23 21:58:30.818729,2024-12-23 21:58:39.924230,0 days 00:00:09.105501,0.1609157135535382,40,0.1,80,100,3.17464393320266e-06,1144,9.270618051286251e-05,3,4,adam,"{'neurons_per_layer_encoder': [80, 160, 320, 640], 'neurons_per_layer_decoder': [640, 320, 160]}",80,"[640, 320, 160]","[80, 160, 320, 640]",[0.408692740834096],[0.34514640020345644],[0.3750467375984563],-0.10417533962842238,COMPLETE
524,0.5566979498085726,0.5396279899257719,0.29509865635650445,2024-12-23 21:58:32.846634,2024-12-23 21:58:42.745357,0 days 00:00:09.898723,0.17090751728851183,40,0.1,80,100,3.118468787805161e-06,1032,0.00013256017082611472,3,4,adam,"{'neurons_per_layer_encoder': [80, 160, 320, 640], 'neurons_per_layer_decoder': [640, 320, 160]}",80,"[640, 320, 160]","[80, 160, 320, 640]",[0.5566979498085726],[0.5396279899257719],[0.29509865635650445],-0.08619511309017949,COMPLETE
525,0.39574252371828744,0.5335663742134977,0.27666203973749726,2024-12-23 21:58:33.214167,2024-12-23 21:58:42.140253,0 days 00:00:08.926086,0.17550710613200415,40,0.1,76,100,3.6909502360732415e-06,1032,0.00013025756055230355,3,4,adam,"{'neurons_per_layer_encoder': [76, 152, 304, 608], 'neurons_per_layer_decoder': [608, 304, 152]}",76,"[608, 304, 152]","[76, 152, 304, 608]",[0.39574252371828744],[0.5335663742134977],[0.27666203973749726],-0.17704097265918167,COMPLETE
526,0.5375938955946078,0.48934601958814683,0.3313401126626776,2024-12-23 21:58:36.221240,2024-12-23 21:58:45.054015,0 days 00:00:08.832775,0.1820505732132757,40,0.1,80,100,1.9554200054656593e-06,1048,0.0001309188404637977,3,4,adam,"{'neurons_per_layer_encoder': [80, 160, 320, 640], 'neurons_per_layer_decoder': [640, 320, 160]}",80,"[640, 320, 160]","[80, 160, 320, 640]",[0.5375938955946078],[0.48934601958814683],[0.3313401126626776],-0.2123412313032733,COMPLETE
527,0.39036290250550254,0.4544794718477464,0.29307192724349174,2024-12-23 21:58:36.828032,2024-12-23 21:58:45.562345,0 days 00:00:08.734313,0.17575905311468248,40,0.1,80,100,1.8478508922174612e-06,1032,8.930044826053792e-05,3,4,adam,"{'neurons_per_layer_encoder': [80, 160, 320, 640], 'neurons_per_layer_decoder': [640, 320, 160]}",80,"[640, 320, 160]","[80, 160, 320, 640]",[0.39036290250550254],[0.4544794718477464],[0.29307192724349174],-0.25972537718890076,COMPLETE
528,0.5366399097778571,0.46118336091701084,0.25470631118057163,2024-12-23 21:58:37.594128,2024-12-23 21:58:46.144973,0 days 00:00:08.550845,0.17855214573189243,40,0.1,68,100,1.8624123772751555e-06,1048,9.091264468784097e-05,3,4,adam,"{'neurons_per_layer_encoder': [68, 136, 272, 544], 'neurons_per_layer_decoder': [544, 272, 136]}",68,"[544, 272, 136]","[68, 136, 272, 544]",[0.5366399097778571],[0.46118336091701084],[0.25470631118057163],-0.2516131798801697,COMPLETE
529,0.6222246051870166,0.7045726203897125,0.17072138472331222,2024-12-23 21:58:39.931352,2024-12-23 21:58:49.118571,0 days 00:00:09.187219,0.17326813467420088,32,0.1,68,100,2.692088736709955e-06,1032,9.525171543744141e-05,3,4,adam,"{'neurons_per_layer_encoder': [68, 136, 272, 544], 'neurons_per_layer_decoder': [544, 272, 136]}",68,"[544, 272, 136]","[68, 136, 272, 544]",[0.6222246051870166],[0.7045726203897125],[0.17072138472331222],-0.09119233060437654,COMPLETE
530,0.740348203648415,0.6735694069041294,0.39792681602398194,2024-12-23 21:58:42.754491,2024-12-23 21:58:51.673763,0 days 00:00:08.919272,0.18998354062797915,32,0.1,68,100,1.9973025041501477e-06,1048,8.634070821202965e-05,3,4,adam,"{'neurons_per_layer_encoder': [68, 136, 272, 544], 'neurons_per_layer_decoder': [544, 272, 136]}",68,"[544, 272, 136]","[68, 136, 272, 544]",[0.740348203648415],[0.6735694069041294],[0.39792681602398194],0.1764918286732499,COMPLETE
531,0.6718207862756681,0.17370101883069933,0.3860312624285622,2024-12-23 21:58:45.062379,2024-12-23 21:58:53.744218,0 days 00:00:08.681839,0.18966636746570742,32,0.1,68,100,2.7587456185669374e-06,1016,8.992528427115539e-05,3,4,adam,"{'neurons_per_layer_encoder': [68, 136, 272, 544], 'neurons_per_layer_decoder': [544, 272, 136]}",68,"[544, 272, 136]","[68, 136, 272, 544]",[0.6718207862756681],[0.17370101883069933],[0.3860312624285622],0.01160313849170681,COMPLETE
532,0.5956829829980995,0.6771593724971714,0.2710756791852301,2024-12-23 21:58:45.569539,2024-12-23 21:58:53.530337,0 days 00:00:07.960798,0.19807736553559158,32,0.1,68,100,2.6432081304993204e-06,1016,8.85211969807095e-05,3,4,adam,"{'neurons_per_layer_encoder': [68, 136, 272, 544], 'neurons_per_layer_decoder': [544, 272, 136]}",68,"[544, 272, 136]","[68, 136, 272, 544]",[0.5956829829980995],[0.6771593724971714],[0.2710756791852301],0.07559556755555659,COMPLETE
533,0.5491016865069076,0.619631371256088,0.39435528342893933,2024-12-23 21:58:49.127520,2024-12-23 21:58:57.204204,0 days 00:00:08.076684,0.19778256690436555,32,0.1,72,100,2.6245525739372174e-06,1016,7.441619602468276e-05,3,4,adam,"{'neurons_per_layer_encoder': [72, 144, 288, 576], 'neurons_per_layer_decoder': [576, 288, 144]}",72,"[576, 288, 144]","[72, 144, 288, 576]",[0.5491016865069076],[0.619631371256088],[0.39435528342893933],0.06301004827801755,COMPLETE
534,0.5161370508887626,0.5443410785395413,0.29783118570568157,2024-12-23 21:58:51.682041,2024-12-23 21:58:58.378989,0 days 00:00:06.696948,0.19947234209947284,48,0.1,60,100,1.7898830774488086e-06,1048,6.782918735857191e-05,3,4,adam,"{'neurons_per_layer_encoder': [60, 120, 240, 480], 'neurons_per_layer_decoder': [480, 240, 120]}",60,"[480, 240, 120]","[60, 120, 240, 480]",[0.5161370508887626],[0.5443410785395413],[0.29783118570568157],0.0474392109542988,COMPLETE
535,0.14620610060630002,-0.05887609616431955,-0.044119699767288134,2024-12-23 21:58:53.751329,2024-12-23 21:58:59.318736,0 days 00:00:05.567407,0.1915692737958719,112,0.1,60,100,1.6522165748652234e-06,1048,6.797019444567212e-05,3,4,adam,"{'neurons_per_layer_encoder': [60, 120, 240, 480], 'neurons_per_layer_decoder': [480, 240, 120]}",60,"[480, 240, 120]","[60, 120, 240, 480]",[0.14620610060630002],[-0.05887609616431955],[-0.044119699767288134],0.06854680902834727,COMPLETE
536,0.2791225530995364,0.48586334166814815,0.15908226069256215,2024-12-23 21:58:58.384794,2024-12-23 21:59:04.091094,0 days 00:00:05.706300,0.18717737225708003,56,0.1,64,100,1.400334357826232e-06,1048,6.467406990475817e-05,3,4,adam,"{'neurons_per_layer_encoder': [64, 128, 256, 512], 'neurons_per_layer_decoder': [512, 256, 128]}",64,"[512, 256, 128]","[64, 128, 256, 512]",[0.2791225530995364],[0.48586334166814815],[0.15908226069256215],0.35422832296439427,COMPLETE
537,0.5131220637766851,0.38983907846769106,0.27385681622614055,2024-12-23 21:59:04.095465,2024-12-23 21:59:09.503604,0 days 00:00:05.408139,0.18071242613834698,48,0.1,64,100,1.3287646752966692e-06,1080,7.544095170761533e-05,3,4,adam,"{'neurons_per_layer_encoder': [64, 128, 256, 512], 'neurons_per_layer_decoder': [512, 256, 128]}",64,"[512, 256, 128]","[64, 128, 256, 512]",[0.5131220637766851],[0.38983907846769106],[0.27385681622614055],-0.23305754161341344,COMPLETE
538,0.36513635934319966,0.1030371760482992,0.13988283751109298,2024-12-23 21:59:09.507778,2024-12-23 21:59:14.931409,0 days 00:00:05.423631,0.18708042401371586,48,0.1,68,100,1.463731988784983e-06,1016,8.13095961216732e-05,3,4,adam,"{'neurons_per_layer_encoder': [68, 136, 272, 544], 'neurons_per_layer_decoder': [544, 272, 136]}",68,"[544, 272, 136]","[68, 136, 272, 544]",[0.36513635934319966],[0.1030371760482992],[0.13988283751109298],-0.17343335408406374,COMPLETE
539,0.255244593759685,0.116924666286645,0.2544011468764438,2024-12-23 21:59:14.936187,2024-12-23 21:59:20.178950,0 days 00:00:05.242763,0.17946571652444898,64,0.1,64,100,2.073295859590331e-06,1032,7.098595078163098e-05,3,4,adam,"{'neurons_per_layer_encoder': [64, 128, 256, 512], 'neurons_per_layer_decoder': [512, 256, 128]}",64,"[512, 256, 128]","[64, 128, 256, 512]",[0.255244593759685],[0.116924666286645],[0.2544011468764438],-0.2741895420268401,COMPLETE
540,0.4312406575863603,0.49100623907845775,0.19425629663875943,2024-12-23 22:00:01.123713,2024-12-23 22:00:09.630793,0 days 00:00:08.507080,0.1897719377591359,56,0.1,72,100,1.5318017449068463e-06,1080,7.65451538318389e-05,3,4,adam,"{'neurons_per_layer_encoder': [72, 144, 288, 576], 'neurons_per_layer_decoder': [576, 288, 144]}",72,"[576, 288, 144]","[72, 144, 288, 576]",[0.4312406575863603],[0.49100623907845775],[0.19425629663875943],0.227816634323545,COMPLETE
541,0.3761602222865501,0.42754146519609115,0.031297845169630745,2024-12-23 22:00:01.133741,2024-12-23 22:00:09.229412,0 days 00:00:08.095671,0.1887050400348848,56,0.1,56,100,2.0991684172051114e-06,1048,8.137526848979618e-05,3,4,adam,"{'neurons_per_layer_encoder': [56, 112, 224, 448], 'neurons_per_layer_decoder': [448, 224, 112]}",56,"[448, 224, 112]","[56, 112, 224, 448]",[0.3761602222865501],[0.42754146519609115],[0.031297845169630745],0.10568735859416739,COMPLETE
542,0.26203627618729586,0.43492742073951973,0.4191154029533992,2024-12-23 22:00:01.136028,2024-12-23 22:00:09.562198,0 days 00:00:08.426170,0.19975232992246678,56,0.1,72,100,1.60070022532573e-06,1080,7.95268564039832e-05,3,4,adam,"{'neurons_per_layer_encoder': [72, 144, 288, 576], 'neurons_per_layer_decoder': [576, 288, 144]}",72,"[576, 288, 144]","[72, 144, 288, 576]",[0.26203627618729586],[0.43492742073951973],[0.4191154029533992],0.2431274659978029,COMPLETE
543,0.24469641071749493,0.4350752520118293,-0.039660595665564014,2024-12-23 22:00:01.139964,2024-12-23 22:00:09.607851,0 days 00:00:08.467887,0.18951259987160607,56,0.1,72,100,2.0783435266724254e-06,1064,8.019592361069624e-05,3,4,adam,"{'neurons_per_layer_encoder': [72, 144, 288, 576], 'neurons_per_layer_decoder': [576, 288, 144]}",72,"[576, 288, 144]","[72, 144, 288, 576]",[0.24469641071749493],[0.4350752520118293],[-0.039660595665564014],0.00902650280344038,COMPLETE
544,0.1876054220092136,-0.3344025704277376,0.24260312182565513,2024-12-23 22:00:01.142285,2024-12-23 22:00:08.880749,0 days 00:00:07.738464,0.1875300832856199,64,0.1,72,100,1.7698208014511418e-06,1080,8.156795081046686e-05,3,4,adam,"{'neurons_per_layer_encoder': [72, 144, 288, 576], 'neurons_per_layer_decoder': [576, 288, 144]}",72,"[576, 288, 144]","[72, 144, 288, 576]",[0.1876054220092136],[-0.3344025704277376],[0.24260312182565513],-0.6876544078026361,COMPLETE
545,0.15025556104478355,0.5315256751628007,0.34448998729714375,2024-12-23 22:00:01.144109,2024-12-23 22:00:09.626539,0 days 00:00:08.482430,0.19084723314462235,56,0.1,72,100,1.4790471403868053e-06,1064,8.155846943232054e-05,3,4,adam,"{'neurons_per_layer_encoder': [72, 144, 288, 576], 'neurons_per_layer_decoder': [576, 288, 144]}",72,"[576, 288, 144]","[72, 144, 288, 576]",[0.15025556104478355],[0.5315256751628007],[0.34448998729714375],0.11036898131975045,COMPLETE
546,0.22826024957022106,0.06274165571765389,0.3788123512175351,2024-12-23 22:00:08.890541,2024-12-23 22:00:16.762175,0 days 00:00:07.871634,0.19870788700975497,56,0.1,60,100,2.198971180807225e-06,1048,7.304689863396487e-05,3,4,adam,"{'neurons_per_layer_encoder': [60, 120, 240, 480], 'neurons_per_layer_decoder': [480, 240, 120]}",60,"[480, 240, 120]","[60, 120, 240, 480]",[0.22826024957022106],[0.06274165571765389],[0.3788123512175351],0.23434573409160295,COMPLETE
547,0.3972778191211531,0.5095496109526558,0.1672765883102625,2024-12-23 22:00:09.239000,2024-12-23 22:00:17.262496,0 days 00:00:08.023496,0.16927770695570404,48,0.1,68,100,2.119020990360157e-06,1048,7.098212656533282e-05,3,4,adam,"{'neurons_per_layer_encoder': [68, 136, 272, 544], 'neurons_per_layer_decoder': [544, 272, 136]}",68,"[544, 272, 136]","[68, 136, 272, 544]",[0.3972778191211531],[0.5095496109526558],[0.1672765883102625],-0.07533615809913635,COMPLETE
548,0.3713484735899555,0.3373807107351786,0.3573207377158125,2024-12-23 22:00:09.569354,2024-12-23 22:00:17.182347,0 days 00:00:07.612993,0.19940302382021202,48,0.1,60,100,2.138989080618315e-06,1048,6.758485531699339e-05,3,4,adam,"{'neurons_per_layer_encoder': [60, 120, 240, 480], 'neurons_per_layer_decoder': [480, 240, 120]}",60,"[480, 240, 120]","[60, 120, 240, 480]",[0.3713484735899555],[0.3373807107351786],[0.3573207377158125],0.07590092880838983,COMPLETE
549,-0.013077801187243443,0.17744029319187438,0.1567900756098798,2024-12-23 22:00:09.615977,2024-12-23 22:00:16.769947,0 days 00:00:07.153970,0.17863186217885188,72,0.1,64,100,1.5849054094300953e-06,1048,6.0884286446563655e-05,3,4,adam,"{'neurons_per_layer_encoder': [64, 128, 256, 512], 'neurons_per_layer_decoder': [512, 256, 128]}",64,"[512, 256, 128]","[64, 128, 256, 512]",[-0.013077801187243443],[0.17744029319187438],[0.1567900756098798],-0.5632256792930574,COMPLETE
