number,values_0,values_1,datetime_start,datetime_complete,duration,params_alpha,params_batch_size,params_drop_out_rate,params_encoder_neurons_layer_1,params_epochs,params_lambda,params_latent_dim,params_learning_rate,params_num_layers_decoder,params_num_layers_encoder,params_optimizer,user_attrs_encoder_decoder_config,user_attrs_first_layer_neurons,user_attrs_neurons_per_layer_decoder,user_attrs_neurons_per_layer_encoder,user_attrs_r2_feature_1,user_attrs_r2_feature_2,user_attrs_relative_deterioration,state
199,0.2676487058815886,0.2066777944117798,2024-12-23 23:19:07.399030,2024-12-23 23:19:15.511694,0 days 00:00:08.112664,0.050637022023001806,48,0.2,136,100,1.0125003609641496e-05,1112,0.0013819406164189022,3,3,adam,"{'neurons_per_layer_encoder': [136, 272, 544], 'neurons_per_layer_decoder': [544, 272, 136]}",136,"[544, 272, 136]","[136, 272, 544]",[0.2676487058815886],[0.2066777944117798],0.06461083818852335,COMPLETE
200,0.19397519682123798,0.12791432121547053,2024-12-23 23:19:07.643163,2024-12-23 23:19:14.856656,0 days 00:00:07.213493,0.018808416339994034,64,0.2,140,100,9.466507345439054e-06,1112,0.000799551978853887,3,3,adam,"{'neurons_per_layer_encoder': [140, 280, 560], 'neurons_per_layer_decoder': [560, 280, 140]}",140,"[560, 280, 140]","[140, 280, 560]",[0.19397519682123798],[0.12791432121547053],0.016378663281027966,COMPLETE
201,0.04227444072920894,0.11081689567632447,2024-12-23 23:19:08.792406,2024-12-23 23:19:16.505296,0 days 00:00:07.712890,0.053066655355616485,64,0.2,136,100,1.3903122092155158e-05,1272,0.0007598254160849213,3,3,adam,"{'neurons_per_layer_encoder': [136, 272, 544], 'neurons_per_layer_decoder': [544, 272, 136]}",136,"[544, 272, 136]","[136, 272, 544]",[0.04227444072920894],[0.11081689567632447],0.22409707181610655,COMPLETE
202,0.11760424605553488,-0.03821380100692684,2024-12-23 23:19:08.793294,2024-12-23 23:19:16.568733,0 days 00:00:07.775439,0.052537068305420744,64,0.2,144,100,1.352249460517518e-05,1272,0.001316619145367794,3,3,adam,"{'neurons_per_layer_encoder': [144, 288, 576], 'neurons_per_layer_decoder': [576, 288, 144]}",144,"[576, 288, 144]","[144, 288, 576]",[0.11760424605553488],[-0.03821380100692684],0.045346239220946556,COMPLETE
203,0.170763360474937,0.09938393390951061,2024-12-23 23:19:11.640471,2024-12-23 23:19:20.203326,0 days 00:00:08.562855,0.05315513963950981,64,0.2,144,100,1.403343772946597e-05,1272,0.0007891146981637524,3,3,adam,"{'neurons_per_layer_encoder': [144, 288, 576], 'neurons_per_layer_decoder': [576, 288, 144]}",144,"[576, 288, 144]","[144, 288, 576]",[0.170763360474937],[0.09938393390951061],0.2141390405891224,COMPLETE
204,0.09751318297675027,0.02504190761077041,2024-12-23 23:19:11.945050,2024-12-23 23:19:21.398610,0 days 00:00:09.453560,0.05292566932272403,64,0.2,136,100,0.00014929830890966967,1128,0.00043136151634177983,3,3,adam,"{'neurons_per_layer_encoder': [136, 272, 544], 'neurons_per_layer_decoder': [544, 272, 136]}",136,"[544, 272, 136]","[136, 272, 544]",[0.09751318297675027],[0.02504190761077041],0.8679118063164154,COMPLETE
205,0.1285398511340593,0.08394697445854282,2024-12-23 23:19:14.864456,2024-12-23 23:20:12.427704,0 days 00:00:57.563248,0.05278793428637906,40,0.2,204,100,1.4164703706157895e-05,3400,0.001439266970061888,3,5,adam,"{'neurons_per_layer_encoder': [204, 408, 816, 1632, 3264], 'neurons_per_layer_decoder': [3264, 1632, 816]}",204,"[3264, 1632, 816]","[204, 408, 816, 1632, 3264]",[0.1285398511340593],[0.08394697445854282],0.7419303368362793,COMPLETE
206,-0.5710079533977803,0.07711037234861384,2024-12-23 23:19:15.520420,2024-12-23 23:19:56.638734,0 days 00:00:41.118314,0.05275563686007341,40,0.2,144,100,0.00015841326674593368,2376,0.0014067682157566117,3,5,adam,"{'neurons_per_layer_encoder': [144, 288, 576, 1152, 2304], 'neurons_per_layer_decoder': [2304, 1152, 576]}",144,"[2304, 1152, 576]","[144, 288, 576, 1152, 2304]",[-0.5710079533977803],[0.07711037234861384],0.7189197186667036,COMPLETE
207,0.048500089817936964,-0.4701889155892316,2024-12-23 23:19:16.513570,2024-12-23 23:19:51.980272,0 days 00:00:35.466702,0.04845531377949758,104,0.2,144,100,1.5233407797470525e-06,2360,0.00043650137634955704,3,5,adam,"{'neurons_per_layer_encoder': [144, 288, 576, 1152, 2304], 'neurons_per_layer_decoder': [2304, 1152, 576]}",144,"[2304, 1152, 576]","[144, 288, 576, 1152, 2304]",[0.048500089817936964],[-0.4701889155892316],-0.41250064886396093,COMPLETE
208,0.14160463794007538,0.06629430428284988,2024-12-23 23:19:16.576568,2024-12-23 23:19:57.703370,0 days 00:00:41.126802,0.04958667157585287,104,0.2,164,100,4.919142050403242e-05,2680,0.0015022968313149125,3,5,adam,"{'neurons_per_layer_encoder': [164, 328, 656, 1312, 2624], 'neurons_per_layer_decoder': [2624, 1312, 656]}",164,"[2624, 1312, 656]","[164, 328, 656, 1312, 2624]",[0.14160463794007538],[0.06629430428284988],0.8739869882785716,COMPLETE
209,0.21130493253522264,0.11395058400488733,2024-12-23 23:19:20.213660,2024-12-23 23:20:10.697092,0 days 00:00:50.483432,0.011351378584279296,40,0.2,168,100,1.0219316772174252e-05,2776,0.00137049627424691,3,5,adam,"{'neurons_per_layer_encoder': [168, 336, 672, 1344, 2688], 'neurons_per_layer_decoder': [2688, 1344, 672]}",168,"[2688, 1344, 672]","[168, 336, 672, 1344, 2688]",[0.21130493253522264],[0.11395058400488733],0.6711380376558316,COMPLETE
210,-4.396743296464532,-0.3351641467227753,2024-12-23 23:19:21.422690,2024-12-23 23:19:41.984938,0 days 00:00:20.562248,0.05035970326171062,40,0.2,48,100,1.0142604145713119e-05,1336,2.797865229925666e-05,3,5,adadelta,"{'neurons_per_layer_encoder': [48, 96, 192, 384, 768], 'neurons_per_layer_decoder': [768, 384, 192]}",48,"[768, 384, 192]","[48, 96, 192, 384, 768]",[-4.396743296464532],[-0.3351641467227753],0.24009988940140897,COMPLETE
211,-1.2105781119924628,0.11235592183115872,2024-12-23 23:19:41.994864,2024-12-23 23:19:59.519254,0 days 00:00:17.524390,0.14379921122041459,104,0.2,168,100,6.225581565721056e-06,416,5.336548708259046e-05,3,1,adam,"{'neurons_per_layer_encoder': [168], 'neurons_per_layer_decoder': [168, 84, 42]}",168,"[168, 84, 42]",[168],[-1.2105781119924628],[0.11235592183115872],0.4234275101079424,COMPLETE
212,-3.9671046484743275,-0.09194576162015955,2024-12-23 23:19:52.043788,2024-12-23 23:19:59.340235,0 days 00:00:07.296447,0.11378330102310004,56,0.2,40,100,0.0005789641225810714,60,5.0825463461880875e-05,3,1,adam,"{'neurons_per_layer_encoder': [40], 'neurons_per_layer_decoder': [40, 20, 10]}",40,"[40, 20, 10]",[40],[-3.9671046484743275],[-0.09194576162015955],0.4550296940388778,COMPLETE
213,0.07033070767099636,0.07327914844647365,2024-12-23 23:19:56.648654,2024-12-23 23:20:07.113655,0 days 00:00:10.465001,0.11560783147339115,112,0.2,164,100,3.983294366297755e-06,428,0.001046248476789283,3,1,adam,"{'neurons_per_layer_encoder': [164], 'neurons_per_layer_decoder': [164, 82, 41]}",164,"[164, 82, 41]",[164],[0.07033070767099636],[0.07327914844647365],-0.21365201337446907,COMPLETE
214,0.16477082703301482,0.2388744688654827,2024-12-23 23:19:57.713767,2024-12-23 23:20:08.633146,0 days 00:00:10.919379,0.11190719054154318,48,0.2,164,100,1.7318822742243033e-05,428,0.008684289895272387,3,1,adam,"{'neurons_per_layer_encoder': [164], 'neurons_per_layer_decoder': [164, 82, 41]}",164,"[164, 82, 41]",[164],[0.16477082703301482],[0.2388744688654827],-0.7518267436636674,COMPLETE
215,-0.4361837943922202,-0.13063028987434055,2024-12-23 23:19:59.363202,2024-12-23 23:20:12.741441,0 days 00:00:13.378239,0.020421788709948256,80,0.2,120,100,1.0543459824868593e-05,1224,0.008557766053447007,3,3,adadelta,"{'neurons_per_layer_encoder': [120, 240, 480], 'neurons_per_layer_decoder': [480, 240, 120]}",120,"[480, 240, 120]","[120, 240, 480]",[-0.4361837943922202],[-0.13063028987434055],0.4530842830955006,COMPLETE
216,-4.826102437882917,-0.026605667903574215,2024-12-23 23:19:59.528257,2024-12-23 23:20:07.728673,0 days 00:00:08.200416,0.05793766210476645,80,0.2,152,100,1.728908179224456e-05,1224,8.837307198591068e-05,3,3,adadelta,"{'neurons_per_layer_encoder': [152, 304, 608], 'neurons_per_layer_decoder': [608, 304, 152]}",152,"[608, 304, 152]","[152, 304, 608]",[-4.826102437882917],[-0.026605667903574215],0.40965452288396026,COMPLETE
217,-3.1324728660093344,0.20406775471638205,2024-12-23 23:20:07.124048,2024-12-23 23:20:17.811826,0 days 00:00:10.687778,0.10056551317572753,80,0.2,160,100,0.0007535697387392612,1208,0.005407995150448324,3,3,adadelta,"{'neurons_per_layer_encoder': [160, 320, 640], 'neurons_per_layer_decoder': [640, 320, 160]}",160,"[640, 320, 160]","[160, 320, 640]",[-3.1324728660093344],[0.20406775471638205],0.9631209035729235,COMPLETE
218,0.2790857236065649,0.049684902324640956,2024-12-23 23:20:07.738362,2024-12-23 23:20:15.511648,0 days 00:00:07.773286,0.09964505984269673,48,0.2,160,100,1.0218395276541634e-06,1464,0.008631679131072541,3,3,adam,"{'neurons_per_layer_encoder': [160, 320, 640], 'neurons_per_layer_decoder': [640, 320, 160]}",160,"[640, 320, 160]","[160, 320, 640]",[0.2790857236065649],[0.049684902324640956],-0.4306758336054044,COMPLETE
219,0.02885618133466883,0.11745063275940093,2024-12-23 23:20:08.646707,2024-12-23 23:20:19.331388,0 days 00:00:10.684681,0.10365842509101905,48,0.2,160,100,1.0477143574049335e-05,1464,0.0008932392637620912,3,3,adam,"{'neurons_per_layer_encoder': [160, 320, 640], 'neurons_per_layer_decoder': [640, 320, 160]}",160,"[640, 320, 160]","[160, 320, 640]",[0.02885618133466883],[0.11745063275940093],0.11339647146135244,COMPLETE
220,0.1866173067910979,0.10417672453778315,2024-12-23 23:20:10.709761,2024-12-23 23:20:17.126705,0 days 00:00:06.416944,0.0974197531095439,48,0.2,160,100,1.0155884937487326e-06,1368,0.004199531536144928,3,3,adam,"{'neurons_per_layer_encoder': [160, 320, 640], 'neurons_per_layer_decoder': [640, 320, 160]}",160,"[640, 320, 160]","[160, 320, 640]",[0.1866173067910979],[0.10417672453778315],-0.8097922092177654,COMPLETE
221,-0.25224484732106345,0.16997005644565966,2024-12-23 23:20:12.441128,2024-12-23 23:20:23.007579,0 days 00:00:10.566451,0.09144133727942531,48,0.2,152,100,1.209758220931865e-05,1464,0.008178008556328838,3,3,adadelta,"{'neurons_per_layer_encoder': [152, 304, 608], 'neurons_per_layer_decoder': [608, 304, 152]}",152,"[608, 304, 152]","[152, 304, 608]",[-0.25224484732106345],[0.16997005644565966],0.5876704262044962,COMPLETE
222,-0.10891115569725796,-0.03153287057186449,2024-12-23 23:20:12.751210,2024-12-23 23:20:23.027011,0 days 00:00:10.275801,0.09201208040621538,48,0.2,160,100,9.147063391506968e-06,1368,3.916009330133946e-05,3,3,adam,"{'neurons_per_layer_encoder': [160, 320, 640], 'neurons_per_layer_decoder': [640, 320, 160]}",160,"[640, 320, 160]","[160, 320, 640]",[-0.10891115569725796],[-0.03153287057186449],0.5364128230839862,COMPLETE
223,0.20627042523665418,0.11114626179388509,2024-12-23 23:20:15.520846,2024-12-23 23:20:27.115747,0 days 00:00:11.594901,0.09882114524512751,48,0.2,160,100,8.882189631263135e-06,1320,0.0019464991756521853,3,3,adam,"{'neurons_per_layer_encoder': [160, 320, 640], 'neurons_per_layer_decoder': [640, 320, 160]}",160,"[640, 320, 160]","[160, 320, 640]",[0.20627042523665418],[0.11114626179388509],-0.07296235810300661,COMPLETE
224,0.13014673550819655,0.08088463140248181,2024-12-23 23:20:17.135444,2024-12-23 23:20:23.684990,0 days 00:00:06.549546,0.10180872665534087,64,0.2,148,100,2.4272259989941112e-06,1320,0.002086413657375573,3,3,adam,"{'neurons_per_layer_encoder': [148, 296, 592], 'neurons_per_layer_decoder': [592, 296, 148]}",148,"[592, 296, 148]","[148, 296, 592]",[0.13014673550819655],[0.08088463140248181],-0.6483141824333901,COMPLETE
225,0.1409331430982803,0.17904485222720745,2024-12-23 23:20:17.820078,2024-12-23 23:20:30.468413,0 days 00:00:12.648335,0.0875788607593837,64,0.2,152,100,9.052712545986745e-06,3128,0.0010274773022591846,3,4,adam,"{'neurons_per_layer_encoder': [152, 304, 608, 1216], 'neurons_per_layer_decoder': [1216, 608, 304]}",152,"[1216, 608, 304]","[152, 304, 608, 1216]",[0.1409331430982803],[0.17904485222720745],0.43019524828838085,COMPLETE
226,-0.16835993869047106,0.09223689049081008,2024-12-23 23:20:19.338898,2024-12-23 23:20:29.305748,0 days 00:00:09.966850,0.08959361663402948,56,0.2,148,100,1.2198688272238505e-05,1320,3.9142798371294394e-05,3,3,adam,"{'neurons_per_layer_encoder': [148, 296, 592], 'neurons_per_layer_decoder': [592, 296, 148]}",148,"[592, 296, 148]","[148, 296, 592]",[-0.16835993869047106],[0.09223689049081008],0.5689529460961535,COMPLETE
227,0.1481171370703972,0.2638407669070124,2024-12-23 23:20:23.019146,2024-12-23 23:20:30.349597,0 days 00:00:07.330451,0.09051548243838331,56,0.2,152,100,2.614769570480719e-06,776,0.0010004904617174973,3,2,adam,"{'neurons_per_layer_encoder': [152, 304], 'neurons_per_layer_decoder': [304, 152, 76]}",152,"[304, 152, 76]","[152, 304]",[0.1481171370703972],[0.2638407669070124],-0.28588537607649983,COMPLETE
228,0.1200397410102022,0.09545374993700584,2024-12-23 23:20:23.037964,2024-12-23 23:20:30.720508,0 days 00:00:07.682544,0.048100526556566534,56,0.2,152,100,0.00041503138657501403,792,0.0010143878294049365,3,2,adam,"{'neurons_per_layer_encoder': [152, 304], 'neurons_per_layer_decoder': [304, 152, 76]}",152,"[304, 152, 76]","[152, 304]",[0.1200397410102022],[0.09545374993700584],0.8756558091828405,COMPLETE
229,0.1313632228377083,0.21986346779457,2024-12-23 23:20:23.695215,2024-12-23 23:20:30.233607,0 days 00:00:06.538392,0.08309507366105204,56,0.2,32,100,7.219492846728866e-05,150,0.0011052862069553422,3,2,adam,"{'neurons_per_layer_encoder': [32, 64], 'neurons_per_layer_decoder': [64, 32, 16]}",32,"[64, 32, 16]","[32, 64]",[0.1313632228377083],[0.21986346779457],0.32937361457852377,COMPLETE
230,0.11077744451637783,-0.28440702287075204,2024-12-23 23:20:27.124364,2024-12-23 23:20:42.556388,0 days 00:00:15.432024,0.04272281786923632,56,0.2,152,100,0.0004386449218294656,2520,0.0010406116193587738,3,4,adam,"{'neurons_per_layer_encoder': [152, 304, 608, 1216], 'neurons_per_layer_decoder': [1216, 608, 304]}",152,"[1216, 608, 304]","[152, 304, 608, 1216]",[0.11077744451637783],[-0.28440702287075204],0.9156049432797766,COMPLETE
231,-0.4897139894695275,0.04663202293923918,2024-12-23 23:20:29.315379,2024-12-23 23:20:45.510712,0 days 00:00:16.195333,0.056618817086385755,56,0.2,152,100,3.0243474914452475e-05,3144,0.0010497908799666918,3,4,adam,"{'neurons_per_layer_encoder': [152, 304, 608, 1216], 'neurons_per_layer_decoder': [1216, 608, 304]}",152,"[1216, 608, 304]","[152, 304, 608, 1216]",[-0.4897139894695275],[0.04663202293923918],0.727476570306742,COMPLETE
232,0.09814820383621392,-0.3390471204212364,2024-12-23 23:20:30.239183,2024-12-23 23:20:43.180759,0 days 00:00:12.941576,0.0423303139738276,56,0.2,156,100,2.8728521078660383e-06,3288,0.0009363767110385073,3,4,adam,"{'neurons_per_layer_encoder': [156, 312, 624, 1248], 'neurons_per_layer_decoder': [1248, 624, 312]}",156,"[1248, 624, 312]","[156, 312, 624, 1248]",[0.09814820383621392],[-0.3390471204212364],-0.17832608030304137,COMPLETE
233,0.18003894688626854,0.10301937781943016,2024-12-23 23:20:30.357722,2024-12-23 23:20:39.783374,0 days 00:00:09.425652,0.057171300093701735,56,0.2,152,100,1.1456228568505497e-05,776,0.0025065036343243615,3,2,adam,"{'neurons_per_layer_encoder': [152, 304], 'neurons_per_layer_decoder': [304, 152, 76]}",152,"[304, 152, 76]","[152, 304]",[0.18003894688626854],[0.10301937781943016],-0.07670453385974951,COMPLETE
234,-5.403711609470168,-0.03652297641419566,2024-12-23 23:20:30.476241,2024-12-23 23:20:36.553342,0 days 00:00:06.077101,0.10825104128088579,56,0.2,12,100,1.2335591809404055e-05,248,1.001763001748283e-05,4,4,adam,"{'neurons_per_layer_encoder': [12, 24, 48, 96], 'neurons_per_layer_decoder': [96, 48, 24, 12]}",12,"[96, 48, 24, 12]","[12, 24, 48, 96]",[-5.403711609470168],[-0.03652297641419566],0.42447948499766214,COMPLETE
235,-1.816879326878143,-0.7423247286962436,2024-12-23 23:20:30.730047,2024-12-23 23:20:39.585465,0 days 00:00:08.855418,0.055661218399936534,56,0.2,8,100,4.7349851210296505e-06,150,6.156332103012324e-05,4,4,adam,"{'neurons_per_layer_encoder': [8, 16, 32, 64], 'neurons_per_layer_decoder': [64, 32, 16, 8]}",8,"[64, 32, 16, 8]","[8, 16, 32, 64]",[-1.816879326878143],[-0.7423247286962436],-0.016785649495206348,COMPLETE
236,-0.0015869755279540598,0.13442080559458225,2024-12-23 23:20:36.564148,2024-12-23 23:20:44.593053,0 days 00:00:08.028905,0.02903743397391916,56,0.2,4,100,1.0994133431778054e-05,51,0.002542217746356497,1,4,adam,"{'neurons_per_layer_encoder': [4, 8, 16, 32], 'neurons_per_layer_decoder': [32]}",4,[32],"[4, 8, 16, 32]",[-0.0015869755279540598],[0.13442080559458225],-0.06809783802405782,COMPLETE
237,-0.15310779246986272,0.37194628220750126,2024-12-23 23:20:39.595792,2024-12-23 23:20:45.645758,0 days 00:00:06.049966,0.013526991777396956,56,0.2,24,100,1.0589071190067225e-05,232,0.00030900095803994396,1,3,adam,"{'neurons_per_layer_encoder': [24, 48, 96], 'neurons_per_layer_decoder': [96]}",24,[96],"[24, 48, 96]",[-0.15310779246986272],[0.37194628220750126],0.0502007439109957,COMPLETE
238,0.1344322804698299,0.1001363005979492,2024-12-23 23:20:39.792461,2024-12-23 23:20:46.268906,0 days 00:00:06.476445,0.014226552891622671,56,0.2,20,100,2.9543902170001135e-06,344,0.0017567284649392723,1,4,adam,"{'neurons_per_layer_encoder': [20, 40, 80, 160], 'neurons_per_layer_decoder': [160]}",20,[160],"[20, 40, 80, 160]",[0.1344322804698299],[0.1001363005979492],-0.26395631450345347,COMPLETE
239,0.2839439765250571,0.1361202125015778,2024-12-23 23:20:42.569317,2024-12-23 23:20:46.512691,0 days 00:00:03.943374,0.04894411545990715,56,0.2,24,100,7.973498523931224e-06,232,0.0012723648298625558,1,3,adam,"{'neurons_per_layer_encoder': [24, 48, 96], 'neurons_per_layer_decoder': [96]}",24,[96],"[24, 48, 96]",[0.2839439765250571],[0.1361202125015778],-0.32569196994567784,COMPLETE
240,-0.33573329536074104,-0.011668744116228424,2024-12-23 23:20:43.191096,2024-12-23 23:20:46.298510,0 days 00:00:03.107414,0.029585231855890876,56,0.2,24,100,1.035722106110002e-05,232,0.0017706481759762374,1,3,sgd,"{'neurons_per_layer_encoder': [24, 48, 96], 'neurons_per_layer_decoder': [96]}",24,[96],"[24, 48, 96]",[-0.33573329536074104],[-0.011668744116228424],0.23684195941406938,COMPLETE
241,-4.044872203646389,-0.11994500131689878,2024-12-23 23:20:44.602551,2024-12-23 23:20:46.253064,0 days 00:00:01.650513,0.01199646223813005,56,0.2,24,100,7.95020958832212e-06,232,0.0012036931110725544,4,3,sgd,"{'neurons_per_layer_encoder': [24, 48, 96], 'neurons_per_layer_decoder': [96, 48, 24, 12]}",24,"[96, 48, 24, 12]","[24, 48, 96]",[-4.044872203646389],[-0.11994500131689878],0.03060152364042721,COMPLETE
242,-4.227041102924333,-0.1811322268898703,2024-12-23 23:20:45.518871,2024-12-23 23:20:47.110436,0 days 00:00:01.591565,0.013384601642922269,56,0.4,60,100,8.980304073459444e-06,520,0.0012354946931861406,4,3,sgd,"{'neurons_per_layer_encoder': [60, 120, 240], 'neurons_per_layer_decoder': [240, 120, 60, 30]}",60,"[240, 120, 60, 30]","[60, 120, 240]",[-4.227041102924333],[-0.1811322268898703],0.4570628191244188,COMPLETE
243,-0.9341762301074479,-0.16774278690653288,2024-12-23 23:20:45.652405,2024-12-23 23:20:49.544608,0 days 00:00:03.892203,0.04907370602196687,56,0.1,92,100,0.00018573451072153652,888,0.001210717851998839,1,3,sgd,"{'neurons_per_layer_encoder': [92, 184, 368], 'neurons_per_layer_decoder': [368]}",92,[368],"[92, 184, 368]",[-0.9341762301074479],[-0.16774278690653288],0.7733554611474677,COMPLETE
244,-7.428170933170728,-0.08265176687373255,2024-12-23 23:20:46.259292,2024-12-23 23:20:50.475638,0 days 00:00:04.216346,0.0492648364657429,56,0.1,168,100,9.642443767411807e-06,1416,0.0008759344313460702,3,3,adadelta,"{'neurons_per_layer_encoder': [168, 336, 672], 'neurons_per_layer_decoder': [672, 336, 168]}",168,"[672, 336, 168]","[168, 336, 672]",[-7.428170933170728],[-0.08265176687373255],0.02584937271183913,COMPLETE
245,-4.5039403043544715,-0.35891503065524666,2024-12-23 23:20:46.277057,2024-12-23 23:20:50.292810,0 days 00:00:04.015753,0.04741770556464851,56,0.1,164,100,9.47150750036142e-06,1416,0.000866268505450168,3,3,adadelta,"{'neurons_per_layer_encoder': [164, 328, 656], 'neurons_per_layer_decoder': [656, 328, 164]}",164,"[656, 328, 164]","[164, 328, 656]",[-4.5039403043544715],[-0.35891503065524666],0.29585370793169563,COMPLETE
246,-5.194269676582442,-0.025810366398134388,2024-12-23 23:20:46.311292,2024-12-23 23:20:49.667766,0 days 00:00:03.356474,0.046898137646678155,96,0.4,164,100,1.2714057529909472e-05,1416,0.0012747996016832755,2,3,adadelta,"{'neurons_per_layer_encoder': [164, 328, 656], 'neurons_per_layer_decoder': [656, 328]}",164,"[656, 328]","[164, 328, 656]",[-5.194269676582442],[-0.025810366398134388],0.43122981643724,COMPLETE
247,-5.487282006463906,0.004714135917453177,2024-12-23 23:20:46.520864,2024-12-23 23:20:49.676448,0 days 00:00:03.155584,0.04932191356335556,88,0.4,100,100,1.3196280406828838e-05,1064,1.8367497491857807e-05,2,3,adadelta,"{'neurons_per_layer_encoder': [100, 200, 400], 'neurons_per_layer_decoder': [400, 200]}",100,"[400, 200]","[100, 200, 400]",[-5.487282006463906],[0.004714135917453177],0.30150619817700114,COMPLETE
248,-2.660761296986813,-0.2804502853840307,2024-12-23 23:20:47.117964,2024-12-23 23:20:52.965474,0 days 00:00:05.847510,0.049537123599034054,88,0.2,92,100,1.3082009532428765e-05,920,0.0008291513307924744,2,3,adadelta,"{'neurons_per_layer_encoder': [92, 184, 368], 'neurons_per_layer_decoder': [368, 184]}",92,"[368, 184]","[92, 184, 368]",[-2.660761296986813],[-0.2804502853840307],0.35483318492988764,COMPLETE
249,-6.1779021522677136,-0.044602187202264165,2024-12-23 23:20:49.552140,2024-12-23 23:20:53.124765,0 days 00:00:03.572625,0.0166559182334594,88,0.2,164,100,1.3101146333003888e-05,1528,0.0008739558388724673,2,3,adadelta,"{'neurons_per_layer_encoder': [164, 328, 656], 'neurons_per_layer_decoder': [656, 328]}",164,"[656, 328]","[164, 328, 656]",[-6.1779021522677136],[-0.044602187202264165],0.35085012858383285,COMPLETE
