number,values_0,values_1,datetime_start,datetime_complete,duration,params_alpha,params_batch_size,params_drop_out_rate,params_encoder_neurons_layer_1,params_epochs,params_lambda,params_latent_dim,params_learning_rate,params_num_layers_decoder,params_num_layers_encoder,params_optimizer,user_attrs_encoder_decoder_config,user_attrs_first_layer_neurons,user_attrs_neurons_per_layer_decoder,user_attrs_neurons_per_layer_encoder,user_attrs_r2_feature_1,user_attrs_r2_feature_2,user_attrs_relative_deterioration,state
349,-0.8713807302124388,-0.26553789707467423,2024-12-23 23:23:47.203576,2024-12-23 23:23:50.172252,0 days 00:00:02.968676,0.013871176638864734,64,0.2,32,100,4.343326325986529e-06,51,4.706942395991128e-05,3,1,adam,"{'neurons_per_layer_encoder': [32], 'neurons_per_layer_decoder': [32, 16, 8]}",32,"[32, 16, 8]",[32],[-0.8713807302124388],[-0.26553789707467423],0.394237710166155,COMPLETE
350,0.03156183865475448,0.2781378125502839,2024-12-23 23:23:47.450116,2024-12-23 23:23:50.345370,0 days 00:00:02.895254,0.04952710730116463,64,0.2,32,100,3.917821593501768e-05,51,0.0019925699423071776,3,1,adam,"{'neurons_per_layer_encoder': [32], 'neurons_per_layer_decoder': [32, 16, 8]}",32,"[32, 16, 8]",[32],[0.03156183865475448],[0.2781378125502839],-0.03954462720391366,COMPLETE
351,-0.15326677068809258,0.12908825416070946,2024-12-23 23:23:47.603364,2024-12-23 23:23:50.470235,0 days 00:00:02.866871,0.04955339182389323,64,0.2,32,100,1.0982415429808976e-05,51,0.0007284823876185634,3,1,adam,"{'neurons_per_layer_encoder': [32], 'neurons_per_layer_decoder': [32, 16, 8]}",32,"[32, 16, 8]",[32],[-0.15326677068809258],[0.12908825416070946],0.06507058977960213,COMPLETE
352,-4.881496599737213,-0.05130761974338682,2024-12-23 23:23:49.731970,2024-12-23 23:23:52.041932,0 days 00:00:02.309962,0.010575701753891923,64,0.2,32,100,1.066399712111583e-05,328,4.124995568800457e-05,3,3,adam,"{'neurons_per_layer_encoder': [32, 64, 128], 'neurons_per_layer_decoder': [128, 64, 32]}",32,"[128, 64, 32]","[32, 64, 128]",[-4.881496599737213],[-0.05130761974338682],0.1745975580380848,COMPLETE
353,-1.0067808380097625,0.006518152466155613,2024-12-23 23:23:50.178548,2024-12-23 23:23:56.226248,0 days 00:00:06.047700,0.043549083463993124,56,0.2,176,100,1.101804908527683e-05,728,2.5684566548050376e-05,3,3,adam,"{'neurons_per_layer_encoder': [176, 352, 704], 'neurons_per_layer_decoder': [704, 352, 176]}",176,"[704, 352, 176]","[176, 352, 704]",[-1.0067808380097625],[0.006518152466155613],0.3364773344362746,COMPLETE
354,-5.9583192501995965,0.002903820956755898,2024-12-23 23:23:50.351210,2024-12-23 23:23:52.851326,0 days 00:00:02.500116,0.05642113146221036,56,0.1,48,100,1.1486891469583376e-05,504,3.6118022024148824e-05,3,3,adam,"{'neurons_per_layer_encoder': [48, 96, 192], 'neurons_per_layer_decoder': [192, 96, 48]}",48,"[192, 96, 48]","[48, 96, 192]",[-5.9583192501995965],[0.002903820956755898],-0.025517448848933443,COMPLETE
355,-8.775293170830688,-0.004444379941707766,2024-12-23 23:23:52.049694,2024-12-23 23:23:55.392747,0 days 00:00:03.343053,0.04346434603803187,56,0.1,176,100,1.2882016894027914e-05,744,0.0032155272539076876,4,3,adadelta,"{'neurons_per_layer_encoder': [176, 352, 704], 'neurons_per_layer_decoder': [704, 352, 176, 88]}",176,"[704, 352, 176, 88]","[176, 352, 704]",[-8.775293170830688],[-0.004444379941707766],0.21792705102575916,COMPLETE
356,-2.327786893978209,-0.6267806304117289,2024-12-23 23:23:52.857025,2024-12-23 23:24:02.165951,0 days 00:00:09.308926,0.020379554022803243,56,0.1,176,100,1.2591122019042868e-05,3544,0.0014519603984426905,4,4,adadelta,"{'neurons_per_layer_encoder': [176, 352, 704, 1408], 'neurons_per_layer_decoder': [1408, 704, 352, 176]}",176,"[1408, 704, 352, 176]","[176, 352, 704, 1408]",[-2.327786893978209],[-0.6267806304117289],0.5687820525917531,COMPLETE
357,0.06676782225854405,0.15105855828963033,2024-12-23 23:23:56.232818,2024-12-23 23:24:05.280634,0 days 00:00:09.047816,0.061060984739867284,32,0.2,92,100,4.82957701747457e-05,776,0.002424864154963704,5,4,adam,"{'neurons_per_layer_encoder': [92, 184, 368, 736], 'neurons_per_layer_decoder': [736, 368, 184, 92, 46]}",92,"[736, 368, 184, 92, 46]","[92, 184, 368, 736]",[0.06676782225854405],[0.15105855828963033],0.6144867000848121,COMPLETE
358,0.34507992772110496,0.17912511449185442,2024-12-23 23:24:02.170956,2024-12-23 23:24:08.098391,0 days 00:00:05.927435,0.11052245472584343,96,0.2,92,100,1.9235495155664654e-05,760,0.0025404121919663774,5,4,adam,"{'neurons_per_layer_encoder': [92, 184, 368, 736], 'neurons_per_layer_decoder': [736, 368, 184, 92, 46]}",92,"[736, 368, 184, 92, 46]","[92, 184, 368, 736]",[0.34507992772110496],[0.17912511449185442],0.5794561793268009,COMPLETE
359,-2.8560025900318537,-0.02555228124546649,2024-12-23 23:24:08.102860,2024-12-23 23:24:11.964117,0 days 00:00:03.861257,0.08866104732796837,120,0.2,76,100,1.792364724281454e-05,2792,0.0010595985904846234,1,5,sgd,"{'neurons_per_layer_encoder': [76, 152, 304, 608, 1216], 'neurons_per_layer_decoder': [1216]}",76,[1216],"[76, 152, 304, 608, 1216]",[-2.8560025900318537],[-0.02555228124546649],0.4745304118277227,COMPLETE
