number,values_0,values_1,datetime_start,datetime_complete,duration,params_alpha,params_batch_size,params_drop_out_rate,params_encoder_neurons_layer_1,params_epochs,params_lambda,params_latent_dim,params_learning_rate,params_num_layers_decoder,params_num_layers_encoder,params_optimizer,user_attrs_encoder_decoder_config,user_attrs_first_layer_neurons,user_attrs_neurons_per_layer_decoder,user_attrs_neurons_per_layer_encoder,user_attrs_r2_feature_1,user_attrs_r2_feature_2,user_attrs_relative_deterioration,state
99,0.13412204202803835,0.12964307567891586,2024-12-23 23:15:22.267260,2024-12-23 23:15:32.696871,0 days 00:00:10.429611,0.03694385607395425,64,0.2,136,100,6.142605309009347e-05,616,0.0006374930096969944,3,2,adam,"{'neurons_per_layer_encoder': [136, 272], 'neurons_per_layer_decoder': [272, 136, 68]}",136,"[272, 136, 68]","[136, 272]",[0.13412204202803835],[0.12964307567891586],0.5051613329512757,COMPLETE
100,0.17915789046107722,0.04211470824222374,2024-12-23 23:15:28.805585,2024-12-23 23:15:41.009138,0 days 00:00:12.203553,0.05544791023915294,56,0.2,124,100,0.0009752599755166386,608,0.0009001378282412366,3,2,adam,"{'neurons_per_layer_encoder': [124, 248], 'neurons_per_layer_decoder': [248, 124, 62]}",124,"[248, 124, 62]","[124, 248]",[0.17915789046107722],[0.04211470824222374],0.9142562615085313,COMPLETE
101,0.15749363505977776,-0.05259495263536618,2024-12-23 23:15:29.648867,2024-12-23 23:15:42.648723,0 days 00:00:12.999856,0.05496947895434135,56,0.2,132,100,4.1947680087766684e-05,1000,0.0006528928011582978,3,3,adam,"{'neurons_per_layer_encoder': [132, 264, 528], 'neurons_per_layer_decoder': [528, 264, 132]}",132,"[528, 264, 132]","[132, 264, 528]",[0.15749363505977776],[-0.05259495263536618],0.6423199790782992,COMPLETE
102,0.02569532800349772,-0.48360669250954946,2024-12-23 23:15:31.549059,2024-12-23 23:15:41.205467,0 days 00:00:09.656408,0.06228893571557334,56,0.2,124,100,4.086545579834982e-05,1000,0.0014303427907027119,3,3,adam,"{'neurons_per_layer_encoder': [124, 248, 496], 'neurons_per_layer_decoder': [496, 248, 124]}",124,"[496, 248, 124]","[124, 248, 496]",[0.02569532800349772],[-0.48360669250954946],0.5072226576991464,COMPLETE
103,-0.5204064600578737,0.014504158302520387,2024-12-23 23:15:32.709496,2024-12-23 23:15:45.908947,0 days 00:00:13.199451,0.06351048221894964,48,0.2,152,100,0.00047846726477962894,1368,1.469032211661769e-05,1,3,adam,"{'neurons_per_layer_encoder': [152, 304, 608], 'neurons_per_layer_decoder': [608]}",152,[608],"[152, 304, 608]",[-0.5204064600578737],[0.014504158302520387],0.9448532159283056,COMPLETE
104,0.13921761927647025,0.10123299203036462,2024-12-23 23:15:32.764519,2024-12-23 23:15:46.274658,0 days 00:00:13.510139,0.06269551610045798,56,0.2,152,100,0.00035975002277819496,1352,0.000976694477411607,1,3,adam,"{'neurons_per_layer_encoder': [152, 304, 608], 'neurons_per_layer_decoder': [608]}",152,[608],"[152, 304, 608]",[0.13921761927647025],[0.10123299203036462],0.8524648747513741,COMPLETE
105,0.05764376646020475,0.01737987974859867,2024-12-23 23:15:41.017917,2024-12-23 23:15:55.599961,0 days 00:00:14.582044,0.06234813956085028,48,0.4,168,100,0.0002735053671671506,1400,0.0004511336001241316,1,3,adam,"{'neurons_per_layer_encoder': [168, 336, 672], 'neurons_per_layer_decoder': [672]}",168,[672],"[168, 336, 672]",[0.05764376646020475],[0.01737987974859867],0.8985135681851606,COMPLETE
106,0.13035368335037645,0.24640833172489263,2024-12-23 23:15:41.213408,2024-12-23 23:15:56.368628,0 days 00:00:15.155220,0.05005421869376866,48,0.4,188,100,0.0003714268179380963,1736,6.026466413911826e-05,1,3,adam,"{'neurons_per_layer_encoder': [188, 376, 752], 'neurons_per_layer_decoder': [752]}",188,[752],"[188, 376, 752]",[0.13035368335037645],[0.24640833172489263],0.9592373395413939,COMPLETE
107,0.15641421725683669,0.022866567340031452,2024-12-23 23:15:42.656325,2024-12-23 23:15:57.868330,0 days 00:00:15.212005,0.050088967722175595,48,0.4,188,100,0.0002903641894581891,1592,5.4876940564260436e-05,1,3,adam,"{'neurons_per_layer_encoder': [188, 376, 752], 'neurons_per_layer_decoder': [752]}",188,[752],"[188, 376, 752]",[0.15641421725683669],[0.022866567340031452],0.9398632073216662,COMPLETE
108,0.07690092653676439,0.16299268083707485,2024-12-23 23:15:45.931399,2024-12-23 23:16:00.684964,0 days 00:00:14.753565,0.048779968012544056,56,0.4,188,100,5.770728646195067e-05,1832,0.0009759028499265536,1,3,adam,"{'neurons_per_layer_encoder': [188, 376, 752], 'neurons_per_layer_decoder': [752]}",188,[752],"[188, 376, 752]",[0.07690092653676439],[0.16299268083707485],0.7505433998744785,COMPLETE
109,-5.065035749152795,-0.14789923389791415,2024-12-23 23:15:46.284280,2024-12-23 23:15:53.338712,0 days 00:00:07.054432,0.04934518771575655,48,0.4,188,100,1.8216712810895385e-05,1784,0.0004704894899676622,2,3,sgd,"{'neurons_per_layer_encoder': [188, 376, 752], 'neurons_per_layer_decoder': [752, 376]}",188,"[752, 376]","[188, 376, 752]",[-5.065035749152795],[-0.14789923389791415],0.45180723155659597,COMPLETE
110,-2.5891419000396176,-0.20076003586217994,2024-12-23 23:15:47.716923,2024-12-23 23:15:58.708148,0 days 00:00:10.991225,0.048085227480672205,80,0.4,192,100,3.285325396877221e-06,1864,0.0004746298103066877,2,3,sgd,"{'neurons_per_layer_encoder': [192, 384, 768], 'neurons_per_layer_decoder': [768, 384]}",192,"[768, 384]","[192, 384, 768]",[-2.5891419000396176],[-0.20076003586217994],0.4342671769022882,COMPLETE
111,0.042763766970439265,-0.3666391704671401,2024-12-23 23:15:53.345294,2024-12-23 23:16:01.982336,0 days 00:00:08.637042,0.0717117829743182,80,0.1,220,100,6.250278492225552e-06,2120,0.001462636333153765,5,3,adam,"{'neurons_per_layer_encoder': [220, 440, 880], 'neurons_per_layer_decoder': [880, 440, 220, 110, 55]}",220,"[880, 440, 220, 110, 55]","[220, 440, 880]",[0.042763766970439265],[-0.3666391704671401],-0.3602920705063088,COMPLETE
112,0.049902503864849845,0.0686386010138218,2024-12-23 23:15:55.610589,2024-12-23 23:16:07.193879,0 days 00:00:11.583290,0.07206406703295756,80,0.1,220,100,1.0086398798584237e-05,1880,0.006685282759324736,5,3,adam,"{'neurons_per_layer_encoder': [220, 440, 880], 'neurons_per_layer_decoder': [880, 440, 220, 110, 55]}",220,"[880, 440, 220, 110, 55]","[220, 440, 880]",[0.049902503864849845],[0.0686386010138218],-0.09606590916459551,COMPLETE
113,-1.3566160170823456,0.0377556743401789,2024-12-23 23:15:56.378188,2024-12-23 23:16:01.829571,0 days 00:00:05.451383,0.07070678471468357,80,0.1,220,100,0.00016658941915607161,276,3.350084953712376e-05,2,1,adam,"{'neurons_per_layer_encoder': [220], 'neurons_per_layer_decoder': [220, 110]}",220,"[220, 110]",[220],[-1.3566160170823456],[0.0377556743401789],0.5976321417337738,COMPLETE
114,-4.303192960081376,-0.11615660814933948,2024-12-23 23:15:57.877357,2024-12-23 23:16:00.389434,0 days 00:00:02.512077,0.07328006635110378,80,0.1,224,100,5.287775541977247e-05,296,3.4971463097046626e-05,4,1,sgd,"{'neurons_per_layer_encoder': [224], 'neurons_per_layer_decoder': [224, 112, 56, 28]}",224,"[224, 112, 56, 28]",[224],[-4.303192960081376],[-0.11615660814933948],0.5153303450253955,COMPLETE
115,-4.406054924689794,-0.03524861168286275,2024-12-23 23:15:58.717949,2024-12-23 23:16:02.446951,0 days 00:00:03.729002,0.07159560903115975,80,0.1,116,100,0.00018883135905084508,268,3.256264066647157e-05,4,1,adam,"{'neurons_per_layer_encoder': [116], 'neurons_per_layer_decoder': [116, 58, 29, 14]}",116,"[116, 58, 29, 14]",[116],[-4.406054924689794],[-0.03524861168286275],0.4692029568188633,COMPLETE
116,0.21939153713235948,0.06071935845687271,2024-12-23 23:16:00.397442,2024-12-23 23:16:11.907141,0 days 00:00:11.509699,0.0438760301789468,80,0.30000000000000004,216,100,1.0045322012939865e-05,2072,0.006410053905457788,5,3,adam,"{'neurons_per_layer_encoder': [216, 432, 864], 'neurons_per_layer_decoder': [864, 432, 216, 108, 54]}",216,"[864, 432, 216, 108, 54]","[216, 432, 864]",[0.21939153713235948],[0.06071935845687271],0.4125523545411988,COMPLETE
117,0.24743329895661748,-0.06828283350974562,2024-12-23 23:16:00.696125,2024-12-23 23:16:10.385801,0 days 00:00:09.689676,0.03433966238365345,88,0.30000000000000004,216,100,1.0189287372378444e-05,2248,0.0015032311164315608,5,3,adam,"{'neurons_per_layer_encoder': [216, 432, 864], 'neurons_per_layer_decoder': [864, 432, 216, 108, 54]}",216,"[864, 432, 216, 108, 54]","[216, 432, 864]",[0.24743329895661748],[-0.06828283350974562],0.39533048112190833,COMPLETE
118,0.09756997579471827,0.14038487656082732,2024-12-23 23:16:01.836492,2024-12-23 23:16:07.955874,0 days 00:00:06.119382,0.044174997445863194,88,0.30000000000000004,212,100,1.0188888441170589e-05,912,0.006095004633972679,5,2,adam,"{'neurons_per_layer_encoder': [212, 424], 'neurons_per_layer_decoder': [424, 212, 106, 53, 26]}",212,"[424, 212, 106, 53, 26]","[212, 424]",[0.09756997579471827],[0.14038487656082732],0.13113485122594623,COMPLETE
119,-0.7872980339723401,0.06232485138448396,2024-12-23 23:16:01.996273,2024-12-23 23:16:09.368860,0 days 00:00:07.372587,0.015470208284094159,88,0.30000000000000004,116,100,1.4344993751100687e-06,368,0.0007370292010971074,5,2,adam,"{'neurons_per_layer_encoder': [116, 232], 'neurons_per_layer_decoder': [232, 116, 58, 29, 14]}",116,"[232, 116, 58, 29, 14]","[116, 232]",[-0.7872980339723401],[0.06232485138448396],0.11124994051262942,COMPLETE
120,-0.25712403846068876,0.16790934064226637,2024-12-23 23:16:02.456967,2024-12-23 23:16:11.271840,0 days 00:00:08.814873,0.01436107462116689,88,0.30000000000000004,212,100,1.0002754074905015e-05,912,0.0008157917240809923,5,2,adam,"{'neurons_per_layer_encoder': [212, 424], 'neurons_per_layer_decoder': [424, 212, 106, 53, 26]}",212,"[424, 212, 106, 53, 26]","[212, 424]",[-0.25712403846068876],[0.16790934064226637],0.27252860681956126,COMPLETE
121,0.14954658008401045,0.11905880963905358,2024-12-23 23:16:07.202873,2024-12-23 23:16:22.120637,0 days 00:00:14.917764,0.015034848392111015,88,0.30000000000000004,212,100,1.2409194327885581e-05,1136,0.0007669325138927011,4,2,adam,"{'neurons_per_layer_encoder': [212, 424], 'neurons_per_layer_decoder': [424, 212, 106, 53]}",212,"[424, 212, 106, 53]","[212, 424]",[0.14954658008401045],[0.11905880963905358],0.2949210779700271,COMPLETE
122,0.009507676017632916,-0.030821253179206254,2024-12-23 23:16:07.964669,2024-12-23 23:16:40.064332,0 days 00:00:32.099663,0.011155339941013915,72,0.30000000000000004,152,100,0.0006579141038509091,2680,0.0008168412361272866,4,5,adam,"{'neurons_per_layer_encoder': [152, 304, 608, 1216, 2432], 'neurons_per_layer_decoder': [2432, 1216, 608, 304]}",152,"[2432, 1216, 608, 304]","[152, 304, 608, 1216, 2432]",[0.009507676017632916],[-0.030821253179206254],0.9467579891892884,COMPLETE
123,-7.4041253581013,-0.008086949915969033,2024-12-23 23:16:09.377998,2024-12-23 23:16:21.613378,0 days 00:00:12.235380,0.0532700170241533,40,0.30000000000000004,176,100,4.394230618643438e-06,2968,0.00167179954144458,4,5,sgd,"{'neurons_per_layer_encoder': [176, 352, 704, 1408, 2816], 'neurons_per_layer_decoder': [2816, 1408, 704, 352]}",176,"[2816, 1408, 704, 352]","[176, 352, 704, 1408, 2816]",[-7.4041253581013],[-0.008086949915969033],0.1971193796486302,COMPLETE
124,-0.5474429131891627,-0.028988782052379092,2024-12-23 23:16:10.394401,2024-12-23 23:16:43.645630,0 days 00:00:33.251229,0.01244248503838331,40,0.30000000000000004,172,100,1.2748064874758095e-05,2888,0.0008346521789468649,4,5,sgd,"{'neurons_per_layer_encoder': [172, 344, 688, 1376, 2752], 'neurons_per_layer_decoder': [2752, 1376, 688, 344]}",172,"[2752, 1376, 688, 344]","[172, 344, 688, 1376, 2752]",[-0.5474429131891627],[-0.028988782052379092],0.7921750819052163,COMPLETE
125,-0.43064102063665954,-0.027766540451093835,2024-12-23 23:16:11.281837,2024-12-23 23:16:45.548022,0 days 00:00:34.266185,0.045957882499510515,40,0.2,172,100,3.4060251112780955e-05,2904,0.0020592326236982396,4,5,sgd,"{'neurons_per_layer_encoder': [172, 344, 688, 1376, 2752], 'neurons_per_layer_decoder': [2752, 1376, 688, 344]}",172,"[2752, 1376, 688, 344]","[172, 344, 688, 1376, 2752]",[-0.43064102063665954],[-0.027766540451093835],0.8933170358478718,COMPLETE
126,-6.429436703411637,-0.09374628649577188,2024-12-23 23:16:11.919360,2024-12-23 23:16:25.358016,0 days 00:00:13.438656,0.054142560210389754,40,0.2,152,100,1.2233412693960177e-05,2712,0.0011045048378796262,4,5,sgd,"{'neurons_per_layer_encoder': [152, 304, 608, 1216, 2432], 'neurons_per_layer_decoder': [2432, 1216, 608, 304]}",152,"[2432, 1216, 608, 304]","[152, 304, 608, 1216, 2432]",[-6.429436703411637],[-0.09374628649577188],0.5912948324592555,COMPLETE
127,-2.852972554757908,-0.07782041760356684,2024-12-23 23:16:21.622962,2024-12-23 23:16:40.186079,0 days 00:00:18.563117,0.010554774092260358,72,0.2,240,100,1.329177509442912e-05,2440,0.0008764460663685779,3,3,adadelta,"{'neurons_per_layer_encoder': [240, 480, 960], 'neurons_per_layer_decoder': [960, 480, 240]}",240,"[960, 480, 240]","[240, 480, 960]",[-2.852972554757908],[-0.07782041760356684],0.6746145851487231,COMPLETE
128,-4.680692999308486,-0.09753912791064479,2024-12-23 23:16:22.131652,2024-12-23 23:16:31.634516,0 days 00:00:09.502864,0.010796043923902881,72,0.2,236,100,0.0006957272876456536,2424,0.00010443111292086736,3,3,adadelta,"{'neurons_per_layer_encoder': [236, 472, 944], 'neurons_per_layer_decoder': [944, 472, 236]}",236,"[944, 472, 236]","[236, 472, 944]",[-4.680692999308486],[-0.09753912791064479],0.9628492452980518,COMPLETE
129,-2.7406395822417626,-0.006489645646351239,2024-12-23 23:16:25.367919,2024-12-23 23:16:42.019245,0 days 00:00:16.651326,0.08339760630242908,48,0.2,96,100,0.0006481366174678371,968,0.0028176426974033286,3,3,adadelta,"{'neurons_per_layer_encoder': [96, 192, 384], 'neurons_per_layer_decoder': [384, 192, 96]}",96,"[384, 192, 96]","[96, 192, 384]",[-2.7406395822417626],[-0.006489645646351239],0.9329460610113205,COMPLETE
130,0.15521367974788713,0.10598044891198433,2024-12-23 23:16:31.734435,2024-12-23 23:16:43.065136,0 days 00:00:11.330701,0.0814113001613925,96,0.2,172,100,2.2263581828037984e-06,1688,0.0028129216013800962,2,3,adam,"{'neurons_per_layer_encoder': [172, 344, 688], 'neurons_per_layer_decoder': [688, 344]}",172,"[688, 344]","[172, 344, 688]",[0.15521367974788713],[0.10598044891198433],-0.30894862927954564,COMPLETE
131,-4.574866727593207,-0.11520338588751589,2024-12-23 23:16:40.075126,2024-12-23 23:16:45.565097,0 days 00:00:05.489971,0.04593005431730659,128,0.2,168,100,6.239146188259578e-06,1704,6.0568867025448615e-05,2,3,adadelta,"{'neurons_per_layer_encoder': [168, 336, 672], 'neurons_per_layer_decoder': [672, 336]}",168,"[672, 336]","[168, 336, 672]",[-4.574866727593207],[-0.11520338588751589],0.4013145728557593,COMPLETE
132,-0.017774637280610905,0.22362559604969856,2024-12-23 23:16:40.194516,2024-12-23 23:16:45.026001,0 days 00:00:04.831485,0.08185065559680843,128,0.2,168,100,3.418951090245323e-05,1688,0.009621046777082616,2,3,adam,"{'neurons_per_layer_encoder': [168, 336, 672], 'neurons_per_layer_decoder': [672, 336]}",168,"[672, 336]","[168, 336, 672]",[-0.017774637280610905],[0.22362559604969856],0.8371004339198446,COMPLETE
133,0.06575980875943055,-0.009898120718307757,2024-12-23 23:16:42.028182,2024-12-23 23:16:49.358325,0 days 00:00:07.330143,0.05908103910757503,128,0.2,172,100,5.902908003448449e-06,1672,0.00129209317508005,2,3,adam,"{'neurons_per_layer_encoder': [172, 344, 688], 'neurons_per_layer_decoder': [688, 344]}",172,"[688, 344]","[172, 344, 688]",[0.06575980875943055],[-0.009898120718307757],-0.6212401933554967,COMPLETE
134,0.06905325513969929,-0.01908923757081471,2024-12-23 23:16:43.072843,2024-12-23 23:16:50.299122,0 days 00:00:07.226279,0.05922976609160136,128,0.2,140,100,8.259698323961452e-06,1208,0.0021009770895146582,2,3,adam,"{'neurons_per_layer_encoder': [140, 280, 560], 'neurons_per_layer_decoder': [560, 280]}",140,"[560, 280]","[140, 280, 560]",[0.06905325513969929],[-0.01908923757081471],-0.4727845051374363,COMPLETE
135,0.09033168687395021,0.07428382181635251,2024-12-23 23:16:43.658046,2024-12-23 23:16:49.929806,0 days 00:00:06.271760,0.05905592599819787,128,0.2,144,100,8.25334918989326e-06,1240,0.0013348000896450864,2,3,adam,"{'neurons_per_layer_encoder': [144, 288, 576], 'neurons_per_layer_decoder': [576, 288]}",144,"[576, 288]","[144, 288, 576]",[0.09033168687395021],[0.07428382181635251],-0.19536987718754656,COMPLETE
136,0.1730058617222996,0.07901129437326726,2024-12-23 23:16:45.035514,2024-12-23 23:16:53.747999,0 days 00:00:08.712485,0.05901937042974976,48,0.2,140,100,1.9012404860234734e-05,1176,0.0012883155522343953,3,3,adam,"{'neurons_per_layer_encoder': [140, 280, 560], 'neurons_per_layer_decoder': [560, 280, 140]}",140,"[560, 280, 140]","[140, 280, 560]",[0.1730058617222996],[0.07901129437326726],0.3061136799652805,COMPLETE
137,0.13624067887893654,-0.020549484013386854,2024-12-23 23:16:45.557966,2024-12-23 23:16:54.275966,0 days 00:00:08.718000,0.13853465431724477,56,0.1,140,100,7.556412143406775e-06,1192,0.001322936745251643,3,3,adam,"{'neurons_per_layer_encoder': [140, 280, 560], 'neurons_per_layer_decoder': [560, 280, 140]}",140,"[560, 280, 140]","[140, 280, 560]",[0.13624067887893654],[-0.020549484013386854],-0.1387705454927687,COMPLETE
138,0.21450919523826573,0.19068991459812734,2024-12-23 23:16:45.574373,2024-12-23 23:16:52.139707,0 days 00:00:06.565334,0.05808037703671346,32,0.1,48,100,1.7370440827253503e-05,456,0.0013077106884097978,3,3,adam,"{'neurons_per_layer_encoder': [48, 96, 192], 'neurons_per_layer_decoder': [192, 96, 48]}",48,"[192, 96, 48]","[48, 96, 192]",[0.21450919523826573],[0.19068991459812734],-0.2781829939307197,COMPLETE
139,0.12457167609646935,-0.06492795100205084,2024-12-23 23:16:49.367323,2024-12-23 23:16:58.393651,0 days 00:00:09.026328,0.01731821897116277,32,0.1,52,100,0.00012633924374252616,680,0.001294223634405641,3,4,adam,"{'neurons_per_layer_encoder': [52, 104, 208, 416], 'neurons_per_layer_decoder': [416, 208, 104]}",52,"[416, 208, 104]","[52, 104, 208, 416]",[0.12457167609646935],[-0.06492795100205084],0.5942284839790755,COMPLETE
140,0.06290919561399844,0.2169124054765661,2024-12-23 23:16:49.941542,2024-12-23 23:17:03.251830,0 days 00:00:13.310288,0.021132621382998804,32,0.1,112,100,7.764253002011464e-05,1944,0.0010170711811251139,3,4,adam,"{'neurons_per_layer_encoder': [112, 224, 448, 896], 'neurons_per_layer_decoder': [896, 448, 224]}",112,"[896, 448, 224]","[112, 224, 448, 896]",[0.06290919561399844],[0.2169124054765661],0.7440557344942795,COMPLETE
141,0.04750854423922013,0.12531812455528324,2024-12-23 23:16:50.308248,2024-12-23 23:16:59.354169,0 days 00:00:09.045921,0.021661419586279457,32,0.1,44,100,0.00013102280123004496,680,0.0010431656389809192,3,4,adam,"{'neurons_per_layer_encoder': [44, 88, 176, 352], 'neurons_per_layer_decoder': [352, 176, 88]}",44,"[352, 176, 88]","[44, 88, 176, 352]",[0.04750854423922013],[0.12531812455528324],0.7061325862471071,COMPLETE
142,0.10153560465342948,0.05528789684506852,2024-12-23 23:16:52.147949,2024-12-23 23:17:02.246013,0 days 00:00:10.098064,0.1125174632664002,64,0.1,108,100,0.00011940281434131636,1576,0.0009954162087539528,3,4,adam,"{'neurons_per_layer_encoder': [108, 216, 432, 864], 'neurons_per_layer_decoder': [864, 432, 216]}",108,"[864, 432, 216]","[108, 216, 432, 864]",[0.10153560465342948],[0.05528789684506852],0.8000706156109075,COMPLETE
143,0.271646245186525,0.13421482374117766,2024-12-23 23:16:53.759111,2024-12-23 23:17:01.170449,0 days 00:00:07.411338,0.022317549000530647,64,0.1,16,100,0.0001328970380188108,216,0.0015396147109939503,3,4,adam,"{'neurons_per_layer_encoder': [16, 32, 64, 128], 'neurons_per_layer_decoder': [128, 64, 32]}",16,"[128, 64, 32]","[16, 32, 64, 128]",[0.271646245186525],[0.13421482374117766],0.5515235058630521,COMPLETE
144,0.16193647951025103,0.09947314888099323,2024-12-23 23:16:54.283955,2024-12-23 23:17:01.808266,0 days 00:00:07.524311,0.174344327693648,104,0.2,108,100,3.2694594778746323e-06,1592,0.0017644014360240817,3,4,adam,"{'neurons_per_layer_encoder': [108, 216, 432, 864], 'neurons_per_layer_decoder': [864, 432, 216]}",108,"[864, 432, 216]","[108, 216, 432, 864]",[0.16193647951025103],[0.09947314888099323],0.0007490624202608585,COMPLETE
145,0.10133803168106259,0.1374002580811189,2024-12-23 23:16:58.402565,2024-12-23 23:17:03.296769,0 days 00:00:04.894204,0.022726072747025775,64,0.2,196,100,7.088718525800535e-05,524,0.00019667226930743283,1,1,adam,"{'neurons_per_layer_encoder': [196], 'neurons_per_layer_decoder': [196]}",196,[196],[196],[0.10133803168106259],[0.1374002580811189],0.13855359249353416,COMPLETE
146,0.23659669150737173,0.16418039654368344,2024-12-23 23:16:59.364010,2024-12-23 23:17:03.615581,0 days 00:00:04.251571,0.050958741884904936,64,0.2,128,100,1.5990365301524586e-05,200,0.0006714064725549385,1,1,adam,"{'neurons_per_layer_encoder': [128], 'neurons_per_layer_decoder': [128]}",128,[128],[128],[0.23659669150737173],[0.16418039654368344],-0.667836816140607,COMPLETE
147,-0.029189348739609988,0.17250809514728305,2024-12-23 23:17:01.181725,2024-12-23 23:17:04.682803,0 days 00:00:03.501078,0.05201545221607955,64,0.2,128,100,1.486709835695906e-05,216,0.0017794071866032602,1,1,adam,"{'neurons_per_layer_encoder': [128], 'neurons_per_layer_decoder': [128]}",128,[128],[128],[-0.029189348739609988],[0.17250809514728305],-1.26583758646777,COMPLETE
148,-0.1610758540705206,0.06839520864570892,2024-12-23 23:17:01.816247,2024-12-23 23:17:04.903318,0 days 00:00:03.087071,0.05245728288379564,64,0.2,128,100,1.5120100653124325e-05,232,0.0005941878305135787,1,1,adam,"{'neurons_per_layer_encoder': [128], 'neurons_per_layer_decoder': [128]}",128,[128],[128],[-0.1610758540705206],[0.06839520864570892],-1.006711146380338,COMPLETE
149,-6.141087336764313,0.01787842451508259,2024-12-23 23:17:02.253715,2024-12-23 23:17:03.993408,0 days 00:00:01.739693,0.0518031617904837,56,0.2,132,100,1.5635729340627774e-05,220,0.0006309716507028132,1,1,adadelta,"{'neurons_per_layer_encoder': [132], 'neurons_per_layer_decoder': [132]}",132,[132],[132],[-6.141087336764313],[0.01787842451508259],0.31278181721423604,COMPLETE
