number,values_0,values_1,datetime_start,datetime_complete,duration,params_alpha,params_batch_size,params_drop_out_rate,params_encoder_neurons_layer_1,params_epochs,params_lambda,params_latent_dim,params_learning_rate,params_num_layers_decoder,params_num_layers_encoder,params_optimizer,user_attrs_encoder_decoder_config,user_attrs_first_layer_neurons,user_attrs_neurons_per_layer_decoder,user_attrs_neurons_per_layer_encoder,user_attrs_r2_feature_1,user_attrs_r2_feature_2,user_attrs_relative_deterioration,state
150,-3.2807525673711773,0.12641462938031856,2024-12-23 23:17:03.260274,2024-12-23 23:17:06.901664,0 days 00:00:03.641390,0.05182601681247265,56,0.2,128,100,1.5670460817037748e-05,200,0.0006640183601881679,1,1,adadelta,"{'neurons_per_layer_encoder': [128], 'neurons_per_layer_decoder': [128]}",128,[128],[128],[-3.2807525673711773],[0.12641462938031856],0.20350877817656968,COMPLETE
151,-5.9477181610632535,-0.11356082896433883,2024-12-23 23:17:03.305411,2024-12-23 23:17:07.132664,0 days 00:00:03.827253,0.030508838312674796,56,0.2,128,100,1.4822709445151353e-05,1112,0.0006319090941140667,4,3,adadelta,"{'neurons_per_layer_encoder': [128, 256, 512], 'neurons_per_layer_decoder': [512, 256, 128, 64]}",128,"[512, 256, 128, 64]","[128, 256, 512]",[-5.9477181610632535],[-0.11356082896433883],0.3839208240023362,COMPLETE
152,-5.973865915056827,-0.11078567668196304,2024-12-23 23:17:03.622775,2024-12-23 23:17:07.591595,0 days 00:00:03.968820,0.025544783929269343,56,0.2,132,100,2.1449249490442534e-05,1304,0.0006188732886037456,4,3,adadelta,"{'neurons_per_layer_encoder': [132, 264, 528], 'neurons_per_layer_decoder': [528, 264, 132, 66]}",132,"[528, 264, 132, 66]","[132, 264, 528]",[-5.973865915056827],[-0.11078567668196304],0.30187075267702473,COMPLETE
153,-4.92473994602371,-0.09736712971983885,2024-12-23 23:17:04.000200,2024-12-23 23:17:06.554604,0 days 00:00:02.554404,0.031078479368815092,56,0.2,180,100,0.00042469052932477073,1752,1.9253358004661926e-05,4,3,sgd,"{'neurons_per_layer_encoder': [180, 360, 720], 'neurons_per_layer_decoder': [720, 360, 180, 90]}",180,"[720, 360, 180, 90]","[180, 360, 720]",[-4.92473994602371],[-0.09736712971983885],0.9246966140340718,COMPLETE
154,-1.3796227017426812,-0.18371621020239526,2024-12-23 23:17:04.690579,2024-12-23 23:17:08.602096,0 days 00:00:03.911517,0.026173615617233213,56,0.2,36,100,7.081253137359887e-06,344,0.004603702220896765,4,3,sgd,"{'neurons_per_layer_encoder': [36, 72, 144], 'neurons_per_layer_decoder': [144, 72, 36, 18]}",36,"[144, 72, 36, 18]","[36, 72, 144]",[-1.3796227017426812],[-0.18371621020239526],0.3475191267255874,COMPLETE
155,-1.4659351415206583,-0.5303870449408459,2024-12-23 23:17:04.912284,2024-12-23 23:17:10.384113,0 days 00:00:05.471829,0.024421275007173844,56,0.2,180,100,2.1621252321859514e-05,792,1.2395034769273189e-05,4,3,sgd,"{'neurons_per_layer_encoder': [180, 360, 720], 'neurons_per_layer_decoder': [720, 360, 180, 90]}",180,"[720, 360, 180, 90]","[180, 360, 720]",[-1.4659351415206583],[-0.5303870449408459],0.5127332161529354,COMPLETE
156,-4.5769400724786555,-0.1414309935267255,2024-12-23 23:17:06.567853,2024-12-23 23:17:12.590450,0 days 00:00:06.022597,0.06561057705243571,56,0.4,160,100,9.081505976725597e-06,2136,1.2862154568983147e-05,4,4,adadelta,"{'neurons_per_layer_encoder': [160, 320, 640, 1280], 'neurons_per_layer_decoder': [1280, 640, 320, 160]}",160,"[1280, 640, 320, 160]","[160, 320, 640, 1280]",[-4.5769400724786555],[-0.1414309935267255],0.4625471386009571,COMPLETE
157,-0.007556375652249425,0.05766571635942086,2024-12-23 23:17:06.911686,2024-12-23 23:17:16.157730,0 days 00:00:09.246044,0.05506104827583438,48,0.4,36,100,6.92597772012525e-06,712,0.0001399723642708559,4,4,adam,"{'neurons_per_layer_encoder': [36, 72, 144, 288], 'neurons_per_layer_decoder': [288, 144, 72, 36]}",36,"[288, 144, 72, 36]","[36, 72, 144, 288]",[-0.007556375652249425],[0.05766571635942086],0.47383693844653724,COMPLETE
158,-0.4561576728009009,-0.017663813880067547,2024-12-23 23:17:07.143191,2024-12-23 23:17:15.935708,0 days 00:00:08.792517,0.04032902160908696,48,0.4,36,100,7.3667448559632695e-06,744,0.00013769968393909592,4,4,adam,"{'neurons_per_layer_encoder': [36, 72, 144, 288], 'neurons_per_layer_decoder': [288, 144, 72, 36]}",36,"[288, 144, 72, 36]","[36, 72, 144, 288]",[-0.4561576728009009],[-0.017663813880067547],0.5384824529802504,COMPLETE
159,0.001780585484132069,0.020729665164084476,2024-12-23 23:17:07.599713,2024-12-23 23:17:18.036957,0 days 00:00:10.437244,0.03939798498184699,48,0.4,96,100,7.036494806997003e-06,824,0.00013449043016652783,4,4,adam,"{'neurons_per_layer_encoder': [96, 192, 384, 768], 'neurons_per_layer_decoder': [768, 384, 192, 96]}",96,"[768, 384, 192, 96]","[96, 192, 384, 768]",[0.001780585484132069],[0.020729665164084476],0.4737026228059415,COMPLETE
160,0.29812230711927923,0.13922273809490116,2024-12-23 23:17:08.609468,2024-12-23 23:17:24.690544,0 days 00:00:16.081076,0.04792795127209153,48,0.4,156,100,1.1231875122468714e-05,2200,0.0011604227976426053,4,4,adam,"{'neurons_per_layer_encoder': [156, 312, 624, 1248], 'neurons_per_layer_decoder': [1248, 624, 312, 156]}",156,"[1248, 624, 312, 156]","[156, 312, 624, 1248]",[0.29812230711927923],[0.13922273809490116],0.6113101947599442,COMPLETE
161,0.17390369893020363,0.1279050823985518,2024-12-23 23:17:10.392574,2024-12-23 23:17:29.771894,0 days 00:00:19.379320,0.05577450555167703,48,0.30000000000000004,156,100,9.371666887970596e-06,3336,0.0010884499359153474,4,4,adam,"{'neurons_per_layer_encoder': [156, 312, 624, 1248], 'neurons_per_layer_decoder': [1248, 624, 312, 156]}",156,"[1248, 624, 312, 156]","[156, 312, 624, 1248]",[0.17390369893020363],[0.1279050823985518],0.508798437627355,COMPLETE
162,0.011795972235239982,-0.41176869161131147,2024-12-23 23:17:15.944639,2024-12-23 23:17:39.481579,0 days 00:00:23.536940,0.048374206743454815,48,0.30000000000000004,248,100,1.149996966104941e-05,5512,0.00025384013682766386,4,4,adam,"{'neurons_per_layer_encoder': [248, 496, 992, 1984], 'neurons_per_layer_decoder': [1984, 992, 496, 248]}",248,"[1984, 992, 496, 248]","[248, 496, 992, 1984]",[0.011795972235239982],[-0.41176869161131147],0.6033622867607374,COMPLETE
163,0.19753880702431903,0.03190329101158196,2024-12-23 23:17:16.166425,2024-12-23 23:17:27.290374,0 days 00:00:11.123949,0.09705137656198995,72,0.30000000000000004,120,100,1.1180167938419516e-05,840,0.0009109170864154762,2,3,adam,"{'neurons_per_layer_encoder': [120, 240, 480], 'neurons_per_layer_decoder': [480, 240]}",120,"[480, 240]","[120, 240, 480]",[0.19753880702431903],[0.03190329101158196],0.03236110577404162,COMPLETE
164,0.1668835868304941,0.24830559092887672,2024-12-23 23:17:18.045743,2024-12-23 23:17:29.199494,0 days 00:00:11.153751,0.03575285549776237,64,0.30000000000000004,120,100,1.1487188302782687e-05,1032,0.0010780145003119513,2,3,adam,"{'neurons_per_layer_encoder': [120, 240, 480], 'neurons_per_layer_decoder': [480, 240]}",120,"[480, 240]","[120, 240, 480]",[0.1668835868304941],[0.24830559092887672],0.12894301865877048,COMPLETE
165,-0.48270081517216945,0.15340810245446446,2024-12-23 23:17:27.298633,2024-12-23 23:17:37.564542,0 days 00:00:10.265909,0.04704815633228312,112,0.30000000000000004,156,100,1.1591032539025615e-05,1448,7.193142316462571e-05,4,3,adam,"{'neurons_per_layer_encoder': [156, 312, 624], 'neurons_per_layer_decoder': [624, 312, 156, 78]}",156,"[624, 312, 156, 78]","[156, 312, 624]",[-0.48270081517216945],[0.15340810245446446],0.5506792152981961,COMPLETE
166,0.21557018639109382,0.22655774353213476,2024-12-23 23:17:29.780771,2024-12-23 23:17:38.860350,0 days 00:00:09.079579,0.049650871073201604,104,0.30000000000000004,164,100,1.2083189632115987e-05,1624,0.0015240499565167165,2,3,adam,"{'neurons_per_layer_encoder': [164, 328, 656], 'neurons_per_layer_decoder': [656, 328]}",164,"[656, 328]","[164, 328, 656]",[0.21557018639109382],[0.22655774353213476],0.43004120700937876,COMPLETE
167,0.002322299800693428,-0.007916544044448415,2024-12-23 23:17:37.573791,2024-12-23 23:17:41.922387,0 days 00:00:04.348596,0.12613910641280165,64,0.2,248,100,1.2550083187040869e-05,1032,0.0014642419841681047,2,3,adam,"{'neurons_per_layer_encoder': [248, 496, 992], 'neurons_per_layer_decoder': [992, 496]}",248,"[992, 496]","[248, 496, 992]",[0.002322299800693428],[-0.007916544044448415],0.3341919315250488,COMPLETE
168,0.11604985225655595,0.11032499434697862,2024-12-23 23:17:38.865320,2024-12-23 23:17:44.469527,0 days 00:00:05.604207,0.10731511952702268,64,0.2,164,100,1.3052441699572202e-05,1336,0.00024228446618415532,2,3,adam,"{'neurons_per_layer_encoder': [164, 328, 656], 'neurons_per_layer_decoder': [656, 328]}",164,"[656, 328]","[164, 328, 656]",[0.11604985225655595],[0.11032499434697862],0.3306646591997428,COMPLETE
169,-1.7423556972623562,-0.4703170099499079,2024-12-23 23:17:39.488420,2024-12-23 23:17:43.678620,0 days 00:00:04.190200,0.15663761836649787,112,0.2,148,100,9.2020169496492e-06,1288,0.001161092104267406,2,3,sgd,"{'neurons_per_layer_encoder': [148, 296, 592], 'neurons_per_layer_decoder': [592, 296]}",148,"[592, 296]","[148, 296, 592]",[-1.7423556972623562],[-0.4703170099499079],0.2721699073100979,COMPLETE
170,-2.580307499910236,-0.060050521214529695,2024-12-23 23:17:41.927472,2024-12-23 23:17:45.147361,0 days 00:00:03.219889,0.1537010763029317,56,0.2,148,100,8.72884163092437e-06,656,0.0011179730779412055,2,2,sgd,"{'neurons_per_layer_encoder': [148, 296], 'neurons_per_layer_decoder': [296, 148]}",148,"[296, 148]","[148, 296]",[-2.580307499910236],[-0.060050521214529695],0.17242390111092507,COMPLETE
171,0.1659652452783844,-0.1528081467347353,2024-12-23 23:17:43.684038,2024-12-23 23:17:58.300857,0 days 00:00:14.616819,0.04370242506913007,56,0.2,148,100,8.466538300782097e-06,7016,0.0022957525026020107,3,5,adam,"{'neurons_per_layer_encoder': [148, 296, 592, 1184, 2368], 'neurons_per_layer_decoder': [2368, 1184, 592]}",148,"[2368, 1184, 592]","[148, 296, 592, 1184, 2368]",[0.1659652452783844],[-0.1528081467347353],0.7183337510834535,COMPLETE
172,0.06942650521013494,0.04702574491965905,2024-12-23 23:17:44.474886,2024-12-23 23:18:03.881377,0 days 00:00:19.406491,0.043534091934257495,56,0.2,184,100,1.052793781027305e-05,8792,0.001614279637413321,3,5,adam,"{'neurons_per_layer_encoder': [184, 368, 736, 1472, 2944], 'neurons_per_layer_decoder': [2944, 1472, 736]}",184,"[2944, 1472, 736]","[184, 368, 736, 1472, 2944]",[0.06942650521013494],[0.04702574491965905],0.8071107545378615,COMPLETE
173,0.1430449795729093,0.1366654684065448,2024-12-23 23:17:45.152211,2024-12-23 23:17:56.990760,0 days 00:00:11.838549,0.03527144529383086,72,0.1,16,100,1.1272557281543682e-05,568,0.001524476065631113,3,5,adam,"{'neurons_per_layer_encoder': [16, 32, 64, 128, 256], 'neurons_per_layer_decoder': [256, 128, 64]}",16,"[256, 128, 64]","[16, 32, 64, 128, 256]",[0.1430449795729093],[0.1366654684065448],-0.17831921928721484,COMPLETE
174,0.14181048594041945,0.21229721523645906,2024-12-23 23:17:58.312945,2024-12-23 23:18:04.314648,0 days 00:00:06.001703,0.0484317797389438,64,0.1,12,100,1.7924874037048364e-06,116,0.000366999742227253,3,3,adam,"{'neurons_per_layer_encoder': [12, 24, 48], 'neurons_per_layer_decoder': [48, 24, 12]}",12,"[48, 24, 12]","[12, 24, 48]",[0.14181048594041945],[0.21229721523645906],-0.027780029551858553,COMPLETE
175,-0.49793900455679263,0.10577863555534683,2024-12-23 23:18:03.886905,2024-12-23 23:18:08.587539,0 days 00:00:04.700634,0.04756172643534786,64,0.1,200,100,1.3391062840273227e-05,872,4.3708706817664174e-05,3,3,adam,"{'neurons_per_layer_encoder': [200, 400, 800], 'neurons_per_layer_decoder': [800, 400, 200]}",200,"[800, 400, 200]","[200, 400, 800]",[-0.49793900455679263],[0.10577863555534683],0.4534673427089484,COMPLETE
176,0.2261029724916962,0.13149153895878685,2024-12-23 23:18:08.591848,2024-12-23 23:18:13.682942,0 days 00:00:05.091094,0.09051274986279091,72,0.30000000000000004,164,100,9.618156847686474e-06,1432,0.0008861064318732117,3,3,adam,"{'neurons_per_layer_encoder': [164, 328, 656], 'neurons_per_layer_decoder': [656, 328, 164]}",164,"[656, 328, 164]","[164, 328, 656]",[0.2261029724916962],[0.13149153895878685],0.1878996522521997,COMPLETE
177,0.10251861174688326,0.07969638743864216,2024-12-23 23:18:13.686786,2024-12-23 23:18:18.010351,0 days 00:00:04.323565,0.05445308420037898,104,0.30000000000000004,136,100,0.00024024396550500162,952,0.0019034059490609532,3,3,adam,"{'neurons_per_layer_encoder': [136, 272, 544], 'neurons_per_layer_decoder': [544, 272, 136]}",136,"[544, 272, 136]","[136, 272, 544]",[0.10251861174688326],[0.07969638743864216],0.8361664133324898,COMPLETE
178,-4.1837606598059445,-0.08445434008928054,2024-12-23 23:18:18.014238,2024-12-23 23:18:20.172462,0 days 00:00:02.158224,0.06596095488176978,48,0.1,20,100,1.071853135784947e-05,168,2.736808507654044e-05,3,3,adadelta,"{'neurons_per_layer_encoder': [20, 40, 80], 'neurons_per_layer_decoder': [80, 40, 20]}",20,"[80, 40, 20]","[20, 40, 80]",[-4.1837606598059445],[-0.08445434008928054],0.3749832242973573,COMPLETE
179,-3.9237437494366016,-0.16170011316662536,2024-12-23 23:18:20.176437,2024-12-23 23:18:21.430561,0 days 00:00:01.254124,0.18815012730623504,64,0.30000000000000004,84,100,8.500440888449294e-06,384,1.617733269287425e-05,3,2,sgd,"{'neurons_per_layer_encoder': [84, 168], 'neurons_per_layer_decoder': [168, 84, 42]}",84,"[168, 84, 42]","[84, 168]",[-3.9237437494366016],[-0.16170011316662536],0.2845689156118134,COMPLETE
180,0.022456599192640536,0.022508445024804313,2024-12-23 23:18:48.994015,2024-12-23 23:18:58.839797,0 days 00:00:09.845782,0.056392665863941656,72,0.1,228,100,0.00034123403586858674,1928,0.0009566406833969022,3,3,adam,"{'neurons_per_layer_encoder': [228, 456, 912], 'neurons_per_layer_decoder': [912, 456, 228]}",228,"[912, 456, 228]","[228, 456, 912]",[0.022456599192640536],[0.022508445024804313],0.7572875443101591,COMPLETE
181,0.133058454523295,0.13029289793330334,2024-12-23 23:18:48.995797,2024-12-23 23:18:57.467875,0 days 00:00:08.472078,0.0619145377055744,72,0.1,156,100,1.3277167200302662e-05,1496,0.0009586116148183081,3,3,adam,"{'neurons_per_layer_encoder': [156, 312, 624], 'neurons_per_layer_decoder': [624, 312, 156]}",156,"[624, 312, 156]","[156, 312, 624]",[0.133058454523295],[0.13029289793330334],0.1237885851582962,COMPLETE
182,0.11255080510646565,0.1258607228315205,2024-12-23 23:18:48.996032,2024-12-23 23:18:57.582183,0 days 00:00:08.586151,0.04966164075519805,72,0.1,156,100,9.720643059536034e-05,1624,0.0009702085630647498,3,3,adam,"{'neurons_per_layer_encoder': [156, 312, 624], 'neurons_per_layer_decoder': [624, 312, 156]}",156,"[624, 312, 156]","[156, 312, 624]",[0.11255080510646565],[0.1258607228315205],0.7680988378748982,COMPLETE
183,0.10601661231828463,0.019047667198540785,2024-12-23 23:18:48.997863,2024-12-23 23:18:56.110041,0 days 00:00:07.112178,0.06184336601898762,72,0.1,56,100,1.8453640631050684e-05,584,0.000924545695818806,3,3,adam,"{'neurons_per_layer_encoder': [56, 112, 224], 'neurons_per_layer_decoder': [224, 112, 56]}",56,"[224, 112, 56]","[56, 112, 224]",[0.10601661231828463],[0.019047667198540785],-0.346680547388625,COMPLETE
184,0.05530094000839203,0.009274704583264293,2024-12-23 23:18:48.994956,2024-12-23 23:18:57.728699,0 days 00:00:08.733743,0.13515394753123264,72,0.1,156,100,0.00034735945837164044,1624,0.0007428313925560681,3,3,adam,"{'neurons_per_layer_encoder': [156, 312, 624], 'neurons_per_layer_decoder': [624, 312, 156]}",156,"[624, 312, 156]","[156, 312, 624]",[0.05530094000839203],[0.009274704583264293],0.8415917223376763,COMPLETE
185,0.07813654544911897,0.11955955027445098,2024-12-23 23:18:48.997928,2024-12-23 23:18:57.437643,0 days 00:00:08.439715,0.05624589741354386,72,0.1,156,100,0.0003588408491228157,1384,0.0003158383362610984,3,3,adam,"{'neurons_per_layer_encoder': [156, 312, 624], 'neurons_per_layer_decoder': [624, 312, 156]}",156,"[624, 312, 156]","[156, 312, 624]",[0.07813654544911897],[0.11955955027445098],0.9393418031867536,COMPLETE
186,-2.4849970541433812,0.022869147781951482,2024-12-23 23:18:56.119056,2024-12-23 23:19:03.735169,0 days 00:00:07.616113,0.12812084233761212,120,0.30000000000000004,156,100,1.181773717240811e-05,1624,0.00010698507985085583,5,3,adam,"{'neurons_per_layer_encoder': [156, 312, 624], 'neurons_per_layer_decoder': [624, 312, 156, 78, 39]}",156,"[624, 312, 156, 78, 39]","[156, 312, 624]",[-2.4849970541433812],[0.022869147781951482],0.4326680897999467,COMPLETE
187,-0.15940671086372027,0.12364299384698474,2024-12-23 23:18:57.446189,2024-12-23 23:19:03.555990,0 days 00:00:06.109801,0.04573413994953348,96,0.30000000000000004,164,100,1.1498880433464918e-05,1496,0.003335962756368621,5,3,adam,"{'neurons_per_layer_encoder': [164, 328, 656], 'neurons_per_layer_decoder': [656, 328, 164, 82, 41]}",164,"[656, 328, 164, 82, 41]","[164, 328, 656]",[-0.15940671086372027],[0.12364299384698474],0.39769805726370083,COMPLETE
188,0.08694802775935262,0.09927872511141345,2024-12-23 23:18:57.478889,2024-12-23 23:19:04.563260,0 days 00:00:07.084371,0.12914936398165938,56,0.30000000000000004,68,100,9.886941313020133e-05,472,0.0011863167583121982,5,3,adam,"{'neurons_per_layer_encoder': [68, 136, 272], 'neurons_per_layer_decoder': [272, 136, 68, 34, 17]}",68,"[272, 136, 68, 34, 17]","[68, 136, 272]",[0.08694802775935262],[0.09927872511141345],0.7461122530197357,COMPLETE
189,-4.896538783016771,-0.040989118640078814,2024-12-23 23:18:57.591475,2024-12-23 23:19:01.034004,0 days 00:00:03.442529,0.05550298618070832,120,0.30000000000000004,228,100,0.0002010268914525024,1024,0.002521420121459156,5,2,adadelta,"{'neurons_per_layer_encoder': [228, 456], 'neurons_per_layer_decoder': [456, 228, 114, 57, 28]}",228,"[456, 228, 114, 57, 28]","[228, 456]",[-4.896538783016771],[-0.040989118640078814],0.7983926869351198,COMPLETE
190,-4.42840876676997,-0.03173734645556814,2024-12-23 23:18:57.738620,2024-12-23 23:19:01.420608,0 days 00:00:03.681988,0.013163775707054846,96,0.30000000000000004,228,100,1.1336281690698072e-05,1040,0.0011578133942246212,5,2,adadelta,"{'neurons_per_layer_encoder': [228, 456], 'neurons_per_layer_decoder': [456, 228, 114, 57, 28]}",228,"[456, 228, 114, 57, 28]","[228, 456]",[-4.42840876676997],[-0.03173734645556814],0.5222825037920066,COMPLETE
191,-2.571220494787315,-0.07816866560578606,2024-12-23 23:18:58.846950,2024-12-23 23:19:04.777920,0 days 00:00:05.930970,0.045381876525888265,120,0.4,192,100,0.0009381594336720559,984,0.0011034363538721065,5,2,adadelta,"{'neurons_per_layer_encoder': [192, 384], 'neurons_per_layer_decoder': [384, 192, 96, 48, 24]}",192,"[384, 192, 96, 48, 24]","[192, 384]",[-2.571220494787315],[-0.07816866560578606],0.9523397234823651,COMPLETE
192,-1.0252666419677108,-0.6722573757873707,2024-12-23 23:19:01.044434,2024-12-23 23:19:08.780744,0 days 00:00:07.736310,0.046105287246016646,56,0.4,192,100,8.17470816622436e-06,1736,0.0011829600576196014,4,3,sgd,"{'neurons_per_layer_encoder': [192, 384, 768], 'neurons_per_layer_decoder': [768, 384, 192, 96]}",192,"[768, 384, 192, 96]","[192, 384, 768]",[-1.0252666419677108],[-0.6722573757873707],0.4267013924274686,COMPLETE
193,-2.7388638731333073,-0.2553273905531628,2024-12-23 23:19:01.429324,2024-12-23 23:19:04.483821,0 days 00:00:03.054497,0.16768738917180107,56,0.30000000000000004,72,100,1.2395500862041141e-06,728,0.0015695420222945882,4,3,sgd,"{'neurons_per_layer_encoder': [72, 144, 288], 'neurons_per_layer_decoder': [288, 144, 72, 36]}",72,"[288, 144, 72, 36]","[72, 144, 288]",[-2.7388638731333073],[-0.2553273905531628],0.0635226416709461,COMPLETE
194,-3.286897333792502,0.02158457968099936,2024-12-23 23:19:03.564709,2024-12-23 23:19:08.784833,0 days 00:00:05.220124,0.01631536283592867,56,0.4,72,100,0.0009861549454897882,632,0.00011368131607783513,4,3,sgd,"{'neurons_per_layer_encoder': [72, 144, 288], 'neurons_per_layer_decoder': [288, 144, 72, 36]}",72,"[288, 144, 72, 36]","[72, 144, 288]",[-3.286897333792502],[0.02158457968099936],0.9399281681779872,COMPLETE
195,-4.032336660159622,-0.6721303630893385,2024-12-23 23:19:03.745253,2024-12-23 23:19:07.391435,0 days 00:00:03.646182,0.07638187538141955,56,0.4,60,100,7.954480948872588e-06,1752,0.0016754462276395105,4,5,sgd,"{'neurons_per_layer_encoder': [60, 120, 240, 480, 960], 'neurons_per_layer_decoder': [960, 480, 240, 120]}",60,"[960, 480, 240, 120]","[60, 120, 240, 480, 960]",[-4.032336660159622],[-0.6721303630893385],0.29097573713757924,COMPLETE
196,-0.9872110110000887,-0.8753908464483162,2024-12-23 23:19:04.491589,2024-12-23 23:19:11.630909,0 days 00:00:07.139320,0.010014788055420342,48,0.4,176,100,0.0009461228124060448,1560,0.0011656708224251616,3,3,sgd,"{'neurons_per_layer_encoder': [176, 352, 704], 'neurons_per_layer_decoder': [704, 352, 176]}",176,"[704, 352, 176]","[176, 352, 704]",[-0.9872110110000887],[-0.8753908464483162],0.9717730551648306,COMPLETE
197,-2.6819259058921676,-0.0842867239260996,2024-12-23 23:19:04.572295,2024-12-23 23:19:11.934931,0 days 00:00:07.362636,0.05192500183284555,48,0.4,176,100,7.747720802565158e-06,1544,0.0001688792649727197,3,3,sgd,"{'neurons_per_layer_encoder': [176, 352, 704], 'neurons_per_layer_decoder': [704, 352, 176]}",176,"[704, 352, 176]","[176, 352, 704]",[-2.6819259058921676],[-0.0842867239260996],0.3733019062793988,COMPLETE
198,-7.312446315071165,-0.10502448971459155,2024-12-23 23:19:04.784980,2024-12-23 23:19:07.635911,0 days 00:00:02.850931,0.05028210143152439,48,0.2,176,100,9.867377727523165e-06,1416,0.00016961559552274315,3,3,sgd,"{'neurons_per_layer_encoder': [176, 352, 704], 'neurons_per_layer_decoder': [704, 352, 176]}",176,"[704, 352, 176]","[176, 352, 704]",[-7.312446315071165],[-0.10502448971459155],0.34903524135898245,COMPLETE
