number,value,datetime_start,datetime_complete,duration,params_alpha,params_batch_size,params_drop_out_rate,params_encoder_neurons_layer_1,params_epochs,params_lambda,params_latent_dim,params_learning_rate,params_num_layers_decoder,params_num_layers_encoder,params_optimizer,user_attrs_encoder_decoder_config,user_attrs_first_layer_neurons,user_attrs_neurons_per_layer_decoder,user_attrs_neurons_per_layer_encoder,user_attrs_relative_deterioration,state
125,0.024924011009920297,2024-12-18 11:32:18.715667,2024-12-18 11:32:20.160798,0 days 00:00:01.445131,0.17587052900133643,32,0.2,80,30,3.434336026853592e-06,128,0.00600829933733624,2,1,adam,"{'neurons_per_layer_encoder': [80], 'neurons_per_layer_decoder': [80, 40]}",80,"[80, 40]",[80],-0.22410753444439827,COMPLETE
126,0.013308117239429556,2024-12-18 11:32:19.360864,2024-12-18 11:32:21.115632,0 days 00:00:01.754768,0.05158716569468431,32,0.2,96,30,2.508260655895485e-06,208,0.005617087600712605,3,1,adam,"{'neurons_per_layer_encoder': [96], 'neurons_per_layer_decoder': [96, 48, 24]}",96,"[96, 48, 24]",[96],0.04110313248060205,COMPLETE
127,0.08806549575206257,2024-12-18 11:32:19.762198,2024-12-18 11:32:21.379389,0 days 00:00:01.617191,0.038897915833119454,32,0.2,96,30,1.671428210495665e-06,1024,0.007871626416082566,3,1,adam,"{'neurons_per_layer_encoder': [96], 'neurons_per_layer_decoder': [96, 48, 24]}",96,"[96, 48, 24]",[96],-2.7000706929422313,COMPLETE
128,0.010514767793461527,2024-12-18 11:32:20.035236,2024-12-18 11:32:21.810781,0 days 00:00:01.775545,0.038597696869727034,32,0.2,96,30,2.6728455127604852e-06,224,0.007707856656294409,3,1,adam,"{'neurons_per_layer_encoder': [96], 'neurons_per_layer_decoder': [96, 48, 24]}",96,"[96, 48, 24]",[96],0.26347063484371425,COMPLETE
129,0.030366603890802885,2024-12-18 11:32:20.071918,2024-12-18 11:32:21.534935,0 days 00:00:01.463017,0.05540021804985117,32,0.2,96,30,2.7017800684236654e-06,224,0.007902242590012067,3,1,adam,"{'neurons_per_layer_encoder': [96], 'neurons_per_layer_decoder': [96, 48, 24]}",96,"[96, 48, 24]",[96],-0.38121782631690726,COMPLETE
130,0.01041695509501673,2024-12-18 11:32:20.110509,2024-12-18 11:32:21.881963,0 days 00:00:01.771454,0.04045301981071394,32,0.2,96,30,2.5254874560300193e-06,224,0.008116760076506397,3,1,adam,"{'neurons_per_layer_encoder': [96], 'neurons_per_layer_decoder': [96, 48, 24]}",96,"[96, 48, 24]",[96],0.36546201446031235,COMPLETE
131,0.009505365628043624,2024-12-18 11:32:20.172960,2024-12-18 11:32:21.987032,0 days 00:00:01.814072,0.055553519505011084,32,0.2,96,30,1.7294465577224307e-06,224,0.00818162793730876,3,1,adam,"{'neurons_per_layer_encoder': [96], 'neurons_per_layer_decoder': [96, 48, 24]}",96,"[96, 48, 24]",[96],0.37068426753665323,COMPLETE
132,0.053763517144672215,2024-12-18 11:32:21.123678,2024-12-18 11:32:22.640082,0 days 00:00:01.516404,0.05141513613645064,32,0.2,96,30,2.572763847342042e-06,224,0.008339172281170017,3,1,adam,"{'neurons_per_layer_encoder': [96], 'neurons_per_layer_decoder': [96, 48, 24]}",96,"[96, 48, 24]",[96],-1.9268046547874151,COMPLETE
133,0.010240082144760932,2024-12-18 11:32:21.388442,2024-12-18 11:32:23.265486,0 days 00:00:01.877044,0.05009530652435369,32,0.2,96,30,2.3758531376590633e-06,224,0.008247736799003053,3,1,adam,"{'neurons_per_layer_encoder': [96], 'neurons_per_layer_decoder': [96, 48, 24]}",96,"[96, 48, 24]",[96],0.28389196015963963,COMPLETE
134,0.013426601562544861,2024-12-18 11:32:21.543109,2024-12-18 11:32:23.393478,0 days 00:00:01.850369,0.022333023060525092,48,0.2,96,30,2.6012325511474763e-06,224,0.006538997173641635,3,1,adam,"{'neurons_per_layer_encoder': [96], 'neurons_per_layer_decoder': [96, 48, 24]}",96,"[96, 48, 24]",[96],0.11002316185705881,COMPLETE
135,0.05119523013752786,2024-12-18 11:32:21.819669,2024-12-18 11:32:23.355937,0 days 00:00:01.536268,0.04098781339625079,48,0.2,96,30,1.7297414676605668e-06,240,0.008345905544101794,3,1,adadelta,"{'neurons_per_layer_encoder': [96], 'neurons_per_layer_decoder': [96, 48, 24]}",96,"[96, 48, 24]",[96],0.47389894691118256,COMPLETE
136,0.012782146694126596,2024-12-18 11:32:21.890056,2024-12-18 11:32:23.760027,0 days 00:00:01.869971,0.037421051345759876,32,0.2,96,30,2.503689142007527e-06,224,0.008477503173603625,3,1,adam,"{'neurons_per_layer_encoder': [96], 'neurons_per_layer_decoder': [96, 48, 24]}",96,"[96, 48, 24]",[96],0.14574070206598816,COMPLETE
137,0.012207073758305508,2024-12-18 11:32:21.997775,2024-12-18 11:32:23.820121,0 days 00:00:01.822346,0.05133856623853833,32,0.2,96,30,1.6154578729239428e-06,240,0.008523821698731242,3,1,adam,"{'neurons_per_layer_encoder': [96], 'neurons_per_layer_decoder': [96, 48, 24]}",96,"[96, 48, 24]",[96],0.17437018684096026,COMPLETE
138,0.07292579510928966,2024-12-18 11:32:22.648401,2024-12-18 11:32:24.095123,0 days 00:00:01.446722,0.03697176699226253,32,0.2,96,30,1.7425544970190975e-06,240,0.008727740808021618,3,1,adam,"{'neurons_per_layer_encoder': [96], 'neurons_per_layer_decoder': [96, 48, 24]}",96,"[96, 48, 24]",[96],-2.6390293460652017,COMPLETE
139,0.047242285219357735,2024-12-18 11:32:23.274451,2024-12-18 11:32:25.013930,0 days 00:00:01.739479,0.03696880971892384,40,0.2,96,30,1.7470474493630466e-06,240,0.008430191715711606,3,1,adadelta,"{'neurons_per_layer_encoder': [96], 'neurons_per_layer_decoder': [96, 48, 24]}",96,"[96, 48, 24]",[96],0.47398154394730546,COMPLETE
140,0.038721214158952806,2024-12-18 11:32:23.364081,2024-12-18 11:32:24.898402,0 days 00:00:01.534321,0.036211156957531444,40,0.2,96,30,1.9974415941934264e-06,288,0.008686163942013604,3,1,adam,"{'neurons_per_layer_encoder': [96], 'neurons_per_layer_decoder': [96, 48, 24]}",96,"[96, 48, 24]",[96],-1.0715538516440715,COMPLETE
141,0.06918261726894108,2024-12-18 11:32:23.413168,2024-12-18 11:32:24.811359,0 days 00:00:01.398191,0.043072348325304384,40,0.2,96,30,1.7710984986481394e-06,288,0.008405373382706194,3,1,adam,"{'neurons_per_layer_encoder': [96], 'neurons_per_layer_decoder': [96, 48, 24]}",96,"[96, 48, 24]",[96],-2.25530842254519,COMPLETE
142,0.07585349067452853,2024-12-18 11:32:23.768179,2024-12-18 11:32:25.169627,0 days 00:00:01.401448,0.03685142468438315,40,0.2,96,30,1.9334461906088867e-06,304,0.008522251216669477,3,1,adam,"{'neurons_per_layer_encoder': [96], 'neurons_per_layer_decoder': [96, 48, 24]}",96,"[96, 48, 24]",[96],-2.294230897530287,COMPLETE
143,0.035555144666368714,2024-12-18 11:32:23.827886,2024-12-18 11:32:25.222442,0 days 00:00:01.394556,0.03708168026197957,40,0.2,96,30,1.7748021429732945e-06,288,0.007674968182800769,3,1,adam,"{'neurons_per_layer_encoder': [96], 'neurons_per_layer_decoder': [96, 48, 24]}",96,"[96, 48, 24]",[96],-0.5537277695204135,COMPLETE
