number,values_0,values_1,values_2,values_3,values_4,datetime_start,datetime_complete,duration,params_alpha,params_batch_size,params_drop_out_rate,params_encoder_neurons_layer_1,params_epochs,params_lambda,params_latent_dim,params_learning_rate,params_num_layers_decoder,params_num_layers_encoder,params_optimizer,user_attrs_encoder_decoder_config,user_attrs_first_layer_neurons,user_attrs_neurons_per_layer_decoder,user_attrs_neurons_per_layer_encoder,user_attrs_r2_feature_1,user_attrs_r2_feature_2,user_attrs_r2_feature_3,user_attrs_r2_feature_4,user_attrs_r2_feature_5,user_attrs_relative_deterioration,state
115,0.26659183669755115,0.14026547718290439,-0.04685098665902987,-0.44639720843610164,0.34058098992056374,2025-01-09 15:40:34.199860,2025-01-09 15:40:38.578079,0 days 00:00:04.378219,0.013151145234022681,120,0.2,56,100,1.0686285370365021e-05,168,0.0029442131257038247,4,2,adam,"{'neurons_per_layer_encoder': [56, 112], 'neurons_per_layer_decoder': [112, 56, 28, 14]}",56,"[112, 56, 28, 14]","[56, 112]",[0.26659183669755115],[0.14026547718290439],[-0.04685098665902987],[-0.44639720843610164],[0.34058098992056374],-0.1828814928815899,COMPLETE
116,0.2918158457363469,0.23150164526350892,-0.19354035063019825,-0.19376995009241038,0.24336646995197964,2025-01-09 15:40:35.179658,2025-01-09 15:40:40.010906,0 days 00:00:04.831248,0.013092231447246394,120,0.1,56,100,1.7069390014339039e-06,264,0.002767249813085657,4,3,adam,"{'neurons_per_layer_encoder': [56, 112, 224], 'neurons_per_layer_decoder': [224, 112, 56, 28]}",56,"[224, 112, 56, 28]","[56, 112, 224]",[0.2918158457363469],[0.23150164526350892],[-0.19354035063019825],[-0.19376995009241038],[0.24336646995197964],-0.9755773686551571,COMPLETE
117,0.2950702429793548,0.08329277942793556,-0.014142573340967468,-0.3684964736488461,0.06974968629009792,2025-01-09 15:40:35.787431,2025-01-09 15:40:39.495447,0 days 00:00:03.708016,0.012901304721480596,120,0.1,24,100,1.7220171339493795e-06,100,0.0030149101161380757,4,2,adam,"{'neurons_per_layer_encoder': [24, 48], 'neurons_per_layer_decoder': [48, 24, 12, 8]}",24,"[48, 24, 12, 8]","[24, 48]",[0.2950702429793548],[0.08329277942793556],[-0.014142573340967468],[-0.3684964736488461],[0.06974968629009792],-0.41111767895982493,COMPLETE
118,0.5522443618147912,0.033657166908672265,-0.24165511190921807,0.0013816700006273885,0.16949670475958323,2025-01-09 15:40:36.529549,2025-01-09 15:40:40.552451,0 days 00:00:04.022902,0.02021318868105724,120,0.1,24,100,1.657821513865675e-06,100,0.0018747634364301075,4,2,adam,"{'neurons_per_layer_encoder': [24, 48], 'neurons_per_layer_decoder': [48, 24, 12, 8]}",24,"[48, 24, 12, 8]","[24, 48]",[0.5522443618147912],[0.033657166908672265],[-0.24165511190921807],[0.0013816700006273885],[0.16949670475958323],-0.36641427792656456,COMPLETE
119,0.3618548279605249,0.17258459696833395,-0.14460324086495668,-0.4512105760870626,0.22735110399430436,2025-01-09 15:40:37.363343,2025-01-09 15:40:41.337034,0 days 00:00:03.973691,0.014179200774117905,104,0.1,24,100,1.0206192488789563e-05,100,0.0028076963099338964,4,2,adam,"{'neurons_per_layer_encoder': [24, 48], 'neurons_per_layer_decoder': [48, 24, 12, 8]}",24,"[48, 24, 12, 8]","[24, 48]",[0.3618548279605249],[0.17258459696833395],[-0.14460324086495668],[-0.4512105760870626],[0.22735110399430436],-0.45321066881395095,COMPLETE
120,0.49434005217242327,0.17772668473149744,-0.14516373692031448,-0.3782739830065154,0.274812048483988,2025-01-09 15:40:37.778424,2025-01-09 15:40:41.722933,0 days 00:00:03.944509,0.01429120584621258,120,0.1,20,100,1.657567459440848e-06,60,0.008165489543727615,4,2,adam,"{'neurons_per_layer_encoder': [20, 40], 'neurons_per_layer_decoder': [40, 20, 10, 8]}",20,"[40, 20, 10, 8]","[20, 40]",[0.49434005217242327],[0.17772668473149744],[-0.14516373692031448],[-0.3782739830065154],[0.274812048483988],-0.4739593836355581,COMPLETE
121,0.4118882302732171,0.17871159226444977,0.014411739601171814,-0.46006959678194725,0.25473592912353316,2025-01-09 15:40:38.585180,2025-01-09 15:40:42.565013,0 days 00:00:03.979833,0.021302736004770017,120,0.1,8,100,7.0589805747623785e-06,17,0.00792769302110156,4,2,adam,"{'neurons_per_layer_encoder': [8, 16], 'neurons_per_layer_decoder': [16, 8, 8, 8]}",8,"[16, 8, 8, 8]","[8, 16]",[0.4118882302732171],[0.17871159226444977],[0.014411739601171814],[-0.46006959678194725],[0.25473592912353316],-0.24506044058048182,COMPLETE
122,0.44390621309768596,-0.028382363421303403,-0.1810713583258079,-0.21479954952140856,0.29320764429998925,2025-01-09 15:40:39.502555,2025-01-09 15:40:43.897855,0 days 00:00:04.395300,0.014111375798038154,104,0.1,8,100,7.052253992163332e-06,17,0.00839453409995701,4,2,adam,"{'neurons_per_layer_encoder': [8, 16], 'neurons_per_layer_decoder': [16, 8, 8, 8]}",8,"[16, 8, 8, 8]","[8, 16]",[0.44390621309768596],[-0.028382363421303403],[-0.1810713583258079],[-0.21479954952140856],[0.29320764429998925],-0.33010977122037216,COMPLETE
123,-2.5638574432901886,-0.08083253965980242,0.03344792118661866,-5.655257780712162,-0.01755694012772424,2025-01-09 15:40:40.018153,2025-01-09 15:40:44.124590,0 days 00:00:04.106437,0.014390199070470316,128,0.2,16,100,1.6720434145721684e-05,51,0.0009962107450205196,4,2,adam,"{'neurons_per_layer_encoder': [16, 32], 'neurons_per_layer_decoder': [32, 16, 8, 8]}",16,"[32, 16, 8, 8]","[16, 32]",[-2.5638574432901886],[-0.08083253965980242],[0.03344792118661866],[-5.655257780712162],[-0.01755694012772424],0.1803041345877208,COMPLETE
124,0.013841946722294107,0.03320653477645685,-0.1601870820593767,-0.44441570602942826,0.10973744939464192,2025-01-09 15:40:40.560462,2025-01-09 15:40:44.606342,0 days 00:00:04.045880,0.014225484898989327,128,0.2,8,100,3.544870297799258e-06,17,0.008402050560728692,4,2,adam,"{'neurons_per_layer_encoder': [8, 16], 'neurons_per_layer_decoder': [16, 8, 8, 8]}",8,"[16, 8, 8, 8]","[8, 16]",[0.013841946722294107],[0.03320653477645685],[-0.1601870820593767],[-0.44441570602942826],[0.10973744939464192],0.03544709513931757,COMPLETE
125,0.0050783226825449335,0.1093942504375719,0.0713254476214581,-2.702024890326543,-0.08062220612481963,2025-01-09 15:40:41.344106,2025-01-09 15:40:45.994993,0 days 00:00:04.650887,0.01638478050312131,128,0.2,52,100,3.447377639508868e-06,248,0.0009461640276856056,4,3,adam,"{'neurons_per_layer_encoder': [52, 104, 208], 'neurons_per_layer_decoder': [208, 104, 52, 26]}",52,"[208, 104, 52, 26]","[52, 104, 208]",[0.0050783226825449335],[0.1093942504375719],[0.0713254476214581],[-2.702024890326543],[-0.08062220612481963],0.2190181019073389,COMPLETE
126,0.20491731572771266,0.16297973928170761,0.11763579070474528,0.26328240645499457,0.18793637379368056,2025-01-09 15:40:41.730178,2025-01-09 15:40:46.124436,0 days 00:00:04.394258,0.021898192133759948,72,0.2,8,100,1.6389781538816182e-05,51,0.00983399101449567,4,3,adam,"{'neurons_per_layer_encoder': [8, 16, 32], 'neurons_per_layer_decoder': [32, 16, 8, 8]}",8,"[32, 16, 8, 8]","[8, 16, 32]",[0.20491731572771266],[0.16297973928170761],[0.11763579070474528],[0.26328240645499457],[0.18793637379368056],-0.0272327330378904,COMPLETE
127,0.28541826389945124,0.1073103507558616,-0.11846025190371168,-0.03725342380311791,0.1346031958852687,2025-01-09 15:40:42.573009,2025-01-09 15:40:46.494149,0 days 00:00:03.921140,0.016951663822233766,72,0.2,48,100,1.3616541590537117e-06,264,0.004917844153474017,4,3,adam,"{'neurons_per_layer_encoder': [48, 96, 192], 'neurons_per_layer_decoder': [192, 96, 48, 24]}",48,"[192, 96, 48, 24]","[48, 96, 192]",[0.28541826389945124],[0.1073103507558616],[-0.11846025190371168],[-0.03725342380311791],[0.1346031958852687],-0.6598903073632068,COMPLETE
128,-1.4940962129882918,0.022562680214172626,0.050896594294940645,-6.795961800470718,0.05798944791962046,2025-01-09 15:40:43.906056,2025-01-09 15:40:48.370011,0 days 00:00:04.463955,0.01631319216352135,128,0.2,16,100,1.661608789774689e-05,118,0.0009921187510093566,4,3,adam,"{'neurons_per_layer_encoder': [16, 32, 64], 'neurons_per_layer_decoder': [64, 32, 16, 8]}",16,"[64, 32, 16, 8]","[16, 32, 64]",[-1.4940962129882918],[0.022562680214172626],[0.050896594294940645],[-6.795961800470718],[0.05798944791962046],0.20475669004046387,COMPLETE
129,0.5393303042284001,0.21234409508639307,-0.07901259455931298,0.27913498001313886,0.14138646137810829,2025-01-09 15:40:44.133001,2025-01-09 15:40:49.052228,0 days 00:00:04.919227,0.010825442551526133,64,0.2,48,100,1.3836345078975067e-06,264,0.0038006711856033598,4,3,adam,"{'neurons_per_layer_encoder': [48, 96, 192], 'neurons_per_layer_decoder': [192, 96, 48, 24]}",48,"[192, 96, 48, 24]","[48, 96, 192]",[0.5393303042284001],[0.21234409508639307],[-0.07901259455931298],[0.27913498001313886],[0.14138646137810829],-0.22784822237212507,COMPLETE
130,0.5047063989466272,0.10452104980701515,-0.19824902626208396,0.009660902394480142,0.3679208456481122,2025-01-09 15:40:44.613782,2025-01-09 15:40:49.364179,0 days 00:00:04.750397,0.01658029782616803,72,0.2,48,100,1.3949772398485624e-06,216,0.003938214442681,4,3,adam,"{'neurons_per_layer_encoder': [48, 96, 192], 'neurons_per_layer_decoder': [192, 96, 48, 24]}",48,"[192, 96, 48, 24]","[48, 96, 192]",[0.5047063989466272],[0.10452104980701515],[-0.19824902626208396],[0.009660902394480142],[0.3679208456481122],-0.9143959945546936,COMPLETE
131,0.029163838855978952,0.12205560760041856,-0.35123481679526036,-0.2447306130673923,0.09251318092503447,2025-01-09 15:40:46.002556,2025-01-09 15:40:49.758554,0 days 00:00:03.755998,0.01647439498878526,72,0.2,80,100,1.4273255173112147e-06,344,0.004034473971318321,4,3,adam,"{'neurons_per_layer_encoder': [80, 160, 320], 'neurons_per_layer_decoder': [320, 160, 80, 40]}",80,"[320, 160, 80, 40]","[80, 160, 320]",[0.029163838855978952],[0.12205560760041856],[-0.35123481679526036],[-0.2447306130673923],[0.09251318092503447],-0.9393860470312418,COMPLETE
132,-0.20217975490453544,0.12805315695535557,-0.36946168686450376,-0.06866426133521619,0.08407579284586142,2025-01-09 15:40:46.132805,2025-01-09 15:40:50.466327,0 days 00:00:04.333522,0.011460228707825676,32,0.2,96,100,1.3931736000506884e-06,408,0.0036224266636777766,4,3,adam,"{'neurons_per_layer_encoder': [96, 192, 384], 'neurons_per_layer_decoder': [384, 192, 96, 48]}",96,"[384, 192, 96, 48]","[96, 192, 384]",[-0.20217975490453544],[0.12805315695535557],[-0.36946168686450376],[-0.06866426133521619],[0.08407579284586142],-0.6067964588026843,COMPLETE
133,0.46471457404134875,0.2589171336776416,-0.13700480232943324,-0.021388954391146964,0.3187094910345327,2025-01-09 15:40:46.501424,2025-01-09 15:40:52.538774,0 days 00:00:06.037350,0.01067440664979212,40,0.2,80,100,2.790650694714548e-06,344,0.0036544591194525543,4,3,adam,"{'neurons_per_layer_encoder': [80, 160, 320], 'neurons_per_layer_decoder': [320, 160, 80, 40]}",80,"[320, 160, 80, 40]","[80, 160, 320]",[0.46471457404134875],[0.2589171336776416],[-0.13700480232943324],[-0.021388954391146964],[0.3187094910345327],-0.7075288195359961,COMPLETE
134,0.2753532207967303,0.01718115858487801,-0.19478741369106745,0.1519236197003886,0.1396745636165766,2025-01-09 15:40:48.377678,2025-01-09 15:40:52.290678,0 days 00:00:03.913000,0.033422168374763535,48,0.2,96,100,2.6800183466363212e-06,408,0.003942079450322896,2,3,adam,"{'neurons_per_layer_encoder': [96, 192, 384], 'neurons_per_layer_decoder': [384, 192]}",96,"[384, 192]","[96, 192, 384]",[0.2753532207967303],[0.01718115858487801],[-0.19478741369106745],[0.1519236197003886],[0.1396745636165766],-1.1726579989057064,COMPLETE
135,0.6026150000410836,0.23900498866160502,-0.35886693845675355,0.16258967962961246,0.3015319706817784,2025-01-09 15:40:49.061120,2025-01-09 15:40:54.279108,0 days 00:00:05.217988,0.011867186523570775,32,0.2,80,100,2.739066979435479e-06,344,0.004018798531446253,2,3,adam,"{'neurons_per_layer_encoder': [80, 160, 320], 'neurons_per_layer_decoder': [320, 160]}",80,"[320, 160]","[80, 160, 320]",[0.6026150000410836],[0.23900498866160502],[-0.35886693845675355],[0.16258967962961246],[0.3015319706817784],-0.7444987608117073,COMPLETE
136,0.5535539622739307,0.33245665700494,-0.09257750449824731,0.1138698900979549,0.1319716521446167,2025-01-09 15:40:49.372289,2025-01-09 15:40:54.230066,0 days 00:00:04.857777,0.0338924217093516,48,0.2,96,100,1.000302184655139e-06,408,0.009884966782591329,2,3,adam,"{'neurons_per_layer_encoder': [96, 192, 384], 'neurons_per_layer_decoder': [384, 192]}",96,"[384, 192]","[96, 192, 384]",[0.5535539622739307],[0.33245665700494],[-0.09257750449824731],[0.1138698900979549],[0.1319716521446167],-1.263089646334671,COMPLETE
137,0.4297364226978778,0.18586878579789845,-0.12522342667475783,-0.07372633681884078,0.2689632562980634,2025-01-09 15:40:49.765686,2025-01-09 15:40:54.910357,0 days 00:00:05.144671,0.01148213314608919,32,0.2,96,100,2.5548583891191496e-06,408,0.002155742413258524,2,3,adam,"{'neurons_per_layer_encoder': [96, 192, 384], 'neurons_per_layer_decoder': [384, 192]}",96,"[384, 192]","[96, 192, 384]",[0.4297364226978778],[0.18586878579789845],[-0.12522342667475783],[-0.07372633681884078],[0.2689632562980634],-0.45350621873260594,COMPLETE
138,0.5689936999508028,0.2452349760869872,-0.11484287647037683,-0.03774793103290808,0.14398394544222226,2025-01-09 15:40:50.474929,2025-01-09 15:40:54.746497,0 days 00:00:04.271568,0.03185271070187076,48,0.2,36,100,2.6385643620586483e-06,168,0.006757766841112649,1,3,adam,"{'neurons_per_layer_encoder': [36, 72, 144], 'neurons_per_layer_decoder': [144]}",36,[144],"[36, 72, 144]",[0.5689936999508028],[0.2452349760869872],[-0.11484287647037683],[-0.03774793103290808],[0.14398394544222226],-1.3018340893975575,COMPLETE
139,0.5885578151804723,-0.02024058676564766,-0.2655332937463104,-0.38917809526552327,0.4155456434260816,2025-01-09 15:40:52.299074,2025-01-09 15:40:56.705818,0 days 00:00:04.406744,0.022511577218034245,64,0.2,40,100,1.3471779394990279e-05,296,0.009865389149811865,1,3,adam,"{'neurons_per_layer_encoder': [40, 80, 160], 'neurons_per_layer_decoder': [160]}",40,[160],"[40, 80, 160]",[0.5885578151804723],[-0.02024058676564766],[-0.2655332937463104],[-0.38917809526552327],[0.4155456434260816],-0.27841751548164706,COMPLETE
140,0.2396626726088662,0.1640877434418937,-0.11859982219258436,-0.6413737312659229,-0.13948990215574186,2025-01-09 15:40:52.549041,2025-01-09 15:40:55.741265,0 days 00:00:03.192224,0.012215061143607141,64,0.2,40,100,1.0624233024162134e-06,296,0.006584571033895625,1,3,adam,"{'neurons_per_layer_encoder': [40, 80, 160], 'neurons_per_layer_decoder': [160]}",40,[160],"[40, 80, 160]",[0.2396626726088662],[0.1640877434418937],[-0.11859982219258436],[-0.6413737312659229],[-0.13948990215574186],-0.45559622327336485,COMPLETE
141,0.18819746373429602,0.11727824902777695,-0.09513501310380312,0.010744959323677583,0.2465197667096023,2025-01-09 15:40:54.237104,2025-01-09 15:40:57.308286,0 days 00:00:03.071182,0.012049250716749919,64,0.2,40,100,1.1179543859405742e-05,296,0.006676137386202247,1,3,adam,"{'neurons_per_layer_encoder': [40, 80, 160], 'neurons_per_layer_decoder': [160]}",40,[160],"[40, 80, 160]",[0.18819746373429602],[0.11727824902777695],[-0.09513501310380312],[0.010744959323677583],[0.2465197667096023],-0.11967613548603366,COMPLETE
142,-2.269352337411318,-0.07055873681301117,-0.3352687902475988,-24.545169368772786,-0.10298008609620557,2025-01-09 15:40:54.286606,2025-01-09 15:40:59.062907,0 days 00:00:04.776301,0.023892701751155657,32,0.2,112,100,1.1141459853497449e-06,840,0.0018876219557312157,3,3,adadelta,"{'neurons_per_layer_encoder': [112, 224, 448], 'neurons_per_layer_decoder': [448, 224, 112]}",112,"[448, 224, 112]","[112, 224, 448]",[-2.269352337411318],[-0.07055873681301117],[-0.3352687902475988],[-24.545169368772786],[-0.10298008609620557],0.32911716453318907,COMPLETE
143,-8.890363208934989,-0.12066225476148262,-0.07022582519205489,-27.890807509179147,-0.7586942720615708,2025-01-09 15:40:54.753980,2025-01-09 15:40:59.251305,0 days 00:00:04.497325,0.015204714500589474,32,0.2,168,100,1.080336568365599e-06,696,0.0032139268286866434,3,3,adadelta,"{'neurons_per_layer_encoder': [168, 336, 672], 'neurons_per_layer_decoder': [672, 336, 168]}",168,"[672, 336, 168]","[168, 336, 672]",[-8.890363208934989],[-0.12066225476148262],[-0.07022582519205489],[-27.890807509179147],[-0.7586942720615708],0.23534863611801035,COMPLETE
144,-1.6140955016004739,-0.3450858379682036,0.0035161841522324266,-22.060367125780004,0.04136917781974425,2025-01-09 15:40:54.918745,2025-01-09 15:41:01.802015,0 days 00:00:06.883270,0.015226703392974073,32,0.2,132,100,1.144836149030469e-06,792,0.0032864822936258128,3,3,adadelta,"{'neurons_per_layer_encoder': [132, 264, 528], 'neurons_per_layer_decoder': [528, 264, 132]}",132,"[528, 264, 132]","[132, 264, 528]",[-1.6140955016004739],[-0.3450858379682036],[0.0035161841522324266],[-22.060367125780004],[0.04136917781974425],0.20000579389279466,COMPLETE
145,-3.4034708155902935,0.008107783508827904,-0.5084849590804905,-12.982604141664742,-0.5653028507706461,2025-01-09 15:40:55.748815,2025-01-09 15:41:01.207541,0 days 00:00:05.458726,0.015098182723308465,32,0.2,116,100,1.163001757940777e-06,840,0.0013267091197472216,3,3,adadelta,"{'neurons_per_layer_encoder': [116, 232, 464], 'neurons_per_layer_decoder': [464, 232, 116]}",116,"[464, 232, 116]","[116, 232, 464]",[-3.4034708155902935],[0.008107783508827904],[-0.5084849590804905],[-12.982604141664742],[-0.5653028507706461],0.34727445941298124,COMPLETE
146,-1.2012719929913032,-0.19549447581295376,-0.4159856279216205,-16.88907485970515,-0.27364410892754587,2025-01-09 15:40:56.713231,2025-01-09 15:41:02.054502,0 days 00:00:05.341271,0.01538199254611193,32,0.2,60,100,3.5549341621102874e-05,376,0.0012954059808868614,3,3,adadelta,"{'neurons_per_layer_encoder': [60, 120, 240], 'neurons_per_layer_decoder': [240, 120, 60]}",60,"[240, 120, 60]","[60, 120, 240]",[-1.2012719929913032],[-0.19549447581295376],[-0.4159856279216205],[-16.88907485970515],[-0.27364410892754587],0.5202373660038389,COMPLETE
147,-0.9755775192527312,-0.13252399505120627,-0.16633766585412912,-13.478174518156154,-0.6358563192277487,2025-01-09 15:40:57.316465,2025-01-09 15:41:05.421170,0 days 00:00:08.104705,0.07974034289902368,32,0.2,116,100,1.156518977150073e-06,824,0.001261183524920646,3,3,adadelta,"{'neurons_per_layer_encoder': [116, 232, 464], 'neurons_per_layer_decoder': [464, 232, 116]}",116,"[464, 232, 116]","[116, 232, 464]",[-0.9755775192527312],[-0.13252399505120627],[-0.16633766585412912],[-13.478174518156154],[-0.6358563192277487],0.3691208308273263,COMPLETE
148,-7.061242266181768,-0.2937383688072557,-0.04644969645662633,-13.962447898540493,0.05801716547658897,2025-01-09 15:40:59.072039,2025-01-09 15:41:02.994167,0 days 00:00:03.922128,0.015205670338927705,32,0.2,212,100,1.9471277725442804e-06,1224,0.0025112749732992437,3,3,sgd,"{'neurons_per_layer_encoder': [212, 424, 848], 'neurons_per_layer_decoder': [848, 424, 212]}",212,"[848, 424, 212]","[212, 424, 848]",[-7.061242266181768],[-0.2937383688072557],[-0.04644969645662633],[-13.962447898540493],[0.05801716547658897],0.2162897631297196,COMPLETE
149,-2.8741545554736647,-0.1832131701381503,-0.2324604149174767,-23.657987267731958,-0.10153651998969448,2025-01-09 15:40:59.263685,2025-01-09 15:41:02.393676,0 days 00:00:03.129991,0.013524235608731242,40,0.2,88,100,3.705776472571266e-05,584,4.840582374439028e-05,3,3,sgd,"{'neurons_per_layer_encoder': [88, 176, 352], 'neurons_per_layer_decoder': [352, 176, 88]}",88,"[352, 176, 88]","[88, 176, 352]",[-2.8741545554736647],[-0.1832131701381503],[-0.2324604149174767],[-23.657987267731958],[-0.10153651998969448],0.5226064153287429,COMPLETE
150,0.005215866550548731,0.12735630941396237,-0.3211615037800566,-9.301474557890026,0.17549670153417674,2025-01-09 15:41:01.215317,2025-01-09 15:41:07.063068,0 days 00:00:05.847751,0.0813993510829136,40,0.2,132,100,0.0007241649306274265,1048,0.002528701419363941,2,3,sgd,"{'neurons_per_layer_encoder': [132, 264, 528], 'neurons_per_layer_decoder': [528, 264]}",132,"[528, 264]","[132, 264, 528]",[0.005215866550548731],[0.12735630941396237],[-0.3211615037800566],[-9.301474557890026],[0.17549670153417674],0.963714536230568,COMPLETE
151,-5.314614291530421,-0.3659848378184445,-0.05462618515342421,-12.533016241179457,-0.16222072841763135,2025-01-09 15:41:01.816754,2025-01-09 15:41:04.623127,0 days 00:00:02.806373,0.028387613620725154,40,0.2,88,100,1.9704893555013423e-06,376,0.0025465688178632445,2,3,sgd,"{'neurons_per_layer_encoder': [88, 176, 352], 'neurons_per_layer_decoder': [352, 176]}",88,"[352, 176]","[88, 176, 352]",[-5.314614291530421],[-0.3659848378184445],[-0.05462618515342421],[-12.533016241179457],[-0.16222072841763135],0.31876772586913144,COMPLETE
152,-2.3961049431577646,-0.3547435264109986,0.004869368440601152,-21.3840728933655,-0.34832398650010954,2025-01-09 15:41:02.064078,2025-01-09 15:41:06.906197,0 days 00:00:04.842119,0.028801336146660937,40,0.2,88,100,0.00040503340078280165,376,3.694362314581118e-05,5,3,sgd,"{'neurons_per_layer_encoder': [88, 176, 352], 'neurons_per_layer_decoder': [352, 176, 88, 44, 22]}",88,"[352, 176, 88, 44, 22]","[88, 176, 352]",[-2.3961049431577646],[-0.3547435264109986],[0.004869368440601152],[-21.3840728933655],[-0.34832398650010954],0.8849206245358576,COMPLETE
153,-6.128103839954191,0.08953891318344909,-0.4337486287104313,-23.348702767456388,-0.11733846367834744,2025-01-09 15:41:02.401118,2025-01-09 15:41:05.372683,0 days 00:00:02.971565,0.05268052784561019,40,0.2,108,100,0.0006258548775241375,196,1.193717914385375e-05,2,1,sgd,"{'neurons_per_layer_encoder': [108], 'neurons_per_layer_decoder': [108, 54]}",108,"[108, 54]",[108],[-6.128103839954191],[0.08953891318344909],[-0.4337486287104313],[-23.348702767456388],[-0.11733846367834744],0.6496299213783171,COMPLETE
