number,values_0,values_1,values_2,values_3,values_4,datetime_start,datetime_complete,duration,params_alpha,params_batch_size,params_drop_out_rate,params_encoder_neurons_layer_1,params_epochs,params_lambda,params_latent_dim,params_learning_rate,params_num_layers_decoder,params_num_layers_encoder,params_optimizer,user_attrs_encoder_decoder_config,user_attrs_first_layer_neurons,user_attrs_neurons_per_layer_decoder,user_attrs_neurons_per_layer_encoder,user_attrs_r2_feature_1,user_attrs_r2_feature_2,user_attrs_r2_feature_3,user_attrs_r2_feature_4,user_attrs_r2_feature_5,user_attrs_relative_deterioration,state
193,0.3234128725219405,0.2553784181595474,0.00636709585233175,0.12834811773568844,0.32785514411490724,2025-01-09 15:43:45.002328,2025-01-09 15:43:50.885344,0 days 00:00:05.883016,0.015517525443813992,32,0.2,112,100,1.2955994441755529e-05,232,0.0014879063315777481,4,1,adam,"{'neurons_per_layer_encoder': [112], 'neurons_per_layer_decoder': [112, 56, 28, 14]}",112,"[112, 56, 28, 14]",[112],[0.3234128725219405],[0.2553784181595474],[0.00636709585233175],[0.12834811773568844],[0.32785514411490724],-0.015730658054213954,COMPLETE
194,0.43796881541628907,0.06803138192255132,-0.26378016774715696,-0.021836399270349194,0.15348794255480658,2025-01-09 15:43:45.247558,2025-01-09 15:43:53.189514,0 days 00:00:07.941956,0.010000349409564992,32,0.2,156,100,1.7813025078316914e-06,648,0.0015997602313613177,4,3,adam,"{'neurons_per_layer_encoder': [156, 312, 624], 'neurons_per_layer_decoder': [624, 312, 156, 78]}",156,"[624, 312, 156, 78]","[156, 312, 624]",[0.43796881541628907],[0.06803138192255132],[-0.26378016774715696],[-0.021836399270349194],[0.15348794255480658],-0.536584681872681,COMPLETE
195,0.45759608124756235,0.09607289280916798,-0.171227468179727,-0.8301916108923444,0.2086818514529617,2025-01-09 15:43:45.347589,2025-01-09 15:43:50.105978,0 days 00:00:04.758389,0.011166522773547129,120,0.2,60,100,1.2912412048508684e-05,130,0.008803398749222063,4,1,adam,"{'neurons_per_layer_encoder': [60], 'neurons_per_layer_decoder': [60, 30, 15, 8]}",60,"[60, 30, 15, 8]",[60],[0.45759608124756235],[0.09607289280916798],[-0.171227468179727],[-0.8301916108923444],[0.2086818514529617],-0.14158200106269775,COMPLETE
196,0.6026237023104075,0.1788298018621013,-0.23054119056316313,0.21995823301345407,0.3318349104729451,2025-01-09 15:43:45.407316,2025-01-09 15:43:54.589794,0 days 00:00:09.182478,0.016025771336611015,32,0.2,120,100,1.379505446780333e-05,504,0.004185036859970045,4,3,adam,"{'neurons_per_layer_encoder': [120, 240, 480], 'neurons_per_layer_decoder': [480, 240, 120, 60]}",120,"[480, 240, 120, 60]","[120, 240, 480]",[0.6026237023104075],[0.1788298018621013],[-0.23054119056316313],[0.21995823301345407],[0.3318349104729451],0.01973957322909276,COMPLETE
197,0.4868007663120486,0.26599157744892654,-0.07634580448478356,0.08548443893276714,0.33730612684172323,2025-01-09 15:43:45.728568,2025-01-09 15:43:51.798878,0 days 00:00:06.070310,0.011194122637997485,32,0.2,120,100,1.760267268053565e-05,144,0.0022566220293091348,4,1,adam,"{'neurons_per_layer_encoder': [120], 'neurons_per_layer_decoder': [120, 60, 30, 15]}",120,"[120, 60, 30, 15]",[120],[0.4868007663120486],[0.26599157744892654],[-0.07634580448478356],[0.08548443893276714],[0.33730612684172323],-0.06275009084384861,COMPLETE
198,0.47408666142314626,0.2590593049721117,-0.1596714751693904,0.13086460070661632,0.17273202695508438,2025-01-09 15:43:50.113090,2025-01-09 15:43:56.237791,0 days 00:00:06.124701,0.01245750889541196,40,0.2,124,100,1.4180172723999078e-05,180,0.002681318733353922,4,1,adam,"{'neurons_per_layer_encoder': [124], 'neurons_per_layer_decoder': [124, 62, 31, 15]}",124,"[124, 62, 31, 15]",[124],[0.47408666142314626],[0.2590593049721117],[-0.1596714751693904],[0.13086460070661632],[0.17273202695508438],-0.47193499154121443,COMPLETE
199,0.604552739633927,0.24363324292975774,-0.14053055416058213,-0.13902498501920957,0.3623322578797977,2025-01-09 15:43:50.542829,2025-01-09 15:43:56.608283,0 days 00:00:06.065454,0.011994457668777738,40,0.2,92,100,1.4632143189731947e-05,132,0.002216126621119164,4,1,adam,"{'neurons_per_layer_encoder': [92], 'neurons_per_layer_decoder': [92, 46, 23, 11]}",92,"[92, 46, 23, 11]",[92],[0.604552739633927],[0.24363324292975774],[-0.14053055416058213],[-0.13902498501920957],[0.3623322578797977],-0.30770153062969824,COMPLETE
200,0.488776248575163,0.2474104358635657,-0.17370163073060274,-0.6029255313551705,0.4973478654293485,2025-01-09 15:43:50.894047,2025-01-09 15:43:56.941220,0 days 00:00:06.047173,0.012276837107364148,32,0.2,120,100,1.4328714375115197e-05,144,0.0021651553359042395,4,1,adam,"{'neurons_per_layer_encoder': [120], 'neurons_per_layer_decoder': [120, 60, 30, 15]}",120,"[120, 60, 30, 15]",[120],[0.488776248575163],[0.2474104358635657],[-0.17370163073060274],[-0.6029255313551705],[0.4973478654293485],-0.18296439512610335,COMPLETE
201,0.712910898463859,0.37664268578444404,-0.04251193968696332,-0.040620701292372496,0.3337097779750381,2025-01-09 15:43:51.805720,2025-01-09 15:43:57.794360,0 days 00:00:05.988640,0.010020191323072416,32,0.2,124,100,1.256365890735707e-05,244,0.0026741609894822545,4,1,adam,"{'neurons_per_layer_encoder': [124], 'neurons_per_layer_decoder': [124, 62, 31, 15]}",124,"[124, 62, 31, 15]",[124],[0.712910898463859],[0.37664268578444404],[-0.04251193968696332],[-0.040620701292372496],[0.3337097779750381],-0.17996018508545197,COMPLETE
202,0.4910319937734845,0.20294788337714798,-0.1037978584812691,0.22704051907303213,0.34428492480660433,2025-01-09 15:43:53.200212,2025-01-09 15:43:59.100572,0 days 00:00:05.900360,0.012207027912700957,32,0.2,124,100,1.364608854375265e-05,244,0.002682156362970651,4,1,adam,"{'neurons_per_layer_encoder': [124], 'neurons_per_layer_decoder': [124, 62, 31, 15]}",124,"[124, 62, 31, 15]",[124],[0.4910319937734845],[0.20294788337714798],[-0.1037978584812691],[0.22704051907303213],[0.34428492480660433],-0.24049975958293424,COMPLETE
203,0.4770734269359129,0.23294699720680867,-0.17388639552730534,-0.09683333673171424,0.42010071986857966,2025-01-09 15:43:54.597829,2025-01-09 15:44:00.395085,0 days 00:00:05.797256,0.015732962540110657,32,0.2,120,100,1.494171965581026e-05,144,0.0027313951577657863,4,1,adam,"{'neurons_per_layer_encoder': [120], 'neurons_per_layer_decoder': [120, 60, 30, 15]}",120,"[120, 60, 30, 15]",[120],[0.4770734269359129],[0.23294699720680867],[-0.17388639552730534],[-0.09683333673171424],[0.42010071986857966],-0.21838206329880178,COMPLETE
204,0.4865137980776775,0.22299930741667517,-0.12184927210383267,-0.1639442251922636,0.2941025022240802,2025-01-09 15:43:56.244845,2025-01-09 15:44:02.158715,0 days 00:00:05.913870,0.016062928308253368,32,0.2,116,100,1.45683474675963e-05,140,0.0023619143985549587,4,1,adam,"{'neurons_per_layer_encoder': [116], 'neurons_per_layer_decoder': [116, 58, 29, 14]}",116,"[116, 58, 29, 14]",[116],[0.4865137980776775],[0.22299930741667517],[-0.12184927210383267],[-0.1639442251922636],[0.2941025022240802],-0.18722450781776653,COMPLETE
205,0.22552794350614525,0.20892448119515583,-0.02984839016403429,-0.06191547837608313,0.05430702583791347,2025-01-09 15:43:56.614666,2025-01-09 15:44:02.309933,0 days 00:00:05.695267,0.015711296999979765,32,0.2,116,100,0.0001037936536518867,140,0.002435285790237276,4,1,adam,"{'neurons_per_layer_encoder': [116], 'neurons_per_layer_decoder': [116, 58, 29, 14]}",116,"[116, 58, 29, 14]",[116],[0.22552794350614525],[0.20892448119515583],[-0.02984839016403429],[-0.06191547837608313],[0.05430702583791347],0.1958019637247498,COMPLETE
206,0.4487632635270936,0.27298911844370455,0.0015521835758698366,0.11053944953929007,0.5093326872358601,2025-01-09 15:43:56.947756,2025-01-09 15:44:02.870995,0 days 00:00:05.923239,0.015503428221374719,32,0.2,116,100,1.4901166129827004e-05,140,0.0022799228291485196,4,1,adam,"{'neurons_per_layer_encoder': [116], 'neurons_per_layer_decoder': [116, 58, 29, 14]}",116,"[116, 58, 29, 14]",[116],[0.4487632635270936],[0.27298911844370455],[0.0015521835758698366],[0.11053944953929007],[0.5093326872358601],-0.07361411883869992,COMPLETE
207,0.5051218045090953,0.24952541789948623,-0.07653506011820443,0.01912917397833025,0.4224693098516348,2025-01-09 15:43:57.801052,2025-01-09 15:44:04.381589,0 days 00:00:06.580537,0.01044222537906876,32,0.2,124,100,1.4001277354215168e-05,244,0.0025827832938374847,4,1,adam,"{'neurons_per_layer_encoder': [124], 'neurons_per_layer_decoder': [124, 62, 31, 15]}",124,"[124, 62, 31, 15]",[124],[0.5051218045090953],[0.24952541789948623],[-0.07653506011820443],[0.01912917397833025],[0.4224693098516348],-0.11672766155374836,COMPLETE
208,0.35790946444204164,0.245553706341904,-0.10117895501829932,-0.17689366017440222,0.32476007826910347,2025-01-09 15:43:59.107488,2025-01-09 15:44:05.561735,0 days 00:00:06.454247,0.012363266721857988,32,0.2,132,100,1.5059512585953898e-05,252,0.0023544095926549664,4,1,adam,"{'neurons_per_layer_encoder': [132], 'neurons_per_layer_decoder': [132, 66, 33, 16]}",132,"[132, 66, 33, 16]",[132],[0.35790946444204164],[0.245553706341904],[-0.10117895501829932],[-0.17689366017440222],[0.32476007826910347],-0.17815126171395718,COMPLETE
209,0.5997996512512993,0.07520453482305989,-0.2261925602212973,-0.39442657936763625,0.31628138253795357,2025-01-09 15:44:00.402009,2025-01-09 15:44:06.818910,0 days 00:00:06.416901,0.010486573821283622,32,0.2,116,100,1.2042739612708171e-05,252,0.0028495458601370195,4,1,adam,"{'neurons_per_layer_encoder': [116], 'neurons_per_layer_decoder': [116, 58, 29, 14]}",116,"[116, 58, 29, 14]",[116],[0.5997996512512993],[0.07520453482305989],[-0.2261925602212973],[-0.39442657936763625],[0.31628138253795357],-0.40062038653432014,COMPLETE
210,0.6828973762574492,0.3180333382781564,-0.34534671727282773,-0.40926456122888166,0.48295288704947326,2025-01-09 15:44:02.165424,2025-01-09 15:44:08.783093,0 days 00:00:06.617669,0.010862489731772342,32,0.2,136,100,1.1066032264492676e-05,256,0.002460268112041818,4,1,adam,"{'neurons_per_layer_encoder': [136], 'neurons_per_layer_decoder': [136, 68, 34, 17]}",136,"[136, 68, 34, 17]",[136],[0.6828973762574492],[0.3180333382781564],[-0.34534671727282773],[-0.40926456122888166],[0.48295288704947326],-0.23930390630058768,COMPLETE
211,0.2858015955515758,0.18013522115561653,-0.24807563045011616,0.07183333379742607,0.1669594640845855,2025-01-09 15:44:02.316739,2025-01-09 15:44:08.074514,0 days 00:00:05.757775,0.010430679890674895,32,0.2,136,100,1.1973227700940673e-05,256,0.002686063972063343,4,1,adam,"{'neurons_per_layer_encoder': [136], 'neurons_per_layer_decoder': [136, 68, 34, 17]}",136,"[136, 68, 34, 17]",[136],[0.2858015955515758],[0.18013522115561653],[-0.24807563045011616],[0.07183333379742607],[0.1669594640845855],-0.2683158177375519,COMPLETE
212,-2.5848342285965775,-0.036705736975600756,-0.21092502993625972,-22.835769462101055,-0.10891014726411474,2025-01-09 15:44:02.882422,2025-01-09 15:44:08.210147,0 days 00:00:05.327725,0.1582484813943754,32,0.4,136,100,2.2378514126617762e-05,256,1.7440671701432572e-05,4,1,adadelta,"{'neurons_per_layer_encoder': [136], 'neurons_per_layer_decoder': [136, 68, 34, 17]}",136,"[136, 68, 34, 17]",[136],[-2.5848342285965775],[-0.036705736975600756],[-0.21092502993625972],[-22.835769462101055],[-0.10891014726411474],0.3277583649882903,COMPLETE
213,-5.018465164240125,-0.03381912366479156,0.10056764273255347,-26.965217179254918,-0.009970953328563681,2025-01-09 15:44:04.388279,2025-01-09 15:44:09.570458,0 days 00:00:05.182179,0.07620637599359711,32,0.30000000000000004,128,100,2.247130664070793e-05,152,0.00048744024029025016,4,1,adadelta,"{'neurons_per_layer_encoder': [128], 'neurons_per_layer_decoder': [128, 64, 32, 16]}",128,"[128, 64, 32, 16]",[128],[-5.018465164240125],[-0.03381912366479156],[0.10056764273255347],[-26.965217179254918],[-0.009970953328563681],0.28728922871315044,COMPLETE
214,-2.4617980509317388,-0.1908246809459575,-0.004131823944838242,-28.4951839277091,-0.009036114373694337,2025-01-09 15:44:05.568583,2025-01-09 15:44:10.151146,0 days 00:00:04.582563,0.11804437547165127,32,0.30000000000000004,128,100,2.2596075927740378e-05,536,0.0014929172262171672,4,2,sgd,"{'neurons_per_layer_encoder': [128, 256], 'neurons_per_layer_decoder': [256, 128, 64, 32]}",128,"[256, 128, 64, 32]","[128, 256]",[-2.4617980509317388],[-0.1908246809459575],[-0.004131823944838242],[-28.4951839277091],[-0.009036114373694337],0.38184212903154197,COMPLETE
215,-2.93851094734446,0.005356798132145513,-0.008770991910769688,-31.034486315365186,-0.8839495563959621,2025-01-09 15:44:06.826351,2025-01-09 15:44:12.333245,0 days 00:00:05.506894,0.01849860473678921,32,0.4,128,100,2.2131148781146378e-05,312,1.577696438498013e-05,4,2,adadelta,"{'neurons_per_layer_encoder': [128, 256], 'neurons_per_layer_decoder': [256, 128, 64, 32]}",128,"[256, 128, 64, 32]","[128, 256]",[-2.93851094734446],[0.005356798132145513],[-0.008770991910769688],[-31.034486315365186],[-0.8839495563959621],0.31027151752928206,COMPLETE
216,-3.585426833846787,-0.0728835330309312,-0.181361640153904,-21.522966797840255,-0.769929091273766,2025-01-09 15:44:08.082434,2025-01-09 15:44:13.682178,0 days 00:00:05.599744,0.07127667918113315,32,0.4,224,100,3.248373561713605e-05,424,0.00016392788541518536,4,1,adadelta,"{'neurons_per_layer_encoder': [224], 'neurons_per_layer_decoder': [224, 112, 56, 28]}",224,"[224, 112, 56, 28]",[224],[-3.585426833846787],[-0.0728835330309312],[-0.181361640153904],[-21.522966797840255],[-0.769929091273766],0.4985063866869625,COMPLETE
217,-2.489195145953888,-0.46595820279787215,-0.018289444639841612,-17.606151405334614,0.15253311929439972,2025-01-09 15:44:08.216409,2025-01-09 15:44:13.091306,0 days 00:00:04.874897,0.10110383243397272,32,0.30000000000000004,124,100,3.2116051883055166e-05,544,0.0014681284007754462,4,2,sgd,"{'neurons_per_layer_encoder': [124, 248], 'neurons_per_layer_decoder': [248, 124, 62, 31]}",124,"[248, 124, 62, 31]","[124, 248]",[-2.489195145953888],[-0.46595820279787215],[-0.018289444639841612],[-17.606151405334614],[0.15253311929439972],0.5120889515651303,COMPLETE
218,-1.2361111229796706,-0.19450519227753982,-0.1791404829911727,-41.98195976141693,-0.898647318691447,2025-01-09 15:44:08.790328,2025-01-09 15:44:13.540649,0 days 00:00:04.750321,0.014794012200318663,32,0.2,128,100,3.414589185705529e-05,264,0.0014574860778190433,4,1,sgd,"{'neurons_per_layer_encoder': [128], 'neurons_per_layer_decoder': [128, 64, 32, 16]}",128,"[128, 64, 32, 16]",[128],[-1.2361111229796706],[-0.19450519227753982],[-0.1791404829911727],[-41.98195976141693],[-0.898647318691447],0.3659623924864263,COMPLETE
219,-6.065060515583814,-0.6376769355110297,-0.061189734941046625,-42.39755389357769,-0.11004650610790967,2025-01-09 15:44:09.577446,2025-01-09 15:44:14.239565,0 days 00:00:04.662119,0.014861329816263527,32,0.2,128,100,0.0004401535498288781,264,0.0015096508253092875,4,1,sgd,"{'neurons_per_layer_encoder': [128], 'neurons_per_layer_decoder': [128, 64, 32, 16]}",128,"[128, 64, 32, 16]",[128],[-6.065060515583814],[-0.6376769355110297],[-0.061189734941046625],[-42.39755389357769],[-0.11004650610790967],0.5976196891248309,COMPLETE
220,-1.2727588070505984,-0.08946293469258793,0.02161430715769308,-27.995647115246932,0.1614083099863387,2025-01-09 15:44:10.158195,2025-01-09 15:44:14.855469,0 days 00:00:04.697274,0.1764011053688867,32,0.2,184,100,3.3007022325804804e-05,368,0.0020756634763362367,4,1,sgd,"{'neurons_per_layer_encoder': [184], 'neurons_per_layer_decoder': [184, 92, 46, 23]}",184,"[184, 92, 46, 23]",[184],[-1.2727588070505984],[-0.08946293469258793],[0.02161430715769308],[-27.995647115246932],[0.1614083099863387],0.3247082670464329,COMPLETE
221,-1.5641644104766743,-0.41020468554665057,-0.047723003859573065,-5.135558990222267,-0.30695153489903726,2025-01-09 15:44:12.339725,2025-01-09 15:44:18.169030,0 days 00:00:05.829305,0.09122155735974802,40,0.2,108,100,4.75245611561345e-05,132,0.0021318982026619334,4,1,sgd,"{'neurons_per_layer_encoder': [108], 'neurons_per_layer_decoder': [108, 54, 27, 13]}",108,"[108, 54, 27, 13]",[108],[-1.5641644104766743],[-0.41020468554665057],[-0.047723003859573065],[-5.135558990222267],[-0.30695153489903726],0.42673780886012336,COMPLETE
222,-8.858258784157671,-0.1111418879836299,-0.09646594886485493,-22.99817464189442,-0.0801115146509368,2025-01-09 15:44:13.101016,2025-01-09 15:44:17.862046,0 days 00:00:04.761030,0.18432782052871957,40,0.2,236,100,1.8618476001610825e-05,436,7.425042529686607e-05,4,1,sgd,"{'neurons_per_layer_encoder': [236], 'neurons_per_layer_decoder': [236, 118, 59, 29]}",236,"[236, 118, 59, 29]",[236],[-8.858258784157671],[-0.1111418879836299],[-0.09646594886485493],[-22.99817464189442],[-0.0801115146509368],0.36240062238045934,COMPLETE
223,-7.5437857580494985,-0.09430177704027409,-0.0538677254530362,-11.42802337752893,0.1816088077957262,2025-01-09 15:44:13.548118,2025-01-09 15:44:18.842610,0 days 00:00:05.294492,0.017031242260228573,40,0.2,108,100,1.805218776582073e-05,132,0.0020970867357856643,2,1,adadelta,"{'neurons_per_layer_encoder': [108], 'neurons_per_layer_decoder': [108, 54]}",108,"[108, 54]",[108],[-7.5437857580494985],[-0.09430177704027409],[-0.0538677254530362],[-11.42802337752893],[0.1816088077957262],0.36205469992884826,COMPLETE
224,-0.08607832365667178,-0.03919117606986333,-0.022880718255431587,-5.6691237001210135,-0.12263072669457031,2025-01-09 15:44:13.689710,2025-01-09 15:44:19.787052,0 days 00:00:06.097342,0.1709479155160062,40,0.2,240,100,0.00013675389727090253,568,0.0021073016132084252,2,1,sgd,"{'neurons_per_layer_encoder': [240], 'neurons_per_layer_decoder': [240, 120]}",240,"[240, 120]",[240],[-0.08607832365667178],[-0.03919117606986333],[-0.022880718255431587],[-5.6691237001210135],[-0.12263072669457031],0.7253728324500857,COMPLETE
225,-1.5481985606162412,0.44301009337009767,0.09291771421846495,-5.096890816773036,-0.009198371756318435,2025-01-09 15:44:14.245703,2025-01-09 15:44:20.539384,0 days 00:00:06.293681,0.01692903334174206,40,0.2,108,100,0.0009359596960449277,132,8.067109359632725e-05,2,1,adam,"{'neurons_per_layer_encoder': [108], 'neurons_per_layer_decoder': [108, 54]}",108,"[108, 54]",[108],[-1.5481985606162412],[0.44301009337009767],[0.09291771421846495],[-5.096890816773036],[-0.009198371756318435],0.8339009359888799,COMPLETE
226,0.4039088368675441,0.3009714294661714,-0.14871572898394825,0.2724466351228657,-0.10928449492997072,2025-01-09 15:44:14.861321,2025-01-09 15:44:21.598695,0 days 00:00:06.737374,0.016767100812655335,40,0.2,236,100,4.9377679153386685e-05,324,0.002209032692809273,2,1,adam,"{'neurons_per_layer_encoder': [236], 'neurons_per_layer_decoder': [236, 118]}",236,"[236, 118]",[236],[0.4039088368675441],[0.3009714294661714],[-0.14871572898394825],[0.2724466351228657],[-0.10928449492997072],-0.4119232231428125,COMPLETE
227,0.5260938455252531,0.5247506126799006,-0.019101191247201665,0.2847699059259544,0.2767977255955689,2025-01-09 15:44:17.868790,2025-01-09 15:44:24.534747,0 days 00:00:06.665957,0.09279774822448209,32,0.2,108,100,4.077339560971199e-05,132,0.0021924534618173275,2,1,adam,"{'neurons_per_layer_encoder': [108], 'neurons_per_layer_decoder': [108, 54]}",108,"[108, 54]",[108],[0.5260938455252531],[0.5247506126799006],[-0.019101191247201665],[0.2847699059259544],[0.2767977255955689],-0.11568299404989185,COMPLETE
228,-0.3025043175923352,0.5226762663989359,0.06399463228607816,-1.4155065292134132,-0.23246555918841283,2025-01-09 15:44:18.186289,2025-01-09 15:44:24.842662,0 days 00:00:06.656373,0.016613025101748627,32,0.2,112,100,4.0964031191691926e-05,136,0.00012015316429624794,2,1,adam,"{'neurons_per_layer_encoder': [112], 'neurons_per_layer_decoder': [112, 56]}",112,"[112, 56]",[112],[-0.3025043175923352],[0.5226762663989359],[0.06399463228607816],[-1.4155065292134132],[-0.23246555918841283],0.2826808212742874,COMPLETE
229,0.3737302205608696,0.12878431830194192,-0.17951026726731145,-0.18073040976996535,0.27956918354406957,2025-01-09 15:44:18.850301,2025-01-09 15:44:25.995617,0 days 00:00:07.145316,0.015247366634029745,32,0.2,112,100,6.387374822373756e-06,136,0.002296703049982233,4,1,adam,"{'neurons_per_layer_encoder': [112], 'neurons_per_layer_decoder': [112, 56, 28, 14]}",112,"[112, 56, 28, 14]",[112],[0.3737302205608696],[0.12878431830194192],[-0.17951026726731145],[-0.18073040976996535],[0.27956918354406957],-0.3905886604744662,COMPLETE
230,0.5329763142961135,0.12735437604322442,-0.29464011678340407,-0.16076007356466193,0.31628871514161105,2025-01-09 15:44:19.793539,2025-01-09 15:44:26.928874,0 days 00:00:07.135335,0.01657305585595756,32,0.2,116,100,4.442021498248521e-05,140,0.003051150379129368,4,1,adam,"{'neurons_per_layer_encoder': [116], 'neurons_per_layer_decoder': [116, 58, 29, 14]}",116,"[116, 58, 29, 14]",[116],[0.5329763142961135],[0.12735437604322442],[-0.29464011678340407],[-0.16076007356466193],[0.31628871514161105],-0.09815661980409487,COMPLETE
231,0.367187584849351,0.2202959202509528,-0.43037275535730624,-0.44279626086674195,0.4912187183096589,2025-01-09 15:44:20.546878,2025-01-09 15:44:27.722597,0 days 00:00:07.175719,0.015291806433540884,32,0.2,116,100,6.54082851737591e-06,140,0.0031431843667378894,4,1,adam,"{'neurons_per_layer_encoder': [116], 'neurons_per_layer_decoder': [116, 58, 29, 14]}",116,"[116, 58, 29, 14]",[116],[0.367187584849351],[0.2202959202509528],[-0.43037275535730624],[-0.44279626086674195],[0.4912187183096589],-0.4718236964571864,COMPLETE
232,0.5666764087994735,0.45193103720783423,0.1406032793657821,-0.21328358109435874,0.25561526895848197,2025-01-09 15:44:21.604703,2025-01-09 15:44:28.688022,0 days 00:00:07.083319,0.015339192186166207,32,0.2,112,100,4.2227745600391094e-05,136,0.0030731854394115718,4,1,adam,"{'neurons_per_layer_encoder': [112], 'neurons_per_layer_decoder': [112, 56, 28, 14]}",112,"[112, 56, 28, 14]",[112],[0.5666764087994735],[0.45193103720783423],[0.1406032793657821],[-0.21328358109435874],[0.25561526895848197],0.20430274156493147,COMPLETE
