number,values_0,values_1,values_2,values_3,values_4,datetime_start,datetime_complete,duration,params_alpha,params_batch_size,params_drop_out_rate,params_encoder_neurons_layer_1,params_epochs,params_lambda,params_latent_dim,params_learning_rate,params_num_layers_decoder,params_num_layers_encoder,params_optimizer,user_attrs_encoder_decoder_config,user_attrs_first_layer_neurons,user_attrs_neurons_per_layer_decoder,user_attrs_neurons_per_layer_encoder,user_attrs_r2_feature_1,user_attrs_r2_feature_2,user_attrs_r2_feature_3,user_attrs_r2_feature_4,user_attrs_r2_feature_5,user_attrs_relative_deterioration,state
601,0.22176657724204163,0.1379285891298565,-0.04439357824364176,-0.5996642549605777,0.11287124236807244,2025-01-09 17:19:45.485976,2025-01-09 17:19:57.351550,0 days 00:00:11.865574,0.030207883275480924,32,0.2,4,100,8.089894262279041e-05,86,0.0006529905563702139,1,5,adam,"{'neurons_per_layer_encoder': [4, 8, 16, 32, 64], 'neurons_per_layer_decoder': [64]}",4,[64],"[4, 8, 16, 32, 64]",[0.22176657724204163],[0.1379285891298565],[-0.04439357824364176],[-0.5996642549605777],[0.11287124236807244],0.3546421514926711,COMPLETE
602,0.0034191096069341453,-1.0823659413650462,-0.223663472347029,-37.46220449146329,-2.427669065573339,2025-01-09 17:19:47.920710,2025-01-09 17:20:34.979400,0 days 00:00:47.058690,0.029086360820108046,32,0.2,240,100,8.295166357208346e-05,3864,0.00521498445420199,1,5,adam,"{'neurons_per_layer_encoder': [240, 480, 960, 1920, 3840], 'neurons_per_layer_decoder': [3840]}",240,[3840],"[240, 480, 960, 1920, 3840]",[0.0034191096069341453],[-1.0823659413650462],[-0.223663472347029],[-37.46220449146329],[-2.427669065573339],0.6611566098210637,COMPLETE
603,0.10041818519377965,0.17213270533871383,-0.3309663956039186,-1.0953559607883947,0.2376056486824335,2025-01-09 17:19:47.950407,2025-01-09 17:20:08.207751,0 days 00:00:20.257344,0.1608994821252392,32,0.2,24,100,1.6667328427585066e-05,632,4.0429847217864354e-05,1,5,adam,"{'neurons_per_layer_encoder': [24, 48, 96, 192, 384], 'neurons_per_layer_decoder': [384]}",24,[384],"[24, 48, 96, 192, 384]",[0.10041818519377965],[0.17213270533871383],[-0.3309663956039186],[-1.0953559607883947],[0.2376056486824335],0.3896146953135126,COMPLETE
604,-1.6105848626181958,-0.4753029926126504,-0.6195089226817476,-29.52921179929915,-1.315609940111719,2025-01-09 17:19:49.274088,2025-01-09 17:20:38.523997,0 days 00:00:49.249909,0.02188258709550208,32,0.2,236,100,7.345390023354525e-05,3800,0.005136826705768305,1,5,adam,"{'neurons_per_layer_encoder': [236, 472, 944, 1888, 3776], 'neurons_per_layer_decoder': [3776]}",236,[3776],"[236, 472, 944, 1888, 3776]",[-1.6105848626181958],[-0.4753029926126504],[-0.6195089226817476],[-29.52921179929915],[-1.315609940111719],0.7132715383408256,COMPLETE
605,-2.113721541035859,-0.15251437464275397,-0.110390714682854,-16.987107806931693,-0.008852324935122446,2025-01-09 17:19:57.379130,2025-01-09 17:20:14.204818,0 days 00:00:16.825688,0.021274052933619152,32,0.2,20,100,6.723420162123472e-05,22,1.2259871311645486e-05,1,1,adam,"{'neurons_per_layer_encoder': [20], 'neurons_per_layer_decoder': [20]}",20,[20],[20],[-2.113721541035859],[-0.15251437464275397],[-0.110390714682854],[-16.987107806931693],[-0.008852324935122446],0.2784560138708123,COMPLETE
606,0.3267293747671658,0.28233137879761194,-0.2136868165879413,-0.7533706720217406,0.1761414122120094,2025-01-09 17:20:08.222985,2025-01-09 17:20:32.724023,0 days 00:00:24.501038,0.021845846832251006,32,0.2,236,100,7.207795304943231e-05,484,6.769508415807426e-05,1,1,adam,"{'neurons_per_layer_encoder': [236], 'neurons_per_layer_decoder': [236]}",236,[236],[236],[0.3267293747671658],[0.28233137879761194],[-0.2136868165879413],[-0.7533706720217406],[0.1761414122120094],0.3373641091787045,COMPLETE
607,-0.03574768101958492,-0.12345813917522874,-0.02601955423667901,-1.2649230746612572,0.08704961058480598,2025-01-09 17:20:14.221898,2025-01-09 17:20:36.979346,0 days 00:00:22.757448,0.023280874868651328,120,0.2,236,100,7.270760979474872e-05,356,6.594873469570782e-05,1,1,adam,"{'neurons_per_layer_encoder': [236], 'neurons_per_layer_decoder': [236]}",236,[236],[236],[-0.03574768101958492],[-0.12345813917522874],[-0.02601955423667901],[-1.2649230746612572],[0.08704961058480598],0.30831285764711586,COMPLETE
608,0.5966116416533835,0.2996217001337066,-0.14065252029293895,0.21378220684567073,-0.0919558778580607,2025-01-09 17:20:32.743575,2025-01-09 17:20:45.808502,0 days 00:00:13.064927,0.13167489098197108,40,0.2,252,100,4.621278022378158e-05,436,0.005157323960955135,1,1,adam,"{'neurons_per_layer_encoder': [252], 'neurons_per_layer_decoder': [252]}",252,[252],[252],[0.5966116416533835],[0.2996217001337066],[-0.14065252029293895],[0.21378220684567073],[-0.0919558778580607],-1.1017215087507137,COMPLETE
609,0.248345860636755,0.018642006679719048,-0.1839190099007082,0.016079127706049468,-0.09120564756808425,2025-01-09 17:20:34.997408,2025-01-09 17:20:45.950909,0 days 00:00:10.953501,0.023446459430533164,120,0.2,252,100,4.419115026529701e-05,436,0.004069890128835441,1,1,adam,"{'neurons_per_layer_encoder': [252], 'neurons_per_layer_decoder': [252]}",252,[252],[252],[0.248345860636755],[0.018642006679719048],[-0.1839190099007082],[0.016079127706049468],[-0.09120564756808425],-0.5433025085763075,COMPLETE
610,0.3976432457152852,0.14301192320366762,-0.2215430916336001,0.21859982722008342,0.0846284265395334,2025-01-09 17:20:36.996266,2025-01-09 17:20:46.862070,0 days 00:00:09.865804,0.023549155727063717,40,0.2,252,100,4.8264617303265e-05,436,0.006045161100674303,1,1,adam,"{'neurons_per_layer_encoder': [252], 'neurons_per_layer_decoder': [252]}",252,[252],[252],[0.3976432457152852],[0.14301192320366762],[-0.2215430916336001],[0.21859982722008342],[0.0846284265395334],-1.2707870192614643,COMPLETE
611,0.5838037121890371,0.2147951178807903,-0.019192182750659814,-4.232595136583744,0.056086572894387454,2025-01-09 17:20:38.536715,2025-01-09 17:20:47.749265,0 days 00:00:09.212550,0.039142841173879284,40,0.2,252,100,4.564945043522885e-05,436,3.6512048641143704e-05,1,1,adam,"{'neurons_per_layer_encoder': [252], 'neurons_per_layer_decoder': [252]}",252,[252],[252],[0.5838037121890371],[0.2147951178807903],[-0.019192182750659814],[-4.232595136583744],[0.056086572894387454],0.31773466969867964,COMPLETE
612,0.3429667357626214,0.3024378436606545,-0.07342084113229963,0.2874481221136236,-0.06222165415685743,2025-01-09 17:20:45.499037,2025-01-09 17:20:51.538286,0 days 00:00:06.039249,0.025127049822059617,40,0.2,252,100,4.52405975050031e-05,436,0.0037352750038471766,1,1,adam,"{'neurons_per_layer_encoder': [252], 'neurons_per_layer_decoder': [252]}",252,[252],[252],[0.3429667357626214],[0.3024378436606545],[-0.07342084113229963],[0.2874481221136236],[-0.06222165415685743],-1.109453334976285,COMPLETE
613,-0.24889530461443465,0.1253716267988113,-0.3445000496057531,-0.14622852524599272,-0.08204886459870742,2025-01-09 17:20:45.816051,2025-01-09 17:20:51.654215,0 days 00:00:05.838164,0.025221723312095375,96,0.2,228,100,5.270341169750646e-05,476,0.003839239702546931,1,1,adam,"{'neurons_per_layer_encoder': [228], 'neurons_per_layer_decoder': [228]}",228,[228],[228],[-0.24889530461443465],[0.1253716267988113],[-0.3445000496057531],[-0.14622852524599272],[-0.08204886459870742],-1.8013653199119106,COMPLETE
614,0.27216067797915944,0.33637811098799786,-0.18886314177222596,-0.3952104238106522,0.2061867842491768,2025-01-09 17:20:45.959312,2025-01-09 17:20:53.412639,0 days 00:00:07.453327,0.011396612644889075,40,0.2,228,100,6.891868298049923e-05,460,0.0005265794743654142,3,1,adam,"{'neurons_per_layer_encoder': [228], 'neurons_per_layer_decoder': [228, 114, 57]}",228,"[228, 114, 57]",[228],[0.27216067797915944],[0.33637811098799786],[-0.18886314177222596],[-0.3952104238106522],[0.2061867842491768],0.41020008938841723,COMPLETE
615,0.37752149396700896,0.28671480869851595,0.07589555921308677,0.06788280418010584,0.008697120141950454,2025-01-09 17:20:46.869466,2025-01-09 17:21:01.282880,0 days 00:00:14.413414,0.011428065041280536,32,0.2,228,100,6.719266492947842e-05,936,0.0036165965753390474,3,3,adam,"{'neurons_per_layer_encoder': [228, 456, 912], 'neurons_per_layer_decoder': [912, 456, 228]}",228,"[912, 456, 228]","[228, 456, 912]",[0.37752149396700896],[0.28671480869851595],[0.07589555921308677],[0.06788280418010584],[0.008697120141950454],0.35764621685092696,COMPLETE
616,0.5760988454867453,-0.1516005218655272,-0.06787922079788089,-7.004150138868159,0.057074926895292366,2025-01-09 17:20:47.757972,2025-01-09 17:20:55.547459,0 days 00:00:07.789487,0.025504115581866625,32,0.2,228,100,6.608959278276929e-05,460,3.097629204567689e-05,3,1,adam,"{'neurons_per_layer_encoder': [228], 'neurons_per_layer_decoder': [228, 114, 57]}",228,"[228, 114, 57]",[228],[0.5760988454867453],[-0.1516005218655272],[-0.06787922079788089],[-7.004150138868159],[0.057074926895292366],0.5569690627040494,COMPLETE
617,0.4370386844366786,-0.054587972426761056,-0.38997697368391204,-0.12383195867616004,0.3401080511701561,2025-01-09 17:20:51.546439,2025-01-09 17:21:04.604252,0 days 00:00:13.057813,0.017007248315728963,32,0.2,228,100,0.0007355901275393076,1368,0.003428668712505302,3,3,adam,"{'neurons_per_layer_encoder': [228, 456, 912], 'neurons_per_layer_decoder': [912, 456, 228]}",228,"[912, 456, 228]","[228, 456, 912]",[0.4370386844366786],[-0.054587972426761056],[-0.38997697368391204],[-0.12383195867616004],[0.3401080511701561],0.525645296741331,COMPLETE
618,0.45087931308391793,-0.04754818706478381,-0.20885460611518814,-1.896135505767091,-0.15796526622227858,2025-01-09 17:20:51.664302,2025-01-09 17:21:01.677538,0 days 00:00:10.013236,0.14998639190716023,64,0.2,232,100,6.482992814143636e-05,488,0.00010670474464608609,3,2,adam,"{'neurons_per_layer_encoder': [232, 464], 'neurons_per_layer_decoder': [464, 232, 116]}",232,"[464, 232, 116]","[232, 464]",[0.45087931308391793],[-0.04754818706478381],[-0.20885460611518814],[-1.896135505767091],[-0.15796526622227858],0.6827648161628435,COMPLETE
619,-7.354691471035434,-0.004434822708239583,0.016112912401819224,-8.47755869505987,-0.23272409035161723,2025-01-09 17:20:53.421071,2025-01-09 17:21:01.427502,0 days 00:00:08.006431,0.028567320481019558,64,0.2,244,100,0.00028753990253986214,412,1.6219369518840624e-05,4,1,adam,"{'neurons_per_layer_encoder': [244], 'neurons_per_layer_decoder': [244, 122, 61, 30]}",244,"[244, 122, 61, 30]",[244],[-7.354691471035434],[-0.004434822708239583],[0.016112912401819224],[-8.47755869505987],[-0.23272409035161723],0.7637142816051321,COMPLETE
620,-2.326880609140865,-0.13611870273296667,0.022924907824126595,-22.11377400927805,-0.8864386982623884,2025-01-09 17:20:55.554305,2025-01-09 17:21:02.665043,0 days 00:00:07.110738,0.017258294541532836,32,0.1,244,100,5.434046776929969e-05,412,5.788377007527972e-05,4,1,adam,"{'neurons_per_layer_encoder': [244], 'neurons_per_layer_decoder': [244, 122, 61, 30]}",244,"[244, 122, 61, 30]",[244],[-2.326880609140865],[-0.13611870273296667],[0.022924907824126595],[-22.11377400927805],[-0.8864386982623884],0.2574554052204464,COMPLETE
621,-1.6669098519897076,-0.02627868629161023,-0.035459746911227885,-29.72722239505854,-0.004574994670677901,2025-01-09 17:21:01.290578,2025-01-09 17:21:07.835012,0 days 00:00:06.544434,0.028203330641345174,32,0.2,64,100,0.00011937436013192276,584,5.616287950979422e-05,4,3,adam,"{'neurons_per_layer_encoder': [64, 128, 256], 'neurons_per_layer_decoder': [256, 128, 64, 32]}",64,"[256, 128, 64, 32]","[64, 128, 256]",[-1.6669098519897076],[-0.02627868629161023],[-0.035459746911227885],[-29.72722239505854],[-0.004574994670677901],0.7070220248595915,COMPLETE
622,0.5921575885807293,0.6032051243040317,0.10560278861722361,0.2633057268746736,0.06206709256619658,2025-01-09 17:21:01.436241,2025-01-09 17:21:07.961049,0 days 00:00:06.524808,0.016757187031160393,32,0.2,64,100,9.941309699093804e-06,102,0.0031864283872105404,1,1,adam,"{'neurons_per_layer_encoder': [64], 'neurons_per_layer_decoder': [64]}",64,[64],[64],[0.5921575885807293],[0.6032051243040317],[0.10560278861722361],[0.2633057268746736],[0.06206709256619658],-0.4778594544161931,COMPLETE
623,0.18311355903097248,0.11804992775342327,-0.2665311887969184,-2.453097264538304,0.36558002844407245,2025-01-09 17:21:01.684026,2025-01-09 17:21:11.743538,0 days 00:00:10.059512,0.02272614178450975,32,0.1,240,100,9.381785053063812e-05,984,0.002385376369018844,1,3,sgd,"{'neurons_per_layer_encoder': [240, 480, 960], 'neurons_per_layer_decoder': [960]}",240,[960],"[240, 480, 960]",[0.18311355903097248],[0.11804992775342327],[-0.2665311887969184],[-2.453097264538304],[0.36558002844407245],0.8416874321983194,COMPLETE
624,0.4373420561980369,0.13522736160969917,-0.27467514842612517,-2.129375555736551,0.12296414268498157,2025-01-09 17:21:02.673557,2025-01-09 17:21:13.086829,0 days 00:00:10.413272,0.020518724892863598,32,0.2,236,100,9.246774328792133e-05,1640,0.002441076434586074,1,3,sgd,"{'neurons_per_layer_encoder': [236, 472, 944], 'neurons_per_layer_decoder': [944]}",236,[944],"[236, 472, 944]",[0.4373420561980369],[0.13522736160969917],[-0.27467514842612517],[-2.129375555736551],[0.12296414268498157],0.8541886818971095,COMPLETE
625,-4.544127044432168,0.014803811633971264,-0.01780263555351347,-38.37411450965583,-0.20389593019060115,2025-01-09 17:21:04.614927,2025-01-09 17:21:09.346792,0 days 00:00:04.731865,0.020694397346665772,32,0.2,184,100,3.13356219418105e-05,320,0.00024153901156105803,1,1,sgd,"{'neurons_per_layer_encoder': [184], 'neurons_per_layer_decoder': [184]}",184,[184],[184],[-4.544127044432168],[0.014803811633971264],[-0.01780263555351347],[-38.37411450965583],[-0.20389593019060115],0.3419400548262203,COMPLETE
626,-1.1987445398252392,-0.13248221131738092,-0.3989554474465331,-21.54433352824331,-0.5173700623605133,2025-01-09 17:21:07.844040,2025-01-09 17:21:12.574505,0 days 00:00:04.730465,0.02072172405915088,56,0.2,236,100,1.0095811617760974e-05,404,0.002463765147979005,1,1,sgd,"{'neurons_per_layer_encoder': [236], 'neurons_per_layer_decoder': [236]}",236,[236],[236],[-1.1987445398252392],[-0.13248221131738092],[-0.3989554474465331],[-21.54433352824331],[-0.5173700623605133],0.47195927108375124,COMPLETE
627,0.257055918530655,-0.031195986342617887,-0.09379884225253332,0.23843532320802296,0.1540285432316233,2025-01-09 17:21:07.968783,2025-01-09 17:21:14.242965,0 days 00:00:06.274182,0.015436203716081762,32,0.2,236,100,8.199011993331445e-06,688,0.002952986402693724,1,2,adam,"{'neurons_per_layer_encoder': [236, 472], 'neurons_per_layer_decoder': [472]}",236,[472],"[236, 472]",[0.257055918530655],[-0.031195986342617887],[-0.09379884225253332],[0.23843532320802296],[0.1540285432316233],-0.17738862731138116,COMPLETE
628,0.3485085612763098,0.3495851581444739,-0.12215330487982423,-0.14026701659717533,0.14498405550678728,2025-01-09 17:21:09.353784,2025-01-09 17:21:15.089490,0 days 00:00:05.735706,0.0160916789254642,32,0.2,32,100,1.0716753446144202e-05,86,0.0029605987864988713,1,2,adam,"{'neurons_per_layer_encoder': [32, 64], 'neurons_per_layer_decoder': [64]}",32,[64],"[32, 64]",[0.3485085612763098],[0.3495851581444739],[-0.12215330487982423],[-0.14026701659717533],[0.14498405550678728],-0.45082294267680684,COMPLETE
629,0.059248706644723814,0.22091113276837082,-0.3370721269176875,0.02183749312912886,0.020677673778610184,2025-01-09 17:21:11.752180,2025-01-09 17:21:18.175223,0 days 00:00:06.423043,0.0159092048454276,32,0.2,236,100,1.0187590398612222e-05,496,0.0029385981534770372,1,2,adam,"{'neurons_per_layer_encoder': [236, 472], 'neurons_per_layer_decoder': [472]}",236,[472],"[236, 472]",[0.059248706644723814],[0.22091113276837082],[-0.3370721269176875],[0.02183749312912886],[0.020677673778610184],-0.4288416232000296,COMPLETE
630,0.5615940219315607,0.5259144758330242,0.17821709675720765,0.14309335580713956,0.5396527871148376,2025-01-09 17:21:12.581659,2025-01-09 17:21:21.004594,0 days 00:00:08.422935,0.015096062418232513,32,0.2,232,100,9.175343793250726e-05,712,0.002938746763085932,1,2,adam,"{'neurons_per_layer_encoder': [232, 464], 'neurons_per_layer_decoder': [464]}",232,[464],"[232, 464]",[0.5615940219315607],[0.5259144758330242],[0.17821709675720765],[0.14309335580713956],[0.5396527871148376],0.3150783371943621,COMPLETE
631,0.01786527064594945,0.5392146054886362,0.01965665535324168,0.18012884841646837,0.198219415188426,2025-01-09 17:21:13.098941,2025-01-09 17:21:19.722744,0 days 00:00:06.623803,0.015381808858641408,32,0.2,68,100,0.0001932454814860221,320,0.0030429178427711892,1,2,adam,"{'neurons_per_layer_encoder': [68, 136], 'neurons_per_layer_decoder': [136]}",68,[136],"[68, 136]",[0.01786527064594945],[0.5392146054886362],[0.01965665535324168],[0.18012884841646837],[0.198219415188426],0.002400699872366512,COMPLETE
632,0.057780687374081485,0.30386787255929526,0.04161043750200977,0.045616869297916196,0.28915797720783665,2025-01-09 17:21:14.250951,2025-01-09 17:21:20.009695,0 days 00:00:05.758744,0.016446501687950782,32,0.2,32,100,8.580070200450405e-06,51,0.003260930337172647,1,1,adam,"{'neurons_per_layer_encoder': [32], 'neurons_per_layer_decoder': [32]}",32,[32],[32],[0.057780687374081485],[0.30386787255929526],[0.04161043750200977],[0.045616869297916196],[0.28915797720783665],-0.5369851633383341,COMPLETE
633,-0.4135727004100138,0.07308101233096209,-0.17684761297535445,0.25696293808771076,0.06231508412719533,2025-01-09 17:21:15.095884,2025-01-09 17:21:21.049367,0 days 00:00:05.953483,0.018684071089122525,32,0.2,224,100,1.1473901968007922e-05,472,0.003521625022509942,1,2,adam,"{'neurons_per_layer_encoder': [224, 448], 'neurons_per_layer_decoder': [448]}",224,[448],"[224, 448]",[-0.4135727004100138],[0.07308101233096209],[-0.17684761297535445],[0.25696293808771076],[0.06231508412719533],-0.20988981770614445,COMPLETE
634,0.7038717498398399,0.19823386946019605,-0.1553258996846436,0.08516492480695481,0.46602995653484935,2025-01-09 17:21:18.183807,2025-01-09 17:21:24.645772,0 days 00:00:06.461965,0.018355391040625262,32,0.2,68,100,0.00011481414938189974,320,0.0033986810632629515,1,2,adam,"{'neurons_per_layer_encoder': [68, 136], 'neurons_per_layer_decoder': [136]}",68,[136],"[68, 136]",[0.7038717498398399],[0.19823386946019605],[-0.1553258996846436],[0.08516492480695481],[0.46602995653484935],-0.1049617095375253,COMPLETE
635,0.4399150702718123,0.34956897458241065,-0.2091499330571598,0.3368012743802098,0.3825715748066132,2025-01-09 17:21:19.732265,2025-01-09 17:21:28.155873,0 days 00:00:08.423608,0.01838037957926317,32,0.2,160,100,1.1959634598891709e-05,728,0.0034615491562236026,1,2,adam,"{'neurons_per_layer_encoder': [160, 320], 'neurons_per_layer_decoder': [320]}",160,[320],"[160, 320]",[0.4399150702718123],[0.34956897458241065],[-0.2091499330571598],[0.3368012743802098],[0.3825715748066132],-0.3262513726927996,COMPLETE
636,-0.0977917844202516,0.12705146940807277,0.0013846175657299398,0.18166280905070076,0.3966896293658726,2025-01-09 17:21:20.017946,2025-01-09 17:21:28.716746,0 days 00:00:08.698800,0.017071378055662532,32,0.2,224,100,8.52780440044237e-05,856,0.004164864732819527,1,2,adam,"{'neurons_per_layer_encoder': [224, 448], 'neurons_per_layer_decoder': [448]}",224,[448],"[224, 448]",[-0.0977917844202516],[0.12705146940807277],[0.0013846175657299398],[0.18166280905070076],[0.3966896293658726],0.12894674357657065,COMPLETE
637,-0.5888681557725535,-0.035601631691025704,-0.30891505104747985,-22.236002958049177,-0.10185692109924682,2025-01-09 17:21:21.012509,2025-01-09 17:21:28.669080,0 days 00:00:07.656571,0.01447061523647786,56,0.4,228,100,0.00012180111096936467,880,0.0003034882159105622,5,2,adadelta,"{'neurons_per_layer_encoder': [228, 456], 'neurons_per_layer_decoder': [456, 228, 114, 57, 28]}",228,"[456, 228, 114, 57, 28]","[228, 456]",[-0.5888681557725535],[-0.035601631691025704],[-0.30891505104747985],[-22.236002958049177],[-0.10185692109924682],0.7735094243698798,COMPLETE
638,-4.911867390182861,-0.017247104045757355,-0.26742304074268897,-25.91209002160724,-0.09868093550817258,2025-01-09 17:21:21.056408,2025-01-09 17:21:27.452571,0 days 00:00:06.396163,0.013658576031276834,80,0.4,228,100,0.00013044745763256496,864,0.002668687115295272,5,2,adadelta,"{'neurons_per_layer_encoder': [228, 456], 'neurons_per_layer_decoder': [456, 228, 114, 57, 28]}",228,"[456, 228, 114, 57, 28]","[228, 456]",[-4.911867390182861],[-0.017247104045757355],[-0.26742304074268897],[-25.91209002160724],[-0.09868093550817258],0.7521478980926477,COMPLETE
639,-4.4127438730897195,-0.14796728718451124,-0.06518241604145536,-11.518213142413332,-0.01894140018020063,2025-01-09 17:21:24.655090,2025-01-09 17:21:32.978781,0 days 00:00:08.323691,0.014203179521943018,96,0.4,232,100,0.00012036654714991182,888,0.000305789962076202,5,2,adadelta,"{'neurons_per_layer_encoder': [232, 464], 'neurons_per_layer_decoder': [464, 232, 116, 58, 29]}",232,"[464, 232, 116, 58, 29]","[232, 464]",[-4.4127438730897195],[-0.14796728718451124],[-0.06518241604145536],[-11.518213142413332],[-0.01894140018020063],0.8018298120561805,COMPLETE
640,-2.359394865179998,-0.009792019349267544,-0.5753684625416522,-13.39942544933546,-0.1797362368874844,2025-01-09 17:21:27.460635,2025-01-09 17:21:34.029996,0 days 00:00:06.569361,0.013939562040152946,104,0.4,64,100,0.00011729381488574713,296,0.0002885391738338204,5,2,adadelta,"{'neurons_per_layer_encoder': [64, 128], 'neurons_per_layer_decoder': [128, 64, 32, 16, 8]}",64,"[128, 64, 32, 16, 8]","[64, 128]",[-2.359394865179998],[-0.009792019349267544],[-0.5753684625416522],[-13.39942544933546],[-0.1797362368874844],0.5466314322817576,COMPLETE
