number,values_0,values_1,values_2,values_3,values_4,datetime_start,datetime_complete,duration,params_alpha,params_batch_size,params_drop_out_rate,params_encoder_neurons_layer_1,params_epochs,params_lambda,params_latent_dim,params_learning_rate,params_num_layers_decoder,params_num_layers_encoder,params_optimizer,user_attrs_encoder_decoder_config,user_attrs_first_layer_neurons,user_attrs_neurons_per_layer_decoder,user_attrs_neurons_per_layer_encoder,user_attrs_r2_feature_1,user_attrs_r2_feature_2,user_attrs_r2_feature_3,user_attrs_r2_feature_4,user_attrs_r2_feature_5,user_attrs_relative_deterioration,state
77,-0.14918121531481265,-0.1847255013843414,-0.21114318846051128,-0.45325079348736796,-0.724952863504903,2025-01-09 15:40:02.472857,2025-01-09 15:40:09.264695,0 days 00:00:06.791838,0.01863869253319373,40,0.2,112,100,5.77699848727526e-06,952,0.0035698738464904857,3,4,adam,"{'neurons_per_layer_encoder': [112, 224, 448, 896], 'neurons_per_layer_decoder': [896, 448, 224]}",112,"[896, 448, 224]","[112, 224, 448, 896]",[-0.14918121531481265],[-0.1847255013843414],[-0.21114318846051128],[-0.45325079348736796],[-0.724952863504903],-0.10689406719506621,COMPLETE
78,0.1099064962145192,0.18834516227620746,-0.15902393757816702,-0.44068355618889443,0.08901028702342983,2025-01-09 15:40:05.252171,2025-01-09 15:40:14.627116,0 days 00:00:09.374945,0.01942989352923049,40,0.2,72,100,4.777565793738489e-06,616,0.0016140567044712123,3,4,adam,"{'neurons_per_layer_encoder': [72, 144, 288, 576], 'neurons_per_layer_decoder': [576, 288, 144]}",72,"[576, 288, 144]","[72, 144, 288, 576]",[0.1099064962145192],[0.18834516227620746],[-0.15902393757816702],[-0.44068355618889443],[0.08901028702342983],-0.3617630241356392,COMPLETE
79,0.39046170838607197,0.08729110316100208,-0.25456739397574135,0.05717784939214576,0.2376115859142216,2025-01-09 15:40:07.015486,2025-01-09 15:40:14.705118,0 days 00:00:07.689632,0.05944811554957794,40,0.2,88,100,6.284690384595733e-06,744,0.0015978423096712183,3,4,adam,"{'neurons_per_layer_encoder': [88, 176, 352, 704], 'neurons_per_layer_decoder': [704, 352, 176]}",88,"[704, 352, 176]","[88, 176, 352, 704]",[0.39046170838607197],[0.08729110316100208],[-0.25456739397574135],[0.05717784939214576],[0.2376115859142216],-0.09354048470840169,COMPLETE
80,0.04622146048951825,0.23802832993963152,-0.3400381937063266,-0.11992806954795854,0.38297176006045974,2025-01-09 15:40:07.348996,2025-01-09 15:40:13.414996,0 days 00:00:06.066000,0.04609858873894609,56,0.2,76,100,3.0867446648409397e-06,392,0.0015697421995954132,3,3,adam,"{'neurons_per_layer_encoder': [76, 152, 304], 'neurons_per_layer_decoder': [304, 152, 76]}",76,"[304, 152, 76]","[76, 152, 304]",[0.04622146048951825],[0.23802832993963152],[-0.3400381937063266],[-0.11992806954795854],[0.38297176006045974],-0.8380903336573027,COMPLETE
81,0.5073318835678806,0.1699061720824696,-0.1718270250645546,0.18082858511122768,0.3357341382859954,2025-01-09 15:40:07.783044,2025-01-09 15:40:13.300266,0 days 00:00:05.517222,0.04687295503608556,48,0.2,72,100,3.2425561137309814e-06,408,0.0017858572468348402,3,3,adam,"{'neurons_per_layer_encoder': [72, 144, 288], 'neurons_per_layer_decoder': [288, 144, 72]}",72,"[288, 144, 72]","[72, 144, 288]",[0.5073318835678806],[0.1699061720824696],[-0.1718270250645546],[0.18082858511122768],[0.3357341382859954],-0.7117415069700009,COMPLETE
82,-3.60874871560397,-0.29660913226088303,-0.10486724684398663,-21.555025531786036,-0.12165590955539574,2025-01-09 15:40:07.958017,2025-01-09 15:40:12.052707,0 days 00:00:04.094690,0.011481617244582775,32,0.2,92,100,3.0291484178737544e-06,488,0.0015984961312040062,3,3,adadelta,"{'neurons_per_layer_encoder': [92, 184, 368], 'neurons_per_layer_decoder': [368, 184, 92]}",92,"[368, 184, 92]","[92, 184, 368]",[-3.60874871560397],[-0.29660913226088303],[-0.10486724684398663],[-21.555025531786036],[-0.12165590955539574],0.35052765759852156,COMPLETE
83,-3.7162218480426157,-0.2646721809143242,-0.3885079392881672,-9.572192624461033,0.08671279692394396,2025-01-09 15:40:09.272364,2025-01-09 15:40:14.683473,0 days 00:00:05.411109,0.011522948993745888,32,0.2,72,100,4.146075475414641e-06,392,0.002325130145727088,3,3,adadelta,"{'neurons_per_layer_encoder': [72, 144, 288], 'neurons_per_layer_decoder': [288, 144, 72]}",72,"[288, 144, 72]","[72, 144, 288]",[-3.7162218480426157],[-0.2646721809143242],[-0.3885079392881672],[-9.572192624461033],[0.08671279692394396],0.31581377274188377,COMPLETE
84,0.41528505462692,0.21688499294313635,-0.2417570227315764,0.009762795759243326,0.21128001220897474,2025-01-09 15:40:12.059654,2025-01-09 15:40:17.610455,0 days 00:00:05.550801,0.014439344099750194,32,0.2,72,100,3.983496740573127e-06,408,0.0022724502677293128,3,3,adam,"{'neurons_per_layer_encoder': [72, 144, 288], 'neurons_per_layer_decoder': [288, 144, 72]}",72,"[288, 144, 72]","[72, 144, 288]",[0.41528505462692],[0.21688499294313635],[-0.2417570227315764],[0.009762795759243326],[0.21128001220897474],-0.4556201619123466,COMPLETE
85,0.4794137925117675,0.23377214320077866,-0.2602143864315527,0.00869772131812796,0.28068320609302466,2025-01-09 15:40:13.308973,2025-01-09 15:40:19.684103,0 days 00:00:06.375130,0.04669328690882789,48,0.2,72,100,4.094010342007307e-06,488,0.0017297467982596484,3,3,adam,"{'neurons_per_layer_encoder': [72, 144, 288], 'neurons_per_layer_decoder': [288, 144, 72]}",72,"[288, 144, 72]","[72, 144, 288]",[0.4794137925117675],[0.23377214320077866],[-0.2602143864315527],[0.00869772131812796],[0.28068320609302466],-0.7954576426448258,COMPLETE
86,0.5267391080237689,0.09317869278697488,-0.26330161980779465,-0.010035401681032452,0.26423684417610604,2025-01-09 15:40:13.426587,2025-01-09 15:40:18.984505,0 days 00:00:05.557918,0.01374179591087738,56,0.2,72,100,4.016240314405359e-06,408,0.0024276826903785677,3,3,adam,"{'neurons_per_layer_encoder': [72, 144, 288], 'neurons_per_layer_decoder': [288, 144, 72]}",72,"[288, 144, 72]","[72, 144, 288]",[0.5267391080237689],[0.09317869278697488],[-0.26330161980779465],[-0.010035401681032452],[0.26423684417610604],-0.8968234339599298,COMPLETE
87,-0.36394615656047447,-0.05809658825577202,-0.12924870209677275,-20.2700052856419,-0.44250290332234066,2025-01-09 15:40:14.635825,2025-01-09 15:40:19.072426,0 days 00:00:04.436601,0.04704096208979133,56,0.2,84,100,1.8208832806792968e-06,392,0.0025851948853127804,3,3,adadelta,"{'neurons_per_layer_encoder': [84, 168, 336], 'neurons_per_layer_decoder': [336, 168, 84]}",84,"[336, 168, 84]","[84, 168, 336]",[-0.36394615656047447],[-0.05809658825577202],[-0.12924870209677275],[-20.2700052856419],[-0.44250290332234066],0.3146190450532863,COMPLETE
88,0.5200937911940726,0.3565918094372167,-0.04389335374680825,-0.004527497745329789,0.3491294895241456,2025-01-09 15:40:14.690684,2025-01-09 15:40:20.390969,0 days 00:00:05.700285,0.013777265241646864,56,0.2,56,100,1.8508088549058434e-06,280,0.0048420331530766815,4,3,adam,"{'neurons_per_layer_encoder': [56, 112, 224], 'neurons_per_layer_decoder': [224, 112, 56, 28]}",56,"[224, 112, 56, 28]","[56, 112, 224]",[0.5200937911940726],[0.3565918094372167],[-0.04389335374680825],[-0.004527497745329789],[0.3491294895241456],-0.7025102865035003,COMPLETE
89,0.3134410314630681,0.05119310790067322,-0.27195476222599746,-0.13882712364630412,-0.07890375082110768,2025-01-09 15:40:14.718817,2025-01-09 15:40:20.723437,0 days 00:00:06.004620,0.04846024274722197,56,0.2,148,100,2.6678534208900236e-06,664,0.0024637941054961887,4,3,adam,"{'neurons_per_layer_encoder': [148, 296, 592], 'neurons_per_layer_decoder': [592, 296, 148, 74]}",148,"[592, 296, 148, 74]","[148, 296, 592]",[0.3134410314630681],[0.05119310790067322],[-0.27195476222599746],[-0.13882712364630412],[-0.07890375082110768],-1.0230092607049792,COMPLETE
90,0.3850218739567297,0.06045478636516577,-0.23409042277758907,-0.17844676038421547,0.25661978047941003,2025-01-09 15:40:17.619485,2025-01-09 15:40:21.857987,0 days 00:00:04.238502,0.010243203552776692,56,0.2,52,100,1.8487896766258534e-06,280,0.00441494996349823,4,3,adam,"{'neurons_per_layer_encoder': [52, 104, 208], 'neurons_per_layer_decoder': [208, 104, 52, 26]}",52,"[208, 104, 52, 26]","[52, 104, 208]",[0.3850218739567297],[0.06045478636516577],[-0.23409042277758907],[-0.17844676038421547],[0.25661978047941003],-0.5562935372122884,COMPLETE
91,-3.765982220502468,-0.06633107802990157,-0.026760573178394198,-20.44989469067507,-0.023305888772913397,2025-01-09 15:40:18.993861,2025-01-09 15:40:22.531174,0 days 00:00:03.537313,0.04525055846934004,48,0.1,132,100,1.8032814209117106e-06,648,0.0040984378822192715,4,3,adadelta,"{'neurons_per_layer_encoder': [132, 264, 528], 'neurons_per_layer_decoder': [528, 264, 132, 66]}",132,"[528, 264, 132, 66]","[132, 264, 528]",[-3.765982220502468],[-0.06633107802990157],[-0.026760573178394198],[-20.44989469067507],[-0.023305888772913397],0.33062847804585976,COMPLETE
92,-2.7238356663009418,-0.12515960614897792,-0.02206667885526259,-26.949957654638435,-0.023539298888075155,2025-01-09 15:40:19.082968,2025-01-09 15:40:20.954399,0 days 00:00:01.871431,0.025492453046438227,48,0.1,56,100,3.0564198193892575e-06,280,0.004560060188217881,4,3,sgd,"{'neurons_per_layer_encoder': [56, 112, 224], 'neurons_per_layer_decoder': [224, 112, 56, 28]}",56,"[224, 112, 56, 28]","[56, 112, 224]",[-2.7238356663009418],[-0.12515960614897792],[-0.02206667885526259],[-26.949957654638435],[-0.023539298888075155],0.3021431478080271,COMPLETE
93,-1.485045333139361,-0.1141962727132575,-0.2718463447856043,-43.77243617367207,-0.4632768354007717,2025-01-09 15:40:19.692421,2025-01-09 15:40:21.431912,0 days 00:00:01.739491,0.02642324243278022,48,0.1,20,100,1.2578110648390998e-06,152,0.004243235615192792,4,3,sgd,"{'neurons_per_layer_encoder': [20, 40, 80], 'neurons_per_layer_decoder': [80, 40, 20, 10]}",20,"[80, 40, 20, 10]","[20, 40, 80]",[-1.485045333139361],[-0.1141962727132575],[-0.2718463447856043],[-43.77243617367207],[-0.4632768354007717],0.1923291092739775,COMPLETE
94,0.32948827910951706,-0.17011221677268384,-0.4098011553479717,-0.2708107838869489,0.3722775675969142,2025-01-09 15:40:20.399130,2025-01-09 15:40:23.899646,0 days 00:00:03.500516,0.010630143928178569,64,0.1,56,100,1.8644671472123228e-06,280,0.004831058353032011,4,3,adam,"{'neurons_per_layer_encoder': [56, 112, 224], 'neurons_per_layer_decoder': [224, 112, 56, 28]}",56,"[224, 112, 56, 28]","[56, 112, 224]",[0.32948827910951706],[-0.17011221677268384],[-0.4098011553479717],[-0.2708107838869489],[0.3722775675969142],-0.6222778534528091,COMPLETE
95,0.43635265092402997,0.42931472473630305,-0.04351430146171342,-0.054796202804265004,0.2786215212491412,2025-01-09 15:40:20.731107,2025-01-09 15:40:25.531079,0 days 00:00:04.799972,0.015454622796729298,64,0.1,52,100,1.2062710874385062e-06,264,0.0047020674265444195,4,3,adam,"{'neurons_per_layer_encoder': [52, 104, 208], 'neurons_per_layer_decoder': [208, 104, 52, 26]}",52,"[208, 104, 52, 26]","[52, 104, 208]",[0.43635265092402997],[0.42931472473630305],[-0.04351430146171342],[-0.054796202804265004],[0.2786215212491412],-0.4977901638044499,COMPLETE
96,0.6062088555645795,0.16446540335781,-0.22670172446096726,-0.3795442777081448,0.3366243636514764,2025-01-09 15:40:20.962167,2025-01-09 15:40:25.717396,0 days 00:00:04.755229,0.01339260368501131,64,0.2,48,100,1.8816457856115655e-06,232,0.005407253300983413,4,3,adam,"{'neurons_per_layer_encoder': [48, 96, 192], 'neurons_per_layer_decoder': [192, 96, 48, 24]}",48,"[192, 96, 48, 24]","[48, 96, 192]",[0.6062088555645795],[0.16446540335781],[-0.22670172446096726],[-0.3795442777081448],[0.3366243636514764],-0.3350423008124264,COMPLETE
97,0.3851142619692314,0.26311310697305956,-0.07526520266576919,-0.4033857978217905,0.15971809136673576,2025-01-09 15:40:21.440184,2025-01-09 15:40:25.525345,0 days 00:00:04.085161,0.01365689497067462,64,0.2,48,100,1.7668528050105157e-06,232,0.005523618204012013,4,3,adam,"{'neurons_per_layer_encoder': [48, 96, 192], 'neurons_per_layer_decoder': [192, 96, 48, 24]}",48,"[192, 96, 48, 24]","[48, 96, 192]",[0.3851142619692314],[0.26311310697305956],[-0.07526520266576919],[-0.4033857978217905],[0.15971809136673576],-0.27817668070660634,COMPLETE
98,-0.13852308309116346,0.028473421904032126,-0.2524619291248096,-0.20702358354165207,-0.022845273163316637,2025-01-09 15:40:21.865382,2025-01-09 15:40:25.630812,0 days 00:00:03.765430,0.013175229013834923,64,0.2,28,100,1.2236177729590572e-06,216,0.003759275735842695,4,3,adam,"{'neurons_per_layer_encoder': [28, 56, 112], 'neurons_per_layer_decoder': [112, 56, 28, 14]}",28,"[112, 56, 28, 14]","[28, 56, 112]",[-0.13852308309116346],[0.028473421904032126],[-0.2524619291248096],[-0.20702358354165207],[-0.022845273163316637],-0.27833344549993044,COMPLETE
99,0.5077967918888706,0.28106509948053504,-0.07741477890617787,-0.43984906415761027,0.43112095679638307,2025-01-09 15:40:22.538743,2025-01-09 15:40:27.400398,0 days 00:00:04.861655,0.012981223976306475,64,0.2,48,100,1.2121313766476085e-06,232,0.0055931964429992865,4,3,adam,"{'neurons_per_layer_encoder': [48, 96, 192], 'neurons_per_layer_decoder': [192, 96, 48, 24]}",48,"[192, 96, 48, 24]","[48, 96, 192]",[0.5077967918888706],[0.28106509948053504],[-0.07741477890617787],[-0.43984906415761027],[0.43112095679638307],-0.251793592017172,COMPLETE
100,0.48673857681049115,0.1264468331816474,-0.10271469923640542,-0.4732490311023161,0.19530618738663919,2025-01-09 15:40:23.907717,2025-01-09 15:40:28.909085,0 days 00:00:05.001368,0.015637878900159167,64,0.2,48,100,1.272922583509487e-06,232,0.005109883745512562,5,3,adam,"{'neurons_per_layer_encoder': [48, 96, 192], 'neurons_per_layer_decoder': [192, 96, 48, 24, 12]}",48,"[192, 96, 48, 24, 12]","[48, 96, 192]",[0.48673857681049115],[0.1264468331816474],[-0.10271469923640542],[-0.4732490311023161],[0.19530618738663919],-0.09252418270882352,COMPLETE
101,0.13947778756888518,0.17222118848081092,0.0839456633909772,-2.0535935772060276,0.26705021019760977,2025-01-09 15:40:25.537682,2025-01-09 15:40:30.087378,0 days 00:00:04.549696,0.012413906942830693,64,0.30000000000000004,32,100,2.5467375429557747e-06,184,0.005645805469896707,4,3,adam,"{'neurons_per_layer_encoder': [32, 64, 128], 'neurons_per_layer_decoder': [128, 64, 32, 16]}",32,"[128, 64, 32, 16]","[32, 64, 128]",[0.13947778756888518],[0.17222118848081092],[0.0839456633909772],[-2.0535935772060276],[0.26705021019760977],-0.01162197342130296,COMPLETE
102,0.4633253579672013,0.08653471125059764,0.018159142331755307,-0.8901960564542242,0.3234703392889091,2025-01-09 15:40:25.542014,2025-01-09 15:40:29.355296,0 days 00:00:03.813282,0.012482238021543773,64,0.30000000000000004,28,100,1.2341292447501086e-06,200,0.00839043720814526,4,3,adam,"{'neurons_per_layer_encoder': [28, 56, 112], 'neurons_per_layer_decoder': [112, 56, 28, 14]}",28,"[112, 56, 28, 14]","[28, 56, 112]",[0.4633253579672013],[0.08653471125059764],[0.018159142331755307],[-0.8901960564542242],[0.3234703392889091],0.005658629889988163,COMPLETE
103,0.49613459126638493,0.06728662873141866,-0.2952529407861122,-1.0006176174809571,0.3325686375719248,2025-01-09 15:40:25.640844,2025-01-09 15:40:29.346733,0 days 00:00:03.705889,0.015728644013269906,64,0.30000000000000004,64,100,1.2172133877046534e-06,344,0.008783030204836678,5,3,adam,"{'neurons_per_layer_encoder': [64, 128, 256], 'neurons_per_layer_decoder': [256, 128, 64, 32, 16]}",64,"[256, 128, 64, 32, 16]","[64, 128, 256]",[0.49613459126638493],[0.06728662873141866],[-0.2952529407861122],[-1.0006176174809571],[0.3325686375719248],-0.07485425933399127,COMPLETE
104,0.48962834150878753,0.178073884100453,-0.1668257791806118,-0.17547266137006767,0.3346367698836923,2025-01-09 15:40:25.730811,2025-01-09 15:40:30.998059,0 days 00:00:05.267248,0.01556639110001694,56,0.30000000000000004,64,100,1.2553737918261265e-06,344,0.005638840157545116,5,3,adam,"{'neurons_per_layer_encoder': [64, 128, 256], 'neurons_per_layer_decoder': [256, 128, 64, 32, 16]}",64,"[256, 128, 64, 32, 16]","[64, 128, 256]",[0.48962834150878753],[0.178073884100453],[-0.1668257791806118],[-0.17547266137006767],[0.3346367698836923],-0.35866430102711316,COMPLETE
105,0.5488703548130199,-0.006552893044590835,-0.4067614344616204,-0.316583617807322,0.25664825044398665,2025-01-09 15:40:27.408505,2025-01-09 15:40:31.683148,0 days 00:00:04.274643,0.015302208153834776,64,0.30000000000000004,64,100,1.2200086479955357e-06,328,0.005550492957440539,4,3,adam,"{'neurons_per_layer_encoder': [64, 128, 256], 'neurons_per_layer_decoder': [256, 128, 64, 32]}",64,"[256, 128, 64, 32]","[64, 128, 256]",[0.5488703548130199],[-0.006552893044590835],[-0.4067614344616204],[-0.316583617807322],[0.25664825044398665],-0.34125390715396464,COMPLETE
106,0.4635600707687858,-0.17337483895871375,-0.36043124380470903,0.12591842042908297,0.184640320234856,2025-01-09 15:40:28.918086,2025-01-09 15:40:32.850516,0 days 00:00:03.932430,0.01202084699681653,56,0.30000000000000004,64,100,2.143740522043931e-06,344,0.005651669453059134,4,3,adam,"{'neurons_per_layer_encoder': [64, 128, 256], 'neurons_per_layer_decoder': [256, 128, 64, 32]}",64,"[256, 128, 64, 32]","[64, 128, 256]",[0.4635600707687858],[-0.17337483895871375],[-0.36043124380470903],[0.12591842042908297],[0.184640320234856],-0.7767320887588247,COMPLETE
107,0.09075232875024619,0.017142013694952718,-0.12162173808128696,-0.3365893266015645,0.2218177343454425,2025-01-09 15:40:29.354567,2025-01-09 15:40:33.316359,0 days 00:00:03.961792,0.011972430845362347,56,0.1,32,100,2.054266735078907e-06,200,0.006085431042065332,4,3,adam,"{'neurons_per_layer_encoder': [32, 64, 128], 'neurons_per_layer_decoder': [128, 64, 32, 16]}",32,"[128, 64, 32, 16]","[32, 64, 128]",[0.09075232875024619],[0.017142013694952718],[-0.12162173808128696],[-0.3365893266015645],[0.2218177343454425],-1.0513609189547528,COMPLETE
108,0.18000579428547214,0.1672964521743292,-0.17993704563815993,0.293674473647935,0.09366974412506246,2025-01-09 15:40:29.365036,2025-01-09 15:40:33.083313,0 days 00:00:03.718277,0.017961376832138425,56,0.1,36,100,2.046817870539132e-06,216,0.005584683533674394,4,3,adam,"{'neurons_per_layer_encoder': [36, 72, 144], 'neurons_per_layer_decoder': [144, 72, 36, 18]}",36,"[144, 72, 36, 18]","[36, 72, 144]",[0.18000579428547214],[0.1672964521743292],[-0.17993704563815993],[0.293674473647935],[0.09366974412506246],-1.1796192966078958,COMPLETE
109,0.34499618376908625,0.37284355559476423,-0.11415801354551225,-0.13140078931901145,0.3571148089094164,2025-01-09 15:40:30.095571,2025-01-09 15:40:35.171435,0 days 00:00:05.075864,0.01792563452849848,56,0.1,60,100,1.9852029341823267e-06,264,0.007986150749222203,4,3,adam,"{'neurons_per_layer_encoder': [60, 120, 240], 'neurons_per_layer_decoder': [240, 120, 60, 30]}",60,"[240, 120, 60, 30]","[60, 120, 240]",[0.34499618376908625],[0.37284355559476423],[-0.11415801354551225],[-0.13140078931901145],[0.3571148089094164],-1.3276144682846738,COMPLETE
110,0.3630405257798587,0.21026464933367517,-0.21195529414892333,0.020564053757610723,0.29569157863685014,2025-01-09 15:40:31.005658,2025-01-09 15:40:34.192417,0 days 00:00:03.186759,0.017843670878630733,56,0.1,44,100,2.273073784281182e-06,144,0.007943843767549379,4,2,adam,"{'neurons_per_layer_encoder': [44, 88], 'neurons_per_layer_decoder': [88, 44, 22, 11]}",44,"[88, 44, 22, 11]","[44, 88]",[0.3630405257798587],[0.21026464933367517],[-0.21195529414892333],[0.020564053757610723],[0.29569157863685014],-0.7958630935653164,COMPLETE
111,0.026670149249489294,0.220599621192186,0.12363255261913308,0.4122890575995043,0.22078684372452684,2025-01-09 15:40:31.690427,2025-01-09 15:40:35.779445,0 days 00:00:04.089018,0.017925219430074756,120,0.1,44,100,2.203593857080042e-06,160,0.007858267261035305,4,2,adam,"{'neurons_per_layer_encoder': [44, 88], 'neurons_per_layer_decoder': [88, 44, 22, 11]}",44,"[88, 44, 22, 11]","[44, 88]",[0.026670149249489294],[0.220599621192186],[0.12363255261913308],[0.4122890575995043],[0.22078684372452684],-0.49758306314294254,COMPLETE
112,-0.0050844039462307755,0.2560137822395906,-0.3377992253576656,-0.38616497271087313,0.09724476461116249,2025-01-09 15:40:32.858936,2025-01-09 15:40:36.522191,0 days 00:00:03.663255,0.01843260424367513,72,0.1,40,100,2.0839627208777876e-06,136,0.009812789951616122,4,2,adam,"{'neurons_per_layer_encoder': [40, 80], 'neurons_per_layer_decoder': [80, 40, 20, 10]}",40,"[80, 40, 20, 10]","[40, 80]",[-0.0050844039462307755],[0.2560137822395906],[-0.3377992253576656],[-0.38616497271087313],[0.09724476461116249],-1.5348852406521722,COMPLETE
113,0.5355398915649843,0.2571065381619041,0.016418137913510433,0.02249756591937535,0.29449811542312165,2025-01-09 15:40:33.092029,2025-01-09 15:40:37.770359,0 days 00:00:04.678330,0.012926911131932896,120,0.2,24,100,1.034692348827302e-05,152,0.007980889881577871,4,3,adam,"{'neurons_per_layer_encoder': [24, 48, 96], 'neurons_per_layer_decoder': [96, 48, 24, 12]}",24,"[96, 48, 24, 12]","[24, 48, 96]",[0.5355398915649843],[0.2571065381619041],[0.016418137913510433],[0.02249756591937535],[0.29449811542312165],-0.039035388259005786,COMPLETE
114,0.3626619890749271,0.17140413169533597,-0.07946688078391984,-0.5356146907987627,0.18262224304025854,2025-01-09 15:40:33.327343,2025-01-09 15:40:37.355881,0 days 00:00:04.028538,0.012844331559909414,120,0.2,44,100,1.120505605601418e-06,144,0.007552590856778153,4,2,adam,"{'neurons_per_layer_encoder': [44, 88], 'neurons_per_layer_decoder': [88, 44, 22, 11]}",44,"[88, 44, 22, 11]","[44, 88]",[0.3626619890749271],[0.17140413169533597],[-0.07946688078391984],[-0.5356146907987627],[0.18262224304025854],-0.48622354780906035,COMPLETE
