number,values_0,values_1,values_2,values_3,values_4,datetime_start,datetime_complete,duration,params_alpha,params_batch_size,params_drop_out_rate,params_encoder_neurons_layer_1,params_epochs,params_lambda,params_latent_dim,params_learning_rate,params_num_layers_decoder,params_num_layers_encoder,params_optimizer,user_attrs_encoder_decoder_config,user_attrs_first_layer_neurons,user_attrs_neurons_per_layer_decoder,user_attrs_neurons_per_layer_encoder,user_attrs_r2_feature_1,user_attrs_r2_feature_2,user_attrs_r2_feature_3,user_attrs_r2_feature_4,user_attrs_r2_feature_5,user_attrs_relative_deterioration,state
641,-2.666497603304834,-0.053057947858523136,-0.005850969399645134,-25.9594160855155,0.0647310598656724,2025-01-09 17:21:28.166319,2025-01-09 17:21:33.936177,0 days 00:00:05.769858,0.014219555159789565,96,0.4,64,100,0.00012032061562278356,296,2.2539568947517766e-05,5,2,adadelta,"{'neurons_per_layer_encoder': [64, 128], 'neurons_per_layer_decoder': [128, 64, 32, 16, 8]}",64,"[128, 64, 32, 16, 8]","[64, 128]",[-2.666497603304834],[-0.053057947858523136],[-0.005850969399645134],[-25.9594160855155],[0.0647310598656724],0.5372117508410162,COMPLETE
642,-3.9684128413069493,-0.32990385219912244,-0.0042891771907440646,-12.094219980464464,-0.24119133141803029,2025-01-09 17:21:28.675774,2025-01-09 17:21:34.374604,0 days 00:00:05.698830,0.014766156175869906,88,0.4,56,100,0.00011364627772314068,264,4.6924801402541605e-05,3,2,adadelta,"{'neurons_per_layer_encoder': [56, 112], 'neurons_per_layer_decoder': [112, 56, 28]}",56,"[112, 56, 28]","[56, 112]",[-3.9684128413069493],[-0.32990385219912244],[-0.0042891771907440646],[-12.094219980464464],[-0.24119133141803029],0.6134094540522137,COMPLETE
643,-1.4702548609721129,-0.05344635558997801,0.002137676966839197,-23.058305678690925,-0.24222303901251574,2025-01-09 17:21:28.724624,2025-01-09 17:21:34.436774,0 days 00:00:05.712150,0.014754851982402553,112,0.4,64,100,0.00010527508891123895,296,0.002668955513157715,5,2,adadelta,"{'neurons_per_layer_encoder': [64, 128], 'neurons_per_layer_decoder': [128, 64, 32, 16, 8]}",64,"[128, 64, 32, 16, 8]","[64, 128]",[-1.4702548609721129],[-0.05344635558997801],[0.002137676966839197],[-23.058305678690925],[-0.24222303901251574],0.4558559140045108,COMPLETE
644,-4.832022054301397,0.01765846770406998,-0.13036232025214622,-26.507946930623795,-0.04743296782265438,2025-01-09 17:21:32.987526,2025-01-09 17:21:37.192587,0 days 00:00:04.205061,0.014522827782238193,128,0.2,232,100,0.00010587715716327563,680,1.1676726688747142e-05,5,2,sgd,"{'neurons_per_layer_encoder': [232, 464], 'neurons_per_layer_decoder': [464, 232, 116, 58, 29]}",232,"[464, 232, 116, 58, 29]","[232, 464]",[-4.832022054301397],[0.01765846770406998],[-0.13036232025214622],[-26.507946930623795],[-0.04743296782265438],0.6992373748417983,COMPLETE
645,-2.6908134674581445,-0.07289966639986734,-0.09732641330517455,-21.311652305850696,-0.2807176185118587,2025-01-09 17:21:33.944201,2025-01-09 17:21:38.558037,0 days 00:00:04.613836,0.01512502322122263,104,0.4,56,100,0.00010730554580989003,520,2.6460572744360186e-05,5,3,sgd,"{'neurons_per_layer_encoder': [56, 112, 224], 'neurons_per_layer_decoder': [224, 112, 56, 28, 14]}",56,"[224, 112, 56, 28, 14]","[56, 112, 224]",[-2.6908134674581445],[-0.07289966639986734],[-0.09732641330517455],[-21.311652305850696],[-0.2807176185118587],0.6896680636774956,COMPLETE
646,-2.747040063927532,-0.019421089754092513,-0.053278775215835905,-25.577475870148934,-0.0247426069230976,2025-01-09 17:21:34.039397,2025-01-09 17:21:39.014764,0 days 00:00:04.975367,0.014809908942159859,128,0.2,232,100,0.00010568553727525727,1144,4.4975317133033825e-05,3,3,sgd,"{'neurons_per_layer_encoder': [232, 464, 928], 'neurons_per_layer_decoder': [928, 464, 232]}",232,"[928, 464, 232]","[232, 464, 928]",[-2.747040063927532],[-0.019421089754092513],[-0.053278775215835905],[-25.577475870148934],[-0.0247426069230976],0.8494181722088614,COMPLETE
647,-2.6165901610699343,-0.002039140930336858,-0.3138601067134519,-17.89966963931093,-0.07904003019767747,2025-01-09 17:21:34.381176,2025-01-09 17:21:39.516773,0 days 00:00:05.135597,0.015273792850016345,128,0.2,232,100,0.0001039375321483896,1096,0.00012921358129684406,5,3,sgd,"{'neurons_per_layer_encoder': [232, 464, 928], 'neurons_per_layer_decoder': [928, 464, 232, 116, 58]}",232,"[928, 464, 232, 116, 58]","[232, 464, 928]",[-2.6165901610699343],[-0.002039140930336858],[-0.3138601067134519],[-17.89966963931093],[-0.07904003019767747],0.8511353682865568,COMPLETE
648,-0.658819385687373,0.009168146206120165,-0.3279578543080257,-8.153999067871382,-0.1324484027378141,2025-01-09 17:21:34.443198,2025-01-09 17:21:42.059114,0 days 00:00:07.615916,0.016009661065527887,128,0.2,232,100,9.672425152419037e-05,1192,0.002676491750237625,1,3,sgd,"{'neurons_per_layer_encoder': [232, 464, 928], 'neurons_per_layer_decoder': [928]}",232,[928],"[232, 464, 928]",[-0.658819385687373],[0.009168146206120165],[-0.3279578543080257],[-8.153999067871382],[-0.1324484027378141],0.8096446071615059,COMPLETE
649,-0.8623557009094309,-0.2778473572738678,-0.007579170374471644,-11.677527202483658,-0.1143438098081706,2025-01-09 17:21:37.200390,2025-01-09 17:21:44.995611,0 days 00:00:07.795221,0.015964652243495744,128,0.1,172,100,9.679419914897412e-05,1128,0.002801685151462317,1,3,sgd,"{'neurons_per_layer_encoder': [172, 344, 688], 'neurons_per_layer_decoder': [688]}",172,[688],"[172, 344, 688]",[-0.8623557009094309],[-0.2778473572738678],[-0.007579170374471644],[-11.677527202483658],[-0.1143438098081706],0.7601464170604616,COMPLETE
650,-1.5981404210026184,-0.19913721208244728,0.002292871920368089,-6.209564216751153,-0.09681140282932876,2025-01-09 17:21:38.566599,2025-01-09 17:21:46.335452,0 days 00:00:07.768853,0.01622784525077975,112,0.1,172,100,0.00010228639230145063,1240,8.32170621073462e-05,1,3,sgd,"{'neurons_per_layer_encoder': [172, 344, 688], 'neurons_per_layer_decoder': [688]}",172,[688],"[172, 344, 688]",[-1.5981404210026184],[-0.19913721208244728],[0.002292871920368089],[-6.209564216751153],[-0.09681140282932876],0.8183775244082504,COMPLETE
651,-5.995415347171411,-0.194676501490878,-0.01356953286341911,-1.541553330132404,-0.13578791544950009,2025-01-09 17:21:39.024512,2025-01-09 17:21:46.091826,0 days 00:00:07.067314,0.015989117213924237,64,0.1,232,100,9.65631596176136e-05,1048,0.0001346361769086038,1,3,sgd,"{'neurons_per_layer_encoder': [232, 464, 928], 'neurons_per_layer_decoder': [928]}",232,[928],"[232, 464, 928]",[-5.995415347171411],[-0.194676501490878],[-0.01356953286341911],[-1.541553330132404],[-0.13578791544950009],0.803279098303429,COMPLETE
652,-4.1758176468788415,-0.24012372436628415,-0.11872599488381574,-6.561262266146982,-0.07381200149983269,2025-01-09 17:21:39.523961,2025-01-09 17:21:46.887378,0 days 00:00:07.363417,0.013033801467835572,120,0.1,176,100,0.00016061414432728236,760,3.232167342421282e-05,1,3,sgd,"{'neurons_per_layer_encoder': [176, 352, 704], 'neurons_per_layer_decoder': [704]}",176,[704],"[176, 352, 704]",[-4.1758176468788415],[-0.24012372436628415],[-0.11872599488381574],[-6.561262266146982],[-0.07381200149983269],0.8403606304741137,COMPLETE
653,-4.784253742854224,-0.001795696608415609,-0.2301883613729665,-23.267637157747146,-0.5225016911451885,2025-01-09 17:21:42.066051,2025-01-09 17:21:47.680856,0 days 00:00:05.614805,0.013277205434940136,112,0.1,172,100,0.00014321159897148067,720,0.0004545255688625398,1,2,adadelta,"{'neurons_per_layer_encoder': [172, 344], 'neurons_per_layer_decoder': [344]}",172,[344],"[172, 344]",[-4.784253742854224],[-0.001795696608415609],[-0.2301883613729665],[-23.267637157747146],[-0.5225016911451885],0.6568229766418331,COMPLETE
654,-1.4553226647317699,0.01458909024641597,-0.3395021477740787,-17.147501077423705,-0.4416484508442451,2025-01-09 17:21:45.003448,2025-01-09 17:21:49.790901,0 days 00:00:04.787453,0.013226397328297437,112,0.2,228,100,0.00017042022801762172,768,0.00015677652362901077,1,2,adadelta,"{'neurons_per_layer_encoder': [228, 456], 'neurons_per_layer_decoder': [456]}",228,[456],"[228, 456]",[-1.4553226647317699],[0.01458909024641597],[-0.3395021477740787],[-17.147501077423705],[-0.4416484508442451],0.7447144436397344,COMPLETE
655,-0.4230126743402165,-0.0893888333210171,-0.11498378307645751,-19.86722520449323,-0.1451856441840471,2025-01-09 17:21:46.099295,2025-01-09 17:21:52.944629,0 days 00:00:06.845334,0.016393996509659524,80,0.2,228,100,0.0001300251798423675,768,0.0033561407455630883,1,2,adadelta,"{'neurons_per_layer_encoder': [228, 456], 'neurons_per_layer_decoder': [456]}",228,[456],"[228, 456]",[-0.4230126743402165],[-0.0893888333210171],[-0.11498378307645751],[-19.86722520449323],[-0.1451856441840471],0.7003144086237201,COMPLETE
656,-4.193044317251374,-0.022133808999772686,-0.09424903661354822,-20.469080790935713,-0.14800470849109026,2025-01-09 17:21:46.342466,2025-01-09 17:21:50.891457,0 days 00:00:04.548991,0.01286629728772018,120,0.2,228,100,0.00012894748569175133,752,0.0004421729073807019,1,2,adadelta,"{'neurons_per_layer_encoder': [228, 456], 'neurons_per_layer_decoder': [456]}",228,[456],"[228, 456]",[-4.193044317251374],[-0.022133808999772686],[-0.09424903661354822],[-20.469080790935713],[-0.14800470849109026],0.7028581465298781,COMPLETE
657,-0.11165430808140697,-0.17489598605847134,-0.14790005576906973,-8.306949041180216,-0.1026562524943544,2025-01-09 17:21:46.893792,2025-01-09 17:21:53.474637,0 days 00:00:06.580845,0.013507883521582381,80,0.2,164,100,0.00013810909431579506,624,0.00010065953991878793,1,2,adadelta,"{'neurons_per_layer_encoder': [164, 328], 'neurons_per_layer_decoder': [328]}",164,[328],"[164, 328]",[-0.11165430808140697],[-0.17489598605847134],[-0.14790005576906973],[-8.306949041180216],[-0.1026562524943544],0.7499662687072867,COMPLETE
658,-0.7330597129180061,0.04129233610616989,-0.10698940379680155,-10.842009800184462,-0.617295792090176,2025-01-09 17:21:47.687237,2025-01-09 17:21:54.934779,0 days 00:00:07.247542,0.014101417272018782,88,0.2,232,100,0.0001343853480045718,792,0.003297678307939925,1,2,adadelta,"{'neurons_per_layer_encoder': [232, 464], 'neurons_per_layer_decoder': [464]}",232,[464],"[232, 464]",[-0.7330597129180061],[0.04129233610616989],[-0.10698940379680155],[-10.842009800184462],[-0.617295792090176],0.7528977398247765,COMPLETE
659,-4.6064669529526325,0.04932380798592928,-0.03382858444856729,-30.94839460048683,-0.3355628083048061,2025-01-09 17:21:49.799712,2025-01-09 17:21:55.229337,0 days 00:00:05.429625,0.01391086935744895,80,0.2,228,100,0.00013631915992063834,784,0.003018503981263195,1,2,adadelta,"{'neurons_per_layer_encoder': [228, 456], 'neurons_per_layer_decoder': [456]}",228,[456],"[228, 456]",[-4.6064669529526325],[0.04932380798592928],[-0.03382858444856729],[-30.94839460048683],[-0.3355628083048061],0.6405724140167934,COMPLETE
660,-3.0517040792912313,-0.15059284342928625,-0.05973255108872255,-13.757453876566583,-0.2759748766266459,2025-01-09 17:21:50.898623,2025-01-09 17:21:57.372639,0 days 00:00:06.474016,0.014895247802972975,80,0.2,232,100,9.427880858843497e-05,936,0.0006468745783780784,1,2,adadelta,"{'neurons_per_layer_encoder': [232, 464], 'neurons_per_layer_decoder': [464]}",232,[464],"[232, 464]",[-3.0517040792912313],[-0.15059284342928625],[-0.05973255108872255],[-13.757453876566583],[-0.2759748766266459],0.7052460324086359,COMPLETE
661,-0.22564461824787752,0.03485636790847679,-0.020061953473942573,-25.297328631583696,-0.08288140435010893,2025-01-09 17:21:52.953766,2025-01-09 17:21:58.612024,0 days 00:00:05.658258,0.014882897577067703,88,0.2,152,100,9.37975016661726e-05,648,0.0028527219594217095,1,2,adadelta,"{'neurons_per_layer_encoder': [152, 304], 'neurons_per_layer_decoder': [304]}",152,[304],"[152, 304]",[-0.22564461824787752],[0.03485636790847679],[-0.020061953473942573],[-25.297328631583696],[-0.08288140435010893],0.5778496318761082,COMPLETE
662,-0.2022070794717934,-0.1991453503742171,-0.178679379077469,-14.046965401110024,-0.5034220889012562,2025-01-09 17:21:54.943301,2025-01-09 17:22:02.062354,0 days 00:00:07.119053,0.01503174499146086,32,0.2,152,100,8.692504091046521e-05,632,0.002527280567713189,3,3,sgd,"{'neurons_per_layer_encoder': [152, 304, 608], 'neurons_per_layer_decoder': [608, 304, 152]}",152,"[608, 304, 152]","[152, 304, 608]",[-0.2022070794717934],[-0.1991453503742171],[-0.178679379077469],[-14.046965401110024],[-0.5034220889012562],0.7852847243288282,COMPLETE
663,-2.406853370807364,-0.00943104732811384,-0.0018571676140892723,-23.014530725825814,0.02819023211433358,2025-01-09 17:21:55.236689,2025-01-09 17:21:59.644951,0 days 00:00:04.408262,0.01543000764672112,72,0.2,224,100,8.602468559453203e-05,968,0.0023703500525475607,3,3,sgd,"{'neurons_per_layer_encoder': [224, 448, 896], 'neurons_per_layer_decoder': [896, 448, 224]}",224,"[896, 448, 224]","[224, 448, 896]",[-2.406853370807364],[-0.00943104732811384],[-0.0018571676140892723],[-23.014530725825814],[0.02819023211433358],0.8093868474062004,COMPLETE
664,-3.8656691864388515,-0.06787046784217199,-0.09267599703136287,-21.979688718111998,-0.21034732928031996,2025-01-09 17:21:57.379551,2025-01-09 17:22:01.794132,0 days 00:00:04.414581,0.017093628596529253,72,0.2,224,100,9.251290020849264e-05,1016,0.0003597325625258672,3,3,sgd,"{'neurons_per_layer_encoder': [224, 448, 896], 'neurons_per_layer_decoder': [896, 448, 224]}",224,"[896, 448, 224]","[224, 448, 896]",[-3.8656691864388515],[-0.06787046784217199],[-0.09267599703136287],[-21.979688718111998],[-0.21034732928031996],0.8142669907664815,COMPLETE
665,0.15830505871737688,0.07325246888648507,-0.01899771270047057,-6.333017032647358,-0.15486833736582373,2025-01-09 17:21:58.619426,2025-01-09 17:22:05.858102,0 days 00:00:07.238676,0.017095459267604578,72,0.2,236,100,8.531993300175708e-05,1576,0.0024443214031058076,1,3,sgd,"{'neurons_per_layer_encoder': [236, 472, 944], 'neurons_per_layer_decoder': [944]}",236,[944],"[236, 472, 944]",[0.15830505871737688],[0.07325246888648507],[-0.01899771270047057],[-6.333017032647358],[-0.15486833736582373],0.8378578694737532,COMPLETE
666,0.35092082548892956,0.5531518492634718,0.02831304494661213,0.20108251432410973,0.41601224729476893,2025-01-09 17:22:01.800674,2025-01-09 17:22:07.913269,0 days 00:00:06.112595,0.016788238643971633,32,0.2,48,100,0.00011004105490744446,344,0.0024697873352789454,1,3,adam,"{'neurons_per_layer_encoder': [48, 96, 192], 'neurons_per_layer_decoder': [192]}",48,[192],"[48, 96, 192]",[0.35092082548892956],[0.5531518492634718],[0.02831304494661213],[0.20108251432410973],[0.41601224729476893],0.40128110403315187,COMPLETE
667,0.39243751149385886,0.29180980925376343,-0.44882957141393365,-0.37151907606255263,0.20841258334578694,2025-01-09 17:22:02.069142,2025-01-09 17:22:07.390986,0 days 00:00:05.321844,0.016596059141494094,32,0.2,48,100,2.1537314551449855e-06,216,0.00021469470881428244,1,2,adam,"{'neurons_per_layer_encoder': [48, 96], 'neurons_per_layer_decoder': [96]}",48,[96],"[48, 96]",[0.39243751149385886],[0.29180980925376343],[-0.44882957141393365],[-0.37151907606255263],[0.20841258334578694],-0.19693843122540836,COMPLETE
668,0.3622399142825501,-0.013814103434411917,-0.3264440328091829,-0.015300665570759264,0.0378886049741467,2025-01-09 17:22:05.864381,2025-01-09 17:22:11.198628,0 days 00:00:05.334247,0.015791479296615497,32,0.2,236,100,2.332270158301513e-06,912,0.000549766704646147,1,2,adam,"{'neurons_per_layer_encoder': [236, 472], 'neurons_per_layer_decoder': [472]}",236,[472],"[236, 472]",[0.3622399142825501],[-0.013814103434411917],[-0.3264440328091829],[-0.015300665570759264],[0.0378886049741467],-0.6057980045918818,COMPLETE
669,0.07113058169761954,0.33356920134945345,-0.10910258216493696,-0.5444403225771894,0.43425201197641894,2025-01-09 17:22:07.396645,2025-01-09 17:22:16.179003,0 days 00:00:08.782358,0.015736628090995183,32,0.2,40,100,0.00010534251134350585,664,0.0038355094941289144,1,4,adam,"{'neurons_per_layer_encoder': [40, 80, 160, 320], 'neurons_per_layer_decoder': [320]}",40,[320],"[40, 80, 160, 320]",[0.07113058169761954],[0.33356920134945345],[-0.10910258216493696],[-0.5444403225771894],[0.43425201197641894],0.36314933188441056,COMPLETE
670,0.0861009668071151,-0.0386083723844155,-0.611567055895808,-0.4150808510247581,0.12379414676119527,2025-01-09 17:22:07.919011,2025-01-09 17:22:18.301748,0 days 00:00:10.382737,0.015294104016796659,96,0.2,236,100,0.0001153453472573846,1928,0.00403629243719207,1,4,adam,"{'neurons_per_layer_encoder': [236, 472, 944, 1888], 'neurons_per_layer_decoder': [1888]}",236,[1888],"[236, 472, 944, 1888]",[0.0861009668071151],[-0.0386083723844155],[-0.611567055895808],[-0.4150808510247581],[0.12379414676119527],0.3694316650736789,COMPLETE
671,0.3232620180986272,-0.021325212401147597,-0.24628645068837152,-0.1195192761430579,0.1547450211411665,2025-01-09 17:22:11.205251,2025-01-09 17:22:19.172981,0 days 00:00:07.967730,0.014556929170993035,104,0.2,44,100,0.0001070734132569985,584,0.0033941510753905143,1,4,adam,"{'neurons_per_layer_encoder': [44, 88, 176, 352], 'neurons_per_layer_decoder': [352]}",44,[352],"[44, 88, 176, 352]",[0.3232620180986272],[-0.021325212401147597],[-0.24628645068837152],[-0.1195192761430579],[0.1547450211411665],0.1412094068439484,COMPLETE
