number,values_0,values_1,values_2,values_3,values_4,datetime_start,datetime_complete,duration,params_alpha,params_batch_size,params_drop_out_rate,params_encoder_neurons_layer_1,params_epochs,params_lambda,params_latent_dim,params_learning_rate,params_num_layers_decoder,params_num_layers_encoder,params_optimizer,user_attrs_encoder_decoder_config,user_attrs_first_layer_neurons,user_attrs_neurons_per_layer_decoder,user_attrs_neurons_per_layer_encoder,user_attrs_r2_feature_1,user_attrs_r2_feature_2,user_attrs_r2_feature_3,user_attrs_r2_feature_4,user_attrs_r2_feature_5,user_attrs_relative_deterioration,state
479,0.21435324731489858,0.1658203131682091,-0.17323461487361613,-0.1010107729131069,0.1623911067521917,2025-01-09 16:39:51.431494,2025-01-09 16:40:00.124746,0 days 00:00:08.693252,0.029165042696288866,48,0.4,228,100,3.749192429778661e-05,396,0.0010365509546151463,1,1,adam,"{'neurons_per_layer_encoder': [228], 'neurons_per_layer_decoder': [228]}",228,[228],[228],[0.21435324731489858],[0.1658203131682091],[-0.17323461487361613],[-0.1010107729131069],[0.1623911067521917],0.06495581114008366,COMPLETE
480,-0.0768651494175665,-0.32993402061472743,-0.034211016280593975,-7.541745274206249,0.08309919162070256,2025-01-09 16:39:54.666382,2025-01-09 16:40:56.071598,0 days 00:01:01.405216,0.027244881574220014,40,0.4,224,100,3.777774331681594e-05,3608,0.0009991539547264435,1,5,adadelta,"{'neurons_per_layer_encoder': [224, 448, 896, 1792, 3584], 'neurons_per_layer_decoder': [3584]}",224,[3584],"[224, 448, 896, 1792, 3584]",[-0.0768651494175665],[-0.32993402061472743],[-0.034211016280593975],[-7.541745274206249],[0.08309919162070256],0.8891304222100406,COMPLETE
481,-3.108630288279188,-0.06891628198477662,-0.014850009586146573,-19.8017736664988,0.011435763917972519,2025-01-09 16:39:57.559074,2025-01-09 16:40:16.717268,0 days 00:00:19.158194,0.026123931524972666,40,0.4,216,100,4.9737800435437334e-05,2456,0.0009619140493217237,1,4,adadelta,"{'neurons_per_layer_encoder': [216, 432, 864, 1728], 'neurons_per_layer_decoder': [1728]}",216,[1728],"[216, 432, 864, 1728]",[-3.108630288279188],[-0.06891628198477662],[-0.014850009586146573],[-19.8017736664988],[0.011435763917972519],0.7941278631825912,COMPLETE
482,-2.833922141153397,-0.6137172578292662,-0.02283181170074311,-18.36098997593986,-0.440940278600394,2025-01-09 16:39:58.038238,2025-01-09 16:40:17.187669,0 days 00:00:19.149431,0.026603558887015523,40,0.4,216,100,5.078103385716893e-05,2792,0.0010074654112510668,1,4,adadelta,"{'neurons_per_layer_encoder': [216, 432, 864, 1728], 'neurons_per_layer_decoder': [1728]}",216,[1728],"[216, 432, 864, 1728]",[-2.833922141153397],[-0.6137172578292662],[-0.02283181170074311],[-18.36098997593986],[-0.440940278600394],0.7889685041680216,COMPLETE
483,-1.5918739717936563,-0.3464122936227576,-0.09004736023630078,-14.986964756045609,-0.03364517748471196,2025-01-09 16:40:00.133106,2025-01-09 16:40:28.187851,0 days 00:00:28.054745,0.027229402084944752,48,0.2,216,100,5.4466029898185114e-05,1752,0.0012479834363473385,1,4,adadelta,"{'neurons_per_layer_encoder': [216, 432, 864, 1728], 'neurons_per_layer_decoder': [1728]}",216,[1728],"[216, 432, 864, 1728]",[-1.5918739717936563],[-0.3464122936227576],[-0.09004736023630078],[-14.986964756045609],[-0.03364517748471196],0.8128517105915718,COMPLETE
484,-2.669903186317958,-0.06414785953883584,-0.3545481846354044,-24.13319896906658,-0.010711350719758483,2025-01-09 16:40:16.731013,2025-01-09 16:40:30.038085,0 days 00:00:13.307072,0.0258938730509973,40,0.2,4,100,3.137092838473536e-05,86,0.001069570569908302,1,5,adadelta,"{'neurons_per_layer_encoder': [4, 8, 16, 32, 64], 'neurons_per_layer_decoder': [64]}",4,[64],"[4, 8, 16, 32, 64]",[-2.669903186317958],[-0.06414785953883584],[-0.3545481846354044],[-24.13319896906658],[-0.010711350719758483],0.3274939410528175,COMPLETE
485,0.31688215454114765,0.13107386777934416,-0.20155802894604458,0.197395394557904,0.2326124082142509,2025-01-09 16:40:17.196590,2025-01-09 16:40:44.640515,0 days 00:00:27.443925,0.02527264853225407,48,0.2,212,100,4.443615631154963e-05,2504,0.0011986856576236477,1,4,adam,"{'neurons_per_layer_encoder': [212, 424, 848, 1696], 'neurons_per_layer_decoder': [1696]}",212,[1696],"[212, 424, 848, 1696]",[0.31688215454114765],[0.13107386777934416],[-0.20155802894604458],[0.197395394557904],[0.2326124082142509],0.5481897278918384,COMPLETE
486,0.4801886807627451,0.20385480539127554,-0.07850073136597313,-0.8789244423414608,0.27859945752608606,2025-01-09 16:40:26.453656,2025-01-09 16:40:38.111352,0 days 00:00:11.657696,0.026246344498723713,112,0.2,16,100,4.4652604784386476e-05,33,0.0012121186583908315,1,1,adam,"{'neurons_per_layer_encoder': [16], 'neurons_per_layer_decoder': [16]}",16,[16],[16],[0.4801886807627451],[0.20385480539127554],[-0.07850073136597313],[-0.8789244423414608],[0.27859945752608606],-0.2258030105979371,COMPLETE
487,-0.3022967253618396,0.1054123733872192,0.0053372654126463415,0.15039388566983547,0.02529237872106138,2025-01-09 16:40:28.201968,2025-01-09 16:41:13.346415,0 days 00:00:45.144447,0.025466094437646407,40,0.2,188,100,4.54583829344673e-05,3032,0.0011499630235408994,5,5,adam,"{'neurons_per_layer_encoder': [188, 376, 752, 1504, 3008], 'neurons_per_layer_decoder': [3008, 1504, 752, 376, 188]}",188,"[3008, 1504, 752, 376, 188]","[188, 376, 752, 1504, 3008]",[-0.3022967253618396],[0.1054123733872192],[0.0053372654126463415],[0.15039388566983547],[0.02529237872106138],0.8261976862836548,COMPLETE
488,0.39151662225306116,0.16283541709364502,-0.1910432303490195,-0.6113787807327566,0.2743144397428403,2025-01-09 16:40:30.046138,2025-01-09 16:40:49.150048,0 days 00:00:19.103910,0.025357545143119324,40,0.2,208,100,4.86969007454042e-05,376,0.0012009558553640934,5,1,adam,"{'neurons_per_layer_encoder': [208], 'neurons_per_layer_decoder': [208, 104, 52, 26, 13]}",208,"[208, 104, 52, 26, 13]",[208],[0.39151662225306116],[0.16283541709364502],[-0.1910432303490195],[-0.6113787807327566],[0.2743144397428403],0.2745388701391721,COMPLETE
489,0.4678836088040764,0.17649431684800376,-0.16967825485962473,0.004566525266363808,0.27254354938870495,2025-01-09 16:40:38.120618,2025-01-09 16:40:58.699712,0 days 00:00:20.579094,0.029311625715032517,40,0.2,224,100,4.257532554098902e-05,376,0.001256661511227015,5,1,adam,"{'neurons_per_layer_encoder': [224], 'neurons_per_layer_decoder': [224, 112, 56, 28, 14]}",224,"[224, 112, 56, 28, 14]",[224],[0.4678836088040764],[0.17649431684800376],[-0.16967825485962473],[0.004566525266363808],[0.27254354938870495],0.23159042184437714,COMPLETE
490,0.43531037187938815,0.4088453787148715,-0.17664421733165936,0.19203159854207752,0.019106242044864552,2025-01-09 16:40:44.668595,2025-01-09 16:41:00.094738,0 days 00:00:15.426143,0.029200322847887546,40,0.2,224,100,5.304362170600381e-05,376,0.0010431744975649602,1,1,adam,"{'neurons_per_layer_encoder': [224], 'neurons_per_layer_decoder': [224]}",224,[224],[224],[0.43531037187938815],[0.4088453787148715],[-0.17664421733165936],[0.19203159854207752],[0.019106242044864552],-0.24144889070781886,COMPLETE
491,0.06767238391185615,0.2934503626099534,-0.0638039196938971,-0.16505233266531083,-0.14285583056337736,2025-01-09 16:40:49.160973,2025-01-09 16:41:02.408297,0 days 00:00:13.247324,0.03080444706541935,40,0.2,188,100,4.161798615899139e-05,388,0.0013776567902021451,1,1,adam,"{'neurons_per_layer_encoder': [188], 'neurons_per_layer_decoder': [188]}",188,[188],[188],[0.06767238391185615],[0.2934503626099534],[-0.0638039196938971],[-0.16505233266531083],[-0.14285583056337736],-0.7169526977212134,COMPLETE
492,0.27266928669428925,0.13422282415806064,-0.2563266381374434,0.16649483522927733,0.07035476207114832,2025-01-09 16:40:56.092119,2025-01-09 16:41:05.287771,0 days 00:00:09.195652,0.03053200346715746,40,0.2,224,100,2.686759274329159e-05,376,0.0008181610428529427,1,1,adam,"{'neurons_per_layer_encoder': [224], 'neurons_per_layer_decoder': [224]}",224,[224],[224],[0.27266928669428925],[0.13422282415806064],[-0.2563266381374434],[0.16649483522927733],[0.07035476207114832],-0.4172045495288456,COMPLETE
493,0.15537954862437842,0.09690311591350897,-0.34015027999225,0.051374804003936014,-0.0012028424449050945,2025-01-09 16:40:58.709925,2025-01-09 16:41:07.226244,0 days 00:00:08.516319,0.024575202762103947,40,0.2,192,100,2.6922391937470066e-05,392,0.0013250136410823637,1,1,adam,"{'neurons_per_layer_encoder': [192], 'neurons_per_layer_decoder': [192]}",192,[192],[192],[0.15537954862437842],[0.09690311591350897],[-0.34015027999225],[0.051374804003936014],[-0.0012028424449050945],-0.6480674990309762,COMPLETE
494,-2.9909140756974892,-0.04694658847997091,-0.10458235178044784,-21.312523567253734,-0.11802440822672966,2025-01-09 16:41:00.107937,2025-01-09 16:41:07.451344,0 days 00:00:07.343407,0.18550431590428315,96,0.2,212,100,2.7472050089776044e-05,380,2.8625908681538337e-05,1,1,adam,"{'neurons_per_layer_encoder': [212], 'neurons_per_layer_decoder': [212]}",212,[212],[212],[-2.9909140756974892],[-0.04694658847997091],[-0.10458235178044784],[-21.312523567253734],[-0.11802440822672966],-0.17902182366381625,COMPLETE
495,-1.4623533461889324,0.024556087992928632,-0.2774555876698286,-37.52661138929464,-0.0537237528693113,2025-01-09 16:41:02.421857,2025-01-09 16:41:09.966326,0 days 00:00:07.544469,0.02501506083206004,40,0.2,212,100,2.5105856692593246e-05,380,0.0007203018496345523,1,1,sgd,"{'neurons_per_layer_encoder': [212], 'neurons_per_layer_decoder': [212]}",212,[212],[212],[-1.4623533461889324],[0.024556087992928632],[-0.2774555876698286],[-37.52661138929464],[-0.0537237528693113],0.1570033190272264,COMPLETE
496,-0.9769267176233292,-0.02610865356518821,0.04152924794580537,-24.68371648162292,-0.2967491791507828,2025-01-09 16:41:05.295343,2025-01-09 16:41:11.996856,0 days 00:00:06.701513,0.02420739519834866,40,0.2,216,100,3.2980871644230676e-05,384,0.0007671931193169485,1,1,sgd,"{'neurons_per_layer_encoder': [216], 'neurons_per_layer_decoder': [216]}",216,[216],[216],[-0.9769267176233292],[-0.02610865356518821],[0.04152924794580537],[-24.68371648162292],[-0.2967491791507828],0.30673759947619395,COMPLETE
497,-2.985072895954379,0.006880523455028098,-0.011434880753993015,-20.562645940661515,-0.34374894292747693,2025-01-09 16:41:07.240234,2025-01-09 16:41:13.469356,0 days 00:00:06.229122,0.027904785748347316,120,0.2,216,100,3.555102930419292e-05,384,0.001397493519013693,1,1,sgd,"{'neurons_per_layer_encoder': [216], 'neurons_per_layer_decoder': [216]}",216,[216],[216],[-2.985072895954379],[0.006880523455028098],[-0.011434880753993015],[-20.562645940661515],[-0.34374894292747693],0.4494181271932349,COMPLETE
498,-3.202099687940642,-0.14063467143738162,-0.28152097226517014,-20.706267333888665,0.02477347506158889,2025-01-09 16:41:07.459570,2025-01-09 16:41:13.568276,0 days 00:00:06.108706,0.1580246145642578,120,0.2,216,100,5.64867446592509e-05,384,0.001121619894933371,1,1,sgd,"{'neurons_per_layer_encoder': [216], 'neurons_per_layer_decoder': [216]}",216,[216],[216],[-3.202099687940642],[-0.14063467143738162],[-0.28152097226517014],[-20.706267333888665],[0.02477347506158889],0.5284340428263785,COMPLETE
499,0.5372691066192834,0.5596072568543622,-0.2022555422114738,0.023894552586210205,0.437442293512198,2025-01-09 16:41:09.978638,2025-01-09 16:41:17.195042,0 days 00:00:07.216404,0.027602970292632072,32,0.2,216,100,5.7718445810940564e-05,384,0.0013420454300025375,1,1,adam,"{'neurons_per_layer_encoder': [216], 'neurons_per_layer_decoder': [216]}",216,[216],[216],[0.5372691066192834],[0.5596072568543622],[-0.2022555422114738],[0.023894552586210205],[0.437442293512198],-0.03307746084447825,COMPLETE
500,0.5945765382863268,0.5497931216567699,-0.02021505832074788,0.26389894766034394,0.27043034374475294,2025-01-09 16:41:12.006813,2025-01-09 16:41:19.103892,0 days 00:00:07.097079,0.1228657661859634,32,0.2,220,100,5.558008820102951e-05,388,0.0013031177419525076,1,1,adam,"{'neurons_per_layer_encoder': [220], 'neurons_per_layer_decoder': [220]}",220,[220],[220],[0.5945765382863268],[0.5497931216567699],[-0.02021505832074788],[0.26389894766034394],[0.27043034374475294],0.07389288491538296,COMPLETE
501,0.265352937480963,0.12398701830304926,-0.24838310355905224,0.05563653606883745,0.17991072713883816,2025-01-09 16:41:13.357695,2025-01-09 16:41:19.623295,0 days 00:00:06.265600,0.1261804357145443,120,0.2,156,100,5.927859348378752e-05,372,0.0013675604245251942,1,1,adam,"{'neurons_per_layer_encoder': [156], 'neurons_per_layer_decoder': [156]}",156,[156],[156],[0.265352937480963],[0.12398701830304926],[-0.24838310355905224],[0.05563653606883745],[0.17991072713883816],-0.12800660095538308,COMPLETE
502,0.40841988592425416,0.36878244375940805,-0.2725635307902321,-0.16603507632586156,0.3917495474264441,2025-01-09 16:41:13.476095,2025-01-09 16:41:20.086394,0 days 00:00:06.610299,0.021639780548649137,32,0.2,208,100,5.5619513092090134e-05,392,0.00011078804521234122,1,1,adam,"{'neurons_per_layer_encoder': [208], 'neurons_per_layer_decoder': [208]}",208,[208],[208],[0.40841988592425416],[0.36878244375940805],[-0.2725635307902321],[-0.16603507632586156],[0.3917495474264441],0.18921182411363097,COMPLETE
503,0.3240251853241971,0.20202075905200756,-0.1689614270180646,-0.4282083511625707,0.05703299003306228,2025-01-09 16:41:13.574430,2025-01-09 16:41:20.311610,0 days 00:00:06.737180,0.022080767482576983,32,0.2,204,100,6.323071810559509e-05,388,0.000908702885281857,1,1,adam,"{'neurons_per_layer_encoder': [204], 'neurons_per_layer_decoder': [204]}",204,[204],[204],[0.3240251853241971],[0.20202075905200756],[-0.1689614270180646],[-0.4282083511625707],[0.05703299003306228],-0.08322152771945562,COMPLETE
504,0.5968419143384075,0.4578809407532394,-0.08230696672513771,0.27025047808176694,0.4602031638900831,2025-01-09 16:41:17.201626,2025-01-09 16:41:24.397602,0 days 00:00:07.195976,0.021791108090149027,32,0.2,232,100,5.769460702416745e-05,400,0.0014649772132110503,2,1,adam,"{'neurons_per_layer_encoder': [232], 'neurons_per_layer_decoder': [232, 116]}",232,"[232, 116]",[232],[0.5968419143384075],[0.4578809407532394],[-0.08230696672513771],[0.27025047808176694],[0.4602031638900831],0.220419658633091,COMPLETE
505,0.5573051533157964,0.2612500083364595,-0.13238250598703938,0.2579257099320189,0.2167617309694585,2025-01-09 16:41:19.111027,2025-01-09 16:41:26.843417,0 days 00:00:07.732390,0.026961144011199405,32,0.2,232,100,6.361200041919152e-05,400,0.004261406980189003,2,1,adam,"{'neurons_per_layer_encoder': [232], 'neurons_per_layer_decoder': [232, 116]}",232,"[232, 116]",[232],[0.5573051533157964],[0.2612500083364595],[-0.13238250598703938],[0.2579257099320189],[0.2167617309694585],-0.2709393918715104,COMPLETE
506,0.3045838096849117,0.3577984071222169,0.050248554032439885,-0.11586170739973856,0.21160668526898463,2025-01-09 16:41:19.629376,2025-01-09 16:41:26.931351,0 days 00:00:07.301975,0.02256506898315666,32,0.2,208,100,8.504661704149827e-05,392,0.004220413968327733,2,1,adam,"{'neurons_per_layer_encoder': [208], 'neurons_per_layer_decoder': [208, 104]}",208,"[208, 104]",[208],[0.3045838096849117],[0.3577984071222169],[0.050248554032439885],[-0.11586170739973856],[0.21160668526898463],-0.08164613709916713,COMPLETE
507,0.5836636790237404,0.3011555453670729,-0.1438241871735142,-0.6936540609495776,0.30615344203701467,2025-01-09 16:41:20.093589,2025-01-09 16:41:27.546226,0 days 00:00:07.452637,0.028308813518554857,32,0.2,204,100,6.45051787471292e-05,388,0.004361135280038435,2,1,adam,"{'neurons_per_layer_encoder': [204], 'neurons_per_layer_decoder': [204, 102]}",204,"[204, 102]",[204],[0.5836636790237404],[0.3011555453670729],[-0.1438241871735142],[-0.6936540609495776],[0.30615344203701467],-0.28249473146069415,COMPLETE
508,0.5877345313141162,0.16970040038831946,-0.23018503295055193,0.2263833909031724,0.2834324600078072,2025-01-09 16:41:20.317506,2025-01-09 16:41:27.713045,0 days 00:00:07.395539,0.023857694883876884,32,0.2,232,100,8.217844239729845e-05,400,0.004080820088281575,2,1,adam,"{'neurons_per_layer_encoder': [232], 'neurons_per_layer_decoder': [232, 116]}",232,"[232, 116]",[232],[0.5877345313141162],[0.16970040038831946],[-0.23018503295055193],[0.2263833909031724],[0.2834324600078072],-0.2713547834278743,COMPLETE
509,0.5649577448618455,0.2520328345648756,-0.2567233231790096,0.06082280665855255,0.34189796238814596,2025-01-09 16:41:24.404063,2025-01-09 16:41:31.649261,0 days 00:00:07.245198,0.023015252720533768,32,0.2,232,100,7.250062785541623e-05,400,0.004196187542230335,2,1,adam,"{'neurons_per_layer_encoder': [232], 'neurons_per_layer_decoder': [232, 116]}",232,"[232, 116]",[232],[0.5649577448618455],[0.2520328345648756],[-0.2567233231790096],[0.06082280665855255],[0.34189796238814596],-0.342222115535946,COMPLETE
510,0.20080167224870626,0.28120532726100234,-0.18224907393624412,-0.028039154490611562,0.10190298550750676,2025-01-09 16:41:26.850202,2025-01-09 16:41:34.082823,0 days 00:00:07.232621,0.023792070983302258,32,0.2,220,100,7.698236312406471e-05,388,0.002917654965670317,1,1,adam,"{'neurons_per_layer_encoder': [220], 'neurons_per_layer_decoder': [220]}",220,[220],[220],[0.20080167224870626],[0.28120532726100234],[-0.18224907393624412],[-0.028039154490611562],[0.10190298550750676],-0.6034687823366882,COMPLETE
511,0.4743506247672292,0.491197700520979,0.1724404400089271,0.3643962790525027,0.34464320082963873,2025-01-09 16:41:26.938421,2025-01-09 16:41:34.045656,0 days 00:00:07.107235,0.023259722114217517,32,0.2,220,100,7.167077893662149e-05,404,0.0030769663280601094,1,1,adam,"{'neurons_per_layer_encoder': [220], 'neurons_per_layer_decoder': [220]}",220,[220],[220],[0.4743506247672292],[0.491197700520979],[0.1724404400089271],[0.3643962790525027],[0.34464320082963873],-0.01127350051624253,COMPLETE
512,0.1848257885318637,0.2937315964378562,-0.10160166210780885,0.2730638300853909,-0.0061871146893048845,2025-01-09 16:41:27.553245,2025-01-09 16:41:34.548956,0 days 00:00:06.995711,0.023184220443704245,32,0.2,220,100,7.031994396961848e-05,404,0.0028505832046989937,1,1,adam,"{'neurons_per_layer_encoder': [220], 'neurons_per_layer_decoder': [220]}",220,[220],[220],[0.1848257885318637],[0.2937315964378562],[-0.10160166210780885],[0.2730638300853909],[-0.0061871146893048845],-0.4586615348231418,COMPLETE
513,0.22246896273421124,0.5072778205247184,0.22351830907123715,0.11399628538280748,-0.05054192239670341,2025-01-09 16:41:27.718877,2025-01-09 16:41:34.765659,0 days 00:00:07.046782,0.03224032243742095,32,0.2,220,100,6.990341807116032e-05,356,0.002955103464548277,1,1,adam,"{'neurons_per_layer_encoder': [220], 'neurons_per_layer_decoder': [220]}",220,[220],[220],[0.22246896273421124],[0.5072778205247184],[0.22351830907123715],[0.11399628538280748],[-0.05054192239670341],-0.2119930447844399,COMPLETE
514,0.542038370664258,0.16591995670341997,-0.12524171151840036,0.16588748943432374,0.28663635700583634,2025-01-09 16:41:31.656542,2025-01-09 16:41:38.431102,0 days 00:00:06.774560,0.03249109346892302,32,0.4,220,100,0.00032008903302519745,356,0.00295970199640845,1,1,adam,"{'neurons_per_layer_encoder': [220], 'neurons_per_layer_decoder': [220]}",220,[220],[220],[0.542038370664258],[0.16591995670341997],[-0.12524171151840036],[0.16588748943432374],[0.28663635700583634],-0.10125014171555484,COMPLETE
515,0.3847949542041441,0.25362102955146937,-0.012972676034824104,0.021944689677822038,0.1994869767287466,2025-01-09 16:41:34.058248,2025-01-09 16:41:44.346812,0 days 00:00:10.288564,0.021239026210503564,32,0.1,220,100,7.711562101335518e-05,464,0.0036267175772948077,2,2,adam,"{'neurons_per_layer_encoder': [220, 440], 'neurons_per_layer_decoder': [440, 220]}",220,"[440, 220]","[220, 440]",[0.3847949542041441],[0.25362102955146937],[-0.012972676034824104],[0.021944689677822038],[0.1994869767287466],-0.04681435086993452,COMPLETE
516,0.31561397981916994,0.6082312253964022,-0.0563232588043292,-0.4539183103901503,0.20954208792021733,2025-01-09 16:41:34.090313,2025-01-09 16:41:43.616785,0 days 00:00:09.526472,0.023102472537287803,32,0.1,224,100,7.156643482066545e-05,472,7.412111506247599e-05,3,2,adam,"{'neurons_per_layer_encoder': [224, 448], 'neurons_per_layer_decoder': [448, 224, 112]}",224,"[448, 224, 112]","[224, 448]",[0.31561397981916994],[0.6082312253964022],[-0.0563232588043292],[-0.4539183103901503],[0.20954208792021733],0.7651760004251118,COMPLETE
517,0.5126275281922896,0.21962916263395715,-0.162956102496842,0.028207507966447998,0.10425807291535594,2025-01-09 16:41:34.555111,2025-01-09 16:41:44.138685,0 days 00:00:09.583574,0.020684377349728125,32,0.1,224,100,8.001510497729568e-05,472,0.0035240861400578304,3,2,adam,"{'neurons_per_layer_encoder': [224, 448], 'neurons_per_layer_decoder': [448, 224, 112]}",224,"[448, 224, 112]","[224, 448]",[0.5126275281922896],[0.21962916263395715],[-0.162956102496842],[0.028207507966447998],[0.10425807291535594],-0.00671228657124077,COMPLETE
518,0.4309152280078561,0.5408250379197554,-0.07186262897553775,0.2742605544233875,0.19391702644020437,2025-01-09 16:41:43.623458,2025-01-09 16:41:52.184389,0 days 00:00:08.560931,0.021520762642085235,32,0.1,228,100,8.152933188877255e-05,412,0.003540459505876999,3,1,adam,"{'neurons_per_layer_encoder': [228], 'neurons_per_layer_decoder': [228, 114, 57]}",228,"[228, 114, 57]",[228],[0.4309152280078561],[0.5408250379197554],[-0.07186262897553775],[0.2742605544233875],[0.19391702644020437],-0.005971025662120806,COMPLETE
519,0.6440424094570509,0.24553069600944455,-0.23705988084054952,0.14509334591917478,0.126036458200108,2025-01-09 16:41:44.144849,2025-01-09 16:41:51.974486,0 days 00:00:07.829637,0.02024712957116355,32,0.1,228,100,7.098560809828224e-05,412,0.003634044276607594,1,1,adam,"{'neurons_per_layer_encoder': [228], 'neurons_per_layer_decoder': [228]}",228,[228],[228],[0.6440424094570509],[0.24553069600944455],[-0.23705988084054952],[0.14509334591917478],[0.126036458200108],-0.7696856089964302,COMPLETE
