number,values_0,values_1,values_2,values_3,values_4,datetime_start,datetime_complete,duration,params_alpha,params_batch_size,params_drop_out_rate,params_encoder_neurons_layer_1,params_epochs,params_lambda,params_latent_dim,params_learning_rate,params_num_layers_decoder,params_num_layers_encoder,params_optimizer,user_attrs_encoder_decoder_config,user_attrs_first_layer_neurons,user_attrs_neurons_per_layer_decoder,user_attrs_neurons_per_layer_encoder,user_attrs_r2_feature_1,user_attrs_r2_feature_2,user_attrs_r2_feature_3,user_attrs_r2_feature_4,user_attrs_r2_feature_5,user_attrs_relative_deterioration,state
273,0.6443250039338845,0.25318576270331006,-0.12989355212245535,-0.11692941723638772,0.3048267193191754,2025-01-09 15:45:48.690356,2025-01-09 15:45:59.526234,0 days 00:00:10.835878,0.057514769916661254,40,0.4,116,100,0.00014155469639985286,140,0.002120317330875807,1,1,adam,"{'neurons_per_layer_encoder': [116], 'neurons_per_layer_decoder': [116]}",116,[116],[116],[0.6443250039338845],[0.25318576270331006],[-0.12989355212245535],[-0.11692941723638772],[0.3048267193191754],-0.16094179821743496,COMPLETE
274,-3.7863121086956832,0.03642919825895907,-0.07818740542186808,-18.767576400297294,-0.06822945399025038,2025-01-09 15:45:53.448969,2025-01-09 15:46:00.647201,0 days 00:00:07.198232,0.05673120620196892,40,0.4,116,100,8.643210876652174e-05,140,1.1667409797733772e-05,2,1,adam,"{'neurons_per_layer_encoder': [116], 'neurons_per_layer_decoder': [116, 58]}",116,"[116, 58]",[116],[-3.7863121086956832],[0.03642919825895907],[-0.07818740542186808],[-18.767576400297294],[-0.06822945399025038],0.47138706712825074,COMPLETE
275,0.4583124941426143,0.26860974521879966,-0.1621852563511723,0.07024880152020518,0.2501026777526959,2025-01-09 15:45:55.418850,2025-01-09 15:46:05.546365,0 days 00:00:10.127515,0.05219003558428668,40,0.4,184,100,9.040880894892135e-05,336,0.001956778891071932,2,1,adam,"{'neurons_per_layer_encoder': [184], 'neurons_per_layer_decoder': [184, 92]}",184,"[184, 92]",[184],[0.4583124941426143],[0.26860974521879966],[-0.1621852563511723],[0.07024880152020518],[0.2501026777526959],0.03004474423598065,COMPLETE
276,0.4428415756620615,0.3202329556138319,-0.14035205379330828,-0.22519678351908579,0.266598346906165,2025-01-09 15:45:56.531529,2025-01-09 15:46:06.336496,0 days 00:00:09.804967,0.0519387618002505,40,0.30000000000000004,124,100,8.937149075866756e-05,164,0.002130043270513466,2,1,adam,"{'neurons_per_layer_encoder': [124], 'neurons_per_layer_decoder': [124, 62]}",124,"[124, 62]",[124],[0.4428415756620615],[0.3202329556138319],[-0.14035205379330828],[-0.22519678351908579],[0.266598346906165],-0.13103153259820735,COMPLETE
277,0.4314732065991108,0.3876074183820758,-0.012680885854745583,0.26851015495658526,0.37411309033155704,2025-01-09 15:45:56.828388,2025-01-09 15:46:06.441362,0 days 00:00:09.612974,0.06483840959824297,32,0.2,180,100,9.011410692218744e-05,188,0.0019329413608415195,2,1,adam,"{'neurons_per_layer_encoder': [180], 'neurons_per_layer_decoder': [180, 90]}",180,"[180, 90]",[180],[0.4314732065991108],[0.3876074183820758],[-0.012680885854745583],[0.26851015495658526],[0.37411309033155704],0.18337608886388532,COMPLETE
278,-7.81077016581785,0.0586966040751411,-0.10456932768602778,-10.65855521103346,0.04807404160279383,2025-01-09 15:45:59.535261,2025-01-09 15:46:06.665222,0 days 00:00:07.129961,0.06717475470695217,32,0.4,124,100,9.682614636233211e-05,148,0.00013280931709610096,2,1,adam,"{'neurons_per_layer_encoder': [124], 'neurons_per_layer_decoder': [124, 62]}",124,"[124, 62]",[124],[-7.81077016581785],[0.0586966040751411],[-0.10456932768602778],[-10.65855521103346],[0.04807404160279383],0.4370820384403934,COMPLETE
279,0.5396392682956069,0.2822360171923114,-0.035864800203869285,0.30734571016542456,0.23484955428285414,2025-01-09 15:46:00.655174,2025-01-09 15:46:09.448095,0 days 00:00:08.792921,0.06501539945386227,32,0.4,124,100,9.098612724694264e-05,148,0.0017585487067152804,2,1,adam,"{'neurons_per_layer_encoder': [124], 'neurons_per_layer_decoder': [124, 62]}",124,"[124, 62]",[124],[0.5396392682956069],[0.2822360171923114],[-0.035864800203869285],[0.30734571016542456],[0.23484955428285414],0.2254982571720713,COMPLETE
280,0.41307897990680265,0.17677472704039798,0.0006914020805545151,-2.1469186430554803,0.20907079093268577,2025-01-09 15:46:05.556635,2025-01-09 15:46:11.436415,0 days 00:00:05.879780,0.06529325385834538,112,0.4,124,100,9.287384987141492e-05,148,0.00014075808212239395,2,1,adam,"{'neurons_per_layer_encoder': [124], 'neurons_per_layer_decoder': [124, 62]}",124,"[124, 62]",[124],[0.41307897990680265],[0.17677472704039798],[0.0006914020805545151],[-2.1469186430554803],[0.20907079093268577],0.5705694407317105,COMPLETE
281,0.5433020193680336,0.32107466463646406,-0.11918795569176055,-0.22246089365890853,0.27232960565585984,2025-01-09 15:46:06.345982,2025-01-09 15:46:12.219902,0 days 00:00:05.873920,0.06454434863201063,32,0.2,140,100,0.0001276751734744877,148,0.0010620778864206448,2,1,adam,"{'neurons_per_layer_encoder': [140], 'neurons_per_layer_decoder': [140, 70]}",140,"[140, 70]",[140],[0.5433020193680336],[0.32107466463646406],[-0.11918795569176055],[-0.22246089365890853],[0.27232960565585984],0.32198007497030057,COMPLETE
282,0.6265896096080039,0.23738731986077266,-0.0677504738115462,0.19405517749979118,0.2467827182071315,2025-01-09 15:46:06.449633,2025-01-09 15:46:12.484886,0 days 00:00:06.035253,0.06521918593942908,32,0.4,120,100,0.00012605535318113646,144,0.0016219767400432515,2,1,adam,"{'neurons_per_layer_encoder': [120], 'neurons_per_layer_decoder': [120, 60]}",120,"[120, 60]",[120],[0.6265896096080039],[0.23738731986077266],[-0.0677504738115462],[0.19405517749979118],[0.2467827182071315],0.29605844841548024,COMPLETE
283,0.39107720162794346,0.3673014278994693,-0.09042103402857227,0.25430709234463855,0.18871637747936598,2025-01-09 15:46:06.674166,2025-01-09 15:46:12.701161,0 days 00:00:06.026995,0.07114616112913184,32,0.2,144,100,0.00012265843812570858,312,0.001627511137855806,2,1,adam,"{'neurons_per_layer_encoder': [144], 'neurons_per_layer_decoder': [144, 72]}",144,"[144, 72]",[144],[0.39107720162794346],[0.3673014278994693],[-0.09042103402857227],[0.25430709234463855],[0.18871637747936598],0.19184529832550212,COMPLETE
284,0.4820771160191736,0.5339190767303141,-0.20705497364566772,-0.15729908046858854,0.18736150667194829,2025-01-09 15:46:08.692957,2025-01-09 15:46:14.250651,0 days 00:00:05.557694,0.07230500343045373,32,0.2,164,100,0.00012779028749566046,172,0.000488415877976799,2,1,adam,"{'neurons_per_layer_encoder': [164], 'neurons_per_layer_decoder': [164, 82]}",164,"[164, 82]",[164],[0.4820771160191736],[0.5339190767303141],[-0.20705497364566772],[-0.15729908046858854],[0.18736150667194829],0.46794987062576626,COMPLETE
285,0.4298661767304325,0.3756414824639047,-0.03259675053504063,0.5440224752621721,0.3158428293663431,2025-01-09 15:46:09.455862,2025-01-09 15:46:15.568684,0 days 00:00:06.112822,0.07116192700830028,32,0.2,248,100,0.00013722916229801986,512,0.0013682441261154404,2,1,adam,"{'neurons_per_layer_encoder': [248], 'neurons_per_layer_decoder': [248, 124]}",248,"[248, 124]",[248],[0.4298661767304325],[0.3756414824639047],[-0.03259675053504063],[0.5440224752621721],[0.3158428293663431],0.35808940805567335,COMPLETE
286,0.4048018571534915,0.29378376959910224,-0.17640741640684543,0.05205363426677978,0.4049598516146773,2025-01-09 15:46:11.443585,2025-01-09 15:46:16.602332,0 days 00:00:05.158747,0.07569512392062222,32,0.2,108,100,0.0001353422041931966,132,0.0004916298965005412,2,1,adam,"{'neurons_per_layer_encoder': [108], 'neurons_per_layer_decoder': [108, 54]}",108,"[108, 54]",[108],[0.4048018571534915],[0.29378376959910224],[-0.17640741640684543],[0.05205363426677978],[0.4049598516146773],0.39059394873227016,COMPLETE
287,-1.4869699691353713,0.013305430364573545,0.05160425952005776,-47.47275573491965,-0.12576762821737142,2025-01-09 15:46:12.226827,2025-01-09 15:46:16.005987,0 days 00:00:03.779160,0.07341451391107734,32,0.2,120,100,0.00012611535707748072,144,0.0012875338268331848,2,1,adadelta,"{'neurons_per_layer_encoder': [120], 'neurons_per_layer_decoder': [120, 60]}",120,"[120, 60]",[120],[-1.4869699691353713],[0.013305430364573545],[0.05160425952005776],[-47.47275573491965],[-0.12576762821737142],0.35122082372261954,COMPLETE
288,-0.9195920320452613,-0.2636640385383331,-0.06784954997441095,-20.677796899104813,-1.1824599540612257,2025-01-09 15:46:12.493721,2025-01-09 15:46:16.502381,0 days 00:00:04.008660,0.053999810863689775,32,0.2,108,100,0.00012698118671705192,132,0.0005175181715190647,2,1,adadelta,"{'neurons_per_layer_encoder': [108], 'neurons_per_layer_decoder': [108, 54]}",108,"[108, 54]",[108],[-0.9195920320452613],[-0.2636640385383331],[-0.06784954997441095],[-20.677796899104813],[-1.1824599540612257],0.4814115227180686,COMPLETE
289,-6.20287432866258,-0.15696303865849548,-0.041781771737990914,-16.784979533537793,-0.041352915800245915,2025-01-09 15:46:12.709744,2025-01-09 15:46:16.482023,0 days 00:00:03.772279,0.05493288894147011,32,0.2,108,100,0.0001813564658286317,132,0.00121285295754445,2,1,adadelta,"{'neurons_per_layer_encoder': [108], 'neurons_per_layer_decoder': [108, 54]}",108,"[108, 54]",[108],[-6.20287432866258],[-0.15696303865849548],[-0.041781771737990914],[-16.784979533537793],[-0.041352915800245915],0.3937799518797618,COMPLETE
290,0.47003905234235344,0.3419300305683517,-0.048826506896565425,0.2277635118828587,0.15886932871027692,2025-01-09 15:46:14.258576,2025-01-09 15:46:19.150652,0 days 00:00:04.892076,0.04907265665591483,32,0.2,108,100,0.00020453927047855814,132,0.0013455986311024745,2,1,adam,"{'neurons_per_layer_encoder': [108], 'neurons_per_layer_decoder': [108, 54]}",108,"[108, 54]",[108],[0.47003905234235344],[0.3419300305683517],[-0.048826506896565425],[0.2277635118828587],[0.15886932871027692],0.2670722025305595,COMPLETE
291,0.54260270612479,0.23939060204610074,-0.1311714199431291,0.028079921919584194,0.31391859365278096,2025-01-09 15:46:15.577087,2025-01-09 15:46:20.740928,0 days 00:00:05.163841,0.07642933908487448,40,0.2,96,100,0.0001900893062965398,120,0.0013340525982685045,2,1,adam,"{'neurons_per_layer_encoder': [96], 'neurons_per_layer_decoder': [96, 48]}",96,"[96, 48]",[96],[0.54260270612479],[0.23939060204610074],[-0.1311714199431291],[0.028079921919584194],[0.31391859365278096],0.13386342761416659,COMPLETE
292,0.36041398075969067,0.28357269652724215,-0.06882724798889184,0.027226299820246824,0.27406269581350384,2025-01-09 15:46:16.013107,2025-01-09 15:46:21.184298,0 days 00:00:05.171191,0.05496047883000227,40,0.2,100,100,3.107991288176223e-05,204,0.002375710012554957,2,1,adam,"{'neurons_per_layer_encoder': [100], 'neurons_per_layer_decoder': [100, 50]}",100,"[100, 50]",[100],[0.36041398075969067],[0.28357269652724215],[-0.06882724798889184],[0.027226299820246824],[0.27406269581350384],-0.5645497419348448,COMPLETE
293,0.2664077452244973,0.2187934171013366,0.04147241362174814,0.05970376915576803,0.07378987609638088,2025-01-09 15:46:16.488508,2025-01-09 15:46:22.341792,0 days 00:00:05.853284,0.05941940731261171,40,0.2,100,100,7.418566997470683e-05,140,0.0024414418907190883,5,1,adam,"{'neurons_per_layer_encoder': [100], 'neurons_per_layer_decoder': [100, 50, 25, 12, 8]}",100,"[100, 50, 25, 12, 8]",[100],[0.2664077452244973],[0.2187934171013366],[0.04147241362174814],[0.05970376915576803],[0.07378987609638088],0.1447147776318289,COMPLETE
294,0.3270710923784863,0.19119462189435232,-0.29053720102034797,0.24888303310618154,0.2949753331931695,2025-01-09 15:46:16.510186,2025-01-09 15:46:21.030873,0 days 00:00:04.520687,0.05976727187820148,40,0.2,104,100,7.832882623045283e-06,128,0.0024723723398511316,2,1,adam,"{'neurons_per_layer_encoder': [104], 'neurons_per_layer_decoder': [104, 52]}",104,"[104, 52]",[104],[0.3270710923784863],[0.19119462189435232],[-0.29053720102034797],[0.24888303310618154],[0.2949753331931695],-0.9468940890787593,COMPLETE
295,0.3680560995877835,0.15610264070170443,-0.0933981263592909,0.08118766946612,0.17640744128705177,2025-01-09 15:46:16.609345,2025-01-09 15:46:22.429304,0 days 00:00:05.819959,0.05945858611463294,40,0.2,92,100,2.915029567861988e-05,132,0.0023064302953029786,5,1,adam,"{'neurons_per_layer_encoder': [92], 'neurons_per_layer_decoder': [92, 46, 23, 11, 8]}",92,"[92, 46, 23, 11, 8]",[92],[0.3680560995877835],[0.15610264070170443],[-0.0933981263592909],[0.08118766946612],[0.17640744128705177],-0.12221086285990397,COMPLETE
296,0.42170923018008366,0.19381841851607895,-0.1694639333209309,-0.1324276977196901,0.12707076965404118,2025-01-09 15:46:19.157652,2025-01-09 15:46:24.764582,0 days 00:00:05.606930,0.058403527407831377,40,0.2,96,100,7.463071739905403e-06,120,0.002555024558474624,5,1,adam,"{'neurons_per_layer_encoder': [96], 'neurons_per_layer_decoder': [96, 48, 24, 12, 8]}",96,"[96, 48, 24, 12, 8]",[96],[0.42170923018008366],[0.19381841851607895],[-0.1694639333209309],[-0.1324276977196901],[0.12707076965404118],-0.2866900276960603,COMPLETE
297,0.4945247956151343,0.30219428415597416,-0.15631870719845975,0.33964889832949885,0.10144392107380074,2025-01-09 15:46:20.748819,2025-01-09 15:46:27.862771,0 days 00:00:07.113952,0.06011187243835875,40,0.2,252,100,2.890050814264622e-05,468,0.002429928427419175,5,1,adam,"{'neurons_per_layer_encoder': [252], 'neurons_per_layer_decoder': [252, 126, 63, 31, 15]}",252,"[252, 126, 63, 31, 15]",[252],[0.4945247956151343],[0.30219428415597416],[-0.15631870719845975],[0.33964889832949885],[0.10144392107380074],-0.09805236277530983,COMPLETE
298,0.23645199463138644,0.10817581574198676,-0.1145686191184132,-0.12849135245797672,-0.04772168043604208,2025-01-09 15:46:21.037914,2025-01-09 15:46:26.633056,0 days 00:00:05.595142,0.05941692445411527,40,0.2,96,100,3.461472971312281e-05,200,0.002384744110875593,5,1,adam,"{'neurons_per_layer_encoder': [96], 'neurons_per_layer_decoder': [96, 48, 24, 12, 8]}",96,"[96, 48, 24, 12, 8]",[96],[0.23645199463138644],[0.10817581574198676],[-0.1145686191184132],[-0.12849135245797672],[-0.04772168043604208],0.017013579946562565,COMPLETE
299,0.40890450372327947,0.17134542163026067,-0.16781564291049067,-0.78667886996786,0.24363496675026264,2025-01-09 15:46:21.191281,2025-01-09 15:46:27.254837,0 days 00:00:06.063556,0.03568995226431186,40,0.2,100,100,2.928274711558439e-05,204,0.0024154334711172266,5,1,adam,"{'neurons_per_layer_encoder': [100], 'neurons_per_layer_decoder': [100, 50, 25, 12, 8]}",100,"[100, 50, 25, 12, 8]",[100],[0.40890450372327947],[0.17134542163026067],[-0.16781564291049067],[-0.78667886996786],[0.24363496675026264],-0.06822469178944052,COMPLETE
300,0.28255559698024346,0.14846602845766121,-0.09436269144568676,-0.6983516492462718,0.25230308789529676,2025-01-09 15:46:22.352431,2025-01-09 15:46:28.436061,0 days 00:00:06.083630,0.03612726411810242,40,0.2,92,100,3.0057517640308232e-05,132,0.0019032086613924928,5,1,adam,"{'neurons_per_layer_encoder': [92], 'neurons_per_layer_decoder': [92, 46, 23, 11, 8]}",92,"[92, 46, 23, 11, 8]",[92],[0.28255559698024346],[0.14846602845766121],[-0.09436269144568676],[-0.6983516492462718],[0.25230308789529676],0.05472851266677873,COMPLETE
301,0.13366241968309645,0.026312396490410395,-0.21455006753465744,-0.06765639105885901,0.058062428572459246,2025-01-09 15:46:22.436135,2025-01-09 15:46:28.236618,0 days 00:00:05.800483,0.06805642195452598,48,0.2,256,100,0.00029641245483884033,472,0.001870209732266966,2,1,adam,"{'neurons_per_layer_encoder': [256], 'neurons_per_layer_decoder': [256, 128]}",256,"[256, 128]",[256],[0.13366241968309645],[0.026312396490410395],[-0.21455006753465744],[-0.06765639105885901],[0.058062428572459246],-0.6311302636582128,COMPLETE
302,0.35747252864465906,0.0750999967047693,-0.15105076745596846,0.1747952127326221,0.11254014806260149,2025-01-09 15:46:24.772012,2025-01-09 15:46:29.851697,0 days 00:00:05.079685,0.0677936087633416,48,0.2,116,100,0.00010220563773950845,140,0.003521284140939789,2,1,adam,"{'neurons_per_layer_encoder': [116], 'neurons_per_layer_decoder': [116, 58]}",116,"[116, 58]",[116],[0.35747252864465906],[0.0750999967047693],[-0.15105076745596846],[0.1747952127326221],[0.11254014806260149],-0.9750337441288431,COMPLETE
303,0.5520183370950444,0.22636374126559577,-0.08886447272511178,0.19241128370299376,0.21981840806114206,2025-01-09 15:46:26.639839,2025-01-09 15:46:33.952605,0 days 00:00:07.312766,0.024652208240206874,32,0.2,252,100,0.0001462945221370671,468,0.0020012380557228853,2,1,adam,"{'neurons_per_layer_encoder': [252], 'neurons_per_layer_decoder': [252, 126]}",252,"[252, 126]",[252],[0.5520183370950444],[0.22636374126559577],[-0.08886447272511178],[0.19241128370299376],[0.21981840806114206],0.11151515594918716,COMPLETE
304,0.2636016279719767,0.03708470122452989,-0.20597612231867068,-0.03192860771234174,0.0810160219372611,2025-01-09 15:46:27.261266,2025-01-09 15:46:40.674934,0 days 00:00:13.413668,0.06758676291876074,48,0.2,116,100,0.00010293268000609433,952,0.0019382235031769237,2,4,adam,"{'neurons_per_layer_encoder': [116, 232, 464, 928], 'neurons_per_layer_decoder': [928, 464]}",116,"[928, 464]","[116, 232, 464, 928]",[0.2636016279719767],[0.03708470122452989],[-0.20597612231867068],[-0.03192860771234174],[0.0810160219372611],0.21940657590463555,COMPLETE
305,-0.010219557099618859,0.6011647931588859,-0.19999730264185178,-0.6049841436256784,0.11188083492731571,2025-01-09 15:46:27.869855,2025-01-09 15:46:47.336162,0 days 00:00:19.466307,0.06806040424485625,32,0.2,116,100,4.9438091934281595e-05,1720,0.00028554333508217525,2,4,adam,"{'neurons_per_layer_encoder': [116, 232, 464, 928], 'neurons_per_layer_decoder': [928, 464]}",116,"[928, 464]","[116, 232, 464, 928]",[-0.010219557099618859],[0.6011647931588859],[-0.19999730264185178],[-0.6049841436256784],[0.11188083492731571],0.8151808015931984,COMPLETE
306,-0.2901333318180488,0.571506164316567,-0.3742608463425354,-0.7536260120681824,-0.15821732727603943,2025-01-09 15:46:28.242806,2025-01-09 15:46:46.971772,0 days 00:00:18.728966,0.03022045177659478,32,0.2,116,100,0.00010236824824078072,1832,0.0001015645129188391,2,4,adam,"{'neurons_per_layer_encoder': [116, 232, 464, 928], 'neurons_per_layer_decoder': [928, 464]}",116,"[928, 464]","[116, 232, 464, 928]",[-0.2901333318180488],[0.571506164316567],[-0.3742608463425354],[-0.7536260120681824],[-0.15821732727603943],0.8925795995063177,COMPLETE
307,0.15481020885570773,-0.3684178376862357,-0.49188198608439393,-0.29406720376400775,0.002915183361486884,2025-01-09 15:46:28.444628,2025-01-09 15:46:42.550591,0 days 00:00:14.105963,0.02487142881842182,32,0.2,116,100,5.076226347985888e-05,1912,0.0002648890660745219,2,4,adam,"{'neurons_per_layer_encoder': [116, 232, 464, 928], 'neurons_per_layer_decoder': [928, 464]}",116,"[928, 464]","[116, 232, 464, 928]",[0.15481020885570773],[-0.3684178376862357],[-0.49188198608439393],[-0.29406720376400775],[0.002915183361486884],0.7586119407178917,COMPLETE
308,-0.48525637102632824,0.4356493746287139,-0.022738737216205562,-0.9138686650267152,-0.15945310327700035,2025-01-09 15:46:29.858670,2025-01-09 15:46:49.472050,0 days 00:00:19.613380,0.0242051138430681,32,0.2,116,100,5.607930428637363e-06,1784,0.002021131273799233,2,4,adam,"{'neurons_per_layer_encoder': [116, 232, 464, 928], 'neurons_per_layer_decoder': [928, 464]}",116,"[928, 464]","[116, 232, 464, 928]",[-0.48525637102632824],[0.4356493746287139],[-0.022738737216205562],[-0.9138686650267152],[-0.15945310327700035],0.06606197070668475,COMPLETE
309,0.5858766078840512,0.39474907992562336,0.10190674637968544,0.18890650183632196,0.30481652414875915,2025-01-09 15:46:33.963377,2025-01-09 15:46:46.617799,0 days 00:00:12.654422,0.06379912922783129,32,0.2,132,100,0.00033925569988796866,156,0.0015773340184805607,2,1,adam,"{'neurons_per_layer_encoder': [132], 'neurons_per_layer_decoder': [132, 66]}",132,"[132, 66]",[132],[0.5858766078840512],[0.39474907992562336],[0.10190674637968544],[0.18890650183632196],[0.30481652414875915],0.3663197988664534,COMPLETE
310,0.2760881562223837,0.29861842355669166,-0.03427180078199199,0.2543497970167712,0.07772342222879625,2025-01-09 15:46:40.683229,2025-01-09 15:46:49.870368,0 days 00:00:09.187139,0.0806997601053879,32,0.2,132,100,4.844835835365681e-05,156,0.002930425276352858,2,1,adam,"{'neurons_per_layer_encoder': [132], 'neurons_per_layer_decoder': [132, 66]}",132,"[132, 66]",[132],[0.2760881562223837],[0.29861842355669166],[-0.03427180078199199],[0.2543497970167712],[0.07772342222879625],-0.2740713425528507,COMPLETE
311,-0.014848258791477331,0.44074343725579734,0.031166566509628235,0.3215093291764246,0.1402092518025535,2025-01-09 15:46:42.559585,2025-01-09 15:46:50.461048,0 days 00:00:07.901463,0.030428556630330155,32,0.2,132,100,4.176812273911617e-05,156,0.0014985305971575238,2,1,adam,"{'neurons_per_layer_encoder': [132], 'neurons_per_layer_decoder': [132, 66]}",132,"[132, 66]",[132],[-0.014848258791477331],[0.44074343725579734],[0.031166566509628235],[0.3215093291764246],[0.1402092518025535],-0.12057850098254953,COMPLETE
312,0.3260184763029288,0.23197607166837686,-0.11658189495034077,0.2463448200419579,0.325981903168699,2025-01-09 15:46:46.627574,2025-01-09 15:46:52.712014,0 days 00:00:06.084440,0.0628663863249253,32,0.2,132,100,3.9869031747999914e-05,156,0.0014825403867706523,2,1,adam,"{'neurons_per_layer_encoder': [132], 'neurons_per_layer_decoder': [132, 66]}",132,"[132, 66]",[132],[0.3260184763029288],[0.23197607166837686],[-0.11658189495034077],[0.2463448200419579],[0.325981903168699],-0.20856990566644754,COMPLETE
313,0.5170194692640488,0.5384115478608341,-0.25156813780346376,0.36702386872172454,0.4556166084675217,2025-01-09 15:46:46.980652,2025-01-09 15:46:52.453804,0 days 00:00:05.473152,0.08089508110098434,32,0.30000000000000004,136,100,4.2413445602401856e-05,160,0.0014935242716131686,1,1,adam,"{'neurons_per_layer_encoder': [136], 'neurons_per_layer_decoder': [136]}",136,[136],[136],[0.5170194692640488],[0.5384115478608341],[-0.25156813780346376],[0.36702386872172454],[0.4556166084675217],-0.13469390471673834,COMPLETE
