number,values_0,values_1,values_2,values_3,values_4,datetime_start,datetime_complete,duration,params_alpha,params_batch_size,params_drop_out_rate,params_encoder_neurons_layer_1,params_epochs,params_lambda,params_latent_dim,params_learning_rate,params_num_layers_decoder,params_num_layers_encoder,params_optimizer,user_attrs_encoder_decoder_config,user_attrs_first_layer_neurons,user_attrs_neurons_per_layer_decoder,user_attrs_neurons_per_layer_encoder,user_attrs_r2_feature_1,user_attrs_r2_feature_2,user_attrs_r2_feature_3,user_attrs_r2_feature_4,user_attrs_r2_feature_5,user_attrs_relative_deterioration,state
233,0.07589167455270629,0.3794557383499345,-0.15867525093790635,-0.18644690098756733,0.3341352942302195,2025-01-09 15:44:24.541752,2025-01-09 15:44:30.987235,0 days 00:00:06.445483,0.05544296996001401,32,0.2,112,100,2.7250811717653588e-05,136,0.0017505056898844474,2,1,adam,"{'neurons_per_layer_encoder': [112], 'neurons_per_layer_decoder': [112, 56]}",112,"[112, 56]",[112],[0.07589167455270629],[0.3794557383499345],[-0.15867525093790635],[-0.18644690098756733],[0.3341352942302195],-0.3961151290287129,COMPLETE
234,0.6978618160457765,0.48977450459289074,-0.06746932201391731,0.17434759962917123,0.3056318209607244,2025-01-09 15:44:24.849607,2025-01-09 15:44:31.309492,0 days 00:00:06.459885,0.0862497201235823,32,0.2,116,100,0.00010738240460299351,140,0.001731172096947746,2,1,adam,"{'neurons_per_layer_encoder': [116], 'neurons_per_layer_decoder': [116, 58]}",116,"[116, 58]",[116],[0.6978618160457765],[0.48977450459289074],[-0.06746932201391731],[0.17434759962917123],[0.3056318209607244],0.16035970586044826,COMPLETE
235,0.4955438437930184,0.34093136744335306,-0.12268358161776804,0.0960630366973676,0.32213531284597374,2025-01-09 15:44:26.002141,2025-01-09 15:44:32.353333,0 days 00:00:06.351192,0.09622765372469508,32,0.2,116,100,9.053638653836793e-05,140,0.0017280075756030823,2,1,adam,"{'neurons_per_layer_encoder': [116], 'neurons_per_layer_decoder': [116, 58]}",116,"[116, 58]",[116],[0.4955438437930184],[0.34093136744335306],[-0.12268358161776804],[0.0960630366973676],[0.32213531284597374],0.06735702858530128,COMPLETE
236,0.6070985559561106,0.43199150266336106,0.0016216394131073342,0.42395109352104343,0.2672930287923091,2025-01-09 15:44:26.936101,2025-01-09 15:44:33.780881,0 days 00:00:06.844780,0.1378156151058034,32,0.2,120,100,9.733030229575988e-05,144,0.0017850678034074488,2,1,adam,"{'neurons_per_layer_encoder': [120], 'neurons_per_layer_decoder': [120, 60]}",120,"[120, 60]",[120],[0.6070985559561106],[0.43199150266336106],[0.0016216394131073342],[0.42395109352104343],[0.2672930287923091],0.22090280945171475,COMPLETE
237,0.5616816704116735,0.3278155572482965,-0.12792284314760338,0.374141161030481,0.2943504108836731,2025-01-09 15:44:27.729964,2025-01-09 15:44:34.580167,0 days 00:00:06.850203,0.1269332846092615,32,0.2,108,100,1.6359931784345354e-05,132,0.0018824031334481182,2,1,adam,"{'neurons_per_layer_encoder': [108], 'neurons_per_layer_decoder': [108, 54]}",108,"[108, 54]",[108],[0.5616816704116735],[0.3278155572482965],[-0.12792284314760338],[0.374141161030481],[0.2943504108836731],-0.3705182273926419,COMPLETE
238,0.5799371649879381,0.4202640462354431,-0.022193720286013408,0.08520652800632877,0.44557593476693647,2025-01-09 15:44:28.693980,2025-01-09 15:44:35.365206,0 days 00:00:06.671226,0.056466049084818025,32,0.2,120,100,3.7526616582015154e-05,144,0.0017244709527755994,2,1,adam,"{'neurons_per_layer_encoder': [120], 'neurons_per_layer_decoder': [120, 60]}",120,"[120, 60]",[120],[0.5799371649879381],[0.4202640462354431],[-0.022193720286013408],[0.08520652800632877],[0.44557593476693647],-0.06142247452481659,COMPLETE
239,0.10842572539748951,0.1513303597136456,-0.3190410533227508,-0.08021470148597909,0.25252790356577737,2025-01-09 15:44:30.993932,2025-01-09 15:44:36.869501,0 days 00:00:05.875569,0.1351431863853711,32,0.2,120,100,5.6481326740478203e-05,144,0.0024896658828374137,2,1,adam,"{'neurons_per_layer_encoder': [120], 'neurons_per_layer_decoder': [120, 60]}",120,"[120, 60]",[120],[0.10842572539748951],[0.1513303597136456],[-0.3190410533227508],[-0.08021470148597909],[0.25252790356577737],-0.23100092176908518,COMPLETE
240,0.6561602092813781,0.18799577180301974,-0.09665998528690123,-0.40745265411340537,0.3404025168771433,2025-01-09 15:44:31.315753,2025-01-09 15:44:39.051642,0 days 00:00:07.735889,0.0890727064244707,32,0.30000000000000004,120,100,5.5917029324259736e-05,144,0.001774190750896553,5,1,adam,"{'neurons_per_layer_encoder': [120], 'neurons_per_layer_decoder': [120, 60, 30, 15, 8]}",120,"[120, 60, 30, 15, 8]",[120],[0.6561602092813781],[0.18799577180301974],[-0.09665998528690123],[-0.40745265411340537],[0.3404025168771433],0.35789120330434604,COMPLETE
241,0.593209253785691,0.10936986104140034,-0.06618853182004214,-1.764383519859562,0.24441483277118592,2025-01-09 15:44:32.359696,2025-01-09 15:44:40.114363,0 days 00:00:07.754667,0.10074249643469634,32,0.30000000000000004,120,100,5.566700222576782e-05,144,0.0006795126540463091,5,1,adam,"{'neurons_per_layer_encoder': [120], 'neurons_per_layer_decoder': [120, 60, 30, 15, 8]}",120,"[120, 60, 30, 15, 8]",[120],[0.593209253785691],[0.10936986104140034],[-0.06618853182004214],[-1.764383519859562],[0.24441483277118592],0.4150548272363451,COMPLETE
242,0.7409859317020658,0.4281322157801337,-0.10134053018525546,0.19909135201411843,0.21760869174219988,2025-01-09 15:44:33.788805,2025-01-09 15:44:40.880083,0 days 00:00:07.091278,0.06064994899728513,32,0.2,120,100,8.883002415398487e-05,144,0.0025858441026149395,2,1,adam,"{'neurons_per_layer_encoder': [120], 'neurons_per_layer_decoder': [120, 60]}",120,"[120, 60]",[120],[0.7409859317020658],[0.4281322157801337],[-0.10134053018525546],[0.19909135201411843],[0.21760869174219988],0.003172044360997552,COMPLETE
243,0.6704173107129633,0.4851745214533092,-0.05070154801701032,0.07592291607886414,0.34043214940768607,2025-01-09 15:44:34.586885,2025-01-09 15:44:42.186941,0 days 00:00:07.600056,0.08284667489824185,32,0.2,120,100,0.00012854887702180615,144,0.002473010319046886,2,1,adam,"{'neurons_per_layer_encoder': [120], 'neurons_per_layer_decoder': [120, 60]}",120,"[120, 60]",[120],[0.6704173107129633],[0.4851745214533092],[-0.05070154801701032],[0.07592291607886414],[0.34043214940768607],-0.010305174144332184,COMPLETE
244,0.3419522516287594,0.30255355468572775,-0.1626053999960746,0.23977699886472104,0.16682857957118347,2025-01-09 15:44:35.371312,2025-01-09 15:44:42.204557,0 days 00:00:06.833245,0.13716086471622274,32,0.2,120,100,4.182384558731401e-05,144,0.001757147366157834,2,1,adam,"{'neurons_per_layer_encoder': [120], 'neurons_per_layer_decoder': [120, 60]}",120,"[120, 60]",[120],[0.3419522516287594],[0.30255355468572775],[-0.1626053999960746],[0.23977699886472104],[0.16682857957118347],-0.24732706905081217,COMPLETE
245,0.33050023672683304,0.3928323922283897,-0.3041880398873451,-0.18945828615428484,0.30096832260682116,2025-01-09 15:44:36.876570,2025-01-09 15:44:43.781403,0 days 00:00:06.904833,0.061195561936343415,32,0.2,120,100,3.817358030385232e-05,144,0.0012447911349032794,2,1,adam,"{'neurons_per_layer_encoder': [120], 'neurons_per_layer_decoder': [120, 60]}",120,"[120, 60]",[120],[0.33050023672683304],[0.3928323922283897],[-0.3041880398873451],[-0.18945828615428484],[0.30096832260682116],-0.23887547747975452,COMPLETE
246,0.4810308969517255,0.07801221833236438,-0.24404101128380895,0.22781436030106228,0.17748944423790103,2025-01-09 15:44:39.058225,2025-01-09 15:44:45.380188,0 days 00:00:06.321963,0.06390352664282352,32,0.2,108,100,3.8152101540242174e-05,132,0.00178804698308461,2,1,adam,"{'neurons_per_layer_encoder': [108], 'neurons_per_layer_decoder': [108, 54]}",108,"[108, 54]",[108],[0.4810308969517255],[0.07801221833236438],[-0.24404101128380895],[0.22781436030106228],[0.17748944423790103],-0.23729006362979618,COMPLETE
247,0.4846828960277999,0.3994074453599876,0.04092524266663966,0.3033881546048449,0.3576066035689768,2025-01-09 15:44:40.121088,2025-01-09 15:44:47.328075,0 days 00:00:07.206987,0.08650131962166485,32,0.2,108,100,3.8494240791615015e-05,132,0.0011723692151330539,2,1,adam,"{'neurons_per_layer_encoder': [108], 'neurons_per_layer_decoder': [108, 54]}",108,"[108, 54]",[108],[0.4846828960277999],[0.3994074453599876],[0.04092524266663966],[0.3033881546048449],[0.3576066035689768],0.06760728631351968,COMPLETE
248,0.6198760004212014,0.5388712900005361,-0.017572329702847167,0.20395508947929497,0.3035552349979489,2025-01-09 15:44:40.886593,2025-01-09 15:44:47.804292,0 days 00:00:06.917699,0.06157064906616468,32,0.2,120,100,4.2581287358595975e-05,144,0.00115758911867122,2,1,adam,"{'neurons_per_layer_encoder': [120], 'neurons_per_layer_decoder': [120, 60]}",120,"[120, 60]",[120],[0.6198760004212014],[0.5388712900005361],[-0.017572329702847167],[0.20395508947929497],[0.3035552349979489],0.07399037778471318,COMPLETE
249,0.6884637007758445,0.09382451071343745,-0.24386427136519884,0.2962693674036877,0.2345345782149053,2025-01-09 15:44:42.194320,2025-01-09 15:44:48.373892,0 days 00:00:06.179572,0.04898109206748335,32,0.2,124,100,3.903708848240231e-05,148,0.0011577988319811314,2,1,adam,"{'neurons_per_layer_encoder': [124], 'neurons_per_layer_decoder': [124, 62]}",124,"[124, 62]",[124],[0.6884637007758445],[0.09382451071343745],[-0.24386427136519884],[0.2962693674036877],[0.2345345782149053],-0.19459472894018168,COMPLETE
250,0.57846048608142,0.44206074430759723,-0.16350438419978408,0.22669610769735815,0.4106930315272189,2025-01-09 15:44:42.210723,2025-01-09 15:44:48.738679,0 days 00:00:06.527956,0.06271174049732306,32,0.2,112,100,3.9042509970729846e-05,136,0.0016727225851163228,2,1,adam,"{'neurons_per_layer_encoder': [112], 'neurons_per_layer_decoder': [112, 56]}",112,"[112, 56]",[112],[0.57846048608142],[0.44206074430759723],[-0.16350438419978408],[0.22669610769735815],[0.4106930315272189],-0.2402623074732458,COMPLETE
251,0.5280119962702852,0.4467250372187289,0.09659631285164794,0.3739345522204248,0.37622700926408226,2025-01-09 15:44:43.787915,2025-01-09 15:44:50.257850,0 days 00:00:06.469935,0.06264006954152886,32,0.2,112,100,0.00011521248413877518,136,0.0019379629865550667,2,1,adam,"{'neurons_per_layer_encoder': [112], 'neurons_per_layer_decoder': [112, 56]}",112,"[112, 56]",[112],[0.5280119962702852],[0.4467250372187289],[0.09659631285164794],[0.3739345522204248],[0.37622700926408226],0.23465050175660696,COMPLETE
252,0.48951679569512896,0.35872401669055354,-0.058725051104348225,-0.23159987012358862,0.37579661284589616,2025-01-09 15:44:45.386767,2025-01-09 15:44:51.942043,0 days 00:00:06.555276,0.06779596263479269,32,0.2,124,100,0.00012204401772064442,148,0.0011263699746640648,2,1,adam,"{'neurons_per_layer_encoder': [124], 'neurons_per_layer_decoder': [124, 62]}",124,"[124, 62]",[124],[0.48951679569512896],[0.35872401669055354],[-0.058725051104348225],[-0.23159987012358862],[0.37579661284589616],0.2969127313188408,COMPLETE
253,0.118083168439581,0.4289249631389107,0.08081342124958202,0.2922157151306549,0.27701299340598173,2025-01-09 15:44:47.334737,2025-01-09 15:44:52.625449,0 days 00:00:05.290712,0.09528921137401164,32,0.2,104,100,4.597242641710613e-05,128,0.0020399839152580755,2,1,adam,"{'neurons_per_layer_encoder': [104], 'neurons_per_layer_decoder': [104, 52]}",104,"[104, 52]",[104],[0.118083168439581],[0.4289249631389107],[0.08081342124958202],[0.2922157151306549],[0.27701299340598173],-0.06114265400331053,COMPLETE
254,0.42635457706488766,0.274648110524352,-0.14781008906746296,-0.06782358489813389,0.5019548519375414,2025-01-09 15:44:47.811273,2025-01-09 15:44:53.472952,0 days 00:00:05.661679,0.07747903718596579,32,0.2,108,100,4.825858714620889e-05,132,0.0009463920947939782,2,1,adam,"{'neurons_per_layer_encoder': [108], 'neurons_per_layer_decoder': [108, 54]}",108,"[108, 54]",[108],[0.42635457706488766],[0.274648110524352],[-0.14781008906746296],[-0.06782358489813389],[0.5019548519375414],-0.028252970048430977,COMPLETE
255,0.2683619433144476,0.40903309963925116,-0.3129421307203786,-0.18306147959103125,0.41646015570826556,2025-01-09 15:44:48.380614,2025-01-09 15:44:54.128866,0 days 00:00:05.748252,0.08534611558784781,32,0.2,104,100,4.417985976808973e-05,128,0.0009085978522020563,2,1,adam,"{'neurons_per_layer_encoder': [104], 'neurons_per_layer_decoder': [104, 52]}",104,"[104, 52]",[104],[0.2683619433144476],[0.40903309963925116],[-0.3129421307203786],[-0.18306147959103125],[0.41646015570826556],-0.23522183926789886,COMPLETE
256,0.6136605942744529,0.3859433766963082,-0.32748035546198717,-0.4542724296254117,0.3225638166837512,2025-01-09 15:44:48.745954,2025-01-09 15:44:54.913303,0 days 00:00:06.167349,0.06789100335391204,32,0.2,104,100,4.777146706813633e-05,128,0.0008366848447656077,2,1,adam,"{'neurons_per_layer_encoder': [104], 'neurons_per_layer_decoder': [104, 52]}",104,"[104, 52]",[104],[0.6136605942744529],[0.3859433766963082],[-0.32748035546198717],[-0.4542724296254117],[0.3225638166837512],-0.06915461859413485,COMPLETE
257,-2.145885787394587,0.005239787682528418,-0.1298582874536527,-25.553427541400893,-0.06104816389715806,2025-01-09 15:44:50.264352,2025-01-09 15:44:54.320501,0 days 00:00:04.056149,0.06800123103738734,88,0.2,112,100,0.0001362945987364585,1624,0.0016299648551883433,2,4,sgd,"{'neurons_per_layer_encoder': [112, 224, 448, 896], 'neurons_per_layer_decoder': [896, 448]}",112,"[896, 448]","[112, 224, 448, 896]",[-2.145885787394587],[0.005239787682528418],[-0.1298582874536527],[-25.553427541400893],[-0.06104816389715806],0.8637244179314161,COMPLETE
258,-7.16511137858031,-0.025849267474655102,-0.17156720213542798,-24.943482339146474,-0.16671002374192545,2025-01-09 15:44:51.948651,2025-01-09 15:44:57.398565,0 days 00:00:05.449914,0.061988780902027335,32,0.2,116,100,0.00010600576969516478,1432,0.000821879594343948,2,4,sgd,"{'neurons_per_layer_encoder': [116, 232, 464, 928], 'neurons_per_layer_decoder': [928, 464]}",116,"[928, 464]","[116, 232, 464, 928]",[-7.16511137858031],[-0.025849267474655102],[-0.17156720213542798],[-24.943482339146474],[-0.16671002374192545],0.808908490037389,COMPLETE
259,-0.08156184929774235,0.38859589589414956,0.10072380382936696,-0.27926559923575844,0.11788224335553599,2025-01-09 15:44:52.631994,2025-01-09 15:45:48.662829,0 days 00:00:56.030835,0.06044936217509755,32,0.2,200,100,0.000111719514380118,3224,0.0016698285626770104,2,5,sgd,"{'neurons_per_layer_encoder': [200, 400, 800, 1600, 3200], 'neurons_per_layer_decoder': [3200, 1600]}",200,"[3200, 1600]","[200, 400, 800, 1600, 3200]",[-0.08156184929774235],[0.38859589589414956],[0.10072380382936696],[-0.27926559923575844],[0.11788224335553599],0.9752034226973115,COMPLETE
260,-2.682074041500657,0.032958556124071614,0.007989603234091147,-24.21920411620396,0.0811992759663196,2025-01-09 15:44:53.481057,2025-01-09 15:45:04.777780,0 days 00:00:11.296723,0.06282405908027958,32,0.2,112,100,0.00011264695711519456,4376,0.0013877093337737816,2,5,sgd,"{'neurons_per_layer_encoder': [112, 224, 448, 896, 1792], 'neurons_per_layer_decoder': [1792, 896]}",112,"[1792, 896]","[112, 224, 448, 896, 1792]",[-2.682074041500657],[0.032958556124071614],[0.007989603234091147],[-24.21920411620396],[0.0811992759663196],0.9164438012966767,COMPLETE
261,-5.5120692154923745,-0.03937272305589268,-0.00926595728780133,-15.70196467965848,-0.2985789541071968,2025-01-09 15:44:54.137403,2025-01-09 15:45:04.200059,0 days 00:00:10.062656,0.06203854553750979,32,0.2,148,100,0.00010887861022323328,1528,0.0016227016708099953,2,4,sgd,"{'neurons_per_layer_encoder': [148, 296, 592, 1184], 'neurons_per_layer_decoder': [1184, 592]}",148,"[1184, 592]","[148, 296, 592, 1184]",[-5.5120692154923745],[-0.03937272305589268],[-0.00926595728780133],[-15.70196467965848],[-0.2985789541071968],0.8677366729976437,COMPLETE
262,-1.5382556768104738,-0.16942824201170192,-0.009293151753203555,-29.533992114469342,-0.11774585756014688,2025-01-09 15:44:54.326710,2025-01-09 15:45:10.302296,0 days 00:00:15.975586,0.06173727045963307,32,0.2,204,100,0.00011276984760132523,3288,2.5474652535147455e-05,2,5,sgd,"{'neurons_per_layer_encoder': [204, 408, 816, 1632, 3264], 'neurons_per_layer_decoder': [3264, 1632]}",204,"[3264, 1632]","[204, 408, 816, 1632, 3264]",[-1.5382556768104738],[-0.16942824201170192],[-0.009293151753203555],[-29.533992114469342],[-0.11774585756014688],0.942351512288817,COMPLETE
263,-0.9651734451947465,0.08816323130990122,-0.2255834719040759,-38.367603916472014,-0.07974747599577614,2025-01-09 15:44:54.922322,2025-01-09 15:45:04.348959,0 days 00:00:09.426637,0.06069566069760307,32,0.2,112,100,0.00011239122265982286,168,2.1776829321784016e-05,2,1,adadelta,"{'neurons_per_layer_encoder': [112], 'neurons_per_layer_decoder': [112, 56]}",112,"[112, 56]",[112],[-0.9651734451947465],[0.08816323130990122],[-0.2255834719040759],[-38.367603916472014],[-0.07974747599577614],0.4290116259728876,COMPLETE
264,-4.576036127772278,0.02368648689722752,-0.08734667698768095,-19.75506076503063,-0.147552062159791,2025-01-09 15:44:57.410416,2025-01-09 15:45:06.720411,0 days 00:00:09.309995,0.05640514916509671,96,0.2,112,100,0.00010347313913007484,136,0.00020790979005340718,2,1,adadelta,"{'neurons_per_layer_encoder': [112], 'neurons_per_layer_decoder': [112, 56]}",112,"[112, 56]",[112],[-4.576036127772278],[0.02368648689722752],[-0.08734667698768095],[-19.75506076503063],[-0.147552062159791],0.4878928659507542,COMPLETE
265,-1.6204400649677133,-0.18840972317852778,-0.12128487453751369,-21.908632891496843,-0.785196193925062,2025-01-09 15:45:04.210287,2025-01-09 15:45:35.818074,0 days 00:00:31.607787,0.0719429543059515,32,0.2,112,100,0.00016341441014632092,4216,2.1784086313996925e-05,2,5,adadelta,"{'neurons_per_layer_encoder': [112, 224, 448, 896, 1792], 'neurons_per_layer_decoder': [1792, 896]}",112,"[1792, 896]","[112, 224, 448, 896, 1792]",[-1.6204400649677133],[-0.18840972317852778],[-0.12128487453751369],[-21.908632891496843],[-0.785196193925062],0.938243060194942,COMPLETE
266,-0.583564380939418,0.022522944618411755,-0.032327969307290205,-30.28761020023227,-0.4105524262564444,2025-01-09 15:45:04.359765,2025-01-09 15:45:44.622271,0 days 00:00:40.262506,0.05589057751200073,32,0.30000000000000004,172,100,0.00016445074632360503,6024,0.0014018608427678037,1,5,adadelta,"{'neurons_per_layer_encoder': [172, 344, 688, 1376, 2752], 'neurons_per_layer_decoder': [2752]}",172,[2752],"[172, 344, 688, 1376, 2752]",[-0.583564380939418],[0.022522944618411755],[-0.032327969307290205],[-30.28761020023227],[-0.4105524262564444],0.9486946011949381,COMPLETE
267,-2.137070109707409,0.003237737693763343,-0.08298720850501184,-12.436294741307126,-0.01652826655175832,2025-01-09 15:45:04.789283,2025-01-09 15:45:55.399684,0 days 00:00:50.610401,0.05783555708710735,96,0.2,216,100,0.00015204914364382225,3480,0.00019714241042195955,1,5,adadelta,"{'neurons_per_layer_encoder': [216, 432, 864, 1728, 3456], 'neurons_per_layer_decoder': [3456]}",216,[3456],"[216, 432, 864, 1728, 3456]",[-2.137070109707409],[0.003237737693763343],[-0.08298720850501184],[-12.436294741307126],[-0.01652826655175832],0.9598546982057738,COMPLETE
268,-0.4001400405178539,0.035575691271752974,-0.8146216109233604,-3.8728039595731625,-0.809329848983311,2025-01-09 15:45:06.732014,2025-01-09 15:46:08.682441,0 days 00:01:01.950427,0.05754304227437086,32,0.2,208,100,8.300783261139124e-05,3352,0.0010667525610191825,1,5,adam,"{'neurons_per_layer_encoder': [208, 416, 832, 1664, 3328], 'neurons_per_layer_decoder': [3328]}",208,[3328],"[208, 416, 832, 1664, 3328]",[-0.4001400405178539],[0.035575691271752974],[-0.8146216109233604],[-3.8728039595731625],[-0.809329848983311],0.6821781642472794,COMPLETE
269,-0.4876199933115115,0.47789719754803284,-0.21150272787271507,-6.787092715770267,-0.013599177183438282,2025-01-09 15:45:10.311821,2025-01-09 15:45:42.208559,0 days 00:00:31.896738,0.050202811936801324,32,0.30000000000000004,96,100,0.000167514875593827,136,5.485412984140874e-05,1,1,adam,"{'neurons_per_layer_encoder': [96], 'neurons_per_layer_decoder': [96]}",96,[96],[96],[-0.4876199933115115],[0.47789719754803284],[-0.21150272787271507],[-6.787092715770267],[-0.013599177183438282],0.4542599204397633,COMPLETE
270,0.7108307353939132,0.45189008764854877,-0.08033129091194735,0.017307509499088325,0.41278174661294786,2025-01-09 15:45:35.835683,2025-01-09 15:45:53.440797,0 days 00:00:17.605114,0.05568802186083649,32,0.30000000000000004,96,100,8.874092452684327e-05,136,0.002023985300693596,1,1,adam,"{'neurons_per_layer_encoder': [96], 'neurons_per_layer_decoder': [96]}",96,[96],[96],[0.7108307353939132],[0.45189008764854877],[-0.08033129091194735],[0.017307509499088325],[0.41278174661294786],-0.006582340028522848,COMPLETE
271,0.7308359268745337,0.3215827242392597,-0.09665787940882331,-0.04855760872291426,0.27788349594072814,2025-01-09 15:45:42.254402,2025-01-09 15:45:56.819251,0 days 00:00:14.564849,0.056850800447108336,32,0.2,180,100,8.378752301944847e-05,364,0.002039517290692449,1,1,adam,"{'neurons_per_layer_encoder': [180], 'neurons_per_layer_decoder': [180]}",180,[180],[180],[0.7308359268745337],[0.3215827242392597],[-0.09665787940882331],[-0.04855760872291426],[0.27788349594072814],-0.20386105028476323,COMPLETE
272,-0.05211792242204716,0.15324891251551775,-0.30321424200575664,0.04640852762206127,0.05744015353994025,2025-01-09 15:45:44.632008,2025-01-09 15:45:56.521949,0 days 00:00:11.889941,0.05703326167180635,88,0.2,116,100,8.25205974712867e-05,140,0.0020227030621350534,1,1,adam,"{'neurons_per_layer_encoder': [116], 'neurons_per_layer_decoder': [116]}",116,[116],[116],[-0.05211792242204716],[0.15324891251551775],[-0.30321424200575664],[0.04640852762206127],[0.05744015353994025],-0.7567642512692032,COMPLETE
