number,values_0,values_1,values_2,values_3,values_4,datetime_start,datetime_complete,duration,params_alpha,params_batch_size,params_drop_out_rate,params_encoder_neurons_layer_1,params_epochs,params_lambda,params_latent_dim,params_learning_rate,params_num_layers_decoder,params_num_layers_encoder,params_optimizer,user_attrs_encoder_decoder_config,user_attrs_first_layer_neurons,user_attrs_neurons_per_layer_decoder,user_attrs_neurons_per_layer_encoder,user_attrs_r2_feature_1,user_attrs_r2_feature_2,user_attrs_r2_feature_3,user_attrs_r2_feature_4,user_attrs_r2_feature_5,user_attrs_relative_deterioration,state
560,-0.2599483421249045,0.09426047410801064,-0.08465322403471975,-2.31816138985104,0.06709455632683792,2025-01-09 17:18:21.586927,2025-01-09 17:18:29.991032,0 days 00:00:08.404105,0.16968705793218838,88,0.2,232,100,9.060247684463959e-05,488,9.347383800526321e-05,3,2,adam,"{'neurons_per_layer_encoder': [232, 464], 'neurons_per_layer_decoder': [464, 232, 116]}",232,"[464, 232, 116]","[232, 464]",[-0.2599483421249045],[0.09426047410801064],[-0.08465322403471975],[-2.31816138985104],[0.06709455632683792],0.7724161450425524,COMPLETE
561,0.11874583944966177,0.02362392665166324,-0.22723923382909583,-0.023443941123971523,0.08589512214940209,2025-01-09 17:18:21.903638,2025-01-09 17:18:30.946509,0 days 00:00:09.042871,0.020287517378509402,48,0.2,232,100,8.795651404785978e-05,488,0.0036653803354577993,3,2,adam,"{'neurons_per_layer_encoder': [232, 464], 'neurons_per_layer_decoder': [464, 232, 116]}",232,"[464, 232, 116]","[232, 464]",[0.11874583944966177],[0.02362392665166324],[-0.22723923382909583],[-0.023443941123971523],[0.08589512214940209],-0.6282615632369422,COMPLETE
562,0.12676434482993792,-0.005441130616222312,-0.24654223886715543,-0.036260195187414856,0.03942566164605643,2025-01-09 17:18:25.160935,2025-01-09 17:18:32.479554,0 days 00:00:07.318619,0.020108947512151264,88,0.2,176,100,9.08879611400023e-05,408,0.0036834784884118925,3,1,adam,"{'neurons_per_layer_encoder': [176], 'neurons_per_layer_decoder': [176, 88, 44]}",176,"[176, 88, 44]",[176],[0.12676434482993792],[-0.005441130616222312],[-0.24654223886715543],[-0.036260195187414856],[0.03942566164605643],-0.6543886238774949,COMPLETE
563,0.05101128598924343,0.5250895139704834,-0.13057278309503229,-0.061967886242624504,0.21250086108332622,2025-01-09 17:18:26.697191,2025-01-09 17:18:36.072699,0 days 00:00:09.375508,0.020707925342638038,32,0.2,236,100,9.092356431219272e-05,496,0.00037041410262931386,1,2,adam,"{'neurons_per_layer_encoder': [236, 472], 'neurons_per_layer_decoder': [472]}",236,[472],"[236, 472]",[0.05101128598924343],[0.5250895139704834],[-0.13057278309503229],[-0.061967886242624504],[0.21250086108332622],0.6571540097120209,COMPLETE
564,-0.526134163662038,0.07157959049078655,-0.2386416102738873,-0.17234275237051655,-0.1154403947006486,2025-01-09 17:18:29.846779,2025-01-09 17:18:36.412408,0 days 00:00:06.565629,0.022728654684327203,96,0.2,168,100,9.064472146496865e-05,400,0.003727134195628446,1,1,adam,"{'neurons_per_layer_encoder': [168], 'neurons_per_layer_decoder': [168]}",168,[168],[168],[-0.526134163662038],[0.07157959049078655],[-0.2386416102738873],[-0.17234275237051655],[-0.1154403947006486],-1.5257100432075386,COMPLETE
565,0.5880890174542714,0.3728859073296896,-0.06977914044693145,0.09935565191885076,0.2596684691186115,2025-01-09 17:18:29.999699,2025-01-09 17:18:36.633742,0 days 00:00:06.634043,0.022680599811518817,32,0.2,168,100,0.00023435611098451015,400,0.002791276244443664,1,1,adam,"{'neurons_per_layer_encoder': [168], 'neurons_per_layer_decoder': [168]}",168,[168],[168],[0.5880890174542714],[0.3728859073296896],[-0.06977914044693145],[0.09935565191885076],[0.2596684691186115],-0.24760515329851676,COMPLETE
566,-0.2983989655098671,0.060566196519055926,-0.40687783018856294,-0.3870459694108832,0.03449173722375598,2025-01-09 17:18:30.952897,2025-01-09 17:18:37.339891,0 days 00:00:06.386994,0.02310905822144709,72,0.2,176,100,0.0002285289478566308,408,0.0025822305308549937,1,1,adam,"{'neurons_per_layer_encoder': [176], 'neurons_per_layer_decoder': [176]}",176,[176],[176],[-0.2983989655098671],[0.060566196519055926],[-0.40687783018856294],[-0.3870459694108832],[0.03449173722375598],-1.7165662617930555,COMPLETE
567,0.3140079730139257,-0.030028227488058556,-0.18970870235428094,-1.9171154446749314,-0.06696929744732216,2025-01-09 17:18:32.485983,2025-01-09 17:18:38.908530,0 days 00:00:06.422547,0.022755729053437326,72,0.2,240,100,0.0002507309609837888,424,0.00011781107270605912,1,1,adam,"{'neurons_per_layer_encoder': [240], 'neurons_per_layer_decoder': [240]}",240,[240],[240],[0.3140079730139257],[-0.030028227488058556],[-0.18970870235428094],[-1.9171154446749314],[-0.06696929744732216],0.6097023899556037,COMPLETE
568,-0.17090310539184594,0.0653310743296518,-0.3043590725535481,0.0436202220267673,-0.13617131454768372,2025-01-09 17:18:36.244357,2025-01-09 17:18:42.520811,0 days 00:00:06.276454,0.023050820298480327,72,0.2,240,100,7.300978457822538e-05,424,0.004490125047629387,1,1,adam,"{'neurons_per_layer_encoder': [240], 'neurons_per_layer_decoder': [240]}",240,[240],[240],[-0.17090310539184594],[0.0653310743296518],[-0.3043590725535481],[0.0436202220267673],[-0.13617131454768372],-2.1228865918963176,COMPLETE
569,0.11902380271529411,0.3599327233149644,0.0807412175387412,0.2637234574935088,0.17321517916423645,2025-01-09 17:18:36.419719,2025-01-09 17:18:43.311781,0 days 00:00:06.892062,0.022593614214023807,32,0.2,240,100,7.322936068096857e-05,424,0.002695113283443633,1,1,adam,"{'neurons_per_layer_encoder': [240], 'neurons_per_layer_decoder': [240]}",240,[240],[240],[0.11902380271529411],[0.3599327233149644],[0.0807412175387412],[0.2637234574935088],[0.17321517916423645],-0.2927228049164376,COMPLETE
570,0.23481023677728285,0.07642402751261279,-0.42435188608289054,-7.19470230330273,0.050054870041866595,2025-01-09 17:18:36.640870,2025-01-09 17:18:43.003256,0 days 00:00:06.362386,0.021628235008313033,72,0.2,232,100,7.240170464201763e-05,416,1.4394804245186757e-05,1,1,adam,"{'neurons_per_layer_encoder': [232], 'neurons_per_layer_decoder': [232]}",232,[232],[232],[0.23481023677728285],[0.07642402751261279],[-0.42435188608289054],[-7.19470230330273],[0.050054870041866595],0.3975999001757679,COMPLETE
571,-0.211428993350689,0.41964883792985863,0.0044564032398926035,-2.805052329934659,0.07546086256859419,2025-01-09 17:18:37.346119,2025-01-09 17:18:43.508542,0 days 00:00:06.162423,0.02167889487077536,32,0.2,240,100,7.057938600753433e-05,424,0.004574510135664725,1,1,sgd,"{'neurons_per_layer_encoder': [240], 'neurons_per_layer_decoder': [240]}",240,[240],[240],[-0.211428993350689],[0.41964883792985863],[0.0044564032398926035],[-2.805052329934659],[0.07546086256859419],0.48446403493806056,COMPLETE
572,-5.152349834788201,-0.04727416537349538,-0.04381836634426595,-16.214170511031355,-0.23744750843812978,2025-01-09 17:18:38.915076,2025-01-09 17:18:43.610729,0 days 00:00:04.695653,0.021527202986920582,32,0.2,236,100,7.226094942706602e-05,420,0.004454100432931031,1,1,sgd,"{'neurons_per_layer_encoder': [236], 'neurons_per_layer_decoder': [236]}",236,[236],[236],[-5.152349834788201],[-0.04727416537349538],[-0.04381836634426595],[-16.214170511031355],[-0.23744750843812978],0.26130815399194973,COMPLETE
573,-2.9120207846934107,-0.3726645515255196,-0.1425826257542433,-14.443386344316336,-0.08984765023776808,2025-01-09 17:18:42.528720,2025-01-09 17:18:49.382784,0 days 00:00:06.854064,0.021489712529530504,32,0.2,12,100,4.794257925304761e-05,200,1.4796887119766613e-05,1,4,adam,"{'neurons_per_layer_encoder': [12, 24, 48, 96], 'neurons_per_layer_decoder': [96]}",12,[96],"[12, 24, 48, 96]",[-2.9120207846934107],[-0.3726645515255196],[-0.1425826257542433],[-14.443386344316336],[-0.08984765023776808],0.2527442138845775,COMPLETE
574,0.5223799005219618,0.17717390247016895,-0.5403390382849749,0.1835625635570739,-0.19925058168210263,2025-01-09 17:18:43.010401,2025-01-09 17:18:59.731712,0 days 00:00:16.721311,0.02586801529089482,32,0.2,232,100,5.132044554717812e-05,1880,0.0029914770880057084,1,4,sgd,"{'neurons_per_layer_encoder': [232, 464, 928, 1856], 'neurons_per_layer_decoder': [1856]}",232,[1856],"[232, 464, 928, 1856]",[0.5223799005219618],[0.17717390247016895],[-0.5403390382849749],[0.1835625635570739],[-0.19925058168210263],0.850374610819156,COMPLETE
575,0.19479316929912205,0.2243665387922722,-0.6435817594923077,-0.5170501831522853,0.0525545312352359,2025-01-09 17:18:43.320026,2025-01-09 17:18:59.927307,0 days 00:00:16.607281,0.017973153514926482,32,0.2,232,100,6.133477979605812e-05,1880,0.0032830488075185453,1,4,sgd,"{'neurons_per_layer_encoder': [232, 464, 928, 1856], 'neurons_per_layer_decoder': [1856]}",232,[1856],"[232, 464, 928, 1856]",[0.19479316929912205],[0.2243665387922722],[-0.6435817594923077],[-0.5170501831522853],[0.0525545312352359],0.866082745691229,COMPLETE
576,0.3848525001011893,0.5186342801629669,-0.005205505854322112,0.1247019007902217,0.28892692760316485,2025-01-09 17:18:43.515128,2025-01-09 17:18:51.866798,0 days 00:00:08.351670,0.025840691398029757,32,0.2,160,100,4.9379234462037875e-05,344,0.0030259325458014785,1,1,adam,"{'neurons_per_layer_encoder': [160], 'neurons_per_layer_decoder': [160]}",160,[160],[160],[0.3848525001011893],[0.5186342801629669],[-0.005205505854322112],[0.1247019007902217],[0.28892692760316485],-0.30606139532517523,COMPLETE
577,-0.12801774368732688,0.3112774862976473,0.05379112550216181,-4.524835700439495,0.19873312590751302,2025-01-09 17:18:43.617063,2025-01-09 17:18:52.753935,0 days 00:00:09.136872,0.19862676965665904,48,0.2,12,100,4.916905191153887e-05,200,8.165011868150467e-05,1,4,adam,"{'neurons_per_layer_encoder': [12, 24, 48, 96], 'neurons_per_layer_decoder': [96]}",12,[96],"[12, 24, 48, 96]",[-0.12801774368732688],[0.3112774862976473],[0.05379112550216181],[-4.524835700439495],[0.19873312590751302],0.39116301039960844,COMPLETE
578,0.24266484029213242,0.2717518411185472,-0.2543732871233435,0.3956085539103652,-0.10972476759696659,2025-01-09 17:18:49.393184,2025-01-09 17:18:59.425260,0 days 00:00:10.032076,0.02577831327259798,40,0.2,228,100,5.8694103196414946e-05,460,0.003317113243050358,1,1,adam,"{'neurons_per_layer_encoder': [228], 'neurons_per_layer_decoder': [228]}",228,[228],[228],[0.24266484029213242],[0.2717518411185472],[-0.2543732871233435],[0.3956085539103652],[-0.10972476759696659],-1.4870001064558664,COMPLETE
579,-0.0031544960880143247,0.3181036252580258,-0.059065244595234434,0.13349096480656475,0.06745391549776936,2025-01-09 17:18:51.875324,2025-01-09 17:19:00.990297,0 days 00:00:09.114973,0.025989487049068612,40,0.2,232,100,5.8381813955746034e-05,448,0.0026459894039809243,1,1,adam,"{'neurons_per_layer_encoder': [232], 'neurons_per_layer_decoder': [232]}",232,[232],[232],[-0.0031544960880143247],[0.3181036252580258],[-0.059065244595234434],[0.13349096480656475],[0.06745391549776936],-0.9105329810224266,COMPLETE
580,-0.07503987944122925,0.013947322152574104,0.07662165840582802,-25.731722474415744,-0.387602269566673,2025-01-09 17:18:52.761898,2025-01-09 17:19:00.835939,0 days 00:00:08.074041,0.01886326564920803,40,0.4,236,100,6.666448184173635e-05,452,0.0033108439429692907,1,1,adadelta,"{'neurons_per_layer_encoder': [236], 'neurons_per_layer_decoder': [236]}",236,[236],[236],[-0.07503987944122925],[0.013947322152574104],[0.07662165840582802],[-25.731722474415744],[-0.387602269566673],0.5185459309049977,COMPLETE
581,-3.468713373475695,-0.1791472274989343,0.004507193095418027,-24.679949171168417,-0.46477107654825933,2025-01-09 17:18:59.434823,2025-01-09 17:19:04.869148,0 days 00:00:05.434325,0.019104274448672205,32,0.4,228,100,6.063263948131887e-05,460,0.002801090461062318,1,1,adadelta,"{'neurons_per_layer_encoder': [228], 'neurons_per_layer_decoder': [228]}",228,[228],[228],[-3.468713373475695],[-0.1791472274989343],[0.004507193095418027],[-24.679949171168417],[-0.46477107654825933],0.5173515095043458,COMPLETE
582,-2.2573613770482654,-0.34904202917308247,0.264170625748535,-12.020904464003484,-0.2411561207704589,2025-01-09 17:18:59.743897,2025-01-09 17:19:06.971382,0 days 00:00:07.227485,0.018815485614948207,32,0.4,232,100,0.00043728267178280906,448,0.002617286251387562,1,1,adadelta,"{'neurons_per_layer_encoder': [232], 'neurons_per_layer_decoder': [232]}",232,[232],[232],[-2.2573613770482654],[-0.34904202917308247],[0.264170625748535],[-12.020904464003484],[-0.2411561207704589],0.7760850084096204,COMPLETE
583,-0.1312503720130762,-0.16455719405903335,-0.20457889813374575,-6.11645030572744,0.257209391870319,2025-01-09 17:18:59.935037,2025-01-09 17:19:06.962640,0 days 00:00:07.027603,0.024311233430039176,40,0.4,244,100,6.185113116469778e-05,444,0.0028323910299925155,1,1,adadelta,"{'neurons_per_layer_encoder': [244], 'neurons_per_layer_decoder': [244]}",244,[244],[244],[-0.1312503720130762],[-0.16455719405903335],[-0.20457889813374575],[-6.11645030572744],[0.257209391870319],0.5373283285977488,COMPLETE
584,0.32456880941617405,0.2686654890003851,-0.21606141887654573,-0.03392614896799184,0.22619976044823764,2025-01-09 17:19:00.842351,2025-01-09 17:19:08.771433,0 days 00:00:07.929082,0.02405192455224533,32,0.2,244,100,5.7030551075160325e-05,412,0.0027553947590118854,5,1,adam,"{'neurons_per_layer_encoder': [244], 'neurons_per_layer_decoder': [244, 122, 61, 30, 15]}",244,"[244, 122, 61, 30, 15]",[244],[0.32456880941617405],[0.2686654890003851],[-0.21606141887654573],[-0.03392614896799184],[0.22619976044823764],0.22994773650234213,COMPLETE
585,0.05616183579583711,0.18866291807254232,-0.25625180597105457,-0.06086007081792588,0.0744972971794331,2025-01-09 17:19:00.996404,2025-01-09 17:19:07.184522,0 days 00:00:06.188118,0.024036938509288275,120,0.2,152,100,6.378934444094031e-05,336,0.00524915447843314,1,1,adam,"{'neurons_per_layer_encoder': [152], 'neurons_per_layer_decoder': [152]}",152,[152],[152],[0.05616183579583711],[0.18866291807254232],[-0.25625180597105457],[-0.06086007081792588],[0.0744972971794331],-0.8003978853391875,COMPLETE
586,0.469903894975505,0.046349539579784604,-0.18726296986844648,0.11443169823536814,0.2526046119674945,2025-01-09 17:19:04.877399,2025-01-09 17:19:13.303698,0 days 00:00:08.426299,0.023627864039179686,32,0.2,248,100,0.0004557659674298404,416,0.00394467486086353,5,1,adam,"{'neurons_per_layer_encoder': [248], 'neurons_per_layer_decoder': [248, 124, 62, 31, 15]}",248,"[248, 124, 62, 31, 15]",[248],[0.469903894975505],[0.046349539579784604],[-0.18726296986844648],[0.11443169823536814],[0.2526046119674945],0.09011417017620853,COMPLETE
587,-4.327534112114403,-0.318558354671872,-0.008996226369800464,-24.491013489222176,-0.03823439781925342,2025-01-09 17:19:06.970509,2025-01-09 17:19:11.545805,0 days 00:00:04.575296,0.03754959240036446,40,0.1,256,100,8.033143297357664e-05,536,0.0068891420363415765,5,2,sgd,"{'neurons_per_layer_encoder': [256, 512], 'neurons_per_layer_decoder': [512, 256, 128, 64, 32]}",256,"[512, 256, 128, 64, 32]","[256, 512]",[-4.327534112114403],[-0.318558354671872],[-0.008996226369800464],[-24.491013489222176],[-0.03823439781925342],0.6601035895587368,COMPLETE
588,0.22809889698260977,0.00940202642324961,0.05321780017300326,-8.978778217310259,-0.13750513856151625,2025-01-09 17:19:06.980634,2025-01-09 17:19:12.769966,0 days 00:00:05.789332,0.034316137716456904,128,0.1,244,100,2.3280030630598587e-05,800,0.0057786376339568945,1,2,sgd,"{'neurons_per_layer_encoder': [244, 488], 'neurons_per_layer_decoder': [488]}",244,[488],"[244, 488]",[0.22809889698260977],[0.00940202642324961],[0.05321780017300326],[-8.978778217310259],[-0.13750513856151625],0.33829334639405056,COMPLETE
589,-1.735256262386177,-0.4129648130809016,-0.01010781346081302,-25.070044705384092,-0.7833062764310108,2025-01-09 17:19:07.190889,2025-01-09 17:19:11.792582,0 days 00:00:04.601693,0.032186506849665876,40,0.2,256,100,0.00010645178075350022,536,0.008170128083749137,5,2,sgd,"{'neurons_per_layer_encoder': [256, 512], 'neurons_per_layer_decoder': [512, 256, 128, 64, 32]}",256,"[512, 256, 128, 64, 32]","[256, 512]",[-1.735256262386177],[-0.4129648130809016],[-0.01010781346081302],[-25.070044705384092],[-0.7833062764310108],0.7461010615900656,COMPLETE
590,-2.0865330862170848,-0.09962399449642634,-0.13229371231203202,-7.832465260147101,-0.028017542256854266,2025-01-09 17:19:08.780380,2025-01-09 17:19:15.484584,0 days 00:00:06.704204,0.03565053791577442,48,0.1,248,100,9.531448558831588e-05,520,0.006722662055488824,5,2,sgd,"{'neurons_per_layer_encoder': [248, 496], 'neurons_per_layer_decoder': [496, 248, 124, 62, 31]}",248,"[496, 248, 124, 62, 31]","[248, 496]",[-2.0865330862170848],[-0.09962399449642634],[-0.13229371231203202],[-7.832465260147101],[-0.028017542256854266],0.7532149629757525,COMPLETE
591,-0.011235971044221582,-0.07155406721296909,-0.5583936381597423,-14.919482425319075,-0.0006603930694868421,2025-01-09 17:19:11.552282,2025-01-09 17:19:18.081809,0 days 00:00:06.529527,0.02680948305737615,128,0.1,244,100,0.00010548705109704724,816,0.00016148712560537648,1,2,sgd,"{'neurons_per_layer_encoder': [244, 488], 'neurons_per_layer_decoder': [488]}",244,[488],"[244, 488]",[-0.011235971044221582],[-0.07155406721296909],[-0.5583936381597423],[-14.919482425319075],[-0.0006603930694868421],0.7142464719472243,COMPLETE
592,-1.047574008132338,0.10956050293252706,0.02900677164130816,-5.319602638374988,-0.1039024038550842,2025-01-09 17:19:11.799723,2025-01-09 17:19:30.969479,0 days 00:00:19.169756,0.027265340980909686,104,0.1,248,100,0.00010035357851370982,2168,0.006995149998623413,1,4,adadelta,"{'neurons_per_layer_encoder': [248, 496, 992, 1984], 'neurons_per_layer_decoder': [1984]}",248,[1984],"[248, 496, 992, 1984]",[-1.047574008132338],[0.10956050293252706],[0.02900677164130816],[-5.319602638374988],[-0.1039024038550842],0.9173463368749418,COMPLETE
593,0.4990419204791393,0.08222005785205277,-0.2645401218937573,-0.5254388511294132,0.37927384108522166,2025-01-09 17:19:12.776929,2025-01-09 17:19:44.666510,0 days 00:00:31.889581,0.018085957334210978,32,0.2,248,100,0.00010734393865615463,2008,0.006885669333738952,1,4,adadelta,"{'neurons_per_layer_encoder': [248, 496, 992, 1984], 'neurons_per_layer_decoder': [1984]}",248,[1984],"[248, 496, 992, 1984]",[0.4990419204791393],[0.08222005785205277],[-0.2645401218937573],[-0.5254388511294132],[0.37927384108522166],0.9359786344487134,COMPLETE
594,-2.0084158898664746,-0.08684518182027534,-0.00636644911804618,-26.119702791358566,0.05896393956929691,2025-01-09 17:19:13.313325,2025-01-09 17:19:19.056753,0 days 00:00:05.743428,0.017736176587379394,48,0.1,240,100,0.00010173256392581123,552,0.00967270189493321,1,1,adadelta,"{'neurons_per_layer_encoder': [240], 'neurons_per_layer_decoder': [240]}",240,[240],[240],[-2.0084158898664746],[-0.08684518182027534],[-0.00636644911804618],[-26.119702791358566],[0.05896393956929691],0.4823646568749894,COMPLETE
595,-0.20878885732662233,0.4271173239213013,-0.3589136293149915,-0.23524641199893237,0.39089946054770774,2025-01-09 17:19:15.491326,2025-01-09 17:19:49.266360,0 days 00:00:33.775034,0.02704511095520852,32,0.2,240,100,8.390487901327233e-05,2232,0.009958894761220955,1,4,adadelta,"{'neurons_per_layer_encoder': [240, 480, 960, 1920], 'neurons_per_layer_decoder': [1920]}",240,[1920],"[240, 480, 960, 1920]",[-0.20878885732662233],[0.4271173239213013],[-0.3589136293149915],[-0.23524641199893237],[0.39089946054770774],0.9199312941402359,COMPLETE
596,0.4674241925753685,-0.23318837408922932,-0.22208428431383953,0.018740422609599294,-0.11766615272844638,2025-01-09 17:19:18.090228,2025-01-09 17:19:47.911426,0 days 00:00:29.821198,0.01976056435096844,48,0.2,240,100,9.896477949679565e-05,2248,0.00761908606116594,1,4,adadelta,"{'neurons_per_layer_encoder': [240, 480, 960, 1920], 'neurons_per_layer_decoder': [1920]}",240,[1920],"[240, 480, 960, 1920]",[0.4674241925753685],[-0.23318837408922932],[-0.22208428431383953],[0.018740422609599294],[-0.11766615272844638],0.9216101686626608,COMPLETE
597,0.5176487257163754,0.18517045085704142,-0.12093819981076082,-0.14306608216170646,0.1364371379110293,2025-01-09 17:19:19.066700,2025-01-09 17:19:34.882998,0 days 00:00:15.816298,0.02001015258023098,40,0.2,240,100,7.815198825292264e-05,424,0.00662362883720618,1,1,adam,"{'neurons_per_layer_encoder': [240], 'neurons_per_layer_decoder': [240]}",240,[240],[240],[0.5176487257163754],[0.18517045085704142],[-0.12093819981076082],[-0.14306608216170646],[0.1364371379110293],-0.9483471310673324,COMPLETE
598,-0.17313283241345712,0.06086484508922896,-0.20809773017183053,0.10002024259611231,0.09817160065686548,2025-01-09 17:19:30.988450,2025-01-09 17:19:47.940594,0 days 00:00:16.952144,0.01957257873235703,112,0.2,240,100,8.345592360102877e-05,440,0.005139533280805539,3,1,adam,"{'neurons_per_layer_encoder': [240], 'neurons_per_layer_decoder': [240, 120, 60]}",240,"[240, 120, 60]",[240],[-0.17313283241345712],[0.06086484508922896],[-0.20809773017183053],[0.10002024259611231],[0.09817160065686548],-0.48291093365319343,COMPLETE
599,-6.920565803470373,0.01348024238292278,-0.17759485798594032,-14.342872361311656,0.1320356548826408,2025-01-09 17:19:34.894643,2025-01-09 17:19:45.479375,0 days 00:00:10.584732,0.025111245330045048,32,0.2,236,100,1.9346235544700888e-05,484,1.8872596323295073e-05,1,1,adam,"{'neurons_per_layer_encoder': [236], 'neurons_per_layer_decoder': [236]}",236,[236],[236],[-6.920565803470373],[0.01348024238292278],[-0.17759485798594032],[-14.342872361311656],[0.1320356548826408],0.025141841944428128,COMPLETE
600,-8.152235343201859,-1.4794275569036928,-0.5323333494494613,-15.052882077924156,-2.0255217759137665,2025-01-09 17:19:44.684404,2025-01-09 17:20:45.488490,0 days 00:01:00.804086,0.02093946105696182,32,0.2,236,100,1.7739637776133427e-05,3800,0.0042042814948018295,1,5,adam,"{'neurons_per_layer_encoder': [236, 472, 944, 1888, 3776], 'neurons_per_layer_decoder': [3776]}",236,[3776],"[236, 472, 944, 1888, 3776]",[-8.152235343201859],[-1.4794275569036928],[-0.5323333494494613],[-15.052882077924156],[-2.0255217759137665],0.11269775640342965,COMPLETE
