number,values_0,values_1,values_2,values_3,values_4,datetime_start,datetime_complete,duration,params_alpha,params_batch_size,params_drop_out_rate,params_encoder_neurons_layer_1,params_epochs,params_lambda,params_latent_dim,params_learning_rate,params_num_layers_decoder,params_num_layers_encoder,params_optimizer,user_attrs_encoder_decoder_config,user_attrs_first_layer_neurons,user_attrs_neurons_per_layer_decoder,user_attrs_neurons_per_layer_encoder,user_attrs_r2_feature_1,user_attrs_r2_feature_2,user_attrs_r2_feature_3,user_attrs_r2_feature_4,user_attrs_r2_feature_5,user_attrs_relative_deterioration,state
520,-0.2866641619692747,0.2640013076395894,0.04229925369130261,-0.3052189353186958,0.3432693185376513,2025-01-09 16:41:44.353433,2025-01-09 16:41:52.582853,0 days 00:00:08.229420,0.019682408983343752,32,0.1,228,100,6.698607185903359e-05,412,0.003678857794708041,1,1,adam,"{'neurons_per_layer_encoder': [228], 'neurons_per_layer_decoder': [228]}",228,[228],[228],[-0.2866641619692747],[0.2640013076395894],[0.04229925369130261],[-0.3052189353186958],[0.3432693185376513],-0.673094272472762,COMPLETE
521,0.35341127860558164,0.34364318609841615,-0.001053323040553833,0.319249227434411,0.0549066547766085,2025-01-09 16:41:52.587715,2025-01-09 16:42:00.700993,0 days 00:00:08.113278,0.022423723297504927,40,0.2,232,100,8.184235014967542e-05,416,0.003154694951607483,1,1,adam,"{'neurons_per_layer_encoder': [232], 'neurons_per_layer_decoder': [232]}",232,[232],[232],[0.35341127860558164],[0.34364318609841615],[-0.001053323040553833],[0.319249227434411],[0.0549066547766085],-0.8481829346176758,COMPLETE
522,0.37108665856292666,0.5468956536748879,-0.016578181972344286,0.33498942516820607,0.24925413244117567,2025-01-09 17:16:12.564868,2025-01-09 17:16:20.801346,0 days 00:00:08.236478,0.02227632663117524,32,0.2,236,100,6.618815230051524e-05,420,0.004769783950273695,1,1,adam,"{'neurons_per_layer_encoder': [236], 'neurons_per_layer_decoder': [236]}",236,[236],[236],[0.37108665856292666],[0.5468956536748879],[-0.016578181972344286],[0.33498942516820607],[0.24925413244117567],-0.2570451279036275,COMPLETE
523,0.48735131377995056,0.1171022713147758,-0.2346529581728829,0.15283572190339811,0.36648061245179797,2025-01-09 17:16:12.593419,2025-01-09 17:16:20.858878,0 days 00:00:08.265459,0.022737473737114103,32,0.2,236,100,9.180238061168815e-05,420,0.0031664673570153557,1,1,adam,"{'neurons_per_layer_encoder': [236], 'neurons_per_layer_decoder': [236]}",236,[236],[236],[0.48735131377995056],[0.1171022713147758],[-0.2346529581728829],[0.15283572190339811],[0.36648061245179797],-0.4772666878684625,COMPLETE
524,0.47607860208634145,0.495272776064561,0.12550156355055309,0.5688524834232191,0.4322466791393983,2025-01-09 17:16:12.594587,2025-01-09 17:16:20.816416,0 days 00:00:08.221829,0.022853712825808295,32,0.2,240,100,6.531704606050389e-05,424,0.003114354994057469,1,1,adam,"{'neurons_per_layer_encoder': [240], 'neurons_per_layer_decoder': [240]}",240,[240],[240],[0.47607860208634145],[0.495272776064561],[0.12550156355055309],[0.5688524834232191],[0.4322466791393983],-0.1090018452351735,COMPLETE
525,-0.13782845188433268,0.3704973264856475,0.03815866878619312,0.242558241206007,0.04571463711740664,2025-01-09 17:16:12.594840,2025-01-09 17:16:20.870295,0 days 00:00:08.275455,0.020578971893941832,32,0.2,232,100,0.0006222506620517502,416,0.003276765507076468,1,1,adam,"{'neurons_per_layer_encoder': [232], 'neurons_per_layer_decoder': [232]}",232,[232],[232],[-0.13782845188433268],[0.3704973264856475],[0.03815866878619312],[0.242558241206007],[0.04571463711740664],-0.08425174421723103,COMPLETE
526,0.28498748571618704,0.5562193182909074,0.19931556687930896,0.43997795384803895,0.29372205498642967,2025-01-09 17:16:12.597394,2025-01-09 17:16:20.835132,0 days 00:00:08.237738,0.021366808671450493,32,0.2,236,100,8.893075576676688e-05,420,0.0049627418451801035,1,1,adam,"{'neurons_per_layer_encoder': [236], 'neurons_per_layer_decoder': [236]}",236,[236],[236],[0.28498748571618704],[0.5562193182909074],[0.19931556687930896],[0.43997795384803895],[0.29372205498642967],-0.014281325848159717,COMPLETE
527,0.65467836954482,0.1965437207648718,-0.2186927816038864,-0.9347197402766918,0.3678505692635474,2025-01-09 17:16:20.810308,2025-01-09 17:16:35.316055,0 days 00:00:14.505747,0.022552761262101723,32,0.2,224,100,0.0005980086066097313,408,5.045416383340882e-05,1,1,adam,"{'neurons_per_layer_encoder': [224], 'neurons_per_layer_decoder': [224]}",224,[224],[224],[0.65467836954482],[0.1965437207648718],[-0.2186927816038864],[-0.9347197402766918],[0.3678505692635474],0.842973335267087,COMPLETE
528,-3.890531459159387,-0.4399816642853571,-0.3838774997434744,-17.90934355686051,-0.20790460316403747,2025-01-09 17:16:20.824177,2025-01-09 17:16:32.597654,0 days 00:00:11.773477,0.02123097535296107,56,0.1,240,100,0.0008777165605628496,1944,0.0004283362083015925,1,4,adadelta,"{'neurons_per_layer_encoder': [240, 480, 960, 1920], 'neurons_per_layer_decoder': [1920]}",240,[1920],"[240, 480, 960, 1920]",[-3.890531459159387],[-0.4399816642853571],[-0.3838774997434744],[-17.90934355686051],[-0.20790460316403747],0.981138872059144,COMPLETE
529,-1.9720633399424554,-0.15680411433467523,-0.00885663866439601,-3.1594399900361747,-0.028079931906644928,2025-01-09 17:16:20.845637,2025-01-09 17:16:54.054936,0 days 00:00:33.209299,0.02099840993167773,112,0.4,244,100,0.0006030892501922286,4840,0.005225473752709762,3,4,adadelta,"{'neurons_per_layer_encoder': [244, 488, 976, 1952], 'neurons_per_layer_decoder': [1952, 976, 488]}",244,"[1952, 976, 488]","[244, 488, 976, 1952]",[-1.9720633399424554],[-0.15680411433467523],[-0.00885663866439601],[-3.1594399900361747],[-0.028079931906644928],0.9902020324093994,COMPLETE
530,-3.2734832767808815,0.009460978142125542,-0.1818425435412181,-24.295321796363524,-0.31066565927640677,2025-01-09 17:16:20.865601,2025-01-09 17:16:32.758205,0 days 00:00:11.892604,0.020945630463285764,112,0.4,244,100,6.389922047209343e-05,1976,0.004893527357179122,3,4,adadelta,"{'neurons_per_layer_encoder': [244, 488, 976, 1952], 'neurons_per_layer_decoder': [1952, 976, 488]}",244,"[1952, 976, 488]","[244, 488, 976, 1952]",[-3.2734832767808815],[0.009460978142125542],[-0.1818425435412181],[-24.295321796363524],[-0.31066565927640677],0.8609024318249499,COMPLETE
531,-3.9281598694718864,-0.031260996094601756,-0.07882663712753346,-17.502614926967244,-0.49861199266594114,2025-01-09 17:16:20.876481,2025-01-09 17:16:32.460122,0 days 00:00:11.583641,0.021068859236950545,104,0.2,244,100,6.464939908174073e-05,1976,0.005635594151047421,3,4,adadelta,"{'neurons_per_layer_encoder': [244, 488, 976, 1952], 'neurons_per_layer_decoder': [1952, 976, 488]}",244,"[1952, 976, 488]","[244, 488, 976, 1952]",[-3.9281598694718864],[-0.031260996094601756],[-0.07882663712753346],[-17.502614926967244],[-0.49861199266594114],0.8741349193704909,COMPLETE
532,-4.318747422799877,-0.08324491976168136,-0.2866288828254142,-24.635719520489133,-0.17371828231067554,2025-01-09 17:16:32.466981,2025-01-09 17:17:10.996660,0 days 00:00:38.529679,0.023051398096027572,112,0.4,240,100,6.532828763777805e-05,7720,0.00041773339618424263,5,5,adadelta,"{'neurons_per_layer_encoder': [240, 480, 960, 1920, 3840], 'neurons_per_layer_decoder': [3840, 1920, 960, 480, 240]}",240,"[3840, 1920, 960, 480, 240]","[240, 480, 960, 1920, 3840]",[-4.318747422799877],[-0.08324491976168136],[-0.2866288828254142],[-24.635719520489133],[-0.17371828231067554],0.931133681264414,COMPLETE
533,-0.8764570345862273,0.003305822794467117,-0.2431575872219851,-8.196384504634151,-0.6272879814169012,2025-01-09 17:16:32.604647,2025-01-09 17:17:39.620412,0 days 00:01:07.015765,0.022926019266892056,128,0.4,240,100,6.267891165107513e-05,8840,5.18082015765422e-05,5,5,sgd,"{'neurons_per_layer_encoder': [240, 480, 960, 1920, 3840], 'neurons_per_layer_decoder': [3840, 1920, 960, 480, 240]}",240,"[3840, 1920, 960, 480, 240]","[240, 480, 960, 1920, 3840]",[-0.8764570345862273],[0.003305822794467117],[-0.2431575872219851],[-8.196384504634151],[-0.6272879814169012],0.9527139955941156,COMPLETE
534,-4.296365385560055,-0.047831592395975786,-0.025310894704468456,-18.071681087214625,-0.07316232213370388,2025-01-09 17:16:32.764949,2025-01-09 17:16:40.277007,0 days 00:00:07.512058,0.023099599550446166,96,0.2,240,100,7.017896401254384e-05,440,0.0003257267693916812,5,1,sgd,"{'neurons_per_layer_encoder': [240], 'neurons_per_layer_decoder': [240, 120, 60, 30, 15]}",240,"[240, 120, 60, 30, 15]",[240],[-4.296365385560055],[-0.047831592395975786],[-0.025310894704468456],[-18.071681087214625],[-0.07316232213370388],0.5485372334639391,COMPLETE
535,-2.4861277403124733,-0.05428334948439395,-0.06696024895057584,-23.697945263611768,-0.027397155575645815,2025-01-09 17:16:35.324086,2025-01-09 17:17:06.319454,0 days 00:00:30.995368,0.022974458805885955,128,0.4,240,100,7.105213553939343e-05,9304,0.004851684365367854,5,5,sgd,"{'neurons_per_layer_encoder': [240, 480, 960, 1920, 3840], 'neurons_per_layer_decoder': [3840, 1920, 960, 480, 240]}",240,"[3840, 1920, 960, 480, 240]","[240, 480, 960, 1920, 3840]",[-2.4861277403124733],[-0.05428334948439395],[-0.06696024895057584],[-23.697945263611768],[-0.027397155575645815],0.945435264021129,COMPLETE
536,-0.36836088525522404,0.03302741072873594,-0.10179260405377599,-21.201775008667678,0.1225888360240267,2025-01-09 17:16:40.288439,2025-01-09 17:17:42.796981,0 days 00:01:02.508542,0.019313421661870615,48,0.2,248,100,6.425092302618747e-05,9192,3.2483982225559975e-05,1,5,sgd,"{'neurons_per_layer_encoder': [248, 496, 992, 1984, 3968], 'neurons_per_layer_decoder': [3968]}",248,[3968],"[248, 496, 992, 1984, 3968]",[-0.36836088525522404],[0.03302741072873594],[-0.10179260405377599],[-21.201775008667678],[0.1225888360240267],0.9282749785603841,COMPLETE
537,-2.2050563640753316,0.04961106282577754,-0.12251082995037677,-5.642997439415318,-1.1165502957750344,2025-01-09 17:16:54.064331,2025-01-09 17:17:18.086741,0 days 00:00:24.022410,0.019573251196479482,48,0.2,240,100,0.0009767804824895184,504,0.00013441176390455623,1,2,sgd,"{'neurons_per_layer_encoder': [240, 480], 'neurons_per_layer_decoder': [480]}",240,[480],"[240, 480]",[-2.2050563640753316],[0.04961106282577754],[-0.12251082995037677],[-5.642997439415318],[-1.1165502957750344],0.942432865100555,COMPLETE
538,-0.4788088495996916,0.10556485244099245,-0.5126157667548454,-0.07987519748411254,0.11413623685777019,2025-01-09 17:17:06.342983,2025-01-09 17:17:53.597423,0 days 00:00:47.254440,0.018952547683039046,40,0.2,248,100,8.126086984219131e-05,3992,0.0038775060016762062,1,5,sgd,"{'neurons_per_layer_encoder': [248, 496, 992, 1984, 3968], 'neurons_per_layer_decoder': [3968]}",248,[3968],"[248, 496, 992, 1984, 3968]",[-0.4788088495996916],[0.10556485244099245],[-0.5126157667548454],[-0.07987519748411254],[0.11413623685777019],0.9491516643165228,COMPLETE
539,-6.029060899627953,-0.07439789091739235,-0.11309885559403465,-15.826597384809247,-0.5303307863671143,2025-01-09 17:17:11.007265,2025-01-09 17:17:23.946590,0 days 00:00:12.939325,0.01996406524970075,48,0.2,248,100,5.965868063224818e-05,520,0.00015064574887568909,1,2,sgd,"{'neurons_per_layer_encoder': [248, 496], 'neurons_per_layer_decoder': [496]}",248,[496],"[248, 496]",[-6.029060899627953],[-0.07439789091739235],[-0.11309885559403465],[-15.826597384809247],[-0.5303307863671143],0.462651004495801,COMPLETE
540,-2.6724321162048787,-0.026637113892373332,0.0008036089009977321,-37.41808656994798,-0.13979409205840065,2025-01-09 17:17:18.096517,2025-01-09 17:17:43.448239,0 days 00:00:25.351722,0.024002153246187798,56,0.2,248,100,7.614736859876235e-05,3992,3.986703256501867e-05,1,5,sgd,"{'neurons_per_layer_encoder': [248, 496, 992, 1984, 3968], 'neurons_per_layer_decoder': [3968]}",248,[3968],"[248, 496, 992, 1984, 3968]",[-2.6724321162048787],[-0.026637113892373332],[0.0008036089009977321],[-37.41808656994798],[-0.13979409205840065],0.898965117049111,COMPLETE
541,-1.0611245912410934,-0.07485531988068983,-0.11507229522411944,-7.041685188621681,-0.6283004518120336,2025-01-09 17:17:23.967387,2025-01-09 17:18:11.735646,0 days 00:00:47.768259,0.01856598563687441,40,0.2,236,100,7.665422857682209e-05,3800,0.00019008312188386727,1,5,adadelta,"{'neurons_per_layer_encoder': [236, 472, 944, 1888, 3776], 'neurons_per_layer_decoder': [3776]}",236,[3776],"[236, 472, 944, 1888, 3776]",[-1.0611245912410934],[-0.07485531988068983],[-0.11507229522411944],[-7.041685188621681],[-0.6283004518120336],0.935781718110942,COMPLETE
542,-1.0091932723531984,0.034541256539311394,-0.025590447945897044,-25.350897122135365,-0.5557954808727499,2025-01-09 17:17:39.632687,2025-01-09 17:17:51.856350,0 days 00:00:12.223663,0.02378130383098792,56,0.2,236,100,7.80569539244885e-05,436,0.000186871811952865,1,1,adadelta,"{'neurons_per_layer_encoder': [236], 'neurons_per_layer_decoder': [236]}",236,[236],[236],[-1.0091932723531984],[0.034541256539311394],[-0.025590447945897044],[-25.350897122135365],[-0.5557954808727499],0.41374119574680956,COMPLETE
543,0.1795464577169752,0.03306567328437393,0.08641669424283782,-8.152216414978264,-0.028989867447851925,2025-01-09 17:17:42.806494,2025-01-09 17:17:57.259660,0 days 00:00:14.453166,0.02444756253132881,56,0.2,236,100,7.687659829829234e-05,436,0.0039894398405642875,1,1,adadelta,"{'neurons_per_layer_encoder': [236], 'neurons_per_layer_decoder': [236]}",236,[236],[236],[0.1795464577169752],[0.03306567328437393],[0.08641669424283782],[-8.152216414978264],[-0.028989867447851925],0.5546287390268226,COMPLETE
544,-0.011952373122717574,-0.12936562328953238,-0.006109836516918099,-20.100473029672234,-0.42350817707674304,2025-01-09 17:17:43.456387,2025-01-09 17:17:58.080514,0 days 00:00:14.624127,0.021813340792861204,80,0.2,240,100,8.467103952532356e-05,440,0.003961560066618655,1,1,adadelta,"{'neurons_per_layer_encoder': [240], 'neurons_per_layer_decoder': [240]}",240,[240],[240],[-0.011952373122717574],[-0.12936562328953238],[-0.006109836516918099],[-20.100473029672234],[-0.42350817707674304],0.3989429648273474,COMPLETE
545,0.4041644519731329,0.24305101360695092,-0.15886195420917315,0.12515704543348405,0.16487828984946573,2025-01-09 17:17:52.353852,2025-01-09 17:18:06.785528,0 days 00:00:14.431676,0.022176869084157644,40,0.2,236,100,8.655388114907247e-05,436,0.003824213403893904,1,1,adam,"{'neurons_per_layer_encoder': [236], 'neurons_per_layer_decoder': [236]}",236,[236],[236],[0.4041644519731329],[0.24305101360695092],[-0.15886195420917315],[0.12515704543348405],[0.16487828984946573],-0.8990818045636546,COMPLETE
546,-1.5786710893461589,0.01747452557266882,-0.15441045758126903,-13.637820849272005,0.09003836910277274,2025-01-09 17:17:53.607143,2025-01-09 17:18:06.588025,0 days 00:00:12.980882,0.022101207001770876,80,0.2,236,100,5.912529866315416e-05,452,0.004358410987218966,1,1,adadelta,"{'neurons_per_layer_encoder': [236], 'neurons_per_layer_decoder': [236]}",236,[236],[236],[-1.5786710893461589],[0.01747452557266882],[-0.15441045758126903],[-13.637820849272005],[0.09003836910277274],0.38345315740179176,COMPLETE
547,-1.290757696750846,0.05329214493522039,-0.3096671945418754,0.11163835117140442,-0.038644188669580526,2025-01-09 17:17:57.269617,2025-01-09 17:18:10.239602,0 days 00:00:12.969985,0.021126326093375187,80,0.2,240,100,5.868340103255497e-05,424,0.004567431818349421,1,1,adam,"{'neurons_per_layer_encoder': [240], 'neurons_per_layer_decoder': [240]}",240,[240],[240],[-1.290757696750846],[0.05329214493522039],[-0.3096671945418754],[0.11163835117140442],[-0.038644188669580526],-2.47569281794818,COMPLETE
548,0.5160351785365612,0.3171260746572806,-0.09152558018118007,0.3188925701729809,0.1454899731399084,2025-01-09 17:17:58.087548,2025-01-09 17:18:12.342710,0 days 00:00:14.255162,0.0219887957049597,40,0.2,244,100,5.619202401605097e-05,428,0.0031226109445680306,1,1,adam,"{'neurons_per_layer_encoder': [244], 'neurons_per_layer_decoder': [244]}",244,[244],[244],[0.5160351785365612],[0.3171260746572806],[-0.09152558018118007],[0.3188925701729809],[0.1454899731399084],-0.8645288806167635,COMPLETE
549,0.4235804834454643,0.30567925198058077,-0.059449476907843746,0.11202504795888546,0.27550235440167825,2025-01-09 17:18:06.596721,2025-01-09 17:18:15.738704,0 days 00:00:09.141983,0.024536759716450668,40,0.2,236,100,6.0450239329398454e-05,420,0.0031672445687977407,1,1,adam,"{'neurons_per_layer_encoder': [236], 'neurons_per_layer_decoder': [236]}",236,[236],[236],[0.4235804834454643],[0.30567925198058077],[-0.059449476907843746],[0.11202504795888546],[0.27550235440167825],-0.8994695359239516,COMPLETE
550,-0.03779620881923895,0.1660518397975138,-0.21276115500790893,0.2685392194612768,0.09309920223232371,2025-01-09 17:18:06.796954,2025-01-09 17:18:14.926219,0 days 00:00:08.129265,0.024267532811298925,40,0.2,244,100,5.672944065357215e-05,428,0.00022237130392573084,1,1,adam,"{'neurons_per_layer_encoder': [244], 'neurons_per_layer_decoder': [244]}",244,[244],[244],[-0.03779620881923895],[0.1660518397975138],[-0.21276115500790893],[0.2685392194612768],[0.09309920223232371],0.10616159533507903,COMPLETE
551,-0.6439824440120698,0.031430365350767264,-0.5589835096460203,-0.36889314324787437,-0.16148221003203367,2025-01-09 17:18:10.249705,2025-01-09 17:18:16.684788,0 days 00:00:06.435083,0.023893258977057494,104,0.1,244,100,6.818619995624667e-05,428,0.003090941039013879,1,1,adam,"{'neurons_per_layer_encoder': [244], 'neurons_per_layer_decoder': [244]}",244,[244],[244],[-0.6439824440120698],[0.031430365350767264],[-0.5589835096460203],[-0.36889314324787437],[-0.16148221003203367],-1.0780992808385346,COMPLETE
552,-0.08950546813107407,0.1164751554777983,-0.4132959966072216,0.06139453255304139,0.14819793852329766,2025-01-09 17:18:11.745385,2025-01-09 17:18:18.341306,0 days 00:00:06.595921,0.02465414625474013,64,0.1,244,100,5.283825304829864e-05,428,0.0032709784832165925,1,1,adam,"{'neurons_per_layer_encoder': [244], 'neurons_per_layer_decoder': [244]}",244,[244],[244],[-0.08950546813107407],[0.1164751554777983],[-0.4132959966072216],[0.06139453255304139],[0.14819793852329766],-0.4175475704579958,COMPLETE
553,-0.0427933162921188,0.1379772268852444,-0.07581587972704718,-0.08967984444499688,-0.016185415102813794,2025-01-09 17:18:12.349961,2025-01-09 17:18:18.789411,0 days 00:00:06.439450,0.02440588505050848,40,0.1,248,100,0.0007420502541243516,432,0.0029683910797329927,1,1,adam,"{'neurons_per_layer_encoder': [248], 'neurons_per_layer_decoder': [248]}",248,[248],[248],[-0.0427933162921188],[0.1379772268852444],[-0.07581587972704718],[-0.08967984444499688],[-0.016185415102813794],-0.6161177210463971,COMPLETE
554,-0.39921713305072193,-0.18796715361011906,-0.12413830143733406,-8.490927483034719,-0.19915846643334167,2025-01-09 17:18:14.932799,2025-01-09 17:18:21.334531,0 days 00:00:06.401732,0.14252396142114468,104,0.2,244,100,6.825624555132175e-05,428,2.0107969215326952e-05,1,1,adam,"{'neurons_per_layer_encoder': [244], 'neurons_per_layer_decoder': [244]}",244,[244],[244],[-0.39921713305072193],[-0.18796715361011906],[-0.12413830143733406],[-8.490927483034719],[-0.19915846643334167],0.3424261704309442,COMPLETE
555,0.01936267478465148,-0.06617180777528353,-0.38667540294538627,0.06931011560956657,0.06477938008648187,2025-01-09 17:18:15.746048,2025-01-09 17:18:21.896958,0 days 00:00:06.150910,0.024703198370469477,40,0.1,248,100,5.0151268997869804e-05,432,7.214981548049145e-05,1,1,adam,"{'neurons_per_layer_encoder': [248], 'neurons_per_layer_decoder': [248]}",248,[248],[248],[0.01936267478465148],[-0.06617180777528353],[-0.38667540294538627],[0.06931011560956657],[0.06477938008648187],-0.15879664430801005,COMPLETE
556,-4.9755194320167835,0.026655340757964163,-0.03940614807720011,-14.220205446198399,0.07798722491554877,2025-01-09 17:18:16.691474,2025-01-09 17:18:21.579063,0 days 00:00:04.887589,0.02525415964275195,64,0.2,252,100,2.0192143235755328e-05,436,2.5487982238228285e-05,1,1,adam,"{'neurons_per_layer_encoder': [252], 'neurons_per_layer_decoder': [252]}",252,[252],[252],[-4.9755194320167835],[0.026655340757964163],[-0.03940614807720011],[-14.220205446198399],[0.07798722491554877],0.023014878168410968,COMPLETE
557,0.3279069693379879,0.23571374336455853,-0.21095471913244968,0.3468697172588928,-0.013890493905747592,2025-01-09 17:18:18.348083,2025-01-09 17:18:25.154212,0 days 00:00:06.806129,0.04772864429744184,40,0.2,232,100,7.033076719383854e-05,416,0.005081439809020968,1,1,adam,"{'neurons_per_layer_encoder': [232], 'neurons_per_layer_decoder': [232]}",232,[232],[232],[0.3279069693379879],[0.23571374336455853],[-0.21095471913244968],[0.3468697172588928],[-0.013890493905747592],-1.0013867180152047,COMPLETE
558,0.2136930104688911,0.13378498914129966,-0.16895304005439704,0.19430329458069295,0.19349244120391085,2025-01-09 17:18:18.795534,2025-01-09 17:18:26.687885,0 days 00:00:07.892351,0.020148434505996075,40,0.2,252,100,0.00035090888857240113,420,0.00025804884504066974,3,1,adam,"{'neurons_per_layer_encoder': [252], 'neurons_per_layer_decoder': [252, 126, 63]}",252,"[252, 126, 63]",[252],[0.2136930104688911],[0.13378498914129966],[-0.16895304005439704],[0.19430329458069295],[0.19349244120391085],0.825344847037871,COMPLETE
559,-1.200256325247631,0.16457866513893182,0.03660840548566213,-11.105192457046225,0.08474327975809604,2025-01-09 17:18:21.342106,2025-01-09 17:18:29.838405,0 days 00:00:08.496299,0.04758264544882395,88,0.2,252,100,9.009580013589825e-05,528,2.4371173599802154e-05,3,2,adam,"{'neurons_per_layer_encoder': [252, 504], 'neurons_per_layer_decoder': [504, 252, 126]}",252,"[504, 252, 126]","[252, 504]",[-1.200256325247631],[0.16457866513893182],[0.03660840548566213],[-11.105192457046225],[0.08474327975809604],0.762310561063145,COMPLETE
