number,values_0,values_1,values_2,values_3,values_4,datetime_start,datetime_complete,duration,params_alpha,params_batch_size,params_drop_out_rate,params_encoder_neurons_layer_1,params_epochs,params_lambda,params_latent_dim,params_learning_rate,params_num_layers_decoder,params_num_layers_encoder,params_optimizer,user_attrs_encoder_decoder_config,user_attrs_first_layer_neurons,user_attrs_neurons_per_layer_decoder,user_attrs_neurons_per_layer_encoder,user_attrs_r2_feature_1,user_attrs_r2_feature_2,user_attrs_r2_feature_3,user_attrs_r2_feature_4,user_attrs_r2_feature_5,user_attrs_relative_deterioration,state
438,0.09538268483794266,0.583480251444765,-0.15474482981890336,-6.282554025858597,-0.27250487842978566,2025-01-09 16:38:59.018048,2025-01-09 16:39:06.054349,0 days 00:00:07.036301,0.07745301746828091,32,0.30000000000000004,216,100,2.9405701153737486e-06,336,1.4244002409612953e-05,1,1,adam,"{'neurons_per_layer_encoder': [216], 'neurons_per_layer_decoder': [216]}",216,[216],[216],[0.09538268483794266],[0.583480251444765],[-0.15474482981890336],[-6.282554025858597],[-0.27250487842978566],0.3653388463992933,COMPLETE
439,-1.411698909190303,-0.5631051938506917,0.024095217162174554,-17.960052203830152,-0.39435624111648315,2025-01-09 16:38:59.292190,2025-01-09 16:39:04.363108,0 days 00:00:05.070918,0.0792022244717076,32,0.30000000000000004,216,100,0.00011207159640961065,240,0.004265371750977344,1,1,sgd,"{'neurons_per_layer_encoder': [216], 'neurons_per_layer_decoder': [216]}",216,[216],[216],[-1.411698909190303],[-0.5631051938506917],[0.024095217162174554],[-17.960052203830152],[-0.39435624111648315],0.4813456532980602,COMPLETE
440,-1.1980383494615041,0.18414444816936337,-0.2558766591030539,-14.239888968230156,0.25368433913915,2025-01-09 16:38:59.470067,2025-01-09 16:39:06.754510,0 days 00:00:07.284443,0.037764820343123714,32,0.30000000000000004,220,100,0.00010972431064555662,464,0.000982405852019025,1,2,sgd,"{'neurons_per_layer_encoder': [220, 440], 'neurons_per_layer_decoder': [440]}",220,[440],"[220, 440]",[-1.1980383494615041],[0.18414444816936337],[-0.2558766591030539],[-14.239888968230156],[0.25368433913915],0.713290539664821,COMPLETE
441,-0.6413780625816359,-0.16318551075777843,-0.18103934508678599,-21.07772988236312,-0.5767960615208481,2025-01-09 16:39:02.266116,2025-01-09 16:39:07.397549,0 days 00:00:05.131433,0.08598829387711006,32,0.30000000000000004,220,100,0.0001175541203882975,244,1.2876564541171286e-05,2,1,sgd,"{'neurons_per_layer_encoder': [220], 'neurons_per_layer_decoder': [220, 110]}",220,"[220, 110]",[220],[-0.6413780625816359],[-0.16318551075777843],[-0.18103934508678599],[-21.07772988236312],[-0.5767960615208481],0.6125352214830008,COMPLETE
442,-2.538776925746983,0.16120410116267236,-0.023788715055259813,-5.481088442942698,0.05368234489897539,2025-01-09 16:39:03.400194,2025-01-09 16:39:09.764101,0 days 00:00:06.363907,0.09090112347156523,40,0.30000000000000004,224,100,0.00011607008042210064,248,0.004432921610421698,2,1,sgd,"{'neurons_per_layer_encoder': [224], 'neurons_per_layer_decoder': [224, 112]}",224,"[224, 112]",[224],[-2.538776925746983],[0.16120410116267236],[-0.023788715055259813],[-5.481088442942698],[0.05368234489897539],0.6421153814924677,COMPLETE
443,0.4383837572167917,0.24159017508963965,-0.1640764910631769,-0.08064744391654588,0.3152089754187636,2025-01-09 16:39:04.369387,2025-01-09 16:39:12.966236,0 days 00:00:08.596849,0.08883581944891514,40,0.30000000000000004,224,100,0.00012126455075726829,472,0.0030051604585990604,2,2,adam,"{'neurons_per_layer_encoder': [224, 448], 'neurons_per_layer_decoder': [448, 224]}",224,"[448, 224]","[224, 448]",[0.4383837572167917],[0.24159017508963965],[-0.1640764910631769],[-0.08064744391654588],[0.3152089754187636],-0.0379345508792445,COMPLETE
444,-0.11600331773819006,0.09208426816465554,-0.339029211627895,-0.0033376841366818955,0.18674082283087245,2025-01-09 16:39:06.061017,2025-01-09 16:39:11.768218,0 days 00:00:05.707201,0.025206823614917065,40,0.30000000000000004,224,100,8.663472368097531e-06,248,0.00017269176345711756,1,1,adam,"{'neurons_per_layer_encoder': [224], 'neurons_per_layer_decoder': [224]}",224,[224],[224],[-0.11600331773819006],[0.09208426816465554],[-0.339029211627895],[-0.0033376841366818955],[0.18674082283087245],-0.16301630191327698,COMPLETE
445,0.4687511802746809,0.3412617242077556,-0.11062637462653502,0.31449536241044174,0.18275772691237235,2025-01-09 16:39:06.760564,2025-01-09 16:39:12.959872,0 days 00:00:06.199308,0.08691220593265836,40,0.30000000000000004,88,100,7.520304495244723e-05,176,0.0028833830827544697,1,1,adam,"{'neurons_per_layer_encoder': [88], 'neurons_per_layer_decoder': [88]}",88,[88],[88],[0.4687511802746809],[0.3412617242077556],[-0.11062637462653502],[0.31449536241044174],[0.18275772691237235],-0.5656889943460117,COMPLETE
446,0.4296015192912933,0.2887488758730451,-0.17603498887608393,0.25141331218721885,0.15164603959988188,2025-01-09 16:39:07.403276,2025-01-09 16:39:13.917695,0 days 00:00:06.514419,0.033450419443979966,40,0.30000000000000004,228,100,7.623390122136721e-05,396,0.003037095600855945,1,1,adam,"{'neurons_per_layer_encoder': [228], 'neurons_per_layer_decoder': [228]}",228,[228],[228],[0.4296015192912933],[0.2887488758730451],[-0.17603498887608393],[0.25141331218721885],[0.15164603959988188],-0.754566786759676,COMPLETE
447,0.37817338586729254,0.33440402043137196,-0.2621894843015302,-0.19166156108116117,0.23087284936996655,2025-01-09 16:39:09.770979,2025-01-09 16:39:15.835558,0 days 00:00:06.064579,0.024873168322976303,40,0.30000000000000004,88,100,7.018390722148309e-05,176,0.0029777577593988348,1,1,adam,"{'neurons_per_layer_encoder': [88], 'neurons_per_layer_decoder': [88]}",88,[88],[88],[0.37817338586729254],[0.33440402043137196],[-0.2621894843015302],[-0.19166156108116117],[0.23087284936996655],-0.8281571160991491,COMPLETE
448,0.5289843339972022,0.2743591583131022,-0.17151228799170015,-0.06303931153148157,0.23138322060592587,2025-01-09 16:39:11.774447,2025-01-09 16:39:17.824177,0 days 00:00:06.049730,0.03390114275246872,40,0.30000000000000004,88,100,7.556254043890434e-05,176,0.002783177803681613,1,1,adam,"{'neurons_per_layer_encoder': [88], 'neurons_per_layer_decoder': [88]}",88,[88],[88],[0.5289843339972022],[0.2743591583131022],[-0.17151228799170015],[-0.06303931153148157],[0.23138322060592587],-0.6527790840988861,COMPLETE
449,0.2996804542979816,0.44587998829730124,-0.07973749232243876,0.004322972021387206,0.4481118937099232,2025-01-09 16:39:12.967753,2025-01-09 16:39:19.618850,0 days 00:00:06.651097,0.11275571974161616,32,0.2,240,100,5.243111730433071e-05,424,0.0022427629796201907,1,1,adam,"{'neurons_per_layer_encoder': [240], 'neurons_per_layer_decoder': [240]}",240,[240],[240],[0.2996804542979816],[0.44587998829730124],[-0.07973749232243876],[0.004322972021387206],[0.4481118937099232],-0.2115857343336479,COMPLETE
450,-0.7378120449170862,0.05938480787323719,-0.41250441202359167,-0.4418822935108939,-0.076756015092593,2025-01-09 16:39:12.974630,2025-01-09 16:39:18.932744,0 days 00:00:05.958114,0.020138492571652438,80,0.2,212,100,4.505607262064864e-05,396,0.0034551763317056394,1,1,adam,"{'neurons_per_layer_encoder': [212], 'neurons_per_layer_decoder': [212]}",212,[212],[212],[-0.7378120449170862],[0.05938480787323719],[-0.41250441202359167],[-0.4418822935108939],[-0.076756015092593],-1.6121500235863726,COMPLETE
451,0.5309353451075023,0.2718679710555265,-0.2101422602055829,-0.3388400467698498,0.40359346961035103,2025-01-09 16:39:13.924766,2025-01-09 16:39:20.570046,0 days 00:00:06.645280,0.09428119716679301,32,0.2,240,100,0.0008081773830630961,424,0.002208747848302768,1,1,adam,"{'neurons_per_layer_encoder': [240], 'neurons_per_layer_decoder': [240]}",240,[240],[240],[0.5309353451075023],[0.2718679710555265],[-0.2101422602055829],[-0.3388400467698498],[0.40359346961035103],-0.1267110596135251,COMPLETE
452,-0.5215231495205188,0.08646975722462957,-0.3416367939495817,-0.7263759741230422,-0.054925681229189616,2025-01-09 16:39:15.842296,2025-01-09 16:39:21.976123,0 days 00:00:06.133827,0.022085069330063007,80,0.2,212,100,6.005931113428464e-05,396,0.0021844719009718205,1,1,adam,"{'neurons_per_layer_encoder': [212], 'neurons_per_layer_decoder': [212]}",212,[212],[212],[-0.5215231495205188],[0.08646975722462957],[-0.3416367939495817],[-0.7263759741230422],[-0.054925681229189616],-1.2639351736522715,COMPLETE
453,0.2684447799600064,0.5258796316760164,-0.037158262589039426,-7.696720932627999,0.16935179078358942,2025-01-09 16:39:17.831603,2025-01-09 16:39:24.572009,0 days 00:00:06.740406,0.0203941028189815,32,0.2,240,100,5.1892177133940576e-05,424,1.8422171916211174e-05,1,1,adam,"{'neurons_per_layer_encoder': [240], 'neurons_per_layer_decoder': [240]}",240,[240],[240],[0.2684447799600064],[0.5258796316760164],[-0.037158262589039426],[-7.696720932627999],[0.16935179078358942],0.4859305166851693,COMPLETE
454,0.4823635336253649,0.4330325812578174,0.039776291422967236,0.38864866526276765,0.30031049861595627,2025-01-09 16:39:18.940490,2025-01-09 16:39:25.308551,0 days 00:00:06.368061,0.08309166056443364,32,0.2,200,100,5.945322498674126e-05,224,0.002289801035507533,1,1,adam,"{'neurons_per_layer_encoder': [200], 'neurons_per_layer_decoder': [200]}",200,[200],[200],[0.4823635336253649],[0.4330325812578174],[0.039776291422967236],[0.38864866526276765],[0.30031049861595627],-0.19256088153410386,COMPLETE
455,0.5519857834000231,0.3544835313328557,-0.12002779765319538,0.1357117275783708,0.31832855111420233,2025-01-09 16:39:19.625668,2025-01-09 16:39:26.166476,0 days 00:00:06.540808,0.022058535465870503,32,0.2,212,100,5.8823804368493405e-05,380,0.0022558051216497767,1,1,adam,"{'neurons_per_layer_encoder': [212], 'neurons_per_layer_decoder': [212]}",212,[212],[212],[0.5519857834000231],[0.3544835313328557],[-0.12002779765319538],[0.1357117275783708],[0.31832855111420233],-0.32542037830002885,COMPLETE
456,-0.0030058116495053078,0.0881756072310359,-0.32486752900227245,-0.3628183604755155,0.0816413304412662,2025-01-09 16:39:20.576154,2025-01-09 16:39:26.788175,0 days 00:00:06.212021,0.08691181315753388,88,0.2,212,100,6.165534244217961e-05,380,0.002321370302547911,1,1,adam,"{'neurons_per_layer_encoder': [212], 'neurons_per_layer_decoder': [212]}",212,[212],[212],[-0.0030058116495053078],[0.0881756072310359],[-0.32486752900227245],[-0.3628183604755155],[0.0816413304412662],-0.946435809012276,COMPLETE
457,-0.08290083397555237,0.03284196990885868,-0.13377309183883757,0.21092647601536063,0.014347492942035633,2025-01-09 16:39:21.983783,2025-01-09 16:39:28.098185,0 days 00:00:06.114402,0.08460752617288438,88,0.30000000000000004,200,100,0.0002256429913546027,384,0.0033433716593485327,1,1,adam,"{'neurons_per_layer_encoder': [200], 'neurons_per_layer_decoder': [200]}",200,[200],[200],[-0.08290083397555237],[0.03284196990885868],[-0.13377309183883757],[0.21092647601536063],[0.014347492942035633],-1.17747573780054,COMPLETE
458,-0.5631331687531005,0.0670093311150286,-0.30838554768553483,-0.31795712213327953,-0.1319495769065233,2025-01-09 16:39:24.578656,2025-01-09 16:39:30.477219,0 days 00:00:05.898563,0.08392805105526457,88,0.30000000000000004,204,100,9.802025793358835e-05,228,0.003386417546481072,1,1,adam,"{'neurons_per_layer_encoder': [204], 'neurons_per_layer_decoder': [204]}",204,[204],[204],[-0.5631331687531005],[0.0670093311150286],[-0.30838554768553483],[-0.31795712213327953],[-0.1319495769065233],-1.136879891610138,COMPLETE
459,-1.1065299284287398,-0.06755140577904628,0.029861463689387024,-18.058121529000548,0.1165205551526709,2025-01-09 16:39:25.315202,2025-01-09 16:39:31.833657,0 days 00:00:06.518455,0.07414508645659539,32,0.30000000000000004,232,100,0.00018447762799569936,528,0.0034452618851233277,1,1,adadelta,"{'neurons_per_layer_encoder': [232], 'neurons_per_layer_decoder': [232]}",232,[232],[232],[-1.1065299284287398],[-0.06755140577904628],[0.029861463689387024],[-18.058121529000548],[0.1165205551526709],0.6381441892780886,COMPLETE
460,0.35145847984687506,0.37051686860693556,-0.24163012601582268,0.15618524226950015,0.26790429950516637,2025-01-09 16:39:26.172498,2025-01-09 16:39:32.912887,0 days 00:00:06.740389,0.06565356885383701,32,0.30000000000000004,232,100,4.132311499249955e-05,496,8.923759050897183e-05,1,1,adam,"{'neurons_per_layer_encoder': [232], 'neurons_per_layer_decoder': [232]}",232,[232],[232],[0.35145847984687506],[0.37051686860693556],[-0.24163012601582268],[0.15618524226950015],[0.26790429950516637],0.3063903153291651,COMPLETE
461,-1.1764095774831498,-0.6103163410851746,-0.156237652925584,-14.022828731136745,-0.4524516762552533,2025-01-09 16:39:26.794103,2025-01-09 16:39:32.553782,0 days 00:00:05.759679,0.09264541538887522,32,0.30000000000000004,80,100,0.0001016463555136033,184,0.00360100685315331,1,1,adadelta,"{'neurons_per_layer_encoder': [80], 'neurons_per_layer_decoder': [80]}",80,[80],[80],[-1.1764095774831498],[-0.6103163410851746],[-0.156237652925584],[-14.022828731136745],[-0.4524516762552533],0.35765651297828227,COMPLETE
462,-2.8772624782241554,-0.045048562310971096,-0.04573607873757379,-41.386045203712506,-0.13509484222276602,2025-01-09 16:39:28.104210,2025-01-09 16:39:33.215615,0 days 00:00:05.111405,0.07544661048435279,32,0.30000000000000004,256,100,7.617086036327851e-06,408,0.0017739564294345228,1,1,adadelta,"{'neurons_per_layer_encoder': [256], 'neurons_per_layer_decoder': [256]}",256,[256],[256],[-2.8772624782241554],[-0.045048562310971096],[-0.04573607873757379],[-41.386045203712506],[-0.13509484222276602],0.31008482679191934,COMPLETE
463,-2.709252829655263,0.020646372104750177,-0.1559165831174154,-14.057038765878358,-0.16135965156651966,2025-01-09 16:39:30.484292,2025-01-09 16:39:36.201282,0 days 00:00:05.716990,0.09188192076080946,32,0.30000000000000004,80,100,4.260665963614924e-05,184,0.0018901707044687403,1,1,adadelta,"{'neurons_per_layer_encoder': [80], 'neurons_per_layer_decoder': [80]}",80,[80],[80],[-2.709252829655263],[0.020646372104750177],[-0.1559165831174154],[-14.057038765878358],[-0.16135965156651966],0.36838864524601717,COMPLETE
464,0.21721513689900995,0.03236015646950241,-0.30934707266529293,-0.25204352122860385,-0.07121856941839577,2025-01-09 16:39:31.839982,2025-01-09 16:39:38.186633,0 days 00:00:06.346651,0.06552170898893209,96,0.30000000000000004,256,100,3.324406723009229e-05,408,0.0002299913825289878,1,1,adam,"{'neurons_per_layer_encoder': [256], 'neurons_per_layer_decoder': [256]}",256,[256],[256],[0.21721513689900995],[0.03236015646950241],[-0.30934707266529293],[-0.25204352122860385],[-0.07121856941839577],-0.04236619660202576,COMPLETE
465,0.41576684566209987,0.3843164057668129,-0.06177696265327626,0.1641003468141058,0.4091210378237249,2025-01-09 16:39:32.559986,2025-01-09 16:39:39.145629,0 days 00:00:06.585643,0.040818940405362325,32,0.30000000000000004,220,100,7.4552353590548185e-06,404,0.0019169152886097777,1,1,adam,"{'neurons_per_layer_encoder': [220], 'neurons_per_layer_decoder': [220]}",220,[220],[220],[0.41576684566209987],[0.3843164057668129],[-0.06177696265327626],[0.1641003468141058],[0.4091210378237249],-0.4794157169525001,COMPLETE
466,0.6119609856492598,0.3997682668986543,-0.044161304697027726,0.19638558563417174,0.25270862542679884,2025-01-09 16:39:32.919788,2025-01-09 16:39:39.448460,0 days 00:00:06.528672,0.03189986444659245,32,0.30000000000000004,220,100,0.00013247693189201887,404,0.0019428674063423086,1,1,adam,"{'neurons_per_layer_encoder': [220], 'neurons_per_layer_decoder': [220]}",220,[220],[220],[0.6119609856492598],[0.3997682668986543],[-0.044161304697027726],[0.19638558563417174],[0.25270862542679884],-0.025596541925291847,COMPLETE
467,0.39666971098585524,0.3592656305903055,-0.2587847712112048,0.03096415163662458,0.31684978599106606,2025-01-09 16:39:33.225613,2025-01-09 16:39:39.751732,0 days 00:00:06.526119,0.02386173089275931,32,0.2,220,100,0.0001351758810263156,404,0.001916080276644732,1,1,adam,"{'neurons_per_layer_encoder': [220], 'neurons_per_layer_decoder': [220]}",220,[220],[220],[0.39666971098585524],[0.3592656305903055],[-0.2587847712112048],[0.03096415163662458],[0.31684978599106606],-0.26231681770095666,COMPLETE
468,-0.11400208762093267,0.27693116521210637,-0.03151959781730573,0.16444408079416595,0.15258534118271028,2025-01-09 16:39:36.207653,2025-01-09 16:39:42.709430,0 days 00:00:06.501777,0.04183527478931511,32,0.2,220,100,4.928766914761464e-05,260,0.0025962128745240583,1,1,adam,"{'neurons_per_layer_encoder': [220], 'neurons_per_layer_decoder': [220]}",220,[220],[220],[-0.11400208762093267],[0.27693116521210637],[-0.03151959781730573],[0.16444408079416595],[0.15258534118271028],-0.3944749784341766,COMPLETE
469,0.12800097063378635,0.37150595760679606,0.01453461151939417,0.39010776372232514,0.08093143125171831,2025-01-09 16:39:38.193097,2025-01-09 16:39:44.681662,0 days 00:00:06.488565,0.02431349804640003,32,0.2,220,100,0.00027418207219586125,260,0.0026007715283910596,1,1,adam,"{'neurons_per_layer_encoder': [220], 'neurons_per_layer_decoder': [220]}",220,[220],[220],[0.12800097063378635],[0.37150595760679606],[0.01453461151939417],[0.39010776372232514],[0.08093143125171831],-0.18325718207333644,COMPLETE
470,0.37280694472144915,0.5807649321029469,0.10012769663834686,0.23465999279308547,0.3028313292035333,2025-01-09 16:39:39.152207,2025-01-09 16:39:46.414147,0 days 00:00:07.261940,0.026537650843778522,32,0.2,220,100,4.855478959959939e-05,388,0.0012484954411587231,1,1,adam,"{'neurons_per_layer_encoder': [220], 'neurons_per_layer_decoder': [220]}",220,[220],[220],[0.37280694472144915],[0.5807649321029469],[0.10012769663834686],[0.23465999279308547],[0.3028313292035333],0.09495283393584307,COMPLETE
471,0.48494726353619577,0.41931275275467295,0.01774404841619237,0.4879008406111326,0.10765765050449805,2025-01-09 16:39:39.454433,2025-01-09 16:39:45.898680,0 days 00:00:06.444247,0.023675336430351548,32,0.2,92,100,4.695282841961216e-05,212,0.001251750118939005,1,1,adam,"{'neurons_per_layer_encoder': [92], 'neurons_per_layer_decoder': [92]}",92,[92],[92],[0.48494726353619577],[0.41931275275467295],[0.01774404841619237],[0.4879008406111326],[0.10765765050449805],-0.21917693066645988,COMPLETE
472,-0.18351157297338583,0.05741814616767882,-0.15250288777230003,0.31981267462256524,0.2120408720750463,2025-01-09 16:39:39.757910,2025-01-09 16:39:47.944413,0 days 00:00:08.186503,0.02645831598136155,32,0.2,100,100,2.4338930803508923e-06,1688,0.0025957747921365954,1,5,adam,"{'neurons_per_layer_encoder': [100, 200, 400, 800, 1600], 'neurons_per_layer_decoder': [1600]}",100,[1600],"[100, 200, 400, 800, 1600]",[-0.18351157297338583],[0.05741814616767882],[-0.15250288777230003],[0.31981267462256524],[0.2120408720750463],0.2612221375164495,COMPLETE
473,0.2719930238187078,0.19230904932258186,-0.06009075657301399,-0.07089717773801141,0.14524387679266637,2025-01-09 16:39:42.715774,2025-01-09 16:39:49.891043,0 days 00:00:07.175269,0.08145532728486463,32,0.2,228,100,6.850749349872368e-05,396,0.0011287540642242139,1,1,adam,"{'neurons_per_layer_encoder': [228], 'neurons_per_layer_decoder': [228]}",228,[228],[228],[0.2719930238187078],[0.19230904932258186],[-0.06009075657301399],[-0.07089717773801141],[0.14524387679266637],-0.009571573779894616,COMPLETE
474,0.3197231757211615,0.5372112418710764,0.15104415294909024,0.3071826698923935,0.026300691032893564,2025-01-09 16:39:44.688953,2025-01-09 16:39:51.424468,0 days 00:00:06.735515,0.08107344835547795,32,0.2,92,100,9.714512034464311e-05,212,0.0015855848277161386,1,1,adam,"{'neurons_per_layer_encoder': [92], 'neurons_per_layer_decoder': [92]}",92,[92],[92],[0.3197231757211615],[0.5372112418710764],[0.15104415294909024],[0.3071826698923935],[0.026300691032893564],-0.006239017443146919,COMPLETE
475,0.1440095047229757,-0.256883276184142,0.010284452437088643,-0.933184911616038,0.1273235591294155,2025-01-09 16:39:45.906435,2025-01-09 16:40:26.443764,0 days 00:00:40.537329,0.019038105793465133,48,0.30000000000000004,228,100,9.735088602513975e-05,3672,0.0016259056588347907,1,5,adam,"{'neurons_per_layer_encoder': [228, 456, 912, 1824, 3648], 'neurons_per_layer_decoder': [3648]}",228,[3648],"[228, 456, 912, 1824, 3648]",[0.1440095047229757],[-0.256883276184142],[0.010284452437088643],[-0.933184911616038],[0.1273235591294155],0.7108636427873959,COMPLETE
476,-1.6678048204069706,0.06262718094118724,-0.0036454036547528545,-10.249848451336495,0.16111658589469446,2025-01-09 16:39:46.425279,2025-01-09 16:39:57.551710,0 days 00:00:11.126431,0.027060746742205332,32,0.4,224,100,3.9984454971097806e-05,568,0.0011069033044663176,3,2,sgd,"{'neurons_per_layer_encoder': [224, 448], 'neurons_per_layer_decoder': [448, 224, 112]}",224,"[448, 224, 112]","[224, 448]",[-1.6678048204069706],[0.06262718094118724],[-0.0036454036547528545],[-10.249848451336495],[0.16111658589469446],0.6788152811277313,COMPLETE
477,-1.5432322919956314,-0.05890997676128662,-0.3627932348688616,-18.403218481204295,-1.0525143039918596,2025-01-09 16:39:47.952096,2025-01-09 16:39:54.654594,0 days 00:00:06.702498,0.028464870298122696,32,0.2,228,100,3.8549734936994034e-05,576,0.0008429858656460586,3,2,sgd,"{'neurons_per_layer_encoder': [228, 456], 'neurons_per_layer_decoder': [456, 228, 114]}",228,"[456, 228, 114]","[228, 456]",[-1.5432322919956314],[-0.05890997676128662],[-0.3627932348688616],[-18.403218481204295],[-1.0525143039918596],0.5376400032793647,COMPLETE
478,-1.5899209383756414,-0.06512433030354137,-0.041203853471041274,-22.447512786195794,-0.0875398131535734,2025-01-09 16:39:49.897265,2025-01-09 16:39:58.029935,0 days 00:00:08.132670,0.028028482220197163,104,0.4,228,100,3.786313609199499e-05,752,0.0008972555905613297,3,2,sgd,"{'neurons_per_layer_encoder': [228, 456], 'neurons_per_layer_decoder': [456, 228, 114]}",228,"[456, 228, 114]","[228, 456]",[-1.5899209383756414],[-0.06512433030354137],[-0.041203853471041274],[-22.447512786195794],[-0.0875398131535734],0.6205820042946727,COMPLETE
