number,values_0,values_1,values_2,values_3,values_4,datetime_start,datetime_complete,duration,params_alpha,params_batch_size,params_drop_out_rate,params_encoder_neurons_layer_1,params_epochs,params_lambda,params_latent_dim,params_learning_rate,params_num_layers_decoder,params_num_layers_encoder,params_optimizer,user_attrs_encoder_decoder_config,user_attrs_first_layer_neurons,user_attrs_neurons_per_layer_decoder,user_attrs_neurons_per_layer_encoder,user_attrs_r2_feature_1,user_attrs_r2_feature_2,user_attrs_r2_feature_3,user_attrs_r2_feature_4,user_attrs_r2_feature_5,user_attrs_relative_deterioration,state
396,0.32136126266204257,0.170484304282305,-0.11823709613500943,-0.015604100410676836,0.10642523967918294,2025-01-09 16:38:11.416242,2025-01-09 16:38:17.157694,0 days 00:00:05.741452,0.024949985960448146,40,0.30000000000000004,224,100,3.732391335224178e-06,392,0.0029084915243660836,1,1,adam,"{'neurons_per_layer_encoder': [224], 'neurons_per_layer_decoder': [224]}",224,[224],[224],[0.32136126266204257],[0.170484304282305],[-0.11823709613500943],[-0.015604100410676836],[0.10642523967918294],-0.9982118747676578,COMPLETE
397,0.12668530070226025,0.028913774338852005,-0.19736532005674867,0.010481222118959077,0.13065527007712308,2025-01-09 16:38:12.765354,2025-01-09 16:38:18.380627,0 days 00:00:05.615273,0.02771690255643549,40,0.30000000000000004,228,100,6.034013766449561e-06,412,0.0031343022529335264,1,1,adam,"{'neurons_per_layer_encoder': [228], 'neurons_per_layer_decoder': [228]}",228,[228],[228],[0.12668530070226025],[0.028913774338852005],[-0.19736532005674867],[0.010481222118959077],[0.13065527007712308],-1.0454987167690173,COMPLETE
398,0.029106852802778693,0.10635388438313564,-0.20495854332658325,0.010882238151847301,0.10887339665065321,2025-01-09 16:38:13.433489,2025-01-09 16:38:19.326624,0 days 00:00:05.893135,0.025758732314550975,40,0.30000000000000004,228,100,3.7185543892841384e-06,396,0.0030886716970228915,1,1,adam,"{'neurons_per_layer_encoder': [228], 'neurons_per_layer_decoder': [228]}",228,[228],[228],[0.029106852802778693],[0.10635388438313564],[-0.20495854332658325],[0.010882238151847301],[0.10887339665065321],-1.2041213488812894,COMPLETE
399,0.2774886654985128,0.2083226159642224,-0.24997975179058285,0.1315579098366807,0.18237578782443298,2025-01-09 16:38:13.894026,2025-01-09 16:38:19.535051,0 days 00:00:05.641025,0.025870684976472432,40,0.30000000000000004,228,100,3.844502962179733e-06,396,0.0031220563959042033,1,1,adam,"{'neurons_per_layer_encoder': [228], 'neurons_per_layer_decoder': [228]}",228,[228],[228],[0.2774886654985128],[0.2083226159642224],[-0.24997975179058285],[0.1315579098366807],[0.18237578782443298],-0.86213403414527,COMPLETE
400,0.27719358776992375,0.23967160444026414,-0.22040969144722422,0.23842052128883273,0.12857056549317603,2025-01-09 16:38:15.070074,2025-01-09 16:38:21.079547,0 days 00:00:06.009473,0.028456417077899965,32,0.30000000000000004,224,100,6.424450369914117e-06,408,0.0023168352544313646,1,1,adam,"{'neurons_per_layer_encoder': [224], 'neurons_per_layer_decoder': [224]}",224,[224],[224],[0.27719358776992375],[0.23967160444026414],[-0.22040969144722422],[0.23842052128883273],[0.12857056549317603],-0.6681983638526175,COMPLETE
401,0.5180039371974721,0.45059258317947215,-0.12387645033103456,0.08967418060768673,0.23051565716818267,2025-01-09 16:38:15.827660,2025-01-09 16:38:22.713572,0 days 00:00:06.885912,0.02359207513995707,32,0.30000000000000004,224,100,6.347857129136225e-06,408,0.002228758732668583,1,1,adam,"{'neurons_per_layer_encoder': [224], 'neurons_per_layer_decoder': [224]}",224,[224],[224],[0.5180039371974721],[0.45059258317947215],[-0.12387645033103456],[0.08967418060768673],[0.23051565716818267],-0.5604656850860985,COMPLETE
402,-0.03287210126358309,0.33034027429284507,-0.173201797497315,-0.4536779573601062,0.3347814057856183,2025-01-09 16:38:17.163862,2025-01-09 16:38:24.141185,0 days 00:00:06.977323,0.02346294856890464,32,0.30000000000000004,228,100,6.690360916734693e-06,396,0.0022810896939860536,1,1,adam,"{'neurons_per_layer_encoder': [228], 'neurons_per_layer_decoder': [228]}",228,[228],[228],[-0.03287210126358309],[0.33034027429284507],[-0.173201797497315],[-0.4536779573601062],[0.3347814057856183],-0.8841394859521722,COMPLETE
403,0.3094329478983734,0.43294143139873575,-0.11814092488174222,-2.9945262060261935,0.4239263521267578,2025-01-09 16:38:18.388595,2025-01-09 16:38:25.618964,0 days 00:00:07.230369,0.07733094334978055,32,0.30000000000000004,220,100,5.505742493842607e-06,484,3.622012585856209e-05,1,1,adam,"{'neurons_per_layer_encoder': [220], 'neurons_per_layer_decoder': [220]}",220,[220],[220],[0.3094329478983734],[0.43294143139873575],[-0.11814092488174222],[-2.9945262060261935],[0.4239263521267578],0.267799951027928,COMPLETE
404,0.7075659712019682,0.3755870158918917,-0.09640796669616591,0.39402081884041185,0.3065387150402299,2025-01-09 16:38:19.333368,2025-01-09 16:38:26.235491,0 days 00:00:06.902123,0.02305839709541435,32,0.30000000000000004,220,100,0.00011417111327735163,404,0.00453962665459046,1,1,adam,"{'neurons_per_layer_encoder': [220], 'neurons_per_layer_decoder': [220]}",220,[220],[220],[0.7075659712019682],[0.3755870158918917],[-0.09640796669616591],[0.39402081884041185],[0.3065387150402299],-0.23130566830195204,COMPLETE
405,-0.009645788388991772,0.12247905164248518,-0.3022584966868913,0.209267873867787,-0.012145083976756954,2025-01-09 16:38:19.541512,2025-01-09 16:38:25.757001,0 days 00:00:06.215489,0.02343003058681998,96,0.30000000000000004,220,100,6.265144275185999e-06,404,0.002222203370306378,1,1,adam,"{'neurons_per_layer_encoder': [220], 'neurons_per_layer_decoder': [220]}",220,[220],[220],[-0.009645788388991772],[0.12247905164248518],[-0.3022584966868913],[0.209267873867787],[-0.012145083976756954],-1.2460062850077236,COMPLETE
406,0.2605276601618819,0.3224232089161595,0.11445732615598792,0.16710286736525215,0.21718373983411554,2025-01-09 16:38:21.089925,2025-01-09 16:38:27.854378,0 days 00:00:06.764453,0.021959281898129096,32,0.30000000000000004,216,100,9.511615225158065e-05,368,0.004562686582001725,1,1,adam,"{'neurons_per_layer_encoder': [216], 'neurons_per_layer_decoder': [216]}",216,[216],[216],[0.2605276601618819],[0.3224232089161595],[0.11445732615598792],[0.16710286736525215],[0.21718373983411554],-0.2608529474017779,COMPLETE
407,0.11214936221166794,0.10617169176947416,-0.30676391584658735,-0.22759805993655102,0.13380446568746873,2025-01-09 16:38:22.719901,2025-01-09 16:38:28.538896,0 days 00:00:05.818995,0.0227661021538033,72,0.30000000000000004,216,100,4.86422349050833e-06,368,0.0021021448740503805,1,1,adam,"{'neurons_per_layer_encoder': [216], 'neurons_per_layer_decoder': [216]}",216,[216],[216],[0.11214936221166794],[0.10617169176947416],[-0.30676391584658735],[-0.22759805993655102],[0.13380446568746873],-1.33396519508102,COMPLETE
408,-0.2333867851734741,0.09793050694055017,-0.22888731148311403,-0.23146522414964088,0.03217734900326685,2025-01-09 16:38:24.148177,2025-01-09 16:38:30.509773,0 days 00:00:06.361596,0.07962321197579575,72,0.30000000000000004,216,100,0.00011301784425073805,368,0.002070026367483103,1,1,adam,"{'neurons_per_layer_encoder': [216], 'neurons_per_layer_decoder': [216]}",216,[216],[216],[-0.2333867851734741],[0.09793050694055017],[-0.22888731148311403],[-0.23146522414964088],[0.03217734900326685],-0.510632006488307,COMPLETE
409,0.4394285454845165,0.443576867039324,0.08709203442222668,0.2365740762089351,0.27757351139311337,2025-01-09 16:38:25.625782,2025-01-09 16:38:32.362243,0 days 00:00:06.736461,0.030724817774216998,32,0.30000000000000004,216,100,0.00011679862964352364,336,0.0020084582694061526,1,1,adam,"{'neurons_per_layer_encoder': [216], 'neurons_per_layer_decoder': [216]}",216,[216],[216],[0.4394285454845165],[0.443576867039324],[0.08709203442222668],[0.2365740762089351],[0.27757351139311337],0.0730069932451793,COMPLETE
410,0.12619576883421801,0.11414344958734024,-0.28158002080117583,-0.24866364835263655,0.03329739723545544,2025-01-09 16:38:25.763981,2025-01-09 16:38:32.280826,0 days 00:00:06.516845,0.024210456614307378,72,0.30000000000000004,236,100,9.530928504640901e-05,548,0.000293633851598139,1,1,adam,"{'neurons_per_layer_encoder': [236], 'neurons_per_layer_decoder': [236]}",236,[236],[236],[0.12619576883421801],[0.11414344958734024],[-0.28158002080117583],[-0.24866364835263655],[0.03329739723545544],0.2956835187268912,COMPLETE
411,0.42722453160456264,0.5135536795227673,-0.035386230239733196,-0.05940221390578437,0.25534278954033807,2025-01-09 16:38:26.241745,2025-01-09 16:38:33.122797,0 days 00:00:06.881052,0.03092839856237326,32,0.30000000000000004,236,100,3.137193903910344e-06,372,0.002037914211558344,1,1,adam,"{'neurons_per_layer_encoder': [236], 'neurons_per_layer_decoder': [236]}",236,[236],[236],[0.42722453160456264],[0.5135536795227673],[-0.035386230239733196],[-0.05940221390578437],[0.25534278954033807],-0.6221896674495297,COMPLETE
412,-0.028370716634426474,0.14663354935644235,-0.16255725765396112,-0.461769978588217,-0.025678061307180755,2025-01-09 16:38:27.860636,2025-01-09 16:38:33.855098,0 days 00:00:05.994462,0.03007395524143276,72,0.30000000000000004,236,100,4.5398077497219535e-06,388,0.0019772787560356996,1,1,adam,"{'neurons_per_layer_encoder': [236], 'neurons_per_layer_decoder': [236]}",236,[236],[236],[-0.028370716634426474],[0.14663354935644235],[-0.16255725765396112],[-0.461769978588217],[-0.025678061307180755],-1.5099761017245321,COMPLETE
413,0.34520187353918597,0.29033566934938493,-0.10328607287441627,0.2220366306095931,0.3543088365178255,2025-01-09 16:38:28.544850,2025-01-09 16:38:35.486890,0 days 00:00:06.942040,0.027719128623951966,32,0.30000000000000004,236,100,0.00015058001093801903,388,0.0019618392237914363,1,1,adam,"{'neurons_per_layer_encoder': [236], 'neurons_per_layer_decoder': [236]}",236,[236],[236],[0.34520187353918597],[0.29033566934938493],[-0.10328607287441627],[0.2220366306095931],[0.3543088365178255],-0.08066083564660353,COMPLETE
414,0.15915591913491212,0.30696372749361533,-0.06447928459596164,0.07582865608042266,0.3773604850128197,2025-01-09 16:38:30.516231,2025-01-09 16:38:37.616692,0 days 00:00:07.100461,0.0881799907478461,32,0.30000000000000004,236,100,6.24999572315291e-05,516,0.0019303390651470359,1,1,adam,"{'neurons_per_layer_encoder': [236], 'neurons_per_layer_decoder': [236]}",236,[236],[236],[0.15915591913491212],[0.30696372749361533],[-0.06447928459596164],[0.07582865608042266],[0.3773604850128197],-0.06107333124070668,COMPLETE
415,0.4467378881709033,0.4251447807203471,0.06405823744944572,0.034681807944198284,0.22700115297305612,2025-01-09 16:38:32.287703,2025-01-09 16:38:39.278301,0 days 00:00:06.990598,0.028892810017091958,32,0.30000000000000004,204,100,6.338539017514589e-05,388,0.0024959476958085055,1,1,adam,"{'neurons_per_layer_encoder': [204], 'neurons_per_layer_decoder': [204]}",204,[204],[204],[0.4467378881709033],[0.4251447807203471],[0.06405823744944572],[0.034681807944198284],[0.22700115297305612],-0.10288703138344882,COMPLETE
416,0.6221463122723516,0.47821538612055736,-0.050426290915375205,0.2611139047533394,0.4110885976705595,2025-01-09 16:38:32.369427,2025-01-09 16:38:38.813966,0 days 00:00:06.444539,0.08874187423987577,32,0.30000000000000004,76,100,3.2065777622986553e-06,99,0.002547147953998079,1,1,adam,"{'neurons_per_layer_encoder': [76], 'neurons_per_layer_decoder': [76]}",76,[76],[76],[0.6221463122723516],[0.47821538612055736],[-0.050426290915375205],[0.2611139047533394],[0.4110885976705595],-0.41405204949662644,COMPLETE
417,0.3047052088087776,0.2757881953481921,-0.027556581690842963,0.18558935997181947,0.18073680512994772,2025-01-09 16:38:33.130497,2025-01-09 16:38:40.147941,0 days 00:00:07.017444,0.029232605273281077,32,0.30000000000000004,232,100,0.00015011969952468705,384,0.003535544183231659,1,1,adam,"{'neurons_per_layer_encoder': [232], 'neurons_per_layer_decoder': [232]}",232,[232],[232],[0.3047052088087776],[0.2757881953481921],[-0.027556581690842963],[0.18558935997181947],[0.18073680512994772],-0.22324910616636923,COMPLETE
418,0.04989967063651446,0.3149690046073679,-0.3136576461382141,-0.17887936584113384,0.3371472526884024,2025-01-09 16:38:33.861763,2025-01-09 16:38:41.004149,0 days 00:00:07.142386,0.027390231643475513,32,0.30000000000000004,232,100,0.00015351048301418533,512,0.0025340959186650296,1,1,adam,"{'neurons_per_layer_encoder': [232], 'neurons_per_layer_decoder': [232]}",232,[232],[232],[0.04989967063651446],[0.3149690046073679],[-0.3136576461382141],[-0.17887936584113384],[0.3371472526884024],-0.3335633820543853,COMPLETE
419,0.6940979123274926,0.3317472470290088,-0.058962636576708416,0.21956707245308793,0.3464502837620307,2025-01-09 16:38:35.493499,2025-01-09 16:38:41.881340,0 days 00:00:06.387841,0.08940958155352313,32,0.30000000000000004,92,100,5.378298430702482e-05,212,0.002621718978717156,1,1,adam,"{'neurons_per_layer_encoder': [92], 'neurons_per_layer_decoder': [92]}",92,[92],[92],[0.6940979123274926],[0.3317472470290088],[-0.058962636576708416],[0.21956707245308793],[0.3464502837620307],-0.2397010265701922,COMPLETE
420,0.5479079601918551,0.3558375938223476,-0.0875753578325329,0.07087278677524622,0.2902501495473452,2025-01-09 16:38:37.624007,2025-01-09 16:38:44.077901,0 days 00:00:06.453894,0.0972399110424985,32,0.30000000000000004,92,100,3.5786090018424185e-05,212,0.002764205319713735,1,1,adam,"{'neurons_per_layer_encoder': [92], 'neurons_per_layer_decoder': [92]}",92,[92],[92],[0.5479079601918551],[0.3558375938223476],[-0.0875753578325329],[0.07087278677524622],[0.2902501495473452],-0.3841420375393117,COMPLETE
421,0.2655648166052319,0.31171415225607324,-0.020871742729098974,-0.11693023110389911,0.08541220112128822,2025-01-09 16:38:38.820525,2025-01-09 16:38:45.887171,0 days 00:00:07.066646,0.0988870832962224,32,0.30000000000000004,248,100,9.230600998168814e-05,448,0.0034527387285471964,1,1,adam,"{'neurons_per_layer_encoder': [248], 'neurons_per_layer_decoder': [248]}",248,[248],[248],[0.2655648166052319],[0.31171415225607324],[-0.020871742729098974],[-0.11693023110389911],[0.08541220112128822],-0.21871022923081146,COMPLETE
422,0.3410259682991452,0.23926863855109815,-0.10894506830682227,0.3135925428991161,0.17854124967904617,2025-01-09 16:38:39.285673,2025-01-09 16:38:46.363479,0 days 00:00:07.077806,0.09955255975634715,32,0.30000000000000004,248,100,5.2086366495083714e-05,416,0.0035386053336379205,1,1,adam,"{'neurons_per_layer_encoder': [248], 'neurons_per_layer_decoder': [248]}",248,[248],[248],[0.3410259682991452],[0.23926863855109815],[-0.10894506830682227],[0.3135925428991161],[0.17854124967904617],-0.38975493063918515,COMPLETE
423,0.3483700921105354,0.3603068718062339,0.07994557158723459,-0.0014753172190893338,0.17167441816776663,2025-01-09 16:38:40.155376,2025-01-09 16:38:46.680498,0 days 00:00:06.525122,0.026767873734121574,32,0.30000000000000004,76,100,8.423178509558392e-05,115,0.0025276977753385063,1,1,adam,"{'neurons_per_layer_encoder': [76], 'neurons_per_layer_decoder': [76]}",76,[76],[76],[0.3483700921105354],[0.3603068718062339],[0.07994557158723459],[-0.0014753172190893338],[0.17167441816776663],-0.13801246452792323,COMPLETE
424,0.6252917582641662,0.27701556496836377,-0.17598692198355526,0.30060459241669824,0.3762707747687064,2025-01-09 16:38:41.011010,2025-01-09 16:38:47.410295,0 days 00:00:06.399285,0.09986816511411692,32,0.30000000000000004,72,100,8.665933508364373e-05,95,0.002607785837091787,1,1,adam,"{'neurons_per_layer_encoder': [72], 'neurons_per_layer_decoder': [72]}",72,[72],[72],[0.6252917582641662],[0.27701556496836377],[-0.17598692198355526],[0.30060459241669824],[0.3762707747687064],-0.2995824212238979,COMPLETE
425,-0.4170858414452223,-0.1851512437085634,-0.20994751140521317,-1.950070647979556,0.2219332413005507,2025-01-09 16:38:41.888700,2025-01-09 16:38:48.166854,0 days 00:00:06.278154,0.09782663101376048,32,0.30000000000000004,76,100,8.683459853688622e-05,147,6.179589668001053e-05,1,1,adam,"{'neurons_per_layer_encoder': [76], 'neurons_per_layer_decoder': [76]}",76,[76],[76],[-0.4170858414452223],[-0.1851512437085634],[-0.20994751140521317],[-1.950070647979556],[0.2219332413005507],0.3661407332821311,COMPLETE
426,0.3425985379500003,0.21379939354507327,-0.05198048550598777,0.29581735404804377,0.14702781414982213,2025-01-09 16:38:44.084945,2025-01-09 16:38:50.204848,0 days 00:00:06.119903,0.10168908622333993,32,0.30000000000000004,72,100,8.670002181020132e-05,111,0.003490741419343012,1,1,adam,"{'neurons_per_layer_encoder': [72], 'neurons_per_layer_decoder': [72]}",72,[72],[72],[0.3425985379500003],[0.21379939354507327],[-0.05198048550598777],[0.29581735404804377],[0.14702781414982213],-0.4276201054591317,COMPLETE
427,,,,,,2025-01-09 16:38:45.893998,,,0.09275451647732551,104,0.30000000000000004,204,100,8.230685832819072e-06,420,0.0017170867291029974,1,1,adam,"{'neurons_per_layer_encoder': [204], 'neurons_per_layer_decoder': [204]}",204,[204],[204],,,,,,,RUNNING
428,0.5905048807655399,0.42292401581103134,-0.043010062500275836,-0.22271381227704046,0.4693935450460518,2025-01-09 16:38:46.371008,2025-01-09 16:38:52.617333,0 days 00:00:06.246325,0.06890529336497121,32,0.2,72,100,8.763048390241968e-05,111,0.0024492870880071837,1,1,adam,"{'neurons_per_layer_encoder': [72], 'neurons_per_layer_decoder': [72]}",72,[72],[72],[0.5905048807655399],[0.42292401581103134],[-0.043010062500275836],[-0.22271381227704046],[0.4693935450460518],-0.25721011684160133,COMPLETE
429,0.3606901072048645,0.5172102258541993,-0.28479169817558025,-0.0498479624751218,-0.19451593838794556,2025-01-09 16:38:46.686993,2025-01-09 16:38:53.179481,0 days 00:00:06.492488,0.021318198883901476,32,0.2,208,100,0.00010369006463424764,232,6.299716767379955e-05,1,1,adam,"{'neurons_per_layer_encoder': [208], 'neurons_per_layer_decoder': [208]}",208,[208],[208],[0.3606901072048645],[0.5172102258541993],[-0.28479169817558025],[-0.0498479624751218],[-0.19451593838794556],0.36304465966118216,COMPLETE
430,0.5057910801504566,0.4939831072801085,0.006871347504013969,0.2823258741220196,0.32029474782940504,2025-01-09 16:38:47.416760,2025-01-09 16:38:54.105963,0 days 00:00:06.689203,0.0694820466446611,32,0.2,204,100,3.2637530937745362e-06,324,0.001629922271603438,1,1,adam,"{'neurons_per_layer_encoder': [204], 'neurons_per_layer_decoder': [204]}",204,[204],[204],[0.5057910801504566],[0.4939831072801085],[0.006871347504013969],[0.2823258741220196],[0.32029474782940504],-0.5786912280158791,COMPLETE
431,0.428273883262582,0.3347857016033243,-0.23670894926268993,-0.38590681082700407,0.24617072557963426,2025-01-09 16:38:48.173300,2025-01-09 16:38:54.965088,0 days 00:00:06.791788,0.07011378817337688,32,0.2,208,100,0.00010370464930493153,440,0.0017572813623845471,1,1,adam,"{'neurons_per_layer_encoder': [208], 'neurons_per_layer_decoder': [208]}",208,[208],[208],[0.428273883262582],[0.3347857016033243],[-0.23670894926268993],[-0.38590681082700407],[0.24617072557963426],-0.2435737311488563,COMPLETE
432,0.302760355146207,0.025984773373704417,-0.4682327489820628,0.04214092333107855,0.018392089982588566,2025-01-09 16:38:50.211279,2025-01-09 16:38:56.020393,0 days 00:00:05.809114,0.09188353707553726,104,0.2,252,100,6.479290272781844e-05,436,0.0018670355472334519,1,1,adam,"{'neurons_per_layer_encoder': [252], 'neurons_per_layer_decoder': [252]}",252,[252],[252],[0.302760355146207],[0.025984773373704417],[-0.4682327489820628],[0.04214092333107855],[0.018392089982588566],-0.38465886856083165,COMPLETE
433,0.49942065600578034,0.5544532469669969,0.006472614474630878,-0.06568294529302032,0.2925631357789865,2025-01-09 16:38:52.624038,2025-01-09 16:38:59.285982,0 days 00:00:06.661944,0.0869830259328658,32,0.2,208,100,0.00010119069153420353,232,0.001725314909436653,1,1,adam,"{'neurons_per_layer_encoder': [208], 'neurons_per_layer_decoder': [208]}",208,[208],[208],[0.49942065600578034],[0.5544532469669969],[0.006472614474630878],[-0.06568294529302032],[0.2925631357789865],0.025689817019243805,COMPLETE
434,0.0017107104469757939,0.040421004436475894,-0.3202073605383122,-0.3690771615836175,-0.010086747670098317,2025-01-09 16:38:53.187695,2025-01-09 16:38:59.011377,0 days 00:00:05.823682,0.08403631376962756,48,0.2,204,100,3.2981186286611296e-06,356,0.0017204523131726748,1,1,adam,"{'neurons_per_layer_encoder': [204], 'neurons_per_layer_decoder': [204]}",204,[204],[204],[0.0017107104469757939],[0.040421004436475894],[-0.3202073605383122],[-0.3690771615836175],[-0.010086747670098317],-1.6095702769390288,COMPLETE
435,-3.252237214646488,0.015268207863019856,-0.0812871626351408,-15.685689585571666,-0.5550889609699956,2025-01-09 16:38:54.112843,2025-01-09 16:38:59.463564,0 days 00:00:05.350721,0.07168285345903304,32,0.30000000000000004,208,100,2.9458212698023496e-06,328,1.0237957831364655e-05,1,1,adam,"{'neurons_per_layer_encoder': [208], 'neurons_per_layer_decoder': [208]}",208,[208],[208],[-3.252237214646488],[0.015268207863019856],[-0.0812871626351408],[-15.685689585571666],[-0.5550889609699956],0.24099937270500338,COMPLETE
436,0.3869059021540895,0.1118478777500671,-0.31511248720173457,-1.8609840041131456,0.30211702611805846,2025-01-09 16:38:54.972128,2025-01-09 16:39:02.258692,0 days 00:00:07.286564,0.07920813102792709,32,0.30000000000000004,216,100,7.210278017152536e-05,480,4.470249418818911e-05,1,1,adam,"{'neurons_per_layer_encoder': [216], 'neurons_per_layer_decoder': [216]}",216,[216],[216],[0.3869059021540895],[0.1118478777500671],[-0.31511248720173457],[-1.8609840041131456],[0.30211702611805846],0.39160934162274713,COMPLETE
437,-0.22739461731996502,0.4185326403382833,-0.19633245374574027,-17.32330333890315,0.41300522284514607,2025-01-09 16:38:56.027441,2025-01-09 16:39:03.393940,0 days 00:00:07.366499,0.07852263025270055,32,0.30000000000000004,216,100,3.157879897871867e-06,464,1.0196079292954642e-05,1,1,adam,"{'neurons_per_layer_encoder': [216], 'neurons_per_layer_decoder': [216]}",216,[216],[216],[-0.22739461731996502],[0.4185326403382833],[-0.19633245374574027],[-17.32330333890315],[0.41300522284514607],0.25605740282492495,COMPLETE
