number,value,datetime_start,datetime_complete,duration,params_alpha,params_batch_size,params_drop_out_rate,params_encoder_neurons_layer_1,params_epochs,params_lambda,params_latent_dim,params_learning_rate,params_num_layers_decoder,params_num_layers_encoder,params_optimizer,user_attrs_encoder_decoder_config,user_attrs_first_layer_neurons,user_attrs_model_summary,user_attrs_neurons_per_layer_decoder,user_attrs_neurons_per_layer_encoder,user_attrs_r2_feature_1,user_attrs_relative_deterioration,state
343,0.001018779713042095,2025-05-07 08:16:43.335784,2025-05-07 08:16:47.402420,0 days 00:00:04.066636,0.03385925937550304,88,0.2,4,200,1.608899385524259e-06,15,0.002885136242385836,3,2,adam,"{'neurons_per_layer_encoder': [4, 8], 'neurons_per_layer_decoder': [8, 8, 8]}",4,,"[8, 8, 8]","[4, 8]",[0.001018779713042095],0.29220709873323225,COMPLETE
344,-0.0679391864129264,2025-05-07 08:16:45.426333,2025-05-07 08:16:48.500591,0 days 00:00:03.074258,0.02141092130680315,96,0.2,28,200,1.6326829131989094e-06,62,0.0028856718184607217,3,2,adam,"{'neurons_per_layer_encoder': [28, 56], 'neurons_per_layer_decoder': [56, 28, 14]}",28,,"[56, 28, 14]","[28, 56]",[-0.0679391864129264],-0.277676057679137,COMPLETE
345,0.2558707251994746,2025-05-07 08:16:45.505671,2025-05-07 08:16:50.580673,0 days 00:00:05.075002,0.024371603854071326,96,0.2,12,160,1.6286638965718576e-06,34,0.0028548383573237094,3,2,adam,"{'neurons_per_layer_encoder': [12, 24], 'neurons_per_layer_decoder': [24, 12, 8]}",12,,"[24, 12, 8]","[12, 24]",[0.2558707251994746],0.2991994249018922,COMPLETE
346,-0.09078838131760048,2025-05-07 08:16:45.663203,2025-05-07 08:16:48.500810,0 days 00:00:02.837607,0.015460401664379283,96,0.2,216,180,2.669054972228601e-05,441,0.0059906436622957394,3,2,adam,"{'neurons_per_layer_encoder': [216, 432], 'neurons_per_layer_decoder': [432, 216, 108]}",216,,"[432, 216, 108]","[216, 432]",[-0.09078838131760048],0.46059597526762197,COMPLETE
347,-0.0833753115815905,2025-05-07 08:16:45.958491,2025-05-07 08:16:48.768805,0 days 00:00:02.810314,0.024377187834105224,96,0.2,16,180,1.1284732249519013e-06,38,0.006040997995496545,3,2,adam,"{'neurons_per_layer_encoder': [16, 32], 'neurons_per_layer_decoder': [32, 16, 8]}",16,,"[32, 16, 8]","[16, 32]",[-0.0833753115815905],-0.017300700318464302,COMPLETE
348,0.08843709268669142,2025-05-07 08:16:47.410957,2025-05-07 08:16:50.748725,0 days 00:00:03.337768,0.01893691701400497,96,0.2,12,180,1.1036258015463485e-06,38,0.005976202190765215,3,2,adam,"{'neurons_per_layer_encoder': [12, 24], 'neurons_per_layer_decoder': [24, 12, 8]}",12,,"[24, 12, 8]","[12, 24]",[0.08843709268669142],0.11912024140096705,COMPLETE
349,0.2565587721620711,2025-05-07 08:16:48.509950,2025-05-07 08:16:54.648286,0 days 00:00:06.138336,0.024066905813295167,104,0.2,256,160,1.1166428395385244e-06,521,0.0003097423777296818,3,2,sgd,"{'neurons_per_layer_encoder': [256, 512], 'neurons_per_layer_decoder': [512, 256, 128]}",256,,"[512, 256, 128]","[256, 512]",[0.2565587721620711],0.7225177166689608,COMPLETE
350,-0.6292301846036747,2025-05-07 08:16:48.510227,2025-05-07 08:16:49.683467,0 days 00:00:01.173240,0.024061884353035308,104,0.2,12,160,1.1254965769380739e-06,38,0.00029631154441214677,3,2,sgd,"{'neurons_per_layer_encoder': [12, 24], 'neurons_per_layer_decoder': [24, 12, 8]}",12,,"[24, 12, 8]","[12, 24]",[-0.6292301846036747],0.42794531829223165,COMPLETE
351,0.2847470773330393,2025-05-07 08:16:48.775965,2025-05-07 08:16:53.158924,0 days 00:00:04.382959,0.10491562940286325,104,0.2,12,160,1.1758648702607575e-06,34,0.003393171087969428,3,2,adam,"{'neurons_per_layer_encoder': [12, 24], 'neurons_per_layer_decoder': [24, 12, 8]}",12,,"[24, 12, 8]","[12, 24]",[0.2847470773330393],0.275581792162174,COMPLETE
352,0.14827966091496847,2025-05-07 08:16:49.691306,2025-05-07 08:16:55.049461,0 days 00:00:05.358155,0.019132988714585318,104,0.2,12,160,1.004650060868677e-06,34,0.00230544931722052,3,2,adam,"{'neurons_per_layer_encoder': [12, 24], 'neurons_per_layer_decoder': [24, 12, 8]}",12,,"[24, 12, 8]","[12, 24]",[0.14827966091496847],0.25592896149377725,COMPLETE
353,0.1407753767817912,2025-05-07 08:16:50.590261,2025-05-07 08:16:56.271276,0 days 00:00:05.681015,0.025768607582347197,112,0.2,4,160,1.7255346142625644e-06,12,0.002553852992319747,3,2,adam,"{'neurons_per_layer_encoder': [4, 8], 'neurons_per_layer_decoder': [8, 8, 8]}",4,,"[8, 8, 8]","[4, 8]",[0.1407753767817912],0.4697794277326421,COMPLETE
354,0.016517354523678307,2025-05-07 08:16:50.757811,2025-05-07 08:16:55.215097,0 days 00:00:04.457286,0.024985982223456497,104,0.2,4,160,1.7531008525758885e-06,15,0.00223268055745587,3,2,adam,"{'neurons_per_layer_encoder': [4, 8], 'neurons_per_layer_decoder': [8, 8, 8]}",4,,"[8, 8, 8]","[4, 8]",[0.016517354523678307],0.36329965329905367,COMPLETE
355,0.1185666018432695,2025-05-07 08:16:53.167249,2025-05-07 08:16:58.638635,0 days 00:00:05.471386,0.10987429880848555,104,0.2,4,160,1.2706073816211444e-06,11,0.0032918263798953243,3,2,adam,"{'neurons_per_layer_encoder': [4, 8], 'neurons_per_layer_decoder': [8, 8, 8]}",4,,"[8, 8, 8]","[4, 8]",[0.1185666018432695],0.313105194105081,COMPLETE
356,-0.005232759268977816,2025-05-07 08:16:54.656894,2025-05-07 08:17:00.141969,0 days 00:00:05.485075,0.10588668920401581,104,0.4,4,160,1.3264991070882542e-06,11,0.002146376454635796,3,2,adam,"{'neurons_per_layer_encoder': [4, 8], 'neurons_per_layer_decoder': [8, 8, 8]}",4,,"[8, 8, 8]","[4, 8]",[-0.005232759268977816],0.46787834281100477,COMPLETE
357,0.17957802834400327,2025-05-07 08:16:55.057712,2025-05-07 08:17:00.541508,0 days 00:00:05.483796,0.09929875655157233,112,0.2,4,160,3.4390735252432046e-05,15,0.0033422842644410936,3,2,adam,"{'neurons_per_layer_encoder': [4, 8], 'neurons_per_layer_decoder': [8, 8, 8]}",4,,"[8, 8, 8]","[4, 8]",[0.17957802834400327],0.4078439765803994,COMPLETE
358,-0.3313855716427583,2025-05-07 08:16:55.223003,2025-05-07 08:16:57.252958,0 days 00:00:02.029955,0.022013152567667865,112,0.2,4,160,1.2698363971666657e-06,12,0.003369706405826825,3,2,adam,"{'neurons_per_layer_encoder': [4, 8], 'neurons_per_layer_decoder': [8, 8, 8]}",4,,"[8, 8, 8]","[4, 8]",[-0.3313855716427583],0.3613041952666589,COMPLETE
359,-0.6573726820967469,2025-05-07 08:16:56.280571,2025-05-07 08:16:58.283018,0 days 00:00:02.002447,0.09249184671091921,112,0.4,16,160,1.2948379521333468e-06,37,0.003430217000617583,3,2,adam,"{'neurons_per_layer_encoder': [16, 32], 'neurons_per_layer_decoder': [32, 16, 8]}",16,,"[32, 16, 8]","[16, 32]",[-0.6573726820967469],0.2379896030026697,COMPLETE
360,0.16419966107247885,2025-05-07 08:16:57.260542,2025-05-07 08:17:01.895776,0 days 00:00:04.635234,0.10461524818509554,104,0.2,16,160,1.3224168370653111e-06,36,0.003486651806072209,3,2,adam,"{'neurons_per_layer_encoder': [16, 32], 'neurons_per_layer_decoder': [32, 16, 8]}",16,,"[32, 16, 8]","[16, 32]",[0.16419966107247885],0.09515940011618335,COMPLETE
361,0.23028067672474528,2025-05-07 08:16:58.290654,2025-05-07 08:17:01.721252,0 days 00:00:03.430598,0.11311678912119912,104,0.2,20,160,1.451610111908264e-06,47,0.003283488118535578,3,2,adam,"{'neurons_per_layer_encoder': [20, 40], 'neurons_per_layer_decoder': [40, 20, 10]}",20,,"[40, 20, 10]","[20, 40]",[0.23028067672474528],0.1873327664207271,COMPLETE
362,-0.6987808480717848,2025-05-07 08:16:58.646883,2025-05-07 08:17:00.573946,0 days 00:00:01.927063,0.11620781926807751,104,0.2,20,160,1.4764461036759334e-06,47,0.001988875900913439,3,2,adadelta,"{'neurons_per_layer_encoder': [20, 40], 'neurons_per_layer_decoder': [40, 20, 10]}",20,,"[40, 20, 10]","[20, 40]",[-0.6987808480717848],0.5033748512273487,COMPLETE
363,-0.8631116068346922,2025-05-07 08:17:00.150642,2025-05-07 08:17:02.109822,0 days 00:00:01.959180,0.11669629994221598,104,0.2,20,160,3.388748030057928e-05,45,0.000708304159338501,3,2,adadelta,"{'neurons_per_layer_encoder': [20, 40], 'neurons_per_layer_decoder': [40, 20, 10]}",20,,"[40, 20, 10]","[20, 40]",[-0.8631116068346922],0.5544739273095834,COMPLETE
364,0.07642752578262024,2025-05-07 08:17:00.549807,2025-05-07 08:17:03.203376,0 days 00:00:02.653569,0.08781843528116154,104,0.2,96,160,6.371522112889871e-06,201,0.004104437257301458,3,2,adam,"{'neurons_per_layer_encoder': [96, 192], 'neurons_per_layer_decoder': [192, 96, 48]}",96,,"[192, 96, 48]","[96, 192]",[0.07642752578262024],-0.1810823190002932,COMPLETE
365,0.21519511631115185,2025-05-07 08:17:00.585623,2025-05-07 08:17:04.333392,0 days 00:00:03.747769,0.08801245193687046,104,0.2,16,160,1.4721295276083483e-06,39,0.004168349804962728,3,2,adam,"{'neurons_per_layer_encoder': [16, 32], 'neurons_per_layer_decoder': [32, 16, 8]}",16,,"[32, 16, 8]","[16, 32]",[0.21519511631115185],0.14518719531405724,COMPLETE
366,0.10622240664132854,2025-05-07 08:17:01.730039,2025-05-07 08:17:04.862344,0 days 00:00:03.132305,0.08628838202968084,120,0.2,16,160,1.1396493285367255e-06,39,0.00407692562982834,3,2,adam,"{'neurons_per_layer_encoder': [16, 32], 'neurons_per_layer_decoder': [32, 16, 8]}",16,,"[32, 16, 8]","[16, 32]",[0.10622240664132854],0.17972172994973298,COMPLETE
367,0.2125470246866895,2025-05-07 08:17:01.904438,2025-05-07 08:17:05.559652,0 days 00:00:03.655214,0.08619354841300342,112,0.2,12,160,1.0169659752409378e-06,27,0.003992410393315528,3,2,adam,"{'neurons_per_layer_encoder': [12, 24], 'neurons_per_layer_decoder': [24, 12, 8]}",12,,"[24, 12, 8]","[12, 24]",[0.2125470246866895],0.3087831998726364,COMPLETE
368,0.12839883179675704,2025-05-07 08:17:02.118303,2025-05-07 08:17:07.664226,0 days 00:00:05.545923,0.10100244763768129,112,0.2,8,160,1.0065310958585073e-06,31,0.004172817850960447,3,2,adam,"{'neurons_per_layer_encoder': [8, 16], 'neurons_per_layer_decoder': [16, 8, 8]}",8,,"[16, 8, 8]","[8, 16]",[0.12839883179675704],0.15905299445844426,COMPLETE
369,0.07468320952783669,2025-05-07 08:17:03.211792,2025-05-07 08:17:06.465829,0 days 00:00:03.254037,0.12631619746789927,112,0.2,12,160,1.0135520070562786e-06,35,0.0026867444519380274,3,2,adam,"{'neurons_per_layer_encoder': [12, 24], 'neurons_per_layer_decoder': [24, 12, 8]}",12,,"[24, 12, 8]","[12, 24]",[0.07468320952783669],0.2874812560141863,COMPLETE
370,-0.9174361778206839,2025-05-07 08:17:04.341857,2025-05-07 08:17:06.322428,0 days 00:00:01.980571,0.029265707294808964,112,0.2,8,160,1.121014149743019e-06,31,4.1694460913657756e-05,3,2,adam,"{'neurons_per_layer_encoder': [8, 16], 'neurons_per_layer_decoder': [16, 8, 8]}",8,,"[16, 8, 8]","[8, 16]",[-0.9174361778206839],0.5753552416364903,COMPLETE
371,0.27520926009825886,2025-05-07 08:17:04.870872,2025-05-07 08:17:09.887792,0 days 00:00:05.016920,0.02910551278945385,112,0.2,8,140,1.124255218106678e-06,31,0.002618520869307879,3,2,adam,"{'neurons_per_layer_encoder': [8, 16], 'neurons_per_layer_decoder': [16, 8, 8]}",8,,"[16, 8, 8]","[8, 16]",[0.27520926009825886],0.41323433185207586,COMPLETE
372,-0.6675294817530204,2025-05-07 08:17:05.567589,2025-05-07 08:17:07.967729,0 days 00:00:02.400140,0.02048445817342459,24,0.2,80,140,1.242359606343063e-06,184,0.002496110472733929,3,2,adam,"{'neurons_per_layer_encoder': [80, 160], 'neurons_per_layer_decoder': [160, 80, 40]}",80,,"[160, 80, 40]","[80, 160]",[-0.6675294817530204],-1.128592540659211,COMPLETE
373,0.27125720965425737,2025-05-07 08:17:06.330168,2025-05-07 08:17:10.334404,0 days 00:00:04.004236,0.020052531632046396,64,0.2,8,140,4.522439158190244e-06,20,0.0027066187070085017,3,2,adam,"{'neurons_per_layer_encoder': [8, 16], 'neurons_per_layer_decoder': [16, 8, 8]}",8,,"[16, 8, 8]","[8, 16]",[0.27125720965425737],0.42095591918249514,COMPLETE
374,0.024494000339892685,2025-05-07 08:17:06.473766,2025-05-07 08:17:08.991179,0 days 00:00:02.517413,0.02047705315049772,24,0.2,8,140,2.246838212583162e-06,20,0.0050925354989870796,3,2,adam,"{'neurons_per_layer_encoder': [8, 16], 'neurons_per_layer_decoder': [16, 8, 8]}",8,,"[16, 8, 8]","[8, 16]",[0.024494000339892685],0.09074130730849268,COMPLETE
375,-0.4931941267946991,2025-05-07 08:17:07.672423,2025-05-07 08:17:10.640247,0 days 00:00:02.967824,0.020429141461737136,128,0.2,8,140,2.0073676743043083e-06,20,0.00530674160181745,3,2,sgd,"{'neurons_per_layer_encoder': [8, 16], 'neurons_per_layer_decoder': [16, 8, 8]}",8,,"[16, 8, 8]","[8, 16]",[-0.4931941267946991],0.6205345688918186,COMPLETE
376,0.005533340734237391,2025-05-07 08:17:07.975877,2025-05-07 08:17:10.548329,0 days 00:00:02.572452,0.021521675656527395,128,0.2,24,160,2.1608769997598864e-06,55,0.005199576752853832,3,2,adam,"{'neurons_per_layer_encoder': [24, 48], 'neurons_per_layer_decoder': [48, 24, 12]}",24,,"[48, 24, 12]","[24, 48]",[0.005533340734237391],0.21604984676942887,COMPLETE
377,-0.09710947724921715,2025-05-07 08:17:08.999023,2025-05-07 08:17:11.088460,0 days 00:00:02.089437,0.029324608739965174,120,0.2,24,160,1.4910153938526386e-06,53,0.0031295274677176042,3,2,sgd,"{'neurons_per_layer_encoder': [24, 48], 'neurons_per_layer_decoder': [48, 24, 12]}",24,,"[48, 24, 12]","[24, 48]",[-0.09710947724921715],0.6450890970078557,COMPLETE
378,-0.4348691144515757,2025-05-07 08:17:09.896604,2025-05-07 08:17:12.826516,0 days 00:00:02.929912,0.029814277530809147,120,0.2,8,160,1.2148209926737858e-06,30,0.0027149242259787536,3,2,sgd,"{'neurons_per_layer_encoder': [8, 16], 'neurons_per_layer_decoder': [16, 8, 8]}",8,,"[16, 8, 8]","[8, 16]",[-0.4348691144515757],0.47243175308475405,COMPLETE
379,-0.509541261401242,2025-05-07 08:17:10.342956,2025-05-07 08:17:11.517433,0 days 00:00:01.174477,0.021411162170519926,64,0.2,12,140,6.6780324653505986e-06,33,0.0016763077267947988,3,2,sgd,"{'neurons_per_layer_encoder': [12, 24], 'neurons_per_layer_decoder': [24, 12, 8]}",12,,"[24, 12, 8]","[12, 24]",[-0.509541261401242],0.3768709069314226,COMPLETE
380,0.0883345516432027,2025-05-07 08:17:10.556052,2025-05-07 08:17:14.973880,0 days 00:00:04.417828,0.019188351244235274,64,0.2,12,140,4.109127977958482e-06,33,0.0017044312081299074,3,2,adam,"{'neurons_per_layer_encoder': [12, 24], 'neurons_per_layer_decoder': [24, 12, 8]}",12,,"[24, 12, 8]","[12, 24]",[0.0883345516432027],0.31812510142802836,COMPLETE
381,0.31366176554853953,2025-05-07 08:17:10.650101,2025-05-07 08:17:15.069140,0 days 00:00:04.419039,0.01936970723347939,120,0.2,12,140,4.305650245463826e-06,33,0.002000938898439055,3,2,adam,"{'neurons_per_layer_encoder': [12, 24], 'neurons_per_layer_decoder': [24, 12, 8]}",12,,"[24, 12, 8]","[12, 24]",[0.31366176554853953],0.36653594520244376,COMPLETE
382,0.3354588567653536,2025-05-07 08:17:11.096449,2025-05-07 08:17:16.375463,0 days 00:00:05.279014,0.017632715770474663,56,0.2,12,140,5.050177390157379e-06,33,0.0018959133261831798,3,2,adam,"{'neurons_per_layer_encoder': [12, 24], 'neurons_per_layer_decoder': [24, 12, 8]}",12,,"[24, 12, 8]","[12, 24]",[0.3354588567653536],0.4123661373190185,COMPLETE
383,-0.043727443842739744,2025-05-07 08:17:11.525565,2025-05-07 08:17:16.145047,0 days 00:00:04.619482,0.01936728627253791,72,0.2,8,140,3.304027083338048e-06,30,0.00013419658316455714,3,2,adam,"{'neurons_per_layer_encoder': [8, 16], 'neurons_per_layer_decoder': [16, 8, 8]}",8,,"[16, 8, 8]","[8, 16]",[-0.043727443842739744],0.42465878303162785,COMPLETE
384,0.10987459040763314,2025-05-07 08:17:12.835027,2025-05-07 08:17:16.196941,0 days 00:00:03.361914,0.019767096102115224,72,0.2,12,140,2.718367689034313e-06,27,0.0020654239005736736,3,2,adam,"{'neurons_per_layer_encoder': [12, 24], 'neurons_per_layer_decoder': [24, 12, 8]}",12,,"[24, 12, 8]","[12, 24]",[0.10987459040763314],0.3330360357683046,COMPLETE
385,0.16492245580667653,2025-05-07 08:17:14.982257,2025-05-07 08:17:19.615592,0 days 00:00:04.633335,0.019496462529298392,64,0.2,4,140,5.428600140576406e-05,14,0.002035506048077673,3,2,adam,"{'neurons_per_layer_encoder': [4, 8], 'neurons_per_layer_decoder': [8, 8, 8]}",4,,"[8, 8, 8]","[4, 8]",[0.16492245580667653],0.46969516949669576,COMPLETE
386,-0.15851904419048513,2025-05-07 08:17:15.080302,2025-05-07 08:17:17.676668,0 days 00:00:02.596366,0.022325403659050197,72,0.2,52,140,5.166126700892498e-06,113,0.0018658275234112996,3,2,adam,"{'neurons_per_layer_encoder': [52, 104], 'neurons_per_layer_decoder': [104, 52, 26]}",52,,"[104, 52, 26]","[52, 104]",[-0.15851904419048513],-0.45889840144019206,COMPLETE
387,0.0278869557882232,2025-05-07 08:17:16.152576,2025-05-07 08:17:18.850152,0 days 00:00:02.697576,0.01755857389261577,64,0.2,112,140,5.299154362910677e-06,233,0.001842690957733194,3,2,adam,"{'neurons_per_layer_encoder': [112, 224], 'neurons_per_layer_decoder': [224, 112, 56]}",112,,"[224, 112, 56]","[112, 224]",[0.0278869557882232],-0.30073168098372766,COMPLETE
388,-0.09539843569051065,2025-05-07 08:17:16.212631,2025-05-07 08:17:18.993754,0 days 00:00:02.781123,0.017302100346805644,120,0.2,68,140,4.387456471165515e-06,250,0.0019229546275652382,3,2,adam,"{'neurons_per_layer_encoder': [68, 136], 'neurons_per_layer_decoder': [136, 68, 34]}",68,,"[136, 68, 34]","[68, 136]",[-0.09539843569051065],-0.04428862610072607,COMPLETE
389,-0.01810154949103504,2025-05-07 08:17:16.383827,2025-05-07 08:17:19.840934,0 days 00:00:03.457107,0.017963073865408675,120,0.2,16,140,4.775616592368188e-06,36,0.0018691780166400788,3,2,adam,"{'neurons_per_layer_encoder': [16, 32], 'neurons_per_layer_decoder': [32, 16, 8]}",16,,"[32, 16, 8]","[16, 32]",[-0.01810154949103504],0.291606544007175,COMPLETE
390,-0.16405001195301838,2025-05-07 08:17:17.685022,2025-05-07 08:17:20.269199,0 days 00:00:02.584177,0.01754813552741795,56,0.2,16,140,4.609465885096463e-06,36,0.0012204037974207925,3,2,adam,"{'neurons_per_layer_encoder': [16, 32], 'neurons_per_layer_decoder': [32, 16, 8]}",16,,"[32, 16, 8]","[16, 32]",[-0.16405001195301838],0.24725041472446588,COMPLETE
391,0.31344841354285846,2025-05-07 08:17:18.858076,2025-05-07 08:17:22.395415,0 days 00:00:03.537339,0.017733916849048213,48,0.2,16,140,4.474783675841506e-06,36,0.0021916865305502747,3,2,adam,"{'neurons_per_layer_encoder': [16, 32], 'neurons_per_layer_decoder': [32, 16, 8]}",16,,"[32, 16, 8]","[16, 32]",[0.31344841354285846],0.4396953342285699,COMPLETE
392,0.23635338015354057,2025-05-07 08:17:19.002601,2025-05-07 08:17:22.949517,0 days 00:00:03.946916,0.018055032108607993,56,0.2,16,140,4.247035762200664e-06,36,0.002116679113486129,3,2,adam,"{'neurons_per_layer_encoder': [16, 32], 'neurons_per_layer_decoder': [32, 16, 8]}",16,,"[32, 16, 8]","[16, 32]",[0.23635338015354057],0.2777867461828904,COMPLETE
393,-0.023150924135208806,2025-05-07 08:17:19.624981,2025-05-07 08:17:22.540387,0 days 00:00:02.915406,0.017328951294000704,120,0.2,16,140,5.586040671262043e-06,36,0.0012628931451691395,3,2,adam,"{'neurons_per_layer_encoder': [16, 32], 'neurons_per_layer_decoder': [32, 16, 8]}",16,,"[32, 16, 8]","[16, 32]",[-0.023150924135208806],0.4846118234104347,COMPLETE
394,0.006468277957747182,2025-05-07 08:17:19.849034,2025-05-07 08:17:22.665681,0 days 00:00:02.816647,0.015835403613332827,56,0.2,16,140,4.645199953683785e-06,36,0.002341767477274178,3,2,adam,"{'neurons_per_layer_encoder': [16, 32], 'neurons_per_layer_decoder': [32, 16, 8]}",16,,"[32, 16, 8]","[16, 32]",[0.006468277957747182],0.1783177852857761,COMPLETE
395,-0.0582050801643994,2025-05-07 08:17:20.277512,2025-05-07 08:17:23.530563,0 days 00:00:03.253051,0.01898516877632549,48,0.2,16,140,5.648089328858901e-06,36,0.0015541410714281028,3,2,adam,"{'neurons_per_layer_encoder': [16, 32], 'neurons_per_layer_decoder': [32, 16, 8]}",16,,"[32, 16, 8]","[16, 32]",[-0.0582050801643994],0.17771244666394237,COMPLETE
396,0.23442980586720963,2025-05-07 08:17:22.404102,2025-05-07 08:17:25.303173,0 days 00:00:02.899071,0.018562415570208275,48,0.2,24,140,4.1964988398967446e-06,56,0.0022536219065113277,3,2,adam,"{'neurons_per_layer_encoder': [24, 48], 'neurons_per_layer_decoder': [48, 24, 12]}",24,,"[48, 24, 12]","[24, 48]",[0.23442980586720963],0.275560810204215,COMPLETE
397,0.2762365136549383,2025-05-07 08:17:22.548437,2025-05-07 08:17:26.662291,0 days 00:00:04.113854,0.015895321455508503,56,0.2,24,140,3.902839318711237e-06,57,0.001564145758079036,3,2,adam,"{'neurons_per_layer_encoder': [24, 48], 'neurons_per_layer_decoder': [48, 24, 12]}",24,,"[48, 24, 12]","[24, 48]",[0.2762365136549383],0.22747156754457035,COMPLETE
398,-0.17852783562352537,2025-05-07 08:17:22.673506,2025-05-07 08:17:25.376699,0 days 00:00:02.703193,0.018502116591833713,48,0.2,24,140,3.962737550413775e-06,58,0.002336402953647988,3,2,adam,"{'neurons_per_layer_encoder': [24, 48], 'neurons_per_layer_decoder': [48, 24, 12]}",24,,"[48, 24, 12]","[24, 48]",[-0.17852783562352537],0.0182524621445716,COMPLETE
399,-0.009261898933037305,2025-05-07 08:17:22.958358,2025-05-07 08:17:25.921885,0 days 00:00:02.963527,0.016330985784589976,56,0.2,24,140,3.6955457688302706e-06,56,0.0014483830375418827,3,2,adam,"{'neurons_per_layer_encoder': [24, 48], 'neurons_per_layer_decoder': [48, 24, 12]}",24,,"[48, 24, 12]","[24, 48]",[-0.009261898933037305],0.06615225487475315,COMPLETE
400,0.21704427671488358,2025-05-07 08:17:23.538257,2025-05-07 08:17:28.227454,0 days 00:00:04.689197,0.016524927335778046,128,0.2,24,140,3.9324543366860226e-06,67,0.002227171492739727,3,2,adam,"{'neurons_per_layer_encoder': [24, 48], 'neurons_per_layer_decoder': [48, 24, 12]}",24,,"[48, 24, 12]","[24, 48]",[0.21704427671488358],0.21326743402801174,COMPLETE
401,-0.07089980984709121,2025-05-07 08:17:25.311080,2025-05-07 08:17:27.766471,0 days 00:00:02.455391,0.016227888950758093,48,0.2,28,140,7.3302366373364215e-06,62,0.002391744199312734,3,2,adam,"{'neurons_per_layer_encoder': [28, 56], 'neurons_per_layer_decoder': [56, 28, 14]}",28,,"[56, 28, 14]","[28, 56]",[-0.07089980984709121],0.12602086338144383,COMPLETE
402,0.02065745650228612,2025-05-07 08:17:25.384524,2025-05-07 08:17:28.702695,0 days 00:00:03.318171,0.020968694320421193,40,0.2,20,140,3.793391194662842e-06,44,0.0015147878977165357,3,2,adam,"{'neurons_per_layer_encoder': [20, 40], 'neurons_per_layer_decoder': [40, 20, 10]}",20,,"[40, 20, 10]","[20, 40]",[0.02065745650228612],0.14676376016894807,COMPLETE
