number,value,datetime_start,datetime_complete,duration,params_alpha,params_batch_size,params_drop_out_rate,params_encoder_neurons_layer_1,params_epochs,params_lambda,params_latent_dim,params_learning_rate,params_num_layers_decoder,params_num_layers_encoder,params_optimizer,user_attrs_encoder_decoder_config,user_attrs_first_layer_neurons,user_attrs_model_summary,user_attrs_neurons_per_layer_decoder,user_attrs_neurons_per_layer_encoder,user_attrs_r2_feature_1,user_attrs_relative_deterioration,state
463,0.1917589997836504,2025-05-07 08:18:07.136240,2025-05-07 08:18:10.702474,0 days 00:00:03.566234,0.022954764884844263,72,0.2,12,200,5.112177949265353e-05,35,0.004846858846565235,3,2,adam,"{'neurons_per_layer_encoder': [12, 24], 'neurons_per_layer_decoder': [24, 12, 8]}",12,,"[24, 12, 8]","[12, 24]",[0.1917589997836504],0.3331333416403492,COMPLETE
464,0.18618526450998774,2025-05-07 08:18:07.464356,2025-05-07 08:18:12.357096,0 days 00:00:04.892740,0.02314663487837172,120,0.2,12,200,2.4443849535944978e-05,35,0.004717629995781784,3,2,adam,"{'neurons_per_layer_encoder': [12, 24], 'neurons_per_layer_decoder': [24, 12, 8]}",12,,"[24, 12, 8]","[12, 24]",[0.18618526450998774],0.2949264008533393,COMPLETE
465,-0.1667378199247731,2025-05-07 08:18:08.628587,2025-05-07 08:18:11.163017,0 days 00:00:02.534430,0.011641922605795132,72,0.2,16,200,7.005664114602334e-06,36,0.004532047379776305,3,2,adam,"{'neurons_per_layer_encoder': [16, 32], 'neurons_per_layer_decoder': [32, 16, 8]}",16,,"[32, 16, 8]","[16, 32]",[-0.1667378199247731],-0.11716486699250407,COMPLETE
466,0.16059212497490138,2025-05-07 08:18:08.807510,2025-05-07 08:18:12.935569,0 days 00:00:04.128059,0.017893172161105336,128,0.2,16,200,1.8756340172638338e-06,36,0.003144913242852764,3,2,adam,"{'neurons_per_layer_encoder': [16, 32], 'neurons_per_layer_decoder': [32, 16, 8]}",16,,"[32, 16, 8]","[16, 32]",[0.16059212497490138],0.30948397372787495,COMPLETE
467,0.1588832503252151,2025-05-07 08:18:09.537172,2025-05-07 08:18:12.852883,0 days 00:00:03.315711,0.011232141828629208,120,0.2,16,200,9.143203623933853e-06,36,0.0030849467758565737,3,2,adam,"{'neurons_per_layer_encoder': [16, 32], 'neurons_per_layer_decoder': [32, 16, 8]}",16,,"[32, 16, 8]","[16, 32]",[0.1588832503252151],0.3154987298691811,COMPLETE
468,0.17109249587613395,2025-05-07 08:18:10.710632,2025-05-07 08:18:15.294531,0 days 00:00:04.583899,0.017803181902476702,120,0.2,16,200,4.417959804106615e-05,36,0.002975300632950519,3,2,adam,"{'neurons_per_layer_encoder': [16, 32], 'neurons_per_layer_decoder': [32, 16, 8]}",16,,"[32, 16, 8]","[16, 32]",[0.17109249587613395],0.3984547030892571,COMPLETE
469,-0.7034385742606399,2025-05-07 08:18:11.170818,2025-05-07 08:18:13.192679,0 days 00:00:02.021861,0.011423369143981872,120,0.2,8,200,0.000269665652787758,30,0.003093299584535524,3,2,adam,"{'neurons_per_layer_encoder': [8, 16], 'neurons_per_layer_decoder': [16, 8, 8]}",8,,"[16, 8, 8]","[8, 16]",[-0.7034385742606399],0.36214960811175695,COMPLETE
470,0.25163193982477305,2025-05-07 08:18:12.365916,2025-05-07 08:18:19.142505,0 days 00:00:06.776589,0.018157912725747124,128,0.2,20,200,0.00023808903689372273,45,0.0031408024195118153,3,2,adam,"{'neurons_per_layer_encoder': [20, 40], 'neurons_per_layer_decoder': [40, 20, 10]}",20,,"[40, 20, 10]","[20, 40]",[0.25163193982477305],0.5338771617348468,COMPLETE
471,0.002280124957650065,2025-05-07 08:18:12.861177,2025-05-07 08:18:16.724750,0 days 00:00:03.863573,0.017745753398499542,88,0.2,8,180,5.099285835493684e-06,19,0.0023675061306271733,3,2,adam,"{'neurons_per_layer_encoder': [8, 16], 'neurons_per_layer_decoder': [16, 8, 8]}",8,,"[16, 8, 8]","[8, 16]",[0.002280124957650065],0.30947784569378456,COMPLETE
472,0.2233745031026344,2025-05-07 08:18:12.944212,2025-05-07 08:18:17.050360,0 days 00:00:04.106148,0.01165509447052258,112,0.2,8,180,6.826561115238937e-05,19,0.007162289692477856,3,2,adam,"{'neurons_per_layer_encoder': [8, 16], 'neurons_per_layer_decoder': [16, 8, 8]}",8,,"[16, 8, 8]","[8, 16]",[0.2233745031026344],0.38189473006595365,COMPLETE
473,0.2653042284000179,2025-05-07 08:18:13.200330,2025-05-07 08:18:18.622077,0 days 00:00:05.421747,0.02187956682009746,88,0.2,20,180,6.60426021064062e-05,46,0.0023253293376129065,3,2,adam,"{'neurons_per_layer_encoder': [20, 40], 'neurons_per_layer_decoder': [40, 20, 10]}",20,,"[40, 20, 10]","[20, 40]",[0.2653042284000179],0.365004936739271,COMPLETE
474,0.24815684923473869,2025-05-07 08:18:15.303286,2025-05-07 08:18:21.383444,0 days 00:00:06.080158,0.02171315594538213,112,0.2,8,180,1.7696376662794245e-06,23,0.0024968895166074174,3,2,adam,"{'neurons_per_layer_encoder': [8, 16], 'neurons_per_layer_decoder': [16, 8, 8]}",8,,"[16, 8, 8]","[8, 16]",[0.24815684923473869],0.4244437081851431,COMPLETE
475,-0.6582722565205543,2025-05-07 08:18:16.733657,2025-05-07 08:18:17.970386,0 days 00:00:01.236729,0.021572462884693513,112,0.2,20,160,1.7181312326012597e-06,46,0.006434929436955635,3,2,sgd,"{'neurons_per_layer_encoder': [20, 40], 'neurons_per_layer_decoder': [40, 20, 10]}",20,,"[40, 20, 10]","[20, 40]",[-0.6582722565205543],0.4962494153520697,COMPLETE
476,-0.22881085381447175,2025-05-07 08:18:17.058909,2025-05-07 08:18:20.916579,0 days 00:00:03.857670,0.02142551390716311,112,0.2,20,160,5.77909944786926e-06,48,0.0024518122497329186,3,2,sgd,"{'neurons_per_layer_encoder': [20, 40], 'neurons_per_layer_decoder': [40, 20, 10]}",20,,"[40, 20, 10]","[20, 40]",[-0.22881085381447175],0.49957206192331843,COMPLETE
477,0.00727923536284969,2025-05-07 08:18:17.978093,2025-05-07 08:18:21.361199,0 days 00:00:03.383106,0.019266171242894634,64,0.2,4,160,5.31794331046255e-06,14,0.002416335936390474,3,2,adam,"{'neurons_per_layer_encoder': [4, 8], 'neurons_per_layer_decoder': [8, 8, 8]}",4,,"[8, 8, 8]","[4, 8]",[0.00727923536284969],0.44239126104974114,COMPLETE
478,-0.019729878267347623,2025-05-07 08:18:18.630273,2025-05-07 08:18:22.281103,0 days 00:00:03.650830,0.0188836198902166,112,0.30000000000000004,4,160,1.5463490686381348e-06,12,0.004230396670079389,3,2,adam,"{'neurons_per_layer_encoder': [4, 8], 'neurons_per_layer_decoder': [8, 8, 8]}",4,,"[8, 8, 8]","[4, 8]",[-0.019729878267347623],0.34906576689003876,COMPLETE
479,0.12443993022127564,2025-05-07 08:18:19.151924,2025-05-07 08:18:24.548849,0 days 00:00:05.396925,0.07817432543371748,64,0.2,4,160,0.00011760527519525783,15,0.004159706000443005,3,2,adam,"{'neurons_per_layer_encoder': [4, 8], 'neurons_per_layer_decoder': [8, 8, 8]}",4,,"[8, 8, 8]","[4, 8]",[0.12443993022127564],0.37928904734884566,COMPLETE
480,0.2279386015717787,2025-05-07 08:18:20.924300,2025-05-07 08:18:26.527908,0 days 00:00:05.603608,0.019562895411330612,112,0.1,4,160,0.00040382942267534923,14,0.004086972895455628,3,2,adam,"{'neurons_per_layer_encoder': [4, 8], 'neurons_per_layer_decoder': [8, 8, 8]}",4,,"[8, 8, 8]","[4, 8]",[0.2279386015717787],0.48394932816675723,COMPLETE
481,0.05584870044860224,2025-05-07 08:18:21.369063,2025-05-07 08:18:24.572832,0 days 00:00:03.203769,0.020692661782723956,120,0.1,8,160,0.00011454447544194733,23,0.003984437125253652,3,2,adam,"{'neurons_per_layer_encoder': [8, 16], 'neurons_per_layer_decoder': [16, 8, 8]}",8,,"[16, 8, 8]","[8, 16]",[0.05584870044860224],0.25519566212484424,COMPLETE
482,-0.09923421481740191,2025-05-07 08:18:21.394484,2025-05-07 08:18:25.485923,0 days 00:00:04.091439,0.07894599570377467,64,0.2,12,100,0.00044161456853815916,34,0.00406330079128003,3,2,adam,"{'neurons_per_layer_encoder': [12, 24], 'neurons_per_layer_decoder': [24, 12, 8]}",12,,"[24, 12, 8]","[12, 24]",[-0.09923421481740191],0.3463077233065281,COMPLETE
483,0.15573222030305867,2025-05-07 08:18:22.289513,2025-05-07 08:18:25.459271,0 days 00:00:03.169758,0.09372303751408584,120,0.2,12,160,4.82991839975996e-06,34,0.003736122730615375,3,2,adam,"{'neurons_per_layer_encoder': [12, 24], 'neurons_per_layer_decoder': [24, 12, 8]}",12,,"[24, 12, 8]","[12, 24]",[0.15573222030305867],0.30244923940027574,COMPLETE
484,-0.12003724257501514,2025-05-07 08:18:24.557282,2025-05-07 08:18:27.302728,0 days 00:00:02.745446,0.02080483148746041,120,0.1,12,160,7.790345162857289e-06,34,0.0037327011965474274,3,2,adam,"{'neurons_per_layer_encoder': [12, 24], 'neurons_per_layer_decoder': [24, 12, 8]}",12,,"[24, 12, 8]","[12, 24]",[-0.12003724257501514],-0.09072560877125131,COMPLETE
485,-0.822372387596771,2025-05-07 08:18:24.584073,2025-05-07 08:18:26.875153,0 days 00:00:02.291080,0.016727397389139108,56,0.2,12,160,1.5971908840071251e-06,29,0.00010854232786437926,3,2,adam,"{'neurons_per_layer_encoder': [12, 24], 'neurons_per_layer_decoder': [24, 12, 8]}",12,,"[24, 12, 8]","[12, 24]",[-0.822372387596771],0.5991852851854121,COMPLETE
486,0.005534207866216612,2025-05-07 08:18:25.467646,2025-05-07 08:18:28.023957,0 days 00:00:02.556311,0.016930863353726296,40,0.2,128,160,1.2624820373547785e-05,265,0.0034714175258647017,3,2,adam,"{'neurons_per_layer_encoder': [128, 256], 'neurons_per_layer_decoder': [256, 128, 64]}",128,,"[256, 128, 64]","[128, 256]",[0.005534207866216612],-0.00411268690670335,COMPLETE
487,0.045617873194266245,2025-05-07 08:18:25.501468,2025-05-07 08:18:28.786210,0 days 00:00:03.284742,0.016707323683783776,56,0.2,16,160,1.2745529115697382e-05,143,0.005669644135173136,3,4,adam,"{'neurons_per_layer_encoder': [16, 32, 64, 128], 'neurons_per_layer_decoder': [128, 64, 32]}",16,,"[128, 64, 32]","[16, 32, 64, 128]",[0.045617873194266245],0.1800480039844595,COMPLETE
488,0.026654973178757202,2025-05-07 08:18:26.537705,2025-05-07 08:18:29.674945,0 days 00:00:03.137240,0.016798881158188693,56,0.2,16,140,1.1652443895253259e-05,227,0.003389003448737676,3,4,adam,"{'neurons_per_layer_encoder': [16, 32, 64, 128], 'neurons_per_layer_decoder': [128, 64, 32]}",16,,"[128, 64, 32]","[16, 32, 64, 128]",[0.026654973178757202],0.31685150260124356,COMPLETE
489,-0.16914755942076654,2025-05-07 08:18:26.883108,2025-05-07 08:18:31.695982,0 days 00:00:04.812874,0.02315853002663813,104,0.2,16,120,1.1083067895370863e-05,137,2.2036526049429047e-05,3,4,adam,"{'neurons_per_layer_encoder': [16, 32, 64, 128], 'neurons_per_layer_decoder': [128, 64, 32]}",16,,"[128, 64, 32]","[16, 32, 64, 128]",[-0.16914755942076654],0.5587031653865763,COMPLETE
490,0.014543303825968579,2025-05-07 08:18:27.311452,2025-05-07 08:18:33.015533,0 days 00:00:05.704081,0.023483960448273052,104,0.2,16,140,1.955652933536066e-06,137,2.362669638971643e-05,3,4,adadelta,"{'neurons_per_layer_encoder': [16, 32, 64, 128], 'neurons_per_layer_decoder': [128, 64, 32]}",16,,"[128, 64, 32]","[16, 32, 64, 128]",[0.014543303825968579],0.6900429262116837,COMPLETE
491,-0.001679450140854577,2025-05-07 08:18:28.032719,2025-05-07 08:18:31.997204,0 days 00:00:03.964485,0.025549465463115734,104,0.2,16,140,2.9337108280465612e-05,37,0.005694591841100355,3,2,adadelta,"{'neurons_per_layer_encoder': [16, 32], 'neurons_per_layer_decoder': [32, 16, 8]}",16,,"[32, 16, 8]","[16, 32]",[-0.001679450140854577],0.6146805833165507,COMPLETE
492,-0.05216852479535139,2025-05-07 08:18:28.794847,2025-05-07 08:18:34.190291,0 days 00:00:05.395444,0.02356047051178033,104,0.2,88,140,2.1622616315533025e-06,185,0.002778084102457839,3,2,adadelta,"{'neurons_per_layer_encoder': [88, 176], 'neurons_per_layer_decoder': [176, 88, 44]}",88,,"[176, 88, 44]","[88, 176]",[-0.05216852479535139],0.6013963850595756,COMPLETE
493,-0.6076465806177469,2025-05-07 08:18:29.683818,2025-05-07 08:18:32.103285,0 days 00:00:02.419467,0.023925184435410314,104,0.2,8,180,2.03380693304157e-06,24,0.0029295052557435173,5,2,adadelta,"{'neurons_per_layer_encoder': [8, 16], 'neurons_per_layer_decoder': [16, 8, 8, 8, 8]}",8,,"[16, 8, 8, 8, 8]","[8, 16]",[-0.6076465806177469],0.40525837354406624,COMPLETE
494,0.3012067972952309,2025-05-07 08:18:31.703978,2025-05-07 08:18:36.687451,0 days 00:00:04.983473,0.0711067558791134,104,0.2,8,140,2.094348830388349e-06,22,0.0027922633997540603,3,2,adam,"{'neurons_per_layer_encoder': [8, 16], 'neurons_per_layer_decoder': [16, 8, 8]}",8,,"[16, 8, 8]","[8, 16]",[0.3012067972952309],0.472131960997046,COMPLETE
495,0.10923562420800226,2025-05-07 08:18:32.005468,2025-05-07 08:18:37.268518,0 days 00:00:05.263050,0.01825103405256027,104,0.2,8,180,1.405504735960763e-06,42,0.0028633445710211157,3,3,adam,"{'neurons_per_layer_encoder': [8, 16, 32], 'neurons_per_layer_decoder': [32, 16, 8]}",8,,"[32, 16, 8]","[8, 16, 32]",[0.10923562420800226],0.20335164503492847,COMPLETE
496,0.11059039620946853,2025-05-07 08:18:32.112932,2025-05-07 08:18:37.512944,0 days 00:00:05.400012,0.018891965784002124,112,0.2,8,140,1.4489718168498473e-06,42,0.002783612032117212,3,3,adam,"{'neurons_per_layer_encoder': [8, 16, 32], 'neurons_per_layer_decoder': [32, 16, 8]}",8,,"[32, 16, 8]","[8, 16, 32]",[0.11059039620946853],0.2981339752414468,COMPLETE
497,0.009632867494335007,2025-05-07 08:18:33.024410,2025-05-07 08:18:35.875433,0 days 00:00:02.851023,0.018647960471412615,128,0.2,8,180,1.404193610893695e-06,36,0.0027190968497061967,3,3,adam,"{'neurons_per_layer_encoder': [8, 16, 32], 'neurons_per_layer_decoder': [32, 16, 8]}",8,,"[32, 16, 8]","[8, 16, 32]",[0.009632867494335007],0.423690627480774,COMPLETE
498,0.06606522555651806,2025-05-07 08:18:37.520076,2025-05-07 08:18:40.692294,0 days 00:00:03.172218,0.0702855718418002,104,0.2,20,140,1.5582696034854233e-06,45,0.002425152318575154,3,2,adam,"{'neurons_per_layer_encoder': [20, 40], 'neurons_per_layer_decoder': [40, 20, 10]}",20,,"[40, 20, 10]","[20, 40]",[0.06606522555651806],0.15162029426493998,COMPLETE
499,-0.6914124020986823,2025-05-07 08:18:40.699647,2025-05-07 08:18:41.889733,0 days 00:00:01.190086,0.06475259290674759,96,0.2,248,140,6.801239785250189e-06,505,0.002177597677098687,3,2,sgd,"{'neurons_per_layer_encoder': [248, 496], 'neurons_per_layer_decoder': [496, 248, 124]}",248,,"[496, 248, 124]","[248, 496]",[-0.6914124020986823],0.5206621215488434,COMPLETE
