number,value,datetime_start,datetime_complete,duration,params_alpha,params_batch_size,params_drop_out_rate,params_encoder_neurons_layer_1,params_epochs,params_lambda,params_latent_dim,params_learning_rate,params_num_layers_decoder,params_num_layers_encoder,params_optimizer,user_attrs_encoder_decoder_config,user_attrs_first_layer_neurons,user_attrs_model_summary,user_attrs_neurons_per_layer_decoder,user_attrs_neurons_per_layer_encoder,user_attrs_r2_feature_1,user_attrs_relative_deterioration,state
0,-0.5351371762105421,2025-05-07 07:43:50.983081,2025-05-07 07:47:27.205658,0 days 00:03:36.222577,0.010388111633909231,16,0.4,232,180,0.000846908999790112,7044,0.0008684701780234631,4,5,sgd,"{'neurons_per_layer_encoder': [232, 464, 928, 1856, 3712], 'neurons_per_layer_decoder': [3712, 1856, 928, 464]}",232,,"[3712, 1856, 928, 464]","[232, 464, 928, 1856, 3712]",[-0.5351371762105421],0.9968728323118795,COMPLETE
1,-0.09998691397525694,2025-05-07 07:43:50.983605,2025-05-07 07:43:59.407180,0 days 00:00:08.423575,0.1844943613507614,104,0.2,228,100,4.8736473686485085e-05,1672,0.00022235650453061398,2,3,adam,"{'neurons_per_layer_encoder': [228, 456, 912], 'neurons_per_layer_decoder': [912, 456]}",228,,"[912, 456]","[228, 456, 912]",[-0.09998691397525694],0.8315121915799096,COMPLETE
2,-0.7520448124271721,2025-05-07 07:43:50.983765,2025-05-07 07:44:05.606471,0 days 00:00:14.622706,0.010782222101319194,16,0.4,28,180,1.018629318909114e-06,369,8.375077351038034e-05,5,4,adadelta,"{'neurons_per_layer_encoder': [28, 56, 112, 224], 'neurons_per_layer_decoder': [224, 112, 56, 28, 14]}",28,,"[224, 112, 56, 28, 14]","[28, 56, 112, 224]",[-0.7520448124271721],0.6544326483951186,COMPLETE
3,-0.6305493822308079,2025-05-07 07:43:50.983767,2025-05-07 07:43:55.596583,0 days 00:00:04.612816,0.019342305102318165,24,0.4,152,100,4.192281762793292e-06,570,0.00028088635554170886,2,2,adadelta,"{'neurons_per_layer_encoder': [152, 304], 'neurons_per_layer_decoder': [304, 152]}",152,,"[304, 152]","[152, 304]",[-0.6305493822308079],0.6892354880658788,COMPLETE
4,-0.016388521860767558,2025-05-07 07:43:50.983898,2025-05-07 07:44:42.790067,0 days 00:00:51.806169,0.19128292308613712,32,0.2,204,140,2.216651779923207e-06,4167,6.433655174920526e-05,4,5,adadelta,"{'neurons_per_layer_encoder': [204, 408, 816, 1632, 3264], 'neurons_per_layer_decoder': [3264, 1632, 816, 408]}",204,,"[3264, 1632, 816, 408]","[204, 408, 816, 1632, 3264]",[-0.016388521860767558],0.7584072043133222,COMPLETE
5,-0.9671158559409083,2025-05-07 07:43:55.628076,2025-05-07 07:44:09.408268,0 days 00:00:13.780192,0.07475710452190866,72,0.4,216,60,0.00012553004934935324,1395,0.0037422068430034033,2,3,adam,"{'neurons_per_layer_encoder': [216, 432, 864], 'neurons_per_layer_decoder': [864, 432]}",216,,"[864, 432]","[216, 432, 864]",[-0.9671158559409083],0.42841302519523805,COMPLETE
6,-0.01046577688356809,2025-05-07 07:43:59.431566,2025-05-07 07:44:11.893326,0 days 00:00:12.461760,0.039334195754353644,48,0.4,128,160,0.0002046555151603918,309,0.0002336696670520813,4,2,sgd,"{'neurons_per_layer_encoder': [128, 256], 'neurons_per_layer_decoder': [256, 128, 64, 32]}",128,,"[256, 128, 64, 32]","[128, 256]",[-0.01046577688356809],0.9021905438186366,COMPLETE
7,-1.1956809952234013,2025-05-07 07:44:05.622347,2025-05-07 07:44:13.230475,0 days 00:00:07.608128,0.04860545963412042,40,0.30000000000000004,8,140,1.3612166453344456e-05,249,0.0009570719607858871,2,5,adadelta,"{'neurons_per_layer_encoder': [8, 16, 32, 64, 128], 'neurons_per_layer_decoder': [128, 64]}",8,,"[128, 64]","[8, 16, 32, 64, 128]",[-1.1956809952234013],0.5943257120451018,COMPLETE
8,-0.9838798733318075,2025-05-07 07:44:09.418858,2025-05-07 07:44:26.460968,0 days 00:00:17.042110,0.04637913334595172,96,0.1,92,140,1.6165398112750806e-05,1929,0.0004206809885705846,3,5,adam,"{'neurons_per_layer_encoder': [92, 184, 368, 736, 1472], 'neurons_per_layer_decoder': [1472, 736, 368]}",92,,"[1472, 736, 368]","[92, 184, 368, 736, 1472]",[-0.9838798733318075],0.4681690393560632,COMPLETE
9,0.14671150662165988,2025-05-07 07:44:11.902893,2025-05-07 07:44:25.810151,0 days 00:00:13.907258,0.01304137619640124,112,0.2,64,160,1.16207397021256e-06,1609,0.002924524563900225,2,5,adam,"{'neurons_per_layer_encoder': [64, 128, 256, 512, 1024], 'neurons_per_layer_decoder': [1024, 512]}",64,,"[1024, 512]","[64, 128, 256, 512, 1024]",[0.14671150662165988],0.19288623639159336,COMPLETE
10,-0.5216589274136816,2025-05-07 07:44:13.242234,2025-05-07 07:44:21.315558,0 days 00:00:08.073324,0.053153586361473236,56,0.4,20,60,0.0005144564932128869,289,0.0004969423710962735,2,4,adadelta,"{'neurons_per_layer_encoder': [20, 40, 80, 160], 'neurons_per_layer_decoder': [160, 80]}",20,,"[160, 80]","[20, 40, 80, 160]",[-0.5216589274136816],0.9053734701612675,COMPLETE
11,-0.6257663040554573,2025-05-07 07:44:21.326191,2025-05-07 07:44:30.344332,0 days 00:00:09.018141,0.010667772643753032,96,0.1,20,60,0.00024319832833910251,109,0.006928711078769472,5,3,adadelta,"{'neurons_per_layer_encoder': [20, 40, 80], 'neurons_per_layer_decoder': [80, 40, 20, 10, 8]}",20,,"[80, 40, 20, 10, 8]","[20, 40, 80]",[-0.6257663040554573],0.7859303465597897,COMPLETE
12,-0.8701753621527084,2025-05-07 07:44:25.825332,2025-05-07 07:44:30.660207,0 days 00:00:04.834875,0.03401157597491572,16,0.4,68,120,2.184906028871686e-06,524,0.0028082722941618773,3,3,sgd,"{'neurons_per_layer_encoder': [68, 136, 272], 'neurons_per_layer_decoder': [272, 136, 68]}",68,,"[272, 136, 68]","[68, 136, 272]",[-0.8701753621527084],0.5502582846523697,COMPLETE
13,-0.41457802749887507,2025-05-07 07:44:26.483002,2025-05-07 07:44:39.198375,0 days 00:00:12.715373,0.129944377262093,24,0.1,36,120,1.33121602687102e-06,496,2.692331189261699e-05,3,4,adadelta,"{'neurons_per_layer_encoder': [36, 72, 144, 288], 'neurons_per_layer_decoder': [288, 144, 72]}",36,,"[288, 144, 72]","[36, 72, 144, 288]",[-0.41457802749887507],0.626277728069938,COMPLETE
14,-0.043060900126868695,2025-05-07 07:44:30.354267,2025-05-07 07:44:53.354236,0 days 00:00:22.999969,0.024136506635135484,128,0.2,80,200,1.3833156296562411e-06,2388,1.0678080808709145e-05,3,5,sgd,"{'neurons_per_layer_encoder': [80, 160, 320, 640, 1280], 'neurons_per_layer_decoder': [1280, 640, 320]}",80,,"[1280, 640, 320]","[80, 160, 320, 640, 1280]",[-0.043060900126868695],0.6503427106180389,COMPLETE
15,-0.9103771193943595,2025-05-07 07:44:30.673283,2025-05-07 07:44:35.157778,0 days 00:00:04.484495,0.022630383183726382,128,0.2,144,200,0.0009439131896400448,458,1.3435661546255164e-05,4,2,sgd,"{'neurons_per_layer_encoder': [144, 288], 'neurons_per_layer_decoder': [288, 144, 72, 36]}",144,,"[288, 144, 72, 36]","[144, 288]",[-0.9103771193943595],0.9536345696435472,COMPLETE
16,-0.6104099870629658,2025-05-07 07:44:35.172002,2025-05-07 07:44:44.574914,0 days 00:00:09.402912,0.1062760529993561,128,0.30000000000000004,96,160,6.198038050839968e-05,2914,6.072299580442341e-05,4,5,sgd,"{'neurons_per_layer_encoder': [96, 192, 384, 768, 1536], 'neurons_per_layer_decoder': [1536, 768, 384, 192]}",96,,"[1536, 768, 384, 192]","[96, 192, 384, 768, 1536]",[-0.6104099870629658],0.9121291084454523,COMPLETE
17,-0.01276913297233584,2025-05-07 07:44:39.209150,2025-05-07 07:45:05.592138,0 days 00:00:26.382988,0.01738002015456631,128,0.30000000000000004,100,160,0.00011190838234655962,3177,0.0012447889660279227,4,5,sgd,"{'neurons_per_layer_encoder': [100, 200, 400, 800, 1600], 'neurons_per_layer_decoder': [1600, 800, 400, 200]}",100,,"[1600, 800, 400, 200]","[100, 200, 400, 800, 1600]",[-0.01276913297233584],0.9671740190311813,COMPLETE
18,-0.645517460000675,2025-05-07 07:44:42.814088,2025-05-07 07:44:45.738965,0 days 00:00:02.924877,0.019510515627233344,56,0.30000000000000004,92,180,6.703769554649833e-05,213,0.0012224874340566205,4,2,sgd,"{'neurons_per_layer_encoder': [92, 184], 'neurons_per_layer_decoder': [184, 92, 46, 23]}",92,,"[184, 92, 46, 23]","[92, 184]",[-0.645517460000675],0.6515064262992023,COMPLETE
19,-0.5420741308547188,2025-05-07 07:44:44.585139,2025-05-07 07:44:47.825926,0 days 00:00:03.240787,0.020241084859247135,56,0.30000000000000004,176,180,6.798674015039497e-06,591,0.0012800734008253402,4,2,sgd,"{'neurons_per_layer_encoder': [176, 352], 'neurons_per_layer_decoder': [352, 176, 88, 44]}",176,,"[352, 176, 88, 44]","[176, 352]",[-0.5420741308547188],0.5361909838012187,COMPLETE
20,-2.6506425217673883,2025-05-07 07:44:45.749040,2025-05-07 07:44:53.247206,0 days 00:00:07.498166,0.027742055596379097,80,0.2,180,180,9.959411666583039e-06,2435,0.009982860146620445,3,4,adam,"{'neurons_per_layer_encoder': [180, 360, 720, 1440], 'neurons_per_layer_decoder': [1440, 720, 360]}",180,,"[1440, 720, 360]","[180, 360, 720, 1440]",[-2.6506425217673883],0.522456526925353,COMPLETE
21,-0.5371929422962907,2025-05-07 07:44:47.836645,2025-05-07 07:44:59.707699,0 days 00:00:11.871054,0.02992102740411862,80,0.2,120,160,0.00022439088997820467,1148,0.00011888231951153865,3,4,adam,"{'neurons_per_layer_encoder': [120, 240, 480, 960], 'neurons_per_layer_decoder': [960, 480, 240]}",120,,"[960, 480, 240]","[120, 240, 480, 960]",[-0.5371929422962907],0.9488226193677245,COMPLETE
22,-0.15067979981309132,2025-05-07 07:44:53.256134,2025-05-07 07:45:10.102670,0 days 00:00:16.846536,0.015102336751604778,112,0.30000000000000004,56,160,0.00016241728749494738,322,0.00010214443532023867,5,3,adam,"{'neurons_per_layer_encoder': [56, 112, 224], 'neurons_per_layer_decoder': [224, 112, 56, 28, 14]}",56,,"[224, 112, 56, 28, 14]","[56, 112, 224]",[-0.15067979981309132],0.8556073644498158,COMPLETE
23,-0.26442888361343053,2025-05-07 07:44:53.365355,2025-05-07 07:45:01.749409,0 days 00:00:08.384054,0.015041454976119252,112,0.30000000000000004,120,160,0.00023354091465343965,710,0.0001394260290354174,5,3,adam,"{'neurons_per_layer_encoder': [120, 240, 480], 'neurons_per_layer_decoder': [480, 240, 120, 60, 30]}",120,,"[480, 240, 120, 60, 30]","[120, 240, 480]",[-0.26442888361343053],0.9307794951915073,COMPLETE
24,-0.01306899196936584,2025-05-07 07:44:59.717928,2025-05-07 07:45:13.657355,0 days 00:00:13.939427,0.014926958042116398,112,0.30000000000000004,256,160,2.820763100682332e-05,1180,0.0007514412330146036,5,3,adam,"{'neurons_per_layer_encoder': [256, 512, 1024], 'neurons_per_layer_decoder': [1024, 512, 256, 128, 64]}",256,,"[1024, 512, 256, 128, 64]","[256, 512, 1024]",[-0.01306899196936584],0.793570633789433,COMPLETE
25,-0.13158866548214032,2025-05-07 07:45:01.769045,2025-05-07 07:46:19.582323,0 days 00:01:17.813278,0.09222470879464151,48,0.2,196,140,3.3018190999898963e-06,6143,4.029444040068787e-05,4,5,adadelta,"{'neurons_per_layer_encoder': [196, 392, 784, 1568, 3136], 'neurons_per_layer_decoder': [3136, 1568, 784, 392]}",196,,"[3136, 1568, 784, 392]","[196, 392, 784, 1568, 3136]",[-0.13158866548214032],0.7293892874898689,COMPLETE
26,-0.03833439274553663,2025-05-07 07:45:05.603531,2025-05-07 07:45:19.310511,0 days 00:00:13.706980,0.01418096822385163,112,0.30000000000000004,56,160,3.421488635812623e-05,1062,0.0025963668752023335,4,5,sgd,"{'neurons_per_layer_encoder': [56, 112, 224, 448, 896], 'neurons_per_layer_decoder': [896, 448, 224, 112]}",56,,"[896, 448, 224, 112]","[56, 112, 224, 448, 896]",[-0.03833439274553663],0.8536428399431641,COMPLETE
27,-0.029076183532722677,2025-05-07 07:45:10.114407,2025-05-07 07:45:39.239657,0 days 00:00:29.125250,0.01438724161051427,112,0.4,48,160,0.0004552160865496346,940,0.002775973861703234,4,5,sgd,"{'neurons_per_layer_encoder': [48, 96, 192, 384, 768], 'neurons_per_layer_decoder': [768, 384, 192, 96]}",48,,"[768, 384, 192, 96]","[48, 96, 192, 384, 768]",[-0.029076183532722677],0.9811281042086449,COMPLETE
28,-0.10678096301944695,2025-05-07 07:45:13.666972,2025-05-07 07:45:35.378964,0 days 00:00:21.711992,0.03594314681902005,48,0.4,112,140,0.00047764295643976584,3194,0.0026771574640184433,4,5,sgd,"{'neurons_per_layer_encoder': [112, 224, 448, 896, 1792], 'neurons_per_layer_decoder': [1792, 896, 448, 224]}",112,,"[1792, 896, 448, 224]","[112, 224, 448, 896, 1792]",[-0.10678096301944695],0.991838791654545,COMPLETE
29,-0.0342871905783384,2025-05-07 07:45:19.320720,2025-05-07 07:45:41.434192,0 days 00:00:22.113472,0.035051144933455375,48,0.4,112,140,9.762305688762452e-05,3183,0.00186376557376087,4,5,sgd,"{'neurons_per_layer_encoder': [112, 224, 448, 896, 1792], 'neurons_per_layer_decoder': [1792, 896, 448, 224]}",112,,"[1792, 896, 448, 224]","[112, 224, 448, 896, 1792]",[-0.0342871905783384],0.9655005230344011,COMPLETE
30,0.10273180076206456,2025-05-07 07:45:35.388450,2025-05-07 07:45:57.211816,0 days 00:00:21.823366,0.06424777360535809,88,0.2,152,120,0.00010436524524697832,1823,0.0019017259778039937,4,4,sgd,"{'neurons_per_layer_encoder': [152, 304, 608, 1216], 'neurons_per_layer_decoder': [1216, 608, 304, 152]}",152,,"[1216, 608, 304, 152]","[152, 304, 608, 1216]",[0.10273180076206456],0.9576639605388856,COMPLETE
31,0.03787402556042685,2025-05-07 07:45:39.255278,2025-05-07 07:46:00.421922,0 days 00:00:21.166644,0.05896519304380749,88,0.2,152,120,0.0001087297596418847,1782,0.0006301870763088222,3,4,sgd,"{'neurons_per_layer_encoder': [152, 304, 608, 1216], 'neurons_per_layer_decoder': [1216, 608, 304]}",152,,"[1216, 608, 304]","[152, 304, 608, 1216]",[0.03787402556042685],0.9548253831181267,COMPLETE
32,-0.6343157270241087,2025-05-07 07:45:41.445053,2025-05-07 07:45:47.512042,0 days 00:00:06.066989,0.010422820056447346,96,0.2,164,120,2.5513822244689485e-05,1828,0.000605216719362499,3,4,sgd,"{'neurons_per_layer_encoder': [164, 328, 656, 1312], 'neurons_per_layer_decoder': [1312, 656, 328]}",164,,"[1312, 656, 328]","[164, 328, 656, 1312]",[-0.6343157270241087],0.8120567600898726,COMPLETE
33,-0.3808921271662955,2025-05-07 07:45:47.521562,2025-05-07 07:46:07.492490,0 days 00:00:19.970928,0.0831517263580266,120,0.1,136,100,7.629783107798789e-05,1554,0.00018589009204258365,2,4,adam,"{'neurons_per_layer_encoder': [136, 272, 544, 1088], 'neurons_per_layer_decoder': [1088, 544]}",136,,"[1088, 544]","[136, 272, 544, 1088]",[-0.3808921271662955],0.8705264110574362,COMPLETE
34,-0.5784596689627979,2025-05-07 07:45:57.245270,2025-05-07 07:46:17.705031,0 days 00:00:20.459761,0.07510883539911134,80,0.1,136,100,7.158902191326723e-05,1588,0.00019128532841350618,2,4,adam,"{'neurons_per_layer_encoder': [136, 272, 544, 1088], 'neurons_per_layer_decoder': [1088, 544]}",136,,"[1088, 544]","[136, 272, 544, 1088]",[-0.5784596689627979],0.8375677940993863,COMPLETE
35,-0.07348026770164684,2025-05-07 07:46:00.437411,2025-05-07 07:46:12.736158,0 days 00:00:12.298747,0.06848673023260306,80,0.1,136,100,4.712101965195543e-05,1671,0.0002300315312186676,2,4,sgd,"{'neurons_per_layer_encoder': [136, 272, 544, 1088], 'neurons_per_layer_decoder': [1088, 544]}",136,,"[1088, 544]","[136, 272, 544, 1088]",[-0.07348026770164684],0.881334112924899,COMPLETE
36,-0.05387299375191246,2025-05-07 07:46:07.518894,2025-05-07 07:46:21.075323,0 days 00:00:13.556429,0.05979851613012475,88,0.2,188,80,4.766401344930736e-05,2037,0.005910037251352703,2,4,sgd,"{'neurons_per_layer_encoder': [188, 376, 752, 1504], 'neurons_per_layer_decoder': [1504, 752]}",188,,"[1504, 752]","[188, 376, 752, 1504]",[-0.05387299375191246],0.9024835162163337,COMPLETE
37,-0.10084345645670023,2025-05-07 07:46:12.745263,2025-05-07 07:46:24.923570,0 days 00:00:12.178307,0.06033426743674517,88,0.2,196,120,0.00017449863659147252,2074,0.004881383817734479,3,4,sgd,"{'neurons_per_layer_encoder': [196, 392, 784, 1568], 'neurons_per_layer_decoder': [1568, 784, 392]}",196,,"[1568, 784, 392]","[196, 392, 784, 1568]",[-0.10084345645670023],0.9725838388886892,COMPLETE
38,-0.9559190268958042,2025-05-07 07:46:17.718260,2025-05-07 07:46:21.943681,0 days 00:00:04.225421,0.05434957973232567,88,0.2,160,120,0.00016822406669376812,1905,0.0003473585900766244,3,4,sgd,"{'neurons_per_layer_encoder': [160, 320, 640, 1280], 'neurons_per_layer_decoder': [1280, 640, 320]}",160,,"[1280, 640, 320]","[160, 320, 640, 1280]",[-0.9559190268958042],0.9432508644469747,COMPLETE
39,-0.0773114838997857,2025-05-07 07:46:19.604985,2025-05-07 07:46:30.886842,0 days 00:00:11.281857,0.05924084532314033,72,0.2,160,80,0.00017691466895751115,1904,0.005937364068168577,3,4,sgd,"{'neurons_per_layer_encoder': [160, 320, 640, 1280], 'neurons_per_layer_decoder': [1280, 640, 320]}",160,,"[1280, 640, 320]","[160, 320, 640, 1280]",[-0.0773114838997857],0.968378527839107,COMPLETE
40,-0.8182771858703823,2025-05-07 07:46:21.087033,2025-05-07 07:46:24.271911,0 days 00:00:03.184878,0.129353736378882,64,0.2,160,120,0.00017498700484213763,639,0.000354341514737958,3,2,sgd,"{'neurons_per_layer_encoder': [160, 320], 'neurons_per_layer_decoder': [320, 160, 80]}",160,,"[320, 160, 80]","[160, 320]",[-0.8182771858703823],0.8315755287618731,COMPLETE
41,-0.08208771009890481,2025-05-07 07:46:21.953958,2025-05-07 07:46:29.706934,0 days 00:00:07.752976,0.15075658230674754,64,0.2,220,120,0.0002704578213865683,627,0.0043233714599978336,3,2,sgd,"{'neurons_per_layer_encoder': [220, 440], 'neurons_per_layer_decoder': [440, 220, 110]}",220,,"[440, 220, 110]","[220, 440]",[-0.08208771009890481],0.9335691108133323,COMPLETE
42,-0.08855786974878721,2025-05-07 07:46:24.281188,2025-05-07 07:46:34.517723,0 days 00:00:10.236535,0.04399765067123818,72,0.2,216,80,1.8978738011824925e-05,1369,0.0007634320691768092,5,3,sgd,"{'neurons_per_layer_encoder': [216, 432, 864], 'neurons_per_layer_decoder': [864, 432, 216, 108, 54]}",216,,"[864, 432, 216, 108, 54]","[216, 432, 864]",[-0.08855786974878721],0.8061713356005029,COMPLETE
43,-0.8964636553926115,2025-05-07 07:46:24.935056,2025-05-07 07:46:46.294325,0 days 00:00:21.359269,0.04129053660718035,72,0.2,208,140,0.00033348587923267425,1297,0.001882300679161176,5,3,adam,"{'neurons_per_layer_encoder': [208, 416, 832], 'neurons_per_layer_decoder': [832, 416, 208, 104, 52]}",208,,"[832, 416, 208, 104, 52]","[208, 416, 832]",[-0.8964636553926115],-0.13261044367237487,COMPLETE
44,-0.29510111189274424,2025-05-07 07:46:29.717599,2025-05-07 07:46:44.081133,0 days 00:00:14.363534,0.042299271199584224,72,0.1,236,80,0.0007364801107521004,1431,0.0017145306490521954,5,3,adam,"{'neurons_per_layer_encoder': [236, 472, 944], 'neurons_per_layer_decoder': [944, 472, 236, 118, 59]}",236,,"[944, 472, 236, 118, 59]","[236, 472, 944]",[-0.29510111189274424],0.33767904742667987,COMPLETE
45,-0.5842136625841023,2025-05-07 07:46:30.898634,2025-05-07 07:46:35.918630,0 days 00:00:05.019996,0.04220483221225433,104,0.30000000000000004,100,140,0.00010820973151603402,2268,0.001737605130368889,4,5,sgd,"{'neurons_per_layer_encoder': [100, 200, 400, 800, 1600], 'neurons_per_layer_decoder': [1600, 800, 400, 200]}",100,,"[1600, 800, 400, 200]","[100, 200, 400, 800, 1600]",[-0.5842136625841023],0.9461163132835303,COMPLETE
46,-0.002904760846047516,2025-05-07 07:46:34.533494,2025-05-07 07:46:46.353573,0 days 00:00:11.820079,0.011901911689080884,104,0.30000000000000004,76,180,0.00011068394423000801,1755,0.001559396439739725,4,5,sgd,"{'neurons_per_layer_encoder': [76, 152, 304, 608, 1216], 'neurons_per_layer_decoder': [1216, 608, 304, 152]}",76,,"[1216, 608, 304, 152]","[76, 152, 304, 608, 1216]",[-0.002904760846047516],0.9568553694859618,COMPLETE
47,-0.07059526821112527,2025-05-07 07:46:35.928782,2025-05-07 07:47:04.870278,0 days 00:00:28.941496,0.011995675105237,120,0.4,68,180,0.0003581224091411618,1739,0.001646892976792766,4,5,adam,"{'neurons_per_layer_encoder': [68, 136, 272, 544, 1088], 'neurons_per_layer_decoder': [1088, 544, 272, 136]}",68,,"[1088, 544, 272, 136]","[68, 136, 272, 544, 1088]",[-0.07059526821112527],0.9123661034403628,COMPLETE
48,-0.08023654821171977,2025-05-07 07:46:44.114407,2025-05-07 07:47:06.935502,0 days 00:00:22.821095,0.012762289139501023,120,0.4,76,140,0.0003270839772944696,1784,0.0010617826150996496,4,5,adadelta,"{'neurons_per_layer_encoder': [76, 152, 304, 608, 1216], 'neurons_per_layer_decoder': [1216, 608, 304, 152]}",76,,"[1216, 608, 304, 152]","[76, 152, 304, 608, 1216]",[-0.08023654821171977],0.983062957697127,COMPLETE
49,-0.6635741429550095,2025-05-07 07:46:46.310526,2025-05-07 07:46:54.408262,0 days 00:00:08.097736,0.012660677371444393,120,0.4,80,180,0.0001273406476866257,1785,0.0010587370714425235,4,5,adadelta,"{'neurons_per_layer_encoder': [80, 160, 320, 640, 1280], 'neurons_per_layer_decoder': [1280, 640, 320, 160]}",80,,"[1280, 640, 320, 160]","[80, 160, 320, 640, 1280]",[-0.6635741429550095],0.9422364257951402,COMPLETE
50,-0.6346686570007385,2025-05-07 07:46:46.370081,2025-05-07 07:46:55.962668,0 days 00:00:09.592587,0.012770689699554619,104,0.4,76,180,0.0003658760268184657,1773,0.0005066545674990161,4,5,adadelta,"{'neurons_per_layer_encoder': [76, 152, 304, 608, 1216], 'neurons_per_layer_decoder': [1216, 608, 304, 152]}",76,,"[1216, 608, 304, 152]","[76, 152, 304, 608, 1216]",[-0.6346686570007385],0.9770328159225297,COMPLETE
51,-0.38858855552895055,2025-05-07 07:46:54.427340,2025-05-07 07:47:12.984747,0 days 00:00:18.557407,0.09338412856065771,104,0.4,76,200,3.989971924975627e-05,1721,0.0006485334852624364,4,5,sgd,"{'neurons_per_layer_encoder': [76, 152, 304, 608, 1216], 'neurons_per_layer_decoder': [1216, 608, 304, 152]}",76,,"[1216, 608, 304, 152]","[76, 152, 304, 608, 1216]",[-0.38858855552895055],0.8666640157121108,COMPLETE
