number,value,datetime_start,datetime_complete,duration,params_alpha,params_batch_size,params_drop_out_rate,params_encoder_neurons_layer_1,params_epochs,params_lambda,params_latent_dim,params_learning_rate,params_num_layers_decoder,params_num_layers_encoder,params_optimizer,user_attrs_encoder_decoder_config,user_attrs_first_layer_neurons,user_attrs_model_summary,user_attrs_neurons_per_layer_decoder,user_attrs_neurons_per_layer_encoder,user_attrs_r2_feature_1,user_attrs_relative_deterioration,state
403,-0.0227027575490657,2025-05-07 08:17:25.929779,2025-05-07 08:17:28.570571,0 days 00:00:02.640792,0.021030892536094952,40,0.2,12,120,6.496182378765126e-06,33,0.0022834446305624303,3,2,adam,"{'neurons_per_layer_encoder': [12, 24], 'neurons_per_layer_decoder': [24, 12, 8]}",12,,"[24, 12, 8]","[12, 24]",[-0.0227027575490657],0.33886499806430603,COMPLETE
404,0.0005849139498276257,2025-05-07 08:17:26.670529,2025-05-07 08:17:29.220160,0 days 00:00:02.549631,0.013967527529956909,40,0.2,36,140,5.9747672656694645e-06,80,0.0017709588191566303,3,2,adam,"{'neurons_per_layer_encoder': [36, 72], 'neurons_per_layer_decoder': [72, 36, 18]}",36,,"[72, 36, 18]","[36, 72]",[0.0005849139498276257],0.22709165012107185,COMPLETE
405,-0.17122434319655544,2025-05-07 08:17:27.774570,2025-05-07 08:17:30.361140,0 days 00:00:02.586570,0.015101738275878707,40,0.2,36,140,5.677394485556408e-06,80,0.002440356066081775,3,2,adam,"{'neurons_per_layer_encoder': [36, 72], 'neurons_per_layer_decoder': [72, 36, 18]}",36,,"[72, 36, 18]","[36, 72]",[-0.17122434319655544],-0.34258188692954455,COMPLETE
406,0.07098466904655432,2025-05-07 08:17:28.236069,2025-05-07 08:17:31.604899,0 days 00:00:03.368830,0.017051002693183395,48,0.2,12,140,5.425585875294123e-06,33,0.0015715761917253202,3,2,adam,"{'neurons_per_layer_encoder': [12, 24], 'neurons_per_layer_decoder': [24, 12, 8]}",12,,"[24, 12, 8]","[12, 24]",[0.07098466904655432],0.333029287299173,COMPLETE
407,-0.8392051358738253,2025-05-07 08:17:28.578533,2025-05-07 08:17:30.575484,0 days 00:00:01.996951,0.015717811060388012,48,0.2,36,140,4.817382533185136e-06,117,0.0018515515284286113,3,2,adadelta,"{'neurons_per_layer_encoder': [36, 72], 'neurons_per_layer_decoder': [72, 36, 18]}",36,,"[72, 36, 18]","[36, 72]",[-0.8392051358738253],0.46905408784004066,COMPLETE
408,-1.0620093242673292,2025-05-07 08:17:28.710717,2025-05-07 08:17:30.685336,0 days 00:00:01.974619,0.01724708842846946,48,0.2,8,140,5.046816588138622e-06,22,0.0017338655150591418,3,2,adadelta,"{'neurons_per_layer_encoder': [8, 16], 'neurons_per_layer_decoder': [16, 8, 8]}",8,,"[16, 8, 8]","[8, 16]",[-1.0620093242673292],0.5506462283360557,COMPLETE
409,-0.6867649640117044,2025-05-07 08:17:29.227778,2025-05-07 08:17:31.526976,0 days 00:00:02.299198,0.015547039037786184,56,0.2,8,140,5.109822231938083e-06,23,0.0019407655373102697,3,2,adadelta,"{'neurons_per_layer_encoder': [8, 16], 'neurons_per_layer_decoder': [16, 8, 8]}",8,,"[16, 8, 8]","[8, 16]",[-0.6867649640117044],0.48735000750019336,COMPLETE
410,-0.6452515670788901,2025-05-07 08:17:30.369778,2025-05-07 08:17:32.609511,0 days 00:00:02.239733,0.015324133593231802,56,0.2,12,140,4.4430024948979045e-06,35,0.0017400505907844773,3,2,adadelta,"{'neurons_per_layer_encoder': [12, 24], 'neurons_per_layer_decoder': [24, 12, 8]}",12,,"[24, 12, 8]","[12, 24]",[-0.6452515670788901],0.594005516666035,COMPLETE
411,0.33287853475757223,2025-05-07 08:17:30.583398,2025-05-07 08:17:34.337973,0 days 00:00:03.754575,0.017030652377429817,64,0.2,12,140,3.6992222186404526e-06,35,0.0025509823816141056,3,2,adam,"{'neurons_per_layer_encoder': [12, 24], 'neurons_per_layer_decoder': [24, 12, 8]}",12,,"[24, 12, 8]","[12, 24]",[0.33287853475757223],0.4488944888276622,COMPLETE
412,0.3249459510668319,2025-05-07 08:17:30.693158,2025-05-07 08:17:35.245223,0 days 00:00:04.552065,0.014741270267220571,56,0.2,12,140,4.464699111177356e-06,35,0.0026233324471083026,3,2,adam,"{'neurons_per_layer_encoder': [12, 24], 'neurons_per_layer_decoder': [24, 12, 8]}",12,,"[24, 12, 8]","[12, 24]",[0.3249459510668319],0.3490011136328554,COMPLETE
413,0.07073223261898276,2025-05-07 08:17:31.535114,2025-05-07 08:17:34.498782,0 days 00:00:02.963668,0.09818174356445615,56,0.1,12,120,3.6020321220720726e-06,28,0.002657298181100608,3,2,adam,"{'neurons_per_layer_encoder': [12, 24], 'neurons_per_layer_decoder': [24, 12, 8]}",12,,"[24, 12, 8]","[12, 24]",[0.07073223261898276],-0.11320254221437889,COMPLETE
414,-0.0980274237688803,2025-05-07 08:17:31.614214,2025-05-07 08:17:34.226139,0 days 00:00:02.611925,0.01461200384339173,32,0.2,20,140,3.289699246987872e-06,58,0.0027126122699886682,3,2,adam,"{'neurons_per_layer_encoder': [20, 40], 'neurons_per_layer_decoder': [40, 20, 10]}",20,,"[40, 20, 10]","[20, 40]",[-0.0980274237688803],0.10557935884924627,COMPLETE
415,0.11940330891764062,2025-05-07 08:17:32.617993,2025-05-07 08:17:35.659219,0 days 00:00:03.041226,0.014315071984694817,56,0.2,20,120,3.4589286255079504e-06,49,0.002624580783061046,3,2,adam,"{'neurons_per_layer_encoder': [20, 40], 'neurons_per_layer_decoder': [40, 20, 10]}",20,,"[40, 20, 10]","[20, 40]",[0.11940330891764062],0.27194081104934276,COMPLETE
416,0.020889064558566317,2025-05-07 08:17:34.234579,2025-05-07 08:17:37.745303,0 days 00:00:03.510724,0.02273225910616964,56,0.2,4,120,3.6633152357816382e-06,13,0.00263701751160805,3,2,adam,"{'neurons_per_layer_encoder': [4, 8], 'neurons_per_layer_decoder': [8, 8, 8]}",4,,"[8, 8, 8]","[4, 8]",[0.020889064558566317],0.434814769665266,COMPLETE
417,0.2591206414399866,2025-05-07 08:17:34.347093,2025-05-07 08:17:38.866706,0 days 00:00:04.519613,0.08145426798723086,56,0.2,4,120,4.6031871969622235e-06,13,0.0025652599130520145,3,2,adam,"{'neurons_per_layer_encoder': [4, 8], 'neurons_per_layer_decoder': [8, 8, 8]}",4,,"[8, 8, 8]","[4, 8]",[0.2591206414399866],0.49993420080241957,COMPLETE
418,-0.046660696623133546,2025-05-07 08:17:34.506456,2025-05-07 08:17:37.381249,0 days 00:00:02.874793,0.018368698760445328,64,0.2,4,140,4.718211086338783e-06,13,0.0024738539497062358,3,2,adam,"{'neurons_per_layer_encoder': [4, 8], 'neurons_per_layer_decoder': [8, 8, 8]}",4,,"[8, 8, 8]","[4, 8]",[-0.046660696623133546],0.41959399571248923,COMPLETE
419,-0.10723017135200585,2025-05-07 08:17:35.253621,2025-05-07 08:17:37.851339,0 days 00:00:02.597718,0.0164918457185872,56,0.2,20,140,3.938004278366501e-06,45,7.338062884099743e-05,3,2,adam,"{'neurons_per_layer_encoder': [20, 40], 'neurons_per_layer_decoder': [40, 20, 10]}",20,,"[40, 20, 10]","[20, 40]",[-0.10723017135200585],0.45302469998361106,COMPLETE
420,0.004464591518389072,2025-05-07 08:17:35.667091,2025-05-07 08:17:38.654031,0 days 00:00:02.986940,0.01666338067224418,56,0.2,4,140,3.8348681413474655e-06,12,0.00219007535740552,3,2,adam,"{'neurons_per_layer_encoder': [4, 8], 'neurons_per_layer_decoder': [8, 8, 8]}",4,,"[8, 8, 8]","[4, 8]",[0.004464591518389072],0.43434475205707634,COMPLETE
421,0.2825860010314343,2025-05-07 08:17:37.389352,2025-05-07 08:17:42.641869,0 days 00:00:05.252517,0.013988952259239728,56,0.2,28,140,3.075534718591028e-06,63,0.0020993126874072976,3,2,adam,"{'neurons_per_layer_encoder': [28, 56], 'neurons_per_layer_decoder': [56, 28, 14]}",28,,"[56, 28, 14]","[28, 56]",[0.2825860010314343],0.027750716104087438,COMPLETE
422,-0.10907741854375219,2025-05-07 08:17:37.754291,2025-05-07 08:17:40.779549,0 days 00:00:03.025258,0.01609497925658467,48,0.2,20,140,3.0358373581075118e-06,45,0.002146583463805268,3,2,adam,"{'neurons_per_layer_encoder': [20, 40], 'neurons_per_layer_decoder': [40, 20, 10]}",20,,"[40, 20, 10]","[20, 40]",[-0.10907741854375219],0.05221930421281645,COMPLETE
423,-0.032657545507230434,2025-05-07 08:17:37.863961,2025-05-07 08:17:40.794985,0 days 00:00:02.931024,0.012002459228879986,64,0.2,140,140,4.2421785471926915e-06,289,0.0020575368297761636,3,2,adam,"{'neurons_per_layer_encoder': [140, 280], 'neurons_per_layer_decoder': [280, 140, 70]}",140,,"[280, 140, 70]","[140, 280]",[-0.032657545507230434],-0.5653351831684784,COMPLETE
424,-0.0989995704859048,2025-05-07 08:17:38.661887,2025-05-07 08:17:41.364849,0 days 00:00:02.702962,0.014062219380499804,64,0.2,16,140,3.0760753277379055e-06,37,0.00206893085716324,3,2,adam,"{'neurons_per_layer_encoder': [16, 32], 'neurons_per_layer_decoder': [32, 16, 8]}",16,,"[32, 16, 8]","[16, 32]",[-0.0989995704859048],0.30376261265942023,COMPLETE
425,0.23447446901191127,2025-05-07 08:17:38.875140,2025-05-07 08:17:44.013865,0 days 00:00:05.138725,0.014647407312349158,64,0.2,28,140,8.12005486730194e-06,62,0.0005627680795124982,3,2,adam,"{'neurons_per_layer_encoder': [28, 56], 'neurons_per_layer_decoder': [56, 28, 14]}",28,,"[56, 28, 14]","[28, 56]",[0.23447446901191127],0.306624326511787,COMPLETE
426,0.03266392384003336,2025-05-07 08:17:40.802415,2025-05-07 08:17:43.324150,0 days 00:00:02.521735,0.014410498156581837,56,0.2,28,140,5.707044763813825e-06,62,0.002984755737473189,2,2,adam,"{'neurons_per_layer_encoder': [28, 56], 'neurons_per_layer_decoder': [56, 28]}",28,,"[56, 28]","[28, 56]",[0.03266392384003336],-0.31160866353809846,COMPLETE
427,-0.06381486069490161,2025-05-07 08:17:40.810500,2025-05-07 08:17:43.124769,0 days 00:00:02.314269,0.013685316636402508,56,0.2,28,140,6.487305260926533e-06,65,0.0013807919018821075,2,2,adam,"{'neurons_per_layer_encoder': [28, 56], 'neurons_per_layer_decoder': [56, 28]}",28,,"[56, 28]","[28, 56]",[-0.06381486069490161],-0.013381951457055464,COMPLETE
428,-0.047394904644326274,2025-05-07 08:17:41.372445,2025-05-07 08:17:43.462325,0 days 00:00:02.089880,0.07328014318919743,56,0.2,12,140,4.168446057698795e-06,35,0.0029803056380015365,3,2,sgd,"{'neurons_per_layer_encoder': [12, 24], 'neurons_per_layer_decoder': [24, 12, 8]}",12,,"[24, 12, 8]","[12, 24]",[-0.047394904644326274],0.6196717030911406,COMPLETE
429,-0.3138741738379691,2025-05-07 08:17:42.650775,2025-05-07 08:17:44.626022,0 days 00:00:01.975247,0.0144965858463462,56,0.2,24,140,2.898126464152635e-06,54,0.0005417172152319955,2,2,sgd,"{'neurons_per_layer_encoder': [24, 48], 'neurons_per_layer_decoder': [48, 24]}",24,,"[48, 24]","[24, 48]",[-0.3138741738379691],0.6421973853242434,COMPLETE
430,-0.5775293584451948,2025-05-07 08:17:43.132324,2025-05-07 08:17:44.586334,0 days 00:00:01.454010,0.015064415866768006,56,0.30000000000000004,32,140,3.207807896623725e-06,265,0.0017122233765264482,3,4,sgd,"{'neurons_per_layer_encoder': [32, 64, 128, 256], 'neurons_per_layer_decoder': [256, 128, 64]}",32,,"[256, 128, 64]","[32, 64, 128, 256]",[-0.5775293584451948],0.6122762395015269,COMPLETE
431,-0.569060065236084,2025-05-07 08:17:43.331905,2025-05-07 08:17:45.473900,0 days 00:00:02.141995,0.013009208831845729,48,0.2,28,140,3.1947688689639794e-06,332,0.0019773075559772007,3,4,sgd,"{'neurons_per_layer_encoder': [28, 56, 112, 224], 'neurons_per_layer_decoder': [224, 112, 56]}",28,,"[224, 112, 56]","[28, 56, 112, 224]",[-0.569060065236084],0.47252359419956025,COMPLETE
432,0.05638981587460301,2025-05-07 08:17:43.470908,2025-05-07 08:17:47.026423,0 days 00:00:03.555515,0.014730284128187533,48,0.2,28,140,2.6940608025808385e-06,354,0.0016910912855468024,3,4,adam,"{'neurons_per_layer_encoder': [28, 56, 112, 224], 'neurons_per_layer_decoder': [224, 112, 56]}",28,,"[224, 112, 56]","[28, 56, 112, 224]",[0.05638981587460301],0.173741398215876,COMPLETE
433,-0.11234608088380194,2025-05-07 08:17:44.023210,2025-05-07 08:17:47.517583,0 days 00:00:03.494373,0.013451352894815636,56,0.2,24,140,3.260922968521302e-06,203,0.0019236674717423977,3,4,adam,"{'neurons_per_layer_encoder': [24, 48, 96, 192], 'neurons_per_layer_decoder': [192, 96, 48]}",24,,"[192, 96, 48]","[24, 48, 96, 192]",[-0.11234608088380194],0.07989769972263094,COMPLETE
434,0.03952691358471305,2025-05-07 08:17:44.594060,2025-05-07 08:17:47.336484,0 days 00:00:02.742424,0.01736778296339215,48,0.2,24,80,3.5953626848161045e-06,60,0.002044602745417499,3,2,adam,"{'neurons_per_layer_encoder': [24, 48], 'neurons_per_layer_decoder': [48, 24, 12]}",24,,"[48, 24, 12]","[24, 48]",[0.03952691358471305],0.3157286532446934,COMPLETE
435,0.129550406333252,2025-05-07 08:17:44.635585,2025-05-07 08:17:47.922288,0 days 00:00:03.286703,0.01358458161870577,48,0.2,44,140,2.649030462152598e-06,97,0.0019779110329703354,3,2,adam,"{'neurons_per_layer_encoder': [44, 88], 'neurons_per_layer_decoder': [88, 44, 22]}",44,,"[88, 44, 22]","[44, 88]",[0.129550406333252],-0.049161149898963474,COMPLETE
436,0.21053033443247304,2025-05-07 08:17:45.482233,2025-05-07 08:17:49.004436,0 days 00:00:03.522203,0.017292791485297932,48,0.2,20,140,2.6825626607752033e-06,51,0.0023134216243120803,3,2,adam,"{'neurons_per_layer_encoder': [20, 40], 'neurons_per_layer_decoder': [40, 20, 10]}",20,,"[40, 20, 10]","[20, 40]",[0.21053033443247304],0.23180206538387185,COMPLETE
437,0.14514594524372437,2025-05-07 08:17:47.034634,2025-05-07 08:17:50.092868,0 days 00:00:03.058234,0.05840155730659057,56,0.2,20,200,2.408261675611912e-06,45,0.0023341514277512992,3,2,adam,"{'neurons_per_layer_encoder': [20, 40], 'neurons_per_layer_decoder': [40, 20, 10]}",20,,"[40, 20, 10]","[20, 40]",[0.14514594524372437],0.1310298650372156,COMPLETE
438,0.3741414084762936,2025-05-07 08:17:47.344554,2025-05-07 08:17:53.141757,0 days 00:00:05.797203,0.013132348950121307,56,0.2,16,200,2.4896118928320297e-06,36,0.002368538152106413,3,2,adam,"{'neurons_per_layer_encoder': [16, 32], 'neurons_per_layer_decoder': [32, 16, 8]}",16,,"[32, 16, 8]","[16, 32]",[0.3741414084762936],0.3086413119197216,COMPLETE
439,-0.00605366395456608,2025-05-07 08:17:47.526243,2025-05-07 08:17:50.025379,0 days 00:00:02.499136,0.10523641218638384,64,0.2,16,200,2.315095621910277e-06,40,0.007983530157157763,3,2,adam,"{'neurons_per_layer_encoder': [16, 32], 'neurons_per_layer_decoder': [32, 16, 8]}",16,,"[32, 16, 8]","[16, 32]",[-0.00605366395456608],0.006704253035724176,COMPLETE
440,-0.9777279743748348,2025-05-07 08:17:47.930557,2025-05-07 08:17:50.076689,0 days 00:00:02.146132,0.012251724502439455,56,0.2,16,200,2.4018917538353793e-06,51,0.0002199863863269239,3,2,adam,"{'neurons_per_layer_encoder': [16, 32], 'neurons_per_layer_decoder': [32, 16, 8]}",16,,"[32, 16, 8]","[16, 32]",[-0.9777279743748348],0.47794903467632305,COMPLETE
441,-0.6417929084069176,2025-05-07 08:17:49.013275,2025-05-07 08:17:51.341972,0 days 00:00:02.328697,0.012401898956622104,72,0.2,16,200,2.3960820466115782e-06,37,0.008459273234340755,3,2,adam,"{'neurons_per_layer_encoder': [16, 32], 'neurons_per_layer_decoder': [32, 16, 8]}",16,,"[32, 16, 8]","[16, 32]",[-0.6417929084069176],-0.6610164048651997,COMPLETE
442,0.27148025161852285,2025-05-07 08:17:50.033223,2025-05-07 08:17:52.819480,0 days 00:00:02.786257,0.018589258148577828,72,0.2,16,200,4.778144881518338e-06,37,0.003394392975179025,3,2,adam,"{'neurons_per_layer_encoder': [16, 32], 'neurons_per_layer_decoder': [32, 16, 8]}",16,,"[32, 16, 8]","[16, 32]",[0.27148025161852285],0.347078566829451,COMPLETE
443,0.20033257823747952,2025-05-07 08:17:50.107165,2025-05-07 08:17:54.165171,0 days 00:00:04.058006,0.01876445649348035,72,0.2,12,140,0.00019380019367813388,35,0.003136552434574476,3,2,adam,"{'neurons_per_layer_encoder': [12, 24], 'neurons_per_layer_decoder': [24, 12, 8]}",12,,"[24, 12, 8]","[12, 24]",[0.20033257823747952],0.43238501637337007,COMPLETE
444,-0.6709556748394625,2025-05-07 08:17:50.111064,2025-05-07 08:17:53.169474,0 days 00:00:03.058410,0.018801701568902617,64,0.2,12,140,4.163755988950935e-06,201,0.0032038143610607366,3,5,adam,"{'neurons_per_layer_encoder': [12, 24, 48, 96, 192], 'neurons_per_layer_decoder': [192, 96, 48]}",12,,"[192, 96, 48]","[12, 24, 48, 96, 192]",[-0.6709556748394625],-0.17066438706139517,COMPLETE
445,0.3081818007250875,2025-05-07 08:17:51.350425,2025-05-07 08:17:56.620074,0 days 00:00:05.269649,0.018560961129344956,64,0.2,12,140,2.0190494088867135e-05,35,0.0031655208176023263,3,2,adam,"{'neurons_per_layer_encoder': [12, 24], 'neurons_per_layer_decoder': [24, 12, 8]}",12,,"[24, 12, 8]","[12, 24]",[0.3081818007250875],0.4141116194627216,COMPLETE
446,-0.21710409955576093,2025-05-07 08:17:52.827554,2025-05-07 08:17:55.885524,0 days 00:00:03.057970,0.016064591954434434,64,0.2,12,140,4.210857820244305e-06,201,0.002968809433204848,3,5,adam,"{'neurons_per_layer_encoder': [12, 24, 48, 96, 192], 'neurons_per_layer_decoder': [192, 96, 48]}",12,,"[192, 96, 48]","[12, 24, 48, 96, 192]",[-0.21710409955576093],0.25404183059714425,COMPLETE
447,0.12003522512484588,2025-05-07 08:17:53.150618,2025-05-07 08:17:57.859544,0 days 00:00:04.708926,0.013004213435041712,64,0.2,8,180,2.035281200756849e-06,137,0.0028643911964041048,3,5,adam,"{'neurons_per_layer_encoder': [8, 16, 32, 64, 128], 'neurons_per_layer_decoder': [128, 64, 32]}",8,,"[128, 64, 32]","[8, 16, 32, 64, 128]",[0.12003522512484588],0.3336934176929531,COMPLETE
448,0.14869853134213684,2025-05-07 08:17:53.182357,2025-05-07 08:17:57.933579,0 days 00:00:04.751222,0.012597178394692793,80,0.2,8,200,1.9764462039797345e-06,28,0.003028238998362879,3,2,adam,"{'neurons_per_layer_encoder': [8, 16], 'neurons_per_layer_decoder': [16, 8, 8]}",8,,"[16, 8, 8]","[8, 16]",[0.14869853134213684],0.34995644134201664,COMPLETE
449,0.34368799822351825,2025-05-07 08:17:54.173210,2025-05-07 08:18:00.057601,0 days 00:00:05.884391,0.011498258448260575,64,0.2,8,200,8.043479750924412e-05,21,0.0027859579890631226,3,2,adam,"{'neurons_per_layer_encoder': [8, 16], 'neurons_per_layer_decoder': [16, 8, 8]}",8,,"[16, 8, 8]","[8, 16]",[0.34368799822351825],0.5242584524006415,COMPLETE
450,0.12964666355001275,2025-05-07 08:17:55.893565,2025-05-07 08:18:01.334662,0 days 00:00:05.441097,0.01258705496470926,104,0.2,8,180,1.606813918388279e-05,21,0.0023908941531269293,3,2,adam,"{'neurons_per_layer_encoder': [8, 16], 'neurons_per_layer_decoder': [16, 8, 8]}",8,,"[16, 8, 8]","[8, 16]",[0.12964666355001275],0.23398040473029189,COMPLETE
451,-0.5559313939013872,2025-05-07 08:17:56.628599,2025-05-07 08:17:58.782429,0 days 00:00:02.153830,0.01102650403281809,80,0.2,224,200,2.1578772784541168e-05,457,1.119689108598299e-05,3,2,adam,"{'neurons_per_layer_encoder': [224, 448], 'neurons_per_layer_decoder': [448, 224, 112]}",224,,"[448, 224, 112]","[224, 448]",[-0.5559313939013872],0.7512033772947276,COMPLETE
452,0.18807411419824072,2025-05-07 08:17:57.867376,2025-05-07 08:18:03.243943,0 days 00:00:05.376567,0.010673480551206664,80,0.2,8,180,1.522850108025971e-05,26,0.003652655872861232,3,2,adam,"{'neurons_per_layer_encoder': [8, 16], 'neurons_per_layer_decoder': [16, 8, 8]}",8,,"[16, 8, 8]","[8, 16]",[0.18807411419824072],0.3255672600364044,COMPLETE
453,0.22217381902906275,2025-05-07 08:17:57.942063,2025-05-07 08:18:03.809815,0 days 00:00:05.867752,0.011002259045466761,104,0.2,4,200,4.083866479094311e-05,15,0.0036402495681832387,3,2,adam,"{'neurons_per_layer_encoder': [4, 8], 'neurons_per_layer_decoder': [8, 8, 8]}",4,,"[8, 8, 8]","[4, 8]",[0.22217381902906275],0.49697756485686634,COMPLETE
454,0.270177192899545,2025-05-07 08:17:58.790389,2025-05-07 08:18:04.381571,0 days 00:00:05.591182,0.020271335684426812,16,0.2,4,200,1.938317472755866e-05,15,0.0035705351496650686,3,2,adam,"{'neurons_per_layer_encoder': [4, 8], 'neurons_per_layer_decoder': [8, 8, 8]}",4,,"[8, 8, 8]","[4, 8]",[0.270177192899545],0.4132643474024913,COMPLETE
455,0.15370640033106364,2025-05-07 08:18:00.065993,2025-05-07 08:18:06.130164,0 days 00:00:06.064171,0.01953056324334759,64,0.2,60,200,7.946077082381746e-05,129,0.0036830255183035814,3,2,adam,"{'neurons_per_layer_encoder': [60, 120], 'neurons_per_layer_decoder': [120, 60, 30]}",60,,"[120, 60, 30]","[60, 120]",[0.15370640033106364],0.07471751468061158,COMPLETE
456,-0.04806996151787013,2025-05-07 08:18:01.343250,2025-05-07 08:18:04.237678,0 days 00:00:02.894428,0.01091140085823697,64,0.2,4,200,8.277568674695065e-05,15,0.0036608689517071075,3,2,adam,"{'neurons_per_layer_encoder': [4, 8], 'neurons_per_layer_decoder': [8, 8, 8]}",4,,"[8, 8, 8]","[4, 8]",[-0.04806996151787013],0.500400528095102,COMPLETE
457,-0.03225661668512525,2025-05-07 08:18:03.252087,2025-05-07 08:18:05.910647,0 days 00:00:02.658560,0.020044763297934188,64,0.2,4,200,9.342008369056188e-05,15,0.002673437359262438,3,2,adam,"{'neurons_per_layer_encoder': [4, 8], 'neurons_per_layer_decoder': [8, 8, 8]}",4,,"[8, 8, 8]","[4, 8]",[-0.03225661668512525],0.3054614452276906,COMPLETE
458,0.005874357253197071,2025-05-07 08:18:03.818396,2025-05-07 08:18:07.127846,0 days 00:00:03.309450,0.019773354660801462,64,0.2,4,200,6.019017057302727e-05,10,0.0027606062582017023,3,2,adam,"{'neurons_per_layer_encoder': [4, 8], 'neurons_per_layer_decoder': [8, 8, 8]}",4,,"[8, 8, 8]","[4, 8]",[0.005874357253197071],0.4463999737311903,COMPLETE
459,0.1474562425942687,2025-05-07 08:18:04.245467,2025-05-07 08:18:08.619496,0 days 00:00:04.374029,0.010280630766134566,64,0.2,4,180,0.00013876153318420127,10,0.002689522673266421,3,2,adam,"{'neurons_per_layer_encoder': [4, 8], 'neurons_per_layer_decoder': [8, 8, 8]}",4,,"[8, 8, 8]","[4, 8]",[0.1474562425942687],0.4965661016406447,COMPLETE
460,0.24613692589797476,2025-05-07 08:18:04.389929,2025-05-07 08:18:07.456453,0 days 00:00:03.066524,0.01945982570311356,64,0.2,12,200,9.712285826537932e-05,35,0.002618563077832282,3,2,adam,"{'neurons_per_layer_encoder': [12, 24], 'neurons_per_layer_decoder': [24, 12, 8]}",12,,"[24, 12, 8]","[12, 24]",[0.24613692589797476],0.5425526715393062,COMPLETE
461,0.023158013122401733,2025-05-07 08:18:05.918734,2025-05-07 08:18:09.528363,0 days 00:00:03.609629,0.017804092237476723,72,0.2,12,200,0.00014978557490022445,35,0.004722802977729483,3,2,adam,"{'neurons_per_layer_encoder': [12, 24], 'neurons_per_layer_decoder': [24, 12, 8]}",12,,"[24, 12, 8]","[12, 24]",[0.023158013122401733],0.25470907808060295,COMPLETE
462,0.10211137001964132,2025-05-07 08:18:06.139082,2025-05-07 08:18:08.799626,0 days 00:00:02.660544,0.02191791786425346,72,0.2,12,200,5.983704306271429e-06,35,0.00468693406573764,3,2,adam,"{'neurons_per_layer_encoder': [12, 24], 'neurons_per_layer_decoder': [24, 12, 8]}",12,,"[24, 12, 8]","[12, 24]",[0.10211137001964132],0.2624855203665252,COMPLETE
