number,value,datetime_start,datetime_complete,duration,params_alpha,params_batch_size,params_drop_out_rate,params_encoder_neurons_layer_1,params_epochs,params_lambda,params_latent_dim,params_learning_rate,params_num_layers_decoder,params_num_layers_encoder,params_optimizer,user_attrs_encoder_decoder_config,user_attrs_first_layer_neurons,user_attrs_model_summary,user_attrs_neurons_per_layer_decoder,user_attrs_neurons_per_layer_encoder,user_attrs_r2_feature_1,user_attrs_relative_deterioration,state
283,0.0394150710589497,2025-05-07 08:15:54.741046,2025-05-07 08:16:00.040826,0 days 00:00:05.299780,0.018467431447181448,96,0.2,8,180,1.0121273569573856e-06,30,0.0038851930397607007,3,2,adam,"{'neurons_per_layer_encoder': [8, 16], 'neurons_per_layer_decoder': [16, 8, 8]}",8,,"[16, 8, 8]","[8, 16]",[0.0394150710589497],0.18716116208588696,COMPLETE
284,-0.030312877336450272,2025-05-07 08:15:56.269070,2025-05-07 08:15:59.357950,0 days 00:00:03.088880,0.01855943486886346,96,0.2,8,180,1.0336997688130885e-06,30,0.004343114663610388,3,2,adam,"{'neurons_per_layer_encoder': [8, 16], 'neurons_per_layer_decoder': [16, 8, 8]}",8,,"[16, 8, 8]","[8, 16]",[-0.030312877336450272],0.15872356955815456,COMPLETE
285,0.30794961643597407,2025-05-07 08:15:56.798241,2025-05-07 08:16:02.919411,0 days 00:00:06.121170,0.01759147839877204,96,0.2,12,180,1.01403441298266e-06,34,0.0036752016036448896,3,2,adam,"{'neurons_per_layer_encoder': [12, 24], 'neurons_per_layer_decoder': [24, 12, 8]}",12,,"[24, 12, 8]","[12, 24]",[0.30794961643597407],0.21171892319422514,COMPLETE
286,0.2552333037577409,2025-05-07 08:15:56.814956,2025-05-07 08:16:02.820481,0 days 00:00:06.005525,0.017843654069360226,96,0.2,12,180,1.104708915195445e-06,34,0.004565113894151677,3,2,adam,"{'neurons_per_layer_encoder': [12, 24], 'neurons_per_layer_decoder': [24, 12, 8]}",12,,"[24, 12, 8]","[12, 24]",[0.2552333037577409],0.10165668717821977,COMPLETE
287,0.09484277606350622,2025-05-07 08:15:59.163467,2025-05-07 08:16:02.114650,0 days 00:00:02.951183,0.025621001952512035,104,0.2,12,180,1.1266245773182386e-06,34,0.004176670337275854,3,2,adam,"{'neurons_per_layer_encoder': [12, 24], 'neurons_per_layer_decoder': [24, 12, 8]}",12,,"[24, 12, 8]","[12, 24]",[0.09484277606350622],0.31340041753063824,COMPLETE
288,-1.0134603861753204,2025-05-07 08:15:59.366432,2025-05-07 08:16:00.504877,0 days 00:00:01.138445,0.017697115807440718,104,0.2,16,180,1.5164733452531745e-06,38,2.5983150722265914e-05,3,2,sgd,"{'neurons_per_layer_encoder': [16, 32], 'neurons_per_layer_decoder': [32, 16, 8]}",16,,"[32, 16, 8]","[16, 32]",[-1.0134603861753204],0.5139441611178764,COMPLETE
289,-0.19662431735128627,2025-05-07 08:16:00.048569,2025-05-07 08:16:05.422450,0 days 00:00:05.373881,0.025335462817128805,104,0.2,16,180,1.5360516502971188e-06,36,0.002967728709717055,3,2,sgd,"{'neurons_per_layer_encoder': [16, 32], 'neurons_per_layer_decoder': [32, 16, 8]}",16,,"[32, 16, 8]","[16, 32]",[-0.19662431735128627],0.5542571352746675,COMPLETE
290,0.11625034805939705,2025-05-07 08:16:00.513915,2025-05-07 08:16:04.168117,0 days 00:00:03.654202,0.026335365928939862,104,0.2,12,160,1.1681270087182638e-06,34,0.0029316934162960913,3,2,adam,"{'neurons_per_layer_encoder': [12, 24], 'neurons_per_layer_decoder': [24, 12, 8]}",12,,"[24, 12, 8]","[12, 24]",[0.11625034805939705],0.145123079547902,COMPLETE
291,0.18561745834737553,2025-05-07 08:16:02.123720,2025-05-07 08:16:06.939853,0 days 00:00:04.816133,0.024186352401450156,104,0.2,24,160,1.4625046799845967e-06,54,0.003151696207311731,3,2,adam,"{'neurons_per_layer_encoder': [24, 48], 'neurons_per_layer_decoder': [48, 24, 12]}",24,,"[48, 24, 12]","[24, 48]",[0.18561745834737553],-0.02273648844693579,COMPLETE
292,0.19555820898967413,2025-05-07 08:16:02.828805,2025-05-07 08:16:06.611748,0 days 00:00:03.782943,0.01720297425813715,96,0.2,24,180,1.175992018363528e-06,53,0.00290504280601839,3,2,adam,"{'neurons_per_layer_encoder': [24, 48], 'neurons_per_layer_decoder': [48, 24, 12]}",24,,"[48, 24, 12]","[24, 48]",[0.19555820898967413],0.11907473084202748,COMPLETE
293,-0.11987877836319072,2025-05-07 08:16:02.934963,2025-05-07 08:16:05.704021,0 days 00:00:02.769058,0.016173483484441968,96,0.2,20,180,1.1636575036279316e-06,47,0.0029306797968767485,3,2,adam,"{'neurons_per_layer_encoder': [20, 40], 'neurons_per_layer_decoder': [40, 20, 10]}",20,,"[40, 20, 10]","[20, 40]",[-0.11987877836319072],0.017124927849361878,COMPLETE
294,0.1885046763781837,2025-05-07 08:16:04.176144,2025-05-07 08:16:07.877839,0 days 00:00:03.701695,0.017823140295786136,96,0.2,24,180,1.158149130876352e-06,53,0.0031099561702860293,3,2,adam,"{'neurons_per_layer_encoder': [24, 48], 'neurons_per_layer_decoder': [48, 24, 12]}",24,,"[48, 24, 12]","[24, 48]",[0.1885046763781837],0.09687077966731354,COMPLETE
295,-0.009430292860139744,2025-05-07 08:16:05.430691,2025-05-07 08:16:08.387902,0 days 00:00:02.957211,0.016119230689911574,96,0.2,24,180,1.1276503048263528e-06,53,0.0033705813493983697,3,2,adam,"{'neurons_per_layer_encoder': [24, 48], 'neurons_per_layer_decoder': [48, 24, 12]}",24,,"[48, 24, 12]","[24, 48]",[-0.009430292860139744],0.022603305911191945,COMPLETE
296,0.1983050045826501,2025-05-07 08:16:05.711605,2025-05-07 08:16:09.395750,0 days 00:00:03.684145,0.01501729406619751,96,0.2,24,180,1.2300593073815618e-06,53,0.0033955519739511703,3,2,adam,"{'neurons_per_layer_encoder': [24, 48], 'neurons_per_layer_decoder': [48, 24, 12]}",24,,"[48, 24, 12]","[24, 48]",[0.1983050045826501],0.0088684244966256,COMPLETE
297,0.15863619655413952,2025-05-07 08:16:06.620098,2025-05-07 08:16:10.700233,0 days 00:00:04.080135,0.01997680285746768,96,0.2,24,180,1.3296648295453841e-06,53,0.0033728628690757054,3,2,adam,"{'neurons_per_layer_encoder': [24, 48], 'neurons_per_layer_decoder': [48, 24, 12]}",24,,"[48, 24, 12]","[24, 48]",[0.15863619655413952],-0.11482774063278192,COMPLETE
298,0.1565633677300564,2025-05-07 08:16:06.948983,2025-05-07 08:16:11.868478,0 days 00:00:04.919495,0.014764710272745547,96,0.2,16,180,1.2506993942113333e-06,36,0.003370125718163192,3,2,adam,"{'neurons_per_layer_encoder': [16, 32], 'neurons_per_layer_decoder': [32, 16, 8]}",16,,"[32, 16, 8]","[16, 32]",[0.1565633677300564],0.2273347181420977,COMPLETE
299,0.1898660847460183,2025-05-07 08:16:07.886212,2025-05-07 08:16:12.250867,0 days 00:00:04.364655,0.0203233109686503,96,0.2,16,180,1.3364789764648464e-06,36,0.0035033592964210606,3,2,adam,"{'neurons_per_layer_encoder': [16, 32], 'neurons_per_layer_decoder': [32, 16, 8]}",16,,"[32, 16, 8]","[16, 32]",[0.1898660847460183],0.2883178566508397,COMPLETE
300,0.24159848617141932,2025-05-07 08:16:08.397312,2025-05-07 08:16:12.272450,0 days 00:00:03.875138,0.01990039065278558,96,0.2,16,180,1.3330704238502063e-06,36,0.004436149591335759,3,2,adam,"{'neurons_per_layer_encoder': [16, 32], 'neurons_per_layer_decoder': [32, 16, 8]}",16,,"[32, 16, 8]","[16, 32]",[0.24159848617141932],0.15650924053022888,COMPLETE
301,0.21765327834799608,2025-05-07 08:16:09.404152,2025-05-07 08:16:13.907493,0 days 00:00:04.503341,0.02030176851866546,96,0.2,16,180,1.004393224150921e-06,36,0.0041601660827020655,3,2,adam,"{'neurons_per_layer_encoder': [16, 32], 'neurons_per_layer_decoder': [32, 16, 8]}",16,,"[32, 16, 8]","[16, 32]",[0.21765327834799608],0.2675220397581152,COMPLETE
302,0.12925862216733974,2025-05-07 08:16:10.708934,2025-05-07 08:16:14.709859,0 days 00:00:04.000925,0.013769289300126886,104,0.2,16,180,1.012792941379075e-06,36,0.004413189138693943,3,2,adam,"{'neurons_per_layer_encoder': [16, 32], 'neurons_per_layer_decoder': [32, 16, 8]}",16,,"[32, 16, 8]","[16, 32]",[0.12925862216733974],0.18685186580131016,COMPLETE
303,0.3203873877607267,2025-05-07 08:16:11.876374,2025-05-07 08:16:18.028390,0 days 00:00:06.152016,0.018507695732729597,104,0.2,12,180,1.0028153590621854e-06,34,0.004634714178562425,5,2,adam,"{'neurons_per_layer_encoder': [12, 24], 'neurons_per_layer_decoder': [24, 12, 8, 8, 8]}",12,,"[24, 12, 8, 8, 8]","[12, 24]",[0.3203873877607267],0.36049205105178267,COMPLETE
304,0.0018131316387997032,2025-05-07 08:16:12.259118,2025-05-07 08:16:15.168354,0 days 00:00:02.909236,0.01683957637979949,104,0.2,12,180,1.002764708688927e-06,34,0.004453532842497998,3,2,adam,"{'neurons_per_layer_encoder': [12, 24], 'neurons_per_layer_decoder': [24, 12, 8]}",12,,"[24, 12, 8]","[12, 24]",[0.0018131316387997032],0.23139092654515012,COMPLETE
305,0.12983872611382574,2025-05-07 08:16:12.288133,2025-05-07 08:16:16.376883,0 days 00:00:04.088750,0.017914437303674834,104,0.2,12,180,1.0996405907953293e-06,34,0.004360920448191081,3,2,adam,"{'neurons_per_layer_encoder': [12, 24], 'neurons_per_layer_decoder': [24, 12, 8]}",12,,"[24, 12, 8]","[12, 24]",[0.12983872611382574],0.14083575857826458,COMPLETE
306,-0.008122925482163978,2025-05-07 08:16:13.915988,2025-05-07 08:16:17.211975,0 days 00:00:03.295987,0.01678595498527359,104,0.2,8,160,1.1237069870388991e-06,29,0.0024314023572950014,3,2,adam,"{'neurons_per_layer_encoder': [8, 16], 'neurons_per_layer_decoder': [16, 8, 8]}",8,,"[16, 8, 8]","[8, 16]",[-0.008122925482163978],0.4680487863859297,COMPLETE
307,-0.9088440096283239,2025-05-07 08:16:14.719495,2025-05-07 08:16:16.767911,0 days 00:00:02.048416,0.019325889680638145,104,0.2,8,160,1.476762376858634e-06,20,0.0003855883523641415,3,2,adam,"{'neurons_per_layer_encoder': [8, 16], 'neurons_per_layer_decoder': [16, 8, 8]}",8,,"[16, 8, 8]","[8, 16]",[-0.9088440096283239],0.5815198101153289,COMPLETE
308,0.018805853703028008,2025-05-07 08:16:15.176792,2025-05-07 08:16:20.190723,0 days 00:00:05.013931,0.02218017261934941,104,0.2,8,160,1.5201263336571762e-06,29,0.0027203574705353573,5,2,adam,"{'neurons_per_layer_encoder': [8, 16], 'neurons_per_layer_decoder': [16, 8, 8, 8, 8]}",8,,"[16, 8, 8, 8, 8]","[8, 16]",[0.018805853703028008],0.39819543317506656,COMPLETE
309,0.17889898331543508,2025-05-07 08:16:16.385294,2025-05-07 08:16:22.155000,0 days 00:00:05.769706,0.01882565234372983,104,0.2,8,160,1.4659689631795674e-06,29,0.0025274208285525407,3,2,adam,"{'neurons_per_layer_encoder': [8, 16], 'neurons_per_layer_decoder': [16, 8, 8]}",8,,"[16, 8, 8]","[8, 16]",[0.17889898331543508],0.3701695902916336,COMPLETE
310,0.09898160941173195,2025-05-07 08:16:16.775320,2025-05-07 08:16:22.803447,0 days 00:00:06.028127,0.022615943970845105,104,0.2,4,160,1.3938299699634033e-06,8,0.002438578053749082,5,2,adam,"{'neurons_per_layer_encoder': [4, 8], 'neurons_per_layer_decoder': [8, 8, 8, 8, 8]}",4,,"[8, 8, 8, 8, 8]","[4, 8]",[0.09898160941173195],0.4753776688813459,COMPLETE
311,0.3101599024857912,2025-05-07 08:16:17.220412,2025-05-07 08:16:22.731714,0 days 00:00:05.511302,0.018527001646902488,112,0.2,4,160,1.4025159885340108e-06,15,0.0053793430492305476,3,2,adam,"{'neurons_per_layer_encoder': [4, 8], 'neurons_per_layer_decoder': [8, 8, 8]}",4,,"[8, 8, 8]","[4, 8]",[0.3101599024857912],0.4846102245287336,COMPLETE
312,-0.10506534493619113,2025-05-07 08:16:18.037613,2025-05-07 08:16:22.325572,0 days 00:00:04.287959,0.01822315703835453,112,0.2,36,180,1.1480905190715678e-06,80,0.005157180739817195,5,2,sgd,"{'neurons_per_layer_encoder': [36, 72], 'neurons_per_layer_decoder': [72, 36, 18, 9, 8]}",36,,"[72, 36, 18, 9, 8]","[36, 72]",[-0.10506534493619113],0.6006416627490836,COMPLETE
313,-0.0837667608021817,2025-05-07 08:16:20.200683,2025-05-07 08:16:25.447648,0 days 00:00:05.246965,0.018330816212373622,112,0.2,4,180,1.1861501756001391e-06,9,0.005213514163595057,5,2,sgd,"{'neurons_per_layer_encoder': [4, 8], 'neurons_per_layer_decoder': [8, 8, 8, 8, 8]}",4,,"[8, 8, 8, 8, 8]","[4, 8]",[-0.0837667608021817],0.5737339849754935,COMPLETE
314,-0.853898568782401,2025-05-07 08:16:22.164002,2025-05-07 08:16:23.331454,0 days 00:00:01.167452,0.018544621086699513,112,0.2,4,180,2.9615914255911196e-06,9,0.005621970257913934,3,2,sgd,"{'neurons_per_layer_encoder': [4, 8], 'neurons_per_layer_decoder': [8, 8, 8]}",4,,"[8, 8, 8]","[4, 8]",[-0.853898568782401],0.6199416680038663,COMPLETE
315,0.04919859151828443,2025-05-07 08:16:22.333034,2025-05-07 08:16:24.804214,0 days 00:00:02.471180,0.018275452009800186,112,0.2,4,180,2.9949299230240914e-06,8,0.006178639394132994,3,2,adam,"{'neurons_per_layer_encoder': [4, 8], 'neurons_per_layer_decoder': [8, 8, 8]}",4,,"[8, 8, 8]","[4, 8]",[0.04919859151828443],0.4383676044003692,COMPLETE
316,-0.7078212072060437,2025-05-07 08:16:22.739734,2025-05-07 08:16:25.153733,0 days 00:00:02.413999,0.017932273176054232,112,0.2,4,180,8.842248646566564e-06,9,0.005513289762627035,5,2,adadelta,"{'neurons_per_layer_encoder': [4, 8], 'neurons_per_layer_decoder': [8, 8, 8, 8, 8]}",4,,"[8, 8, 8, 8, 8]","[4, 8]",[-0.7078212072060437],0.5273469682386063,COMPLETE
317,-0.8255908822104117,2025-05-07 08:16:22.812862,2025-05-07 08:16:24.781606,0 days 00:00:01.968744,0.015854466559846524,112,0.2,4,180,1.2505599133229475e-06,15,0.006342448240641339,3,2,adadelta,"{'neurons_per_layer_encoder': [4, 8], 'neurons_per_layer_decoder': [8, 8, 8]}",4,,"[8, 8, 8]","[4, 8]",[-0.8255908822104117],0.4555883379493877,COMPLETE
318,0.055904903742684864,2025-05-07 08:16:23.338718,2025-05-07 08:16:28.354972,0 days 00:00:05.016254,0.027527555096759776,112,0.2,4,180,1.2271591273471342e-06,15,0.006001361199744895,3,2,adam,"{'neurons_per_layer_encoder': [4, 8], 'neurons_per_layer_decoder': [8, 8, 8]}",4,,"[8, 8, 8]","[4, 8]",[0.055904903742684864],0.30328207603566654,COMPLETE
319,-0.01657857833966747,2025-05-07 08:16:24.789063,2025-05-07 08:16:28.278155,0 days 00:00:03.489092,0.016860425882916974,112,0.2,12,180,1.0011621783519516e-06,32,0.005180115608622399,3,2,adam,"{'neurons_per_layer_encoder': [12, 24], 'neurons_per_layer_decoder': [24, 12, 8]}",12,,"[24, 12, 8]","[12, 24]",[-0.01657857833966747],0.0061306139175108364,COMPLETE
320,0.0337911217035437,2025-05-07 08:16:24.816965,2025-05-07 08:16:28.395710,0 days 00:00:03.578745,0.016991138876107693,96,0.2,12,180,1.0042539291497098e-06,33,0.0051715528015796345,3,2,adam,"{'neurons_per_layer_encoder': [12, 24], 'neurons_per_layer_decoder': [24, 12, 8]}",12,,"[24, 12, 8]","[12, 24]",[0.0337911217035437],0.14043042993768035,COMPLETE
321,0.022292302616931048,2025-05-07 08:16:25.162037,2025-05-07 08:16:28.153402,0 days 00:00:02.991365,0.016776910153601995,104,0.2,12,200,1.632919694539789e-06,33,0.007062719150740843,3,2,adam,"{'neurons_per_layer_encoder': [12, 24], 'neurons_per_layer_decoder': [24, 12, 8]}",12,,"[24, 12, 8]","[12, 24]",[0.022292302616931048],0.08859154911203777,COMPLETE
322,-0.004686267474510508,2025-05-07 08:16:25.457006,2025-05-07 08:16:28.912199,0 days 00:00:03.455193,0.028339487241821046,104,0.2,12,140,1.6197935514146639e-06,32,0.007465340439308197,3,2,adam,"{'neurons_per_layer_encoder': [12, 24], 'neurons_per_layer_decoder': [24, 12, 8]}",12,,"[24, 12, 8]","[12, 24]",[-0.004686267474510508],0.03185980876311436,COMPLETE
323,0.23698301505933828,2025-05-07 08:16:28.160827,2025-05-07 08:16:33.403228,0 days 00:00:05.242401,0.028036758635498784,96,0.2,12,140,1.0122007582833546e-06,33,0.004852919391355581,4,2,adam,"{'neurons_per_layer_encoder': [12, 24], 'neurons_per_layer_decoder': [24, 12, 8, 8]}",12,,"[24, 12, 8, 8]","[12, 24]",[0.23698301505933828],0.16893467948675242,COMPLETE
324,0.25765190990979603,2025-05-07 08:16:28.287143,2025-05-07 08:16:32.473574,0 days 00:00:04.186431,0.02796375216859996,104,0.2,20,140,1.3354999893529517e-06,45,0.004667954139711045,4,2,adam,"{'neurons_per_layer_encoder': [20, 40], 'neurons_per_layer_decoder': [40, 20, 10, 8]}",20,,"[40, 20, 10, 8]","[20, 40]",[0.25765190990979603],0.2097009844609417,COMPLETE
325,0.030014123994182573,2025-05-07 08:16:28.364328,2025-05-07 08:16:32.161932,0 days 00:00:03.797604,0.028716325813952125,96,0.2,20,140,1.0001309769313463e-06,45,0.004513916074798092,4,2,adam,"{'neurons_per_layer_encoder': [20, 40], 'neurons_per_layer_decoder': [40, 20, 10, 8]}",20,,"[40, 20, 10, 8]","[20, 40]",[0.030014123994182573],0.09710592004758442,COMPLETE
326,-0.11958977840234031,2025-05-07 08:16:28.411350,2025-05-07 08:16:33.723751,0 days 00:00:05.312401,0.028806302368505156,104,0.2,20,140,0.0005739414449404765,45,0.003822867159759527,4,2,adam,"{'neurons_per_layer_encoder': [20, 40], 'neurons_per_layer_decoder': [40, 20, 10, 8]}",20,,"[40, 20, 10, 8]","[20, 40]",[-0.11958977840234031],0.4109858793983048,COMPLETE
327,0.08776393746188726,2025-05-07 08:16:28.920258,2025-05-07 08:16:31.993221,0 days 00:00:03.072963,0.019429851937544006,104,0.2,20,160,1.3604996195566683e-06,45,0.003842980345880052,3,2,adam,"{'neurons_per_layer_encoder': [20, 40], 'neurons_per_layer_decoder': [40, 20, 10]}",20,,"[40, 20, 10]","[20, 40]",[0.08776393746188726],0.02324183788128848,COMPLETE
328,-0.09375306303909059,2025-05-07 08:16:32.000800,2025-05-07 08:16:37.561843,0 days 00:00:05.561043,0.019807891700542948,96,0.2,20,160,0.000770379361040144,47,0.004555869943497099,3,2,adam,"{'neurons_per_layer_encoder': [20, 40], 'neurons_per_layer_decoder': [40, 20, 10]}",20,,"[40, 20, 10]","[20, 40]",[-0.09375306303909059],-0.1901704565947283,COMPLETE
329,-0.003107287234078049,2025-05-07 08:16:32.169929,2025-05-07 08:16:34.992131,0 days 00:00:02.822202,0.09352240115275882,104,0.2,20,160,1.3744593197616042e-06,46,0.003956407023146098,3,2,adam,"{'neurons_per_layer_encoder': [20, 40], 'neurons_per_layer_decoder': [40, 20, 10]}",20,,"[40, 20, 10]","[20, 40]",[-0.003107287234078049],0.006853500632136596,COMPLETE
330,-0.005697675616439968,2025-05-07 08:16:32.481596,2025-05-07 08:16:36.681958,0 days 00:00:04.200362,0.0306179815282119,104,0.2,12,140,1.1760920655532025e-06,27,0.004870095291310844,4,2,adam,"{'neurons_per_layer_encoder': [12, 24], 'neurons_per_layer_decoder': [24, 12, 8, 8]}",12,,"[24, 12, 8, 8]","[12, 24]",[-0.005697675616439968],0.3810786940399766,COMPLETE
331,0.06276448192668638,2025-05-07 08:16:33.411512,2025-05-07 08:16:38.640600,0 days 00:00:05.229088,0.030697883652277526,104,0.2,16,140,1.1427138458203224e-06,42,0.0018440012877418415,4,2,adam,"{'neurons_per_layer_encoder': [16, 32], 'neurons_per_layer_decoder': [32, 16, 8, 8]}",16,,"[32, 16, 8, 8]","[16, 32]",[0.06276448192668638],0.37367379681990054,COMPLETE
332,0.003801695393462645,2025-05-07 08:16:33.732221,2025-05-07 08:16:36.633942,0 days 00:00:02.901721,0.09525120529670457,104,0.2,8,140,1.1779418497186186e-06,26,0.004453171038169231,3,2,adam,"{'neurons_per_layer_encoder': [8, 16], 'neurons_per_layer_decoder': [16, 8, 8]}",8,,"[16, 8, 8]","[8, 16]",[0.003801695393462645],0.32418368480504245,COMPLETE
333,0.1667130651132137,2025-05-07 08:16:35.000099,2025-05-07 08:16:40.586035,0 days 00:00:05.585936,0.031668192867257305,104,0.2,8,140,1.1546899659575772e-06,26,0.004830081314820196,5,2,adam,"{'neurons_per_layer_encoder': [8, 16], 'neurons_per_layer_decoder': [16, 8, 8, 8, 8]}",8,,"[16, 8, 8, 8, 8]","[8, 16]",[0.1667130651132137],0.37559352130835993,COMPLETE
334,0.10616563395168999,2025-05-07 08:16:36.641574,2025-05-07 08:16:41.575776,0 days 00:00:04.934202,0.031408908770147834,104,0.2,16,160,1.2119130004628094e-06,42,0.004176702778569403,4,2,adam,"{'neurons_per_layer_encoder': [16, 32], 'neurons_per_layer_decoder': [32, 16, 8, 8]}",16,,"[32, 16, 8, 8]","[16, 32]",[0.10616563395168999],0.1328853693138471,COMPLETE
335,0.21509173781777458,2025-05-07 08:16:36.693629,2025-05-07 08:16:42.593786,0 days 00:00:05.900157,0.03085647819079644,104,0.2,8,160,1.3965854127337638e-06,21,0.004194136639628618,5,2,adam,"{'neurons_per_layer_encoder': [8, 16], 'neurons_per_layer_decoder': [16, 8, 8, 8, 8]}",8,,"[16, 8, 8, 8, 8]","[8, 16]",[0.21509173781777458],0.4931764849711279,COMPLETE
336,0.14194893059140856,2025-05-07 08:16:37.570503,2025-05-07 08:16:42.353495,0 days 00:00:04.782992,0.031419180392339645,104,0.2,8,160,5.230354588974452e-06,31,0.0035920424478644566,3,2,adam,"{'neurons_per_layer_encoder': [8, 16], 'neurons_per_layer_decoder': [16, 8, 8]}",8,,"[16, 8, 8]","[8, 16]",[0.14194893059140856],0.2828830125506606,COMPLETE
337,0.10872838358036618,2025-05-07 08:16:38.649399,2025-05-07 08:16:42.812736,0 days 00:00:04.163337,0.026829767575694784,104,0.2,8,160,1.3265211123439505e-06,31,0.003921831332536115,3,2,adam,"{'neurons_per_layer_encoder': [8, 16], 'neurons_per_layer_decoder': [16, 8, 8]}",8,,"[16, 8, 8]","[8, 16]",[0.10872838358036618],0.28234277744845665,COMPLETE
338,-0.2090145365909204,2025-05-07 08:16:40.594564,2025-05-07 08:16:43.328143,0 days 00:00:02.733579,0.027299666480848705,112,0.2,32,160,1.3471296202782612e-06,100,0.003643078233352271,3,2,adam,"{'neurons_per_layer_encoder': [32, 64], 'neurons_per_layer_decoder': [64, 32, 16]}",32,,"[64, 32, 16]","[32, 64]",[-0.2090145365909204],-0.2594329471584145,COMPLETE
339,-0.0014956544118338577,2025-05-07 08:16:41.584149,2025-05-07 08:16:45.417533,0 days 00:00:03.833384,0.02708413606336193,112,0.2,4,80,1.1151198022173141e-05,10,0.0037504175975044537,5,2,adam,"{'neurons_per_layer_encoder': [4, 8], 'neurons_per_layer_decoder': [8, 8, 8, 8, 8]}",4,,"[8, 8, 8, 8, 8]","[4, 8]",[-0.0014956544118338577],0.42892672667630033,COMPLETE
340,0.0844181129953282,2025-05-07 08:16:42.361932,2025-05-07 08:16:45.655376,0 days 00:00:03.293444,0.03389931130858644,112,0.2,32,160,1.3813881560673366e-06,105,0.003087690176174697,3,2,adam,"{'neurons_per_layer_encoder': [32, 64], 'neurons_per_layer_decoder': [64, 32, 16]}",32,,"[64, 32, 16]","[32, 64]",[0.0844181129953282],-0.10323260102412536,COMPLETE
341,0.08515908319645837,2025-05-07 08:16:42.602531,2025-05-07 08:16:45.496767,0 days 00:00:02.894236,0.03401011584780926,112,0.2,32,200,1.4072485598911264e-06,71,0.002965099100340302,3,2,adam,"{'neurons_per_layer_encoder': [32, 64], 'neurons_per_layer_decoder': [64, 32, 16]}",32,,"[64, 32, 16]","[32, 64]",[0.08515908319645837],0.07333058320280812,COMPLETE
342,0.059672625712722804,2025-05-07 08:16:42.820904,2025-05-07 08:16:45.950613,0 days 00:00:03.129709,0.020626308539205034,112,0.2,28,200,1.6427090295042806e-06,63,0.0028830999494619514,3,2,adam,"{'neurons_per_layer_encoder': [28, 56], 'neurons_per_layer_decoder': [56, 28, 14]}",28,,"[56, 28, 14]","[28, 56]",[0.059672625712722804],0.05815176116763899,COMPLETE
