number,value,datetime_start,datetime_complete,duration,params_alpha,params_batch_size,params_drop_out_rate,params_encoder_neurons_layer_1,params_epochs,params_lambda,params_latent_dim,params_learning_rate,params_num_layers_decoder,params_num_layers_encoder,params_optimizer,user_attrs_encoder_decoder_config,user_attrs_first_layer_neurons,user_attrs_model_summary,user_attrs_neurons_per_layer_decoder,user_attrs_neurons_per_layer_encoder,user_attrs_r2_feature_1,user_attrs_relative_deterioration,state
223,-0.0027402789804746863,2025-05-07 07:49:57.953584,2025-05-07 07:50:01.606835,0 days 00:00:03.653251,0.022262221805037997,112,0.2,4,160,1.0018355581032219e-06,27,0.0040052470140192606,3,3,adam,"{'neurons_per_layer_encoder': [4, 8, 16], 'neurons_per_layer_decoder': [16, 8, 8]}",4,,"[16, 8, 8]","[4, 8, 16]",[-0.0027402789804746863],0.42678747456261995,COMPLETE
224,0.2426496215873175,2025-05-07 07:49:57.973867,2025-05-07 07:50:02.448514,0 days 00:00:04.474647,0.02237511529789577,120,0.2,12,160,1.8702797901055395e-06,82,0.003906080806770676,3,3,adam,"{'neurons_per_layer_encoder': [12, 24, 48], 'neurons_per_layer_decoder': [48, 24, 12]}",12,,"[48, 24, 12]","[12, 24, 48]",[0.2426496215873175],0.27364582247336383,COMPLETE
225,-0.008748543035308698,2025-05-07 07:49:59.328315,2025-05-07 07:50:02.516713,0 days 00:00:03.188398,0.021471357906738656,112,0.2,12,160,1.1310987419947206e-06,54,0.003625270582877732,3,3,adam,"{'neurons_per_layer_encoder': [12, 24, 48], 'neurons_per_layer_decoder': [48, 24, 12]}",12,,"[48, 24, 12]","[12, 24, 48]",[-0.008748543035308698],0.11536609346839251,COMPLETE
226,0.21309631142429675,2025-05-07 07:50:01.613676,2025-05-07 07:50:06.450673,0 days 00:00:04.836997,0.03224183556638469,112,0.2,16,160,1.1321836742900484e-06,84,0.0033635259117715598,3,3,adam,"{'neurons_per_layer_encoder': [16, 32, 64], 'neurons_per_layer_decoder': [64, 32, 16]}",16,,"[64, 32, 16]","[16, 32, 64]",[0.21309631142429675],0.07339715386424045,COMPLETE
227,0.25938389734895595,2025-05-07 07:50:02.455083,2025-05-07 07:50:07.635578,0 days 00:00:05.180495,0.03178600468145954,112,0.2,4,160,1.1563481017130139e-06,10,0.0034196162416750657,3,2,adam,"{'neurons_per_layer_encoder': [4, 8], 'neurons_per_layer_decoder': [8, 8, 8]}",4,,"[8, 8, 8]","[4, 8]",[0.25938389734895595],0.42024448366114603,COMPLETE
228,0.11301695501986331,2025-05-07 07:50:02.523254,2025-05-07 07:50:05.147560,0 days 00:00:02.624306,0.023619092560041417,120,0.2,20,160,1.610426194288251e-06,60,0.005439262822704384,3,2,adam,"{'neurons_per_layer_encoder': [20, 40], 'neurons_per_layer_decoder': [40, 20, 10]}",20,,"[40, 20, 10]","[20, 40]",[0.11301695501986331],0.057113166701285294,COMPLETE
229,-0.033311391789971445,2025-05-07 07:50:05.154113,2025-05-07 07:50:08.500429,0 days 00:00:03.346316,0.023373835789964617,128,0.2,4,160,1.8252103519225663e-06,28,0.0019637318350368546,3,3,adam,"{'neurons_per_layer_encoder': [4, 8, 16], 'neurons_per_layer_decoder': [16, 8, 8]}",4,,"[16, 8, 8]","[4, 8, 16]",[-0.033311391789971445],0.4631154992422334,COMPLETE
230,0.05576676941009884,2025-05-07 07:50:06.457724,2025-05-07 07:50:09.268942,0 days 00:00:02.811218,0.03252392003829921,128,0.2,16,160,1.1992956531549023e-06,85,0.004545392001429541,3,3,adam,"{'neurons_per_layer_encoder': [16, 32, 64], 'neurons_per_layer_decoder': [64, 32, 16]}",16,,"[64, 32, 16]","[16, 32, 64]",[0.05576676941009884],0.2771861850978784,COMPLETE
231,-0.014637956606772473,2025-05-07 07:50:07.643185,2025-05-07 07:50:10.145483,0 days 00:00:02.502298,0.03196565032011788,128,0.2,20,160,1.1941615697759391e-06,48,0.0033309398403664372,3,2,adam,"{'neurons_per_layer_encoder': [20, 40], 'neurons_per_layer_decoder': [40, 20, 10]}",20,,"[40, 20, 10]","[20, 40]",[-0.014637956606772473],0.3273254791966362,COMPLETE
232,0.05737584572978216,2025-05-07 07:50:08.507376,2025-05-07 07:50:11.091665,0 days 00:00:02.584289,0.020439495936221224,120,0.2,16,160,1.1936978720576205e-06,40,0.004531445741879658,3,2,adam,"{'neurons_per_layer_encoder': [16, 32], 'neurons_per_layer_decoder': [32, 16, 8]}",16,,"[32, 16, 8]","[16, 32]",[0.05737584572978216],0.16279889315246998,COMPLETE
233,0.28899653843599027,2025-05-07 07:50:09.276498,2025-05-07 07:50:14.577860,0 days 00:00:05.301362,0.020717062596618874,112,0.2,4,160,1.2170194521005168e-06,10,0.0034320602968020654,3,2,adam,"{'neurons_per_layer_encoder': [4, 8], 'neurons_per_layer_decoder': [8, 8, 8]}",4,,"[8, 8, 8]","[4, 8]",[0.28899653843599027],0.46917110712209037,COMPLETE
234,0.028235103902393366,2025-05-07 07:50:10.152279,2025-05-07 07:50:15.718538,0 days 00:00:05.566259,0.02038236043221887,112,0.2,4,160,1.1120472555426977e-06,29,0.003552177911244436,3,3,adam,"{'neurons_per_layer_encoder': [4, 8, 16], 'neurons_per_layer_decoder': [16, 8, 8]}",4,,"[16, 8, 8]","[4, 8, 16]",[0.028235103902393366],0.4250343567053979,COMPLETE
235,0.14630051206663663,2025-05-07 07:50:11.098838,2025-05-07 07:50:16.708315,0 days 00:00:05.609477,0.03072565143735241,112,0.2,4,160,1.5465957587630412e-06,28,0.0035204251460631483,3,3,adam,"{'neurons_per_layer_encoder': [4, 8, 16], 'neurons_per_layer_decoder': [16, 8, 8]}",4,,"[16, 8, 8]","[4, 8, 16]",[0.14630051206663663],0.4201432228307309,COMPLETE
236,0.33401991727200786,2025-05-07 07:50:14.585005,2025-05-07 07:50:19.768035,0 days 00:00:05.183030,0.020576068939983504,112,0.2,4,160,1.0377522983701862e-06,10,0.003425642488969548,3,2,adam,"{'neurons_per_layer_encoder': [4, 8], 'neurons_per_layer_decoder': [8, 8, 8]}",4,,"[8, 8, 8]","[4, 8]",[0.33401991727200786],0.535662221438974,COMPLETE
237,-1.1745170382468801,2025-05-07 07:50:15.725532,2025-05-07 07:50:17.655131,0 days 00:00:01.929599,0.02989397965463423,120,0.2,12,160,1.0272203435818374e-06,32,9.017836893659842e-05,3,2,adam,"{'neurons_per_layer_encoder': [12, 24], 'neurons_per_layer_decoder': [24, 12, 8]}",12,,"[24, 12, 8]","[12, 24]",[-1.1745170382468801],0.6461784649078728,COMPLETE
238,-0.025519546406441496,2025-05-07 07:50:16.715169,2025-05-07 07:50:19.612072,0 days 00:00:02.896903,0.02858488780393278,120,0.2,12,160,1.0209590513267752e-06,32,0.002720040166072722,3,2,adam,"{'neurons_per_layer_encoder': [12, 24], 'neurons_per_layer_decoder': [24, 12, 8]}",12,,"[24, 12, 8]","[12, 24]",[-0.025519546406441496],0.2578178874123107,COMPLETE
239,0.2681466140121276,2025-05-07 07:50:17.661905,2025-05-07 07:50:22.951353,0 days 00:00:05.289448,0.02899160148072574,120,0.2,12,160,1.0004242773070133e-06,33,0.0027928049313609613,3,2,adam,"{'neurons_per_layer_encoder': [12, 24], 'neurons_per_layer_decoder': [24, 12, 8]}",12,,"[24, 12, 8]","[12, 24]",[0.2681466140121276],0.2532471079534707,COMPLETE
240,0.11402629375312356,2025-05-07 07:50:19.618842,2025-05-07 07:50:23.061130,0 days 00:00:03.442288,0.020906713688777376,120,0.2,20,160,1.3273557112213104e-06,66,0.003934700664078223,3,2,adam,"{'neurons_per_layer_encoder': [20, 40], 'neurons_per_layer_decoder': [40, 20, 10]}",20,,"[40, 20, 10]","[20, 40]",[0.11402629375312356],0.03932521932823919,COMPLETE
241,0.07805748770070009,2025-05-07 07:50:19.775432,2025-05-07 07:50:24.162648,0 days 00:00:04.387216,0.016108889992975554,40,0.2,4,160,1.2858705403742186e-06,10,0.003206037558964076,3,2,adam,"{'neurons_per_layer_encoder': [4, 8], 'neurons_per_layer_decoder': [8, 8, 8]}",4,,"[8, 8, 8]","[4, 8]",[0.07805748770070009],0.32145190392517764,COMPLETE
242,0.005303961006809743,2025-05-07 07:50:23.068022,2025-05-07 07:50:26.218870,0 days 00:00:03.150848,0.025055253931416735,112,0.2,4,160,1.0053617002399957e-06,10,0.0032852840781893667,3,2,adam,"{'neurons_per_layer_encoder': [4, 8], 'neurons_per_layer_decoder': [8, 8, 8]}",4,,"[8, 8, 8]","[4, 8]",[0.005303961006809743],0.29254640496730866,COMPLETE
243,0.31503101880175544,2025-05-07 07:50:26.225866,2025-05-07 07:50:31.921353,0 days 00:00:05.695487,0.02653916954554836,104,0.2,12,160,1.1708123772345328e-06,41,0.002637070919417539,3,2,adam,"{'neurons_per_layer_encoder': [12, 24], 'neurons_per_layer_decoder': [24, 12, 8]}",12,,"[24, 12, 8]","[12, 24]",[0.31503101880175544],0.3423853725334848,COMPLETE
244,0.3109391233387163,2025-05-07 07:50:31.927752,2025-05-07 07:50:37.282349,0 days 00:00:05.354597,0.025585502620360665,104,0.2,12,160,1.1893550770366007e-06,40,0.002529314396359263,3,2,adam,"{'neurons_per_layer_encoder': [12, 24], 'neurons_per_layer_decoder': [24, 12, 8]}",12,,"[24, 12, 8]","[12, 24]",[0.3109391233387163],0.30987033079802434,COMPLETE
245,0.010612381440867846,2025-05-07 07:50:37.288007,2025-05-07 07:50:40.256695,0 days 00:00:02.968688,0.026124213546459912,104,0.2,12,160,1.1562486154806428e-06,39,0.002267553610441613,3,2,adam,"{'neurons_per_layer_encoder': [12, 24], 'neurons_per_layer_decoder': [24, 12, 8]}",12,,"[24, 12, 8]","[12, 24]",[0.010612381440867846],0.12039707440871496,COMPLETE
246,0.16656636898164912,2025-05-07 07:50:40.262417,2025-05-07 07:50:44.797647,0 days 00:00:04.535230,0.02668024092531793,104,0.2,16,160,1.0028990292737531e-06,45,0.001829430375842642,3,2,adam,"{'neurons_per_layer_encoder': [16, 32], 'neurons_per_layer_decoder': [32, 16, 8]}",16,,"[32, 16, 8]","[16, 32]",[0.16656636898164912],0.34804945297421486,COMPLETE
247,0.0807136214804367,2025-05-07 07:50:44.803343,2025-05-07 07:50:49.763395,0 days 00:00:04.960052,0.019220148670217468,104,0.2,8,160,1.1922199131041617e-06,17,0.002494530523167023,3,2,adam,"{'neurons_per_layer_encoder': [8, 16], 'neurons_per_layer_decoder': [16, 8, 8]}",8,,"[16, 8, 8]","[8, 16]",[0.0807136214804367],0.24366306815184113,COMPLETE
248,-0.10064754985143787,2025-05-07 07:50:49.773140,2025-05-07 07:50:54.918979,0 days 00:00:05.145839,0.02850167313562382,104,0.2,20,160,1.1548395460622735e-06,48,0.0028590053894066046,3,2,adadelta,"{'neurons_per_layer_encoder': [20, 40], 'neurons_per_layer_decoder': [40, 20, 10]}",20,,"[40, 20, 10]","[20, 40]",[-0.10064754985143787],0.6123464170870315,COMPLETE
249,0.023628513052536437,2025-05-07 07:50:54.924868,2025-05-07 07:50:59.809153,0 days 00:00:04.884285,0.025065404429749947,120,0.2,4,160,1.4950692757643646e-06,13,0.0001703165312463539,3,2,adam,"{'neurons_per_layer_encoder': [4, 8], 'neurons_per_layer_decoder': [8, 8, 8]}",4,,"[8, 8, 8]","[4, 8]",[0.023628513052536437],0.5196553041880015,COMPLETE
250,0.025599691774295774,2025-05-07 08:15:31.112811,2025-05-07 08:15:34.194311,0 days 00:00:03.081500,0.022638653571287637,112,0.2,12,160,1.1531371196303565e-06,43,0.0021391566509692188,3,2,adam,"{'neurons_per_layer_encoder': [12, 24], 'neurons_per_layer_decoder': [24, 12, 8]}",12,,"[24, 12, 8]","[12, 24]",[0.025599691774295774],0.39138777949499115,COMPLETE
251,0.019403800178848685,2025-05-07 08:15:31.112998,2025-05-07 08:15:34.288292,0 days 00:00:03.175294,0.022944062456777763,112,0.2,12,160,1.2241401636075314e-06,40,0.002225854072113784,3,2,adam,"{'neurons_per_layer_encoder': [12, 24], 'neurons_per_layer_decoder': [24, 12, 8]}",12,,"[24, 12, 8]","[12, 24]",[0.019403800178848685],0.37490550259040534,COMPLETE
252,0.15505553278282969,2025-05-07 08:15:31.112838,2025-05-07 08:15:36.753399,0 days 00:00:05.640561,0.02269439314558354,112,0.2,12,160,1.1378452602414232e-06,41,0.0021903775931010946,3,2,adam,"{'neurons_per_layer_encoder': [12, 24], 'neurons_per_layer_decoder': [24, 12, 8]}",12,,"[24, 12, 8]","[12, 24]",[0.15505553278282969],0.27014124980610765,COMPLETE
253,0.14440893952303935,2025-05-07 08:15:31.112846,2025-05-07 08:15:35.704915,0 days 00:00:04.592069,0.023536160162769364,112,0.2,12,160,1.1648043535473885e-06,41,0.0030578535129007042,3,2,adam,"{'neurons_per_layer_encoder': [12, 24], 'neurons_per_layer_decoder': [24, 12, 8]}",12,,"[24, 12, 8]","[12, 24]",[0.14440893952303935],0.2747636400212707,COMPLETE
254,0.16425949939380458,2025-05-07 08:15:31.113120,2025-05-07 08:15:36.580946,0 days 00:00:05.467826,0.022721785764970328,112,0.2,12,160,1.165402086624032e-06,41,0.0021162265649717327,3,2,adam,"{'neurons_per_layer_encoder': [12, 24], 'neurons_per_layer_decoder': [24, 12, 8]}",12,,"[24, 12, 8]","[12, 24]",[0.16425949939380458],0.30892756042213615,COMPLETE
255,0.24663175882880417,2025-05-07 08:15:34.202864,2025-05-07 08:15:39.644822,0 days 00:00:05.441958,0.02287728813054301,104,0.2,8,160,1.2739144704539076e-06,17,0.003406897770013951,3,2,adam,"{'neurons_per_layer_encoder': [8, 16], 'neurons_per_layer_decoder': [16, 8, 8]}",8,,"[16, 8, 8]","[8, 16]",[0.24663175882880417],0.2417537143879962,COMPLETE
256,0.04542845629370951,2025-05-07 08:15:34.297999,2025-05-07 08:15:37.239635,0 days 00:00:02.941636,0.029177629619184197,104,0.2,28,160,1.4245674940555604e-06,83,0.003211760591162907,3,2,adam,"{'neurons_per_layer_encoder': [28, 56], 'neurons_per_layer_decoder': [56, 28, 14]}",28,,"[56, 28, 14]","[28, 56]",[0.04542845629370951],-0.08166961049380468,COMPLETE
257,0.04191154697576527,2025-05-07 08:15:35.714177,2025-05-07 08:15:38.662318,0 days 00:00:02.948141,0.027543779709871846,120,0.2,28,160,1.4417913824217292e-06,62,0.0033606583406258616,3,2,adam,"{'neurons_per_layer_encoder': [28, 56], 'neurons_per_layer_decoder': [56, 28, 14]}",28,,"[56, 28, 14]","[28, 56]",[0.04191154697576527],0.03303272467551932,COMPLETE
258,0.04779975822552884,2025-05-07 08:15:36.590137,2025-05-07 08:15:39.277028,0 days 00:00:02.686891,0.029483383668770263,104,0.2,28,160,1.440674174444275e-06,85,0.0032435201862204815,3,2,adam,"{'neurons_per_layer_encoder': [28, 56], 'neurons_per_layer_decoder': [56, 28, 14]}",28,,"[56, 28, 14]","[28, 56]",[0.04779975822552884],0.0026524305470466414,COMPLETE
259,0.20950771665456602,2025-05-07 08:15:36.762707,2025-05-07 08:15:42.061378,0 days 00:00:05.298671,0.029560505687718244,104,0.2,4,160,1.4749512362216757e-06,14,0.0033980810219576634,3,2,adam,"{'neurons_per_layer_encoder': [4, 8], 'neurons_per_layer_decoder': [8, 8, 8]}",4,,"[8, 8, 8]","[4, 8]",[0.20950771665456602],0.377751611709162,COMPLETE
260,0.03346754700744503,2025-05-07 08:15:37.247614,2025-05-07 08:15:40.332233,0 days 00:00:03.084619,0.026660548704608773,120,0.2,4,140,1.5550663866580978e-06,13,0.002695579981010856,3,2,adam,"{'neurons_per_layer_encoder': [4, 8], 'neurons_per_layer_decoder': [8, 8, 8]}",4,,"[8, 8, 8]","[4, 8]",[0.03346754700744503],0.4790301417604595,COMPLETE
261,-0.0688888572070896,2025-05-07 08:15:38.670621,2025-05-07 08:15:41.351672,0 days 00:00:02.681051,0.03263535215881269,56,0.2,4,140,1.006546770794426e-06,14,0.0025854024654275503,3,2,adam,"{'neurons_per_layer_encoder': [4, 8], 'neurons_per_layer_decoder': [8, 8, 8]}",4,,"[8, 8, 8]","[4, 8]",[-0.0688888572070896],0.40020065548237505,COMPLETE
262,-0.03378696262672931,2025-05-07 08:15:39.285040,2025-05-07 08:15:43.129113,0 days 00:00:03.844073,0.03164986858766349,120,0.2,4,140,1.0050358210790887e-06,14,0.0025704004853039086,3,2,adam,"{'neurons_per_layer_encoder': [4, 8], 'neurons_per_layer_decoder': [8, 8, 8]}",4,,"[8, 8, 8]","[4, 8]",[-0.03378696262672931],0.3775721025891457,COMPLETE
263,0.033966383794067245,2025-05-07 08:15:39.653030,2025-05-07 08:15:42.898720,0 days 00:00:03.245690,0.033721178888179056,104,0.2,4,140,1.6282353986130492e-06,11,0.0026098911213389637,3,2,adam,"{'neurons_per_layer_encoder': [4, 8], 'neurons_per_layer_decoder': [8, 8, 8]}",4,,"[8, 8, 8]","[4, 8]",[0.033966383794067245],0.44632016295977084,COMPLETE
264,0.2625403898754556,2025-05-07 08:15:40.339822,2025-05-07 08:15:45.875871,0 days 00:00:05.536049,0.03282951057644241,104,0.2,4,160,1.0431377415825463e-06,14,0.0037882138051649706,3,2,adam,"{'neurons_per_layer_encoder': [4, 8], 'neurons_per_layer_decoder': [8, 8, 8]}",4,,"[8, 8, 8]","[4, 8]",[0.2625403898754556],0.4904174388378086,COMPLETE
265,0.3282464358437479,2025-05-07 08:15:41.359526,2025-05-07 08:15:46.845946,0 days 00:00:05.486420,0.021377656735745484,104,0.2,8,160,6.713901657508905e-06,30,0.003901834324117996,3,2,adam,"{'neurons_per_layer_encoder': [8, 16], 'neurons_per_layer_decoder': [16, 8, 8]}",8,,"[16, 8, 8]","[8, 16]",[0.3282464358437479],0.4194774207968542,COMPLETE
266,-0.031550649302495515,2025-05-07 08:15:42.069783,2025-05-07 08:15:44.836491,0 days 00:00:02.766708,0.021425946054800166,104,0.2,4,160,1.641523604358812e-06,10,0.0038713932531101907,3,2,adam,"{'neurons_per_layer_encoder': [4, 8], 'neurons_per_layer_decoder': [8, 8, 8]}",4,,"[8, 8, 8]","[4, 8]",[-0.031550649302495515],0.4340031333873169,COMPLETE
267,0.29254454310600786,2025-05-07 08:15:42.906827,2025-05-07 08:15:48.442883,0 days 00:00:05.536056,0.02127040496478763,104,0.2,8,160,1.2897885890160218e-06,30,0.003937305008307103,3,2,adam,"{'neurons_per_layer_encoder': [8, 16], 'neurons_per_layer_decoder': [16, 8, 8]}",8,,"[16, 8, 8]","[8, 16]",[0.29254454310600786],0.3578596051240591,COMPLETE
268,0.10456491269114077,2025-05-07 08:15:43.137559,2025-05-07 08:15:47.478431,0 days 00:00:04.340872,0.020966681444888054,104,0.2,8,160,1.3011587043026847e-06,18,0.004081261426430114,3,2,adam,"{'neurons_per_layer_encoder': [8, 16], 'neurons_per_layer_decoder': [16, 8, 8]}",8,,"[16, 8, 8]","[8, 16]",[0.10456491269114077],0.34008292019159314,COMPLETE
269,0.33378799941853965,2025-05-07 08:15:44.844115,2025-05-07 08:15:50.544708,0 days 00:00:05.700593,0.021059993682525743,104,0.2,8,160,1.301641698155163e-06,30,0.003909532177550941,3,2,adam,"{'neurons_per_layer_encoder': [8, 16], 'neurons_per_layer_decoder': [16, 8, 8]}",8,,"[16, 8, 8]","[8, 16]",[0.33378799941853965],0.4204186360279982,COMPLETE
270,-0.1943353134931276,2025-05-07 08:15:45.884448,2025-05-07 08:15:49.296260,0 days 00:00:03.411812,0.019236795196951376,104,0.2,8,160,1.1888937265372307e-06,18,0.004880359100689601,3,2,adadelta,"{'neurons_per_layer_encoder': [8, 16], 'neurons_per_layer_decoder': [16, 8, 8]}",8,,"[16, 8, 8]","[8, 16]",[-0.1943353134931276],0.5213341053962028,COMPLETE
271,-0.19495762453873922,2025-05-07 08:15:46.854962,2025-05-07 08:15:51.504153,0 days 00:00:04.649191,0.019210042972117015,104,0.2,16,180,7.21561881477685e-06,37,0.004818580395880174,3,2,adadelta,"{'neurons_per_layer_encoder': [16, 32], 'neurons_per_layer_decoder': [32, 16, 8]}",16,,"[32, 16, 8]","[16, 32]",[-0.19495762453873922],0.5177717667331938,COMPLETE
272,0.22365935901643752,2025-05-07 08:15:47.487110,2025-05-07 08:15:51.306866,0 days 00:00:03.819756,0.019175466384051536,96,0.2,16,180,1.3009417517635566e-06,37,0.004968938813808893,3,2,adam,"{'neurons_per_layer_encoder': [16, 32], 'neurons_per_layer_decoder': [32, 16, 8]}",16,,"[32, 16, 8]","[16, 32]",[0.22365935901643752],0.20357790210898238,COMPLETE
273,0.34220713106758016,2025-05-07 08:15:48.451839,2025-05-07 08:15:53.756925,0 days 00:00:05.305086,0.0190849673011716,96,0.2,16,180,1.2531601367606628e-06,36,0.0038088648594793535,3,2,adam,"{'neurons_per_layer_encoder': [16, 32], 'neurons_per_layer_decoder': [32, 16, 8]}",16,,"[32, 16, 8]","[16, 32]",[0.34220713106758016],0.25078927732481215,COMPLETE
274,-0.05792044103137739,2025-05-07 08:15:49.304374,2025-05-07 08:15:51.890154,0 days 00:00:02.585780,0.020369200948756397,104,0.2,120,100,6.0801852823713575e-06,249,0.003827422379686078,3,2,adam,"{'neurons_per_layer_encoder': [120, 240], 'neurons_per_layer_decoder': [240, 120, 60]}",120,,"[240, 120, 60]","[120, 240]",[-0.05792044103137739],-0.4701862455570804,COMPLETE
275,0.2642702633077254,2025-05-07 08:15:50.553864,2025-05-07 08:15:54.732187,0 days 00:00:04.178323,0.020170436237053092,96,0.2,16,180,1.2689547811803787e-06,37,0.003856547500833545,3,2,adam,"{'neurons_per_layer_encoder': [16, 32], 'neurons_per_layer_decoder': [32, 16, 8]}",16,,"[32, 16, 8]","[16, 32]",[0.2642702633077254],0.29264011229265235,COMPLETE
276,0.021525577911044036,2025-05-07 08:15:51.314993,2025-05-07 08:15:54.063200,0 days 00:00:02.748207,0.019577601840644943,104,0.2,16,180,1.2771260023035911e-06,37,0.005502634609953558,3,2,adam,"{'neurons_per_layer_encoder': [16, 32], 'neurons_per_layer_decoder': [32, 16, 8]}",16,,"[32, 16, 8]","[16, 32]",[0.021525577911044036],0.19086076068144187,COMPLETE
277,-0.05825990403358339,2025-05-07 08:15:51.512055,2025-05-07 08:15:53.989749,0 days 00:00:02.477694,0.017382718946204006,96,0.2,20,180,1.3070561385966046e-06,45,0.0039682298133389355,3,2,adam,"{'neurons_per_layer_encoder': [20, 40], 'neurons_per_layer_decoder': [40, 20, 10]}",20,,"[40, 20, 10]","[20, 40]",[-0.05825990403358339],0.21549803115263916,COMPLETE
278,-0.016676712921555925,2025-05-07 08:15:51.898086,2025-05-07 08:15:54.570724,0 days 00:00:02.672638,0.021598478799831258,104,0.2,20,180,1.2775521232389433e-06,45,0.005631365805816098,3,2,adam,"{'neurons_per_layer_encoder': [20, 40], 'neurons_per_layer_decoder': [40, 20, 10]}",20,,"[40, 20, 10]","[20, 40]",[-0.016676712921555925],-0.20875383953163779,COMPLETE
279,-0.027679980108229474,2025-05-07 08:15:53.765334,2025-05-07 08:15:56.260137,0 days 00:00:02.494803,0.02181475799372737,96,0.2,20,180,1.2876833245782406e-06,45,0.0037960744273227236,3,2,adam,"{'neurons_per_layer_encoder': [20, 40], 'neurons_per_layer_decoder': [40, 20, 10]}",20,,"[40, 20, 10]","[20, 40]",[-0.027679980108229474],0.2271117024259754,COMPLETE
280,-0.03981990056924234,2025-05-07 08:15:53.996895,2025-05-07 08:15:56.788384,0 days 00:00:02.791489,0.021062908681962294,104,0.2,8,160,1.0170225581317088e-06,30,0.0036727769362012693,3,2,adam,"{'neurons_per_layer_encoder': [8, 16], 'neurons_per_layer_decoder': [16, 8, 8]}",8,,"[16, 8, 8]","[8, 16]",[-0.03981990056924234],0.15693426136282118,COMPLETE
281,-0.03003133180864559,2025-05-07 08:15:54.071648,2025-05-07 08:15:56.804835,0 days 00:00:02.733187,0.02093178887629764,104,0.2,8,160,1.078279731917311e-06,30,0.0037334974069491954,3,2,adam,"{'neurons_per_layer_encoder': [8, 16], 'neurons_per_layer_decoder': [16, 8, 8]}",8,,"[16, 8, 8]","[8, 16]",[-0.03003133180864559],0.1844922289778925,COMPLETE
282,0.1470820940213955,2025-05-07 08:15:54.578242,2025-05-07 08:15:59.155254,0 days 00:00:04.577012,0.024663830102770956,96,0.2,8,160,1.001533142763105e-06,30,0.0038314664086160502,3,2,adam,"{'neurons_per_layer_encoder': [8, 16], 'neurons_per_layer_decoder': [16, 8, 8]}",8,,"[16, 8, 8]","[8, 16]",[0.1470820940213955],0.2726738741075925,COMPLETE
