number,value,datetime_start,datetime_complete,duration,params_alpha,params_batch_size,params_drop_out_rate,params_encoder_neurons_layer_1,params_epochs,params_lambda,params_latent_dim,params_learning_rate,params_num_layers_decoder,params_num_layers_encoder,params_optimizer,user_attrs_encoder_decoder_config,user_attrs_first_layer_neurons,user_attrs_neurons_per_layer_decoder,user_attrs_neurons_per_layer_encoder,user_attrs_r2_feature_1,user_attrs_relative_deterioration,state
397,0.6345008903557752,2025-01-10 08:12:49.214997,2025-01-10 08:12:53.397601,0 days 00:00:04.182604,0.040184886218929856,40,0.30000000000000004,244,100,4.903085849963399e-06,492,0.004594905375683693,3,1,adam,"{'neurons_per_layer_encoder': [244], 'neurons_per_layer_decoder': [244, 122, 61]}",244,"[244, 122, 61]",[244],[0.6345008903557752],0.8172505362736694,COMPLETE
398,0.29820325391220204,2025-01-10 08:12:49.624761,2025-01-10 08:12:53.847981,0 days 00:00:04.223220,0.041501341477224604,40,0.30000000000000004,232,100,4.9613806460445835e-06,496,0.005579693339768982,3,1,adam,"{'neurons_per_layer_encoder': [232], 'neurons_per_layer_decoder': [232, 116, 58]}",232,"[232, 116, 58]",[232],[0.29820325391220204],0.6184728262636766,COMPLETE
399,0.5349691708947281,2025-01-10 08:12:51.640657,2025-01-10 08:12:55.581146,0 days 00:00:03.940489,0.04152275346754367,40,0.30000000000000004,244,100,5.68168722470141e-06,332,0.00525487650957018,3,1,adam,"{'neurons_per_layer_encoder': [244], 'neurons_per_layer_decoder': [244, 122, 61]}",244,"[244, 122, 61]",[244],[0.5349691708947281],0.7620732679958725,COMPLETE
400,0.32975344424222175,2025-01-10 08:12:52.146092,2025-01-10 08:12:56.126568,0 days 00:00:03.980476,0.04225360993185218,40,0.30000000000000004,248,100,5.2592169041654474e-06,496,0.004564932717091313,3,1,adam,"{'neurons_per_layer_encoder': [248], 'neurons_per_layer_decoder': [248, 124, 62]}",248,"[248, 124, 62]",[248],[0.32975344424222175],0.675985114245022,COMPLETE
401,0.1405346491909254,2025-01-10 08:12:52.783808,2025-01-10 08:12:56.556012,0 days 00:00:03.772204,0.03567961402527557,104,0.30000000000000004,256,100,6.829720353320532e-06,488,0.004647928012140764,3,1,adam,"{'neurons_per_layer_encoder': [256], 'neurons_per_layer_decoder': [256, 128, 64]}",256,"[256, 128, 64]",[256],[0.1405346491909254],0.6041166922087491,COMPLETE
402,0.37103496843650374,2025-01-10 08:12:53.405778,2025-01-10 08:12:57.591054,0 days 00:00:04.185276,0.03627733401285732,40,0.30000000000000004,236,100,7.275936155352193e-06,548,0.0046390019177457355,3,1,adam,"{'neurons_per_layer_encoder': [236], 'neurons_per_layer_decoder': [236, 118, 59]}",236,"[236, 118, 59]",[236],[0.37103496843650374],0.7078066472853883,COMPLETE
403,0.241707338918972,2025-01-10 08:12:53.855934,2025-01-10 08:12:57.919444,0 days 00:00:04.063510,0.03587433560339019,40,0.30000000000000004,244,100,3.4080483012932996e-06,332,0.00490694806470678,3,1,adam,"{'neurons_per_layer_encoder': [244], 'neurons_per_layer_decoder': [244, 122, 61]}",244,"[244, 122, 61]",[244],[0.241707338918972],0.5811746585512864,COMPLETE
404,-0.030890685109085103,2025-01-10 08:12:55.590613,2025-01-10 08:12:59.153480,0 days 00:00:03.562867,0.03639068058088009,104,0.30000000000000004,244,100,2.083349611652301e-06,332,0.004482232136254203,3,1,adam,"{'neurons_per_layer_encoder': [244], 'neurons_per_layer_decoder': [244, 122, 61]}",244,"[244, 122, 61]",[244],[-0.030890685109085103],0.4818942751735914,COMPLETE
405,0.46279751864988916,2025-01-10 08:12:56.136008,2025-01-10 08:13:00.018118,0 days 00:00:03.882110,0.03673970730101683,40,0.30000000000000004,256,100,6.832503907124511e-06,328,0.005396536334518181,3,1,adam,"{'neurons_per_layer_encoder': [256], 'neurons_per_layer_decoder': [256, 128, 64]}",256,"[256, 128, 64]",[256],[0.46279751864988916],0.7495255606389613,COMPLETE
406,0.6175270279951512,2025-01-10 08:12:56.564242,2025-01-10 08:13:00.454267,0 days 00:00:03.890025,0.03715599079357786,40,0.30000000000000004,244,100,3.4067282978245666e-06,332,0.005299264130774898,3,1,adam,"{'neurons_per_layer_encoder': [244], 'neurons_per_layer_decoder': [244, 122, 61]}",244,"[244, 122, 61]",[244],[0.6175270279951512],0.7873827468643003,COMPLETE
407,0.4928329174509809,2025-01-10 08:12:57.599382,2025-01-10 08:13:01.759787,0 days 00:00:04.160405,0.1016675052303297,40,0.30000000000000004,244,100,3.4807802189627938e-06,476,0.005387205990335808,3,1,adam,"{'neurons_per_layer_encoder': [244], 'neurons_per_layer_decoder': [244, 122, 61]}",244,"[244, 122, 61]",[244],[0.4928329174509809],0.7231229300761598,COMPLETE
408,-5.704554387753463,2025-01-10 08:12:57.928436,2025-01-10 08:13:02.334269,0 days 00:00:04.405833,0.03790641021489149,40,0.30000000000000004,244,100,2.1149741706550256e-06,476,4.9414715208469514e-05,3,1,adam,"{'neurons_per_layer_encoder': [244], 'neurons_per_layer_decoder': [244, 122, 61]}",244,"[244, 122, 61]",[244],[-5.704554387753463],0.6260110268865072,COMPLETE
409,0.41950137068906934,2025-01-10 08:12:59.162169,2025-01-10 08:13:03.152001,0 days 00:00:03.989832,0.04265202637640121,40,0.30000000000000004,252,100,5.861561656086614e-06,356,0.005873073751625501,3,1,adam,"{'neurons_per_layer_encoder': [252], 'neurons_per_layer_decoder': [252, 126, 63]}",252,"[252, 126, 63]",[252],[0.41950137068906934],0.7155973949644587,COMPLETE
410,0.31520828263628164,2025-01-10 08:13:00.028014,2025-01-10 08:13:04.123972,0 days 00:00:04.095958,0.038431924188623304,40,0.30000000000000004,240,100,5.744904892322582e-06,360,0.0057270122016363145,3,1,adam,"{'neurons_per_layer_encoder': [240], 'neurons_per_layer_decoder': [240, 120, 60]}",240,"[240, 120, 60]",[240],[0.31520828263628164],0.6445350688843932,COMPLETE
411,0.43345745775011146,2025-01-10 08:13:00.464130,2025-01-10 08:13:04.462174,0 days 00:00:03.998044,0.038767679454527804,40,0.30000000000000004,240,100,3.4200484339974958e-06,344,0.00600513510106823,3,1,adam,"{'neurons_per_layer_encoder': [240], 'neurons_per_layer_decoder': [240, 120, 60]}",240,"[240, 120, 60]",[240],[0.43345745775011146],0.6505372598390121,COMPLETE
412,0.4958962922494855,2025-01-10 08:13:01.768839,2025-01-10 08:13:05.826449,0 days 00:00:04.057610,0.0383644730188822,40,0.30000000000000004,240,100,3.981286899339976e-06,472,0.00616910337294525,3,1,adam,"{'neurons_per_layer_encoder': [240], 'neurons_per_layer_decoder': [240, 120, 60]}",240,"[240, 120, 60]",[240],[0.4958962922494855],0.6964810346265937,COMPLETE
413,0.27837696166123604,2025-01-10 08:13:02.344472,2025-01-10 08:13:05.577710,0 days 00:00:03.233238,0.03334112676617583,40,0.30000000000000004,248,100,3.0835490417425634e-06,336,0.0055949331569628835,3,1,adam,"{'neurons_per_layer_encoder': [248], 'neurons_per_layer_decoder': [248, 124, 62]}",248,"[248, 124, 62]",[248],[0.27837696166123604],0.630032899268292,COMPLETE
414,0.22464471148388654,2025-01-10 08:13:03.160908,2025-01-10 08:13:07.550936,0 days 00:00:04.390028,0.03787169145466138,40,0.30000000000000004,244,100,3.3970508841300083e-06,476,0.006209852907715325,3,1,adam,"{'neurons_per_layer_encoder': [244], 'neurons_per_layer_decoder': [244, 122, 61]}",244,"[244, 122, 61]",[244],[0.22464471148388654],0.5517863489849945,COMPLETE
415,-0.18101151581965658,2025-01-10 08:13:04.133837,2025-01-10 08:13:07.295104,0 days 00:00:03.161267,0.03785109155784536,40,0.30000000000000004,240,100,3.2402395983415747e-06,344,0.005130879491448441,3,1,sgd,"{'neurons_per_layer_encoder': [240], 'neurons_per_layer_decoder': [240, 120, 60]}",240,"[240, 120, 60]",[240],[-0.18101151581965658],0.8403813514270141,COMPLETE
416,-2.8916667127041755,2025-01-10 08:13:04.470860,2025-01-10 08:13:07.646507,0 days 00:00:03.175647,0.11416568263002003,40,0.30000000000000004,248,100,3.1073650645845607e-06,480,0.006278574462508424,3,1,sgd,"{'neurons_per_layer_encoder': [248], 'neurons_per_layer_decoder': [248, 124, 62]}",248,"[248, 124, 62]",[248],[-2.8916667127041755],0.2499445889218541,COMPLETE
417,-3.4241618680405645,2025-01-10 08:13:05.587022,2025-01-10 08:13:08.541643,0 days 00:00:02.954621,0.04431423663852202,40,0.30000000000000004,244,100,4.041643231773076e-06,476,0.006557849335953879,3,1,sgd,"{'neurons_per_layer_encoder': [244], 'neurons_per_layer_decoder': [244, 122, 61]}",244,"[244, 122, 61]",[244],[-3.4241618680405645],0.3215065209695377,COMPLETE
418,-7.313499656126208,2025-01-10 08:13:05.834973,2025-01-10 08:13:08.777324,0 days 00:00:02.942351,0.023653812190532683,40,0.30000000000000004,244,100,3.8112319221667253e-06,476,0.005074916857101552,3,1,sgd,"{'neurons_per_layer_encoder': [244], 'neurons_per_layer_decoder': [244, 122, 61]}",244,"[244, 122, 61]",[244],[-7.313499656126208],-0.43423379664191925,COMPLETE
419,0.537329329149479,2025-01-10 08:13:07.303820,2025-01-10 08:13:11.700542,0 days 00:00:04.396722,0.04387464856237858,40,0.30000000000000004,228,100,3.6425564201255984e-06,476,0.006802386031999041,3,1,adam,"{'neurons_per_layer_encoder': [228], 'neurons_per_layer_decoder': [228, 114, 57]}",228,"[228, 114, 57]",[228],[0.537329329149479],0.750108094360409,COMPLETE
420,-16.786810299633338,2025-01-10 08:13:07.559535,2025-01-10 08:13:11.267810,0 days 00:00:03.708275,0.03435796992677944,88,0.30000000000000004,252,100,3.933476326958486e-06,468,0.006705716654016921,3,1,adadelta,"{'neurons_per_layer_encoder': [252], 'neurons_per_layer_decoder': [252, 126, 63]}",252,"[252, 126, 63]",[252],[-16.786810299633338],0.2726714608137242,COMPLETE
421,-19.801170645691705,2025-01-10 08:13:07.659808,2025-01-10 08:13:09.933054,0 days 00:00:02.273246,0.10720007774775138,40,0.30000000000000004,228,100,3.917802446601121e-06,476,0.004255756493634494,3,1,adadelta,"{'neurons_per_layer_encoder': [228], 'neurons_per_layer_decoder': [228, 114, 57]}",228,"[228, 114, 57]",[228],[-19.801170645691705],-0.09539303679403094,COMPLETE
422,-34.66835615928313,2025-01-10 08:13:08.550043,2025-01-10 08:13:11.280555,0 days 00:00:02.730512,0.09582916917951216,40,0.4,228,100,3.869080927360884e-06,460,0.005194793158323309,3,1,adadelta,"{'neurons_per_layer_encoder': [228], 'neurons_per_layer_decoder': [228, 114, 57]}",228,"[228, 114, 57]",[228],[-34.66835615928313],0.0218908868017157,COMPLETE
423,-12.993227637512117,2025-01-10 08:13:08.786221,2025-01-10 08:13:13.426877,0 days 00:00:04.640656,0.03542303458024412,40,0.30000000000000004,232,100,3.9111020444960775e-06,560,0.004285376063770978,3,1,adadelta,"{'neurons_per_layer_encoder': [232], 'neurons_per_layer_decoder': [232, 116, 58]}",232,"[232, 116, 58]",[232],[-12.993227637512117],0.3110522079862193,COMPLETE
424,0.6594411922521852,2025-01-10 08:13:09.940910,2025-01-10 08:13:14.389221,0 days 00:00:04.448311,0.03338953685959676,40,0.30000000000000004,236,100,4.275553654573722e-06,468,0.005233838758249293,3,1,adam,"{'neurons_per_layer_encoder': [236], 'neurons_per_layer_decoder': [236, 118, 59]}",236,"[236, 118, 59]",[236],[0.6594411922521852],0.8022906105390518,COMPLETE
425,0.32026026919909456,2025-01-10 08:13:11.277693,2025-01-10 08:13:14.930893,0 days 00:00:03.653200,0.09985013290853992,96,0.30000000000000004,232,100,5.795108573534071e-06,336,0.008284772892468949,3,1,adam,"{'neurons_per_layer_encoder': [232], 'neurons_per_layer_decoder': [232, 116, 58]}",232,"[232, 116, 58]",[232],[0.32026026919909456],0.6561681804638353,COMPLETE
426,0.36233944709418486,2025-01-10 08:13:11.290718,2025-01-10 08:13:15.469337,0 days 00:00:04.178619,0.0995619662291133,40,0.30000000000000004,236,100,4.4656366599159765e-06,548,0.00802103990168051,3,1,adam,"{'neurons_per_layer_encoder': [236], 'neurons_per_layer_decoder': [236, 118, 59]}",236,"[236, 118, 59]",[236],[0.36233944709418486],0.6826454406887692,COMPLETE
427,0.48584048806094016,2025-01-10 08:13:11.709843,2025-01-10 08:13:15.858693,0 days 00:00:04.148850,0.020492485220891782,40,0.30000000000000004,232,100,4.511767849705747e-06,560,0.007749547053352744,3,1,adam,"{'neurons_per_layer_encoder': [232], 'neurons_per_layer_decoder': [232, 116, 58]}",232,"[232, 116, 58]",[232],[0.48584048806094016],0.7246376952744916,COMPLETE
428,0.37443171662749464,2025-01-10 08:13:13.435800,2025-01-10 08:13:17.918632,0 days 00:00:04.482832,0.04464401922488798,40,0.30000000000000004,236,100,4.3982736715469925e-06,452,0.008109321026118317,3,1,adam,"{'neurons_per_layer_encoder': [236], 'neurons_per_layer_decoder': [236, 118, 59]}",236,"[236, 118, 59]",[236],[0.37443171662749464],0.6767243459823261,COMPLETE
429,0.5648817315975612,2025-01-10 08:13:14.397110,2025-01-10 08:13:18.963647,0 days 00:00:04.566537,0.031108293389687798,40,0.30000000000000004,224,100,4.384909449747224e-06,488,0.00814113619494916,3,1,adam,"{'neurons_per_layer_encoder': [224], 'neurons_per_layer_decoder': [224, 112, 56]}",224,"[224, 112, 56]",[224],[0.5648817315975612],0.770254675931257,COMPLETE
430,0.5025861335487214,2025-01-10 08:13:14.939137,2025-01-10 08:13:19.011046,0 days 00:00:04.071909,0.030547586737405756,40,0.30000000000000004,236,100,2.4021609393299193e-06,468,0.007858969964974883,3,1,adam,"{'neurons_per_layer_encoder': [236], 'neurons_per_layer_decoder': [236, 118, 59]}",236,"[236, 118, 59]",[236],[0.5025861335487214],0.6862981152270404,COMPLETE
431,0.3434669391080476,2025-01-10 08:13:15.477935,2025-01-10 08:13:18.959552,0 days 00:00:03.481617,0.034400316661257105,40,0.30000000000000004,224,100,2.5706614315843432e-06,488,0.00671049800679534,3,1,adam,"{'neurons_per_layer_encoder': [224], 'neurons_per_layer_decoder': [224, 112, 56]}",224,"[224, 112, 56]",[224],[0.3434669391080476],0.6262028941442556,COMPLETE
432,0.5967125197302359,2025-01-10 08:13:15.866863,2025-01-10 08:13:20.276271,0 days 00:00:04.409408,0.033458769138367324,40,0.30000000000000004,236,100,2.501287662980785e-06,468,0.005403613812169596,3,1,adam,"{'neurons_per_layer_encoder': [236], 'neurons_per_layer_decoder': [236, 118, 59]}",236,"[236, 118, 59]",[236],[0.5967125197302359],0.7505698558243312,COMPLETE
433,-0.030460816461117535,2025-01-10 08:13:17.927705,2025-01-10 08:13:20.759177,0 days 00:00:02.831472,0.03405999933190638,40,0.30000000000000004,224,100,2.603838553550446e-06,488,0.0053534003104052374,3,1,adam,"{'neurons_per_layer_encoder': [224], 'neurons_per_layer_decoder': [224, 112, 56]}",224,"[224, 112, 56]",[224],[-0.030460816461117535],0.5538838613008055,COMPLETE
434,0.48541031470143337,2025-01-10 08:13:18.974265,2025-01-10 08:13:23.245716,0 days 00:00:04.271451,0.03078931808779842,40,0.30000000000000004,224,100,3.1096790184128714e-06,488,0.0070302590518920415,3,1,adam,"{'neurons_per_layer_encoder': [224], 'neurons_per_layer_decoder': [224, 112, 56]}",224,"[224, 112, 56]",[224],[0.48541031470143337],0.6917964359053651,COMPLETE
435,0.27351921640658405,2025-01-10 08:13:18.974322,2025-01-10 08:13:21.805097,0 days 00:00:02.830775,0.028358164880539515,40,0.30000000000000004,220,100,3.26982570164711e-06,468,0.007095322720385265,3,1,adam,"{'neurons_per_layer_encoder': [220], 'neurons_per_layer_decoder': [220, 110, 55]}",220,"[220, 110, 55]",[220],[0.27351921640658405],0.6794150665476517,COMPLETE
436,0.5240049358571404,2025-01-10 08:13:19.026704,2025-01-10 08:13:23.241562,0 days 00:00:04.214858,0.028414510046128418,40,0.30000000000000004,232,100,2.310789062282014e-06,464,0.009079080165405679,3,1,adam,"{'neurons_per_layer_encoder': [232], 'neurons_per_layer_decoder': [232, 116, 58]}",232,"[232, 116, 58]",[232],[0.5240049358571404],0.7160521343471185,COMPLETE
437,0.3928443970512113,2025-01-10 08:13:20.286144,2025-01-10 08:13:24.535663,0 days 00:00:04.249519,0.033092109562762345,40,0.30000000000000004,224,100,2.607159339382701e-06,488,0.008836193826710134,3,1,adam,"{'neurons_per_layer_encoder': [224], 'neurons_per_layer_decoder': [224, 112, 56]}",224,"[224, 112, 56]",[224],[0.3928443970512113],0.5962595353710308,COMPLETE
438,0.5501581112102271,2025-01-10 08:13:20.769922,2025-01-10 08:13:24.978279,0 days 00:00:04.208357,0.03127451336164271,40,0.30000000000000004,220,100,2.5426543985784894e-06,452,0.008504557643102442,3,1,adam,"{'neurons_per_layer_encoder': [220], 'neurons_per_layer_decoder': [220, 110, 55]}",220,"[220, 110, 55]",[220],[0.5501581112102271],0.6804470521767152,COMPLETE
439,0.27650791915616857,2025-01-10 08:13:21.813696,2025-01-10 08:13:25.915602,0 days 00:00:04.101906,0.03179044272330197,40,0.30000000000000004,224,100,2.625142743538177e-06,488,0.009161416850269052,3,1,adam,"{'neurons_per_layer_encoder': [224], 'neurons_per_layer_decoder': [224, 112, 56]}",224,"[224, 112, 56]",[224],[0.27650791915616857],0.5994249425142574,COMPLETE
440,0.34573512907062043,2025-01-10 08:13:23.255448,2025-01-10 08:13:27.102120,0 days 00:00:03.846672,0.02849483420833716,48,0.30000000000000004,228,100,2.9371305119356703e-06,444,0.009549515067599738,3,1,adam,"{'neurons_per_layer_encoder': [228], 'neurons_per_layer_decoder': [228, 114, 57]}",228,"[228, 114, 57]",[228],[0.34573512907062043],0.5665717561129683,COMPLETE
441,0.2448919703766116,2025-01-10 08:13:23.255479,2025-01-10 08:13:26.753626,0 days 00:00:03.498147,0.03119223217060307,48,0.30000000000000004,228,100,2.409147240383043e-06,444,0.008610923480575676,3,1,adam,"{'neurons_per_layer_encoder': [228], 'neurons_per_layer_decoder': [228, 114, 57]}",228,"[228, 114, 57]",[228],[0.2448919703766116],0.5099157591479595,COMPLETE
442,0.35338382556644166,2025-01-10 08:13:24.543640,2025-01-10 08:13:27.328258,0 days 00:00:02.784618,0.027571374451700784,48,0.30000000000000004,232,100,3.0599620855758002e-06,464,0.008845584203949451,3,1,adam,"{'neurons_per_layer_encoder': [232], 'neurons_per_layer_decoder': [232, 116, 58]}",232,"[232, 116, 58]",[232],[0.35338382556644166],0.6786875326938886,COMPLETE
443,0.23484251788553823,2025-01-10 08:13:24.987068,2025-01-10 08:13:28.589537,0 days 00:00:03.602469,0.029316085208755328,120,0.30000000000000004,228,100,1.7120717272727039e-06,444,0.00987466000665367,3,1,adam,"{'neurons_per_layer_encoder': [228], 'neurons_per_layer_decoder': [228, 114, 57]}",228,"[228, 114, 57]",[228],[0.23484251788553823],0.6149271196255093,COMPLETE
444,0.4820787636344529,2025-01-10 08:13:25.923729,2025-01-10 08:13:29.765557,0 days 00:00:03.841828,0.02937622653524012,48,0.30000000000000004,232,100,2.024142753534022e-06,464,0.009655314254099906,3,1,adam,"{'neurons_per_layer_encoder': [232], 'neurons_per_layer_decoder': [232, 116, 58]}",232,"[232, 116, 58]",[232],[0.4820787636344529],0.6243061518406224,COMPLETE
445,0.3428923794575499,2025-01-10 08:13:26.762249,2025-01-10 08:13:30.791463,0 days 00:00:04.029214,0.034583205650822,40,0.30000000000000004,232,100,1.8555430562417428e-06,448,0.009763626888101557,3,1,adam,"{'neurons_per_layer_encoder': [232], 'neurons_per_layer_decoder': [232, 116, 58]}",232,"[232, 116, 58]",[232],[0.3428923794575499],0.6141849625043655,COMPLETE
446,0.12275984891320846,2025-01-10 08:13:27.110291,2025-01-10 08:13:31.170971,0 days 00:00:04.060680,0.027348509077759275,40,0.30000000000000004,216,100,2.341073387936e-06,512,0.009930067290130068,3,1,adam,"{'neurons_per_layer_encoder': [216], 'neurons_per_layer_decoder': [216, 108, 54]}",216,"[216, 108, 54]",[216],[0.12275984891320846],0.4783506128234504,COMPLETE
447,0.3155144993426141,2025-01-10 08:13:27.336028,2025-01-10 08:13:31.318287,0 days 00:00:03.982259,0.028786543685394024,40,0.30000000000000004,220,100,2.4056598647997454e-06,516,0.0078450326650847,3,1,adam,"{'neurons_per_layer_encoder': [220], 'neurons_per_layer_decoder': [220, 110, 55]}",220,"[220, 110, 55]",[220],[0.3155144993426141],0.6197240999757804,COMPLETE
448,0.383863687521787,2025-01-10 08:13:29.774436,2025-01-10 08:13:33.673973,0 days 00:00:03.899537,0.024145617562344467,40,0.30000000000000004,220,100,2.2454711797608775e-06,516,0.007562824443204978,3,1,adam,"{'neurons_per_layer_encoder': [220], 'neurons_per_layer_decoder': [220, 110, 55]}",220,"[220, 110, 55]",[220],[0.383863687521787],0.4827240225681099,COMPLETE
449,0.39242780936901245,2025-01-10 08:13:31.327118,2025-01-10 08:13:35.022335,0 days 00:00:03.695217,0.025403870305957182,40,0.30000000000000004,240,100,1.5904688351545193e-06,584,0.007152761943101975,3,1,adam,"{'neurons_per_layer_encoder': [240], 'neurons_per_layer_decoder': [240, 120, 60]}",240,"[240, 120, 60]",[240],[0.39242780936901245],0.5664246853276383,COMPLETE
450,0.35232989474884313,2025-01-10 08:19:38.660257,2025-01-10 08:19:42.962190,0 days 00:00:04.301933,0.03161583519948802,40,0.1,236,100,6.666787071256491e-06,500,0.006269257865375925,3,1,adam,"{'neurons_per_layer_encoder': [236], 'neurons_per_layer_decoder': [236, 118, 59]}",236,"[236, 118, 59]",[236],[0.35232989474884313],0.5670026575563989,COMPLETE
451,0.5114069918272725,2025-01-10 08:19:38.665915,2025-01-10 08:19:43.013750,0 days 00:00:04.347835,0.03027591166668769,40,0.2,236,100,6.530321186980618e-06,500,0.006809738270462117,3,1,adam,"{'neurons_per_layer_encoder': [236], 'neurons_per_layer_decoder': [236, 118, 59]}",236,"[236, 118, 59]",[236],[0.5114069918272725],0.7364005116403676,COMPLETE
452,0.3149994742057568,2025-01-10 08:19:38.668436,2025-01-10 08:19:43.063180,0 days 00:00:04.394744,0.030860284146569345,40,0.30000000000000004,236,100,6.448222411665752e-06,500,0.006438821756593554,3,1,adam,"{'neurons_per_layer_encoder': [236], 'neurons_per_layer_decoder': [236, 118, 59]}",236,"[236, 118, 59]",[236],[0.3149994742057568],0.6746489655569121,COMPLETE
453,0.24561778517239652,2025-01-10 08:19:38.671540,2025-01-10 08:19:43.040229,0 days 00:00:04.368689,0.03032517846216406,40,0.30000000000000004,236,100,1.8199158508200181e-06,500,0.006411198493998634,3,1,adam,"{'neurons_per_layer_encoder': [236], 'neurons_per_layer_decoder': [236, 118, 59]}",236,"[236, 118, 59]",[236],[0.24561778517239652],0.5500252844743435,COMPLETE
454,0.44846847270470025,2025-01-10 08:19:38.666753,2025-01-10 08:19:43.004575,0 days 00:00:04.337822,0.03207732971334155,40,0.30000000000000004,236,100,1.9658640003501405e-06,500,0.00622937051049024,3,1,adam,"{'neurons_per_layer_encoder': [236], 'neurons_per_layer_decoder': [236, 118, 59]}",236,"[236, 118, 59]",[236],[0.44846847270470025],0.5795850069085022,COMPLETE
