number,value,datetime_start,datetime_complete,duration,params_alpha,params_batch_size,params_drop_out_rate,params_encoder_neurons_layer_1,params_epochs,params_lambda,params_latent_dim,params_learning_rate,params_num_layers_decoder,params_num_layers_encoder,params_optimizer,user_attrs_encoder_decoder_config,user_attrs_first_layer_neurons,user_attrs_neurons_per_layer_decoder,user_attrs_neurons_per_layer_encoder,user_attrs_r2_feature_1,user_attrs_relative_deterioration,state
1163,0.38230791014536614,2025-01-10 08:57:39.804074,2025-01-10 08:57:55.384378,0 days 00:00:15.580304,0.01525586581774359,32,0.30000000000000004,64,100,6.8726584635873336e-06,536,0.004527055630651329,3,4,adam,"{'neurons_per_layer_encoder': [64, 128, 256, 512], 'neurons_per_layer_decoder': [512, 256, 128]}",64,"[512, 256, 128]","[64, 128, 256, 512]",[0.38230791014536614],0.8863611140005474,COMPLETE
1164,-0.26935484135900656,2025-01-10 08:57:48.441118,2025-01-10 08:57:58.869531,0 days 00:00:10.428413,0.014798684195393215,32,0.30000000000000004,248,100,8.220291430941715e-06,304,0.0037797941515357652,3,1,adam,"{'neurons_per_layer_encoder': [248], 'neurons_per_layer_decoder': [248, 124, 62]}",248,"[248, 124, 62]",[248],[-0.26935484135900656],0.5329073442358384,COMPLETE
1165,0.3499577434372123,2025-01-10 08:57:48.517824,2025-01-10 08:57:59.798093,0 days 00:00:11.280269,0.015180352392504202,32,0.30000000000000004,248,100,6.787465312752679e-06,320,0.003557897295651132,3,1,adam,"{'neurons_per_layer_encoder': [248], 'neurons_per_layer_decoder': [248, 124, 62]}",248,"[248, 124, 62]",[248],[0.3499577434372123],0.6894184462243377,COMPLETE
1166,0.5490211312823196,2025-01-10 08:57:55.399710,2025-01-10 08:58:05.823112,0 days 00:00:10.423402,0.019049090588737827,32,0.30000000000000004,248,100,1.1902691235910184e-05,304,0.004044966718371501,3,1,adam,"{'neurons_per_layer_encoder': [248], 'neurons_per_layer_decoder': [248, 124, 62]}",248,"[248, 124, 62]",[248],[0.5490211312823196],0.8413372238698584,COMPLETE
1167,0.05030715870261526,2025-01-10 08:57:58.891771,2025-01-10 08:58:04.756887,0 days 00:00:05.865116,0.016456092592895006,32,0.30000000000000004,248,100,1.0047528845288027e-05,320,0.003712477371124897,3,1,adam,"{'neurons_per_layer_encoder': [248], 'neurons_per_layer_decoder': [248, 124, 62]}",248,"[248, 124, 62]",[248],[0.05030715870261526],0.7065801446444844,COMPLETE
1168,0.45447236684782333,2025-01-10 08:57:59.819072,2025-01-10 08:58:06.520954,0 days 00:00:06.701882,0.016030572959608545,32,0.30000000000000004,248,100,7.247993137755065e-06,304,0.003723598446954341,3,1,adam,"{'neurons_per_layer_encoder': [248], 'neurons_per_layer_decoder': [248, 124, 62]}",248,"[248, 124, 62]",[248],[0.45447236684782333],0.7889586149902583,COMPLETE
1169,0.5126954860585762,2025-01-10 08:58:04.475066,2025-01-10 08:58:08.869091,0 days 00:00:04.394025,0.020517179547627856,32,0.30000000000000004,248,100,5.559664187373306e-06,304,0.0047343283429532495,3,1,adam,"{'neurons_per_layer_encoder': [248], 'neurons_per_layer_decoder': [248, 124, 62]}",248,"[248, 124, 62]",[248],[0.5126954860585762],0.7913945626993056,COMPLETE
1170,0.5026208881466889,2025-01-10 08:58:04.768516,2025-01-10 08:58:09.591474,0 days 00:00:04.822958,0.017021500758280843,32,0.30000000000000004,252,100,8.897222474626528e-06,324,0.0047991584841613494,3,1,adam,"{'neurons_per_layer_encoder': [252], 'neurons_per_layer_decoder': [252, 126, 63]}",252,"[252, 126, 63]",[252],[0.5026208881466889],0.8156985153890752,COMPLETE
1171,0.5557872855553346,2025-01-10 08:58:05.025350,2025-01-10 08:58:09.174882,0 days 00:00:04.149532,0.017257554761801328,32,0.30000000000000004,252,100,7.602206520967129e-06,308,0.004176091935821908,3,1,adam,"{'neurons_per_layer_encoder': [252], 'neurons_per_layer_decoder': [252, 126, 63]}",252,"[252, 126, 63]",[252],[0.5557872855553346],0.8413692390737745,COMPLETE
1172,0.4373168601745334,2025-01-10 08:58:05.833342,2025-01-10 08:58:10.068317,0 days 00:00:04.234975,0.01784555307399868,32,0.30000000000000004,256,100,9.79723217975456e-06,312,0.00461330828555268,3,1,adam,"{'neurons_per_layer_encoder': [256], 'neurons_per_layer_decoder': [256, 128, 64]}",256,"[256, 128, 64]",[256],[0.4373168601745334],0.7891467227963768,COMPLETE
1173,0.30834718188986876,2025-01-10 08:58:06.531114,2025-01-10 08:58:10.519777,0 days 00:00:03.988663,0.017557781072889123,56,0.30000000000000004,252,100,9.649744708629634e-06,308,0.004780916343640589,3,1,adam,"{'neurons_per_layer_encoder': [252], 'neurons_per_layer_decoder': [252, 126, 63]}",252,"[252, 126, 63]",[252],[0.30834718188986876],0.7069928735622298,COMPLETE
1174,0.5003648072842503,2025-01-10 08:58:08.880056,2025-01-10 08:58:13.121467,0 days 00:00:04.241411,0.01785898654128415,32,0.30000000000000004,256,100,6.291854515604803e-06,312,0.00479984620063257,3,1,adam,"{'neurons_per_layer_encoder': [256], 'neurons_per_layer_decoder': [256, 128, 64]}",256,"[256, 128, 64]",[256],[0.5003648072842503],0.7834597428416897,COMPLETE
1175,0.20376018524878703,2025-01-10 08:58:09.185612,2025-01-10 08:58:13.141717,0 days 00:00:03.956105,0.01784279526442302,48,0.30000000000000004,116,100,1.76313772200543e-06,156,0.002945297581281078,5,1,adam,"{'neurons_per_layer_encoder': [116], 'neurons_per_layer_decoder': [116, 58, 29, 14, 8]}",116,"[116, 58, 29, 14, 8]",[116],[0.20376018524878703],0.7427036773898673,COMPLETE
1176,-22.40481777427966,2025-01-10 08:58:09.601438,2025-01-10 08:58:11.744805,0 days 00:00:02.143367,0.018032669119811197,48,0.30000000000000004,256,100,6.904716397403894e-06,328,3.200708757058177e-05,3,1,adam,"{'neurons_per_layer_encoder': [256], 'neurons_per_layer_decoder': [256, 128, 64]}",256,"[256, 128, 64]",[256],[-22.40481777427966],0.39957236992813394,COMPLETE
1177,0.2286241999059705,2025-01-10 08:58:10.078013,2025-01-10 08:58:14.062633,0 days 00:00:03.984620,0.018177156818103526,48,0.30000000000000004,244,100,6.339652887481056e-06,316,0.005185451082420344,5,1,adam,"{'neurons_per_layer_encoder': [244], 'neurons_per_layer_decoder': [244, 122, 61, 30, 15]}",244,"[244, 122, 61, 30, 15]",[244],[0.2286241999059705],0.7523332091723325,COMPLETE
1178,0.10691447357769446,2025-01-10 08:58:11.754190,2025-01-10 08:58:14.517715,0 days 00:00:02.763525,0.018015814916806507,48,0.30000000000000004,244,100,5.923433084199208e-06,316,0.0048111430117845745,3,1,adam,"{'neurons_per_layer_encoder': [244], 'neurons_per_layer_decoder': [244, 122, 61]}",244,"[244, 122, 61]",[244],[0.10691447357769446],0.6432330769529138,COMPLETE
1179,0.36390736548934266,2025-01-10 08:58:13.131425,2025-01-10 08:58:17.003950,0 days 00:00:03.872525,0.013623919165054524,48,0.30000000000000004,244,100,5.7803985089521665e-06,316,0.005318029458817839,3,1,adam,"{'neurons_per_layer_encoder': [244], 'neurons_per_layer_decoder': [244, 122, 61]}",244,"[244, 122, 61]",[244],[0.36390736548934266],0.6466272735932923,COMPLETE
1180,-9.654781296432233,2025-01-10 08:58:13.153278,2025-01-10 08:58:15.945919,0 days 00:00:02.792641,0.018772793641107458,48,0.30000000000000004,244,100,5.7980173348856185e-06,332,0.005469849971782574,3,1,sgd,"{'neurons_per_layer_encoder': [244], 'neurons_per_layer_decoder': [244, 122, 61]}",244,"[244, 122, 61]",[244],[-9.654781296432233],-0.4346916013655256,COMPLETE
1181,-1.89908072673644,2025-01-10 08:58:14.072104,2025-01-10 08:58:16.958304,0 days 00:00:02.886200,0.015812348785623254,32,0.30000000000000004,244,100,5.792433105184423e-06,332,0.0051994935028747725,3,1,sgd,"{'neurons_per_layer_encoder': [244], 'neurons_per_layer_decoder': [244, 122, 61]}",244,"[244, 122, 61]",[244],[-1.89908072673644],0.5263064436833692,COMPLETE
1182,-2.6096085453889404,2025-01-10 08:58:14.527857,2025-01-10 08:58:17.449308,0 days 00:00:02.921451,0.015646983708016354,32,0.30000000000000004,244,100,1.1152396356507248e-06,332,0.0059072444197786145,3,1,sgd,"{'neurons_per_layer_encoder': [244], 'neurons_per_layer_decoder': [244, 122, 61]}",244,"[244, 122, 61]",[244],[-2.6096085453889404],0.3205133290772731,COMPLETE
1183,0.28160104804229324,2025-01-10 08:58:15.955971,2025-01-10 08:58:19.329786,0 days 00:00:03.373815,0.016299571051381297,32,0.30000000000000004,244,100,1.2508019267922072e-06,332,0.006061787877998019,3,1,adam,"{'neurons_per_layer_encoder': [244], 'neurons_per_layer_decoder': [244, 122, 61]}",244,"[244, 122, 61]",[244],[0.28160104804229324],0.6055380174964088,COMPLETE
1184,0.009937758650501616,2025-01-10 08:58:16.966466,2025-01-10 08:58:21.167198,0 days 00:00:04.200732,0.015615563840259044,40,0.30000000000000004,252,100,1.3878876786937887e-06,452,0.006100411464581643,3,1,adam,"{'neurons_per_layer_encoder': [252], 'neurons_per_layer_decoder': [252, 126, 63]}",252,"[252, 126, 63]",[252],[0.009937758650501616],0.07599027434737335,COMPLETE
1185,0.3416081206832553,2025-01-10 08:58:17.017316,2025-01-10 08:58:20.911324,0 days 00:00:03.894008,0.043718906943945104,88,0.30000000000000004,252,100,1.1720062781805003e-06,452,0.006036671764989065,3,1,adam,"{'neurons_per_layer_encoder': [252], 'neurons_per_layer_decoder': [252, 126, 63]}",252,"[252, 126, 63]",[252],[0.3416081206832553],0.4340618388815385,COMPLETE
1186,0.4715824801466455,2025-01-10 08:58:17.459449,2025-01-10 08:58:21.666923,0 days 00:00:04.207474,0.023535024406984413,40,0.30000000000000004,252,100,2.380210528316482e-05,452,0.004085842252212154,3,1,adam,"{'neurons_per_layer_encoder': [252], 'neurons_per_layer_decoder': [252, 126, 63]}",252,"[252, 126, 63]",[252],[0.4715824801466455],0.8458867228375422,COMPLETE
1187,0.5629668090956736,2025-01-10 08:58:19.339638,2025-01-10 08:58:23.694790,0 days 00:00:04.355152,0.045391066659737696,40,0.30000000000000004,252,100,1.4409964726349812e-06,452,0.0040383160017190495,3,1,adam,"{'neurons_per_layer_encoder': [252], 'neurons_per_layer_decoder': [252, 126, 63]}",252,"[252, 126, 63]",[252],[0.5629668090956736],0.6962884049527304,COMPLETE
1188,0.48318256119517855,2025-01-10 08:58:20.923299,2025-01-10 08:58:25.460490,0 days 00:00:04.537191,0.0402762430432554,40,0.30000000000000004,252,100,2.1605004250120758e-06,612,0.003911923137982784,3,1,adam,"{'neurons_per_layer_encoder': [252], 'neurons_per_layer_decoder': [252, 126, 63]}",252,"[252, 126, 63]",[252],[0.48318256119517855],0.6730095823872158,COMPLETE
1189,0.14182464489970592,2025-01-10 08:58:21.177233,2025-01-10 08:58:23.960814,0 days 00:00:02.783581,0.0145055088777407,40,0.30000000000000004,248,100,2.155856875759582e-06,352,0.004300600742284265,3,1,adam,"{'neurons_per_layer_encoder': [248], 'neurons_per_layer_decoder': [248, 124, 62]}",248,"[248, 124, 62]",[248],[0.14182464489970592],0.5953600649195517,COMPLETE
1190,0.1499521290754059,2025-01-10 08:58:21.675957,2025-01-10 08:58:25.631854,0 days 00:00:03.955897,0.01977428100981418,40,0.30000000000000004,236,100,2.1545777423632116e-06,340,0.0033293271132450565,3,1,adam,"{'neurons_per_layer_encoder': [236], 'neurons_per_layer_decoder': [236, 118, 59]}",236,"[236, 118, 59]",[236],[0.1499521290754059],0.5291268386125101,COMPLETE
1191,-0.16583610486313782,2025-01-10 08:58:23.705843,2025-01-10 08:58:26.091084,0 days 00:00:02.385241,0.03548842997128862,40,0.30000000000000004,236,100,2.109476068493694e-06,340,0.006700177118101023,3,1,adam,"{'neurons_per_layer_encoder': [236], 'neurons_per_layer_decoder': [236, 118, 59]}",236,"[236, 118, 59]",[236],[-0.16583610486313782],0.46184576236664765,COMPLETE
1192,0.46529700539866947,2025-01-10 08:58:23.970571,2025-01-10 08:58:27.747858,0 days 00:00:03.777287,0.04014074066012644,40,0.30000000000000004,236,100,1.1371216076738282e-05,340,0.006802431833912804,3,1,adam,"{'neurons_per_layer_encoder': [236], 'neurons_per_layer_decoder': [236, 118, 59]}",236,"[236, 118, 59]",[236],[0.46529700539866947],0.7605807292286255,COMPLETE
1193,0.6131191918645086,2025-01-10 08:58:25.641189,2025-01-10 08:58:29.665975,0 days 00:00:04.024786,0.03498604273598379,40,0.30000000000000004,256,100,1.8265085326373864e-06,600,0.006642986609230312,3,1,adam,"{'neurons_per_layer_encoder': [256], 'neurons_per_layer_decoder': [256, 128, 64]}",256,"[256, 128, 64]",[256],[0.6131191918645086],0.7714844575491092,COMPLETE
1194,-0.8539516666409606,2025-01-10 08:58:27.758509,2025-01-10 08:58:32.157250,0 days 00:00:04.398741,0.020626183476148148,32,0.30000000000000004,256,100,7.96529125655713e-06,600,0.00016726092922298127,3,1,adam,"{'neurons_per_layer_encoder': [256], 'neurons_per_layer_decoder': [256, 128, 64]}",256,"[256, 128, 64]",[256],[-0.8539516666409606],0.6579669013926639,COMPLETE
1195,0.44092612800110753,2025-01-10 08:58:32.164793,2025-01-10 08:58:35.842162,0 days 00:00:03.677369,0.038721456166883224,48,0.30000000000000004,256,100,1.7471899001402949e-06,600,0.006548619319910341,3,1,adam,"{'neurons_per_layer_encoder': [256], 'neurons_per_layer_decoder': [256, 128, 64]}",256,"[256, 128, 64]",[256],[0.44092612800110753],0.5839417579771297,COMPLETE
