number,value,datetime_start,datetime_complete,duration,params_alpha,params_batch_size,params_drop_out_rate,params_encoder_neurons_layer_1,params_epochs,params_lambda,params_latent_dim,params_learning_rate,params_num_layers_decoder,params_num_layers_encoder,params_optimizer,user_attrs_encoder_decoder_config,user_attrs_first_layer_neurons,user_attrs_neurons_per_layer_decoder,user_attrs_neurons_per_layer_encoder,user_attrs_r2_feature_1,user_attrs_relative_deterioration,state
811,0.2764934680239889,2025-01-10 08:43:26.294521,2025-01-10 08:43:29.943383,0 days 00:00:03.648862,0.02257057234105303,40,0.4,236,100,1.9766619160899494e-06,404,0.007818942487911474,3,1,adam,"{'neurons_per_layer_encoder': [236], 'neurons_per_layer_decoder': [236, 118, 59]}",236,"[236, 118, 59]",[236],[0.2764934680239889],0.6553211638731848,COMPLETE
812,0.4136514393602234,2025-01-10 08:43:27.312734,2025-01-10 08:43:31.886665,0 days 00:00:04.573931,0.023350076435845923,40,0.4,244,100,2.4086227761170576e-06,572,0.008051994391279254,3,1,adam,"{'neurons_per_layer_encoder': [244], 'neurons_per_layer_decoder': [244, 122, 61]}",244,"[244, 122, 61]",[244],[0.4136514393602234],0.6691044016193203,COMPLETE
813,0.37936614718452155,2025-01-10 08:43:27.769488,2025-01-10 08:43:32.164999,0 days 00:00:04.395511,0.02537672169010798,40,0.4,244,100,2.0061030293354107e-06,396,0.008169884155010545,3,1,adam,"{'neurons_per_layer_encoder': [244], 'neurons_per_layer_decoder': [244, 122, 61]}",244,"[244, 122, 61]",[244],[0.37936614718452155],0.6716813822958861,COMPLETE
814,-0.45530339662482344,2025-01-10 08:43:28.738786,2025-01-10 08:43:33.483247,0 days 00:00:04.744461,0.023099732010372333,32,0.4,244,100,2.003162405341449e-06,572,0.00014607408777773305,3,1,adam,"{'neurons_per_layer_encoder': [244], 'neurons_per_layer_decoder': [244, 122, 61]}",244,"[244, 122, 61]",[244],[-0.45530339662482344],0.7945943396218068,COMPLETE
815,0.39842760136507704,2025-01-10 08:43:29.952161,2025-01-10 08:43:33.950114,0 days 00:00:03.997953,0.026947233479074253,40,0.4,244,100,2.5568228241485086e-06,364,0.0069916207507669205,3,1,adam,"{'neurons_per_layer_encoder': [244], 'neurons_per_layer_decoder': [244, 122, 61]}",244,"[244, 122, 61]",[244],[0.39842760136507704],0.6666825580498512,COMPLETE
816,0.4241047565201982,2025-01-10 08:43:31.895490,2025-01-10 08:43:35.689572,0 days 00:00:03.794082,0.028343534074853252,40,0.4,244,100,4.9406254445253215e-06,364,0.006221452907107173,3,1,adam,"{'neurons_per_layer_encoder': [244], 'neurons_per_layer_decoder': [244, 122, 61]}",244,"[244, 122, 61]",[244],[0.4241047565201982],0.7296983658698303,COMPLETE
817,-0.24867659917677898,2025-01-10 08:43:32.174825,2025-01-10 08:43:36.064709,0 days 00:00:03.889884,0.027057079129796914,32,0.4,248,100,4.614148953811729e-06,480,0.006217310161737731,3,1,adam,"{'neurons_per_layer_encoder': [248], 'neurons_per_layer_decoder': [248, 124, 62]}",248,"[248, 124, 62]",[248],[-0.24867659917677898],0.5239974860392389,COMPLETE
818,0.4545093554994629,2025-01-10 08:43:33.491941,2025-01-10 08:43:37.491104,0 days 00:00:03.999163,0.026984573411817633,40,0.4,256,100,2.7072029150260206e-06,456,0.00638747979561998,3,1,adam,"{'neurons_per_layer_encoder': [256], 'neurons_per_layer_decoder': [256, 128, 64]}",256,"[256, 128, 64]",[256],[0.4545093554994629],0.7290824877886599,COMPLETE
819,0.4525473494573542,2025-01-10 08:43:33.958546,2025-01-10 08:43:37.948939,0 days 00:00:03.990393,0.03877082392189051,40,0.4,256,100,4.591680301442903e-06,456,0.0063409840359057645,3,1,adam,"{'neurons_per_layer_encoder': [256], 'neurons_per_layer_decoder': [256, 128, 64]}",256,"[256, 128, 64]",[256],[0.4525473494573542],0.7421321345143813,COMPLETE
820,0.5360822026979735,2025-01-10 08:43:35.699698,2025-01-10 08:43:39.791765,0 days 00:00:04.092067,0.03946876261349415,32,0.4,256,100,1.2148134941278054e-06,312,0.008722741060924124,3,1,adam,"{'neurons_per_layer_encoder': [256], 'neurons_per_layer_decoder': [256, 128, 64]}",256,"[256, 128, 64]",[256],[0.5360822026979735],0.7626348401286462,COMPLETE
821,0.29813858761261613,2025-01-10 08:43:36.072846,2025-01-10 08:43:39.954022,0 days 00:00:03.881176,0.03506072818430397,48,0.4,256,100,1.2234560011152604e-06,440,0.009956946531450647,3,1,adam,"{'neurons_per_layer_encoder': [256], 'neurons_per_layer_decoder': [256, 128, 64]}",256,"[256, 128, 64]",[256],[0.29813858761261613],0.5039115315756932,COMPLETE
822,0.3689529424042858,2025-01-10 08:43:37.499614,2025-01-10 08:43:41.580667,0 days 00:00:04.081053,0.03850330496089548,40,0.4,232,100,3.7372948717663153e-06,544,0.008929849418750146,3,1,adam,"{'neurons_per_layer_encoder': [232], 'neurons_per_layer_decoder': [232, 116, 58]}",232,"[232, 116, 58]",[232],[0.3689529424042858],0.7189623606360027,COMPLETE
823,0.4523654841945528,2025-01-10 08:43:37.957802,2025-01-10 08:43:41.846467,0 days 00:00:03.888665,0.03424175793466943,48,0.4,232,100,1.2086480428782427e-06,560,0.009061664890153304,3,1,adam,"{'neurons_per_layer_encoder': [232], 'neurons_per_layer_decoder': [232, 116, 58]}",232,"[232, 116, 58]",[232],[0.4523654841945528],0.658640287765048,COMPLETE
824,0.34757984007550713,2025-01-10 08:43:39.800622,2025-01-10 08:43:43.212440,0 days 00:00:03.411818,0.016185607316842515,48,0.4,232,100,2.842881019178398e-06,544,0.003934244035520404,3,1,adam,"{'neurons_per_layer_encoder': [232], 'neurons_per_layer_decoder': [232, 116, 58]}",232,"[232, 116, 58]",[232],[0.34757984007550713],0.7036270065758123,COMPLETE
825,0.3045044514615102,2025-01-10 08:43:39.963188,2025-01-10 08:43:43.158238,0 days 00:00:03.195050,0.016623471028533236,40,0.4,232,100,3.3964028236317544e-06,400,0.004119129311415975,3,1,adam,"{'neurons_per_layer_encoder': [232], 'neurons_per_layer_decoder': [232, 116, 58]}",232,"[232, 116, 58]",[232],[0.3045044514615102],0.6975418219688163,COMPLETE
826,0.46073465617027654,2025-01-10 08:43:41.589532,2025-01-10 08:43:45.750433,0 days 00:00:04.160901,0.016148228420321233,40,0.4,228,100,1.7869118065793663e-06,508,0.00422257082695221,3,1,adam,"{'neurons_per_layer_encoder': [228], 'neurons_per_layer_decoder': [228, 114, 57]}",228,"[228, 114, 57]",[228],[0.46073465617027654],0.657290127667736,COMPLETE
827,0.5895395401167328,2025-01-10 08:43:41.855065,2025-01-10 08:43:45.937091,0 days 00:00:04.082026,0.0314957679785446,40,0.4,248,100,2.8414685878629765e-06,336,0.004073255267519406,3,1,adam,"{'neurons_per_layer_encoder': [248], 'neurons_per_layer_decoder': [248, 124, 62]}",248,"[248, 124, 62]",[248],[0.5895395401167328],0.809828301952038,COMPLETE
828,0.5339075947123879,2025-01-10 08:43:43.166366,2025-01-10 08:43:47.322569,0 days 00:00:04.156203,0.03164913804699744,40,0.4,240,100,2.716017193666569e-06,392,0.007180673839892957,3,1,adam,"{'neurons_per_layer_encoder': [240], 'neurons_per_layer_decoder': [240, 120, 60]}",240,"[240, 120, 60]",[240],[0.5339075947123879],0.7734314850481926,COMPLETE
829,0.4835704566627089,2025-01-10 08:43:43.222772,2025-01-10 08:43:47.461088,0 days 00:00:04.238316,0.03149910905708961,40,0.4,240,100,2.3101655833044843e-06,520,0.007303801095180385,3,1,adam,"{'neurons_per_layer_encoder': [240], 'neurons_per_layer_decoder': [240, 120, 60]}",240,"[240, 120, 60]",[240],[0.4835704566627089],0.7312433517655589,COMPLETE
830,0.46432759889018504,2025-01-10 08:43:45.759976,2025-01-10 08:43:49.752958,0 days 00:00:03.992982,0.03195317296514066,40,0.4,248,100,4.5815830269848296e-05,336,0.005525713393428462,3,1,adam,"{'neurons_per_layer_encoder': [248], 'neurons_per_layer_decoder': [248, 124, 62]}",248,"[248, 124, 62]",[248],[0.46432759889018504],0.8859957008958788,COMPLETE
831,0.3674397743589647,2025-01-10 08:43:45.947273,2025-01-10 08:43:49.758903,0 days 00:00:03.811630,0.031935358865068965,40,0.4,248,100,2.7969438003306164e-06,336,0.0036155389325254945,3,1,adam,"{'neurons_per_layer_encoder': [248], 'neurons_per_layer_decoder': [248, 124, 62]}",248,"[248, 124, 62]",[248],[0.3674397743589647],0.6641806312244684,COMPLETE
832,0.524326288328761,2025-01-10 08:43:47.331672,2025-01-10 08:43:51.442551,0 days 00:00:04.110879,0.029301292912950087,40,0.4,252,100,3.324142006945233e-06,340,0.0035126379869058794,3,1,adam,"{'neurons_per_layer_encoder': [252], 'neurons_per_layer_decoder': [252, 126, 63]}",252,"[252, 126, 63]",[252],[0.524326288328761],0.7600087544126636,COMPLETE
833,-0.20829130685360342,2025-01-10 08:43:47.469730,2025-01-10 08:43:51.122964,0 days 00:00:03.653234,0.029366747360499674,40,0.4,248,100,3.2891226092141877e-06,480,0.003294090029041823,5,1,adam,"{'neurons_per_layer_encoder': [248], 'neurons_per_layer_decoder': [248, 124, 62, 31, 15]}",248,"[248, 124, 62, 31, 15]",[248],[-0.20829130685360342],0.6817971417044831,COMPLETE
834,0.4175177580676812,2025-01-10 08:43:49.765874,2025-01-10 08:43:54.407590,0 days 00:00:04.641716,0.029284219021725812,32,0.4,248,100,3.319715263921986e-06,480,0.004559366674622944,3,1,adam,"{'neurons_per_layer_encoder': [248], 'neurons_per_layer_decoder': [248, 124, 62]}",248,"[248, 124, 62]",[248],[0.4175177580676812],0.7563437201889684,COMPLETE
835,0.4572156486867741,2025-01-10 08:43:49.767942,2025-01-10 08:43:54.467889,0 days 00:00:04.699947,0.03431991114968998,32,0.4,252,100,3.203549636395817e-06,484,0.0037407010028439017,3,1,adam,"{'neurons_per_layer_encoder': [252], 'neurons_per_layer_decoder': [252, 126, 63]}",252,"[252, 126, 63]",[252],[0.4572156486867741],0.7788713258935726,COMPLETE
836,0.17112661844635757,2025-01-10 08:43:51.133188,2025-01-10 08:43:55.913014,0 days 00:00:04.779826,0.033279592575964904,32,0.4,252,100,3.5037557130071024e-06,528,0.0033303177810938413,3,2,adam,"{'neurons_per_layer_encoder': [252, 504], 'neurons_per_layer_decoder': [504, 252, 126]}",252,"[504, 252, 126]","[252, 504]",[0.17112661844635757],0.7299320815914844,COMPLETE
837,0.1316249614186621,2025-01-10 08:43:51.453351,2025-01-10 08:43:55.611513,0 days 00:00:04.158162,0.03329983521632716,32,0.4,252,100,4.115746020145629e-06,528,0.003761643102960502,3,2,adam,"{'neurons_per_layer_encoder': [252, 504], 'neurons_per_layer_decoder': [504, 252, 126]}",252,"[504, 252, 126]","[252, 504]",[0.1316249614186621],0.7858349049424784,COMPLETE
838,0.498106206335468,2025-01-10 08:43:54.416690,2025-01-10 08:44:00.822107,0 days 00:00:06.405417,0.03068079445809077,40,0.4,252,100,2.8813637529960733e-06,528,0.003322129050975461,3,2,adam,"{'neurons_per_layer_encoder': [252, 504], 'neurons_per_layer_decoder': [504, 252, 126]}",252,"[504, 252, 126]","[252, 504]",[0.498106206335468],0.7621154536519942,COMPLETE
839,0.28276912987573366,2025-01-10 08:43:54.477832,2025-01-10 08:43:57.918027,0 days 00:00:03.440195,0.03563351836112846,40,0.4,136,100,4.095543571683167e-06,360,0.004029104875994954,3,2,adam,"{'neurons_per_layer_encoder': [136, 272], 'neurons_per_layer_decoder': [272, 136, 68]}",136,"[272, 136, 68]","[136, 272]",[0.28276912987573366],0.7700584697279208,COMPLETE
840,0.2641818399298871,2025-01-10 08:43:55.620212,2025-01-10 08:43:59.227794,0 days 00:00:03.607582,0.03048875403785033,40,0.4,136,100,3.6800161686331242e-06,304,0.003144094722698403,3,1,adam,"{'neurons_per_layer_encoder': [136], 'neurons_per_layer_decoder': [136, 68, 34]}",136,"[136, 68, 34]",[136],[0.2641818399298871],0.705233366495718,COMPLETE
841,0.25459341067133234,2025-01-10 08:43:55.921892,2025-01-10 08:43:59.110837,0 days 00:00:03.188945,0.028613211150616383,40,0.4,240,100,2.7765067363081145e-06,504,0.0040222215623241285,3,1,adam,"{'neurons_per_layer_encoder': [240], 'neurons_per_layer_decoder': [240, 120, 60]}",240,"[240, 120, 60]",[240],[0.25459341067133234],0.6928578676432855,COMPLETE
842,0.3825942050643316,2025-01-10 08:43:57.926886,2025-01-10 08:44:02.118682,0 days 00:00:04.191796,0.03093532031535694,48,0.30000000000000004,240,100,2.7667166232082113e-06,504,0.0046821470049324704,3,1,adam,"{'neurons_per_layer_encoder': [240], 'neurons_per_layer_decoder': [240, 120, 60]}",240,"[240, 120, 60]",[240],[0.3825942050643316],0.586347273476627,COMPLETE
843,0.39416648477672334,2025-01-10 08:43:59.119583,2025-01-10 08:44:03.457645,0 days 00:00:04.338062,0.030816212006142985,40,0.30000000000000004,236,100,4.795030011956157e-06,388,0.00477577250999296,3,1,adam,"{'neurons_per_layer_encoder': [236], 'neurons_per_layer_decoder': [236, 118, 59]}",236,"[236, 118, 59]",[236],[0.39416648477672334],0.664478181173888,COMPLETE
844,0.3852435309631175,2025-01-10 08:43:59.237413,2025-01-10 08:44:03.287731,0 days 00:00:04.050318,0.03031107866785163,48,0.30000000000000004,240,100,5.046535981931629e-06,392,0.004742651838322049,3,1,adam,"{'neurons_per_layer_encoder': [240], 'neurons_per_layer_decoder': [240, 120, 60]}",240,"[240, 120, 60]",[240],[0.3852435309631175],0.6285811548568182,COMPLETE
845,0.361483422945335,2025-01-10 08:44:00.832900,2025-01-10 08:44:04.713391,0 days 00:00:03.880491,0.027829641848114525,48,0.30000000000000004,236,100,5.184377883949967e-06,388,0.004585804285637665,3,1,adam,"{'neurons_per_layer_encoder': [236], 'neurons_per_layer_decoder': [236, 118, 59]}",236,"[236, 118, 59]",[236],[0.361483422945335],0.5856294371652484,COMPLETE
846,0.3303468919166652,2025-01-10 08:44:02.129669,2025-01-10 08:44:06.036619,0 days 00:00:03.906950,0.02781163278392848,40,0.30000000000000004,256,100,2.417431377569489e-06,344,0.008640837840779814,3,1,adam,"{'neurons_per_layer_encoder': [256], 'neurons_per_layer_decoder': [256, 128, 64]}",256,"[256, 128, 64]",[256],[0.3303468919166652],0.5512387320423436,COMPLETE
847,0.24996517133012586,2025-01-10 08:44:03.297914,2025-01-10 08:44:07.001608,0 days 00:00:03.703694,0.027854000048383377,40,0.30000000000000004,236,100,2.3328779752264678e-06,388,0.008693825811311152,3,1,adam,"{'neurons_per_layer_encoder': [236], 'neurons_per_layer_decoder': [236, 118, 59]}",236,"[236, 118, 59]",[236],[0.24996517133012586],0.5849248012432543,COMPLETE
848,0.3342364371898482,2025-01-10 08:44:03.467614,2025-01-10 08:44:07.387988,0 days 00:00:03.920374,0.027844905722483645,40,0.30000000000000004,256,100,2.4244963013032254e-06,344,0.008908215198814214,3,1,adam,"{'neurons_per_layer_encoder': [256], 'neurons_per_layer_decoder': [256, 128, 64]}",256,"[256, 128, 64]",[256],[0.3342364371898482],0.6085323296793763,COMPLETE
849,0.45089376562387795,2025-01-10 08:44:04.722204,2025-01-10 08:44:08.620313,0 days 00:00:03.898109,0.035749314541675466,40,0.4,256,100,2.3978538274766537e-06,344,0.008903650079461695,3,1,adam,"{'neurons_per_layer_encoder': [256], 'neurons_per_layer_decoder': [256, 128, 64]}",256,"[256, 128, 64]",[256],[0.45089376562387795],0.6924000014859498,COMPLETE
850,0.21513710446309386,2025-01-10 08:44:06.045222,2025-01-10 08:44:10.128662,0 days 00:00:04.083440,0.03615510408196411,40,0.4,248,100,3.4035836525837066e-05,496,0.008849597900319882,3,1,adam,"{'neurons_per_layer_encoder': [248], 'neurons_per_layer_decoder': [248, 124, 62]}",248,"[248, 124, 62]",[248],[0.21513710446309386],0.7690228764406385,COMPLETE
851,0.3421509117178255,2025-01-10 08:44:07.010344,2025-01-10 08:44:11.315584,0 days 00:00:04.305240,0.03589165816675126,40,0.4,248,100,4.020119501215597e-06,496,0.009872684131463907,3,1,adam,"{'neurons_per_layer_encoder': [248], 'neurons_per_layer_decoder': [248, 124, 62]}",248,"[248, 124, 62]",[248],[0.3421509117178255],0.7266640033171861,COMPLETE
852,0.5758262564971461,2025-01-10 08:44:07.397274,2025-01-10 08:44:11.673121,0 days 00:00:04.275847,0.03562629845131896,40,0.4,248,100,3.956526548538186e-06,496,0.007611328551432097,3,1,adam,"{'neurons_per_layer_encoder': [248], 'neurons_per_layer_decoder': [248, 124, 62]}",248,"[248, 124, 62]",[248],[0.5758262564971461],0.8043246663809687,COMPLETE
853,0.5158472729238512,2025-01-10 08:44:08.630090,2025-01-10 08:44:13.027484,0 days 00:00:04.397394,0.033479491268860274,40,0.4,248,100,3.953323408151456e-06,496,0.007538823435454498,3,1,adam,"{'neurons_per_layer_encoder': [248], 'neurons_per_layer_decoder': [248, 124, 62]}",248,"[248, 124, 62]",[248],[0.5158472729238512],0.7842950017445418,COMPLETE
854,0.30348893282635847,2025-01-10 08:44:10.137691,2025-01-10 08:44:14.549066,0 days 00:00:04.411375,0.0252303338319067,40,0.4,244,100,4.023691594720705e-06,364,0.007346437086934694,3,1,adam,"{'neurons_per_layer_encoder': [244], 'neurons_per_layer_decoder': [244, 122, 61]}",244,"[244, 122, 61]",[244],[0.30348893282635847],0.6666267676318312,COMPLETE
855,-0.07662658064999994,2025-01-10 08:44:11.324841,2025-01-10 08:44:15.016954,0 days 00:00:03.692113,0.03317558272329108,40,0.4,228,100,3.143803808789018e-06,364,0.0006896134562682356,3,1,adam,"{'neurons_per_layer_encoder': [228], 'neurons_per_layer_decoder': [228, 114, 57]}",228,"[228, 114, 57]",[228],[-0.07662658064999994],0.7197483206901588,COMPLETE
856,0.4623988152678138,2025-01-10 08:44:11.682848,2025-01-10 08:44:15.907487,0 days 00:00:04.224639,0.03350550128773525,40,0.4,244,100,3.168370360895758e-06,492,0.0075649106629665855,3,1,adam,"{'neurons_per_layer_encoder': [244], 'neurons_per_layer_decoder': [244, 122, 61]}",244,"[244, 122, 61]",[244],[0.4623988152678138],0.7422927168042401,COMPLETE
857,-0.3068351522853199,2025-01-10 08:44:13.036722,2025-01-10 08:44:16.187082,0 days 00:00:03.150360,0.03374921017623543,40,0.4,244,100,3.0953845150903584e-06,588,0.0009913878407403695,3,1,adam,"{'neurons_per_layer_encoder': [244], 'neurons_per_layer_decoder': [244, 122, 61]}",244,"[244, 122, 61]",[244],[-0.3068351522853199],0.6567311700591713,COMPLETE
858,0.4462552420060154,2025-01-10 08:44:14.558085,2025-01-10 08:44:18.730539,0 days 00:00:04.172454,0.03732871030086313,40,0.4,244,100,2.8007990975304518e-06,492,0.007614775880597719,3,1,adam,"{'neurons_per_layer_encoder': [244], 'neurons_per_layer_decoder': [244, 122, 61]}",244,"[244, 122, 61]",[244],[0.4462552420060154],0.7178388119029618,COMPLETE
859,0.4002728728746029,2025-01-10 08:44:15.028236,2025-01-10 08:44:19.286952,0 days 00:00:04.258716,0.0391412006678766,40,0.4,244,100,3.458852827397761e-06,588,0.0076684235399700545,3,1,adam,"{'neurons_per_layer_encoder': [244], 'neurons_per_layer_decoder': [244, 122, 61]}",244,"[244, 122, 61]",[244],[0.4002728728746029],0.7195114722116416,COMPLETE
860,-28.085782227119616,2025-01-10 08:44:15.916479,2025-01-10 08:44:18.622860,0 days 00:00:02.706381,0.0381146899240869,32,0.4,248,100,3.651630492895521e-06,496,0.0071946946116724884,3,1,adadelta,"{'neurons_per_layer_encoder': [248], 'neurons_per_layer_decoder': [248, 124, 62]}",248,"[248, 124, 62]",[248],[-28.085782227119616],0.17542677509540164,COMPLETE
861,-0.04540233755349821,2025-01-10 08:44:16.196042,2025-01-10 08:44:20.776104,0 days 00:00:04.580062,0.039084517743597134,32,0.4,252,100,0.0005949104211638431,596,0.009930776679855409,3,1,adam,"{'neurons_per_layer_encoder': [252], 'neurons_per_layer_decoder': [252, 126, 63]}",252,"[252, 126, 63]",[252],[-0.04540233755349821],0.854208170436522,COMPLETE
862,0.467781377563806,2025-01-10 08:44:18.632796,2025-01-10 08:44:22.676261,0 days 00:00:04.043465,0.03794489836738968,40,0.4,240,100,2.7557532927897777e-06,488,0.006728214666393266,3,1,adam,"{'neurons_per_layer_encoder': [240], 'neurons_per_layer_decoder': [240, 120, 60]}",240,"[240, 120, 60]",[240],[0.467781377563806],0.6947240535317802,COMPLETE
863,0.09203596698437533,2025-01-10 08:44:18.741822,2025-01-10 08:44:22.836510,0 days 00:00:04.094688,0.014987005616720101,40,0.4,252,100,0.0005568835436041561,468,0.005506811575609019,3,1,adam,"{'neurons_per_layer_encoder': [252], 'neurons_per_layer_decoder': [252, 126, 63]}",252,"[252, 126, 63]",[252],[0.09203596698437533],0.8131862589123268,COMPLETE
864,0.622563885449676,2025-01-10 08:44:19.295446,2025-01-10 08:44:23.861181,0 days 00:00:04.565735,0.03637702204164598,40,0.4,252,100,2.8629108657327933e-06,596,0.009999170658110847,3,1,adam,"{'neurons_per_layer_encoder': [252], 'neurons_per_layer_decoder': [252, 126, 63]}",252,"[252, 126, 63]",[252],[0.622563885449676],0.819119781147243,COMPLETE
865,0.2920585053512358,2025-01-10 08:44:20.785821,2025-01-10 08:44:25.135453,0 days 00:00:04.349632,0.015092558846526827,48,0.4,252,100,4.338740612975615e-06,596,0.006551972466012324,3,1,adam,"{'neurons_per_layer_encoder': [252], 'neurons_per_layer_decoder': [252, 126, 63]}",252,"[252, 126, 63]",[252],[0.2920585053512358],0.601720184337247,COMPLETE
866,0.35092148300333537,2025-01-10 08:44:22.685991,2025-01-10 08:44:26.590634,0 days 00:00:03.904643,0.03146683100557835,48,0.4,252,100,3.6025731428824764e-06,612,0.0053173328446669225,3,1,adam,"{'neurons_per_layer_encoder': [252], 'neurons_per_layer_decoder': [252, 126, 63]}",252,"[252, 126, 63]",[252],[0.35092148300333537],0.6751288745599358,COMPLETE
867,0.3646576455525645,2025-01-10 08:44:22.845599,2025-01-10 08:44:26.783806,0 days 00:00:03.938207,0.03250076825210759,48,0.4,236,100,3.5493102283205866e-06,500,0.006484585214166591,3,1,adam,"{'neurons_per_layer_encoder': [236], 'neurons_per_layer_decoder': [236, 118, 59]}",236,"[236, 118, 59]",[236],[0.3646576455525645],0.6330856859916416,COMPLETE
868,0.414221896264538,2025-01-10 08:44:23.870581,2025-01-10 08:44:27.814466,0 days 00:00:03.943885,0.03174965924810545,48,0.4,256,100,2.2168623807965348e-06,600,0.009959494366980806,3,1,adam,"{'neurons_per_layer_encoder': [256], 'neurons_per_layer_decoder': [256, 128, 64]}",256,"[256, 128, 64]",[256],[0.414221896264538],0.6713532912772415,COMPLETE
869,0.18107083354000097,2025-01-10 08:44:25.144017,2025-01-10 08:44:28.694492,0 days 00:00:03.550475,0.032418529101668654,72,0.4,256,100,2.1876235300293103e-06,472,0.00903100493369218,3,1,adam,"{'neurons_per_layer_encoder': [256], 'neurons_per_layer_decoder': [256, 128, 64]}",256,"[256, 128, 64]",[256],[0.18107083354000097],0.5507285677031564,COMPLETE
870,0.2569774208807132,2025-01-10 08:44:26.600318,2025-01-10 08:44:30.900365,0 days 00:00:04.300047,0.026082195543098007,40,0.4,256,100,2.548786695990307e-06,600,0.009791772876607128,3,1,adam,"{'neurons_per_layer_encoder': [256], 'neurons_per_layer_decoder': [256, 128, 64]}",256,"[256, 128, 64]",[256],[0.2569774208807132],0.6700228206409319,COMPLETE
