number,value,datetime_start,datetime_complete,duration,params_alpha,params_batch_size,params_drop_out_rate,params_encoder_neurons_layer_1,params_epochs,params_lambda,params_latent_dim,params_learning_rate,params_num_layers_decoder,params_num_layers_encoder,params_optimizer,user_attrs_encoder_decoder_config,user_attrs_first_layer_neurons,user_attrs_neurons_per_layer_decoder,user_attrs_neurons_per_layer_encoder,user_attrs_r2_feature_1,user_attrs_relative_deterioration,state
930,0.5131606957038777,2025-01-10 08:46:29.532459,2025-01-10 08:46:34.121944,0 days 00:00:04.589485,0.016682220863961192,40,0.4,252,100,3.379009916289762e-06,612,0.0066433499608070795,3,1,adam,"{'neurons_per_layer_encoder': [252], 'neurons_per_layer_decoder': [252, 126, 63]}",252,"[252, 126, 63]",[252],[0.5131606957038777],0.7590794126573066,COMPLETE
931,0.4712541689345149,2025-01-10 08:46:31.611479,2025-01-10 08:46:35.623765,0 days 00:00:04.012286,0.039879075258141855,40,0.4,252,100,1.6075393920776702e-06,612,0.00704501220509091,3,1,adam,"{'neurons_per_layer_encoder': [252], 'neurons_per_layer_decoder': [252, 126, 63]}",252,"[252, 126, 63]",[252],[0.4712541689345149],0.6827691763722454,COMPLETE
932,0.34683869374150333,2025-01-10 08:46:32.657522,2025-01-10 08:46:36.580995,0 days 00:00:03.923473,0.01693051626834086,40,0.4,252,100,1.6623118811812582e-06,612,0.006933807104706926,3,1,adam,"{'neurons_per_layer_encoder': [252], 'neurons_per_layer_decoder': [252, 126, 63]}",252,"[252, 126, 63]",[252],[0.34683869374150333],0.623148415040945,COMPLETE
933,0.3011143218839447,2025-01-10 08:46:34.130905,2025-01-10 08:46:37.768931,0 days 00:00:03.638026,0.0400160302887496,40,0.30000000000000004,244,100,1.6402738502609105e-06,364,0.008857368158661984,3,1,adam,"{'neurons_per_layer_encoder': [244], 'neurons_per_layer_decoder': [244, 122, 61]}",244,"[244, 122, 61]",[244],[0.3011143218839447],0.5019989334524828,COMPLETE
934,0.3564118897247608,2025-01-10 08:46:35.632459,2025-01-10 08:46:39.623184,0 days 00:00:03.990725,0.024626214238280503,40,0.30000000000000004,244,100,2.0966817382524605e-06,364,0.004212344874542892,3,1,adam,"{'neurons_per_layer_encoder': [244], 'neurons_per_layer_decoder': [244, 122, 61]}",244,"[244, 122, 61]",[244],[0.3564118897247608],0.5932350521992257,COMPLETE
935,0.5611333126353895,2025-01-10 08:46:36.588979,2025-01-10 08:46:40.085287,0 days 00:00:03.496308,0.024437410796555023,40,0.30000000000000004,244,100,4.6572859421281666e-06,364,0.0099878919001037,3,1,adam,"{'neurons_per_layer_encoder': [244], 'neurons_per_layer_decoder': [244, 122, 61]}",244,"[244, 122, 61]",[244],[0.5611333126353895],0.7697166395398872,COMPLETE
936,0.614163287323539,2025-01-10 08:46:37.777166,2025-01-10 08:46:41.495100,0 days 00:00:03.717934,0.026244407170217136,40,0.30000000000000004,232,100,2.5564098606435214e-06,512,0.009986746563680215,3,1,adam,"{'neurons_per_layer_encoder': [232], 'neurons_per_layer_decoder': [232, 116, 58]}",232,"[232, 116, 58]",[232],[0.614163287323539],0.778062763930951,COMPLETE
937,0.5483187995794064,2025-01-10 08:46:39.631419,2025-01-10 08:46:43.100217,0 days 00:00:03.468798,0.026607080091247657,40,0.4,232,100,2.592001388044533e-06,400,0.008007215692421663,3,1,adam,"{'neurons_per_layer_encoder': [232], 'neurons_per_layer_decoder': [232, 116, 58]}",232,"[232, 116, 58]",[232],[0.5483187995794064],0.7831380385279902,COMPLETE
938,0.2096756456832073,2025-01-10 08:46:41.503534,2025-01-10 08:46:44.424782,0 days 00:00:02.921248,0.026535493466118356,40,0.30000000000000004,236,100,2.591079482859327e-06,500,0.008952073801365767,3,1,adam,"{'neurons_per_layer_encoder': [236], 'neurons_per_layer_decoder': [236, 118, 59]}",236,"[236, 118, 59]",[236],[0.2096756456832073],0.5771120042178138,COMPLETE
939,0.20815014375532692,2025-01-10 08:46:43.108638,2025-01-10 08:46:46.437755,0 days 00:00:03.329117,0.026027161471276972,48,0.30000000000000004,236,100,3.2861301005090474e-06,516,0.0088937963612997,3,1,adam,"{'neurons_per_layer_encoder': [236], 'neurons_per_layer_decoder': [236, 118, 59]}",236,"[236, 118, 59]",[236],[0.20815014375532692],0.4802360060214374,COMPLETE
940,0.2114457139107433,2025-01-10 08:46:44.432875,2025-01-10 08:46:47.432268,0 days 00:00:02.999393,0.02635555459413136,48,0.30000000000000004,248,100,3.1606327403960193e-06,512,0.009057784150985375,3,1,adam,"{'neurons_per_layer_encoder': [248], 'neurons_per_layer_decoder': [248, 124, 62]}",248,"[248, 124, 62]",[248],[0.2114457139107433],0.5511280383847357,COMPLETE
941,0.08641335216705215,2025-01-10 08:46:46.446205,2025-01-10 08:46:48.794618,0 days 00:00:02.348413,0.02762797471913418,40,0.30000000000000004,248,100,3.1173345272814235e-06,512,0.009924266971078894,3,1,adam,"{'neurons_per_layer_encoder': [248], 'neurons_per_layer_decoder': [248, 124, 62]}",248,"[248, 124, 62]",[248],[0.08641335216705215],0.6161954866355542,COMPLETE
942,-17.82661012412667,2025-01-10 08:46:47.439631,2025-01-10 08:46:51.922224,0 days 00:00:04.482593,0.0283998829405484,40,0.30000000000000004,256,100,4.047221626497635e-06,600,0.009950407574296983,4,1,adadelta,"{'neurons_per_layer_encoder': [256], 'neurons_per_layer_decoder': [256, 128, 64, 32]}",256,"[256, 128, 64, 32]",[256],[-17.82661012412667],0.08458498767062551,COMPLETE
943,0.2489539911185108,2025-01-10 08:46:51.929780,2025-01-10 08:46:54.348788,0 days 00:00:02.419008,0.024856454437903703,32,0.30000000000000004,252,100,2.789973582866385e-06,484,0.008290865016131615,3,1,adam,"{'neurons_per_layer_encoder': [252], 'neurons_per_layer_decoder': [252, 126, 63]}",252,"[252, 126, 63]",[252],[0.2489539911185108],0.6747771603698576,COMPLETE
944,0.593606625078333,2025-01-10 08:46:54.355820,2025-01-10 08:46:57.801704,0 days 00:00:03.445884,0.028865232274800156,40,0.30000000000000004,228,100,3.6351796049899503e-06,492,0.008756792562008876,3,1,adam,"{'neurons_per_layer_encoder': [228], 'neurons_per_layer_decoder': [228, 114, 57]}",228,"[228, 114, 57]",[228],[0.593606625078333],0.7845691349308384,COMPLETE
945,0.43327535231084613,2025-01-10 08:46:57.808793,2025-01-10 08:47:01.350131,0 days 00:00:03.541338,0.0236542087790902,40,0.30000000000000004,224,100,3.705275547746817e-06,488,0.00872454977991214,3,1,adam,"{'neurons_per_layer_encoder': [224], 'neurons_per_layer_decoder': [224, 112, 56]}",224,"[224, 112, 56]",[224],[0.43327535231084613],0.711814081446031,COMPLETE
946,0.546522229449409,2025-01-10 08:53:18.774251,2025-01-10 08:53:23.037723,0 days 00:00:04.263472,0.029399964150421645,40,0.30000000000000004,232,100,4.024646746976603e-06,496,0.008755739550306774,3,1,adam,"{'neurons_per_layer_encoder': [232], 'neurons_per_layer_decoder': [232, 116, 58]}",232,"[232, 116, 58]",[232],[0.546522229449409],0.7786346197868395,COMPLETE
947,0.4523387314058481,2025-01-10 08:53:18.782810,2025-01-10 08:53:23.109745,0 days 00:00:04.326935,0.021677519727111003,40,0.30000000000000004,228,100,4.191733278436543e-06,492,0.009103041054931081,3,1,adam,"{'neurons_per_layer_encoder': [228], 'neurons_per_layer_decoder': [228, 114, 57]}",228,"[228, 114, 57]",[228],[0.4523387314058481],0.7201457351372741,COMPLETE
948,0.44009077977831434,2025-01-10 08:53:18.785874,2025-01-10 08:53:23.139814,0 days 00:00:04.353940,0.021732267251988912,40,0.30000000000000004,228,100,4.206349662083035e-06,492,0.008949678695869066,3,1,adam,"{'neurons_per_layer_encoder': [228], 'neurons_per_layer_decoder': [228, 114, 57]}",228,"[228, 114, 57]",[228],[0.44009077977831434],0.7235977203975894,COMPLETE
949,0.272489957605209,2025-01-10 08:53:18.794019,2025-01-10 08:53:22.248086,0 days 00:00:03.454067,0.021657475923392205,40,0.30000000000000004,232,100,4.371470917229205e-06,496,0.009145248016978663,3,1,adam,"{'neurons_per_layer_encoder': [232], 'neurons_per_layer_decoder': [232, 116, 58]}",232,"[232, 116, 58]",[232],[0.272489957605209],0.6629107045435162,COMPLETE
950,0.48938172171490624,2025-01-10 08:53:18.795631,2025-01-10 08:53:23.135100,0 days 00:00:04.339469,0.021487836984302833,40,0.30000000000000004,228,100,4.266536240441646e-06,492,0.008716849925367105,3,1,adam,"{'neurons_per_layer_encoder': [228], 'neurons_per_layer_decoder': [228, 114, 57]}",228,"[228, 114, 57]",[228],[0.48938172171490624],0.7231525727030359,COMPLETE
951,0.19896110352425167,2025-01-10 08:53:22.260551,2025-01-10 08:53:26.032500,0 days 00:00:03.771949,0.17827280178724972,80,0.30000000000000004,224,100,3.7808954036462337e-06,488,0.009000767175709953,3,1,adam,"{'neurons_per_layer_encoder': [224], 'neurons_per_layer_decoder': [224, 112, 56]}",224,"[224, 112, 56]",[224],[0.19896110352425167],0.5215974398916161,COMPLETE
952,0.5182169870838669,2025-01-10 08:53:23.049222,2025-01-10 08:53:27.442167,0 days 00:00:04.392945,0.02519064517117604,32,0.30000000000000004,228,100,3.2090547690115565e-06,492,0.00979892803805855,3,1,adam,"{'neurons_per_layer_encoder': [228], 'neurons_per_layer_decoder': [228, 114, 57]}",228,"[228, 114, 57]",[228],[0.5182169870838669],0.771958334534282,COMPLETE
953,0.13989346668944347,2025-01-10 08:53:23.130431,2025-01-10 08:53:26.262507,0 days 00:00:03.132076,0.02449222772410563,32,0.30000000000000004,224,100,3.2670682573236284e-06,504,0.008296861453499598,3,1,adam,"{'neurons_per_layer_encoder': [224], 'neurons_per_layer_decoder': [224, 112, 56]}",224,"[224, 112, 56]",[224],[0.13989346668944347],0.6425018394300994,COMPLETE
954,-0.7479096055587557,2025-01-10 08:53:23.150157,2025-01-10 08:53:27.500178,0 days 00:00:04.350021,0.025185049638958026,32,0.30000000000000004,224,100,3.5514414627391636e-06,504,0.008027325597938015,3,1,adam,"{'neurons_per_layer_encoder': [224], 'neurons_per_layer_decoder': [224, 112, 56]}",224,"[224, 112, 56]",[224],[-0.7479096055587557],0.17342450350229377,COMPLETE
955,0.3755079878097626,2025-01-10 08:53:23.155735,2025-01-10 08:53:26.850551,0 days 00:00:03.694816,0.02577261446231886,32,0.30000000000000004,224,100,3.3262507052579004e-06,504,0.00998312206381571,3,1,adam,"{'neurons_per_layer_encoder': [224], 'neurons_per_layer_decoder': [224, 112, 56]}",224,"[224, 112, 56]",[224],[0.3755079878097626],0.7626153207511691,COMPLETE
956,0.27552209484811074,2025-01-10 08:53:26.043726,2025-01-10 08:53:29.937844,0 days 00:00:03.894118,0.026116108180564222,48,0.30000000000000004,236,100,3.4163308740017802e-06,500,0.009798088712450173,3,1,adam,"{'neurons_per_layer_encoder': [236], 'neurons_per_layer_decoder': [236, 118, 59]}",236,"[236, 118, 59]",[236],[0.27552209484811074],0.5700734527728761,COMPLETE
957,0.27422650674089466,2025-01-10 08:53:26.272382,2025-01-10 08:53:30.216572,0 days 00:00:03.944190,0.02604533338568337,48,0.30000000000000004,236,100,3.312886947358698e-06,484,0.009908444581656045,3,1,adam,"{'neurons_per_layer_encoder': [236], 'neurons_per_layer_decoder': [236, 118, 59]}",236,"[236, 118, 59]",[236],[0.27422650674089466],0.5260970095283876,COMPLETE
958,0.29006786854700417,2025-01-10 08:53:26.859740,2025-01-10 08:53:30.857271,0 days 00:00:03.997531,0.029199876845145623,48,0.30000000000000004,236,100,3.447895002870966e-06,484,0.009961623825861696,3,1,adam,"{'neurons_per_layer_encoder': [236], 'neurons_per_layer_decoder': [236, 118, 59]}",236,"[236, 118, 59]",[236],[0.29006786854700417],0.5724562992946163,COMPLETE
959,0.37898790398328,2025-01-10 08:53:27.451897,2025-01-10 08:53:31.385811,0 days 00:00:03.933914,0.028045761522971818,48,0.30000000000000004,236,100,5.451831813269575e-06,484,0.009907607964592969,3,1,adam,"{'neurons_per_layer_encoder': [236], 'neurons_per_layer_decoder': [236, 118, 59]}",236,"[236, 118, 59]",[236],[0.37898790398328],0.6686802058864834,COMPLETE
960,0.4027529802098905,2025-01-10 08:53:27.509739,2025-01-10 08:53:30.638611,0 days 00:00:03.128872,0.02779011628504629,40,0.30000000000000004,236,100,5.43430915460132e-06,484,0.007588209572175049,3,1,adam,"{'neurons_per_layer_encoder': [236], 'neurons_per_layer_decoder': [236, 118, 59]}",236,"[236, 118, 59]",[236],[0.4027529802098905],0.7226187383590685,COMPLETE
961,0.537704724434036,2025-01-10 08:53:29.947387,2025-01-10 08:53:34.033759,0 days 00:00:04.086372,0.028230735398604913,40,0.30000000000000004,236,100,5.14966252469471e-06,484,0.009984381145068206,3,1,adam,"{'neurons_per_layer_encoder': [236], 'neurons_per_layer_decoder': [236, 118, 59]}",236,"[236, 118, 59]",[236],[0.537704724434036],0.7862103224197914,COMPLETE
962,0.11217500701861072,2025-01-10 08:53:30.227495,2025-01-10 08:53:34.290129,0 days 00:00:04.062634,0.02863671054098026,40,0.30000000000000004,240,100,5.323274423196029e-06,472,0.007611363642467071,3,1,adam,"{'neurons_per_layer_encoder': [240], 'neurons_per_layer_decoder': [240, 120, 60]}",240,"[240, 120, 60]",[240],[0.11217500701861072],0.5739314712611833,COMPLETE
963,-2.51153291121957,2025-01-10 08:53:30.647762,2025-01-10 08:53:33.676275,0 days 00:00:03.028513,0.02993013013267762,40,0.30000000000000004,240,100,2.7382032166493004e-06,472,0.007670233360244618,3,1,sgd,"{'neurons_per_layer_encoder': [240], 'neurons_per_layer_decoder': [240, 120, 60]}",240,"[240, 120, 60]",[240],[-2.51153291121957],0.2459441646806461,COMPLETE
964,0.17451679354288452,2025-01-10 08:53:30.866869,2025-01-10 08:53:34.269773,0 days 00:00:03.402904,0.019370160393892385,40,0.30000000000000004,240,100,2.6197806423715076e-06,504,0.00745786832532559,3,1,adam,"{'neurons_per_layer_encoder': [240], 'neurons_per_layer_decoder': [240, 120, 60]}",240,"[240, 120, 60]",[240],[0.17451679354288452],0.5517392017221092,COMPLETE
965,-4.397174948621003,2025-01-10 08:53:31.395469,2025-01-10 08:53:34.335183,0 days 00:00:02.939714,0.01880886164673248,96,0.30000000000000004,240,100,2.54921650997816e-06,328,0.00784760020868949,5,1,sgd,"{'neurons_per_layer_encoder': [240], 'neurons_per_layer_decoder': [240, 120, 60, 30, 15]}",240,"[240, 120, 60, 30, 15]",[240],[-4.397174948621003],0.5907729535473527,COMPLETE
966,0.031512982405531575,2025-01-10 08:53:33.686040,2025-01-10 08:53:37.564903,0 days 00:00:03.878863,0.01864857806134228,40,0.30000000000000004,240,100,2.581491402050362e-06,328,0.00048478039604363173,3,1,adam,"{'neurons_per_layer_encoder': [240], 'neurons_per_layer_decoder': [240, 120, 60]}",240,"[240, 120, 60]",[240],[0.031512982405531575],0.7291051637719476,COMPLETE
967,-27.104942522324407,2025-01-10 08:53:34.043560,2025-01-10 08:53:36.319754,0 days 00:00:02.276194,0.01866152174566057,40,0.30000000000000004,244,100,2.539401838618502e-06,508,0.007762558295609642,3,1,adadelta,"{'neurons_per_layer_encoder': [244], 'neurons_per_layer_decoder': [244, 122, 61]}",244,"[244, 122, 61]",[244],[-27.104942522324407],0.027904745755531438,COMPLETE
968,-2.777712873272472,2025-01-10 08:53:34.279087,2025-01-10 08:53:37.986882,0 days 00:00:03.707795,0.018903222526323794,120,0.30000000000000004,244,100,2.9375719735563904e-06,332,0.00787660640526552,3,1,adadelta,"{'neurons_per_layer_encoder': [244], 'neurons_per_layer_decoder': [244, 122, 61]}",244,"[244, 122, 61]",[244],[-2.777712873272472],0.5920452589255392,COMPLETE
969,0.30746042485019454,2025-01-10 08:53:34.300691,2025-01-10 08:53:38.963210,0 days 00:00:04.662519,0.015605708976283847,96,0.30000000000000004,244,100,2.9461556329747806e-06,528,0.008040864985432666,3,2,adam,"{'neurons_per_layer_encoder': [244, 488], 'neurons_per_layer_decoder': [488, 244, 122]}",244,"[488, 244, 122]","[244, 488]",[0.30746042485019454],0.722016569341974,COMPLETE
970,0.1870524976098984,2025-01-10 08:53:34.353894,2025-01-10 08:53:38.084208,0 days 00:00:03.730314,0.023302776140452775,40,0.30000000000000004,244,100,2.922599854569994e-06,528,0.00445732665308967,3,2,adam,"{'neurons_per_layer_encoder': [244, 488], 'neurons_per_layer_decoder': [488, 244, 122]}",244,"[488, 244, 122]","[244, 488]",[0.1870524976098984],0.6589259915807151,COMPLETE
971,0.24600361817546657,2025-01-10 08:53:36.329634,2025-01-10 08:53:42.376083,0 days 00:00:06.046449,0.0318013134143076,40,0.30000000000000004,232,100,2.8894737237010694e-06,536,0.004309340011136672,3,2,adam,"{'neurons_per_layer_encoder': [232, 464], 'neurons_per_layer_decoder': [464, 232, 116]}",232,"[464, 232, 116]","[232, 464]",[0.24600361817546657],0.6282624426770763,COMPLETE
972,0.37172152431168903,2025-01-10 08:53:37.576965,2025-01-10 08:53:43.945186,0 days 00:00:06.368221,0.03244111865937,40,0.30000000000000004,232,100,4.732098191253221e-06,1048,0.004435873216710667,3,2,adam,"{'neurons_per_layer_encoder': [232, 464], 'neurons_per_layer_decoder': [464, 232, 116]}",232,"[464, 232, 116]","[232, 464]",[0.37172152431168903],0.7698054331996667,COMPLETE
973,0.5699792407403024,2025-01-10 08:53:37.997776,2025-01-10 08:53:42.548479,0 days 00:00:04.550703,0.023352668376465487,40,0.30000000000000004,228,100,3.7746089091080995e-06,492,0.004385203398310735,3,1,adam,"{'neurons_per_layer_encoder': [228], 'neurons_per_layer_decoder': [228, 114, 57]}",228,"[228, 114, 57]",[228],[0.5699792407403024],0.7523270066291191,COMPLETE
974,0.10024084019945378,2025-01-10 08:53:38.094985,2025-01-10 08:53:41.932098,0 days 00:00:03.837113,0.03211065476665698,40,0.30000000000000004,232,100,4.5657570864913e-06,416,0.00680225994801303,4,1,adam,"{'neurons_per_layer_encoder': [232], 'neurons_per_layer_decoder': [232, 116, 58, 29]}",232,"[232, 116, 58, 29]",[232],[0.10024084019945378],0.6408802489761196,COMPLETE
975,0.5265085216785382,2025-01-10 08:53:38.973878,2025-01-10 08:53:43.531359,0 days 00:00:04.557481,0.03163710914920196,40,0.30000000000000004,232,100,6.198567303931266e-05,560,0.0065917901842092435,3,1,adam,"{'neurons_per_layer_encoder': [232], 'neurons_per_layer_decoder': [232, 116, 58]}",232,"[232, 116, 58]",[232],[0.5265085216785382],0.8713563913111305,COMPLETE
976,0.4522128729381797,2025-01-10 08:53:41.942572,2025-01-10 08:53:46.112762,0 days 00:00:04.170190,0.023752076986324,40,0.30000000000000004,228,100,3.797885331043309e-06,492,0.0051565886095011615,3,1,adam,"{'neurons_per_layer_encoder': [228], 'neurons_per_layer_decoder': [228, 114, 57]}",228,"[228, 114, 57]",[228],[0.4522128729381797],0.7019725804166823,COMPLETE
977,0.23860951533253605,2025-01-10 08:53:42.389187,2025-01-10 08:53:45.856696,0 days 00:00:03.467509,0.024052987831967146,40,0.30000000000000004,228,100,3.853069019080984e-06,492,0.005045478161434118,3,1,adam,"{'neurons_per_layer_encoder': [228], 'neurons_per_layer_decoder': [228, 114, 57]}",228,"[228, 114, 57]",[228],[0.23860951533253605],0.6387856543241137,COMPLETE
978,0.5628814055007774,2025-01-10 08:53:42.559774,2025-01-10 08:53:46.638730,0 days 00:00:04.078956,0.02405762897159969,40,0.30000000000000004,248,100,3.916306350129847e-06,464,0.005157729579485509,3,1,adam,"{'neurons_per_layer_encoder': [248], 'neurons_per_layer_decoder': [248, 124, 62]}",248,"[248, 124, 62]",[248],[0.5628814055007774],0.7269938537593562,COMPLETE
979,0.5356814423013836,2025-01-10 08:53:43.540624,2025-01-10 08:53:47.602282,0 days 00:00:04.061658,0.02453750091057458,40,0.30000000000000004,248,100,4.54587305785408e-06,464,0.005310579584238428,3,1,adam,"{'neurons_per_layer_encoder': [248], 'neurons_per_layer_decoder': [248, 124, 62]}",248,"[248, 124, 62]",[248],[0.5356814423013836],0.755502526286301,COMPLETE
980,0.24665106455791186,2025-01-10 08:53:43.956727,2025-01-10 08:53:48.070716,0 days 00:00:04.113989,0.026692184268420537,40,0.30000000000000004,248,100,4.093288215486248e-06,464,0.005283536171771655,3,1,adam,"{'neurons_per_layer_encoder': [248], 'neurons_per_layer_decoder': [248, 124, 62]}",248,"[248, 124, 62]",[248],[0.24665106455791186],0.5855821598985306,COMPLETE
981,0.4848430997326112,2025-01-10 08:53:45.866669,2025-01-10 08:53:50.107935,0 days 00:00:04.241266,0.027228945246171966,40,0.30000000000000004,252,100,2.424867822092021e-06,612,0.00869906261968228,3,1,adam,"{'neurons_per_layer_encoder': [252], 'neurons_per_layer_decoder': [252, 126, 63]}",252,"[252, 126, 63]",[252],[0.4848430997326112],0.716379060174608,COMPLETE
982,-6.982582528536341e-05,2025-01-10 08:53:46.122752,2025-01-10 08:53:49.830889,0 days 00:00:03.708137,0.026652601772253665,48,0.30000000000000004,248,100,0.00020816247907930627,320,0.008656786850881558,3,1,adam,"{'neurons_per_layer_encoder': [248], 'neurons_per_layer_decoder': [248, 124, 62]}",248,"[248, 124, 62]",[248],[-6.982582528536341e-05],0.7095406935166818,COMPLETE
983,0.2651914385140939,2025-01-10 08:53:46.648299,2025-01-10 08:53:50.397065,0 days 00:00:03.748766,0.020565166255022783,56,0.30000000000000004,248,100,2.7116303805952735e-05,320,0.008457397139207894,3,1,adam,"{'neurons_per_layer_encoder': [248], 'neurons_per_layer_decoder': [248, 124, 62]}",248,"[248, 124, 62]",[248],[0.2651914385140939],0.7681392981895888,COMPLETE
984,0.39039225640163333,2025-01-10 08:53:47.611938,2025-01-10 08:53:51.422125,0 days 00:00:03.810187,0.026914332191170818,48,0.30000000000000004,248,100,2.378530603062503e-06,320,0.008639468647216186,3,1,adam,"{'neurons_per_layer_encoder': [248], 'neurons_per_layer_decoder': [248, 124, 62]}",248,"[248, 124, 62]",[248],[0.39039225640163333],0.5875322829166992,COMPLETE
985,-0.043287881930625716,2025-01-10 08:53:48.081106,2025-01-10 08:53:52.143150,0 days 00:00:04.062044,0.02030549563489699,32,0.30000000000000004,244,100,2.2404174177321953e-06,588,0.008588880865570659,3,1,adam,"{'neurons_per_layer_encoder': [244], 'neurons_per_layer_decoder': [244, 122, 61]}",244,"[244, 122, 61]",[244],[-0.043287881930625716],0.5340541643685475,COMPLETE
986,0.13113159385112894,2025-01-10 08:53:49.842312,2025-01-10 08:53:53.771586,0 days 00:00:03.929274,0.020124920398162396,32,0.30000000000000004,240,100,2.2971806809063346e-06,504,0.0007997924686722237,3,1,adam,"{'neurons_per_layer_encoder': [240], 'neurons_per_layer_decoder': [240, 120, 60]}",240,"[240, 120, 60]",[240],[0.13113159385112894],0.6715733741424628,COMPLETE
987,0.4987152567026827,2025-01-10 08:53:50.117982,2025-01-10 08:53:54.665351,0 days 00:00:04.547369,0.020280126864738977,32,0.30000000000000004,240,100,2.241638448707374e-06,472,0.007252280173039288,3,1,adam,"{'neurons_per_layer_encoder': [240], 'neurons_per_layer_decoder': [240, 120, 60]}",240,"[240, 120, 60]",[240],[0.4987152567026827],0.7263225513201282,COMPLETE
