number,value,datetime_start,datetime_complete,duration,params_alpha,params_batch_size,params_drop_out_rate,params_encoder_neurons_layer_1,params_epochs,params_lambda,params_latent_dim,params_learning_rate,params_num_layers_decoder,params_num_layers_encoder,params_optimizer,user_attrs_encoder_decoder_config,user_attrs_first_layer_neurons,user_attrs_neurons_per_layer_decoder,user_attrs_neurons_per_layer_encoder,user_attrs_r2_feature_1,user_attrs_relative_deterioration,state
871,0.39289027774722207,2025-01-10 08:44:26.792995,2025-01-10 08:44:30.538019,0 days 00:00:03.745024,0.02603041582375053,40,0.4,228,100,2.5205097426552997e-06,332,0.009821696044059204,3,1,adam,"{'neurons_per_layer_encoder': [228], 'neurons_per_layer_decoder': [228, 114, 57]}",228,"[228, 114, 57]",[228],[0.39289027774722207],0.6946367887287056,COMPLETE
872,0.3793089214094961,2025-01-10 08:44:27.823084,2025-01-10 08:44:32.389980,0 days 00:00:04.566896,0.03560669066282124,40,0.4,256,100,2.573735963184503e-06,600,0.008807401210874297,3,1,adam,"{'neurons_per_layer_encoder': [256], 'neurons_per_layer_decoder': [256, 128, 64]}",256,"[256, 128, 64]",[256],[0.3793089214094961],0.6891356264813479,COMPLETE
873,0.2725692805400196,2025-01-10 08:44:28.703423,2025-01-10 08:44:31.963871,0 days 00:00:03.260448,0.02618154074762358,40,0.4,228,100,2.6009704534412314e-06,332,0.008840350782086892,3,1,adam,"{'neurons_per_layer_encoder': [228], 'neurons_per_layer_decoder': [228, 114, 57]}",228,"[228, 114, 57]",[228],[0.2725692805400196],0.6346814893791061,COMPLETE
874,-0.44004743919162603,2025-01-10 08:44:30.547895,2025-01-10 08:44:33.882928,0 days 00:00:03.335033,0.03510070586254436,40,0.4,240,100,2.9470844520160827e-06,584,0.008742106821440844,3,1,sgd,"{'neurons_per_layer_encoder': [240], 'neurons_per_layer_decoder': [240, 120, 60]}",240,"[240, 120, 60]",[240],[-0.44004743919162603],0.7705984933178157,COMPLETE
875,-0.7104461680971415,2025-01-10 08:44:30.909665,2025-01-10 08:44:34.189605,0 days 00:00:03.279940,0.03574628526052785,32,0.4,248,100,2.822356071951257e-06,592,0.008343371360994693,3,1,sgd,"{'neurons_per_layer_encoder': [248], 'neurons_per_layer_decoder': [248, 124, 62]}",248,"[248, 124, 62]",[248],[-0.7104461680971415],0.6091688439875799,COMPLETE
876,-2.154995507561291,2025-01-10 08:44:31.973601,2025-01-10 08:44:35.162718,0 days 00:00:03.189117,0.035599049500146356,32,0.4,240,100,2.9721131273708134e-06,584,0.008228611453076845,3,1,sgd,"{'neurons_per_layer_encoder': [240], 'neurons_per_layer_decoder': [240, 120, 60]}",240,"[240, 120, 60]",[240],[-2.154995507561291],0.42321849030301967,COMPLETE
877,-0.6072696082083566,2025-01-10 08:44:32.400346,2025-01-10 08:44:35.289332,0 days 00:00:02.888986,0.02927490165074384,32,0.2,240,100,0.00027958241530464935,344,0.009947294481128306,3,1,sgd,"{'neurons_per_layer_encoder': [240], 'neurons_per_layer_decoder': [240, 120, 60]}",240,"[240, 120, 60]",[240],[-0.6072696082083566],0.9506851861694164,COMPLETE
878,0.42880014538421196,2025-01-10 08:44:33.893621,2025-01-10 08:44:38.367321,0 days 00:00:04.473700,0.029039870634750786,32,0.2,248,100,2.925970902957359e-06,576,0.007954731651962671,3,1,adam,"{'neurons_per_layer_encoder': [248], 'neurons_per_layer_decoder': [248, 124, 62]}",248,"[248, 124, 62]",[248],[0.42880014538421196],0.6579601310241635,COMPLETE
879,0.3609838292180393,2025-01-10 08:44:34.199055,2025-01-10 08:44:38.259666,0 days 00:00:04.060611,0.024309343891877187,40,0.2,236,100,2.07544847633068e-06,404,0.009907728427628711,3,1,adam,"{'neurons_per_layer_encoder': [236], 'neurons_per_layer_decoder': [236, 118, 59]}",236,"[236, 118, 59]",[236],[0.3609838292180393],0.5730701729295583,COMPLETE
880,0.25275107400468344,2025-01-10 08:44:35.171634,2025-01-10 08:44:38.711023,0 days 00:00:03.539389,0.02937865551143627,40,0.2,248,100,2.0327668211500727e-06,592,0.009897270030047325,3,1,adam,"{'neurons_per_layer_encoder': [248], 'neurons_per_layer_decoder': [248, 124, 62]}",248,"[248, 124, 62]",[248],[0.25275107400468344],0.4996814714528255,COMPLETE
881,0.5376667983691272,2025-01-10 08:44:35.298865,2025-01-10 08:44:39.328235,0 days 00:00:04.029370,0.024216459605999312,40,0.4,248,100,2.1369059729465723e-06,368,0.007974744963571378,3,1,adam,"{'neurons_per_layer_encoder': [248], 'neurons_per_layer_decoder': [248, 124, 62]}",248,"[248, 124, 62]",[248],[0.5376667983691272],0.7720514411105778,COMPLETE
882,-33.833421263575026,2025-01-10 08:44:38.269638,2025-01-10 08:44:40.319752,0 days 00:00:02.050114,0.02916057931197454,40,0.4,248,100,2.017186790483109e-06,368,0.0004079539216634401,3,1,adadelta,"{'neurons_per_layer_encoder': [248], 'neurons_per_layer_decoder': [248, 124, 62]}",248,"[248, 124, 62]",[248],[-33.833421263575026],-0.07238542042374968,COMPLETE
883,-21.069433449532642,2025-01-10 08:44:38.381955,2025-01-10 08:44:40.526478,0 days 00:00:02.144523,0.024305853981195197,40,0.4,232,100,2.239079918037637e-06,416,0.009995252387715179,3,1,adadelta,"{'neurons_per_layer_encoder': [232], 'neurons_per_layer_decoder': [232, 116, 58]}",232,"[232, 116, 58]",[232],[-21.069433449532642],0.20589410760373852,COMPLETE
884,0.2790328848219473,2025-01-10 08:44:38.720524,2025-01-10 08:44:42.805540,0 days 00:00:04.085016,0.040615352060928894,40,0.4,232,100,2.2793872862408995e-06,416,0.005533800658259906,3,1,adam,"{'neurons_per_layer_encoder': [232], 'neurons_per_layer_decoder': [232, 116, 58]}",232,"[232, 116, 58]",[232],[0.2790328848219473],0.6318308265811318,COMPLETE
885,-22.38545220077894,2025-01-10 08:44:39.336746,2025-01-10 08:44:41.462821,0 days 00:00:02.126075,0.03975725109078613,104,0.4,232,100,3.190464217052545e-06,416,0.005575344037960939,3,1,adadelta,"{'neurons_per_layer_encoder': [232], 'neurons_per_layer_decoder': [232, 116, 58]}",232,"[232, 116, 58]",[232],[-22.38545220077894],0.2383877156169418,COMPLETE
886,0.3821963157429771,2025-01-10 08:44:40.331562,2025-01-10 08:44:45.372710,0 days 00:00:05.041148,0.026908375409184566,40,0.4,232,100,1.4160504908775942e-06,400,0.0057238017188211915,3,1,adam,"{'neurons_per_layer_encoder': [232], 'neurons_per_layer_decoder': [232, 116, 58]}",232,"[232, 116, 58]",[232],[0.3821963157429771],0.6358780460622876,COMPLETE
887,0.4808714201939783,2025-01-10 08:44:40.535663,2025-01-10 08:44:46.325956,0 days 00:00:05.790293,0.03997686447904635,40,0.4,256,100,1.4044333320711868e-06,600,0.0055092726118652876,3,1,adam,"{'neurons_per_layer_encoder': [256], 'neurons_per_layer_decoder': [256, 128, 64]}",256,"[256, 128, 64]",[256],[0.4808714201939783],0.7128105521252878,COMPLETE
888,0.3254562050516655,2025-01-10 08:44:41.471330,2025-01-10 08:45:49.538041,0 days 00:01:08.066711,0.03355833392352138,40,0.4,252,100,1.4075021743057142e-06,4056,0.006810920693328909,3,5,adam,"{'neurons_per_layer_encoder': [252, 504, 1008, 2016, 4032], 'neurons_per_layer_decoder': [4032, 2016, 1008]}",252,"[4032, 2016, 1008]","[252, 504, 1008, 2016, 4032]",[0.3254562050516655],0.9466183571711414,COMPLETE
889,-4.224059742334158,2025-01-10 08:44:42.814484,2025-01-10 08:45:22.442941,0 days 00:00:39.628457,0.03344905912230006,40,0.4,256,100,1.3680846098079412e-06,4120,0.006953056297694159,3,5,adam,"{'neurons_per_layer_encoder': [256, 512, 1024, 2048, 4096], 'neurons_per_layer_decoder': [4096, 2048, 1024]}",256,"[4096, 2048, 1024]","[256, 512, 1024, 2048, 4096]",[-4.224059742334158],0.7832700236117764,COMPLETE
890,-6.535771611576656,2025-01-10 08:44:45.383003,2025-01-10 08:45:22.711364,0 days 00:00:37.328361,0.03702612482110556,64,0.4,256,100,3.366387830464333e-06,4120,0.007137214742270819,3,5,adam,"{'neurons_per_layer_encoder': [256, 512, 1024, 2048, 4096], 'neurons_per_layer_decoder': [4096, 2048, 1024]}",256,"[4096, 2048, 1024]","[256, 512, 1024, 2048, 4096]",[-6.535771611576656],0.7279369395332078,COMPLETE
891,-6.715350553135805,2025-01-10 08:44:46.348346,2025-01-10 08:45:24.969796,0 days 00:00:38.621450,0.01745734290285797,48,0.4,244,100,1.7461558289715686e-06,3928,0.006938511660292225,3,5,adam,"{'neurons_per_layer_encoder': [244, 488, 976, 1952, 3904], 'neurons_per_layer_decoder': [3904, 1952, 976]}",244,"[3904, 1952, 976]","[244, 488, 976, 1952, 3904]",[-6.715350553135805],0.7163244818956143,COMPLETE
892,0.3145227998585881,2025-01-10 08:45:22.459948,2025-01-10 08:45:28.273355,0 days 00:00:05.813407,0.03774367455626831,40,0.4,244,100,1.6742605324442082e-06,380,0.006919171164792398,3,1,adam,"{'neurons_per_layer_encoder': [244], 'neurons_per_layer_decoder': [244, 122, 61]}",244,"[244, 122, 61]",[244],[0.3145227998585881],0.6706433175562131,COMPLETE
893,0.4300252843043936,2025-01-10 08:45:22.741991,2025-01-10 08:45:32.431487,0 days 00:00:09.689496,0.01760282682494583,48,0.4,244,100,2.5479207435775136e-06,380,0.008162804599301703,3,1,adam,"{'neurons_per_layer_encoder': [244], 'neurons_per_layer_decoder': [244, 122, 61]}",244,"[244, 122, 61]",[244],[0.4300252843043936],0.6751905646100386,COMPLETE
894,0.29166914200906024,2025-01-10 08:45:24.980597,2025-01-10 08:45:31.322491,0 days 00:00:06.341894,0.03414245960289595,40,0.4,244,100,2.6851820941173215e-06,380,0.008585683337816065,3,1,adam,"{'neurons_per_layer_encoder': [244], 'neurons_per_layer_decoder': [244, 122, 61]}",244,"[244, 122, 61]",[244],[0.29166914200906024],0.658295553498516,COMPLETE
895,0.5143544786980909,2025-01-10 08:45:28.283681,2025-01-10 08:45:36.996788,0 days 00:00:08.713107,0.02322071206823717,40,0.4,240,100,2.561265002431783e-06,584,0.008206020991330183,3,1,adam,"{'neurons_per_layer_encoder': [240], 'neurons_per_layer_decoder': [240, 120, 60]}",240,"[240, 120, 60]",[240],[0.5143544786980909],0.7451037825007478,COMPLETE
896,0.3120692437566519,2025-01-10 08:45:31.340846,2025-01-10 08:45:39.736673,0 days 00:00:08.395827,0.022979793986493743,40,0.4,252,100,3.015804118224566e-06,452,0.008212324340045075,3,1,adam,"{'neurons_per_layer_encoder': [252], 'neurons_per_layer_decoder': [252, 126, 63]}",252,"[252, 126, 63]",[252],[0.3120692437566519],0.6593369516643132,COMPLETE
897,0.3415732504066422,2025-01-10 08:45:32.445832,2025-01-10 08:45:40.042819,0 days 00:00:07.596987,0.025360811117813027,112,0.4,252,100,3.0766992899639557e-06,468,0.008187885827305015,3,1,adam,"{'neurons_per_layer_encoder': [252], 'neurons_per_layer_decoder': [252, 126, 63]}",252,"[252, 126, 63]",[252],[0.3415732504066422],0.7016760026412967,COMPLETE
898,0.44267288198749244,2025-01-10 08:45:37.009647,2025-01-10 08:45:45.826436,0 days 00:00:08.816789,0.030253713526858513,128,0.1,252,100,3.340065172299803e-06,452,0.006236975219265742,3,1,adam,"{'neurons_per_layer_encoder': [252], 'neurons_per_layer_decoder': [252, 126, 63]}",252,"[252, 126, 63]",[252],[0.44267288198749244],0.7606058901683421,COMPLETE
899,0.3421032745997161,2025-01-10 08:45:39.747740,2025-01-10 08:45:48.068636,0 days 00:00:08.320896,0.031175859086302445,40,0.30000000000000004,236,100,3.5013816851986436e-06,404,0.006976127542337838,3,1,adam,"{'neurons_per_layer_encoder': [236], 'neurons_per_layer_decoder': [236, 118, 59]}",236,"[236, 118, 59]",[236],[0.3421032745997161],0.673476098449029,COMPLETE
900,0.3868928771671525,2025-01-10 08:45:40.054652,2025-01-10 08:45:48.122486,0 days 00:00:08.067834,0.03101699873466895,40,0.30000000000000004,236,100,3.575433239711795e-06,356,0.00642306467765323,3,1,adam,"{'neurons_per_layer_encoder': [236], 'neurons_per_layer_decoder': [236, 118, 59]}",236,"[236, 118, 59]",[236],[0.3868928771671525],0.668566896843705,COMPLETE
901,0.20787819856834933,2025-01-10 08:45:45.852241,2025-01-10 08:45:50.785489,0 days 00:00:04.933248,0.031758089795507066,40,0.30000000000000004,236,100,4.515059657733181e-06,404,0.0063673427163605965,3,1,adam,"{'neurons_per_layer_encoder': [236], 'neurons_per_layer_decoder': [236, 118, 59]}",236,"[236, 118, 59]",[236],[0.20787819856834933],0.6388492833873702,COMPLETE
902,0.3150983181640138,2025-01-10 08:45:48.092760,2025-01-10 08:45:52.054080,0 days 00:00:03.961320,0.027325703763661224,40,0.30000000000000004,236,100,4.620942445182263e-06,484,0.006064070238933867,3,1,adam,"{'neurons_per_layer_encoder': [236], 'neurons_per_layer_decoder': [236, 118, 59]}",236,"[236, 118, 59]",[236],[0.3150983181640138],0.6916040675968517,COMPLETE
903,0.4197528747703192,2025-01-10 08:45:48.134913,2025-01-10 08:45:53.329136,0 days 00:00:05.194223,0.027827684396296938,40,0.4,248,100,4.274905783867986e-06,480,0.005013714873092538,5,1,adam,"{'neurons_per_layer_encoder': [248], 'neurons_per_layer_decoder': [248, 124, 62, 31, 15]}",248,"[248, 124, 62, 31, 15]",[248],[0.4197528747703192],0.8077957495280287,COMPLETE
904,0.18444764500819177,2025-01-10 08:45:49.550746,2025-01-10 08:45:52.652723,0 days 00:00:03.101977,0.026634718400402716,32,0.30000000000000004,228,100,4.25832884484905e-06,348,0.004934095625025702,3,1,adam,"{'neurons_per_layer_encoder': [228], 'neurons_per_layer_decoder': [228, 114, 57]}",228,"[228, 114, 57]",[228],[0.18444764500819177],0.6985822460612222,COMPLETE
905,0.20242085833362533,2025-01-10 08:45:50.793585,2025-01-10 08:45:54.038277,0 days 00:00:03.244692,0.02726751676903215,32,0.4,40,100,1.8951941696763052e-06,76,0.007837595856369286,3,1,adam,"{'neurons_per_layer_encoder': [40], 'neurons_per_layer_decoder': [40, 20, 10]}",40,"[40, 20, 10]",[40],[0.20242085833362533],0.646814529151304,COMPLETE
906,0.45151664249665446,2025-01-10 08:45:52.063223,2025-01-10 08:45:55.913292,0 days 00:00:03.850069,0.025424437313928218,32,0.4,248,100,1.832516979671079e-06,320,0.005028043286789837,3,1,adam,"{'neurons_per_layer_encoder': [248], 'neurons_per_layer_decoder': [248, 124, 62]}",248,"[248, 124, 62]",[248],[0.45151664249665446],0.7113859398583401,COMPLETE
907,0.4127324202655863,2025-01-10 08:45:52.661102,2025-01-10 08:45:56.988892,0 days 00:00:04.327790,0.025203131727657247,40,0.4,244,100,1.928655125952957e-06,476,0.008908398665009986,3,1,adam,"{'neurons_per_layer_encoder': [244], 'neurons_per_layer_decoder': [244, 122, 61]}",244,"[244, 122, 61]",[244],[0.4127324202655863],0.6485523596177002,COMPLETE
908,0.3128575487206052,2025-01-10 08:45:53.337802,2025-01-10 08:45:57.177028,0 days 00:00:03.839226,0.02523882959984506,48,0.4,240,100,1.8967243527597284e-06,344,0.008710947674912099,4,1,adam,"{'neurons_per_layer_encoder': [240], 'neurons_per_layer_decoder': [240, 120, 60, 30]}",240,"[240, 120, 60, 30]",[240],[0.3128575487206052],0.5751244769743896,COMPLETE
909,0.38394062702300336,2025-01-10 08:45:54.047988,2025-01-10 08:45:57.878731,0 days 00:00:03.830743,0.034093527577615315,40,0.4,244,100,2.7891780918674796e-06,316,0.008420721905824484,3,1,adam,"{'neurons_per_layer_encoder': [244], 'neurons_per_layer_decoder': [244, 122, 61]}",244,"[244, 122, 61]",[244],[0.38394062702300336],0.654010585382308,COMPLETE
910,-0.21224204950046865,2025-01-10 08:45:55.921693,2025-01-10 08:45:58.878263,0 days 00:00:02.956570,0.03612895170116259,48,0.4,4,100,2.317033681185141e-06,4,0.00873307052307239,3,1,adam,"{'neurons_per_layer_encoder': [4], 'neurons_per_layer_decoder': [8, 8, 8]}",4,"[8, 8, 8]",[4],[-0.21224204950046865],0.6959740203309339,COMPLETE
911,0.3695152883517957,2025-01-10 08:45:56.998614,2025-01-10 08:46:00.626305,0 days 00:00:03.627691,0.03684493492400453,48,0.30000000000000004,240,100,2.307608083003943e-06,344,0.009899821671039684,3,1,adam,"{'neurons_per_layer_encoder': [240], 'neurons_per_layer_decoder': [240, 120, 60]}",240,"[240, 120, 60]",[240],[0.3695152883517957],0.5341834163934365,COMPLETE
912,0.48198077001617246,2025-01-10 08:45:57.185726,2025-01-10 08:46:01.279141,0 days 00:00:04.093415,0.03572622601028406,40,0.30000000000000004,256,100,2.312972301654193e-06,440,0.009947603685937112,3,1,adam,"{'neurons_per_layer_encoder': [256], 'neurons_per_layer_decoder': [256, 128, 64]}",256,"[256, 128, 64]",[256],[0.48198077001617246],0.6775722493304868,COMPLETE
913,-0.7221448119967573,2025-01-10 08:45:57.887373,2025-01-10 08:46:02.061381,0 days 00:00:04.174008,0.03675045593025667,40,0.30000000000000004,256,100,2.3551858289177367e-06,440,0.00010203803652730767,3,1,adam,"{'neurons_per_layer_encoder': [256], 'neurons_per_layer_decoder': [256, 128, 64]}",256,"[256, 128, 64]",[256],[-0.7221448119967573],0.7548369344697597,COMPLETE
914,0.4992631296919392,2025-01-10 08:45:58.888093,2025-01-10 08:46:03.363109,0 days 00:00:04.475016,0.02923004239457578,40,0.30000000000000004,256,100,3.042350598286604e-06,600,0.007570278813519906,3,1,adam,"{'neurons_per_layer_encoder': [256], 'neurons_per_layer_decoder': [256, 128, 64]}",256,"[256, 128, 64]",[256],[0.4992631296919392],0.7255051573944994,COMPLETE
915,0.4978254530273438,2025-01-10 08:46:00.637025,2025-01-10 08:46:05.016696,0 days 00:00:04.379671,0.018147907005859217,40,0.30000000000000004,256,100,1.1970584757833557e-06,600,0.009997494394423453,3,1,adam,"{'neurons_per_layer_encoder': [256], 'neurons_per_layer_decoder': [256, 128, 64]}",256,"[256, 128, 64]",[256],[0.4978254530273438],0.6310769260484516,COMPLETE
916,0.331318794938246,2025-01-10 08:46:01.287637,2025-01-10 08:46:05.496338,0 days 00:00:04.208701,0.029477994669766305,40,0.30000000000000004,228,100,1.2113178903343822e-06,508,0.007338039695827289,3,1,adam,"{'neurons_per_layer_encoder': [228], 'neurons_per_layer_decoder': [228, 114, 57]}",228,"[228, 114, 57]",[228],[0.331318794938246],0.5364927422127455,COMPLETE
917,0.45580975267193535,2025-01-10 08:46:02.070802,2025-01-10 08:46:05.995469,0 days 00:00:03.924667,0.018441325920335903,40,0.4,228,100,1.151819940974452e-06,332,0.0075984731277787074,3,1,adam,"{'neurons_per_layer_encoder': [228], 'neurons_per_layer_decoder': [228, 114, 57]}",228,"[228, 114, 57]",[228],[0.45580975267193535],0.6929000719966996,COMPLETE
918,0.3054209887439041,2025-01-10 08:46:03.372107,2025-01-10 08:46:06.689944,0 days 00:00:03.317837,0.02289437138516081,40,0.4,228,100,1.1412937647630638e-06,508,0.0073277837030372005,3,1,adam,"{'neurons_per_layer_encoder': [228], 'neurons_per_layer_decoder': [228, 114, 57]}",228,"[228, 114, 57]",[228],[0.3054209887439041],0.5744652953894787,COMPLETE
919,-0.11435141209476507,2025-01-10 08:46:05.025509,2025-01-10 08:46:23.433166,0 days 00:00:18.407657,0.02301605790047671,40,0.4,248,100,3.726509165642569e-06,2008,3.9141777948029194e-05,3,4,adam,"{'neurons_per_layer_encoder': [248, 496, 992, 1984], 'neurons_per_layer_decoder': [1984, 992, 496]}",248,"[1984, 992, 496]","[248, 496, 992, 1984]",[-0.11435141209476507],0.8952378768303431,COMPLETE
920,0.47798501890377076,2025-01-10 08:46:05.506069,2025-01-10 08:46:11.026760,0 days 00:00:05.520691,0.023365229412457007,40,0.4,248,100,3.861297607527688e-06,480,0.004420136480541173,3,1,adam,"{'neurons_per_layer_encoder': [248], 'neurons_per_layer_decoder': [248, 124, 62]}",248,"[248, 124, 62]",[248],[0.47798501890377076],0.7608720697489899,COMPLETE
921,0.2922714135543696,2025-01-10 08:46:06.003311,2025-01-10 08:46:11.020859,0 days 00:00:05.017548,0.022582465204506914,72,0.4,248,100,1.5868160002381537e-06,480,0.00597595581790235,3,1,adam,"{'neurons_per_layer_encoder': [248], 'neurons_per_layer_decoder': [248, 124, 62]}",248,"[248, 124, 62]",[248],[0.2922714135543696],0.5709303850629557,COMPLETE
922,-12.266228293847197,2025-01-10 08:46:06.697725,2025-01-10 08:46:13.797448,0 days 00:00:07.099723,0.021052726449733525,40,0.4,248,100,3.793446553181501e-06,352,1.7218228638372754e-05,3,1,adam,"{'neurons_per_layer_encoder': [248], 'neurons_per_layer_decoder': [248, 124, 62]}",248,"[248, 124, 62]",[248],[-12.266228293847197],0.5605685542557454,COMPLETE
923,0.47178030133880033,2025-01-10 08:46:11.034058,2025-01-10 08:46:31.600846,0 days 00:00:20.566788,0.02044359605637845,32,0.4,240,100,3.651593263465784e-06,1960,0.0059355095818423905,3,4,adam,"{'neurons_per_layer_encoder': [240, 480, 960, 1920], 'neurons_per_layer_decoder': [1920, 960, 480]}",240,"[1920, 960, 480]","[240, 480, 960, 1920]",[0.47178030133880033],0.9486179442873823,COMPLETE
924,0.5396580328562965,2025-01-10 08:46:11.035905,2025-01-10 08:46:18.970913,0 days 00:00:07.935008,0.0333479418122937,32,0.4,240,100,5.17895109725792e-06,392,0.006003966839967688,3,1,adam,"{'neurons_per_layer_encoder': [240], 'neurons_per_layer_decoder': [240, 120, 60]}",240,"[240, 120, 60]",[240],[0.5396580328562965],0.825931500606317,COMPLETE
925,-0.5745451668525594,2025-01-10 08:46:13.813622,2025-01-10 08:46:23.623651,0 days 00:00:09.810029,0.03342794103462557,32,0.30000000000000004,240,100,5.222965996818956e-06,392,0.006176873122683081,3,1,adam,"{'neurons_per_layer_encoder': [240], 'neurons_per_layer_decoder': [240, 120, 60]}",240,"[240, 120, 60]",[240],[-0.5745451668525594],0.42048383575947645,COMPLETE
926,0.4066011429919887,2025-01-10 08:46:18.984307,2025-01-10 08:46:26.647528,0 days 00:00:07.663221,0.020130397912278386,40,0.30000000000000004,244,100,2.8451724611558683e-06,364,0.005312817079133942,3,1,adam,"{'neurons_per_layer_encoder': [244], 'neurons_per_layer_decoder': [244, 122, 61]}",244,"[244, 122, 61]",[244],[0.4066011429919887],0.6343898132519888,COMPLETE
927,0.5049859384168466,2025-01-10 08:46:23.445513,2025-01-10 08:46:29.520361,0 days 00:00:06.074848,0.02804760429455329,40,0.30000000000000004,240,100,2.9455160901349524e-06,584,0.007946113552129732,3,1,adam,"{'neurons_per_layer_encoder': [240], 'neurons_per_layer_decoder': [240, 120, 60]}",240,"[240, 120, 60]",[240],[0.5049859384168466],0.7168211278611117,COMPLETE
928,0.33614705664153033,2025-01-10 08:46:23.639791,2025-01-10 08:46:27.811956,0 days 00:00:04.172165,0.03082001435586542,48,0.30000000000000004,252,100,2.7160294614023724e-06,468,0.008767361603483095,3,1,adam,"{'neurons_per_layer_encoder': [252], 'neurons_per_layer_decoder': [252, 126, 63]}",252,"[252, 126, 63]",[252],[0.33614705664153033],0.6718944868911454,COMPLETE
929,0.38364917001993193,2025-01-10 08:46:26.663769,2025-01-10 08:46:32.648970,0 days 00:00:05.985201,0.03114443416323782,48,0.4,236,100,3.1040735136721787e-06,340,0.0079013062081992,3,1,adam,"{'neurons_per_layer_encoder': [236], 'neurons_per_layer_decoder': [236, 118, 59]}",236,"[236, 118, 59]",[236],[0.38364917001993193],0.6665972060900466,COMPLETE
