number,value,datetime_start,datetime_complete,duration,params_alpha,params_batch_size,params_drop_out_rate,params_encoder_neurons_layer_1,params_epochs,params_lambda,params_latent_dim,params_learning_rate,params_num_layers_decoder,params_num_layers_encoder,params_optimizer,user_attrs_encoder_decoder_config,user_attrs_first_layer_neurons,user_attrs_neurons_per_layer_decoder,user_attrs_neurons_per_layer_encoder,user_attrs_r2_feature_1,user_attrs_relative_deterioration,state
1046,-0.23451841730924805,2025-01-10 08:54:44.177329,2025-01-10 08:55:01.520337,0 days 00:00:17.343008,0.02322444508849329,40,0.30000000000000004,244,100,3.0028374674645746e-06,1976,0.007743024979697195,3,4,adam,"{'neurons_per_layer_encoder': [244, 488, 976, 1952], 'neurons_per_layer_decoder': [1952, 976, 488]}",244,"[1952, 976, 488]","[244, 488, 976, 1952]",[-0.23451841730924805],0.8687552756185684,COMPLETE
1047,0.3640966827599519,2025-01-10 08:54:45.123154,2025-01-10 08:54:51.901175,0 days 00:00:06.778021,0.022564410917158332,40,0.30000000000000004,256,100,1.8431699742650198e-06,600,0.007657346309361964,3,1,adam,"{'neurons_per_layer_encoder': [256], 'neurons_per_layer_decoder': [256, 128, 64]}",256,"[256, 128, 64]",[256],[0.3640966827599519],0.585954140515087,COMPLETE
1048,0.20517938514384293,2025-01-10 08:54:46.374371,2025-01-10 08:54:53.878643,0 days 00:00:07.504272,0.03334467707129964,40,0.30000000000000004,256,100,1.984445170616727e-06,600,0.007942930248069314,3,1,adam,"{'neurons_per_layer_encoder': [256], 'neurons_per_layer_decoder': [256, 128, 64]}",256,"[256, 128, 64]",[256],[0.20517938514384293],0.567178911322838,COMPLETE
1049,0.3298137784596151,2025-01-10 08:54:47.824419,2025-01-10 08:54:53.167041,0 days 00:00:05.342622,0.03062498708634664,40,0.30000000000000004,256,100,7.6027783985154255e-06,600,0.007655520261226825,3,1,sgd,"{'neurons_per_layer_encoder': [256], 'neurons_per_layer_decoder': [256, 128, 64]}",256,"[256, 128, 64]",[256],[0.3298137784596151],0.8735964855064013,COMPLETE
1050,0.5334737933968805,2025-01-10 08:54:50.857329,2025-01-10 08:54:57.483517,0 days 00:00:06.626188,0.03357279545839818,40,0.30000000000000004,256,100,2.8563992917390273e-06,600,0.007312132549635766,3,1,adam,"{'neurons_per_layer_encoder': [256], 'neurons_per_layer_decoder': [256, 128, 64]}",256,"[256, 128, 64]",[256],[0.5334737933968805],0.7217915012974238,COMPLETE
1051,-1.0455477867452605,2025-01-10 08:54:51.911816,2025-01-10 08:54:56.734593,0 days 00:00:04.822777,0.025676276704153633,40,0.30000000000000004,236,100,2.855308087579361e-06,404,0.005916668526398608,3,1,sgd,"{'neurons_per_layer_encoder': [236], 'neurons_per_layer_decoder': [236, 118, 59]}",236,"[236, 118, 59]",[236],[-1.0455477867452605],0.6842879035665578,COMPLETE
1052,0.4243314808120604,2025-01-10 08:54:53.179387,2025-01-10 08:54:59.603368,0 days 00:00:06.423981,0.03493781430639387,40,0.30000000000000004,236,100,2.8490473697551976e-06,564,0.005832898834870602,3,1,adam,"{'neurons_per_layer_encoder': [236], 'neurons_per_layer_decoder': [236, 118, 59]}",236,"[236, 118, 59]",[236],[0.4243314808120604],0.6358727466275025,COMPLETE
1053,0.18175585451459342,2025-01-10 08:54:53.893990,2025-01-10 08:54:59.754900,0 days 00:00:05.860910,0.19719282127431992,40,0.30000000000000004,236,100,2.8428724465770473e-06,404,0.005733958361510199,3,1,adam,"{'neurons_per_layer_encoder': [236], 'neurons_per_layer_decoder': [236, 118, 59]}",236,"[236, 118, 59]",[236],[0.18175585451459342],0.5535008096747517,COMPLETE
1054,0.4793132124241819,2025-01-10 08:54:56.745578,2025-01-10 08:55:02.853943,0 days 00:00:06.108365,0.041764102745382316,40,0.30000000000000004,236,100,3.772578433983681e-06,564,0.008843300333404731,3,1,adam,"{'neurons_per_layer_encoder': [236], 'neurons_per_layer_decoder': [236, 118, 59]}",236,"[236, 118, 59]",[236],[0.4793132124241819],0.7218375694637784,COMPLETE
1055,0.4606912598043965,2025-01-10 08:54:57.497603,2025-01-10 08:55:02.845178,0 days 00:00:05.347575,0.041556638889462365,40,0.30000000000000004,192,100,3.6190048201143318e-06,456,0.008932305952985843,3,1,adam,"{'neurons_per_layer_encoder': [192], 'neurons_per_layer_decoder': [192, 96, 48]}",192,"[192, 96, 48]",[192],[0.4606912598043965],0.6507900952092744,COMPLETE
1056,0.531943685073651,2025-01-10 08:54:59.615183,2025-01-10 08:55:04.375748,0 days 00:00:04.760565,0.02542065714953934,40,0.30000000000000004,192,100,3.6432884106490674e-06,456,0.008807790477942714,3,1,adam,"{'neurons_per_layer_encoder': [192], 'neurons_per_layer_decoder': [192, 96, 48]}",192,"[192, 96, 48]",[192],[0.531943685073651],0.7203079036234741,COMPLETE
1057,0.5328721005033694,2025-01-10 08:54:59.765644,2025-01-10 08:55:04.545289,0 days 00:00:04.779645,0.027942829601647474,40,0.30000000000000004,244,100,3.539962346943426e-06,316,0.009010386904505573,3,1,adam,"{'neurons_per_layer_encoder': [244], 'neurons_per_layer_decoder': [244, 122, 61]}",244,"[244, 122, 61]",[244],[0.5328721005033694],0.7345858961026412,COMPLETE
1058,0.2282814784363445,2025-01-10 08:55:01.532838,2025-01-10 08:55:05.944960,0 days 00:00:04.412122,0.04089539898136613,40,0.30000000000000004,244,100,3.7709975852305586e-06,316,0.008980253270891076,3,1,adam,"{'neurons_per_layer_encoder': [244], 'neurons_per_layer_decoder': [244, 122, 61]}",244,"[244, 122, 61]",[244],[0.2282814784363445],0.5652281733315995,COMPLETE
1059,0.3554659862427184,2025-01-10 08:55:02.858485,2025-01-10 08:55:06.566212,0 days 00:00:03.707727,0.02780494152871474,32,0.30000000000000004,244,100,4.46854607876153e-06,476,0.0036290364482427485,3,1,adam,"{'neurons_per_layer_encoder': [244], 'neurons_per_layer_decoder': [244, 122, 61]}",244,"[244, 122, 61]",[244],[0.3554659862427184],0.7331730277879768,COMPLETE
1060,-1.255461643984391,2025-01-10 08:55:02.865624,2025-01-10 08:55:07.034843,0 days 00:00:04.169219,0.027863242027287963,32,0.30000000000000004,244,100,4.365263065163958e-06,316,0.00996542363532674,2,1,adam,"{'neurons_per_layer_encoder': [244], 'neurons_per_layer_decoder': [244, 122]}",244,"[244, 122]",[244],[-1.255461643984391],-0.14807906806627882,COMPLETE
1061,0.18115275661569674,2025-01-10 08:55:04.388003,2025-01-10 08:55:07.153270,0 days 00:00:02.765267,0.028254191531073388,32,0.30000000000000004,252,100,4.4237522404466865e-06,308,0.00653345844314316,2,1,adam,"{'neurons_per_layer_encoder': [252], 'neurons_per_layer_decoder': [252, 126]}",252,"[252, 126]",[252],[0.18115275661569674],0.6817243610420168,COMPLETE
1062,0.2771391783810435,2025-01-10 08:55:04.556938,2025-01-10 08:55:08.738883,0 days 00:00:04.181945,0.030400567723517045,32,0.30000000000000004,252,100,4.536605705346291e-06,468,0.006552380218479263,3,1,adam,"{'neurons_per_layer_encoder': [252], 'neurons_per_layer_decoder': [252, 126, 63]}",252,"[252, 126, 63]",[252],[0.2771391783810435],0.6951862782392029,COMPLETE
1063,0.3910843970312542,2025-01-10 08:55:05.958578,2025-01-10 08:55:10.614228,0 days 00:00:04.655650,0.029877498429364,32,0.4,252,100,4.6235905625933436e-06,612,0.006611743962889603,2,1,adam,"{'neurons_per_layer_encoder': [252], 'neurons_per_layer_decoder': [252, 126]}",252,"[252, 126]",[252],[0.3910843970312542],0.7378622586564152,COMPLETE
1064,0.3031479620106119,2025-01-10 08:55:06.575691,2025-01-10 08:55:10.801273,0 days 00:00:04.225582,0.030800976028222217,48,0.4,252,100,2.1450802613766055e-06,468,0.0067636875411429525,3,1,adam,"{'neurons_per_layer_encoder': [252], 'neurons_per_layer_decoder': [252, 126, 63]}",252,"[252, 126, 63]",[252],[0.3031479620106119],0.6585851227680084,COMPLETE
1065,-0.21147870674531322,2025-01-10 08:55:07.050135,2025-01-10 08:55:11.669043,0 days 00:00:04.618908,0.02156920919777825,40,0.4,228,100,2.154000082493925e-06,492,0.00034505453149552247,3,1,adam,"{'neurons_per_layer_encoder': [228], 'neurons_per_layer_decoder': [228, 114, 57]}",228,"[228, 114, 57]",[228],[-0.21147870674531322],0.7261020307629756,COMPLETE
1066,0.3891246778523163,2025-01-10 08:55:07.166356,2025-01-10 08:55:11.506954,0 days 00:00:04.340598,0.021457372684792336,48,0.4,232,100,2.2278766952656415e-06,400,0.0048568524808499805,3,1,adam,"{'neurons_per_layer_encoder': [232], 'neurons_per_layer_decoder': [232, 116, 58]}",232,"[232, 116, 58]",[232],[0.3891246778523163],0.6773307904882215,COMPLETE
1067,0.3188046877607237,2025-01-10 08:55:08.750063,2025-01-10 08:55:12.787866,0 days 00:00:04.037803,0.023982370231020234,48,0.4,232,100,2.117025431678137e-06,496,0.004816441804569945,3,1,adam,"{'neurons_per_layer_encoder': [232], 'neurons_per_layer_decoder': [232, 116, 58]}",232,"[232, 116, 58]",[232],[0.3188046877607237],0.5869023656468841,COMPLETE
1068,-0.3419499826538368,2025-01-10 08:55:10.625228,2025-01-10 08:55:13.435057,0 days 00:00:02.809829,0.021204491841553076,40,0.4,28,100,2.113091365549601e-06,46,0.0049949079315048115,3,1,adam,"{'neurons_per_layer_encoder': [28], 'neurons_per_layer_decoder': [28, 14, 8]}",28,"[28, 14, 8]",[28],[-0.3419499826538368],0.5521131028440337,COMPLETE
1069,0.25116950201318344,2025-01-10 08:55:10.812401,2025-01-10 08:55:15.052930,0 days 00:00:04.240529,0.02182137968460319,40,0.4,228,100,3.1788894036856714e-06,492,0.00997142543775887,3,1,adam,"{'neurons_per_layer_encoder': [228], 'neurons_per_layer_decoder': [228, 114, 57]}",228,"[228, 114, 57]",[228],[0.25116950201318344],0.619022795556956,COMPLETE
1070,0.13989433072389867,2025-01-10 08:55:11.516693,2025-01-10 08:55:15.024840,0 days 00:00:03.508147,0.03755627520899164,40,0.4,224,100,3.2650512765274984e-06,504,0.009982949951080379,3,1,adam,"{'neurons_per_layer_encoder': [224], 'neurons_per_layer_decoder': [224, 112, 56]}",224,"[224, 112, 56]",[224],[0.13989433072389867],0.6723115711563236,COMPLETE
1071,0.3866559645415951,2025-01-10 08:55:11.679240,2025-01-10 08:55:16.090247,0 days 00:00:04.411007,0.03784105344888148,40,0.30000000000000004,240,100,3.244192631560198e-06,504,0.0050804381473920045,3,1,adam,"{'neurons_per_layer_encoder': [240], 'neurons_per_layer_decoder': [240, 120, 60]}",240,"[240, 120, 60]",[240],[0.3866559645415951],0.6444402151898869,COMPLETE
1072,0.40173538960847277,2025-01-10 08:55:12.797944,2025-01-10 08:55:16.931463,0 days 00:00:04.133519,0.037900676476036885,40,0.30000000000000004,224,100,3.3274509318244497e-06,504,0.005311045630669886,3,1,adam,"{'neurons_per_layer_encoder': [224], 'neurons_per_layer_decoder': [224, 112, 56]}",224,"[224, 112, 56]",[224],[0.40173538960847277],0.6664641276267352,COMPLETE
1073,0.4783246807880511,2025-01-10 08:55:13.445774,2025-01-10 08:55:17.586011,0 days 00:00:04.140237,0.03797280530014466,40,0.30000000000000004,240,100,3.22609914683086e-06,440,0.004296367451430436,3,1,adam,"{'neurons_per_layer_encoder': [240], 'neurons_per_layer_decoder': [240, 120, 60]}",240,"[240, 120, 60]",[240],[0.4783246807880511],0.6769761082736719,COMPLETE
1074,0.17473912159877858,2025-01-10 08:55:15.036693,2025-01-10 08:55:19.190886,0 days 00:00:04.154193,0.026271804330855315,40,0.30000000000000004,240,100,2.617839104626433e-06,504,0.004128653772675969,3,1,adam,"{'neurons_per_layer_encoder': [240], 'neurons_per_layer_decoder': [240, 120, 60]}",240,"[240, 120, 60]",[240],[0.17473912159877858],0.4635607709669517,COMPLETE
1075,0.5853560926638868,2025-01-10 08:55:15.062798,2025-01-10 08:55:19.470457,0 days 00:00:04.407659,0.017631460687806796,40,0.30000000000000004,240,100,5.036610985655329e-06,440,0.007429701074367641,3,1,adam,"{'neurons_per_layer_encoder': [240], 'neurons_per_layer_decoder': [240, 120, 60]}",240,"[240, 120, 60]",[240],[0.5853560926638868],0.7979294638914034,COMPLETE
1076,-0.23069918324726268,2025-01-10 08:55:16.100356,2025-01-10 08:55:19.491083,0 days 00:00:03.390727,0.026443183850756006,40,0.30000000000000004,248,100,2.5000790989356633e-06,464,0.0005778358608915498,3,1,adam,"{'neurons_per_layer_encoder': [248], 'neurons_per_layer_decoder': [248, 124, 62]}",248,"[248, 124, 62]",[248],[-0.23069918324726268],0.6217744860108159,COMPLETE
1077,0.21551929607097609,2025-01-10 08:55:16.942601,2025-01-10 08:55:20.777635,0 days 00:00:03.835034,0.02514020590281808,40,0.30000000000000004,248,100,2.6133590978601446e-06,480,0.007321459565445421,3,1,adam,"{'neurons_per_layer_encoder': [248], 'neurons_per_layer_decoder': [248, 124, 62]}",248,"[248, 124, 62]",[248],[0.21551929607097609],0.5890612686346035,COMPLETE
1078,-12.613151445586492,2025-01-10 08:55:17.595682,2025-01-10 08:55:22.212448,0 days 00:00:04.616766,0.0177500407329377,40,0.30000000000000004,248,100,2.5912261729314766e-06,480,0.007253890338211601,3,1,adadelta,"{'neurons_per_layer_encoder': [248], 'neurons_per_layer_decoder': [248, 124, 62]}",248,"[248, 124, 62]",[248],[-12.613151445586492],0.29469503402876956,COMPLETE
1079,-20.25895228376161,2025-01-10 08:55:19.202286,2025-01-10 08:55:21.411677,0 days 00:00:02.209391,0.017977349660532445,40,0.30000000000000004,248,100,4.992311939802815e-06,480,0.007270953535590779,3,1,adadelta,"{'neurons_per_layer_encoder': [248], 'neurons_per_layer_decoder': [248, 124, 62]}",248,"[248, 124, 62]",[248],[-20.25895228376161],0.5751290673818283,COMPLETE
1080,-14.810765502713009,2025-01-10 08:55:19.479659,2025-01-10 08:55:24.360233,0 days 00:00:04.880574,0.034299037127087754,40,0.30000000000000004,248,100,1.74382004371554e-06,480,0.007980841176753305,3,1,adadelta,"{'neurons_per_layer_encoder': [248], 'neurons_per_layer_decoder': [248, 124, 62]}",248,"[248, 124, 62]",[248],[-14.810765502713009],0.48002486068363853,COMPLETE
1081,0.4416471812743845,2025-01-10 08:55:19.506123,2025-01-10 08:55:26.175648,0 days 00:00:06.669525,0.03359950102893514,40,0.4,56,100,1.799429332126652e-06,648,0.007982355213241496,3,4,adam,"{'neurons_per_layer_encoder': [56, 112, 224, 448], 'neurons_per_layer_decoder': [448, 224, 112]}",56,"[448, 224, 112]","[56, 112, 224, 448]",[0.4416471812743845],0.8220268241196751,COMPLETE
1082,0.615226141183322,2025-01-10 08:55:20.788130,2025-01-10 08:55:25.591818,0 days 00:00:04.803688,0.033845135496140724,40,0.4,252,100,1.8828985442456068e-06,612,0.00810004266661187,3,1,adam,"{'neurons_per_layer_encoder': [252], 'neurons_per_layer_decoder': [252, 126, 63]}",252,"[252, 126, 63]",[252],[0.615226141183322],0.7832772235977783,COMPLETE
1083,0.5313990795100252,2025-01-10 08:55:21.420848,2025-01-10 08:55:26.048499,0 days 00:00:04.627651,0.0245579394287532,40,0.4,256,100,1.7280721344560994e-06,456,0.008698892258419624,3,1,adam,"{'neurons_per_layer_encoder': [256], 'neurons_per_layer_decoder': [256, 128, 64]}",256,"[256, 128, 64]",[256],[0.5313990795100252],0.7344993876459402,COMPLETE
1084,-5.151105961342058,2025-01-10 08:55:22.224827,2025-01-10 08:55:26.625420,0 days 00:00:04.400593,0.03361133858393034,40,0.4,232,100,1.3754250964046793e-06,416,4.630641469597031e-05,3,1,adam,"{'neurons_per_layer_encoder': [232], 'neurons_per_layer_decoder': [232, 116, 58]}",232,"[232, 116, 58]",[232],[-5.151105961342058],0.6860778686856691,COMPLETE
1085,0.30204939911688056,2025-01-10 08:55:24.372128,2025-01-10 08:55:28.858980,0 days 00:00:04.486852,0.03284500639691921,40,0.4,256,100,6.812122722047222e-06,456,0.005994989507784122,3,1,adam,"{'neurons_per_layer_encoder': [256], 'neurons_per_layer_decoder': [256, 128, 64]}",256,"[256, 128, 64]",[256],[0.30204939911688056],0.7131194465724624,COMPLETE
1086,0.43911802428882585,2025-01-10 08:55:25.601901,2025-01-10 08:55:30.502036,0 days 00:00:04.900135,0.03438434080984058,40,0.4,256,100,1.3332725979972365e-06,616,0.006065254823069386,3,1,adam,"{'neurons_per_layer_encoder': [256], 'neurons_per_layer_decoder': [256, 128, 64]}",256,"[256, 128, 64]",[256],[0.43911802428882585],0.6277811416541056,COMPLETE
1087,0.48006054953432664,2025-01-10 08:55:26.058103,2025-01-10 08:55:30.842012,0 days 00:00:04.783909,0.03312946941238473,40,0.4,256,100,1.3603103851934543e-06,616,0.005918455081045203,3,1,adam,"{'neurons_per_layer_encoder': [256], 'neurons_per_layer_decoder': [256, 128, 64]}",256,"[256, 128, 64]",[256],[0.48006054953432664],0.6775356374866129,COMPLETE
1088,0.31842309596221685,2025-01-10 08:55:26.186887,2025-01-10 08:55:30.653304,0 days 00:00:04.466417,0.03478327800706155,48,0.4,256,100,3.845856506168518e-06,616,0.005982590506689179,3,1,adam,"{'neurons_per_layer_encoder': [256], 'neurons_per_layer_decoder': [256, 128, 64]}",256,"[256, 128, 64]",[256],[0.31842309596221685],0.6357004631233611,COMPLETE
1089,0.29209679032461777,2025-01-10 08:55:26.634581,2025-01-10 08:55:31.024637,0 days 00:00:04.390056,0.032026583524681886,48,0.4,256,100,1.44341093501677e-06,600,0.006118380263920113,3,1,adam,"{'neurons_per_layer_encoder': [256], 'neurons_per_layer_decoder': [256, 128, 64]}",256,"[256, 128, 64]",[256],[0.29209679032461777],0.46752925208116486,COMPLETE
1090,0.22788403705459404,2025-01-10 08:55:28.870567,2025-01-10 08:55:33.149479,0 days 00:00:04.278912,0.03415182713177269,48,0.4,252,100,1.6245555365293384e-06,612,0.00590124503696661,3,1,adam,"{'neurons_per_layer_encoder': [252], 'neurons_per_layer_decoder': [252, 126, 63]}",252,"[252, 126, 63]",[252],[0.22788403705459404],0.5764076122414314,COMPLETE
1091,0.21112447721628802,2025-01-10 08:55:30.513840,2025-01-10 08:55:35.762189,0 days 00:00:05.248349,0.035045011043435645,48,0.4,256,100,4.018950280211937e-06,536,0.006783697190602055,4,2,adam,"{'neurons_per_layer_encoder': [256, 512], 'neurons_per_layer_decoder': [512, 256, 128, 64]}",256,"[512, 256, 128, 64]","[256, 512]",[0.21112447721628802],0.7794084219932523,COMPLETE
1092,0.32121913828432724,2025-01-10 08:55:30.668124,2025-01-10 08:55:35.914724,0 days 00:00:05.246600,0.03180490459431487,32,0.4,252,100,1.5275831188262467e-06,528,0.006837809892118259,3,2,adam,"{'neurons_per_layer_encoder': [252, 504], 'neurons_per_layer_decoder': [504, 252, 126]}",252,"[504, 252, 126]","[252, 504]",[0.32121913828432724],0.7360136519531857,COMPLETE
1093,0.018606607700623168,2025-01-10 08:55:30.852358,2025-01-10 08:55:35.599011,0 days 00:00:04.746653,0.03138832790240517,32,0.4,252,100,5.408457814312431e-06,528,0.006875971673465775,3,2,adam,"{'neurons_per_layer_encoder': [252, 504], 'neurons_per_layer_decoder': [504, 252, 126]}",252,"[504, 252, 126]","[252, 504]",[0.018606607700623168],0.7850450127797267,COMPLETE
1094,-3.6757140143229092,2025-01-10 08:55:31.034609,2025-01-10 08:55:34.933521,0 days 00:00:03.898912,0.0303850290667611,88,0.4,252,100,1.6058256801283817e-06,528,0.009985752451596245,3,2,sgd,"{'neurons_per_layer_encoder': [252, 504], 'neurons_per_layer_decoder': [504, 252, 126]}",252,"[504, 252, 126]","[252, 504]",[-3.6757140143229092],0.337861619416805,COMPLETE
1095,0.5181877040248313,2025-01-10 08:55:33.161199,2025-01-10 08:55:40.330267,0 days 00:00:07.169068,0.031685295611853834,32,0.4,236,100,5.254128008120496e-06,544,0.006961679611696834,3,2,adam,"{'neurons_per_layer_encoder': [236, 472], 'neurons_per_layer_decoder': [472, 236, 118]}",236,"[472, 236, 118]","[236, 472]",[0.5181877040248313],0.8664777953029262,COMPLETE
1096,0.24080970761905118,2025-01-10 08:55:34.944720,2025-01-10 08:55:38.785694,0 days 00:00:03.840974,0.035695034109545415,32,0.4,236,100,1.8505386772623512e-06,404,0.006936821317152606,3,1,adam,"{'neurons_per_layer_encoder': [236], 'neurons_per_layer_decoder': [236, 118, 59]}",236,"[236, 118, 59]",[236],[0.24080970761905118],0.6610431029535663,COMPLETE
1097,0.16763780508336212,2025-01-10 08:55:35.609672,2025-01-10 08:55:39.181214,0 days 00:00:03.571542,0.03571944797412144,40,0.4,236,100,3.907830122194818e-06,404,0.003573408537194311,3,1,adam,"{'neurons_per_layer_encoder': [236], 'neurons_per_layer_decoder': [236, 118, 59]}",236,"[236, 118, 59]",[236],[0.16763780508336212],0.7045357561289105,COMPLETE
1098,0.5339362856382808,2025-01-10 08:55:35.773845,2025-01-10 08:55:40.446457,0 days 00:00:04.672612,0.031313709004831186,40,0.4,240,100,1.8429571150563465e-06,584,0.008600603271160197,3,1,adam,"{'neurons_per_layer_encoder': [240], 'neurons_per_layer_decoder': [240, 120, 60]}",240,"[240, 120, 60]",[240],[0.5339362856382808],0.771149080310234,COMPLETE
1099,0.11337235768886056,2025-01-10 08:55:35.926457,2025-01-10 08:55:39.464166,0 days 00:00:03.537709,0.03553494987504678,40,0.4,236,100,1.8097465495863463e-06,404,0.00366670270854242,3,1,adam,"{'neurons_per_layer_encoder': [236], 'neurons_per_layer_decoder': [236, 118, 59]}",236,"[236, 118, 59]",[236],[0.11337235768886056],0.6006877297918535,COMPLETE
1100,0.43145678344930405,2025-01-10 08:55:38.795722,2025-01-10 08:55:43.400683,0 days 00:00:04.604961,0.03948114922983712,40,0.4,244,100,3.929240364539473e-06,428,0.008637974627894235,3,1,adam,"{'neurons_per_layer_encoder': [244], 'neurons_per_layer_decoder': [244, 122, 61]}",244,"[244, 122, 61]",[244],[0.43145678344930405],0.712010289838843,COMPLETE
1101,0.43039405781090867,2025-01-10 08:55:39.191749,2025-01-10 08:55:44.335558,0 days 00:00:05.143809,0.039417792166379445,40,0.4,244,100,8.586325869686531e-06,588,0.008714591943747484,3,1,adam,"{'neurons_per_layer_encoder': [244], 'neurons_per_layer_decoder': [244, 122, 61]}",244,"[244, 122, 61]",[244],[0.43039405781090867],0.7794179748691531,COMPLETE
1102,0.3981790393295913,2025-01-10 08:55:39.474451,2025-01-10 08:55:43.168670,0 days 00:00:03.694219,0.029294262709591373,40,0.4,244,100,3.0271106053800557e-06,588,0.008680669286014577,3,1,adam,"{'neurons_per_layer_encoder': [244], 'neurons_per_layer_decoder': [244, 122, 61]}",244,"[244, 122, 61]",[244],[0.3981790393295913],0.7564977280189036,COMPLETE
1103,0.5837946171427113,2025-01-10 08:55:40.344072,2025-01-10 08:55:45.193269,0 days 00:00:04.849197,0.029258574703895056,40,0.4,244,100,9.261156265687805e-06,588,0.008696150144980848,3,1,adam,"{'neurons_per_layer_encoder': [244], 'neurons_per_layer_decoder': [244, 122, 61]}",244,"[244, 122, 61]",[244],[0.5837946171427113],0.8378068989060052,COMPLETE
1104,0.40166973791458727,2025-01-10 08:55:40.457444,2025-01-10 08:55:44.796044,0 days 00:00:04.338600,0.02866812807384933,40,0.4,244,100,3.0187774767472866e-06,332,0.004300728520551058,3,1,adam,"{'neurons_per_layer_encoder': [244], 'neurons_per_layer_decoder': [244, 122, 61]}",244,"[244, 122, 61]",[244],[0.40166973791458727],0.701411982989599,COMPLETE
