number,value,datetime_start,datetime_complete,duration,params_alpha,params_batch_size,params_drop_out_rate,params_encoder_neurons_layer_1,params_epochs,params_lambda,params_latent_dim,params_learning_rate,params_num_layers_decoder,params_num_layers_encoder,params_optimizer,user_attrs_encoder_decoder_config,user_attrs_first_layer_neurons,user_attrs_neurons_per_layer_decoder,user_attrs_neurons_per_layer_encoder,user_attrs_r2_feature_1,user_attrs_relative_deterioration,state
1105,0.36218384267058357,2025-01-10 08:55:43.180691,2025-01-10 08:55:46.989148,0 days 00:00:03.808457,0.029134940816553778,40,0.4,244,100,8.320679012699039e-06,332,0.004297400534462632,3,1,adam,"{'neurons_per_layer_encoder': [244], 'neurons_per_layer_decoder': [244, 122, 61]}",244,"[244, 122, 61]",[244],[0.36218384267058357],0.7671722978763924,COMPLETE
1106,0.36976523942692574,2025-01-10 08:55:43.412615,2025-01-10 08:55:47.682612,0 days 00:00:04.269997,0.029237982623934677,40,0.4,248,100,8.330070461232851e-06,352,0.004267716362699535,3,1,adam,"{'neurons_per_layer_encoder': [248], 'neurons_per_layer_decoder': [248, 124, 62]}",248,"[248, 124, 62]",[248],[0.36976523942692574],0.725051864215737,COMPLETE
1107,0.48748988357194534,2025-01-10 08:55:44.348799,2025-01-10 08:55:48.282530,0 days 00:00:03.933731,0.029115611319618463,40,0.4,228,100,2.795014302722394e-06,332,0.004263783609490194,3,1,adam,"{'neurons_per_layer_encoder': [228], 'neurons_per_layer_decoder': [228, 114, 57]}",228,"[228, 114, 57]",[228],[0.48748988357194534],0.7791069784525073,COMPLETE
1108,0.41988762115530387,2025-01-10 08:55:44.807837,2025-01-10 08:55:48.684889,0 days 00:00:03.877052,0.02977888535240127,40,0.4,224,100,2.4277289361063463e-06,328,0.00558479604138762,3,1,adam,"{'neurons_per_layer_encoder': [224], 'neurons_per_layer_decoder': [224, 112, 56]}",224,"[224, 112, 56]",[224],[0.41988762115530387],0.694909858194593,COMPLETE
1109,0.422628583222732,2025-01-10 08:55:45.206305,2025-01-10 08:55:49.211828,0 days 00:00:04.005523,0.03638338853021079,40,0.4,232,100,2.4117889179498054e-06,336,0.005298927459028695,3,1,adam,"{'neurons_per_layer_encoder': [232], 'neurons_per_layer_decoder': [232, 116, 58]}",232,"[232, 116, 58]",[232],[0.422628583222732],0.7422837987681017,COMPLETE
1110,0.21072347026300764,2025-01-10 08:55:46.999527,2025-01-10 08:55:51.360685,0 days 00:00:04.361158,0.03703019633671375,40,0.4,228,100,2.348718745024045e-06,348,0.005117525911813532,3,1,adam,"{'neurons_per_layer_encoder': [228], 'neurons_per_layer_decoder': [228, 114, 57]}",228,"[228, 114, 57]",[228],[0.21072347026300764],0.554387314390917,COMPLETE
1111,0.4556608283761959,2025-01-10 08:55:47.692700,2025-01-10 08:55:51.610436,0 days 00:00:03.917736,0.03701271010477399,56,0.4,228,100,2.6906370923154575e-06,332,0.005246691749038899,3,1,adam,"{'neurons_per_layer_encoder': [228], 'neurons_per_layer_decoder': [228, 114, 57]}",228,"[228, 114, 57]",[228],[0.4556608283761959],0.7213456203293322,COMPLETE
1112,-0.02162276128018692,2025-01-10 08:55:48.292630,2025-01-10 08:55:51.740315,0 days 00:00:03.447685,0.03759225607863885,56,0.4,224,100,2.4363177255286804e-06,344,0.005054541630780433,5,1,adam,"{'neurons_per_layer_encoder': [224], 'neurons_per_layer_decoder': [224, 112, 56, 28, 14]}",224,"[224, 112, 56, 28, 14]",[224],[-0.02162276128018692],0.6546075361612199,COMPLETE
1113,0.39470355994243367,2025-01-10 08:55:48.694672,2025-01-10 08:55:53.119277,0 days 00:00:04.424605,0.03206309617633768,40,0.4,232,100,3.500377794119641e-06,416,0.009919725291767453,3,1,adam,"{'neurons_per_layer_encoder': [232], 'neurons_per_layer_decoder': [232, 116, 58]}",232,"[232, 116, 58]",[232],[0.39470355994243367],0.6748622119156603,COMPLETE
1114,0.36719074080085434,2025-01-10 08:55:49.224971,2025-01-10 08:55:52.953549,0 days 00:00:03.728578,0.03207434927619228,48,0.4,248,100,3.434288468235612e-06,352,0.007614556921154531,3,1,adam,"{'neurons_per_layer_encoder': [248], 'neurons_per_layer_decoder': [248, 124, 62]}",248,"[248, 124, 62]",[248],[0.36719074080085434],0.6453928584837506,COMPLETE
1115,-0.33746173152334724,2025-01-10 08:55:51.370964,2025-01-10 08:55:54.337804,0 days 00:00:02.966840,0.032555917994331975,48,0.4,248,100,3.422912311179556e-06,576,0.007769400737616581,3,1,sgd,"{'neurons_per_layer_encoder': [248], 'neurons_per_layer_decoder': [248, 124, 62]}",248,"[248, 124, 62]",[248],[-0.33746173152334724],0.8539868354474993,COMPLETE
1116,-3.199838705478011,2025-01-10 08:55:51.620957,2025-01-10 08:55:54.860583,0 days 00:00:03.239626,0.03204932161714219,48,0.4,252,100,3.4270281440784454e-06,612,0.009989922430092196,3,1,sgd,"{'neurons_per_layer_encoder': [252], 'neurons_per_layer_decoder': [252, 126, 63]}",252,"[252, 126, 63]",[252],[-3.199838705478011],0.34981942404044114,COMPLETE
1117,0.22753659118736835,2025-01-10 08:55:51.749429,2025-01-10 08:55:55.843308,0 days 00:00:04.093879,0.03323515854158122,48,0.4,252,100,4.221090511979083e-06,612,0.009982982947380712,3,1,adam,"{'neurons_per_layer_encoder': [252], 'neurons_per_layer_decoder': [252, 126, 63]}",252,"[252, 126, 63]",[252],[0.22753659118736835],0.6365999132948018,COMPLETE
1118,0.17772446578508094,2025-01-10 08:55:52.962804,2025-01-10 08:55:56.499291,0 days 00:00:03.536487,0.027014823507094252,40,0.4,252,100,4.27781611207599e-06,612,0.007896996894320078,3,1,sgd,"{'neurons_per_layer_encoder': [252], 'neurons_per_layer_decoder': [252, 126, 63]}",252,"[252, 126, 63]",[252],[0.17772446578508094],0.8930315385702836,COMPLETE
1119,0.5059358007021889,2025-01-10 08:55:53.131383,2025-01-10 08:55:57.838557,0 days 00:00:04.707174,0.016667755706801193,32,0.4,252,100,4.1850280000444935e-06,612,0.007950310107809526,3,1,adam,"{'neurons_per_layer_encoder': [252], 'neurons_per_layer_decoder': [252, 126, 63]}",252,"[252, 126, 63]",[252],[0.5059358007021889],0.8145246018083878,COMPLETE
1120,0.3813358269670989,2025-01-10 08:55:54.348824,2025-01-10 08:55:58.477317,0 days 00:00:04.128493,0.027068883879783526,64,0.4,252,100,4.267991932539844e-06,612,0.008034567999223193,3,1,adam,"{'neurons_per_layer_encoder': [252], 'neurons_per_layer_decoder': [252, 126, 63]}",252,"[252, 126, 63]",[252],[0.3813358269670989],0.8018359549994472,COMPLETE
1121,0.1904901243536904,2025-01-10 08:55:54.872244,2025-01-10 08:55:58.839331,0 days 00:00:03.967087,0.026741884003186202,64,0.4,240,100,4.80883704049853e-06,392,0.00785334189635532,3,1,adam,"{'neurons_per_layer_encoder': [240], 'neurons_per_layer_decoder': [240, 120, 60]}",240,"[240, 120, 60]",[240],[0.1904901243536904],0.7345309632593874,COMPLETE
1122,0.41546320046278606,2025-01-10 08:55:55.853230,2025-01-10 08:56:00.113563,0 days 00:00:04.260333,0.0273443991537997,32,0.4,240,100,4.238196599570283e-06,392,0.0077851943593610145,3,1,adam,"{'neurons_per_layer_encoder': [240], 'neurons_per_layer_decoder': [240, 120, 60]}",240,"[240, 120, 60]",[240],[0.41546320046278606],0.7698706674748805,COMPLETE
1123,0.5449338495121168,2025-01-10 08:55:56.509230,2025-01-10 08:56:01.451394,0 days 00:00:04.942164,0.016349841064576945,32,0.4,240,100,2.075124137194062e-06,392,0.00777828645481053,3,1,adam,"{'neurons_per_layer_encoder': [240], 'neurons_per_layer_decoder': [240, 120, 60]}",240,"[240, 120, 60]",[240],[0.5449338495121168],0.7885142030081201,COMPLETE
1124,0.4187053500803519,2025-01-10 08:55:57.847949,2025-01-10 08:56:03.040420,0 days 00:00:05.192471,0.027318454218784472,40,0.4,240,100,1.9640538198368874e-06,392,6.505795297409825e-05,3,1,adam,"{'neurons_per_layer_encoder': [240], 'neurons_per_layer_decoder': [240, 120, 60]}",240,"[240, 120, 60]",[240],[0.4187053500803519],0.9122736962726274,COMPLETE
1125,0.32891341452837886,2025-01-10 08:55:58.487786,2025-01-10 08:56:05.251461,0 days 00:00:06.763675,0.01903050255172713,40,0.4,240,100,5.136891919524114e-06,392,0.006532867200639105,3,1,adam,"{'neurons_per_layer_encoder': [240], 'neurons_per_layer_decoder': [240, 120, 60]}",240,"[240, 120, 60]",[240],[0.32891341452837886],0.7066467803881701,COMPLETE
1126,0.3679750279957634,2025-01-10 08:55:58.849430,2025-01-10 08:57:12.163884,0 days 00:01:13.314454,0.041929659633408105,40,0.4,240,100,1.9910361844630907e-06,3864,0.006020311420181991,3,5,adam,"{'neurons_per_layer_encoder': [240, 480, 960, 1920, 3840], 'neurons_per_layer_decoder': [3840, 1920, 960]}",240,"[3840, 1920, 960]","[240, 480, 960, 1920, 3840]",[0.3679750279957634],0.9626955147719215,COMPLETE
1127,-4.330963078675103,2025-01-10 08:56:00.124506,2025-01-10 08:56:24.143120,0 days 00:00:24.018614,0.01893500590460069,40,0.4,220,100,1.956401162709143e-06,3544,0.006529341301853194,3,5,adam,"{'neurons_per_layer_encoder': [220, 440, 880, 1760, 3520], 'neurons_per_layer_decoder': [3520, 1760, 880]}",220,"[3520, 1760, 880]","[220, 440, 880, 1760, 3520]",[-4.330963078675103],0.7878831571892052,COMPLETE
1128,0.41482076864699347,2025-01-10 08:56:01.470620,2025-01-10 08:56:13.677189,0 days 00:00:12.206569,0.018380843768250856,40,0.4,220,100,2.9897372780616096e-06,388,0.006471914360479923,3,1,adam,"{'neurons_per_layer_encoder': [220], 'neurons_per_layer_decoder': [220, 110, 55]}",220,"[220, 110, 55]",[220],[0.41482076864699347],0.6894498067194854,COMPLETE
1129,0.3266506579367925,2025-01-10 08:56:03.056803,2025-01-10 08:56:18.074175,0 days 00:00:15.017372,0.04033100579882677,40,0.4,220,100,3.0211020494826027e-05,340,0.00629610528378269,3,1,adam,"{'neurons_per_layer_encoder': [220], 'neurons_per_layer_decoder': [220, 110, 55]}",220,"[220, 110, 55]",[220],[0.3266506579367925],0.8005642667703109,COMPLETE
1130,0.4502946814533466,2025-01-10 08:56:05.272857,2025-01-10 08:56:36.829610,0 days 00:00:31.556753,0.03098022966548312,40,0.30000000000000004,220,100,3.0045905055394695e-06,3544,0.006466331353556422,3,5,adam,"{'neurons_per_layer_encoder': [220, 440, 880, 1760, 3520], 'neurons_per_layer_decoder': [3520, 1760, 880]}",220,"[3520, 1760, 880]","[220, 440, 880, 1760, 3520]",[0.4502946814533466],0.9816224957712102,COMPLETE
1131,-0.004964242234319238,2025-01-10 08:56:13.727475,2025-01-10 08:56:29.302742,0 days 00:00:15.575267,0.04017131120313414,104,0.30000000000000004,232,100,6.531862156538463e-06,464,0.006948392776713289,3,1,adam,"{'neurons_per_layer_encoder': [232], 'neurons_per_layer_decoder': [232, 116, 58]}",232,"[232, 116, 58]",[232],[-0.004964242234319238],0.5143485437408208,COMPLETE
1132,0.4007819408441071,2025-01-10 08:56:18.113523,2025-01-10 08:57:29.168108,0 days 00:01:11.054585,0.03021045110050184,40,0.30000000000000004,248,100,2.7941719307388117e-06,3992,0.0033194780371214446,3,5,adam,"{'neurons_per_layer_encoder': [248, 496, 992, 1984, 3968], 'neurons_per_layer_decoder': [3968, 1984, 992]}",248,"[3968, 1984, 992]","[248, 496, 992, 1984, 3968]",[0.4007819408441071],0.9533062591143676,COMPLETE
1133,0.48870555364949886,2025-01-10 08:56:24.159875,2025-01-10 08:56:41.410265,0 days 00:00:17.250390,0.0344134722393795,40,0.30000000000000004,248,100,2.752673951440031e-06,592,0.008804775436574357,3,1,adam,"{'neurons_per_layer_encoder': [248], 'neurons_per_layer_decoder': [248, 124, 62]}",248,"[248, 124, 62]",[248],[0.48870555364949886],0.6926844587588709,COMPLETE
1134,0.4513490649600218,2025-01-10 08:56:29.365397,2025-01-10 08:56:45.051271,0 days 00:00:15.685874,0.03447989732754012,72,0.30000000000000004,248,100,2.7235870421921154e-06,464,0.008973747012584498,3,1,adam,"{'neurons_per_layer_encoder': [248], 'neurons_per_layer_decoder': [248, 124, 62]}",248,"[248, 124, 62]",[248],[0.4513490649600218],0.6506671606840914,COMPLETE
1135,0.18357953265101812,2025-01-10 08:56:36.860467,2025-01-10 08:56:50.807587,0 days 00:00:13.947120,0.03434767917976295,40,0.30000000000000004,248,100,1.599783790297567e-06,464,0.0032432389438323316,3,1,adam,"{'neurons_per_layer_encoder': [248], 'neurons_per_layer_decoder': [248, 124, 62]}",248,"[248, 124, 62]",[248],[0.18357953265101812],0.5176367715439887,COMPLETE
1136,0.050175878162091236,2025-01-10 08:56:41.445441,2025-01-10 08:56:54.867180,0 days 00:00:13.421739,0.030910706546670087,40,0.30000000000000004,248,100,0.00037100107868200084,432,0.008906244657985193,3,1,adam,"{'neurons_per_layer_encoder': [248], 'neurons_per_layer_decoder': [248, 124, 62]}",248,"[248, 124, 62]",[248],[0.050175878162091236],0.7238763172078764,COMPLETE
1137,0.2577989047996575,2025-01-10 08:56:45.072109,2025-01-10 08:56:59.555431,0 days 00:00:14.483322,0.03080847180649192,40,0.1,236,100,3.7864820296231317e-06,404,0.009910200321305606,3,1,adam,"{'neurons_per_layer_encoder': [236], 'neurons_per_layer_decoder': [236, 118, 59]}",236,"[236, 118, 59]",[236],[0.2577989047996575],0.4901905370115291,COMPLETE
1138,0.5359750717402083,2025-01-10 08:56:50.819856,2025-01-10 08:57:05.855314,0 days 00:00:15.035458,0.014477722774289749,40,0.1,256,100,3.722123843795573e-06,600,0.008896077594279043,4,1,adam,"{'neurons_per_layer_encoder': [256], 'neurons_per_layer_decoder': [256, 128, 64, 32]}",256,"[256, 128, 64, 32]",[256],[0.5359750717402083],0.6882439125995313,COMPLETE
1139,0.4700882585620909,2025-01-10 08:56:54.894557,2025-01-10 08:57:11.422636,0 days 00:00:16.528079,0.02526732423361187,40,0.4,256,100,1.2645263829645127e-06,600,0.009990671581463112,3,1,adam,"{'neurons_per_layer_encoder': [256], 'neurons_per_layer_decoder': [256, 128, 64]}",256,"[256, 128, 64]",[256],[0.4700882585620909],0.6874720724851145,COMPLETE
1140,-0.03238525445101681,2025-01-10 08:56:59.600256,2025-01-10 08:57:09.472658,0 days 00:00:09.872402,0.025250637664557478,40,0.4,108,100,5.474495667064455e-06,244,0.005317896137737482,4,1,adam,"{'neurons_per_layer_encoder': [108], 'neurons_per_layer_decoder': [108, 54, 27, 13]}",108,"[108, 54, 27, 13]",[108],[-0.03238525445101681],0.6304477246736109,COMPLETE
1141,-0.212266365175656,2025-01-10 08:57:05.876140,2025-01-10 08:57:17.558094,0 days 00:00:11.681954,0.025094650543833592,32,0.2,232,100,2.293569865654872e-06,560,0.004704825883050293,3,1,adam,"{'neurons_per_layer_encoder': [232], 'neurons_per_layer_decoder': [232, 116, 58]}",232,"[232, 116, 58]",[232],[-0.212266365175656],0.23456048517759975,COMPLETE
1142,-14.937866844854609,2025-01-10 08:57:09.494406,2025-01-10 08:57:19.811518,0 days 00:00:10.317112,0.02898265282739608,40,0.4,236,100,2.327690875161529e-06,564,0.007348763815189919,3,1,adadelta,"{'neurons_per_layer_encoder': [236], 'neurons_per_layer_decoder': [236, 118, 59]}",236,"[236, 118, 59]",[236],[-14.937866844854609],0.5407243502879175,COMPLETE
1143,-12.222852401706277,2025-01-10 08:57:11.438615,2025-01-10 08:57:20.828732,0 days 00:00:09.390117,0.028313509927745076,40,0.4,232,100,2.393948514375191e-06,416,1.4435873816216421e-05,3,1,adadelta,"{'neurons_per_layer_encoder': [232], 'neurons_per_layer_decoder': [232, 116, 58]}",232,"[232, 116, 58]",[232],[-12.222852401706277],0.5722220295635636,COMPLETE
1144,-13.282112343863906,2025-01-10 08:57:12.189285,2025-01-10 08:57:21.690319,0 days 00:00:09.501034,0.02820852358301804,32,0.30000000000000004,232,100,7.372870824421846e-05,560,0.00011123892297823153,3,1,adadelta,"{'neurons_per_layer_encoder': [232], 'neurons_per_layer_decoder': [232, 116, 58]}",232,"[232, 116, 58]",[232],[-13.282112343863906],0.6862080549257451,COMPLETE
1145,-14.20278801024756,2025-01-10 08:57:17.573301,2025-01-10 08:57:28.432923,0 days 00:00:10.859622,0.02021328954903823,48,0.30000000000000004,236,100,2.997090121813649e-06,516,0.007301567838841265,3,1,adadelta,"{'neurons_per_layer_encoder': [236], 'neurons_per_layer_decoder': [236, 118, 59]}",236,"[236, 118, 59]",[236],[-14.20278801024756],0.1866280244776257,COMPLETE
1146,-0.07945704235715256,2025-01-10 08:57:19.830800,2025-01-10 08:57:28.225234,0 days 00:00:08.394434,0.03040097801896005,48,0.30000000000000004,244,100,7.270968466888945e-05,476,0.007260886433554842,2,1,adam,"{'neurons_per_layer_encoder': [244], 'neurons_per_layer_decoder': [244, 122]}",244,"[244, 122]",[244],[-0.07945704235715256],0.5623692009691369,COMPLETE
1147,0.3087577438908554,2025-01-10 08:57:20.843129,2025-01-10 08:57:29.199797,0 days 00:00:08.356668,0.019769835322925346,40,0.30000000000000004,244,100,3.305102608710747e-06,476,0.007286948833373041,3,1,adam,"{'neurons_per_layer_encoder': [244], 'neurons_per_layer_decoder': [244, 122, 61]}",244,"[244, 122, 61]",[244],[0.3087577438908554],0.5878443323828467,COMPLETE
1148,0.3132348613258009,2025-01-10 08:57:21.705078,2025-01-10 08:57:29.458340,0 days 00:00:07.753262,0.03040647159480579,48,0.30000000000000004,244,100,3.204015734302354e-06,476,0.007338950537651124,2,1,adam,"{'neurons_per_layer_encoder': [244], 'neurons_per_layer_decoder': [244, 122]}",244,"[244, 122]",[244],[0.3132348613258009],0.49541098026680164,COMPLETE
1149,0.44870763293484794,2025-01-10 08:57:28.248831,2025-01-10 08:57:33.729451,0 days 00:00:05.480620,0.01970545900468844,40,0.30000000000000004,244,100,3.2763547434410275e-06,348,0.008262004063047406,3,1,adam,"{'neurons_per_layer_encoder': [244], 'neurons_per_layer_decoder': [244, 122, 61]}",244,"[244, 122, 61]",[244],[0.44870763293484794],0.6861310378555474,COMPLETE
1150,0.40083297125468376,2025-01-10 08:57:28.449226,2025-01-10 08:57:34.248237,0 days 00:00:05.799011,0.03845969198097298,40,0.4,256,100,3.224125333883884e-06,600,0.008710664396459072,3,1,adam,"{'neurons_per_layer_encoder': [256], 'neurons_per_layer_decoder': [256, 128, 64]}",256,"[256, 128, 64]",[256],[0.40083297125468376],0.7213809602341915,COMPLETE
1151,0.32263081854939835,2025-01-10 08:57:29.186487,2025-01-10 08:57:34.760231,0 days 00:00:05.573744,0.036214541969924775,40,0.4,256,100,5.110034124389135e-05,440,0.008749287034738163,3,1,adam,"{'neurons_per_layer_encoder': [256], 'neurons_per_layer_decoder': [256, 128, 64]}",256,"[256, 128, 64]",[256],[0.32263081854939835],0.8173455146818637,COMPLETE
1152,-1.0530508195499615,2025-01-10 08:57:29.212902,2025-01-10 08:57:34.047355,0 days 00:00:04.834453,0.03685083527131891,112,0.4,256,100,1.541942675197594e-06,600,0.00025014158355771485,3,1,adam,"{'neurons_per_layer_encoder': [256], 'neurons_per_layer_decoder': [256, 128, 64]}",256,"[256, 128, 64]",[256],[-1.0530508195499615],0.5951706475942018,COMPLETE
1153,0.29180028545011627,2025-01-10 08:57:29.470705,2025-01-10 08:57:33.965082,0 days 00:00:04.494377,0.03724162614159329,40,0.4,256,100,1.5689088073565547e-06,600,0.005661993358325457,3,1,adam,"{'neurons_per_layer_encoder': [256], 'neurons_per_layer_decoder': [256, 128, 64]}",256,"[256, 128, 64]",[256],[0.29180028545011627],0.6292399526710106,COMPLETE
1154,0.19073405585451375,2025-01-10 08:57:33.742127,2025-01-10 08:57:38.787384,0 days 00:00:05.045257,0.032957783267144596,40,0.4,252,100,4.3613298648608546e-05,612,0.008810126928513701,3,1,adam,"{'neurons_per_layer_encoder': [252], 'neurons_per_layer_decoder': [252, 126, 63]}",252,"[252, 126, 63]",[252],[0.19073405585451375],0.7807892565457129,COMPLETE
1155,0.3287457926447872,2025-01-10 08:57:33.975840,2025-01-10 08:57:38.907901,0 days 00:00:04.932061,0.026613896027425886,40,0.4,252,100,5.08458835842632e-06,612,0.00849168235401108,3,1,adam,"{'neurons_per_layer_encoder': [252], 'neurons_per_layer_decoder': [252, 126, 63]}",252,"[252, 126, 63]",[252],[0.3287457926447872],0.7024026003415604,COMPLETE
1156,0.4016497243771949,2025-01-10 08:57:34.060218,2025-01-10 08:57:38.934850,0 days 00:00:04.874632,0.03291400398680473,40,0.4,252,100,4.848852318767496e-06,612,0.008764713430100818,3,1,adam,"{'neurons_per_layer_encoder': [252], 'neurons_per_layer_decoder': [252, 126, 63]}",252,"[252, 126, 63]",[252],[0.4016497243771949],0.7528819859416113,COMPLETE
1157,0.4629177570524665,2025-01-10 08:57:34.261004,2025-01-10 08:57:38.941770,0 days 00:00:04.680766,0.03306037331483946,40,0.4,248,100,7.324335614240182e-06,320,0.00452810669150345,3,1,adam,"{'neurons_per_layer_encoder': [248], 'neurons_per_layer_decoder': [248, 124, 62]}",248,"[248, 124, 62]",[248],[0.4629177570524665],0.7695705893291226,COMPLETE
1158,0.6428597950422119,2025-01-10 08:57:34.770881,2025-01-10 08:57:39.791412,0 days 00:00:05.020531,0.01692248810573771,32,0.30000000000000004,248,100,7.328077603903883e-06,320,0.004733577167973804,3,1,adam,"{'neurons_per_layer_encoder': [248], 'neurons_per_layer_decoder': [248, 124, 62]}",248,"[248, 124, 62]",[248],[0.6428597950422119],0.8634574342219918,COMPLETE
1159,0.09804872062512726,2025-01-10 08:57:38.922787,2025-01-10 08:57:48.423424,0 days 00:00:09.500637,0.01690880655307917,32,0.30000000000000004,240,100,4.652568239836239e-06,584,0.004522918593397765,3,1,adam,"{'neurons_per_layer_encoder': [240], 'neurons_per_layer_decoder': [240, 120, 60]}",240,"[240, 120, 60]",[240],[0.09804872062512726],0.6552710031788307,COMPLETE
1160,0.5040235582844192,2025-01-10 08:57:38.953325,2025-01-10 08:57:48.496440,0 days 00:00:09.543115,0.016820169048095475,32,0.30000000000000004,240,100,3.858946354573005e-06,584,0.005501635377108671,3,1,adam,"{'neurons_per_layer_encoder': [240], 'neurons_per_layer_decoder': [240, 120, 60]}",240,"[240, 120, 60]",[240],[0.5040235582844192],0.7392129178622375,COMPLETE
1161,-1.0673742411225269,2025-01-10 08:57:38.955301,2025-01-10 08:58:04.459645,0 days 00:00:25.504344,0.01533928817230878,32,0.30000000000000004,240,100,3.881562269377249e-06,1944,0.00551876157169025,3,4,adam,"{'neurons_per_layer_encoder': [240, 480, 960, 1920], 'neurons_per_layer_decoder': [1920, 960, 480]}",240,"[1920, 960, 480]","[240, 480, 960, 1920]",[-1.0673742411225269],0.7930958761349961,COMPLETE
1162,0.24972348618739237,2025-01-10 08:57:39.370133,2025-01-10 08:58:05.013535,0 days 00:00:25.643402,0.016799627423404455,32,0.30000000000000004,240,100,3.8323923603695835e-06,1944,0.005560954806141415,3,4,adam,"{'neurons_per_layer_encoder': [240, 480, 960, 1920], 'neurons_per_layer_decoder': [1920, 960, 480]}",240,"[1920, 960, 480]","[240, 480, 960, 1920]",[0.24972348618739237],0.9116221671088766,COMPLETE
