number,value,datetime_start,datetime_complete,duration,params_alpha,params_batch_size,params_drop_out_rate,params_encoder_neurons_layer_1,params_epochs,params_lambda,params_latent_dim,params_learning_rate,params_num_layers_decoder,params_num_layers_encoder,params_optimizer,user_attrs_encoder_decoder_config,user_attrs_first_layer_neurons,user_attrs_neurons_per_layer_decoder,user_attrs_neurons_per_layer_encoder,user_attrs_r2_feature_1,user_attrs_relative_deterioration,state
113,0.1576504567463175,2025-01-10 08:05:02.358963,2025-01-10 08:05:05.954378,0 days 00:00:03.595415,0.010027675943037167,32,0.4,116,100,4.079540755657418e-06,288,0.0014921058026819538,3,2,adam,"{'neurons_per_layer_encoder': [116, 232], 'neurons_per_layer_decoder': [232, 116, 58]}",116,"[232, 116, 58]","[116, 232]",[0.1576504567463175],0.7655038211285229,COMPLETE
114,-0.12418830455425423,2025-01-10 08:05:03.749042,2025-01-10 08:05:06.521922,0 days 00:00:02.772880,0.11002948504075447,32,0.4,104,100,1.315972487776486e-05,160,0.0013416377754951797,3,1,adam,"{'neurons_per_layer_encoder': [104], 'neurons_per_layer_decoder': [104, 52, 26]}",104,"[104, 52, 26]",[104],[-0.12418830455425423],0.7430889385312383,COMPLETE
115,0.20532420384298877,2025-01-10 08:05:04.246369,2025-01-10 08:05:06.722576,0 days 00:00:02.476207,0.06350237998967204,32,0.30000000000000004,116,100,1.2972139008589742e-05,220,0.002784060211345948,2,1,adam,"{'neurons_per_layer_encoder': [116], 'neurons_per_layer_decoder': [116, 58]}",116,"[116, 58]",[116],[0.20532420384298877],0.7518009645969493,COMPLETE
116,0.11935259714857083,2025-01-10 08:05:04.676182,2025-01-10 08:05:07.699306,0 days 00:00:03.023124,0.0632078735419997,40,0.30000000000000004,116,100,1.01726873271921e-05,220,0.0025860601583581827,2,1,adam,"{'neurons_per_layer_encoder': [116], 'neurons_per_layer_decoder': [116, 58]}",116,"[116, 58]",[116],[0.11935259714857083],0.6012901074707752,COMPLETE
117,0.2989404532147193,2025-01-10 08:05:05.625103,2025-01-10 08:05:08.641032,0 days 00:00:03.015929,0.07285639069539274,40,0.30000000000000004,116,100,7.747733307213225e-06,220,0.0026942594145080386,2,1,adam,"{'neurons_per_layer_encoder': [116], 'neurons_per_layer_decoder': [116, 58]}",116,"[116, 58]",[116],[0.2989404532147193],0.6444690031771629,COMPLETE
118,0.2952780831543672,2025-01-10 08:05:05.961857,2025-01-10 08:05:08.953155,0 days 00:00:02.991298,0.11450940115178429,40,0.30000000000000004,112,100,5.345828066940556e-06,168,0.002607731263203173,2,1,adam,"{'neurons_per_layer_encoder': [112], 'neurons_per_layer_decoder': [112, 56]}",112,"[112, 56]",[112],[0.2952780831543672],0.6550770270030168,COMPLETE
119,0.17198377372269502,2025-01-10 08:05:06.529410,2025-01-10 08:05:08.956915,0 days 00:00:02.427505,0.06299095936587072,40,0.30000000000000004,140,100,8.063025201103247e-06,228,0.0027439152022576243,2,1,adam,"{'neurons_per_layer_encoder': [140], 'neurons_per_layer_decoder': [140, 70]}",140,"[140, 70]",[140],[0.17198377372269502],0.6053253045856598,COMPLETE
120,0.15549584615760714,2025-01-10 08:05:06.730264,2025-01-10 08:05:11.318549,0 days 00:00:04.588285,0.07184009763760518,40,0.30000000000000004,144,100,7.90732943023672e-06,312,0.00369612163076528,2,2,adam,"{'neurons_per_layer_encoder': [144, 288], 'neurons_per_layer_decoder': [288, 144]}",144,"[288, 144]","[144, 288]",[0.15549584615760714],0.6565859971217481,COMPLETE
121,0.30557170874583794,2025-01-10 08:05:07.708332,2025-01-10 08:05:25.140397,0 days 00:00:17.432065,0.045497678049307905,40,0.30000000000000004,136,100,5.510631116189553e-06,2216,0.0035592400354106314,2,5,adam,"{'neurons_per_layer_encoder': [136, 272, 544, 1088, 2176], 'neurons_per_layer_decoder': [2176, 1088]}",136,"[2176, 1088]","[136, 272, 544, 1088, 2176]",[0.30557170874583794],0.9296718056106086,COMPLETE
122,0.27396550886423643,2025-01-10 08:05:08.648815,2025-01-10 08:05:13.244517,0 days 00:00:04.595702,0.11550682100018823,40,0.30000000000000004,84,100,1.459905253975415e-05,192,0.0036958636497975046,2,2,adam,"{'neurons_per_layer_encoder': [84, 168], 'neurons_per_layer_decoder': [168, 84]}",84,"[168, 84]","[84, 168]",[0.27396550886423643],0.7441729626524205,COMPLETE
123,0.4168749495179238,2025-01-10 08:05:08.963388,2025-01-10 08:05:14.431259,0 days 00:00:05.467871,0.04746349467549452,48,0.30000000000000004,88,100,7.186074907241143e-05,264,0.00369512380758997,2,2,adam,"{'neurons_per_layer_encoder': [88, 176], 'neurons_per_layer_decoder': [176, 88]}",88,"[176, 88]","[88, 176]",[0.4168749495179238],0.8899317642241839,COMPLETE
124,0.1764025737946633,2025-01-10 08:05:08.965924,2025-01-10 08:05:13.595189,0 days 00:00:04.629265,0.04835560400518046,48,0.30000000000000004,84,100,5.640509724324218e-06,192,0.002054310758484443,2,2,adam,"{'neurons_per_layer_encoder': [84, 168], 'neurons_per_layer_decoder': [168, 84]}",84,"[168, 84]","[84, 168]",[0.1764025737946633],0.6317650657547211,COMPLETE
125,0.4612533729366338,2025-01-10 08:05:11.333133,2025-01-10 08:05:16.910919,0 days 00:00:05.577786,0.04620464215001281,48,0.30000000000000004,84,100,1.2252892583438695e-05,256,0.003301038969516444,2,2,adam,"{'neurons_per_layer_encoder': [84, 168], 'neurons_per_layer_decoder': [168, 84]}",84,"[168, 84]","[84, 168]",[0.4612533729366338],0.7787203395978144,COMPLETE
126,0.18938993633354018,2025-01-10 08:05:13.255998,2025-01-10 08:05:18.794113,0 days 00:00:05.538115,0.12846506104753233,48,0.30000000000000004,100,100,1.249174796225879e-05,256,0.002005285869423412,2,2,adam,"{'neurons_per_layer_encoder': [100, 200], 'neurons_per_layer_decoder': [200, 100]}",100,"[200, 100]","[100, 200]",[0.18938993633354018],0.6997448079421792,COMPLETE
127,0.20202524912280162,2025-01-10 08:05:13.605634,2025-01-10 08:05:19.629322,0 days 00:00:06.023688,0.1323925624621824,32,0.30000000000000004,100,100,1.1986895187413133e-05,272,0.0030972536591644157,2,2,adam,"{'neurons_per_layer_encoder': [100, 200], 'neurons_per_layer_decoder': [200, 100]}",100,"[200, 100]","[100, 200]",[0.20202524912280162],0.7319724963064591,COMPLETE
128,0.1827284780374291,2025-01-10 08:05:14.442147,2025-01-10 08:05:20.172294,0 days 00:00:05.730147,0.04678211857749431,48,0.30000000000000004,96,100,7.365390741043848e-05,264,0.0004112673505807979,2,2,adam,"{'neurons_per_layer_encoder': [96, 192], 'neurons_per_layer_decoder': [192, 96]}",96,"[192, 96]","[96, 192]",[0.1827284780374291],0.9192850710561139,COMPLETE
129,-0.4293819588500165,2025-01-10 08:05:16.918868,2025-01-10 08:05:29.689537,0 days 00:00:12.770669,0.04536855898579412,48,0.30000000000000004,96,100,6.569848161534704e-05,1576,0.004408265148085804,2,5,adam,"{'neurons_per_layer_encoder': [96, 192, 384, 768, 1536], 'neurons_per_layer_decoder': [1536, 768]}",96,"[1536, 768]","[96, 192, 384, 768, 1536]",[-0.4293819588500165],0.9014016318697459,COMPLETE
130,0.2216404511653265,2025-01-10 08:05:18.806395,2025-01-10 08:05:25.546782,0 days 00:00:06.740387,0.04516712759190162,48,0.30000000000000004,88,100,7.121779889037282e-05,264,0.004438850271603653,2,2,adam,"{'neurons_per_layer_encoder': [88, 176], 'neurons_per_layer_decoder': [176, 88]}",88,"[176, 88]","[88, 176]",[0.2216404511653265],0.7807065685912699,COMPLETE
131,0.27467656697329323,2025-01-10 08:05:19.641090,2025-01-10 08:05:26.687979,0 days 00:00:07.046889,0.048641352998517795,48,0.30000000000000004,88,100,6.966876873656804e-05,264,0.00429174748066597,2,2,adam,"{'neurons_per_layer_encoder': [88, 176], 'neurons_per_layer_decoder': [176, 88]}",88,"[176, 88]","[88, 176]",[0.27467656697329323],0.8397122201874839,COMPLETE
132,-0.33079582478753333,2025-01-10 08:05:20.185228,2025-01-10 08:05:23.712278,0 days 00:00:03.527050,0.04703234611914142,48,0.30000000000000004,88,100,9.622721645024765e-06,264,0.00990297135801378,1,2,adam,"{'neurons_per_layer_encoder': [88, 176], 'neurons_per_layer_decoder': [176]}",88,[176],"[88, 176]",[-0.33079582478753333],0.5013796568563921,COMPLETE
133,0.2707640699614915,2025-01-10 08:05:23.721789,2025-01-10 08:05:29.473234,0 days 00:00:05.751445,0.04408513177698164,56,0.30000000000000004,108,100,4.656106977356225e-05,368,0.004097144911491413,2,2,adam,"{'neurons_per_layer_encoder': [108, 216], 'neurons_per_layer_decoder': [216, 108]}",108,"[216, 108]","[108, 216]",[0.2707640699614915],0.8433495921309578,COMPLETE
134,-0.09756489089229992,2025-01-10 08:05:25.158143,2025-01-10 08:05:29.795877,0 days 00:00:04.637734,0.04303883209112147,56,0.30000000000000004,108,100,5.17031493685903e-05,256,0.004593457649076035,2,2,adam,"{'neurons_per_layer_encoder': [108, 216], 'neurons_per_layer_decoder': [216, 108]}",108,"[216, 108]","[108, 216]",[-0.09756489089229992],0.7712550126415704,COMPLETE
135,0.1986360027918309,2025-01-10 08:05:25.558242,2025-01-10 08:05:30.079308,0 days 00:00:04.521066,0.04262622699174377,56,0.30000000000000004,108,100,0.0001606314232788118,432,0.004265578475979896,2,2,adam,"{'neurons_per_layer_encoder': [108, 216], 'neurons_per_layer_decoder': [216, 108]}",108,"[216, 108]","[108, 216]",[0.1986360027918309],0.8639495768035672,COMPLETE
136,0.36360396986467713,2025-01-10 08:05:29.698381,2025-01-10 08:05:32.989430,0 days 00:00:03.291049,0.055393345331079084,56,0.30000000000000004,80,100,0.00014350525854058525,248,0.0022125587084079693,2,2,adam,"{'neurons_per_layer_encoder': [80, 160], 'neurons_per_layer_decoder': [160, 80]}",80,"[160, 80]","[80, 160]",[0.36360396986467713],0.9239851082346577,COMPLETE
137,0.23541289562381595,2025-01-10 08:05:29.803454,2025-01-10 08:05:32.956459,0 days 00:00:03.153005,0.10180626058913765,56,0.30000000000000004,72,100,0.0001826788137975636,248,0.002295047859888386,2,2,adam,"{'neurons_per_layer_encoder': [72, 144], 'neurons_per_layer_decoder': [144, 72]}",72,"[144, 72]","[72, 144]",[0.23541289562381595],0.9190034791152764,COMPLETE
138,0.16969592624134267,2025-01-10 08:05:30.086612,2025-01-10 08:05:33.219312,0 days 00:00:03.132700,0.05537364768090089,56,0.30000000000000004,72,100,1.140691050808257e-05,232,0.0023997019386857573,2,2,adam,"{'neurons_per_layer_encoder': [72, 144], 'neurons_per_layer_decoder': [144, 72]}",72,"[144, 72]","[72, 144]",[0.16969592624134267],0.6798340904030411,COMPLETE
139,-24.858412017970956,2025-01-10 08:05:32.963025,2025-01-10 08:05:35.139807,0 days 00:00:02.176782,0.14717932569680267,56,0.30000000000000004,80,100,0.00010338074197450903,232,0.0019970088178428687,2,2,adadelta,"{'neurons_per_layer_encoder': [80, 160], 'neurons_per_layer_decoder': [160, 80]}",80,"[160, 80]","[80, 160]",[-24.858412017970956],0.3921765307061344,COMPLETE
140,-19.466061659958765,2025-01-10 08:05:32.999690,2025-01-10 08:05:34.883209,0 days 00:00:01.883519,0.05532221546666519,48,0.30000000000000004,80,100,6.765147294236262e-06,248,0.0017126160011567773,2,2,adadelta,"{'neurons_per_layer_encoder': [80, 160], 'neurons_per_layer_decoder': [160, 80]}",80,"[160, 80]","[80, 160]",[-19.466061659958765],-0.23798299233040165,COMPLETE
141,-9.721069703009247,2025-01-10 08:05:33.226367,2025-01-10 08:05:37.253708,0 days 00:00:04.027341,0.05096580335555011,48,0.30000000000000004,84,100,0.00010960986996803023,360,0.0016532362304835094,2,3,adadelta,"{'neurons_per_layer_encoder': [84, 168, 336], 'neurons_per_layer_decoder': [336, 168]}",84,"[336, 168]","[84, 168, 336]",[-9.721069703009247],0.679318400923673,COMPLETE
142,-0.11991196003244475,2025-01-10 08:05:34.890109,2025-01-10 08:05:39.246734,0 days 00:00:04.356625,0.051842227635002944,40,0.30000000000000004,92,100,0.0005222321048504311,392,0.001551208396220535,1,3,adam,"{'neurons_per_layer_encoder': [92, 184, 368], 'neurons_per_layer_decoder': [368]}",92,[368],"[92, 184, 368]",[-0.11991196003244475],0.9128963840102733,COMPLETE
143,0.3227628361399585,2025-01-10 08:05:35.147900,2025-01-10 08:05:38.467210,0 days 00:00:03.319310,0.050060590409537815,56,0.30000000000000004,96,100,8.923876479288256e-05,248,0.0015826725737006237,2,2,adam,"{'neurons_per_layer_encoder': [96, 192], 'neurons_per_layer_decoder': [192, 96]}",96,"[192, 96]","[96, 192]",[0.3227628361399585],0.917736756672989,COMPLETE
144,0.21231787401934876,2025-01-10 08:05:37.260787,2025-01-10 08:05:40.861789,0 days 00:00:03.601002,0.0914605995831702,56,0.30000000000000004,92,100,0.00030699608648094407,224,0.002322286374462465,2,2,adam,"{'neurons_per_layer_encoder': [92, 184], 'neurons_per_layer_decoder': [184, 92]}",92,"[184, 92]","[92, 184]",[0.21231787401934876],0.9192677532827151,COMPLETE
145,0.2950663479038149,2025-01-10 08:05:38.474370,2025-01-10 08:05:41.705716,0 days 00:00:03.231346,0.05028371457711217,56,0.30000000000000004,96,100,0.0001465764572821239,248,0.0030430409846031606,2,2,adam,"{'neurons_per_layer_encoder': [96, 192], 'neurons_per_layer_decoder': [192, 96]}",96,"[192, 96]","[96, 192]",[0.2950663479038149],0.8834200029892078,COMPLETE
146,0.16219138898745022,2025-01-10 08:05:39.253930,2025-01-10 08:05:42.459950,0 days 00:00:03.206020,0.05966922308571707,56,0.30000000000000004,100,100,8.750479021060865e-05,240,0.003056190585479647,2,2,adam,"{'neurons_per_layer_encoder': [100, 200], 'neurons_per_layer_decoder': [200, 100]}",100,"[200, 100]","[100, 200]",[0.16219138898745022],0.8838187949632814,COMPLETE
147,0.25476476369369516,2025-01-10 08:05:40.869003,2025-01-10 08:05:43.889326,0 days 00:00:03.020323,0.06125404334881126,56,0.30000000000000004,100,100,0.00012551115128609904,240,0.0031195451404854935,2,2,adam,"{'neurons_per_layer_encoder': [100, 200], 'neurons_per_layer_decoder': [200, 100]}",100,"[200, 100]","[100, 200]",[0.25476476369369516],0.8958323180643843,COMPLETE
148,0.3494954115743927,2025-01-10 08:05:42.466448,2025-01-10 08:05:45.554792,0 days 00:00:03.088344,0.061617241825660765,48,0.30000000000000004,112,100,8.990069079545421e-05,248,0.0019781401225888668,2,2,adam,"{'neurons_per_layer_encoder': [112, 224], 'neurons_per_layer_decoder': [224, 112]}",112,"[224, 112]","[112, 224]",[0.3494954115743927],0.9251099482490995,COMPLETE
149,-3.770878935111422,2025-01-10 08:05:45.560861,2025-01-10 08:05:47.940141,0 days 00:00:02.379280,0.06719248700407705,48,0.30000000000000004,124,100,8.917400126815978e-05,272,0.0011413195243404155,2,2,sgd,"{'neurons_per_layer_encoder': [124, 248], 'neurons_per_layer_decoder': [248, 124]}",124,"[248, 124]","[124, 248]",[-3.770878935111422],0.7872971680494049,COMPLETE
150,0.1768035106768434,2025-01-10 08:07:02.865337,2025-01-10 08:07:06.692166,0 days 00:00:03.826829,0.056154806526602895,48,0.30000000000000004,112,100,1.0655680595969709e-05,248,0.001799504668674806,2,2,adam,"{'neurons_per_layer_encoder': [112, 224], 'neurons_per_layer_decoder': [224, 112]}",112,"[224, 112]","[112, 224]",[0.1768035106768434],0.6939904177111568,COMPLETE
151,0.29766475836572215,2025-01-10 08:07:02.866800,2025-01-10 08:07:06.675797,0 days 00:00:03.808997,0.041843246260639545,48,0.30000000000000004,112,100,8.837737073312204e-06,248,0.001990134205208971,2,2,adam,"{'neurons_per_layer_encoder': [112, 224], 'neurons_per_layer_decoder': [224, 112]}",112,"[224, 112]","[112, 224]",[0.29766475836572215],0.7313760512765225,COMPLETE
152,0.3218646326127338,2025-01-10 08:07:02.866356,2025-01-10 08:07:06.595774,0 days 00:00:03.729418,0.04143632395281864,48,0.30000000000000004,112,100,0.00012298296007312514,248,0.002119366841660734,2,2,adam,"{'neurons_per_layer_encoder': [112, 224], 'neurons_per_layer_decoder': [224, 112]}",112,"[224, 112]","[112, 224]",[0.3218646326127338],0.9228608590167442,COMPLETE
153,0.23869615601835392,2025-01-10 08:07:02.866266,2025-01-10 08:07:06.632442,0 days 00:00:03.766176,0.10099694841251466,48,0.30000000000000004,112,100,9.495842575894175e-06,248,0.001843878473752443,2,2,adam,"{'neurons_per_layer_encoder': [112, 224], 'neurons_per_layer_decoder': [224, 112]}",112,"[224, 112]","[112, 224]",[0.23869615601835392],0.7072844793990741,COMPLETE
154,0.16518636938155895,2025-01-10 08:07:02.866356,2025-01-10 08:07:06.683626,0 days 00:00:03.817270,0.16210352099731412,48,0.30000000000000004,112,100,6.11493114044992e-05,248,0.0018693177006414749,2,2,adam,"{'neurons_per_layer_encoder': [112, 224], 'neurons_per_layer_decoder': [224, 112]}",112,"[224, 112]","[112, 224]",[0.16518636938155895],0.888259176487871,COMPLETE
155,0.2657422790626769,2025-01-10 08:07:06.604668,2025-01-10 08:07:10.055333,0 days 00:00:03.450665,0.03543481199591395,48,0.30000000000000004,112,100,0.00020533805196595411,248,0.0018783939676920403,2,2,adam,"{'neurons_per_layer_encoder': [112, 224], 'neurons_per_layer_decoder': [224, 112]}",112,"[224, 112]","[112, 224]",[0.2657422790626769],0.9413433481501227,COMPLETE
156,0.24449563617080383,2025-01-10 08:07:06.648520,2025-01-10 08:07:10.144127,0 days 00:00:03.495607,0.12418305211830952,48,0.30000000000000004,120,100,0.00012464655679215363,264,0.0021904749249313884,2,2,adam,"{'neurons_per_layer_encoder': [120, 240], 'neurons_per_layer_decoder': [240, 120]}",120,"[240, 120]","[120, 240]",[0.24449563617080383],0.9104098743892807,COMPLETE
157,0.10027976259332338,2025-01-10 08:07:06.712287,2025-01-10 08:07:10.156261,0 days 00:00:03.443974,0.033168254064947895,64,0.30000000000000004,88,100,0.00019197721654676923,296,0.0025466369179345167,2,2,adam,"{'neurons_per_layer_encoder': [88, 176], 'neurons_per_layer_decoder': [176, 88]}",88,"[176, 88]","[88, 176]",[0.10027976259332338],0.9410143070672805,COMPLETE
158,0.16619707166772213,2025-01-10 08:07:06.712702,2025-01-10 08:07:10.279916,0 days 00:00:03.567214,0.037998805619115374,64,0.30000000000000004,120,100,9.004682314540484e-05,280,0.0024313208557684637,2,2,adam,"{'neurons_per_layer_encoder': [120, 240], 'neurons_per_layer_decoder': [240, 120]}",120,"[240, 120]","[120, 240]",[0.16619707166772213],0.93080428379058,COMPLETE
159,0.32510817788994273,2025-01-10 08:07:06.720298,2025-01-10 08:07:10.393030,0 days 00:00:03.672732,0.03595669286019422,64,0.30000000000000004,128,100,0.00012697309062310476,280,0.0022794522566078846,2,2,adam,"{'neurons_per_layer_encoder': [128, 256], 'neurons_per_layer_decoder': [256, 128]}",128,"[256, 128]","[128, 256]",[0.32510817788994273],0.9564294173713496,COMPLETE
160,0.22743107818716923,2025-01-10 08:07:10.063600,2025-01-10 08:07:16.350629,0 days 00:00:06.287029,0.12525303628761628,64,0.30000000000000004,120,100,0.0001298319947666039,504,0.002386190271741278,2,3,adam,"{'neurons_per_layer_encoder': [120, 240, 480], 'neurons_per_layer_decoder': [480, 240]}",120,"[480, 240]","[120, 240, 480]",[0.22743107818716923],0.9662470106429176,COMPLETE
161,-0.6246331232945077,2025-01-10 08:07:10.158278,2025-01-10 08:07:17.127000,0 days 00:00:06.968722,0.04124142727367505,40,0.30000000000000004,120,100,8.405177211186664e-05,632,0.0054410670886291465,2,3,adam,"{'neurons_per_layer_encoder': [120, 240, 480], 'neurons_per_layer_decoder': [480, 240]}",120,"[480, 240]","[120, 240, 480]",[-0.6246331232945077],0.711721375170232,COMPLETE
162,0.3343134172459882,2025-01-10 08:07:10.165316,2025-01-10 08:07:17.416741,0 days 00:00:07.251425,0.04064193194636222,40,0.30000000000000004,132,100,9.152697658805439e-05,632,0.0012244077939347888,2,3,adam,"{'neurons_per_layer_encoder': [132, 264, 528], 'neurons_per_layer_decoder': [528, 264]}",132,"[528, 264]","[132, 264, 528]",[0.3343134172459882],0.9691867082209948,COMPLETE
163,0.42580738335615853,2025-01-10 08:07:10.291041,2025-01-10 08:07:17.531499,0 days 00:00:07.240458,0.0527016650203922,40,0.30000000000000004,128,100,0.00015807518458569886,536,0.0015613650808437745,2,3,adam,"{'neurons_per_layer_encoder': [128, 256, 512], 'neurons_per_layer_decoder': [512, 256]}",128,"[512, 256]","[128, 256, 512]",[0.42580738335615853],0.9728023262963036,COMPLETE
164,-0.030963514648653767,2025-01-10 08:07:10.406627,2025-01-10 08:07:16.812601,0 days 00:00:06.405974,0.06843787477827377,56,0.30000000000000004,128,100,0.00015138733297721465,536,0.003644908600096695,2,3,adam,"{'neurons_per_layer_encoder': [128, 256, 512], 'neurons_per_layer_decoder': [512, 256]}",128,"[512, 256]","[128, 256, 512]",[-0.030963514648653767],0.8452657875638037,COMPLETE
165,0.049392668945204,2025-01-10 08:07:16.360461,2025-01-10 08:07:20.103475,0 days 00:00:03.743014,0.03593054369910716,56,0.30000000000000004,104,100,0.00010237566348281395,264,0.0015594354353920964,2,2,adam,"{'neurons_per_layer_encoder': [104, 208], 'neurons_per_layer_decoder': [208, 104]}",104,"[208, 104]","[104, 208]",[0.049392668945204],0.9076525433802094,COMPLETE
166,0.28410071717225827,2025-01-10 08:07:16.821311,2025-01-10 08:07:20.968912,0 days 00:00:04.147601,0.04052458759365676,40,0.30000000000000004,96,100,7.917546962152744e-05,264,0.0012211048270318976,2,2,adam,"{'neurons_per_layer_encoder': [96, 192], 'neurons_per_layer_decoder': [192, 96]}",96,"[192, 96]","[96, 192]",[0.28410071717225827],0.9190802904531001,COMPLETE
167,0.23249908863997126,2025-01-10 08:07:17.135526,2025-01-10 08:07:21.169964,0 days 00:00:04.034438,0.03166207877623514,56,0.30000000000000004,132,100,0.00011594429814635937,288,0.001612599268897033,2,2,adam,"{'neurons_per_layer_encoder': [132, 264], 'neurons_per_layer_decoder': [264, 132]}",132,"[264, 132]","[132, 264]",[0.23249908863997126],0.9377762449616937,COMPLETE
168,0.20492963531487884,2025-01-10 08:07:17.424481,2025-01-10 08:07:24.568048,0 days 00:00:07.143567,0.034934676874508346,40,0.30000000000000004,132,100,9.866627763531923e-05,632,0.0015147925726167206,2,3,adam,"{'neurons_per_layer_encoder': [132, 264, 528], 'neurons_per_layer_decoder': [528, 264]}",132,"[528, 264]","[132, 264, 528]",[0.20492963531487884],0.9552673339057873,COMPLETE
169,-2.0371350474001506,2025-01-10 08:07:17.539161,2025-01-10 08:07:24.562424,0 days 00:00:07.023263,0.03916574460785151,40,0.30000000000000004,136,100,0.00016680153338102156,616,0.0068375169326517216,2,3,adam,"{'neurons_per_layer_encoder': [136, 272, 544], 'neurons_per_layer_decoder': [544, 272]}",136,"[544, 272]","[136, 272, 544]",[-2.0371350474001506],0.44070864291549583,COMPLETE
