number,value,datetime_start,datetime_complete,duration,params_alpha,params_batch_size,params_drop_out_rate,params_encoder_neurons_layer_1,params_epochs,params_lambda,params_latent_dim,params_learning_rate,params_num_layers_decoder,params_num_layers_encoder,params_optimizer,user_attrs_encoder_decoder_config,user_attrs_first_layer_neurons,user_attrs_neurons_per_layer_decoder,user_attrs_neurons_per_layer_encoder,user_attrs_r2_feature_1,user_attrs_relative_deterioration,state
573,-9.259660100657221,2025-01-10 08:22:15.989369,2025-01-10 08:22:20.165247,0 days 00:00:04.175878,0.02785798499255822,40,0.30000000000000004,240,100,3.637242135209199e-06,520,0.005065891858614717,3,1,adadelta,"{'neurons_per_layer_encoder': [240], 'neurons_per_layer_decoder': [240, 120, 60]}",240,"[240, 120, 60]",[240],[-9.259660100657221],0.44337412268193654,COMPLETE
574,-21.537469047886034,2025-01-10 08:22:17.387893,2025-01-10 08:22:19.620091,0 days 00:00:02.232198,0.029619687526123595,40,0.30000000000000004,236,100,3.6024367957986028e-06,468,0.007012412557255533,3,1,adadelta,"{'neurons_per_layer_encoder': [236], 'neurons_per_layer_decoder': [236, 118, 59]}",236,"[236, 118, 59]",[236],[-21.537469047886034],0.46786404289028993,COMPLETE
575,0.14576093039344074,2025-01-10 08:22:18.608012,2025-01-10 08:22:21.140359,0 days 00:00:02.532347,0.01355498977860436,40,0.4,224,100,3.871033740910482e-06,504,0.007016704505735396,3,1,adam,"{'neurons_per_layer_encoder': [224], 'neurons_per_layer_decoder': [224, 112, 56]}",224,"[224, 112, 56]",[224],[0.14576093039344074],0.707812091834525,COMPLETE
576,0.37934731476940164,2025-01-10 08:22:19.136528,2025-01-10 08:22:22.236222,0 days 00:00:03.099694,0.02965923276414635,48,0.4,224,100,1.8437658687117752e-06,520,0.009995364162965256,3,1,adam,"{'neurons_per_layer_encoder': [224], 'neurons_per_layer_decoder': [224, 112, 56]}",224,"[224, 112, 56]",[224],[0.37934731476940164],0.6672933029079252,COMPLETE
577,0.44842448604648644,2025-01-10 08:22:19.967236,2025-01-10 08:22:23.109011,0 days 00:00:03.141775,0.013810843976825513,48,0.4,224,100,5.999521232435126e-06,520,0.004849946472002931,3,1,adam,"{'neurons_per_layer_encoder': [224], 'neurons_per_layer_decoder': [224, 112, 56]}",224,"[224, 112, 56]",[224],[0.44842448604648644],0.7917206753392323,COMPLETE
578,0.19263245987147815,2025-01-10 08:22:20.173375,2025-01-10 08:22:23.709189,0 days 00:00:03.535814,0.021309281215152468,96,0.4,228,100,6.034088079979663e-06,396,0.007262300796317889,3,1,adam,"{'neurons_per_layer_encoder': [228], 'neurons_per_layer_decoder': [228, 114, 57]}",228,"[228, 114, 57]",[228],[0.19263245987147815],0.6394199146956018,COMPLETE
579,0.28250269394089456,2025-01-10 08:22:21.148280,2025-01-10 08:22:24.902040,0 days 00:00:03.753760,0.021115503516545085,48,0.30000000000000004,224,100,7.335735947201734e-06,472,0.008711650564131203,3,1,adam,"{'neurons_per_layer_encoder': [224], 'neurons_per_layer_decoder': [224, 112, 56]}",224,"[224, 112, 56]",[224],[0.28250269394089456],0.6038640999549261,COMPLETE
580,0.16451432421095935,2025-01-10 08:22:22.244689,2025-01-10 08:22:25.841153,0 days 00:00:03.596464,0.020622499894331715,96,0.30000000000000004,240,100,7.4712687923357e-06,440,0.007556265500809457,3,1,adam,"{'neurons_per_layer_encoder': [240], 'neurons_per_layer_decoder': [240, 120, 60]}",240,"[240, 120, 60]",[240],[0.16451432421095935],0.6375958649090276,COMPLETE
581,0.49344049183189154,2025-01-10 08:22:23.117510,2025-01-10 08:22:27.000929,0 days 00:00:03.883419,0.020999944778582497,40,0.30000000000000004,240,100,7.093167351146377e-06,440,0.0074087201870976825,3,1,adam,"{'neurons_per_layer_encoder': [240], 'neurons_per_layer_decoder': [240, 120, 60]}",240,"[240, 120, 60]",[240],[0.49344049183189154],0.7781823842150384,COMPLETE
582,0.16857077953954613,2025-01-10 08:22:23.717277,2025-01-10 08:22:27.658511,0 days 00:00:03.941234,0.0185147204171735,40,0.30000000000000004,240,100,2.8876820056133295e-06,440,0.0008419284914564627,3,1,adam,"{'neurons_per_layer_encoder': [240], 'neurons_per_layer_decoder': [240, 120, 60]}",240,"[240, 120, 60]",[240],[0.16857077953954613],0.6559465221875336,COMPLETE
583,-27.849459229079837,2025-01-10 08:22:24.910175,2025-01-10 08:22:27.056734,0 days 00:00:02.146559,0.018399873771854227,40,0.30000000000000004,216,100,3.133915548109838e-06,512,2.387524436167173e-05,3,1,adam,"{'neurons_per_layer_encoder': [216], 'neurons_per_layer_decoder': [216, 108, 54]}",216,"[216, 108, 54]",[216],[-27.849459229079837],0.20016761748643833,COMPLETE
584,0.22937537802297414,2025-01-10 08:22:25.850225,2025-01-10 08:22:29.565237,0 days 00:00:03.715012,0.018005625215065633,40,0.30000000000000004,216,100,3.004485829695537e-06,512,0.006252828147091906,3,1,adam,"{'neurons_per_layer_encoder': [216], 'neurons_per_layer_decoder': [216, 108, 54]}",216,"[216, 108, 54]",[216],[0.22937537802297414],0.5796374306310059,COMPLETE
585,0.1662244244478851,2025-01-10 08:22:27.009222,2025-01-10 08:22:30.920069,0 days 00:00:03.910847,0.0178122646165686,40,0.30000000000000004,216,100,2.9901273157406186e-06,512,0.004222579558421782,3,1,adam,"{'neurons_per_layer_encoder': [216], 'neurons_per_layer_decoder': [216, 108, 54]}",216,"[216, 108, 54]",[216],[0.1662244244478851],0.48455961158609123,COMPLETE
586,0.39417718777207233,2025-01-10 08:22:27.065805,2025-01-10 08:22:31.140274,0 days 00:00:04.074469,0.025957749913502116,40,0.30000000000000004,236,100,4.597869115385934e-06,484,0.006205138078436959,3,1,adam,"{'neurons_per_layer_encoder': [236], 'neurons_per_layer_decoder': [236, 118, 59]}",236,"[236, 118, 59]",[236],[0.39417718777207233],0.687584606707666,COMPLETE
587,-0.11452884609865577,2025-01-10 08:22:30.928805,2025-01-10 08:22:34.451242,0 days 00:00:03.522437,0.033133567462118485,32,0.30000000000000004,232,100,4.757339533247518e-06,288,0.008722236472565167,3,1,adam,"{'neurons_per_layer_encoder': [232], 'neurons_per_layer_decoder': [232, 116, 58]}",232,"[232, 116, 58]",[232],[-0.11452884609865577],0.4885492901473863,COMPLETE
588,0.4328637196082842,2025-01-10 08:22:31.148914,2025-01-10 08:22:34.638394,0 days 00:00:03.489480,0.03258251749480984,48,0.30000000000000004,232,100,4.219314283702296e-06,480,0.009959123616678835,3,1,adam,"{'neurons_per_layer_encoder': [232], 'neurons_per_layer_decoder': [232, 116, 58]}",232,"[232, 116, 58]",[232],[0.4328637196082842],0.7211231713728073,COMPLETE
589,-3.565336436175091,2025-01-10 08:22:34.458241,2025-01-10 08:22:36.949348,0 days 00:00:02.491107,0.03105807579724906,40,0.30000000000000004,228,100,4.205661312569835e-06,476,0.005293659608637719,3,1,sgd,"{'neurons_per_layer_encoder': [228], 'neurons_per_layer_decoder': [228, 114, 57]}",228,"[228, 114, 57]",[228],[-3.565336436175091],0.3215749008763363,COMPLETE
590,0.2851198202232502,2025-01-10 08:22:36.956747,2025-01-10 08:22:40.458007,0 days 00:00:03.501260,0.028261647938131077,40,0.30000000000000004,220,100,5.4595443107681725e-06,388,0.006699046507514552,4,1,adam,"{'neurons_per_layer_encoder': [220], 'neurons_per_layer_decoder': [220, 110, 55, 27]}",220,"[220, 110, 55, 27]",[220],[0.2851198202232502],0.6952889995074922,COMPLETE
591,-19.616761711650696,2025-01-10 08:22:40.465167,2025-01-10 08:22:42.424732,0 days 00:00:01.959565,0.017401246283265198,32,0.30000000000000004,204,100,3.5501046708919476e-06,484,7.240651166788068e-05,3,1,adam,"{'neurons_per_layer_encoder': [204], 'neurons_per_layer_decoder': [204, 102, 51]}",204,"[204, 102, 51]",[204],[-19.616761711650696],-0.2372060779704817,COMPLETE
592,0.3917701650067801,2025-01-10 08:34:12.999472,2025-01-10 08:34:17.362900,0 days 00:00:04.363428,0.02514790082301536,40,0.30000000000000004,244,100,5.380582747917911e-06,460,0.008567949664648473,3,1,adam,"{'neurons_per_layer_encoder': [244], 'neurons_per_layer_decoder': [244, 122, 61]}",244,"[244, 122, 61]",[244],[0.3917701650067801],0.7135883347867507,COMPLETE
593,0.6686332779472502,2025-01-10 08:34:13.001603,2025-01-10 08:34:17.390190,0 days 00:00:04.388587,0.023168390590161687,40,0.30000000000000004,244,100,5.189137988906564e-06,460,0.00864909870809854,3,1,adam,"{'neurons_per_layer_encoder': [244], 'neurons_per_layer_decoder': [244, 122, 61]}",244,"[244, 122, 61]",[244],[0.6686332779472502],0.8459987260038904,COMPLETE
594,-0.03898389804362834,2025-01-10 08:34:13.007676,2025-01-10 08:34:17.443648,0 days 00:00:04.435972,0.022742237863978016,40,0.30000000000000004,248,100,0.0004498347941202955,464,0.008583624330628481,3,1,adam,"{'neurons_per_layer_encoder': [248], 'neurons_per_layer_decoder': [248, 124, 62]}",248,"[248, 124, 62]",[248],[-0.03898389804362834],0.747168574692046,COMPLETE
595,0.5856559845178877,2025-01-10 08:34:13.007718,2025-01-10 08:34:17.432436,0 days 00:00:04.424718,0.02291075048700805,40,0.30000000000000004,248,100,2.0551046072119034e-06,496,0.008524621832982708,3,1,adam,"{'neurons_per_layer_encoder': [248], 'neurons_per_layer_decoder': [248, 124, 62]}",248,"[248, 124, 62]",[248],[0.5856559845178877],0.745181359785568,COMPLETE
596,-0.04255527744245535,2025-01-10 08:34:13.009045,2025-01-10 08:34:17.433560,0 days 00:00:04.424515,0.02449382738938803,40,0.30000000000000004,244,100,5.061818929046733e-06,428,0.008213228978902571,3,1,adam,"{'neurons_per_layer_encoder': [244], 'neurons_per_layer_decoder': [244, 122, 61]}",244,"[244, 122, 61]",[244],[-0.04255527744245535],0.4130063189559176,COMPLETE
597,0.20211287697520608,2025-01-10 08:34:17.374486,2025-01-10 08:34:21.093921,0 days 00:00:03.719435,0.019612688023459248,40,0.30000000000000004,224,100,2.0216572576196744e-06,504,0.007861510125836349,3,1,adam,"{'neurons_per_layer_encoder': [224], 'neurons_per_layer_decoder': [224, 112, 56]}",224,"[224, 112, 56]",[224],[0.20211287697520608],0.5697132303812521,COMPLETE
598,0.367726290585877,2025-01-10 08:34:17.409454,2025-01-10 08:34:21.685991,0 days 00:00:04.276537,0.02190064900926465,40,0.30000000000000004,256,100,6.134752069107626e-06,456,0.008852626972696237,3,1,adam,"{'neurons_per_layer_encoder': [256], 'neurons_per_layer_decoder': [256, 128, 64]}",256,"[256, 128, 64]",[256],[0.367726290585877],0.7144951330801481,COMPLETE
599,0.4041239057322933,2025-01-10 08:34:17.458865,2025-01-10 08:34:20.552016,0 days 00:00:03.093151,0.022920320875160008,40,0.4,248,100,1.3072710981941164e-06,448,0.008961474063062228,3,1,adam,"{'neurons_per_layer_encoder': [248], 'neurons_per_layer_decoder': [248, 124, 62]}",248,"[248, 124, 62]",[248],[0.4041239057322933],0.7268579501170328,COMPLETE
600,0.22450047588974253,2025-01-10 08:34:17.458990,2025-01-10 08:34:21.744049,0 days 00:00:04.285059,0.022900104037039674,40,0.4,248,100,2.119210594057532e-06,448,0.008982880237658534,3,1,adam,"{'neurons_per_layer_encoder': [248], 'neurons_per_layer_decoder': [248, 124, 62]}",248,"[248, 124, 62]",[248],[0.22450047588974253],0.6071016189607163,COMPLETE
601,0.439010311737986,2025-01-10 08:34:17.461299,2025-01-10 08:34:21.766930,0 days 00:00:04.305631,0.022124057152944736,40,0.4,256,100,1.3222064910670803e-06,456,0.009800313372950446,3,1,adam,"{'neurons_per_layer_encoder': [256], 'neurons_per_layer_decoder': [256, 128, 64]}",256,"[256, 128, 64]",[256],[0.439010311737986],0.7127777167965764,COMPLETE
602,0.4742679222653521,2025-01-10 08:34:20.560990,2025-01-10 08:34:24.686606,0 days 00:00:04.125616,0.023005953020463567,40,0.30000000000000004,248,100,1.7250970615287002e-06,448,0.008922018916035774,3,1,adam,"{'neurons_per_layer_encoder': [248], 'neurons_per_layer_decoder': [248, 124, 62]}",248,"[248, 124, 62]",[248],[0.4742679222653521],0.6732006634012807,COMPLETE
603,0.4098741626230049,2025-01-10 08:34:21.103321,2025-01-10 08:34:25.366143,0 days 00:00:04.262822,0.022329262777363874,40,0.30000000000000004,256,100,2.011879642089882e-06,456,0.009042891759300732,3,1,adam,"{'neurons_per_layer_encoder': [256], 'neurons_per_layer_decoder': [256, 128, 64]}",256,"[256, 128, 64]",[256],[0.4098741626230049],0.6438824559044963,COMPLETE
604,0.31795991376600485,2025-01-10 08:34:21.694537,2025-01-10 08:34:25.921547,0 days 00:00:04.227010,0.023296587740668395,40,0.30000000000000004,252,100,1.5533708347746596e-06,452,0.009900952719206928,3,1,adam,"{'neurons_per_layer_encoder': [252], 'neurons_per_layer_decoder': [252, 126, 63]}",252,"[252, 126, 63]",[252],[0.31795991376600485],0.5417396515918278,COMPLETE
605,0.7544898125757198,2025-01-10 08:34:21.753878,2025-01-10 08:34:26.105664,0 days 00:00:04.351786,0.0226396356944338,40,0.30000000000000004,248,100,2.3380942701679767e-06,592,0.009918327076854897,3,1,adam,"{'neurons_per_layer_encoder': [248], 'neurons_per_layer_decoder': [248, 124, 62]}",248,"[248, 124, 62]",[248],[0.7544898125757198],0.8707791107859325,COMPLETE
606,0.4431270062927677,2025-01-10 08:34:21.776828,2025-01-10 08:34:26.154167,0 days 00:00:04.377339,0.025830374206037014,40,0.30000000000000004,252,100,2.2029652387065413e-06,612,0.00993783410713672,3,1,adam,"{'neurons_per_layer_encoder': [252], 'neurons_per_layer_decoder': [252, 126, 63]}",252,"[252, 126, 63]",[252],[0.4431270062927677],0.6563321400105557,COMPLETE
607,0.26452248017969227,2025-01-10 08:34:24.696587,2025-01-10 08:34:29.008174,0 days 00:00:04.311587,0.024934766104864364,40,0.30000000000000004,252,100,2.298354458953143e-06,468,0.009933397309951898,3,1,adam,"{'neurons_per_layer_encoder': [252], 'neurons_per_layer_decoder': [252, 126, 63]}",252,"[252, 126, 63]",[252],[0.26452248017969227],0.5229234979524582,COMPLETE
608,0.23894717639407625,2025-01-10 08:34:25.376163,2025-01-10 08:34:29.790134,0 days 00:00:04.413971,0.024076934285269712,40,0.30000000000000004,252,100,1.5599799570908175e-06,612,0.00769539320998631,3,1,adam,"{'neurons_per_layer_encoder': [252], 'neurons_per_layer_decoder': [252, 126, 63]}",252,"[252, 126, 63]",[252],[0.23894717639407625],0.4991771124451399,COMPLETE
609,0.5228582737296875,2025-01-10 08:34:25.932061,2025-01-10 08:34:30.103156,0 days 00:00:04.171095,0.025822102359353002,40,0.30000000000000004,240,100,5.986693194474859e-06,424,0.007623434467992434,3,1,adam,"{'neurons_per_layer_encoder': [240], 'neurons_per_layer_decoder': [240, 120, 60]}",240,"[240, 120, 60]",[240],[0.5228582737296875],0.7576025386222357,COMPLETE
610,0.19035762181283944,2025-01-10 08:34:26.114453,2025-01-10 08:34:29.149188,0 days 00:00:03.034735,0.023695308223060655,48,0.30000000000000004,244,100,1.7807244202952969e-06,428,0.00751334951841296,3,1,adam,"{'neurons_per_layer_encoder': [244], 'neurons_per_layer_decoder': [244, 122, 61]}",244,"[244, 122, 61]",[244],[0.19035762181283944],0.42223892217541004,COMPLETE
611,0.053604146114202944,2025-01-10 08:34:26.163485,2025-01-10 08:34:28.943705,0 days 00:00:02.780220,0.0267173520050859,48,0.30000000000000004,244,100,2.132839525580764e-06,588,0.007677088533646928,3,1,adam,"{'neurons_per_layer_encoder': [244], 'neurons_per_layer_decoder': [244, 122, 61]}",244,"[244, 122, 61]",[244],[0.053604146114202944],0.6358594414385821,COMPLETE
612,0.08366286568633197,2025-01-10 08:34:28.951346,2025-01-10 08:34:32.291281,0 days 00:00:03.339935,0.023625022940709617,40,0.30000000000000004,244,100,1.8115227619892542e-06,428,0.007772971523200756,3,1,adam,"{'neurons_per_layer_encoder': [244], 'neurons_per_layer_decoder': [244, 122, 61]}",244,"[244, 122, 61]",[244],[0.08366286568633197],0.5256699132786941,COMPLETE
613,-25.517631995942605,2025-01-10 08:34:29.027985,2025-01-10 08:34:30.414319,0 days 00:00:01.386334,0.024153665857719338,40,0.30000000000000004,244,100,1.8002432281042044e-06,588,0.00782825503243745,3,1,sgd,"{'neurons_per_layer_encoder': [244], 'neurons_per_layer_decoder': [244, 122, 61]}",244,"[244, 122, 61]",[244],[-25.517631995942605],-0.8890837276183817,COMPLETE
614,-0.7948003725552721,2025-01-10 08:34:29.158010,2025-01-10 08:34:32.747434,0 days 00:00:03.589424,0.024300789923611565,40,0.30000000000000004,240,100,5.945169770350558e-06,584,0.008262207547985938,3,1,sgd,"{'neurons_per_layer_encoder': [240], 'neurons_per_layer_decoder': [240, 120, 60]}",240,"[240, 120, 60]",[240],[-0.7948003725552721],0.6591730772238826,COMPLETE
615,-4.282966882259299,2025-01-10 08:34:29.799511,2025-01-10 08:34:32.971499,0 days 00:00:03.171988,0.020883063038058508,128,0.30000000000000004,236,100,1.8837183347031401e-06,356,0.008661365577502762,3,1,sgd,"{'neurons_per_layer_encoder': [236], 'neurons_per_layer_decoder': [236, 118, 59]}",236,"[236, 118, 59]",[236],[-4.282966882259299],0.35787312709426117,COMPLETE
616,0.00059970739863624,2025-01-10 08:34:30.112820,2025-01-10 08:34:41.725825,0 days 00:00:11.613005,0.02046126750878554,40,0.30000000000000004,240,100,2.524254775562288e-06,1944,0.009900667107620166,3,4,sgd,"{'neurons_per_layer_encoder': [240, 480, 960, 1920], 'neurons_per_layer_decoder': [1920, 960, 480]}",240,"[1920, 960, 480]","[240, 480, 960, 1920]",[0.00059970739863624],0.8724112256319433,COMPLETE
617,0.3942476663828267,2025-01-10 08:34:30.425333,2025-01-10 08:34:34.998252,0 days 00:00:04.572919,0.021043313949509996,40,0.30000000000000004,240,100,2.3236040515851147e-06,280,0.00846176748042414,3,1,adam,"{'neurons_per_layer_encoder': [240], 'neurons_per_layer_decoder': [240, 120, 60]}",240,"[240, 120, 60]",[240],[0.3942476663828267],0.6294013358976748,COMPLETE
618,0.5623991675536175,2025-01-10 08:34:32.306196,2025-01-10 08:34:37.182832,0 days 00:00:04.876636,0.020731789021621174,40,0.30000000000000004,236,100,2.4592911442871e-06,356,0.008680227049321055,3,1,adam,"{'neurons_per_layer_encoder': [236], 'neurons_per_layer_decoder': [236, 118, 59]}",236,"[236, 118, 59]",[236],[0.5623991675536175],0.7212248342311973,COMPLETE
619,0.34735871731695067,2025-01-10 08:34:32.757504,2025-01-10 08:34:37.965508,0 days 00:00:05.208004,0.02110554629388159,40,0.30000000000000004,236,100,2.657022215314733e-06,548,0.009928905168140597,3,1,adam,"{'neurons_per_layer_encoder': [236], 'neurons_per_layer_decoder': [236, 118, 59]}",236,"[236, 118, 59]",[236],[0.34735871731695067],0.5501925438919676,COMPLETE
620,0.3015777432183778,2025-01-10 08:34:32.980249,2025-01-10 08:34:37.580408,0 days 00:00:04.600159,0.021076010337605196,88,0.4,248,100,2.509603327844276e-06,592,0.006719594088028154,3,1,adam,"{'neurons_per_layer_encoder': [248], 'neurons_per_layer_decoder': [248, 124, 62]}",248,"[248, 124, 62]",[248],[0.3015777432183778],0.6025846998845958,COMPLETE
621,0.4629457195564153,2025-01-10 08:34:35.008861,2025-01-10 08:34:39.696511,0 days 00:00:04.687650,0.020044151457826193,40,0.4,248,100,2.5492602808093482e-06,304,0.006765614365020255,3,1,adam,"{'neurons_per_layer_encoder': [248], 'neurons_per_layer_decoder': [248, 124, 62]}",248,"[248, 124, 62]",[248],[0.4629457195564153],0.7054473046290424,COMPLETE
622,0.5939095980219333,2025-01-10 08:34:37.192064,2025-01-10 08:34:42.050281,0 days 00:00:04.858217,0.029041676224565664,40,0.4,248,100,2.342621241813112e-06,352,0.00991422914185707,3,1,adam,"{'neurons_per_layer_encoder': [248], 'neurons_per_layer_decoder': [248, 124, 62]}",248,"[248, 124, 62]",[248],[0.5939095980219333],0.7633572793361534,COMPLETE
623,0.23684547863461602,2025-01-10 08:34:37.589800,2025-01-10 08:34:42.131258,0 days 00:00:04.541458,0.01967041954058083,48,0.30000000000000004,236,100,2.3249093965414533e-06,356,0.006431394879266767,3,1,adam,"{'neurons_per_layer_encoder': [236], 'neurons_per_layer_decoder': [236, 118, 59]}",236,"[236, 118, 59]",[236],[0.23684547863461602],0.4087414833284341,COMPLETE
624,0.35894737715908254,2025-01-10 08:34:37.976438,2025-01-10 08:34:42.406757,0 days 00:00:04.430319,0.020368791679450955,48,0.30000000000000004,236,100,2.48163553257517e-06,372,0.006947357279798462,3,1,adam,"{'neurons_per_layer_encoder': [236], 'neurons_per_layer_decoder': [236, 118, 59]}",236,"[236, 118, 59]",[236],[0.35894737715908254],0.5338763361480391,COMPLETE
625,0.46456249458652044,2025-01-10 08:34:39.707040,2025-01-10 08:34:43.958804,0 days 00:00:04.251764,0.019666810557624377,48,0.30000000000000004,256,100,2.2986469395408903e-06,360,0.004295668943926595,3,1,adam,"{'neurons_per_layer_encoder': [256], 'neurons_per_layer_decoder': [256, 128, 64]}",256,"[256, 128, 64]",[256],[0.46456249458652044],0.62671492127515,COMPLETE
626,0.34623755948529844,2025-01-10 08:34:41.736303,2025-01-10 08:34:45.520481,0 days 00:00:03.784178,0.028527605039250763,48,0.30000000000000004,232,100,2.1022642685564665e-06,368,0.006886372935797594,3,1,adam,"{'neurons_per_layer_encoder': [232], 'neurons_per_layer_decoder': [232, 116, 58]}",232,"[232, 116, 58]",[232],[0.34623755948529844],0.5812244879253547,COMPLETE
627,0.4633768530798773,2025-01-10 08:34:42.058752,2025-01-10 08:34:46.074901,0 days 00:00:04.016149,0.02839715725081698,48,0.4,256,100,1.949857162556116e-06,360,0.008842007766750632,3,1,adam,"{'neurons_per_layer_encoder': [256], 'neurons_per_layer_decoder': [256, 128, 64]}",256,"[256, 128, 64]",[256],[0.4633768530798773],0.6196167264367431,COMPLETE
628,0.40363847657176255,2025-01-10 08:34:42.141122,2025-01-10 08:34:46.149591,0 days 00:00:04.008469,0.027154559003734976,48,0.4,256,100,2.2807887777658657e-06,376,0.009836205863840456,3,1,adam,"{'neurons_per_layer_encoder': [256], 'neurons_per_layer_decoder': [256, 128, 64]}",256,"[256, 128, 64]",[256],[0.40363847657176255],0.6438081756002197,COMPLETE
629,0.5491979133013458,2025-01-10 08:34:42.415197,2025-01-10 08:34:46.487257,0 days 00:00:04.072060,0.027554284843126088,40,0.4,248,100,1.0029476166014386e-06,384,0.009850223445382595,3,1,adam,"{'neurons_per_layer_encoder': [248], 'neurons_per_layer_decoder': [248, 124, 62]}",248,"[248, 124, 62]",[248],[0.5491979133013458],0.728268521702084,COMPLETE
630,0.3434063680225814,2025-01-10 08:34:43.967888,2025-01-10 08:34:47.218222,0 days 00:00:03.250334,0.028044946226242484,40,0.4,8,100,2.1494385324290083e-06,8,0.008786403419887082,3,1,adam,"{'neurons_per_layer_encoder': [8], 'neurons_per_layer_decoder': [8, 8, 8]}",8,"[8, 8, 8]",[8],[0.3434063680225814],0.8239484149788403,COMPLETE
