number,value,datetime_start,datetime_complete,duration,params_alpha,params_batch_size,params_drop_out_rate,params_encoder_neurons_layer_1,params_epochs,params_lambda,params_latent_dim,params_learning_rate,params_num_layers_decoder,params_num_layers_encoder,params_optimizer,user_attrs_encoder_decoder_config,user_attrs_first_layer_neurons,user_attrs_neurons_per_layer_decoder,user_attrs_neurons_per_layer_encoder,user_attrs_r2_feature_1,user_attrs_relative_deterioration,state
631,0.3861278677694796,2025-01-10 08:34:45.530328,2025-01-10 08:34:47.938085,0 days 00:00:02.407757,0.030238075770646453,40,0.4,252,100,1.899812663238359e-06,436,0.009892424098100752,1,1,adam,"{'neurons_per_layer_encoder': [252], 'neurons_per_layer_decoder': [252]}",252,[252],[252],[0.3861278677694796],0.7224909222636436,COMPLETE
632,-0.6347435934437908,2025-01-10 08:34:46.084011,2025-01-10 08:34:48.093131,0 days 00:00:02.009120,0.0269402699308991,40,0.4,248,100,2.01731714427446e-06,416,0.008675948209442997,1,1,adam,"{'neurons_per_layer_encoder': [248], 'neurons_per_layer_decoder': [248]}",248,[248],[248],[-0.6347435934437908],0.38332447397563707,COMPLETE
633,0.1564656779219712,2025-01-10 08:34:46.157522,2025-01-10 08:34:49.459946,0 days 00:00:03.302424,0.03035276479043716,40,0.4,248,100,1.950535849930774e-06,416,0.00883125727869541,1,1,adam,"{'neurons_per_layer_encoder': [248], 'neurons_per_layer_decoder': [248]}",248,[248],[248],[0.1564656779219712],0.540554679235086,COMPLETE
634,-0.8892529402752951,2025-01-10 08:34:46.496593,2025-01-10 08:34:49.053830,0 days 00:00:02.557237,0.029500987938052264,40,0.4,248,100,2.816461235135316e-06,352,0.009911050459796783,1,1,adam,"{'neurons_per_layer_encoder': [248], 'neurons_per_layer_decoder': [248]}",248,[248],[248],[-0.8892529402752951],0.23972129058339645,COMPLETE
635,0.21653741593789344,2025-01-10 08:34:47.227584,2025-01-10 08:34:50.133462,0 days 00:00:02.905878,0.029732299991517216,40,0.4,248,100,1.7282238897520394e-06,384,0.00870500240078481,1,1,adam,"{'neurons_per_layer_encoder': [248], 'neurons_per_layer_decoder': [248]}",248,[248],[248],[0.21653741593789344],0.5514386396641466,COMPLETE
636,0.39364811726871896,2025-01-10 08:34:47.947394,2025-01-10 08:34:51.504356,0 days 00:00:03.556962,0.02917366982713894,40,0.4,252,100,1.2170677485474241e-06,388,0.009906445684526512,1,1,adam,"{'neurons_per_layer_encoder': [252], 'neurons_per_layer_decoder': [252]}",252,[252],[252],[0.39364811726871896],0.6317213014074862,COMPLETE
637,0.40503502841413974,2025-01-10 08:34:48.102901,2025-01-10 08:34:52.306526,0 days 00:00:04.203625,0.025754158781809804,40,0.4,248,100,1.4673501560459326e-06,384,0.009885342116414435,3,1,adam,"{'neurons_per_layer_encoder': [248], 'neurons_per_layer_decoder': [248, 124, 62]}",248,"[248, 124, 62]",[248],[0.40503502841413974],0.6327469357570894,COMPLETE
638,0.6532240471822359,2025-01-10 08:34:49.062562,2025-01-10 08:34:53.237455,0 days 00:00:04.174893,0.025790580283177076,40,0.4,248,100,1.4770254379363164e-06,400,0.007719704876792712,3,1,adam,"{'neurons_per_layer_encoder': [248], 'neurons_per_layer_decoder': [248, 124, 62]}",248,"[248, 124, 62]",[248],[0.6532240471822359],0.8009974036956033,COMPLETE
639,0.3803454828554923,2025-01-10 08:34:49.469342,2025-01-10 08:34:52.660742,0 days 00:00:03.191400,0.027019397597792143,40,0.4,244,100,1.2617060764851412e-06,396,0.007527896480672309,3,1,adam,"{'neurons_per_layer_encoder': [244], 'neurons_per_layer_decoder': [244, 122, 61]}",244,"[244, 122, 61]",[244],[0.3803454828554923],0.6977403579860338,COMPLETE
640,0.35730192033395314,2025-01-10 08:34:50.142402,2025-01-10 08:34:54.141569,0 days 00:00:03.999167,0.02560566839836069,40,0.4,244,100,1.6823457221027225e-06,348,0.0077202662102185265,3,1,adam,"{'neurons_per_layer_encoder': [244], 'neurons_per_layer_decoder': [244, 122, 61]}",244,"[244, 122, 61]",[244],[0.35730192033395314],0.5952212936322638,COMPLETE
641,-24.537628527664097,2025-01-10 08:34:51.513039,2025-01-10 08:34:53.828217,0 days 00:00:02.315178,0.026412913221802527,40,0.4,244,100,1.1513729553628898e-06,348,9.183509626582665e-05,3,1,adadelta,"{'neurons_per_layer_encoder': [244], 'neurons_per_layer_decoder': [244, 122, 61]}",244,"[244, 122, 61]",[244],[-24.537628527664097],0.2301022067051582,COMPLETE
642,-4.591111135565092,2025-01-10 08:34:52.315557,2025-01-10 08:34:56.363109,0 days 00:00:04.047552,0.027242521806714007,40,0.4,244,100,1.4329237597752805e-06,396,0.007567397611077299,3,1,adadelta,"{'neurons_per_layer_encoder': [244], 'neurons_per_layer_decoder': [244, 122, 61]}",244,"[244, 122, 61]",[244],[-4.591111135565092],0.37665649052121947,COMPLETE
643,-32.17725174305822,2025-01-10 08:34:52.669120,2025-01-10 08:34:54.760772,0 days 00:00:02.091652,0.03255928931689227,40,0.4,244,100,1.1781684874753775e-06,348,0.00775615414198498,3,1,adadelta,"{'neurons_per_layer_encoder': [244], 'neurons_per_layer_decoder': [244, 122, 61]}",244,"[244, 122, 61]",[244],[-32.17725174305822],0.16453717789090286,COMPLETE
644,0.5326047600217223,2025-01-10 08:34:53.246057,2025-01-10 08:34:57.351633,0 days 00:00:04.105576,0.026725613646209557,40,0.4,256,100,1.2056771227808932e-06,392,0.007789926901370092,3,1,adam,"{'neurons_per_layer_encoder': [256], 'neurons_per_layer_decoder': [256, 128, 64]}",256,"[256, 128, 64]",[256],[0.5326047600217223],0.7289773087744339,COMPLETE
645,0.5605932028871954,2025-01-10 08:34:53.837269,2025-01-10 08:34:58.150456,0 days 00:00:04.313187,0.026111395248146586,40,0.4,256,100,1.0206445938034742e-06,376,0.007656230664118638,3,1,adam,"{'neurons_per_layer_encoder': [256], 'neurons_per_layer_decoder': [256, 128, 64]}",256,"[256, 128, 64]",[256],[0.5605932028871954],0.6882890932600707,COMPLETE
646,0.6754360875742011,2025-01-10 08:34:54.150802,2025-01-10 08:34:58.276298,0 days 00:00:04.125496,0.02781511797668814,40,0.4,256,100,2.696230596974021e-06,392,0.007634976550612069,3,1,adam,"{'neurons_per_layer_encoder': [256], 'neurons_per_layer_decoder': [256, 128, 64]}",256,"[256, 128, 64]",[256],[0.6754360875742011],0.8334471179642755,COMPLETE
647,0.5246823059091216,2025-01-10 08:34:54.769090,2025-01-10 08:34:58.903132,0 days 00:00:04.134042,0.024833387833696412,40,0.4,256,100,1.7806970106409891e-06,392,0.006450274781821605,3,1,adam,"{'neurons_per_layer_encoder': [256], 'neurons_per_layer_decoder': [256, 128, 64]}",256,"[256, 128, 64]",[256],[0.5246823059091216],0.7266396002410035,COMPLETE
648,0.03833500386550803,2025-01-10 08:34:56.372679,2025-01-10 08:34:59.646201,0 days 00:00:03.273522,0.03148942345441745,32,0.4,248,100,1.2276640967136192e-06,400,0.006162888254544133,3,1,adam,"{'neurons_per_layer_encoder': [248], 'neurons_per_layer_decoder': [248, 124, 62]}",248,"[248, 124, 62]",[248],[0.03833500386550803],0.6562690119547963,COMPLETE
649,0.30261949426188417,2025-01-10 08:34:57.361570,2025-01-10 08:35:01.776659,0 days 00:00:04.415089,0.024749813181909944,32,0.4,252,100,1.009416273055728e-06,404,0.006397124198553945,3,1,adam,"{'neurons_per_layer_encoder': [252], 'neurons_per_layer_decoder': [252, 126, 63]}",252,"[252, 126, 63]",[252],[0.30261949426188417],0.6203612630002009,COMPLETE
650,0.18951976997948516,2025-01-10 08:34:58.160309,2025-01-10 08:35:02.927290,0 days 00:00:04.766981,0.024329055784955162,32,0.4,256,100,2.571098726527888e-06,376,0.0063157292864632454,3,1,adam,"{'neurons_per_layer_encoder': [256], 'neurons_per_layer_decoder': [256, 128, 64]}",256,"[256, 128, 64]",[256],[0.18951976997948516],0.6254366324261408,COMPLETE
651,0.25972211864535377,2025-01-10 08:34:58.287154,2025-01-10 08:35:03.482635,0 days 00:00:05.195481,0.02471534494401788,32,0.4,256,100,1.300193813893183e-06,376,0.006390562794876386,5,1,adam,"{'neurons_per_layer_encoder': [256], 'neurons_per_layer_decoder': [256, 128, 64, 32, 16]}",256,"[256, 128, 64, 32, 16]",[256],[0.25972211864535377],0.7271280512296147,COMPLETE
652,0.36800307373890206,2025-01-10 08:34:58.912878,2025-01-10 08:35:04.103615,0 days 00:00:05.190737,0.02506809546687871,32,0.4,256,100,1.3789601249666743e-06,376,0.006537298603250915,5,1,adam,"{'neurons_per_layer_encoder': [256], 'neurons_per_layer_decoder': [256, 128, 64, 32, 16]}",256,"[256, 128, 64, 32, 16]",[256],[0.36800307373890206],0.7333199510372006,COMPLETE
653,0.34579956690115965,2025-01-10 08:34:59.656044,2025-01-10 08:35:02.936316,0 days 00:00:03.280272,0.025514221023755085,40,0.4,256,100,1.3533350727611097e-06,376,0.006743034702405006,3,1,adam,"{'neurons_per_layer_encoder': [256], 'neurons_per_layer_decoder': [256, 128, 64]}",256,"[256, 128, 64]",[256],[0.34579956690115965],0.6835208216238934,COMPLETE
654,-1.635300468195724,2025-01-10 08:35:01.787427,2025-01-10 08:35:32.958388,0 days 00:00:31.170961,0.02580797597529134,40,0.4,252,100,1.4006430062383694e-06,4056,0.007135421768592588,5,5,adam,"{'neurons_per_layer_encoder': [252, 504, 1008, 2016, 4032], 'neurons_per_layer_decoder': [4032, 2016, 1008, 504, 252]}",252,"[4032, 2016, 1008, 504, 252]","[252, 504, 1008, 2016, 4032]",[-1.635300468195724],0.8567859297502427,COMPLETE
655,0.5807009887104513,2025-01-10 08:35:02.944792,2025-01-10 08:35:11.608724,0 days 00:00:08.663932,0.028364793298945108,40,0.4,256,100,1.4933299899524007e-06,376,0.007318585776026868,3,1,adam,"{'neurons_per_layer_encoder': [256], 'neurons_per_layer_decoder': [256, 128, 64]}",256,"[256, 128, 64]",[256],[0.5807009887104513],0.7753367303099578,COMPLETE
656,0.4305251029238454,2025-01-10 08:35:02.946879,2025-01-10 08:35:12.570837,0 days 00:00:09.623958,0.02837011627913224,40,0.4,256,100,1.6294293745620373e-06,360,0.00717888777175042,3,1,adam,"{'neurons_per_layer_encoder': [256], 'neurons_per_layer_decoder': [256, 128, 64]}",256,"[256, 128, 64]",[256],[0.4305251029238454],0.6633771727224422,COMPLETE
657,-5.796048320036404,2025-01-10 08:35:03.491911,2025-01-10 08:35:36.327031,0 days 00:00:32.835120,0.029336640854125327,40,0.4,252,100,1.572395663010889e-06,4056,0.007283508247261889,3,5,adam,"{'neurons_per_layer_encoder': [252, 504, 1008, 2016, 4032], 'neurons_per_layer_decoder': [4032, 2016, 1008]}",252,"[4032, 2016, 1008]","[252, 504, 1008, 2016, 4032]",[-5.796048320036404],0.7541833535904817,COMPLETE
658,-0.06617465968986469,2025-01-10 08:35:04.113031,2025-01-10 08:35:10.228257,0 days 00:00:06.115226,0.02813475527592158,40,0.4,36,100,1.5806018918241276e-06,87,0.0074933928087446,3,1,adam,"{'neurons_per_layer_encoder': [36], 'neurons_per_layer_decoder': [36, 18, 9]}",36,"[36, 18, 9]",[36],[-0.06617465968986469],0.6289098849984405,COMPLETE
659,-0.7455504507874529,2025-01-10 08:35:10.241456,2025-01-10 08:35:45.541246,0 days 00:00:35.299790,0.02901050289108906,40,0.4,252,100,1.0742197519547702e-06,4056,0.007984830233986924,3,5,adam,"{'neurons_per_layer_encoder': [252, 504, 1008, 2016, 4032], 'neurons_per_layer_decoder': [4032, 2016, 1008]}",252,"[4032, 2016, 1008]","[252, 504, 1008, 2016, 4032]",[-0.7455504507874529],0.9225733962828817,COMPLETE
660,-6.717276628441806,2025-01-10 08:35:11.622201,2025-01-10 08:35:46.515433,0 days 00:00:34.893232,0.029282384535144614,40,0.4,252,100,1.6466265282650632e-06,4056,0.007771643645353646,3,5,adam,"{'neurons_per_layer_encoder': [252, 504, 1008, 2016, 4032], 'neurons_per_layer_decoder': [4032, 2016, 1008]}",252,"[4032, 2016, 1008]","[252, 504, 1008, 2016, 4032]",[-6.717276628441806],0.7245769937351467,COMPLETE
661,0.38767489115209286,2025-01-10 08:35:12.581478,2025-01-10 08:35:34.067337,0 days 00:00:21.485859,0.030665288278613617,40,0.4,252,100,2.0552767304788876e-06,372,0.008055279239420326,3,1,adam,"{'neurons_per_layer_encoder': [252], 'neurons_per_layer_decoder': [252, 126, 63]}",252,"[252, 126, 63]",[252],[0.38767489115209286],0.6447833735980851,COMPLETE
662,0.5146596554359226,2025-01-10 08:35:33.025731,2025-01-10 08:35:46.809712,0 days 00:00:13.783981,0.030436612464397456,40,0.4,252,100,1.5241395839555583e-06,388,0.008319934040009238,3,1,adam,"{'neurons_per_layer_encoder': [252], 'neurons_per_layer_decoder': [252, 126, 63]}",252,"[252, 126, 63]",[252],[0.5146596554359226],0.7150485192794975,COMPLETE
663,0.3851760886395871,2025-01-10 08:35:34.080127,2025-01-10 08:35:46.745979,0 days 00:00:12.665852,0.029845231625511705,48,0.4,252,100,1.5619189590086066e-06,388,0.008362732477081634,3,1,adam,"{'neurons_per_layer_encoder': [252], 'neurons_per_layer_decoder': [252, 126, 63]}",252,"[252, 126, 63]",[252],[0.3851760886395871],0.5660861889775728,COMPLETE
664,0.5151321831658855,2025-01-10 08:35:36.351202,2025-01-10 08:35:47.071487,0 days 00:00:10.720285,0.026986906345477624,40,0.4,252,100,1.097527533233589e-06,388,0.008377058871140678,3,1,adam,"{'neurons_per_layer_encoder': [252], 'neurons_per_layer_decoder': [252, 126, 63]}",252,"[252, 126, 63]",[252],[0.5151321831658855],0.7245057739937202,COMPLETE
665,0.4043969691206388,2025-01-10 08:35:45.560059,2025-01-10 08:35:50.086412,0 days 00:00:04.526353,0.02719068847893692,48,0.4,252,100,1.640043142989868e-06,388,0.008476543458505256,3,1,adam,"{'neurons_per_layer_encoder': [252], 'neurons_per_layer_decoder': [252, 126, 63]}",252,"[252, 126, 63]",[252],[0.4043969691206388],0.5840864162822078,COMPLETE
666,0.44410717609038297,2025-01-10 08:35:46.525280,2025-01-10 08:35:50.637419,0 days 00:00:04.112139,0.031278997470667896,48,0.4,256,100,1.0503102146761222e-06,360,0.005654239260688919,3,1,adam,"{'neurons_per_layer_encoder': [256], 'neurons_per_layer_decoder': [256, 128, 64]}",256,"[256, 128, 64]",[256],[0.44410717609038297],0.5927730898585448,COMPLETE
667,0.4037977670869881,2025-01-10 08:35:46.757336,2025-01-10 08:35:51.008284,0 days 00:00:04.250948,0.026493000158888353,40,0.4,256,100,2.5984992008793873e-06,392,0.005642764623529473,3,1,adam,"{'neurons_per_layer_encoder': [256], 'neurons_per_layer_decoder': [256, 128, 64]}",256,"[256, 128, 64]",[256],[0.4037977670869881],0.712210830645434,COMPLETE
668,0.03518600869111732,2025-01-10 08:35:46.824184,2025-01-10 08:35:49.828185,0 days 00:00:03.004001,0.027553708959237373,80,0.4,52,100,1.0141071219457555e-06,105,0.0054957182371390126,3,1,adam,"{'neurons_per_layer_encoder': [52], 'neurons_per_layer_decoder': [52, 26, 13]}",52,"[52, 26, 13]",[52],[0.03518600869111732],0.7003370766808295,COMPLETE
669,0.42963751264593697,2025-01-10 08:35:47.079254,2025-01-10 08:35:51.007829,0 days 00:00:03.928575,0.02313001865722852,48,0.4,240,100,2.6253918376869156e-06,408,0.005669423970185547,3,1,adam,"{'neurons_per_layer_encoder': [240], 'neurons_per_layer_decoder': [240, 120, 60]}",240,"[240, 120, 60]",[240],[0.42963751264593697],0.675374123448967,COMPLETE
670,-42.3637634807174,2025-01-10 08:35:49.838669,2025-01-10 08:35:52.434516,0 days 00:00:02.595847,0.023129798487129684,40,0.4,240,100,2.6390147851293426e-06,408,3.0136843627485877e-05,4,1,adam,"{'neurons_per_layer_encoder': [240], 'neurons_per_layer_decoder': [240, 120, 60, 30]}",240,"[240, 120, 60, 30]",[240],[-42.3637634807174],-0.007386723240341434,COMPLETE
671,0.45909983952318745,2025-01-10 08:35:50.096260,2025-01-10 08:35:54.724117,0 days 00:00:04.627857,0.02314211030600186,40,0.4,240,100,2.599818276628633e-06,408,0.0059790461036381935,4,1,adam,"{'neurons_per_layer_encoder': [240], 'neurons_per_layer_decoder': [240, 120, 60, 30]}",240,"[240, 120, 60, 30]",[240],[0.45909983952318745],0.77595853975531,COMPLETE
672,0.4323570966589986,2025-01-10 08:35:50.647453,2025-01-10 08:35:54.950326,0 days 00:00:04.302873,0.032844015851950355,40,0.4,240,100,2.7688640215778405e-06,408,0.007145984811644012,3,1,adam,"{'neurons_per_layer_encoder': [240], 'neurons_per_layer_decoder': [240, 120, 60]}",240,"[240, 120, 60]",[240],[0.4323570966589986],0.6766792035615359,COMPLETE
673,0.07697055405666575,2025-01-10 08:35:51.017870,2025-01-10 08:35:54.034821,0 days 00:00:03.016951,0.03333183104329703,40,0.4,24,100,2.35355680608743e-06,42,0.007116097541012411,3,1,adam,"{'neurons_per_layer_encoder': [24], 'neurons_per_layer_decoder': [24, 12, 8]}",24,"[24, 12, 8]",[24],[0.07697055405666575],0.7180993016326248,COMPLETE
674,0.4621418212926869,2025-01-10 08:35:51.019476,2025-01-10 08:35:55.133565,0 days 00:00:04.114089,0.03276384199468609,40,0.4,244,100,2.1405411302775083e-06,412,0.007190705158413335,3,1,adam,"{'neurons_per_layer_encoder': [244], 'neurons_per_layer_decoder': [244, 122, 61]}",244,"[244, 122, 61]",[244],[0.4621418212926869],0.6796911549001691,COMPLETE
675,0.3574546560900218,2025-01-10 08:35:52.444215,2025-01-10 08:35:56.746231,0 days 00:00:04.302016,0.032869169639682325,40,0.4,244,100,2.0753031836596206e-06,364,0.008677446729806693,3,1,adam,"{'neurons_per_layer_encoder': [244], 'neurons_per_layer_decoder': [244, 122, 61]}",244,"[244, 122, 61]",[244],[0.3574546560900218],0.6486450132847541,COMPLETE
676,0.3834977093661808,2025-01-10 08:35:54.044926,2025-01-10 08:35:57.608032,0 days 00:00:03.563106,0.03234306141385411,112,0.4,244,100,2.0886644649401564e-06,364,0.008871535170723067,3,1,adam,"{'neurons_per_layer_encoder': [244], 'neurons_per_layer_decoder': [244, 122, 61]}",244,"[244, 122, 61]",[244],[0.3834977093661808],0.6734499999399944,COMPLETE
677,0.2012810520748033,2025-01-10 08:35:54.734900,2025-01-10 08:35:58.549641,0 days 00:00:03.814741,0.0328365924992079,64,0.4,244,100,2.042945691791551e-06,364,0.008615699488014628,3,1,adam,"{'neurons_per_layer_encoder': [244], 'neurons_per_layer_decoder': [244, 122, 61]}",244,"[244, 122, 61]",[244],[0.2012810520748033],0.64707032305639,COMPLETE
678,0.3282890771812875,2025-01-10 08:35:54.959993,2025-01-10 08:35:59.108704,0 days 00:00:04.148711,0.02564309219829873,40,0.4,248,100,1.9920858869473214e-06,368,0.009953658667196013,3,1,adam,"{'neurons_per_layer_encoder': [248], 'neurons_per_layer_decoder': [248, 124, 62]}",248,"[248, 124, 62]",[248],[0.3282890771812875],0.6393878627823539,COMPLETE
679,0.404564001931913,2025-01-10 08:35:55.143178,2025-01-10 08:35:59.342972,0 days 00:00:04.199794,0.02520125699551116,40,0.4,248,100,3.0912595244498546e-06,368,0.008614830076528216,3,1,adam,"{'neurons_per_layer_encoder': [248], 'neurons_per_layer_decoder': [248, 124, 62]}",248,"[248, 124, 62]",[248],[0.404564001931913],0.7024000954723403,COMPLETE
680,0.19578483670543567,2025-01-10 08:35:56.755990,2025-01-10 08:36:00.402199,0 days 00:00:03.646209,0.02561164689668277,32,0.4,248,100,3.1620000662804026e-06,400,0.008756026380513857,3,1,adam,"{'neurons_per_layer_encoder': [248], 'neurons_per_layer_decoder': [248, 124, 62]}",248,"[248, 124, 62]",[248],[0.19578483670543567],0.6826850473038286,COMPLETE
681,0.36882840407501105,2025-01-10 08:35:57.617105,2025-01-10 08:36:01.892084,0 days 00:00:04.274979,0.025318997586948833,40,0.4,248,100,3.017249431270552e-06,400,0.008652352368563775,3,1,adam,"{'neurons_per_layer_encoder': [248], 'neurons_per_layer_decoder': [248, 124, 62]}",248,"[248, 124, 62]",[248],[0.36882840407501105],0.7166971984360739,COMPLETE
682,0.5486346479349935,2025-01-10 08:35:58.559735,2025-01-10 08:36:02.730079,0 days 00:00:04.170344,0.025599389519053342,40,0.4,248,100,3.1723344963137366e-06,336,0.008434545300072309,3,1,adam,"{'neurons_per_layer_encoder': [248], 'neurons_per_layer_decoder': [248, 124, 62]}",248,"[248, 124, 62]",[248],[0.5486346479349935],0.7798474160027276,COMPLETE
683,0.353167070207151,2025-01-10 08:35:59.117693,2025-01-10 08:36:02.829296,0 days 00:00:03.711603,0.028452914938546663,32,0.4,236,100,3.194662491479646e-06,404,0.008599429445649079,3,1,adam,"{'neurons_per_layer_encoder': [236], 'neurons_per_layer_decoder': [236, 118, 59]}",236,"[236, 118, 59]",[236],[0.353167070207151],0.6975212587814373,COMPLETE
684,0.3552274003648609,2025-01-10 08:35:59.352096,2025-01-10 08:36:03.976843,0 days 00:00:04.624747,0.023979612335891024,32,0.4,236,100,3.0608583295441705e-06,404,0.007159246954634786,3,1,adam,"{'neurons_per_layer_encoder': [236], 'neurons_per_layer_decoder': [236, 118, 59]}",236,"[236, 118, 59]",[236],[0.3552274003648609],0.7044456557926029,COMPLETE
685,0.37660706295833446,2025-01-10 08:36:00.414154,2025-01-10 08:36:04.661426,0 days 00:00:04.247272,0.028338734292237606,40,0.4,236,100,2.988296347256448e-06,340,0.007046276758960586,3,1,adam,"{'neurons_per_layer_encoder': [236], 'neurons_per_layer_decoder': [236, 118, 59]}",236,"[236, 118, 59]",[236],[0.37660706295833446],0.6498978532967822,COMPLETE
686,-8.540146385586768,2025-01-10 08:36:01.901081,2025-01-10 08:36:06.039373,0 days 00:00:04.138292,0.028798689361277812,40,0.4,236,100,2.3185107327597613e-06,388,5.611164929186001e-05,3,1,adam,"{'neurons_per_layer_encoder': [236], 'neurons_per_layer_decoder': [236, 118, 59]}",236,"[236, 118, 59]",[236],[-8.540146385586768],0.5231965547470566,COMPLETE
687,0.38547131072543384,2025-01-10 08:36:02.740943,2025-01-10 08:36:06.824525,0 days 00:00:04.083582,0.02858211996018385,40,0.1,236,100,2.3561770334648026e-06,388,0.007124926992624162,3,1,adam,"{'neurons_per_layer_encoder': [236], 'neurons_per_layer_decoder': [236, 118, 59]}",236,"[236, 118, 59]",[236],[0.38547131072543384],0.46057152297855886,COMPLETE
688,0.09039881084028545,2025-01-10 08:36:02.839025,2025-01-10 08:36:06.918853,0 days 00:00:04.079828,0.027812061923585492,40,0.1,236,100,2.4312344257066503e-06,340,0.006931575396315224,3,1,adam,"{'neurons_per_layer_encoder': [236], 'neurons_per_layer_decoder': [236, 118, 59]}",236,"[236, 118, 59]",[236],[0.09039881084028545],0.19379719159781586,COMPLETE
689,0.5634983253713678,2025-01-10 08:36:03.985894,2025-01-10 08:36:08.153516,0 days 00:00:04.167622,0.021835990369909387,40,0.4,256,100,2.303590709458387e-06,344,0.0051150457955692116,3,1,adam,"{'neurons_per_layer_encoder': [256], 'neurons_per_layer_decoder': [256, 128, 64]}",256,"[256, 128, 64]",[256],[0.5634983253713678],0.7309842451336572,COMPLETE
690,-6.914111407568377,2025-01-10 08:36:04.670347,2025-01-10 08:36:08.467386,0 days 00:00:03.797039,0.030364944978948198,104,0.4,256,100,2.385337137369771e-06,376,5.670931859332692e-05,3,1,adam,"{'neurons_per_layer_encoder': [256], 'neurons_per_layer_decoder': [256, 128, 64]}",256,"[256, 128, 64]",[256],[-6.914111407568377],-0.029483362993672917,COMPLETE
