number,value,datetime_start,datetime_complete,duration,params_alpha,params_batch_size,params_drop_out_rate,params_encoder_neurons_layer_1,params_epochs,params_lambda,params_latent_dim,params_learning_rate,params_num_layers_decoder,params_num_layers_encoder,params_optimizer,user_attrs_encoder_decoder_config,user_attrs_first_layer_neurons,user_attrs_neurons_per_layer_decoder,user_attrs_neurons_per_layer_encoder,user_attrs_r2_feature_1,user_attrs_relative_deterioration,state
170,0.35351839478503,2025-01-10 08:07:20.112392,2025-01-10 08:07:27.565325,0 days 00:00:07.452933,0.05305617903402236,40,0.30000000000000004,128,100,7.1476818954237e-06,632,0.0012884791467769475,2,3,adam,"{'neurons_per_layer_encoder': [128, 256, 512], 'neurons_per_layer_decoder': [512, 256]}",128,"[512, 256]","[128, 256, 512]",[0.35351839478503],0.8236903271337307,COMPLETE
171,0.16441855132649097,2025-01-10 08:07:20.978292,2025-01-10 08:07:28.488125,0 days 00:00:07.509833,0.18076415223199993,40,0.30000000000000004,128,100,1.4690176663838279e-05,536,0.006880492298794222,2,3,adam,"{'neurons_per_layer_encoder': [128, 256, 512], 'neurons_per_layer_decoder': [512, 256]}",128,"[512, 256]","[128, 256, 512]",[0.16441855132649097],0.8240745598643278,COMPLETE
172,0.4672990745349601,2025-01-10 08:07:21.178788,2025-01-10 08:07:28.594470,0 days 00:00:07.415682,0.052428530767290524,40,0.30000000000000004,132,100,1.4736616153821643e-05,616,0.0029577740051504767,2,3,adam,"{'neurons_per_layer_encoder': [132, 264, 528], 'neurons_per_layer_decoder': [528, 264]}",132,"[528, 264]","[132, 264, 528]",[0.4672990745349601],0.9029556841576502,COMPLETE
173,-0.005673452398360812,2025-01-10 08:07:24.576620,2025-01-10 08:07:32.478516,0 days 00:00:07.901896,0.05806371485302665,40,0.30000000000000004,140,100,1.512524832894627e-05,680,0.0028171102126123013,2,3,adam,"{'neurons_per_layer_encoder': [140, 280, 560], 'neurons_per_layer_decoder': [560, 280]}",140,"[560, 280]","[140, 280, 560]",[-0.005673452398360812],0.8204515975754295,COMPLETE
174,0.41680769355319447,2025-01-10 08:07:24.577775,2025-01-10 08:07:31.674415,0 days 00:00:07.096640,0.053266928216667994,40,0.30000000000000004,144,100,1.4221258871255302e-05,600,0.0028638972640134936,1,3,adam,"{'neurons_per_layer_encoder': [144, 288, 576], 'neurons_per_layer_decoder': [576]}",144,[576],"[144, 288, 576]",[0.41680769355319447],0.880259443256328,COMPLETE
175,-0.3910282834351462,2025-01-10 08:07:27.576977,2025-01-10 08:07:32.748306,0 days 00:00:05.171329,0.053057135168165105,40,0.30000000000000004,140,100,6.157228054599267e-06,648,0.001003535003295853,2,3,adam,"{'neurons_per_layer_encoder': [140, 280, 560], 'neurons_per_layer_decoder': [560, 280]}",140,"[560, 280]","[140, 280, 560]",[-0.3910282834351462],0.6791049698125364,COMPLETE
176,0.3796724777142807,2025-01-10 08:07:28.496803,2025-01-10 08:07:36.080032,0 days 00:00:07.583229,0.05393776559001075,40,0.30000000000000004,128,100,7.587453727200958e-06,536,0.0010414673511989745,2,3,adam,"{'neurons_per_layer_encoder': [128, 256, 512], 'neurons_per_layer_decoder': [512, 256]}",128,"[512, 256]","[128, 256, 512]",[0.3796724777142807],0.8262610489812295,COMPLETE
177,0.2549058270664204,2025-01-10 08:07:28.604742,2025-01-10 08:07:36.345331,0 days 00:00:07.740589,0.05501959584527804,40,0.30000000000000004,144,100,6.629408970209107e-06,664,0.0010971540532467607,2,3,adam,"{'neurons_per_layer_encoder': [144, 288, 576], 'neurons_per_layer_decoder': [576, 288]}",144,"[576, 288]","[144, 288, 576]",[0.2549058270664204],0.7889062274459421,COMPLETE
178,0.3954188546638433,2025-01-10 08:07:31.684834,2025-01-10 08:07:38.340504,0 days 00:00:06.655670,0.05350709559496423,40,0.30000000000000004,144,100,8.065986997339068e-06,664,0.0027462096367392354,1,3,adam,"{'neurons_per_layer_encoder': [144, 288, 576], 'neurons_per_layer_decoder': [576]}",144,[576],"[144, 288, 576]",[0.3954188546638433],0.8314315981870611,COMPLETE
179,0.43437220177642133,2025-01-10 08:07:32.486917,2025-01-10 08:07:39.358682,0 days 00:00:06.871765,0.05157178817282874,40,0.30000000000000004,152,100,7.370779150896557e-06,664,0.0033754442082982094,1,3,adam,"{'neurons_per_layer_encoder': [152, 304, 608], 'neurons_per_layer_decoder': [608]}",152,[608],"[152, 304, 608]",[0.43437220177642133],0.8341456966271429,COMPLETE
180,0.1388957319834595,2025-01-10 08:07:32.757040,2025-01-10 08:07:39.793174,0 days 00:00:07.036134,0.05295677805811251,40,0.30000000000000004,152,100,7.367025239920997e-06,664,0.003507709436300931,1,3,adam,"{'neurons_per_layer_encoder': [152, 304, 608], 'neurons_per_layer_decoder': [608]}",152,[608],"[152, 304, 608]",[0.1388957319834595],0.7641140413989883,COMPLETE
181,-0.16677972753227288,2025-01-10 08:07:36.089815,2025-01-10 08:07:44.141614,0 days 00:00:08.051799,0.05355437998374661,40,0.30000000000000004,148,100,7.378535103948478e-06,616,0.003307320241254857,2,3,adam,"{'neurons_per_layer_encoder': [148, 296, 592], 'neurons_per_layer_decoder': [592, 296]}",148,"[592, 296]","[148, 296, 592]",[-0.16677972753227288],0.7100651256919399,COMPLETE
182,-0.37321129131692277,2025-01-10 08:07:36.354961,2025-01-10 08:07:41.944992,0 days 00:00:05.590031,0.047939267419152554,40,0.30000000000000004,148,100,8.166851311969874e-06,616,0.0031434373040940254,2,3,sgd,"{'neurons_per_layer_encoder': [148, 296, 592], 'neurons_per_layer_decoder': [592, 296]}",148,"[592, 296]","[148, 296, 592]",[-0.37321129131692277],0.814495456355703,COMPLETE
183,-0.2948711039527103,2025-01-10 08:07:38.349932,2025-01-10 08:07:44.037910,0 days 00:00:05.687978,0.048696626615767874,32,0.30000000000000004,148,100,8.18508702747376e-06,728,0.0033336390901622637,1,3,sgd,"{'neurons_per_layer_encoder': [148, 296, 592], 'neurons_per_layer_decoder': [592]}",148,[592],"[148, 296, 592]",[-0.2948711039527103],0.7813015425945742,COMPLETE
184,-0.019556854461451723,2025-01-10 08:07:39.369311,2025-01-10 08:07:44.052871,0 days 00:00:04.683560,0.04749722261515405,32,0.30000000000000004,156,100,8.576936852972757e-06,728,0.0033550909865093983,1,3,adam,"{'neurons_per_layer_encoder': [156, 312, 624], 'neurons_per_layer_decoder': [624]}",156,[624],"[156, 312, 624]",[-0.019556854461451723],0.8068159680712015,COMPLETE
185,0.23048141649714304,2025-01-10 08:07:39.802172,2025-01-10 08:07:47.086722,0 days 00:00:07.284550,0.04816262726957569,40,0.30000000000000004,164,100,8.647434549576473e-06,728,0.00295482193503921,1,3,adam,"{'neurons_per_layer_encoder': [164, 328, 656], 'neurons_per_layer_decoder': [656]}",164,[656],"[164, 328, 656]",[0.23048141649714304],0.7935242564068343,COMPLETE
186,0.5747582432468271,2025-01-10 08:07:41.955205,2025-01-10 08:07:48.881575,0 days 00:00:06.926370,0.04884673614174222,40,0.30000000000000004,152,100,4.873085940743032e-06,760,0.0027775226784602465,1,3,adam,"{'neurons_per_layer_encoder': [152, 304, 608], 'neurons_per_layer_decoder': [608]}",152,[608],"[152, 304, 608]",[0.5747582432468271],0.846356284908939,COMPLETE
187,-0.836693767144892,2025-01-10 08:07:44.047141,2025-01-10 08:07:50.228598,0 days 00:00:06.181457,0.057030250851837175,40,0.30000000000000004,156,100,1.0389376577251576e-05,648,0.002629792481074122,1,3,adam,"{'neurons_per_layer_encoder': [156, 312, 624], 'neurons_per_layer_decoder': [624]}",156,[624],"[156, 312, 624]",[-0.836693767144892],0.626985361141769,COMPLETE
188,0.2053748429696377,2025-01-10 08:07:44.063199,2025-01-10 08:07:51.411109,0 days 00:00:07.347910,0.05318435570199196,40,0.30000000000000004,144,100,9.988916068377045e-06,600,0.002812250213061152,1,3,adam,"{'neurons_per_layer_encoder': [144, 288, 576], 'neurons_per_layer_decoder': [576]}",144,[576],"[144, 288, 576]",[0.2053748429696377],0.7832987818568757,COMPLETE
189,-0.3940002601860384,2025-01-10 08:07:44.155492,2025-01-10 08:07:51.186129,0 days 00:00:07.030637,0.051573563031592995,40,0.30000000000000004,164,100,9.793891349937264e-06,696,1.2631086050853564e-05,1,3,adam,"{'neurons_per_layer_encoder': [164, 328, 656], 'neurons_per_layer_decoder': [656]}",164,[656],"[164, 328, 656]",[-0.3940002601860384],0.8113235718095252,COMPLETE
190,0.5366411602087184,2025-01-10 08:07:47.096611,2025-01-10 08:07:54.570055,0 days 00:00:07.473444,0.05859761542520086,40,0.30000000000000004,164,100,4.8581171073176564e-06,696,0.002660573769241448,1,3,adam,"{'neurons_per_layer_encoder': [164, 328, 656], 'neurons_per_layer_decoder': [656]}",164,[656],"[164, 328, 656]",[0.5366411602087184],0.8473989351513644,COMPLETE
191,0.3880276424982603,2025-01-10 08:07:48.891418,2025-01-10 08:07:56.267881,0 days 00:00:07.376463,0.05688611522540195,40,0.30000000000000004,160,100,1.0815514377769674e-05,840,0.0038400593967940306,1,3,adam,"{'neurons_per_layer_encoder': [160, 320, 640], 'neurons_per_layer_decoder': [640]}",160,[640],"[160, 320, 640]",[0.3880276424982603],0.8661045067303121,COMPLETE
192,0.02134775049446147,2025-01-10 08:07:50.238631,2025-01-10 08:07:54.158712,0 days 00:00:03.920081,0.05099296371701589,40,0.30000000000000004,160,100,4.083961301977209e-06,840,0.0027526868568118505,1,3,adam,"{'neurons_per_layer_encoder': [160, 320, 640], 'neurons_per_layer_decoder': [640]}",160,[640],"[160, 320, 640]",[0.02134775049446147],0.731353248594585,COMPLETE
193,0.48363886559293834,2025-01-10 08:07:51.196685,2025-01-10 08:07:58.821286,0 days 00:00:07.624601,0.044245579976293116,40,0.30000000000000004,172,100,1.1642743738288805e-05,712,0.0038662461778989324,1,3,adam,"{'neurons_per_layer_encoder': [172, 344, 688], 'neurons_per_layer_decoder': [688]}",172,[688],"[172, 344, 688]",[0.48363886559293834],0.878303600367883,COMPLETE
194,-1.0485864092430148,2025-01-10 08:07:51.421959,2025-01-10 08:07:59.256811,0 days 00:00:07.834852,0.13876690005756395,32,0.30000000000000004,172,100,5.042502870285087e-06,776,0.004043161673109591,1,3,adam,"{'neurons_per_layer_encoder': [172, 344, 688], 'neurons_per_layer_decoder': [688]}",172,[688],"[172, 344, 688]",[-1.0485864092430148],0.46171958783937944,COMPLETE
195,-0.9831552023338292,2025-01-10 08:07:54.168484,2025-01-10 08:08:01.886263,0 days 00:00:07.717779,0.04542712464012022,32,0.30000000000000004,140,100,4.675136906290484e-06,584,0.003961888119942956,1,3,adam,"{'neurons_per_layer_encoder': [140, 280, 560], 'neurons_per_layer_decoder': [560]}",140,[560],"[140, 280, 560]",[-0.9831552023338292],0.4302947815397477,COMPLETE
196,0.2449988752587795,2025-01-10 08:07:54.580697,2025-01-10 08:07:59.462916,0 days 00:00:04.882219,0.05953350799086119,32,0.30000000000000004,176,100,4.991901216232644e-06,776,0.003876316087228675,1,3,adam,"{'neurons_per_layer_encoder': [176, 352, 704], 'neurons_per_layer_decoder': [704]}",176,[704],"[176, 352, 704]",[0.2449988752587795],0.8507314179536419,COMPLETE
197,-0.8458207305893446,2025-01-10 08:07:56.278252,2025-01-10 08:08:03.372354,0 days 00:00:07.094102,0.058874837027042284,32,0.30000000000000004,176,100,5.443716246760533e-06,792,0.003996368041111127,1,3,adam,"{'neurons_per_layer_encoder': [176, 352, 704], 'neurons_per_layer_decoder': [704]}",176,[704],"[176, 352, 704]",[-0.8458207305893446],0.5960293374723185,COMPLETE
198,-0.3911999797428385,2025-01-10 08:07:58.831116,2025-01-10 08:08:03.638080,0 days 00:00:04.806964,0.04516705166729877,32,0.30000000000000004,176,100,4.363806313872609e-06,744,0.003605312052307973,1,3,adam,"{'neurons_per_layer_encoder': [176, 352, 704], 'neurons_per_layer_decoder': [704]}",176,[704],"[176, 352, 704]",[-0.3911999797428385],0.6685755759119406,COMPLETE
199,0.1619283468226579,2025-01-10 08:07:59.267043,2025-01-10 08:08:06.840246,0 days 00:00:07.573203,0.04439268317140242,40,0.30000000000000004,172,100,1.1786626097389764e-05,712,0.0050230163585752155,1,3,adam,"{'neurons_per_layer_encoder': [172, 344, 688], 'neurons_per_layer_decoder': [688]}",172,[688],"[172, 344, 688]",[0.1619283468226579],0.8084923594500568,COMPLETE
200,0.38363684969561396,2025-01-10 08:07:59.473197,2025-01-10 08:08:06.962931,0 days 00:00:07.489734,0.04559814358500974,40,0.30000000000000004,160,100,1.1829908851463153e-05,936,0.0035378375517333732,1,3,adam,"{'neurons_per_layer_encoder': [160, 320, 640], 'neurons_per_layer_decoder': [640]}",160,[640],"[160, 320, 640]",[0.38363684969561396],0.8545431598660425,COMPLETE
201,0.07177508601038496,2025-01-10 08:08:01.898047,2025-01-10 08:08:09.325677,0 days 00:00:07.427630,0.056561381209446544,40,0.30000000000000004,168,100,1.2984805881107143e-05,696,0.005179826971252768,1,3,adam,"{'neurons_per_layer_encoder': [168, 336, 672], 'neurons_per_layer_decoder': [672]}",168,[672],"[168, 336, 672]",[0.07177508601038496],0.7656571110204696,COMPLETE
202,0.3264647731928477,2025-01-10 08:08:03.382686,2025-01-10 08:08:11.052808,0 days 00:00:07.670122,0.04589544624589008,40,0.30000000000000004,160,100,1.2462311947179815e-05,696,0.004860277843266635,1,3,adam,"{'neurons_per_layer_encoder': [160, 320, 640], 'neurons_per_layer_decoder': [640]}",160,[640],"[160, 320, 640]",[0.3264647731928477],0.8442669411583457,COMPLETE
203,-0.1583593861706225,2025-01-10 08:08:03.649133,2025-01-10 08:08:09.582177,0 days 00:00:05.933044,0.06441178973834925,40,0.30000000000000004,184,100,3.486822274198316e-06,904,0.0049852490635196815,1,3,adam,"{'neurons_per_layer_encoder': [184, 368, 736], 'neurons_per_layer_decoder': [736]}",184,[736],"[184, 368, 736]",[-0.1583593861706225],0.6829033415525365,COMPLETE
204,0.16493303372069368,2025-01-10 08:08:06.849879,2025-01-10 08:08:18.602482,0 days 00:00:11.752603,0.05645574574693451,40,0.30000000000000004,156,100,1.3318892107893832e-05,1416,0.0028235291202956952,1,4,adam,"{'neurons_per_layer_encoder': [156, 312, 624, 1248], 'neurons_per_layer_decoder': [1248]}",156,[1248],"[156, 312, 624, 1248]",[0.16493303372069368],0.8935158073960251,COMPLETE
205,-0.02158392207963411,2025-01-10 08:08:06.975328,2025-01-10 08:08:14.999041,0 days 00:00:08.023713,0.04951595600579527,40,0.30000000000000004,160,100,1.402195498803385e-05,952,0.0028712165396756104,1,3,adam,"{'neurons_per_layer_encoder': [160, 320, 640], 'neurons_per_layer_decoder': [640]}",160,[640],"[160, 320, 640]",[-0.02158392207963411],0.790334896571004,COMPLETE
206,-0.18299336737581817,2025-01-10 08:08:09.346065,2025-01-10 08:08:17.963732,0 days 00:00:08.617667,0.04978964464758343,40,0.30000000000000004,160,100,1.7157069026359032e-05,936,0.0029589235703625823,1,3,adam,"{'neurons_per_layer_encoder': [160, 320, 640], 'neurons_per_layer_decoder': [640]}",160,[640],"[160, 320, 640]",[-0.18299336737581817],0.7820227376824452,COMPLETE
207,0.504388390570526,2025-01-10 08:08:09.592795,2025-01-10 08:08:18.242996,0 days 00:00:08.650201,0.048027584076258165,40,0.30000000000000004,156,100,1.4123376699723352e-05,664,0.0029974118326462997,1,3,adam,"{'neurons_per_layer_encoder': [156, 312, 624], 'neurons_per_layer_decoder': [624]}",156,[624],"[156, 312, 624]",[0.504388390570526],0.8872380521043932,COMPLETE
208,-0.14046407115551807,2025-01-10 08:08:11.063314,2025-01-10 08:08:19.050623,0 days 00:00:07.987309,0.0506562574336757,40,0.30000000000000004,152,100,1.650964633384788e-05,984,0.00297181197181641,1,3,adam,"{'neurons_per_layer_encoder': [152, 304, 608], 'neurons_per_layer_decoder': [608]}",152,[608],"[152, 304, 608]",[-0.14046407115551807],0.793498486819344,COMPLETE
209,0.45806145195863135,2025-01-10 08:08:15.008526,2025-01-10 08:08:22.892903,0 days 00:00:07.884377,0.050236476612256144,40,0.30000000000000004,152,100,1.997704074911114e-05,664,0.002486608756444404,1,3,adam,"{'neurons_per_layer_encoder': [152, 304, 608], 'neurons_per_layer_decoder': [608]}",152,[608],"[152, 304, 608]",[0.45806145195863135],0.903368057712584,COMPLETE
210,-0.20346085785299017,2025-01-10 08:08:17.975202,2025-01-10 08:08:26.347303,0 days 00:00:08.372101,0.056258961687826,40,0.30000000000000004,152,100,6.2254348391377585e-06,1240,0.002516321720532629,1,4,adam,"{'neurons_per_layer_encoder': [152, 304, 608, 1216], 'neurons_per_layer_decoder': [1216]}",152,[1216],"[152, 304, 608, 1216]",[-0.20346085785299017],0.806725876403978,COMPLETE
211,-0.08325717246810393,2025-01-10 08:08:18.252858,2025-01-10 08:08:25.722559,0 days 00:00:07.469701,0.15075075625136375,40,0.30000000000000004,152,100,1.942032859638949e-05,664,0.002499825613674496,1,3,adam,"{'neurons_per_layer_encoder': [152, 304, 608], 'neurons_per_layer_decoder': [608]}",152,[608],"[152, 304, 608]",[-0.08325717246810393],0.8118790896501098,COMPLETE
212,-0.1083352217539022,2025-01-10 08:08:18.611970,2025-01-10 08:08:23.301090,0 days 00:00:04.689120,0.04308910615750309,40,0.30000000000000004,152,100,6.019837609832407e-06,664,0.0034322675236294928,1,3,adam,"{'neurons_per_layer_encoder': [152, 304, 608], 'neurons_per_layer_decoder': [608]}",152,[608],"[152, 304, 608]",[-0.1083352217539022],0.6973764569238099,COMPLETE
213,-3.5843792216552393,2025-01-10 08:08:19.058897,2025-01-10 08:08:22.773840,0 days 00:00:03.714943,0.04342469789251601,40,0.30000000000000004,168,100,2.0126427866456868e-05,696,0.0037034400063708233,1,3,adam,"{'neurons_per_layer_encoder': [168, 336, 672], 'neurons_per_layer_decoder': [672]}",168,[672],"[168, 336, 672]",[-3.5843792216552393],0.5319339346318549,COMPLETE
214,-1.6061399259735465,2025-01-10 08:08:22.782228,2025-01-10 08:08:26.076264,0 days 00:00:03.294036,0.1472455541632671,40,0.30000000000000004,152,100,1.1233681921063976e-05,648,0.0025242047150158603,1,3,adam,"{'neurons_per_layer_encoder': [152, 304, 608], 'neurons_per_layer_decoder': [608]}",152,[608],"[152, 304, 608]",[-1.6061399259735465],0.5672676822479045,COMPLETE
215,-0.06821978180346577,2025-01-10 08:08:22.903367,2025-01-10 08:08:29.957894,0 days 00:00:07.054527,0.04898288890715629,40,0.30000000000000004,152,100,2.2835491639374262e-05,664,0.002551600032772472,1,3,adam,"{'neurons_per_layer_encoder': [152, 304, 608], 'neurons_per_layer_decoder': [608]}",152,[608],"[152, 304, 608]",[-0.06821978180346577],0.8171805985719116,COMPLETE
216,0.4362940593015463,2025-01-10 08:08:23.309418,2025-01-10 08:08:31.065062,0 days 00:00:07.755644,0.0488281355644657,40,0.30000000000000004,168,100,1.0924889763070955e-05,712,0.0023943970244969075,1,3,adam,"{'neurons_per_layer_encoder': [168, 336, 672], 'neurons_per_layer_decoder': [672]}",168,[672],"[168, 336, 672]",[0.4362940593015463],0.8633041261076745,COMPLETE
217,0.04781705400404179,2025-01-10 08:08:25.733514,2025-01-10 08:08:29.484000,0 days 00:00:03.750486,0.01834331305499561,40,0.30000000000000004,168,100,1.1431366409179268e-05,712,0.002562078827976351,1,3,adam,"{'neurons_per_layer_encoder': [168, 336, 672], 'neurons_per_layer_decoder': [672]}",168,[672],"[168, 336, 672]",[0.04781705400404179],0.8277005315393338,COMPLETE
218,-1.3854188297853556,2025-01-10 08:08:26.085903,2025-01-10 08:08:30.719235,0 days 00:00:04.633332,0.04794606641326557,40,0.30000000000000004,164,100,1.4813549119251662e-05,680,0.003307980735758637,1,3,adam,"{'neurons_per_layer_encoder': [164, 328, 656], 'neurons_per_layer_decoder': [656]}",164,[656],"[164, 328, 656]",[-1.3854188297853556],0.6371844692646942,COMPLETE
219,0.667602720106024,2025-01-10 08:08:26.358523,2025-01-10 08:08:33.758422,0 days 00:00:07.399899,0.04695846744560071,40,0.30000000000000004,144,100,1.5721770420370472e-05,600,0.003252922398519273,1,3,adam,"{'neurons_per_layer_encoder': [144, 288, 576], 'neurons_per_layer_decoder': [576]}",144,[576],"[144, 288, 576]",[0.667602720106024],0.9261631950073724,COMPLETE
220,0.5424949289897913,2025-01-10 08:08:29.492590,2025-01-10 08:08:36.786151,0 days 00:00:07.293561,0.04792338173606441,40,0.30000000000000004,164,100,1.4638030749010855e-05,824,0.0021062603284899128,1,3,adam,"{'neurons_per_layer_encoder': [164, 328, 656], 'neurons_per_layer_decoder': [656]}",164,[656],"[164, 328, 656]",[0.5424949289897913],0.9136210936015255,COMPLETE
221,-0.1280243398365548,2025-01-10 08:08:29.967392,2025-01-10 08:08:37.020447,0 days 00:00:07.053055,0.04805582188435268,40,0.30000000000000004,136,100,1.678496239704944e-05,568,0.003362386855930319,1,3,adam,"{'neurons_per_layer_encoder': [136, 272, 544], 'neurons_per_layer_decoder': [544]}",136,[544],"[136, 272, 544]",[-0.1280243398365548],0.7485840285853017,COMPLETE
222,-0.30507767935372243,2025-01-10 08:08:30.729151,2025-01-10 08:08:34.297993,0 days 00:00:03.568842,0.04623814427765497,48,0.30000000000000004,140,100,1.7553979983866774e-05,584,0.002156886284339235,1,3,adam,"{'neurons_per_layer_encoder': [140, 280, 560], 'neurons_per_layer_decoder': [560]}",140,[560],"[140, 280, 560]",[-0.30507767935372243],0.8146006122813783,COMPLETE
223,0.19681235237370875,2025-01-10 08:08:31.075822,2025-01-10 08:08:38.532873,0 days 00:00:07.457051,0.051411797150961454,40,0.30000000000000004,144,100,1.6615923210248673e-05,1048,0.002057844615115575,1,3,adam,"{'neurons_per_layer_encoder': [144, 288, 576], 'neurons_per_layer_decoder': [576]}",144,[576],"[144, 288, 576]",[0.19681235237370875],0.8529412385561623,COMPLETE
224,0.21975879571960888,2025-01-10 08:08:33.769756,2025-01-10 08:08:41.022692,0 days 00:00:07.252936,0.046820825013085474,40,0.30000000000000004,144,100,1.7181698424360193e-05,600,0.00323947617886361,1,3,adam,"{'neurons_per_layer_encoder': [144, 288, 576], 'neurons_per_layer_decoder': [576]}",144,[576],"[144, 288, 576]",[0.21975879571960888],0.8281966480492485,COMPLETE
225,-0.028251007779985793,2025-01-10 08:08:34.305573,2025-01-10 08:08:41.629447,0 days 00:00:07.323874,0.051591019290475895,40,0.30000000000000004,144,100,1.4384112424829669e-05,1080,0.0035299187489717812,1,3,adam,"{'neurons_per_layer_encoder': [144, 288, 576], 'neurons_per_layer_decoder': [576]}",144,[576],"[144, 288, 576]",[-0.028251007779985793],0.791673494304115,COMPLETE
226,0.39603953746184006,2025-01-10 08:08:36.796845,2025-01-10 08:08:44.655284,0 days 00:00:07.858439,0.04653402731431639,40,0.30000000000000004,160,100,1.5208021371612409e-05,840,0.0032848575621469175,1,3,adam,"{'neurons_per_layer_encoder': [160, 320, 640], 'neurons_per_layer_decoder': [640]}",160,[640],"[160, 320, 640]",[0.39603953746184006],0.8737919716516792,COMPLETE
