number,value,datetime_start,datetime_complete,duration,params_alpha,params_batch_size,params_drop_out_rate,params_encoder_neurons_layer_1,params_epochs,params_lambda,params_latent_dim,params_learning_rate,params_num_layers_decoder,params_num_layers_encoder,params_optimizer,user_attrs_encoder_decoder_config,user_attrs_first_layer_neurons,user_attrs_neurons_per_layer_decoder,user_attrs_neurons_per_layer_encoder,user_attrs_r2_feature_1,user_attrs_relative_deterioration,state
751,0.4383645879820167,2025-01-10 08:42:03.597769,2025-01-10 08:42:09.694246,0 days 00:00:06.096477,0.027981101292617737,40,0.4,244,100,2.1920836729629797e-06,316,0.00651793883504092,3,1,adam,"{'neurons_per_layer_encoder': [244], 'neurons_per_layer_decoder': [244, 122, 61]}",244,"[244, 122, 61]",[244],[0.4383645879820167],0.6892459985202444,COMPLETE
752,0.5217089860255981,2025-01-10 08:42:08.083708,2025-01-10 08:42:16.840901,0 days 00:00:08.757193,0.01838727666496165,40,0.4,244,100,2.2659395921747626e-06,316,0.00625936553185519,3,1,adam,"{'neurons_per_layer_encoder': [244], 'neurons_per_layer_decoder': [244, 122, 61]}",244,"[244, 122, 61]",[244],[0.5217089860255981],0.7216886006084557,COMPLETE
753,0.19068302366064283,2025-01-10 08:42:09.306200,2025-01-10 08:42:14.624116,0 days 00:00:05.317916,0.028650913760818533,40,0.4,252,100,2.0750340939606653e-06,324,0.005223378976356125,3,1,adam,"{'neurons_per_layer_encoder': [252], 'neurons_per_layer_decoder': [252, 126, 63]}",252,"[252, 126, 63]",[252],[0.19068302366064283],0.7042635735582365,COMPLETE
754,0.34853178937307294,2025-01-10 08:42:09.705556,2025-01-10 08:42:39.888680,0 days 00:00:30.183124,0.018546538578998746,40,0.4,252,100,1.8911453396391582e-06,2040,0.005161949676111568,4,4,adam,"{'neurons_per_layer_encoder': [252, 504, 1008, 2016], 'neurons_per_layer_decoder': [2016, 1008, 504, 252]}",252,"[2016, 1008, 504, 252]","[252, 504, 1008, 2016]",[0.34853178937307294],0.904155386624029,COMPLETE
755,0.05613872841047052,2025-01-10 08:42:14.636329,2025-01-10 08:42:43.602544,0 days 00:00:28.966215,0.018365063038605935,40,0.4,252,100,1.4377818351082035e-06,2040,0.005932477546491425,3,4,adam,"{'neurons_per_layer_encoder': [252, 504, 1008, 2016], 'neurons_per_layer_decoder': [2016, 1008, 504]}",252,"[2016, 1008, 504]","[252, 504, 1008, 2016]",[0.05613872841047052],0.8461626278032361,COMPLETE
756,0.6013402607929512,2025-01-10 08:42:16.853339,2025-01-10 08:42:30.109032,0 days 00:00:13.255693,0.0342717863726037,40,0.4,252,100,3.991387874699496e-06,468,0.007410269382461105,3,1,adam,"{'neurons_per_layer_encoder': [252], 'neurons_per_layer_decoder': [252, 126, 63]}",252,"[252, 126, 63]",[252],[0.6013402607929512],0.8164890901330782,COMPLETE
757,0.22366638298351704,2025-01-10 08:42:29.365952,2025-01-10 08:42:37.782479,0 days 00:00:08.416527,0.03395581518216469,48,0.4,252,100,1.4411093700681779e-06,340,0.007522384554988329,3,1,adam,"{'neurons_per_layer_encoder': [252], 'neurons_per_layer_decoder': [252, 126, 63]}",252,"[252, 126, 63]",[252],[0.22366638298351704],0.4198310806560097,COMPLETE
758,0.42397915887551085,2025-01-10 08:42:29.418800,2025-01-10 08:42:36.230971,0 days 00:00:06.812171,0.033630108803881766,48,0.4,252,100,1.505957982274118e-06,468,0.004935792763146151,3,1,adam,"{'neurons_per_layer_encoder': [252], 'neurons_per_layer_decoder': [252, 126, 63]}",252,"[252, 126, 63]",[252],[0.42397915887551085],0.6688291958921022,COMPLETE
759,0.321866309070586,2025-01-10 08:42:30.126143,2025-01-10 08:42:38.271130,0 days 00:00:08.144987,0.034029661170436834,48,0.4,252,100,3.76583342741955e-06,484,0.007144371245488539,3,1,adam,"{'neurons_per_layer_encoder': [252], 'neurons_per_layer_decoder': [252, 126, 63]}",252,"[252, 126, 63]",[252],[0.321866309070586],0.63922335371395,COMPLETE
760,0.5433544629286609,2025-01-10 08:42:36.260796,2025-01-10 08:42:43.925178,0 days 00:00:07.664382,0.03316783845150878,40,0.4,240,100,4.080122310280759e-06,472,0.007682147964659576,3,1,adam,"{'neurons_per_layer_encoder': [240], 'neurons_per_layer_decoder': [240, 120, 60]}",240,"[240, 120, 60]",[240],[0.5433544629286609],0.7979217609166263,COMPLETE
761,,2025-01-10 08:42:37.806129,,,0.0365467826348232,40,0.4,240,100,3.844136212837037e-06,472,0.0076307914813723505,3,1,adam,"{'neurons_per_layer_encoder': [240], 'neurons_per_layer_decoder': [240, 120, 60]}",240,"[240, 120, 60]",[240],,,RUNNING
762,0.3023991681023759,2025-01-10 08:42:38.287928,2025-01-10 08:42:44.601563,0 days 00:00:06.313635,0.036731272961009684,40,0.4,240,100,4.144146079937851e-06,472,0.007666737982156042,3,1,adam,"{'neurons_per_layer_encoder': [240], 'neurons_per_layer_decoder': [240, 120, 60]}",240,"[240, 120, 60]",[240],[0.3023991681023759],0.6896557798283044,COMPLETE
763,0.317857863193735,2025-01-10 08:42:39.904227,2025-01-10 08:42:46.155303,0 days 00:00:06.251076,0.037410820736717386,40,0.4,240,100,4.181488373900268e-06,472,0.007881145557774302,3,1,adam,"{'neurons_per_layer_encoder': [240], 'neurons_per_layer_decoder': [240, 120, 60]}",240,"[240, 120, 60]",[240],[0.317857863193735],0.6852638532282687,COMPLETE
764,0.40355986449915127,2025-01-10 08:42:43.612765,2025-01-10 08:42:48.218337,0 days 00:00:04.605572,0.03808398119333636,40,0.4,240,100,3.955047242073144e-06,472,0.008043909201062991,3,1,adam,"{'neurons_per_layer_encoder': [240], 'neurons_per_layer_decoder': [240, 120, 60]}",240,"[240, 120, 60]",[240],[0.40355986449915127],0.6832001337452979,COMPLETE
765,0.41492640018158555,2025-01-10 08:42:43.934520,2025-01-10 08:42:48.586780,0 days 00:00:04.652260,0.03650046508866524,40,0.4,240,100,4.160674967860387e-06,488,0.008221428507505086,3,1,adam,"{'neurons_per_layer_encoder': [240], 'neurons_per_layer_decoder': [240, 120, 60]}",240,"[240, 120, 60]",[240],[0.41492640018158555],0.7201831631571081,COMPLETE
766,-2.4386473855219184,2025-01-10 08:42:44.610513,2025-01-10 08:42:47.737307,0 days 00:00:03.126794,0.036686843946972525,40,0.4,244,100,3.449329006434075e-06,476,0.00812021038929166,3,1,sgd,"{'neurons_per_layer_encoder': [244], 'neurons_per_layer_decoder': [244, 122, 61]}",244,"[244, 122, 61]",[244],[-2.4386473855219184],0.3916284980081474,COMPLETE
767,-0.3722816834324232,2025-01-10 08:42:46.165507,2025-01-10 08:42:49.401002,0 days 00:00:03.235495,0.03221202913519255,32,0.4,248,100,3.3449857640696513e-06,464,0.009982819905076464,5,1,adam,"{'neurons_per_layer_encoder': [248], 'neurons_per_layer_decoder': [248, 124, 62, 31, 15]}",248,"[248, 124, 62, 31, 15]",[248],[-0.3722816834324232],0.65175513283271,COMPLETE
768,-0.22958955732561304,2025-01-10 08:42:47.745734,2025-01-10 08:42:52.388463,0 days 00:00:04.642729,0.02997335385318272,32,0.4,248,100,4.37862488044476e-06,464,0.009958281654226917,3,1,adam,"{'neurons_per_layer_encoder': [248], 'neurons_per_layer_decoder': [248, 124, 62]}",248,"[248, 124, 62]",[248],[-0.22958955732561304],0.5047016583774762,COMPLETE
769,0.12113265826568786,2025-01-10 08:42:48.228007,2025-01-10 08:42:53.319277,0 days 00:00:05.091270,0.030436767581609472,32,0.4,248,100,0.0008030593962066426,464,0.00675332953112582,3,1,adam,"{'neurons_per_layer_encoder': [248], 'neurons_per_layer_decoder': [248, 124, 62]}",248,"[248, 124, 62]",[248],[0.12113265826568786],0.8719630166526536,COMPLETE
770,0.21128462574410367,2025-01-10 08:42:48.596481,2025-01-10 08:42:52.372047,0 days 00:00:03.775566,0.03096222111131242,80,0.4,248,100,3.2724595276949417e-06,464,0.006955647052319803,3,1,adam,"{'neurons_per_layer_encoder': [248], 'neurons_per_layer_decoder': [248, 124, 62]}",248,"[248, 124, 62]",[248],[0.21128462574410367],0.6153261615984267,COMPLETE
771,-7.637328888150796,2025-01-10 08:42:49.409529,2025-01-10 08:42:54.021972,0 days 00:00:04.612443,0.029989718950392753,40,0.2,248,100,2.922484411713488e-06,464,0.0066100914322752375,3,1,adadelta,"{'neurons_per_layer_encoder': [248], 'neurons_per_layer_decoder': [248, 124, 62]}",248,"[248, 124, 62]",[248],[-7.637328888150796],0.4865030733874772,COMPLETE
772,-20.193604736270434,2025-01-10 08:42:52.380542,2025-01-10 08:42:54.668427,0 days 00:00:02.287885,0.029958104957389185,40,0.2,232,100,4.782396497975548e-06,400,0.006832897749868975,3,1,adadelta,"{'neurons_per_layer_encoder': [232], 'neurons_per_layer_decoder': [232, 116, 58]}",232,"[232, 116, 58]",[232],[-20.193604736270434],0.32881776713216726,COMPLETE
773,-26.105360358629316,2025-01-10 08:42:52.401155,2025-01-10 08:42:54.490549,0 days 00:00:02.089394,0.029165722252320204,40,0.2,232,100,4.563232029348669e-06,400,0.006517966723968883,3,1,adadelta,"{'neurons_per_layer_encoder': [232], 'neurons_per_layer_decoder': [232, 116, 58]}",232,"[232, 116, 58]",[232],[-26.105360358629316],0.41595835105826173,COMPLETE
774,-26.817754678057714,2025-01-10 08:42:53.328313,2025-01-10 08:42:55.435962,0 days 00:00:02.107649,0.017150825341487545,40,0.2,236,100,4.60385666692446e-06,532,0.006480100730486074,3,1,adadelta,"{'neurons_per_layer_encoder': [236], 'neurons_per_layer_decoder': [236, 118, 59]}",236,"[236, 118, 59]",[236],[-26.817754678057714],0.04052683925740541,COMPLETE
775,0.5434408266325199,2025-01-10 08:42:54.035357,2025-01-10 08:42:58.661561,0 days 00:00:04.626204,0.034255720617616385,40,0.4,232,100,4.465987121748996e-06,560,0.008780507793118205,3,1,adam,"{'neurons_per_layer_encoder': [232], 'neurons_per_layer_decoder': [232, 116, 58]}",232,"[232, 116, 58]",[232],[0.5434408266325199],0.7772461578599232,COMPLETE
776,-25.99307803207498,2025-01-10 08:42:54.499476,2025-01-10 08:42:56.606398,0 days 00:00:02.106922,0.01687630548839052,48,0.4,236,100,3.566905390993145e-06,548,1.046854516871325e-05,3,1,adam,"{'neurons_per_layer_encoder': [236], 'neurons_per_layer_decoder': [236, 118, 59]}",236,"[236, 118, 59]",[236],[-25.99307803207498],0.16642812072430369,COMPLETE
777,0.2516665020533472,2025-01-10 08:42:54.677187,2025-01-10 08:42:58.625919,0 days 00:00:03.948732,0.0275462156621853,48,0.4,236,100,2.9429638748111688e-06,484,0.008871183719797318,3,1,adam,"{'neurons_per_layer_encoder': [236], 'neurons_per_layer_decoder': [236, 118, 59]}",236,"[236, 118, 59]",[236],[0.2516665020533472],0.5903339348550761,COMPLETE
778,0.3821907381269216,2025-01-10 08:42:55.445169,2025-01-10 08:42:59.371068,0 days 00:00:03.925899,0.034497871215927726,64,0.4,236,100,3.7703781356081882e-06,484,0.008750365674213749,3,1,adam,"{'neurons_per_layer_encoder': [236], 'neurons_per_layer_decoder': [236, 118, 59]}",236,"[236, 118, 59]",[236],[0.3821907381269216],0.801190550943713,COMPLETE
779,0.39124725915487846,2025-01-10 08:42:56.615649,2025-01-10 08:43:00.744643,0 days 00:00:04.128994,0.03460599622544667,40,0.4,244,100,2.8747455759494973e-06,492,0.008768479483941475,3,1,adam,"{'neurons_per_layer_encoder': [244], 'neurons_per_layer_decoder': [244, 122, 61]}",244,"[244, 122, 61]",[244],[0.39124725915487846],0.6748740077086589,COMPLETE
780,0.5832635506423249,2025-01-10 08:42:58.634094,2025-01-10 08:43:02.764808,0 days 00:00:04.130714,0.03537866874692445,40,0.4,244,100,3.7047445256830257e-06,492,0.008650552981676425,3,1,adam,"{'neurons_per_layer_encoder': [244], 'neurons_per_layer_decoder': [244, 122, 61]}",244,"[244, 122, 61]",[244],[0.5832635506423249],0.8097087996240981,COMPLETE
781,0.5056486299386659,2025-01-10 08:42:58.675248,2025-01-10 08:43:03.233739,0 days 00:00:04.558491,0.03470370232349995,40,0.4,244,100,1.281501547018578e-06,492,0.005674754887399452,3,1,adam,"{'neurons_per_layer_encoder': [244], 'neurons_per_layer_decoder': [244, 122, 61]}",244,"[244, 122, 61]",[244],[0.5056486299386659],0.7348432215360188,COMPLETE
782,0.4094801628652315,2025-01-10 08:42:59.379372,2025-01-10 08:43:02.703490,0 days 00:00:03.324118,0.03449344376166951,40,0.4,244,100,3.2963046227863533e-06,492,0.0056651948224360075,3,1,adam,"{'neurons_per_layer_encoder': [244], 'neurons_per_layer_decoder': [244, 122, 61]}",244,"[244, 122, 61]",[244],[0.4094801628652315],0.7539927765226118,COMPLETE
783,0.5667016312024213,2025-01-10 08:43:00.753622,2025-01-10 08:43:05.022077,0 days 00:00:04.268455,0.031990355151155614,40,0.4,256,100,3.28787842388946e-06,456,0.005886845208722701,3,1,adam,"{'neurons_per_layer_encoder': [256], 'neurons_per_layer_decoder': [256, 128, 64]}",256,"[256, 128, 64]",[256],[0.5667016312024213],0.7915679371679695,COMPLETE
784,0.47838424168666116,2025-01-10 08:43:02.712414,2025-01-10 08:43:06.768658,0 days 00:00:04.056244,0.027754265411876762,40,0.4,256,100,1.2908184693067407e-06,376,0.007466801894274098,3,1,adam,"{'neurons_per_layer_encoder': [256], 'neurons_per_layer_decoder': [256, 128, 64]}",256,"[256, 128, 64]",[256],[0.47838424168666116],0.6479151569342587,COMPLETE
785,0.3609118781536337,2025-01-10 08:43:02.778579,2025-01-10 08:43:07.046845,0 days 00:00:04.268266,0.03838963497250054,40,0.4,252,100,2.8887246833760956e-06,452,0.007447371325323727,4,1,adam,"{'neurons_per_layer_encoder': [252], 'neurons_per_layer_decoder': [252, 126, 63, 31]}",252,"[252, 126, 63, 31]",[252],[0.3609118781536337],0.6989662140927414,COMPLETE
786,0.3763800041307346,2025-01-10 08:43:03.241909,2025-01-10 08:43:06.725974,0 days 00:00:03.484065,0.037230211779603346,40,0.4,252,100,2.9241276422123577e-06,452,0.00745400220324398,4,1,adam,"{'neurons_per_layer_encoder': [252], 'neurons_per_layer_decoder': [252, 126, 63, 31]}",252,"[252, 126, 63, 31]",[252],[0.3763800041307346],0.7481415296098451,COMPLETE
787,0.23765861488906292,2025-01-10 08:43:05.031920,2025-01-10 08:43:08.368056,0 days 00:00:03.336136,0.03911344539767715,40,0.4,252,100,2.928299426683691e-06,372,0.007625272196118699,4,1,adam,"{'neurons_per_layer_encoder': [252], 'neurons_per_layer_decoder': [252, 126, 63, 31]}",252,"[252, 126, 63, 31]",[252],[0.23765861488906292],0.7086014806625272,COMPLETE
788,0.4848483085625134,2025-01-10 08:43:06.735186,2025-01-10 08:43:11.069687,0 days 00:00:04.334501,0.02375202373876426,32,0.4,248,100,3.6722820834612606e-06,384,0.007650908428630176,3,1,adam,"{'neurons_per_layer_encoder': [248], 'neurons_per_layer_decoder': [248, 124, 62]}",248,"[248, 124, 62]",[248],[0.4848483085625134],0.7915864346727146,COMPLETE
789,0.46627593804819345,2025-01-10 08:43:06.783600,2025-01-10 08:43:11.140331,0 days 00:00:04.356731,0.03833760824272956,32,0.4,248,100,3.806539379802273e-06,384,0.009139108154077816,3,1,adam,"{'neurons_per_layer_encoder': [248], 'neurons_per_layer_decoder': [248, 124, 62]}",248,"[248, 124, 62]",[248],[0.46627593804819345],0.7801538179413522,COMPLETE
790,0.3247881845334708,2025-01-10 08:43:07.055570,2025-01-10 08:43:11.467459,0 days 00:00:04.411889,0.03648622750291024,32,0.4,244,100,3.5769605328633944e-06,380,0.00879738332047374,3,1,adam,"{'neurons_per_layer_encoder': [244], 'neurons_per_layer_decoder': [244, 122, 61]}",244,"[244, 122, 61]",[244],[0.3247881845334708],0.689747110201203,COMPLETE
791,-2.2590625668755395,2025-01-10 08:43:08.377042,2025-01-10 08:43:11.576801,0 days 00:00:03.199759,0.024157985120456416,32,0.4,244,100,3.5814449498551963e-06,524,0.008704974729855106,3,1,sgd,"{'neurons_per_layer_encoder': [244], 'neurons_per_layer_decoder': [244, 122, 61]}",244,"[244, 122, 61]",[244],[-2.2590625668755395],0.4241693059018746,COMPLETE
792,-3.0616292172143362,2025-01-10 08:43:11.079192,2025-01-10 08:43:13.912736,0 days 00:00:02.833544,0.023875161594320297,40,0.4,244,100,1.879716106516854e-06,332,0.008916673582681962,3,1,sgd,"{'neurons_per_layer_encoder': [244], 'neurons_per_layer_decoder': [244, 122, 61]}",244,"[244, 122, 61]",[244],[-3.0616292172143362],0.3399526729907178,COMPLETE
793,-32.33071796594885,2025-01-10 08:43:11.155022,2025-01-10 08:43:12.385358,0 days 00:00:01.230336,0.02457430787890958,48,0.4,240,100,2.46527914153363e-06,520,0.0002976147322232783,3,1,sgd,"{'neurons_per_layer_encoder': [240], 'neurons_per_layer_decoder': [240, 120, 60]}",240,"[240, 120, 60]",[240],[-32.33071796594885],0.3739027538192334,COMPLETE
794,-1.4060094566110064,2025-01-10 08:43:11.475946,2025-01-10 08:43:14.183228,0 days 00:00:02.707282,0.02633508574372578,48,0.4,240,100,2.6211807334094336e-06,328,0.006128670746966465,3,1,sgd,"{'neurons_per_layer_encoder': [240], 'neurons_per_layer_decoder': [240, 120, 60]}",240,"[240, 120, 60]",[240],[-1.4060094566110064],0.7326783474045188,COMPLETE
795,0.24814401597338498,2025-01-10 08:43:11.585512,2025-01-10 08:43:15.041901,0 days 00:00:03.456389,0.017681615228154583,48,0.4,240,100,1.8123029183694224e-06,328,0.009875260102201085,3,1,adam,"{'neurons_per_layer_encoder': [240], 'neurons_per_layer_decoder': [240, 120, 60]}",240,"[240, 120, 60]",[240],[0.24814401597338498],0.500953630615306,COMPLETE
796,0.2877362600420946,2025-01-10 08:43:12.394688,2025-01-10 08:43:15.754385,0 days 00:00:03.359697,0.017725962610958223,48,0.4,240,100,1.7660737680253096e-06,328,0.00993343880643031,3,1,adam,"{'neurons_per_layer_encoder': [240], 'neurons_per_layer_decoder': [240, 120, 60]}",240,"[240, 120, 60]",[240],[0.2877362600420946],0.5532949900051595,COMPLETE
797,0.400127477906166,2025-01-10 08:43:13.921792,2025-01-10 08:43:17.226666,0 days 00:00:03.304874,0.0267219523379692,48,0.4,240,100,2.5798426016476466e-06,504,0.009950703767493223,3,1,adam,"{'neurons_per_layer_encoder': [240], 'neurons_per_layer_decoder': [240, 120, 60]}",240,"[240, 120, 60]",[240],[0.400127477906166],0.6984179087015314,COMPLETE
798,0.3346133168505392,2025-01-10 08:43:14.192107,2025-01-10 08:43:17.573364,0 days 00:00:03.381257,0.018973879760181604,40,0.4,248,100,1.540192825768377e-06,496,0.006755247001148628,3,1,adam,"{'neurons_per_layer_encoder': [248], 'neurons_per_layer_decoder': [248, 124, 62]}",248,"[248, 124, 62]",[248],[0.3346133168505392],0.6365098581782795,COMPLETE
799,0.2880927746350974,2025-01-10 08:43:15.049883,2025-01-10 08:43:18.699502,0 days 00:00:03.649619,0.01911614286210833,40,0.4,248,100,1.5231714676807983e-06,496,0.006787723143848039,3,1,adam,"{'neurons_per_layer_encoder': [248], 'neurons_per_layer_decoder': [248, 124, 62]}",248,"[248, 124, 62]",[248],[0.2880927746350974],0.6113193627780226,COMPLETE
800,0.4733617039187953,2025-01-10 08:43:15.763173,2025-01-10 08:43:19.822692,0 days 00:00:04.059519,0.019471947579217896,40,0.4,248,100,1.4766742284957604e-06,496,0.006833257050297498,3,1,adam,"{'neurons_per_layer_encoder': [248], 'neurons_per_layer_decoder': [248, 124, 62]}",248,"[248, 124, 62]",[248],[0.4733617039187953],0.7235980666473909,COMPLETE
801,-25.198537384545354,2025-01-10 08:43:17.236915,2025-01-10 08:43:19.231552,0 days 00:00:01.994637,0.019519557749494893,40,0.4,124,100,1.5882001829141376e-06,292,1.8251681430623366e-05,3,1,adam,"{'neurons_per_layer_encoder': [124], 'neurons_per_layer_decoder': [124, 62, 31]}",124,"[124, 62, 31]",[124],[-25.198537384545354],-0.3075595364911088,COMPLETE
802,0.2661909811837895,2025-01-10 08:43:17.582335,2025-01-10 08:43:21.711691,0 days 00:00:04.129356,0.03652609516841647,40,0.4,256,100,1.516807228605316e-06,472,0.0058492943494641595,3,1,adam,"{'neurons_per_layer_encoder': [256], 'neurons_per_layer_decoder': [256, 128, 64]}",256,"[256, 128, 64]",[256],[0.2661909811837895],0.598404454869487,COMPLETE
803,0.44516711140728205,2025-01-10 08:43:18.707780,2025-01-10 08:43:22.397120,0 days 00:00:03.689340,0.036291732051111004,40,0.4,256,100,3.2477811581574457e-06,472,0.005797679535234376,3,1,adam,"{'neurons_per_layer_encoder': [256], 'neurons_per_layer_decoder': [256, 128, 64]}",256,"[256, 128, 64]",[256],[0.44516711140728205],0.7743445254543722,COMPLETE
804,0.37063947657870433,2025-01-10 08:43:19.240637,2025-01-10 08:43:23.574771,0 days 00:00:04.334134,0.0326862013984382,40,0.4,252,100,3.089225057364404e-06,468,0.004836104325622734,3,1,adam,"{'neurons_per_layer_encoder': [252], 'neurons_per_layer_decoder': [252, 126, 63]}",252,"[252, 126, 63]",[252],[0.37063947657870433],0.7104899617116327,COMPLETE
805,0.4122977016989279,2025-01-10 08:43:19.831638,2025-01-10 08:43:23.340951,0 days 00:00:03.509313,0.011401464204460084,40,0.4,132,100,3.2006731144693094e-06,284,0.0054872988346001345,3,1,adam,"{'neurons_per_layer_encoder': [132], 'neurons_per_layer_decoder': [132, 66, 33]}",132,"[132, 66, 33]",[132],[0.4122977016989279],0.7216908908779769,COMPLETE
806,0.4180547539004079,2025-01-10 08:43:21.720295,2025-01-10 08:43:25.567240,0 days 00:00:03.846945,0.021575389331847623,40,0.4,252,100,3.1414179838388542e-06,372,0.004622988993393119,3,1,adam,"{'neurons_per_layer_encoder': [252], 'neurons_per_layer_decoder': [252, 126, 63]}",252,"[252, 126, 63]",[252],[0.4180547539004079],0.697574066280298,COMPLETE
807,0.5269885374560276,2025-01-10 08:43:22.406740,2025-01-10 08:43:26.285659,0 days 00:00:03.878919,0.032489513791040474,40,0.4,252,100,3.9252111960401185e-06,372,0.004963175399963918,3,1,adam,"{'neurons_per_layer_encoder': [252], 'neurons_per_layer_decoder': [252, 126, 63]}",252,"[252, 126, 63]",[252],[0.5269885374560276],0.7564688135787238,COMPLETE
808,0.4914253147715878,2025-01-10 08:43:23.349284,2025-01-10 08:43:27.303756,0 days 00:00:03.954472,0.021338409476824218,40,0.4,236,100,4.102769442805167e-06,404,0.0036577462816283672,3,1,adam,"{'neurons_per_layer_encoder': [236], 'neurons_per_layer_decoder': [236, 118, 59]}",236,"[236, 118, 59]",[236],[0.4914253147715878],0.7865496700383036,COMPLETE
809,0.48392190619243247,2025-01-10 08:43:23.583992,2025-01-10 08:43:27.760812,0 days 00:00:04.176820,0.021520846392326938,40,0.4,236,100,3.953415699995915e-06,404,0.007832900221501585,3,1,adam,"{'neurons_per_layer_encoder': [236], 'neurons_per_layer_decoder': [236, 118, 59]}",236,"[236, 118, 59]",[236],[0.48392190619243247],0.7461980328399059,COMPLETE
810,-0.04848315278882076,2025-01-10 08:43:25.575751,2025-01-10 08:43:28.729128,0 days 00:00:03.153377,0.025108066635532222,40,0.4,16,100,2.3955943275397335e-06,17,0.008059220655326686,3,1,adam,"{'neurons_per_layer_encoder': [16], 'neurons_per_layer_decoder': [16, 8, 8]}",16,"[16, 8, 8]",[16],[-0.04848315278882076],0.6557701551749423,COMPLETE
