number,value,datetime_start,datetime_complete,duration,params_alpha,params_batch_size,params_drop_out_rate,params_encoder_neurons_layer_1,params_epochs,params_lambda,params_latent_dim,params_learning_rate,params_num_layers_decoder,params_num_layers_encoder,params_optimizer,user_attrs_encoder_decoder_config,user_attrs_first_layer_neurons,user_attrs_neurons_per_layer_decoder,user_attrs_neurons_per_layer_encoder,user_attrs_r2_feature_1,user_attrs_relative_deterioration,state
691,0.39642744007235364,2025-01-10 08:36:06.049972,2025-01-10 08:36:10.055269,0 days 00:00:04.005297,0.027173993736862842,48,0.1,256,100,1.3922513549567713e-06,376,0.005089735537082942,3,1,adam,"{'neurons_per_layer_encoder': [256], 'neurons_per_layer_decoder': [256, 128, 64]}",256,"[256, 128, 64]",[256],[0.39642744007235364],0.12844234779202574,COMPLETE
692,0.33439002154560615,2025-01-10 08:36:06.833002,2025-01-10 08:36:10.988226,0 days 00:00:04.155224,0.022024231765962878,48,0.4,256,100,1.4540734596491059e-06,376,0.006232545467018553,3,1,adam,"{'neurons_per_layer_encoder': [256], 'neurons_per_layer_decoder': [256, 128, 64]}",256,"[256, 128, 64]",[256],[0.33439002154560615],0.46868613247418595,COMPLETE
693,0.40185018761778024,2025-01-10 08:36:06.928415,2025-01-10 08:36:10.353418,0 days 00:00:03.425003,0.02220745373947715,40,0.4,244,100,1.2965147064967393e-06,348,0.005108965175622048,3,1,adam,"{'neurons_per_layer_encoder': [244], 'neurons_per_layer_decoder': [244, 122, 61]}",244,"[244, 122, 61]",[244],[0.40185018761778024],0.7248663428288774,COMPLETE
694,0.5938459658684345,2025-01-10 08:36:08.163801,2025-01-10 08:36:12.589309,0 days 00:00:04.425508,0.022673428847827703,40,0.4,256,100,1.4612781274099642e-06,360,0.00481605628980358,3,1,adam,"{'neurons_per_layer_encoder': [256], 'neurons_per_layer_decoder': [256, 128, 64]}",256,"[256, 128, 64]",[256],[0.5938459658684345],0.7460610421516841,COMPLETE
695,0.3323813479899723,2025-01-10 08:36:08.477601,2025-01-10 08:36:12.130045,0 days 00:00:03.652444,0.022606507467637517,48,0.4,252,100,1.7556400335038519e-06,340,0.004975127507520623,3,1,adam,"{'neurons_per_layer_encoder': [252], 'neurons_per_layer_decoder': [252, 126, 63]}",252,"[252, 126, 63]",[252],[0.3323813479899723],0.6115861563444326,COMPLETE
696,0.5105587617128771,2025-01-10 08:36:10.064771,2025-01-10 08:36:15.761375,0 days 00:00:05.696604,0.021959634916610352,40,0.4,256,100,1.7943740040849753e-06,344,0.004858762243817618,3,1,adam,"{'neurons_per_layer_encoder': [256], 'neurons_per_layer_decoder': [256, 128, 64]}",256,"[256, 128, 64]",[256],[0.5105587617128771],0.6949322795879107,COMPLETE
697,0.14714029310198318,2025-01-10 08:36:10.364995,2025-01-10 08:36:19.676660,0 days 00:00:09.311665,0.021996369680669908,40,0.4,256,100,1.7717188436877977e-06,2072,0.0049974012630785766,3,4,adam,"{'neurons_per_layer_encoder': [256, 512, 1024, 2048], 'neurons_per_layer_decoder': [2048, 1024, 512]}",256,"[2048, 1024, 512]","[256, 512, 1024, 2048]",[0.14714029310198318],0.8782927879336121,COMPLETE
698,0.5517978790694116,2025-01-10 08:36:10.998654,2025-01-10 08:36:16.843342,0 days 00:00:05.844688,0.02198827102044627,40,0.4,256,100,1.7361503465960243e-06,344,0.004919669724220217,3,1,adam,"{'neurons_per_layer_encoder': [256], 'neurons_per_layer_decoder': [256, 128, 64]}",256,"[256, 128, 64]",[256],[0.5517978790694116],0.7660839396943706,COMPLETE
699,0.4593165555722982,2025-01-10 08:36:12.138400,2025-01-10 08:36:19.059855,0 days 00:00:06.921455,0.021775854994598293,40,0.4,256,100,1.9667414888507344e-06,344,0.0048572407822659956,3,1,adam,"{'neurons_per_layer_encoder': [256], 'neurons_per_layer_decoder': [256, 128, 64]}",256,"[256, 128, 64]",[256],[0.4593165555722982],0.7121017819373419,COMPLETE
700,0.3278863301493884,2025-01-10 08:36:12.599475,2025-01-10 08:36:19.307885,0 days 00:00:06.708410,0.021915146799219683,40,0.4,256,100,1.3921086380843803e-06,360,0.0047984055692112774,3,1,adam,"{'neurons_per_layer_encoder': [256], 'neurons_per_layer_decoder': [256, 128, 64]}",256,"[256, 128, 64]",[256],[0.3278863301493884],0.6257234425279122,COMPLETE
701,-0.7049981510948302,2025-01-10 08:36:15.774481,2025-01-10 08:36:20.256264,0 days 00:00:04.481783,0.023601913498009205,40,0.4,256,100,1.1856607133484823e-06,360,0.005087886391021396,3,1,sgd,"{'neurons_per_layer_encoder': [256], 'neurons_per_layer_decoder': [256, 128, 64]}",256,"[256, 128, 64]",[256],[-0.7049981510948302],0.8137101291348828,COMPLETE
702,0.5340220806674872,2025-01-10 08:36:16.853627,2025-01-10 08:36:22.090154,0 days 00:00:05.236527,0.02347382393392336,40,0.4,252,100,1.3316419982494675e-06,356,0.004543641973631634,3,1,adam,"{'neurons_per_layer_encoder': [252], 'neurons_per_layer_decoder': [252, 126, 63]}",252,"[252, 126, 63]",[252],[0.5340220806674872],0.7511316266315773,COMPLETE
703,-1.0640058064236162,2025-01-10 08:36:19.069331,2025-01-10 08:36:22.348344,0 days 00:00:03.279013,0.02373190384883671,40,0.4,248,100,1.4213617396579225e-06,352,0.005512008594334736,3,1,sgd,"{'neurons_per_layer_encoder': [248], 'neurons_per_layer_decoder': [248, 124, 62]}",248,"[248, 124, 62]",[248],[-1.0640058064236162],0.7064571098338622,COMPLETE
704,-26.90685428338801,2025-01-10 08:36:19.316244,2025-01-10 08:36:20.795167,0 days 00:00:01.478923,0.024093667778565614,32,0.4,248,100,1.073440626220603e-06,352,0.004456504720541605,3,1,sgd,"{'neurons_per_layer_encoder': [248], 'neurons_per_layer_decoder': [248, 124, 62]}",248,"[248, 124, 62]",[248],[-26.90685428338801],-0.5176103280735723,COMPLETE
705,-5.970868495176938,2025-01-10 08:36:19.686482,2025-01-10 08:36:23.534583,0 days 00:00:03.848101,0.02287189810835151,40,0.4,248,100,1.121044010430237e-06,336,0.004321875020749539,3,1,adadelta,"{'neurons_per_layer_encoder': [248], 'neurons_per_layer_decoder': [248, 124, 62]}",248,"[248, 124, 62]",[248],[-5.970868495176938],0.7271395460095539,COMPLETE
706,-0.22410906156863541,2025-01-10 08:36:20.265869,2025-01-10 08:36:23.519598,0 days 00:00:03.253729,0.024424810206449845,32,0.4,248,100,1.498837456001344e-06,352,0.0041911553468914255,3,1,adam,"{'neurons_per_layer_encoder': [248], 'neurons_per_layer_decoder': [248, 124, 62]}",248,"[248, 124, 62]",[248],[-0.22410906156863541],0.5114563247406367,COMPLETE
707,-22.206032552104418,2025-01-10 08:36:20.804089,2025-01-10 08:36:22.929573,0 days 00:00:02.125484,0.023911296815584696,40,0.4,248,100,1.3937607583119206e-06,352,0.005683617916922014,3,1,adadelta,"{'neurons_per_layer_encoder': [248], 'neurons_per_layer_decoder': [248, 124, 62]}",248,"[248, 124, 62]",[248],[-22.206032552104418],-0.11311525783903527,COMPLETE
708,-7.919985462177406,2025-01-10 08:36:22.099347,2025-01-10 08:36:25.919055,0 days 00:00:03.819708,0.02412398105385228,40,0.4,248,100,1.926699006338191e-06,352,0.004163317841212113,3,1,adadelta,"{'neurons_per_layer_encoder': [248], 'neurons_per_layer_decoder': [248, 124, 62]}",248,"[248, 124, 62]",[248],[-7.919985462177406],0.49242745791482656,COMPLETE
709,0.2085087181943387,2025-01-10 08:36:22.357919,2025-01-10 08:36:25.913601,0 days 00:00:03.555682,0.02091369302273005,120,0.4,248,100,1.176038570861615e-06,336,0.003955139851467911,3,1,adam,"{'neurons_per_layer_encoder': [248], 'neurons_per_layer_decoder': [248, 124, 62]}",248,"[248, 124, 62]",[248],[0.2085087181943387],0.624479107614577,COMPLETE
710,0.2301679310212199,2025-01-10 08:36:22.938056,2025-01-10 08:36:25.929927,0 days 00:00:02.991871,0.021025675927688454,40,0.4,248,100,2.7102280523333185e-06,352,0.0039689577434422795,3,1,adam,"{'neurons_per_layer_encoder': [248], 'neurons_per_layer_decoder': [248, 124, 62]}",248,"[248, 124, 62]",[248],[0.2301679310212199],0.6984063196331939,COMPLETE
711,0.5678539380384997,2025-01-10 08:36:23.529907,2025-01-10 08:36:27.286621,0 days 00:00:03.756714,0.0202474660282676,40,0.4,244,100,1.8600765663239e-06,332,0.005914506036938329,3,1,adam,"{'neurons_per_layer_encoder': [244], 'neurons_per_layer_decoder': [244, 122, 61]}",244,"[244, 122, 61]",[244],[0.5678539380384997],0.7715812139524278,COMPLETE
712,0.410380947185082,2025-01-10 08:36:23.545187,2025-01-10 08:36:27.204280,0 days 00:00:03.659093,0.01902592854859621,48,0.4,240,100,1.7848261689143298e-06,328,0.006013017504362386,3,1,adam,"{'neurons_per_layer_encoder': [240], 'neurons_per_layer_decoder': [240, 120, 60]}",240,"[240, 120, 60]",[240],[0.410380947185082],0.6626886357985178,COMPLETE
713,0.3940707656779099,2025-01-10 08:36:25.925959,2025-01-10 08:36:29.174369,0 days 00:00:03.248410,0.01906106929415936,48,0.4,240,100,1.5710577966622693e-06,504,0.006061849742013918,3,1,adam,"{'neurons_per_layer_encoder': [240], 'neurons_per_layer_decoder': [240, 120, 60]}",240,"[240, 120, 60]",[240],[0.3940707656779099],0.6404593478794421,COMPLETE
714,0.2715699091899324,2025-01-10 08:36:25.929179,2025-01-10 08:36:29.591743,0 days 00:00:03.662564,0.018940263368660414,72,0.4,240,100,3.5864165957139444e-06,504,0.005954881796607028,3,1,adam,"{'neurons_per_layer_encoder': [240], 'neurons_per_layer_decoder': [240, 120, 60]}",240,"[240, 120, 60]",[240],[0.2715699091899324],0.6468849724394599,COMPLETE
715,0.30162534432790855,2025-01-10 08:36:25.940702,2025-01-10 08:36:30.031488,0 days 00:00:04.090786,0.025963105499508737,48,0.4,240,100,2.2678597008589438e-06,376,0.005967862609332387,3,1,adam,"{'neurons_per_layer_encoder': [240], 'neurons_per_layer_decoder': [240, 120, 60]}",240,"[240, 120, 60]",[240],[0.30162534432790855],0.5470228331216573,COMPLETE
716,0.4177618342723356,2025-01-10 08:36:27.213900,2025-01-10 08:36:31.383999,0 days 00:00:04.170099,0.020696238083183733,48,0.4,240,100,2.2572012993557986e-06,504,0.005999096671514751,3,1,adam,"{'neurons_per_layer_encoder': [240], 'neurons_per_layer_decoder': [240, 120, 60]}",240,"[240, 120, 60]",[240],[0.4177618342723356],0.6187916052900656,COMPLETE
717,0.4533500593392795,2025-01-10 08:36:27.295914,2025-01-10 08:36:31.451186,0 days 00:00:04.155272,0.020148586077348703,40,0.4,240,100,1.6077501889923281e-06,328,0.005892507921534119,3,1,adam,"{'neurons_per_layer_encoder': [240], 'neurons_per_layer_decoder': [240, 120, 60]}",240,"[240, 120, 60]",[240],[0.4533500593392795],0.7190358268301078,COMPLETE
718,0.005936090124040838,2025-01-10 08:36:29.183009,2025-01-10 08:36:32.876731,0 days 00:00:03.693722,0.0207563371163682,32,0.4,244,100,1.8387474700862747e-06,332,0.0006121924457223845,3,1,adam,"{'neurons_per_layer_encoder': [244], 'neurons_per_layer_decoder': [244, 122, 61]}",244,"[244, 122, 61]",[244],[0.005936090124040838],0.7949120925383442,COMPLETE
719,0.29750143023946873,2025-01-10 08:36:29.600407,2025-01-10 08:36:33.852226,0 days 00:00:04.251819,0.0203020970077509,32,0.4,244,100,1.6650551156438796e-06,332,0.005364170387181509,3,1,adam,"{'neurons_per_layer_encoder': [244], 'neurons_per_layer_decoder': [244, 122, 61]}",244,"[244, 122, 61]",[244],[0.29750143023946873],0.6022698209845319,COMPLETE
720,0.29281136999095403,2025-01-10 08:36:30.402920,2025-01-10 08:36:33.437715,0 days 00:00:03.034795,0.02073393762063752,32,0.4,244,100,1.9025949209370634e-06,332,0.005380586857525707,3,1,adam,"{'neurons_per_layer_encoder': [244], 'neurons_per_layer_decoder': [244, 122, 61]}",244,"[244, 122, 61]",[244],[0.29281136999095403],0.6998204012722309,COMPLETE
721,0.454504706267274,2025-01-10 08:36:31.392794,2025-01-10 08:36:35.361916,0 days 00:00:03.969122,0.026382432998409887,40,0.4,252,100,1.6000332076655204e-06,324,0.005226497476239472,3,1,adam,"{'neurons_per_layer_encoder': [252], 'neurons_per_layer_decoder': [252, 126, 63]}",252,"[252, 126, 63]",[252],[0.454504706267274],0.6765533322367688,COMPLETE
722,0.013178620690804332,2025-01-10 08:36:31.466512,2025-01-10 08:36:34.139879,0 days 00:00:02.673367,0.022762349999407135,40,0.4,252,100,1.9855223907495577e-06,324,0.005340975484831135,3,1,adam,"{'neurons_per_layer_encoder': [252], 'neurons_per_layer_decoder': [252, 126, 63]}",252,"[252, 126, 63]",[252],[0.013178620690804332],0.6675400163083902,COMPLETE
723,0.5574265611607332,2025-01-10 08:36:32.888818,2025-01-10 08:36:36.946828,0 days 00:00:04.058010,0.02279911675131339,40,0.4,252,100,1.980722767696827e-06,324,0.005405015783668437,3,1,adam,"{'neurons_per_layer_encoder': [252], 'neurons_per_layer_decoder': [252, 126, 63]}",252,"[252, 126, 63]",[252],[0.5574265611607332],0.7413229672555048,COMPLETE
724,0.5506975082142502,2025-01-10 08:36:33.446376,2025-01-10 08:36:37.334772,0 days 00:00:03.888396,0.02240392551315302,40,0.4,252,100,1.4807995679357024e-06,340,0.006337459007381466,3,1,adam,"{'neurons_per_layer_encoder': [252], 'neurons_per_layer_decoder': [252, 126, 63]}",252,"[252, 126, 63]",[252],[0.5506975082142502],0.689686064371081,COMPLETE
725,0.2188776630730812,2025-01-10 08:36:33.861899,2025-01-10 08:36:37.871459,0 days 00:00:04.009560,0.026439533698729673,40,0.2,256,100,1.980216965334546e-06,360,0.0066560154995551875,3,1,adam,"{'neurons_per_layer_encoder': [256], 'neurons_per_layer_decoder': [256, 128, 64]}",256,"[256, 128, 64]",[256],[0.2188776630730812],0.3532360803442285,COMPLETE
726,0.6591548824225157,2025-01-10 08:36:34.148928,2025-01-10 08:36:38.065239,0 days 00:00:03.916311,0.026144770210938067,40,0.4,252,100,1.5149741398722214e-06,340,0.006637069340741337,3,1,adam,"{'neurons_per_layer_encoder': [252], 'neurons_per_layer_decoder': [252, 126, 63]}",252,"[252, 126, 63]",[252],[0.6591548824225157],0.8042626662324326,COMPLETE
727,0.41544275700068733,2025-01-10 08:36:35.372050,2025-01-10 08:36:39.284336,0 days 00:00:03.912286,0.022048394678621405,40,0.4,256,100,2.1809003337280926e-06,344,0.006465385377403905,3,1,adam,"{'neurons_per_layer_encoder': [256], 'neurons_per_layer_decoder': [256, 128, 64]}",256,"[256, 128, 64]",[256],[0.41544275700068733],0.6647008180347568,COMPLETE
728,0.5133356716157332,2025-01-10 08:36:36.956132,2025-01-10 08:36:41.075892,0 days 00:00:04.119760,0.026116544403827113,40,0.4,256,100,2.2809325635726596e-06,344,0.0066397886063569835,3,1,adam,"{'neurons_per_layer_encoder': [256], 'neurons_per_layer_decoder': [256, 128, 64]}",256,"[256, 128, 64]",[256],[0.5133356716157332],0.7617632381731222,COMPLETE
729,0.5765333290209194,2025-01-10 08:36:37.344057,2025-01-10 08:36:41.340201,0 days 00:00:03.996144,0.03520630945771484,40,0.4,232,100,2.111174981715774e-06,368,0.006556306835931664,3,1,adam,"{'neurons_per_layer_encoder': [232], 'neurons_per_layer_decoder': [232, 116, 58]}",232,"[232, 116, 58]",[232],[0.5765333290209194],0.7523737419060569,COMPLETE
730,0.11106071633042125,2025-01-10 08:36:37.880758,2025-01-10 08:36:42.003347,0 days 00:00:04.122589,0.025190510370002597,40,0.4,232,100,2.252031842982484e-06,368,0.0002289673071023684,3,1,adam,"{'neurons_per_layer_encoder': [232], 'neurons_per_layer_decoder': [232, 116, 58]}",232,"[232, 116, 58]",[232],[0.11106071633042125],0.8169388778516666,COMPLETE
731,0.5087670065440604,2025-01-10 08:36:38.074028,2025-01-10 08:36:42.161351,0 days 00:00:04.087323,0.024618255036802067,40,0.4,256,100,1.295901216939612e-06,344,0.006594664374944492,3,1,adam,"{'neurons_per_layer_encoder': [256], 'neurons_per_layer_decoder': [256, 128, 64]}",256,"[256, 128, 64]",[256],[0.5087670065440604],0.6689641915192102,COMPLETE
732,0.47594669462724515,2025-01-10 08:36:39.294099,2025-01-10 08:36:43.383440,0 days 00:00:04.089341,0.035346621798029554,40,0.4,244,100,1.3834145868134563e-06,348,0.004641466706710675,3,1,adam,"{'neurons_per_layer_encoder': [244], 'neurons_per_layer_decoder': [244, 122, 61]}",244,"[244, 122, 61]",[244],[0.47594669462724515],0.719956124602302,COMPLETE
733,0.5500853552888243,2025-01-10 08:36:41.086438,2025-01-10 08:36:45.012334,0 days 00:00:03.925896,0.03492857362309578,40,0.4,244,100,1.664641215710322e-06,364,0.00718867015306803,3,1,adam,"{'neurons_per_layer_encoder': [244], 'neurons_per_layer_decoder': [244, 122, 61]}",244,"[244, 122, 61]",[244],[0.5500853552888243],0.7550214667407714,COMPLETE
734,0.3223033563844864,2025-01-10 08:36:41.349914,2025-01-10 08:36:45.225285,0 days 00:00:03.875371,0.03626538712075299,40,0.4,232,100,1.6554738522081694e-06,352,0.004608990309542164,3,1,adam,"{'neurons_per_layer_encoder': [232], 'neurons_per_layer_decoder': [232, 116, 58]}",232,"[232, 116, 58]",[232],[0.3223033563844864],0.624980574554602,COMPLETE
735,0.46536980586875965,2025-01-10 08:36:42.012038,2025-01-10 08:36:46.019600,0 days 00:00:04.007562,0.03704167938413691,40,0.4,232,100,1.8652886736846312e-06,352,0.004552543413094005,3,1,adam,"{'neurons_per_layer_encoder': [232], 'neurons_per_layer_decoder': [232, 116, 58]}",232,"[232, 116, 58]",[232],[0.46536980586875965],0.6904619881193566,COMPLETE
736,0.42122575364639536,2025-01-10 08:36:42.169863,2025-01-10 08:36:46.068921,0 days 00:00:03.899058,0.03574734247139278,40,0.4,232,100,1.6016823274933681e-06,352,0.005554845834866154,3,1,adam,"{'neurons_per_layer_encoder': [232], 'neurons_per_layer_decoder': [232, 116, 58]}",232,"[232, 116, 58]",[232],[0.42122575364639536],0.6516380521899792,COMPLETE
737,0.24913814390829037,2025-01-10 08:36:43.392561,2025-01-10 08:36:47.402468,0 days 00:00:04.009907,0.030972882275690033,32,0.4,232,100,1.6570466145430725e-06,352,0.0040298723622281965,3,1,adam,"{'neurons_per_layer_encoder': [232], 'neurons_per_layer_decoder': [232, 116, 58]}",232,"[232, 116, 58]",[232],[0.24913814390829037],0.6910375778629265,COMPLETE
738,-0.10159877578819465,2025-01-10 08:36:45.021874,2025-01-10 08:36:47.724438,0 days 00:00:02.702564,0.033845919779008644,32,0.4,236,100,1.7242286568557958e-06,356,0.004371400007407017,3,1,adam,"{'neurons_per_layer_encoder': [236], 'neurons_per_layer_decoder': [236, 118, 59]}",236,"[236, 118, 59]",[236],[-0.10159877578819465],0.5905731609987029,COMPLETE
739,-0.4278591753498753,2025-01-10 08:36:45.234320,2025-01-10 08:36:47.773202,0 days 00:00:02.538882,0.035062573056904654,32,0.4,232,100,1.7388976861503922e-06,352,0.004199455138940244,3,1,adam,"{'neurons_per_layer_encoder': [232], 'neurons_per_layer_decoder': [232, 116, 58]}",232,"[232, 116, 58]",[232],[-0.4278591753498753],0.4864567930232568,COMPLETE
740,0.4869760201483718,2025-01-10 08:36:46.029002,2025-01-10 08:36:49.934975,0 days 00:00:03.905973,0.031202180792733857,32,0.4,240,100,1.8387413884923606e-06,344,0.005601971292652954,3,1,adam,"{'neurons_per_layer_encoder': [240], 'neurons_per_layer_decoder': [240, 120, 60]}",240,"[240, 120, 60]",[240],[0.4869760201483718],0.7258934533922731,COMPLETE
741,0.5066202486193443,2025-01-10 08:36:47.410990,2025-01-10 08:36:51.159447,0 days 00:00:03.748457,0.03523166720910873,48,0.4,240,100,2.097216923405979e-06,360,0.005888301317870869,3,1,adam,"{'neurons_per_layer_encoder': [240], 'neurons_per_layer_decoder': [240, 120, 60]}",240,"[240, 120, 60]",[240],[0.5066202486193443],0.7280687442260846,COMPLETE
742,0.4431297618083275,2025-01-10 08:41:59.666333,2025-01-10 08:42:02.805795,0 days 00:00:03.139462,0.0197771691394337,40,0.4,248,100,2.734242074237408e-06,368,0.009995170456402892,3,1,adam,"{'neurons_per_layer_encoder': [248], 'neurons_per_layer_decoder': [248, 124, 62]}",248,"[248, 124, 62]",[248],[0.4431297618083275],0.7303426692446434,COMPLETE
743,0.3991619149130218,2025-01-10 08:41:59.670570,2025-01-10 08:42:03.563770,0 days 00:00:03.893200,0.01948841102050553,40,0.4,248,100,2.729474540719822e-06,336,0.009969434578997346,3,1,adam,"{'neurons_per_layer_encoder': [248], 'neurons_per_layer_decoder': [248, 124, 62]}",248,"[248, 124, 62]",[248],[0.3991619149130218],0.7004964711001656,COMPLETE
744,0.3268337313614823,2025-01-10 08:41:59.671519,2025-01-10 08:42:03.220774,0 days 00:00:03.549255,0.030122927604100833,88,0.4,248,100,2.5842063483142436e-06,336,0.007851551754620963,3,1,adam,"{'neurons_per_layer_encoder': [248], 'neurons_per_layer_decoder': [248, 124, 62]}",248,"[248, 124, 62]",[248],[0.3268337313614823],0.6151014364331835,COMPLETE
745,0.6401361622103399,2025-01-10 08:41:59.674758,2025-01-10 08:42:03.585923,0 days 00:00:03.911165,0.019886610160890463,40,0.4,248,100,2.5203769028201806e-06,336,0.007698364773657974,3,1,adam,"{'neurons_per_layer_encoder': [248], 'neurons_per_layer_decoder': [248, 124, 62]}",248,"[248, 124, 62]",[248],[0.6401361622103399],0.8134295248104407,COMPLETE
746,0.3913486714785329,2025-01-10 08:41:59.670557,2025-01-10 08:42:03.288752,0 days 00:00:03.618195,0.01987256159777727,88,0.4,248,100,2.670214110219756e-06,336,0.007407699279049965,3,1,adam,"{'neurons_per_layer_encoder': [248], 'neurons_per_layer_decoder': [248, 124, 62]}",248,"[248, 124, 62]",[248],[0.3913486714785329],0.647238803209301,COMPLETE
747,0.35486358330673184,2025-01-10 08:42:02.815936,2025-01-10 08:42:08.057987,0 days 00:00:05.242051,0.03175322732397796,48,0.4,244,100,2.5263880064027248e-06,332,0.0075290929799864985,3,1,adam,"{'neurons_per_layer_encoder': [244], 'neurons_per_layer_decoder': [244, 122, 61]}",244,"[244, 122, 61]",[244],[0.35486358330673184],0.6230690195384962,COMPLETE
748,-0.31500642624894937,2025-01-10 08:42:03.231575,2025-01-10 08:42:29.398544,0 days 00:00:26.166969,0.027979941097771886,40,0.4,244,100,2.1833518496292378e-06,1976,0.0074009919302468075,3,4,adam,"{'neurons_per_layer_encoder': [244, 488, 976, 1952], 'neurons_per_layer_decoder': [1952, 976, 488]}",244,"[1952, 976, 488]","[244, 488, 976, 1952]",[-0.31500642624894937],0.8519998542073969,COMPLETE
749,0.34692462914270594,2025-01-10 08:42:03.310013,2025-01-10 08:42:09.295110,0 days 00:00:05.985097,0.03170270714580865,40,0.4,244,100,2.164224934274462e-06,316,0.0062935821661949136,3,1,adam,"{'neurons_per_layer_encoder': [244], 'neurons_per_layer_decoder': [244, 122, 61]}",244,"[244, 122, 61]",[244],[0.34692462914270594],0.6641792986518396,COMPLETE
750,0.3443638744289186,2025-01-10 08:42:03.574583,2025-01-10 08:42:29.353196,0 days 00:00:25.778613,0.02179357872138082,40,0.4,236,100,2.0914031489195936e-06,1912,0.006448921353505456,3,4,adam,"{'neurons_per_layer_encoder': [236, 472, 944, 1888], 'neurons_per_layer_decoder': [1888, 944, 472]}",236,"[1888, 944, 472]","[236, 472, 944, 1888]",[0.3443638744289186],0.9142737680316411,COMPLETE
