number,value,datetime_start,datetime_complete,duration,params_alpha,params_batch_size,params_drop_out_rate,params_encoder_neurons_layer_1,params_epochs,params_lambda,params_latent_dim,params_learning_rate,params_num_layers_decoder,params_num_layers_encoder,params_optimizer,user_attrs_encoder_decoder_config,user_attrs_first_layer_neurons,user_attrs_neurons_per_layer_decoder,user_attrs_neurons_per_layer_encoder,user_attrs_r2_feature_1,user_attrs_relative_deterioration,state
340,0.005845966754189691,2025-01-10 08:11:53.539508,2025-01-10 08:12:04.422698,0 days 00:00:10.883190,0.061151855488703825,32,0.30000000000000004,176,100,4.697414013670634e-06,728,0.00573094314608221,3,3,adam,"{'neurons_per_layer_encoder': [176, 352, 704], 'neurons_per_layer_decoder': [704, 352, 176]}",176,"[704, 352, 176]","[176, 352, 704]",[0.005845966754189691],0.7742485979784391,COMPLETE
341,0.004391981321238414,2025-01-10 08:11:55.445045,2025-01-10 08:12:02.584623,0 days 00:00:07.139578,0.0592310754793318,32,0.30000000000000004,196,100,4.4755174017195135e-06,808,0.00578989406817481,3,3,adam,"{'neurons_per_layer_encoder': [196, 392, 784], 'neurons_per_layer_decoder': [784, 392, 196]}",196,"[784, 392, 196]","[196, 392, 784]",[0.004391981321238414],0.8113226345883796,COMPLETE
342,0.4560542761832276,2025-01-10 08:11:55.549019,2025-01-10 08:12:05.604984,0 days 00:00:10.055965,0.058568502946264804,32,0.30000000000000004,180,100,4.294104227978971e-06,744,0.005829560955100272,3,3,adam,"{'neurons_per_layer_encoder': [180, 360, 720], 'neurons_per_layer_decoder': [720, 360, 180]}",180,"[720, 360, 180]","[180, 360, 720]",[0.4560542761832276],0.8750712733641283,COMPLETE
343,-0.21952928958697293,2025-01-10 08:12:02.593830,2025-01-10 08:12:08.119923,0 days 00:00:05.526093,0.012795050009571986,40,0.30000000000000004,64,100,7.172377713355325e-06,616,0.0015059025890686091,5,3,adam,"{'neurons_per_layer_encoder': [64, 128, 256], 'neurons_per_layer_decoder': [256, 128, 64, 32, 16]}",64,"[256, 128, 64, 32, 16]","[64, 128, 256]",[-0.21952928958697293],0.7665519128402821,COMPLETE
344,0.4158165434031238,2025-01-10 08:12:03.650526,2025-01-10 08:12:12.950904,0 days 00:00:09.300378,0.040032844369800966,40,0.30000000000000004,192,100,5.257104581474542e-06,792,0.0016911368129808122,3,3,adam,"{'neurons_per_layer_encoder': [192, 384, 768], 'neurons_per_layer_decoder': [768, 384, 192]}",192,"[768, 384, 192]","[192, 384, 768]",[0.4158165434031238],0.8516125496115284,COMPLETE
345,0.27850275349073594,2025-01-10 08:12:04.434933,2025-01-10 08:12:14.010896,0 days 00:00:09.575963,0.042656741133138505,40,0.30000000000000004,168,100,7.535442181364002e-06,696,0.0006162338616987177,5,3,adam,"{'neurons_per_layer_encoder': [168, 336, 672], 'neurons_per_layer_decoder': [672, 336, 168, 84, 42]}",168,"[672, 336, 168, 84, 42]","[168, 336, 672]",[0.27850275349073594],0.8857786313874692,COMPLETE
346,-6.792329952533327,2025-01-10 08:12:04.437124,2025-01-10 08:12:12.103457,0 days 00:00:07.666333,0.040546664045776296,80,0.30000000000000004,184,100,6.601505372513877e-06,760,9.190045424620263e-05,5,3,adam,"{'neurons_per_layer_encoder': [184, 368, 736], 'neurons_per_layer_decoder': [736, 368, 184, 92, 46]}",184,"[736, 368, 184, 92, 46]","[184, 368, 736]",[-6.792329952533327],0.29929453845805215,COMPLETE
347,-0.3260275357802396,2025-01-10 08:12:05.615181,2025-01-10 08:12:09.877797,0 days 00:00:04.262616,0.05948307416438535,32,0.30000000000000004,64,100,3.168157477154781e-06,616,0.001778419563910366,3,3,adam,"{'neurons_per_layer_encoder': [64, 128, 256], 'neurons_per_layer_decoder': [256, 128, 64]}",64,"[256, 128, 64]","[64, 128, 256]",[-0.3260275357802396],0.6526254461982818,COMPLETE
348,-0.1943218626953267,2025-01-10 08:12:08.129439,2025-01-10 08:12:16.522532,0 days 00:00:08.393093,0.06906222077131481,32,0.30000000000000004,184,100,4.3014932826740944e-06,760,0.00193009107252907,3,3,adam,"{'neurons_per_layer_encoder': [184, 368, 736], 'neurons_per_layer_decoder': [736, 368, 184]}",184,"[736, 368, 184]","[184, 368, 736]",[-0.1943218626953267],0.6957077714108886,COMPLETE
349,0.49603665157168686,2025-01-10 08:12:09.887124,2025-01-10 08:12:15.152945,0 days 00:00:05.265821,0.04258329176734768,32,0.30000000000000004,196,100,5.3813885154346785e-06,476,0.0017090325251717864,3,1,adam,"{'neurons_per_layer_encoder': [196], 'neurons_per_layer_decoder': [196, 98, 49]}",196,"[196, 98, 49]",[196],[0.49603665157168686],0.7906924532737273,COMPLETE
350,0.08644659663274479,2025-01-10 08:12:12.114133,2025-01-10 08:12:16.526873,0 days 00:00:04.412740,0.06787952272527846,40,0.30000000000000004,184,100,5.2063478764474765e-06,432,0.00036808114654928,3,1,adam,"{'neurons_per_layer_encoder': [184], 'neurons_per_layer_decoder': [184, 92, 46]}",184,"[184, 92, 46]",[184],[0.08644659663274479],0.7337947190704261,COMPLETE
351,-13.845056981076434,2025-01-10 08:12:12.960939,2025-01-10 08:12:17.624270,0 days 00:00:04.663331,0.05793544871119244,32,0.30000000000000004,180,100,1.61918943366443e-05,428,0.007401310868206575,4,1,adadelta,"{'neurons_per_layer_encoder': [180], 'neurons_per_layer_decoder': [180, 90, 45, 22]}",180,"[180, 90, 45, 22]",[180],[-13.845056981076434],0.38702142842740916,COMPLETE
352,-21.042675312749907,2025-01-10 08:12:14.020239,2025-01-10 08:12:16.293915,0 days 00:00:02.273676,0.07122010027409754,32,0.30000000000000004,184,100,3.714252735664905e-06,208,0.007106872855353484,3,1,adadelta,"{'neurons_per_layer_encoder': [184], 'neurons_per_layer_decoder': [184, 92, 46]}",184,"[184, 92, 46]",[184],[-21.042675312749907],0.14233509472023068,COMPLETE
353,-35.21208062237615,2025-01-10 08:12:15.162133,2025-01-10 08:12:17.695993,0 days 00:00:02.533860,0.06877374799491323,32,0.30000000000000004,200,100,3.746781805139429e-06,480,0.0023571001794875993,3,1,adadelta,"{'neurons_per_layer_encoder': [200], 'neurons_per_layer_decoder': [200, 100, 50]}",200,"[200, 100, 50]",[200],[-35.21208062237615],-0.8410787911583201,COMPLETE
354,0.4513673602099053,2025-01-10 08:12:16.302188,2025-01-10 08:12:20.471751,0 days 00:00:04.169563,0.03719109176698774,32,0.30000000000000004,168,100,3.925034562313759e-06,400,0.002245454193833183,3,1,adam,"{'neurons_per_layer_encoder': [168], 'neurons_per_layer_decoder': [168, 84, 42]}",168,"[168, 84, 42]",[168],[0.4513673602099053],0.7772003871699514,COMPLETE
355,0.23567449079029956,2025-01-10 08:12:16.535845,2025-01-10 08:12:20.464552,0 days 00:00:03.928707,0.03702589374597394,32,0.30000000000000004,200,100,6.4159607579148844e-06,480,0.0022640101775966196,3,1,adam,"{'neurons_per_layer_encoder': [200], 'neurons_per_layer_decoder': [200, 100, 50]}",200,"[200, 100, 50]",[200],[0.23567449079029956],0.7297740796361827,COMPLETE
356,0.07071532114878731,2025-01-10 08:12:16.537116,2025-01-10 08:12:19.994832,0 days 00:00:03.457716,0.035964457819271135,32,0.30000000000000004,196,100,4.095336342765963e-06,460,0.002284407713174772,3,1,adam,"{'neurons_per_layer_encoder': [196], 'neurons_per_layer_decoder': [196, 98, 49]}",196,"[196, 98, 49]",[196],[0.07071532114878731],0.6345302229691978,COMPLETE
357,0.06332468166707883,2025-01-10 08:12:17.632340,2025-01-10 08:12:20.683571,0 days 00:00:03.051231,0.04374728041151796,32,0.30000000000000004,76,100,6.171895800559921e-06,163,0.0022799502003837497,3,1,adam,"{'neurons_per_layer_encoder': [76], 'neurons_per_layer_decoder': [76, 38, 19]}",76,"[76, 38, 19]",[76],[0.06332468166707883],0.7008200286512017,COMPLETE
358,0.23844018343238083,2025-01-10 08:12:17.704380,2025-01-10 08:12:20.645823,0 days 00:00:02.941443,0.03627334247028493,32,0.30000000000000004,76,100,2.7189938816085964e-06,147,0.004587001920839517,3,1,adam,"{'neurons_per_layer_encoder': [76], 'neurons_per_layer_decoder': [76, 38, 19]}",76,"[76, 38, 19]",[76],[0.23844018343238083],0.7193312896211672,COMPLETE
359,0.3589500523485114,2025-01-10 08:12:20.003694,2025-01-10 08:12:24.290975,0 days 00:00:04.287281,0.043703475742194374,32,0.30000000000000004,208,100,5.933676829757173e-06,504,0.0052623256012821916,3,1,adam,"{'neurons_per_layer_encoder': [208], 'neurons_per_layer_decoder': [208, 104, 52]}",208,"[208, 104, 52]",[208],[0.3589500523485114],0.7433619017084128,COMPLETE
360,0.017828403002741133,2025-01-10 08:12:20.480301,2025-01-10 08:12:24.273640,0 days 00:00:03.793339,0.032214499109323634,32,0.30000000000000004,168,100,2.909397497037093e-06,384,0.001949882738873996,3,1,adam,"{'neurons_per_layer_encoder': [168], 'neurons_per_layer_decoder': [168, 84, 42]}",168,"[168, 84, 42]",[168],[0.017828403002741133],0.6169815543175556,COMPLETE
361,0.24743592148060423,2025-01-10 08:12:20.481707,2025-01-10 08:12:24.026317,0 days 00:00:03.544610,0.03454334290159773,32,0.30000000000000004,172,100,2.6599412385605647e-06,388,0.0018961810113587287,3,1,adam,"{'neurons_per_layer_encoder': [172], 'neurons_per_layer_decoder': [172, 86, 43]}",172,"[172, 86, 43]",[172],[0.24743592148060423],0.6905775278790085,COMPLETE
362,-0.9845689311649817,2025-01-10 08:12:20.653677,2025-01-10 08:12:23.757435,0 days 00:00:03.103758,0.03400869218954971,32,0.30000000000000004,52,100,3.438680211797785e-06,105,0.0019685886040805792,3,1,adam,"{'neurons_per_layer_encoder': [52], 'neurons_per_layer_decoder': [52, 26, 13]}",52,"[52, 26, 13]",[52],[-0.9845689311649817],0.3785562274919901,COMPLETE
363,-0.1381955366528087,2025-01-10 08:12:20.691527,2025-01-10 08:12:24.171130,0 days 00:00:03.479603,0.031125118440316485,32,0.30000000000000004,168,100,3.6990667701839284e-06,192,0.001900094407502041,3,1,adam,"{'neurons_per_layer_encoder': [168], 'neurons_per_layer_decoder': [168, 84, 42]}",168,"[168, 84, 42]",[168],[-0.1381955366528087],0.587445307024691,COMPLETE
364,-1.01733929335622,2025-01-10 08:12:23.766087,2025-01-10 08:12:27.644120,0 days 00:00:03.878033,0.03215371593024098,32,0.30000000000000004,172,100,2.8248290066531755e-06,388,0.005702737448487557,3,1,adam,"{'neurons_per_layer_encoder': [172], 'neurons_per_layer_decoder': [172, 86, 43]}",172,"[172, 86, 43]",[172],[-1.01733929335622],-0.01668578655140943,COMPLETE
365,0.24496025968072221,2025-01-10 08:12:24.034370,2025-01-10 08:12:27.513900,0 days 00:00:03.479530,0.041158352569877585,32,0.30000000000000004,168,100,3.9506660674783915e-06,192,0.009842082147512275,3,1,adam,"{'neurons_per_layer_encoder': [168], 'neurons_per_layer_decoder': [168, 84, 42]}",168,"[168, 84, 42]",[168],[0.24496025968072221],0.6259269891068471,COMPLETE
366,0.53751123043012,2025-01-10 08:12:24.179615,2025-01-10 08:12:28.484919,0 days 00:00:04.305304,0.04006586994542755,32,0.30000000000000004,212,100,5.0650032258455175e-06,508,0.005736997411221123,3,1,adam,"{'neurons_per_layer_encoder': [212], 'neurons_per_layer_decoder': [212, 106, 53]}",212,"[212, 106, 53]",[212],[0.53751123043012],0.8102375840535765,COMPLETE
367,0.18455544524344647,2025-01-10 08:12:24.282063,2025-01-10 08:12:26.758697,0 days 00:00:02.476634,0.03874626209415203,32,0.30000000000000004,176,100,4.09514020444732e-06,200,0.005457387788321269,3,1,adam,"{'neurons_per_layer_encoder': [176], 'neurons_per_layer_decoder': [176, 88, 44]}",176,"[176, 88, 44]",[176],[0.18455544524344647],0.7114590123991086,COMPLETE
368,-0.28079734255103017,2025-01-10 08:12:24.299510,2025-01-10 08:12:27.126023,0 days 00:00:02.826513,0.039492652469184916,32,0.30000000000000004,180,100,3.506323377008528e-05,428,0.009801425545579678,3,1,sgd,"{'neurons_per_layer_encoder': [180], 'neurons_per_layer_decoder': [180, 90, 45]}",180,"[180, 90, 45]",[180],[-0.28079734255103017],0.8304483652605492,COMPLETE
369,-1.0795793193333392,2025-01-10 08:12:26.766153,2025-01-10 08:12:29.788219,0 days 00:00:03.022066,0.026837409084634063,40,0.30000000000000004,212,100,4.989398312273897e-06,508,0.006019249205831858,3,1,sgd,"{'neurons_per_layer_encoder': [212], 'neurons_per_layer_decoder': [212, 106, 53]}",212,"[212, 106, 53]",[212],[-1.0795793193333392],0.688176561313892,COMPLETE
370,0.47553242540699703,2025-01-10 08:12:27.133997,2025-01-10 08:12:31.202314,0 days 00:00:04.068317,0.04091637071066116,40,0.30000000000000004,168,100,4.933196521967984e-06,320,0.006257213565813474,3,1,adam,"{'neurons_per_layer_encoder': [168], 'neurons_per_layer_decoder': [168, 84, 42]}",168,"[168, 84, 42]",[168],[0.47553242540699703],0.7177169054004512,COMPLETE
371,0.4648707700180258,2025-01-10 08:12:27.523052,2025-01-10 08:12:32.497294,0 days 00:00:04.974242,0.04702416340263651,40,0.30000000000000004,212,100,4.899624877381939e-06,508,0.0016865312264013857,3,1,adam,"{'neurons_per_layer_encoder': [212], 'neurons_per_layer_decoder': [212, 106, 53]}",212,"[212, 106, 53]",[212],[0.4648707700180258],0.7599920672589838,COMPLETE
372,0.26104932598029884,2025-01-10 08:12:27.652862,2025-01-10 08:12:35.815940,0 days 00:00:08.163078,0.04730450528738811,40,0.30000000000000004,216,100,1.8176924667354753e-05,888,0.0013983399036189594,3,3,adam,"{'neurons_per_layer_encoder': [216, 432, 864], 'neurons_per_layer_decoder': [864, 432, 216]}",216,"[864, 432, 216]","[216, 432, 864]",[0.26104932598029884],0.9293152579485664,COMPLETE
373,0.38942008537025585,2025-01-10 08:12:28.494416,2025-01-10 08:12:33.676365,0 days 00:00:05.181949,0.037641407516144934,32,0.30000000000000004,220,100,4.977784095078006e-06,532,0.007176779088003063,3,1,adam,"{'neurons_per_layer_encoder': [220], 'neurons_per_layer_decoder': [220, 110, 55]}",220,"[220, 110, 55]",[220],[0.38942008537025585],0.7542193958155371,COMPLETE
374,-0.03538236310932774,2025-01-10 08:12:29.796686,2025-01-10 08:12:33.055680,0 days 00:00:03.258994,0.03723399869932256,32,0.30000000000000004,72,100,4.6587071666675305e-06,143,0.007008513607146614,3,1,adam,"{'neurons_per_layer_encoder': [72], 'neurons_per_layer_decoder': [72, 36, 18]}",72,"[72, 36, 18]",[72],[-0.03538236310932774],0.6382784161098348,COMPLETE
375,0.3782226137937553,2025-01-10 08:12:31.210904,2025-01-10 08:12:35.885952,0 days 00:00:04.675048,0.038626278531854144,32,0.30000000000000004,236,100,4.2809408555991086e-06,292,0.00739489921937051,3,1,adam,"{'neurons_per_layer_encoder': [236], 'neurons_per_layer_decoder': [236, 118, 59]}",236,"[236, 118, 59]",[236],[0.3782226137937553],0.6963188654518505,COMPLETE
376,0.537310085653174,2025-01-10 08:12:32.506333,2025-01-10 08:12:36.956722,0 days 00:00:04.450389,0.03839392654744764,40,0.30000000000000004,232,100,5.049403457030359e-06,320,0.007554946707727115,3,1,adam,"{'neurons_per_layer_encoder': [232], 'neurons_per_layer_decoder': [232, 116, 58]}",232,"[232, 116, 58]",[232],[0.537310085653174],0.7457697223388697,COMPLETE
377,0.0336478382493558,2025-01-10 08:12:33.065383,2025-01-10 08:12:36.745597,0 days 00:00:03.680214,0.04011011536182969,40,0.30000000000000004,224,100,5.148381639769478e-06,328,0.0014175188925721982,3,1,adam,"{'neurons_per_layer_encoder': [224], 'neurons_per_layer_decoder': [224, 112, 56]}",224,"[224, 112, 56]",[224],[0.0336478382493558],0.6413461450975771,COMPLETE
378,0.00533090102445688,2025-01-10 08:12:33.686172,2025-01-10 08:12:37.248056,0 days 00:00:03.561884,0.03982049015939636,128,0.30000000000000004,216,100,4.339511459428626e-06,512,0.00427890875755666,3,1,adam,"{'neurons_per_layer_encoder': [216], 'neurons_per_layer_decoder': [216, 108, 54]}",216,"[216, 108, 54]",[216],[0.00533090102445688],0.6833251264406123,COMPLETE
379,0.444819426979275,2025-01-10 08:12:35.825577,2025-01-10 08:12:40.078070,0 days 00:00:04.252493,0.04071316356156954,40,0.30000000000000004,200,100,5.333408670398214e-06,464,0.004651328062237302,3,1,adam,"{'neurons_per_layer_encoder': [200], 'neurons_per_layer_decoder': [200, 100, 50]}",200,"[200, 100, 50]",[200],[0.444819426979275],0.6923145017766636,COMPLETE
380,0.5396546549980333,2025-01-10 08:12:35.895459,2025-01-10 08:12:39.795112,0 days 00:00:03.899653,0.04380706116193763,40,0.30000000000000004,224,100,5.450492329453931e-06,328,0.004458421258638524,3,1,adam,"{'neurons_per_layer_encoder': [224], 'neurons_per_layer_decoder': [224, 112, 56]}",224,"[224, 112, 56]",[224],[0.5396546549980333],0.7735410542821634,COMPLETE
381,0.4558104390408001,2025-01-10 08:12:36.754612,2025-01-10 08:12:40.959426,0 days 00:00:04.204814,0.0441683215114228,40,0.30000000000000004,212,100,5.324208628019636e-06,492,0.004848606051878406,3,1,adam,"{'neurons_per_layer_encoder': [212], 'neurons_per_layer_decoder': [212, 106, 53]}",212,"[212, 106, 53]",[212],[0.4558104390408001],0.7182208830264636,COMPLETE
382,0.37397819489407447,2025-01-10 08:12:36.965886,2025-01-10 08:12:41.404359,0 days 00:00:04.438473,0.042450227479156416,40,0.30000000000000004,220,100,5.843413000080888e-06,532,0.004897045555403802,3,1,adam,"{'neurons_per_layer_encoder': [220], 'neurons_per_layer_decoder': [220, 110, 55]}",220,"[220, 110, 55]",[220],[0.37397819489407447],0.6786961558064912,COMPLETE
383,0.516235412092502,2025-01-10 08:12:37.256435,2025-01-10 08:12:41.476849,0 days 00:00:04.220414,0.04357781685215578,40,0.30000000000000004,244,100,5.5152670615025415e-06,492,0.004932711734970792,3,1,adam,"{'neurons_per_layer_encoder': [244], 'neurons_per_layer_decoder': [244, 122, 61]}",244,"[244, 122, 61]",[244],[0.516235412092502],0.7461892148172318,COMPLETE
384,0.3351185221127342,2025-01-10 08:12:39.803921,2025-01-10 08:12:43.670089,0 days 00:00:03.866168,0.04401231822905401,40,0.30000000000000004,236,100,5.634001627752192e-06,308,0.0042791448613796685,3,1,adam,"{'neurons_per_layer_encoder': [236], 'neurons_per_layer_decoder': [236, 118, 59]}",236,"[236, 118, 59]",[236],[0.3351185221127342],0.6576846502302623,COMPLETE
385,0.35186750157341007,2025-01-10 08:12:40.086889,2025-01-10 08:12:43.495698,0 days 00:00:03.408809,0.04320479349168609,40,0.30000000000000004,240,100,5.321721188309075e-06,328,0.004965332865569959,3,1,adam,"{'neurons_per_layer_encoder': [240], 'neurons_per_layer_decoder': [240, 120, 60]}",240,"[240, 120, 60]",[240],[0.35186750157341007],0.7194771237117963,COMPLETE
386,0.3283259278939217,2025-01-10 08:12:40.968118,2025-01-10 08:12:45.347408,0 days 00:00:04.379290,0.04301493391683379,40,0.30000000000000004,228,100,5.9440989289774115e-06,540,0.00397356325971017,3,1,adam,"{'neurons_per_layer_encoder': [228], 'neurons_per_layer_decoder': [228, 114, 57]}",228,"[228, 114, 57]",[228],[0.3283259278939217],0.6862300651330644,COMPLETE
387,0.5304944828360061,2025-01-10 08:12:41.412887,2025-01-10 08:12:45.810831,0 days 00:00:04.397944,0.04304418368793509,40,0.30000000000000004,236,100,5.696983248147027e-06,548,0.0038032169124735484,3,1,adam,"{'neurons_per_layer_encoder': [236], 'neurons_per_layer_decoder': [236, 118, 59]}",236,"[236, 118, 59]",[236],[0.5304944828360061],0.7678872038088268,COMPLETE
388,0.27752246077381915,2025-01-10 08:12:41.486089,2025-01-10 08:12:44.402524,0 days 00:00:02.916435,0.04335263836387757,40,0.30000000000000004,236,100,6.156242758209391e-06,308,0.003998429254001235,3,1,adam,"{'neurons_per_layer_encoder': [236], 'neurons_per_layer_decoder': [236, 118, 59]}",236,"[236, 118, 59]",[236],[0.27752246077381915],0.7113345892627724,COMPLETE
389,0.3131765841807388,2025-01-10 08:12:43.503940,2025-01-10 08:12:47.399631,0 days 00:00:03.895691,0.045874591785595026,40,0.30000000000000004,240,100,6.1318084289533965e-06,312,0.003985632797900671,3,1,adam,"{'neurons_per_layer_encoder': [240], 'neurons_per_layer_decoder': [240, 120, 60]}",240,"[240, 120, 60]",[240],[0.3131765841807388],0.6621256581049695,COMPLETE
390,0.40236486090012025,2025-01-10 08:12:43.679412,2025-01-10 08:12:47.890709,0 days 00:00:04.211297,0.04639227109515609,40,0.30000000000000004,256,100,6.4728280877607415e-06,344,0.0037426786449340794,3,1,adam,"{'neurons_per_layer_encoder': [256], 'neurons_per_layer_decoder': [256, 128, 64]}",256,"[256, 128, 64]",[256],[0.40236486090012025],0.7391890763066904,COMPLETE
391,0.4923100936761584,2025-01-10 08:12:44.410606,2025-01-10 08:12:48.415337,0 days 00:00:04.004731,0.0468389139701734,40,0.30000000000000004,252,100,4.762292365815565e-06,340,0.00364703707474047,3,1,adam,"{'neurons_per_layer_encoder': [252], 'neurons_per_layer_decoder': [252, 126, 63]}",252,"[252, 126, 63]",[252],[0.4923100936761584],0.7662585888547001,COMPLETE
392,0.40327810142013143,2025-01-10 08:12:45.356855,2025-01-10 08:12:49.205960,0 days 00:00:03.849105,0.04656550319153054,40,0.30000000000000004,248,100,4.617446358591526e-06,320,0.0036266141843867145,3,1,adam,"{'neurons_per_layer_encoder': [248], 'neurons_per_layer_decoder': [248, 124, 62]}",248,"[248, 124, 62]",[248],[0.40327810142013143],0.6965686399805838,COMPLETE
393,0.3390365702122313,2025-01-10 08:12:45.819567,2025-01-10 08:12:49.616569,0 days 00:00:03.797002,0.03965501236100144,40,0.30000000000000004,248,100,4.8682512019711825e-06,320,0.003605004511347587,3,1,adam,"{'neurons_per_layer_encoder': [248], 'neurons_per_layer_decoder': [248, 124, 62]}",248,"[248, 124, 62]",[248],[0.3390365702122313],0.6545468792604052,COMPLETE
394,0.359949871072217,2025-01-10 08:12:47.408248,2025-01-10 08:12:51.631908,0 days 00:00:04.223660,0.040515202968357894,40,0.30000000000000004,232,100,4.888706402086875e-06,496,0.003494083111730603,3,1,adam,"{'neurons_per_layer_encoder': [232], 'neurons_per_layer_decoder': [232, 116, 58]}",232,"[232, 116, 58]",[232],[0.359949871072217],0.6625051195184818,COMPLETE
395,0.3284371116257966,2025-01-10 08:12:47.898713,2025-01-10 08:12:52.138406,0 days 00:00:04.239693,0.040156741889372016,40,0.30000000000000004,228,100,4.519324209026803e-06,540,0.0033469591967714377,3,1,adam,"{'neurons_per_layer_encoder': [228], 'neurons_per_layer_decoder': [228, 114, 57]}",228,"[228, 114, 57]",[228],[0.3284371116257966],0.6181825205535181,COMPLETE
396,0.45678661142827703,2025-01-10 08:12:48.423888,2025-01-10 08:12:52.774277,0 days 00:00:04.350389,0.04021828503787966,40,0.30000000000000004,248,100,5.061657524765664e-06,320,0.0035891904329219296,3,1,adam,"{'neurons_per_layer_encoder': [248], 'neurons_per_layer_decoder': [248, 124, 62]}",248,"[248, 124, 62]",[248],[0.45678661142827703],0.7055712185406341,COMPLETE
