number,value,datetime_start,datetime_complete,duration,params_alpha,params_batch_size,params_drop_out_rate,params_encoder_neurons_layer_1,params_epochs,params_lambda,params_latent_dim,params_learning_rate,params_num_layers_decoder,params_num_layers_encoder,params_optimizer,user_attrs_encoder_decoder_config,user_attrs_first_layer_neurons,user_attrs_neurons_per_layer_decoder,user_attrs_neurons_per_layer_encoder,user_attrs_r2_feature_1,user_attrs_relative_deterioration,state
455,0.16869592732753957,2025-01-10 08:19:42.971675,2025-01-10 08:19:46.602877,0 days 00:00:03.631202,0.029352874785454036,40,0.2,240,100,5.695108359229929e-06,456,0.005476504602820567,3,1,adam,"{'neurons_per_layer_encoder': [240], 'neurons_per_layer_decoder': [240, 120, 60]}",240,"[240, 120, 60]",[240],[0.16869592732753957],0.5476501172265428,COMPLETE
456,0.5180706674503144,2025-01-10 08:19:43.028767,2025-01-10 08:19:47.300170,0 days 00:00:04.271403,0.028813400461507238,40,0.30000000000000004,240,100,5.546921208038998e-06,456,0.0068891438784029375,3,1,adam,"{'neurons_per_layer_encoder': [240], 'neurons_per_layer_decoder': [240, 120, 60]}",240,"[240, 120, 60]",[240],[0.5180706674503144],0.7159411572462776,COMPLETE
457,-9.945688188982531,2025-01-10 08:19:43.031613,2025-01-10 08:19:47.246568,0 days 00:00:04.214955,0.029184542751452356,40,0.2,240,100,7.80086973322486e-06,456,2.173528826548637e-05,3,1,adam,"{'neurons_per_layer_encoder': [240], 'neurons_per_layer_decoder': [240, 120, 60]}",240,"[240, 120, 60]",[240],[-9.945688188982531],0.4244247928706439,COMPLETE
458,0.08438275209477475,2025-01-10 08:19:43.074392,2025-01-10 08:19:47.274991,0 days 00:00:04.200599,0.032990586196277726,40,0.2,228,100,7.708312913647269e-06,460,0.007710836036693025,3,1,adam,"{'neurons_per_layer_encoder': [228], 'neurons_per_layer_decoder': [228, 114, 57]}",228,"[228, 114, 57]",[228],[0.08438275209477475],0.5219357233710501,COMPLETE
459,0.3303551484418029,2025-01-10 08:19:43.128963,2025-01-10 08:19:47.294108,0 days 00:00:04.165145,0.02606133403498073,40,0.2,228,100,8.14132451908596e-06,524,0.007698560690414587,3,1,adam,"{'neurons_per_layer_encoder': [228], 'neurons_per_layer_decoder': [228, 114, 57]}",228,"[228, 114, 57]",[228],[0.3303551484418029],0.6323515323339524,COMPLETE
460,0.6118467405128842,2025-01-10 08:19:46.611482,2025-01-10 08:19:50.777340,0 days 00:00:04.165858,0.026961203988166593,40,0.30000000000000004,228,100,7.607078843545465e-06,492,0.007554797682123537,3,1,adam,"{'neurons_per_layer_encoder': [228], 'neurons_per_layer_decoder': [228, 114, 57]}",228,"[228, 114, 57]",[228],[0.6118467405128842],0.8184222403669851,COMPLETE
461,0.31191200702466115,2025-01-10 08:19:47.255997,2025-01-10 08:19:51.133161,0 days 00:00:03.877164,0.02692427920203534,48,0.2,228,100,5.637258484338594e-06,524,0.007893321416649763,3,1,adam,"{'neurons_per_layer_encoder': [228], 'neurons_per_layer_decoder': [228, 114, 57]}",228,"[228, 114, 57]",[228],[0.31191200702466115],0.5154686760467703,COMPLETE
462,0.19067025298045048,2025-01-10 08:19:47.288352,2025-01-10 08:19:51.211136,0 days 00:00:03.922784,0.03256712234210739,48,0.2,248,100,4.516204127714564e-06,464,0.005388733880813135,3,1,adam,"{'neurons_per_layer_encoder': [248], 'neurons_per_layer_decoder': [248, 124, 62]}",248,"[248, 124, 62]",[248],[0.19067025298045048],0.47148934794225816,COMPLETE
463,0.40511508947751795,2025-01-10 08:19:47.306903,2025-01-10 08:19:51.255688,0 days 00:00:03.948785,0.03055005172497025,48,0.2,248,100,5.294718417653807e-06,464,0.005581990575665516,3,1,adam,"{'neurons_per_layer_encoder': [248], 'neurons_per_layer_decoder': [248, 124, 62]}",248,"[248, 124, 62]",[248],[0.40511508947751795],0.6102597995456323,COMPLETE
464,0.3078222741264822,2025-01-10 08:19:47.316119,2025-01-10 08:19:51.230206,0 days 00:00:03.914087,0.0327149972284582,48,0.2,248,100,5.4945457916997e-06,464,0.005416825899123107,3,1,adam,"{'neurons_per_layer_encoder': [248], 'neurons_per_layer_decoder': [248, 124, 62]}",248,"[248, 124, 62]",[248],[0.3078222741264822],0.5419363656681273,COMPLETE
465,0.44761931330867066,2025-01-10 08:19:50.787174,2025-01-10 08:19:54.537023,0 days 00:00:03.749849,0.026730470666060987,48,0.1,220,100,5.380079886735723e-06,532,0.008494083417660383,3,1,adam,"{'neurons_per_layer_encoder': [220], 'neurons_per_layer_decoder': [220, 110, 55]}",220,"[220, 110, 55]",[220],[0.44761931330867066],0.585459630872491,COMPLETE
466,0.4214722805921318,2025-01-10 08:19:51.142640,2025-01-10 08:19:55.123287,0 days 00:00:03.980647,0.02703280663912563,40,0.2,248,100,7.108205951513024e-06,480,0.006781980324728691,3,1,adam,"{'neurons_per_layer_encoder': [248], 'neurons_per_layer_decoder': [248, 124, 62]}",248,"[248, 124, 62]",[248],[0.4214722805921318],0.7196208487523895,COMPLETE
467,0.424853993680236,2025-01-10 08:19:51.218854,2025-01-10 08:19:55.159181,0 days 00:00:03.940327,0.025328092757008557,40,0.2,220,100,6.755323537315836e-06,484,0.0068408838874661005,3,1,adam,"{'neurons_per_layer_encoder': [220], 'neurons_per_layer_decoder': [220, 110, 55]}",220,"[220, 110, 55]",[220],[0.424853993680236],0.6845180260302138,COMPLETE
468,0.20930073943210714,2025-01-10 08:19:51.266470,2025-01-10 08:19:55.289491,0 days 00:00:04.023021,0.025171372598710832,40,0.1,232,100,6.656302509960546e-06,496,0.006578596621182587,3,1,adam,"{'neurons_per_layer_encoder': [232], 'neurons_per_layer_decoder': [232, 116, 58]}",232,"[232, 116, 58]",[232],[0.20930073943210714],0.492551410193102,COMPLETE
469,0.375842917335236,2025-01-10 08:19:51.266498,2025-01-10 08:19:55.227347,0 days 00:00:03.960849,0.026683711846293947,40,0.30000000000000004,220,100,6.876872629487281e-06,484,0.00685321271533873,3,1,adam,"{'neurons_per_layer_encoder': [220], 'neurons_per_layer_decoder': [220, 110, 55]}",220,"[220, 110, 55]",[220],[0.375842917335236],0.7174095465846777,COMPLETE
470,0.5590585237503608,2025-01-10 08:19:54.545865,2025-01-10 08:19:58.405980,0 days 00:00:03.860115,0.025762892221148078,40,0.30000000000000004,216,100,6.945886327009824e-06,416,0.00672524035663523,3,1,adam,"{'neurons_per_layer_encoder': [216], 'neurons_per_layer_decoder': [216, 108, 54]}",216,"[216, 108, 54]",[216],[0.5590585237503608],0.7894505941258281,COMPLETE
471,0.5137753830780554,2025-01-10 08:19:55.131572,2025-01-10 08:19:59.121965,0 days 00:00:03.990393,0.02580867724854342,40,0.30000000000000004,208,100,6.587515688619822e-06,488,0.006789917751464774,3,1,adam,"{'neurons_per_layer_encoder': [208], 'neurons_per_layer_decoder': [208, 104, 52]}",208,"[208, 104, 52]",[208],[0.5137753830780554],0.743048576990969,COMPLETE
472,0.5867068486854226,2025-01-10 08:19:55.170565,2025-01-10 08:19:59.284374,0 days 00:00:04.113809,0.02879535749916355,40,0.4,232,100,3.6191002676328293e-06,496,0.008736142213267966,3,1,adam,"{'neurons_per_layer_encoder': [232], 'neurons_per_layer_decoder': [232, 116, 58]}",232,"[232, 116, 58]",[232],[0.5867068486854226],0.7875461608898688,COMPLETE
473,0.4614664905844933,2025-01-10 08:19:55.240629,2025-01-10 08:19:59.311455,0 days 00:00:04.070826,0.029924668671272827,40,0.30000000000000004,232,100,4.58023320817601e-06,496,0.008073545581971202,3,1,adam,"{'neurons_per_layer_encoder': [232], 'neurons_per_layer_decoder': [232, 116, 58]}",232,"[232, 116, 58]",[232],[0.4614664905844933],0.7468554253665127,COMPLETE
474,0.5384538468966221,2025-01-10 08:19:55.307483,2025-01-10 08:19:59.370925,0 days 00:00:04.063442,0.02246359989216178,40,0.30000000000000004,240,100,3.5787100202267914e-06,488,0.00888375089592439,3,1,adam,"{'neurons_per_layer_encoder': [240], 'neurons_per_layer_decoder': [240, 120, 60]}",240,"[240, 120, 60]",[240],[0.5384538468966221],0.7520470595941934,COMPLETE
475,0.32635162613623825,2025-01-10 08:19:58.415137,2025-01-10 08:20:02.570606,0 days 00:00:04.155469,0.023675449582711783,40,0.30000000000000004,216,100,8.155995420193691e-06,512,0.008060675057527665,3,1,adam,"{'neurons_per_layer_encoder': [216], 'neurons_per_layer_decoder': [216, 108, 54]}",216,"[216, 108, 54]",[216],[0.32635162613623825],0.6864859350747268,COMPLETE
476,-0.07457589122505848,2025-01-10 08:19:59.131355,2025-01-10 08:20:02.270116,0 days 00:00:03.138761,0.023778847014749502,40,0.30000000000000004,216,100,3.5451466723929467e-06,512,0.008188274956009569,3,1,adam,"{'neurons_per_layer_encoder': [216], 'neurons_per_layer_decoder': [216, 108, 54]}",216,"[216, 108, 54]",[216],[-0.07457589122505848],0.5075182454204094,COMPLETE
477,0.19866016537664766,2025-01-10 08:19:59.293486,2025-01-10 08:20:03.117831,0 days 00:00:03.824345,0.0293889084286744,40,0.30000000000000004,212,100,4.365271619241806e-06,412,0.00885215003400537,3,1,adam,"{'neurons_per_layer_encoder': [212], 'neurons_per_layer_decoder': [212, 106, 53]}",212,"[212, 106, 53]",[212],[0.19866016537664766],0.5701763456812383,COMPLETE
478,0.5202736763849136,2025-01-10 08:19:59.322780,2025-01-10 08:20:03.322090,0 days 00:00:03.999310,0.028252916161053274,40,0.4,212,100,4.137457847156291e-06,508,0.00891108991058658,3,1,adam,"{'neurons_per_layer_encoder': [212], 'neurons_per_layer_decoder': [212, 106, 53]}",212,"[212, 106, 53]",[212],[0.5202736763849136],0.7675869751579156,COMPLETE
479,0.4462469150330456,2025-01-10 08:19:59.385679,2025-01-10 08:20:03.394441,0 days 00:00:04.008762,0.024527906116478846,40,0.4,224,100,3.4625651852496904e-06,424,0.008425480781833868,3,1,adam,"{'neurons_per_layer_encoder': [224], 'neurons_per_layer_decoder': [224, 112, 56]}",224,"[224, 112, 56]",[224],[0.4462469150330456],0.7449203097493134,COMPLETE
480,0.48960684902237406,2025-01-10 08:20:02.279167,2025-01-10 08:20:06.146962,0 days 00:00:03.867795,0.027656009162930494,40,0.4,212,100,2.8931373664873172e-06,476,0.00876043460146207,3,1,adam,"{'neurons_per_layer_encoder': [212], 'neurons_per_layer_decoder': [212, 106, 53]}",212,"[212, 106, 53]",[212],[0.48960684902237406],0.7131895204241179,COMPLETE
481,0.26060183781485224,2025-01-10 08:20:02.579274,2025-01-10 08:20:05.206338,0 days 00:00:02.627064,0.02072256244128693,40,0.30000000000000004,224,100,2.8700814076156907e-06,424,0.008793846263492519,3,1,adam,"{'neurons_per_layer_encoder': [224], 'neurons_per_layer_decoder': [224, 112, 56]}",224,"[224, 112, 56]",[224],[0.26060183781485224],0.6815940222414316,COMPLETE
482,0.5401596391461236,2025-01-10 08:20:03.126217,2025-01-10 08:20:07.041528,0 days 00:00:03.915311,0.019897379977673255,40,0.4,224,100,3.5717820401664343e-06,424,0.008937785068426357,3,1,adam,"{'neurons_per_layer_encoder': [224], 'neurons_per_layer_decoder': [224, 112, 56]}",224,"[224, 112, 56]",[224],[0.5401596391461236],0.7628682345566449,COMPLETE
483,0.42515918409983633,2025-01-10 08:20:03.330009,2025-01-10 08:20:07.227134,0 days 00:00:03.897125,0.02761226840578298,40,0.4,208,100,3.2746116767345685e-06,504,0.009408329691634127,3,1,adam,"{'neurons_per_layer_encoder': [208], 'neurons_per_layer_decoder': [208, 104, 52]}",208,"[208, 104, 52]",[208],[0.42515918409983633],0.7238873757306136,COMPLETE
484,0.5143781399702365,2025-01-10 08:20:03.402616,2025-01-10 08:20:07.296931,0 days 00:00:03.894315,0.02014047489249948,40,0.4,208,100,3.5054864985127633e-06,504,0.009051010168810002,3,1,adam,"{'neurons_per_layer_encoder': [208], 'neurons_per_layer_decoder': [208, 104, 52]}",208,"[208, 104, 52]",[208],[0.5143781399702365],0.7968349485462367,COMPLETE
485,0.3558490636539492,2025-01-10 08:20:05.215070,2025-01-10 08:20:08.332743,0 days 00:00:03.117673,0.020236887595859235,80,0.30000000000000004,212,100,3.4492599539253687e-06,476,0.009231266949453653,3,1,adam,"{'neurons_per_layer_encoder': [212], 'neurons_per_layer_decoder': [212, 106, 53]}",212,"[212, 106, 53]",[212],[0.3558490636539492],0.6154807930453549,COMPLETE
486,0.558692989126671,2025-01-10 08:20:06.155644,2025-01-10 08:20:10.086153,0 days 00:00:03.930509,0.01834193709899851,40,0.4,212,100,3.3945101933885233e-06,508,0.009497763496946284,3,1,adam,"{'neurons_per_layer_encoder': [212], 'neurons_per_layer_decoder': [212, 106, 53]}",212,"[212, 106, 53]",[212],[0.558692989126671],0.7985454020749289,COMPLETE
487,0.4429933615108076,2025-01-10 08:20:07.049758,2025-01-10 08:20:11.060143,0 days 00:00:04.010385,0.019732474754148462,40,0.4,224,100,3.545564926486061e-06,488,0.009526832047531053,3,1,adam,"{'neurons_per_layer_encoder': [224], 'neurons_per_layer_decoder': [224, 112, 56]}",224,"[224, 112, 56]",[224],[0.4429933615108076],0.7319257762363808,COMPLETE
488,0.46771072735099795,2025-01-10 08:20:07.235120,2025-01-10 08:20:11.097167,0 days 00:00:03.862047,0.01886521584047065,40,0.4,224,100,3.5185965371962606e-06,376,0.009612482161466216,3,1,adam,"{'neurons_per_layer_encoder': [224], 'neurons_per_layer_decoder': [224, 112, 56]}",224,"[224, 112, 56]",[224],[0.46771072735099795],0.726130359223105,COMPLETE
489,0.4428744303992761,2025-01-10 08:20:07.305232,2025-01-10 08:20:11.296114,0 days 00:00:03.990882,0.022034976063760585,40,0.4,228,100,2.8764860734175878e-06,412,0.007610510760078436,3,1,adam,"{'neurons_per_layer_encoder': [228], 'neurons_per_layer_decoder': [228, 114, 57]}",228,"[228, 114, 57]",[228],[0.4428744303992761],0.7108614552824094,COMPLETE
490,0.2998995582794526,2025-01-10 08:20:08.341134,2025-01-10 08:20:12.442930,0 days 00:00:04.101796,0.023847125843154238,40,0.4,224,100,3.7664410891369834e-06,408,0.007728415127108796,3,1,adam,"{'neurons_per_layer_encoder': [224], 'neurons_per_layer_decoder': [224, 112, 56]}",224,"[224, 112, 56]",[224],[0.2998995582794526],0.6109809593923523,COMPLETE
491,0.26180413458183616,2025-01-10 08:20:10.095422,2025-01-10 08:20:13.006596,0 days 00:00:02.911174,0.022305294275649687,48,0.4,224,100,3.910235024760439e-06,488,0.0099627621387239,3,1,adam,"{'neurons_per_layer_encoder': [224], 'neurons_per_layer_decoder': [224, 112, 56]}",224,"[224, 112, 56]",[224],[0.26180413458183616],0.6524000996105983,COMPLETE
492,0.2228665079820792,2025-01-10 08:20:11.068487,2025-01-10 08:20:14.101433,0 days 00:00:03.032946,0.01626387137927159,48,0.4,204,100,3.887496962326078e-06,484,0.0071603324244522105,3,1,adam,"{'neurons_per_layer_encoder': [204], 'neurons_per_layer_decoder': [204, 102, 51]}",204,"[204, 102, 51]",[204],[0.2228665079820792],0.651995753908892,COMPLETE
493,0.09233714523623382,2025-01-10 08:20:11.106947,2025-01-10 08:20:14.970019,0 days 00:00:03.863072,0.02198760126036703,48,0.4,220,100,4.0083284492071525e-06,420,0.0001668220636568646,3,1,adam,"{'neurons_per_layer_encoder': [220], 'neurons_per_layer_decoder': [220, 110, 55]}",220,"[220, 110, 55]",[220],[0.09233714523623382],0.8329892443087954,COMPLETE
494,0.40657052170276053,2025-01-10 08:20:11.312952,2025-01-10 08:20:15.198301,0 days 00:00:03.885349,0.021661829902606847,48,0.4,204,100,3.920905246657895e-06,484,0.0075747733691121,3,1,adam,"{'neurons_per_layer_encoder': [204], 'neurons_per_layer_decoder': [204, 102, 51]}",204,"[204, 102, 51]",[204],[0.40657052170276053],0.720562902707623,COMPLETE
495,-4.103799642414566,2025-01-10 08:20:12.451087,2025-01-10 08:20:16.190161,0 days 00:00:03.739074,0.017719656009874803,48,0.4,216,100,4.197391876594363e-06,496,0.00012112588723849211,3,1,adam,"{'neurons_per_layer_encoder': [216], 'neurons_per_layer_decoder': [216, 108, 54]}",216,"[216, 108, 54]",[216],[-4.103799642414566],0.4423099450577137,COMPLETE
496,0.3816470719375209,2025-01-10 08:20:13.014304,2025-01-10 08:20:16.896776,0 days 00:00:03.882472,0.01585460656472804,40,0.4,220,100,4.197406404282735e-06,436,0.007282359744002921,3,1,adam,"{'neurons_per_layer_encoder': [220], 'neurons_per_layer_decoder': [220, 110, 55]}",220,"[220, 110, 55]",[220],[0.3816470719375209],0.6763392033253737,COMPLETE
497,0.3474448548106033,2025-01-10 08:20:14.110893,2025-01-10 08:20:18.067660,0 days 00:00:03.956767,0.01608231706680387,40,0.30000000000000004,216,100,4.4257947352055225e-06,496,0.00785069533347602,3,1,adam,"{'neurons_per_layer_encoder': [216], 'neurons_per_layer_decoder': [216, 108, 54]}",216,"[216, 108, 54]",[216],[0.3474448548106033],0.6814965119223667,COMPLETE
498,0.5959101810389833,2025-01-10 08:20:14.978676,2025-01-10 08:20:18.938479,0 days 00:00:03.959803,0.018238224708618155,40,0.4,216,100,3.043638203802217e-06,496,0.007649471954822627,3,1,adam,"{'neurons_per_layer_encoder': [216], 'neurons_per_layer_decoder': [216, 108, 54]}",216,"[216, 108, 54]",[216],[0.5959101810389833],0.7981633096756862,COMPLETE
499,0.5383316764471725,2025-01-10 08:20:15.207265,2025-01-10 08:20:19.168084,0 days 00:00:03.960819,0.01705980625616212,40,0.30000000000000004,216,100,2.9542266136936517e-06,496,0.007910359044158377,3,1,adam,"{'neurons_per_layer_encoder': [216], 'neurons_per_layer_decoder': [216, 108, 54]}",216,"[216, 108, 54]",[216],[0.5383316764471725],0.7350448066004168,COMPLETE
500,0.2853159237836288,2025-01-10 08:20:16.198246,2025-01-10 08:20:20.115038,0 days 00:00:03.916792,0.017380910186471386,40,0.4,232,100,3.0129472535163955e-06,432,0.008048997825587403,3,1,adam,"{'neurons_per_layer_encoder': [232], 'neurons_per_layer_decoder': [232, 116, 58]}",232,"[232, 116, 58]",[232],[0.2853159237836288],0.6205126310782209,COMPLETE
501,-2.0872285866615408,2025-01-10 08:20:16.905567,2025-01-10 08:20:19.738109,0 days 00:00:02.832542,0.01460626815957254,40,0.4,232,100,3.199827175677419e-06,320,0.008037612539246342,3,1,sgd,"{'neurons_per_layer_encoder': [232], 'neurons_per_layer_decoder': [232, 116, 58]}",232,"[232, 116, 58]",[232],[-2.0872285866615408],0.5397543094731644,COMPLETE
502,0.33174474803674914,2025-01-10 08:20:18.076678,2025-01-10 08:20:21.861297,0 days 00:00:03.784619,0.017484248008573452,40,0.4,232,100,2.9877759671447145e-06,304,0.005897614027946226,3,1,adam,"{'neurons_per_layer_encoder': [232], 'neurons_per_layer_decoder': [232, 116, 58]}",232,"[232, 116, 58]",[232],[0.33174474803674914],0.6802351474549202,COMPLETE
503,-0.3449976020487968,2025-01-10 08:20:18.946690,2025-01-10 08:20:21.956873,0 days 00:00:03.010183,0.01429036716685891,40,0.4,228,100,2.921024512593502e-06,492,0.009892787821333885,3,1,sgd,"{'neurons_per_layer_encoder': [228], 'neurons_per_layer_decoder': [228, 114, 57]}",228,"[228, 114, 57]",[228],[-0.3449976020487968],0.7568791000522472,COMPLETE
504,0.04905813745353338,2025-01-10 08:20:19.176950,2025-01-10 08:20:23.182961,0 days 00:00:04.006011,0.01923110662310421,40,0.4,216,100,2.7233457964292546e-06,496,0.00826266562215524,3,1,adam,"{'neurons_per_layer_encoder': [216], 'neurons_per_layer_decoder': [216, 108, 54]}",216,"[216, 108, 54]",[216],[0.04905813745353338],0.46601364752019575,COMPLETE
505,0.41654758542636605,2025-01-10 08:20:19.746271,2025-01-10 08:20:23.639433,0 days 00:00:03.893162,0.017375455489056186,40,0.4,212,100,2.8201661816206013e-06,508,0.008079874702329091,3,1,adam,"{'neurons_per_layer_encoder': [212], 'neurons_per_layer_decoder': [212, 106, 53]}",212,"[212, 106, 53]",[212],[0.41654758542636605],0.6890233184915623,COMPLETE
506,0.3406190049328637,2025-01-10 08:20:20.123464,2025-01-10 08:20:24.094983,0 days 00:00:03.971519,0.01966902496516305,40,0.4,208,100,2.576275346886475e-06,504,0.0062017841534086834,3,1,adam,"{'neurons_per_layer_encoder': [208], 'neurons_per_layer_decoder': [208, 104, 52]}",208,"[208, 104, 52]",[208],[0.3406190049328637],0.6255036065395096,COMPLETE
507,-33.88964360549995,2025-01-10 08:20:21.869335,2025-01-10 08:20:23.942798,0 days 00:00:02.073463,0.022739200799284615,40,0.4,208,100,2.8309603642792133e-06,504,0.009933737010759914,3,1,adadelta,"{'neurons_per_layer_encoder': [208], 'neurons_per_layer_decoder': [208, 104, 52]}",208,"[208, 104, 52]",[208],[-33.88964360549995],0.2617027205846614,COMPLETE
508,0.5038906723545946,2025-01-10 08:20:21.967896,2025-01-10 08:20:25.884216,0 days 00:00:03.916320,0.01866760872935837,40,0.4,208,100,2.7283323079521165e-06,504,0.00853222900360723,3,1,adam,"{'neurons_per_layer_encoder': [208], 'neurons_per_layer_decoder': [208, 104, 52]}",208,"[208, 104, 52]",[208],[0.5038906723545946],0.7569936887040797,COMPLETE
509,-11.137356870978712,2025-01-10 08:20:23.191234,2025-01-10 08:20:27.298263,0 days 00:00:04.107029,0.01819333954588512,40,0.4,212,100,2.617463355022764e-06,508,0.007085226865897338,3,1,adadelta,"{'neurons_per_layer_encoder': [212], 'neurons_per_layer_decoder': [212, 106, 53]}",212,"[212, 106, 53]",[212],[-11.137356870978712],0.5652589765779393,COMPLETE
510,-7.663964977476596,2025-01-10 08:20:23.648847,2025-01-10 08:20:27.697870,0 days 00:00:04.049023,0.01843561729293668,40,0.4,216,100,2.524704539851486e-06,496,0.009903546451769506,3,1,adadelta,"{'neurons_per_layer_encoder': [216], 'neurons_per_layer_decoder': [216, 108, 54]}",216,"[216, 108, 54]",[216],[-7.663964977476596],0.45136669411821695,COMPLETE
511,0.35862388765697206,2025-01-10 08:20:23.951069,2025-01-10 08:20:27.727463,0 days 00:00:03.776394,0.01682759760435274,112,0.4,220,100,2.409219385998043e-06,484,0.00706547219097621,3,1,adam,"{'neurons_per_layer_encoder': [220], 'neurons_per_layer_decoder': [220, 110, 55]}",220,"[220, 110, 55]",[220],[0.35862388765697206],0.6848482914969648,COMPLETE
512,0.3338473726978566,2025-01-10 08:20:24.103526,2025-01-10 08:20:27.172152,0 days 00:00:03.068626,0.018362936706004824,40,0.4,216,100,3.376592638116745e-06,496,0.0064467344309622225,3,1,adam,"{'neurons_per_layer_encoder': [216], 'neurons_per_layer_decoder': [216, 108, 54]}",216,"[216, 108, 54]",[216],[0.3338473726978566],0.7079835223393155,COMPLETE
513,0.1120828129948851,2025-01-10 08:20:25.892216,2025-01-10 08:20:28.772439,0 days 00:00:02.880223,0.01698273065715466,40,0.4,216,100,2.23867956479639e-06,496,0.007045008999361521,3,1,adam,"{'neurons_per_layer_encoder': [216], 'neurons_per_layer_decoder': [216, 108, 54]}",216,"[216, 108, 54]",[216],[0.1120828129948851],0.6617106054136992,COMPLETE
514,0.42390128314664477,2025-01-10 08:20:27.180841,2025-01-10 08:20:31.418819,0 days 00:00:04.237978,0.01717031672536932,40,0.4,220,100,2.1700883060663777e-06,484,0.006958983380662093,3,1,adam,"{'neurons_per_layer_encoder': [220], 'neurons_per_layer_decoder': [220, 110, 55]}",220,"[220, 110, 55]",[220],[0.42390128314664477],0.6779090650036976,COMPLETE
