number,value,datetime_start,datetime_complete,duration,params_alpha,params_batch_size,params_drop_out_rate,params_encoder_neurons_layer_1,params_epochs,params_lambda,params_latent_dim,params_learning_rate,params_num_layers_decoder,params_num_layers_encoder,params_optimizer,user_attrs_encoder_decoder_config,user_attrs_first_layer_neurons,user_attrs_neurons_per_layer_decoder,user_attrs_neurons_per_layer_encoder,user_attrs_r2_feature_1,user_attrs_relative_deterioration,state
515,0.2220401409584305,2025-01-10 08:20:27.307401,2025-01-10 08:20:30.425822,0 days 00:00:03.118421,0.03271464630518505,40,0.4,224,100,2.1883707389168276e-06,488,0.00716614465555513,3,1,adam,"{'neurons_per_layer_encoder': [224], 'neurons_per_layer_decoder': [224, 112, 56]}",224,"[224, 112, 56]",[224],[0.2220401409584305],0.6582590186234983,COMPLETE
516,0.49598303135177846,2025-01-10 08:20:27.708040,2025-01-10 08:20:32.575247,0 days 00:00:04.867207,0.016931495260804855,40,0.4,220,100,2.1214805230446587e-06,484,0.007460026930589737,3,1,adam,"{'neurons_per_layer_encoder': [220], 'neurons_per_layer_decoder': [220, 110, 55]}",220,"[220, 110, 55]",[220],[0.49598303135177846],0.7298510163143515,COMPLETE
517,0.47894924235267267,2025-01-10 08:20:27.738309,2025-01-10 08:20:32.317510,0 days 00:00:04.579201,0.02080230302850627,40,0.4,224,100,3.360017652051447e-06,488,0.007292696052650981,3,1,adam,"{'neurons_per_layer_encoder': [224], 'neurons_per_layer_decoder': [224, 112, 56]}",224,"[224, 112, 56]",[224],[0.47894924235267267],0.7519811531098367,COMPLETE
518,0.5007170832880329,2025-01-10 08:20:28.781156,2025-01-10 08:20:47.352677,0 days 00:00:18.571521,0.019524783713072112,40,0.4,224,100,3.3215994850074003e-06,1816,0.007545047079023809,3,4,adam,"{'neurons_per_layer_encoder': [224, 448, 896, 1792], 'neurons_per_layer_decoder': [1792, 896, 448]}",224,"[1792, 896, 448]","[224, 448, 896, 1792]",[0.5007170832880329],0.9463057890989373,COMPLETE
519,-0.018408697478024205,2025-01-10 08:20:30.437071,2025-01-10 08:20:35.653485,0 days 00:00:05.216414,0.01700945956836857,48,0.4,220,100,0.0009633810409062602,532,0.008734510520272914,3,1,adam,"{'neurons_per_layer_encoder': [220], 'neurons_per_layer_decoder': [220, 110, 55]}",220,"[220, 110, 55]",[220],[-0.018408697478024205],0.8292993049015922,COMPLETE
520,0.25447407169535163,2025-01-10 08:20:31.427878,2025-01-10 08:20:36.203306,0 days 00:00:04.775428,0.02076914902566019,48,0.4,228,100,4.785905985138342e-06,476,0.008492935865010513,3,1,adam,"{'neurons_per_layer_encoder': [228], 'neurons_per_layer_decoder': [228, 114, 57]}",228,"[228, 114, 57]",[228],[0.25447407169535163],0.65165415914746,COMPLETE
521,0.3125542529103996,2025-01-10 08:20:32.326550,2025-01-10 08:20:37.573484,0 days 00:00:05.246934,0.018994013938004508,32,0.4,204,100,3.459549340992467e-06,372,0.008008546360042897,3,1,adam,"{'neurons_per_layer_encoder': [204], 'neurons_per_layer_decoder': [204, 102, 51]}",204,"[204, 102, 51]",[204],[0.3125542529103996],0.7047164768157942,COMPLETE
522,0.47883947859630194,2025-01-10 08:20:32.589395,2025-01-10 08:20:36.118416,0 days 00:00:03.529021,0.01572112298183682,48,0.4,204,100,3.6217866793303486e-06,356,0.008604508661155683,3,1,adam,"{'neurons_per_layer_encoder': [204], 'neurons_per_layer_decoder': [204, 102, 51]}",204,"[204, 102, 51]",[204],[0.47883947859630194],0.7663184609850633,COMPLETE
523,-0.18053728136962088,2025-01-10 08:20:35.662132,2025-01-10 08:20:52.203352,0 days 00:00:16.541220,0.01951891598408793,32,0.4,228,100,3.417359994118065e-06,1848,0.00019478663359955866,3,4,adam,"{'neurons_per_layer_encoder': [228, 456, 912, 1824], 'neurons_per_layer_decoder': [1824, 912, 456]}",228,"[1824, 912, 456]","[228, 456, 912, 1824]",[-0.18053728136962088],0.8567373052093504,COMPLETE
524,0.3202219324088251,2025-01-10 08:20:36.126864,2025-01-10 08:20:45.100831,0 days 00:00:08.973967,0.021592390761773557,32,0.4,228,100,3.221530118680576e-06,476,0.005785446546016911,3,1,adam,"{'neurons_per_layer_encoder': [228], 'neurons_per_layer_decoder': [228, 114, 57]}",228,"[228, 114, 57]",[228],[0.3202219324088251],0.7213805467708102,COMPLETE
525,0.35530759352024743,2025-01-10 08:20:36.214939,2025-01-10 08:20:44.822935,0 days 00:00:08.607996,0.03442049269656367,32,0.4,228,100,3.224038628855771e-06,476,0.0060696517185669825,4,1,adam,"{'neurons_per_layer_encoder': [228], 'neurons_per_layer_decoder': [228, 114, 57, 28]}",228,"[228, 114, 57, 28]",[228],[0.35530759352024743],0.7596677215973185,COMPLETE
526,0.33336252828446267,2025-01-10 08:20:37.584761,2025-01-10 08:21:05.399020,0 days 00:00:27.814259,0.01924463224812587,32,0.4,240,100,4.833222506230833e-06,1944,0.005910597403896274,3,4,adam,"{'neurons_per_layer_encoder': [240, 480, 960, 1920], 'neurons_per_layer_decoder': [1920, 960, 480]}",240,"[1920, 960, 480]","[240, 480, 960, 1920]",[0.33336252828446267],0.948002274362369,COMPLETE
527,0.47828010903729934,2025-01-10 08:20:44.836308,2025-01-10 08:20:53.483230,0 days 00:00:08.646922,0.018091381664191775,40,0.4,236,100,4.580664770176381e-06,420,0.006034911887254707,3,1,adam,"{'neurons_per_layer_encoder': [236], 'neurons_per_layer_decoder': [236, 118, 59]}",236,"[236, 118, 59]",[236],[0.47828010903729934],0.7752628511858476,COMPLETE
528,0.5994440706729315,2025-01-10 08:20:45.117487,2025-01-10 08:20:53.422367,0 days 00:00:08.304880,0.018164075179606495,40,0.30000000000000004,236,100,4.4781913708152374e-06,404,0.009965745602424069,3,1,adam,"{'neurons_per_layer_encoder': [236], 'neurons_per_layer_decoder': [236, 118, 59]}",236,"[236, 118, 59]",[236],[0.5994440706729315],0.8014287250304388,COMPLETE
529,0.5221343402720071,2025-01-10 08:20:47.370415,2025-01-10 08:20:55.119200,0 days 00:00:07.748785,0.0342888728059292,40,0.30000000000000004,236,100,4.46409339088049e-06,420,0.0062471164872923,3,1,adam,"{'neurons_per_layer_encoder': [236], 'neurons_per_layer_decoder': [236, 118, 59]}",236,"[236, 118, 59]",[236],[0.5221343402720071],0.7100542867765011,COMPLETE
530,-0.034722397709370245,2025-01-10 08:20:52.215346,2025-01-10 08:21:36.960062,0 days 00:00:44.744716,0.015271741163003297,40,0.30000000000000004,236,100,4.560651961560158e-06,3800,0.0061398552069071455,3,5,adam,"{'neurons_per_layer_encoder': [236, 472, 944, 1888, 3776], 'neurons_per_layer_decoder': [3776, 1888, 944]}",236,"[3776, 1888, 944]","[236, 472, 944, 1888, 3776]",[-0.034722397709370245],0.947195458105383,COMPLETE
531,0.4745586649795793,2025-01-10 08:20:53.434876,2025-01-10 08:21:01.870380,0 days 00:00:08.435504,0.015231200411273816,40,0.30000000000000004,240,100,4.408874117722868e-06,296,0.009733113608421632,3,1,adam,"{'neurons_per_layer_encoder': [240], 'neurons_per_layer_decoder': [240, 120, 60]}",240,"[240, 120, 60]",[240],[0.4745586649795793],0.6946445406684753,COMPLETE
532,0.19920137003603988,2025-01-10 08:20:53.497655,2025-01-10 08:21:02.193749,0 days 00:00:08.696094,0.018625018366637484,40,0.30000000000000004,236,100,3.924722313071732e-06,404,0.008858581130913121,3,1,adam,"{'neurons_per_layer_encoder': [236], 'neurons_per_layer_decoder': [236, 118, 59]}",236,"[236, 118, 59]",[236],[0.19920137003603988],0.559638470543986,COMPLETE
533,0.2993134728237711,2025-01-10 08:20:55.128775,2025-01-10 08:21:04.654448,0 days 00:00:09.525673,0.014997699032284364,40,0.30000000000000004,236,100,3.805876191124548e-06,276,0.009703527700999534,3,1,adam,"{'neurons_per_layer_encoder': [236], 'neurons_per_layer_decoder': [236, 118, 59]}",236,"[236, 118, 59]",[236],[0.2993134728237711],0.6132578121806869,COMPLETE
534,0.41972016515530897,2025-01-10 08:21:01.884846,2025-01-10 08:21:11.418430,0 days 00:00:09.533584,0.01784967828265666,40,0.30000000000000004,232,100,3.8030615163359077e-06,448,0.008700940376108258,3,1,adam,"{'neurons_per_layer_encoder': [232], 'neurons_per_layer_decoder': [232, 116, 58]}",232,"[232, 116, 58]",[232],[0.41972016515530897],0.6692533621549418,COMPLETE
535,0.6760291378890831,2025-01-10 08:21:02.203122,2025-01-10 08:21:11.732262,0 days 00:00:09.529140,0.01807125240339356,40,0.30000000000000004,232,100,3.7109283911599745e-06,400,0.009037602355930034,3,1,adam,"{'neurons_per_layer_encoder': [232], 'neurons_per_layer_decoder': [232, 116, 58]}",232,"[232, 116, 58]",[232],[0.6760291378890831],0.7965965538648561,COMPLETE
536,0.17761547808116196,2025-01-10 08:21:04.681392,2025-01-10 08:21:10.648367,0 days 00:00:05.966975,0.018314910497730194,40,0.30000000000000004,240,100,4.919945921374452e-06,408,0.00858336774440613,3,1,adam,"{'neurons_per_layer_encoder': [240], 'neurons_per_layer_decoder': [240, 120, 60]}",240,"[240, 120, 60]",[240],[0.17761547808116196],0.6178440661463737,COMPLETE
537,0.4725040922234365,2025-01-10 08:21:05.414431,2025-01-10 08:21:13.567290,0 days 00:00:08.152859,0.025042818740533716,40,0.30000000000000004,232,100,3.7810660734231384e-06,416,0.008677325098757824,3,1,adam,"{'neurons_per_layer_encoder': [232], 'neurons_per_layer_decoder': [232, 116, 58]}",232,"[232, 116, 58]",[232],[0.4725040922234365],0.7211305858124206,COMPLETE
538,0.5334809291947578,2025-01-10 08:21:10.657372,2025-01-10 08:21:19.413489,0 days 00:00:08.756117,0.016682867295663033,40,0.30000000000000004,232,100,3.859329610554983e-06,416,0.008595495372483898,3,1,adam,"{'neurons_per_layer_encoder': [232], 'neurons_per_layer_decoder': [232, 116, 58]}",232,"[232, 116, 58]",[232],[0.5334809291947578],0.7258860865178028,COMPLETE
539,0.47406049354146496,2025-01-10 08:21:11.436606,2025-01-10 08:21:19.413213,0 days 00:00:07.976607,0.016288176280336304,40,0.30000000000000004,212,100,3.0921904489041745e-06,412,0.007770983467571877,3,1,adam,"{'neurons_per_layer_encoder': [212], 'neurons_per_layer_decoder': [212, 106, 53]}",212,"[212, 106, 53]",[212],[0.47406049354146496],0.7096959303835348,COMPLETE
540,0.19443133282245406,2025-01-10 08:21:11.746111,2025-01-10 08:21:19.217200,0 days 00:00:07.471089,0.01661472762785898,48,0.30000000000000004,212,100,2.834896806248196e-06,396,0.009906597367784833,3,1,adam,"{'neurons_per_layer_encoder': [212], 'neurons_per_layer_decoder': [212, 106, 53]}",212,"[212, 106, 53]",[212],[0.19443133282245406],0.5087139259598156,COMPLETE
541,0.22478294677220856,2025-01-10 08:21:13.578134,2025-01-10 08:21:20.036187,0 days 00:00:06.458053,0.01022384715294421,48,0.30000000000000004,216,100,3.1273997051511103e-06,400,0.009908709744448007,3,1,adam,"{'neurons_per_layer_encoder': [216], 'neurons_per_layer_decoder': [216, 108, 54]}",216,"[216, 108, 54]",[216],[0.22478294677220856],0.5746986881792495,COMPLETE
542,0.4470529617135103,2025-01-10 08:21:19.227177,2025-01-10 08:21:26.159015,0 days 00:00:06.931838,0.010045562360875076,40,0.30000000000000004,216,100,3.077756138385988e-06,384,0.009796764255372013,3,1,adam,"{'neurons_per_layer_encoder': [216], 'neurons_per_layer_decoder': [216, 108, 54]}",216,"[216, 108, 54]",[216],[0.4470529617135103],0.7241628637700618,COMPLETE
543,0.32926815881569715,2025-01-10 08:21:19.424452,2025-01-10 08:21:27.185973,0 days 00:00:07.761521,0.02217816286519045,40,0.30000000000000004,220,100,3.2032457767408456e-06,388,0.006638124394896868,3,1,adam,"{'neurons_per_layer_encoder': [220], 'neurons_per_layer_decoder': [220, 110, 55]}",220,"[220, 110, 55]",[220],[0.32926815881569715],0.5875044732172157,COMPLETE
544,0.31221391864880654,2025-01-10 08:21:19.424777,2025-01-10 08:21:26.489360,0 days 00:00:07.064583,0.010461786680421008,40,0.30000000000000004,220,100,3.2626598070772423e-06,404,0.0067242264826062855,3,1,adam,"{'neurons_per_layer_encoder': [220], 'neurons_per_layer_decoder': [220, 110, 55]}",220,"[220, 110, 55]",[220],[0.31221391864880654],0.5868223434883068,COMPLETE
545,0.31461994111511826,2025-01-10 08:21:20.055062,2025-01-10 08:21:27.552523,0 days 00:00:07.497461,0.021426045218251127,40,0.30000000000000004,224,100,4.334780821870095e-06,392,0.009993061963046598,3,1,adam,"{'neurons_per_layer_encoder': [224], 'neurons_per_layer_decoder': [224, 112, 56]}",224,"[224, 112, 56]",[224],[0.31461994111511826],0.663523879748873,COMPLETE
546,,2025-01-10 08:21:26.168949,,,0.02216682370224169,32,0.30000000000000004,224,100,4.13604673346867e-06,408,0.006754693975894491,3,1,sgd,"{'neurons_per_layer_encoder': [224], 'neurons_per_layer_decoder': [224, 112, 56]}",224,"[224, 112, 56]",[224],,,RUNNING
547,-21.723569857156797,2025-01-10 08:21:26.498714,2025-01-10 08:21:29.216325,0 days 00:00:02.717611,0.020227031069928136,32,0.30000000000000004,224,100,4.292510982760861e-06,392,0.0046844527779694375,3,1,sgd,"{'neurons_per_layer_encoder': [224], 'neurons_per_layer_decoder': [224, 112, 56]}",224,"[224, 112, 56]",[224],[-21.723569857156797],-0.4251003031910722,COMPLETE
548,0.3915909364266186,2025-01-10 08:21:27.203955,2025-01-10 08:21:36.285685,0 days 00:00:09.081730,0.020679892412055156,32,0.30000000000000004,228,100,4.260476963534159e-06,476,0.004707725215468656,3,1,adam,"{'neurons_per_layer_encoder': [228], 'neurons_per_layer_decoder': [228, 114, 57]}",228,"[228, 114, 57]",[228],[0.3915909364266186],0.7350711782908588,COMPLETE
549,-1.7863086919621476,2025-01-10 08:21:27.577653,2025-01-10 08:21:33.993199,0 days 00:00:06.415546,0.01845194097981085,32,0.30000000000000004,240,100,2.6067570450362802e-06,424,0.004735608477779504,3,1,sgd,"{'neurons_per_layer_encoder': [240], 'neurons_per_layer_decoder': [240, 120, 60]}",240,"[240, 120, 60]",[240],[-1.7863086919621476],0.5765806787671365,COMPLETE
550,0.3928039187246236,2025-01-10 08:21:29.226388,2025-01-10 08:21:37.689959,0 days 00:00:08.463571,0.01779570636518195,40,0.30000000000000004,244,100,3.7059176398922434e-06,428,0.008030097366313669,3,1,adam,"{'neurons_per_layer_encoder': [244], 'neurons_per_layer_decoder': [244, 122, 61]}",244,"[244, 122, 61]",[244],[0.3928039187246236],0.6386614368576636,COMPLETE
551,0.24758129003282725,2025-01-10 08:21:34.011010,2025-01-10 08:21:40.235225,0 days 00:00:06.224215,0.017758691271857044,40,0.30000000000000004,244,100,8.726427612969337e-06,428,0.007919065826612833,3,1,adam,"{'neurons_per_layer_encoder': [244], 'neurons_per_layer_decoder': [244, 122, 61]}",244,"[244, 122, 61]",[244],[0.24758129003282725],0.679204400965825,COMPLETE
552,0.1226103073845064,2025-01-10 08:21:36.305228,2025-01-10 08:22:11.873277,0 days 00:00:35.568049,0.019296463698279306,48,0.30000000000000004,244,100,8.65829270977308e-06,3928,0.007822095713172904,3,5,adam,"{'neurons_per_layer_encoder': [244, 488, 976, 1952, 3904], 'neurons_per_layer_decoder': [3904, 1952, 976]}",244,"[3904, 1952, 976]","[244, 488, 976, 1952, 3904]",[0.1226103073845064],0.9684706075428611,COMPLETE
553,0.18830782076702002,2025-01-10 08:21:36.974287,2025-01-10 08:21:44.086151,0 days 00:00:07.111864,0.02272487795992242,48,0.30000000000000004,244,100,8.323754732771625e-06,428,0.00044276966730521155,3,1,adam,"{'neurons_per_layer_encoder': [244], 'neurons_per_layer_decoder': [244, 122, 61]}",244,"[244, 122, 61]",[244],[0.18830782076702002],0.7427773731905184,COMPLETE
554,0.29593990894444244,2025-01-10 08:21:37.698097,2025-01-10 08:21:44.781058,0 days 00:00:07.082961,0.01946672000084785,72,0.30000000000000004,252,100,8.626325008646049e-06,468,0.007878296193486834,3,1,adam,"{'neurons_per_layer_encoder': [252], 'neurons_per_layer_decoder': [252, 126, 63]}",252,"[252, 126, 63]",[252],[0.29593990894444244],0.6799342929519091,COMPLETE
555,0.3299461052737951,2025-01-10 08:21:40.249387,2025-01-10 08:21:49.035531,0 days 00:00:08.786144,0.03055340202912139,48,0.30000000000000004,252,100,3.5601143329053134e-06,452,0.007484099291062944,3,1,adam,"{'neurons_per_layer_encoder': [252], 'neurons_per_layer_decoder': [252, 126, 63]}",252,"[252, 126, 63]",[252],[0.3299461052737951],0.5513906158420314,COMPLETE
556,0.008019921449744283,2025-01-10 08:21:44.095808,2025-01-10 08:21:52.786582,0 days 00:00:08.690774,0.031201545385280634,40,0.30000000000000004,252,100,3.6865063095575494e-06,452,0.0005259709847170727,3,1,adam,"{'neurons_per_layer_encoder': [252], 'neurons_per_layer_decoder': [252, 126, 63]}",252,"[252, 126, 63]",[252],[0.008019921449744283],0.678783557096384,COMPLETE
557,0.43916983705947266,2025-01-10 08:21:44.797608,2025-01-10 08:21:53.057182,0 days 00:00:08.259574,0.03171177423145112,40,0.4,228,100,3.6091872960432743e-06,412,0.007131844023392947,3,1,adam,"{'neurons_per_layer_encoder': [228], 'neurons_per_layer_decoder': [228, 114, 57]}",228,"[228, 114, 57]",[228],[0.43916983705947266],0.7306978677410272,COMPLETE
558,0.44719898924585366,2025-01-10 08:21:49.050594,2025-01-10 08:21:57.737535,0 days 00:00:08.686941,0.03299544533128046,40,0.4,228,100,2.852300023713931e-06,412,0.006606126090982156,3,1,adam,"{'neurons_per_layer_encoder': [228], 'neurons_per_layer_decoder': [228, 114, 57]}",228,"[228, 114, 57]",[228],[0.44719898924585366],0.7202817688175831,COMPLETE
559,0.35888534629832713,2025-01-10 08:21:52.796404,2025-01-10 08:22:00.856631,0 days 00:00:08.060227,0.03385199669804148,40,0.4,228,100,2.7900369767778963e-06,412,0.009993839440443866,3,1,adam,"{'neurons_per_layer_encoder': [228], 'neurons_per_layer_decoder': [228, 114, 57]}",228,"[228, 114, 57]",[228],[0.35888534629832713],0.6803431792688769,COMPLETE
560,0.1784093690454479,2025-01-10 08:21:53.071156,2025-01-10 08:21:58.073203,0 days 00:00:05.002047,0.0267354726232666,40,0.30000000000000004,32,100,2.80317288196247e-06,51,0.005586784583963693,3,1,adam,"{'neurons_per_layer_encoder': [32], 'neurons_per_layer_decoder': [32, 16, 8]}",32,"[32, 16, 8]",[32],[0.1784093690454479],0.7318981849941856,COMPLETE
561,-0.10516663168016849,2025-01-10 08:21:57.757326,2025-01-10 08:22:04.393282,0 days 00:00:06.635956,0.02577415108048334,40,0.30000000000000004,220,100,5.037619393160034e-06,404,0.00013932409099624921,3,1,adam,"{'neurons_per_layer_encoder': [220], 'neurons_per_layer_decoder': [220, 110, 55]}",220,"[220, 110, 55]",[220],[-0.10516663168016849],0.7146954816086467,COMPLETE
562,-0.0791800790666708,2025-01-10 08:21:58.086444,2025-01-10 08:22:06.189458,0 days 00:00:08.103014,0.01928707845627732,40,0.30000000000000004,220,100,5.111100134316977e-06,404,0.0002669924159808838,3,1,adam,"{'neurons_per_layer_encoder': [220], 'neurons_per_layer_decoder': [220, 110, 55]}",220,"[220, 110, 55]",[220],[-0.0791800790666708],0.7115257718394224,COMPLETE
563,0.41389019803470306,2025-01-10 08:22:00.879610,2025-01-10 08:22:08.459601,0 days 00:00:07.579991,0.019320138311760632,40,0.30000000000000004,200,100,4.929699348520686e-06,368,0.00862740140429505,3,1,adam,"{'neurons_per_layer_encoder': [200], 'neurons_per_layer_decoder': [200, 100, 50]}",200,"[200, 100, 50]",[200],[0.41389019803470306],0.6602478387558299,COMPLETE
564,-0.32901528805512403,2025-01-10 08:22:04.403366,2025-01-10 08:22:12.263151,0 days 00:00:07.859785,0.016061325292592268,32,0.30000000000000004,208,100,5.031280434092659e-06,376,0.008599316480283805,3,1,adam,"{'neurons_per_layer_encoder': [208], 'neurons_per_layer_decoder': [208, 104, 52]}",208,"[208, 104, 52]",[208],[-0.32901528805512403],0.4149084966289574,COMPLETE
565,0.4700906790835919,2025-01-10 08:22:06.206645,2025-01-10 08:22:13.214711,0 days 00:00:07.008066,0.01748984097449266,32,0.30000000000000004,200,100,4.160063342771867e-06,480,0.008619212423228025,3,1,adam,"{'neurons_per_layer_encoder': [200], 'neurons_per_layer_decoder': [200, 100, 50]}",200,"[200, 100, 50]",[200],[0.4700906790835919],0.7438237913172449,COMPLETE
566,0.37869856908991184,2025-01-10 08:22:08.469587,2025-01-10 08:22:13.289003,0 days 00:00:04.819416,0.01624623304687858,32,0.30000000000000004,208,100,6.043088104421753e-06,488,0.008630166725160232,4,1,adam,"{'neurons_per_layer_encoder': [208], 'neurons_per_layer_decoder': [208, 104, 52, 26]}",208,"[208, 104, 52, 26]",[208],[0.37869856908991184],0.777267965721738,COMPLETE
567,-7.973927109765777,2025-01-10 08:22:11.884643,2025-01-10 08:22:15.938063,0 days 00:00:04.053420,0.015945760567226946,32,0.30000000000000004,208,100,4.266073217637942e-06,488,1.2621533294651881e-05,3,1,adam,"{'neurons_per_layer_encoder': [208], 'neurons_per_layer_decoder': [208, 104, 52]}",208,"[208, 104, 52]",[208],[-7.973927109765777],0.6787181245318775,COMPLETE
568,0.35469010617473995,2025-01-10 08:22:12.272837,2025-01-10 08:22:14.831688,0 days 00:00:02.558851,0.02448478065595654,40,0.30000000000000004,212,100,2.4199882363351203e-06,492,0.006521736550935282,3,1,adam,"{'neurons_per_layer_encoder': [212], 'neurons_per_layer_decoder': [212, 106, 53]}",212,"[212, 106, 53]",[212],[0.35469010617473995],0.6848529868623012,COMPLETE
569,0.23998881172783082,2025-01-10 08:22:13.223955,2025-01-10 08:22:15.980299,0 days 00:00:02.756344,0.023383043243060668,40,0.30000000000000004,212,100,2.4429696022934632e-06,492,0.005812898353830128,3,1,adam,"{'neurons_per_layer_encoder': [212], 'neurons_per_layer_decoder': [212, 106, 53]}",212,"[212, 106, 53]",[212],[0.23998881172783082],0.6844741895325441,COMPLETE
570,0.36873933755841715,2025-01-10 08:22:13.298374,2025-01-10 08:22:17.379800,0 days 00:00:04.081426,0.03523374707370231,40,0.30000000000000004,216,100,2.4451676696690843e-06,496,0.005639190368751895,3,1,adam,"{'neurons_per_layer_encoder': [216], 'neurons_per_layer_decoder': [216, 108, 54]}",216,"[216, 108, 54]",[216],[0.36873933755841715],0.5509563348050422,COMPLETE
571,0.4953725551777697,2025-01-10 08:22:14.842781,2025-01-10 08:22:19.127733,0 days 00:00:04.284952,0.03558474276797711,40,0.30000000000000004,232,100,4.111568651772328e-06,496,0.005596811229850418,3,1,adam,"{'neurons_per_layer_encoder': [232], 'neurons_per_layer_decoder': [232, 116, 58]}",232,"[232, 116, 58]",[232],[0.4953725551777697],0.7392126647100083,COMPLETE
572,-19.857592863983555,2025-01-10 08:22:15.946046,2025-01-10 08:22:18.600006,0 days 00:00:02.653960,0.03596045287482805,40,0.30000000000000004,232,100,3.229544878288515e-06,496,0.00033356818249495536,3,1,adadelta,"{'neurons_per_layer_encoder': [232], 'neurons_per_layer_decoder': [232, 116, 58]}",232,"[232, 116, 58]",[232],[-19.857592863983555],0.2585974036725159,COMPLETE
