number,value,datetime_start,datetime_complete,duration,params_alpha,params_batch_size,params_drop_out_rate,params_encoder_neurons_layer_1,params_epochs,params_lambda,params_latent_dim,params_learning_rate,params_num_layers_decoder,params_num_layers_encoder,params_optimizer,user_attrs_encoder_decoder_config,user_attrs_first_layer_neurons,user_attrs_neurons_per_layer_decoder,user_attrs_neurons_per_layer_encoder,user_attrs_r2_feature_1,user_attrs_relative_deterioration,state
369,0.35746348408930595,2025-01-09 22:34:09.050085,2025-01-09 22:34:19.784086,0 days 00:00:10.734001,0.039751169652909715,32,0.1,196,100,0.0006894528071161758,364,0.000332561451310025,1,1,adam,"{'neurons_per_layer_encoder': [196], 'neurons_per_layer_decoder': [196]}",196,[196],[196],[0.35746348408930595],0.7725783688200503,COMPLETE
370,0.5360999589864943,2025-01-09 22:34:10.433879,2025-01-09 22:34:20.053895,0 days 00:00:09.620016,0.0398040501526635,32,0.1,208,100,0.0006867262578018781,360,0.00011291939251127192,1,1,adam,"{'neurons_per_layer_encoder': [208], 'neurons_per_layer_decoder': [208]}",208,[208],[208],[0.5360999589864943],0.8845884541705159,COMPLETE
371,0.07734504413608456,2025-01-09 22:34:18.754514,2025-01-09 22:34:22.444597,0 days 00:00:03.690083,0.03929761232998585,32,0.1,156,100,3.6253629316392396e-06,356,0.00018045381705251252,1,1,adam,"{'neurons_per_layer_encoder': [156], 'neurons_per_layer_decoder': [156]}",156,[156],[156],[0.07734504413608456],-1.3275199626301672,COMPLETE
372,0.5521743326742974,2025-01-09 22:34:19.793461,2025-01-09 22:34:24.290437,0 days 00:00:04.496976,0.039456192080007356,32,0.1,136,100,0.00043770833901438105,336,0.00018129837315332571,1,1,adam,"{'neurons_per_layer_encoder': [136], 'neurons_per_layer_decoder': [136]}",136,[136],[136],[0.5521743326742974],0.7710927776200829,COMPLETE
373,0.622760558731847,2025-01-09 22:34:20.067785,2025-01-09 22:34:24.365337,0 days 00:00:04.297552,0.036478411365635226,32,0.1,136,100,0.00042655967468748613,256,0.00017511120645883127,1,1,adam,"{'neurons_per_layer_encoder': [136], 'neurons_per_layer_decoder': [136]}",136,[136],[136],[0.622760558731847],0.8048055756046228,COMPLETE
374,0.42593340685318093,2025-01-09 22:34:20.931692,2025-01-09 22:34:25.247583,0 days 00:00:04.315891,0.036594343266502974,32,0.1,228,100,7.017439564139982e-05,396,0.00018957016293697583,1,1,adam,"{'neurons_per_layer_encoder': [228], 'neurons_per_layer_decoder': [228]}",228,[228],[228],[0.42593340685318093],0.24382652743612512,COMPLETE
375,0.06206572276028677,2025-01-09 22:34:22.457760,2025-01-09 22:34:25.917537,0 days 00:00:03.459777,0.04982062945410826,128,0.30000000000000004,228,100,0.0004425984492473794,412,0.0001417110276369854,1,1,adam,"{'neurons_per_layer_encoder': [228], 'neurons_per_layer_decoder': [228]}",228,[228],[228],[0.06206572276028677],0.7431829455466321,COMPLETE
376,0.5705830909086682,2025-01-09 22:34:23.261845,2025-01-09 22:34:26.251164,0 days 00:00:02.989319,0.04391130764936572,32,0.30000000000000004,136,100,0.0004631302464610003,256,0.0002293781255764798,1,1,adam,"{'neurons_per_layer_encoder': [136], 'neurons_per_layer_decoder': [136]}",136,[136],[136],[0.5705830909086682],0.8099978349556212,COMPLETE
377,0.527804916084616,2025-01-09 22:34:24.298950,2025-01-09 22:34:27.948873,0 days 00:00:03.649923,0.048303924715347814,32,0.30000000000000004,228,100,0.00031455045031005625,396,0.00022574310813862632,1,1,adam,"{'neurons_per_layer_encoder': [228], 'neurons_per_layer_decoder': [228]}",228,[228],[228],[0.527804916084616],0.807677794004526,COMPLETE
378,0.655755531800212,2025-01-09 22:34:24.379680,2025-01-09 22:34:27.578667,0 days 00:00:03.198987,0.05082124212155392,32,0.1,160,100,0.0005830024707590383,360,0.00022137727303916398,1,1,adam,"{'neurons_per_layer_encoder': [160], 'neurons_per_layer_decoder': [160]}",160,[160],[160],[0.655755531800212],0.8620320872615129,COMPLETE
379,-0.009097537778973042,2025-01-09 22:34:25.256522,2025-01-09 22:34:28.495355,0 days 00:00:03.238833,0.048933524920770535,32,0.30000000000000004,204,100,0.0005665283606434426,372,0.00022387461926067195,1,1,adadelta,"{'neurons_per_layer_encoder': [204], 'neurons_per_layer_decoder': [204]}",204,[204],[204],[-0.009097537778973042],0.7973928536449113,COMPLETE
380,0.1538737739690632,2025-01-09 22:34:25.926737,2025-01-09 22:34:29.248534,0 days 00:00:03.321797,0.04437606750606218,40,0.1,184,100,0.0003171030538956156,352,0.00022067554266849888,1,1,adadelta,"{'neurons_per_layer_encoder': [184], 'neurons_per_layer_decoder': [184]}",184,[184],[184],[0.1538737739690632],0.7187373045666822,COMPLETE
381,-0.13855284482659846,2025-01-09 22:34:26.260056,2025-01-09 22:34:28.120194,0 days 00:00:01.860138,0.047292643482215554,40,0.1,204,100,0.0003173862240479107,372,0.0002942438381523528,2,1,adadelta,"{'neurons_per_layer_encoder': [204], 'neurons_per_layer_decoder': [204, 102]}",204,"[204, 102]",[204],[-0.13855284482659846],0.774031414562891,COMPLETE
382,0.1286641547698859,2025-01-09 22:34:27.586948,2025-01-09 22:34:30.549252,0 days 00:00:02.962304,0.04359902571224163,40,0.1,120,100,0.00033664243629942406,256,0.00027834740561860687,1,1,adadelta,"{'neurons_per_layer_encoder': [120], 'neurons_per_layer_decoder': [120]}",120,[120],[120],[0.1286641547698859],0.6795176987181846,COMPLETE
383,0.04355371101839378,2025-01-09 22:34:27.957696,2025-01-09 22:34:29.658848,0 days 00:00:01.701152,0.04361194926269911,112,0.1,16,100,0.0005510782118559684,17,0.0002751618523792995,1,1,adam,"{'neurons_per_layer_encoder': [16], 'neurons_per_layer_decoder': [16]}",16,[16],[16],[0.04355371101839378],0.28342870055674824,COMPLETE
384,0.5179796587662779,2025-01-09 22:34:28.128794,2025-01-09 22:34:30.940855,0 days 00:00:02.812061,0.04355872460284996,32,0.1,120,100,0.000822776740853659,256,0.00016001815497558987,1,1,adam,"{'neurons_per_layer_encoder': [120], 'neurons_per_layer_decoder': [120]}",120,[120],[120],[0.5179796587662779],0.8309152504507545,COMPLETE
385,0.3301595797281728,2025-01-09 22:34:28.503353,2025-01-09 22:34:31.170280,0 days 00:00:02.666927,0.04382605009862587,32,0.1,28,100,0.0007880121652751502,46,0.0001559106901584543,1,1,adam,"{'neurons_per_layer_encoder': [28], 'neurons_per_layer_decoder': [28]}",28,[28],[28],[0.3301595797281728],0.4687317474454612,COMPLETE
386,0.6428426169485084,2025-01-09 22:34:29.256791,2025-01-09 22:34:34.304899,0 days 00:00:05.048108,0.0411367499918989,32,0.1,192,100,0.0008291501478694386,408,0.00014040021620593962,1,2,adam,"{'neurons_per_layer_encoder': [192, 384], 'neurons_per_layer_decoder': [384]}",192,[384],"[192, 384]",[0.6428426169485084],0.9641551490474017,COMPLETE
387,0.7027650944898107,2025-01-09 22:34:29.666736,2025-01-09 22:34:33.685796,0 days 00:00:04.019060,0.04167549390216721,32,0.1,124,100,0.0007842468904633015,288,0.00015460868571936005,1,2,adam,"{'neurons_per_layer_encoder': [124, 248], 'neurons_per_layer_decoder': [248]}",124,[248],"[124, 248]",[0.7027650944898107],0.9562090732485773,COMPLETE
388,0.7461109857943206,2025-01-09 22:34:30.558915,2025-01-09 22:34:35.581968,0 days 00:00:05.023053,0.04148377758242726,32,0.1,220,100,0.0008158416048583964,480,0.00016159642493015285,1,2,adam,"{'neurons_per_layer_encoder': [220, 440], 'neurons_per_layer_decoder': [440]}",220,[440],"[220, 440]",[0.7461109857943206],0.977302531964156,COMPLETE
389,0.5973997034656222,2025-01-09 22:34:30.949666,2025-01-09 22:34:34.899293,0 days 00:00:03.949627,0.08360722884559597,32,0.1,212,100,0.0005044745448822061,364,0.00015151992843559823,1,1,adam,"{'neurons_per_layer_encoder': [212], 'neurons_per_layer_decoder': [212]}",212,[212],[212],[0.5973997034656222],0.8628264086469132,COMPLETE
390,0.5525147090438236,2025-01-09 22:34:31.178960,2025-01-09 22:34:34.969331,0 days 00:00:03.790371,0.014056566981740194,32,0.1,212,100,0.0004910077338045614,364,0.00012955427500124146,1,1,adam,"{'neurons_per_layer_encoder': [212], 'neurons_per_layer_decoder': [212]}",212,[212],[212],[0.5525147090438236],0.850106787149715,COMPLETE
391,0.7913614018430707,2025-01-09 22:34:33.694255,2025-01-09 22:34:39.085163,0 days 00:00:05.390908,0.03484444440767041,32,0.1,196,100,0.0008325903205874044,416,0.00014510913979607964,1,2,adam,"{'neurons_per_layer_encoder': [196, 392], 'neurons_per_layer_decoder': [392]}",196,[392],"[196, 392]",[0.7913614018430707],0.9796114599904819,COMPLETE
392,0.5479221513274637,2025-01-09 22:34:34.313830,2025-01-09 22:34:38.011962,0 days 00:00:03.698132,0.03483692272521994,32,0.1,196,100,0.0006921369469896793,364,0.00012125669955466472,1,1,adam,"{'neurons_per_layer_encoder': [196], 'neurons_per_layer_decoder': [196]}",196,[196],[196],[0.5479221513274637],0.8786294036631421,COMPLETE
393,0.5560835979099868,2025-01-09 22:34:34.907905,2025-01-09 22:34:39.887772,0 days 00:00:04.979867,0.03499802800256926,32,0.1,196,100,0.0007097856436996443,416,0.00010708530277227324,1,2,adam,"{'neurons_per_layer_encoder': [196, 392], 'neurons_per_layer_decoder': [392]}",196,[392],"[196, 392]",[0.5560835979099868],0.9540222347050296,COMPLETE
394,0.5841774812615201,2025-01-09 22:34:34.978633,2025-01-09 22:34:40.079761,0 days 00:00:05.101128,0.022182487046105495,32,0.1,196,100,0.0007142395746067935,416,2.622094082164196e-05,1,2,adam,"{'neurons_per_layer_encoder': [196, 392], 'neurons_per_layer_decoder': [392]}",196,[392],"[196, 392]",[0.5841774812615201],0.962391645885044,COMPLETE
395,0.7348771157668261,2025-01-09 22:34:35.591203,2025-01-09 22:34:41.081466,0 days 00:00:05.490263,0.03543006236766707,32,0.1,224,100,0.0008861720948627973,472,0.00019711914421676065,1,2,adam,"{'neurons_per_layer_encoder': [224, 448], 'neurons_per_layer_decoder': [448]}",224,[448],"[224, 448]",[0.7348771157668261],0.975370148049061,COMPLETE
396,0.5136118731174821,2025-01-09 22:34:38.021234,2025-01-09 22:34:44.268306,0 days 00:00:06.247072,0.03543084821879176,32,0.1,176,100,0.0009057817586250519,568,0.00018703499713597555,1,2,adam,"{'neurons_per_layer_encoder': [176, 352], 'neurons_per_layer_decoder': [352]}",176,[352],"[176, 352]",[0.5136118731174821],0.9512907846006364,COMPLETE
397,0.5933135764111562,2025-01-09 22:34:39.094518,2025-01-09 22:34:45.377212,0 days 00:00:06.282694,0.03205101874481296,32,0.1,224,100,0.0009487409256980213,472,0.00019333404911477217,1,2,adam,"{'neurons_per_layer_encoder': [224, 448], 'neurons_per_layer_decoder': [448]}",224,[448],"[224, 448]",[0.5933135764111562],0.9647840644186345,COMPLETE
398,0.42802750691892066,2025-01-09 22:34:39.896949,2025-01-09 22:34:45.829493,0 days 00:00:05.932544,0.04114575380356571,32,0.1,220,100,0.00090858054441656,464,0.00019646623389398568,1,2,adam,"{'neurons_per_layer_encoder': [220, 440], 'neurons_per_layer_decoder': [440]}",220,[440],"[220, 440]",[0.42802750691892066],0.9467717087467749,COMPLETE
399,0.3394115369502887,2025-01-09 22:34:40.088373,2025-01-09 22:34:45.921536,0 days 00:00:05.833163,0.03159549709536961,40,0.1,220,100,0.0008342879798599418,464,0.00018866637086567895,1,2,adam,"{'neurons_per_layer_encoder': [220, 440], 'neurons_per_layer_decoder': [440]}",220,[440],"[220, 440]",[0.3394115369502887],0.9285394866050735,COMPLETE
400,0.34025088951104343,2025-01-09 22:34:41.092161,2025-01-09 22:34:46.616973,0 days 00:00:05.524812,0.02736301955692947,40,0.1,220,100,0.0008741395761527219,464,0.00018229671700370275,1,2,adam,"{'neurons_per_layer_encoder': [220, 440], 'neurons_per_layer_decoder': [440]}",220,[440],"[220, 440]",[0.34025088951104343],0.9324851324136535,COMPLETE
401,0.38530504812567135,2025-01-09 22:34:44.278720,2025-01-09 22:34:50.276510,0 days 00:00:05.997790,0.03197132405694697,40,0.1,220,100,0.000981150165744917,464,0.00018991419170538666,1,2,adam,"{'neurons_per_layer_encoder': [220, 440], 'neurons_per_layer_decoder': [440]}",220,[440],"[220, 440]",[0.38530504812567135],0.9413341717629179,COMPLETE
402,0.0972952935432696,2025-01-09 22:34:45.386107,2025-01-09 22:34:50.935240,0 days 00:00:05.549133,0.03726012348242407,40,0.1,232,100,0.0006301305115941296,488,0.00019988370323195716,1,2,adam,"{'neurons_per_layer_encoder': [232, 464], 'neurons_per_layer_decoder': [464]}",232,[464],"[232, 464]",[0.0972952935432696],0.8852293609347985,COMPLETE
403,0.15354933358978373,2025-01-09 22:34:45.838910,2025-01-09 22:34:51.340924,0 days 00:00:05.502014,0.03755777359178911,40,0.1,232,100,0.0008464589861737162,488,0.00017391497814309089,1,2,adam,"{'neurons_per_layer_encoder': [232, 464], 'neurons_per_layer_decoder': [464]}",232,[464],"[232, 464]",[0.15354933358978373],0.9163383377336957,COMPLETE
404,0.4775568927715147,2025-01-09 22:34:45.932359,2025-01-09 22:34:51.410804,0 days 00:00:05.478445,0.029086113428569853,40,0.1,220,100,0.0008292366636495399,464,0.0001673406857514769,1,2,adam,"{'neurons_per_layer_encoder': [220, 440], 'neurons_per_layer_decoder': [440]}",220,[440],"[220, 440]",[0.4775568927715147],0.9468730229050807,COMPLETE
405,0.5094624066219292,2025-01-09 22:34:46.626606,2025-01-09 22:34:52.756708,0 days 00:00:06.130102,0.03768059026261561,32,0.1,232,100,0.0009714000996679803,488,0.00024847439389852463,1,2,adam,"{'neurons_per_layer_encoder': [232, 464], 'neurons_per_layer_decoder': [464]}",232,[464],"[232, 464]",[0.5094624066219292],0.9535261600362352,COMPLETE
406,0.5749449616268156,2025-01-09 22:34:50.286469,2025-01-09 22:34:56.614759,0 days 00:00:06.328290,0.036988132310771034,32,0.1,228,100,0.0007915230231963825,480,0.0001679617235788412,1,2,adam,"{'neurons_per_layer_encoder': [228, 456], 'neurons_per_layer_decoder': [456]}",228,[456],"[228, 456]",[0.5749449616268156],0.9604062550109373,COMPLETE
407,-0.013072431209604884,2025-01-09 22:34:50.944277,2025-01-09 22:34:55.775384,0 days 00:00:04.831107,0.040571669167720106,72,0.1,236,100,0.0008343049424889169,496,0.00016422485500902162,1,2,adam,"{'neurons_per_layer_encoder': [236, 472], 'neurons_per_layer_decoder': [472]}",236,[472],"[236, 472]",[-0.013072431209604884],0.9122857192499323,COMPLETE
408,0.5839304016594903,2025-01-09 22:34:51.349625,2025-01-09 22:34:56.953965,0 days 00:00:05.604340,0.04119559263980522,32,0.1,212,100,0.0007926704907608807,448,0.0001629972995379839,1,2,adam,"{'neurons_per_layer_encoder': [212, 424], 'neurons_per_layer_decoder': [424]}",212,[424],"[212, 424]",[0.5839304016594903],0.9591133944167629,COMPLETE
409,0.6317928043290721,2025-01-09 22:34:51.420325,2025-01-09 22:34:57.090449,0 days 00:00:05.670124,0.0407162644691369,32,0.1,212,100,0.000754833947362796,448,0.0002404659503862112,1,2,adam,"{'neurons_per_layer_encoder': [212, 424], 'neurons_per_layer_decoder': [424]}",212,[424],"[212, 424]",[0.6317928043290721],0.9555986432295627,COMPLETE
410,0.6760988626309197,2025-01-09 22:34:52.767043,2025-01-09 22:34:58.687461,0 days 00:00:05.920418,0.04178852636057142,32,0.1,212,100,0.0007621281079372157,448,0.00015938268147350495,1,2,adam,"{'neurons_per_layer_encoder': [212, 424], 'neurons_per_layer_decoder': [424]}",212,[424],"[212, 424]",[0.6760988626309197],0.9679263792730646,COMPLETE
411,0.5599154923608755,2025-01-09 22:34:55.784957,2025-01-09 22:35:01.050715,0 days 00:00:05.265758,0.04059436251940303,32,0.1,212,100,2.9355879255377947e-05,448,0.00035944824168212397,1,2,adam,"{'neurons_per_layer_encoder': [212, 424], 'neurons_per_layer_decoder': [424]}",212,[424],"[212, 424]",[0.5599154923608755],0.42697595725005616,COMPLETE
412,0.4315497610970873,2025-01-09 22:34:56.624818,2025-01-09 22:35:02.058824,0 days 00:00:05.434006,0.04583021039107851,32,0.1,212,100,0.0006411605263742554,448,0.0003638170464069377,1,2,adam,"{'neurons_per_layer_encoder': [212, 424], 'neurons_per_layer_decoder': [424]}",212,[424],"[212, 424]",[0.4315497610970873],0.916829449046841,COMPLETE
413,0.3597049503936509,2025-01-09 22:34:56.963137,2025-01-09 22:35:01.433019,0 days 00:00:04.469882,0.04581112931765683,64,0.1,212,100,0.0006571425010120004,448,8.481446396807952e-05,1,2,adam,"{'neurons_per_layer_encoder': [212, 424], 'neurons_per_layer_decoder': [424]}",212,[424],"[212, 424]",[0.3597049503936509],0.9406149794507473,COMPLETE
414,-0.11830588272883236,2025-01-09 22:34:58.696015,2025-01-09 22:35:00.292165,0 days 00:00:01.596150,0.033611621475314137,32,0.1,224,100,0.0006472257592011671,536,8.100667600158486e-05,1,2,sgd,"{'neurons_per_layer_encoder': [224, 448], 'neurons_per_layer_decoder': [448]}",224,[448],"[224, 448]",[-0.11830588272883236],0.9146414485877284,COMPLETE
415,-0.134921567075446,2025-01-09 22:35:00.299752,2025-01-09 22:35:02.673283,0 days 00:00:02.373531,0.047691469325922914,32,0.1,208,100,2.9048526976175652e-05,440,0.0003597109346285077,1,2,adam,"{'neurons_per_layer_encoder': [208, 416], 'neurons_per_layer_decoder': [416]}",208,[416],"[208, 416]",[-0.134921567075446],-0.3786077614764137,COMPLETE
416,0.57275340150051,2025-01-09 22:35:01.441525,2025-01-09 22:35:04.923931,0 days 00:00:03.482406,0.04652587303365181,32,0.1,108,100,0.00037946308456028187,304,0.00010937837354490464,1,2,adam,"{'neurons_per_layer_encoder': [108, 216], 'neurons_per_layer_decoder': [216]}",108,[216],"[108, 216]",[0.57275340150051],0.8816731022052514,COMPLETE
417,-0.024791809925166053,2025-01-09 22:35:02.067803,2025-01-09 22:35:04.395974,0 days 00:00:02.328171,0.04740249590049366,32,0.1,224,100,1.0413521798859682e-05,472,0.00011550281377283707,1,2,adam,"{'neurons_per_layer_encoder': [224, 448], 'neurons_per_layer_decoder': [448]}",224,[448],"[224, 448]",[-0.024791809925166053],-0.5409333856817936,COMPLETE
418,0.21357191045228163,2025-01-09 22:35:04.402634,2025-01-09 22:35:07.935894,0 days 00:00:03.533260,0.0392217633768174,56,0.1,112,100,0.00038495652419561074,280,0.00012601687471871213,1,2,adam,"{'neurons_per_layer_encoder': [112, 224], 'neurons_per_layer_decoder': [224]}",112,[224],"[112, 224]",[0.21357191045228163],0.7775286739799581,COMPLETE
419,0.5742552578971734,2025-01-09 22:35:04.930943,2025-01-09 22:35:09.300215,0 days 00:00:04.369272,0.038971068565348585,32,0.1,200,100,0.000574360962631752,424,3.9182300076970236e-05,1,2,adam,"{'neurons_per_layer_encoder': [200, 400], 'neurons_per_layer_decoder': [400]}",200,[400],"[200, 400]",[0.5742552578971734],0.9528435374430945,COMPLETE
420,0.637972003367013,2025-01-09 22:35:07.943234,2025-01-09 22:35:11.786962,0 days 00:00:03.843728,0.04266704557091792,32,0.2,164,100,0.0005624314063344786,400,0.00021690088270366658,1,2,adam,"{'neurons_per_layer_encoder': [164, 328], 'neurons_per_layer_decoder': [328]}",164,[328],"[164, 328]",[0.637972003367013],0.9456523068412579,COMPLETE
421,0.6804672546029777,2025-01-09 22:35:09.306885,2025-01-09 22:35:12.649368,0 days 00:00:03.342483,0.042481108099068,32,0.2,72,100,0.00045610620726665974,344,6.112970848177724e-05,1,2,adam,"{'neurons_per_layer_encoder': [72, 144], 'neurons_per_layer_decoder': [144]}",72,[144],"[72, 144]",[0.6804672546029777],0.9129853211107091,COMPLETE
422,0.10780618356795713,2025-01-09 22:35:12.655878,2025-01-09 22:35:15.223132,0 days 00:00:02.567254,0.051816745018895195,120,0.2,60,100,0.00099903162256481,272,4.445717723628635e-05,1,2,adam,"{'neurons_per_layer_encoder': [60, 120], 'neurons_per_layer_decoder': [120]}",60,[120],"[60, 120]",[0.10780618356795713],0.864312547172183,COMPLETE
423,0.3947397333448016,2025-01-09 22:36:17.225949,2025-01-09 22:36:20.413107,0 days 00:00:03.187158,0.11699392106236611,32,0.2,68,100,1.2689442560071626e-05,288,6.230938466162296e-05,1,2,adam,"{'neurons_per_layer_encoder': [68, 136], 'neurons_per_layer_decoder': [136]}",68,[136],"[68, 136]",[0.3947397333448016],0.12996381383684402,COMPLETE
424,0.022077666744727775,2025-01-09 22:36:17.237630,2025-01-09 22:36:19.577748,0 days 00:00:02.340118,0.044461121131806204,32,0.2,220,100,3.714780238865382e-05,464,4.696266184090488e-05,1,2,adam,"{'neurons_per_layer_encoder': [220, 440], 'neurons_per_layer_decoder': [440]}",220,[440],"[220, 440]",[0.022077666744727775],0.2987166632662827,COMPLETE
425,-0.04899481730417121,2025-01-09 22:36:17.275131,2025-01-09 22:36:19.040121,0 days 00:00:01.764990,0.04272684393204171,32,0.2,56,100,8.496561276981743e-05,248,4.903413119251821e-05,1,2,adam,"{'neurons_per_layer_encoder': [56, 112], 'neurons_per_layer_decoder': [112]}",56,[112],"[56, 112]",[-0.04899481730417121],0.2956614182912203,COMPLETE
426,0.5198722018721581,2025-01-09 22:36:17.298348,2025-01-09 22:36:20.602250,0 days 00:00:03.303902,0.04447982502408662,32,0.2,76,100,0.00043948081799860355,352,5.713846463487902e-05,1,2,adam,"{'neurons_per_layer_encoder': [76, 152], 'neurons_per_layer_decoder': [152]}",76,[152],"[76, 152]",[0.5198722018721581],0.8725328295802323,COMPLETE
427,0.35658091929623337,2025-01-09 22:36:17.321922,2025-01-09 22:36:20.556076,0 days 00:00:03.234154,0.04410849233827347,32,0.2,72,100,0.0003999451353468284,344,6.876906668667122e-05,1,2,adam,"{'neurons_per_layer_encoder': [72, 144], 'neurons_per_layer_decoder': [144]}",72,[144],"[72, 144]",[0.35658091929623337],0.8108345745672393,COMPLETE
428,0.45048327896311424,2025-01-09 22:36:19.050336,2025-01-09 22:36:22.240301,0 days 00:00:03.189965,0.04416587370593709,32,0.2,48,100,0.0004455766434975189,216,5.986683924410951e-05,1,2,adam,"{'neurons_per_layer_encoder': [48, 96], 'neurons_per_layer_decoder': [96]}",48,[96],"[48, 96]",[0.45048327896311424],0.8047024708784267,COMPLETE
429,0.32292247255014717,2025-01-09 22:36:19.588348,2025-01-09 22:36:23.169401,0 days 00:00:03.581053,0.04382220315353598,32,0.4,68,100,0.00042910689956960447,304,5.760537557158418e-05,2,2,adam,"{'neurons_per_layer_encoder': [68, 136], 'neurons_per_layer_decoder': [136, 68]}",68,"[136, 68]","[68, 136]",[0.32292247255014717],0.8580637889853724,COMPLETE
430,0.10285278938531361,2025-01-09 22:36:20.423639,2025-01-09 22:36:23.723351,0 days 00:00:03.299712,0.044352136836826934,32,0.1,76,100,0.00044391563107645376,352,6.702340384372388e-05,1,2,adam,"{'neurons_per_layer_encoder': [76, 152], 'neurons_per_layer_decoder': [152]}",76,[152],"[76, 152]",[0.10285278938531361],0.7529820965421966,COMPLETE
