number,value,datetime_start,datetime_complete,duration,params_alpha,params_batch_size,params_drop_out_rate,params_encoder_neurons_layer_1,params_epochs,params_lambda,params_latent_dim,params_learning_rate,params_num_layers_decoder,params_num_layers_encoder,params_optimizer,user_attrs_encoder_decoder_config,user_attrs_first_layer_neurons,user_attrs_neurons_per_layer_decoder,user_attrs_neurons_per_layer_encoder,user_attrs_r2_feature_1,user_attrs_relative_deterioration,state
617,-0.04397357220812803,2025-01-09 22:38:55.828072,2025-01-09 22:38:58.745414,0 days 00:00:02.917342,0.06677192623958988,32,0.1,24,100,0.0002765260419670221,100,0.0008992661167788871,1,2,adam,"{'neurons_per_layer_encoder': [24, 48], 'neurons_per_layer_decoder': [48]}",24,[48],"[24, 48]",[-0.04397357220812803],-0.1737653238878667,COMPLETE
618,0.6225622366359648,2025-01-09 22:38:55.916676,2025-01-09 22:38:58.935026,0 days 00:00:03.018350,0.06754766636106459,32,0.1,40,100,0.0002873241730882131,184,0.0008144692104776135,1,2,adam,"{'neurons_per_layer_encoder': [40, 80], 'neurons_per_layer_decoder': [80]}",40,[80],"[40, 80]",[0.6225622366359648],0.6968222297430824,COMPLETE
619,0.1551630863193867,2025-01-09 22:38:56.166293,2025-01-09 22:38:59.317607,0 days 00:00:03.151314,0.06588019483518065,32,0.1,28,100,0.00030860152624532914,109,0.0010105814483271538,1,2,adam,"{'neurons_per_layer_encoder': [28, 56], 'neurons_per_layer_decoder': [56]}",28,[56],"[28, 56]",[0.1551630863193867],0.11995388355291622,COMPLETE
620,0.5465534798371172,2025-01-09 22:38:56.303890,2025-01-09 22:38:59.460694,0 days 00:00:03.156804,0.0741425520907325,32,0.1,44,100,0.00026818554759497164,144,0.0011144805202442634,1,2,adam,"{'neurons_per_layer_encoder': [44, 88], 'neurons_per_layer_decoder': [88]}",44,[88],"[44, 88]",[0.5465534798371172],0.555872713475384,COMPLETE
621,0.6049551442250449,2025-01-09 22:38:56.554172,2025-01-09 22:38:59.510377,0 days 00:00:02.956205,0.061909900727156526,32,0.1,32,100,0.00026391952698019103,134,0.0010523849705658902,1,2,adam,"{'neurons_per_layer_encoder': [32, 64], 'neurons_per_layer_decoder': [64]}",32,[64],"[32, 64]",[0.6049551442250449],0.5648743104223289,COMPLETE
622,-0.08490733519164695,2025-01-09 22:38:58.754015,2025-01-09 22:39:01.496274,0 days 00:00:02.742259,0.06171243545458563,128,0.1,28,100,0.0002694652954420414,125,0.0011024083030764513,1,2,adam,"{'neurons_per_layer_encoder': [28, 56], 'neurons_per_layer_decoder': [56]}",28,[56],"[28, 56]",[-0.08490733519164695],0.09891117807467437,COMPLETE
623,0.5942874307865755,2025-01-09 22:38:58.943905,2025-01-09 22:39:02.086258,0 days 00:00:03.142353,0.06125543328555454,32,0.1,32,100,6.057702000339676e-06,134,0.0010709897866136202,1,2,adam,"{'neurons_per_layer_encoder': [32, 64], 'neurons_per_layer_decoder': [64]}",32,[64],"[32, 64]",[0.5942874307865755],-0.276129502661548,COMPLETE
624,0.23670523315794634,2025-01-09 22:38:59.325965,2025-01-09 22:39:02.233971,0 days 00:00:02.908006,0.06178970410547129,32,0.1,32,100,0.00034493544969490197,134,0.0009880937703695995,1,2,adam,"{'neurons_per_layer_encoder': [32, 64], 'neurons_per_layer_decoder': [64]}",32,[64],"[32, 64]",[0.23670523315794634],0.31297307135861585,COMPLETE
625,0.6571029380476072,2025-01-09 22:38:59.469527,2025-01-09 22:39:02.469716,0 days 00:00:03.000189,0.05118604968193266,32,0.1,32,100,0.00022009304247231251,134,0.0009616822606716722,1,2,adam,"{'neurons_per_layer_encoder': [32, 64], 'neurons_per_layer_decoder': [64]}",32,[64],"[32, 64]",[0.6571029380476072],0.6247542102008597,COMPLETE
626,0.24430015951745376,2025-01-09 22:38:59.520029,2025-01-09 22:39:02.372793,0 days 00:00:02.852764,0.13990699694604689,120,0.1,44,100,0.00033463988744830865,192,0.0004477315008527246,1,2,adam,"{'neurons_per_layer_encoder': [44, 88], 'neurons_per_layer_decoder': [88]}",44,[88],"[44, 88]",[0.24430015951745376],0.5442121820925128,COMPLETE
627,0.449982796188258,2025-01-09 22:39:01.505374,2025-01-09 22:39:04.636815,0 days 00:00:03.131441,0.051440234709660915,32,0.1,48,100,0.0004255918226156022,216,0.0004657159367040703,1,2,adam,"{'neurons_per_layer_encoder': [48, 96], 'neurons_per_layer_decoder': [96]}",48,[96],"[48, 96]",[0.449982796188258],0.723174233676425,COMPLETE
628,0.7723694627893765,2025-01-09 22:39:02.095797,2025-01-09 22:39:05.124019,0 days 00:00:03.028222,0.051569018149577026,32,0.1,44,100,0.00022494048176073406,192,0.0004457847977652974,1,2,adam,"{'neurons_per_layer_encoder': [44, 88], 'neurons_per_layer_decoder': [88]}",44,[88],"[44, 88]",[0.7723694627893765],0.8026392197112713,COMPLETE
629,0.673383362326816,2025-01-09 22:39:02.242486,2025-01-09 22:39:05.240931,0 days 00:00:02.998445,0.052883429044989314,32,0.1,40,100,0.0004173695630175093,184,0.0004694152676078521,1,2,adam,"{'neurons_per_layer_encoder': [40, 80], 'neurons_per_layer_decoder': [80]}",40,[80],"[40, 80]",[0.673383362326816],0.8094029658144906,COMPLETE
630,0.673534047116692,2025-01-09 22:39:02.381543,2025-01-09 22:39:05.398023,0 days 00:00:03.016480,0.05012148998026395,32,0.1,52,100,0.00022171059058473294,240,0.0004516031615120782,1,2,adam,"{'neurons_per_layer_encoder': [52, 104], 'neurons_per_layer_decoder': [104]}",52,[104],"[52, 104]",[0.673534047116692],0.7505198712060056,COMPLETE
631,0.28807832342047923,2025-01-09 22:39:02.478686,2025-01-09 22:39:05.530559,0 days 00:00:03.051873,0.07447519699669151,32,0.1,52,100,0.0004276915702122934,240,0.00046661424878624027,1,2,adam,"{'neurons_per_layer_encoder': [52, 104], 'neurons_per_layer_decoder': [104]}",52,[104],"[52, 104]",[0.28807832342047923],0.6446342309739647,COMPLETE
632,0.4615507755939936,2025-01-09 22:39:04.645449,2025-01-09 22:39:08.580965,0 days 00:00:03.935516,0.05681685992979683,32,0.1,52,100,0.0003762260331113529,240,0.0005040091843077076,4,2,adam,"{'neurons_per_layer_encoder': [52, 104], 'neurons_per_layer_decoder': [104, 52, 26, 13]}",52,"[104, 52, 26, 13]","[52, 104]",[0.4615507755939936],0.8325549762310525,COMPLETE
633,0.5147196198218978,2025-01-09 22:39:05.133164,2025-01-09 22:39:08.178278,0 days 00:00:03.045114,0.054087649725575886,32,0.1,52,100,0.00022842006037759047,240,0.00048600986448190796,1,2,adam,"{'neurons_per_layer_encoder': [52, 104], 'neurons_per_layer_decoder': [104]}",52,[104],"[52, 104]",[0.5147196198218978],0.633442046584238,COMPLETE
634,0.6847460346098244,2025-01-09 22:39:05.249191,2025-01-09 22:39:08.281796,0 days 00:00:03.032605,0.051238769061929874,32,0.1,52,100,0.00024897781374944836,240,0.0005126396909276291,1,2,adam,"{'neurons_per_layer_encoder': [52, 104], 'neurons_per_layer_decoder': [104]}",52,[104],"[52, 104]",[0.6847460346098244],0.7886420879666772,COMPLETE
635,0.6255085342682971,2025-01-09 22:39:05.405966,2025-01-09 22:39:08.397442,0 days 00:00:02.991476,0.05630192523755822,32,0.1,52,100,3.5224418759466007e-06,240,0.0005072389033835235,1,2,adam,"{'neurons_per_layer_encoder': [52, 104], 'neurons_per_layer_decoder': [104]}",52,[104],"[52, 104]",[0.6255085342682971],-0.10766034911288343,COMPLETE
636,0.7614406215989054,2025-01-09 22:39:05.538816,2025-01-09 22:39:08.557741,0 days 00:00:03.018925,0.056512795293773635,32,0.1,52,100,0.00020943108519862408,240,0.00041018673420087473,1,2,adam,"{'neurons_per_layer_encoder': [52, 104], 'neurons_per_layer_decoder': [104]}",52,[104],"[52, 104]",[0.7614406215989054],0.8126340470560898,COMPLETE
637,-0.10902152575700952,2025-01-09 22:39:08.186782,2025-01-09 22:39:09.843346,0 days 00:00:01.656564,0.05648301879523502,32,0.1,40,100,1.226466187460658e-05,184,0.0005540271208501707,1,2,adam,"{'neurons_per_layer_encoder': [40, 80], 'neurons_per_layer_decoder': [80]}",40,[80],"[40, 80]",[-0.10902152575700952],-1.2864263363874757,COMPLETE
638,0.5433049128046019,2025-01-09 22:39:08.290339,2025-01-09 22:39:11.272292,0 days 00:00:02.981953,0.05516637165020053,40,0.1,40,100,2.2285257636743e-05,184,0.0004102840175028965,1,2,adam,"{'neurons_per_layer_encoder': [40, 80], 'neurons_per_layer_decoder': [80]}",40,[80],"[40, 80]",[0.5433049128046019],-0.12547764273636083,COMPLETE
639,0.6297596135022674,2025-01-09 22:39:08.405887,2025-01-09 22:39:11.364411,0 days 00:00:02.958524,0.058007616894477004,40,0.1,44,100,0.00020222516509534052,144,0.0004139832581764577,1,2,adam,"{'neurons_per_layer_encoder': [44, 88], 'neurons_per_layer_decoder': [88]}",44,[88],"[44, 88]",[0.6297596135022674],0.6461112344343867,COMPLETE
640,0.5636557279694143,2025-01-09 22:39:08.566277,2025-01-09 22:39:11.547157,0 days 00:00:02.980880,0.059593355496639536,40,0.1,40,100,0.0002225748746554983,184,0.0004282978604396373,1,2,adam,"{'neurons_per_layer_encoder': [40, 80], 'neurons_per_layer_decoder': [80]}",40,[80],"[40, 80]",[0.5636557279694143],0.5910442281550123,COMPLETE
641,0.7299016903965415,2025-01-09 22:39:08.592778,2025-01-09 22:39:11.770990,0 days 00:00:03.178212,0.05766991133218262,40,0.1,40,100,0.0002327258189795092,184,0.0005884510413382647,1,2,adam,"{'neurons_per_layer_encoder': [40, 80], 'neurons_per_layer_decoder': [80]}",40,[80],"[40, 80]",[0.7299016903965415],0.7388600656892176,COMPLETE
642,0.4295694189138878,2025-01-09 22:39:09.852476,2025-01-09 22:39:12.924439,0 days 00:00:03.071963,0.049885267797947865,40,0.1,44,100,0.0001990959554313959,192,0.00042002649269560447,1,2,adam,"{'neurons_per_layer_encoder': [44, 88], 'neurons_per_layer_decoder': [88]}",44,[88],"[44, 88]",[0.4295694189138878],0.48224575632052735,COMPLETE
643,0.24189956236267762,2025-01-09 22:39:11.281536,2025-01-09 22:39:14.537098,0 days 00:00:03.255562,0.04963603307850761,32,0.1,44,100,0.00023961114157941722,144,0.00042500601123527754,1,2,adam,"{'neurons_per_layer_encoder': [44, 88], 'neurons_per_layer_decoder': [88]}",44,[88],"[44, 88]",[0.24189956236267762],0.37884660209863324,COMPLETE
644,0.3375176488620464,2025-01-09 22:39:11.377229,2025-01-09 22:39:14.570887,0 days 00:00:03.193658,0.0493352860773023,32,0.1,20,100,0.0002206013829010614,76,0.0005762086962716169,1,2,adam,"{'neurons_per_layer_encoder': [20, 40], 'neurons_per_layer_decoder': [40]}",20,[40],"[20, 40]",[0.3375176488620464],0.17498600894572228,COMPLETE
645,0.4733917666849753,2025-01-09 22:39:11.555890,2025-01-09 22:39:14.848512,0 days 00:00:03.292622,0.04966588239165841,32,0.1,48,100,0.00017373321415704786,216,0.0005946299620528784,1,2,adam,"{'neurons_per_layer_encoder': [48, 96], 'neurons_per_layer_decoder': [96]}",48,[96],"[48, 96]",[0.4733917666849753],0.4860429312527577,COMPLETE
646,0.6539397245126322,2025-01-09 22:39:11.784105,2025-01-09 22:39:14.811799,0 days 00:00:03.027694,0.05039793778443958,40,0.1,36,100,0.0001927645241531419,159,0.0005953743387383659,1,2,adam,"{'neurons_per_layer_encoder': [36, 72], 'neurons_per_layer_decoder': [72]}",36,[72],"[36, 72]",[0.6539397245126322],0.6169552041635942,COMPLETE
647,0.4349999979683199,2025-01-09 22:39:12.933343,2025-01-09 22:39:16.058170,0 days 00:00:03.124827,0.052932141621705356,40,0.1,36,100,0.00023167043798074792,159,2.7393069114851683e-05,1,2,adam,"{'neurons_per_layer_encoder': [36, 72], 'neurons_per_layer_decoder': [72]}",36,[72],"[36, 72]",[0.4349999979683199],0.6135716971185468,COMPLETE
648,0.6483339332703875,2025-01-09 22:39:14.547813,2025-01-09 22:39:18.836283,0 days 00:00:04.288470,0.05361808120795369,40,0.1,36,100,0.00029452954932971423,424,0.0006111266812292204,1,4,adam,"{'neurons_per_layer_encoder': [36, 72, 144, 288], 'neurons_per_layer_decoder': [288]}",36,[288],"[36, 72, 144, 288]",[0.6483339332703875],0.8998114008986781,COMPLETE
649,0.6361848716661529,2025-01-09 22:39:14.587334,2025-01-09 22:39:17.590619,0 days 00:00:03.003285,0.053400836402700574,40,0.1,28,100,0.00017794607537392865,109,0.0006142824174009433,1,2,adam,"{'neurons_per_layer_encoder': [28, 56], 'neurons_per_layer_decoder': [56]}",28,[56],"[28, 56]",[0.6361848716661529],0.5373233470255958,COMPLETE
650,0.7105944184596854,2025-01-09 22:39:14.821417,2025-01-09 22:39:19.402493,0 days 00:00:04.581076,0.05777893088674458,32,0.1,32,100,0.00018776954129573316,488,0.0006808444496056833,1,4,adam,"{'neurons_per_layer_encoder': [32, 64, 128, 256], 'neurons_per_layer_decoder': [256]}",32,[256],"[32, 64, 128, 256]",[0.7105944184596854],0.8932132668126366,COMPLETE
651,0.5825415632313775,2025-01-09 22:39:14.861256,2025-01-09 22:39:17.873239,0 days 00:00:03.011983,0.06228264011848384,40,0.1,36,100,0.0002991042669557808,159,0.0006666146279119664,1,2,adam,"{'neurons_per_layer_encoder': [36, 72], 'neurons_per_layer_decoder': [72]}",36,[72],"[36, 72]",[0.5825415632313775],0.6120535553551748,COMPLETE
652,0.7750218795214041,2025-01-09 22:39:16.067365,2025-01-09 22:39:19.177195,0 days 00:00:03.109830,0.05828286939225079,32,0.1,32,100,0.0003060113608544431,134,0.0006767001184730279,1,2,adam,"{'neurons_per_layer_encoder': [32, 64], 'neurons_per_layer_decoder': [64]}",32,[64],"[32, 64]",[0.7750218795214041],0.7899879797030324,COMPLETE
653,0.4209852750605544,2025-01-09 22:39:17.600230,2025-01-09 22:39:20.513574,0 days 00:00:02.913344,0.06249356822259343,48,0.1,36,100,0.00030222032500457806,159,0.0006900469619014111,1,2,adam,"{'neurons_per_layer_encoder': [36, 72], 'neurons_per_layer_decoder': [72]}",36,[72],"[36, 72]",[0.4209852750605544],0.4048985434645843,COMPLETE
654,0.5123695370638341,2025-01-09 22:39:17.882091,2025-01-09 22:39:20.900251,0 days 00:00:03.018160,0.06052376052317949,32,0.1,28,100,0.00024346039904553756,109,0.0004745841914986071,1,2,adam,"{'neurons_per_layer_encoder': [28, 56], 'neurons_per_layer_decoder': [56]}",28,[56],"[28, 56]",[0.5123695370638341],0.5059340128124148,COMPLETE
655,0.6955217571959262,2025-01-09 22:39:18.846839,2025-01-09 22:39:21.929610,0 days 00:00:03.082771,0.05832949817962304,32,0.1,28,100,0.0002463616956003355,109,0.0004852348206221581,1,2,adam,"{'neurons_per_layer_encoder': [28, 56], 'neurons_per_layer_decoder': [56]}",28,[56],"[28, 56]",[0.6955217571959262],0.6808330619640188,COMPLETE
656,0.3403390224369144,2025-01-09 22:39:19.186088,2025-01-09 22:39:22.275824,0 days 00:00:03.089736,0.060502264188644655,32,0.1,24,100,4.232139839903791e-06,100,0.00035192744729247154,1,2,adam,"{'neurons_per_layer_encoder': [24, 48], 'neurons_per_layer_decoder': [48]}",24,[48],"[24, 48]",[0.3403390224369144],-0.5949951524517887,COMPLETE
657,0.4119063065635391,2025-01-09 22:39:19.411542,2025-01-09 22:39:22.446172,0 days 00:00:03.034630,0.06322442650869559,32,0.1,20,100,0.00031413537966511467,76,0.0007451633185285026,1,2,adam,"{'neurons_per_layer_encoder': [20, 40], 'neurons_per_layer_decoder': [40]}",20,[40],"[20, 40]",[0.4119063065635391],0.36331111275954475,COMPLETE
658,0.2818012648488287,2025-01-09 22:39:20.522962,2025-01-09 22:39:23.512116,0 days 00:00:02.989154,0.06067814732615158,32,0.1,24,100,0.00032847420197382204,100,0.000361965678233894,1,2,adam,"{'neurons_per_layer_encoder': [24, 48], 'neurons_per_layer_decoder': [48]}",24,[48],"[24, 48]",[0.2818012648488287],0.3661321156797919,COMPLETE
659,0.25577442765768466,2025-01-09 22:39:20.909420,2025-01-09 22:39:23.932529,0 days 00:00:03.023109,0.046255645597664076,32,0.1,24,100,0.000343897905550349,100,0.00034128269955893887,1,2,adam,"{'neurons_per_layer_encoder': [24, 48], 'neurons_per_layer_decoder': [48]}",24,[48],"[24, 48]",[0.25577442765768466],0.36772770334951993,COMPLETE
660,0.4387443449933829,2025-01-09 22:39:21.938402,2025-01-09 22:39:24.883220,0 days 00:00:02.944818,0.0468690526366752,32,0.1,24,100,0.0004162179999308051,100,0.0003504577393455429,1,2,adam,"{'neurons_per_layer_encoder': [24, 48], 'neurons_per_layer_decoder': [48]}",24,[48],"[24, 48]",[0.4387443449933829],0.5706040467909351,COMPLETE
661,0.1227450759866644,2025-01-09 22:39:22.285140,2025-01-09 22:39:25.025892,0 days 00:00:02.740752,0.046141709099324565,32,0.1,20,100,0.0003773774298046922,60,0.0004108229672571764,1,2,adam,"{'neurons_per_layer_encoder': [20, 40], 'neurons_per_layer_decoder': [40]}",20,[40],"[20, 40]",[0.1227450759866644],0.1942092647965384,COMPLETE
662,0.5870581866436598,2025-01-09 22:39:22.455187,2025-01-09 22:39:25.625547,0 days 00:00:03.170360,0.04672685612378137,32,0.1,56,100,0.00035040734346398816,264,0.00042820301986719187,1,2,adam,"{'neurons_per_layer_encoder': [56, 112], 'neurons_per_layer_decoder': [112]}",56,[112],"[56, 112]",[0.5870581866436598],0.7815634194717452,COMPLETE
663,0.7564887938032187,2025-01-09 22:39:23.521812,2025-01-09 22:39:26.563755,0 days 00:00:03.041943,0.05353679505913088,32,0.1,56,100,0.0004094691440864374,264,0.00039807051727583186,1,2,adam,"{'neurons_per_layer_encoder': [56, 112], 'neurons_per_layer_decoder': [112]}",56,[112],"[56, 112]",[0.7564887938032187],0.8896609948314584,COMPLETE
664,0.5849733195447493,2025-01-09 22:39:23.941128,2025-01-09 22:39:27.012822,0 days 00:00:03.071694,0.04644151444650057,32,0.1,56,100,0.000410613525865232,264,0.00043753133621349374,1,2,adam,"{'neurons_per_layer_encoder': [56, 112], 'neurons_per_layer_decoder': [112]}",56,[112],"[56, 112]",[0.5849733195447493],0.8042130115533089,COMPLETE
665,0.6070159965518367,2025-01-09 22:39:24.892093,2025-01-09 22:39:27.945291,0 days 00:00:03.053198,0.054559368261298744,32,0.1,56,100,0.0004089317271409901,264,0.000419823119238423,1,2,adam,"{'neurons_per_layer_encoder': [56, 112], 'neurons_per_layer_decoder': [112]}",56,[112],"[56, 112]",[0.6070159965518367],0.8171941913051637,COMPLETE
666,-0.11443225012783431,2025-01-09 22:39:25.034610,2025-01-09 22:39:26.707686,0 days 00:00:01.673076,0.053553096584313856,32,0.1,56,100,0.0004097037164626771,264,0.00042588045915613814,1,2,adadelta,"{'neurons_per_layer_encoder': [56, 112], 'neurons_per_layer_decoder': [112]}",56,[112],"[56, 112]",[-0.11443225012783431],0.7356834164465115,COMPLETE
667,-0.13614634334564912,2025-01-09 22:39:25.634429,2025-01-09 22:39:27.313170,0 days 00:00:01.678741,0.053047094289266614,32,0.1,56,100,0.00042715474660193247,264,0.0004203683578362663,1,2,adadelta,"{'neurons_per_layer_encoder': [56, 112], 'neurons_per_layer_decoder': [112]}",56,[112],"[56, 112]",[-0.13614634334564912],0.7013957945424832,COMPLETE
668,-0.4341893083035693,2025-01-09 22:39:26.573585,2025-01-09 22:39:28.282626,0 days 00:00:01.709041,0.05404311651641869,32,0.1,56,100,1.8372799625840132e-06,264,0.0005239225466568231,1,2,adadelta,"{'neurons_per_layer_encoder': [56, 112], 'neurons_per_layer_decoder': [112]}",56,[112],"[56, 112]",[-0.4341893083035693],0.14029049620011705,COMPLETE
669,-0.06556029380207673,2025-01-09 22:39:26.716272,2025-01-09 22:39:28.380041,0 days 00:00:01.663769,0.051850911389326536,64,0.1,48,100,0.0003552560350955347,216,0.0005225316153547969,1,2,adam,"{'neurons_per_layer_encoder': [48, 96], 'neurons_per_layer_decoder': [96]}",48,[96],"[48, 96]",[-0.06556029380207673],0.502878885575752,COMPLETE
670,0.2742440988875353,2025-01-09 22:39:27.021467,2025-01-09 22:39:30.023943,0 days 00:00:03.002476,0.05164044343530092,32,0.30000000000000004,44,100,0.000336633584975368,144,0.0005112681061142823,1,2,adam,"{'neurons_per_layer_encoder': [44, 88], 'neurons_per_layer_decoder': [88]}",44,[88],"[44, 88]",[0.2742440988875353],0.6075212708985563,COMPLETE
671,0.34736421863052946,2025-01-09 22:39:27.321922,2025-01-09 22:39:30.638637,0 days 00:00:03.316715,0.05052126725561013,32,0.30000000000000004,48,100,0.00035353850241581075,216,0.0005387390653801584,1,2,adam,"{'neurons_per_layer_encoder': [48, 96], 'neurons_per_layer_decoder': [96]}",48,[96],"[48, 96]",[0.34736421863052946],0.6657727864552692,COMPLETE
672,0.48946603062189764,2025-01-09 22:39:27.954291,2025-01-09 22:39:31.021422,0 days 00:00:03.067131,0.05109045316471541,32,0.1,48,100,0.00034032159141460553,216,0.0005239809057880819,1,2,adam,"{'neurons_per_layer_encoder': [48, 96], 'neurons_per_layer_decoder': [96]}",48,[96],"[48, 96]",[0.48946603062189764],0.6900596230487094,COMPLETE
673,-0.03583571926970808,2025-01-09 22:39:28.291606,2025-01-09 22:39:31.141668,0 days 00:00:02.850062,0.04935612122848941,32,0.30000000000000004,48,100,0.0003550363091172996,216,3.288379431712329e-05,1,2,adam,"{'neurons_per_layer_encoder': [48, 96], 'neurons_per_layer_decoder': [96]}",48,[96],"[48, 96]",[-0.03583571926970808],0.6214006727320018,COMPLETE
674,0.6756660776317099,2025-01-09 22:39:28.388923,2025-01-09 22:39:31.435418,0 days 00:00:03.046495,0.04963139199407828,32,0.1,48,100,0.00029512267022708904,216,0.00030018635577185417,1,2,adam,"{'neurons_per_layer_encoder': [48, 96], 'neurons_per_layer_decoder': [96]}",48,[96],"[48, 96]",[0.6756660776317099],0.7925647038352296,COMPLETE
675,0.2483043777395857,2025-01-09 22:39:30.032503,2025-01-09 22:39:32.962894,0 days 00:00:02.930391,0.04999025029804218,112,0.1,48,100,0.00031836168620238584,216,0.0007407688921851309,1,2,adam,"{'neurons_per_layer_encoder': [48, 96], 'neurons_per_layer_decoder': [96]}",48,[96],"[48, 96]",[0.2483043777395857],0.4945961100180423,COMPLETE
676,0.4798340668671568,2025-01-09 22:39:30.647772,2025-01-09 22:39:33.688426,0 days 00:00:03.040654,0.04832931817427904,32,0.1,32,100,0.0002976140814206265,134,0.0007294332002098178,1,2,adam,"{'neurons_per_layer_encoder': [32, 64], 'neurons_per_layer_decoder': [64]}",32,[64],"[32, 64]",[0.4798340668671568],0.5253267871130615,COMPLETE
677,0.045358313204744816,2025-01-09 22:39:31.030089,2025-01-09 22:39:33.044618,0 days 00:00:02.014529,0.0486392259489663,32,0.1,32,100,0.00026745663927616457,134,0.00030544820028153224,1,2,adam,"{'neurons_per_layer_encoder': [32, 64], 'neurons_per_layer_decoder': [64]}",32,[64],"[32, 64]",[0.045358313204744816],0.2882491962212689,COMPLETE
678,0.7026279794235731,2025-01-09 22:39:31.151307,2025-01-09 22:39:34.257370,0 days 00:00:03.106063,0.05623809464350769,32,0.1,60,100,0.00029096663771297464,256,0.00031701666153498206,1,2,adam,"{'neurons_per_layer_encoder': [60, 120], 'neurons_per_layer_decoder': [120]}",60,[120],"[60, 120]",[0.7026279794235731],0.8393776532286349,COMPLETE
679,0.8111632019391062,2025-01-09 22:39:31.444113,2025-01-09 22:39:35.497357,0 days 00:00:04.053244,0.057276460700045294,32,0.1,60,100,0.00027734854065345724,296,0.00034806191908694375,1,3,adam,"{'neurons_per_layer_encoder': [60, 120, 240], 'neurons_per_layer_decoder': [240]}",60,[240],"[60, 120, 240]",[0.8111632019391062],0.9404553023543225,COMPLETE
