number,value,datetime_start,datetime_complete,duration,params_alpha,params_batch_size,params_drop_out_rate,params_encoder_neurons_layer_1,params_epochs,params_lambda,params_latent_dim,params_learning_rate,params_num_layers_decoder,params_num_layers_encoder,params_optimizer,user_attrs_encoder_decoder_config,user_attrs_first_layer_neurons,user_attrs_neurons_per_layer_decoder,user_attrs_neurons_per_layer_encoder,user_attrs_r2_feature_1,user_attrs_relative_deterioration,state
431,0.536852917225342,2025-01-09 22:36:20.566772,2025-01-09 22:36:23.850865,0 days 00:00:03.284093,0.05125200820726799,32,0.4,60,100,0.00045415647403085,272,0.00026136285283158764,1,2,adam,"{'neurons_per_layer_encoder': [60, 120], 'neurons_per_layer_decoder': [120]}",60,[120],"[60, 120]",[0.536852917225342],0.8558510948815222,COMPLETE
432,0.35628070718405447,2025-01-09 22:36:20.614141,2025-01-09 22:36:24.414733,0 days 00:00:03.800592,0.04126463330843632,32,0.4,128,100,0.0004667254893538962,328,0.00026842529118341135,1,2,adam,"{'neurons_per_layer_encoder': [128, 256], 'neurons_per_layer_decoder': [256]}",128,[256],"[128, 256]",[0.35628070718405447],0.873287359911306,COMPLETE
433,0.5440628567213681,2025-01-09 22:36:22.249453,2025-01-09 22:36:27.252518,0 days 00:00:05.003065,0.01733273400177176,32,0.1,244,100,0.0006869964638435589,512,0.00029132354179761466,1,2,adam,"{'neurons_per_layer_encoder': [244, 488], 'neurons_per_layer_decoder': [488]}",244,[488],"[244, 488]",[0.5440628567213681],0.9452110237132774,COMPLETE
434,0.6729257787621159,2025-01-09 22:36:23.178213,2025-01-09 22:36:27.464149,0 days 00:00:04.285936,0.05076231602866409,32,0.1,168,100,5.319698911387766e-06,392,0.00020832132637783944,1,2,adam,"{'neurons_per_layer_encoder': [168, 336], 'neurons_per_layer_decoder': [336]}",168,[336],"[168, 336]",[0.6729257787621159],0.07757338456597546,COMPLETE
435,0.681991136244384,2025-01-09 22:36:23.845392,2025-01-09 22:36:27.215767,0 days 00:00:03.370375,0.0505315833235624,32,0.1,64,100,1.8219412971822747e-05,296,0.00026947968988421094,1,2,adam,"{'neurons_per_layer_encoder': [64, 128], 'neurons_per_layer_decoder': [128]}",64,[128],"[64, 128]",[0.681991136244384],0.23009378319409962,COMPLETE
436,-0.12330342213516388,2025-01-09 22:36:23.861192,2025-01-09 22:36:25.070679,0 days 00:00:01.209487,0.0393078022914003,32,0.1,128,100,0.0007171818294012863,296,0.00020812430359889097,1,1,sgd,"{'neurons_per_layer_encoder': [128], 'neurons_per_layer_decoder': [128]}",128,[128],[128],[-0.12330342213516388],0.768743814189637,COMPLETE
437,0.49162228417417786,2025-01-09 22:36:24.424574,2025-01-09 22:36:27.634399,0 days 00:00:03.209825,0.03500451072449767,40,0.1,224,100,1.9976327460857346e-05,376,0.000215815975500501,1,1,adam,"{'neurons_per_layer_encoder': [224], 'neurons_per_layer_decoder': [224]}",224,[224],[224],[0.49162228417417786],-0.3944665463244626,COMPLETE
438,0.3561007221273026,2025-01-09 22:36:25.079180,2025-01-09 22:36:28.088175,0 days 00:00:03.008995,0.03452094642480791,40,0.1,160,100,5.099416235400453e-06,376,0.000141498763840016,1,1,adam,"{'neurons_per_layer_encoder': [160], 'neurons_per_layer_decoder': [160]}",160,[160],[160],[0.3561007221273026],-1.5660691780374354,COMPLETE
439,0.4151096122963134,2025-01-09 22:36:27.223728,2025-01-09 22:36:30.284375,0 days 00:00:03.060647,0.03522455894098161,40,0.1,56,100,0.0006119963742479435,264,0.00032183191084930263,1,2,adam,"{'neurons_per_layer_encoder': [56, 112], 'neurons_per_layer_decoder': [112]}",56,[112],"[56, 112]",[0.4151096122963134],0.7793356334057627,COMPLETE
440,0.0028464339385266824,2025-01-09 22:36:27.267339,2025-01-09 22:36:28.954676,0 days 00:00:01.687337,0.03523748016424855,40,0.1,64,100,1.8875092363338696e-05,296,0.0003149679273450405,1,2,adam,"{'neurons_per_layer_encoder': [64, 128], 'neurons_per_layer_decoder': [128]}",64,[128],"[64, 128]",[0.0028464339385266824],-1.1228574640868247,COMPLETE
441,0.43496207712149826,2025-01-09 22:36:27.473208,2025-01-09 22:36:30.592941,0 days 00:00:03.119733,0.04798885390247539,40,0.1,64,100,0.0006085915742546813,296,0.0003160288096929844,1,2,adam,"{'neurons_per_layer_encoder': [64, 128], 'neurons_per_layer_decoder': [128]}",64,[128],"[64, 128]",[0.43496207712149826],0.8094892018260585,COMPLETE
442,0.72007787250032,2025-01-09 22:36:27.642264,2025-01-09 22:36:30.789012,0 days 00:00:03.146748,0.0543482919447637,32,0.1,60,100,1.6397617917442348e-05,272,0.00031262235058758205,1,2,adam,"{'neurons_per_layer_encoder': [60, 120], 'neurons_per_layer_decoder': [120]}",60,[120],"[60, 120]",[0.72007787250032],0.27412576649348797,COMPLETE
443,-0.21220293404495894,2025-01-09 22:36:28.096718,2025-01-09 22:36:30.284475,0 days 00:00:02.187757,0.03727512647645183,32,0.1,172,100,1.6423082404916765e-05,384,1.0595536181748687e-05,1,2,adam,"{'neurons_per_layer_encoder': [172, 344], 'neurons_per_layer_decoder': [344]}",172,[344],"[172, 344]",[-0.21220293404495894],-0.2236982658821101,COMPLETE
444,0.7778482802232954,2025-01-09 22:36:28.963184,2025-01-09 22:36:32.234025,0 days 00:00:03.270841,0.05601962172219174,32,0.1,64,100,0.0006083591863888239,280,0.0002990580796770944,1,2,adam,"{'neurons_per_layer_encoder': [64, 128], 'neurons_per_layer_decoder': [128]}",64,[128],"[64, 128]",[0.7778482802232954],0.9337569287003201,COMPLETE
445,0.5840236939450665,2025-01-09 22:36:30.293832,2025-01-09 22:36:33.442865,0 days 00:00:03.149033,0.04685764029620733,32,0.1,52,100,1.2882965425318093e-05,224,0.00026285685381222064,1,2,adam,"{'neurons_per_layer_encoder': [52, 104], 'neurons_per_layer_decoder': [104]}",52,[104],"[52, 104]",[0.5840236939450665],-0.019969707558786614,COMPLETE
446,0.6562740200648711,2025-01-09 22:36:30.295334,2025-01-09 22:36:33.493830,0 days 00:00:03.198496,0.055099766061041285,32,0.1,64,100,2.0837588493405405e-05,280,0.0002459058818703994,1,2,adam,"{'neurons_per_layer_encoder': [64, 128], 'neurons_per_layer_decoder': [128]}",64,[128],"[64, 128]",[0.6562740200648711],0.222344491892472,COMPLETE
447,0.006814476603082431,2025-01-09 22:36:30.601837,2025-01-09 22:36:32.741740,0 days 00:00:02.139903,0.04107560672654745,32,0.1,228,100,1.4582227033612376e-05,480,0.00024556066276587416,1,2,adam,"{'neurons_per_layer_encoder': [228, 456], 'neurons_per_layer_decoder': [456]}",228,[456],"[228, 456]",[0.006814476603082431],-0.5327525749174478,COMPLETE
448,0.5906009962124741,2025-01-09 22:36:30.797429,2025-01-09 22:36:33.930670,0 days 00:00:03.133241,0.05152912491437845,32,0.1,64,100,2.327680379219711e-05,280,0.00040823602990256043,1,2,adam,"{'neurons_per_layer_encoder': [64, 128], 'neurons_per_layer_decoder': [128]}",64,[128],"[64, 128]",[0.5906009962124741],0.005861939905592316,COMPLETE
449,0.5280368034210622,2025-01-09 22:36:32.243176,2025-01-09 22:36:35.486016,0 days 00:00:03.242840,0.0551412698805491,32,0.1,60,100,0.0007447144571817916,272,0.00027645354774485746,1,2,adam,"{'neurons_per_layer_encoder': [60, 120], 'neurons_per_layer_decoder': [120]}",60,[120],"[60, 120]",[0.5280368034210622],0.8719663881190824,COMPLETE
450,0.4521276496710458,2025-01-09 22:36:32.750404,2025-01-09 22:36:35.937120,0 days 00:00:03.186716,0.05018149877814651,32,0.1,56,100,0.0007313468767146657,264,0.0004556420042826065,1,2,adam,"{'neurons_per_layer_encoder': [56, 112], 'neurons_per_layer_decoder': [112]}",56,[112],"[56, 112]",[0.4521276496710458],0.8186247689738102,COMPLETE
451,0.8416276390526227,2025-01-09 22:36:33.451169,2025-01-09 22:36:36.630182,0 days 00:00:03.179013,0.0522197076502581,32,0.1,64,100,1.9400332773517293e-05,280,0.0003470592465901077,1,2,adam,"{'neurons_per_layer_encoder': [64, 128], 'neurons_per_layer_decoder': [128]}",64,[128],"[64, 128]",[0.8416276390526227],0.62846838745757,COMPLETE
452,0.4479269769237798,2025-01-09 22:36:33.506969,2025-01-09 22:36:36.522718,0 days 00:00:03.015749,0.056398602959074215,32,0.1,56,100,0.0007327515517601196,264,0.00043904089480125796,1,2,adam,"{'neurons_per_layer_encoder': [56, 112], 'neurons_per_layer_decoder': [112]}",56,[112],"[56, 112]",[0.4479269769237798],0.8143521945582732,COMPLETE
453,0.543130642893559,2025-01-09 22:36:33.939409,2025-01-09 22:36:36.962331,0 days 00:00:03.022922,0.05304102930568297,32,0.1,56,100,0.0007635224569079046,264,0.0003056066326944418,1,2,adam,"{'neurons_per_layer_encoder': [56, 112], 'neurons_per_layer_decoder': [112]}",56,[112],"[56, 112]",[0.543130642893559],0.8697589518807592,COMPLETE
454,0.20832011425392194,2025-01-09 22:36:35.494368,2025-01-09 22:36:38.560760,0 days 00:00:03.066392,0.05806667105391193,32,0.1,56,100,0.0009994318944519752,264,0.00032757691890120724,1,2,adam,"{'neurons_per_layer_encoder': [56, 112], 'neurons_per_layer_decoder': [112]}",56,[112],"[56, 112]",[0.20832011425392194],0.8095660499726237,COMPLETE
455,0.7501895140086541,2025-01-09 22:36:35.945249,2025-01-09 22:36:38.989441,0 days 00:00:03.044192,0.05440014486154879,32,0.1,60,100,0.0009069503844477654,272,0.00034481918610204714,1,2,adam,"{'neurons_per_layer_encoder': [60, 120], 'neurons_per_layer_decoder': [120]}",60,[120],"[60, 120]",[0.7501895140086541],0.9364248451393268,COMPLETE
456,-0.05674431493581311,2025-01-09 22:36:36.639331,2025-01-09 22:36:37.737043,0 days 00:00:01.097712,0.06153343294159786,32,0.1,72,100,1.800315309025948e-05,280,0.0003959109658473591,1,2,sgd,"{'neurons_per_layer_encoder': [72, 144], 'neurons_per_layer_decoder': [144]}",72,[144],"[72, 144]",[-0.05674431493581311],0.2510154367257892,COMPLETE
457,-0.231003503553997,2025-01-09 22:36:36.665956,2025-01-09 22:36:37.918499,0 days 00:00:01.252543,0.05406078501864552,32,0.1,40,100,3.389124513891043e-05,184,0.00033538918644702943,3,2,sgd,"{'neurons_per_layer_encoder': [40, 80], 'neurons_per_layer_decoder': [80, 40, 20]}",40,"[80, 40, 20]","[40, 80]",[-0.231003503553997],0.2105778781281263,COMPLETE
458,0.5566488087996598,2025-01-09 22:36:36.971259,2025-01-09 22:36:40.141721,0 days 00:00:03.170462,0.06003827040920963,32,0.1,44,100,1.8357870274529586e-05,192,0.0003758090970782773,1,2,adam,"{'neurons_per_layer_encoder': [44, 88], 'neurons_per_layer_decoder': [88]}",44,[88],"[44, 88]",[0.5566488087996598],-0.0992859945191972,COMPLETE
459,0.316942513352795,2025-01-09 22:36:37.744615,2025-01-09 22:36:42.682069,0 days 00:00:04.937454,0.048196440359789566,32,0.1,176,100,0.0008535621475112125,376,0.0003406688384231565,3,2,adam,"{'neurons_per_layer_encoder': [176, 352], 'neurons_per_layer_decoder': [352, 176, 88]}",176,"[352, 176, 88]","[176, 352]",[0.316942513352795],0.953308479449479,COMPLETE
460,0.713979325519395,2025-01-09 22:36:37.926586,2025-01-09 22:36:40.951491,0 days 00:00:03.024905,0.06014369754744192,32,0.1,48,100,0.000873082778636581,120,0.0003617208240348164,1,2,adam,"{'neurons_per_layer_encoder': [48, 96], 'neurons_per_layer_decoder': [96]}",48,[96],"[48, 96]",[0.713979325519395],0.9059109082302671,COMPLETE
461,0.5145687515658184,2025-01-09 22:36:38.569239,2025-01-09 22:36:42.824061,0 days 00:00:04.254822,0.058410774035187116,32,0.1,172,100,0.0008571365955494458,384,0.00039639188052083274,1,2,adam,"{'neurons_per_layer_encoder': [172, 344], 'neurons_per_layer_decoder': [344]}",172,[344],"[172, 344]",[0.5145687515658184],0.9254148319231499,COMPLETE
462,0.7155531539574491,2025-01-09 22:36:38.998802,2025-01-09 22:36:42.317271,0 days 00:00:03.318469,0.05699445536012479,32,0.1,68,100,0.0008770213850810279,272,0.00036835543978837575,1,2,adam,"{'neurons_per_layer_encoder': [68, 136], 'neurons_per_layer_decoder': [136]}",68,[136],"[68, 136]",[0.7155531539574491],0.933365514076736,COMPLETE
463,0.5946244331935262,2025-01-09 22:36:40.150929,2025-01-09 22:36:43.299044,0 days 00:00:03.148115,0.05637671007957161,32,0.1,52,100,0.00089142748772305,128,0.00035765044320691355,1,2,adam,"{'neurons_per_layer_encoder': [52, 104], 'neurons_per_layer_decoder': [104]}",52,[104],"[52, 104]",[0.5946244331935262],0.8726306928282548,COMPLETE
464,0.5985467819705097,2025-01-09 22:36:40.961177,2025-01-09 22:36:44.000845,0 days 00:00:03.039668,0.058261924543177634,32,0.1,52,100,0.0008882986044798656,128,0.0005628130183862015,1,2,adam,"{'neurons_per_layer_encoder': [52, 104], 'neurons_per_layer_decoder': [104]}",52,[104],"[52, 104]",[0.5985467819705097],0.8532983590527224,COMPLETE
465,0.5298115444737896,2025-01-09 22:36:42.326343,2025-01-09 22:36:45.273556,0 days 00:00:02.947213,0.05820009893492292,32,0.1,48,100,0.0009995675461861992,120,0.0004017399486591484,1,2,adam,"{'neurons_per_layer_encoder': [48, 96], 'neurons_per_layer_decoder': [96]}",48,[96],"[48, 96]",[0.5298115444737896],0.8501602255270599,COMPLETE
466,0.4206540330164983,2025-01-09 22:36:42.691193,2025-01-09 22:36:45.612404,0 days 00:00:02.921211,0.0580241564082421,32,0.1,48,100,0.000992069198684414,120,0.0005670284955502548,1,2,adam,"{'neurons_per_layer_encoder': [48, 96], 'neurons_per_layer_decoder': [96]}",48,[96],"[48, 96]",[0.4206540330164983],0.7919381273752155,COMPLETE
467,-0.2883692531454316,2025-01-09 22:36:42.832461,2025-01-09 22:36:44.477908,0 days 00:00:01.645447,0.06746424302207676,40,0.1,68,100,0.00094522219291552,272,0.00040449828030928125,1,2,adadelta,"{'neurons_per_layer_encoder': [68, 136], 'neurons_per_layer_decoder': [136]}",68,[136],"[68, 136]",[-0.2883692531454316],0.8464196413262277,COMPLETE
468,-0.1094617607090349,2025-01-09 22:36:43.307324,2025-01-09 22:36:45.385376,0 days 00:00:02.078052,0.0638853339429866,40,0.1,48,100,0.000965177959765353,200,0.00030425888607927957,1,2,adadelta,"{'neurons_per_layer_encoder': [48, 96], 'neurons_per_layer_decoder': [96]}",48,[96],"[48, 96]",[-0.1094617607090349],0.8065429318331823,COMPLETE
469,-0.22740852519007593,2025-01-09 22:36:44.009196,2025-01-09 22:36:45.824640,0 days 00:00:01.815444,0.06723451456213526,40,0.1,48,100,0.0009354184825813892,232,0.0004966801054987524,1,2,adadelta,"{'neurons_per_layer_encoder': [48, 96], 'neurons_per_layer_decoder': [96]}",48,[96],"[48, 96]",[-0.22740852519007593],0.7992995426945317,COMPLETE
470,0.6998503068955532,2025-01-09 22:36:44.485922,2025-01-09 22:36:47.399194,0 days 00:00:02.913272,0.06561910808680833,32,0.1,48,100,0.000804800036259654,120,0.00030743176962034975,1,2,adam,"{'neurons_per_layer_encoder': [48, 96], 'neurons_per_layer_decoder': [96]}",48,[96],"[48, 96]",[0.6998503068955532],0.9019767368294336,COMPLETE
471,0.6537983413643489,2025-01-09 22:36:45.282080,2025-01-09 22:36:48.175475,0 days 00:00:02.893395,0.060508140148767035,32,0.1,40,100,0.0008531221016033512,104,0.00044673254558112176,1,2,adam,"{'neurons_per_layer_encoder': [40, 80], 'neurons_per_layer_decoder': [80]}",40,[80],"[40, 80]",[0.6537983413643489],0.8622889533679787,COMPLETE
472,0.12020740529587326,2025-01-09 22:36:45.393497,2025-01-09 22:36:48.560015,0 days 00:00:03.166518,0.05718987017966482,32,0.1,40,100,0.0008195661005489587,104,0.0004715169709123119,2,2,adam,"{'neurons_per_layer_encoder': [40, 80], 'neurons_per_layer_decoder': [80, 40]}",40,"[80, 40]","[40, 80]",[0.12020740529587326],0.7605974136179092,COMPLETE
473,0.08781914256543999,2025-01-09 22:36:45.621028,2025-01-09 22:36:48.357868,0 days 00:00:02.736840,0.0551321602985118,88,0.1,36,100,0.0007990034126985119,159,0.0004923789524120027,1,2,adam,"{'neurons_per_layer_encoder': [36, 72], 'neurons_per_layer_decoder': [72]}",36,[72],"[36, 72]",[0.08781914256543999],0.5885330666656698,COMPLETE
474,0.04315809071406673,2025-01-09 22:36:45.834135,2025-01-09 22:36:48.540090,0 days 00:00:02.705955,0.06268526297917196,96,0.1,40,100,0.0008040532812164267,184,0.00044581187925331654,1,2,adam,"{'neurons_per_layer_encoder': [40, 80], 'neurons_per_layer_decoder': [80]}",40,[80],"[40, 80]",[0.04315809071406673],0.631603431938228,COMPLETE
475,0.7072440533957618,2025-01-09 22:36:47.407805,2025-01-09 22:36:50.497800,0 days 00:00:03.089995,0.06167087583328464,32,0.1,28,100,0.0008050532783171752,93,0.00045245222725982847,1,2,adam,"{'neurons_per_layer_encoder': [28, 56], 'neurons_per_layer_decoder': [56]}",28,[56],"[28, 56]",[0.7072440533957618],0.8580518165219957,COMPLETE
476,0.6405297085575048,2025-01-09 22:36:48.184484,2025-01-09 22:36:51.412020,0 days 00:00:03.227536,0.06322287920547419,32,0.1,60,100,0.0008209439701499212,272,0.00032180925899755446,1,2,adam,"{'neurons_per_layer_encoder': [60, 120], 'neurons_per_layer_decoder': [120]}",60,[120],"[60, 120]",[0.6405297085575048],0.9063403751274636,COMPLETE
477,0.5735676787161289,2025-01-09 22:36:48.366339,2025-01-09 22:36:51.672976,0 days 00:00:03.306637,0.07409573094267244,32,0.1,68,100,0.0007998695104732712,272,0.0003593363501741724,1,2,adam,"{'neurons_per_layer_encoder': [68, 136], 'neurons_per_layer_decoder': [136]}",68,[136],"[68, 136]",[0.5735676787161289],0.8912814464181051,COMPLETE
478,0.2652350669915856,2025-01-09 22:36:48.548840,2025-01-09 22:36:51.382525,0 days 00:00:02.833685,0.06359651442624555,32,0.1,32,100,1.442910675316903e-06,86,0.00035970449861242557,1,2,adam,"{'neurons_per_layer_encoder': [32, 64], 'neurons_per_layer_decoder': [64]}",32,[64],"[32, 64]",[0.2652350669915856],-0.9524617551502447,COMPLETE
479,0.6854928429770706,2025-01-09 22:36:48.571204,2025-01-09 22:36:51.912101,0 days 00:00:03.340897,0.053735523501046836,32,0.1,60,100,0.0006541465085331845,272,0.0003203447458826068,1,2,adam,"{'neurons_per_layer_encoder': [60, 120], 'neurons_per_layer_decoder': [120]}",60,[120],"[60, 120]",[0.6854928429770706],0.9035873002778466,COMPLETE
480,0.658169471323911,2025-01-09 22:36:50.506635,2025-01-09 22:36:53.543050,0 days 00:00:03.036415,0.0716532924412337,32,0.1,28,100,0.0006761383711267762,77,0.0003537805334329016,1,2,adam,"{'neurons_per_layer_encoder': [28, 56], 'neurons_per_layer_decoder': [56]}",28,[56],"[28, 56]",[0.658169471323911],0.8044117796409989,COMPLETE
481,0.5520471899208406,2025-01-09 22:36:51.395563,2025-01-09 22:36:54.348714,0 days 00:00:02.953151,0.07696713288248827,32,0.1,20,100,0.0007369126849038763,76,0.00033925040407813226,1,2,adam,"{'neurons_per_layer_encoder': [20, 40], 'neurons_per_layer_decoder': [40]}",20,[40],"[20, 40]",[0.5520471899208406],0.755656428664813,COMPLETE
482,0.47314322949104826,2025-01-09 22:36:51.429395,2025-01-09 22:36:54.391227,0 days 00:00:02.961832,0.06584865593936383,32,0.1,32,100,0.0007061913749115168,134,0.00036835066636853266,1,2,adam,"{'neurons_per_layer_encoder': [32, 64], 'neurons_per_layer_decoder': [64]}",32,[64],"[32, 64]",[0.47314322949104826],0.7574681776827932,COMPLETE
483,0.4245082623593134,2025-01-09 22:36:51.684497,2025-01-09 22:36:54.566657,0 days 00:00:02.882160,0.07023462515167277,32,0.1,8,100,0.0006767353380987195,17,0.0003790482058986892,1,2,adam,"{'neurons_per_layer_encoder': [8, 16], 'neurons_per_layer_decoder': [16]}",8,[16],"[8, 16]",[0.4245082623593134],0.46917876830450805,COMPLETE
484,0.36710215655569867,2025-01-09 22:36:51.922363,2025-01-09 22:36:55.045191,0 days 00:00:03.122828,0.07117891683650837,32,0.1,76,100,0.0007087619687312224,288,0.0003646651195302336,1,2,adam,"{'neurons_per_layer_encoder': [76, 152], 'neurons_per_layer_decoder': [152]}",76,[152],"[76, 152]",[0.36710215655569867],0.8356078597247681,COMPLETE
485,0.6987174098737119,2025-01-09 22:36:53.551188,2025-01-09 22:36:56.698802,0 days 00:00:03.147614,0.06286600850687636,32,0.1,76,100,0.0007035146605227592,272,0.0003999435271829387,1,2,adam,"{'neurons_per_layer_encoder': [76, 152], 'neurons_per_layer_decoder': [152]}",76,[152],"[76, 152]",[0.6987174098737119],0.9200825253785421,COMPLETE
486,0.34080547831712804,2025-01-09 22:36:54.357742,2025-01-09 22:36:57.245250,0 days 00:00:02.887508,0.06478341933216139,40,0.1,32,100,0.000721308361837949,118,0.00029147774850518134,1,2,adam,"{'neurons_per_layer_encoder': [32, 64], 'neurons_per_layer_decoder': [64]}",32,[64],"[32, 64]",[0.34080547831712804],0.6915534313611384,COMPLETE
487,0.3438078095993785,2025-01-09 22:36:54.402996,2025-01-09 22:36:57.465372,0 days 00:00:03.062376,0.055002248574117514,40,0.1,80,100,0.0008472089832395774,280,0.0005138901080780151,1,2,adam,"{'neurons_per_layer_encoder': [80, 160], 'neurons_per_layer_decoder': [160]}",80,[160],"[80, 160]",[0.3438078095993785],0.7824601995260395,COMPLETE
488,0.553712299963544,2025-01-09 22:36:54.576055,2025-01-09 22:36:57.603667,0 days 00:00:03.027612,0.06076172288300588,40,0.1,64,100,0.0009984967825805533,280,0.00043742090189464376,1,2,adam,"{'neurons_per_layer_encoder': [64, 128], 'neurons_per_layer_decoder': [128]}",64,[128],"[64, 128]",[0.553712299963544],0.857192451242764,COMPLETE
489,0.5977537622622398,2025-01-09 22:36:55.053590,2025-01-09 22:36:58.077296,0 days 00:00:03.023706,0.059660400183625686,40,0.1,68,100,0.0008594622243737964,288,0.0002866519498713046,1,2,adam,"{'neurons_per_layer_encoder': [68, 136], 'neurons_per_layer_decoder': [136]}",68,[136],"[68, 136]",[0.5977537622622398],0.8995514569990273,COMPLETE
490,0.5508711826598771,2025-01-09 22:36:56.707390,2025-01-09 22:36:59.822781,0 days 00:00:03.115391,0.061142747611731656,40,0.1,80,100,0.0008543775341457587,280,0.00038662305743484215,1,2,adam,"{'neurons_per_layer_encoder': [80, 160], 'neurons_per_layer_decoder': [160]}",80,[160],"[80, 160]",[0.5508711826598771],0.8767134761518142,COMPLETE
491,0.24527454897984213,2025-01-09 22:36:57.254619,2025-01-09 22:37:00.415119,0 days 00:00:03.160500,0.06222556018607362,32,0.1,80,100,0.0008371065355031861,280,0.0002924585296286008,1,2,adam,"{'neurons_per_layer_encoder': [80, 160], 'neurons_per_layer_decoder': [160]}",80,[160],"[80, 160]",[0.24527454897984213],0.8379415911868318,COMPLETE
492,0.420010847972773,2025-01-09 22:36:57.474236,2025-01-09 22:37:00.532336,0 days 00:00:03.058100,0.06265441628369252,32,0.1,68,100,0.0006048410952531392,272,0.00042187245015184234,1,2,adam,"{'neurons_per_layer_encoder': [68, 136], 'neurons_per_layer_decoder': [136]}",68,[136],"[68, 136]",[0.420010847972773],0.8043649363104778,COMPLETE
493,0.7316732474590957,2025-01-09 22:36:57.612603,2025-01-09 22:37:00.699304,0 days 00:00:03.086701,0.059831389341908923,32,0.1,72,100,0.0005961573582128473,280,0.0004165946676225103,1,2,adam,"{'neurons_per_layer_encoder': [72, 144], 'neurons_per_layer_decoder': [144]}",72,[144],"[72, 144]",[0.7316732474590957],0.9177594658025667,COMPLETE
