number,value,datetime_start,datetime_complete,duration,params_alpha,params_batch_size,params_drop_out_rate,params_encoder_neurons_layer_1,params_epochs,params_lambda,params_latent_dim,params_learning_rate,params_num_layers_decoder,params_num_layers_encoder,params_optimizer,user_attrs_encoder_decoder_config,user_attrs_first_layer_neurons,user_attrs_neurons_per_layer_decoder,user_attrs_neurons_per_layer_encoder,user_attrs_r2_feature_1,user_attrs_relative_deterioration,state
862,0.5830217722455675,2025-01-09 22:45:07.230498,2025-01-09 22:45:10.907005,0 days 00:00:03.676507,0.0862188005890282,32,0.1,56,100,0.0003140947215005554,248,0.00029490923562512563,1,3,adam,"{'neurons_per_layer_encoder': [56, 112, 224], 'neurons_per_layer_decoder': [224]}",56,[224],"[56, 112, 224]",[0.5830217722455675],0.8746323574324955,COMPLETE
863,0.7096247256876801,2025-01-09 22:45:07.622116,2025-01-09 22:45:11.288824,0 days 00:00:03.666708,0.07126831014162797,32,0.1,56,100,0.0003019933311487406,248,0.0002877866462265394,1,3,adam,"{'neurons_per_layer_encoder': [56, 112, 224], 'neurons_per_layer_decoder': [224]}",56,[224],"[56, 112, 224]",[0.7096247256876801],0.9125523134128036,COMPLETE
864,-0.02123265744048397,2025-01-09 22:45:09.690129,2025-01-09 22:45:11.671192,0 days 00:00:01.981063,0.05350619566861014,32,0.1,56,100,4.63351223485443e-06,248,0.0002811946069968949,1,3,adam,"{'neurons_per_layer_encoder': [56, 112, 224], 'neurons_per_layer_decoder': [224]}",56,[224],"[56, 112, 224]",[-0.02123265744048397],-0.9201271065977858,COMPLETE
865,0.5728794583196027,2025-01-09 22:45:09.966608,2025-01-09 22:45:13.737173,0 days 00:00:03.770565,0.026346349672317547,32,0.1,44,100,0.00015055121505187232,200,0.00023417536930757116,1,3,adam,"{'neurons_per_layer_encoder': [44, 88, 176], 'neurons_per_layer_decoder': [176]}",44,[176],"[44, 88, 176]",[0.5728794583196027],0.7289386788209608,COMPLETE
866,0.6042450181376294,2025-01-09 22:45:10.915055,2025-01-09 22:45:15.770101,0 days 00:00:04.855046,0.08891255161907878,32,0.1,60,100,6.043172345355965e-05,296,0.00021892773345540326,4,3,adam,"{'neurons_per_layer_encoder': [60, 120, 240], 'neurons_per_layer_decoder': [240, 120, 60, 30]}",60,"[240, 120, 60, 30]","[60, 120, 240]",[0.6042450181376294],0.7538020107371229,COMPLETE
867,-0.4344591769515229,2025-01-09 22:45:11.298165,2025-01-09 22:45:14.251532,0 days 00:00:02.953367,0.09529913695055693,32,0.1,64,100,5.234104416728848e-05,280,0.00023552967799065898,4,3,adam,"{'neurons_per_layer_encoder': [64, 128, 256], 'neurons_per_layer_decoder': [256, 128, 64, 32]}",64,"[256, 128, 64, 32]","[64, 128, 256]",[-0.4344591769515229],0.1457500145960677,COMPLETE
868,0.018937581071794662,2025-01-09 22:45:11.681101,2025-01-09 22:45:14.380081,0 days 00:00:02.698980,0.10231488133463687,56,0.2,64,100,3.771407400310299e-05,280,0.00026439332607442677,2,3,adam,"{'neurons_per_layer_encoder': [64, 128, 256], 'neurons_per_layer_decoder': [256, 128]}",64,"[256, 128]","[64, 128, 256]",[0.018937581071794662],0.25633720394670106,COMPLETE
869,0.0918194761994574,2025-01-09 22:45:14.259693,2025-01-09 22:45:18.816205,0 days 00:00:04.556512,0.07993176825564367,40,0.1,72,100,4.188675156912278e-05,312,0.0002491986377880989,3,3,adadelta,"{'neurons_per_layer_encoder': [72, 144, 288], 'neurons_per_layer_decoder': [288, 144, 72]}",72,"[288, 144, 72]","[72, 144, 288]",[0.0918194761994574],0.5129820402655566,COMPLETE
870,-0.05756461833202553,2025-01-09 22:45:14.388195,2025-01-09 22:45:16.546164,0 days 00:00:02.157969,0.08932981286988174,40,0.4,72,100,3.2975921783521605e-05,312,0.00023489117631217624,2,3,adadelta,"{'neurons_per_layer_encoder': [72, 144, 288], 'neurons_per_layer_decoder': [288, 144]}",72,"[288, 144]","[72, 144, 288]",[-0.05756461833202553],0.5516040047873465,COMPLETE
871,-0.07130729611526876,2025-01-09 22:45:15.779428,2025-01-09 22:45:18.233689,0 days 00:00:02.454261,0.08664923532672204,40,0.4,72,100,2.329604871540948e-05,312,0.00029866417157931805,2,3,adadelta,"{'neurons_per_layer_encoder': [72, 144, 288], 'neurons_per_layer_decoder': [288, 144]}",72,"[288, 144]","[72, 144, 288]",[-0.07130729611526876],0.5359548009222105,COMPLETE
872,0.41724334382669825,2025-01-09 22:45:18.824240,2025-01-09 22:45:24.357823,0 days 00:00:05.533583,0.08660969611139031,32,0.1,64,100,9.659259636643819e-05,536,0.0002912233957061034,2,4,adam,"{'neurons_per_layer_encoder': [64, 128, 256, 512], 'neurons_per_layer_decoder': [512, 256]}",64,"[512, 256]","[64, 128, 256, 512]",[0.41724334382669825],0.8351295039939614,COMPLETE
