number,value,datetime_start,datetime_complete,duration,params_alpha,params_batch_size,params_drop_out_rate,params_encoder_neurons_layer_1,params_epochs,params_lambda,params_latent_dim,params_learning_rate,params_num_layers_decoder,params_num_layers_encoder,params_optimizer,user_attrs_encoder_decoder_config,user_attrs_first_layer_neurons,user_attrs_neurons_per_layer_decoder,user_attrs_neurons_per_layer_encoder,user_attrs_r2_feature_1,user_attrs_relative_deterioration,state
801,0.4736122000377244,2025-01-09 22:44:23.454716,2025-01-09 22:44:27.464867,0 days 00:00:04.010151,0.05960200388958195,32,0.1,60,100,0.0001326373184492117,328,0.00037234851639699753,1,3,adadelta,"{'neurons_per_layer_encoder': [60, 120, 240], 'neurons_per_layer_decoder': [240]}",60,[240],"[60, 120, 240]",[0.4736122000377244],0.8175416893119245,COMPLETE
802,-0.05914057403610218,2025-01-09 22:44:23.672467,2025-01-09 22:44:25.947203,0 days 00:00:02.274736,0.07554556145203403,32,0.1,64,100,0.00014590367702629455,280,0.00037803123944474287,1,3,adadelta,"{'neurons_per_layer_encoder': [64, 128, 256], 'neurons_per_layer_decoder': [256]}",64,[256],"[64, 128, 256]",[-0.05914057403610218],0.6575579198641291,COMPLETE
803,-0.20993543061297615,2025-01-09 22:44:25.193226,2025-01-09 22:44:27.494832,0 days 00:00:02.301606,0.07654888322889936,32,0.1,60,100,0.00021164865888043425,328,0.00037395639099420375,1,3,adadelta,"{'neurons_per_layer_encoder': [60, 120, 240], 'neurons_per_layer_decoder': [240]}",60,[240],"[60, 120, 240]",[-0.20993543061297615],0.6593389070390315,COMPLETE
804,0.6553421114062772,2025-01-09 22:44:25.955529,2025-01-09 22:44:30.109058,0 days 00:00:04.153529,0.05551999497665082,32,0.1,56,100,0.00022894701622613658,328,0.0004539088239335298,2,3,adam,"{'neurons_per_layer_encoder': [56, 112, 224], 'neurons_per_layer_decoder': [224, 112]}",56,"[224, 112]","[56, 112, 224]",[0.6553421114062772],0.8985512581102688,COMPLETE
805,0.21588348847129513,2025-01-09 22:44:27.178368,2025-01-09 22:44:31.315011,0 days 00:00:04.136643,0.05489414221353959,32,0.1,56,100,0.00022049460667250553,328,0.0004788448634390968,1,3,adam,"{'neurons_per_layer_encoder': [56, 112, 224], 'neurons_per_layer_decoder': [224]}",56,[224],"[56, 112, 224]",[0.21588348847129513],0.6774168186549224,COMPLETE
806,0.36608140408777956,2025-01-09 22:44:27.365842,2025-01-09 22:44:32.111062,0 days 00:00:04.745220,0.055740075392140175,32,0.1,96,100,0.00021318604228914856,408,0.0004427031640802141,1,3,adam,"{'neurons_per_layer_encoder': [96, 192, 384], 'neurons_per_layer_decoder': [384]}",96,[384],"[96, 192, 384]",[0.36608140408777956],0.821109199528406,COMPLETE
807,0.4303044878123521,2025-01-09 22:44:27.474637,2025-01-09 22:44:32.111390,0 days 00:00:04.636753,0.05562847133633312,32,0.1,76,100,0.0002323805818452701,328,0.0004936689415811278,2,3,adam,"{'neurons_per_layer_encoder': [76, 152, 304], 'neurons_per_layer_decoder': [304, 152]}",76,"[304, 152]","[76, 152, 304]",[0.4303044878123521],0.8669546597362014,COMPLETE
808,0.38545299415239764,2025-01-09 22:44:27.508222,2025-01-09 22:44:30.883281,0 days 00:00:03.375059,0.06432144161281723,32,0.1,16,100,0.00017128437475434432,118,0.0005053184471405522,1,3,adam,"{'neurons_per_layer_encoder': [16, 32, 64], 'neurons_per_layer_decoder': [64]}",16,[64],"[16, 32, 64]",[0.38545299415239764],0.367752588666051,COMPLETE
809,0.540074100399839,2025-01-09 22:44:30.118648,2025-01-09 22:44:34.354960,0 days 00:00:04.236312,0.06398467592686022,32,0.1,76,100,0.0002490108042562392,328,0.000591126558985944,1,3,adam,"{'neurons_per_layer_encoder': [76, 152, 304], 'neurons_per_layer_decoder': [304]}",76,[304],"[76, 152, 304]",[0.540074100399839],0.8511731565903076,COMPLETE
810,0.48039783060491814,2025-01-09 22:44:30.892498,2025-01-09 22:44:34.729343,0 days 00:00:03.836845,0.0549505188762838,32,0.1,48,100,0.00029453967066939135,328,0.000610507034230691,1,3,adam,"{'neurons_per_layer_encoder': [48, 96, 192], 'neurons_per_layer_decoder': [192]}",48,[192],"[48, 96, 192]",[0.48039783060491814],0.8018173676949516,COMPLETE
811,0.2904030512355017,2025-01-09 22:44:31.323772,2025-01-09 22:44:35.328766,0 days 00:00:04.004994,0.06332909149776597,40,0.1,76,100,0.00025864748307020036,328,0.0006275862530447877,1,3,adam,"{'neurons_per_layer_encoder': [76, 152, 304], 'neurons_per_layer_decoder': [304]}",76,[304],"[76, 152, 304]",[0.2904030512355017],0.74533294266185,COMPLETE
812,0.5876341879764829,2025-01-09 22:44:32.121491,2025-01-09 22:44:35.614459,0 days 00:00:03.492968,0.06384993152954757,40,0.1,40,100,0.0002787765613893401,312,0.00029613012487417814,1,3,adam,"{'neurons_per_layer_encoder': [40, 80, 160], 'neurons_per_layer_decoder': [160]}",40,[160],"[40, 80, 160]",[0.5876341879764829],0.8355799819730495,COMPLETE
813,0.6358558909832042,2025-01-09 22:44:32.121521,2025-01-09 22:44:35.554249,0 days 00:00:03.432728,0.06321668740721346,40,0.1,36,100,0.0002908062861873552,312,0.0005916278746888902,1,3,adam,"{'neurons_per_layer_encoder': [36, 72, 144], 'neurons_per_layer_decoder': [144]}",36,[144],"[36, 72, 144]",[0.6358558909832042],0.818091805440885,COMPLETE
814,0.5672592994075625,2025-01-09 22:44:34.365848,2025-01-09 22:44:37.620088,0 days 00:00:03.254240,0.06949141215049333,40,0.1,36,100,0.00028022884176394445,168,0.00027289687940972187,1,3,adam,"{'neurons_per_layer_encoder': [36, 72, 144], 'neurons_per_layer_decoder': [144]}",36,[144],"[36, 72, 144]",[0.5672592994075625],0.7969063913159584,COMPLETE
815,0.12441766239659624,2025-01-09 22:44:34.738220,2025-01-09 22:44:37.917282,0 days 00:00:03.179062,0.08145832712516886,120,0.1,40,100,0.00027950915526260057,312,0.00029687544807964933,1,3,adam,"{'neurons_per_layer_encoder': [40, 80, 160], 'neurons_per_layer_decoder': [160]}",40,[160],"[40, 80, 160]",[0.12441766239659624],0.6742212918175283,COMPLETE
816,0.24388010396801452,2025-01-09 22:44:35.337582,2025-01-09 22:44:38.851197,0 days 00:00:03.513615,0.07131813498891047,32,0.1,40,100,6.889042815683304e-06,312,0.0002916784789130474,1,3,adam,"{'neurons_per_layer_encoder': [40, 80, 160], 'neurons_per_layer_decoder': [160]}",40,[160],"[40, 80, 160]",[0.24388010396801452],-0.6484777971745452,COMPLETE
817,0.7662704273480612,2025-01-09 22:44:35.563671,2025-01-09 22:44:39.072250,0 days 00:00:03.508579,0.08444442283216334,32,0.1,40,100,6.076860209929851e-05,312,0.00029606132236879146,1,3,adam,"{'neurons_per_layer_encoder': [40, 80, 160], 'neurons_per_layer_decoder': [160]}",40,[160],"[40, 80, 160]",[0.7662704273480612],0.7356475732560834,COMPLETE
818,0.818507178570739,2025-01-09 22:44:35.633467,2025-01-09 22:44:39.505237,0 days 00:00:03.871770,0.08391149198693906,32,0.1,68,100,0.0001952865221399809,296,0.0002264922929808623,1,3,adam,"{'neurons_per_layer_encoder': [68, 136, 272], 'neurons_per_layer_decoder': [272]}",68,[272],"[68, 136, 272]",[0.818507178570739],0.9324134695165165,COMPLETE
819,0.6527495733102454,2025-01-09 22:44:37.629093,2025-01-09 22:44:41.513045,0 days 00:00:03.883952,0.08320824381026727,32,0.1,68,100,0.00018734164123874816,296,0.0004301700579520669,1,3,adam,"{'neurons_per_layer_encoder': [68, 136, 272], 'neurons_per_layer_decoder': [272]}",68,[272],"[68, 136, 272]",[0.6527495733102454],0.8598576291077243,COMPLETE
820,0.6716914854665803,2025-01-09 22:44:37.926122,2025-01-09 22:44:41.868698,0 days 00:00:03.942576,0.07348557292558762,32,0.1,68,100,5.993739782721932e-06,296,0.00042298761918678506,1,3,adam,"{'neurons_per_layer_encoder': [68, 136, 272], 'neurons_per_layer_decoder': [272]}",68,[272],"[68, 136, 272]",[0.6716914854665803],0.19620094418579415,COMPLETE
821,0.5991147185017032,2025-01-09 22:44:38.860721,2025-01-09 22:44:42.875699,0 days 00:00:04.014978,0.0749179113093785,32,0.1,68,100,0.00017043045382232947,296,0.0004239462888610387,1,3,adam,"{'neurons_per_layer_encoder': [68, 136, 272], 'neurons_per_layer_decoder': [272]}",68,[272],"[68, 136, 272]",[0.5991147185017032],0.8301547257108965,COMPLETE
822,0.7311095083907273,2025-01-09 22:44:39.081405,2025-01-09 22:44:43.086775,0 days 00:00:04.005370,0.06109387931234096,32,0.1,68,100,0.00017020751655112256,296,0.00042408603553017494,1,3,adam,"{'neurons_per_layer_encoder': [68, 136, 272], 'neurons_per_layer_decoder': [272]}",68,[272],"[68, 136, 272]",[0.7311095083907273],0.8834353185042487,COMPLETE
823,0.045743047561585426,2025-01-09 22:44:39.513834,2025-01-09 22:44:43.023086,0 days 00:00:03.509252,0.07670779079972508,72,0.1,68,100,0.0001811512073521469,296,0.00041136157719549757,1,3,adam,"{'neurons_per_layer_encoder': [68, 136, 272], 'neurons_per_layer_decoder': [272]}",68,[272],"[68, 136, 272]",[0.045743047561585426],0.5748120438646768,COMPLETE
824,0.6733155597082736,2025-01-09 22:44:41.522961,2025-01-09 22:44:45.448359,0 days 00:00:03.925398,0.08993431992485501,32,0.1,68,100,0.00017516575627747806,296,0.00022246532095401443,1,3,adam,"{'neurons_per_layer_encoder': [68, 136, 272], 'neurons_per_layer_decoder': [272]}",68,[272],"[68, 136, 272]",[0.6733155597082736],0.8673323347649591,COMPLETE
825,0.6169856789021404,2025-01-09 22:44:41.878761,2025-01-09 22:44:45.781764,0 days 00:00:03.903003,0.08378219089475354,32,0.1,68,100,0.0001723597411768937,296,0.0002674336386435248,1,3,adam,"{'neurons_per_layer_encoder': [68, 136, 272], 'neurons_per_layer_decoder': [272]}",68,[272],"[68, 136, 272]",[0.6169856789021404],0.8457558237738344,COMPLETE
826,0.6024012124339284,2025-01-09 22:44:42.886132,2025-01-09 22:44:46.884136,0 days 00:00:03.998004,0.09244924560075028,32,0.1,72,100,0.00016117041075049994,312,0.00022810553846529472,1,3,adam,"{'neurons_per_layer_encoder': [72, 144, 288], 'neurons_per_layer_decoder': [288]}",72,[288],"[72, 144, 288]",[0.6024012124339284],0.8378180943267626,COMPLETE
827,0.864632133339896,2025-01-09 22:44:43.032421,2025-01-09 22:44:47.009945,0 days 00:00:03.977524,0.08209479626844922,32,0.1,72,100,0.00015529565809231706,312,0.000227577124828688,1,3,adam,"{'neurons_per_layer_encoder': [72, 144, 288], 'neurons_per_layer_decoder': [288]}",72,[288],"[72, 144, 288]",[0.864632133339896],0.9427683144588132,COMPLETE
828,0.5262725241564733,2025-01-09 22:44:43.099253,2025-01-09 22:44:46.876319,0 days 00:00:03.777066,0.0803514488431392,32,0.1,56,100,0.00015100783435067174,296,0.00024413851002025194,1,3,adam,"{'neurons_per_layer_encoder': [56, 112, 224], 'neurons_per_layer_decoder': [224]}",56,[224],"[56, 112, 224]",[0.5262725241564733],0.7605105388397575,COMPLETE
829,0.48014888577466197,2025-01-09 22:44:45.457519,2025-01-09 22:44:49.536372,0 days 00:00:04.078853,0.011541069842390301,32,0.1,60,100,0.0001547844247048217,264,0.0002272377377040301,1,3,adam,"{'neurons_per_layer_encoder': [60, 120, 240], 'neurons_per_layer_decoder': [240]}",60,[240],"[60, 120, 240]",[0.48014888577466197],0.7469729929386376,COMPLETE
830,-0.07022303027651033,2025-01-09 22:44:45.791708,2025-01-09 22:44:48.165817,0 days 00:00:02.374109,0.012697211457771956,32,0.1,56,100,0.0001968297292537333,248,0.0002339416643714785,1,3,adam,"{'neurons_per_layer_encoder': [56, 112, 224], 'neurons_per_layer_decoder': [224]}",56,[224],"[56, 112, 224]",[-0.07022303027651033],0.586043518147135,COMPLETE
831,0.7885153361044565,2025-01-09 22:44:46.888279,2025-01-09 22:44:51.025713,0 days 00:00:04.137434,0.08522118948073704,32,0.1,60,100,0.00020964045924231372,264,0.0002317189318390741,1,3,adam,"{'neurons_per_layer_encoder': [60, 120, 240], 'neurons_per_layer_decoder': [240]}",60,[240],"[60, 120, 240]",[0.7885153361044565],0.920278591282791,COMPLETE
832,-0.21160262730434254,2025-01-09 22:44:46.896704,2025-01-09 22:44:48.995851,0 days 00:00:02.099147,0.06793087071430283,32,0.1,60,100,0.00021118760591115046,264,0.0003149743512881895,1,3,adam,"{'neurons_per_layer_encoder': [60, 120, 240], 'neurons_per_layer_decoder': [240]}",60,[240],"[60, 120, 240]",[-0.21160262730434254],0.5587032001057853,COMPLETE
833,-0.026825735817322283,2025-01-09 22:44:47.018452,2025-01-09 22:44:50.254281,0 days 00:00:03.235829,0.0741764199308822,32,0.1,80,100,0.0001328405724743334,344,0.00023300663398834897,1,3,adam,"{'neurons_per_layer_encoder': [80, 160, 320], 'neurons_per_layer_decoder': [320]}",80,[320],"[80, 160, 320]",[-0.026825735817322283],0.5534295202029049,COMPLETE
834,0.7438200948943602,2025-01-09 22:44:48.174555,2025-01-09 22:44:52.592091,0 days 00:00:04.417536,0.08575751202862197,32,0.1,80,100,0.00014850510722358863,344,0.00022118383728758937,1,3,adam,"{'neurons_per_layer_encoder': [80, 160, 320], 'neurons_per_layer_decoder': [320]}",80,[320],"[80, 160, 320]",[0.7438200948943602],0.8966191328740886,COMPLETE
835,-0.18444734118075767,2025-01-09 22:44:49.005241,2025-01-09 22:44:51.577643,0 days 00:00:02.572402,0.05839661407140459,32,0.1,76,100,0.00015264660036929824,328,0.00022025574176267086,1,3,adam,"{'neurons_per_layer_encoder': [76, 152, 304], 'neurons_per_layer_decoder': [304]}",76,[304],"[76, 152, 304]",[-0.18444734118075767],0.5488030655971224,COMPLETE
836,-0.04377280394787153,2025-01-09 22:44:49.547309,2025-01-09 22:44:50.898995,0 days 00:00:01.351686,0.08778693769175969,40,0.1,80,100,0.00014391144529878348,344,0.0002539034050625203,1,3,sgd,"{'neurons_per_layer_encoder': [80, 160, 320], 'neurons_per_layer_decoder': [320]}",80,[320],"[80, 160, 320]",[-0.04377280394787153],0.7316108076327017,COMPLETE
837,0.6203897093390605,2025-01-09 22:44:50.264936,2025-01-09 22:44:54.729202,0 days 00:00:04.464266,0.08264174862766005,32,0.1,80,100,0.00014071613063134278,344,0.00026432952560806466,1,3,adam,"{'neurons_per_layer_encoder': [80, 160, 320], 'neurons_per_layer_decoder': [320]}",80,[320],"[80, 160, 320]",[0.6203897093390605],0.8382525217799404,COMPLETE
838,0.27404009260485074,2025-01-09 22:44:50.909177,2025-01-09 22:44:55.130316,0 days 00:00:04.221139,0.0860622766834585,32,0.1,72,100,0.00019182010466907732,312,0.00021427932584988397,1,3,adam,"{'neurons_per_layer_encoder': [72, 144, 288], 'neurons_per_layer_decoder': [288]}",72,[288],"[72, 144, 288]",[0.27404009260485074],0.7469937507145175,COMPLETE
839,0.6857908513532281,2025-01-09 22:44:51.036097,2025-01-09 22:44:55.201064,0 days 00:00:04.164967,0.08911251546934024,32,0.1,72,100,0.00019502598207967516,312,0.00020003418556021325,1,3,adam,"{'neurons_per_layer_encoder': [72, 144, 288], 'neurons_per_layer_decoder': [288]}",72,[288],"[72, 144, 288]",[0.6857908513532281],0.8876284904268947,COMPLETE
840,0.6342183563633755,2025-01-09 22:44:51.586543,2025-01-09 22:44:56.486460,0 days 00:00:04.899917,0.08434801114057844,32,0.1,88,100,0.00019534146033750984,648,0.00021043522060732305,1,3,adam,"{'neurons_per_layer_encoder': [88, 176, 352], 'neurons_per_layer_decoder': [352]}",88,[352],"[88, 176, 352]",[0.6342183563633755],0.9010705712258549,COMPLETE
841,0.5408234149148357,2025-01-09 22:44:52.602569,2025-01-09 22:44:56.914143,0 days 00:00:04.311574,0.0944137142577701,32,0.1,76,100,0.00019221307977911476,328,0.0002505949758013409,1,3,adam,"{'neurons_per_layer_encoder': [76, 152, 304], 'neurons_per_layer_decoder': [304]}",76,[304],"[76, 152, 304]",[0.5408234149148357],0.840671636117091,COMPLETE
842,0.58459587981514,2025-01-09 22:44:54.738537,2025-01-09 22:44:58.489293,0 days 00:00:03.750756,0.08010918091983289,40,0.1,72,100,0.00019713524258940899,312,0.00019754099331438057,1,3,adam,"{'neurons_per_layer_encoder': [72, 144, 288], 'neurons_per_layer_decoder': [288]}",72,[288],"[72, 144, 288]",[0.58459587981514],0.8500914318105577,COMPLETE
843,-0.17024098859685188,2025-01-09 22:44:55.139962,2025-01-09 22:44:57.261318,0 days 00:00:02.121356,0.08974729548011917,128,0.1,48,100,0.00019467489800187247,264,0.00021097232581124758,1,3,adam,"{'neurons_per_layer_encoder': [48, 96, 192], 'neurons_per_layer_decoder': [192]}",48,[192],"[48, 96, 192]",[-0.17024098859685188],0.5323140964283859,COMPLETE
844,0.43515135126659,2025-01-09 22:44:55.222430,2025-01-09 22:44:58.712087,0 days 00:00:03.489657,0.07279051203741362,40,0.1,48,100,0.00011345917885357184,264,0.00025005021688185956,1,3,adam,"{'neurons_per_layer_encoder': [48, 96, 192], 'neurons_per_layer_decoder': [192]}",48,[192],"[48, 96, 192]",[0.43515135126659],0.5853630902805945,COMPLETE
845,0.3733794718766511,2025-01-09 22:44:56.495699,2025-01-09 22:44:59.898234,0 days 00:00:03.402535,0.09337775417729308,40,0.1,48,100,0.0001183652297371486,264,0.0002619706107468619,1,3,adam,"{'neurons_per_layer_encoder': [48, 96, 192], 'neurons_per_layer_decoder': [192]}",48,[192],"[48, 96, 192]",[0.3733794718766511],0.5481550338072635,COMPLETE
846,-0.024761482146430147,2025-01-09 22:44:56.922958,2025-01-09 22:44:58.935919,0 days 00:00:02.012961,0.0893985290088243,40,0.30000000000000004,52,100,0.0001706353043234681,232,0.0002630770201911629,1,3,adam,"{'neurons_per_layer_encoder': [52, 104, 208], 'neurons_per_layer_decoder': [208]}",52,[208],"[52, 104, 208]",[-0.024761482146430147],0.5898818540983406,COMPLETE
847,0.3795529387994364,2025-01-09 22:44:57.271003,2025-01-09 22:45:00.676497,0 days 00:00:03.405494,0.0938294898876164,40,0.1,52,100,0.00016674210883717028,232,0.0002581172219649171,1,3,adam,"{'neurons_per_layer_encoder': [52, 104, 208], 'neurons_per_layer_decoder': [208]}",52,[208],"[52, 104, 208]",[0.3795529387994364],0.6616248585255577,COMPLETE
848,0.620421395997272,2025-01-09 22:44:58.499076,2025-01-09 22:45:02.068194,0 days 00:00:03.569118,0.09533213948352265,32,0.1,48,100,0.00011379453508079483,264,0.0003163411486509485,1,3,adam,"{'neurons_per_layer_encoder': [48, 96, 192], 'neurons_per_layer_decoder': [192]}",48,[192],"[48, 96, 192]",[0.620421395997272],0.7233632209299556,COMPLETE
849,0.4177873485780853,2025-01-09 22:44:58.721390,2025-01-09 22:45:02.276613,0 days 00:00:03.555223,0.0983947419542246,32,0.1,52,100,0.00016350428180508683,232,0.0003167754643102887,1,3,adam,"{'neurons_per_layer_encoder': [52, 104, 208], 'neurons_per_layer_decoder': [208]}",52,[208],"[52, 104, 208]",[0.4177873485780853],0.6849232009099959,COMPLETE
850,0.17718713042374024,2025-01-09 22:44:58.945388,2025-01-09 22:45:02.345628,0 days 00:00:03.400240,0.09254670802390207,32,0.1,28,100,0.00022475259563170254,264,0.00031811573437885796,1,3,adam,"{'neurons_per_layer_encoder': [28, 56, 112], 'neurons_per_layer_decoder': [112]}",28,[112],"[28, 56, 112]",[0.17718713042374024],0.5093033223343377,COMPLETE
851,0.6072930644531058,2025-01-09 22:44:59.907422,2025-01-09 22:45:03.769941,0 days 00:00:03.862519,0.07761488969767688,32,0.1,64,100,0.00022137648871034123,280,0.0003328903329154889,1,3,adam,"{'neurons_per_layer_encoder': [64, 128, 256], 'neurons_per_layer_decoder': [256]}",64,[256],"[64, 128, 256]",[0.6072930644531058],0.8577355478022731,COMPLETE
852,0.477383012911443,2025-01-09 22:45:00.685241,2025-01-09 22:45:04.390429,0 days 00:00:03.705188,0.07929953281298828,32,0.1,60,100,0.0002329551533052478,264,0.00032634618603869154,1,3,adam,"{'neurons_per_layer_encoder': [60, 120, 240], 'neurons_per_layer_decoder': [240]}",60,[240],"[60, 120, 240]",[0.477383012911443],0.8113250734496763,COMPLETE
853,0.5597588961473079,2025-01-09 22:45:02.077605,2025-01-09 22:45:05.939089,0 days 00:00:03.861484,0.07983612263629855,32,0.1,64,100,0.00024166296973218576,280,0.0003219323276654899,1,3,adam,"{'neurons_per_layer_encoder': [64, 128, 256], 'neurons_per_layer_decoder': [256]}",64,[256],"[64, 128, 256]",[0.5597588961473079],0.8522402728385222,COMPLETE
854,0.5565483090273524,2025-01-09 22:45:02.286133,2025-01-09 22:45:05.741607,0 days 00:00:03.455474,0.07708063579045871,32,0.1,28,100,0.00022802809807366333,264,0.0003438665945706465,1,3,adam,"{'neurons_per_layer_encoder': [28, 56, 112], 'neurons_per_layer_decoder': [112]}",28,[112],"[28, 56, 112]",[0.5565483090273524],0.7526717901476282,COMPLETE
855,0.37020760359229843,2025-01-09 22:45:02.361495,2025-01-09 22:45:06.248663,0 days 00:00:03.887168,0.07987620107066866,32,0.1,64,100,0.00022072540532700038,280,0.00035477192527749675,1,3,adam,"{'neurons_per_layer_encoder': [64, 128, 256], 'neurons_per_layer_decoder': [256]}",64,[256],"[64, 128, 256]",[0.37020760359229843],0.772777647330499,COMPLETE
856,0.6115827404533268,2025-01-09 22:45:03.778548,2025-01-09 22:45:07.612421,0 days 00:00:03.833873,0.0806749137955262,32,0.1,60,100,0.0002255875181237499,264,0.00035976549173873747,1,3,adam,"{'neurons_per_layer_encoder': [60, 120, 240], 'neurons_per_layer_decoder': [240]}",60,[240],"[60, 120, 240]",[0.6115827404533268],0.855180858666425,COMPLETE
857,-0.15243106378071225,2025-01-09 22:45:04.399766,2025-01-09 22:45:06.063372,0 days 00:00:01.663606,0.08400983651796247,32,0.1,76,100,3.272970345385488e-05,328,0.00036214059270646084,3,3,sgd,"{'neurons_per_layer_encoder': [76, 152, 304], 'neurons_per_layer_decoder': [304, 152, 76]}",76,"[304, 152, 76]","[76, 152, 304]",[-0.15243106378071225],0.45976576958189996,COMPLETE
858,0.5778364969636468,2025-01-09 22:45:05.750913,2025-01-09 22:45:09.679607,0 days 00:00:03.928694,0.083746938240016,32,0.1,72,100,0.00024461952922957267,312,0.00038192873450235176,1,3,adam,"{'neurons_per_layer_encoder': [72, 144, 288], 'neurons_per_layer_decoder': [288]}",72,[288],"[72, 144, 288]",[0.5778364969636468],0.8696282545812373,COMPLETE
859,-0.7255410494899968,2025-01-09 22:45:05.949941,2025-01-09 22:45:07.221819,0 days 00:00:01.271878,0.08219283576562184,32,0.1,20,100,0.00012741050474940915,168,0.00035846097476506034,2,3,sgd,"{'neurons_per_layer_encoder': [20, 40, 80], 'neurons_per_layer_decoder': [80, 40]}",20,"[80, 40]","[20, 40, 80]",[-0.7255410494899968],0.507673699403931,COMPLETE
860,0.7873599062429314,2025-01-09 22:45:06.074103,2025-01-09 22:45:10.077100,0 days 00:00:04.002997,0.0863318489118056,32,0.1,56,100,3.77996915264814e-05,248,0.00029300753021477976,2,3,adam,"{'neurons_per_layer_encoder': [56, 112, 224], 'neurons_per_layer_decoder': [224, 112]}",56,"[224, 112]","[56, 112, 224]",[0.7873599062429314],0.772178111148352,COMPLETE
861,0.6741701164385279,2025-01-09 22:45:06.258710,2025-01-09 22:45:09.957757,0 days 00:00:03.699047,0.07372748294644373,32,0.1,56,100,0.00026156521458533453,248,0.0002697217645250687,1,3,adam,"{'neurons_per_layer_encoder': [56, 112, 224], 'neurons_per_layer_decoder': [224]}",56,[224],"[56, 112, 224]",[0.6741701164385279],0.8907144185001727,COMPLETE
