number,value,datetime_start,datetime_complete,duration,params_alpha,params_batch_size,params_drop_out_rate,params_encoder_neurons_layer_1,params_epochs,params_lambda,params_latent_dim,params_learning_rate,params_num_layers_decoder,params_num_layers_encoder,params_optimizer,user_attrs_encoder_decoder_config,user_attrs_first_layer_neurons,user_attrs_neurons_per_layer_decoder,user_attrs_neurons_per_layer_encoder,user_attrs_r2_feature_1,user_attrs_relative_deterioration,state
680,0.03007340602128805,2025-01-09 22:39:32.972441,2025-01-09 22:39:35.484473,0 days 00:00:02.512032,0.056710272855410776,32,0.1,60,100,0.0004385769637673751,264,0.00038771434786950327,1,3,sgd,"{'neurons_per_layer_encoder': [60, 120, 240], 'neurons_per_layer_decoder': [240]}",60,[240],"[60, 120, 240]",[0.03007340602128805],0.841567023888643,COMPLETE
681,0.7463022921657789,2025-01-09 22:39:33.053353,2025-01-09 22:39:36.124657,0 days 00:00:03.071304,0.05701792002453779,32,0.1,60,100,0.00045127952546498317,256,0.0003642991236177666,1,2,adam,"{'neurons_per_layer_encoder': [60, 120], 'neurons_per_layer_decoder': [120]}",60,[120],"[60, 120]",[0.7463022921657789],0.8966070335965364,COMPLETE
682,-0.03374333372267602,2025-01-09 22:39:33.697750,2025-01-09 22:39:35.306230,0 days 00:00:01.608480,0.05783350177154426,32,0.1,60,100,0.0004525605450051026,256,0.00032476451004704926,1,2,sgd,"{'neurons_per_layer_encoder': [60, 120], 'neurons_per_layer_decoder': [120]}",60,[120],"[60, 120]",[-0.03374333372267602],0.7549576269425459,COMPLETE
683,-0.7628701422264548,2025-01-09 22:39:34.265878,2025-01-09 22:39:35.503004,0 days 00:00:01.237126,0.05646323203438348,32,0.1,40,100,0.0004529621368827376,264,0.0003562158808507711,1,3,sgd,"{'neurons_per_layer_encoder': [40, 80, 160], 'neurons_per_layer_decoder': [160]}",40,[160],"[40, 80, 160]",[-0.7628701422264548],0.6816082467338127,COMPLETE
684,0.7930084790075157,2025-01-09 22:39:35.314652,2025-01-09 22:39:38.792106,0 days 00:00:03.477454,0.0650812797066741,32,0.1,40,100,0.00045283303417697595,248,0.00038392901467828233,1,3,adam,"{'neurons_per_layer_encoder': [40, 80, 160], 'neurons_per_layer_decoder': [160]}",40,[160],"[40, 80, 160]",[0.7930084790075157],0.9393058096268938,COMPLETE
685,0.7880106854495799,2025-01-09 22:39:35.493747,2025-01-09 22:39:39.258109,0 days 00:00:03.764362,0.06296119295988672,32,0.1,60,100,0.0002758628399387633,264,0.00036294375053322564,1,3,adam,"{'neurons_per_layer_encoder': [60, 120, 240], 'neurons_per_layer_decoder': [240]}",60,[240],"[60, 120, 240]",[0.7880106854495799],0.9316794465264916,COMPLETE
686,0.7505505367744564,2025-01-09 22:39:35.508995,2025-01-09 22:39:38.677699,0 days 00:00:03.168704,0.06476747127226513,32,0.1,60,100,0.0002637185371970558,256,0.00037595449178971877,1,2,adam,"{'neurons_per_layer_encoder': [60, 120], 'neurons_per_layer_decoder': [120]}",60,[120],"[60, 120]",[0.7505505367744564],0.847297745645576,COMPLETE
687,0.24536590152049298,2025-01-09 22:39:35.511883,2025-01-09 22:39:39.258746,0 days 00:00:03.746863,0.06460405729817177,32,0.1,60,100,0.000259348799208019,296,0.00038196919224819275,1,3,adam,"{'neurons_per_layer_encoder': [60, 120, 240], 'neurons_per_layer_decoder': [240]}",60,[240],"[60, 120, 240]",[0.24536590152049298],0.7521523703006452,COMPLETE
688,0.7279356428656735,2025-01-09 22:39:36.134112,2025-01-09 22:39:39.749136,0 days 00:00:03.615024,0.06322424581666757,32,0.1,56,100,0.0002614880824931638,248,0.0003621833841215025,1,3,adam,"{'neurons_per_layer_encoder': [56, 112, 224], 'neurons_per_layer_decoder': [224]}",56,[224],"[56, 112, 224]",[0.7279356428656735],0.906367791224199,COMPLETE
689,0.1160372293199915,2025-01-09 22:39:38.686920,2025-01-09 22:39:42.278597,0 days 00:00:03.591677,0.059710050249496646,56,0.1,60,100,0.00025190167613676313,296,0.0003650098068066801,1,3,adam,"{'neurons_per_layer_encoder': [60, 120, 240], 'neurons_per_layer_decoder': [240]}",60,[240],"[60, 120, 240]",[0.1160372293199915],0.6795509299807228,COMPLETE
690,0.4492682540263372,2025-01-09 22:39:38.802177,2025-01-09 22:39:42.596406,0 days 00:00:03.794229,0.06753450281128438,32,0.1,56,100,0.00024486221858471927,248,0.00032758693082624203,1,3,adam,"{'neurons_per_layer_encoder': [56, 112, 224], 'neurons_per_layer_decoder': [224]}",56,[224],"[56, 112, 224]",[0.4492682540263372],0.8000147140770453,COMPLETE
691,0.17617554843301853,2025-01-09 22:39:39.268880,2025-01-09 22:39:42.957150,0 days 00:00:03.688270,0.06590471849543574,32,0.1,52,100,0.00021448756399254602,248,0.0003326906414116086,1,3,adam,"{'neurons_per_layer_encoder': [52, 104, 208], 'neurons_per_layer_decoder': [208]}",52,[208],"[52, 104, 208]",[0.17617554843301853],0.65312918656266,COMPLETE
692,0.6329309769058069,2025-01-09 22:39:39.269002,2025-01-09 22:39:42.887360,0 days 00:00:03.618358,0.06429909665686857,32,0.1,52,100,0.0002489358039748525,248,0.00033243716734004936,1,3,adam,"{'neurons_per_layer_encoder': [52, 104, 208], 'neurons_per_layer_decoder': [208]}",52,[208],"[52, 104, 208]",[0.6329309769058069],0.860759388732386,COMPLETE
693,0.07087769224090112,2025-01-09 22:39:39.757279,2025-01-09 22:39:43.176262,0 days 00:00:03.418983,0.06628905836879236,56,0.1,52,100,0.00020946765994846533,248,0.009991588112517998,1,3,adam,"{'neurons_per_layer_encoder': [52, 104, 208], 'neurons_per_layer_decoder': [208]}",52,[208],"[52, 104, 208]",[0.07087769224090112],-1.5847978031504832,COMPLETE
694,0.7586495177953662,2025-01-09 22:39:42.287474,2025-01-09 22:39:45.847978,0 days 00:00:03.560504,0.06628430803852686,32,0.1,52,100,0.00020597417965049908,248,0.0003271521520872337,1,3,adam,"{'neurons_per_layer_encoder': [52, 104, 208], 'neurons_per_layer_decoder': [208]}",52,[208],"[52, 104, 208]",[0.7586495177953662],0.8934885807418618,COMPLETE
695,-0.07422869509352026,2025-01-09 22:39:42.606184,2025-01-09 22:39:44.674976,0 days 00:00:02.068792,0.06632058204661795,32,0.1,44,100,0.00021330815060431252,248,0.0003122387564144425,1,3,adam,"{'neurons_per_layer_encoder': [44, 88, 176], 'neurons_per_layer_decoder': [176]}",44,[176],"[44, 88, 176]",[-0.07422869509352026],0.5467887132872805,COMPLETE
696,0.790226292340578,2025-01-09 22:39:42.895696,2025-01-09 22:39:46.360623,0 days 00:00:03.464927,0.06607398710499401,32,0.1,44,100,0.00020867770386936413,248,0.0003265919287264869,1,3,adam,"{'neurons_per_layer_encoder': [44, 88, 176], 'neurons_per_layer_decoder': [176]}",44,[176],"[44, 88, 176]",[0.790226292340578],0.9009420914315368,COMPLETE
697,0.5931482574026774,2025-01-09 22:39:42.966514,2025-01-09 22:39:46.440946,0 days 00:00:03.474432,0.06496493722930344,32,0.1,44,100,0.0002017017757194604,248,0.00030231013410659814,1,3,adam,"{'neurons_per_layer_encoder': [44, 88, 176], 'neurons_per_layer_decoder': [176]}",44,[176],"[44, 88, 176]",[0.5931482574026774],0.8003677773557014,COMPLETE
698,0.13015032633732404,2025-01-09 22:39:43.184362,2025-01-09 22:39:46.387913,0 days 00:00:03.203551,0.07072778073166741,104,0.1,44,100,0.00028915961772887287,248,0.00030139337634095347,1,3,adam,"{'neurons_per_layer_encoder': [44, 88, 176], 'neurons_per_layer_decoder': [176]}",44,[176],"[44, 88, 176]",[0.13015032633732404],0.6741328129968331,COMPLETE
699,0.7234269107527225,2025-01-09 22:39:44.684587,2025-01-09 22:39:48.590805,0 days 00:00:03.906218,0.06267880428122358,32,0.1,64,100,0.00032024222922548943,280,0.0003952387118058348,1,3,adam,"{'neurons_per_layer_encoder': [64, 128, 256], 'neurons_per_layer_decoder': [256]}",64,[256],"[64, 128, 256]",[0.7234269107527225],0.9213879227300286,COMPLETE
700,0.650940080889105,2025-01-09 22:39:45.857137,2025-01-09 22:39:49.306150,0 days 00:00:03.449013,0.07184929975986394,40,0.1,44,100,0.00014964756742851044,248,0.0002803298593180393,1,3,adam,"{'neurons_per_layer_encoder': [44, 88, 176], 'neurons_per_layer_decoder': [176]}",44,[176],"[44, 88, 176]",[0.650940080889105],0.7834953298127371,COMPLETE
701,0.21396333951714308,2025-01-09 22:39:46.371330,2025-01-09 22:39:49.563747,0 days 00:00:03.192417,0.07167143287716969,104,0.1,40,100,0.00016642452200739478,248,0.00031193706243130023,1,3,adam,"{'neurons_per_layer_encoder': [40, 80, 160], 'neurons_per_layer_decoder': [160]}",40,[160],"[40, 80, 160]",[0.21396333951714308],0.5325047541092034,COMPLETE
702,0.10260992092916887,2025-01-09 22:39:46.402008,2025-01-09 22:39:49.603961,0 days 00:00:03.201953,0.07309249963511671,80,0.1,40,100,0.00016073262865975603,248,0.00031189853635404187,1,3,adam,"{'neurons_per_layer_encoder': [40, 80, 160], 'neurons_per_layer_decoder': [160]}",40,[160],"[40, 80, 160]",[0.10260992092916887],0.405153878716827,COMPLETE
703,0.5812043924872491,2025-01-09 22:39:46.451958,2025-01-09 22:39:49.786161,0 days 00:00:03.334203,0.07115106114601948,40,0.1,36,100,0.00014719111272418773,248,0.00029361559413386006,1,3,adam,"{'neurons_per_layer_encoder': [36, 72, 144], 'neurons_per_layer_decoder': [144]}",36,[144],"[36, 72, 144]",[0.5812043924872491],0.708040312742021,COMPLETE
704,0.39698535402780444,2025-01-09 22:39:48.599871,2025-01-09 22:39:52.348343,0 days 00:00:03.748472,0.07259319302361286,40,0.1,40,100,0.00018196059541855005,248,0.00027627732640439533,1,3,adam,"{'neurons_per_layer_encoder': [40, 80, 160], 'neurons_per_layer_decoder': [160]}",40,[160],"[40, 80, 160]",[0.39698535402780444],0.6488606499625551,COMPLETE
705,0.3529213527281029,2025-01-09 22:39:49.315901,2025-01-09 22:39:52.747786,0 days 00:00:03.431885,0.07149424232368434,40,0.1,36,100,0.00016505137041485123,248,0.0003448477459754921,1,3,adam,"{'neurons_per_layer_encoder': [36, 72, 144], 'neurons_per_layer_decoder': [144]}",36,[144],"[36, 72, 144]",[0.3529213527281029],0.5383615579825651,COMPLETE
706,0.06561768195376283,2025-01-09 22:39:49.573697,2025-01-09 22:39:53.103552,0 days 00:00:03.529855,0.06808239663743075,80,0.1,36,100,0.00019461273930869205,248,0.00036981409220364256,1,3,adam,"{'neurons_per_layer_encoder': [36, 72, 144], 'neurons_per_layer_decoder': [144]}",36,[144],"[36, 72, 144]",[0.06561768195376283],0.43402614452748595,COMPLETE
707,-0.061613834066245765,2025-01-09 22:39:49.615063,2025-01-09 22:39:51.960111,0 days 00:00:02.345048,0.0685383054507316,32,0.1,48,100,0.00018067904628008935,232,0.00037459993172785246,1,3,adam,"{'neurons_per_layer_encoder': [48, 96, 192], 'neurons_per_layer_decoder': [192]}",48,[192],"[48, 96, 192]",[-0.061613834066245765],0.4885045777359846,COMPLETE
708,0.5399498039688579,2025-01-09 22:39:49.794240,2025-01-09 22:39:53.380899,0 days 00:00:03.586659,0.06746663191403568,32,0.1,48,100,0.00018934547743199866,232,0.00037199267068212163,1,3,adam,"{'neurons_per_layer_encoder': [48, 96, 192], 'neurons_per_layer_decoder': [192]}",48,[192],"[48, 96, 192]",[0.5399498039688579],0.7696043333504557,COMPLETE
709,0.6940725233239946,2025-01-09 22:39:51.969855,2025-01-09 22:39:55.900014,0 days 00:00:03.930159,0.07629171088981089,32,0.1,52,100,0.0002077493318879294,248,0.000374553941674042,1,3,adam,"{'neurons_per_layer_encoder': [52, 104, 208], 'neurons_per_layer_decoder': [208]}",52,[208],"[52, 104, 208]",[0.6940725233239946],0.8635161762997509,COMPLETE
710,0.63560580173913,2025-01-09 22:39:52.358926,2025-01-09 22:39:55.945905,0 days 00:00:03.586979,0.06500061421822213,32,0.1,48,100,0.00020741510799163594,232,0.0003657238451213678,1,3,adam,"{'neurons_per_layer_encoder': [48, 96, 192], 'neurons_per_layer_decoder': [192]}",48,[192],"[48, 96, 192]",[0.63560580173913],0.8296031672747786,COMPLETE
711,0.6556891435570222,2025-01-09 22:39:52.757243,2025-01-09 22:39:56.601043,0 days 00:00:03.843800,0.06377317702779417,32,0.1,52,100,0.00020628979333362909,232,0.00041097790224400415,1,3,adam,"{'neurons_per_layer_encoder': [52, 104, 208], 'neurons_per_layer_decoder': [208]}",52,[208],"[52, 104, 208]",[0.6556891435570222],0.8428474527829551,COMPLETE
712,0.7875700371234233,2025-01-09 22:39:53.112214,2025-01-09 22:39:56.622866,0 days 00:00:03.510652,0.06312550360186972,32,0.1,52,100,0.00023632321850145695,232,0.0004166164374525212,1,3,adam,"{'neurons_per_layer_encoder': [52, 104, 208], 'neurons_per_layer_decoder': [208]}",52,[208],"[52, 104, 208]",[0.7875700371234233],0.9129769333663469,COMPLETE
713,0.4458112370485062,2025-01-09 22:39:53.390471,2025-01-09 22:39:57.284682,0 days 00:00:03.894211,0.07704220163716896,32,0.1,56,100,0.0002130777495390939,248,0.00043871116406968226,1,3,adam,"{'neurons_per_layer_encoder': [56, 112, 224], 'neurons_per_layer_decoder': [224]}",56,[224],"[56, 112, 224]",[0.4458112370485062],0.7575703280029874,COMPLETE
714,0.7493342836226615,2025-01-09 22:39:55.908745,2025-01-09 22:39:59.599677,0 days 00:00:03.690932,0.06296897119266923,32,0.1,56,100,0.00024303729986602322,248,0.00043957391917853446,1,3,adam,"{'neurons_per_layer_encoder': [56, 112, 224], 'neurons_per_layer_decoder': [224]}",56,[224],"[56, 112, 224]",[0.7493342836226615],0.9048114711621539,COMPLETE
715,0.6542394336577371,2025-01-09 22:39:55.957512,2025-01-09 22:39:59.696024,0 days 00:00:03.738512,0.06275402464274776,32,0.1,56,100,0.0002321978609282455,248,0.00043823634961399514,1,3,adam,"{'neurons_per_layer_encoder': [56, 112, 224], 'neurons_per_layer_decoder': [224]}",56,[224],"[56, 112, 224]",[0.6542394336577371],0.861478362572688,COMPLETE
716,0.6875100576630594,2025-01-09 22:39:56.610337,2025-01-09 22:40:00.304002,0 days 00:00:03.693665,0.06033913452618538,32,0.1,56,100,0.0002563541190145543,248,0.0004510802461978965,1,3,adam,"{'neurons_per_layer_encoder': [56, 112, 224], 'neurons_per_layer_decoder': [224]}",56,[224],"[56, 112, 224]",[0.6875100576630594],0.8844930418282584,COMPLETE
717,0.614565776224768,2025-01-09 22:39:56.631234,2025-01-09 22:40:00.264734,0 days 00:00:03.633500,0.061308780426585635,32,0.1,56,100,0.0002588372027779935,248,0.00045279242153034165,1,3,adam,"{'neurons_per_layer_encoder': [56, 112, 224], 'neurons_per_layer_decoder': [224]}",56,[224],"[56, 112, 224]",[0.614565776224768],0.8552895813231505,COMPLETE
718,0.7095144682788206,2025-01-09 22:39:57.293214,2025-01-09 22:40:00.932389,0 days 00:00:03.639175,0.06169446384234374,32,0.1,56,100,0.00024856001089073167,264,0.00028194508876559196,1,3,adam,"{'neurons_per_layer_encoder': [56, 112, 224], 'neurons_per_layer_decoder': [224]}",56,[224],"[56, 112, 224]",[0.7095144682788206],0.8971607846969885,COMPLETE
719,0.84281228615593,2025-01-09 22:39:59.608898,2025-01-09 22:40:03.412939,0 days 00:00:03.804041,0.06258381084685413,32,0.1,60,100,0.00023155795372086798,264,0.00026588921717859277,1,3,adam,"{'neurons_per_layer_encoder': [60, 120, 240], 'neurons_per_layer_decoder': [240]}",60,[240],"[60, 120, 240]",[0.84281228615593],0.9431596191148486,COMPLETE
720,0.769298545249647,2025-01-09 22:39:59.704986,2025-01-09 22:40:03.664537,0 days 00:00:03.959551,0.06104273570385213,32,0.1,64,100,0.00024229895514561741,312,0.0002865305976282041,1,3,adam,"{'neurons_per_layer_encoder': [64, 128, 256], 'neurons_per_layer_decoder': [256]}",64,[256],"[64, 128, 256]",[0.769298545249647],0.9246985437317082,COMPLETE
721,0.6740184893263987,2025-01-09 22:40:00.313332,2025-01-09 22:40:04.145055,0 days 00:00:03.831723,0.06624651626998913,32,0.1,64,100,0.0002367865922977098,296,0.0003341947296216173,1,3,adam,"{'neurons_per_layer_encoder': [64, 128, 256], 'neurons_per_layer_decoder': [256]}",64,[256],"[64, 128, 256]",[0.6740184893263987],0.8907695631388307,COMPLETE
722,0.6670266567800889,2025-01-09 22:40:00.941215,2025-01-09 22:40:04.326462,0 days 00:00:03.385247,0.06756571159386433,32,0.1,32,100,0.0002297485460671423,232,0.0003398480287888573,1,3,adam,"{'neurons_per_layer_encoder': [32, 64, 128], 'neurons_per_layer_decoder': [128]}",32,[128],"[32, 64, 128]",[0.6670266567800889],0.8238535329281343,COMPLETE
723,0.1430240277809427,2025-01-09 22:43:27.317809,2025-01-09 22:43:30.867850,0 days 00:00:03.550041,0.06515432274653885,40,0.1,44,100,0.00022455462911871016,232,0.0002570457794793652,1,3,adam,"{'neurons_per_layer_encoder': [44, 88, 176], 'neurons_per_layer_decoder': [176]}",44,[176],"[44, 88, 176]",[0.1430240277809427],0.5972466819020118,COMPLETE
724,0.5697455619534714,2025-01-09 22:43:27.338551,2025-01-09 22:43:30.977209,0 days 00:00:03.638658,0.060272512235525974,40,0.1,44,100,0.0001790379166065404,312,0.0002531290222427251,1,3,adam,"{'neurons_per_layer_encoder': [44, 88, 176], 'neurons_per_layer_decoder': [176]}",44,[176],"[44, 88, 176]",[0.5697455619534714],0.7691768594560708,COMPLETE
725,0.3651403521779917,2025-01-09 22:43:27.341628,2025-01-09 22:43:30.927404,0 days 00:00:03.585776,0.06087282375667,40,0.1,44,100,0.00020407580098102127,312,0.00025141415345525766,1,3,adam,"{'neurons_per_layer_encoder': [44, 88, 176], 'neurons_per_layer_decoder': [176]}",44,[176],"[44, 88, 176]",[0.3651403521779917],0.6857861524349692,COMPLETE
726,0.5503709970073651,2025-01-09 22:43:27.344802,2025-01-09 22:43:30.793204,0 days 00:00:03.448402,0.06031145648422715,40,0.1,40,100,0.00018495847942153197,232,0.0002656568940135196,1,3,adam,"{'neurons_per_layer_encoder': [40, 80, 160], 'neurons_per_layer_decoder': [160]}",40,[160],"[40, 80, 160]",[0.5503709970073651],0.739143053246112,COMPLETE
727,0.6240430600948399,2025-01-09 22:43:27.344969,2025-01-09 22:43:30.881003,0 days 00:00:03.536034,0.06483448477050666,40,0.1,44,100,0.00018802611542092194,232,0.00025039086488525984,1,3,adam,"{'neurons_per_layer_encoder': [44, 88, 176], 'neurons_per_layer_decoder': [176]}",44,[176],"[44, 88, 176]",[0.6240430600948399],0.7960371780136211,COMPLETE
728,0.01732329106020203,2025-01-09 22:43:30.803567,2025-01-09 22:43:34.224951,0 days 00:00:03.421384,0.0653432921318214,32,0.1,32,100,0.0002909924327300857,232,0.000246723063684486,1,3,adam,"{'neurons_per_layer_encoder': [32, 64, 128], 'neurons_per_layer_decoder': [128]}",32,[128],"[32, 64, 128]",[0.01732329106020203],0.5538375894456428,COMPLETE
729,0.7045048464749508,2025-01-09 22:43:30.878811,2025-01-09 22:43:34.727355,0 days 00:00:03.848544,0.06855519424548435,32,0.1,64,100,0.00027970707949836744,312,0.00027746422480688627,1,3,adam,"{'neurons_per_layer_encoder': [64, 128, 256], 'neurons_per_layer_decoder': [256]}",64,[256],"[64, 128, 256]",[0.7045048464749508],0.9154965244606695,COMPLETE
730,0.2326081443350786,2025-01-09 22:43:30.895013,2025-01-09 22:43:34.368465,0 days 00:00:03.473452,0.06895215076821153,32,0.1,28,100,0.00028002263128639604,264,0.000281467304237494,1,3,adam,"{'neurons_per_layer_encoder': [28, 56, 112], 'neurons_per_layer_decoder': [112]}",28,[112],"[28, 56, 112]",[0.2326081443350786],0.6259795262359773,COMPLETE
731,0.3635109334792964,2025-01-09 22:43:30.948213,2025-01-09 22:43:34.364948,0 days 00:00:03.416735,0.0695817391711512,32,0.1,28,100,0.00028820007853891,264,0.0002732095431435737,1,3,adam,"{'neurons_per_layer_encoder': [28, 56, 112], 'neurons_per_layer_decoder': [112]}",28,[112],"[28, 56, 112]",[0.3635109334792964],0.685681112543527,COMPLETE
732,0.7944040314221632,2025-01-09 22:43:30.998179,2025-01-09 22:43:34.848356,0 days 00:00:03.850177,0.07011464660870065,32,0.1,64,100,0.0001330937939529899,296,0.0002855384158515473,1,3,adam,"{'neurons_per_layer_encoder': [64, 128, 256], 'neurons_per_layer_decoder': [256]}",64,[256],"[64, 128, 256]",[0.7944040314221632],0.8921958192896433,COMPLETE
733,0.1432358259876868,2025-01-09 22:43:34.234348,2025-01-09 22:43:38.157423,0 days 00:00:03.923075,0.07774291683842917,32,0.1,64,100,0.00022865457501858877,296,0.0002870082132195902,1,3,adam,"{'neurons_per_layer_encoder': [64, 128, 256], 'neurons_per_layer_decoder': [256]}",64,[256],"[64, 128, 256]",[0.1432358259876868],0.7048941131113744,COMPLETE
734,-0.012340732298071977,2025-01-09 22:43:34.376928,2025-01-09 22:43:36.525772,0 days 00:00:02.148844,0.07756759505172482,32,0.1,64,100,0.0002288516416441562,296,0.0003103596884646451,1,3,adadelta,"{'neurons_per_layer_encoder': [64, 128, 256], 'neurons_per_layer_decoder': [256]}",64,[256],"[64, 128, 256]",[-0.012340732298071977],0.7584944030909867,COMPLETE
735,0.7519586398204345,2025-01-09 22:43:34.377422,2025-01-09 22:43:38.294021,0 days 00:00:03.916599,0.07655654098492101,32,0.1,64,100,0.00022084012332732132,296,0.0003106631557627369,1,3,adam,"{'neurons_per_layer_encoder': [64, 128, 256], 'neurons_per_layer_decoder': [256]}",64,[256],"[64, 128, 256]",[0.7519586398204345],0.9105719104289188,COMPLETE
736,-0.042452172320644355,2025-01-09 22:43:34.738049,2025-01-09 22:43:36.989987,0 days 00:00:02.251938,0.07561618165218754,32,0.1,52,100,0.0002154047834613126,232,0.0003234843297073302,1,3,adadelta,"{'neurons_per_layer_encoder': [52, 104, 208], 'neurons_per_layer_decoder': [208]}",52,[208],"[52, 104, 208]",[-0.042452172320644355],0.7057498750700173,COMPLETE
737,0.6823440679503676,2025-01-09 22:43:34.856783,2025-01-09 22:43:38.791523,0 days 00:00:03.934740,0.07227542603320711,32,0.1,64,100,0.00022789276570348927,312,0.00029390271658649155,1,3,adam,"{'neurons_per_layer_encoder': [64, 128, 256], 'neurons_per_layer_decoder': [256]}",64,[256],"[64, 128, 256]",[0.6823440679503676],0.8930481524187533,COMPLETE
738,0.38151455268064527,2025-01-09 22:43:36.534094,2025-01-09 22:43:40.430964,0 days 00:00:03.896870,0.07603276482256338,32,0.1,64,100,0.00017398223097169456,296,0.0003094448930526857,1,3,adam,"{'neurons_per_layer_encoder': [64, 128, 256], 'neurons_per_layer_decoder': [256]}",64,[256],"[64, 128, 256]",[0.38151455268064527],0.7324069303865799,COMPLETE
739,0.38292845192757274,2025-01-09 22:43:36.998096,2025-01-09 22:43:40.947831,0 days 00:00:03.949735,0.07413898516110123,32,0.1,68,100,0.00016859787377126144,296,0.00029260227833992163,1,3,adam,"{'neurons_per_layer_encoder': [68, 136, 272], 'neurons_per_layer_decoder': [272]}",68,[272],"[68, 136, 272]",[0.38292845192757274],0.7424876632249672,COMPLETE
740,0.7062385438793362,2025-01-09 22:43:38.168157,2025-01-09 22:43:42.229003,0 days 00:00:04.060846,0.07152420144502286,32,0.1,72,100,0.00013719685270170638,312,0.0003294555750958513,1,3,adam,"{'neurons_per_layer_encoder': [72, 144, 288], 'neurons_per_layer_decoder': [288]}",72,[288],"[72, 144, 288]",[0.7062385438793362],0.8594958684355862,COMPLETE
