number,value,datetime_start,datetime_complete,duration,params_alpha,params_batch_size,params_drop_out_rate,params_encoder_neurons_layer_1,params_epochs,params_lambda,params_latent_dim,params_learning_rate,params_num_layers_decoder,params_num_layers_encoder,params_optimizer,user_attrs_encoder_decoder_config,user_attrs_first_layer_neurons,user_attrs_neurons_per_layer_decoder,user_attrs_neurons_per_layer_encoder,user_attrs_r2_feature_1,user_attrs_relative_deterioration,state
741,0.8018708056339756,2025-01-09 22:43:38.303438,2025-01-09 22:43:42.505738,0 days 00:00:04.202300,0.07281578455431081,32,0.1,72,100,0.00014945054068234148,328,0.0003870613588645109,1,3,adam,"{'neurons_per_layer_encoder': [72, 144, 288], 'neurons_per_layer_decoder': [288]}",72,[288],"[72, 144, 288]",[0.8018708056339756],0.912886603415205,COMPLETE
742,0.7874055748596451,2025-01-09 22:43:38.800841,2025-01-09 22:43:43.069586,0 days 00:00:04.268745,0.06326197325088638,32,0.1,76,100,0.00013626659586498896,328,0.0003845353361526196,1,3,adam,"{'neurons_per_layer_encoder': [76, 152, 304], 'neurons_per_layer_decoder': [304]}",76,[304],"[76, 152, 304]",[0.7874055748596451],0.8975859587175933,COMPLETE
743,0.17032580199905434,2025-01-09 22:43:40.440429,2025-01-09 22:43:44.123840,0 days 00:00:03.683411,0.0631716008975826,32,0.1,52,100,0.0002641220175084846,232,0.00038477295484154976,1,3,adam,"{'neurons_per_layer_encoder': [52, 104, 208], 'neurons_per_layer_decoder': [208]}",52,[208],"[52, 104, 208]",[0.17032580199905434],0.6900741680388222,COMPLETE
744,0.6176721360938495,2025-01-09 22:43:40.957133,2025-01-09 22:43:44.964548,0 days 00:00:04.007415,0.06316709776443419,32,0.1,72,100,0.00026541777450596923,312,0.0003967197282369233,1,3,adam,"{'neurons_per_layer_encoder': [72, 144, 288], 'neurons_per_layer_decoder': [288]}",72,[288],"[72, 144, 288]",[0.6176721360938495],0.8888591844000823,COMPLETE
745,0.7092754284079288,2025-01-09 22:43:42.237909,2025-01-09 22:43:45.945974,0 days 00:00:03.708065,0.06281890608574264,32,0.1,52,100,0.00013635092417976525,232,0.0003926273125936786,1,3,adam,"{'neurons_per_layer_encoder': [52, 104, 208], 'neurons_per_layer_decoder': [208]}",52,[208],"[52, 104, 208]",[0.7092754284079288],0.8227202396402273,COMPLETE
746,0.40542330687026495,2025-01-09 22:43:42.515446,2025-01-09 22:43:46.722082,0 days 00:00:04.206636,0.0693704366822289,32,0.1,76,100,0.00018644063727377619,328,0.00040549095022259673,1,3,adam,"{'neurons_per_layer_encoder': [76, 152, 304], 'neurons_per_layer_decoder': [304]}",76,[304],"[76, 152, 304]",[0.40542330687026495],0.7778148183222902,COMPLETE
747,0.7520533735859339,2025-01-09 22:43:43.079134,2025-01-09 22:43:47.239959,0 days 00:00:04.160825,0.06803833396072027,32,0.1,76,100,0.00015807181151757154,328,0.00039154523269929026,1,3,adam,"{'neurons_per_layer_encoder': [76, 152, 304], 'neurons_per_layer_decoder': [304]}",76,[304],"[76, 152, 304]",[0.7520533735859339],0.8968411561222988,COMPLETE
748,-0.04162441882244283,2025-01-09 22:43:44.133720,2025-01-09 22:43:46.590154,0 days 00:00:02.456434,0.0811912391444541,32,0.1,80,100,0.00012702050519553112,344,0.0003941278859386859,1,3,sgd,"{'neurons_per_layer_encoder': [80, 160, 320], 'neurons_per_layer_decoder': [320]}",80,[320],"[80, 160, 320]",[-0.04162441882244283],0.6420921792918057,COMPLETE
749,-0.03648590666470075,2025-01-09 22:43:44.974361,2025-01-09 22:43:46.820834,0 days 00:00:01.846473,0.08197708103492948,32,0.1,72,100,9.827877068850159e-05,312,0.00034268541274584246,1,3,sgd,"{'neurons_per_layer_encoder': [72, 144, 288], 'neurons_per_layer_decoder': [288]}",72,[288],"[72, 144, 288]",[-0.03648590666470075],0.6139545955895833,COMPLETE
750,-0.2964656850980172,2025-01-09 22:43:45.955134,2025-01-09 22:43:48.032492,0 days 00:00:02.077358,0.06968826157243559,32,0.1,72,100,0.0001213636577396212,312,0.0003432510199919412,1,3,adam,"{'neurons_per_layer_encoder': [72, 144, 288], 'neurons_per_layer_decoder': [288]}",72,[288],"[72, 144, 288]",[-0.2964656850980172],0.3817160246934466,COMPLETE
751,0.4662989360389924,2025-01-09 22:43:46.599862,2025-01-09 22:43:50.924571,0 days 00:00:04.324709,0.07100933288224971,32,0.1,76,100,0.00010640439855622622,328,0.0003393234457283609,1,3,adam,"{'neurons_per_layer_encoder': [76, 152, 304], 'neurons_per_layer_decoder': [304]}",76,[304],"[76, 152, 304]",[0.4662989360389924],0.7025422049775327,COMPLETE
752,0.6424847937819438,2025-01-09 22:43:46.732085,2025-01-09 22:43:51.043879,0 days 00:00:04.311794,0.08065806146698166,32,0.1,76,100,0.00013257320745257975,328,0.00034417472926382217,1,3,adam,"{'neurons_per_layer_encoder': [76, 152, 304], 'neurons_per_layer_decoder': [304]}",76,[304],"[76, 152, 304]",[0.6424847937819438],0.8276501384286421,COMPLETE
753,0.41035070780662386,2025-01-09 22:43:46.830465,2025-01-09 22:43:51.170031,0 days 00:00:04.339566,0.07283316667488378,32,0.1,76,100,0.00011842230445332492,328,0.0003294606433988513,1,3,adam,"{'neurons_per_layer_encoder': [76, 152, 304], 'neurons_per_layer_decoder': [304]}",76,[304],"[76, 152, 304]",[0.41035070780662386],0.6991107176514528,COMPLETE
754,-0.16760842785544594,2025-01-09 22:43:47.249548,2025-01-09 22:43:49.472236,0 days 00:00:02.222688,0.07389036562826065,32,0.1,80,100,0.00014274571713688804,328,0.0003425405823350351,1,3,adam,"{'neurons_per_layer_encoder': [80, 160, 320], 'neurons_per_layer_decoder': [320]}",80,[320],"[80, 160, 320]",[-0.16760842785544594],0.5457750966944719,COMPLETE
755,0.6309951036406667,2025-01-09 22:43:48.041454,2025-01-09 22:43:52.444733,0 days 00:00:04.403279,0.07475335576153368,40,0.1,76,100,0.00011672575210067576,328,0.00033831626514992005,1,3,adam,"{'neurons_per_layer_encoder': [76, 152, 304], 'neurons_per_layer_decoder': [304]}",76,[304],"[76, 152, 304]",[0.6309951036406667],0.7959260496267231,COMPLETE
756,0.345981978833386,2025-01-09 22:43:49.480046,2025-01-09 22:43:54.491107,0 days 00:00:05.011061,0.06780970387962768,40,0.1,88,100,0.00011661680109096041,744,0.0004503364412186776,1,3,adam,"{'neurons_per_layer_encoder': [88, 176, 352], 'neurons_per_layer_decoder': [352]}",88,[352],"[88, 176, 352]",[0.345981978833386],0.6856233232034459,COMPLETE
757,0.47061641956040046,2025-01-09 22:43:50.933907,2025-01-09 22:43:55.254531,0 days 00:00:04.320624,0.06662429616767788,40,0.1,80,100,0.00015427430989508969,344,0.0004610313337893434,1,3,adam,"{'neurons_per_layer_encoder': [80, 160, 320], 'neurons_per_layer_decoder': [320]}",80,[320],"[80, 160, 320]",[0.47061641956040046],0.7628657180810063,COMPLETE
758,0.49166579277458367,2025-01-09 22:43:51.054326,2025-01-09 22:43:55.151037,0 days 00:00:04.096711,0.06651281164895281,40,0.1,68,100,0.00016167243061866458,296,0.00045877396855037385,1,3,adam,"{'neurons_per_layer_encoder': [68, 136, 272], 'neurons_per_layer_decoder': [272]}",68,[272],"[68, 136, 272]",[0.49166579277458367],0.7439942854297686,COMPLETE
759,0.5112215279002106,2025-01-09 22:43:51.179488,2025-01-09 22:43:55.283776,0 days 00:00:04.104288,0.0667005595170379,40,0.1,68,100,0.00015465954188205588,296,0.0004712378087436506,1,3,adam,"{'neurons_per_layer_encoder': [68, 136, 272], 'neurons_per_layer_decoder': [272]}",68,[272],"[68, 136, 272]",[0.5112215279002106],0.7522193481214504,COMPLETE
760,0.6990761187725033,2025-01-09 22:43:52.454933,2025-01-09 22:43:56.439071,0 days 00:00:03.984138,0.0655651391052805,32,0.1,68,100,0.00016335458679374475,296,0.000478300266317576,1,3,adam,"{'neurons_per_layer_encoder': [68, 136, 272], 'neurons_per_layer_decoder': [272]}",68,[272],"[68, 136, 272]",[0.6990761187725033],0.8597203222379085,COMPLETE
761,0.37641487397697126,2025-01-09 22:43:54.500314,2025-01-09 22:43:58.437285,0 days 00:00:03.936971,0.06673536813073845,32,0.1,68,100,0.00014635281012743983,296,0.0004709630493365995,1,3,adam,"{'neurons_per_layer_encoder': [68, 136, 272], 'neurons_per_layer_decoder': [272]}",68,[272],"[68, 136, 272]",[0.37641487397697126],0.691232780234323,COMPLETE
762,-0.03133372488314867,2025-01-09 22:43:55.160043,2025-01-09 22:43:58.591559,0 days 00:00:03.431516,0.023965986810714556,96,0.1,68,100,0.0001545226850062191,296,0.00048178421768977194,1,3,adam,"{'neurons_per_layer_encoder': [68, 136, 272], 'neurons_per_layer_decoder': [272]}",68,[272],"[68, 136, 272]",[-0.03133372488314867],0.49679454722549027,COMPLETE
763,-0.01009404603694719,2025-01-09 22:43:55.265790,2025-01-09 22:43:57.282349,0 days 00:00:02.016559,0.06456268715142874,96,0.1,68,100,0.00013553131427043329,296,0.00025216380251855434,1,3,adam,"{'neurons_per_layer_encoder': [68, 136, 272], 'neurons_per_layer_decoder': [272]}",68,[272],"[68, 136, 272]",[-0.01009404603694719],0.5238583726714462,COMPLETE
764,0.5181429119846612,2025-01-09 22:43:55.295939,2025-01-09 22:43:59.178599,0 days 00:00:03.882660,0.06236503073279405,32,0.1,68,100,0.0001910654329665603,296,0.0002557062457768288,1,3,adam,"{'neurons_per_layer_encoder': [68, 136, 272], 'neurons_per_layer_decoder': [272]}",68,[272],"[68, 136, 272]",[0.5181429119846612],0.8197339307470582,COMPLETE
765,0.6486068344578398,2025-01-09 22:43:56.448448,2025-01-09 22:44:00.250211,0 days 00:00:03.801763,0.06090455109974907,32,0.1,60,100,0.00019906549100627937,312,0.00024061865194881457,1,3,adam,"{'neurons_per_layer_encoder': [60, 120, 240], 'neurons_per_layer_decoder': [240]}",60,[240],"[60, 120, 240]",[0.6486068344578398],0.8671214682292392,COMPLETE
766,0.5609942462222112,2025-01-09 22:43:57.290674,2025-01-09 22:44:01.083711,0 days 00:00:03.793037,0.06019176223969062,32,0.1,60,100,0.00018551235969386162,312,0.00023736947617173927,1,3,adam,"{'neurons_per_layer_encoder': [60, 120, 240], 'neurons_per_layer_decoder': [240]}",60,[240],"[60, 120, 240]",[0.5609942462222112],0.8173767525739164,COMPLETE
767,0.7832755577761225,2025-01-09 22:43:58.447411,2025-01-09 22:44:02.446579,0 days 00:00:03.999168,0.05989041804933475,32,0.1,64,100,0.00020713645521970025,312,0.00029484323309473496,1,3,adam,"{'neurons_per_layer_encoder': [64, 128, 256], 'neurons_per_layer_decoder': [256]}",64,[256],"[64, 128, 256]",[0.7832755577761225],0.9215285165451661,COMPLETE
768,0.5921387484026818,2025-01-09 22:43:58.601273,2025-01-09 22:44:02.512257,0 days 00:00:03.910984,0.06021730570575185,32,0.2,60,100,0.00018827857964710094,264,0.00028833599046326747,1,3,adam,"{'neurons_per_layer_encoder': [60, 120, 240], 'neurons_per_layer_decoder': [240]}",60,[240],"[60, 120, 240]",[0.5921387484026818],0.8417064718933454,COMPLETE
769,0.5225978536517365,2025-01-09 22:43:59.186681,2025-01-09 22:44:03.075271,0 days 00:00:03.888590,0.061098135254894825,32,0.2,60,100,0.00019511342791398394,312,0.0004062051023432548,1,3,adam,"{'neurons_per_layer_encoder': [60, 120, 240], 'neurons_per_layer_decoder': [240]}",60,[240],"[60, 120, 240]",[0.5225978536517365],0.8180854090033025,COMPLETE
770,0.5277025225174622,2025-01-09 22:44:00.259515,2025-01-09 22:44:04.126753,0 days 00:00:03.867238,0.0711952859656164,32,0.1,60,100,0.00018529512699813231,312,0.0004084283158168571,1,3,adam,"{'neurons_per_layer_encoder': [60, 120, 240], 'neurons_per_layer_decoder': [240]}",60,[240],"[60, 120, 240]",[0.5277025225174622],0.7977480442974416,COMPLETE
771,0.3222170617601793,2025-01-09 22:44:01.093293,2025-01-09 22:44:04.859868,0 days 00:00:03.766575,0.05847133866384784,32,0.1,60,100,0.00019559763803525613,264,0.00040275691650542227,1,3,adam,"{'neurons_per_layer_encoder': [60, 120, 240], 'neurons_per_layer_decoder': [240]}",60,[240],"[60, 120, 240]",[0.3222170617601793],0.7096241578342596,COMPLETE
772,0.6542735270689659,2025-01-09 22:44:02.456608,2025-01-09 22:44:06.296772,0 days 00:00:03.840164,0.05630607997004714,32,0.2,60,100,0.00022255970437677644,312,0.0002827546973540459,1,3,adam,"{'neurons_per_layer_encoder': [60, 120, 240], 'neurons_per_layer_decoder': [240]}",60,[240],"[60, 120, 240]",[0.6542735270689659],0.8863575865872195,COMPLETE
773,0.30724284784729705,2025-01-09 22:44:02.532166,2025-01-09 22:44:06.425025,0 days 00:00:03.892859,0.057925862644006086,32,0.1,64,100,0.0002402066262791889,312,0.00040550287863931486,1,3,adam,"{'neurons_per_layer_encoder': [64, 128, 256], 'neurons_per_layer_decoder': [256]}",64,[256],"[64, 128, 256]",[0.30724284784729705],0.7718979065364857,COMPLETE
774,0.6834224684554351,2025-01-09 22:44:03.084712,2025-01-09 22:44:06.981256,0 days 00:00:03.896544,0.05821624275663795,32,0.1,72,100,0.00023535892831915694,312,0.00038350053377530726,1,3,adam,"{'neurons_per_layer_encoder': [72, 144, 288], 'neurons_per_layer_decoder': [288]}",72,[288],"[72, 144, 288]",[0.6834224684554351],0.8997661877375505,COMPLETE
775,0.5749190054659762,2025-01-09 22:44:04.136485,2025-01-09 22:44:09.034594,0 days 00:00:04.898109,0.05703934329636536,32,0.1,80,100,0.00025310409605844417,344,0.00030743587235033536,2,3,adam,"{'neurons_per_layer_encoder': [80, 160, 320], 'neurons_per_layer_decoder': [320, 160]}",80,"[320, 160]","[80, 160, 320]",[0.5749190054659762],0.9152792629504968,COMPLETE
776,0.7990885371600356,2025-01-09 22:44:04.869970,2025-01-09 22:44:09.059768,0 days 00:00:04.189798,0.05710229084109373,32,0.1,72,100,9.387405906242245e-05,312,0.0002834351151036853,1,3,adam,"{'neurons_per_layer_encoder': [72, 144, 288], 'neurons_per_layer_decoder': [288]}",72,[288],"[72, 144, 288]",[0.7990885371600356],0.872736914431922,COMPLETE
777,0.561793899656162,2025-01-09 22:44:06.306789,2025-01-09 22:44:11.203612,0 days 00:00:04.896823,0.05649698824781186,32,0.1,80,100,8.84700214629919e-05,600,0.0002962151745945114,1,3,adam,"{'neurons_per_layer_encoder': [80, 160, 320], 'neurons_per_layer_decoder': [320]}",80,[320],"[80, 160, 320]",[0.561793899656162],0.753364374939947,COMPLETE
778,-0.1650155677100964,2025-01-09 22:44:06.435254,2025-01-09 22:44:08.990646,0 days 00:00:02.555392,0.05679502760137355,32,0.1,72,100,0.00024985412026401254,312,0.0003002446605706736,1,3,adadelta,"{'neurons_per_layer_encoder': [72, 144, 288], 'neurons_per_layer_decoder': [288]}",72,[288],"[72, 144, 288]",[-0.1650155677100964],0.7900239126574712,COMPLETE
779,0.6500244692834486,2025-01-09 22:44:06.990790,2025-01-09 22:44:11.994788,0 days 00:00:05.003998,0.06325365320669961,32,0.1,72,100,0.00024370939117670758,312,0.00029104266802995127,3,3,adam,"{'neurons_per_layer_encoder': [72, 144, 288], 'neurons_per_layer_decoder': [288, 144, 72]}",72,"[288, 144, 72]","[72, 144, 288]",[0.6500244692834486],0.9324407906946497,COMPLETE
780,0.27477996029752505,2025-01-09 22:44:09.000326,2025-01-09 22:44:13.440777,0 days 00:00:04.440451,0.06308506245542883,32,0.1,80,100,4.8294028591886246e-05,344,0.0005506478479626298,1,3,adam,"{'neurons_per_layer_encoder': [80, 160, 320], 'neurons_per_layer_decoder': [320]}",80,[320],"[80, 160, 320]",[0.27477996029752505],0.26958142009530467,COMPLETE
781,0.7654462722250548,2025-01-09 22:44:09.050704,2025-01-09 22:44:13.189945,0 days 00:00:04.139241,0.06195929331740192,32,0.1,68,100,9.660344596917712e-05,296,0.0005443895493483064,1,3,adam,"{'neurons_per_layer_encoder': [68, 136, 272], 'neurons_per_layer_decoder': [272]}",68,[272],"[68, 136, 272]",[0.7654462722250548],0.8425349445051288,COMPLETE
782,0.5183173798140116,2025-01-09 22:44:09.085486,2025-01-09 22:44:14.306417,0 days 00:00:05.220931,0.06132607472979943,32,0.1,84,100,7.80526210505999e-05,344,0.00022593657517577917,3,3,adam,"{'neurons_per_layer_encoder': [84, 168, 336], 'neurons_per_layer_decoder': [336, 168, 84]}",84,"[336, 168, 84]","[84, 168, 336]",[0.5183173798140116],0.7813275786514482,COMPLETE
783,0.36727682845049925,2025-01-09 22:44:11.214085,2025-01-09 22:44:15.421096,0 days 00:00:04.207011,0.06312592789274918,40,0.1,84,100,0.00016156160382444526,360,0.00022838817238427268,1,3,adam,"{'neurons_per_layer_encoder': [84, 168, 336], 'neurons_per_layer_decoder': [336]}",84,[336],"[84, 168, 336]",[0.36727682845049925],0.7577117217194546,COMPLETE
784,0.522483744372151,2025-01-09 22:44:12.004944,2025-01-09 22:44:17.107357,0 days 00:00:05.102413,0.06390844700712724,40,0.1,76,100,7.251173493026227e-05,328,0.0002329914217376051,4,3,adam,"{'neurons_per_layer_encoder': [76, 152, 304], 'neurons_per_layer_decoder': [304, 152, 76, 38]}",76,"[304, 152, 76, 38]","[76, 152, 304]",[0.522483744372151],0.752024034120098,COMPLETE
785,0.5179953828080504,2025-01-09 22:44:13.199204,2025-01-09 22:44:17.383248,0 days 00:00:04.184044,0.07114819411152251,40,0.1,80,100,0.0001396644746229964,344,0.000260772364249221,1,3,adam,"{'neurons_per_layer_encoder': [80, 160, 320], 'neurons_per_layer_decoder': [320]}",80,[320],"[80, 160, 320]",[0.5179953828080504],0.7837101604094732,COMPLETE
786,0.6252214365605435,2025-01-09 22:44:13.450453,2025-01-09 22:44:17.692664,0 days 00:00:04.242211,0.07892871840137836,40,0.1,84,100,0.00016641830232697868,360,0.00025393655870698965,1,3,adam,"{'neurons_per_layer_encoder': [84, 168, 336], 'neurons_per_layer_decoder': [336]}",84,[336],"[84, 168, 336]",[0.6252214365605435],0.8591478738753354,COMPLETE
787,0.22187217843498863,2025-01-09 22:44:14.315568,2025-01-09 22:44:18.376519,0 days 00:00:04.060951,0.07139664185387737,64,0.1,88,100,0.00010591079217084047,376,0.00023381742570385844,1,3,adam,"{'neurons_per_layer_encoder': [88, 176, 352], 'neurons_per_layer_decoder': [352]}",88,[352],"[88, 176, 352]",[0.22187217843498863],0.6307664178265445,COMPLETE
788,0.6043610268883784,2025-01-09 22:44:15.430122,2025-01-09 22:44:19.390701,0 days 00:00:03.960579,0.07290393473456902,40,0.1,72,100,0.00010417689680628621,312,0.0002709803387651119,1,3,adam,"{'neurons_per_layer_encoder': [72, 144, 288], 'neurons_per_layer_decoder': [288]}",72,[288],"[72, 144, 288]",[0.6043610268883784],0.7470227181753214,COMPLETE
789,-0.022066497884192016,2025-01-09 22:44:17.117147,2025-01-09 22:44:19.397493,0 days 00:00:02.280346,0.07842819699549153,32,0.1,72,100,0.00012250230090254626,312,0.0002686519275565106,1,3,adam,"{'neurons_per_layer_encoder': [72, 144, 288], 'neurons_per_layer_decoder': [288]}",72,[288],"[72, 144, 288]",[-0.022066497884192016],0.5127898401112231,COMPLETE
790,-0.03744045599913459,2025-01-09 22:44:17.393183,2025-01-09 22:44:19.522072,0 days 00:00:02.128889,0.06865319503181812,32,0.1,72,100,0.00010898413460187026,312,0.00027692676060736045,1,3,adam,"{'neurons_per_layer_encoder': [72, 144, 288], 'neurons_per_layer_decoder': [288]}",72,[288],"[72, 144, 288]",[-0.03744045599913459],0.4700784534031719,COMPLETE
791,-0.029503366355990934,2025-01-09 22:44:17.700877,2025-01-09 22:44:19.194728,0 days 00:00:01.493851,0.07059399720607609,32,0.1,92,100,0.00011622517439225512,392,0.00035841526590774965,1,3,sgd,"{'neurons_per_layer_encoder': [92, 184, 368], 'neurons_per_layer_decoder': [368]}",92,[368],"[92, 184, 368]",[-0.029503366355990934],0.7671608589821407,COMPLETE
792,-0.24342813065181024,2025-01-09 22:44:18.386289,2025-01-09 22:44:19.699883,0 days 00:00:01.313594,0.06674438969914669,32,0.1,72,100,9.331551168894147e-05,312,0.0003472069760352528,1,3,sgd,"{'neurons_per_layer_encoder': [72, 144, 288], 'neurons_per_layer_decoder': [288]}",72,[288],"[72, 144, 288]",[-0.24342813065181024],0.5514555573655393,COMPLETE
793,-0.047238685821388904,2025-01-09 22:44:19.203361,2025-01-09 22:44:21.375635,0 days 00:00:02.172274,0.06727379059326243,32,0.1,68,100,8.249091827328496e-05,296,0.0002844404861211167,1,3,adam,"{'neurons_per_layer_encoder': [68, 136, 272], 'neurons_per_layer_decoder': [272]}",68,[272],"[68, 136, 272]",[-0.047238685821388904],0.3338196674981866,COMPLETE
794,0.7122512180392929,2025-01-09 22:44:19.401687,2025-01-09 22:44:23.306652,0 days 00:00:03.904965,0.06689818236061654,32,0.1,64,100,0.00012942117311365233,280,0.00031918319418934284,1,3,adam,"{'neurons_per_layer_encoder': [64, 128, 256], 'neurons_per_layer_decoder': [256]}",64,[256],"[64, 128, 256]",[0.7122512180392929],0.8390461775187343,COMPLETE
795,0.3764376466480652,2025-01-09 22:44:19.406907,2025-01-09 22:44:23.302877,0 days 00:00:03.895970,0.06702197537696858,32,0.1,64,100,0.00028323491383378706,280,0.0003221632188510077,1,3,adam,"{'neurons_per_layer_encoder': [64, 128, 256], 'neurons_per_layer_decoder': [256]}",64,[256],"[64, 128, 256]",[0.3764376466480652],0.8122431946115793,COMPLETE
796,0.7317382047722358,2025-01-09 22:44:19.531027,2025-01-09 22:44:23.444533,0 days 00:00:03.913506,0.05930188518786728,32,0.1,64,100,8.87028770066047e-05,280,0.00034183873483937925,1,3,adam,"{'neurons_per_layer_encoder': [64, 128, 256], 'neurons_per_layer_decoder': [256]}",64,[256],"[64, 128, 256]",[0.7317382047722358],0.8062421804941472,COMPLETE
797,0.6333550900937512,2025-01-09 22:44:19.708389,2025-01-09 22:44:23.663417,0 days 00:00:03.955028,0.027521308038882877,32,0.1,68,100,0.00028819996731825766,296,0.0003270456055437129,1,3,adam,"{'neurons_per_layer_encoder': [68, 136, 272], 'neurons_per_layer_decoder': [272]}",68,[272],"[68, 136, 272]",[0.6333550900937512],0.9009584770941228,COMPLETE
798,0.6291255827572461,2025-01-09 22:44:21.384729,2025-01-09 22:44:25.183950,0 days 00:00:03.799221,0.05870659264146272,32,0.1,64,100,0.00028744856412989,280,0.0003426285691795759,1,3,adam,"{'neurons_per_layer_encoder': [64, 128, 256], 'neurons_per_layer_decoder': [256]}",64,[256],"[64, 128, 256]",[0.6291255827572461],0.8907123849112548,COMPLETE
799,0.5769817146767056,2025-01-09 22:44:23.314512,2025-01-09 22:44:27.355800,0 days 00:00:04.041288,0.059412628228269614,32,0.1,64,100,0.0001377733006158771,280,0.00035869935837370373,1,3,adam,"{'neurons_per_layer_encoder': [64, 128, 256], 'neurons_per_layer_decoder': [256]}",64,[256],"[64, 128, 256]",[0.5769817146767056],0.777069271727872,COMPLETE
800,0.6178899957344968,2025-01-09 22:44:23.316894,2025-01-09 22:44:27.169235,0 days 00:00:03.852341,0.0588857151151397,32,0.1,64,100,0.00013239612286707972,280,0.00036702208985536213,1,3,adam,"{'neurons_per_layer_encoder': [64, 128, 256], 'neurons_per_layer_decoder': [256]}",64,[256],"[64, 128, 256]",[0.6178899957344968],0.7930102395187182,COMPLETE
