number,value,datetime_start,datetime_complete,duration,params_alpha,params_batch_size,params_drop_out_rate,params_encoder_neurons_layer_1,params_epochs,params_lambda,params_latent_dim,params_learning_rate,params_num_layers_decoder,params_num_layers_encoder,params_optimizer,user_attrs_encoder_decoder_config,user_attrs_first_layer_neurons,user_attrs_neurons_per_layer_decoder,user_attrs_neurons_per_layer_encoder,user_attrs_r2_feature_1,user_attrs_relative_deterioration,state
555,-0.19334876602906692,2025-01-09 22:37:41.178113,2025-01-09 22:37:43.142389,0 days 00:00:01.964276,0.05212642973323039,32,0.1,52,100,0.0005998797798938976,240,0.0006031948355679504,1,2,adadelta,"{'neurons_per_layer_encoder': [52, 104], 'neurons_per_layer_decoder': [104]}",52,[104],"[52, 104]",[-0.19334876602906692],0.7784128469274229,COMPLETE
556,0.3599999522850035,2025-01-09 22:37:41.906703,2025-01-09 22:37:45.515166,0 days 00:00:03.608463,0.06440159994920545,32,0.1,56,100,0.0009975696618231735,264,0.0007030203641205406,1,2,adam,"{'neurons_per_layer_encoder': [56, 112], 'neurons_per_layer_decoder': [112]}",56,[112],"[56, 112]",[0.3599999522850035],0.7528170375219198,COMPLETE
557,0.5965320489745451,2025-01-09 22:37:43.151026,2025-01-09 22:37:46.537587,0 days 00:00:03.386561,0.049258588259628686,32,0.1,56,100,0.0006699148572969165,264,0.00044028444560658265,1,2,adam,"{'neurons_per_layer_encoder': [56, 112], 'neurons_per_layer_decoder': [112]}",56,[112],"[56, 112]",[0.5965320489745451],0.8580559486237594,COMPLETE
558,0.7128936870972084,2025-01-09 22:37:44.000268,2025-01-09 22:37:47.340164,0 days 00:00:03.339896,0.048071460684673294,32,0.1,60,100,1.1538234591681684e-05,272,0.0004621418554969363,1,2,adam,"{'neurons_per_layer_encoder': [60, 120], 'neurons_per_layer_decoder': [120]}",60,[120],"[60, 120]",[0.7128936870972084],0.18273669109515675,COMPLETE
559,0.2978693775772271,2025-01-09 22:37:44.138286,2025-01-09 22:37:49.214828,0 days 00:00:05.076542,0.04811257652892643,32,0.1,256,100,0.0009903637776275647,552,0.00043063589801733856,1,2,adam,"{'neurons_per_layer_encoder': [256, 512], 'neurons_per_layer_decoder': [512]}",256,[512],"[256, 512]",[0.2978693775772271],0.9061763230840207,COMPLETE
560,0.8429829756019758,2025-01-09 22:37:45.255123,2025-01-09 22:37:48.594411,0 days 00:00:03.339288,0.04711255245561653,32,0.1,60,100,0.00041846880405402043,272,0.00047042168684208364,1,2,adam,"{'neurons_per_layer_encoder': [60, 120], 'neurons_per_layer_decoder': [120]}",60,[120],"[60, 120]",[0.8429829756019758],0.9244867544315944,COMPLETE
561,0.18651991939095935,2025-01-09 22:37:45.525722,2025-01-09 22:37:48.871156,0 days 00:00:03.345434,0.04762014357234642,56,0.1,64,100,0.0006817902335762971,264,0.00043944645050291787,1,2,adam,"{'neurons_per_layer_encoder': [64, 128], 'neurons_per_layer_decoder': [128]}",64,[128],"[64, 128]",[0.18651991939095935],0.7255712086844895,COMPLETE
562,0.2890069961530707,2025-01-09 22:37:46.546690,2025-01-09 22:37:51.321764,0 days 00:00:04.775074,0.063550940018825,32,0.1,228,100,0.0008341672906401447,480,0.0005339465561220302,1,2,adam,"{'neurons_per_layer_encoder': [228, 456], 'neurons_per_layer_decoder': [456]}",228,[456],"[228, 456]",[0.2890069961530707],0.8739508409696404,COMPLETE
563,-0.06062241191804585,2025-01-09 22:37:47.349238,2025-01-09 22:37:49.266902,0 days 00:00:01.917664,0.04917286140470515,32,0.1,68,100,7.198025314129071e-06,320,0.0004344879649918641,1,2,adam,"{'neurons_per_layer_encoder': [68, 136], 'neurons_per_layer_decoder': [136]}",68,[136],"[68, 136]",[-0.06062241191804585],-1.448001890188279,COMPLETE
564,0.0861960860718527,2025-01-09 22:37:48.603840,2025-01-09 22:37:50.394591,0 days 00:00:01.790751,0.047789304055091734,32,0.1,64,100,8.39017101673511e-06,280,0.00047816202226627706,1,2,adam,"{'neurons_per_layer_encoder': [64, 128], 'neurons_per_layer_decoder': [128]}",64,[128],"[64, 128]",[0.0861960860718527],-0.7934290251114637,COMPLETE
565,0.6620238236913416,2025-01-09 22:37:48.880577,2025-01-09 22:37:52.304274,0 days 00:00:03.423697,0.046768517361955864,32,0.1,68,100,1.1436838961234838e-05,272,0.0005120769336998828,1,2,adam,"{'neurons_per_layer_encoder': [68, 136], 'neurons_per_layer_decoder': [136]}",68,[136],"[68, 136]",[0.6620238236913416],0.07083919290817085,COMPLETE
566,0.3357757227494057,2025-01-09 22:37:49.223338,2025-01-09 22:37:52.490810,0 days 00:00:03.267472,0.04950068293066475,32,0.1,68,100,0.0004121024229372922,272,0.000508040131654649,1,2,adam,"{'neurons_per_layer_encoder': [68, 136], 'neurons_per_layer_decoder': [136]}",68,[136],"[68, 136]",[0.3357757227494057],0.7344778338621433,COMPLETE
567,0.7407664827864462,2025-01-09 22:37:49.277892,2025-01-09 22:37:52.897892,0 days 00:00:03.620000,0.1086183616922662,32,0.1,64,100,1.1877233659985623e-05,280,0.00047109939305025326,1,2,adam,"{'neurons_per_layer_encoder': [64, 128], 'neurons_per_layer_decoder': [128]}",64,[128],"[64, 128]",[0.7407664827864462],0.21274249127500847,COMPLETE
568,0.6728588058382696,2025-01-09 22:37:50.403777,2025-01-09 22:37:53.834198,0 days 00:00:03.430421,0.05494970561417956,32,0.1,60,100,1.6537515798761197e-05,272,0.0005485691756905372,1,2,adam,"{'neurons_per_layer_encoder': [60, 120], 'neurons_per_layer_decoder': [120]}",60,[120],"[60, 120]",[0.6728588058382696],0.10951846938409189,COMPLETE
569,0.808361693728894,2025-01-09 22:37:52.312814,2025-01-09 22:37:55.504090,0 days 00:00:03.191276,0.05445293415986,32,0.1,76,100,1.0617335995607444e-05,272,0.0003859111450120972,1,2,adam,"{'neurons_per_layer_encoder': [76, 152], 'neurons_per_layer_decoder': [152]}",76,[152],"[76, 152]",[0.808361693728894],0.4442943638730046,COMPLETE
570,0.6738804257619738,2025-01-09 22:37:52.499189,2025-01-09 22:37:55.472962,0 days 00:00:02.973773,0.05488741330308204,40,0.1,76,100,1.094350120529762e-05,272,0.0003776679756823084,1,2,adam,"{'neurons_per_layer_encoder': [76, 152], 'neurons_per_layer_decoder': [152]}",76,[152],"[76, 152]",[0.6738804257619738],-0.06073991456867765,COMPLETE
571,0.05145490460528901,2025-01-09 22:37:53.842091,2025-01-09 22:37:55.979864,0 days 00:00:02.137773,0.13237831840806225,40,0.1,76,100,1.1697498190797394e-05,288,0.0004704971777891638,1,2,adam,"{'neurons_per_layer_encoder': [76, 152], 'neurons_per_layer_decoder': [152]}",76,[152],"[76, 152]",[0.05145490460528901],-1.6970061208075307,COMPLETE
572,0.5258841043663789,2025-01-09 22:37:55.511836,2025-01-09 22:37:58.552862,0 days 00:00:03.041026,0.1132475055937865,32,0.1,76,100,1.0341020857529557e-05,288,0.00038414176774561546,1,2,adam,"{'neurons_per_layer_encoder': [76, 152], 'neurons_per_layer_decoder': [152]}",76,[152],"[76, 152]",[0.5258841043663789],-0.2995212068044515,COMPLETE
573,-0.22073825973065198,2025-01-09 22:38:31.043063,2025-01-09 22:38:32.398729,0 days 00:00:01.355666,0.058992581053799405,32,0.1,72,100,7.997602356363247e-06,280,0.0003507591242633863,2,2,sgd,"{'neurons_per_layer_encoder': [72, 144], 'neurons_per_layer_decoder': [144, 72]}",72,"[144, 72]","[72, 144]",[-0.22073825973065198],0.19631535350615423,COMPLETE
574,-0.3148022315014558,2025-01-09 22:38:31.055495,2025-01-09 22:38:32.257363,0 days 00:00:01.201868,0.06056753791444462,32,0.1,88,100,7.447776276691652e-06,280,0.0003651180550302417,1,2,sgd,"{'neurons_per_layer_encoder': [88, 176], 'neurons_per_layer_decoder': [176]}",88,[176],"[88, 176]",[-0.3148022315014558],0.39292072379657267,COMPLETE
575,-0.08794990878182518,2025-01-09 22:38:31.093573,2025-01-09 22:38:32.415442,0 days 00:00:01.321869,0.11202390968853224,32,0.1,84,100,9.402706183807232e-06,288,0.00039901200910138015,2,2,sgd,"{'neurons_per_layer_encoder': [84, 168], 'neurons_per_layer_decoder': [168, 84]}",84,"[168, 84]","[84, 168]",[-0.08794990878182518],0.3003706721430054,COMPLETE
576,-0.4675525355345973,2025-01-09 22:38:31.120465,2025-01-09 22:38:32.444012,0 days 00:00:01.323547,0.09758482878248478,32,0.1,68,100,1.3619298395580942e-05,272,0.0003956946642752143,2,2,sgd,"{'neurons_per_layer_encoder': [68, 136], 'neurons_per_layer_decoder': [136, 68]}",68,"[136, 68]","[68, 136]",[-0.4675525355345973],-0.11324294537237785,COMPLETE
577,-0.18646889893038332,2025-01-09 22:38:31.128293,2025-01-09 22:38:32.516255,0 days 00:00:01.387962,0.10603860136774666,32,0.1,84,100,1.4835888563418747e-05,288,0.00039569229386649,2,2,sgd,"{'neurons_per_layer_encoder': [84, 168], 'neurons_per_layer_decoder': [168, 84]}",84,"[168, 84]","[84, 168]",[-0.18646889893038332],0.09558755594564447,COMPLETE
578,0.5998549578428458,2025-01-09 22:38:32.266944,2025-01-09 22:38:35.499839,0 days 00:00:03.232895,0.11066377756212264,32,0.1,72,100,1.5655223815045532e-05,280,0.00038325352944847645,1,2,adam,"{'neurons_per_layer_encoder': [72, 144], 'neurons_per_layer_decoder': [144]}",72,[144],"[72, 144]",[0.5998549578428458],0.0262197532370104,COMPLETE
579,0.03574407471122232,2025-01-09 22:38:32.408503,2025-01-09 22:38:34.256584,0 days 00:00:01.848081,0.053114560748781445,32,0.1,84,100,1.3475987124281172e-05,288,0.0003890429039888177,1,2,adam,"{'neurons_per_layer_encoder': [84, 168], 'neurons_per_layer_decoder': [168]}",84,[168],"[84, 168]",[0.03574407471122232],-0.9798091911777421,COMPLETE
580,0.6381490816573641,2025-01-09 22:38:32.428724,2025-01-09 22:38:35.681937,0 days 00:00:03.253213,0.053074371581830884,32,0.1,84,100,9.144582509632351e-06,272,0.000388902547891433,1,2,adam,"{'neurons_per_layer_encoder': [84, 168], 'neurons_per_layer_decoder': [168]}",84,[168],"[84, 168]",[0.6381490816573641],-0.045594078684345236,COMPLETE
581,0.65814384655781,2025-01-09 22:38:32.462050,2025-01-09 22:38:35.690571,0 days 00:00:03.228521,0.052949804653957974,32,0.1,72,100,1.3139562265289699e-05,280,0.0003259185237679215,1,2,adam,"{'neurons_per_layer_encoder': [72, 144], 'neurons_per_layer_decoder': [144]}",72,[144],"[72, 144]",[0.65814384655781],0.17082283082730682,COMPLETE
582,0.5827882102193175,2025-01-09 22:38:32.530025,2025-01-09 22:38:35.666536,0 days 00:00:03.136511,0.056396344107277924,40,0.1,64,100,1.0080121442766879e-05,280,0.0003300003405850081,1,2,adam,"{'neurons_per_layer_encoder': [64, 128], 'neurons_per_layer_decoder': [128]}",64,[128],"[64, 128]",[0.5827882102193175],-0.3622267244616219,COMPLETE
583,0.5161819724213277,2025-01-09 22:38:34.266193,2025-01-09 22:38:37.246636,0 days 00:00:02.980443,0.05665808372057742,40,0.1,72,100,0.000328186260904896,280,0.0005877153065861187,1,2,adam,"{'neurons_per_layer_encoder': [72, 144], 'neurons_per_layer_decoder': [144]}",72,[144],"[72, 144]",[0.5161819724213277],0.7107884505042751,COMPLETE
584,0.7150242106684289,2025-01-09 22:38:35.508945,2025-01-09 22:38:38.534257,0 days 00:00:03.025312,0.059041704129261734,40,0.1,64,100,0.0003342726783753261,280,0.0005629717526909654,1,2,adam,"{'neurons_per_layer_encoder': [64, 128], 'neurons_per_layer_decoder': [128]}",64,[128],"[64, 128]",[0.7150242106684289],0.8364435570733442,COMPLETE
585,0.5630622190361638,2025-01-09 22:38:35.677501,2025-01-09 22:38:38.652182,0 days 00:00:02.974681,0.05268756436992939,40,0.1,60,100,8.726982315170667e-06,272,0.00045564361580857155,1,2,adam,"{'neurons_per_layer_encoder': [60, 120], 'neurons_per_layer_decoder': [120]}",60,[120],"[60, 120]",[0.5630622190361638],-0.6094479274381605,COMPLETE
586,0.6043456617552829,2025-01-09 22:38:35.694056,2025-01-09 22:38:38.655605,0 days 00:00:02.961549,0.0632375745629464,40,0.1,60,100,8.95411553444292e-06,272,0.0005795713878195375,1,2,adam,"{'neurons_per_layer_encoder': [60, 120], 'neurons_per_layer_decoder': [120]}",60,[120],"[60, 120]",[0.6043456617552829],-0.3268224352268792,COMPLETE
587,0.5092456396865064,2025-01-09 22:38:35.706857,2025-01-09 22:38:38.692086,0 days 00:00:02.985229,0.05857201047811993,40,0.1,56,100,1.08316653179044e-05,264,0.0005319973228745219,1,2,adam,"{'neurons_per_layer_encoder': [56, 112], 'neurons_per_layer_decoder': [112]}",56,[112],"[56, 112]",[0.5092456396865064],-0.5999360023566427,COMPLETE
588,0.09490000842520485,2025-01-09 22:38:37.255584,2025-01-09 22:38:41.409793,0 days 00:00:04.154209,0.05962656071559971,32,0.1,60,100,8.950729430268732e-06,984,0.0012702329572267322,1,5,adam,"{'neurons_per_layer_encoder': [60, 120, 240, 480, 960], 'neurons_per_layer_decoder': [960]}",60,[960],"[60, 120, 240, 480, 960]",[0.09490000842520485],-0.060645571094488954,COMPLETE
589,-0.00020316770545458773,2025-01-09 22:38:38.543302,2025-01-09 22:38:40.428266,0 days 00:00:01.884964,0.06037867517626655,40,0.1,64,100,8.722191306107171e-06,280,0.000592716198288806,1,2,adam,"{'neurons_per_layer_encoder': [64, 128], 'neurons_per_layer_decoder': [128]}",64,[128],"[64, 128]",[-0.00020316770545458773],-1.5293671337669743,COMPLETE
590,0.34807427150464554,2025-01-09 22:38:38.663389,2025-01-09 22:38:43.584438,0 days 00:00:04.921049,0.12328491474016866,40,0.1,248,100,0.0003389241058008617,520,0.00046301686137310876,1,2,adam,"{'neurons_per_layer_encoder': [248, 496], 'neurons_per_layer_decoder': [496]}",248,[496],"[248, 496]",[0.34807427150464554],0.8193566793317094,COMPLETE
591,0.10299687150452441,2025-01-09 22:38:38.663704,2025-01-09 22:38:41.089475,0 days 00:00:02.425771,0.05912812364847002,40,0.1,64,100,1.1422285651336533e-05,280,0.0005535126936567982,1,2,adam,"{'neurons_per_layer_encoder': [64, 128], 'neurons_per_layer_decoder': [128]}",64,[128],"[64, 128]",[0.10299687150452441],-1.4122625078731472,COMPLETE
592,0.747425158819761,2025-01-09 22:38:38.708549,2025-01-09 22:38:42.256576,0 days 00:00:03.548027,0.058592441301468,32,0.1,48,100,0.00034175367661098076,216,0.0005012619151621434,1,2,adam,"{'neurons_per_layer_encoder': [48, 96], 'neurons_per_layer_decoder': [96]}",48,[96],"[48, 96]",[0.747425158819761],0.8383042645369142,COMPLETE
593,0.006564782359865573,2025-01-09 22:38:40.436903,2025-01-09 22:38:43.486737,0 days 00:00:03.049834,0.06478417544387634,32,0.1,12,100,0.00029129050077835437,42,0.0004879477014315988,1,2,adam,"{'neurons_per_layer_encoder': [12, 24], 'neurons_per_layer_decoder': [24]}",12,[24],"[12, 24]",[0.006564782359865573],-0.2681420066098949,COMPLETE
594,-0.10885721009400395,2025-01-09 22:38:41.098264,2025-01-09 22:38:45.466989,0 days 00:00:04.368725,0.0666065801409224,32,0.1,12,100,0.00036578439818971115,296,0.00043292918347288204,1,5,adam,"{'neurons_per_layer_encoder': [12, 24, 48, 96, 192], 'neurons_per_layer_decoder': [192]}",12,[192],"[12, 24, 48, 96, 192]",[-0.10885721009400395],0.727570571428348,COMPLETE
595,0.7919790744626534,2025-01-09 22:38:41.420112,2025-01-09 22:38:44.724215,0 days 00:00:03.304103,0.0649903447567049,32,0.1,48,100,0.000329319021537138,152,0.00048503878018455165,1,2,adam,"{'neurons_per_layer_encoder': [48, 96], 'neurons_per_layer_decoder': [96]}",48,[96],"[48, 96]",[0.7919790744626534],0.859127656495985,COMPLETE
596,0.5907172312894385,2025-01-09 22:38:42.265695,2025-01-09 22:38:45.503465,0 days 00:00:03.237770,0.055347268725378825,32,0.1,68,100,0.00034230745813259206,272,0.0004952785482119131,1,2,adam,"{'neurons_per_layer_encoder': [68, 136], 'neurons_per_layer_decoder': [136]}",68,[136],"[68, 136]",[0.5907172312894385],0.8042208401140497,COMPLETE
597,0.45067327128038615,2025-01-09 22:38:43.495982,2025-01-09 22:38:47.082920,0 days 00:00:03.586938,0.05477901873575589,32,0.1,100,100,0.00030848977121507667,432,0.0006378966072411132,1,2,adam,"{'neurons_per_layer_encoder': [100, 200], 'neurons_per_layer_decoder': [200]}",100,[200],"[100, 200]",[0.45067327128038615],0.7304345737498196,COMPLETE
598,0.04031936973809502,2025-01-09 22:38:43.600961,2025-01-09 22:38:46.540031,0 days 00:00:02.939070,0.056072547120415143,112,0.1,68,100,0.00028411945403427073,272,0.0005033870375328333,1,2,adam,"{'neurons_per_layer_encoder': [68, 136], 'neurons_per_layer_decoder': [136]}",68,[136],"[68, 136]",[0.04031936973809502],0.4810976166927077,COMPLETE
599,0.5198231132662119,2025-01-09 22:38:44.734187,2025-01-09 22:38:48.021402,0 days 00:00:03.287215,0.06475673792513385,32,0.1,68,100,0.0003055940227563018,272,0.0006251620793187139,1,2,adam,"{'neurons_per_layer_encoder': [68, 136], 'neurons_per_layer_decoder': [136]}",68,[136],"[68, 136]",[0.5198231132662119],0.729506513388422,COMPLETE
600,0.5206106240522079,2025-01-09 22:38:45.476771,2025-01-09 22:38:48.550231,0 days 00:00:03.073460,0.06416554278357323,32,0.1,48,100,0.0003151977453182131,200,0.0006303588325048383,1,2,adam,"{'neurons_per_layer_encoder': [48, 96], 'neurons_per_layer_decoder': [96]}",48,[96],"[48, 96]",[0.5206106240522079],0.6703990806273633,COMPLETE
601,0.7172638740520092,2025-01-09 22:38:45.515788,2025-01-09 22:38:48.756041,0 days 00:00:03.240253,0.06923148420347214,32,0.1,36,100,0.0003563396207373217,159,0.0006660903915214903,1,2,adam,"{'neurons_per_layer_encoder': [36, 72], 'neurons_per_layer_decoder': [72]}",36,[72],"[36, 72]",[0.7172638740520092],0.7882337916075418,COMPLETE
602,0.6041963518943114,2025-01-09 22:38:46.548496,2025-01-09 22:38:49.743386,0 days 00:00:03.194890,0.0656633021481797,32,0.1,48,100,0.0003532753698644217,216,0.00064096026184242,1,2,adam,"{'neurons_per_layer_encoder': [48, 96], 'neurons_per_layer_decoder': [96]}",48,[96],"[48, 96]",[0.6041963518943114],0.7500145789744872,COMPLETE
603,0.2739819110675822,2025-01-09 22:38:47.092570,2025-01-09 22:38:50.050371,0 days 00:00:02.957801,0.06445254260662975,48,0.1,48,100,0.000310351481335239,216,0.0006151675582554418,1,2,adam,"{'neurons_per_layer_encoder': [48, 96], 'neurons_per_layer_decoder': [96]}",48,[96],"[48, 96]",[0.2739819110675822],0.4294758691610148,COMPLETE
604,0.00819524867043886,2025-01-09 22:38:48.030118,2025-01-09 22:38:49.742991,0 days 00:00:01.712873,0.06289005053407173,32,0.1,36,100,0.00032330996181392595,159,0.0005349311182813988,1,2,adadelta,"{'neurons_per_layer_encoder': [36, 72], 'neurons_per_layer_decoder': [72]}",36,[72],"[36, 72]",[0.00819524867043886],0.553987089727828,COMPLETE
605,-0.19694861359578786,2025-01-09 22:38:48.559353,2025-01-09 22:38:50.292279,0 days 00:00:01.732926,0.06981048915851687,32,0.1,52,100,0.00026160660598881555,224,0.0005302584231731677,1,2,adadelta,"{'neurons_per_layer_encoder': [52, 104], 'neurons_per_layer_decoder': [104]}",52,[104],"[52, 104]",[-0.19694861359578786],0.6177340723526855,COMPLETE
606,-0.4262156919367981,2025-01-09 22:38:48.764922,2025-01-09 22:38:50.461903,0 days 00:00:01.696981,0.07123329060924213,32,0.1,36,100,0.0002747983289440578,159,0.0007087077251047484,1,2,adadelta,"{'neurons_per_layer_encoder': [36, 72], 'neurons_per_layer_decoder': [72]}",36,[72],"[36, 72]",[-0.4262156919367981],0.4235898856950081,COMPLETE
607,0.24727867002829096,2025-01-09 22:38:49.752959,2025-01-09 22:38:52.804458,0 days 00:00:03.051499,0.06914144952610281,72,0.1,44,100,0.00025789749030068123,192,0.0007579625626611087,1,2,adam,"{'neurons_per_layer_encoder': [44, 88], 'neurons_per_layer_decoder': [88]}",44,[88],"[44, 88]",[0.24727867002829096],0.2982183444677215,COMPLETE
608,0.48978153160217186,2025-01-09 22:38:49.753629,2025-01-09 22:38:52.930317,0 days 00:00:03.176688,0.0729951723815959,32,0.1,36,100,0.0002494964793992044,159,0.0008147801481540505,1,2,adam,"{'neurons_per_layer_encoder': [36, 72], 'neurons_per_layer_decoder': [72]}",36,[72],"[36, 72]",[0.48978153160217186],0.5144894227768387,COMPLETE
609,0.7946078932713136,2025-01-09 22:38:50.059334,2025-01-09 22:38:53.177375,0 days 00:00:03.118041,0.06767874493702639,32,0.1,36,100,0.00024344471054232465,159,0.0007853224739321675,1,2,adam,"{'neurons_per_layer_encoder': [36, 72], 'neurons_per_layer_decoder': [72]}",36,[72],"[36, 72]",[0.7946078932713136],0.7951548894185572,COMPLETE
610,0.7227620709629479,2025-01-09 22:38:50.301510,2025-01-09 22:38:53.438843,0 days 00:00:03.137333,0.06972617743996683,32,0.1,52,100,0.0002658471726309078,240,0.0005402215370765445,1,2,adam,"{'neurons_per_layer_encoder': [52, 104], 'neurons_per_layer_decoder': [104]}",52,[104],"[52, 104]",[0.7227620709629479],0.7989680722444555,COMPLETE
611,0.7578724675464114,2025-01-09 22:38:50.472041,2025-01-09 22:38:53.543623,0 days 00:00:03.071582,0.05884642714201,32,0.1,32,100,0.00035195320229627875,134,0.0007809338493793814,1,2,adam,"{'neurons_per_layer_encoder': [32, 64], 'neurons_per_layer_decoder': [64]}",32,[64],"[32, 64]",[0.7578724675464114],0.8057197812905968,COMPLETE
612,0.2074542372586915,2025-01-09 22:38:52.813086,2025-01-09 22:38:55.655248,0 days 00:00:02.842162,0.07011520357355744,88,0.1,32,100,0.00038307332302720405,134,0.0008036741501521448,1,2,adam,"{'neurons_per_layer_encoder': [32, 64], 'neurons_per_layer_decoder': [64]}",32,[64],"[32, 64]",[0.2074542372586915],0.32338921976880575,COMPLETE
613,0.7126955602769595,2025-01-09 22:38:52.938751,2025-01-09 22:38:55.904196,0 days 00:00:02.965445,0.05873934677581764,32,0.1,24,100,0.0003937319309211834,84,0.0005455419030758461,1,2,adam,"{'neurons_per_layer_encoder': [24, 48], 'neurons_per_layer_decoder': [48]}",24,[48],"[24, 48]",[0.7126955602769595],0.758490553081417,COMPLETE
614,0.5253842702759298,2025-01-09 22:38:53.185980,2025-01-09 22:38:56.157295,0 days 00:00:02.971315,0.06969614215602114,32,0.1,40,100,0.00038036384693662044,152,0.0008564713270356446,1,2,adam,"{'neurons_per_layer_encoder': [40, 80], 'neurons_per_layer_decoder': [80]}",40,[80],"[40, 80]",[0.5253842702759298],0.6272611480933059,COMPLETE
615,0.5542882667175689,2025-01-09 22:38:53.447386,2025-01-09 22:38:56.390373,0 days 00:00:02.942987,0.07137250249689205,32,0.1,40,100,0.000387012706979188,152,0.0008287511630062307,1,2,adam,"{'neurons_per_layer_encoder': [40, 80], 'neurons_per_layer_decoder': [80]}",40,[80],"[40, 80]",[0.5542882667175689],0.6577608113824253,COMPLETE
616,0.1972763145319667,2025-01-09 22:38:53.551454,2025-01-09 22:38:56.296171,0 days 00:00:02.744717,0.06771635074558503,88,0.1,24,100,0.0002902769418728535,100,0.0007122667003312211,1,2,adam,"{'neurons_per_layer_encoder': [24, 48], 'neurons_per_layer_decoder': [48]}",24,[48],"[24, 48]",[0.1972763145319667],0.03041009582590752,COMPLETE
