number,value,datetime_start,datetime_complete,duration,params_alpha,params_batch_size,params_drop_out_rate,params_encoder_neurons_layer_1,params_epochs,params_lambda,params_latent_dim,params_learning_rate,params_num_layers_decoder,params_num_layers_encoder,params_optimizer,user_attrs_encoder_decoder_config,user_attrs_first_layer_neurons,user_attrs_neurons_per_layer_decoder,user_attrs_neurons_per_layer_encoder,user_attrs_r2_feature_1,user_attrs_relative_deterioration,state
115,0.5005519047915279,2025-01-09 21:59:51.293089,2025-01-09 21:59:54.662963,0 days 00:00:03.369874,0.16004635882045762,40,0.1,164,100,0.00024508445606815315,204,0.0006580210536448642,1,1,adam,"{'neurons_per_layer_encoder': [164], 'neurons_per_layer_decoder': [164]}",164,[164],[164],[0.5005519047915279],0.4860716757361291,COMPLETE
116,0.2918331235577746,2025-01-09 21:59:54.483189,2025-01-09 21:59:56.909442,0 days 00:00:02.426253,0.15837128635605546,40,0.1,64,100,0.00025161512376939145,134,0.0006352999232942698,1,1,adam,"{'neurons_per_layer_encoder': [64], 'neurons_per_layer_decoder': [64]}",64,[64],[64],[0.2918331235577746],-0.03920716667333608,COMPLETE
117,0.3099348212804428,2025-01-09 21:59:54.670758,2025-01-09 21:59:57.050674,0 days 00:00:02.379916,0.14997021150035356,40,0.1,40,100,0.0002483312047131943,76,0.0004192792549685275,1,1,adam,"{'neurons_per_layer_encoder': [40], 'neurons_per_layer_decoder': [40]}",40,[40],[40],[0.3099348212804428],-0.11773527119947705,COMPLETE
118,0.5644735686123457,2025-01-09 21:59:54.794115,2025-01-09 21:59:57.286846,0 days 00:00:02.492731,0.04276247811206874,40,0.1,168,100,0.00014679588964254636,208,0.0006861995220774957,1,1,adam,"{'neurons_per_layer_encoder': [168], 'neurons_per_layer_decoder': [168]}",168,[168],[168],[0.5644735686123457],0.3970264440274605,COMPLETE
119,0.5287477477052964,2025-01-09 21:59:56.917321,2025-01-09 21:59:59.809106,0 days 00:00:02.891785,0.1495054558677494,40,0.1,164,100,0.00015630234333978386,204,0.0003990424057216458,2,1,adam,"{'neurons_per_layer_encoder': [164], 'neurons_per_layer_decoder': [164, 82]}",164,"[164, 82]",[164],[0.5287477477052964],0.594970667739423,COMPLETE
120,0.4506345204901998,2025-01-09 21:59:57.058597,2025-01-09 22:00:00.008264,0 days 00:00:02.949667,0.0626732306064047,40,0.1,148,100,0.0002919968320146114,188,0.0005865525034473995,2,1,adam,"{'neurons_per_layer_encoder': [148], 'neurons_per_layer_decoder': [148, 74]}",148,"[148, 74]",[148],[0.4506345204901998],0.6381750466397235,COMPLETE
121,0.4688410498648493,2025-01-09 21:59:57.294148,2025-01-09 22:00:00.502150,0 days 00:00:03.208002,0.06341424401397026,40,0.1,160,100,0.00011503889777448578,200,0.0005465864680744075,2,1,adam,"{'neurons_per_layer_encoder': [160], 'neurons_per_layer_decoder': [160, 80]}",160,"[160, 80]",[160],[0.4688410498648493],0.40121464335716156,COMPLETE
122,-0.28567780301759793,2025-01-09 21:59:59.816923,2025-01-09 22:00:00.861687,0 days 00:00:01.044764,0.13599908401845365,40,0.1,172,100,0.00015316959344723735,212,0.0009184295763877557,2,1,sgd,"{'neurons_per_layer_encoder': [172], 'neurons_per_layer_decoder': [172, 86]}",172,"[172, 86]",[172],[-0.28567780301759793],0.5165974405859478,COMPLETE
123,0.2963688669412463,2025-01-09 22:28:57.713796,2025-01-09 22:29:00.691696,0 days 00:00:02.977900,0.1703431426505352,48,0.1,164,100,0.00013603415881057682,220,0.00026925450142564517,1,1,adam,"{'neurons_per_layer_encoder': [164], 'neurons_per_layer_decoder': [164]}",164,[164],[164],[0.2963688669412463],0.09726124718270933,COMPLETE
124,0.2655814966700647,2025-01-09 22:28:57.716016,2025-01-09 22:29:00.684331,0 days 00:00:02.968315,0.042655246295761604,48,0.1,160,100,9.373432819029503e-05,200,0.0003910904236981607,1,1,adam,"{'neurons_per_layer_encoder': [160], 'neurons_per_layer_decoder': [160]}",160,[160],[160],[0.2655814966700647],-0.28379813460180264,COMPLETE
125,0.27803984827251405,2025-01-09 22:28:57.717883,2025-01-09 22:29:00.610102,0 days 00:00:02.892219,0.17177676446876083,48,0.1,160,100,8.807221621118011e-05,200,0.000266267320097816,1,1,adam,"{'neurons_per_layer_encoder': [160], 'neurons_per_layer_decoder': [160]}",160,[160],[160],[0.27803984827251405],-0.21409814135676533,COMPLETE
126,0.18755018676015212,2025-01-09 22:28:57.718289,2025-01-09 22:29:00.705624,0 days 00:00:02.987335,0.04218697199946312,48,0.1,160,100,0.00013175853266734659,200,0.0012153112850843784,1,1,adam,"{'neurons_per_layer_encoder': [160], 'neurons_per_layer_decoder': [160]}",160,[160],[160],[0.18755018676015212],-0.5947415943034644,COMPLETE
127,0.24656114348747815,2025-01-09 22:28:57.718372,2025-01-09 22:29:00.704835,0 days 00:00:02.986463,0.1707764409650907,48,0.1,160,100,9.019105926247339e-05,200,0.000731713779096562,1,1,adam,"{'neurons_per_layer_encoder': [160], 'neurons_per_layer_decoder': [160]}",160,[160],[160],[0.24656114348747815],-0.4312446886035682,COMPLETE
128,0.3159648934944349,2025-01-09 22:29:00.622790,2025-01-09 22:29:03.596494,0 days 00:00:02.973704,0.042737180550458304,40,0.1,164,100,0.00014184161659504385,220,0.0007338316542484868,1,1,adam,"{'neurons_per_layer_encoder': [164], 'neurons_per_layer_decoder': [164]}",164,[164],[164],[0.3159648934944349],0.027852487697991153,COMPLETE
129,0.5104457570318239,2025-01-09 22:29:00.705257,2025-01-09 22:29:03.619049,0 days 00:00:02.913792,0.05769228997137496,40,0.1,152,100,0.00017553776158682182,176,0.0011667280197837585,1,1,adam,"{'neurons_per_layer_encoder': [152], 'neurons_per_layer_decoder': [152]}",152,[152],[152],[0.5104457570318239],0.11195772930287658,COMPLETE
130,0.35867141837168837,2025-01-09 22:29:00.707439,2025-01-09 22:29:03.582348,0 days 00:00:02.874909,0.12574204461961047,40,0.1,108,100,0.00022313909018731938,228,0.0012491318486999132,1,1,adam,"{'neurons_per_layer_encoder': [108], 'neurons_per_layer_decoder': [108]}",108,[108],[108],[0.35867141837168837],-0.017482878973741397,COMPLETE
131,0.4197847088791521,2025-01-09 22:29:00.718685,2025-01-09 22:29:03.684916,0 days 00:00:02.966231,0.057849977790510106,40,0.1,152,100,0.00015911177990919135,176,0.00021677268167505462,1,1,adam,"{'neurons_per_layer_encoder': [152], 'neurons_per_layer_decoder': [152]}",152,[152],[152],[0.4197847088791521],0.302765519476051,COMPLETE
132,0.21716724400668375,2025-01-09 22:29:00.750100,2025-01-09 22:29:03.537107,0 days 00:00:02.787007,0.07395983211616011,128,0.1,112,100,0.00017645260699539672,232,0.00022160566066679868,1,1,adam,"{'neurons_per_layer_encoder': [112], 'neurons_per_layer_decoder': [112]}",112,[112],[112],[0.21716724400668375],0.2750048497065005,COMPLETE
133,0.32258769245395746,2025-01-09 22:29:03.545813,2025-01-09 22:29:09.483465,0 days 00:00:05.937652,0.05963507995801072,40,0.1,148,100,5.6344678639601154e-05,616,0.0008240468006042979,1,3,adam,"{'neurons_per_layer_encoder': [148, 296, 592], 'neurons_per_layer_decoder': [592]}",148,[592],"[148, 296, 592]",[0.32258769245395746],0.5322989774348097,COMPLETE
134,-0.06580885394951252,2025-01-09 22:29:03.606714,2025-01-09 22:29:06.722613,0 days 00:00:03.115899,0.05786923005168531,40,0.1,152,100,4.899819700944234e-05,632,0.00046252548194352955,1,3,adam,"{'neurons_per_layer_encoder': [152, 304, 608], 'neurons_per_layer_decoder': [608]}",152,[608],"[152, 304, 608]",[-0.06580885394951252],0.3665618259987219,COMPLETE
135,0.311965364500587,2025-01-09 22:29:03.609957,2025-01-09 22:29:08.526709,0 days 00:00:04.916752,0.048854215493656025,40,0.1,88,100,7.332921577614205e-05,376,0.0004767650606877053,1,3,adam,"{'neurons_per_layer_encoder': [88, 176, 352], 'neurons_per_layer_decoder': [352]}",88,[352],"[88, 176, 352]",[0.311965364500587],0.49252663142309316,COMPLETE
136,0.3133297876189267,2025-01-09 22:29:03.695271,2025-01-09 22:29:07.153431,0 days 00:00:03.458160,0.05714258004607804,40,0.1,172,100,0.00035168371679154456,212,0.0009905354393073308,1,1,adam,"{'neurons_per_layer_encoder': [172], 'neurons_per_layer_decoder': [172]}",172,[172],[172],[0.3133297876189267],0.254595912027102,COMPLETE
137,0.3535906678531121,2025-01-09 22:29:03.638410,2025-01-09 22:29:07.175503,0 days 00:00:03.537093,0.058034279334849406,40,0.1,180,100,0.0002759358311497523,204,0.0008427533128187113,1,1,adam,"{'neurons_per_layer_encoder': [180], 'neurons_per_layer_decoder': [180]}",180,[180],[180],[0.3535906678531121],0.3047156682924396,COMPLETE
138,0.5123560588713603,2025-01-09 22:29:06.731487,2025-01-09 22:29:09.835791,0 days 00:00:03.104304,0.048266079754387785,32,0.1,180,100,0.0002753698229587933,204,0.001998661180779854,1,1,adam,"{'neurons_per_layer_encoder': [180], 'neurons_per_layer_decoder': [180]}",180,[180],[180],[0.5123560588713603],0.13320318644375412,COMPLETE
139,0.4352201148537247,2025-01-09 22:29:07.162060,2025-01-09 22:29:10.247366,0 days 00:00:03.085306,0.1500743736599562,32,0.1,184,100,0.00027615247725107004,208,0.0023004053288426356,1,1,adam,"{'neurons_per_layer_encoder': [184], 'neurons_per_layer_decoder': [184]}",184,[184],[184],[0.4352201148537247],0.02316863739925913,COMPLETE
140,-0.1080279494058154,2025-01-09 22:29:07.199580,2025-01-09 22:29:08.711057,0 days 00:00:01.511477,0.04600494113222474,32,0.1,48,100,7.789711842181202e-05,100,0.0018170732057913894,1,1,adadelta,"{'neurons_per_layer_encoder': [48], 'neurons_per_layer_decoder': [48]}",48,[48],[48],[-0.1080279494058154],0.29964608858202163,COMPLETE
141,0.3260926560086256,2025-01-09 22:29:08.535892,2025-01-09 22:29:11.220800,0 days 00:00:02.684908,0.05192211102463253,32,0.1,48,100,0.00021717605816997285,100,0.00031569301778497225,1,1,adam,"{'neurons_per_layer_encoder': [48], 'neurons_per_layer_decoder': [48]}",48,[48],[48],[0.3260926560086256],0.02994928430540268,COMPLETE
142,0.5027942669788004,2025-01-09 22:29:08.719973,2025-01-09 22:29:11.600850,0 days 00:00:02.880877,0.05171360993765919,32,0.1,140,100,0.00021633211296322513,164,0.00017695758482781228,1,1,adam,"{'neurons_per_layer_encoder': [140], 'neurons_per_layer_decoder': [140]}",140,[140],[140],[0.5027942669788004],0.5412286281985654,COMPLETE
143,0.6603083034839496,2025-01-09 22:29:09.493085,2025-01-09 22:29:12.647058,0 days 00:00:03.153973,0.18272963194233346,32,0.1,184,100,0.00021941073214284157,240,0.00016662916090032085,1,1,adam,"{'neurons_per_layer_encoder': [184], 'neurons_per_layer_decoder': [184]}",184,[184],[184],[0.6603083034839496],0.7377532814059324,COMPLETE
144,0.21480764998681268,2025-01-09 22:29:09.845920,2025-01-09 22:29:12.242806,0 days 00:00:02.396886,0.05159238439667699,32,0.1,68,100,0.00021712068092577224,154,0.0015320623566423919,1,1,sgd,"{'neurons_per_layer_encoder': [68], 'neurons_per_layer_decoder': [68]}",68,[68],[68],[0.21480764998681268],0.40450622383798823,COMPLETE
145,-0.06078549714587056,2025-01-09 22:29:10.256486,2025-01-09 22:29:12.109102,0 days 00:00:01.852616,0.049264525474003056,72,0.1,64,100,0.00021479427149596802,134,3.57466695047506e-05,2,1,adam,"{'neurons_per_layer_encoder': [64], 'neurons_per_layer_decoder': [64, 32]}",64,"[64, 32]",[64],[-0.06078549714587056],0.362640716593182,COMPLETE
146,0.36855421611040917,2025-01-09 22:29:11.229529,2025-01-09 22:29:14.539659,0 days 00:00:03.310130,0.04903341274796217,32,0.1,172,100,0.00037482130631546844,356,0.00038730472121966915,1,1,adam,"{'neurons_per_layer_encoder': [172], 'neurons_per_layer_decoder': [172]}",172,[172],[172],[0.36855421611040917],0.6391087678164851,COMPLETE
147,0.33857554794582245,2025-01-09 22:29:11.609895,2025-01-09 22:29:14.709744,0 days 00:00:03.099849,0.04742071021817813,32,0.1,140,100,0.00018970324808869607,164,0.0037929169591794415,1,1,adam,"{'neurons_per_layer_encoder': [140], 'neurons_per_layer_decoder': [140]}",140,[140],[140],[0.33857554794582245],-0.5230440244663718,COMPLETE
148,0.6688654040672287,2025-01-09 22:29:12.117497,2025-01-09 22:29:15.007182,0 days 00:00:02.889685,0.04666120928313606,32,0.1,128,100,0.00017522959715141713,168,0.0014799632350852268,1,1,adam,"{'neurons_per_layer_encoder': [128], 'neurons_per_layer_decoder': [128]}",128,[128],[128],[0.6688654040672287],0.48473765433321475,COMPLETE
149,0.5416828227678483,2025-01-09 22:29:12.252407,2025-01-09 22:29:15.224016,0 days 00:00:02.971609,0.06945966039047907,32,0.1,128,100,0.00018603251701007148,168,0.0038672239379296427,1,1,adam,"{'neurons_per_layer_encoder': [128], 'neurons_per_layer_decoder': [128]}",128,[128],[128],[0.5416828227678483],-0.1372623108457817,COMPLETE
150,0.6861223613617196,2025-01-09 22:29:12.657537,2025-01-09 22:29:15.589445,0 days 00:00:02.931908,0.04502860420254737,32,0.1,136,100,0.0001108561610840262,176,0.00016866029663778847,1,1,adam,"{'neurons_per_layer_encoder': [136], 'neurons_per_layer_decoder': [136]}",136,[136],[136],[0.6861223613617196],0.5697977353715554,COMPLETE
151,-0.002620377659482198,2025-01-09 22:29:14.549412,2025-01-09 22:29:16.026213,0 days 00:00:01.476801,0.18351222900395986,32,0.1,152,100,0.00017504254191250834,176,0.00016727885746568838,1,1,adam,"{'neurons_per_layer_encoder': [152], 'neurons_per_layer_decoder': [152]}",152,[152],[152],[-0.002620377659482198],0.09874623806430471,COMPLETE
152,0.5246415804438322,2025-01-09 22:29:14.718292,2025-01-09 22:29:17.484677,0 days 00:00:02.766385,0.04491110595431942,32,0.1,124,100,0.0001675735338194613,180,0.0001810718025968069,1,1,adam,"{'neurons_per_layer_encoder': [124], 'neurons_per_layer_decoder': [124]}",124,[124],[124],[0.5246415804438322],0.47298899453811605,COMPLETE
153,-0.029324474131173783,2025-01-09 22:29:15.015837,2025-01-09 22:29:16.531894,0 days 00:00:01.516057,0.05504743961536947,32,0.1,140,100,0.0001628125572587897,180,0.0001734098508456891,1,1,adam,"{'neurons_per_layer_encoder': [140], 'neurons_per_layer_decoder': [140]}",140,[140],[140],[-0.029324474131173783],-0.06445636433858976,COMPLETE
154,0.4696677647724423,2025-01-09 22:29:15.232030,2025-01-09 22:29:18.004912,0 days 00:00:02.772882,0.0387489494147199,32,0.1,128,100,0.00016845151706695836,184,0.006851158716088179,1,1,adam,"{'neurons_per_layer_encoder': [128], 'neurons_per_layer_decoder': [128]}",128,[128],[128],[0.4696677647724423],-0.4109189168210729,COMPLETE
155,0.47330033821277495,2025-01-09 22:29:15.597703,2025-01-09 22:29:18.340615,0 days 00:00:02.742912,0.04407777541281266,32,0.1,120,100,0.00016730351106840718,176,0.003448694838232691,1,1,adam,"{'neurons_per_layer_encoder': [120], 'neurons_per_layer_decoder': [120]}",120,[120],[120],[0.47330033821277495],-0.14890133351146437,COMPLETE
156,0.3610980547813014,2025-01-09 22:29:16.033984,2025-01-09 22:29:18.793175,0 days 00:00:02.759191,0.06693192134917202,32,0.1,124,100,0.00012283182296264863,180,0.006243883210476424,1,1,adam,"{'neurons_per_layer_encoder': [124], 'neurons_per_layer_decoder': [124]}",124,[124],[124],[0.3610980547813014],-0.7316372098870517,COMPLETE
157,0.49573279534898695,2025-01-09 22:29:16.540246,2025-01-09 22:29:19.279985,0 days 00:00:02.739739,0.012076503760132399,32,0.1,56,100,0.00012412664628926905,109,0.006894897188777614,1,1,adam,"{'neurons_per_layer_encoder': [56], 'neurons_per_layer_decoder': [56]}",56,[56],[56],[0.49573279534898695],-0.673984904899396,COMPLETE
158,0.227177712902918,2025-01-09 22:29:17.493957,2025-01-09 22:29:20.315943,0 days 00:00:02.821986,0.04458366688141172,32,0.1,124,100,0.00012692084124127292,164,0.006640477819901052,1,1,adam,"{'neurons_per_layer_encoder': [124], 'neurons_per_layer_decoder': [124]}",124,[124],[124],[0.227177712902918],-1.0358477440691316,COMPLETE
159,0.4651112915103526,2025-01-09 22:29:18.013301,2025-01-09 22:29:20.824842,0 days 00:00:02.811541,0.04353104869453098,32,0.1,128,100,0.00011146039135843518,168,0.0018554021001271543,1,1,adam,"{'neurons_per_layer_encoder': [128], 'neurons_per_layer_decoder': [128]}",128,[128],[128],[0.4651112915103526],-0.21142180366164454,COMPLETE
160,0.5047106294074026,2025-01-09 22:29:18.350053,2025-01-09 22:29:21.160185,0 days 00:00:02.810132,0.012017623304520095,32,0.1,132,100,0.00012336624564535792,172,0.0023674218981395833,1,1,adam,"{'neurons_per_layer_encoder': [132], 'neurons_per_layer_decoder': [132]}",132,[132],[132],[0.5047106294074026],-0.06544636959315753,COMPLETE
161,0.5347633254281037,2025-01-09 22:29:18.801572,2025-01-09 22:29:21.543125,0 days 00:00:02.741553,0.04421358141597505,32,0.1,132,100,0.00011261672100073541,156,0.00217785580819964,1,1,adam,"{'neurons_per_layer_encoder': [132], 'neurons_per_layer_decoder': [132]}",132,[132],[132],[0.5347633254281037],0.08555729759549902,COMPLETE
162,0.48356701276716463,2025-01-09 22:29:19.289265,2025-01-09 22:29:22.106846,0 days 00:00:02.817581,0.03790847200417142,32,0.1,128,100,0.00011350764198260203,152,0.0020196285778985956,1,1,adam,"{'neurons_per_layer_encoder': [128], 'neurons_per_layer_decoder': [128]}",128,[128],[128],[0.48356701276716463],-0.1277914641994889,COMPLETE
163,0.5075765375146348,2025-01-09 22:29:20.324533,2025-01-09 22:29:23.120086,0 days 00:00:02.795553,0.0329447885959184,40,0.1,132,100,0.00010153548764463708,156,0.0018221360338099852,1,1,adam,"{'neurons_per_layer_encoder': [132], 'neurons_per_layer_decoder': [132]}",132,[132],[132],[0.5075765375146348],-0.28405589310844326,COMPLETE
164,-0.016945010686344908,2025-01-09 22:29:20.833111,2025-01-09 22:29:22.402663,0 days 00:00:01.569552,0.03806815627199635,40,0.1,136,100,0.00014722266092449877,240,0.0010882381535840544,1,1,adam,"{'neurons_per_layer_encoder': [136], 'neurons_per_layer_decoder': [136]}",136,[136],[136],[-0.016945010686344908],-0.2506298262477666,COMPLETE
165,-0.08099738535580348,2025-01-09 22:29:21.169471,2025-01-09 22:29:22.770026,0 days 00:00:01.600555,0.046787421036229404,40,0.1,40,100,0.00010221465885906094,60,0.00019658477573627453,1,1,adadelta,"{'neurons_per_layer_encoder': [40], 'neurons_per_layer_decoder': [40]}",40,[40],[40],[-0.08099738535580348],0.2320865361454391,COMPLETE
166,0.5830363704537019,2025-01-09 22:29:21.550940,2025-01-09 22:29:24.231788,0 days 00:00:02.680848,0.037629983734401164,40,0.1,92,100,0.00010170110343430114,148,0.0019949340781473452,1,1,adam,"{'neurons_per_layer_encoder': [92], 'neurons_per_layer_decoder': [92]}",92,[92],[92],[0.5830363704537019],-0.15740382054649893,COMPLETE
167,0.45808138748876503,2025-01-09 22:29:22.115724,2025-01-09 22:29:24.892941,0 days 00:00:02.777217,0.03210630958731962,40,0.1,136,100,0.00015116390894261004,240,0.0030857781654653293,1,1,adam,"{'neurons_per_layer_encoder': [136], 'neurons_per_layer_decoder': [136]}",136,[136],[136],[0.45808138748876503],-0.7239288682492,COMPLETE
168,0.3955410696643601,2025-01-09 22:29:22.412129,2025-01-09 22:29:25.074440,0 days 00:00:02.662311,0.04649660045972625,40,0.1,116,100,0.00014667926034869918,156,0.0032790633244955056,1,1,adam,"{'neurons_per_layer_encoder': [116], 'neurons_per_layer_decoder': [116]}",116,[116],[116],[0.3955410696643601],-1.1348899410735078,COMPLETE
169,0.5006771551074969,2025-01-09 22:29:22.778765,2025-01-09 22:29:25.484019,0 days 00:00:02.705254,0.05526890949183553,40,0.1,120,100,0.00014187564109941178,160,0.00155835113846691,1,1,adam,"{'neurons_per_layer_encoder': [120], 'neurons_per_layer_decoder': [120]}",120,[120],[120],[0.5006771551074969],-0.09476416026821817,COMPLETE
170,0.3945774916758661,2025-01-09 22:29:23.129002,2025-01-09 22:29:25.808034,0 days 00:00:02.679032,0.07116172588558095,32,0.1,92,100,0.0002916452454930241,164,0.0032006551844858218,1,1,adam,"{'neurons_per_layer_encoder': [92], 'neurons_per_layer_decoder': [92]}",92,[92],[92],[0.3945774916758661],-0.30677319722725793,COMPLETE
171,0.386262508015778,2025-01-09 22:29:24.241082,2025-01-09 22:29:26.958323,0 days 00:00:02.717241,0.04034324160425603,32,0.1,108,100,0.00014938532183490875,164,0.0028337625994708047,1,1,adam,"{'neurons_per_layer_encoder': [108], 'neurons_per_layer_decoder': [108]}",108,[108],[108],[0.386262508015778],-0.3032796123411695,COMPLETE
172,0.20207151653686894,2025-01-09 22:29:24.900525,2025-01-09 22:29:27.798190,0 days 00:00:02.897665,0.028534918951253256,32,0.1,88,100,0.00029384529053906486,144,0.0026782908011026996,1,1,adam,"{'neurons_per_layer_encoder': [88], 'neurons_per_layer_decoder': [88]}",88,[88],[88],[0.20207151653686894],-0.6851750680428876,COMPLETE
173,0.4367791729125292,2025-01-09 22:29:25.083009,2025-01-09 22:29:27.786592,0 days 00:00:02.703583,0.030615325232272228,32,0.1,72,100,0.0002953038401512749,143,0.0025806226175062643,1,1,adam,"{'neurons_per_layer_encoder': [72], 'neurons_per_layer_decoder': [72]}",72,[72],[72],[0.4367791729125292],-0.11655834243839674,COMPLETE
174,0.5276204399984653,2025-01-09 22:29:25.492905,2025-01-09 22:29:28.256493,0 days 00:00:02.763588,0.028014553793953192,32,0.1,104,100,0.0002708658358659134,176,0.00445788529535448,1,1,adam,"{'neurons_per_layer_encoder': [104], 'neurons_per_layer_decoder': [104]}",104,[104],[104],[0.5276204399984653],-0.34567280314145576,COMPLETE
175,0.1420932937075593,2025-01-09 22:29:25.816212,2025-01-09 22:29:28.087689,0 days 00:00:02.271477,0.04193677860888,32,0.1,104,100,7.815736107501325e-05,144,0.0021914667147473737,1,1,sgd,"{'neurons_per_layer_encoder': [104], 'neurons_per_layer_decoder': [104]}",104,[104],[104],[0.1420932937075593],0.0769507167649981,COMPLETE
176,0.4450095927613045,2025-01-09 22:29:26.966793,2025-01-09 22:29:29.927053,0 days 00:00:02.960260,0.04117654145373479,32,0.1,168,100,0.0001832840731208215,192,0.004570366707190024,1,1,adam,"{'neurons_per_layer_encoder': [168], 'neurons_per_layer_decoder': [168]}",168,[168],[168],[0.4450095927613045],-0.42116038879499995,COMPLETE
177,0.3052406223958316,2025-01-09 22:29:27.795963,2025-01-09 22:29:30.707427,0 days 00:00:02.911464,0.02574251860634304,32,0.1,104,100,0.00019148676465997872,176,0.0042070072965438255,1,1,adam,"{'neurons_per_layer_encoder': [104], 'neurons_per_layer_decoder': [104]}",104,[104],[104],[0.3052406223958316],-0.9182422839005028,COMPLETE
178,0.4694845583035816,2025-01-09 22:29:27.808809,2025-01-09 22:29:30.627741,0 days 00:00:02.818932,0.03498779483956685,40,0.1,172,100,0.00017635476660325992,196,0.0013604228159597516,1,1,adam,"{'neurons_per_layer_encoder': [172], 'neurons_per_layer_decoder': [172]}",172,[172],[172],[0.4694845583035816],0.12532781636941334,COMPLETE
