number,value,datetime_start,datetime_complete,duration,params_alpha,params_batch_size,params_drop_out_rate,params_encoder_neurons_layer_1,params_epochs,params_lambda,params_latent_dim,params_learning_rate,params_num_layers_decoder,params_num_layers_encoder,params_optimizer,user_attrs_encoder_decoder_config,user_attrs_first_layer_neurons,user_attrs_neurons_per_layer_decoder,user_attrs_neurons_per_layer_encoder,user_attrs_r2_feature_1,user_attrs_relative_deterioration,state
306,0.4552477844381878,2025-01-09 22:33:15.633244,2025-01-09 22:33:18.824078,0 days 00:00:03.190834,0.04234369136580906,32,0.1,200,100,0.00035185379419624236,368,8.195830246111703e-05,1,1,adam,"{'neurons_per_layer_encoder': [200], 'neurons_per_layer_decoder': [200]}",200,[200],[200],[0.4552477844381878],0.7754841282843775,COMPLETE
307,0.5149000408870761,2025-01-09 22:33:16.234540,2025-01-09 22:33:19.447027,0 days 00:00:03.212487,0.042912181491009865,32,0.1,224,100,0.0006343849116941785,360,0.00010895713825137569,1,1,adam,"{'neurons_per_layer_encoder': [224], 'neurons_per_layer_decoder': [224]}",224,[224],[224],[0.5149000408870761],0.8742267157297334,COMPLETE
308,0.6112014152148564,2025-01-09 22:33:16.623019,2025-01-09 22:33:19.789689,0 days 00:00:03.166670,0.04257324769808259,32,0.1,200,100,0.0006248728602023073,368,8.077994692368715e-05,1,1,adam,"{'neurons_per_layer_encoder': [200], 'neurons_per_layer_decoder': [200]}",200,[200],[200],[0.6112014152148564],0.8973599339299715,COMPLETE
309,0.46159862722876877,2025-01-09 22:33:16.886585,2025-01-09 22:33:20.017837,0 days 00:00:03.131252,0.04291327151685904,32,0.1,200,100,0.0006226454472455361,368,0.00014270947380284982,1,1,adam,"{'neurons_per_layer_encoder': [200], 'neurons_per_layer_decoder': [200]}",200,[200],[200],[0.46159862722876877],0.8415455067140263,COMPLETE
310,0.44680398405009736,2025-01-09 22:33:18.382436,2025-01-09 22:33:21.403018,0 days 00:00:03.020582,0.03827970305008292,32,0.1,200,100,0.0006493993668887889,288,0.00014415286187252906,1,1,adam,"{'neurons_per_layer_encoder': [200], 'neurons_per_layer_decoder': [200]}",200,[200],[200],[0.44680398405009736],0.8298449562405804,COMPLETE
311,0.6864852152433883,2025-01-09 22:33:18.833111,2025-01-09 22:33:22.053251,0 days 00:00:03.220140,0.038143366007889694,32,0.1,204,100,2.8578919706114387e-05,356,0.00014211407296313045,1,1,adam,"{'neurons_per_layer_encoder': [204], 'neurons_per_layer_decoder': [204]}",204,[204],[204],[0.6864852152433883],0.29665013095069803,COMPLETE
312,0.6465978111872857,2025-01-09 22:33:19.455506,2025-01-09 22:33:22.618292,0 days 00:00:03.162786,0.038404990274954566,32,0.1,204,100,0.0005546386488873916,292,0.00014198847799874048,1,1,adam,"{'neurons_per_layer_encoder': [204], 'neurons_per_layer_decoder': [204]}",204,[204],[204],[0.6465978111872857],0.8829776012767944,COMPLETE
313,0.3178985415310811,2025-01-09 22:33:19.797845,2025-01-09 22:33:22.990981,0 days 00:00:03.193136,0.03875306862481305,32,0.4,200,100,0.0005314159935836145,352,0.00014732022047340697,1,1,adam,"{'neurons_per_layer_encoder': [200], 'neurons_per_layer_decoder': [200]}",200,[200],[200],[0.3178985415310811],0.8095632265898307,COMPLETE
314,0.16282695073697206,2025-01-09 22:33:20.025799,2025-01-09 22:33:22.832667,0 days 00:00:02.806868,0.038002431416428645,72,0.1,168,100,0.0005273498352671992,352,0.00014935679334806252,1,1,adam,"{'neurons_per_layer_encoder': [168], 'neurons_per_layer_decoder': [168]}",168,[168],[168],[0.16282695073697206],0.6893015722488491,COMPLETE
315,0.6979128807697808,2025-01-09 22:33:21.411525,2025-01-09 22:33:24.493021,0 days 00:00:03.081496,0.03853408234881311,32,0.4,168,100,0.0005430976290355655,352,0.00017764635667149404,1,1,adam,"{'neurons_per_layer_encoder': [168], 'neurons_per_layer_decoder': [168]}",168,[168],[168],[0.6979128807697808],0.9055353710120692,COMPLETE
316,0.631917829684986,2025-01-09 22:33:22.062197,2025-01-09 22:33:25.056258,0 days 00:00:02.994061,0.038312922512767515,32,0.1,168,100,0.000542385379038757,352,0.00018868486582182642,1,1,adam,"{'neurons_per_layer_encoder': [168], 'neurons_per_layer_decoder': [168]}",168,[168],[168],[0.631917829684986],0.8579124061528667,COMPLETE
317,-0.02949336786225709,2025-01-09 22:33:22.626832,2025-01-09 22:33:24.143748,0 days 00:00:01.516916,0.03764276637770699,32,0.1,172,100,3.330200711659913e-05,356,0.00017083111553987718,1,1,adam,"{'neurons_per_layer_encoder': [172], 'neurons_per_layer_decoder': [172]}",172,[172],[172],[-0.02949336786225709],-0.867306522043167,COMPLETE
318,-0.056637273155149215,2025-01-09 22:33:22.840425,2025-01-09 22:33:24.689066,0 days 00:00:01.848641,0.04013344766002844,32,0.1,208,100,3.378406721949274e-05,360,0.00018676286144519993,1,1,adam,"{'neurons_per_layer_encoder': [208], 'neurons_per_layer_decoder': [208]}",208,[208],[208],[-0.056637273155149215],-1.024541899546822,COMPLETE
319,-0.0026587779875404394,2025-01-09 22:33:23.000180,2025-01-09 22:33:24.708842,0 days 00:00:01.708662,0.04562682152930844,32,0.1,208,100,4.646678524187098e-05,360,0.00017006143835797348,1,1,adam,"{'neurons_per_layer_encoder': [208], 'neurons_per_layer_decoder': [208]}",208,[208],[208],[-0.0026587779875404394],-0.6564254097795719,COMPLETE
320,0.00020572749192748763,2025-01-09 22:33:24.153231,2025-01-09 22:33:25.711061,0 days 00:00:01.557830,0.04549627643281825,80,0.1,208,100,2.638406397584653e-05,344,0.00017800913269999522,1,1,adam,"{'neurons_per_layer_encoder': [208], 'neurons_per_layer_decoder': [208]}",208,[208],[208],[0.00020572749192748763],-0.8187893910695536,COMPLETE
321,0.19719443783458523,2025-01-09 22:33:24.650806,2025-01-09 22:33:27.344666,0 days 00:00:02.693860,0.0463595231115944,80,0.1,172,100,0.0008788910603255485,340,0.00018671926448902515,1,1,adam,"{'neurons_per_layer_encoder': [172], 'neurons_per_layer_decoder': [172]}",172,[172],[172],[0.19719443783458523],0.7815913339662386,COMPLETE
322,-0.03996219132994683,2025-01-09 22:33:24.700799,2025-01-09 22:33:26.449922,0 days 00:00:01.749123,0.04506617618443699,104,0.1,176,100,1.1346813175659732e-06,344,0.00019198224528307433,1,1,adam,"{'neurons_per_layer_encoder': [176], 'neurons_per_layer_decoder': [176]}",176,[176],[176],[-0.03996219132994683],-2.275737968852462,COMPLETE
323,0.36303898255857103,2025-01-09 22:33:24.718398,2025-01-09 22:33:27.846242,0 days 00:00:03.127844,0.04504775201182293,32,0.4,172,100,0.0007434893104385452,340,0.00019229155178826417,1,1,adam,"{'neurons_per_layer_encoder': [172], 'neurons_per_layer_decoder': [172]}",172,[172],[172],[0.36303898255857103],0.8429282277043203,COMPLETE
324,0.04666270508968662,2025-01-09 22:33:25.065037,2025-01-09 22:33:27.915631,0 days 00:00:02.850594,0.04606760029113187,80,0.4,176,100,0.0007654772277339028,344,0.00011337984015455621,1,1,adam,"{'neurons_per_layer_encoder': [176], 'neurons_per_layer_decoder': [176]}",176,[176],[176],[0.04666270508968662],0.7972591436668237,COMPLETE
325,0.507436646291055,2025-01-09 22:33:25.719048,2025-01-09 22:33:28.689200,0 days 00:00:02.970152,0.053136169620007376,32,0.4,172,100,1.0524396544804059e-06,308,0.00011337683886713172,1,1,adam,"{'neurons_per_layer_encoder': [172], 'neurons_per_layer_decoder': [172]}",172,[172],[172],[0.507436646291055],0.41274581699369084,COMPLETE
326,0.5926854316866783,2025-01-09 22:33:26.457936,2025-01-09 22:33:29.590620,0 days 00:00:03.132684,0.05269420416557467,32,0.4,204,100,0.0007705566186524146,340,0.00021402560053665273,1,1,adam,"{'neurons_per_layer_encoder': [204], 'neurons_per_layer_decoder': [204]}",204,[204],[204],[0.5926854316866783],0.905210343526402,COMPLETE
327,-0.07303496785881003,2025-01-09 22:33:27.354171,2025-01-09 22:33:30.496172,0 days 00:00:03.142001,0.0418274115411554,32,0.4,192,100,0.0007367068222826249,360,0.00012114814302871677,1,1,adam,"{'neurons_per_layer_encoder': [192], 'neurons_per_layer_decoder': [192]}",192,[192],[192],[-0.07303496785881003],0.7562815241054875,COMPLETE
328,0.5524902664472318,2025-01-09 22:33:27.854221,2025-01-09 22:33:30.998725,0 days 00:00:03.144504,0.05379075842438991,32,0.1,192,100,2.5983902668153405e-05,360,0.00012117726596487437,1,1,adam,"{'neurons_per_layer_encoder': [192], 'neurons_per_layer_decoder': [192]}",192,[192],[192],[0.5524902664472318],-0.005906013184375498,COMPLETE
329,0.6095461687011795,2025-01-09 22:33:27.928026,2025-01-09 22:33:31.087371,0 days 00:00:03.159345,0.04091942774336328,32,0.1,192,100,2.4716977563930868e-05,424,0.0001185924976836704,1,1,adam,"{'neurons_per_layer_encoder': [192], 'neurons_per_layer_decoder': [192]}",192,[192],[192],[0.6095461687011795],0.06631539716989715,COMPLETE
330,0.44828266214697765,2025-01-09 22:33:28.697487,2025-01-09 22:33:31.689312,0 days 00:00:02.991825,0.04094049929201338,40,0.1,192,100,0.00043311492616670774,424,0.00015142369682157733,1,1,adam,"{'neurons_per_layer_encoder': [192], 'neurons_per_layer_decoder': [192]}",192,[192],[192],[0.44828266214697765],0.7798452941882157,COMPLETE
331,0.04452524962037385,2025-01-09 22:33:29.598762,2025-01-09 22:33:31.457552,0 days 00:00:01.858790,0.04105821059264943,88,0.1,196,100,2.6256752797009927e-05,364,0.00015857951215426765,1,1,adam,"{'neurons_per_layer_encoder': [196], 'neurons_per_layer_decoder': [196]}",196,[196],[196],[0.04452524962037385],-1.3005035705731798,COMPLETE
332,0.4095947167774254,2025-01-09 22:33:30.504695,2025-01-09 22:33:33.618928,0 days 00:00:03.114233,0.020135055301245416,40,0.1,192,100,2.2765221882319863e-05,392,0.00015170943790061706,1,1,adam,"{'neurons_per_layer_encoder': [192], 'neurons_per_layer_decoder': [192]}",192,[192],[192],[0.4095947167774254],-0.520853079152026,COMPLETE
333,-0.007063863862306841,2025-01-09 22:33:31.007390,2025-01-09 22:33:32.586735,0 days 00:00:01.579345,0.01008200208749866,40,0.1,180,100,2.936531898308512e-05,268,0.00015218156319089796,1,1,adam,"{'neurons_per_layer_encoder': [180], 'neurons_per_layer_decoder': [180]}",180,[180],[180],[-0.007063863862306841],-1.2282771165068829,COMPLETE
334,-0.05585139893114888,2025-01-09 22:33:31.096541,2025-01-09 22:33:32.623231,0 days 00:00:01.526690,0.04984429065386394,40,0.1,180,100,2.194821752106363e-05,268,0.00015354582096584098,1,1,adam,"{'neurons_per_layer_encoder': [180], 'neurons_per_layer_decoder': [180]}",180,[180],[180],[-0.05585139893114888],-1.133707731108762,COMPLETE
335,0.24693497085862737,2025-01-09 22:33:31.466496,2025-01-09 22:33:34.331591,0 days 00:00:02.865095,0.02054968661234344,64,0.1,180,100,0.00044995501777923,316,0.00014661132069613818,1,1,adam,"{'neurons_per_layer_encoder': [180], 'neurons_per_layer_decoder': [180]}",180,[180],[180],[0.24693497085862737],0.7065929951559586,COMPLETE
336,0.5235874493366948,2025-01-09 22:33:31.702436,2025-01-09 22:33:34.622205,0 days 00:00:02.919769,0.03635797966702145,40,0.1,180,100,0.0004617284940203807,268,0.0001406692725503469,1,1,adam,"{'neurons_per_layer_encoder': [180], 'neurons_per_layer_decoder': [180]}",180,[180],[180],[0.5235874493366948],0.7968342476322239,COMPLETE
337,0.31864906667146686,2025-01-09 22:33:32.596014,2025-01-09 22:33:36.080122,0 days 00:00:03.484108,0.03618842050037555,32,0.1,220,100,0.0005085267753540497,468,0.00021237084024584968,1,1,adam,"{'neurons_per_layer_encoder': [220], 'neurons_per_layer_decoder': [220]}",220,[220],[220],[0.31864906667146686],0.7665952539429883,COMPLETE
338,0.679071769871649,2025-01-09 22:33:32.636990,2025-01-09 22:33:35.873535,0 days 00:00:03.236545,0.03522224607923665,32,0.1,220,100,1.5560662677668727e-05,388,0.0002121929787393722,1,1,adam,"{'neurons_per_layer_encoder': [220], 'neurons_per_layer_decoder': [220]}",220,[220],[220],[0.679071769871649],0.1379490044972081,COMPLETE
339,0.5377522226605863,2025-01-09 22:33:33.628583,2025-01-09 22:33:37.513497,0 days 00:00:03.884914,0.036077543669916744,32,0.1,220,100,0.00047433975278764786,484,9.407264100071699e-05,1,1,adam,"{'neurons_per_layer_encoder': [220], 'neurons_per_layer_decoder': [220]}",220,[220],[220],[0.5377522226605863],0.859691363939698,COMPLETE
340,0.7147305727532811,2025-01-09 22:33:34.339950,2025-01-09 22:33:37.940214,0 days 00:00:03.600264,0.03585074491869037,32,0.1,164,100,0.000457486132596053,364,0.0002007369471098363,1,1,adam,"{'neurons_per_layer_encoder': [164], 'neurons_per_layer_decoder': [164]}",164,[164],[164],[0.7147305727532811],0.8723767079787571,COMPLETE
341,0.4874011541294022,2025-01-09 22:33:34.630671,2025-01-09 22:33:45.323713,0 days 00:00:10.693042,0.04832208668225288,32,0.1,224,100,0.0005239682225813329,1128,0.00017680855481216282,1,3,adam,"{'neurons_per_layer_encoder': [224, 448, 896], 'neurons_per_layer_decoder': [896]}",224,[896],"[224, 448, 896]",[0.4874011541294022],0.971156399389135,COMPLETE
342,0.12974896356876053,2025-01-09 22:33:35.882297,2025-01-09 22:33:47.771513,0 days 00:00:11.889216,0.03165833614313628,32,0.1,220,100,0.0005049146165622607,1848,0.0001986975766100147,1,3,adam,"{'neurons_per_layer_encoder': [220, 440, 880], 'neurons_per_layer_decoder': [880]}",220,[880],"[220, 440, 880]",[0.12974896356876053],0.9498033791962099,COMPLETE
343,0.1767252179917076,2025-01-09 22:33:36.091782,2025-01-09 22:33:48.710150,0 days 00:00:12.618368,0.0344265803134195,32,0.1,224,100,6.368661638563787e-05,1048,0.00021207202645512975,3,3,adam,"{'neurons_per_layer_encoder': [224, 448, 896], 'neurons_per_layer_decoder': [896, 448, 224]}",224,"[896, 448, 224]","[224, 448, 896]",[0.1767252179917076],0.8106399541719105,COMPLETE
344,-0.33174465270714304,2025-01-09 22:33:37.524338,2025-01-09 22:33:43.307947,0 days 00:00:05.783609,0.030304071282977005,32,0.1,232,100,1.2096378388425416e-05,952,0.00021284373697103319,3,3,adam,"{'neurons_per_layer_encoder': [232, 464, 928], 'neurons_per_layer_decoder': [928, 464, 232]}",232,"[928, 464, 232]","[232, 464, 928]",[-0.33174465270714304],-0.08832403441198453,COMPLETE
345,-0.05387538924918034,2025-01-09 22:33:37.949918,2025-01-09 22:33:40.789286,0 days 00:00:02.839368,0.0290790978962372,32,0.30000000000000004,224,100,1.3404599507064733e-05,392,1.4269501217562761e-05,1,1,sgd,"{'neurons_per_layer_encoder': [224], 'neurons_per_layer_decoder': [224]}",224,[224],[224],[-0.05387538924918034],0.5712818529879052,COMPLETE
346,-0.27013665182415103,2025-01-09 22:33:40.798646,2025-01-09 22:33:45.620668,0 days 00:00:04.822022,0.03536611537926777,32,0.1,164,100,1.5112607164500406e-05,680,0.00021331106643035277,1,3,adam,"{'neurons_per_layer_encoder': [164, 328, 656], 'neurons_per_layer_decoder': [656]}",164,[656],"[164, 328, 656]",[-0.27013665182415103],-0.5500160934263353,COMPLETE
347,0.6358004675853572,2025-01-09 22:33:43.317842,2025-01-09 22:33:48.295626,0 days 00:00:04.977784,0.03260338131635658,32,0.1,164,100,0.0003973704301855818,364,0.00017359870321404105,1,1,adam,"{'neurons_per_layer_encoder': [164], 'neurons_per_layer_decoder': [164]}",164,[164],[164],[0.6358004675853572],0.8334518881197044,COMPLETE
348,0.6961287283142494,2025-01-09 22:33:45.334979,2025-01-09 22:33:49.438323,0 days 00:00:04.103344,0.03389292596066162,32,0.1,204,100,4.063909572652554e-05,372,0.00012944247793268037,1,1,adam,"{'neurons_per_layer_encoder': [204], 'neurons_per_layer_decoder': [204]}",204,[204],[204],[0.6961287283142494],0.47606894415998413,COMPLETE
349,0.48172454377247065,2025-01-09 22:33:45.628986,2025-01-09 22:33:49.474577,0 days 00:00:03.845591,0.03266547254405924,32,0.1,204,100,0.000402004209054828,372,9.89201576316668e-05,1,1,adam,"{'neurons_per_layer_encoder': [204], 'neurons_per_layer_decoder': [204]}",204,[204],[204],[0.48172454377247065],0.7982976614800872,COMPLETE
350,-0.03029273462106752,2025-01-09 22:33:47.780967,2025-01-09 22:33:49.570268,0 days 00:00:01.789301,0.03334368664542059,32,0.1,204,100,4.036247164267051e-05,372,0.0001281813623788043,1,1,adam,"{'neurons_per_layer_encoder': [204], 'neurons_per_layer_decoder': [204]}",204,[204],[204],[-0.03029273462106752],-0.5164619077326493,COMPLETE
351,0.5846241652808093,2025-01-09 22:33:48.304747,2025-01-09 22:33:51.827733,0 days 00:00:03.522986,0.03495390305530067,32,0.1,236,100,5.877336176342103e-05,404,9.897154149644166e-05,1,1,adam,"{'neurons_per_layer_encoder': [236], 'neurons_per_layer_decoder': [236]}",236,[236],[236],[0.5846241652808093],0.4114607820490283,COMPLETE
352,0.5155785338933203,2025-01-09 22:33:48.719678,2025-01-09 22:33:52.224887,0 days 00:00:03.505209,0.033880625020908585,32,0.1,204,100,0.0004095245829839318,372,0.008127394327726186,1,1,adam,"{'neurons_per_layer_encoder': [204], 'neurons_per_layer_decoder': [204]}",204,[204],[204],[0.5155785338933203],-0.06194067122331283,COMPLETE
353,0.5061019550660057,2025-01-09 22:33:49.446095,2025-01-09 22:33:52.935077,0 days 00:00:03.488982,0.0333381913813104,32,0.1,200,100,1.8652448948482272e-05,384,0.00010137430425992803,1,1,adam,"{'neurons_per_layer_encoder': [200], 'neurons_per_layer_decoder': [200]}",200,[200],[200],[0.5061019550660057],-0.19694022108989495,COMPLETE
354,0.6386530824568,2025-01-09 22:33:49.490227,2025-01-09 22:33:52.850614,0 days 00:00:03.360387,0.03394912786539059,32,0.1,208,100,7.526996693853913e-06,392,0.00013044785893322983,1,1,adam,"{'neurons_per_layer_encoder': [208], 'neurons_per_layer_decoder': [208]}",208,[208],[208],[0.6386530824568],-0.10405984286557995,COMPLETE
355,-0.09212929186317953,2025-01-09 22:33:49.579118,2025-01-09 22:33:51.474801,0 days 00:00:01.895683,0.0340868673845669,32,0.1,240,100,0.0006635629063136507,376,0.00011610809118467652,1,1,adadelta,"{'neurons_per_layer_encoder': [240], 'neurons_per_layer_decoder': [240]}",240,[240],[240],[-0.09212929186317953],0.8057764448375674,COMPLETE
356,0.5662618835417272,2025-01-09 22:33:51.483674,2025-01-09 22:33:54.976787,0 days 00:00:03.493113,0.03723895189360891,32,0.1,200,100,4.2623272630277534e-05,384,8.981672246129516e-05,1,1,adam,"{'neurons_per_layer_encoder': [200], 'neurons_per_layer_decoder': [200]}",200,[200],[200],[0.5662618835417272],0.19312782717013627,COMPLETE
357,0.5398403801527449,2025-01-09 22:33:51.840825,2025-01-09 22:33:54.991720,0 days 00:00:03.150895,0.031190385541010304,40,0.1,208,100,9.502095465569008e-06,392,0.0001314036455296182,1,1,adam,"{'neurons_per_layer_encoder': [208], 'neurons_per_layer_decoder': [208]}",208,[208],[208],[0.5398403801527449],-0.4039219737011804,COMPLETE
358,0.43640571855141164,2025-01-09 22:33:52.233761,2025-01-09 22:33:55.285646,0 days 00:00:03.051885,0.03134751177028011,40,0.1,208,100,0.0009568192950926814,376,0.0001259526335819703,1,1,adam,"{'neurons_per_layer_encoder': [208], 'neurons_per_layer_decoder': [208]}",208,[208],[208],[0.43640571855141164],0.8780625182265669,COMPLETE
359,-0.03465668081315054,2025-01-09 22:33:52.858505,2025-01-09 22:33:54.434488,0 days 00:00:01.575983,0.03673932720454886,40,0.1,200,100,9.198387794198536e-06,384,0.00010511361443578947,1,1,adam,"{'neurons_per_layer_encoder': [200], 'neurons_per_layer_decoder': [200]}",200,[200],[200],[-0.03465668081315054],-1.501147019695888,COMPLETE
360,0.3529751307209501,2025-01-09 22:33:52.944735,2025-01-09 22:33:55.720465,0 days 00:00:02.775730,0.03692153200908365,40,0.1,116,100,0.0008921563291633534,156,8.913453382810679e-05,1,1,adam,"{'neurons_per_layer_encoder': [116], 'neurons_per_layer_decoder': [116]}",116,[116],[116],[0.3529751307209501],0.7741399076329893,COMPLETE
361,0.37115860307379345,2025-01-09 22:33:54.442705,2025-01-09 22:33:59.855852,0 days 00:00:05.413147,0.038061338414515034,32,0.1,216,100,0.00059440637949624,352,8.907373429140137e-05,1,1,adam,"{'neurons_per_layer_encoder': [216], 'neurons_per_layer_decoder': [216]}",216,[216],[216],[0.37115860307379345],0.8279388798598899,COMPLETE
362,-0.09197559374609665,2025-01-09 22:33:54.985587,2025-01-09 22:34:18.739444,0 days 00:00:23.753857,0.03075684845740066,32,0.1,216,100,5.3541961072888476e-05,2104,0.00011670389223087425,1,4,adam,"{'neurons_per_layer_encoder': [216, 432, 864, 1728], 'neurons_per_layer_decoder': [1728]}",216,[1728],"[216, 432, 864, 1728]",[-0.09197559374609665],0.7862640418527316,COMPLETE
363,0.5190399522417597,2025-01-09 22:33:55.001531,2025-01-09 22:34:02.043035,0 days 00:00:07.041504,0.03948088824721576,32,0.1,216,100,0.0009364501052993794,352,0.00013150135997985388,1,1,adam,"{'neurons_per_layer_encoder': [216], 'neurons_per_layer_decoder': [216]}",216,[216],[216],[0.5190399522417597],0.9017225122116734,COMPLETE
364,0.1555232561319545,2025-01-09 22:33:55.294574,2025-01-09 22:34:23.251444,0 days 00:00:27.956870,0.038042689852543235,32,0.1,216,100,1.5632006081268314e-05,3816,0.0001401923020497708,1,4,adam,"{'neurons_per_layer_encoder': [216, 432, 864, 1728], 'neurons_per_layer_decoder': [1728]}",216,[1728],"[216, 432, 864, 1728]",[0.1555232561319545],0.5661413243593876,COMPLETE
365,-0.39117259917089675,2025-01-09 22:33:55.729741,2025-01-09 22:34:05.714747,0 days 00:00:09.985006,0.04429317158679458,32,0.1,216,100,5.426667013745952e-05,1752,0.0001403359838529117,1,4,adam,"{'neurons_per_layer_encoder': [216, 432, 864, 1728], 'neurons_per_layer_decoder': [1728]}",216,[1728],"[216, 432, 864, 1728]",[-0.39117259917089675],0.7392149415691838,COMPLETE
366,0.42294304390125415,2025-01-09 22:33:59.875888,2025-01-09 22:34:20.920244,0 days 00:00:21.044356,0.0390468454346246,32,0.1,168,100,0.000668029954106326,2552,0.00011293669038349187,1,4,adam,"{'neurons_per_layer_encoder': [168, 336, 672, 1344], 'neurons_per_layer_decoder': [1344]}",168,[1344],"[168, 336, 672, 1344]",[0.42294304390125415],0.9855295130546415,COMPLETE
367,-0.2899274464643069,2025-01-09 22:34:02.071481,2025-01-09 22:34:09.028339,0 days 00:00:06.956858,0.04416006464168407,32,0.1,168,100,1.5482131375480768e-05,1368,3.121107935943486e-05,1,4,sgd,"{'neurons_per_layer_encoder': [168, 336, 672, 1344], 'neurons_per_layer_decoder': [1344]}",168,[1344],"[168, 336, 672, 1344]",[-0.2899274464643069],0.4435562516627798,COMPLETE
368,-0.11801710648280861,2025-01-09 22:34:05.732613,2025-01-09 22:34:10.411660,0 days 00:00:04.679047,0.04776463509453379,32,0.1,196,100,2.0780139880872264e-05,364,0.00016507624992704613,2,1,sgd,"{'neurons_per_layer_encoder': [196], 'neurons_per_layer_decoder': [196, 98]}",196,"[196, 98]",[196],[-0.11801710648280861],0.43333443903632374,COMPLETE
