number,value,datetime_start,datetime_complete,duration,params_alpha,params_batch_size,params_drop_out_rate,params_encoder_neurons_layer_1,params_epochs,params_lambda,params_latent_dim,params_learning_rate,params_num_layers_decoder,params_num_layers_encoder,params_optimizer,user_attrs_encoder_decoder_config,user_attrs_first_layer_neurons,user_attrs_neurons_per_layer_decoder,user_attrs_neurons_per_layer_encoder,user_attrs_r2_feature_1,user_attrs_relative_deterioration,state
494,0.040500115874149256,2025-01-09 22:36:58.085676,2025-01-09 22:36:59.812349,0 days 00:00:01.726673,0.0550704346417476,32,0.1,20,100,0.0005949155180411756,60,0.00043943221591298364,1,2,adam,"{'neurons_per_layer_encoder': [20, 40], 'neurons_per_layer_decoder': [40]}",20,[40],"[20, 40]",[0.040500115874149256],0.4412666738683101,COMPLETE
495,0.7775420962211976,2025-01-09 22:36:59.820857,2025-01-09 22:37:02.937441,0 days 00:00:03.116584,0.06686913664422321,32,0.1,52,100,0.0006078524657563617,240,0.00043236572652612934,1,2,adam,"{'neurons_per_layer_encoder': [52, 104], 'neurons_per_layer_decoder': [104]}",52,[104],"[52, 104]",[0.7775420962211976],0.9165668319695031,COMPLETE
496,0.605483310877717,2025-01-09 22:36:59.833828,2025-01-09 22:37:02.990397,0 days 00:00:03.156569,0.053909658134691084,32,0.1,64,100,0.0006222100666623255,280,0.0004134717902581711,1,2,adam,"{'neurons_per_layer_encoder': [64, 128], 'neurons_per_layer_decoder': [128]}",64,[128],"[64, 128]",[0.605483310877717],0.8767892981340499,COMPLETE
497,0.533020223314089,2025-01-09 22:37:00.425894,2025-01-09 22:37:03.597929,0 days 00:00:03.172035,0.06638156954774377,32,0.1,72,100,0.0006064254107077129,280,0.00042764723261030414,1,2,adam,"{'neurons_per_layer_encoder': [72, 144], 'neurons_per_layer_decoder': [144]}",72,[144],"[72, 144]",[0.533020223314089],0.8512700375730657,COMPLETE
498,0.5977740646960314,2025-01-09 22:37:00.540324,2025-01-09 22:37:03.560132,0 days 00:00:03.019808,0.05644468092535273,32,0.1,52,100,0.0007647479921027152,144,0.0005449992753698563,1,2,adam,"{'neurons_per_layer_encoder': [52, 104], 'neurons_per_layer_decoder': [104]}",52,[104],"[52, 104]",[0.5977740646960314],0.8459912558033954,COMPLETE
499,0.46095082313625857,2025-01-09 22:37:00.707355,2025-01-09 22:37:03.844967,0 days 00:00:03.137612,0.06720696612466075,32,0.1,76,100,0.0007122580255508595,272,0.0005638465586347717,1,2,adam,"{'neurons_per_layer_encoder': [76, 152], 'neurons_per_layer_decoder': [152]}",76,[152],"[76, 152]",[0.46095082313625857],0.8322132762089305,COMPLETE
500,-0.03145783940397062,2025-01-09 22:37:02.946063,2025-01-09 22:37:05.788090,0 days 00:00:02.842027,0.053022551300954554,104,0.1,52,100,0.000624118971138369,240,0.0005367702116188738,1,2,adam,"{'neurons_per_layer_encoder': [52, 104], 'neurons_per_layer_decoder': [104]}",52,[104],"[52, 104]",[-0.03145783940397062],0.584652420945056,COMPLETE
501,0.704619641535339,2025-01-09 22:37:03.009457,2025-01-09 22:37:06.067627,0 days 00:00:03.058170,0.06640440023499974,32,0.1,52,100,0.0007596752617868278,240,0.0006275393012540141,1,2,adam,"{'neurons_per_layer_encoder': [52, 104], 'neurons_per_layer_decoder': [104]}",52,[104],"[52, 104]",[0.704619641535339],0.8825853817915706,COMPLETE
502,0.6042293877709666,2025-01-09 22:37:03.568160,2025-01-09 22:37:06.634611,0 days 00:00:03.066451,0.06806107667587032,32,0.1,60,100,0.0006409552608669009,272,0.0006615085186411298,1,2,adam,"{'neurons_per_layer_encoder': [60, 120], 'neurons_per_layer_decoder': [120]}",60,[120],"[60, 120]",[0.6042293877709666],0.836358487143118,COMPLETE
503,0.7684001351313804,2025-01-09 22:37:03.611641,2025-01-09 22:37:06.864640,0 days 00:00:03.252999,0.06859029506522248,32,0.1,60,100,0.0005476668263726616,272,0.0004940712096041506,1,2,adam,"{'neurons_per_layer_encoder': [60, 120], 'neurons_per_layer_decoder': [120]}",60,[120],"[60, 120]",[0.7684001351313804],0.9135069083225875,COMPLETE
504,0.4009120666519109,2025-01-09 22:37:03.852949,2025-01-09 22:37:06.932979,0 days 00:00:03.080030,0.060300648739052026,32,0.1,60,100,0.0005440165661113321,272,0.0003179657510154318,1,2,adam,"{'neurons_per_layer_encoder': [60, 120], 'neurons_per_layer_decoder': [120]}",60,[120],"[60, 120]",[0.4009120666519109],0.8005897179481423,COMPLETE
505,0.34759597257180075,2025-01-09 22:37:05.796869,2025-01-09 22:37:09.023966,0 days 00:00:03.227097,0.0588893346886389,32,0.1,56,100,0.000532092080370237,136,0.00047416278615744115,1,2,adam,"{'neurons_per_layer_encoder': [56, 112], 'neurons_per_layer_decoder': [112]}",56,[112],"[56, 112]",[0.34759597257180075],0.6939388182275421,COMPLETE
506,0.177891239374938,2025-01-09 22:37:06.076648,2025-01-09 22:37:09.359465,0 days 00:00:03.282817,0.05929667436989381,32,0.1,56,100,0.0005443136961105518,264,0.0007154202524867682,1,2,adam,"{'neurons_per_layer_encoder': [56, 112], 'neurons_per_layer_decoder': [112]}",56,[112],"[56, 112]",[0.177891239374938],0.6310453279777509,COMPLETE
507,-0.08655783212382673,2025-01-09 22:37:06.642516,2025-01-09 22:37:07.946078,0 days 00:00:01.303562,0.06075158608820014,32,0.1,64,100,0.000535350578422109,280,0.0007603249630854437,1,2,sgd,"{'neurons_per_layer_encoder': [64, 128], 'neurons_per_layer_decoder': [128]}",64,[128],"[64, 128]",[-0.08655783212382673],0.7703679084332846,COMPLETE
508,0.3087503485560755,2025-01-09 22:37:06.873398,2025-01-09 22:37:09.246646,0 days 00:00:02.373248,0.07252259583088548,32,0.1,60,100,0.0005426090540124388,272,0.0006427531809864043,1,2,sgd,"{'neurons_per_layer_encoder': [60, 120], 'neurons_per_layer_decoder': [120]}",60,[120],"[60, 120]",[0.3087503485560755],0.8304903771139696,COMPLETE
509,-0.021186251970504166,2025-01-09 22:37:06.940968,2025-01-09 22:37:08.220141,0 days 00:00:01.279173,0.07189556629888104,32,0.1,60,100,0.0005336071484924025,272,0.0004946737356690755,1,2,sgd,"{'neurons_per_layer_encoder': [60, 120], 'neurons_per_layer_decoder': [120]}",60,[120],"[60, 120]",[-0.021186251970504166],0.7562713918684953,COMPLETE
510,0.5791207006526249,2025-01-09 22:37:07.953597,2025-01-09 22:37:10.987395,0 days 00:00:03.033798,0.07154956477006023,32,0.1,56,100,0.0005523289673582744,264,0.000515008375366118,1,2,adam,"{'neurons_per_layer_encoder': [56, 112], 'neurons_per_layer_decoder': [112]}",56,[112],"[56, 112]",[0.5791207006526249],0.8287705151466456,COMPLETE
511,0.7082355497125417,2025-01-09 22:37:08.227582,2025-01-09 22:37:11.260589,0 days 00:00:03.033007,0.07785078944882497,32,0.1,56,100,0.0005479702099162128,264,0.0006994795600667013,1,2,adam,"{'neurons_per_layer_encoder': [56, 112], 'neurons_per_layer_decoder': [112]}",56,[112],"[56, 112]",[0.7082355497125417],0.8628280921198416,COMPLETE
512,0.502483268515491,2025-01-09 22:37:09.032336,2025-01-09 22:37:12.085449,0 days 00:00:03.053113,0.07508252865738319,32,0.1,56,100,0.0006303659432129352,264,0.0006092240171203323,1,2,adam,"{'neurons_per_layer_encoder': [56, 112], 'neurons_per_layer_decoder': [112]}",56,[112],"[56, 112]",[0.502483268515491],0.7859668676644841,COMPLETE
513,0.5838092749253094,2025-01-09 22:37:09.255428,2025-01-09 22:37:13.391604,0 days 00:00:04.136176,0.056547721518225465,32,0.1,52,100,0.0006345857672970707,240,0.0006336531093049018,5,2,adam,"{'neurons_per_layer_encoder': [52, 104], 'neurons_per_layer_decoder': [104, 52, 26, 13, 8]}",52,"[104, 52, 26, 13, 8]","[52, 104]",[0.5838092749253094],0.9141276721034747,COMPLETE
514,0.3348304097113942,2025-01-09 22:37:09.369021,2025-01-09 22:37:12.409545,0 days 00:00:03.040524,0.05299660163448926,40,0.1,68,100,0.0006425394362484078,240,0.0005157460728451522,1,2,adam,"{'neurons_per_layer_encoder': [68, 136], 'neurons_per_layer_decoder': [136]}",68,[136],"[68, 136]",[0.3348304097113942],0.7204134541030287,COMPLETE
515,0.3375439342117874,2025-01-09 22:37:10.995875,2025-01-09 22:37:15.124283,0 days 00:00:04.128408,0.08005199705148805,40,0.1,68,100,0.0006536717924730338,240,0.000570799124179283,5,2,adam,"{'neurons_per_layer_encoder': [68, 136], 'neurons_per_layer_decoder': [136, 68, 34, 17, 8]}",68,"[136, 68, 34, 17, 8]","[68, 136]",[0.3375439342117874],0.865929347681549,COMPLETE
516,0.42394887182292673,2025-01-09 22:37:11.270208,2025-01-09 22:37:14.361761,0 days 00:00:03.091553,0.08424968802549919,40,0.1,68,100,0.0006289206839686976,320,0.0005801619976429245,1,2,adam,"{'neurons_per_layer_encoder': [68, 136], 'neurons_per_layer_decoder': [136]}",68,[136],"[68, 136]",[0.42394887182292673],0.7460355122525789,COMPLETE
517,0.23377887235342654,2025-01-09 22:37:12.094836,2025-01-09 22:37:16.237318,0 days 00:00:04.142482,0.0857329278244183,40,0.1,68,100,0.0005991063560547768,320,0.0004963291249849251,5,2,adam,"{'neurons_per_layer_encoder': [68, 136], 'neurons_per_layer_decoder': [136, 68, 34, 17, 8]}",68,"[136, 68, 34, 17, 8]","[68, 136]",[0.23377887235342654],0.8382934107994001,COMPLETE
518,0.5589179308621564,2025-01-09 22:37:12.417847,2025-01-09 22:37:15.446001,0 days 00:00:03.028154,0.055046848910553475,32,0.1,44,100,0.0004940931530735955,192,0.0004474189212588266,1,2,adam,"{'neurons_per_layer_encoder': [44, 88], 'neurons_per_layer_decoder': [88]}",44,[88],"[44, 88]",[0.5589179308621564],0.7738605688332145,COMPLETE
519,0.7191566394434629,2025-01-09 22:37:13.400098,2025-01-09 22:37:16.668401,0 days 00:00:03.268303,0.08640283945310459,32,0.1,44,100,0.0004908116576652625,192,0.0008084092716140254,2,2,adam,"{'neurons_per_layer_encoder': [44, 88], 'neurons_per_layer_decoder': [88, 44]}",44,"[88, 44]","[44, 88]",[0.7191566394434629],0.8782258067346215,COMPLETE
520,0.6575452940300034,2025-01-09 22:37:14.370003,2025-01-09 22:37:17.364912,0 days 00:00:02.994909,0.08095775317473608,32,0.1,44,100,0.0005574742395110409,192,0.0004375609816233895,1,2,adam,"{'neurons_per_layer_encoder': [44, 88], 'neurons_per_layer_decoder': [88]}",44,[88],"[44, 88]",[0.6575452940300034],0.850963324628983,COMPLETE
521,0.5771560743480579,2025-01-09 22:37:15.133678,2025-01-09 22:37:18.084584,0 days 00:00:02.950906,0.08820598310670608,32,0.1,44,100,0.0005201999385198634,144,0.0008133099438968099,1,2,adam,"{'neurons_per_layer_encoder': [44, 88], 'neurons_per_layer_decoder': [88]}",44,[88],"[44, 88]",[0.5771560743480579],0.7559239724347135,COMPLETE
522,0.15682393253092075,2025-01-09 22:37:15.454620,2025-01-09 22:37:18.280240,0 days 00:00:02.825620,0.0786561502976321,96,0.1,60,100,0.0004944928312762765,272,0.0003571880734183365,1,2,adam,"{'neurons_per_layer_encoder': [60, 120], 'neurons_per_layer_decoder': [120]}",60,[120],"[60, 120]",[0.15682393253092075],0.6789300404494261,COMPLETE
523,0.46967762845695504,2025-01-09 22:37:16.246058,2025-01-09 22:37:19.305632,0 days 00:00:03.059574,0.05222986190373186,32,0.1,60,100,0.0004999778828246148,272,0.00038725542752520944,1,2,adam,"{'neurons_per_layer_encoder': [60, 120], 'neurons_per_layer_decoder': [120]}",60,[120],"[60, 120]",[0.46967762845695504],0.7913160465989361,COMPLETE
524,0.35497247511466445,2025-01-09 22:37:16.676721,2025-01-09 22:37:19.912119,0 days 00:00:03.235398,0.09722609400334932,32,0.1,44,100,0.000462331973048062,192,0.0008689956401085992,2,2,adam,"{'neurons_per_layer_encoder': [44, 88], 'neurons_per_layer_decoder': [88, 44]}",44,"[88, 44]","[44, 88]",[0.35497247511466445],0.6972832150432168,COMPLETE
525,0.6245858567056328,2025-01-09 22:37:17.373742,2025-01-09 22:37:20.735729,0 days 00:00:03.361987,0.07801313600962792,32,0.1,60,100,0.0004805113554570279,272,0.0008775291889499337,2,2,adam,"{'neurons_per_layer_encoder': [60, 120], 'neurons_per_layer_decoder': [120, 60]}",60,"[120, 60]","[60, 120]",[0.6245858567056328],0.8505168715818457,COMPLETE
526,0.5701292714081263,2025-01-09 22:37:18.092941,2025-01-09 22:37:21.629901,0 days 00:00:03.536960,0.05007659628454419,32,0.1,52,100,0.00036775508491761915,224,0.0009663053849485823,3,2,adam,"{'neurons_per_layer_encoder': [52, 104], 'neurons_per_layer_decoder': [104, 52, 26]}",52,"[104, 52, 26]","[52, 104]",[0.5701292714081263],0.8226514156446317,COMPLETE
527,0.20979193229277826,2025-01-09 22:37:18.289355,2025-01-09 22:37:21.279216,0 days 00:00:02.989861,0.05797912246858354,72,0.1,36,100,0.0003808674569041809,95,0.0008085304903724123,2,2,adam,"{'neurons_per_layer_encoder': [36, 72], 'neurons_per_layer_decoder': [72, 36]}",36,"[72, 36]","[36, 72]",[0.20979193229277826],0.45654550053007853,COMPLETE
528,-0.1595248046427955,2025-01-09 22:37:19.314091,2025-01-09 22:37:20.997651,0 days 00:00:01.683560,0.08860486465170209,32,0.1,52,100,0.00039021608736669887,256,2.164842692863013e-05,1,2,adam,"{'neurons_per_layer_encoder': [52, 104], 'neurons_per_layer_decoder': [104]}",52,[104],"[52, 104]",[-0.1595248046427955],0.5957881712513593,COMPLETE
529,0.0780449274168411,2025-01-09 22:37:19.920466,2025-01-09 22:37:23.546979,0 days 00:00:03.626513,0.08103390219139299,32,0.1,48,100,0.0003713394796491381,136,0.0007893067353048883,3,2,adam,"{'neurons_per_layer_encoder': [48, 96], 'neurons_per_layer_decoder': [96, 48, 24]}",48,"[96, 48, 24]","[48, 96]",[0.0780449274168411],0.6467992686884012,COMPLETE
530,0.6009620746583452,2025-01-09 22:37:20.744704,2025-01-09 22:37:23.858437,0 days 00:00:03.113733,0.08513872368981568,32,0.1,56,100,0.0003909374382733573,264,0.0009461367295601519,1,2,adam,"{'neurons_per_layer_encoder': [56, 112], 'neurons_per_layer_decoder': [112]}",56,[112],"[56, 112]",[0.6009620746583452],0.7540814774357625,COMPLETE
531,0.5756374623893807,2025-01-09 22:37:21.005588,2025-01-09 22:37:24.005362,0 days 00:00:02.999774,0.05078365852633435,32,0.1,36,100,0.00037176084469833353,95,0.0007066490279855344,1,2,adam,"{'neurons_per_layer_encoder': [36, 72], 'neurons_per_layer_decoder': [72]}",36,[72],"[36, 72]",[0.5756374623893807],0.6666537083444407,COMPLETE
532,0.3239236156999966,2025-01-09 22:37:21.288052,2025-01-09 22:37:24.868165,0 days 00:00:03.580113,0.07604779047040132,32,0.1,48,100,0.0008834143428410979,216,0.0003937836424740205,3,2,adam,"{'neurons_per_layer_encoder': [48, 96], 'neurons_per_layer_decoder': [96, 48, 24]}",48,"[96, 48, 24]","[48, 96]",[0.3239236156999966],0.8761315124472693,COMPLETE
533,-0.37309617155162544,2025-01-09 22:37:21.639348,2025-01-09 22:37:23.862942,0 days 00:00:02.223594,0.05133151819810371,32,0.1,64,100,0.0009556596104360467,280,0.0010405649626435616,2,2,adadelta,"{'neurons_per_layer_encoder': [64, 128], 'neurons_per_layer_decoder': [128, 64]}",64,"[128, 64]","[64, 128]",[-0.37309617155162544],0.8543380940334862,COMPLETE
534,0.528897577779754,2025-01-09 22:37:23.556381,2025-01-09 22:37:27.166879,0 days 00:00:03.610498,0.09210839727384172,32,0.1,64,100,0.0009012824325145988,280,0.0004026191451950992,2,2,adam,"{'neurons_per_layer_encoder': [64, 128], 'neurons_per_layer_decoder': [128, 64]}",64,"[128, 64]","[64, 128]",[0.528897577779754],0.916398378812957,COMPLETE
535,0.23636282733756786,2025-01-09 22:37:23.869825,2025-01-09 22:37:26.720752,0 days 00:00:02.850927,0.09309542125517954,32,0.1,4,100,0.0008784207121190792,8,0.0003995930882905659,1,2,adam,"{'neurons_per_layer_encoder': [4, 8], 'neurons_per_layer_decoder': [8]}",4,[8],"[4, 8]",[0.23636282733756786],0.24768706715404326,COMPLETE
536,0.7845224066263548,2025-01-09 22:37:23.872239,2025-01-09 22:37:27.452347,0 days 00:00:03.580108,0.07475317200548103,32,0.1,28,100,0.0008826968481019794,264,0.00041156443514486893,2,3,adam,"{'neurons_per_layer_encoder': [28, 56, 112], 'neurons_per_layer_decoder': [112, 56]}",28,"[112, 56]","[28, 56, 112]",[0.7845224066263548],0.9655574008301533,COMPLETE
537,0.5004500907551734,2025-01-09 22:37:24.013584,2025-01-09 22:37:27.636587,0 days 00:00:03.623003,0.07620973642843146,32,0.1,72,100,0.0008891750645904228,280,0.00046879141435853894,2,2,adam,"{'neurons_per_layer_encoder': [72, 144], 'neurons_per_layer_decoder': [144, 72]}",72,"[144, 72]","[72, 144]",[0.5004500907551734],0.9158299107607524,COMPLETE
538,-0.2512908033316843,2025-01-09 22:37:24.876760,2025-01-09 22:37:27.136997,0 days 00:00:02.260237,0.0680243615880512,32,0.1,16,100,1.3775359789292973e-05,134,1.7120895292950936e-05,1,3,adam,"{'neurons_per_layer_encoder': [16, 32, 64], 'neurons_per_layer_decoder': [64]}",16,[64],"[16, 32, 64]",[-0.2512908033316843],0.1011628831380737,COMPLETE
539,0.6562034599108006,2025-01-09 22:37:26.729196,2025-01-09 22:37:30.448128,0 days 00:00:03.718932,0.055667352326475926,40,0.1,24,100,0.0007761838689674122,216,0.0003296382919970691,2,3,adam,"{'neurons_per_layer_encoder': [24, 48, 96], 'neurons_per_layer_decoder': [96, 48]}",24,"[96, 48]","[24, 48, 96]",[0.6562034599108006],0.9264738939352145,COMPLETE
540,0.4944862713321484,2025-01-09 22:37:27.146632,2025-01-09 22:37:30.497372,0 days 00:00:03.350740,0.05582932117211732,40,0.1,72,100,0.0007425078632788818,280,0.0005058764288600042,2,2,adam,"{'neurons_per_layer_encoder': [72, 144], 'neurons_per_layer_decoder': [144, 72]}",72,"[144, 72]","[72, 144]",[0.4944862713321484],0.8774430764126834,COMPLETE
541,0.6608944222558945,2025-01-09 22:37:27.183360,2025-01-09 22:37:30.027854,0 days 00:00:02.844494,0.05728599862072209,40,0.1,28,100,0.0007043254431539874,109,0.00034118575004226314,1,2,adam,"{'neurons_per_layer_encoder': [28, 56], 'neurons_per_layer_decoder': [56]}",28,[56],"[28, 56]",[0.6608944222558945],0.8196702711859735,COMPLETE
542,0.4414185866438606,2025-01-09 22:37:27.460835,2025-01-09 22:37:30.623562,0 days 00:00:03.162727,0.07316846276126755,40,0.1,52,100,0.0007266187405260957,224,0.0003251776014277843,2,2,adam,"{'neurons_per_layer_encoder': [52, 104], 'neurons_per_layer_decoder': [104, 52]}",52,"[104, 52]","[52, 104]",[0.4414185866438606],0.8577582193868089,COMPLETE
543,0.29984103488333114,2025-01-09 22:37:27.644981,2025-01-09 22:37:30.908672,0 days 00:00:03.263691,0.07348037308597227,40,0.1,72,100,0.0007612313627555183,264,0.0003379319859719594,2,2,adam,"{'neurons_per_layer_encoder': [72, 144], 'neurons_per_layer_decoder': [144, 72]}",72,"[144, 72]","[72, 144]",[0.29984103488333114],0.8511708677316622,COMPLETE
544,0.4833139579164121,2025-01-09 22:37:30.036368,2025-01-09 22:37:34.595088,0 days 00:00:04.558720,0.07527495466938777,32,0.1,52,100,0.0007394101362377498,248,0.0003023219411221956,2,3,adam,"{'neurons_per_layer_encoder': [52, 104, 208], 'neurons_per_layer_decoder': [208, 104]}",52,"[208, 104]","[52, 104, 208]",[0.4833139579164121],0.9382711763704183,COMPLETE
545,0.11725526062762448,2025-01-09 22:37:30.457188,2025-01-09 22:37:35.075627,0 days 00:00:04.618439,0.0687952377929031,64,0.1,236,100,0.0005735613808725963,496,0.0002718436746407334,1,2,adam,"{'neurons_per_layer_encoder': [236, 472], 'neurons_per_layer_decoder': [472]}",236,[472],"[236, 472]",[0.11725526062762448],0.9019106378720776,COMPLETE
546,0.5807980893798981,2025-01-09 22:37:30.508059,2025-01-09 22:37:41.891995,0 days 00:00:11.383936,0.07570395272053718,32,0.1,240,100,0.0005658853695653933,1400,3.5983305444425196e-05,3,3,adam,"{'neurons_per_layer_encoder': [240, 480, 960], 'neurons_per_layer_decoder': [960, 480, 240]}",240,"[960, 480, 240]","[240, 480, 960]",[0.5807980893798981],0.9894093977427297,COMPLETE
547,0.2585751607208865,2025-01-09 22:37:30.632753,2025-01-09 22:37:35.781294,0 days 00:00:05.148541,0.08179001168499532,32,0.1,60,100,0.000569906339262906,264,0.0003052343738098258,3,3,adam,"{'neurons_per_layer_encoder': [60, 120, 240], 'neurons_per_layer_decoder': [240, 120, 60]}",60,"[240, 120, 60]","[60, 120, 240]",[0.2585751607208865],0.9185114274151207,COMPLETE
548,0.6728321575695219,2025-01-09 22:37:30.916571,2025-01-09 22:37:35.547272,0 days 00:00:04.630701,0.06803991090943702,32,0.1,64,100,0.0009983794437805325,296,0.000278549835377487,1,3,adam,"{'neurons_per_layer_encoder': [64, 128, 256], 'neurons_per_layer_decoder': [256]}",64,[256],"[64, 128, 256]",[0.6728321575695219],0.9634778533198204,COMPLETE
549,0.34642576807566505,2025-01-09 22:37:34.605888,2025-01-09 22:37:45.244577,0 days 00:00:10.638689,0.06871275734914443,32,0.1,236,100,0.0009932421187506585,968,0.00027742556814763927,3,3,adam,"{'neurons_per_layer_encoder': [236, 472, 944], 'neurons_per_layer_decoder': [944, 472, 236]}",236,"[944, 472, 236]","[236, 472, 944]",[0.34642576807566505],0.9824281072331449,COMPLETE
550,0.3895145343180758,2025-01-09 22:37:35.086386,2025-01-09 22:37:41.168003,0 days 00:00:06.081617,0.08004016701941462,32,0.1,64,100,0.00046603925189398827,296,0.00026437812381261376,4,3,adam,"{'neurons_per_layer_encoder': [64, 128, 256], 'neurons_per_layer_decoder': [256, 128, 64, 32]}",64,"[256, 128, 64, 32]","[64, 128, 256]",[0.3895145343180758],0.933010109407315,COMPLETE
551,0.5800847308672229,2025-01-09 22:37:35.557889,2025-01-09 22:37:40.779446,0 days 00:00:05.221557,0.1024888980290057,32,0.1,40,100,0.000491064727008597,280,0.0003695325909745975,3,3,adam,"{'neurons_per_layer_encoder': [40, 80, 160], 'neurons_per_layer_decoder': [160, 80, 40]}",40,"[160, 80, 40]","[40, 80, 160]",[0.5800847308672229],0.9259543102468378,COMPLETE
552,0.6533884426247432,2025-01-09 22:37:35.789564,2025-01-09 22:37:39.790705,0 days 00:00:04.001141,0.048829239854399055,32,0.1,44,100,0.0004934252539984379,192,0.00036391856727953115,1,2,adam,"{'neurons_per_layer_encoder': [44, 88], 'neurons_per_layer_decoder': [88]}",44,[88],"[44, 88]",[0.6533884426247432],0.835963490256796,COMPLETE
553,0.5440639753580594,2025-01-09 22:37:39.801224,2025-01-09 22:37:44.127251,0 days 00:00:04.326027,0.05160233176233493,32,0.1,44,100,0.0004880455578274094,264,0.0006883931397628016,1,3,adam,"{'neurons_per_layer_encoder': [44, 88, 176], 'neurons_per_layer_decoder': [176]}",44,[176],"[44, 88, 176]",[0.5440639753580594],0.8606828713445962,COMPLETE
554,0.15260434134057022,2025-01-09 22:37:40.790123,2025-01-09 22:37:43.991732,0 days 00:00:03.201609,0.052399674151598415,32,0.1,56,100,0.0006168861357742915,264,0.00025708394124104075,1,2,adadelta,"{'neurons_per_layer_encoder': [56, 112], 'neurons_per_layer_decoder': [112]}",56,[112],"[56, 112]",[0.15260434134057022],0.8137862996082809,COMPLETE
