number,value,datetime_start,datetime_complete,duration,params_colsample_bytree,params_learning_rate,params_max_depth,params_n_estimators,params_subsample,user_attrs_relative_deterioration,user_attrs_test_r2,state
0,0.022600420261208908,2024-10-16 10:08:43.338577,2024-10-16 10:08:43.461243,0 days 00:00:00.122666,0.8061945734301428,0.07841050318683207,4,30,0.6604581727699069,0.84845504865086,0.7260307046357733,COMPLETE
1,0.046684704661713046,2024-10-16 10:08:43.350544,2024-10-16 10:08:43.518001,0 days 00:00:00.167457,0.5282515011488067,0.04168948465690066,5,30,0.907330178249087,0.7801044597905292,0.4340735485167302,COMPLETE
2,0.07927529146292069,2024-10-16 10:08:43.408312,2024-10-16 10:08:43.518112,0 days 00:00:00.109800,0.738238030202482,0.005265105687232256,8,10,0.6413904833272117,0.7194408881961496,0.03900035968940385,COMPLETE
3,0.08113735382192692,2024-10-16 10:08:43.435603,2024-10-16 10:08:43.567623,0 days 00:00:00.132020,0.6283675618636739,0.002175689875032861,9,10,0.9436196753716095,0.7164514371500221,0.016427862960358475,COMPLETE
4,0.07120852369781673,2024-10-16 10:08:43.468960,2024-10-16 10:08:43.557035,0 days 00:00:00.088075,0.7078955756569478,0.019693012859872693,10,10,0.913993949594179,0.7310736443809676,0.13678821738980618,COMPLETE
5,0.081992642406958,2024-10-16 10:08:43.490437,2024-10-16 10:08:43.740518,0 days 00:00:00.250081,0.5782663127708139,0.0003525739518539013,7,30,0.7381027786383167,0.7152354247317374,0.00605978978889532,COMPLETE
6,0.06113534430676063,2024-10-16 10:08:43.527944,2024-10-16 10:08:43.605628,0 days 00:00:00.077684,0.8530229910320161,0.026472120292362723,6,10,0.9612578229919637,0.7526823899635544,0.25889841834840854,COMPLETE
7,0.06041768083221668,2024-10-16 10:08:43.528132,2024-10-16 10:08:43.700380,0 days 00:00:00.172248,0.5178636828963533,0.01291691780437974,4,50,0.9098459777741587,0.7536558493799204,0.26759815729826,COMPLETE
8,0.0715748375118993,2024-10-16 10:08:43.576935,2024-10-16 10:08:43.638862,0 days 00:00:00.061927,0.7499536557047813,0.025223550686961284,4,10,0.8579088202718811,0.7331733730248472,0.1323476478620509,COMPLETE
9,0.04411529625304374,2024-10-16 10:08:43.747634,2024-10-16 10:08:43.850176,0 days 00:00:00.102542,0.7061290770331026,0.02470961592777888,7,30,0.8660896504615244,0.7850656703309908,0.46522071317518054,COMPLETE
10,0.08214586871345055,2024-10-16 10:15:12.074392,2024-10-16 10:15:12.220764,0 days 00:00:00.146372,0.9704274698286051,0.00010291044681814325,3,50,0.5090878118666202,0.7150481746474259,0.004202333036505634,COMPLETE
11,0.08214199876228834,2024-10-16 10:15:12.116013,2024-10-16 10:15:12.332463,0 days 00:00:00.216450,0.9968873392490843,0.00010397281313592979,3,50,0.5045241729222104,0.7150554388166273,0.00424924578329311,COMPLETE
12,0.07955539339680073,2024-10-16 10:15:12.152709,2024-10-16 10:15:12.421412,0 days 00:00:00.268703,0.9902433523973413,0.0008949237602688271,3,50,0.5023415368484786,0.7196419502587671,0.035604877279415637,COMPLETE
13,0.021978842202365262,2024-10-16 10:15:12.189309,2024-10-16 10:15:12.491693,0 days 00:00:00.302384,0.9338504774284575,0.0996869121751542,3,50,0.525363815864041,0.8515595938424914,0.7335656664120173,COMPLETE
14,0.011354561106262056,2024-10-16 10:15:12.228418,2024-10-16 10:15:12.491967,0 days 00:00:00.263549,0.9175916691082207,0.08458121783378458,6,30,0.765981348148244,0.8875176896440283,0.8623564929546018,COMPLETE
15,0.011605773650683457,2024-10-16 10:15:12.228450,2024-10-16 10:15:12.533043,0 days 00:00:00.304593,0.8487372925403328,0.08418740942363986,6,30,0.7777362305751656,0.8857068954854821,0.8593112166727304,COMPLETE
16,0.012534689218464316,2024-10-16 10:15:12.340799,2024-10-16 10:15:12.594993,0 days 00:00:00.254194,0.8652068365869225,0.07639530078740367,6,30,0.7735659983358132,0.8825166409597948,0.8480506144088603,COMPLETE
17,0.013147664066789126,2024-10-16 10:15:12.430293,2024-10-16 10:15:12.787208,0 days 00:00:00.356915,0.8428539729788888,0.07348695757065342,6,30,0.7913633576258702,0.8792018106309178,0.8406199434155521,COMPLETE
18,0.010145685904947674,2024-10-16 10:15:12.500839,2024-10-16 10:15:12.754897,0 days 00:00:00.254058,0.9030927060348227,0.09393715794325537,6,30,0.7791791340296363,0.8938260570708253,0.8770108526195788,COMPLETE
19,0.011850906784464037,2024-10-16 10:15:12.505502,2024-10-16 10:15:12.768716,0 days 00:00:00.263214,0.8950662613122511,0.08248382575662573,6,30,0.779520051218698,0.8849313865017198,0.8563396368898729,COMPLETE
20,0.06412684508422353,2024-10-16 10:15:12.545797,2024-10-16 10:15:12.811701,0 days 00:00:00.265904,0.8706013560787756,0.007022686197686701,6,30,0.7745183542939077,0.7472395709693594,0.22263451924340993,COMPLETE
21,0.06351518213183895,2024-10-16 10:15:12.601555,2024-10-16 10:15:12.992225,0 days 00:00:00.390670,0.9038586062221498,0.006291499523969336,8,30,0.7684919608947363,0.7480822042384684,0.2300492870277433,COMPLETE
22,0.060729602344331224,2024-10-16 10:15:12.762920,2024-10-16 10:15:13.063347,0 days 00:00:00.300427,0.8050930849670473,0.007344684221531932,8,30,0.7022581612181669,0.7536304523084683,0.26381694810412637,COMPLETE
23,0.05824021620851703,2024-10-16 10:15:12.775187,2024-10-16 10:15:13.139808,0 days 00:00:00.364621,0.8007485544392198,0.008351801468049053,8,30,0.6917063302335751,0.7585438782135356,0.2939940579824366,COMPLETE
24,0.031246339871008368,2024-10-16 10:15:12.808583,2024-10-16 10:15:13.113329,0 days 00:00:00.304746,0.8045576904331442,0.03620821455738079,5,30,0.6926969106806449,0.8213296489498747,0.6212221888694474,COMPLETE
25,0.030697199617086113,2024-10-16 10:15:12.818677,2024-10-16 10:15:13.172098,0 days 00:00:00.353421,0.8024216992327899,0.03680941165707807,5,30,0.711369529922036,0.8227993937297529,0.6278790371352931,COMPLETE
26,0.027308507651766133,2024-10-16 10:15:12.999026,2024-10-16 10:15:13.178458,0 days 00:00:00.179432,0.8006401419632121,0.043217854468841424,5,30,0.705980745702216,0.8322861600292362,0.6689578108578607,COMPLETE
27,0.03028084626510922,2024-10-16 10:15:13.070166,2024-10-16 10:15:13.247542,0 days 00:00:00.177376,0.8059386332628337,0.03778137793775977,5,30,0.8300249684553078,0.823824171116716,0.6329262014422077,COMPLETE
28,0.02589955472750074,2024-10-16 10:15:13.119740,2024-10-16 10:15:13.364093,0 days 00:00:00.244353,0.936831283705454,0.04635174033550721,5,30,0.8343424150442122,0.836325648292983,0.6860375746587533,COMPLETE
29,0.025107281593214643,2024-10-16 10:15:13.148214,2024-10-16 10:15:13.436286,0 days 00:00:00.288072,0.93565346195346,0.04833483238965983,5,30,0.8310014589862452,0.8386737183691176,0.695641755015918,COMPLETE
30,0.00874797170491124,2024-10-16 10:15:13.187577,2024-10-16 10:15:13.736784,0 days 00:00:00.549207,0.9519981665493416,0.05307920320937867,7,50,0.8230015120808162,0.8955230566758294,0.8939543771239356,COMPLETE
31,0.06892926549791525,2024-10-16 10:15:13.187798,2024-10-16 10:15:13.742823,0 days 00:00:00.555025,0.9386721186302405,0.002708392378385658,7,50,0.8189103813467075,0.7381897912002365,0.16441809133741314,COMPLETE
32,0.0694718099521241,2024-10-16 10:15:13.254172,2024-10-16 10:15:13.764393,0 days 00:00:00.510221,0.9408046762634343,0.0025690859013478245,7,50,0.6134674234909141,0.7373428501785874,0.15784119939888164,COMPLETE
33,0.033757368329790254,2024-10-16 10:15:13.370518,2024-10-16 10:15:13.847489,0 days 00:00:00.476971,0.9501955154663373,0.01444845692404817,7,50,0.6281378917821029,0.814439024345389,0.5907827240479558,COMPLETE
34,0.06941457444228556,2024-10-16 10:15:13.442975,2024-10-16 10:15:13.595074,0 days 00:00:00.152099,0.9028407305908527,0.013610782038981455,7,10,0.6158524950191042,0.737428253249013,0.15853502597905322,COMPLETE
35,0.010567985787739211,2024-10-16 10:15:13.602401,2024-10-16 10:15:13.890163,0 days 00:00:00.287762,0.8956055238184328,0.07307253439320142,7,30,0.8166830567819519,0.8895124618259846,0.8718916026240655,COMPLETE
36,0.006729855426670068,2024-10-16 10:15:13.750751,2024-10-16 10:15:14.314851,0 days 00:00:00.564100,0.8914304109453239,0.06801684673372653,7,50,0.7339910601937489,0.9064450768323051,0.9184186078029466,COMPLETE
37,0.00692153309103444,2024-10-16 10:15:13.751226,2024-10-16 10:15:14.309502,0 days 00:00:00.558276,0.9595887846539373,0.06425029459898841,7,50,0.7475208018691843,0.90632925729858,0.916095031779314,COMPLETE
38,0.00996963572753082,2024-10-16 10:15:13.789477,2024-10-16 10:15:14.291179,0 days 00:00:00.501702,0.9674004974682808,0.060497978005389516,6,50,0.8767911102592116,0.8919553642192081,0.8791449874054893,COMPLETE
39,0.009451548533285517,2024-10-16 10:15:13.854406,2024-10-16 10:15:14.154852,0 days 00:00:00.300446,0.8871783579828953,0.09880909939887424,6,30,0.7343907796963733,0.8975611125274731,0.8854254008625895,COMPLETE
40,0.03888858486057605,2024-10-16 10:15:13.896415,2024-10-16 10:15:14.062839,0 days 00:00:00.166424,0.8953485386727705,0.05769893366514733,8,10,0.73868679072289,0.7998850993835686,0.5285805277589979,COMPLETE
41,0.009995256538469987,2024-10-16 10:15:14.069455,2024-10-16 10:15:14.405264,0 days 00:00:00.335809,0.9677546800166424,0.06020724119241297,9,30,0.8967215844835492,0.8844680046900691,0.8788344039986971,COMPLETE
42,0.013401363607190568,2024-10-16 10:15:14.161227,2024-10-16 10:15:14.780631,0 days 00:00:00.619404,0.6317151567917281,0.0593028381641145,9,50,0.8883143567908645,0.8512310858338549,0.8375445189980111,COMPLETE
43,0.07351121448529058,2024-10-16 10:15:14.298696,2024-10-16 10:15:14.950091,0 days 00:00:00.651395,0.9806312201006048,0.001564282714966978,9,50,0.9991239675775903,0.7295529537494758,0.10887428635690766,COMPLETE
44,0.023862284670294814,2024-10-16 10:15:14.330823,2024-10-16 10:15:14.880849,0 days 00:00:00.550026,0.9732359871920646,0.021344105230831065,7,50,0.8783774415800445,0.8410415122191951,0.7107339933796628,COMPLETE
45,0.0055142615852151,2024-10-16 10:15:14.333725,2024-10-16 10:15:14.962340,0 days 00:00:00.628615,0.9702921707241204,0.05696414407487037,9,50,0.7383304112725888,0.9024907475912477,0.9331544129049486,COMPLETE
46,0.02088974046889804,2024-10-16 10:15:14.412036,2024-10-16 10:15:15.041818,0 days 00:00:00.629782,0.9764007284086147,0.020537747886929435,9,50,0.6640974480367458,0.8487551323833156,0.7467680949973878,COMPLETE
47,0.024342954880575907,2024-10-16 10:15:14.787254,2024-10-16 10:15:15.301441,0 days 00:00:00.514187,0.9734099729279317,0.019010575773622775,8,50,0.6703536225094098,0.8397425828872241,0.7049071601928785,COMPLETE
48,0.014130454183690204,2024-10-16 10:15:14.887394,2024-10-16 10:15:15.428224,0 days 00:00:00.540830,0.9630762167958163,0.030321537079943343,8,50,0.7365152259811495,0.8726541228114106,0.8287062571784665,COMPLETE
49,0.013545689626706468,2024-10-16 10:15:14.957811,2024-10-16 10:15:15.626069,0 days 00:00:00.668258,0.8322784727268053,0.027489420414612185,10,50,0.6614079787098538,0.8710690226916958,0.8357949542814043,COMPLETE
50,0.011942478600297806,2024-10-16 10:15:14.970294,2024-10-16 10:15:15.615335,0 days 00:00:00.645041,0.997063432437562,0.030034124239559735,10,50,0.7290452806123648,0.8757359628686728,0.8552295749720306,COMPLETE
51,0.01755892040220833,2024-10-16 10:15:15.048364,2024-10-16 10:15:15.600702,0 days 00:00:00.552338,0.8319982851715435,0.02558562226050746,8,50,0.737789203744356,0.8602182663646264,0.7871453276377155,COMPLETE
52,0.014717712841091619,2024-10-16 10:15:15.307978,2024-10-16 10:15:15.756707,0 days 00:00:00.448729,0.8315825076968127,0.029425986338546272,8,50,0.7376095430911873,0.8704487089750579,0.8215873258176652,COMPLETE
53,0.08093852680378809,2024-10-16 10:15:15.434710,2024-10-16 10:15:16.064201,0 days 00:00:00.629491,0.8279415500034335,0.000248606821715582,10,50,0.7256594482403795,0.7170218666547852,0.018838105665108573,COMPLETE
54,0.06321296772515554,2024-10-16 10:15:15.625901,2024-10-16 10:15:16.079522,0 days 00:00:00.453621,0.8741436323023595,0.004051905933468758,7,50,0.7988829323003663,0.7488410990776313,0.2337128236828595,COMPLETE
55,0.008470874963727146,2024-10-16 10:15:15.635191,2024-10-16 10:15:16.087746,0 days 00:00:00.452555,0.9173463961969419,0.05328931663578538,7,50,0.7995269822917257,0.8977367424857517,0.8973134296571414,COMPLETE
56,0.010028875144386431,2024-10-16 10:15:15.763938,2024-10-16 10:15:16.107220,0 days 00:00:00.343282,0.8763016098742722,0.0591054221592993,6,50,0.934964051139249,0.8925753279118841,0.8784268688437041,COMPLETE
57,0.02368306869751352,2024-10-16 10:15:16.070327,2024-10-16 10:15:16.271759,0 days 00:00:00.201432,0.7733083299287685,0.06085760789845681,4,50,0.9293008112777503,0.8428021509899162,0.7129065049176531,COMPLETE
58,0.021783381182437667,2024-10-16 10:15:16.089556,2024-10-16 10:15:16.276658,0 days 00:00:00.187102,0.9179467385760535,0.05164796372940506,4,50,0.8481925063838307,0.8510032619197198,0.7359351054437617,COMPLETE
59,0.005738086654918038,2024-10-16 10:15:16.282446,2024-10-16 10:15:16.454113,0 days 00:00:00.171667,0.9186889958743849,0.07819610590645114,7,50,0.7561047659597647,0.9132760940256012,0.9304411360754635,COMPLETE
60,0.04562177935747379,2024-10-16 10:20:17.441163,2024-10-16 10:20:17.817004,0 days 00:00:00.375841,0.9203568875930032,0.009257974712708143,7,50,0.7580453964225258,0.7854674383694024,0.4469586583182973,COMPLETE
61,0.0061293863492334335,2024-10-16 10:20:17.476485,2024-10-16 10:20:17.945099,0 days 00:00:00.468614,0.917773942805842,0.07569730277904801,7,50,0.7533828414345514,0.9093798540011342,0.9256976799676215,COMPLETE
62,0.030202566305130102,2024-10-16 10:20:17.523814,2024-10-16 10:20:18.071803,0 days 00:00:00.547989,0.9195494866176198,0.01667234409377,7,50,0.7974358974720265,0.8230626421926318,0.6338751353659466,COMPLETE
63,0.029389323192346686,2024-10-16 10:20:17.558209,2024-10-16 10:20:18.090389,0 days 00:00:00.532180,0.9228059268353569,0.017216419703362865,7,50,0.7614185314919415,0.8251104804885395,0.6437335202983498,COMPLETE
64,0.042026972498323975,2024-10-16 10:20:17.599597,2024-10-16 10:20:18.148051,0 days 00:00:00.548454,0.9575349096794905,0.010666052326646634,7,50,0.7604869267345536,0.7935226695212529,0.4905360206323147,COMPLETE
65,0.005157307979260134,2024-10-16 10:20:17.824756,2024-10-16 10:20:18.397113,0 days 00:00:00.572357,0.9210704697343115,0.0995982377905691,7,50,0.8062826476467012,0.9141241048806169,0.9374815150902587,COMPLETE
66,0.006339632776095265,2024-10-16 10:20:17.952969,2024-10-16 10:20:18.469881,0 days 00:00:00.516912,0.9538961798644349,0.07320019649584676,7,50,0.7948467655714051,0.9079709689644541,0.9231490076529281,COMPLETE
67,0.010940650219372164,2024-10-16 10:20:18.079508,2024-10-16 10:20:18.596377,0 days 00:00:00.516869,0.9530133026279402,0.04282437556335024,7,50,0.7560196184340611,0.887085626341034,0.8673740489431265,COMPLETE
68,0.006409303287016874,2024-10-16 10:20:18.101475,2024-10-16 10:20:18.617527,0 days 00:00:00.516052,0.9539032492828753,0.072255677404722,7,50,0.8057280305384912,0.9081722419487285,0.922304440137623,COMPLETE
69,0.00610888204775093,2024-10-16 10:20:18.156013,2024-10-16 10:20:18.645825,0 days 00:00:00.489812,0.9489489443040549,0.07793312161617197,7,50,0.7934299009320371,0.9087225974543274,0.9259462394618333,COMPLETE
70,0.010872214390697254,2024-10-16 10:20:18.403886,2024-10-16 10:20:18.893713,0 days 00:00:00.489827,0.705800620750832,0.07585492999468374,8,50,0.8032805540397128,0.8680555847908886,0.8682036492577683,COMPLETE
71,0.004719554675249323,2024-10-16 10:20:18.476143,2024-10-16 10:20:18.983600,0 days 00:00:00.507457,0.9893064646491329,0.07629954293408073,8,50,0.6828344764511716,0.914062355559439,0.9427880962448159,COMPLETE
72,0.009385014190295993,2024-10-16 10:20:18.603224,2024-10-16 10:20:19.097695,0 days 00:00:00.494471,0.7157492864540256,0.08599949956245379,8,50,0.6806985601961414,0.8772552572178911,0.8862319507787274,COMPLETE
73,0.0045258057896035465,2024-10-16 10:20:18.625870,2024-10-16 10:20:19.156680,0 days 00:00:00.530810,0.8593169164629486,0.07787507726147465,8,50,0.785996133101584,0.9157723995181998,0.9451367802544263,COMPLETE
74,0.004392079462282074,2024-10-16 10:20:18.659945,2024-10-16 10:20:19.193186,0 days 00:00:00.533241,0.989734987790172,0.08021761535581672,8,50,0.8503105466623342,0.9159943705771076,0.9467578522187734,COMPLETE
75,0.00668773707464126,2024-10-16 10:20:18.900468,2024-10-16 10:20:19.307407,0 days 00:00:00.406939,0.9963691458300081,0.09557899526798545,6,50,0.7868006500609356,0.9101295651298754,0.9189291795132896,COMPLETE
76,0.004011535508888474,2024-10-16 10:20:18.989855,2024-10-16 10:20:19.509054,0 days 00:00:00.519199,0.9887159494937987,0.09072836943498844,8,50,0.8433970649644337,0.917067982494125,0.9513709239033433,COMPLETE
77,0.0038485554652461108,2024-10-16 10:20:19.104417,2024-10-16 10:20:19.612662,0 days 00:00:00.508245,0.988690942028291,0.09951603239337045,8,50,0.7845260253951946,0.9169930997386649,0.9533466184788892,COMPLETE
78,0.003587038175692899,2024-10-16 10:20:19.163137,2024-10-16 10:20:19.788621,0 days 00:00:00.625484,0.9907716923355574,0.08965722249308188,9,50,0.7829453283887827,0.907440901258748,0.9565168120733611,COMPLETE
79,0.0033077699117136424,2024-10-16 10:20:19.199689,2024-10-16 10:20:19.877887,0 days 00:00:00.678198,0.987972222655369,0.09741312727882565,9,50,0.853541636506601,0.9096035162431764,0.9599021884785649,COMPLETE
80,0.009527215113913906,2024-10-16 10:20:19.313946,2024-10-16 10:20:19.886738,0 days 00:00:00.572792,0.9853282734004385,0.03727469235034826,9,50,0.8418622092157676,0.8865466497915854,0.8845081471328895,COMPLETE
81,0.00957592134046665,2024-10-16 10:20:19.515378,2024-10-16 10:20:20.231166,0 days 00:00:00.715788,0.9806701130484361,0.03693232542039304,9,50,0.8514352686053639,0.8869924002560543,0.883917715166834,COMPLETE
82,0.010222086280892774,2024-10-16 10:20:19.618984,2024-10-16 10:20:20.261711,0 days 00:00:00.642727,0.9869922848112546,0.035302448261792366,9,50,0.839597480086724,0.8843127690427279,0.8760847035957411,COMPLETE
83,0.0035850108127604384,2024-10-16 10:20:19.795545,2024-10-16 10:20:20.471939,0 days 00:00:00.676394,0.984880144445711,0.09883393081168074,9,50,0.8435153143273376,0.9000834351190675,0.9565413883948469,COMPLETE
84,0.003444303416763694,2024-10-16 10:20:19.889816,2024-10-16 10:20:20.589559,0 days 00:00:00.699743,0.9848696911977306,0.09755618708971964,9,50,0.8564984014471827,0.9042257316824759,0.9582470870362093,COMPLETE
85,0.003643390904968775,2024-10-16 10:20:19.894765,2024-10-16 10:20:20.562910,0 days 00:00:00.668145,0.9993302136923558,0.08892810352701815,9,50,0.8691502822575704,0.9055326869412665,0.9558336868326299,COMPLETE
86,0.00352437022310648,2024-10-16 10:20:20.237646,2024-10-16 10:20:20.794881,0 days 00:00:00.557235,0.9997170262282709,0.09549104065841861,9,50,0.581227970140975,0.9118788049851777,0.9572764924073365,COMPLETE
87,0.0034645498284122003,2024-10-16 10:20:20.269985,2024-10-16 10:20:20.908331,0 days 00:00:00.638346,0.9950587827061949,0.09303280846627228,9,50,0.8159639975227613,0.9079143311544429,0.9580016537624522,COMPLETE
88,0.003810421371303872,2024-10-16 10:20:20.478695,2024-10-16 10:20:21.081679,0 days 00:00:00.602984,0.9989252262338557,0.09923184589106514,8,50,0.8690125836288656,0.9152766739688099,0.9538088917784987,COMPLETE
89,0.007184607684401829,2024-10-16 10:20:20.569602,2024-10-16 10:20:21.228008,0 days 00:00:00.658406,0.997711502916715,0.04606084032920908,9,50,0.8674945740754636,0.8956165534800251,0.9129059600655989,COMPLETE
90,0.0033577808957561397,2024-10-16 10:20:20.598899,2024-10-16 10:20:21.311646,0 days 00:00:00.712747,0.985599750493944,0.09770762471239079,9,50,0.8654671758101498,0.9073651013789051,0.9592959398380425,COMPLETE
91,0.0035067801682997896,2024-10-16 10:20:20.801400,2024-10-16 10:20:21.353010,0 days 00:00:00.551610,0.9901168470030842,0.09171785974869441,9,50,0.8681093924289636,0.9067560307564133,0.9574897245005944,COMPLETE
92,0.0034102981218512673,2024-10-16 10:20:20.915296,2024-10-16 10:20:21.507465,0 days 00:00:00.592169,0.9409798041045407,0.09999312766588037,9,50,0.8646085205472509,0.905470287860952,0.9586593097549966,COMPLETE
93,0.0058594681809912485,2024-10-16 10:20:21.088172,2024-10-16 10:20:21.746090,0 days 00:00:00.657918,0.996133069455774,0.04980327621716217,10,50,0.8689365712149352,0.8937155296983477,0.9289697116159109,COMPLETE
94,0.0033013550223244237,2024-10-16 10:20:21.234279,2024-10-16 10:20:21.898997,0 days 00:00:00.664718,0.999491804092186,0.09930170605898031,10,50,0.8706575980166956,0.8816190153449577,0.9599799517548886,COMPLETE
95,0.0032701411490564875,2024-10-16 10:20:21.318175,2024-10-16 10:20:21.949385,0 days 00:00:00.631210,0.9989059602692293,0.09580031722113637,10,50,0.5688473567679211,0.9005448152750857,0.9603583359957996,COMPLETE
96,0.0034704532370969108,2024-10-16 10:20:21.359604,2024-10-16 10:20:21.989905,0 days 00:00:00.630301,0.974356741871654,0.08945377129097361,10,50,0.8655486769320518,0.8844577981006627,0.9579300908136705,COMPLETE
97,0.004395252110017973,2024-10-16 10:20:21.513873,2024-10-16 10:20:22.104915,0 days 00:00:00.591042,0.9715145258889079,0.06719346386598123,10,50,0.9035666575255944,0.8884241798957643,0.9467193924001243,COMPLETE
98,0.02641730709917904,2024-10-16 10:20:21.752548,2024-10-16 10:20:22.160862,0 days 00:00:00.408314,0.5495674485219693,0.06548136659139243,9,50,0.9063663747479836,0.8234793723406375,0.6797612200245287,COMPLETE
99,0.004208930617755482,2024-10-16 10:20:21.956331,2024-10-16 10:20:22.269091,0 days 00:00:00.312760,0.9674896644251677,0.0675034134730363,10,50,0.5589648632707418,0.902441941871262,0.9489780392463504,COMPLETE
100,0.0397763550187062,2024-10-16 12:21:19.656834,2024-10-16 12:21:19.800150,0 days 00:00:00.143316,0.9398028675289838,0.05151067276526743,10,10,0.579664864679639,0.796661729242493,0.5178187028965742,COMPLETE
101,0.07521934704274966,2024-10-16 12:21:19.657919,2024-10-16 12:21:20.287010,0 days 00:00:00.629091,0.9769163105557336,0.001219171740766337,10,50,0.569911218997989,0.7267945527309646,0.08816777436522638,COMPLETE
