number,value,datetime_start,datetime_complete,duration,params_colsample_bytree,params_learning_rate,params_max_depth,params_n_estimators,params_subsample,user_attrs_relative_deterioration,user_attrs_test_r2,state
102,0.07405307095258862,2024-10-16 12:21:19.658030,2024-10-16 12:21:20.401308,0 days 00:00:00.743278,0.9377783797605014,0.0014262242650297477,10,50,0.5803446810336442,0.7288260995188631,0.10230573440882762,COMPLETE
103,0.08067704097017708,2024-10-16 12:21:19.658024,2024-10-16 12:21:20.412251,0 days 00:00:00.754227,0.9450451142058784,0.00029364019881329093,10,50,0.5629737609714272,0.7174714962399853,0.022007917940904842,COMPLETE
104,0.03998122347155827,2024-10-16 12:21:19.658074,2024-10-16 12:21:19.894623,0 days 00:00:00.236549,0.9442275705293425,0.05138064280972776,10,10,0.5779109131374415,0.795994386028863,0.5153352240487681,COMPLETE
105,0.003484207835391133,2024-10-16 12:21:19.808200,2024-10-16 12:21:20.513301,0 days 00:00:00.705101,0.9810342922153249,0.08863591218635188,10,50,0.888233788279465,0.8863601597000904,0.9577633533123704,COMPLETE
106,0.0034928585173807343,2024-10-16 12:21:19.902623,2024-10-16 12:21:20.497426,0 days 00:00:00.594803,0.9663791385633819,0.08747239217094686,9,50,0.8893401944301473,0.9097043209805605,0.9576584870655609,COMPLETE
107,0.08036904304582276,2024-10-16 12:21:20.294772,2024-10-16 12:21:20.873340,0 days 00:00:00.578568,0.9794952950896854,0.00035061702444391993,9,50,0.8859192538766174,0.7179750760310786,0.025741564188794808,COMPLETE
108,0.003520108164722936,2024-10-16 12:21:20.415808,2024-10-16 12:21:21.007004,0 days 00:00:00.591196,0.9625052865866264,0.08735715869346676,9,50,0.887614097667525,0.9080925077764795,0.9573281583993245,COMPLETE
109,0.0036202310736060056,2024-10-16 12:21:20.424164,2024-10-16 12:21:21.013866,0 days 00:00:00.589702,0.9644460789800927,0.08558452928202392,9,50,0.886368768908028,0.9077743376508731,0.9561144374826567,COMPLETE
110,0.004927469865650999,2024-10-16 12:21:20.503580,2024-10-16 12:21:21.104463,0 days 00:00:00.600883,0.9666160274935306,0.062146949375688904,9,50,0.8853758954834267,0.9044643152247479,0.9402676839006421,COMPLETE
111,0.004355034184106959,2024-10-16 12:21:20.524214,2024-10-16 12:21:21.171640,0 days 00:00:00.647426,0.9627163355113492,0.06667264931576829,10,50,0.8851159909661543,0.8903344615426984,0.9472069265563701,COMPLETE
112,0.004309105408112647,2024-10-16 12:21:20.879870,2024-10-16 12:21:21.618040,0 days 00:00:00.738170,0.9629830165873254,0.06393873869398499,10,50,0.8575114259436835,0.8968850828745667,0.9477636894063822,COMPLETE
113,0.00463472192654848,2024-10-16 12:21:21.017642,2024-10-16 12:21:21.788652,0 days 00:00:00.771010,0.9289064595015256,0.06579366192191786,10,50,0.9143333330769209,0.8844866850567401,0.9438164651033043,COMPLETE
114,0.004904129145378835,2024-10-16 12:21:21.024167,2024-10-16 12:21:21.652745,0 days 00:00:00.628578,0.9296951979148084,0.06132494455279915,10,50,0.922387704532135,0.8867853996898567,0.9405506273420626,COMPLETE
115,0.0037945655227229025,2024-10-16 12:21:21.110924,2024-10-16 12:21:21.745662,0 days 00:00:00.634738,0.9601117770826902,0.08506382168618341,10,50,0.9256985611092512,0.8788240098651654,0.9540011012866814,COMPLETE
116,0.009816919506411202,2024-10-16 12:21:21.178107,2024-10-16 12:21:21.946349,0 days 00:00:00.768242,0.6401631425635468,0.08655774211067713,10,50,0.9230678311782671,0.844520772140066,0.8809962607449786,COMPLETE
117,0.007536016260948432,2024-10-16 12:21:21.624651,2024-10-16 12:21:22.267642,0 days 00:00:00.642991,0.977878527088187,0.04487264566894188,9,50,0.9139638789335304,0.8923477067060528,0.908646076444467,COMPLETE
118,0.0792649293295635,2024-10-16 12:21:21.659242,2024-10-16 12:21:22.446189,0 days 00:00:00.786947,0.9826675107401595,0.0005378141698938266,9,50,0.8243145095623484,0.7198387069976202,0.03912597267984941,COMPLETE
119,0.008311738852695682,2024-10-16 12:21:21.751919,2024-10-16 12:21:22.363793,0 days 00:00:00.611874,0.9762491723322869,0.042211194737321364,9,50,0.9510583897263721,0.888819689355793,0.8992425268908386,COMPLETE
120,0.004041004286196816,2024-10-16 12:21:21.795977,2024-10-16 12:21:22.417176,0 days 00:00:00.621199,0.9770357263174658,0.08436532445769901,9,50,0.9560589028044195,0.900705931412591,0.9510136942562349,COMPLETE
121,0.00399328678403884,2024-10-16 12:21:21.952867,2024-10-16 12:21:22.645944,0 days 00:00:00.693077,0.9757845272532711,0.08198069285389052,9,50,0.899825320854671,0.9040774073374301,0.9515921405988987,COMPLETE
122,0.003967373218853781,2024-10-16 12:21:22.274749,2024-10-16 12:21:23.031404,0 days 00:00:00.756655,0.976399383857588,0.0805034109949192,9,50,0.8236357570239838,0.9047396403488366,0.9519062728633466,COMPLETE
123,0.003918865276718527,2024-10-16 12:21:22.370471,2024-10-16 12:21:23.021139,0 days 00:00:00.650668,0.9527723050244411,0.08065863402667707,9,50,0.8975338461331573,0.9070717842240481,0.9524943011642705,COMPLETE
124,0.07854874128888203,2024-10-16 12:21:22.423582,2024-10-16 12:21:23.058415,0 days 00:00:00.634833,0.9527542289540939,0.0006583940939392892,9,50,0.8943191485538148,0.7210458480499603,0.04780782596337285,COMPLETE
125,0.004091769558624079,2024-10-16 12:21:22.455208,2024-10-16 12:21:23.073661,0 days 00:00:00.618453,0.9997612317622578,0.07554221869282189,9,50,0.8569348497431118,0.9071140118157192,0.9503983018982556,COMPLETE
126,0.0035397283045977175,2024-10-16 12:21:22.652527,2024-10-16 12:21:23.238214,0 days 00:00:00.585687,0.9524067317209355,0.09879758375642399,9,50,0.5352081072023598,0.911550361235474,0.9570903169860094,COMPLETE
127,0.00367324128477215,2024-10-16 12:21:23.039024,2024-10-16 12:21:23.513029,0 days 00:00:00.474005,0.9980845812949641,0.09966850991363588,9,50,0.535965902726866,0.9074294295625844,0.9554718312818674,COMPLETE
128,0.0033622588302973724,2024-10-16 12:21:23.064864,2024-10-16 12:21:23.553923,0 days 00:00:00.489059,0.9900255681519308,0.09712300100570102,9,50,0.8625840537938139,0.9064061430397441,0.9592416569283988,COMPLETE
129,0.003324730930910518,2024-10-16 12:21:23.083570,2024-10-16 12:21:23.556804,0 days 00:00:00.473234,0.9915643190148741,0.09840091621368331,10,50,0.8616257624089828,0.8802655398687663,0.9596965817498262,COMPLETE
