number,value,datetime_start,datetime_complete,duration,params_alpha,params_batch_size,params_drop_out_rate,params_encoder_neurons_layer_1,params_epochs,params_lambda,params_latent_dim,params_learning_rate,params_num_layers_decoder,params_num_layers_encoder,params_optimizer,user_attrs_encoder_decoder_config,user_attrs_first_layer_neurons,user_attrs_neurons_per_layer_decoder,user_attrs_neurons_per_layer_encoder,user_attrs_r2_feature_1,user_attrs_relative_deterioration,state
1062,-0.15857971439163188,2025-01-11 00:18:31.687440,2025-01-11 00:18:34.251296,0 days 00:00:02.563856,0.06895225709162867,72,0.2,24,100,1.602821637726894e-06,68,0.009828594513189496,5,2,adadelta,"{'neurons_per_layer_encoder': [24, 48], 'neurons_per_layer_decoder': [48, 24, 12, 8, 8]}",24,"[48, 24, 12, 8, 8]","[24, 48]",[-0.15857971439163188],0.6131641143568434,COMPLETE
1063,-0.36871507638320233,2025-01-11 00:18:32.452956,2025-01-11 00:18:35.054375,0 days 00:00:02.601419,0.12689663536038726,64,0.2,4,100,1.562299303320468e-06,8,1.7616632148766393e-05,1,2,adadelta,"{'neurons_per_layer_encoder': [4, 8], 'neurons_per_layer_decoder': [8]}",4,[8],"[4, 8]",[-0.36871507638320233],0.5653781355113577,COMPLETE
1064,-0.008220385237490913,2025-01-11 00:18:32.872018,2025-01-11 00:18:35.951989,0 days 00:00:03.079971,0.06889441016453363,72,0.2,4,100,1.5786786490868712e-06,8,5.11011570448243e-05,5,2,adadelta,"{'neurons_per_layer_encoder': [4, 8], 'neurons_per_layer_decoder': [8, 8, 8, 8, 8]}",4,"[8, 8, 8, 8, 8]","[4, 8]",[-0.008220385237490913],0.6884408175586199,COMPLETE
1065,0.3693445679821632,2025-01-11 00:18:33.396840,2025-01-11 00:18:35.795630,0 days 00:00:02.398790,0.18234799444562527,72,0.2,4,100,1.5715973626823213e-06,4,5.2390702455623466e-05,1,1,adadelta,"{'neurons_per_layer_encoder': [4], 'neurons_per_layer_decoder': [8]}",4,[8],[4],[0.3693445679821632],0.7851228720805178,COMPLETE
1066,-0.0039514672932245976,2025-01-11 00:18:34.101008,2025-01-11 00:18:35.522374,0 days 00:00:01.421366,0.18307103075271416,72,0.2,4,100,1.95852971844758e-06,4,5.279570464136838e-05,1,1,adadelta,"{'neurons_per_layer_encoder': [4], 'neurons_per_layer_decoder': [8]}",4,[8],[4],[-0.0039514672932245976],0.7837832218674867,COMPLETE
1067,-0.3385378689723946,2025-01-11 00:18:34.260340,2025-01-11 00:18:35.812943,0 days 00:00:01.552603,0.18337974651594707,64,0.2,148,100,1.0134619638918811e-06,172,5.196308743231955e-05,2,1,adadelta,"{'neurons_per_layer_encoder': [148], 'neurons_per_layer_decoder': [148, 74]}",148,"[148, 74]",[148],[-0.3385378689723946],0.5950919690269317,COMPLETE
1068,-0.19064456447043332,2025-01-11 00:18:35.063107,2025-01-11 00:18:36.578960,0 days 00:00:01.515853,0.14415175098166694,64,0.2,12,100,2.374220664487093e-06,13,5.880784365504655e-05,2,1,adadelta,"{'neurons_per_layer_encoder': [12], 'neurons_per_layer_decoder': [12, 8]}",12,"[12, 8]",[12],[-0.19064456447043332],0.5302150750828546,COMPLETE
1069,0.03539457603414098,2025-01-11 00:18:35.531882,2025-01-11 00:18:37.915983,0 days 00:00:02.384101,0.13865793820902317,112,0.2,12,100,2.3637227527420316e-06,13,0.00010927889092283543,2,1,adadelta,"{'neurons_per_layer_encoder': [12], 'neurons_per_layer_decoder': [12, 8]}",12,"[12, 8]",[12],[0.03539457603414098],0.7118705370484232,COMPLETE
1070,-0.03429418990439115,2025-01-11 00:18:35.805431,2025-01-11 00:18:37.316887,0 days 00:00:01.511456,0.19028748675972457,72,0.2,4,100,1.1643535108504939e-06,4,4.5488506333521594e-05,2,1,adadelta,"{'neurons_per_layer_encoder': [4], 'neurons_per_layer_decoder': [8, 8]}",4,"[8, 8]",[4],[-0.03429418990439115],0.5956083358384805,COMPLETE
1071,-0.3525459550330736,2025-01-11 00:18:35.821390,2025-01-11 00:18:38.221541,0 days 00:00:02.400151,0.18663527495695423,72,0.2,4,100,1.3161261078546193e-06,4,2.7258315697564135e-05,1,1,adadelta,"{'neurons_per_layer_encoder': [4], 'neurons_per_layer_decoder': [8]}",4,[8],[4],[-0.3525459550330736],0.6063004246412294,COMPLETE
1072,0.27711977301137836,2025-01-11 00:18:35.961603,2025-01-11 00:18:38.342343,0 days 00:00:02.380740,0.19282685439311376,72,0.2,4,100,1.7730170169052894e-06,4,0.0069139710371914805,1,1,adadelta,"{'neurons_per_layer_encoder': [4], 'neurons_per_layer_decoder': [8]}",4,[8],[4],[0.27711977301137836],0.7862822182191742,COMPLETE
1073,-0.09457722441827876,2025-01-11 00:18:36.588345,2025-01-11 00:18:38.985218,0 days 00:00:02.396873,0.17338758219743514,72,0.2,4,100,1.3270285676654042e-06,4,2.4871200607563435e-05,1,1,adadelta,"{'neurons_per_layer_encoder': [4], 'neurons_per_layer_decoder': [8]}",4,[8],[4],[-0.09457722441827876],0.5972779032670767,COMPLETE
1074,-0.11806227690981252,2025-01-11 00:18:37.326329,2025-01-11 00:18:39.719285,0 days 00:00:02.392956,0.1720114458072955,72,0.2,12,100,1.3125030012143683e-06,13,3.9173104777386304e-05,1,1,adadelta,"{'neurons_per_layer_encoder': [12], 'neurons_per_layer_decoder': [12]}",12,[12],[12],[-0.11806227690981252],0.6617235332100615,COMPLETE
1075,-0.5993457925883221,2025-01-11 00:18:37.925254,2025-01-11 00:18:40.069734,0 days 00:00:02.144480,0.1899312634016965,72,0.2,4,100,1.3582029507205623e-06,4,2.6560336180585506e-05,1,1,adadelta,"{'neurons_per_layer_encoder': [4], 'neurons_per_layer_decoder': [8]}",4,[8],[4],[-0.5993457925883221],0.1068907881426708,COMPLETE
1076,-0.43104184767228837,2025-01-11 00:18:38.231410,2025-01-11 00:18:40.310964,0 days 00:00:02.079554,0.1991833527367904,72,0.2,12,100,1.8817764533966373e-06,13,1.6705265289588427e-05,1,1,adadelta,"{'neurons_per_layer_encoder': [12], 'neurons_per_layer_decoder': [12]}",12,[12],[12],[-0.43104184767228837],0.521821541383436,COMPLETE
1077,-0.14637949912126946,2025-01-11 00:18:38.354041,2025-01-11 00:18:39.664678,0 days 00:00:01.310637,0.18239427479474823,72,0.2,12,100,1.3738502160659901e-06,13,3.892003188646887e-05,1,1,adadelta,"{'neurons_per_layer_encoder': [12], 'neurons_per_layer_decoder': [12]}",12,[12],[12],[-0.14637949912126946],0.6245864584397561,COMPLETE
1078,0.018693407704067022,2025-01-11 00:18:38.994080,2025-01-11 00:18:41.517119,0 days 00:00:02.523039,0.197411134121632,72,0.2,12,100,1.821636922733078e-06,13,4.345005752394968e-05,1,1,adadelta,"{'neurons_per_layer_encoder': [12], 'neurons_per_layer_decoder': [12]}",12,[12],[12],[0.018693407704067022],0.5470742276570223,COMPLETE
1079,-0.3963753774316716,2025-01-11 00:18:39.673561,2025-01-11 00:18:42.192345,0 days 00:00:02.518784,0.1819859774836654,72,0.2,12,100,1.9752499609465933e-06,13,1.6533561552330534e-05,1,1,adadelta,"{'neurons_per_layer_encoder': [12], 'neurons_per_layer_decoder': [12]}",12,[12],[12],[-0.3963753774316716],0.6636406113551065,COMPLETE
1080,-0.3871947867414607,2025-01-11 00:18:39.730963,2025-01-11 00:18:41.214599,0 days 00:00:01.483636,0.17625364814332445,80,0.2,8,100,1.8621153091752986e-06,8,4.509131467539969e-05,1,1,adadelta,"{'neurons_per_layer_encoder': [8], 'neurons_per_layer_decoder': [8]}",8,[8],[8],[-0.3871947867414607],0.3999776300871366,COMPLETE
1081,-0.8566248731849293,2025-01-11 00:18:40.079987,2025-01-11 00:18:41.580135,0 days 00:00:01.500148,0.1705822746194059,72,0.2,12,100,1.8449873216876916e-06,13,1.656570548576331e-05,1,1,adadelta,"{'neurons_per_layer_encoder': [12], 'neurons_per_layer_decoder': [12]}",12,[12],[12],[-0.8566248731849293],0.5790077584699108,COMPLETE
1082,-0.4205390198454826,2025-01-11 00:18:40.321809,2025-01-11 00:18:41.695758,0 days 00:00:01.373949,0.1669215515619338,72,0.2,8,100,1.6128550523446167e-06,8,1.5756807582664397e-05,1,1,adadelta,"{'neurons_per_layer_encoder': [8], 'neurons_per_layer_decoder': [8]}",8,[8],[8],[-0.4205390198454826],0.41598167057834645,COMPLETE
1083,0.10440856272882271,2025-01-11 00:18:41.224189,2025-01-11 00:18:42.584623,0 days 00:00:01.360434,0.16881819640137558,80,0.2,20,100,1.5383407630013664e-06,22,1.1243141275087714e-05,1,1,adadelta,"{'neurons_per_layer_encoder': [20], 'neurons_per_layer_decoder': [20]}",20,[20],[20],[0.10440856272882271],0.7580756178511568,COMPLETE
1084,-0.5553988480646557,2025-01-11 00:18:41.527374,2025-01-11 00:18:42.981659,0 days 00:00:01.454285,0.160933590338244,80,0.2,16,100,1.175480942499114e-06,17,1.5692156832097576e-05,1,1,adadelta,"{'neurons_per_layer_encoder': [16], 'neurons_per_layer_decoder': [16]}",16,[16],[16],[-0.5553988480646557],0.5174940717460617,COMPLETE
1085,-0.2359568289313323,2025-01-11 00:18:41.594145,2025-01-11 00:18:44.014074,0 days 00:00:02.419929,0.1753330324091755,80,0.2,20,100,1.6065229991461933e-06,22,1.1120850763909739e-05,1,1,adadelta,"{'neurons_per_layer_encoder': [20], 'neurons_per_layer_decoder': [20]}",20,[20],[20],[-0.2359568289313323],0.5038749132468849,COMPLETE
1086,-0.8504461603841942,2025-01-11 00:18:41.711076,2025-01-11 00:18:43.031788,0 days 00:00:01.320712,0.1643911840526237,64,0.2,20,100,1.562524648344058e-06,22,0.00578213316756061,1,1,adadelta,"{'neurons_per_layer_encoder': [20], 'neurons_per_layer_decoder': [20]}",20,[20],[20],[-0.8504461603841942],0.739212332048082,COMPLETE
1087,-0.13101415509408776,2025-01-11 00:18:42.202721,2025-01-11 00:18:43.918359,0 days 00:00:01.715638,0.16251276450019383,80,0.2,20,100,1.5795381081777916e-06,60,1.1511493528936657e-05,1,2,adadelta,"{'neurons_per_layer_encoder': [20, 40], 'neurons_per_layer_decoder': [40]}",20,[40],"[20, 40]",[-0.13101415509408776],0.7093159629375866,COMPLETE
1088,-0.06433224735534249,2025-01-11 00:18:42.593604,2025-01-11 00:18:45.649596,0 days 00:00:03.055992,0.16551081195603382,64,0.2,40,100,1.1474400669726847e-06,744,1.1491001542397915e-05,1,5,adadelta,"{'neurons_per_layer_encoder': [40, 80, 160, 320, 640], 'neurons_per_layer_decoder': [640]}",40,[640],"[40, 80, 160, 320, 640]",[-0.06433224735534249],0.7084757136675339,COMPLETE
1089,-0.36261537278813694,2025-01-11 00:18:42.991587,2025-01-11 00:18:44.572597,0 days 00:00:01.581010,0.1489990648816547,64,0.2,40,100,0.0005803160530388286,104,1.1936871248562723e-05,1,2,adadelta,"{'neurons_per_layer_encoder': [40, 80], 'neurons_per_layer_decoder': [80]}",40,[80],"[40, 80]",[-0.36261537278813694],0.8375528943067461,COMPLETE
1090,-0.5208303904059728,2025-01-11 00:18:43.043775,2025-01-11 00:18:44.713456,0 days 00:00:01.669681,0.015709485327978105,64,0.2,40,100,1.1461310812415798e-06,104,0.007712004835161779,1,2,adadelta,"{'neurons_per_layer_encoder': [40, 80], 'neurons_per_layer_decoder': [80]}",40,[80],"[40, 80]",[-0.5208303904059728],0.7369142434656023,COMPLETE
1091,-0.28385111213214254,2025-01-11 00:18:43.981014,2025-01-11 00:18:46.505299,0 days 00:00:02.524285,0.015743811386983032,64,0.30000000000000004,32,100,0.0005964545247226568,51,1.1492224270495842e-05,1,1,adadelta,"{'neurons_per_layer_encoder': [32], 'neurons_per_layer_decoder': [32]}",32,[32],[32],[-0.28385111213214254],0.7291734995887807,COMPLETE
1092,-0.4792358191591539,2025-01-11 00:18:44.025522,2025-01-11 00:18:45.417580,0 days 00:00:01.392058,0.14921769108074412,64,0.2,32,100,1.1558422419753915e-06,51,0.007479739642427395,1,1,adadelta,"{'neurons_per_layer_encoder': [32], 'neurons_per_layer_decoder': [32]}",32,[32],[32],[-0.4792358191591539],0.5128693992880823,COMPLETE
1093,-0.19389843663004913,2025-01-11 00:18:44.581709,2025-01-11 00:18:45.945952,0 days 00:00:01.364243,0.01597354964288984,64,0.30000000000000004,128,100,2.1442637750483333e-06,136,0.007468266175160869,1,1,adadelta,"{'neurons_per_layer_encoder': [128], 'neurons_per_layer_decoder': [128]}",128,[128],[128],[-0.19389843663004913],0.6839255741901261,COMPLETE
1094,-0.0472539177501381,2025-01-11 00:18:44.722532,2025-01-11 00:18:47.847720,0 days 00:00:03.125188,0.14722989917063453,64,0.2,32,100,2.1029359912348344e-06,808,1.0032115034362449e-05,1,5,adadelta,"{'neurons_per_layer_encoder': [32, 64, 128, 256, 512], 'neurons_per_layer_decoder': [512]}",32,[512],"[32, 64, 128, 256, 512]",[-0.0472539177501381],0.7452016022222748,COMPLETE
1095,-0.49153494912780693,2025-01-11 00:18:45.426733,2025-01-11 00:18:47.701255,0 days 00:00:02.274522,0.18122007864334713,72,0.30000000000000004,4,100,1.0024185582280002e-06,4,1.4119971408052116e-05,1,1,adadelta,"{'neurons_per_layer_encoder': [4], 'neurons_per_layer_decoder': [8]}",4,[8],[4],[-0.49153494912780693],0.6209925221964854,COMPLETE
1096,-1.30216054710541,2025-01-11 00:18:45.659034,2025-01-11 00:18:46.974749,0 days 00:00:01.315715,0.15617450561455223,72,0.30000000000000004,4,100,2.0714480957482916e-06,4,6.143183660310135e-05,1,1,adadelta,"{'neurons_per_layer_encoder': [4], 'neurons_per_layer_decoder': [8]}",4,[8],[4],[-1.30216054710541],0.342615417896137,COMPLETE
1097,-0.4493671837061848,2025-01-11 00:18:45.954543,2025-01-11 00:18:47.368293,0 days 00:00:01.413750,0.14490022783743572,72,0.2,4,100,2.125667274577028e-06,4,1.8418507729023256e-05,1,1,adadelta,"{'neurons_per_layer_encoder': [4], 'neurons_per_layer_decoder': [8]}",4,[8],[4],[-0.4493671837061848],0.6342947014939867,COMPLETE
1098,-0.49738755404938684,2025-01-11 00:18:46.516125,2025-01-11 00:18:48.997430,0 days 00:00:02.481305,0.14670339190634002,72,0.2,4,100,2.0004134842882425e-06,4,1.4549919036242986e-05,1,1,adadelta,"{'neurons_per_layer_encoder': [4], 'neurons_per_layer_decoder': [8]}",4,[8],[4],[-0.49738755404938684],0.26445474389607954,COMPLETE
1099,-1.3048709852398566,2025-01-11 00:18:46.983738,2025-01-11 00:18:48.321822,0 days 00:00:01.338084,0.1809434654980004,72,0.2,16,100,1.4077493817394078e-06,17,1.4545996651812371e-05,1,1,adadelta,"{'neurons_per_layer_encoder': [16], 'neurons_per_layer_decoder': [16]}",16,[16],[16],[-1.3048709852398566],0.6562849831991068,COMPLETE
1100,-0.12653006320990223,2025-01-11 00:18:47.377007,2025-01-11 00:18:48.734158,0 days 00:00:01.357151,0.01437967680843124,56,0.2,16,100,1.4588271802251098e-06,17,1.4305390210979923e-05,1,1,adadelta,"{'neurons_per_layer_encoder': [16], 'neurons_per_layer_decoder': [16]}",16,[16],[16],[-0.12653006320990223],0.708859878579613,COMPLETE
1101,-1.2576879898043556,2025-01-11 00:18:47.711881,2025-01-11 00:18:49.082836,0 days 00:00:01.370955,0.014535446046129587,56,0.2,16,100,1.5081125184457514e-06,17,1.4409494053142197e-05,1,1,adadelta,"{'neurons_per_layer_encoder': [16], 'neurons_per_layer_decoder': [16]}",16,[16],[16],[-1.2576879898043556],0.5651030330835304,COMPLETE
1102,-0.12113630406074205,2025-01-11 00:18:47.857468,2025-01-11 00:18:50.174593,0 days 00:00:02.317125,0.1355492232602621,56,0.2,16,100,1.4342193778679047e-06,17,1.426576913189868e-05,1,1,adadelta,"{'neurons_per_layer_encoder': [16], 'neurons_per_layer_decoder': [16]}",16,[16],[16],[-0.12113630406074205],0.5075488319810615,COMPLETE
1103,-0.429118344243429,2025-01-11 00:18:48.331048,2025-01-11 00:18:50.046542,0 days 00:00:01.715494,0.13838835025317325,56,0.2,8,100,1.7724475553609076e-06,8,0.0007992225673434654,1,1,adadelta,"{'neurons_per_layer_encoder': [8], 'neurons_per_layer_decoder': [8]}",8,[8],[8],[-0.429118344243429],0.6280465894330656,COMPLETE
1104,-0.06599400737045791,2025-01-11 00:18:48.742813,2025-01-11 00:18:50.975549,0 days 00:00:02.232736,0.06363154434149855,56,0.2,8,100,1.706811341654115e-06,8,1.797887699558879e-05,1,1,adadelta,"{'neurons_per_layer_encoder': [8], 'neurons_per_layer_decoder': [8]}",8,[8],[8],[-0.06599400737045791],0.6274569693666951,COMPLETE
1105,-0.1691256956759386,2025-01-11 00:18:49.006954,2025-01-11 00:18:50.354337,0 days 00:00:01.347383,0.06435442219060987,56,0.2,24,100,1.7230976721360575e-06,42,1.7999932064724713e-05,1,1,adadelta,"{'neurons_per_layer_encoder': [24], 'neurons_per_layer_decoder': [24]}",24,[24],[24],[-0.1691256956759386],0.551189995847142,COMPLETE
1106,0.31331222628761,2025-01-11 00:18:49.092294,2025-01-11 00:18:51.565307,0 days 00:00:02.473013,0.1353962829542036,64,0.2,24,100,0.0001219331834147237,42,3.218666807290789e-05,1,1,adadelta,"{'neurons_per_layer_encoder': [24], 'neurons_per_layer_decoder': [24]}",24,[24],[24],[0.31331222628761],0.8127715521689985,COMPLETE
1107,-0.3434079826571952,2025-01-11 00:18:50.055154,2025-01-11 00:18:51.414313,0 days 00:00:01.359159,0.06359913695406809,64,0.2,24,100,0.00014313207327622466,42,1.237908083320126e-05,1,1,adadelta,"{'neurons_per_layer_encoder': [24], 'neurons_per_layer_decoder': [24]}",24,[24],[24],[-0.3434079826571952],0.7406739621178449,COMPLETE
1108,-0.12335762100300363,2025-01-11 00:18:50.183940,2025-01-11 00:18:52.322034,0 days 00:00:02.138094,0.06369949910697188,64,0.2,24,100,0.0008893533829814964,84,1.886533841944728e-05,1,2,adadelta,"{'neurons_per_layer_encoder': [24, 48], 'neurons_per_layer_decoder': [48]}",24,[48],"[24, 48]",[-0.12335762100300363],0.8472105331229245,COMPLETE
1109,-0.2150882021696685,2025-01-11 00:18:50.363053,2025-01-11 00:18:51.946616,0 days 00:00:01.583563,0.15290670567619613,64,0.2,28,100,2.4861188973865486e-06,93,0.009962140758864231,1,2,adadelta,"{'neurons_per_layer_encoder': [28, 56], 'neurons_per_layer_decoder': [56]}",28,[56],"[28, 56]",[-0.2150882021696685],0.5036486575625811,COMPLETE
1110,-0.3127563309981152,2025-01-11 00:18:50.985656,2025-01-11 00:18:53.821298,0 days 00:00:02.835642,0.07527603002960932,64,0.2,28,100,0.0008823272585554195,93,1.2889468053437803e-05,1,2,adadelta,"{'neurons_per_layer_encoder': [28, 56], 'neurons_per_layer_decoder': [56]}",28,[56],"[28, 56]",[-0.3127563309981152],0.8426550355644166,COMPLETE
1111,-0.0942494303203909,2025-01-11 00:18:51.423650,2025-01-11 00:18:52.965071,0 days 00:00:01.541421,0.07741554385047575,64,0.2,32,100,2.4678692784739593e-06,102,0.0003996156011447816,1,2,adadelta,"{'neurons_per_layer_encoder': [32, 64], 'neurons_per_layer_decoder': [64]}",32,[64],"[32, 64]",[-0.0942494303203909],0.7736885315197553,COMPLETE
1112,0.048791400159008624,2025-01-11 00:18:51.575285,2025-01-11 00:18:53.280142,0 days 00:00:01.704857,0.131482005761508,64,0.2,28,100,0.000725089908570088,93,3.8163476705825354e-05,1,2,adadelta,"{'neurons_per_layer_encoder': [28, 56], 'neurons_per_layer_decoder': [56]}",28,[56],"[28, 56]",[0.048791400159008624],0.8665648323977951,COMPLETE
1113,0.19936480904589637,2025-01-11 00:18:51.955214,2025-01-11 00:18:54.806155,0 days 00:00:02.850941,0.1316088475579094,64,0.2,28,100,0.00014656501707794662,93,2.5591115486570945e-05,1,2,adadelta,"{'neurons_per_layer_encoder': [28, 56], 'neurons_per_layer_decoder': [56]}",28,[56],"[28, 56]",[0.19936480904589637],0.8500759795134795,COMPLETE
1114,0.3220853154577096,2025-01-11 00:18:52.332943,2025-01-11 00:18:54.811617,0 days 00:00:02.478674,0.12798859202543192,72,0.2,32,100,2.7367929432175514e-05,51,3.617899635769824e-05,1,1,adadelta,"{'neurons_per_layer_encoder': [32], 'neurons_per_layer_decoder': [32]}",32,[32],[32],[0.3220853154577096],0.8132932285626733,COMPLETE
1115,-0.6936747969703885,2025-01-11 00:18:52.973721,2025-01-11 00:18:54.829002,0 days 00:00:01.855281,0.12671207707748638,72,0.2,36,100,3.841990075864415e-05,71,4.815438905503527e-05,1,1,adadelta,"{'neurons_per_layer_encoder': [36], 'neurons_per_layer_decoder': [36]}",36,[36],[36],[-0.6936747969703885],0.6859292286293818,COMPLETE
1116,0.14367131339062866,2025-01-11 00:18:53.289858,2025-01-11 00:18:55.800485,0 days 00:00:02.510627,0.1258603342607789,72,0.2,36,100,2.60382778505245e-05,71,3.446338479612646e-05,1,1,adadelta,"{'neurons_per_layer_encoder': [36], 'neurons_per_layer_decoder': [36]}",36,[36],[36],[0.14367131339062866],0.7119185760121615,COMPLETE
1117,-0.8855693797531097,2025-01-11 00:18:53.831053,2025-01-11 00:18:55.792526,0 days 00:00:01.961473,0.12771046264009692,72,0.2,36,100,0.00017391670419623486,71,3.4084573824243555e-05,1,1,adadelta,"{'neurons_per_layer_encoder': [36], 'neurons_per_layer_decoder': [36]}",36,[36],[36],[-0.8855693797531097],0.5393938171358078,COMPLETE
1118,-0.5731528627585623,2025-01-11 00:18:54.820684,2025-01-11 00:18:56.171331,0 days 00:00:01.350647,0.13538443617365842,72,0.2,36,100,8.896046811526877e-05,71,3.7960063593912806e-05,1,1,adadelta,"{'neurons_per_layer_encoder': [36], 'neurons_per_layer_decoder': [36]}",36,[36],[36],[-0.5731528627585623],0.6228207779684682,COMPLETE
1119,-0.21687643249558075,2025-01-11 00:18:54.821664,2025-01-11 00:18:56.206222,0 days 00:00:01.384558,0.02927779756301726,72,0.2,44,100,2.796051010887835e-05,80,3.274779886450956e-05,1,1,adadelta,"{'neurons_per_layer_encoder': [44], 'neurons_per_layer_decoder': [44]}",44,[44],[44],[-0.21687643249558075],0.6039276301095229,COMPLETE
1120,-0.508878810307422,2025-01-11 00:18:54.841720,2025-01-11 00:18:56.201138,0 days 00:00:01.359418,0.1379914054463486,72,0.2,36,100,0.0001249351821695572,71,3.621333255850198e-05,1,1,adadelta,"{'neurons_per_layer_encoder': [36], 'neurons_per_layer_decoder': [36]}",36,[36],[36],[-0.508878810307422],0.702322696400609,COMPLETE
1121,-0.24997449474232503,2025-01-11 00:18:55.802110,2025-01-11 00:18:57.112653,0 days 00:00:01.310543,0.13604158855539386,72,0.2,24,100,9.045113502945551e-06,42,2.3319488458286207e-05,1,1,adadelta,"{'neurons_per_layer_encoder': [24], 'neurons_per_layer_decoder': [24]}",24,[24],[24],[-0.24997449474232503],0.33183923592852926,COMPLETE
1122,-0.3528321918517938,2025-01-11 00:18:55.811255,2025-01-11 00:18:57.129052,0 days 00:00:01.317797,0.13767822320420106,72,0.2,44,100,5.4088136694706716e-05,80,3.0502765010268492e-05,1,1,adadelta,"{'neurons_per_layer_encoder': [44], 'neurons_per_layer_decoder': [44]}",44,[44],[44],[-0.3528321918517938],0.7659275918502769,COMPLETE
1123,0.14169493871777583,2025-01-11 00:18:56.186070,2025-01-11 00:18:57.752556,0 days 00:00:01.566486,0.13785408067717073,80,0.2,24,100,2.950417322773653e-05,42,3.098935140566483e-05,1,1,adadelta,"{'neurons_per_layer_encoder': [24], 'neurons_per_layer_decoder': [24]}",24,[24],[24],[0.14169493871777583],0.747231819161146,COMPLETE
1124,0.014044763148761352,2025-01-11 00:18:56.218098,2025-01-11 00:18:57.521343,0 days 00:00:01.303245,0.1383517481092484,72,0.2,24,100,4.736723185486308e-05,42,4.141381012112506e-05,1,1,adadelta,"{'neurons_per_layer_encoder': [24], 'neurons_per_layer_decoder': [24]}",24,[24],[24],[0.014044763148761352],0.7275683034465564,COMPLETE
