number,value,datetime_start,datetime_complete,duration,params_alpha,params_batch_size,params_drop_out_rate,params_encoder_neurons_layer_1,params_epochs,params_lambda,params_latent_dim,params_learning_rate,params_num_layers_decoder,params_num_layers_encoder,params_optimizer,user_attrs_encoder_decoder_config,user_attrs_first_layer_neurons,user_attrs_neurons_per_layer_decoder,user_attrs_neurons_per_layer_encoder,user_attrs_r2_feature_1,user_attrs_relative_deterioration,state
0,-0.32094143590850743,2025-01-10 14:21:10.076798,2025-01-10 14:21:15.807609,0 days 00:00:05.730811,0.042558152794179294,56,0.2,132,100,3.4259792239561184e-05,496,0.0005910903605085769,5,2,adadelta,"{'neurons_per_layer_encoder': [132, 264], 'neurons_per_layer_decoder': [264, 132, 66, 33, 16]}",132,"[264, 132, 66, 33, 16]","[132, 264]",[-0.32094143590850743],0.6975792481937471,COMPLETE
1,-0.11761788394811745,2025-01-10 14:21:10.077298,2025-01-10 14:21:18.781574,0 days 00:00:08.704276,0.14591600472579253,72,0.30000000000000004,8,100,0.000911959928330425,280,0.0027926232845587613,4,5,adam,"{'neurons_per_layer_encoder': [8, 16, 32, 64, 128], 'neurons_per_layer_decoder': [128, 64, 32, 16]}",8,"[128, 64, 32, 16]","[8, 16, 32, 64, 128]",[-0.11761788394811745],0.9063591623129769,COMPLETE
2,-0.3960978064136329,2025-01-10 14:21:10.077142,2025-01-10 14:21:13.651590,0 days 00:00:03.574448,0.011796111704484732,56,0.1,96,100,1.8727964858859422e-06,728,0.002933297341620034,2,3,adadelta,"{'neurons_per_layer_encoder': [96, 192, 384], 'neurons_per_layer_decoder': [384, 192]}",96,"[384, 192]","[96, 192, 384]",[-0.3960978064136329],0.6677272676389867,COMPLETE
3,-0.09213241557531338,2025-01-10 14:21:10.077390,2025-01-10 14:21:20.350738,0 days 00:00:10.273348,0.06450117722812804,112,0.1,196,100,1.3244157167184932e-06,3512,1.3484389212128088e-05,3,5,adam,"{'neurons_per_layer_encoder': [196, 392, 784, 1568, 3136], 'neurons_per_layer_decoder': [3136, 1568, 784]}",196,"[3136, 1568, 784]","[196, 392, 784, 1568, 3136]",[-0.09213241557531338],0.4638599972446568,COMPLETE
4,-0.06099368341361022,2025-01-10 14:21:10.077038,2025-01-10 14:21:20.234665,0 days 00:00:10.157627,0.01438370608561805,56,0.30000000000000004,100,100,4.254792121957028e-05,3688,3.8634527580285573e-05,1,5,adadelta,"{'neurons_per_layer_encoder': [100, 200, 400, 800, 1600], 'neurons_per_layer_decoder': [1600]}",100,[1600],"[100, 200, 400, 800, 1600]",[-0.06099368341361022],0.9080210320304699,COMPLETE
5,0.022537577318058388,2025-01-10 14:21:13.664025,2025-01-10 14:21:21.542498,0 days 00:00:07.878473,0.11833613607188768,80,0.2,224,100,1.6061055757411252e-05,488,4.813323521277207e-05,2,2,adam,"{'neurons_per_layer_encoder': [224, 448], 'neurons_per_layer_decoder': [448, 224]}",224,"[448, 224]","[224, 448]",[0.022537577318058388],0.5429694991838389,COMPLETE
6,-0.13958460067439726,2025-01-10 14:21:15.820851,2025-01-10 14:21:20.652110,0 days 00:00:04.831259,0.13660697953965156,120,0.2,128,100,2.875591024400565e-06,2344,0.00018929619591761076,2,5,sgd,"{'neurons_per_layer_encoder': [128, 256, 512, 1024, 2048], 'neurons_per_layer_decoder': [2048, 1024]}",128,"[2048, 1024]","[128, 256, 512, 1024, 2048]",[-0.13958460067439726],0.7298339898789581,COMPLETE
7,-0.3138113470340338,2025-01-10 14:21:18.814779,2025-01-10 14:21:23.769050,0 days 00:00:04.954271,0.058535864860143866,56,0.4,140,100,0.00039416112606718596,4312,0.0003153507906667987,5,5,sgd,"{'neurons_per_layer_encoder': [140, 280, 560, 1120, 2240], 'neurons_per_layer_decoder': [2240, 1120, 560, 280, 140]}",140,"[2240, 1120, 560, 280, 140]","[140, 280, 560, 1120, 2240]",[-0.3138113470340338],0.9919705918951117,COMPLETE
8,-0.19217423415848423,2025-01-10 14:21:20.246223,2025-01-10 14:21:23.904592,0 days 00:00:03.658369,0.17228522129556204,56,0.1,52,100,2.364098617521857e-06,224,0.0022225529813891315,5,2,adam,"{'neurons_per_layer_encoder': [52, 104], 'neurons_per_layer_decoder': [104, 52, 26, 13, 8]}",52,"[104, 52, 26, 13, 8]","[52, 104]",[-0.19217423415848423],0.23402756637016833,COMPLETE
9,-0.7757954032444161,2025-01-10 14:21:20.363167,2025-01-10 14:21:24.493792,0 days 00:00:04.130625,0.07176543141867894,104,0.30000000000000004,240,100,0.00011439091508829635,936,0.0016342157853122088,1,2,adam,"{'neurons_per_layer_encoder': [240, 480], 'neurons_per_layer_decoder': [480]}",240,[480],"[240, 480]",[-0.7757954032444161],0.593856471424812,COMPLETE
10,-0.10003895047273237,2025-01-10 14:21:20.661596,2025-01-10 14:21:23.225019,0 days 00:00:02.563423,0.04153817735690606,40,0.30000000000000004,188,100,7.04572981424678e-06,1144,0.0006770520667945171,3,3,sgd,"{'neurons_per_layer_encoder': [188, 376, 752], 'neurons_per_layer_decoder': [752, 376, 188]}",188,"[752, 376, 188]","[188, 376, 752]",[-0.10003895047273237],0.7541876803592233,COMPLETE
11,-0.17220968494263644,2025-01-10 14:21:21.555680,2025-01-10 14:21:25.325338,0 days 00:00:03.769658,0.031608120582463296,104,0.2,144,100,8.01421154318947e-06,952,0.0005676150951287003,5,3,adam,"{'neurons_per_layer_encoder': [144, 288, 576], 'neurons_per_layer_decoder': [576, 288, 144, 72, 36]}",144,"[576, 288, 144, 72, 36]","[144, 288, 576]",[-0.17220968494263644],0.5459714396954858,COMPLETE
12,-0.11118049411098019,2025-01-10 14:21:23.236380,2025-01-10 14:21:27.475606,0 days 00:00:04.239226,0.1490557080584955,64,0.1,132,100,6.912296727720729e-06,1832,3.378583101108276e-05,4,4,adadelta,"{'neurons_per_layer_encoder': [132, 264, 528, 1056], 'neurons_per_layer_decoder': [1056, 528, 264, 132]}",132,"[1056, 528, 264, 132]","[132, 264, 528, 1056]",[-0.11118049411098019],0.7672141608585575,COMPLETE
13,-0.015198636116825481,2025-01-10 14:21:23.778200,2025-01-10 14:21:32.200621,0 days 00:00:08.422421,0.02139713154785803,88,0.2,224,100,7.742962829329583e-05,3896,0.0016018830076834141,2,4,adadelta,"{'neurons_per_layer_encoder': [224, 448, 896, 1792], 'neurons_per_layer_decoder': [1792, 896]}",224,"[1792, 896]","[224, 448, 896, 1792]",[-0.015198636116825481],0.9566444395820647,COMPLETE
14,0.0987385803530616,2025-01-10 14:21:23.913292,2025-01-10 14:21:27.637882,0 days 00:00:03.724590,0.08001695760622181,96,0.4,236,100,0.00011307641806597736,420,7.44623003178366e-05,1,1,adam,"{'neurons_per_layer_encoder': [236], 'neurons_per_layer_decoder': [236]}",236,[236],[236],[0.0987385803530616],0.6823063442939777,COMPLETE
15,-0.11388367076599915,2025-01-10 14:21:24.502781,2025-01-10 14:21:26.787774,0 days 00:00:02.284993,0.01043299061856906,88,0.4,232,100,2.048683416434905e-05,352,3.727412654009268e-05,1,1,adadelta,"{'neurons_per_layer_encoder': [232], 'neurons_per_layer_decoder': [232]}",232,[232],[232],[-0.11388367076599915],0.6443867145166592,COMPLETE
16,-0.05969847765182257,2025-01-10 14:21:25.333983,2025-01-10 14:21:28.613930,0 days 00:00:03.279947,0.010570896516269227,88,0.4,252,100,3.684394621037887e-05,372,3.815805634351937e-05,1,1,adadelta,"{'neurons_per_layer_encoder': [252], 'neurons_per_layer_decoder': [252]}",252,[252],[252],[-0.05969847765182257],0.8330183545162878,COMPLETE
17,-0.009623317727745162,2025-01-10 14:21:26.799985,2025-01-10 14:21:32.744627,0 days 00:00:05.944642,0.022493531089309234,80,0.30000000000000004,72,100,5.9589305534887756e-05,1240,7.792877659965388e-05,2,4,adadelta,"{'neurons_per_layer_encoder': [72, 144, 288, 576], 'neurons_per_layer_decoder': [576, 288]}",72,"[576, 288]","[72, 144, 288, 576]",[-0.009623317727745162],0.8836464068392564,COMPLETE
18,-0.18224639548619637,2025-01-10 14:21:27.484701,2025-01-10 14:21:30.502581,0 days 00:00:03.017880,0.01950735500178347,88,0.30000000000000004,84,100,4.8387293347842324e-05,92,9.584836031128803e-05,2,1,adadelta,"{'neurons_per_layer_encoder': [84], 'neurons_per_layer_decoder': [84, 42]}",84,"[84, 42]",[84],[-0.18224639548619637],0.7124196661432257,COMPLETE
19,-0.25975763850447064,2025-01-10 14:21:27.648435,2025-01-10 14:21:30.564054,0 days 00:00:02.915619,0.09379073980306656,88,0.4,256,100,0.0001362589170494165,424,0.0001461385938504237,2,1,adam,"{'neurons_per_layer_encoder': [256], 'neurons_per_layer_decoder': [256, 128]}",256,"[256, 128]",[256],[-0.25975763850447064],0.7742813701965708,COMPLETE
20,-0.24140780452626154,2025-01-10 14:21:28.623952,2025-01-10 14:21:31.150358,0 days 00:00:02.526406,0.09647994994919827,88,0.2,188,100,0.00013784659744134882,404,0.00011425981753231882,2,1,adam,"{'neurons_per_layer_encoder': [188], 'neurons_per_layer_decoder': [188, 94]}",188,"[188, 94]",[188],[-0.24140780452626154],0.6498083815636944,COMPLETE
21,-0.08057971223605653,2025-01-10 14:21:30.520281,2025-01-10 14:21:34.101135,0 days 00:00:03.580854,0.09473050586260874,80,0.2,200,100,0.00015857282625569288,552,0.00010168820631822958,2,2,adam,"{'neurons_per_layer_encoder': [200, 400], 'neurons_per_layer_decoder': [400, 200]}",200,"[400, 200]","[200, 400]",[-0.08057971223605653],0.874053522914875,COMPLETE
22,-0.555984401106137,2025-01-10 14:21:30.585511,2025-01-10 14:21:33.393389,0 days 00:00:02.807878,0.09809514160740676,128,0.2,196,100,0.0001116748532562843,560,0.009310856338656808,3,2,adam,"{'neurons_per_layer_encoder': [196, 392], 'neurons_per_layer_decoder': [392, 196, 98]}",196,"[392, 196, 98]","[196, 392]",[-0.555984401106137],0.813774201962909,COMPLETE
23,-0.1413065739958319,2025-01-10 14:21:31.161633,2025-01-10 14:21:33.864724,0 days 00:00:02.703091,0.11159929036760875,128,0.2,220,100,1.6161807933515947e-05,624,1.1470685605502674e-05,3,2,adam,"{'neurons_per_layer_encoder': [220, 440], 'neurons_per_layer_decoder': [440, 220, 110]}",220,"[440, 220, 110]","[220, 440]",[-0.1413065739958319],0.6752766052393051,COMPLETE
24,-5.741135959020288,2025-01-10 14:21:32.212666,2025-01-10 14:21:34.693062,0 days 00:00:02.480396,0.10180402670650929,128,0.4,208,100,1.2615284275083957e-05,584,0.007284536901594474,3,2,adam,"{'neurons_per_layer_encoder': [208, 416], 'neurons_per_layer_decoder': [416, 208, 104]}",208,"[416, 208, 104]","[208, 416]",[-5.741135959020288],-2.361942155320696,COMPLETE
25,-0.22950569348751237,2025-01-10 14:21:32.753937,2025-01-10 14:21:36.863693,0 days 00:00:04.109756,0.10666150459004559,72,0.4,208,100,1.4678536142991915e-05,1960,1.3349052458938891e-05,3,4,adam,"{'neurons_per_layer_encoder': [208, 416, 832, 1664], 'neurons_per_layer_decoder': [1664, 832, 416]}",208,"[1664, 832, 416]","[208, 416, 832, 1664]",[-0.22950569348751237],0.831367061394875,COMPLETE
26,-0.02072679611785566,2025-01-10 14:21:33.401505,2025-01-10 14:21:37.811112,0 days 00:00:04.409607,0.023080043703225347,72,0.4,48,100,2.0062703178300474e-05,600,1.3618117939511389e-05,1,4,adam,"{'neurons_per_layer_encoder': [48, 96, 192, 384], 'neurons_per_layer_decoder': [384]}",48,[384],"[48, 96, 192, 384]",[-0.02072679611785566],0.699663613458504,COMPLETE
27,0.047378625163148835,2025-01-10 14:21:33.872281,2025-01-10 14:21:38.348735,0 days 00:00:04.476454,0.023825836147160436,72,0.4,48,100,0.0002732416580551077,520,6.837306193605446e-05,1,4,adam,"{'neurons_per_layer_encoder': [48, 96, 192, 384], 'neurons_per_layer_decoder': [384]}",48,[384],"[48, 96, 192, 384]",[0.047378625163148835],0.9334439799142282,COMPLETE
28,-0.10977573935676577,2025-01-10 14:21:34.110896,2025-01-10 14:21:36.738698,0 days 00:00:02.627802,0.02945203675623196,104,0.4,168,100,0.0002526534907629433,1624,6.539907024669805e-05,1,4,sgd,"{'neurons_per_layer_encoder': [168, 336, 672, 1344], 'neurons_per_layer_decoder': [1344]}",168,[1344],"[168, 336, 672, 1344]",[-0.10977573935676577],0.9721929471382383,COMPLETE
29,-0.03669333506262573,2025-01-10 14:21:34.702275,2025-01-10 14:21:38.639849,0 days 00:00:03.937574,0.03186103393176623,104,0.30000000000000004,160,100,0.00033230046983812983,1560,7.574792894867724e-05,1,4,sgd,"{'neurons_per_layer_encoder': [160, 320, 640, 1280], 'neurons_per_layer_decoder': [1280]}",160,[1280],"[160, 320, 640, 1280]",[-0.03669333506262573],0.9787816457303404,COMPLETE
30,0.12464479326243039,2025-01-10 14:21:36.745642,2025-01-10 14:21:40.648723,0 days 00:00:03.903081,0.05068247843983793,72,0.30000000000000004,44,100,6.541177403768506e-05,472,2.3798382749534254e-05,1,4,adam,"{'neurons_per_layer_encoder': [44, 88, 176, 352], 'neurons_per_layer_decoder': [352]}",44,[352],"[44, 88, 176, 352]",[0.12464479326243039],0.8357305777361725,COMPLETE
31,-0.17804360437924327,2025-01-10 14:21:36.872270,2025-01-10 14:21:38.080860,0 days 00:00:01.208590,0.1904509486594449,72,0.30000000000000004,20,100,0.0007304353319383335,120,2.3355573754175578e-05,1,3,sgd,"{'neurons_per_layer_encoder': [20, 40, 80], 'neurons_per_layer_decoder': [80]}",20,[80],"[20, 40, 80]",[-0.17804360437924327],0.8804262398598021,COMPLETE
32,-0.2930533266733719,2025-01-10 14:21:37.819813,2025-01-10 14:21:39.381467,0 days 00:00:01.561654,0.051738452699000716,96,0.30000000000000004,168,100,5.60145945503756e-05,1256,6.48955321190242e-05,1,3,sgd,"{'neurons_per_layer_encoder': [168, 336, 672], 'neurons_per_layer_decoder': [672]}",168,[672],"[168, 336, 672]",[-0.2930533266733719],0.8409569780309382,COMPLETE
33,0.14919563113935597,2025-01-10 14:21:38.088017,2025-01-10 14:21:42.243264,0 days 00:00:04.155247,0.04699739064220198,40,0.30000000000000004,64,100,6.556170738970549e-05,472,0.00023672395285533727,2,3,adadelta,"{'neurons_per_layer_encoder': [64, 128, 256], 'neurons_per_layer_decoder': [256, 128]}",64,"[256, 128]","[64, 128, 256]",[0.14919563113935597],0.8305499715649524,COMPLETE
34,-0.39471332076322185,2025-01-10 14:21:38.358663,2025-01-10 14:21:43.014712,0 days 00:00:04.656049,0.04755502331193191,40,0.30000000000000004,160,100,0.00038992142865100363,776,0.00030901738056220124,1,3,adam,"{'neurons_per_layer_encoder': [160, 320, 640], 'neurons_per_layer_decoder': [640]}",160,[640],"[160, 320, 640]",[-0.39471332076322185],0.9385054850067636,COMPLETE
35,-0.37783575231161115,2025-01-10 14:21:38.648746,2025-01-10 14:21:41.066760,0 days 00:00:02.418014,0.04685039600443901,40,0.30000000000000004,56,100,0.00023780184342192637,456,5.7012495033562315e-05,2,3,adam,"{'neurons_per_layer_encoder': [56, 112, 224], 'neurons_per_layer_decoder': [224, 112]}",56,"[224, 112]","[56, 112, 224]",[-0.37783575231161115],0.8852888579312458,COMPLETE
36,-0.2257891826938725,2025-01-10 14:21:39.389254,2025-01-10 14:21:42.260962,0 days 00:00:02.871708,0.040613193151004874,40,0.4,60,100,7.593428647750144e-05,472,0.00025832058421725577,2,3,adam,"{'neurons_per_layer_encoder': [60, 120, 240], 'neurons_per_layer_decoder': [240, 120]}",60,"[240, 120]","[60, 120, 240]",[-0.2257891826938725],0.7220137651546926,COMPLETE
37,-0.19884605722004411,2025-01-10 14:21:40.657426,2025-01-10 14:21:43.181171,0 days 00:00:02.523745,0.04239217389045525,40,0.4,24,100,0.0005799779847162513,152,2.1259245029549352e-05,1,3,adam,"{'neurons_per_layer_encoder': [24, 48, 96], 'neurons_per_layer_decoder': [96]}",24,[96],"[24, 48, 96]",[-0.19884605722004411],0.8764126117315008,COMPLETE
38,0.17383674850097708,2025-01-10 14:21:41.074735,2025-01-10 14:21:43.869599,0 days 00:00:02.794864,0.07682861567642509,64,0.4,20,100,0.000507783144303384,22,2.1529906675539748e-05,1,1,adam,"{'neurons_per_layer_encoder': [20], 'neurons_per_layer_decoder': [20]}",20,[20],[20],[0.17383674850097708],0.7940254214292,COMPLETE
39,-0.37057842972017685,2025-01-10 14:21:42.251461,2025-01-10 14:21:45.894183,0 days 00:00:03.642722,0.07619444371374891,32,0.4,24,100,0.0006433807404916987,520,2.3535762595306534e-05,1,5,adam,"{'neurons_per_layer_encoder': [24, 48, 96, 192, 384], 'neurons_per_layer_decoder': [384]}",24,[384],"[24, 48, 96, 192, 384]",[-0.37057842972017685],0.9565236683452724,COMPLETE
40,-0.13408885487556832,2025-01-10 14:21:42.274119,2025-01-10 14:21:45.032095,0 days 00:00:02.757976,0.07618080641482518,32,0.4,28,100,0.0005258952177032169,664,2.1910124358151122e-05,1,5,adadelta,"{'neurons_per_layer_encoder': [28, 56, 112, 224, 448], 'neurons_per_layer_decoder': [448]}",28,[448],"[28, 56, 112, 224, 448]",[-0.13408885487556832],0.9640244401076992,COMPLETE
41,-0.09614788273293606,2025-01-10 14:21:43.024985,2025-01-10 14:21:47.389871,0 days 00:00:04.364886,0.06398520363729777,32,0.4,36,100,0.00020403640272636243,696,2.2788366131170872e-05,1,5,adadelta,"{'neurons_per_layer_encoder': [36, 72, 144, 288, 576], 'neurons_per_layer_decoder': [576]}",36,[576],"[36, 72, 144, 288, 576]",[-0.09614788273293606],0.9375652701392638,COMPLETE
42,0.0363936921405037,2025-01-10 14:21:43.189566,2025-01-10 14:21:54.222065,0 days 00:00:11.032499,0.07794920102862996,32,0.4,104,100,0.000212427968982959,2936,0.00019139070688646963,1,5,adadelta,"{'neurons_per_layer_encoder': [104, 208, 416, 832, 1664], 'neurons_per_layer_decoder': [1664]}",104,[1664],"[104, 208, 416, 832, 1664]",[0.0363936921405037],0.978851885498345,COMPLETE
43,-0.345404945371925,2025-01-10 14:21:43.879057,2025-01-10 14:21:45.511992,0 days 00:00:01.632935,0.07636712813375557,32,0.30000000000000004,4,100,2.9182852370517988e-05,4,2.147289008670578e-05,1,1,adadelta,"{'neurons_per_layer_encoder': [4], 'neurons_per_layer_decoder': [8]}",4,[8],[4],[-0.345404945371925],0.5912883678403493,COMPLETE
44,-0.1512384532678086,2025-01-10 14:21:45.040638,2025-01-10 14:21:47.979932,0 days 00:00:02.939294,0.057686383423892255,64,0.30000000000000004,4,100,3.253092447832883e-05,4,0.0007267471900664189,4,1,adadelta,"{'neurons_per_layer_encoder': [4], 'neurons_per_layer_decoder': [8, 8, 8, 8]}",4,"[8, 8, 8, 8]",[4],[-0.1512384532678086],0.6233353330390565,COMPLETE
45,-0.11937705288296474,2025-01-10 14:21:45.522766,2025-01-10 14:21:52.302087,0 days 00:00:06.779321,0.06788392531699239,64,0.4,36,100,0.00019740814706711656,728,0.00018897625944524446,1,5,adam,"{'neurons_per_layer_encoder': [36, 72, 144, 288, 576], 'neurons_per_layer_decoder': [576]}",36,[576],"[36, 72, 144, 288, 576]",[-0.11937705288296474],0.926222901628015,COMPLETE
46,-0.136671696044401,2025-01-10 14:21:45.910470,2025-01-10 14:21:52.591591,0 days 00:00:06.681121,0.05709932018274493,64,0.4,104,100,0.00020414122282633765,888,0.00016860003416003153,1,4,adam,"{'neurons_per_layer_encoder': [104, 208, 416, 832], 'neurons_per_layer_decoder': [832]}",104,[832],"[104, 208, 416, 832]",[-0.136671696044401],0.94031534780575,COMPLETE
47,-0.13176051616419193,2025-01-10 14:21:47.399569,2025-01-10 14:21:53.398177,0 days 00:00:05.998608,0.05811833743574323,64,0.4,96,100,8.372879096086184e-05,840,0.0006172697384475037,1,4,adam,"{'neurons_per_layer_encoder': [96, 192, 384, 768], 'neurons_per_layer_decoder': [768]}",96,[768],"[96, 192, 384, 768]",[-0.13176051616419193],0.8624199597545392,COMPLETE
48,-0.274482941501623,2025-01-10 14:21:47.989392,2025-01-10 14:21:52.142954,0 days 00:00:04.153562,0.05425466354826798,64,0.4,108,100,7.344143447803117e-05,920,0.00019425385174643637,1,4,adam,"{'neurons_per_layer_encoder': [108, 216, 432, 864], 'neurons_per_layer_decoder': [864]}",108,[864],"[108, 216, 432, 864]",[-0.274482941501623],0.8609245322715021,COMPLETE
49,-0.1273803264627673,2025-01-10 14:21:52.152183,2025-01-10 14:21:57.387139,0 days 00:00:05.234956,0.035305524289779434,48,0.4,40,100,0.0009363048845360937,520,4.620214215232332e-05,2,4,adam,"{'neurons_per_layer_encoder': [40, 80, 160, 320], 'neurons_per_layer_decoder': [320, 160]}",40,"[320, 160]","[40, 80, 160, 320]",[-0.1273803264627673],0.9759915750540786,COMPLETE
50,-0.07477973279215622,2025-01-10 14:21:52.316964,2025-01-10 14:21:57.886160,0 days 00:00:05.569196,0.03618859121597312,48,0.4,72,100,0.00029914435187221235,776,0.0004238011036986224,2,4,adam,"{'neurons_per_layer_encoder': [72, 144, 288, 576], 'neurons_per_layer_decoder': [576, 288]}",72,"[576, 288]","[72, 144, 288, 576]",[-0.07477973279215622],0.9575495386973231,COMPLETE
51,-0.028041690029048993,2025-01-10 14:21:52.599976,2025-01-10 14:21:55.274009,0 days 00:00:02.674033,0.08522149122314988,48,0.30000000000000004,76,100,0.00010463088667958619,99,0.0004158997850496138,2,1,adam,"{'neurons_per_layer_encoder': [76], 'neurons_per_layer_decoder': [76, 38]}",76,"[76, 38]",[76],[-0.028041690029048993],0.4945314552228719,COMPLETE
52,-0.593021767114861,2025-01-10 14:21:53.412669,2025-01-10 14:21:55.913278,0 days 00:00:02.500609,0.03638873851546574,48,0.30000000000000004,72,100,0.00032351402728692213,95,4.33864019042203e-05,2,1,adam,"{'neurons_per_layer_encoder': [72], 'neurons_per_layer_decoder': [72, 36]}",72,"[72, 36]",[72],[-0.593021767114861],0.7227674384279583,COMPLETE
53,0.31318292738256126,2025-01-10 14:21:54.231509,2025-01-10 14:21:57.424777,0 days 00:00:03.193268,0.01569040820978942,48,0.1,72,100,0.0008747786230710557,95,4.5378646132209624e-05,2,1,adam,"{'neurons_per_layer_encoder': [72], 'neurons_per_layer_decoder': [72, 36]}",72,"[72, 36]",[72],[0.31318292738256126],0.9112990825616001,COMPLETE
54,-0.3197323912810581,2025-01-10 14:21:55.282658,2025-01-10 14:21:57.440797,0 days 00:00:02.158139,0.0360576483102147,48,0.1,44,100,0.00041662812881194136,64,3.4151758530972516e-05,2,1,adam,"{'neurons_per_layer_encoder': [44], 'neurons_per_layer_decoder': [44, 22]}",44,"[44, 22]",[44],[-0.3197323912810581],0.6777046839672136,COMPLETE
55,-0.19416474941640938,2025-01-10 14:21:55.922086,2025-01-10 14:22:01.242140,0 days 00:00:05.320054,0.12154550057930665,48,0.4,116,100,0.0009019685274872729,2840,0.00012579372973399078,1,5,adadelta,"{'neurons_per_layer_encoder': [116, 232, 464, 928, 1856], 'neurons_per_layer_decoder': [1856]}",116,[1856],"[116, 232, 464, 928, 1856]",[-0.19416474941640938],0.9940093399234139,COMPLETE
