number,value,datetime_start,datetime_complete,duration,params_alpha,params_batch_size,params_drop_out_rate,params_encoder_neurons_layer_1,params_epochs,params_lambda,params_latent_dim,params_learning_rate,params_num_layers_decoder,params_num_layers_encoder,params_optimizer,user_attrs_encoder_decoder_config,user_attrs_first_layer_neurons,user_attrs_neurons_per_layer_decoder,user_attrs_neurons_per_layer_encoder,user_attrs_r2_feature_1,user_attrs_relative_deterioration,state
1636,-0.18877213106575863,2025-01-11 00:23:26.796478,2025-01-11 00:23:28.101390,0 days 00:00:01.304912,0.040905205460313114,80,0.2,4,100,1.7206483550750478e-06,4,0.0003950017919783833,1,1,adadelta,"{'neurons_per_layer_encoder': [4], 'neurons_per_layer_decoder': [8]}",4,[8],[4],[-0.18877213106575863],0.6057202854833872,COMPLETE
1637,0.0357768694883579,2025-01-11 00:23:27.131083,2025-01-11 00:23:28.789244,0 days 00:00:01.658161,0.16809307459282413,80,0.2,4,100,1.778391558297413e-06,4,1.599160580998262e-05,1,1,adadelta,"{'neurons_per_layer_encoder': [4], 'neurons_per_layer_decoder': [8]}",4,[8],[4],[0.0357768694883579],0.6702332286922331,COMPLETE
1638,-0.10108444450970189,2025-01-11 00:23:27.649097,2025-01-11 00:23:30.015952,0 days 00:00:02.366855,0.050875731205596735,80,0.2,4,100,1.7780210284840857e-06,4,1.5394625297803233e-05,1,1,adadelta,"{'neurons_per_layer_encoder': [4], 'neurons_per_layer_decoder': [8]}",4,[8],[4],[-0.10108444450970189],0.6279692950074258,COMPLETE
1639,-0.10217830149049667,2025-01-11 00:23:27.912237,2025-01-11 00:23:29.238145,0 days 00:00:01.325908,0.016715540900837784,72,0.2,4,100,2.5418168242360367e-06,4,1.65919757285143e-05,1,1,adadelta,"{'neurons_per_layer_encoder': [4], 'neurons_per_layer_decoder': [8]}",4,[8],[4],[-0.10217830149049667],0.6040003830357779,COMPLETE
1640,-0.446551830802685,2025-01-11 00:23:28.084726,2025-01-11 00:23:30.454722,0 days 00:00:02.369996,0.0316936181217932,72,0.2,8,100,2.327577476454965e-06,8,1.6482823838613864e-05,1,1,adadelta,"{'neurons_per_layer_encoder': [8], 'neurons_per_layer_decoder': [8]}",8,[8],[8],[-0.446551830802685],0.5287761838710405,COMPLETE
1641,-0.20112040144862364,2025-01-11 00:23:28.110952,2025-01-11 00:23:30.086883,0 days 00:00:01.975931,0.16832965011392997,72,0.2,12,100,2.347283909954976e-06,13,0.00026459316957277307,1,1,adadelta,"{'neurons_per_layer_encoder': [12], 'neurons_per_layer_decoder': [12]}",12,[12],[12],[-0.20112040144862364],0.5969411420117468,COMPLETE
1642,-0.5780685820136338,2025-01-11 00:23:29.248556,2025-01-11 00:23:31.733008,0 days 00:00:02.484452,0.0386356507150999,72,0.2,12,100,2.1808309230507614e-06,13,0.00025911023316858655,1,1,adadelta,"{'neurons_per_layer_encoder': [12], 'neurons_per_layer_decoder': [12]}",12,[12],[12],[-0.5780685820136338],0.3225422170971996,COMPLETE
1643,-0.18408473483959487,2025-01-11 00:23:30.026290,2025-01-11 00:23:31.397903,0 days 00:00:01.371613,0.16955463936791731,72,0.2,12,100,5.947999245045044e-05,13,2.2189085941764194e-05,1,1,adadelta,"{'neurons_per_layer_encoder': [12], 'neurons_per_layer_decoder': [12]}",12,[12],[12],[-0.18408473483959487],0.7751628406861916,COMPLETE
1644,0.06495936741563302,2025-01-11 00:23:30.096620,2025-01-11 00:23:31.892934,0 days 00:00:01.796314,0.16995874725420065,64,0.2,28,100,2.0937389668173958e-06,46,2.0050921153068664e-05,1,1,adadelta,"{'neurons_per_layer_encoder': [28], 'neurons_per_layer_decoder': [28]}",28,[28],[28],[0.06495936741563302],0.7649449965310857,COMPLETE
1645,0.0031145138681821782,2025-01-11 00:23:30.466754,2025-01-11 00:23:31.845262,0 days 00:00:01.378508,0.018786381736627604,64,0.2,28,100,2.0965212595178093e-06,46,2.0414510287430968e-05,1,1,adadelta,"{'neurons_per_layer_encoder': [28], 'neurons_per_layer_decoder': [28]}",28,[28],[28],[0.0031145138681821782],0.8100200961778216,COMPLETE
1646,-0.5665111394412945,2025-01-11 00:23:31.742555,2025-01-11 00:23:33.015733,0 days 00:00:01.273178,0.16599017618015255,64,0.2,28,100,1.4855748325860178e-06,46,2.9779444484206434e-05,1,1,adadelta,"{'neurons_per_layer_encoder': [28], 'neurons_per_layer_decoder': [28]}",28,[28],[28],[-0.5665111394412945],0.32978249088760864,COMPLETE
1647,-0.1725686876385768,2025-01-11 00:23:31.854596,2025-01-11 00:23:33.397665,0 days 00:00:01.543069,0.1623973130531076,128,0.2,16,100,1.4367827585180626e-06,17,2.755917772173303e-05,1,1,adadelta,"{'neurons_per_layer_encoder': [16], 'neurons_per_layer_decoder': [16]}",16,[16],[16],[-0.1725686876385768],0.5152346969749256,COMPLETE
1648,-0.2732383192826928,2025-01-11 00:23:31.903621,2025-01-11 00:23:33.621420,0 days 00:00:01.717799,0.16427401117099588,64,0.2,20,100,1.4474349919872733e-06,22,2.948372824045203e-05,1,1,adadelta,"{'neurons_per_layer_encoder': [20], 'neurons_per_layer_decoder': [20]}",20,[20],[20],[-0.2732383192826928],0.6107913200632905,COMPLETE
1649,-0.05852714280150262,2025-01-11 00:23:33.023650,2025-01-11 00:23:35.572253,0 days 00:00:02.548603,0.15641701837737537,64,0.2,144,100,2.7335660687916485e-06,536,2.3753595722665267e-05,1,2,adadelta,"{'neurons_per_layer_encoder': [144, 288], 'neurons_per_layer_decoder': [288]}",144,[288],"[144, 288]",[-0.05852714280150262],0.7053315335861736,COMPLETE
1650,0.07049895626942126,2025-01-11 00:24:06.048230,2025-01-11 00:24:09.158686,0 days 00:00:03.110456,0.1535880884592914,72,0.2,8,100,3.1443715371341564e-06,8,1.4850503138463933e-05,4,1,adadelta,"{'neurons_per_layer_encoder': [8], 'neurons_per_layer_decoder': [8, 8, 8, 8]}",8,"[8, 8, 8, 8]",[8],[0.07049895626942126],0.6263027655656769,COMPLETE
1651,-0.21791372903978434,2025-01-11 00:24:06.056140,2025-01-11 00:24:08.484313,0 days 00:00:02.428173,0.17487749693569343,72,0.2,8,100,1.8562239529277583e-06,8,1.4685576201791718e-05,4,1,adadelta,"{'neurons_per_layer_encoder': [8], 'neurons_per_layer_decoder': [8, 8, 8, 8]}",8,"[8, 8, 8, 8]",[8],[-0.21791372903978434],0.5940961822796671,COMPLETE
1652,-0.05907538223550057,2025-01-11 00:24:06.056455,2025-01-11 00:24:07.364800,0 days 00:00:01.308345,0.03110000157466661,88,0.2,8,100,2.5218725557901124e-06,8,1.477522672155301e-05,1,1,adadelta,"{'neurons_per_layer_encoder': [8], 'neurons_per_layer_decoder': [8]}",8,[8],[8],[-0.05907538223550057],0.6085360576659119,COMPLETE
1653,-0.18427518281195376,2025-01-11 00:24:06.062661,2025-01-11 00:24:08.496508,0 days 00:00:02.433847,0.022274309850678176,88,0.2,8,100,1.2277428008401099e-06,8,1.5077165361532889e-05,1,1,adadelta,"{'neurons_per_layer_encoder': [8], 'neurons_per_layer_decoder': [8]}",8,[8],[8],[-0.18427518281195376],0.6270194204455861,COMPLETE
1654,-0.5524339792915103,2025-01-11 00:24:06.062498,2025-01-11 00:24:07.402832,0 days 00:00:01.340334,0.17738178378970001,72,0.2,8,100,2.933309669844999e-06,8,1.8126484008215104e-05,1,1,adadelta,"{'neurons_per_layer_encoder': [8], 'neurons_per_layer_decoder': [8]}",8,[8],[8],[-0.5524339792915103],0.48365604573207704,COMPLETE
1655,-0.23790488939336507,2025-01-11 00:24:07.374710,2025-01-11 00:24:09.782789,0 days 00:00:02.408079,0.17602376946808151,72,0.2,20,100,3.1878089261611224e-06,22,1.8269422180124353e-05,1,1,adadelta,"{'neurons_per_layer_encoder': [20], 'neurons_per_layer_decoder': [20]}",20,[20],[20],[-0.23790488939336507],0.5189695312123173,COMPLETE
1656,-0.7047660633774933,2025-01-11 00:24:07.414546,2025-01-11 00:24:08.761139,0 days 00:00:01.346593,0.1992472643506879,72,0.2,16,100,1.2149030707940376e-06,17,1.7596604737114882e-05,1,1,adadelta,"{'neurons_per_layer_encoder': [16], 'neurons_per_layer_decoder': [16]}",16,[16],[16],[-0.7047660633774933],0.7547297192359597,COMPLETE
1657,-0.17806601776259945,2025-01-11 00:24:08.495501,2025-01-11 00:24:11.155714,0 days 00:00:02.660213,0.017332045299307236,64,0.2,20,100,2.535795806895202e-05,120,1.7471793621221955e-05,1,3,adadelta,"{'neurons_per_layer_encoder': [20, 40, 80], 'neurons_per_layer_decoder': [80]}",20,[80],"[20, 40, 80]",[-0.17806601776259945],0.6791253924944777,COMPLETE
1658,-0.26628716261205354,2025-01-11 00:24:08.508756,2025-01-11 00:24:10.353752,0 days 00:00:01.844996,0.15172505855872692,64,0.2,20,100,1.6683904935352093e-06,88,1.8572797130704744e-05,1,3,adadelta,"{'neurons_per_layer_encoder': [20, 40, 80], 'neurons_per_layer_decoder': [80]}",20,[80],"[20, 40, 80]",[-0.26628716261205354],0.667596481978637,COMPLETE
1659,-0.2440289945755887,2025-01-11 00:24:08.770650,2025-01-11 00:24:11.048500,0 days 00:00:02.277850,0.15110712112894853,64,0.2,20,100,1.658388539929519e-06,60,2.1652744282990764e-05,1,2,adadelta,"{'neurons_per_layer_encoder': [20, 40], 'neurons_per_layer_decoder': [40]}",20,[40],"[20, 40]",[-0.2440289945755887],0.6912019493589565,COMPLETE
1660,-0.09687430844380795,2025-01-11 00:24:09.170530,2025-01-11 00:24:10.840387,0 days 00:00:01.669857,0.153618799628281,64,0.2,16,100,1.608804673839982e-06,51,2.0427903018367838e-05,1,2,adadelta,"{'neurons_per_layer_encoder': [16, 32], 'neurons_per_layer_decoder': [32]}",16,[32],"[16, 32]",[-0.09687430844380795],0.6928189572847969,COMPLETE
1661,-0.18891385932318072,2025-01-11 00:24:09.793472,2025-01-11 00:24:12.634744,0 days 00:00:02.841272,0.15229231092741513,64,0.2,24,100,1.7183848813456284e-06,68,2.267614442587592e-05,1,2,adadelta,"{'neurons_per_layer_encoder': [24, 48], 'neurons_per_layer_decoder': [48]}",24,[48],"[24, 48]",[-0.18891385932318072],0.634433481116697,COMPLETE
1662,-0.12043055674877956,2025-01-11 00:24:10.362929,2025-01-11 00:24:11.938067,0 days 00:00:01.575138,0.023327709121696266,80,0.2,40,100,2.051377713353365e-06,120,2.2335394477753125e-05,1,2,adadelta,"{'neurons_per_layer_encoder': [40, 80], 'neurons_per_layer_decoder': [80]}",40,[80],"[40, 80]",[-0.12043055674877956],0.6709858255218889,COMPLETE
1663,-0.6462798891225627,2025-01-11 00:24:10.850510,2025-01-11 00:24:13.309885,0 days 00:00:02.459375,0.02343144975685275,80,0.2,12,100,2.368336817685044e-05,13,3.368540081074704e-05,1,1,adadelta,"{'neurons_per_layer_encoder': [12], 'neurons_per_layer_decoder': [12]}",12,[12],[12],[-0.6462798891225627],0.5560051408918433,COMPLETE
1664,-0.9916138915177433,2025-01-11 00:24:11.059099,2025-01-11 00:24:13.549804,0 days 00:00:02.490705,0.022576195498819417,80,0.2,12,100,2.0063589627066444e-06,13,0.00016615580006990442,1,1,adadelta,"{'neurons_per_layer_encoder': [12], 'neurons_per_layer_decoder': [12]}",12,[12],[12],[-0.9916138915177433],0.4313416743105248,COMPLETE
1665,0.12186282714029117,2025-01-11 00:24:11.166686,2025-01-11 00:24:13.023559,0 days 00:00:01.856873,0.1873073750132287,80,0.2,40,100,2.082576345166536e-06,60,3.650760838004137e-05,1,1,adadelta,"{'neurons_per_layer_encoder': [40], 'neurons_per_layer_decoder': [40]}",40,[40],[40],[0.12186282714029117],0.6484386415640107,COMPLETE
1666,-0.7434304603164246,2025-01-11 00:24:11.947752,2025-01-11 00:24:14.066396,0 days 00:00:02.118644,0.19008079589021235,80,0.2,12,100,2.357425173159326e-06,13,1.2852218093283157e-05,1,1,adadelta,"{'neurons_per_layer_encoder': [12], 'neurons_per_layer_decoder': [12]}",12,[12],[12],[-0.7434304603164246],0.307622122536385,COMPLETE
1667,-0.31433561312730185,2025-01-11 00:24:12.645600,2025-01-11 00:24:13.963515,0 days 00:00:01.317915,0.18538781654786873,104,0.2,12,100,2.291265580630845e-06,13,3.639069235135591e-05,1,1,adadelta,"{'neurons_per_layer_encoder': [12], 'neurons_per_layer_decoder': [12]}",12,[12],[12],[-0.31433561312730185],0.524404138420802,COMPLETE
1668,-0.6009631311842889,2025-01-11 00:24:13.033399,2025-01-11 00:24:15.443504,0 days 00:00:02.410105,0.16057470543625166,72,0.2,12,100,2.4606056189610165e-06,13,1.3082142150578143e-05,1,1,adadelta,"{'neurons_per_layer_encoder': [12], 'neurons_per_layer_decoder': [12]}",12,[12],[12],[-0.6009631311842889],0.721990855931456,COMPLETE
1669,0.07415283775234993,2025-01-11 00:24:13.319649,2025-01-11 00:24:14.630476,0 days 00:00:01.310827,0.1600212348887095,72,0.30000000000000004,4,100,2.320780563216108e-06,4,1.3818835593880506e-05,1,1,adadelta,"{'neurons_per_layer_encoder': [4], 'neurons_per_layer_decoder': [8]}",4,[8],[4],[0.07415283775234993],0.6215550889955934,COMPLETE
1670,-0.3283793097983001,2025-01-11 00:24:13.559894,2025-01-11 00:24:14.887111,0 days 00:00:01.327217,0.16001851063015496,72,0.30000000000000004,32,100,1.439694976710199e-06,51,1.2821236538466187e-05,1,1,adadelta,"{'neurons_per_layer_encoder': [32], 'neurons_per_layer_decoder': [32]}",32,[32],[32],[-0.3283793097983001],0.6269552206923873,COMPLETE
1671,-0.3858208957747711,2025-01-11 00:24:13.972777,2025-01-11 00:24:15.880256,0 days 00:00:01.907479,0.16145260188854696,72,0.30000000000000004,4,100,2.4337768647157355e-06,4,1.2726870701019253e-05,1,1,adadelta,"{'neurons_per_layer_encoder': [4], 'neurons_per_layer_decoder': [8]}",4,[8],[4],[-0.3858208957747711],0.48356551295285605,COMPLETE
1672,-1.0419810808496952,2025-01-11 00:24:14.076387,2025-01-11 00:24:15.417170,0 days 00:00:01.340783,0.16136888624095497,72,0.2,4,100,1.409198435092527e-06,4,2.5423613800120804e-05,1,1,adadelta,"{'neurons_per_layer_encoder': [4], 'neurons_per_layer_decoder': [8]}",4,[8],[4],[-1.0419810808496952],0.16733505781998248,COMPLETE
1673,-0.27476013769420415,2025-01-11 00:24:14.640254,2025-01-11 00:24:17.048832,0 days 00:00:02.408578,0.16337613738269835,72,0.2,32,100,1.4042965388709013e-06,51,2.6868566651252895e-05,1,1,adadelta,"{'neurons_per_layer_encoder': [32], 'neurons_per_layer_decoder': [32]}",32,[32],[32],[-0.27476013769420415],0.5660275799046499,COMPLETE
1674,0.16869980941656126,2025-01-11 00:24:14.897391,2025-01-11 00:24:17.347576,0 days 00:00:02.450185,0.03919937962574421,64,0.2,4,100,1.1975926803222316e-06,4,2.47266608967963e-05,1,1,adadelta,"{'neurons_per_layer_encoder': [4], 'neurons_per_layer_decoder': [8]}",4,[8],[4],[0.16869980941656126],0.7765933637744522,COMPLETE
1675,0.5586705032492876,2025-01-11 00:24:15.430539,2025-01-11 00:24:17.844570,0 days 00:00:02.414031,0.1413276775371862,64,0.2,16,100,2.7633409471956623e-06,17,1.5851691410295385e-05,1,1,adadelta,"{'neurons_per_layer_encoder': [16], 'neurons_per_layer_decoder': [16]}",16,[16],[16],[0.5586705032492876],0.8175533181259499,COMPLETE
1676,-0.3760847443831632,2025-01-11 00:24:15.454855,2025-01-11 00:24:16.799037,0 days 00:00:01.344182,0.13944292679166406,64,0.2,28,100,1.155139109191433e-06,46,0.00033464726935056587,1,1,adadelta,"{'neurons_per_layer_encoder': [28], 'neurons_per_layer_decoder': [28]}",28,[28],[28],[-0.3760847443831632],0.5666136808360449,COMPLETE
1677,0.11774706839691385,2025-01-11 00:24:15.890457,2025-01-11 00:24:18.314484,0 days 00:00:02.424027,0.13795262664457858,64,0.2,24,100,1.8494658820707126e-06,42,0.00032772010959815557,1,1,adadelta,"{'neurons_per_layer_encoder': [24], 'neurons_per_layer_decoder': [24]}",24,[24],[24],[0.11774706839691385],0.741223138086256,COMPLETE
1678,0.028632011616134156,2025-01-11 00:24:16.808508,2025-01-11 00:24:18.660175,0 days 00:00:01.851667,0.039707586807273695,64,0.2,48,100,1.9204207830019537e-06,84,1.597635774598214e-05,1,1,adadelta,"{'neurons_per_layer_encoder': [48], 'neurons_per_layer_decoder': [48]}",48,[48],[48],[0.028632011616134156],0.6920992822080304,COMPLETE
1679,-0.035316973856834855,2025-01-11 00:24:17.059076,2025-01-11 00:24:19.505269,0 days 00:00:02.446193,0.01924013915314478,64,0.2,116,100,7.270589914296248e-05,140,1.6601832115002617e-05,1,1,adadelta,"{'neurons_per_layer_encoder': [116], 'neurons_per_layer_decoder': [116]}",116,[116],[116],[-0.035316973856834855],0.6164775073624238,COMPLETE
1680,-0.10465202161191578,2025-01-11 00:24:17.357188,2025-01-11 00:24:19.743187,0 days 00:00:02.385999,0.1435538580948656,64,0.2,24,100,1.866680659466559e-06,42,1.562606684661089e-05,1,1,adadelta,"{'neurons_per_layer_encoder': [24], 'neurons_per_layer_decoder': [24]}",24,[24],[24],[-0.10465202161191578],0.5588903179084731,COMPLETE
1681,-0.08461241893560945,2025-01-11 00:24:17.854896,2025-01-11 00:24:19.462621,0 days 00:00:01.607725,0.13531163144810637,64,0.2,24,100,3.431684887238451e-06,42,0.0003239897605194791,1,1,adadelta,"{'neurons_per_layer_encoder': [24], 'neurons_per_layer_decoder': [24]}",24,[24],[24],[-0.08461241893560945],0.6681424932740577,COMPLETE
1682,-0.43644967774893373,2025-01-11 00:24:18.323883,2025-01-11 00:24:19.980890,0 days 00:00:01.657007,0.1359335317098786,64,0.2,24,100,2.9730152796499083e-06,42,0.0003782629647930278,1,1,adadelta,"{'neurons_per_layer_encoder': [24], 'neurons_per_layer_decoder': [24]}",24,[24],[24],[-0.43644967774893373],0.19094725348558686,COMPLETE
1683,0.04872044180594115,2025-01-11 00:24:18.670400,2025-01-11 00:24:20.398943,0 days 00:00:01.728543,0.13644646825757623,64,0.2,24,100,3.453767823484856e-06,68,0.0004027491746248757,1,2,adadelta,"{'neurons_per_layer_encoder': [24, 48], 'neurons_per_layer_decoder': [48]}",24,[48],"[24, 48]",[0.04872044180594115],0.739429620326095,COMPLETE
1684,0.00738772965307366,2025-01-11 00:24:19.472130,2025-01-11 00:24:21.751964,0 days 00:00:02.279834,0.14252299077231234,64,0.2,20,100,3.686911172603538e-06,60,0.0003710312524505816,1,2,adadelta,"{'neurons_per_layer_encoder': [20, 40], 'neurons_per_layer_decoder': [40]}",20,[40],"[20, 40]",[0.00738772965307366],0.7559976752147771,COMPLETE
1685,-0.26945008711267704,2025-01-11 00:24:19.519968,2025-01-11 00:24:21.235137,0 days 00:00:01.715169,0.14332312769594086,64,0.2,20,100,3.01375432216325e-06,22,0.0004740410299111267,2,1,adadelta,"{'neurons_per_layer_encoder': [20], 'neurons_per_layer_decoder': [20, 10]}",20,"[20, 10]",[20],[-0.26945008711267704],0.6060464939335367,COMPLETE
1686,-0.13262227840881358,2025-01-11 00:24:19.753959,2025-01-11 00:24:21.485955,0 days 00:00:01.731996,0.14691430263046198,64,0.2,20,100,3.2058088685560164e-06,60,0.00036228243153304054,1,2,adadelta,"{'neurons_per_layer_encoder': [20, 40], 'neurons_per_layer_decoder': [40]}",20,[40],"[20, 40]",[-0.13262227840881358],0.6670814262626575,COMPLETE
1687,-0.015330186622717568,2025-01-11 00:24:19.990992,2025-01-11 00:24:21.949058,0 days 00:00:01.958066,0.1442565866352754,64,0.2,20,100,2.8589735614640417e-06,60,0.0003989961197052974,2,2,adadelta,"{'neurons_per_layer_encoder': [20, 40], 'neurons_per_layer_decoder': [40, 20]}",20,"[40, 20]","[20, 40]",[-0.015330186622717568],0.6051019883867197,COMPLETE
1688,-0.2848362238170663,2025-01-11 00:24:20.409701,2025-01-11 00:24:22.468598,0 days 00:00:02.058897,0.14114572398753497,64,0.2,20,100,2.985848803871136e-06,60,0.00039066314029973225,2,2,adadelta,"{'neurons_per_layer_encoder': [20, 40], 'neurons_per_layer_decoder': [40, 20]}",20,"[40, 20]","[20, 40]",[-0.2848362238170663],0.6988550324193213,COMPLETE
1689,-0.5156016101509775,2025-01-11 00:24:21.245561,2025-01-11 00:24:22.567430,0 days 00:00:01.321869,0.1472312119168422,64,0.2,16,100,2.897474502478769e-06,17,0.0002836165769739686,1,1,adadelta,"{'neurons_per_layer_encoder': [16], 'neurons_per_layer_decoder': [16]}",16,[16],[16],[-0.5156016101509775],0.49385556137269065,COMPLETE
1690,-0.21285263626733575,2025-01-11 00:24:21.495489,2025-01-11 00:24:22.819453,0 days 00:00:01.323964,0.1488533767078097,64,0.2,16,100,2.7719566930096844e-06,17,0.00045340815952224023,1,1,adadelta,"{'neurons_per_layer_encoder': [16], 'neurons_per_layer_decoder': [16]}",16,[16],[16],[-0.21285263626733575],0.6700891147959154,COMPLETE
1691,-0.14971878309249909,2025-01-11 00:24:21.762377,2025-01-11 00:24:23.230106,0 days 00:00:01.467729,0.15195047021316027,64,0.2,28,100,2.8056340136365375e-06,30,1.940636734121008e-05,1,1,adadelta,"{'neurons_per_layer_encoder': [28], 'neurons_per_layer_decoder': [28]}",28,[28],[28],[-0.14971878309249909],0.6889599427588193,COMPLETE
1692,-0.26884016998707483,2025-01-11 00:24:21.958759,2025-01-11 00:24:23.496817,0 days 00:00:01.538058,0.13167408300848638,64,0.2,28,100,2.718303960736453e-06,30,0.00045182132097372154,1,1,adadelta,"{'neurons_per_layer_encoder': [28], 'neurons_per_layer_decoder': [28]}",28,[28],[28],[-0.26884016998707483],0.6864842175550171,COMPLETE
1693,-0.7006401883591522,2025-01-11 00:24:22.478497,2025-01-11 00:24:24.968415,0 days 00:00:02.489918,0.14991818126942383,64,0.2,32,100,1.669539167508646e-05,51,1.8568964105733513e-05,1,1,adadelta,"{'neurons_per_layer_encoder': [32], 'neurons_per_layer_decoder': [32]}",32,[32],[32],[-0.7006401883591522],0.5860120793140493,COMPLETE
1694,-0.11235090096544909,2025-01-11 00:24:22.577135,2025-01-11 00:24:25.056917,0 days 00:00:02.479782,0.13176811856064113,112,0.2,32,100,2.506614918590593e-06,51,1.9007213179633034e-05,1,1,adadelta,"{'neurons_per_layer_encoder': [32], 'neurons_per_layer_decoder': [32]}",32,[32],[32],[-0.11235090096544909],0.6048104988648473,COMPLETE
1695,0.17179089845569462,2025-01-11 00:24:22.829966,2025-01-11 00:24:24.817196,0 days 00:00:01.987230,0.1292196890730671,72,0.2,28,100,3.855242569982257e-06,30,1.9087619018879638e-05,1,1,adadelta,"{'neurons_per_layer_encoder': [28], 'neurons_per_layer_decoder': [28]}",28,[28],[28],[0.17179089845569462],0.7338606845333365,COMPLETE
1696,-0.5131968291005815,2025-01-11 00:24:23.239599,2025-01-11 00:24:25.686554,0 days 00:00:02.446955,0.1351532230755166,72,0.2,36,100,2.5474796675451667e-06,71,1.584092666504163e-05,1,1,adadelta,"{'neurons_per_layer_encoder': [36], 'neurons_per_layer_decoder': [36]}",36,[36],[36],[-0.5131968291005815],0.6348431696958442,COMPLETE
1697,-0.3771910159225915,2025-01-11 00:24:23.507322,2025-01-11 00:24:25.127812,0 days 00:00:01.620490,0.13204030071034797,72,0.2,36,100,2.4973565268278337e-06,71,1.6517830273068733e-05,1,1,adadelta,"{'neurons_per_layer_encoder': [36], 'neurons_per_layer_decoder': [36]}",36,[36],[36],[-0.3771910159225915],0.6636366876494654,COMPLETE
1698,-1.212422517279712,2025-01-11 00:24:24.826188,2025-01-11 00:24:27.272675,0 days 00:00:02.446487,0.17118131746972756,72,0.2,16,100,2.563555452848878e-06,17,1.6687367327000436e-05,1,1,adadelta,"{'neurons_per_layer_encoder': [16], 'neurons_per_layer_decoder': [16]}",16,[16],[16],[-1.212422517279712],0.41576636260332966,COMPLETE
