number,value,datetime_start,datetime_complete,duration,params_alpha,params_batch_size,params_drop_out_rate,params_encoder_neurons_layer_1,params_epochs,params_lambda,params_latent_dim,params_learning_rate,params_num_layers_decoder,params_num_layers_encoder,params_optimizer,user_attrs_encoder_decoder_config,user_attrs_first_layer_neurons,user_attrs_neurons_per_layer_decoder,user_attrs_neurons_per_layer_encoder,user_attrs_r2_feature_1,user_attrs_relative_deterioration,state
612,-0.5549269105578267,2025-01-10 15:47:35.145523,2025-01-10 15:47:37.085077,0 days 00:00:01.939554,0.06020790587900902,56,0.2,92,100,0.0009968342151436057,116,0.005086601964106106,1,1,adadelta,"{'neurons_per_layer_encoder': [92], 'neurons_per_layer_decoder': [92]}",92,[92],[92],[-0.5549269105578267],0.8266601152559582,COMPLETE
613,0.13605646333144628,2025-01-10 15:47:35.926930,2025-01-10 15:47:38.445401,0 days 00:00:02.518471,0.06140863502998318,72,0.4,24,100,0.0007528170867490224,42,0.004970362896123296,1,1,adadelta,"{'neurons_per_layer_encoder': [24], 'neurons_per_layer_decoder': [24]}",24,[24],[24],[0.13605646333144628],0.8141795229285488,COMPLETE
614,-0.13516630026283138,2025-01-10 15:47:36.237553,2025-01-10 15:47:38.860790,0 days 00:00:02.623237,0.09664702709572137,72,0.4,16,100,0.00039380274353877467,17,0.005841372319071264,1,1,adadelta,"{'neurons_per_layer_encoder': [16], 'neurons_per_layer_decoder': [16]}",16,[16],[16],[-0.13516630026283138],0.7313730003102094,COMPLETE
615,-0.7312149182009189,2025-01-10 15:47:37.093014,2025-01-10 15:47:38.061130,0 days 00:00:00.968116,0.13907045630553033,72,0.4,40,100,0.00038899617626729846,60,4.502939910251476e-05,1,1,sgd,"{'neurons_per_layer_encoder': [40], 'neurons_per_layer_decoder': [40]}",40,[40],[40],[-0.7312149182009189],0.6784800358486628,COMPLETE
616,-0.35493057588179755,2025-01-10 15:47:37.126314,2025-01-10 15:47:38.145046,0 days 00:00:01.018732,0.054630154004958444,56,0.4,16,100,0.0007339718158378832,33,0.00837887779481705,1,1,sgd,"{'neurons_per_layer_encoder': [16], 'neurons_per_layer_decoder': [16]}",16,[16],[16],[-0.35493057588179755],0.7473099733120849,COMPLETE
617,0.055661160137243204,2025-01-10 15:47:37.215517,2025-01-10 15:47:39.253314,0 days 00:00:02.037797,0.055366181854860294,56,0.4,16,100,0.0007568842282876775,17,0.0006800836140911209,1,1,sgd,"{'neurons_per_layer_encoder': [16], 'neurons_per_layer_decoder': [16]}",16,[16],[16],[0.055661160137243204],0.7959645855315586,COMPLETE
618,-1.613025123654023,2025-01-10 15:47:38.070065,2025-01-10 15:47:40.082028,0 days 00:00:02.011963,0.05476842396038447,56,0.4,16,100,0.0007968019506903039,17,0.007250529452421662,1,1,sgd,"{'neurons_per_layer_encoder': [16], 'neurons_per_layer_decoder': [16]}",16,[16],[16],[-1.613025123654023],0.313647484098543,COMPLETE
619,-0.05305365810050189,2025-01-10 15:47:38.155001,2025-01-10 15:47:39.704531,0 days 00:00:01.549530,0.011340715899891059,56,0.4,60,100,0.0009601529487090189,130,0.006556928129096068,1,1,adadelta,"{'neurons_per_layer_encoder': [60], 'neurons_per_layer_decoder': [60]}",60,[60],[60],[-0.05305365810050189],0.8707698177318973,COMPLETE
620,0.10058549739870015,2025-01-10 15:47:38.454286,2025-01-10 15:47:40.595083,0 days 00:00:02.140797,0.05632695519614128,56,0.4,72,100,0.0008200433681926062,111,0.006525127272502235,1,1,sgd,"{'neurons_per_layer_encoder': [72], 'neurons_per_layer_decoder': [72]}",72,[72],[72],[0.10058549739870015],0.8554681453070667,COMPLETE
621,-0.4236109248756623,2025-01-10 15:47:38.869863,2025-01-10 15:47:39.917265,0 days 00:00:01.047402,0.05736141308173177,56,0.4,72,100,0.0009651178843875525,111,0.007204922777928639,1,1,sgd,"{'neurons_per_layer_encoder': [72], 'neurons_per_layer_decoder': [72]}",72,[72],[72],[-0.4236109248756623],0.7864035676737046,COMPLETE
622,-0.4100814592835018,2025-01-10 15:47:39.262470,2025-01-10 15:47:41.082126,0 days 00:00:01.819656,0.057811800266413714,56,0.1,72,100,0.0009872072764964283,111,0.00740757845822612,1,1,sgd,"{'neurons_per_layer_encoder': [72], 'neurons_per_layer_decoder': [72]}",72,[72],[72],[-0.4100814592835018],0.7750590510359247,COMPLETE
623,-0.23891270872479553,2025-01-10 15:47:39.712715,2025-01-10 15:47:40.730490,0 days 00:00:01.017775,0.057712834374011215,56,0.2,72,100,0.000979269442956062,111,0.0072909600574726586,1,1,sgd,"{'neurons_per_layer_encoder': [72], 'neurons_per_layer_decoder': [72]}",72,[72],[72],[-0.23891270872479553],0.8308407535020088,COMPLETE
624,-0.2535040634179413,2025-01-10 15:47:39.925836,2025-01-10 15:47:42.075483,0 days 00:00:02.149647,0.05856908202634398,56,0.1,36,100,0.000856089496406875,71,0.008880780486745786,1,1,sgd,"{'neurons_per_layer_encoder': [36], 'neurons_per_layer_decoder': [36]}",36,[36],[36],[-0.2535040634179413],0.6729096560878804,COMPLETE
625,-0.21431671662027463,2025-01-10 15:47:40.091778,2025-01-10 15:47:41.022487,0 days 00:00:00.930709,0.059609810837522426,64,0.1,60,100,0.0006420283578904012,114,1.900672871006118e-05,1,1,sgd,"{'neurons_per_layer_encoder': [60], 'neurons_per_layer_decoder': [60]}",60,[60],[60],[-0.21431671662027463],0.8062854844622209,COMPLETE
626,-0.2802954423524018,2025-01-10 15:47:40.605372,2025-01-10 15:47:42.011933,0 days 00:00:01.406561,0.05915870313133652,64,0.2,36,100,0.0006503411961972438,71,0.009023043808509766,1,1,sgd,"{'neurons_per_layer_encoder': [36], 'neurons_per_layer_decoder': [36]}",36,[36],[36],[-0.2802954423524018],0.6947914383672614,COMPLETE
627,-0.16744892582583404,2025-01-10 15:47:40.739244,2025-01-10 15:47:42.724678,0 days 00:00:01.985434,0.06079219005941009,64,0.1,36,100,0.0006743604752164693,71,0.008832332233584345,1,1,sgd,"{'neurons_per_layer_encoder': [36], 'neurons_per_layer_decoder': [36]}",36,[36],[36],[-0.16744892582583404],0.740540874861229,COMPLETE
628,0.3907684486111507,2025-01-10 15:47:41.031087,2025-01-10 15:47:43.101136,0 days 00:00:02.070049,0.12895957621617282,64,0.2,36,100,0.0004671942573717162,71,2.5947815429661884e-05,1,1,sgd,"{'neurons_per_layer_encoder': [36], 'neurons_per_layer_decoder': [36]}",36,[36],[36],[0.3907684486111507],0.8786468044160866,COMPLETE
629,-0.000167024323469267,2025-01-10 15:47:41.097134,2025-01-10 15:47:42.044561,0 days 00:00:00.947427,0.1255548826014389,48,0.2,36,100,0.00046430995079560126,71,3.903091259792754e-05,1,1,sgd,"{'neurons_per_layer_encoder': [36], 'neurons_per_layer_decoder': [36]}",36,[36],[36],[-0.000167024323469267],0.7629191493742788,COMPLETE
630,0.00915059611101765,2025-01-10 15:47:42.022615,2025-01-10 15:47:43.766953,0 days 00:00:01.744338,0.12579875977728625,48,0.2,8,100,0.000533912647610601,8,3.568941946050393e-05,1,1,sgd,"{'neurons_per_layer_encoder': [8], 'neurons_per_layer_decoder': [8]}",8,[8],[8],[0.00915059611101765],0.7369928557611072,COMPLETE
631,-0.8590122498186346,2025-01-10 15:47:42.063658,2025-01-10 15:47:43.030515,0 days 00:00:00.966857,0.06434425542105587,48,0.4,8,100,0.000521000780963818,8,0.0012923295968297,1,1,sgd,"{'neurons_per_layer_encoder': [8], 'neurons_per_layer_decoder': [8]}",8,[8],[8],[-0.8590122498186346],0.6451286019403945,COMPLETE
632,-0.13878955724202635,2025-01-10 15:47:42.095669,2025-01-10 15:47:43.503552,0 days 00:00:01.407883,0.06327973148815955,48,0.4,24,100,0.0005192549108461405,42,1.743463423541206e-05,1,1,sgd,"{'neurons_per_layer_encoder': [24], 'neurons_per_layer_decoder': [24]}",24,[24],[24],[-0.13878955724202635],0.7631236355473008,COMPLETE
633,-0.2466917687428425,2025-01-10 15:47:42.733747,2025-01-10 15:47:43.656045,0 days 00:00:00.922298,0.06682789706154434,48,0.4,8,100,0.0005343517739813736,8,2.688556908555184e-05,1,1,sgd,"{'neurons_per_layer_encoder': [8], 'neurons_per_layer_decoder': [8]}",8,[8],[8],[-0.2466917687428425],0.6292888202434059,COMPLETE
634,-0.0647021272566477,2025-01-10 15:47:43.038933,2025-01-10 15:47:45.095055,0 days 00:00:02.056122,0.0666859009599418,56,0.2,24,100,0.0004780695762304449,42,3.472202466014389e-05,1,1,sgd,"{'neurons_per_layer_encoder': [24], 'neurons_per_layer_decoder': [24]}",24,[24],[24],[-0.0647021272566477],0.7431801170680074,COMPLETE
635,-0.2864473018186202,2025-01-10 15:47:43.109983,2025-01-10 15:47:44.335687,0 days 00:00:01.225704,0.13051097590540908,56,0.4,24,100,0.000562673557130119,42,2.54284614155532e-05,1,1,sgd,"{'neurons_per_layer_encoder': [24], 'neurons_per_layer_decoder': [24]}",24,[24],[24],[-0.2864473018186202],0.7429363525302505,COMPLETE
636,-0.5746089527658444,2025-01-10 15:47:43.512975,2025-01-10 15:47:44.634143,0 days 00:00:01.121168,0.13553845432298098,56,0.2,28,100,0.000556735531749016,216,2.51734087726742e-05,1,3,sgd,"{'neurons_per_layer_encoder': [28, 56, 112], 'neurons_per_layer_decoder': [112]}",28,[112],"[28, 56, 112]",[-0.5746089527658444],0.8459096684429385,COMPLETE
637,-0.08153417272299213,2025-01-10 15:47:43.664356,2025-01-10 15:47:45.061549,0 days 00:00:01.397193,0.13581223841174425,56,0.2,28,100,0.0008437045394320568,216,2.6907729640977823e-05,1,3,sgd,"{'neurons_per_layer_encoder': [28, 56, 112], 'neurons_per_layer_decoder': [112]}",28,[112],"[28, 56, 112]",[-0.08153417272299213],0.9225446743012856,COMPLETE
638,-0.1147563501442963,2025-01-10 15:47:43.777442,2025-01-10 15:47:45.224036,0 days 00:00:01.446594,0.13852908810098427,56,0.4,28,100,0.0007886890221751612,46,2.63840714679877e-05,1,1,sgd,"{'neurons_per_layer_encoder': [28], 'neurons_per_layer_decoder': [28]}",28,[28],[28],[-0.1147563501442963],0.8084140510703891,COMPLETE
639,0.25528941249395165,2025-01-10 15:47:44.344066,2025-01-10 15:47:46.863400,0 days 00:00:02.519334,0.13938619108364525,56,0.2,28,100,0.0007525696493480217,46,2.1055806730831583e-05,1,1,adadelta,"{'neurons_per_layer_encoder': [28], 'neurons_per_layer_decoder': [28]}",28,[28],[28],[0.25528941249395165],0.8369017948230683,COMPLETE
640,0.1068736464701483,2025-01-10 15:47:44.641928,2025-01-10 15:47:47.159137,0 days 00:00:02.517209,0.11914019450782104,56,0.4,28,100,0.0008188933479317645,46,2.920991015267312e-05,1,1,adadelta,"{'neurons_per_layer_encoder': [28], 'neurons_per_layer_decoder': [28]}",28,[28],[28],[0.1068736464701483],0.8382639806534746,COMPLETE
641,-0.23380012278998463,2025-01-10 15:47:45.069331,2025-01-10 15:47:46.487579,0 days 00:00:01.418248,0.16000698792388443,40,0.4,24,100,0.0006149187470311159,42,2.0592517661437203e-05,1,1,adadelta,"{'neurons_per_layer_encoder': [24], 'neurons_per_layer_decoder': [24]}",24,[24],[24],[-0.23380012278998463],0.7754527432691984,COMPLETE
642,-0.6759204167587434,2025-01-10 15:47:45.111003,2025-01-10 15:47:46.469805,0 days 00:00:01.358802,0.11010788349582432,40,0.4,20,100,0.000666428675631898,22,3.0518476133819534e-05,1,1,adadelta,"{'neurons_per_layer_encoder': [20], 'neurons_per_layer_decoder': [20]}",20,[20],[20],[-0.6759204167587434],0.6709600185404632,COMPLETE
643,-0.31086474466959024,2025-01-10 15:47:45.232957,2025-01-10 15:47:46.611660,0 days 00:00:01.378703,0.1266745417589593,40,0.4,64,100,3.219360505483091e-06,102,1.9682870724185193e-05,1,1,adadelta,"{'neurons_per_layer_encoder': [64], 'neurons_per_layer_decoder': [64]}",64,[64],[64],[-0.31086474466959024],0.7425894622777929,COMPLETE
644,0.20653983427586065,2025-01-10 15:47:46.477652,2025-01-10 15:47:48.618452,0 days 00:00:02.140800,0.12105810991774188,48,0.4,64,100,3.134696733703081e-06,102,2.1743904748986855e-05,1,1,sgd,"{'neurons_per_layer_encoder': [64], 'neurons_per_layer_decoder': [64]}",64,[64],[64],[0.20653983427586065],0.7857239551090681,COMPLETE
645,-0.40838571910802757,2025-01-10 15:47:46.499885,2025-01-10 15:47:48.571967,0 days 00:00:02.072082,0.12346999527379807,64,0.2,64,100,3.458978183358156e-06,102,2.1157869445381844e-05,1,1,sgd,"{'neurons_per_layer_encoder': [64], 'neurons_per_layer_decoder': [64]}",64,[64],[64],[-0.40838571910802757],0.6008988480424855,COMPLETE
646,0.30425680931276344,2025-01-10 15:47:46.619860,2025-01-10 15:47:48.702100,0 days 00:00:02.082240,0.11876448192975919,64,0.2,32,100,0.0007409924133416203,51,1.2183950651016676e-05,1,1,sgd,"{'neurons_per_layer_encoder': [32], 'neurons_per_layer_decoder': [32]}",32,[32],[32],[0.30425680931276344],0.8624924756173487,COMPLETE
647,-0.9656063497343439,2025-01-10 15:47:46.872759,2025-01-10 15:47:48.868720,0 days 00:00:01.995961,0.14614904722682728,56,0.2,20,100,0.0007922892663840814,38,2.2954928882479846e-05,1,1,adadelta,"{'neurons_per_layer_encoder': [20], 'neurons_per_layer_decoder': [20]}",20,[20],[20],[-0.9656063497343439],0.6323229310389785,COMPLETE
648,0.1403645849754641,2025-01-10 15:47:47.168698,2025-01-10 15:47:49.692979,0 days 00:00:02.524281,0.15078126467137568,56,0.2,20,100,0.0007386632799211758,38,2.167642484032457e-05,1,1,adadelta,"{'neurons_per_layer_encoder': [20], 'neurons_per_layer_decoder': [20]}",20,[20],[20],[0.1403645849754641],0.7648249992260693,COMPLETE
649,-0.48595584692567306,2025-01-10 15:47:48.581646,2025-01-10 15:47:49.617370,0 days 00:00:01.035724,0.14372370726435013,64,0.4,20,100,0.0007828924012390066,22,2.264968842033406e-05,1,1,sgd,"{'neurons_per_layer_encoder': [20], 'neurons_per_layer_decoder': [20]}",20,[20],[20],[-0.48595584692567306],0.7486557465616012,COMPLETE
650,-0.858103768343224,2025-01-10 15:47:48.628009,2025-01-10 15:47:49.544117,0 days 00:00:00.916108,0.1503130973758177,48,0.4,16,100,0.0006994256242278036,17,2.2597376891993428e-05,1,1,sgd,"{'neurons_per_layer_encoder': [16], 'neurons_per_layer_decoder': [16]}",16,[16],[16],[-0.858103768343224],0.6602218434897753,COMPLETE
651,-0.07912205173923592,2025-01-10 15:47:48.710614,2025-01-10 15:47:50.807586,0 days 00:00:02.096972,0.12053187415933349,64,0.4,88,100,0.0007438938499470378,192,2.293327006040929e-05,1,1,sgd,"{'neurons_per_layer_encoder': [88], 'neurons_per_layer_decoder': [88]}",88,[88],[88],[-0.07912205173923592],0.8960859757247237,COMPLETE
652,-0.20493686789535714,2025-01-10 15:47:49.000018,2025-01-10 15:47:50.380244,0 days 00:00:01.380226,0.1169116771029646,64,0.4,84,100,0.0006887842241232474,172,1.8565717187113434e-05,1,1,sgd,"{'neurons_per_layer_encoder': [84], 'neurons_per_layer_decoder': [84]}",84,[84],[84],[-0.20493686789535714],0.8507389461796366,COMPLETE
653,-0.17027993992374424,2025-01-10 15:47:49.553212,2025-01-10 15:47:51.054506,0 days 00:00:01.501294,0.11767039373836233,64,0.4,84,100,0.0007487782160326637,172,1.9288269470688038e-05,1,1,sgd,"{'neurons_per_layer_encoder': [84], 'neurons_per_layer_decoder': [84]}",84,[84],[84],[-0.17027993992374424],0.8444219606082553,COMPLETE
654,0.06537599339754363,2025-01-10 15:47:49.626988,2025-01-10 15:47:50.556761,0 days 00:00:00.929773,0.12554439722095131,64,0.4,28,100,0.0007539048504373715,46,1.8050070295078313e-05,1,1,sgd,"{'neurons_per_layer_encoder': [28], 'neurons_per_layer_decoder': [28]}",28,[28],[28],[0.06537599339754363],0.8116746300658135,COMPLETE
655,-0.2217445979781063,2025-01-10 15:47:49.702507,2025-01-10 15:47:50.751791,0 days 00:00:01.049284,0.11534225443752867,64,0.4,32,100,0.0006872172227583787,51,1.777892325192629e-05,1,1,sgd,"{'neurons_per_layer_encoder': [32], 'neurons_per_layer_decoder': [32]}",32,[32],[32],[-0.2217445979781063],0.7480128296424395,COMPLETE
656,-0.17384784709115708,2025-01-10 15:47:50.389713,2025-01-10 15:47:51.394158,0 days 00:00:01.004445,0.11750898348650343,64,0.4,156,100,0.0006333846936945443,196,1.7388549797347498e-05,1,1,sgd,"{'neurons_per_layer_encoder': [156], 'neurons_per_layer_decoder': [156]}",156,[156],[156],[-0.17384784709115708],0.8848491136171889,COMPLETE
657,-0.11927901296789423,2025-01-10 15:47:50.566474,2025-01-10 15:47:52.132495,0 days 00:00:01.566021,0.11466857601140099,48,0.4,32,100,0.0008888453098757364,51,1.6672805369943467e-05,1,1,sgd,"{'neurons_per_layer_encoder': [32], 'neurons_per_layer_decoder': [32]}",32,[32],[32],[-0.11927901296789423],0.7646700365761182,COMPLETE
658,-0.1364397099610375,2025-01-10 15:47:50.760790,2025-01-10 15:47:52.257960,0 days 00:00:01.497170,0.1785025493798438,48,0.4,96,100,0.0008799680153030085,120,2.863761457126037e-05,1,1,sgd,"{'neurons_per_layer_encoder': [96], 'neurons_per_layer_decoder': [96]}",96,[96],[96],[-0.1364397099610375],0.8734015402564738,COMPLETE
659,0.008405840865695624,2025-01-10 15:47:50.818147,2025-01-10 15:47:53.095921,0 days 00:00:02.277774,0.11176833798147127,48,0.4,156,100,0.0008754727503524378,180,3.092375749764637e-05,1,1,sgd,"{'neurons_per_layer_encoder': [156], 'neurons_per_layer_decoder': [156]}",156,[156],[156],[0.008405840865695624],0.904819807671987,COMPLETE
660,-0.8519877934184941,2025-01-10 15:47:51.064651,2025-01-10 15:47:52.295953,0 days 00:00:01.231302,0.10489932753663211,48,0.4,32,100,0.0009040441820957091,51,2.88992777906168e-05,1,1,sgd,"{'neurons_per_layer_encoder': [32], 'neurons_per_layer_decoder': [32]}",32,[32],[32],[-0.8519877934184941],0.7458730411658264,COMPLETE
661,-0.25259037033231846,2025-01-10 15:47:51.403035,2025-01-10 15:47:53.551952,0 days 00:00:02.148917,0.1759071650579753,48,0.4,32,100,0.0009957333626440846,51,3.0298795566425072e-05,1,1,sgd,"{'neurons_per_layer_encoder': [32], 'neurons_per_layer_decoder': [32]}",32,[32],[32],[-0.25259037033231846],0.7900789309459443,COMPLETE
662,0.017297698818602214,2025-01-10 15:47:52.142480,2025-01-10 15:47:54.031066,0 days 00:00:01.888586,0.10389652684769417,48,0.4,12,100,0.0009408793554992863,29,0.0005346560353586569,1,1,sgd,"{'neurons_per_layer_encoder': [12], 'neurons_per_layer_decoder': [12]}",12,[12],[12],[0.017297698818602214],0.7742110766270841,COMPLETE
663,-0.6291173516932853,2025-01-10 15:47:52.266534,2025-01-10 15:47:53.199060,0 days 00:00:00.932526,0.10480022568523673,48,0.4,12,100,0.0008618956923269433,13,2.5918321512891863e-05,1,1,sgd,"{'neurons_per_layer_encoder': [12], 'neurons_per_layer_decoder': [12]}",12,[12],[12],[-0.6291173516932853],0.6274264859411767,COMPLETE
664,-0.35921064585874984,2025-01-10 15:47:52.306330,2025-01-10 15:47:53.841214,0 days 00:00:01.534884,0.13504821745896103,48,0.4,12,100,0.0005998816664726097,29,2.482024497023906e-05,1,1,adam,"{'neurons_per_layer_encoder': [12], 'neurons_per_layer_decoder': [12]}",12,[12],[12],[-0.35921064585874984],0.6451090443117626,COMPLETE
665,-0.004812242112598897,2025-01-10 15:47:53.104760,2025-01-10 15:47:55.478338,0 days 00:00:02.373578,0.12498911765232938,48,0.4,16,100,0.0006017951381143645,17,2.619762280184569e-05,1,1,adam,"{'neurons_per_layer_encoder': [16], 'neurons_per_layer_decoder': [16]}",16,[16],[16],[-0.004812242112598897],0.7573814065418815,COMPLETE
666,-0.12601274705688126,2025-01-10 15:47:53.208088,2025-01-10 15:47:54.596694,0 days 00:00:01.388606,0.12903126971017875,48,0.4,24,100,0.0005946770344588967,42,1.2364503035026017e-05,1,1,adam,"{'neurons_per_layer_encoder': [24], 'neurons_per_layer_decoder': [24]}",24,[24],[24],[-0.12601274705688126],0.8077204067531578,COMPLETE
667,0.21331535146703806,2025-01-10 15:47:53.560463,2025-01-10 15:47:54.938410,0 days 00:00:01.377947,0.12924940526908893,48,0.4,24,100,0.0006318233915773366,42,2.125203119556565e-05,1,1,adam,"{'neurons_per_layer_encoder': [24], 'neurons_per_layer_decoder': [24]}",24,[24],[24],[0.21331535146703806],0.8512256711951122,COMPLETE
668,-0.10669539915937554,2025-01-10 15:47:53.850827,2025-01-10 15:47:55.761609,0 days 00:00:01.910782,0.12994069587287388,56,0.2,28,100,2.8242456964472035e-06,46,2.1361293723555736e-05,1,1,adam,"{'neurons_per_layer_encoder': [28], 'neurons_per_layer_decoder': [28]}",28,[28],[28],[-0.10669539915937554],0.8054882107946092,COMPLETE
669,-0.1325522378265125,2025-01-10 15:47:54.040501,2025-01-10 15:47:55.506054,0 days 00:00:01.465553,0.1246945599003698,56,0.2,24,100,2.8475953205873335e-06,42,1.168760833071706e-05,1,1,adam,"{'neurons_per_layer_encoder': [24], 'neurons_per_layer_decoder': [24]}",24,[24],[24],[-0.1325522378265125],0.8017087749055752,COMPLETE
670,-0.5681722181705275,2025-01-10 15:47:54.606277,2025-01-10 15:47:55.579208,0 days 00:00:00.972931,0.12239809939855918,56,0.2,36,100,2.5061829846518456e-06,71,3.7128933282246645e-05,1,1,sgd,"{'neurons_per_layer_encoder': [36], 'neurons_per_layer_decoder': [36]}",36,[36],[36],[-0.5681722181705275],0.41022300754974617,COMPLETE
671,0.09822578333430787,2025-01-10 15:47:54.948871,2025-01-10 15:47:57.490305,0 days 00:00:02.541434,0.138530440922619,48,0.4,16,100,0.0006954353103126922,17,2.1126298278326078e-05,1,1,adam,"{'neurons_per_layer_encoder': [16], 'neurons_per_layer_decoder': [16]}",16,[16],[16],[0.09822578333430787],0.8147422348502402,COMPLETE
672,-0.1837826422034936,2025-01-10 15:47:55.490148,2025-01-10 15:47:57.395413,0 days 00:00:01.905265,0.1407521681141015,48,0.4,24,100,0.0006690254545428784,42,1.9284215100701513e-05,1,1,adam,"{'neurons_per_layer_encoder': [24], 'neurons_per_layer_decoder': [24]}",24,[24],[24],[-0.1837826422034936],0.7646515984491431,COMPLETE
673,-0.5393691850173994,2025-01-10 15:47:55.518204,2025-01-10 15:47:57.005033,0 days 00:00:01.486829,0.13395182265029812,48,0.4,20,100,0.0007040765882076652,38,2.0424710960565085e-05,1,1,adam,"{'neurons_per_layer_encoder': [20], 'neurons_per_layer_decoder': [20]}",20,[20],[20],[-0.5393691850173994],0.6964303299998135,COMPLETE
674,-0.7980293234432865,2025-01-10 15:47:55.601011,2025-01-10 15:47:57.532639,0 days 00:00:01.931628,0.1314136918415524,48,0.4,20,100,0.0006595753933835028,38,2.0461367670903522e-05,1,1,adam,"{'neurons_per_layer_encoder': [20], 'neurons_per_layer_decoder': [20]}",20,[20],[20],[-0.7980293234432865],0.691280920861133,COMPLETE
675,0.059128910928506806,2025-01-10 15:47:55.771283,2025-01-10 15:47:57.117585,0 days 00:00:01.346302,0.14574863651602413,48,0.4,20,100,0.0006660647183204188,38,1.9891399924596257e-05,1,1,adam,"{'neurons_per_layer_encoder': [20], 'neurons_per_layer_decoder': [20]}",20,[20],[20],[0.059128910928506806],0.7936919295193953,COMPLETE
676,-0.03118435780027573,2025-01-10 15:47:57.013626,2025-01-10 15:47:58.393556,0 days 00:00:01.379930,0.09766469209667766,48,0.4,76,100,0.0006439115835630284,163,1.5971501819716508e-05,1,1,adam,"{'neurons_per_layer_encoder': [76], 'neurons_per_layer_decoder': [76]}",76,[76],[76],[-0.03118435780027573],0.8650578958706694,COMPLETE
