number,value,datetime_start,datetime_complete,duration,params_alpha,params_batch_size,params_drop_out_rate,params_encoder_neurons_layer_1,params_epochs,params_lambda,params_latent_dim,params_learning_rate,params_num_layers_decoder,params_num_layers_encoder,params_optimizer,user_attrs_encoder_decoder_config,user_attrs_first_layer_neurons,user_attrs_neurons_per_layer_decoder,user_attrs_neurons_per_layer_encoder,user_attrs_r2_feature_1,user_attrs_relative_deterioration,state
234,-0.7324504886877985,2025-01-10 14:24:01.712414,2025-01-10 14:24:05.354209,0 days 00:00:03.641795,0.0941128682809663,32,0.4,216,100,1.1051349150907925e-05,480,1.876286217813276e-05,3,1,adadelta,"{'neurons_per_layer_encoder': [216], 'neurons_per_layer_decoder': [216, 108, 54]}",216,"[216, 108, 54]",[216],[-0.7324504886877985],0.5539747823729089,COMPLETE
235,0.025725070493767155,2025-01-10 14:24:01.968167,2025-01-10 14:24:07.576452,0 days 00:00:05.608285,0.12181005707898104,72,0.4,52,100,5.35435704289953e-06,105,4.0757337949197045e-05,2,1,adam,"{'neurons_per_layer_encoder': [52], 'neurons_per_layer_decoder': [52, 26]}",52,"[52, 26]",[52],[0.025725070493767155],0.5572096369836648,COMPLETE
236,-0.28130207740131485,2025-01-10 14:24:02.435818,2025-01-10 14:24:05.568386,0 days 00:00:03.132568,0.12293733668467251,72,0.4,132,100,4.176165393500427e-06,284,4.273408935432468e-05,2,1,adam,"{'neurons_per_layer_encoder': [132], 'neurons_per_layer_decoder': [132, 66]}",132,"[132, 66]",[132],[-0.28130207740131485],0.5668384979281044,COMPLETE
237,-0.391454749538543,2025-01-10 14:24:05.254499,2025-01-10 14:24:08.351671,0 days 00:00:03.097172,0.13726194794315574,72,0.4,52,100,1.0190854571095878e-05,105,3.706485356834365e-05,2,1,adam,"{'neurons_per_layer_encoder': [52], 'neurons_per_layer_decoder': [52, 26]}",52,"[52, 26]",[52],[-0.391454749538543],0.6158528468966381,COMPLETE
238,-0.0811764732419551,2025-01-10 14:24:05.365188,2025-01-10 14:24:09.309128,0 days 00:00:03.943940,0.12722223019856563,72,0.4,52,100,0.0001695720370717423,105,3.533702153804582e-05,2,1,adam,"{'neurons_per_layer_encoder': [52], 'neurons_per_layer_decoder': [52, 26]}",52,"[52, 26]",[52],[-0.0811764732419551],0.7568666980122823,COMPLETE
239,-0.12817875668709733,2025-01-10 14:24:05.582173,2025-01-10 14:24:09.348868,0 days 00:00:03.766695,0.13588395583065385,72,0.4,52,100,3.781458357439276e-05,89,3.475566167900183e-05,2,1,adam,"{'neurons_per_layer_encoder': [52], 'neurons_per_layer_decoder': [52, 26]}",52,"[52, 26]",[52],[-0.12817875668709733],0.6174206545671006,COMPLETE
240,-0.3003762188945718,2025-01-10 14:24:07.586277,2025-01-10 14:24:10.241103,0 days 00:00:02.654826,0.14083454810286647,72,0.4,52,100,7.312302970004003e-06,105,3.2174832581120496e-05,2,1,adam,"{'neurons_per_layer_encoder': [52], 'neurons_per_layer_decoder': [52, 26]}",52,"[52, 26]",[52],[-0.3003762188945718],0.6533176541935413,COMPLETE
241,-0.1395747748388525,2025-01-10 14:24:08.361279,2025-01-10 14:24:11.959829,0 days 00:00:03.598550,0.056388062277675566,72,0.4,52,100,7.758067621793291e-06,105,2.5921713746261832e-05,2,1,adam,"{'neurons_per_layer_encoder': [52], 'neurons_per_layer_decoder': [52, 26]}",52,"[52, 26]",[52],[-0.1395747748388525],0.6608592086807135,COMPLETE
242,-0.16417335222053797,2025-01-10 14:24:09.317321,2025-01-10 14:24:11.430615,0 days 00:00:02.113294,0.10956707547672596,48,0.4,244,100,7.997045795777111e-06,492,8.90527804364415e-05,2,1,adam,"{'neurons_per_layer_encoder': [244], 'neurons_per_layer_decoder': [244, 122]}",244,"[244, 122]",[244],[-0.16417335222053797],0.5054478749810047,COMPLETE
243,-0.12906626982391733,2025-01-10 14:24:09.368801,2025-01-10 14:24:12.343317,0 days 00:00:02.974516,0.11139003249015422,48,0.4,72,100,0.00031024488829767657,143,7.011108871567849e-05,1,1,adam,"{'neurons_per_layer_encoder': [72], 'neurons_per_layer_decoder': [72]}",72,[72],[72],[-0.12906626982391733],0.6865316422065858,COMPLETE
244,0.33820340587845843,2025-01-10 14:24:10.157355,2025-01-10 14:24:12.322698,0 days 00:00:02.165343,0.1091482263773461,48,0.4,72,100,7.814828705156408e-06,143,6.89560732557098e-05,1,1,sgd,"{'neurons_per_layer_encoder': [72], 'neurons_per_layer_decoder': [72]}",72,[72],[72],[0.33820340587845843],0.776933511780801,COMPLETE
245,0.0837806236216937,2025-01-10 14:24:10.248465,2025-01-10 14:24:13.100428,0 days 00:00:02.851963,0.11150452143207176,48,0.4,196,100,4.274749523238907e-06,220,4.0056412386528663e-05,2,1,adam,"{'neurons_per_layer_encoder': [196], 'neurons_per_layer_decoder': [196, 98]}",196,"[196, 98]",[196],[0.0837806236216937],0.6290067465625631,COMPLETE
246,-0.05110603722610518,2025-01-10 14:24:11.439733,2025-01-10 14:24:12.995179,0 days 00:00:01.555446,0.11874088883920532,72,0.4,60,100,2.501051051404956e-05,130,6.76726611832885e-05,2,1,adam,"{'neurons_per_layer_encoder': [60], 'neurons_per_layer_decoder': [60, 30]}",60,"[60, 30]",[60],[-0.05110603722610518],0.7097375535902292,COMPLETE
247,-0.06484763514724379,2025-01-10 14:24:11.968198,2025-01-10 14:24:14.646855,0 days 00:00:02.678657,0.12188206762557262,64,0.4,60,100,2.3139743031604018e-05,130,4.123400569015619e-05,2,1,adam,"{'neurons_per_layer_encoder': [60], 'neurons_per_layer_decoder': [60, 30]}",60,"[60, 30]",[60],[-0.06484763514724379],0.5782450173562584,COMPLETE
248,-0.05116850319828825,2025-01-10 14:24:12.330495,2025-01-10 14:24:13.681294,0 days 00:00:01.350799,0.10695918645175936,48,0.4,68,100,6.476770308509526e-06,154,6.846553510902487e-05,1,1,adam,"{'neurons_per_layer_encoder': [68], 'neurons_per_layer_decoder': [68]}",68,[68],[68],[-0.05116850319828825],0.6733929868032685,COMPLETE
249,0.29583285488047384,2025-01-10 14:24:12.361193,2025-01-10 14:24:14.433428,0 days 00:00:02.072235,0.11477466067770406,48,0.4,72,100,4.029521537645741e-06,159,8.768070805681109e-05,1,1,sgd,"{'neurons_per_layer_encoder': [72], 'neurons_per_layer_decoder': [72]}",72,[72],[72],[0.29583285488047384],0.7772363672807607,COMPLETE
250,0.06065605471701885,2025-01-10 14:24:13.003567,2025-01-10 14:24:15.093518,0 days 00:00:02.089951,0.10917541094102717,48,0.4,84,100,6.0868208204778295e-06,172,6.679213257465498e-05,1,1,sgd,"{'neurons_per_layer_encoder': [84], 'neurons_per_layer_decoder': [84]}",84,[84],[84],[0.06065605471701885],0.7854456341904553,COMPLETE
251,-0.5074298391901089,2025-01-10 14:24:13.108650,2025-01-10 14:24:14.032160,0 days 00:00:00.923510,0.15070152575060108,48,0.4,72,100,3.709434202043534e-06,159,4.487495486742263e-05,1,1,sgd,"{'neurons_per_layer_encoder': [72], 'neurons_per_layer_decoder': [72]}",72,[72],[72],[-0.5074298391901089],0.5837988530793933,COMPLETE
252,-0.47199088626862706,2025-01-10 14:24:13.689222,2025-01-10 14:24:14.937102,0 days 00:00:01.247880,0.11269620498836111,48,0.4,72,100,1.2935487058798921e-05,143,4.7748747304690376e-05,1,1,sgd,"{'neurons_per_layer_encoder': [72], 'neurons_per_layer_decoder': [72]}",72,[72],[72],[-0.47199088626862706],0.4446218795611852,COMPLETE
253,-0.1339460824434724,2025-01-10 14:24:14.039368,2025-01-10 14:24:15.752519,0 days 00:00:01.713151,0.1089437369810349,48,0.4,140,100,0.0007073387080601962,180,8.092983858800246e-05,1,1,sgd,"{'neurons_per_layer_encoder': [140], 'neurons_per_layer_decoder': [140]}",140,[140],[140],[-0.1339460824434724],0.879131497517588,COMPLETE
254,-0.12605983384149155,2025-01-10 14:24:14.441712,2025-01-10 14:24:15.335646,0 days 00:00:00.893934,0.11402691187811993,48,0.4,80,100,4.779953653633632e-06,168,8.298770651402679e-05,1,1,sgd,"{'neurons_per_layer_encoder': [80], 'neurons_per_layer_decoder': [80]}",80,[80],[80],[-0.12605983384149155],0.6433761562923649,COMPLETE
255,-0.09111157025815042,2025-01-10 14:24:14.656288,2025-01-10 14:24:15.631353,0 days 00:00:00.975065,0.11150576842727711,48,0.4,76,100,3.1714180820081124e-06,163,8.292349358311089e-05,1,1,sgd,"{'neurons_per_layer_encoder': [76], 'neurons_per_layer_decoder': [76]}",76,[76],[76],[-0.09111157025815042],0.7716883301728672,COMPLETE
256,-0.23037595583004178,2025-01-10 14:24:14.944865,2025-01-10 14:24:16.094852,0 days 00:00:01.149987,0.10753454780715495,48,0.4,204,100,3.7930999473006354e-06,228,0.00010689742736904613,1,1,sgd,"{'neurons_per_layer_encoder': [204], 'neurons_per_layer_decoder': [204]}",204,[204],[204],[-0.23037595583004178],0.5993735120566316,COMPLETE
257,-0.21875645525768217,2025-01-10 14:24:15.102514,2025-01-10 14:24:16.609724,0 days 00:00:01.507210,0.10233117827901089,48,0.4,84,100,4.26214021649609e-06,172,7.329817346159047e-05,1,1,sgd,"{'neurons_per_layer_encoder': [84], 'neurons_per_layer_decoder': [84]}",84,[84],[84],[-0.21875645525768217],0.706387115665185,COMPLETE
258,0.23825636822107232,2025-01-10 14:24:15.343104,2025-01-10 14:24:17.468243,0 days 00:00:02.125139,0.10044997528090424,48,0.4,204,100,0.000514808189988676,228,7.735987427801128e-05,1,1,sgd,"{'neurons_per_layer_encoder': [204], 'neurons_per_layer_decoder': [204]}",204,[204],[204],[0.23825636822107232],0.9147062619044816,COMPLETE
259,-0.2142458754201153,2025-01-10 14:24:15.638829,2025-01-10 14:24:16.574357,0 days 00:00:00.935528,0.0996210655535265,48,0.4,192,100,4.386532166680938e-06,216,9.905886959295285e-05,1,1,sgd,"{'neurons_per_layer_encoder': [192], 'neurons_per_layer_decoder': [192]}",192,[192],[192],[-0.2142458754201153],0.646101704459903,COMPLETE
260,0.027621965318844866,2025-01-10 14:24:15.760922,2025-01-10 14:24:16.983460,0 days 00:00:01.222538,0.02659105477972764,48,0.4,68,100,4.129597579295943e-06,154,0.00011350609908876747,1,1,sgd,"{'neurons_per_layer_encoder': [68], 'neurons_per_layer_decoder': [68]}",68,[68],[68],[0.027621965318844866],0.7429533139483758,COMPLETE
261,-0.07995660876856014,2025-01-10 14:24:16.104517,2025-01-10 14:24:18.190500,0 days 00:00:02.085983,0.10031777402194278,56,0.4,76,100,4.23582697869343e-06,163,7.425920241236575e-05,1,1,sgd,"{'neurons_per_layer_encoder': [76], 'neurons_per_layer_decoder': [76]}",76,[76],[76],[-0.07995660876856014],0.6745035863754171,COMPLETE
262,0.027659978624692716,2025-01-10 14:24:16.581982,2025-01-10 14:24:18.623242,0 days 00:00:02.041260,0.10282476993902784,48,0.4,80,100,3.130878299931853e-06,184,7.020005575231376e-05,1,1,sgd,"{'neurons_per_layer_encoder': [80], 'neurons_per_layer_decoder': [80]}",80,[80],[80],[0.027659978624692716],0.713856213298025,COMPLETE
263,-0.05635980655673256,2025-01-10 14:24:16.621400,2025-01-10 14:24:17.681252,0 days 00:00:01.059852,0.03990883294621368,56,0.4,88,100,6.483087316028256e-05,192,0.0001392915405639569,1,1,sgd,"{'neurons_per_layer_encoder': [88], 'neurons_per_layer_decoder': [88]}",88,[88],[88],[-0.05635980655673256],0.7550078609900379,COMPLETE
264,-0.10150083591703085,2025-01-10 14:24:16.991385,2025-01-10 14:24:18.096683,0 days 00:00:01.105298,0.03784649976717332,56,0.4,84,100,0.0005129371529135963,188,6.681891327419377e-05,1,1,sgd,"{'neurons_per_layer_encoder': [84], 'neurons_per_layer_decoder': [84]}",84,[84],[84],[-0.10150083591703085],0.8313856556370363,COMPLETE
265,-0.6433091290587385,2025-01-10 14:24:17.476826,2025-01-10 14:24:18.370387,0 days 00:00:00.893561,0.04794799970883379,48,0.4,84,100,0.0005101504269282235,188,6.6840976233534e-05,1,1,sgd,"{'neurons_per_layer_encoder': [84], 'neurons_per_layer_decoder': [84]}",84,[84],[84],[-0.6433091290587385],0.7673718851971286,COMPLETE
266,0.17582557837802215,2025-01-10 14:24:17.688935,2025-01-10 14:24:19.761383,0 days 00:00:02.072448,0.06121452145610826,56,0.4,84,100,0.00047982053510235777,188,6.191228173217515e-05,1,1,sgd,"{'neurons_per_layer_encoder': [84], 'neurons_per_layer_decoder': [84]}",84,[84],[84],[0.17582557837802215],0.8587724324521713,COMPLETE
267,-0.23397197954248616,2025-01-10 14:24:18.104893,2025-01-10 14:24:19.008395,0 days 00:00:00.903502,0.017983587705926583,48,0.4,80,100,0.0004850325205828721,120,5.9687078235943216e-05,1,1,sgd,"{'neurons_per_layer_encoder': [80], 'neurons_per_layer_decoder': [80]}",80,[80],[80],[-0.23397197954248616],0.8118925132213776,COMPLETE
268,-0.38561434923959204,2025-01-10 14:24:18.198958,2025-01-10 14:24:19.232758,0 days 00:00:01.033800,0.047339392485217846,48,0.4,236,100,0.0006308248974422656,260,6.50873311133317e-05,1,1,sgd,"{'neurons_per_layer_encoder': [236], 'neurons_per_layer_decoder': [236]}",236,[236],[236],[-0.38561434923959204],0.8777911642696534,COMPLETE
269,-0.030461502789008943,2025-01-10 14:24:18.378373,2025-01-10 14:24:20.052248,0 days 00:00:01.673875,0.06305528342649622,48,0.4,168,100,2.7257282191349213e-06,320,9.021952886506231e-05,1,1,sgd,"{'neurons_per_layer_encoder': [168], 'neurons_per_layer_decoder': [168]}",168,[168],[168],[-0.030461502789008943],0.7065337897621835,COMPLETE
270,-0.7364516979062321,2025-01-10 14:24:18.631351,2025-01-10 14:24:19.564185,0 days 00:00:00.932834,0.04184381260860974,48,0.4,248,100,0.0006293497063806407,272,8.798933217875267e-05,1,1,sgd,"{'neurons_per_layer_encoder': [248], 'neurons_per_layer_decoder': [248]}",248,[248],[248],[-0.7364516979062321],0.8688485083160558,COMPLETE
271,-0.08062978006346588,2025-01-10 14:24:19.016654,2025-01-10 14:24:20.048196,0 days 00:00:01.031542,0.0653253337902935,48,0.4,164,100,0.0006455361290717736,364,8.798282096374693e-05,1,1,sgd,"{'neurons_per_layer_encoder': [164], 'neurons_per_layer_decoder': [164]}",164,[164],[164],[-0.08062978006346588],0.9132147494884403,COMPLETE
272,0.0050963959762273525,2025-01-10 14:24:19.240371,2025-01-10 14:24:20.967738,0 days 00:00:01.727367,0.062067866139170695,48,0.1,200,100,5.964683494157627e-06,224,9.45381597010416e-05,1,1,sgd,"{'neurons_per_layer_encoder': [200], 'neurons_per_layer_decoder': [200]}",200,[200],[200],[0.0050963959762273525],0.8172527693697534,COMPLETE
273,-0.21782771436804516,2025-01-10 14:24:19.571672,2025-01-10 14:24:20.822617,0 days 00:00:01.250945,0.12552844717259776,32,0.1,208,100,6.070614199090081e-06,312,0.00013045682009666832,1,1,sgd,"{'neurons_per_layer_encoder': [208], 'neurons_per_layer_decoder': [208]}",208,[208],[208],[-0.21782771436804516],0.5149242963006699,COMPLETE
274,-0.4383748913692751,2025-01-10 14:24:19.769414,2025-01-10 14:24:21.121692,0 days 00:00:01.352278,0.06259519794279263,56,0.4,24,100,0.0007491430840746976,42,5.2573932053494314e-05,1,1,sgd,"{'neurons_per_layer_encoder': [24], 'neurons_per_layer_decoder': [24]}",24,[24],[24],[-0.4383748913692751],0.7314574473005406,COMPLETE
275,-0.37324610223692667,2025-01-10 14:24:20.061797,2025-01-10 14:24:21.051888,0 days 00:00:00.990091,0.054676646250231054,56,0.1,204,100,0.00046731775525016734,244,1.463935157804845e-05,1,1,sgd,"{'neurons_per_layer_encoder': [204], 'neurons_per_layer_decoder': [204]}",204,[204],[204],[-0.37324610223692667],0.830423669013905,COMPLETE
276,0.13130301125040533,2025-01-10 14:24:20.062225,2025-01-10 14:24:22.307977,0 days 00:00:02.245752,0.05583989522909867,56,0.4,208,100,0.0005701875434357774,232,2.3004547924105514e-05,1,1,sgd,"{'neurons_per_layer_encoder': [208], 'neurons_per_layer_decoder': [208]}",208,[208],[208],[0.13130301125040533],0.9086756884019278,COMPLETE
277,-0.054227047056968125,2025-01-10 14:24:20.830816,2025-01-10 14:24:23.342571,0 days 00:00:02.511755,0.049223268382855415,56,0.4,20,100,0.0007645978836246819,22,0.0004768927635940529,5,1,sgd,"{'neurons_per_layer_encoder': [20], 'neurons_per_layer_decoder': [20, 10, 8, 8, 8]}",20,"[20, 10, 8, 8, 8]",[20],[-0.054227047056968125],0.7939735549724093,COMPLETE
278,-0.3924042196100943,2025-01-10 14:24:20.976627,2025-01-10 14:24:22.239596,0 days 00:00:01.262969,0.054255462092354816,56,0.4,24,100,7.793238982628025e-05,42,5.2896120510046945e-05,5,1,sgd,"{'neurons_per_layer_encoder': [24], 'neurons_per_layer_decoder': [24, 12, 8, 8, 8]}",24,"[24, 12, 8, 8, 8]",[24],[-0.3924042196100943],0.5273328262809495,COMPLETE
279,-0.13091057556729013,2025-01-10 14:24:21.060390,2025-01-10 14:24:21.971480,0 days 00:00:00.911090,0.05856462420335961,64,0.4,64,100,0.0009726496487460103,134,0.0008082096740900802,1,1,sgd,"{'neurons_per_layer_encoder': [64], 'neurons_per_layer_decoder': [64]}",64,[64],[64],[-0.13091057556729013],0.843752914485852,COMPLETE
280,-0.9057039119165373,2025-01-10 14:24:21.130073,2025-01-10 14:24:22.504194,0 days 00:00:01.374121,0.049820097268672765,40,0.4,8,100,0.0009958770219105296,8,0.00033226122442370367,1,1,sgd,"{'neurons_per_layer_encoder': [8], 'neurons_per_layer_decoder': [8]}",8,[8],[8],[-0.9057039119165373],0.48988415402785934,COMPLETE
281,-0.34817541493631876,2025-01-10 14:24:21.979208,2025-01-10 14:24:22.943785,0 days 00:00:00.964577,0.045344657619837365,56,0.4,252,100,0.0005588066936931547,484,0.000501603431195273,1,1,sgd,"{'neurons_per_layer_encoder': [252], 'neurons_per_layer_decoder': [252]}",252,[252],[252],[-0.34817541493631876],0.8943283354462331,COMPLETE
282,-0.17835400806035362,2025-01-10 14:24:22.246915,2025-01-10 14:24:23.654661,0 days 00:00:01.407746,0.04493483189112673,64,0.4,252,100,8.777665919702814e-06,468,6.0956043294085694e-05,1,1,adam,"{'neurons_per_layer_encoder': [252], 'neurons_per_layer_decoder': [252]}",252,[252],[252],[-0.17835400806035362],0.5289933223610473,COMPLETE
283,-0.016547963637692176,2025-01-10 14:24:22.316129,2025-01-10 14:24:23.901225,0 days 00:00:01.585096,0.052153130401638055,64,0.4,196,100,0.0005801158590533502,220,2.2489968437633815e-05,1,1,sgd,"{'neurons_per_layer_encoder': [196], 'neurons_per_layer_decoder': [196]}",196,[196],[196],[-0.016547963637692176],0.8896130583263694,COMPLETE
284,-0.2241893642822943,2025-01-10 14:24:22.511918,2025-01-10 14:24:23.460964,0 days 00:00:00.949046,0.05634817584884243,64,0.30000000000000004,216,100,0.0005510175536607444,240,2.2525200691453428e-05,1,1,sgd,"{'neurons_per_layer_encoder': [216], 'neurons_per_layer_decoder': [216]}",216,[216],[216],[-0.2241893642822943],0.8699675088554395,COMPLETE
285,-0.3022397713261007,2025-01-10 14:24:22.951614,2025-01-10 14:24:23.859099,0 days 00:00:00.907485,0.05661235041696183,64,0.30000000000000004,200,100,0.0005803800055696966,224,2.1671891682399175e-05,1,1,sgd,"{'neurons_per_layer_encoder': [200], 'neurons_per_layer_decoder': [200]}",200,[200],[200],[-0.3022397713261007],0.8687041086962581,COMPLETE
286,-0.15931574481583333,2025-01-10 14:24:23.351843,2025-01-10 14:24:24.231534,0 days 00:00:00.879691,0.05380383559603401,64,0.30000000000000004,68,100,0.0005605444951010806,154,2.170012994351904e-05,1,1,sgd,"{'neurons_per_layer_encoder': [68], 'neurons_per_layer_decoder': [68]}",68,[68],[68],[-0.15931574481583333],0.808823115705458,COMPLETE
287,-0.15700533772487457,2025-01-10 14:24:23.469911,2025-01-10 14:24:25.058161,0 days 00:00:01.588250,0.05113141391501893,40,0.30000000000000004,200,100,0.00044453128014337434,224,1.6609910789623865e-05,1,1,sgd,"{'neurons_per_layer_encoder': [200], 'neurons_per_layer_decoder': [200]}",200,[200],[200],[-0.15700533772487457],0.8560657795290767,COMPLETE
288,-0.8319832995125549,2025-01-10 14:24:23.662655,2025-01-10 14:24:24.762774,0 days 00:00:01.100119,0.05111682786263549,48,0.30000000000000004,212,100,0.0004198024059354564,236,2.1288549424986227e-05,1,1,sgd,"{'neurons_per_layer_encoder': [212], 'neurons_per_layer_decoder': [212]}",212,[212],[212],[-0.8319832995125549],0.7938604279330541,COMPLETE
289,-1.324193488353134,2025-01-10 14:24:23.868000,2025-01-10 14:24:24.825322,0 days 00:00:00.957322,0.09523947838082916,40,0.30000000000000004,212,100,0.0004173827365126464,236,2.3850469369410753e-05,1,1,sgd,"{'neurons_per_layer_encoder': [212], 'neurons_per_layer_decoder': [212]}",212,[212],[212],[-1.324193488353134],0.8028395632507768,COMPLETE
290,-0.5431940478932282,2025-01-10 14:24:23.911926,2025-01-10 14:24:24.896890,0 days 00:00:00.984964,0.03113053159943022,48,0.30000000000000004,212,100,0.00043091594981443324,236,1.6584373763301788e-05,1,1,sgd,"{'neurons_per_layer_encoder': [212], 'neurons_per_layer_decoder': [212]}",212,[212],[212],[-0.5431940478932282],0.8540546929776636,COMPLETE
291,0.15823246996841267,2025-01-10 14:24:24.240154,2025-01-10 14:24:26.979434,0 days 00:00:02.739280,0.0506961217994882,48,0.4,212,100,0.0003541112416002746,236,2.7661817174079992e-05,1,1,adam,"{'neurons_per_layer_encoder': [212], 'neurons_per_layer_decoder': [212]}",212,[212],[212],[0.15823246996841267],0.8625458338148658,COMPLETE
292,0.050103739075142095,2025-01-10 14:24:24.771047,2025-01-10 14:24:27.646922,0 days 00:00:02.875875,0.047616370539712904,40,0.4,192,100,0.00036284558214010125,408,2.8140918592033844e-05,1,1,adam,"{'neurons_per_layer_encoder': [192], 'neurons_per_layer_decoder': [192]}",192,[192],[192],[0.050103739075142095],0.8480487059137353,COMPLETE
293,-0.38689580539163293,2025-01-10 14:24:24.833560,2025-01-10 14:24:26.268977,0 days 00:00:01.435417,0.034174763098083816,48,0.4,72,100,4.866921628248883e-06,95,1.7404225981056426e-05,1,1,adam,"{'neurons_per_layer_encoder': [72], 'neurons_per_layer_decoder': [72]}",72,[72],[72],[-0.38689580539163293],0.6461969803682932,COMPLETE
294,-0.169268474351296,2025-01-10 14:24:24.905040,2025-01-10 14:24:26.368222,0 days 00:00:01.463182,0.11510827919201223,48,0.4,88,100,0.0003675289808295289,176,2.7175545108679915e-05,1,1,adam,"{'neurons_per_layer_encoder': [88], 'neurons_per_layer_decoder': [88]}",88,[88],[88],[-0.169268474351296],0.7939585142045277,COMPLETE
295,-0.17477155576165715,2025-01-10 14:24:25.067319,2025-01-10 14:24:27.189923,0 days 00:00:02.122604,0.059771015511158904,56,0.4,72,100,0.0003442848831776506,143,7.536752286988439e-05,1,1,adam,"{'neurons_per_layer_encoder': [72], 'neurons_per_layer_decoder': [72]}",72,[72],[72],[-0.17477155576165715],0.7990795226207922,COMPLETE
296,-0.06812690114769082,2025-01-10 14:24:26.377452,2025-01-10 14:24:28.165776,0 days 00:00:01.788324,0.05943885885093881,56,0.4,232,100,0.00030788212349101086,256,5.842705487228781e-05,1,1,adam,"{'neurons_per_layer_encoder': [232], 'neurons_per_layer_decoder': [232]}",232,[232],[232],[-0.06812690114769082],0.8355710613779455,COMPLETE
297,-0.267931556120909,2025-01-10 14:24:27.655541,2025-01-10 14:24:29.200800,0 days 00:00:01.545259,0.04653826997732443,40,0.4,188,100,0.00037135883063467315,212,3.0334541382525555e-05,1,1,adam,"{'neurons_per_layer_encoder': [188], 'neurons_per_layer_decoder': [188]}",188,[188],[188],[-0.267931556120909],0.802658700796677,COMPLETE
