number,value,datetime_start,datetime_complete,duration,params_alpha,params_batch_size,params_drop_out_rate,params_encoder_neurons_layer_1,params_epochs,params_lambda,params_latent_dim,params_learning_rate,params_num_layers_decoder,params_num_layers_encoder,params_optimizer,user_attrs_encoder_decoder_config,user_attrs_first_layer_neurons,user_attrs_neurons_per_layer_decoder,user_attrs_neurons_per_layer_encoder,user_attrs_r2_feature_1,user_attrs_relative_deterioration,state
1954,-0.01608609849617415,2025-01-11 12:17:10.219772,2025-01-11 12:17:12.693431,0 days 00:00:02.473659,0.17578404211523238,72,0.2,12,100,3.149665192102192e-06,13,1.7276605231224e-05,1,1,adadelta,"{'neurons_per_layer_encoder': [12], 'neurons_per_layer_decoder': [12]}",12,[12],[12],[-0.01608609849617415],0.7082282768440101,COMPLETE
1955,0.21895165081261025,2025-01-11 12:17:11.661693,2025-01-11 12:17:13.592530,0 days 00:00:01.930837,0.1752357677615391,72,0.2,4,100,3.3257004184423373e-06,4,1.7196503583727824e-05,1,1,adadelta,"{'neurons_per_layer_encoder': [4], 'neurons_per_layer_decoder': [8]}",4,[8],[4],[0.21895165081261025],0.7204753152467044,COMPLETE
1956,-0.02221818950548138,2025-01-11 12:17:12.059170,2025-01-11 12:17:13.384015,0 days 00:00:01.324845,0.1792504381114487,72,0.30000000000000004,4,100,1.9142422893288724e-05,4,1.3079528214707838e-05,1,1,adadelta,"{'neurons_per_layer_encoder': [4], 'neurons_per_layer_decoder': [8]}",4,[8],[4],[-0.02221818950548138],0.5982409132913042,COMPLETE
1957,-0.14845439036028796,2025-01-11 12:17:12.379178,2025-01-11 12:17:14.589364,0 days 00:00:02.210186,0.18272775667983351,64,0.2,4,100,3.3445585839196194e-06,4,3.481085894137929e-05,1,1,adadelta,"{'neurons_per_layer_encoder': [4], 'neurons_per_layer_decoder': [8]}",4,[8],[4],[-0.14845439036028796],0.44637677034799084,COMPLETE
1958,0.04950892587885636,2025-01-11 12:17:12.705810,2025-01-11 12:17:14.061540,0 days 00:00:01.355730,0.18044376035452286,120,0.2,8,100,1.4692154122552628e-06,8,3.172801522968735e-05,1,1,adadelta,"{'neurons_per_layer_encoder': [8], 'neurons_per_layer_decoder': [8]}",8,[8],[8],[0.04950892587885636],0.6772410310608405,COMPLETE
1959,-0.07650179310784155,2025-01-11 12:17:12.725043,2025-01-11 12:17:14.053353,0 days 00:00:01.328310,0.17303630026595457,64,0.2,4,100,1.455573198333676e-06,4,3.3599094941848316e-05,1,1,adadelta,"{'neurons_per_layer_encoder': [4], 'neurons_per_layer_decoder': [8]}",4,[8],[4],[-0.07650179310784155],0.6339603791366649,COMPLETE
1960,-0.2293151249080394,2025-01-11 12:17:13.394536,2025-01-11 12:17:15.782109,0 days 00:00:02.387573,0.1878327551573502,64,0.2,8,100,1.4430889020944492e-06,8,2.8470395552715297e-05,1,1,adadelta,"{'neurons_per_layer_encoder': [8], 'neurons_per_layer_decoder': [8]}",8,[8],[8],[-0.2293151249080394],0.6212679555208952,COMPLETE
1961,-0.04900469482079828,2025-01-11 12:17:13.603262,2025-01-11 12:17:15.410605,0 days 00:00:01.807343,0.19172530302506777,64,0.2,12,100,4.873795675197583e-06,13,2.408306516096436e-05,1,1,adadelta,"{'neurons_per_layer_encoder': [12], 'neurons_per_layer_decoder': [12]}",12,[12],[12],[-0.04900469482079828],0.5890897062363685,COMPLETE
1962,-0.7988204352568182,2025-01-11 12:17:14.067903,2025-01-11 12:17:16.515670,0 days 00:00:02.447767,0.18205364602120186,64,0.2,16,100,1.9149448812721006e-06,17,2.861285554564041e-05,1,1,adadelta,"{'neurons_per_layer_encoder': [16], 'neurons_per_layer_decoder': [16]}",16,[16],[16],[-0.7988204352568182],0.605467713709212,COMPLETE
1963,-0.8698980418172972,2025-01-11 12:17:14.079282,2025-01-11 12:17:15.867267,0 days 00:00:01.787985,0.19078473207929816,64,0.2,16,100,4.753200688562171e-06,17,3.6556323680149856e-05,1,1,adadelta,"{'neurons_per_layer_encoder': [16], 'neurons_per_layer_decoder': [16]}",16,[16],[16],[-0.8698980418172972],0.5240830796018102,COMPLETE
1964,-0.18212503611776287,2025-01-11 12:17:14.600599,2025-01-11 12:17:16.438777,0 days 00:00:01.838178,0.18837084220458433,80,0.2,12,100,1.8958931991794144e-06,13,3.19315214461488e-05,1,1,adadelta,"{'neurons_per_layer_encoder': [12], 'neurons_per_layer_decoder': [12]}",12,[12],[12],[-0.18212503611776287],0.510501835532755,COMPLETE
1965,-0.519282891980613,2025-01-11 12:17:15.420917,2025-01-11 12:17:17.476216,0 days 00:00:02.055299,0.185549524651278,80,0.2,16,100,1.986149891612569e-06,17,3.073743612513246e-05,1,1,adadelta,"{'neurons_per_layer_encoder': [16], 'neurons_per_layer_decoder': [16]}",16,[16],[16],[-0.519282891980613],0.6123761539107493,COMPLETE
1966,-0.14226671999852014,2025-01-11 12:17:15.792890,2025-01-11 12:17:17.124339,0 days 00:00:01.331449,0.16782023963443005,80,0.2,16,100,1.896806170558083e-06,17,3.262294482707402e-05,1,1,adadelta,"{'neurons_per_layer_encoder': [16], 'neurons_per_layer_decoder': [16]}",16,[16],[16],[-0.14226671999852014],0.5241473110422725,COMPLETE
1967,0.1465945763495764,2025-01-11 12:17:15.878891,2025-01-11 12:17:17.706229,0 days 00:00:01.827338,0.16744205197737613,80,0.2,16,100,1.9220251710284475e-06,17,2.961249315081143e-05,1,1,adadelta,"{'neurons_per_layer_encoder': [16], 'neurons_per_layer_decoder': [16]}",16,[16],[16],[0.1465945763495764],0.7757175163936978,COMPLETE
1968,0.10636840314097729,2025-01-11 12:17:16.449618,2025-01-11 12:17:17.770171,0 days 00:00:01.320553,0.17261875220285963,80,0.2,16,100,2.024878388751982e-06,17,3.1850106386738627e-05,1,1,adadelta,"{'neurons_per_layer_encoder': [16], 'neurons_per_layer_decoder': [16]}",16,[16],[16],[0.10636840314097729],0.5469287522851998,COMPLETE
1969,0.29478999430233477,2025-01-11 12:17:16.528052,2025-01-11 12:17:18.981855,0 days 00:00:02.453803,0.16778216275963673,80,0.2,12,100,2.106152042181516e-06,13,3.4679247326389435e-05,1,1,adadelta,"{'neurons_per_layer_encoder': [12], 'neurons_per_layer_decoder': [12]}",12,[12],[12],[0.29478999430233477],0.8600884465282284,COMPLETE
1970,-0.07739946020453758,2025-01-11 12:17:17.134660,2025-01-11 12:17:18.756998,0 days 00:00:01.622338,0.15850574275462762,40,0.2,4,100,2.0922130879422058e-06,4,3.320163801679853e-05,1,1,adadelta,"{'neurons_per_layer_encoder': [4], 'neurons_per_layer_decoder': [8]}",4,[8],[4],[-0.07739946020453758],0.6160520188565165,COMPLETE
1971,-0.1228769942926764,2025-01-11 12:17:17.486351,2025-01-11 12:17:19.837527,0 days 00:00:02.351176,0.1657175785946987,72,0.2,60,100,1.652136135887209e-06,82,3.87854005249267e-05,5,1,adadelta,"{'neurons_per_layer_encoder': [60], 'neurons_per_layer_decoder': [60, 30, 15, 8, 8]}",60,"[60, 30, 15, 8, 8]",[60],[-0.1228769942926764],0.5800916260174273,COMPLETE
1972,0.1342458748070957,2025-01-11 12:17:17.715860,2025-01-11 12:17:20.272059,0 days 00:00:02.556199,0.16005972152629888,72,0.2,4,100,1.134962670697583e-06,4,4.031900887669287e-05,1,1,adadelta,"{'neurons_per_layer_encoder': [4], 'neurons_per_layer_decoder': [8]}",4,[8],[4],[0.1342458748070957],0.4386797395084407,COMPLETE
1973,-0.22859699053738258,2025-01-11 12:17:17.782982,2025-01-11 12:17:20.189622,0 days 00:00:02.406640,0.1615309454051502,40,0.2,4,100,1.104598216781112e-06,4,3.849238666585768e-05,5,1,adadelta,"{'neurons_per_layer_encoder': [4], 'neurons_per_layer_decoder': [8, 8, 8, 8, 8]}",4,"[8, 8, 8, 8, 8]",[4],[-0.22859699053738258],0.5302835419733147,COMPLETE
1974,-0.005310984679157027,2025-01-11 12:17:18.767535,2025-01-11 12:17:21.162991,0 days 00:00:02.395456,0.1631172211906588,72,0.2,8,100,1.1539903953883776e-06,8,3.015622398012733e-05,1,1,adadelta,"{'neurons_per_layer_encoder': [8], 'neurons_per_layer_decoder': [8]}",8,[8],[8],[-0.005310984679157027],0.7130758571076106,COMPLETE
1975,-0.46637259527441843,2025-01-11 12:17:18.992297,2025-01-11 12:17:20.713867,0 days 00:00:01.721570,0.15943109199033756,72,0.30000000000000004,4,100,1.1491789869415556e-06,4,3.820021831430477e-05,1,1,adadelta,"{'neurons_per_layer_encoder': [4], 'neurons_per_layer_decoder': [8]}",4,[8],[4],[-0.46637259527441843],0.5450951365765825,COMPLETE
1976,-0.16378652132643667,2025-01-11 12:17:19.849138,2025-01-11 12:17:21.188742,0 days 00:00:01.339604,0.15739347563825515,72,0.2,8,100,1.2760648422019721e-06,8,3.114847505741947e-05,1,1,adadelta,"{'neurons_per_layer_encoder': [8], 'neurons_per_layer_decoder': [8]}",8,[8],[8],[-0.16378652132643667],0.5710055714449027,COMPLETE
1977,-0.19946593350353825,2025-01-11 12:17:20.199792,2025-01-11 12:17:21.527674,0 days 00:00:01.327882,0.1531422227664884,72,0.30000000000000004,8,100,6.482786822846207e-05,8,2.841164130915453e-05,1,1,adadelta,"{'neurons_per_layer_encoder': [8], 'neurons_per_layer_decoder': [8]}",8,[8],[8],[-0.19946593350353825],0.7038153378555488,COMPLETE
1978,-0.37429921791169196,2025-01-11 12:17:20.288694,2025-01-11 12:17:21.605832,0 days 00:00:01.317138,0.15579420198673943,64,0.30000000000000004,8,100,1.2931253177460666e-06,8,2.72448287524329e-05,1,1,adadelta,"{'neurons_per_layer_encoder': [8], 'neurons_per_layer_decoder': [8]}",8,[8],[8],[-0.37429921791169196],0.6375856356609187,COMPLETE
1979,-1.0820814531404497,2025-01-11 12:17:20.724513,2025-01-11 12:17:22.047781,0 days 00:00:01.323268,0.1754808985978718,64,0.2,8,100,2.3991804257621254e-06,8,2.7470990996354584e-05,1,1,adadelta,"{'neurons_per_layer_encoder': [8], 'neurons_per_layer_decoder': [8]}",8,[8],[8],[-1.0820814531404497],0.34491757502289033,COMPLETE
1980,-2.5973934121622535,2025-01-11 12:17:21.175934,2025-01-11 12:17:22.488247,0 days 00:00:01.312313,0.1798873291440904,64,0.2,12,100,1.001744993340108e-06,13,2.5785936461170254e-05,1,1,adadelta,"{'neurons_per_layer_encoder': [12], 'neurons_per_layer_decoder': [12]}",12,[12],[12],[-2.5973934121622535],0.0443162688441879,COMPLETE
1981,-0.6168077703496779,2025-01-11 12:17:21.200196,2025-01-11 12:17:23.425422,0 days 00:00:02.225226,0.17641448687711908,64,0.2,12,100,4.891913281209435e-05,13,2.5034214532816782e-05,4,1,adadelta,"{'neurons_per_layer_encoder': [12], 'neurons_per_layer_decoder': [12, 8, 8, 8]}",12,"[12, 8, 8, 8]",[12],[-0.6168077703496779],0.5659226016102236,COMPLETE
1982,-0.9822367445096962,2025-01-11 12:17:21.538168,2025-01-11 12:17:22.836834,0 days 00:00:01.298666,0.17338111768822678,64,0.2,12,100,1.6313243005543142e-06,13,2.1815576532791977e-05,1,1,adadelta,"{'neurons_per_layer_encoder': [12], 'neurons_per_layer_decoder': [12]}",12,[12],[12],[-0.9822367445096962],0.3252918602390048,COMPLETE
1983,0.12296586716143998,2025-01-11 12:17:21.617473,2025-01-11 12:17:24.698989,0 days 00:00:03.081516,0.17685228401516265,64,0.2,12,100,2.4556136420343345e-06,13,2.7709736959213508e-05,4,1,adadelta,"{'neurons_per_layer_encoder': [12], 'neurons_per_layer_decoder': [12, 8, 8, 8]}",12,"[12, 8, 8, 8]",[12],[0.12296586716143998],0.6612767141170451,COMPLETE
1984,0.4507236215326925,2025-01-11 12:17:22.058047,2025-01-11 12:17:24.501906,0 days 00:00:02.443859,0.17946389580607397,64,0.2,12,100,1.6832254624229594e-06,13,2.383041247784555e-05,1,1,adadelta,"{'neurons_per_layer_encoder': [12], 'neurons_per_layer_decoder': [12]}",12,[12],[12],[0.4507236215326925],0.8188002112675362,COMPLETE
1985,0.021477557343674625,2025-01-11 12:17:22.498247,2025-01-11 12:17:25.585517,0 days 00:00:03.087270,0.19953428054632794,64,0.1,12,100,1.6395311443097155e-06,13,2.47208686755466e-05,4,1,adadelta,"{'neurons_per_layer_encoder': [12], 'neurons_per_layer_decoder': [12, 8, 8, 8]}",12,"[12, 8, 8, 8]",[12],[0.021477557343674625],0.6987463945384322,COMPLETE
1986,-0.7234830841278554,2025-01-11 12:17:22.847171,2025-01-11 12:17:24.992730,0 days 00:00:02.145559,0.14531956098721252,64,0.2,20,100,2.505138073317201e-06,22,2.4519926634999455e-05,1,1,adadelta,"{'neurons_per_layer_encoder': [20], 'neurons_per_layer_decoder': [20]}",20,[20],[20],[-0.7234830841278554],0.5657092527494924,COMPLETE
1987,0.06751915994325797,2025-01-11 12:17:23.435995,2025-01-11 12:17:24.920351,0 days 00:00:01.484356,0.1534380799314546,64,0.2,20,100,2.4557396377447856e-06,22,2.63107727861606e-05,1,1,adadelta,"{'neurons_per_layer_encoder': [20], 'neurons_per_layer_decoder': [20]}",20,[20],[20],[0.06751915994325797],0.6690195412689506,COMPLETE
1988,-0.2934179234061578,2025-01-11 12:17:24.512623,2025-01-11 12:17:26.975391,0 days 00:00:02.462768,0.18097346348795934,112,0.2,60,100,1.5424046184174632e-06,66,2.228655167727842e-05,1,1,adadelta,"{'neurons_per_layer_encoder': [60], 'neurons_per_layer_decoder': [60]}",60,[60],[60],[-0.2934179234061578],0.6085095086689779,COMPLETE
1989,-0.36156112391470807,2025-01-11 12:17:24.709280,2025-01-11 12:17:26.595506,0 days 00:00:01.886226,0.19866859548282592,72,0.2,16,100,1.5903110030273105e-06,17,2.368342724050178e-05,1,1,adadelta,"{'neurons_per_layer_encoder': [16], 'neurons_per_layer_decoder': [16]}",16,[16],[16],[-0.36156112391470807],0.6547075173078513,COMPLETE
1990,0.35952657177562697,2025-01-11 12:17:24.929748,2025-01-11 12:17:27.485307,0 days 00:00:02.555559,0.1901768956296364,72,0.1,12,100,1.5148787540392681e-06,13,2.100669841525618e-05,1,1,adadelta,"{'neurons_per_layer_encoder': [12], 'neurons_per_layer_decoder': [12]}",12,[12],[12],[0.35952657177562697],0.6633903944546158,COMPLETE
1991,-0.43394707017747036,2025-01-11 12:17:25.008177,2025-01-11 12:17:26.531845,0 days 00:00:01.523668,0.1939572550466811,72,0.2,12,100,1.6068281152554756e-06,13,2.3133284771735507e-05,1,1,adadelta,"{'neurons_per_layer_encoder': [12], 'neurons_per_layer_decoder': [12]}",12,[12],[12],[-0.43394707017747036],0.5812872514736804,COMPLETE
1992,-0.4663525518238796,2025-01-11 12:17:25.596403,2025-01-11 12:17:27.100102,0 days 00:00:01.503699,0.18195076364586235,72,0.2,16,100,1.520071234855211e-06,17,2.1279195693586096e-05,1,1,adadelta,"{'neurons_per_layer_encoder': [16], 'neurons_per_layer_decoder': [16]}",16,[16],[16],[-0.4663525518238796],0.4894181301188611,COMPLETE
1993,-0.5323034918219505,2025-01-11 12:17:26.540981,2025-01-11 12:17:28.004047,0 days 00:00:01.463066,0.18540441429994206,72,0.2,16,100,1.4228295846362153e-06,17,2.1012838960544876e-05,1,1,adadelta,"{'neurons_per_layer_encoder': [16], 'neurons_per_layer_decoder': [16]}",16,[16],[16],[-0.5323034918219505],0.5630308334948562,COMPLETE
1994,-0.5577475197078257,2025-01-11 12:17:26.610353,2025-01-11 12:17:28.759609,0 days 00:00:02.149256,0.1873746480593835,80,0.2,60,100,1.4011769038939603e-06,82,1.9900081911895756e-05,1,1,adadelta,"{'neurons_per_layer_encoder': [60], 'neurons_per_layer_decoder': [60]}",60,[60],[60],[-0.5577475197078257],0.41442741124448,COMPLETE
1995,-0.029731418585987823,2025-01-11 12:17:26.986552,2025-01-11 12:17:28.705551,0 days 00:00:01.718999,0.18320722332051428,128,0.2,4,100,1.4290160399021208e-06,4,0.0004890133110614567,1,1,adadelta,"{'neurons_per_layer_encoder': [4], 'neurons_per_layer_decoder': [8]}",4,[8],[4],[-0.029731418585987823],0.7023467896107563,COMPLETE
1996,-0.010743157917568302,2025-01-11 12:17:27.109223,2025-01-11 12:17:29.651223,0 days 00:00:02.542000,0.19324090976634672,80,0.2,4,100,1.8041402012299758e-06,4,2.046862016249434e-05,1,1,adadelta,"{'neurons_per_layer_encoder': [4], 'neurons_per_layer_decoder': [8]}",4,[8],[4],[-0.010743157917568302],0.7899899728352907,COMPLETE
1997,-0.0938396184803374,2025-01-11 12:17:27.496418,2025-01-11 12:17:28.823268,0 days 00:00:01.326850,0.1803497126074514,80,0.2,4,100,1.3592843325567698e-06,4,1.8686024376480964e-05,1,1,adadelta,"{'neurons_per_layer_encoder': [4], 'neurons_per_layer_decoder': [8]}",4,[8],[4],[-0.0938396184803374],0.6961704525788168,COMPLETE
1998,-0.36389735122861877,2025-01-11 12:17:28.014373,2025-01-11 12:17:29.330233,0 days 00:00:01.315860,0.17069045077217013,80,0.2,4,100,1.7698327030292918e-06,4,1.8997987006975954e-05,1,1,adadelta,"{'neurons_per_layer_encoder': [4], 'neurons_per_layer_decoder': [8]}",4,[8],[4],[-0.36389735122861877],0.5151126960685379,COMPLETE
1999,0.02482771495046643,2025-01-11 12:17:28.715834,2025-01-11 12:17:30.295459,0 days 00:00:01.579625,0.17277009208218336,88,0.2,8,100,1.7463293402776392e-06,8,0.0005705579611949769,1,1,adadelta,"{'neurons_per_layer_encoder': [8], 'neurons_per_layer_decoder': [8]}",8,[8],[8],[0.02482771495046643],0.6418055507856459,COMPLETE
2000,-0.5054394140814411,2025-01-11 12:17:28.772609,2025-01-11 12:17:30.332416,0 days 00:00:01.559807,0.17180390294239584,40,0.2,4,100,1.8855137952586415e-06,4,1.9395777638009338e-05,1,1,adadelta,"{'neurons_per_layer_encoder': [4], 'neurons_per_layer_decoder': [8]}",4,[8],[4],[-0.5054394140814411],0.6065930008082795,COMPLETE
2001,-2.15676018529883,2025-01-11 12:17:28.840705,2025-01-11 12:17:31.337430,0 days 00:00:02.496725,0.19962796951882467,88,0.2,8,100,1.7308389520486496e-06,8,2.045491391363531e-05,1,1,adadelta,"{'neurons_per_layer_encoder': [8], 'neurons_per_layer_decoder': [8]}",8,[8],[8],[-2.15676018529883],0.10655090762800283,COMPLETE
2002,-0.5430921111312457,2025-01-11 12:17:29.341042,2025-01-11 12:17:31.644619,0 days 00:00:02.303577,0.17073003863913958,64,0.2,8,100,1.8731641779508977e-06,8,0.00027424368115684525,1,1,adadelta,"{'neurons_per_layer_encoder': [8], 'neurons_per_layer_decoder': [8]}",8,[8],[8],[-0.5430921111312457],0.3615443122985072,COMPLETE
2003,0.2291620153220434,2025-01-11 12:17:29.664912,2025-01-11 12:17:32.111847,0 days 00:00:02.446935,0.17015055661208892,88,0.2,12,100,1.7611643444234843e-06,13,0.00042415779289306515,1,1,adadelta,"{'neurons_per_layer_encoder': [12], 'neurons_per_layer_decoder': [12]}",12,[12],[12],[0.2291620153220434],0.7592140475931477,COMPLETE
2004,-0.3561793813415526,2025-01-11 12:17:30.305294,2025-01-11 12:17:31.818789,0 days 00:00:01.513495,0.1679744571468624,64,0.2,12,100,2.0654669653555182e-06,13,0.000285244809410306,1,1,adadelta,"{'neurons_per_layer_encoder': [12], 'neurons_per_layer_decoder': [12]}",12,[12],[12],[-0.3561793813415526],0.5188606441893703,COMPLETE
2005,0.1299018785563476,2025-01-11 12:17:30.345780,2025-01-11 12:17:32.776523,0 days 00:00:02.430743,0.16785492014564204,64,0.2,12,100,2.1742036022976317e-06,13,2.740221686271053e-05,1,1,adadelta,"{'neurons_per_layer_encoder': [12], 'neurons_per_layer_decoder': [12]}",12,[12],[12],[0.1299018785563476],0.7529110517455879,COMPLETE
2006,-0.2297790175697556,2025-01-11 12:17:31.347702,2025-01-11 12:17:32.664070,0 days 00:00:01.316368,0.16996033564253993,64,0.2,16,100,2.2144133444418264e-06,17,0.0002773378814714867,1,1,adadelta,"{'neurons_per_layer_encoder': [16], 'neurons_per_layer_decoder': [16]}",16,[16],[16],[-0.2297790175697556],0.6945859328966887,COMPLETE
2007,0.03664106181027771,2025-01-11 12:17:31.654696,2025-01-11 12:17:34.139472,0 days 00:00:02.484776,0.18330218424684447,64,0.2,16,100,2.168696274996556e-06,17,2.7528172173651975e-05,1,1,adadelta,"{'neurons_per_layer_encoder': [16], 'neurons_per_layer_decoder': [16]}",16,[16],[16],[0.03664106181027771],0.7020982842240494,COMPLETE
2008,0.03981014739393285,2025-01-11 12:17:31.828992,2025-01-11 12:17:34.330899,0 days 00:00:02.501907,0.185805724820453,72,0.2,16,100,2.16043980191709e-06,17,2.5707644073490115e-05,1,1,adadelta,"{'neurons_per_layer_encoder': [16], 'neurons_per_layer_decoder': [16]}",16,[16],[16],[0.03981014739393285],0.6872879851424266,COMPLETE
2009,-0.25215275520292857,2025-01-11 12:17:32.122314,2025-01-11 12:17:34.187345,0 days 00:00:02.065031,0.17809958973862508,72,0.2,16,100,2.14248948421246e-06,152,2.7905605290336595e-05,1,4,adadelta,"{'neurons_per_layer_encoder': [16, 32, 64, 128], 'neurons_per_layer_decoder': [128]}",16,[128],"[16, 32, 64, 128]",[-0.25215275520292857],0.6075096872379787,COMPLETE
2010,-0.7478493182302246,2025-01-11 12:17:32.673639,2025-01-11 12:17:34.071177,0 days 00:00:01.397538,0.18693607961821262,72,0.2,16,100,1.2682138673494644e-06,17,2.6839642664073998e-05,1,1,adadelta,"{'neurons_per_layer_encoder': [16], 'neurons_per_layer_decoder': [16]}",16,[16],[16],[-0.7478493182302246],0.43924589500773437,COMPLETE
2011,-0.11169535322118351,2025-01-11 12:17:32.786870,2025-01-11 12:17:35.291177,0 days 00:00:02.504307,0.16070550374777362,72,0.2,20,100,1.3386621687236742e-06,22,1.1269378806008256e-05,1,1,adadelta,"{'neurons_per_layer_encoder': [20], 'neurons_per_layer_decoder': [20]}",20,[20],[20],[-0.11169535322118351],0.6121209422516882,COMPLETE
2012,0.1311808843175556,2025-01-11 12:17:34.081282,2025-01-11 12:17:36.505394,0 days 00:00:02.424112,0.15994912898500582,72,0.2,20,100,1.3107468806092225e-06,22,1.1570111272845707e-05,1,1,adadelta,"{'neurons_per_layer_encoder': [20], 'neurons_per_layer_decoder': [20]}",20,[20],[20],[0.1311808843175556],0.8035870826478161,COMPLETE
2013,-0.19555439240433126,2025-01-11 12:17:34.150814,2025-01-11 12:17:36.633429,0 days 00:00:02.482615,0.1611337904406389,72,0.2,20,100,1.3540317484693088e-06,22,1.1256934444313283e-05,3,1,adadelta,"{'neurons_per_layer_encoder': [20], 'neurons_per_layer_decoder': [20, 10, 8]}",20,"[20, 10, 8]",[20],[-0.19555439240433126],0.6176731340507493,COMPLETE
2014,0.24027676071074533,2025-01-11 12:17:34.203769,2025-01-11 12:17:36.660799,0 days 00:00:02.457030,0.16070420492588605,72,0.2,20,100,1.301837027830096e-06,22,1.1280488800704038e-05,1,1,adadelta,"{'neurons_per_layer_encoder': [20], 'neurons_per_layer_decoder': [20]}",20,[20],[20],[0.24027676071074533],0.7157070249383974,COMPLETE
2015,-0.30832426476647656,2025-01-11 12:17:34.342549,2025-01-11 12:17:36.821258,0 days 00:00:02.478709,0.16473673365422606,80,0.2,20,100,1.3470408745027789e-06,22,1.1481374053149075e-05,1,1,adadelta,"{'neurons_per_layer_encoder': [20], 'neurons_per_layer_decoder': [20]}",20,[20],[20],[-0.30832426476647656],0.6566341932003464,COMPLETE
2016,-0.6944431250388652,2025-01-11 12:17:35.301619,2025-01-11 12:17:36.621612,0 days 00:00:01.319993,0.1631240879387151,80,0.2,8,100,1.6541908824022053e-06,8,1.001510283586739e-05,1,1,adadelta,"{'neurons_per_layer_encoder': [8], 'neurons_per_layer_decoder': [8]}",8,[8],[8],[-0.6944431250388652],0.603179044729467,COMPLETE
2017,-0.24414029918391011,2025-01-11 12:17:36.514896,2025-01-11 12:17:37.825377,0 days 00:00:01.310481,0.1634695206852116,80,0.2,8,100,1.6600574414619615e-06,8,1.709208416434279e-05,1,1,adadelta,"{'neurons_per_layer_encoder': [8], 'neurons_per_layer_decoder': [8]}",8,[8],[8],[-0.24414029918391011],0.6509619534257077,COMPLETE
