number,value,datetime_start,datetime_complete,duration,params_alpha,params_batch_size,params_drop_out_rate,params_encoder_neurons_layer_1,params_epochs,params_lambda,params_latent_dim,params_learning_rate,params_num_layers_decoder,params_num_layers_encoder,params_optimizer,user_attrs_encoder_decoder_config,user_attrs_first_layer_neurons,user_attrs_neurons_per_layer_decoder,user_attrs_neurons_per_layer_encoder,user_attrs_r2_feature_1,user_attrs_relative_deterioration,state
2145,0.0610562410366724,2025-01-11 12:19:09.243174,2025-01-11 12:19:11.709520,0 days 00:00:02.466346,0.18965895183564044,72,0.2,8,100,1.2822353126676633e-06,8,2.4294552941762122e-05,1,1,adadelta,"{'neurons_per_layer_encoder': [8], 'neurons_per_layer_decoder': [8]}",8,[8],[8],[0.0610562410366724],0.8446444962877178,COMPLETE
2146,-0.3575231839493802,2025-01-11 12:19:10.724800,2025-01-11 12:19:12.063377,0 days 00:00:01.338577,0.1908095212159151,72,0.2,16,100,1.8461347152199474e-06,17,2.3619621060658534e-05,1,1,adadelta,"{'neurons_per_layer_encoder': [16], 'neurons_per_layer_decoder': [16]}",16,[16],[16],[-0.3575231839493802],0.6424032125877611,COMPLETE
2147,-0.5416010940897567,2025-01-11 12:19:10.742505,2025-01-11 12:19:12.085901,0 days 00:00:01.343396,0.024029984757580728,80,0.2,16,100,1.8471990080576057e-06,17,1.6806088899024503e-05,1,1,adadelta,"{'neurons_per_layer_encoder': [16], 'neurons_per_layer_decoder': [16]}",16,[16],[16],[-0.5416010940897567],0.587564081040663,COMPLETE
2148,-0.06767507823843477,2025-01-11 12:19:10.828239,2025-01-11 12:19:12.163338,0 days 00:00:01.335099,0.023565848644109835,80,0.2,16,100,6.681510013239965e-05,17,2.2002731219367225e-05,1,1,adadelta,"{'neurons_per_layer_encoder': [16], 'neurons_per_layer_decoder': [16]}",16,[16],[16],[-0.06767507823843477],0.7006161621182466,COMPLETE
2149,-0.4132967875460398,2025-01-11 12:19:11.599255,2025-01-11 12:19:13.516992,0 days 00:00:01.917737,0.16811543279320365,80,0.2,16,100,1.5166020128729629e-06,17,2.292195137959268e-05,1,1,adadelta,"{'neurons_per_layer_encoder': [16], 'neurons_per_layer_decoder': [16]}",16,[16],[16],[-0.4132967875460398],0.7183188671876043,COMPLETE
2150,-0.24167006117660117,2025-01-11 12:19:11.720176,2025-01-11 12:19:13.060181,0 days 00:00:01.340005,0.1994587871071148,80,0.2,16,100,1.9556079452487963e-06,17,1.9848067481918694e-05,1,1,adadelta,"{'neurons_per_layer_encoder': [16], 'neurons_per_layer_decoder': [16]}",16,[16],[16],[-0.24167006117660117],0.3834034220491349,COMPLETE
2151,0.0775084006196296,2025-01-11 12:19:12.074841,2025-01-11 12:19:14.681028,0 days 00:00:02.606187,0.1657771720243139,80,0.2,16,100,1.9083606095677814e-06,17,1.9777217453053076e-05,1,1,adadelta,"{'neurons_per_layer_encoder': [16], 'neurons_per_layer_decoder': [16]}",16,[16],[16],[0.0775084006196296],0.7234194976627281,COMPLETE
2152,0.15142540032433083,2025-01-11 12:19:12.097628,2025-01-11 12:19:14.701019,0 days 00:00:02.603391,0.16726343813434044,80,0.2,4,100,1.4945144128223513e-06,4,2.037010991768383e-05,1,1,adadelta,"{'neurons_per_layer_encoder': [4], 'neurons_per_layer_decoder': [8]}",4,[8],[4],[0.15142540032433083],0.767550406280654,COMPLETE
2153,-0.2295845179613656,2025-01-11 12:19:12.178944,2025-01-11 12:19:13.680828,0 days 00:00:01.501884,0.026455265900731655,80,0.30000000000000004,4,100,2.0461471478647023e-06,4,1.9167467444735366e-05,1,1,adadelta,"{'neurons_per_layer_encoder': [4], 'neurons_per_layer_decoder': [8]}",4,[8],[4],[-0.2295845179613656],0.5638939688910685,COMPLETE
2154,-0.6760376684590976,2025-01-11 12:19:13.070606,2025-01-11 12:19:15.654385,0 days 00:00:02.583779,0.1651381752933058,72,0.2,4,100,1.5343550022435289e-06,4,0.0004409065326353515,1,1,adadelta,"{'neurons_per_layer_encoder': [4], 'neurons_per_layer_decoder': [8]}",4,[8],[4],[-0.6760376684590976],0.2906964293905235,COMPLETE
2155,-0.6308170211668953,2025-01-11 12:19:13.527489,2025-01-11 12:19:14.859172,0 days 00:00:01.331683,0.16193193961778912,72,0.30000000000000004,4,100,1.525434085544968e-06,4,2.7560334209041257e-05,1,1,adadelta,"{'neurons_per_layer_encoder': [4], 'neurons_per_layer_decoder': [8]}",4,[8],[4],[-0.6308170211668953],0.46736191376489594,COMPLETE
2156,0.2039497188491025,2025-01-11 12:19:13.690812,2025-01-11 12:19:15.698001,0 days 00:00:02.007189,0.1645446707460106,72,0.2,164,100,1.7326786732651943e-06,188,1.6597407566334232e-05,1,1,adadelta,"{'neurons_per_layer_encoder': [164], 'neurons_per_layer_decoder': [164]}",164,[164],[164],[0.2039497188491025],0.8305224378638091,COMPLETE
2157,-0.3587826573931212,2025-01-11 12:19:14.692036,2025-01-11 12:19:16.093768,0 days 00:00:01.401732,0.04011911046013654,72,0.2,8,100,1.4988788449945252e-06,8,2.7114073543140993e-05,1,1,adadelta,"{'neurons_per_layer_encoder': [8], 'neurons_per_layer_decoder': [8]}",8,[8],[8],[-0.3587826573931212],0.5999094006364004,COMPLETE
2158,-0.14912886150163263,2025-01-11 12:19:14.713275,2025-01-11 12:19:16.067247,0 days 00:00:01.353972,0.029086109756385585,72,0.2,112,100,2.6126552960905872e-06,152,2.7223088702867788e-05,1,1,adadelta,"{'neurons_per_layer_encoder': [112], 'neurons_per_layer_decoder': [112]}",112,[112],[112],[-0.14912886150163263],0.6642321200377682,COMPLETE
2159,-0.2657193289284705,2025-01-11 12:19:14.869383,2025-01-11 12:19:16.491580,0 days 00:00:01.622197,0.17710476080366372,72,0.2,8,100,4.1892539759749196e-05,8,0.00044825083671814754,1,1,adadelta,"{'neurons_per_layer_encoder': [8], 'neurons_per_layer_decoder': [8]}",8,[8],[8],[-0.2657193289284705],0.5833461179463008,COMPLETE
2160,-0.0831871944665945,2025-01-11 12:19:15.664963,2025-01-11 12:19:17.069017,0 days 00:00:01.404054,0.04014377806577832,72,0.2,228,100,2.60903557682987e-06,540,1.5975826944718087e-05,1,1,adadelta,"{'neurons_per_layer_encoder': [228], 'neurons_per_layer_decoder': [228]}",228,[228],[228],[-0.0831871944665945],0.6155876507378432,COMPLETE
2161,-0.2735251219098571,2025-01-11 12:19:15.708396,2025-01-11 12:19:17.760277,0 days 00:00:02.051881,0.18464591318056262,48,0.2,20,100,2.567561825250614e-06,168,1.5925683609715416e-05,1,3,adadelta,"{'neurons_per_layer_encoder': [20, 40, 80], 'neurons_per_layer_decoder': [80]}",20,[80],"[20, 40, 80]",[-0.2735251219098571],0.5166584972032692,COMPLETE
2162,-0.0442135924194591,2025-01-11 12:19:16.079588,2025-01-11 12:19:17.410450,0 days 00:00:01.330862,0.180679631500075,112,0.2,20,100,2.195872710665513e-06,22,1.6347586611802527e-05,1,1,adadelta,"{'neurons_per_layer_encoder': [20], 'neurons_per_layer_decoder': [20]}",20,[20],[20],[-0.0442135924194591],0.7726578760931371,COMPLETE
2163,-0.22910653242516577,2025-01-11 12:19:16.109777,2025-01-11 12:19:17.676892,0 days 00:00:01.567115,0.17809144021001397,48,0.2,20,100,2.007617983191325e-06,22,1.5880567034763623e-05,1,1,adam,"{'neurons_per_layer_encoder': [20], 'neurons_per_layer_decoder': [20]}",20,[20],[20],[-0.22910653242516577],0.499344186489799,COMPLETE
2164,-0.11398840539809463,2025-01-11 12:19:16.501947,2025-01-11 12:19:17.934553,0 days 00:00:01.432606,0.18755337926691332,48,0.2,144,100,2.1200298881395068e-06,296,1.4864157258202163e-05,1,1,adam,"{'neurons_per_layer_encoder': [144], 'neurons_per_layer_decoder': [144]}",144,[144],[144],[-0.11398840539809463],0.5885069464613257,COMPLETE
2165,-0.5426241251761212,2025-01-11 12:19:17.079566,2025-01-11 12:19:18.460252,0 days 00:00:01.380686,0.17814485139823588,56,0.2,20,100,2.024734159611505e-06,22,1.640799534331997e-05,1,1,adam,"{'neurons_per_layer_encoder': [20], 'neurons_per_layer_decoder': [20]}",20,[20],[20],[-0.5426241251761212],0.6018690343853839,COMPLETE
2166,-0.1404716612315806,2025-01-11 12:19:17.420924,2025-01-11 12:19:19.281779,0 days 00:00:01.860855,0.15094575064680205,48,0.2,12,100,1.8073836536297145e-06,68,4.0819389616722494e-05,1,3,adam,"{'neurons_per_layer_encoder': [12, 24, 48], 'neurons_per_layer_decoder': [48]}",12,[48],"[12, 24, 48]",[-0.1404716612315806],0.5629674503135097,COMPLETE
2167,-0.7723627247637344,2025-01-11 12:19:17.687223,2025-01-11 12:19:19.058125,0 days 00:00:01.370902,0.19045680965849796,56,0.2,12,100,1.773878773560912e-06,13,3.951874334233567e-05,1,1,adadelta,"{'neurons_per_layer_encoder': [12], 'neurons_per_layer_decoder': [12]}",12,[12],[12],[-0.7723627247637344],0.5890512694907898,COMPLETE
2168,-0.5336642729083119,2025-01-11 12:19:17.771197,2025-01-11 12:19:19.559066,0 days 00:00:01.787869,0.14709891005793924,56,0.2,12,100,1.8367268225787823e-06,13,1.874117031226431e-05,1,1,adadelta,"{'neurons_per_layer_encoder': [12], 'neurons_per_layer_decoder': [12]}",12,[12],[12],[-0.5336642729083119],0.5751791219932295,COMPLETE
2169,-0.2573983990982496,2025-01-11 12:19:17.945884,2025-01-11 12:19:19.648083,0 days 00:00:01.702199,0.15012987571243075,56,0.2,12,100,1.7560216598757428e-06,13,1.854708328305966e-05,1,1,adadelta,"{'neurons_per_layer_encoder': [12], 'neurons_per_layer_decoder': [12]}",12,[12],[12],[-0.2573983990982496],0.43172885257103366,COMPLETE
2170,-0.4170413774735655,2025-01-11 12:19:18.470422,2025-01-11 12:19:19.899266,0 days 00:00:01.428844,0.15039524815621455,56,0.2,12,100,1.2378548554146022e-06,13,1.935255232677577e-05,1,1,adadelta,"{'neurons_per_layer_encoder': [12], 'neurons_per_layer_decoder': [12]}",12,[12],[12],[-0.4170413774735655],0.6059500010113457,COMPLETE
2171,-0.8653848957629751,2025-01-11 12:19:19.068862,2025-01-11 12:19:20.478057,0 days 00:00:01.409195,0.14913407134733173,56,0.2,12,100,1.2351808932605426e-06,13,1.8879839724180466e-05,1,1,adadelta,"{'neurons_per_layer_encoder': [12], 'neurons_per_layer_decoder': [12]}",12,[12],[12],[-0.8653848957629751],0.5021655106082833,COMPLETE
2172,-1.3383748856628723,2025-01-11 12:19:19.291694,2025-01-11 12:19:20.686133,0 days 00:00:01.394439,0.028061399227720062,56,0.1,12,100,3.099188041327848e-06,13,0.00036878308198637165,1,1,adadelta,"{'neurons_per_layer_encoder': [12], 'neurons_per_layer_decoder': [12]}",12,[12],[12],[-1.3383748856628723],0.5305385745064877,COMPLETE
2173,0.3851192679231511,2025-01-11 12:19:19.569545,2025-01-11 12:19:22.087807,0 days 00:00:02.518262,0.15833877143533173,32,0.2,4,100,1.2310115908243823e-06,4,2.4299183013645253e-05,1,1,adadelta,"{'neurons_per_layer_encoder': [4], 'neurons_per_layer_decoder': [8]}",4,[8],[4],[0.3851192679231511],0.7793838036566327,COMPLETE
2174,-0.7404017165243493,2025-01-11 12:19:19.662415,2025-01-11 12:19:21.055123,0 days 00:00:01.392708,0.15967299841835375,32,0.1,4,100,1.2259142668633052e-06,4,2.4858807106531346e-05,1,1,adadelta,"{'neurons_per_layer_encoder': [4], 'neurons_per_layer_decoder': [8]}",4,[8],[4],[-0.7404017165243493],0.3032218783973579,COMPLETE
2175,-0.24005764543078856,2025-01-11 12:19:19.909525,2025-01-11 12:19:21.255825,0 days 00:00:01.346300,0.1609807234802711,72,0.1,4,100,3.086067873349708e-06,4,0.0003900533859768348,1,1,adadelta,"{'neurons_per_layer_encoder': [4], 'neurons_per_layer_decoder': [8]}",4,[8],[4],[-0.24005764543078856],0.6194965205237297,COMPLETE
2176,-0.191778359741138,2025-01-11 12:19:20.488972,2025-01-11 12:19:21.829931,0 days 00:00:01.340959,0.027100451113960727,72,0.2,56,100,3.0816783243573765e-06,61,0.0003817427874888218,1,1,adadelta,"{'neurons_per_layer_encoder': [56], 'neurons_per_layer_decoder': [56]}",56,[56],[56],[-0.191778359741138],0.7225790664983883,COMPLETE
2177,-0.23163511895488154,2025-01-11 12:19:20.696013,2025-01-11 12:19:22.249834,0 days 00:00:01.553821,0.1597655398327405,72,0.2,4,100,3.820391318019833e-06,4,3.309179711571051e-05,1,1,adadelta,"{'neurons_per_layer_encoder': [4], 'neurons_per_layer_decoder': [8]}",4,[8],[4],[-0.23163511895488154],0.5411936940755211,COMPLETE
2178,-1.0179772572690373,2025-01-11 12:19:21.065529,2025-01-11 12:19:22.470153,0 days 00:00:01.404624,0.03143456561953435,72,0.2,4,100,4.013643248981824e-06,4,2.6398877322659962e-05,1,1,adadelta,"{'neurons_per_layer_encoder': [4], 'neurons_per_layer_decoder': [8]}",4,[8],[4],[-1.0179772572690373],0.36026602263738206,COMPLETE
2179,-0.24276971015211224,2025-01-11 12:19:21.266143,2025-01-11 12:19:23.727715,0 days 00:00:02.461572,0.17304429348958994,72,0.2,24,100,1.4340912673928839e-06,42,2.251024747177772e-05,1,1,adadelta,"{'neurons_per_layer_encoder': [24], 'neurons_per_layer_decoder': [24]}",24,[24],[24],[-0.24276971015211224],0.7683268586609066,COMPLETE
2180,0.17960191845830953,2025-01-11 12:19:21.840262,2025-01-11 12:19:24.417022,0 days 00:00:02.576760,0.03210872932662841,80,0.2,24,100,2.40559609441723e-06,42,2.2527144690658123e-05,1,1,adadelta,"{'neurons_per_layer_encoder': [24], 'neurons_per_layer_decoder': [24]}",24,[24],[24],[0.17960191845830953],0.7829365340928494,COMPLETE
2181,-0.16820725519511015,2025-01-11 12:19:22.098809,2025-01-11 12:19:24.550967,0 days 00:00:02.452158,0.17263048565699485,80,0.2,24,100,3.958493564986501e-06,42,3.1308037072483666e-05,1,1,adadelta,"{'neurons_per_layer_encoder': [24], 'neurons_per_layer_decoder': [24]}",24,[24],[24],[-0.16820725519511015],0.7393711890837565,COMPLETE
2182,-0.12214836769616899,2025-01-11 12:19:22.259841,2025-01-11 12:19:24.949553,0 days 00:00:02.689712,0.03249051279389439,88,0.2,24,100,1.4348910150518252e-06,42,2.1539396695237123e-05,1,1,adadelta,"{'neurons_per_layer_encoder': [24], 'neurons_per_layer_decoder': [24]}",24,[24],[24],[-0.12214836769616899],0.5479410216229035,COMPLETE
2183,-0.587559712092804,2025-01-11 12:19:22.480151,2025-01-11 12:19:24.016404,0 days 00:00:01.536253,0.0367729273572183,80,0.2,24,100,2.403535962640844e-06,42,2.236827940923104e-05,1,1,adadelta,"{'neurons_per_layer_encoder': [24], 'neurons_per_layer_decoder': [24]}",24,[24],[24],[-0.587559712092804],0.6280513723505757,COMPLETE
2184,-2.3135311605275266,2025-01-11 12:19:23.739308,2025-01-11 12:19:26.357845,0 days 00:00:02.618537,0.14034698501607995,80,0.2,16,100,2.317671387649864e-06,17,2.1880927492016285e-05,1,1,adadelta,"{'neurons_per_layer_encoder': [16], 'neurons_per_layer_decoder': [16]}",16,[16],[16],[-2.3135311605275266],0.27630343030791904,COMPLETE
2185,-0.0766619678718159,2025-01-11 12:19:24.026630,2025-01-11 12:19:26.473832,0 days 00:00:02.447202,0.14408692023514014,80,0.2,16,100,1.6616226358611068e-06,17,2.9279562540654885e-05,5,1,adadelta,"{'neurons_per_layer_encoder': [16], 'neurons_per_layer_decoder': [16, 8, 8, 8, 8]}",16,"[16, 8, 8, 8, 8]",[16],[-0.0766619678718159],0.6350616666062654,COMPLETE
2186,-0.16340952360401984,2025-01-11 12:19:24.428306,2025-01-11 12:19:26.204663,0 days 00:00:01.776357,0.14298170184623987,88,0.2,16,100,1.6310743798738516e-06,17,1.4706053957928084e-05,3,1,adadelta,"{'neurons_per_layer_encoder': [16], 'neurons_per_layer_decoder': [16, 8, 8]}",16,"[16, 8, 8]",[16],[-0.16340952360401984],0.5811557049209097,COMPLETE
2187,-0.11513521997349874,2025-01-11 12:19:24.562111,2025-01-11 12:19:27.701788,0 days 00:00:03.139677,0.0286208698924391,64,0.30000000000000004,16,100,1.6051022886518348e-06,17,1.4664742294224414e-05,5,1,adadelta,"{'neurons_per_layer_encoder': [16], 'neurons_per_layer_decoder': [16, 8, 8, 8, 8]}",16,"[16, 8, 8, 8, 8]",[16],[-0.11513521997349874],0.6610034970999265,COMPLETE
2188,-0.23742714879359905,2025-01-11 12:19:24.959585,2025-01-11 12:19:26.733490,0 days 00:00:01.773905,0.14342061824541924,120,0.2,16,100,7.643988277106448e-05,17,1.5058788417320005e-05,3,1,adadelta,"{'neurons_per_layer_encoder': [16], 'neurons_per_layer_decoder': [16, 8, 8]}",16,"[16, 8, 8]",[16],[-0.23742714879359905],0.5897918862938846,COMPLETE
2189,-0.22771065896989007,2025-01-11 12:19:26.215141,2025-01-11 12:19:27.666386,0 days 00:00:01.451245,0.14182959927039074,40,0.2,8,100,2.124274281295208e-06,8,1.67462227631014e-05,1,1,adadelta,"{'neurons_per_layer_encoder': [8], 'neurons_per_layer_decoder': [8]}",8,[8],[8],[-0.22771065896989007],0.7105324661616764,COMPLETE
2190,-0.2916752407230787,2025-01-11 12:19:26.368511,2025-01-11 12:19:28.298619,0 days 00:00:01.930108,0.1563065400540364,64,0.2,8,100,2.0858256765491454e-06,8,0.0005532101721227614,1,1,adadelta,"{'neurons_per_layer_encoder': [8], 'neurons_per_layer_decoder': [8]}",8,[8],[8],[-0.2916752407230787],0.7194222352952213,COMPLETE
2191,-0.2402328635235802,2025-01-11 12:19:26.484690,2025-01-11 12:19:28.067363,0 days 00:00:01.582673,0.1600169448913972,40,0.2,8,100,2.111237125236527e-06,8,1.5178320473093581e-05,1,1,adadelta,"{'neurons_per_layer_encoder': [8], 'neurons_per_layer_decoder': [8]}",8,[8],[8],[-0.2402328635235802],0.5271093272886994,COMPLETE
2192,-0.17220576950541777,2025-01-11 12:19:26.744838,2025-01-11 12:19:28.184917,0 days 00:00:01.440079,0.19921428684342116,40,0.2,200,100,2.123811101567307e-06,464,1.7851080859054477e-05,1,1,adadelta,"{'neurons_per_layer_encoder': [200], 'neurons_per_layer_decoder': [200]}",200,[200],[200],[-0.17220576950541777],0.5898177123865697,COMPLETE
2193,-0.6501779962191021,2025-01-11 12:19:27.676525,2025-01-11 12:19:30.186642,0 days 00:00:02.510117,0.1717537922804311,64,0.30000000000000004,8,100,2.7507779175518925e-05,8,1.7525460211371543e-05,1,1,adadelta,"{'neurons_per_layer_encoder': [8], 'neurons_per_layer_decoder': [8]}",8,[8],[8],[-0.6501779962191021],0.6456717484729614,COMPLETE
2194,-0.21625754908420336,2025-01-11 12:19:27.714659,2025-01-11 12:19:29.030381,0 days 00:00:01.315722,0.17132567135566382,64,0.2,8,100,2.80717158139233e-06,8,1.7587298325850977e-05,1,1,adadelta,"{'neurons_per_layer_encoder': [8], 'neurons_per_layer_decoder': [8]}",8,[8],[8],[-0.21625754908420336],0.6676402827006078,COMPLETE
2195,-0.692328661165877,2025-01-11 12:19:28.077256,2025-01-11 12:19:29.426381,0 days 00:00:01.349125,0.19928173515366226,64,0.2,88,100,2.5959466900872408e-06,176,1.8972916677833948e-05,1,1,adadelta,"{'neurons_per_layer_encoder': [88], 'neurons_per_layer_decoder': [88]}",88,[88],[88],[-0.692328661165877],0.37209835310539185,COMPLETE
2196,-1.1150908429687347,2025-01-11 12:19:28.195183,2025-01-11 12:19:29.525107,0 days 00:00:01.329924,0.17316770241280965,64,0.2,8,100,2.5926191263223944e-06,8,1.8398825621026006e-05,1,1,adadelta,"{'neurons_per_layer_encoder': [8], 'neurons_per_layer_decoder': [8]}",8,[8],[8],[-1.1150908429687347],0.5584844601226211,COMPLETE
2197,0.1653997495023639,2025-01-11 12:19:28.308746,2025-01-11 12:19:30.811950,0 days 00:00:02.503204,0.042651696525243254,64,0.2,8,100,3.4552372603883244e-05,8,1.8560758102664447e-05,1,1,adadelta,"{'neurons_per_layer_encoder': [8], 'neurons_per_layer_decoder': [8]}",8,[8],[8],[0.1653997495023639],0.817177405894948,COMPLETE
2198,0.04384069788917089,2025-01-11 12:19:29.040518,2025-01-11 12:19:30.430539,0 days 00:00:01.390021,0.18905448862139732,72,0.2,20,100,1.4073743413124116e-06,22,1.3408157741766498e-05,1,1,adadelta,"{'neurons_per_layer_encoder': [20], 'neurons_per_layer_decoder': [20]}",20,[20],[20],[0.04384069788917089],0.6725597121070023,COMPLETE
2199,-0.06113941000513856,2025-01-11 12:19:29.436167,2025-01-11 12:19:31.942164,0 days 00:00:02.505997,0.16867811704302071,72,0.2,100,100,1.4620370264027131e-06,156,1.3572916329957032e-05,1,1,adadelta,"{'neurons_per_layer_encoder': [100], 'neurons_per_layer_decoder': [100]}",100,[100],[100],[-0.06113941000513856],0.619558297843903,COMPLETE
2200,-0.36845539903861235,2025-01-11 12:19:29.536974,2025-01-11 12:19:31.763658,0 days 00:00:02.226684,0.024720981103978395,72,0.2,20,100,1.3753449945466807e-06,22,2.9076931590968532e-05,1,1,adadelta,"{'neurons_per_layer_encoder': [20], 'neurons_per_layer_decoder': [20]}",20,[20],[20],[-0.36845539903861235],0.7062841865090718,COMPLETE
2201,-0.5758911276204488,2025-01-11 12:19:30.197975,2025-01-11 12:19:31.575420,0 days 00:00:01.377445,0.010567204137638427,72,0.2,20,100,1.7817999302834202e-06,22,1.3621469551028456e-05,1,1,adadelta,"{'neurons_per_layer_encoder': [20], 'neurons_per_layer_decoder': [20]}",20,[20],[20],[-0.5758911276204488],0.7011449204847079,COMPLETE
2202,-0.3438830157221784,2025-01-11 12:19:30.441674,2025-01-11 12:19:31.795534,0 days 00:00:01.353860,0.04216853810831004,72,0.2,20,100,1.8564978954490831e-06,22,2.683921707697109e-05,1,1,adadelta,"{'neurons_per_layer_encoder': [20], 'neurons_per_layer_decoder': [20]}",20,[20],[20],[-0.3438830157221784],0.7048655354774058,COMPLETE
2203,-0.1663936426739414,2025-01-11 12:19:30.822123,2025-01-11 12:19:32.669737,0 days 00:00:01.847614,0.024541556667803867,72,0.2,16,100,1.7633311706804748e-06,17,2.799989936682384e-05,1,1,adadelta,"{'neurons_per_layer_encoder': [16], 'neurons_per_layer_decoder': [16]}",16,[16],[16],[-0.1663936426739414],0.7219077872926519,COMPLETE
2204,0.02588417248746877,2025-01-11 12:19:31.585479,2025-01-11 12:19:33.037531,0 days 00:00:01.452052,0.024106688641540194,72,0.2,16,100,1.8801222376442193e-06,17,2.8014440091350382e-05,1,1,adadelta,"{'neurons_per_layer_encoder': [16], 'neurons_per_layer_decoder': [16]}",16,[16],[16],[0.02588417248746877],0.7197409026924658,COMPLETE
2205,-0.6815780066493853,2025-01-11 12:19:31.778301,2025-01-11 12:19:33.634376,0 days 00:00:01.856075,0.15686458559328023,72,0.2,12,100,1.8878016541239072e-06,13,2.5522188878924688e-05,1,1,adadelta,"{'neurons_per_layer_encoder': [12], 'neurons_per_layer_decoder': [12]}",12,[12],[12],[-0.6815780066493853],0.26179188558112954,COMPLETE
2206,-0.6234397694039902,2025-01-11 12:19:31.810011,2025-01-11 12:19:33.256751,0 days 00:00:01.446740,0.15299287915927715,56,0.2,12,100,1.579140452759642e-06,13,1.550238663385293e-05,1,1,adadelta,"{'neurons_per_layer_encoder': [12], 'neurons_per_layer_decoder': [12]}",12,[12],[12],[-0.6234397694039902],0.4790552896237561,COMPLETE
2207,-1.1038996138098396,2025-01-11 12:19:31.955861,2025-01-11 12:19:33.292863,0 days 00:00:01.337002,0.15284179693105188,56,0.2,12,100,1.718576782002911e-06,13,2.059915469806334e-05,1,1,adadelta,"{'neurons_per_layer_encoder': [12], 'neurons_per_layer_decoder': [12]}",12,[12],[12],[-1.1038996138098396],0.2592677523892078,COMPLETE
2208,-0.44245671046351287,2025-01-11 12:19:32.679470,2025-01-11 12:19:34.120680,0 days 00:00:01.441210,0.15442486060322916,56,0.2,52,100,2.906081989297674e-06,89,0.0002666283097150301,1,1,adadelta,"{'neurons_per_layer_encoder': [52], 'neurons_per_layer_decoder': [52]}",52,[52],[52],[-0.44245671046351287],0.70674891275479,COMPLETE
