number,value,datetime_start,datetime_complete,duration,params_alpha,params_batch_size,params_drop_out_rate,params_encoder_neurons_layer_1,params_epochs,params_lambda,params_latent_dim,params_learning_rate,params_num_layers_decoder,params_num_layers_encoder,params_optimizer,user_attrs_encoder_decoder_config,user_attrs_first_layer_neurons,user_attrs_neurons_per_layer_decoder,user_attrs_neurons_per_layer_encoder,user_attrs_r2_feature_1,user_attrs_relative_deterioration,state
1572,0.4092680343776045,2025-01-11 00:23:02.053663,2025-01-11 00:23:04.443164,0 days 00:00:02.389501,0.03436294380180303,72,0.2,8,100,1.2712667453902467e-06,8,2.7678983830899437e-05,1,1,adadelta,"{'neurons_per_layer_encoder': [8], 'neurons_per_layer_decoder': [8]}",8,[8],[8],[0.4092680343776045],0.8238124612022557,COMPLETE
1573,-1.411136015524094,2025-01-11 00:23:02.073507,2025-01-11 00:23:03.389825,0 days 00:00:01.316318,0.1861424281827205,80,0.2,16,100,1.2349781159900652e-06,17,0.00020628440731293126,1,1,adadelta,"{'neurons_per_layer_encoder': [16], 'neurons_per_layer_decoder': [16]}",16,[16],[16],[-1.411136015524094],0.297273615058965,COMPLETE
1574,-0.25909902314897715,2025-01-11 00:23:02.588234,2025-01-11 00:23:04.546902,0 days 00:00:01.958668,0.16219377247015063,80,0.2,16,100,1.203928897105426e-06,17,2.821211074241891e-05,3,1,adadelta,"{'neurons_per_layer_encoder': [16], 'neurons_per_layer_decoder': [16, 8, 8]}",16,"[16, 8, 8]",[16],[-0.25909902314897715],0.6028854905232905,COMPLETE
1575,0.16570571628063513,2025-01-11 00:23:02.858722,2025-01-11 00:23:05.950767,0 days 00:00:03.092045,0.02623803109011491,80,0.2,16,100,2.9287787086534034e-06,17,2.6578386701109236e-05,3,1,adadelta,"{'neurons_per_layer_encoder': [16], 'neurons_per_layer_decoder': [16, 8, 8]}",16,"[16, 8, 8]",[16],[0.16570571628063513],0.7791613718273398,COMPLETE
1576,-1.4418645206635858,2025-01-11 00:23:03.399937,2025-01-11 00:23:05.998266,0 days 00:00:02.598329,0.15778846954723902,72,0.2,4,100,2.9958255368991226e-06,4,2.5841873461272578e-05,1,1,adadelta,"{'neurons_per_layer_encoder': [4], 'neurons_per_layer_decoder': [8]}",4,[8],[4],[-1.4418645206635858],0.28079030168509245,COMPLETE
1577,-0.05420498645113758,2025-01-11 00:23:04.273478,2025-01-11 00:23:05.606466,0 days 00:00:01.332988,0.1555455365924402,72,0.2,16,100,2.8219893214650486e-06,17,2.797756052688696e-05,1,1,adadelta,"{'neurons_per_layer_encoder': [16], 'neurons_per_layer_decoder': [16]}",16,[16],[16],[-0.05420498645113758],0.7878802104855561,COMPLETE
1578,-0.04049660143593359,2025-01-11 00:23:04.453656,2025-01-11 00:23:06.014397,0 days 00:00:01.560741,0.030463337611253718,72,0.2,4,100,1.0557353239666264e-06,4,3.0029496359100353e-05,1,1,adadelta,"{'neurons_per_layer_encoder': [4], 'neurons_per_layer_decoder': [8]}",4,[8],[4],[-0.04049660143593359],0.6954966256908154,COMPLETE
1579,-0.9237222903338929,2025-01-11 00:23:04.557334,2025-01-11 00:23:06.945579,0 days 00:00:02.388245,0.029553870324369295,72,0.2,4,100,1.0692609238122223e-06,4,2.611164685206923e-05,1,1,adadelta,"{'neurons_per_layer_encoder': [4], 'neurons_per_layer_decoder': [8]}",4,[8],[4],[-0.9237222903338929],0.5247703871377799,COMPLETE
1580,-0.6826725170162027,2025-01-11 00:23:05.615829,2025-01-11 00:23:07.508350,0 days 00:00:01.892521,0.035718336389334374,72,0.2,4,100,1.2310807390820039e-06,4,2.5326819030037243e-05,1,1,adadelta,"{'neurons_per_layer_encoder': [4], 'neurons_per_layer_decoder': [8]}",4,[8],[4],[-0.6826725170162027],0.514804541491299,COMPLETE
1581,-0.17742582417454678,2025-01-11 00:23:05.961155,2025-01-11 00:23:07.262761,0 days 00:00:01.301606,0.03404250537522527,72,0.2,4,100,1.0495605508916402e-06,4,2.594736795627995e-05,1,1,adadelta,"{'neurons_per_layer_encoder': [4], 'neurons_per_layer_decoder': [8]}",4,[8],[4],[-0.17742582417454678],0.5761645014503283,COMPLETE
1582,-0.3107237976602717,2025-01-11 00:23:06.009229,2025-01-11 00:23:07.325297,0 days 00:00:01.316068,0.030915777184390408,72,0.2,4,100,1.0452555416359142e-06,4,3.059588308998219e-05,1,1,adadelta,"{'neurons_per_layer_encoder': [4], 'neurons_per_layer_decoder': [8]}",4,[8],[4],[-0.3107237976602717],0.4439541064975159,COMPLETE
1583,-0.07271225198756892,2025-01-11 00:23:06.024733,2025-01-11 00:23:08.420379,0 days 00:00:02.395646,0.03396088901908672,72,0.2,4,100,1.0040631306447925e-06,4,3.086298882042078e-05,1,1,adadelta,"{'neurons_per_layer_encoder': [4], 'neurons_per_layer_decoder': [8]}",4,[8],[4],[-0.07271225198756892],0.7776584734965313,COMPLETE
1584,-0.16668885833752078,2025-01-11 00:23:06.955705,2025-01-11 00:23:08.247949,0 days 00:00:01.292244,0.034889831600994826,72,0.2,8,100,1.4266437433881327e-06,8,2.844625609061374e-05,1,1,adadelta,"{'neurons_per_layer_encoder': [8], 'neurons_per_layer_decoder': [8]}",8,[8],[8],[-0.16668885833752078],0.6084498887065444,COMPLETE
1585,0.009373462268814636,2025-01-11 00:23:07.271447,2025-01-11 00:23:08.567812,0 days 00:00:01.296365,0.03323469949947924,72,0.2,8,100,1.148536965535325e-06,8,2.416837987022351e-05,1,1,adadelta,"{'neurons_per_layer_encoder': [8], 'neurons_per_layer_decoder': [8]}",8,[8],[8],[0.009373462268814636],0.7400061737958302,COMPLETE
1586,-0.21591124934760586,2025-01-11 00:23:07.336143,2025-01-11 00:23:08.637899,0 days 00:00:01.301756,0.17300340125680116,80,0.2,8,100,1.1463523683284973e-06,8,2.998915023687595e-05,1,1,adadelta,"{'neurons_per_layer_encoder': [8], 'neurons_per_layer_decoder': [8]}",8,[8],[8],[-0.21591124934760586],0.6751620558559155,COMPLETE
1587,-0.25193084939339383,2025-01-11 00:23:07.518890,2025-01-11 00:23:09.349048,0 days 00:00:01.830158,0.03632998422387105,80,0.2,8,100,1.1867473162006379e-06,51,2.814650563663804e-05,1,3,adadelta,"{'neurons_per_layer_encoder': [8, 16, 32], 'neurons_per_layer_decoder': [32]}",8,[32],"[8, 16, 32]",[-0.25193084939339383],0.6200516863368007,COMPLETE
1588,0.5895426511280681,2025-01-11 00:23:08.256839,2025-01-11 00:23:10.739016,0 days 00:00:02.482177,0.04478671049981509,80,0.2,12,100,1.123935791415466e-06,13,2.9982017031508875e-05,1,1,adadelta,"{'neurons_per_layer_encoder': [12], 'neurons_per_layer_decoder': [12]}",12,[12],[12],[0.5895426511280681],0.8613180876938858,COMPLETE
1589,-0.20773136774484424,2025-01-11 00:23:08.431067,2025-01-11 00:23:09.728308,0 days 00:00:01.297241,0.04492588734330654,80,0.2,12,100,1.3190188953054037e-06,13,2.3135305400599068e-05,1,1,adadelta,"{'neurons_per_layer_encoder': [12], 'neurons_per_layer_decoder': [12]}",12,[12],[12],[-0.20773136774484424],0.485102627031992,COMPLETE
1590,-0.2861166465692182,2025-01-11 00:23:08.578146,2025-01-11 00:23:11.037244,0 days 00:00:02.459098,0.03683425177536876,80,0.30000000000000004,12,100,1.237425424945794e-06,13,2.31695078712178e-05,1,1,adadelta,"{'neurons_per_layer_encoder': [12], 'neurons_per_layer_decoder': [12]}",12,[12],[12],[-0.2861166465692182],0.5398125585495561,COMPLETE
1591,0.10071453214892823,2025-01-11 00:23:08.648579,2025-01-11 00:23:11.607902,0 days 00:00:02.959323,0.036719379528260314,80,0.2,12,100,1.289383661728621e-06,68,2.241616692290367e-05,1,3,adadelta,"{'neurons_per_layer_encoder': [12, 24, 48], 'neurons_per_layer_decoder': [48]}",12,[48],"[12, 24, 48]",[0.10071453214892823],0.7998640008385963,COMPLETE
1592,-0.06259681145334639,2025-01-11 00:23:09.358821,2025-01-11 00:23:10.887113,0 days 00:00:01.528292,0.03819519895015817,80,0.30000000000000004,12,100,1.3527887598776837e-06,13,0.0005241273653943307,1,1,adadelta,"{'neurons_per_layer_encoder': [12], 'neurons_per_layer_decoder': [12]}",12,[12],[12],[-0.06259681145334639],0.7231259929145792,COMPLETE
1593,0.3407909119274931,2025-01-11 00:23:09.737745,2025-01-11 00:23:12.179453,0 days 00:00:02.441708,0.040532529339663725,72,0.2,12,100,1.3421111436366451e-06,13,2.2550875422931556e-05,1,1,adadelta,"{'neurons_per_layer_encoder': [12], 'neurons_per_layer_decoder': [12]}",12,[12],[12],[0.3407909119274931],0.7560807627914494,COMPLETE
1594,-1.150821404526949,2025-01-11 00:23:10.750670,2025-01-11 00:23:13.196494,0 days 00:00:02.445824,0.04150111135054481,80,0.2,16,100,1.1915687339406059e-06,17,3.173421381885963e-05,1,1,adadelta,"{'neurons_per_layer_encoder': [16], 'neurons_per_layer_decoder': [16]}",16,[16],[16],[-1.150821404526949],-0.030584325569543984,COMPLETE
1595,-0.9178763931101093,2025-01-11 00:23:10.896527,2025-01-11 00:23:13.321018,0 days 00:00:02.424491,0.04137570498629542,80,0.2,16,100,1.0957695084869115e-06,17,3.1530425220921785e-05,1,1,adadelta,"{'neurons_per_layer_encoder': [16], 'neurons_per_layer_decoder': [16]}",16,[16],[16],[-0.9178763931101093],0.5372632114916991,COMPLETE
1596,-0.3604298936925814,2025-01-11 00:23:11.047182,2025-01-11 00:23:12.833748,0 days 00:00:01.786566,0.02770147398906265,80,0.2,16,100,1.058962122403889e-06,17,3.0030228513397965e-05,1,1,adadelta,"{'neurons_per_layer_encoder': [16], 'neurons_per_layer_decoder': [16]}",16,[16],[16],[-0.3604298936925814],0.7998834610693155,COMPLETE
1597,0.30304506698277467,2025-01-11 00:23:11.617143,2025-01-11 00:23:14.049817,0 days 00:00:02.432674,0.03849965902539389,80,0.2,16,100,1.0211938040260313e-06,17,2.6411958455008036e-05,1,1,adadelta,"{'neurons_per_layer_encoder': [16], 'neurons_per_layer_decoder': [16]}",16,[16],[16],[0.30304506698277467],0.769290691703166,COMPLETE
1598,-0.06131222932901936,2025-01-11 00:23:12.188832,2025-01-11 00:23:13.488245,0 days 00:00:01.299413,0.03944102475213818,80,0.2,16,100,1.1025714947701958e-06,17,3.235515587494464e-05,1,1,adadelta,"{'neurons_per_layer_encoder': [16], 'neurons_per_layer_decoder': [16]}",16,[16],[16],[-0.06131222932901936],0.7024774037006105,COMPLETE
1599,0.08769834514248886,2025-01-11 00:23:12.843630,2025-01-11 00:23:14.169794,0 days 00:00:01.326164,0.04278825059459844,80,0.2,4,100,1.0958838245176129e-06,4,2.49032525335719e-05,1,1,adadelta,"{'neurons_per_layer_encoder': [4], 'neurons_per_layer_decoder': [8]}",4,[8],[4],[0.08769834514248886],0.7187828233486047,COMPLETE
1600,-0.5834559210385459,2025-01-11 00:23:13.205476,2025-01-11 00:23:15.617799,0 days 00:00:02.412323,0.04011001373829474,80,0.2,4,100,1.1073807814864396e-06,4,2.612063457080343e-05,1,1,adadelta,"{'neurons_per_layer_encoder': [4], 'neurons_per_layer_decoder': [8]}",4,[8],[4],[-0.5834559210385459],0.6029088636305947,COMPLETE
1601,-0.1270358777502829,2025-01-11 00:23:13.331223,2025-01-11 00:23:14.672317,0 days 00:00:01.341094,0.026115210893297845,88,0.2,4,100,1.1099174523518634e-06,4,2.872524601666622e-05,1,1,adadelta,"{'neurons_per_layer_encoder': [4], 'neurons_per_layer_decoder': [8]}",4,[8],[4],[-0.1270358777502829],0.5307843257570958,COMPLETE
1602,-0.23638921669737512,2025-01-11 00:23:13.497799,2025-01-11 00:23:14.865213,0 days 00:00:01.367414,0.026321666824369504,80,0.2,4,100,1.092414536274229e-06,4,2.551099187348886e-05,1,1,adadelta,"{'neurons_per_layer_encoder': [4], 'neurons_per_layer_decoder': [8]}",4,[8],[4],[-0.23638921669737512],0.5476183419339528,COMPLETE
1603,-0.09361572749903169,2025-01-11 00:23:14.059760,2025-01-11 00:23:15.381275,0 days 00:00:01.321515,0.03236080585728483,80,0.2,4,100,1.157965582655753e-06,4,2.908948446298857e-05,1,1,adadelta,"{'neurons_per_layer_encoder': [4], 'neurons_per_layer_decoder': [8]}",4,[8],[4],[-0.09361572749903169],0.6779355997872262,COMPLETE
1604,-0.7124060092666831,2025-01-11 00:23:14.182030,2025-01-11 00:23:15.610420,0 days 00:00:01.428390,0.04693399494376251,88,0.2,4,100,1.3057782044647153e-06,4,2.682657747754811e-05,1,1,adadelta,"{'neurons_per_layer_encoder': [4], 'neurons_per_layer_decoder': [8]}",4,[8],[4],[-0.7124060092666831],0.49061480798021423,COMPLETE
1605,0.03559796300038509,2025-01-11 00:23:14.682537,2025-01-11 00:23:17.310474,0 days 00:00:02.627937,0.03176302884425126,80,0.2,8,100,1.3647896787135747e-06,8,2.839430956248911e-05,1,1,adadelta,"{'neurons_per_layer_encoder': [8], 'neurons_per_layer_decoder': [8]}",8,[8],[8],[0.03559796300038509],0.6455130520527539,COMPLETE
1606,0.13580081036420422,2025-01-11 00:23:14.873721,2025-01-11 00:23:17.481084,0 days 00:00:02.607363,0.038388276180535065,80,0.2,8,100,1.277916925856607e-06,8,2.7670058536740397e-05,1,1,adadelta,"{'neurons_per_layer_encoder': [8], 'neurons_per_layer_decoder': [8]}",8,[8],[8],[0.13580081036420422],0.6060112445328202,COMPLETE
1607,0.2459203554358116,2025-01-11 00:23:15.390327,2025-01-11 00:23:17.805140,0 days 00:00:02.414813,0.029287144894404895,88,0.2,20,100,1.366047783616137e-06,22,3.356852567696301e-05,1,1,adadelta,"{'neurons_per_layer_encoder': [20], 'neurons_per_layer_decoder': [20]}",20,[20],[20],[0.2459203554358116],0.7205053029962389,COMPLETE
1608,-0.19936177445994097,2025-01-11 00:23:15.622512,2025-01-11 00:23:17.839229,0 days 00:00:02.216717,0.03359830005042218,80,0.2,20,100,3.665813714967857e-05,22,3.574864556100478e-05,1,1,adadelta,"{'neurons_per_layer_encoder': [20], 'neurons_per_layer_decoder': [20]}",20,[20],[20],[-0.19936177445994097],0.5938388373272389,COMPLETE
1609,-0.44754186700326937,2025-01-11 00:23:15.628579,2025-01-11 00:23:16.955867,0 days 00:00:01.327288,0.028624418853368385,80,0.2,8,100,1.4197761111431433e-06,8,3.3838649418689e-05,1,1,adadelta,"{'neurons_per_layer_encoder': [8], 'neurons_per_layer_decoder': [8]}",8,[8],[8],[-0.44754186700326937],0.5377631210513866,COMPLETE
1610,0.03311796523867494,2025-01-11 00:23:16.963945,2025-01-11 00:23:19.337636,0 days 00:00:02.373691,0.043721097830730915,80,0.2,20,100,3.6652725520371815e-05,22,2.2966574700902756e-05,1,1,adadelta,"{'neurons_per_layer_encoder': [20], 'neurons_per_layer_decoder': [20]}",20,[20],[20],[0.03311796523867494],0.6700709460391436,COMPLETE
1611,-0.406411266393949,2025-01-11 00:23:17.320527,2025-01-11 00:23:18.854021,0 days 00:00:01.533494,0.033484100912727154,80,0.2,12,100,1.450731436228846e-06,13,1.981046635462979e-05,1,1,adadelta,"{'neurons_per_layer_encoder': [12], 'neurons_per_layer_decoder': [12]}",12,[12],[12],[-0.406411266393949],0.5037752023882908,COMPLETE
1612,-0.17714344636078705,2025-01-11 00:23:17.491359,2025-01-11 00:23:18.791088,0 days 00:00:01.299729,0.0287788864509573,88,0.2,20,100,1.5081554641310816e-06,22,2.2688310458299206e-05,1,1,adadelta,"{'neurons_per_layer_encoder': [20], 'neurons_per_layer_decoder': [20]}",20,[20],[20],[-0.17714344636078705],0.6422351162702609,COMPLETE
1613,-0.5115784550690441,2025-01-11 00:23:17.814996,2025-01-11 00:23:19.365379,0 days 00:00:01.550383,0.02884961080123324,80,0.2,20,100,1.5728837491658556e-06,22,2.085223084340152e-05,1,1,adadelta,"{'neurons_per_layer_encoder': [20], 'neurons_per_layer_decoder': [20]}",20,[20],[20],[-0.5115784550690441],0.6375730319458945,COMPLETE
1614,-0.5777684105088943,2025-01-11 00:23:17.852703,2025-01-11 00:23:20.302034,0 days 00:00:02.449331,0.04547341110394284,80,0.2,12,100,1.5408727343461382e-06,13,2.005463689838372e-05,1,1,adadelta,"{'neurons_per_layer_encoder': [12], 'neurons_per_layer_decoder': [12]}",12,[12],[12],[-0.5777684105088943],0.5360620936248235,COMPLETE
1615,-0.1599628928501322,2025-01-11 00:23:18.800230,2025-01-11 00:23:21.269992,0 days 00:00:02.469762,0.03550431157018696,80,0.2,12,100,4.5636155717116564e-05,13,2.097408300728685e-05,1,1,adadelta,"{'neurons_per_layer_encoder': [12], 'neurons_per_layer_decoder': [12]}",12,[12],[12],[-0.1599628928501322],0.6599137572948918,COMPLETE
1616,-0.09480949897343316,2025-01-11 00:23:18.864641,2025-01-11 00:23:20.182978,0 days 00:00:01.318337,0.044048797616349694,72,0.2,12,100,1.5425018995818801e-06,13,2.1250166669500014e-05,1,1,adadelta,"{'neurons_per_layer_encoder': [12], 'neurons_per_layer_decoder': [12]}",12,[12],[12],[-0.09480949897343316],0.5418850773446552,COMPLETE
1617,-0.1423138034766822,2025-01-11 00:23:19.349695,2025-01-11 00:23:22.065904,0 days 00:00:02.716209,0.04824770104821329,72,0.2,12,100,1.5593991314390557e-06,13,0.00032768094913195544,1,1,adadelta,"{'neurons_per_layer_encoder': [12], 'neurons_per_layer_decoder': [12]}",12,[12],[12],[-0.1423138034766822],0.222132061093224,COMPLETE
1618,0.13921807129519836,2025-01-11 00:23:19.376220,2025-01-11 00:23:21.465570,0 days 00:00:02.089350,0.04778192809624074,72,0.2,12,100,1.5920510192200563e-06,13,2.132541312971702e-05,1,1,adadelta,"{'neurons_per_layer_encoder': [12], 'neurons_per_layer_decoder': [12]}",12,[12],[12],[0.13921807129519836],0.7592660633202782,COMPLETE
1619,-0.16420081797605857,2025-01-11 00:23:20.192296,2025-01-11 00:23:21.560596,0 days 00:00:01.368300,0.020578668000373217,72,0.2,8,100,4.448029399286088e-05,8,2.3232977547363803e-05,1,1,adadelta,"{'neurons_per_layer_encoder': [8], 'neurons_per_layer_decoder': [8]}",8,[8],[8],[-0.16420081797605857],0.644343513313808,COMPLETE
1620,-0.7366628630556933,2025-01-11 00:23:20.312887,2025-01-11 00:23:22.338562,0 days 00:00:02.025675,0.02103777317076316,72,0.2,8,100,4.398928026951924e-05,8,0.0006374385577917607,1,1,adadelta,"{'neurons_per_layer_encoder': [8], 'neurons_per_layer_decoder': [8]}",8,[8],[8],[-0.7366628630556933],0.29601688193156195,COMPLETE
1621,0.0869434384608091,2025-01-11 00:23:21.280754,2025-01-11 00:23:22.596887,0 days 00:00:01.316133,0.02612318439993721,72,0.2,8,100,1.6707993484902965e-06,8,0.0007747959825040153,1,1,adadelta,"{'neurons_per_layer_encoder': [8], 'neurons_per_layer_decoder': [8]}",8,[8],[8],[0.0869434384608091],0.6733532601754072,COMPLETE
1622,0.003408324380231087,2025-01-11 00:23:21.476313,2025-01-11 00:23:22.785508,0 days 00:00:01.309195,0.020899962964184518,72,0.2,8,100,1.257385666484387e-06,8,0.00031394054374546984,1,1,adadelta,"{'neurons_per_layer_encoder': [8], 'neurons_per_layer_decoder': [8]}",8,[8],[8],[0.003408324380231087],0.5309379309886376,COMPLETE
1623,-0.17067589404158068,2025-01-11 00:23:21.570667,2025-01-11 00:23:24.023584,0 days 00:00:02.452917,0.034933785291486705,72,0.2,108,100,1.0046761362547794e-06,132,2.47310580241016e-05,1,1,adadelta,"{'neurons_per_layer_encoder': [108], 'neurons_per_layer_decoder': [108]}",108,[108],[108],[-0.17067589404158068],0.5890185257160756,COMPLETE
1624,-0.16524810977236415,2025-01-11 00:23:22.076139,2025-01-11 00:23:24.126757,0 days 00:00:02.050618,0.027036521168957318,72,0.30000000000000004,24,100,1.0056601152731273e-06,68,2.5364937593323638e-05,1,2,adadelta,"{'neurons_per_layer_encoder': [24, 48], 'neurons_per_layer_decoder': [48]}",24,[48],"[24, 48]",[-0.16524810977236415],0.6001511226965834,COMPLETE
1625,-0.46593927820942804,2025-01-11 00:23:22.348296,2025-01-11 00:23:23.901496,0 days 00:00:01.553200,0.02635119378650986,72,0.30000000000000004,24,100,1.1942814990773717e-06,68,2.5343896778544847e-05,1,2,adadelta,"{'neurons_per_layer_encoder': [24, 48], 'neurons_per_layer_decoder': [48]}",24,[48],"[24, 48]",[-0.46593927820942804],0.4861333626950272,COMPLETE
1626,-0.09650022559205129,2025-01-11 00:23:22.606240,2025-01-11 00:23:24.730947,0 days 00:00:02.124707,0.035130275843431896,72,0.2,24,100,1.0156713266771603e-06,68,0.0001159178891588269,1,2,adadelta,"{'neurons_per_layer_encoder': [24, 48], 'neurons_per_layer_decoder': [48]}",24,[48],"[24, 48]",[-0.09650022559205129],0.6219073760981013,COMPLETE
1627,-0.19420718830061534,2025-01-11 00:23:22.795215,2025-01-11 00:23:24.336916,0 days 00:00:01.541701,0.035406694891143675,72,0.2,24,100,1.1814232190401937e-06,68,2.4555742606691327e-05,1,2,adadelta,"{'neurons_per_layer_encoder': [24, 48], 'neurons_per_layer_decoder': [48]}",24,[48],"[24, 48]",[-0.19420718830061534],0.6186923754039798,COMPLETE
1628,-0.04895974886172838,2025-01-11 00:23:23.911330,2025-01-11 00:23:25.672193,0 days 00:00:01.760863,0.18114635764378476,72,0.2,16,100,1.0260876800551941e-06,70,3.002718349161243e-05,1,3,adadelta,"{'neurons_per_layer_encoder': [16, 32, 64], 'neurons_per_layer_decoder': [64]}",16,[64],"[16, 32, 64]",[-0.04895974886172838],0.7019699423908815,COMPLETE
1629,0.04189411463183279,2025-01-11 00:23:24.034174,2025-01-11 00:23:26.335491,0 days 00:00:02.301317,0.030645607205511072,72,0.2,20,100,3.6777826749011133e-06,60,1.9253756326256574e-05,1,2,adadelta,"{'neurons_per_layer_encoder': [20, 40], 'neurons_per_layer_decoder': [40]}",20,[40],"[20, 40]",[0.04189411463183279],0.7510442796480745,COMPLETE
1630,0.3183488481026273,2025-01-11 00:23:24.137392,2025-01-11 00:23:26.566648,0 days 00:00:02.429256,0.18213352287626777,80,0.2,16,100,1.3267939718990458e-06,17,3.151058968192617e-05,1,1,adadelta,"{'neurons_per_layer_encoder': [16], 'neurons_per_layer_decoder': [16]}",16,[16],[16],[0.3183488481026273],0.7634980213209501,COMPLETE
1631,-0.14773023821684506,2025-01-11 00:23:24.347418,2025-01-11 00:23:26.787150,0 days 00:00:02.439732,0.02457497617490798,80,0.2,16,100,3.5934421463622218e-06,17,1.8897500543854238e-05,1,1,adadelta,"{'neurons_per_layer_encoder': [16], 'neurons_per_layer_decoder': [16]}",16,[16],[16],[-0.14773023821684506],0.7573686408638208,COMPLETE
1632,0.28182123509269097,2025-01-11 00:23:24.741308,2025-01-11 00:23:27.121327,0 days 00:00:02.380019,0.1871563459452218,88,0.2,16,100,3.847071354334732e-06,17,1.8470249574281866e-05,1,1,adadelta,"{'neurons_per_layer_encoder': [16], 'neurons_per_layer_decoder': [16]}",16,[16],[16],[0.28182123509269097],0.7746276871492499,COMPLETE
1633,-0.05438657689851234,2025-01-11 00:23:25.682307,2025-01-11 00:23:28.073435,0 days 00:00:02.391128,0.18247401683004597,80,0.2,4,100,1.3137037883810164e-06,4,0.00042056686710896816,1,1,adadelta,"{'neurons_per_layer_encoder': [4], 'neurons_per_layer_decoder': [8]}",4,[8],[4],[-0.05438657689851234],0.6678303494677736,COMPLETE
1634,-1.921313233955817,2025-01-11 00:23:26.345543,2025-01-11 00:23:27.638831,0 days 00:00:01.293288,0.18565995037875782,80,0.2,4,100,1.3370667862098406e-06,4,3.4402145877294375e-05,1,1,adadelta,"{'neurons_per_layer_encoder': [4], 'neurons_per_layer_decoder': [8]}",4,[8],[4],[-1.921313233955817],0.45937759040755016,COMPLETE
1635,-0.11723588245766914,2025-01-11 00:23:26.576649,2025-01-11 00:23:27.900130,0 days 00:00:01.323481,0.02457833226535095,80,0.2,4,100,1.7942963602074365e-06,4,0.0004208853508357522,1,1,adadelta,"{'neurons_per_layer_encoder': [4], 'neurons_per_layer_decoder': [8]}",4,[8],[4],[-0.11723588245766914],0.6512648108081267,COMPLETE
