number,value,datetime_start,datetime_complete,duration,params_alpha,params_batch_size,params_drop_out_rate,params_encoder_neurons_layer_1,params_epochs,params_lambda,params_latent_dim,params_learning_rate,params_num_layers_decoder,params_num_layers_encoder,params_optimizer,user_attrs_encoder_decoder_config,user_attrs_first_layer_neurons,user_attrs_neurons_per_layer_decoder,user_attrs_neurons_per_layer_encoder,user_attrs_r2_feature_1,user_attrs_relative_deterioration,state
2209,-0.09586610402607043,2025-01-11 12:19:33.047908,2025-01-11 12:19:35.549096,0 days 00:00:02.501188,0.1540497551212485,56,0.2,4,100,3.4509071190029764e-06,4,0.00027181063055770977,1,1,adadelta,"{'neurons_per_layer_encoder': [4], 'neurons_per_layer_decoder': [8]}",4,[8],[4],[-0.09586610402607043],0.5855839858601863,COMPLETE
2210,-0.184279594172442,2025-01-11 12:19:33.266639,2025-01-11 12:19:34.616597,0 days 00:00:01.349958,0.03748121443065735,64,0.2,52,100,2.848930600259987e-06,73,3.609640027621231e-05,1,1,adadelta,"{'neurons_per_layer_encoder': [52], 'neurons_per_layer_decoder': [52]}",52,[52],[52],[-0.184279594172442],0.5622775788544888,COMPLETE
2211,-0.22036067663889258,2025-01-11 12:19:33.305472,2025-01-11 12:19:34.243344,0 days 00:00:00.937872,0.16194671337992286,48,0.2,4,100,3.457490397822867e-06,4,2.2083301051503197e-05,1,1,sgd,"{'neurons_per_layer_encoder': [4], 'neurons_per_layer_decoder': [8]}",4,[8],[4],[-0.22036067663889258],0.6710597372944648,COMPLETE
2212,-0.9381212563006114,2025-01-11 12:19:33.645092,2025-01-11 12:19:34.588241,0 days 00:00:00.943149,0.030244813050458837,48,0.2,4,100,2.8578733603103657e-06,4,3.468662248094205e-05,1,1,sgd,"{'neurons_per_layer_encoder': [4], 'neurons_per_layer_decoder': [8]}",4,[8],[4],[-0.9381212563006114],0.5858264158789367,COMPLETE
2213,0.06312095186726252,2025-01-11 12:19:34.130750,2025-01-11 12:19:35.565544,0 days 00:00:01.434794,0.03606992678614749,80,0.2,4,100,3.4731352001758526e-06,4,3.737834579147979e-05,1,1,sgd,"{'neurons_per_layer_encoder': [4], 'neurons_per_layer_decoder': [8]}",4,[8],[4],[0.06312095186726252],0.6097272873353516,COMPLETE
2214,0.01169791836703904,2025-01-11 12:19:34.253299,2025-01-11 12:19:36.258438,0 days 00:00:02.005139,0.17945917276028733,80,0.2,4,100,2.386200853130737e-06,4,1.540658953206036e-05,1,1,sgd,"{'neurons_per_layer_encoder': [4], 'neurons_per_layer_decoder': [8]}",4,[8],[4],[0.01169791836703904],0.7004083145550456,COMPLETE
2215,-0.026229113208222188,2025-01-11 12:19:34.600032,2025-01-11 12:19:36.178739,0 days 00:00:01.578707,0.0262721051596887,64,0.2,4,100,1.1314056309127015e-06,4,1.5228444184855886e-05,1,1,adadelta,"{'neurons_per_layer_encoder': [4], 'neurons_per_layer_decoder': [8]}",4,[8],[4],[-0.026229113208222188],0.5577161852201029,COMPLETE
2216,-0.8012479663652083,2025-01-11 12:19:34.629049,2025-01-11 12:19:36.210590,0 days 00:00:01.581541,0.18334803192514976,80,0.2,4,100,1.1603671322712438e-06,4,1.5922746544046513e-05,1,1,adadelta,"{'neurons_per_layer_encoder': [4], 'neurons_per_layer_decoder': [8]}",4,[8],[4],[-0.8012479663652083],0.23184377018177094,COMPLETE
2217,0.2173627828846043,2025-01-11 12:19:35.560311,2025-01-11 12:19:38.020459,0 days 00:00:02.460148,0.027015016544758377,80,0.2,28,100,4.826057714233415e-05,30,1.5109962451541486e-05,1,1,adadelta,"{'neurons_per_layer_encoder': [28], 'neurons_per_layer_decoder': [28]}",28,[28],[28],[0.2173627828846043],0.8119324137779591,COMPLETE
2218,-0.19443208486116825,2025-01-11 12:19:35.576845,2025-01-11 12:19:38.078827,0 days 00:00:02.501982,0.18625854434069783,80,0.2,28,100,1.1522023205890791e-06,456,1.5505951769615575e-05,1,5,adadelta,"{'neurons_per_layer_encoder': [28, 56, 112, 224, 448], 'neurons_per_layer_decoder': [448]}",28,[448],"[28, 56, 112, 224, 448]",[-0.19443208486116825],0.5813755035808031,COMPLETE
2219,-0.4147212519782837,2025-01-11 12:19:36.193198,2025-01-11 12:19:37.531041,0 days 00:00:01.337843,0.18227284065736718,80,0.2,12,100,2.3127321654788887e-06,13,1.2944481742385595e-05,1,1,adadelta,"{'neurons_per_layer_encoder': [12], 'neurons_per_layer_decoder': [12]}",12,[12],[12],[-0.4147212519782837],0.45921364420146593,COMPLETE
2220,0.31482854372967395,2025-01-11 12:19:36.222579,2025-01-11 12:19:38.705177,0 days 00:00:02.482598,0.14246738318250154,64,0.2,12,100,4.8333605974815736e-05,13,1.2719248586473332e-05,1,1,adadelta,"{'neurons_per_layer_encoder': [12], 'neurons_per_layer_decoder': [12]}",12,[12],[12],[0.31482854372967395],0.7316644220872727,COMPLETE
2221,0.3214769607274659,2025-01-11 12:19:36.274588,2025-01-11 12:19:38.938937,0 days 00:00:02.664349,0.14537164997719754,64,0.2,28,100,2.186468261486772e-06,30,1.2942955929996509e-05,1,1,adadelta,"{'neurons_per_layer_encoder': [28], 'neurons_per_layer_decoder': [28]}",28,[28],[28],[0.3214769607274659],0.7904467885016189,COMPLETE
2222,-0.4139079755160291,2025-01-11 12:19:37.542385,2025-01-11 12:19:38.902524,0 days 00:00:01.360139,0.1427837064021721,64,0.2,12,100,1.3763976007128617e-06,13,0.00019971408680820551,1,1,adadelta,"{'neurons_per_layer_encoder': [12], 'neurons_per_layer_decoder': [12]}",12,[12],[12],[-0.4139079755160291],0.4927209019511629,COMPLETE
2223,-0.2218920054212281,2025-01-11 12:19:38.090655,2025-01-11 12:19:41.354676,0 days 00:00:03.264021,0.1447674533857351,64,0.2,16,100,2.1430345059075282e-06,70,2.0631091386506916e-05,1,3,adadelta,"{'neurons_per_layer_encoder': [16, 32, 64], 'neurons_per_layer_decoder': [64]}",16,[64],"[16, 32, 64]",[-0.2218920054212281],0.6209978106115241,COMPLETE
2224,-0.5394640150424383,2025-01-11 12:19:38.276869,2025-01-11 12:19:39.618176,0 days 00:00:01.341307,0.13861474491669568,64,0.2,16,100,1.370709465870973e-06,17,2.3965860870628044e-05,1,1,adadelta,"{'neurons_per_layer_encoder': [16], 'neurons_per_layer_decoder': [16]}",16,[16],[16],[-0.5394640150424383],0.7280411794550827,COMPLETE
2225,-0.09254156678877612,2025-01-11 12:19:38.716175,2025-01-11 12:19:40.156948,0 days 00:00:01.440773,0.14429661778832203,64,0.2,20,100,2.0705503677725785e-06,22,2.0463292870416158e-05,1,1,adadelta,"{'neurons_per_layer_encoder': [20], 'neurons_per_layer_decoder': [20]}",20,[20],[20],[-0.09254156678877612],0.7097682776455033,COMPLETE
2226,0.00514134228485863,2025-01-11 12:19:38.913101,2025-01-11 12:19:41.076075,0 days 00:00:02.162974,0.16835608921889517,72,0.2,20,100,1.975882060062396e-06,22,2.0395277077480077e-05,1,1,sgd,"{'neurons_per_layer_encoder': [20], 'neurons_per_layer_decoder': [20]}",20,[20],[20],[0.00514134228485863],0.8412564350932993,COMPLETE
2227,-0.22245100475108615,2025-01-11 12:19:38.951645,2025-01-11 12:19:40.070514,0 days 00:00:01.118869,0.1649682105003515,72,0.2,60,100,1.55301277461167e-06,256,2.0518288451406328e-05,1,2,sgd,"{'neurons_per_layer_encoder': [60, 120], 'neurons_per_layer_decoder': [120]}",60,[120],"[60, 120]",[-0.22245100475108615],0.780975323179434,COMPLETE
2228,-0.33292690065986386,2025-01-11 12:19:39.630303,2025-01-11 12:19:40.725928,0 days 00:00:01.095625,0.029435981335770665,72,0.2,20,100,2.023599600232845e-06,60,1.974473943692191e-05,1,2,sgd,"{'neurons_per_layer_encoder': [20, 40], 'neurons_per_layer_decoder': [40]}",20,[40],"[20, 40]",[-0.33292690065986386],0.6115905152825772,COMPLETE
2229,-0.0032712664617173814,2025-01-11 12:19:40.081921,2025-01-11 12:19:42.128234,0 days 00:00:02.046313,0.029475672198554063,72,0.1,20,100,2.0600101764784163e-06,22,2.0060738815716086e-05,1,1,sgd,"{'neurons_per_layer_encoder': [20], 'neurons_per_layer_decoder': [20]}",20,[20],[20],[-0.0032712664617173814],0.7392453570133246,COMPLETE
2230,0.02235704573522035,2025-01-11 12:19:40.168282,2025-01-11 12:19:41.445755,0 days 00:00:01.277473,0.028927304425521497,72,0.30000000000000004,8,100,1.6199200898982088e-06,8,1.7114519591626858e-05,1,1,sgd,"{'neurons_per_layer_encoder': [8], 'neurons_per_layer_decoder': [8]}",8,[8],[8],[0.02235704573522035],0.5864883840633046,COMPLETE
2231,-0.2700832575257599,2025-01-11 12:19:40.737145,2025-01-11 12:19:42.084067,0 days 00:00:01.346922,0.1633368277181311,72,0.1,8,100,1.6071120895649396e-06,8,2.5591948696111547e-05,1,1,adadelta,"{'neurons_per_layer_encoder': [8], 'neurons_per_layer_decoder': [8]}",8,[8],[8],[-0.2700832575257599],0.5610190391459118,COMPLETE
2232,-2.1818868048448072,2025-01-11 12:19:41.086883,2025-01-11 12:19:42.544188,0 days 00:00:01.457305,0.03390709921147485,56,0.1,8,100,1.6742460571039764e-06,8,2.3474778726133987e-05,1,1,adadelta,"{'neurons_per_layer_encoder': [8], 'neurons_per_layer_decoder': [8]}",8,[8],[8],[-2.1818868048448072],0.5285002570331919,COMPLETE
2233,-0.20345197404352766,2025-01-11 12:19:41.365695,2025-01-11 12:19:43.532611,0 days 00:00:02.166916,0.021684311067784123,72,0.1,8,100,1.6264052071085e-06,8,2.453966066677657e-05,1,1,adadelta,"{'neurons_per_layer_encoder': [8], 'neurons_per_layer_decoder': [8]}",8,[8],[8],[-0.20345197404352766],0.6772530838431207,COMPLETE
2234,-0.7113167912450034,2025-01-11 12:19:41.465343,2025-01-11 12:19:43.968694,0 days 00:00:02.503351,0.033771591726301474,56,0.2,8,100,2.45016766301009e-06,8,2.5513997494752156e-05,1,1,adadelta,"{'neurons_per_layer_encoder': [8], 'neurons_per_layer_decoder': [8]}",8,[8],[8],[-0.7113167912450034],0.5958572616923333,COMPLETE
2235,-0.9422057752070649,2025-01-11 12:19:42.094685,2025-01-11 12:19:44.421658,0 days 00:00:02.326973,0.16526057705502722,56,0.2,12,100,1.2912434792609021e-06,13,3.0152466619730253e-05,1,1,adadelta,"{'neurons_per_layer_encoder': [12], 'neurons_per_layer_decoder': [12]}",12,[12],[12],[-0.9422057752070649],0.2715186632678093,COMPLETE
2236,-0.20931569090125213,2025-01-11 12:19:42.139617,2025-01-11 12:19:43.536821,0 days 00:00:01.397204,0.15959303503603373,56,0.2,12,100,2.616628800662201e-06,13,2.405017509928342e-05,1,1,adadelta,"{'neurons_per_layer_encoder': [12], 'neurons_per_layer_decoder': [12]}",12,[12],[12],[-0.20931569090125213],0.680337276522458,COMPLETE
2237,-0.0796812733674177,2025-01-11 12:19:42.554530,2025-01-11 12:19:44.825537,0 days 00:00:02.271007,0.15852883249232627,40,0.2,12,100,2.445791879567867e-06,13,1.3189067979625954e-05,2,1,adam,"{'neurons_per_layer_encoder': [12], 'neurons_per_layer_decoder': [12, 8]}",12,"[12, 8]",[12],[-0.0796812733674177],0.6755721113531278,COMPLETE
2238,-0.05026076850666494,2025-01-11 12:19:43.545312,2025-01-11 12:19:45.519477,0 days 00:00:01.974165,0.04489116744219241,40,0.2,12,100,1.2753794936204166e-06,13,3.110347915887855e-05,1,1,adam,"{'neurons_per_layer_encoder': [12], 'neurons_per_layer_decoder': [12]}",12,[12],[12],[-0.05026076850666494],0.78069603685615,COMPLETE
2239,-0.6820835475105231,2025-01-11 12:19:43.546882,2025-01-11 12:19:44.968347,0 days 00:00:01.421465,0.1737664695904936,40,0.2,12,100,1.2583634668979832e-06,13,1.3304212642022808e-05,1,1,adam,"{'neurons_per_layer_encoder': [12], 'neurons_per_layer_decoder': [12]}",12,[12],[12],[-0.6820835475105231],0.42415990726742464,COMPLETE
2240,0.205839210254383,2025-01-11 12:19:43.978745,2025-01-11 12:19:45.906182,0 days 00:00:01.927437,0.04498741372564701,40,0.2,12,100,1.3349461949564408e-06,13,3.088619800962943e-05,1,1,adadelta,"{'neurons_per_layer_encoder': [12], 'neurons_per_layer_decoder': [12]}",12,[12],[12],[0.205839210254383],0.7354317250049817,COMPLETE
2241,-0.5067069469532721,2025-01-11 12:19:44.432772,2025-01-11 12:19:46.237244,0 days 00:00:01.804472,0.046135700501097984,64,0.2,24,100,1.8305938676220241e-06,68,1.318518369986295e-05,1,2,adadelta,"{'neurons_per_layer_encoder': [24, 48], 'neurons_per_layer_decoder': [48]}",24,[48],"[24, 48]",[-0.5067069469532721],0.7472118005007475,COMPLETE
2242,0.02587999889630288,2025-01-11 12:19:44.836603,2025-01-11 12:19:46.594995,0 days 00:00:01.758392,0.13308673870745966,64,0.2,24,100,1.8222780268745137e-06,68,1.3950090929149823e-05,1,2,adadelta,"{'neurons_per_layer_encoder': [24, 48], 'neurons_per_layer_decoder': [48]}",24,[48],"[24, 48]",[0.02587999889630288],0.7753812599664821,COMPLETE
2243,-0.09440553998953138,2025-01-11 12:19:45.529860,2025-01-11 12:19:47.514506,0 days 00:00:01.984646,0.13395491932096149,64,0.2,24,100,9.456729577586249e-06,68,1.6718076124879114e-05,1,2,adadelta,"{'neurons_per_layer_encoder': [24, 48], 'neurons_per_layer_decoder': [48]}",24,[48],"[24, 48]",[-0.09440553998953138],0.6635682965622048,COMPLETE
2244,0.002753919961348772,2025-01-11 12:19:45.916211,2025-01-11 12:19:47.438979,0 days 00:00:01.522768,0.13389865169007042,64,0.2,24,100,8.746597517956357e-05,68,1.745270075533797e-05,1,2,adadelta,"{'neurons_per_layer_encoder': [24, 48], 'neurons_per_layer_decoder': [48]}",24,[48],"[24, 48]",[0.002753919961348772],0.7640450712337408,COMPLETE
2245,-0.18682987078133184,2025-01-11 12:19:46.248674,2025-01-11 12:19:48.309534,0 days 00:00:02.060860,0.13512348843916996,48,0.2,16,100,1.4556735898310648e-06,17,0.0004831541469904286,4,1,adadelta,"{'neurons_per_layer_encoder': [16], 'neurons_per_layer_decoder': [16, 8, 8, 8]}",16,"[16, 8, 8, 8]",[16],[-0.18682987078133184],0.613845894185571,COMPLETE
2246,0.35618242479227047,2025-01-11 12:19:47.448280,2025-01-11 12:19:49.370481,0 days 00:00:01.922201,0.1515297531744394,88,0.2,16,100,1.4568324105293382e-06,17,1.7000604218024355e-05,1,1,sgd,"{'neurons_per_layer_encoder': [16], 'neurons_per_layer_decoder': [16]}",16,[16],[16],[0.35618242479227047],0.8602254619091061,COMPLETE
2247,-0.48032763692126923,2025-01-11 12:19:47.524155,2025-01-11 12:19:48.629258,0 days 00:00:01.105103,0.14893221311788993,80,0.2,16,100,2.9291305240964455e-06,17,1.1928498726766121e-05,1,1,sgd,"{'neurons_per_layer_encoder': [16], 'neurons_per_layer_decoder': [16]}",16,[16],[16],[-0.48032763692126923],0.622347428896519,COMPLETE
2248,-0.38632294438000536,2025-01-11 12:19:48.638231,2025-01-11 12:19:50.521829,0 days 00:00:01.883598,0.19028088478944938,88,0.2,4,100,2.2662237425923182e-06,4,1.69572612805555e-05,1,1,sgd,"{'neurons_per_layer_encoder': [4], 'neurons_per_layer_decoder': [8]}",4,[8],[4],[-0.38632294438000536],0.6057916142879576,COMPLETE
2249,0.15221469425582856,2025-01-11 12:19:50.530731,2025-01-11 12:19:51.821941,0 days 00:00:01.291210,0.039175362760092064,72,0.2,4,100,1.7783365815953352e-06,4,1.4559270687113182e-05,1,1,adadelta,"{'neurons_per_layer_encoder': [4], 'neurons_per_layer_decoder': [8]}",4,[8],[4],[0.15221469425582856],0.8274871162182182,COMPLETE
2250,0.12084109614552574,2025-01-11 12:25:08.703901,2025-01-11 12:25:11.116478,0 days 00:00:02.412577,0.17784705115618896,64,0.2,8,100,1.0027418024975776e-06,8,1.1329066791063566e-05,1,1,adadelta,"{'neurons_per_layer_encoder': [8], 'neurons_per_layer_decoder': [8]}",8,[8],[8],[0.12084109614552574],0.7289132618924818,COMPLETE
2251,-0.07543687426748957,2025-01-11 12:25:08.731604,2025-01-11 12:25:10.173549,0 days 00:00:01.441945,0.17785339594778654,64,0.2,8,100,2.4639121834732776e-06,8,1.1942337611962826e-05,1,1,adadelta,"{'neurons_per_layer_encoder': [8], 'neurons_per_layer_decoder': [8]}",8,[8],[8],[-0.07543687426748957],0.684478219684461,COMPLETE
2252,-0.1377687916115511,2025-01-11 12:25:08.731604,2025-01-11 12:25:10.157588,0 days 00:00:01.425984,0.17453671492279388,64,0.2,16,100,2.604549382069324e-06,17,1.1639290526599961e-05,1,1,adadelta,"{'neurons_per_layer_encoder': [16], 'neurons_per_layer_decoder': [16]}",16,[16],[16],[-0.1377687916115511],0.47632157614026777,COMPLETE
2253,-0.10390106920774511,2025-01-11 12:25:08.736544,2025-01-11 12:25:11.226355,0 days 00:00:02.489811,0.03146720347080109,64,0.2,8,100,2.5203145930696703e-06,8,1.1948451262146142e-05,1,1,adadelta,"{'neurons_per_layer_encoder': [8], 'neurons_per_layer_decoder': [8]}",8,[8],[8],[-0.10390106920774511],0.648591656502216,COMPLETE
2254,-0.14886365382905398,2025-01-11 12:25:08.733048,2025-01-11 12:25:10.157808,0 days 00:00:01.424760,0.1688153773601797,64,0.2,8,100,2.5864040778838253e-06,8,1.1848278100438812e-05,1,1,adadelta,"{'neurons_per_layer_encoder': [8], 'neurons_per_layer_decoder': [8]}",8,[8],[8],[-0.14886365382905398],0.7087469885020288,COMPLETE
2255,-0.5211337680486057,2025-01-11 12:25:10.174073,2025-01-11 12:25:11.971194,0 days 00:00:01.797121,0.03167650702288743,32,0.30000000000000004,4,100,2.0169456453252916e-06,4,1.8446491862521875e-05,1,1,adadelta,"{'neurons_per_layer_encoder': [4], 'neurons_per_layer_decoder': [8]}",4,[8],[4],[-0.5211337680486057],0.46177886466389895,COMPLETE
2256,-0.7533768481698278,2025-01-11 12:25:10.174510,2025-01-11 12:25:11.553296,0 days 00:00:01.378786,0.15098103230815038,32,0.2,4,100,2.0170092455236124e-06,4,0.0003584378040277141,1,1,adadelta,"{'neurons_per_layer_encoder': [4], 'neurons_per_layer_decoder': [8]}",4,[8],[4],[-0.7533768481698278],0.39766435809496087,COMPLETE
2257,-0.5852195346811708,2025-01-11 12:25:10.188022,2025-01-11 12:25:11.691595,0 days 00:00:01.503573,0.15126268313452654,32,0.2,4,100,2.0354136258460277e-06,4,2.1387463297370134e-05,1,1,adadelta,"{'neurons_per_layer_encoder': [4], 'neurons_per_layer_decoder': [8]}",4,[8],[4],[-0.5852195346811708],0.3397910010522554,COMPLETE
2258,-0.12315536754128664,2025-01-11 12:25:11.128599,2025-01-11 12:25:13.058061,0 days 00:00:01.929462,0.15221271167040606,32,0.30000000000000004,20,100,2.016826430237465e-06,22,2.1468115447889138e-05,1,1,adadelta,"{'neurons_per_layer_encoder': [20], 'neurons_per_layer_decoder': [20]}",20,[20],[20],[-0.12315536754128664],0.5879707118177283,COMPLETE
2259,-0.08790664639545098,2025-01-11 12:25:11.249823,2025-01-11 12:25:12.187964,0 days 00:00:00.938141,0.15117868882964872,32,0.30000000000000004,20,100,2.0213837539702738e-06,22,2.1809864287131475e-05,1,1,sgd,"{'neurons_per_layer_encoder': [20], 'neurons_per_layer_decoder': [20]}",20,[20],[20],[-0.08790664639545098],0.6215973716162455,COMPLETE
2260,-0.2663560711510671,2025-01-11 12:25:11.563422,2025-01-11 12:25:12.513958,0 days 00:00:00.950536,0.15877220613984297,48,0.30000000000000004,20,100,1.5298487612810291e-06,22,2.264672385436255e-05,1,1,sgd,"{'neurons_per_layer_encoder': [20], 'neurons_per_layer_decoder': [20]}",20,[20],[20],[-0.2663560711510671],0.6781797031096904,COMPLETE
2261,0.058063939196135506,2025-01-11 12:25:11.702309,2025-01-11 12:25:12.672983,0 days 00:00:00.970674,0.1613445627857198,48,0.2,20,100,1.6081791198474462e-06,22,1.4857834060866219e-05,1,1,sgd,"{'neurons_per_layer_encoder': [20], 'neurons_per_layer_decoder': [20]}",20,[20],[20],[0.058063939196135506],0.6488362833312824,COMPLETE
2262,-0.03345879989480993,2025-01-11 12:25:11.982871,2025-01-11 12:25:14.157266,0 days 00:00:02.174395,0.16563668992890582,128,0.2,256,100,1.644613746955518e-06,328,1.4081516159680548e-05,1,1,sgd,"{'neurons_per_layer_encoder': [256], 'neurons_per_layer_decoder': [256]}",256,[256],[256],[-0.03345879989480993],0.7520923681922672,COMPLETE
2263,-0.2955996623050243,2025-01-11 12:25:12.198720,2025-01-11 12:25:13.659187,0 days 00:00:01.460467,0.18833373118286775,72,0.2,16,100,1.516957552461362e-06,17,1.4293759450456487e-05,1,1,sgd,"{'neurons_per_layer_encoder': [16], 'neurons_per_layer_decoder': [16]}",16,[16],[16],[-0.2955996623050243],0.596803180309461,COMPLETE
2264,-0.22705184961223202,2025-01-11 12:25:12.524457,2025-01-11 12:25:14.458073,0 days 00:00:01.933616,0.16501192864616807,80,0.2,28,100,1.7242617849100541e-06,136,1.4397902287439272e-05,1,3,adadelta,"{'neurons_per_layer_encoder': [28, 56, 112], 'neurons_per_layer_decoder': [112]}",28,[112],"[28, 56, 112]",[-0.22705184961223202],0.6116922851626133,COMPLETE
2265,-0.1544757152398304,2025-01-11 12:25:12.687943,2025-01-11 12:25:14.628403,0 days 00:00:01.940460,0.012812683715478569,72,0.2,48,100,1.1529406755142765e-06,360,4.3039449344563896e-05,1,3,adadelta,"{'neurons_per_layer_encoder': [48, 96, 192], 'neurons_per_layer_decoder': [192]}",48,[192],"[48, 96, 192]",[-0.1544757152398304],0.7042383777678737,COMPLETE
2266,-0.09191697292887357,2025-01-11 12:25:13.070298,2025-01-11 12:25:15.086479,0 days 00:00:02.016181,0.18968952820055318,80,0.2,48,100,1.6922941857498667e-06,408,1.4394680431995028e-05,1,3,adadelta,"{'neurons_per_layer_encoder': [48, 96, 192], 'neurons_per_layer_decoder': [192]}",48,[192],"[48, 96, 192]",[-0.09191697292887357],0.7644305430126205,COMPLETE
2267,-0.1515457383897345,2025-01-11 12:25:13.669426,2025-01-11 12:25:15.048427,0 days 00:00:01.379001,0.14151115449118046,80,0.2,28,100,6.371164818423128e-06,30,3.448084865653306e-05,1,1,adadelta,"{'neurons_per_layer_encoder': [28], 'neurons_per_layer_decoder': [28]}",28,[28],[28],[-0.1515457383897345],0.7799940004011788,COMPLETE
2268,-0.49267650615130165,2025-01-11 12:25:14.168273,2025-01-11 12:25:15.599919,0 days 00:00:01.431646,0.027665855728439277,80,0.2,48,100,1.1424415621146413e-06,68,0.0002983116362207032,1,1,adadelta,"{'neurons_per_layer_encoder': [48], 'neurons_per_layer_decoder': [48]}",48,[48],[48],[-0.49267650615130165],0.6131024139894629,COMPLETE
2269,-0.2864593482173763,2025-01-11 12:25:14.468117,2025-01-11 12:25:15.787922,0 days 00:00:01.319805,0.14608684020193,72,0.2,16,100,3.176891091925867e-06,17,1.821075084625422e-05,1,1,adadelta,"{'neurons_per_layer_encoder': [16], 'neurons_per_layer_decoder': [16]}",16,[16],[16],[-0.2864593482173763],0.5007149773484526,COMPLETE
2270,-0.3152079698154153,2025-01-11 12:25:14.639322,2025-01-11 12:25:15.952223,0 days 00:00:01.312901,0.026508953826360277,96,0.2,12,100,3.2123902387740707e-06,13,3.462669460274664e-05,1,1,adadelta,"{'neurons_per_layer_encoder': [12], 'neurons_per_layer_decoder': [12]}",12,[12],[12],[-0.3152079698154153],0.5231920666484006,COMPLETE
2271,0.18035436857359632,2025-01-11 12:25:15.058445,2025-01-11 12:25:17.659305,0 days 00:00:02.600860,0.027598929715179625,72,0.2,124,100,3.9984112374367924e-05,276,2.7477563236721123e-05,1,1,adadelta,"{'neurons_per_layer_encoder': [124], 'neurons_per_layer_decoder': [124]}",124,[124],[124],[0.18035436857359632],0.8024333610396741,COMPLETE
2272,0.029666261092709312,2025-01-11 12:25:15.096866,2025-01-11 12:25:16.596610,0 days 00:00:01.499744,0.027861980321440098,72,0.2,12,100,3.146016687187205e-06,13,1.7617838176624662e-05,1,1,adadelta,"{'neurons_per_layer_encoder': [12], 'neurons_per_layer_decoder': [12]}",12,[12],[12],[0.029666261092709312],0.7752304558924951,COMPLETE
