number,value,datetime_start,datetime_complete,duration,params_alpha,params_batch_size,params_drop_out_rate,params_encoder_neurons_layer_1,params_epochs,params_lambda,params_latent_dim,params_learning_rate,params_num_layers_decoder,params_num_layers_encoder,params_optimizer,user_attrs_encoder_decoder_config,user_attrs_first_layer_neurons,user_attrs_neurons_per_layer_decoder,user_attrs_neurons_per_layer_encoder,user_attrs_r2_feature_1,user_attrs_relative_deterioration,state
360,-0.20195442232163563,2025-01-10 14:25:30.031250,2025-01-10 14:25:31.575529,0 days 00:00:01.544279,0.01491112464904623,96,0.4,84,100,0.0002970162710210141,172,7.15544367396296e-05,1,1,adam,"{'neurons_per_layer_encoder': [84], 'neurons_per_layer_decoder': [84]}",84,[84],[84],[-0.20195442232163563],0.7665424443245459,COMPLETE
361,-0.7249418127895393,2025-01-10 14:25:30.141649,2025-01-10 14:25:31.827957,0 days 00:00:01.686308,0.1184988171583187,32,0.30000000000000004,244,100,4.9863388238115925e-05,268,7.25138837319749e-05,2,1,adadelta,"{'neurons_per_layer_encoder': [244], 'neurons_per_layer_decoder': [244, 122]}",244,"[244, 122]",[244],[-0.7249418127895393],0.6654648398974198,COMPLETE
362,-0.11442251028342998,2025-01-10 14:25:31.417429,2025-01-10 14:25:33.901967,0 days 00:00:02.484538,0.113941682144487,32,0.30000000000000004,248,100,6.198393879232061e-05,272,7.053898223281483e-05,2,1,adadelta,"{'neurons_per_layer_encoder': [248], 'neurons_per_layer_decoder': [248, 124]}",248,"[248, 124]",[248],[-0.11442251028342998],0.7613746775942805,COMPLETE
363,-0.7555983813165326,2025-01-10 14:25:31.584121,2025-01-10 14:25:33.207779,0 days 00:00:01.623658,0.11365994160349321,32,0.30000000000000004,248,100,6.537333059529024e-05,272,5.721076101146802e-05,2,1,adadelta,"{'neurons_per_layer_encoder': [248], 'neurons_per_layer_decoder': [248, 124]}",248,"[248, 124]",[248],[-0.7555983813165326],0.7052216339010531,COMPLETE
364,-0.08467610579099594,2025-01-10 14:25:31.837617,2025-01-10 14:25:34.175796,0 days 00:00:02.338179,0.11396984627612429,48,0.30000000000000004,236,100,6.943459718556666e-05,260,6.429821158714485e-05,2,1,adadelta,"{'neurons_per_layer_encoder': [236], 'neurons_per_layer_decoder': [236, 118]}",236,"[236, 118]",[236],[-0.08467610579099594],0.7561917246088508,COMPLETE
365,-0.1696595297751733,2025-01-10 14:25:31.837764,2025-01-10 14:25:34.725544,0 days 00:00:02.887780,0.11397782281133749,48,0.30000000000000004,48,100,6.505926085895174e-05,232,5.7531522664395097e-05,2,3,adadelta,"{'neurons_per_layer_encoder': [48, 96, 192], 'neurons_per_layer_decoder': [192, 96]}",48,"[192, 96]","[48, 96, 192]",[-0.1696595297751733],0.7398255938193604,COMPLETE
366,-0.1500649977450037,2025-01-10 14:25:32.331448,2025-01-10 14:25:34.744605,0 days 00:00:02.413157,0.1137752863642731,112,0.30000000000000004,248,100,5.9009413260190564e-05,1048,5.2380918192612136e-05,2,3,adadelta,"{'neurons_per_layer_encoder': [248, 496, 992], 'neurons_per_layer_decoder': [992, 496]}",248,"[992, 496]","[248, 496, 992]",[-0.1500649977450037],0.9052944830467325,COMPLETE
367,-0.03578382861849061,2025-01-10 14:25:33.215643,2025-01-10 14:25:36.309097,0 days 00:00:03.093454,0.10469007556927995,48,0.30000000000000004,236,100,6.640405208452602e-05,260,6.224375896461034e-05,2,1,adadelta,"{'neurons_per_layer_encoder': [236], 'neurons_per_layer_decoder': [236, 118]}",236,"[236, 118]",[236],[-0.03578382861849061],0.7800499147829781,COMPLETE
368,-0.0806659208631213,2025-01-10 14:25:33.912521,2025-01-10 14:25:37.385763,0 days 00:00:03.473242,0.10458296685314075,48,0.30000000000000004,36,100,4.837222739225778e-06,328,5.152800529465042e-05,2,3,adadelta,"{'neurons_per_layer_encoder': [36, 72, 144], 'neurons_per_layer_decoder': [144, 72]}",36,"[144, 72]","[36, 72, 144]",[-0.0806659208631213],0.6382863775742661,COMPLETE
369,-1.3876058815771461,2025-01-10 14:25:34.185264,2025-01-10 14:25:35.760711,0 days 00:00:01.575447,0.09934684936684951,48,0.30000000000000004,8,100,5.658482474011935e-06,51,0.00011986065607650536,4,3,sgd,"{'neurons_per_layer_encoder': [8, 16, 32], 'neurons_per_layer_decoder': [32, 16, 8, 8]}",8,"[32, 16, 8, 8]","[8, 16, 32]",[-1.3876058815771461],0.18733137975673933,COMPLETE
370,-0.017441225489346346,2025-01-10 14:25:34.733392,2025-01-10 14:25:36.423051,0 days 00:00:01.689659,0.10351751636487128,56,0.30000000000000004,236,100,5.312754628372997e-06,468,0.00012481208221374536,4,1,sgd,"{'neurons_per_layer_encoder': [236], 'neurons_per_layer_decoder': [236, 118, 59, 29]}",236,"[236, 118, 59, 29]",[236],[-0.017441225489346346],0.6794290292697293,COMPLETE
371,-0.2279590227425068,2025-01-10 14:25:34.760216,2025-01-10 14:25:35.843463,0 days 00:00:01.083247,0.10286007139475772,56,0.30000000000000004,8,100,5.190955644181058e-06,8,8.702545502887642e-05,3,1,sgd,"{'neurons_per_layer_encoder': [8], 'neurons_per_layer_decoder': [8, 8, 8]}",8,"[8, 8, 8]",[8],[-0.2279590227425068],0.5985316436529639,COMPLETE
372,-0.21056092684290006,2025-01-10 14:25:35.768628,2025-01-10 14:25:37.768319,0 days 00:00:01.999691,0.10425624425472492,56,0.30000000000000004,36,100,8.137236429220798e-05,71,8.34455535312317e-05,3,1,sgd,"{'neurons_per_layer_encoder': [36], 'neurons_per_layer_decoder': [36, 18, 9]}",36,"[36, 18, 9]",[36],[-0.21056092684290006],0.6237942427251078,COMPLETE
373,-0.19846276786135797,2025-01-10 14:25:35.851281,2025-01-10 14:25:37.403862,0 days 00:00:01.552581,0.06013088300263289,56,0.30000000000000004,108,100,0.0005930253667383754,228,0.00021992222168029768,2,1,sgd,"{'neurons_per_layer_encoder': [108], 'neurons_per_layer_decoder': [108, 54]}",108,"[108, 54]",[108],[-0.19846276786135797],0.8833116658612907,COMPLETE
374,-0.2912870280532418,2025-01-10 14:25:36.317585,2025-01-10 14:25:37.533187,0 days 00:00:01.215602,0.05895967124354467,56,0.30000000000000004,36,100,8.12656920651909e-05,71,8.964428868393846e-05,3,1,sgd,"{'neurons_per_layer_encoder': [36], 'neurons_per_layer_decoder': [36, 18, 9]}",36,"[36, 18, 9]",[36],[-0.2912870280532418],0.6329282794894607,COMPLETE
375,-0.3433268666434255,2025-01-10 14:25:36.430923,2025-01-10 14:25:37.649908,0 days 00:00:01.218985,0.06060737422679221,40,0.30000000000000004,256,100,8.134735805224559e-05,280,0.00022545387526736932,3,1,sgd,"{'neurons_per_layer_encoder': [256], 'neurons_per_layer_decoder': [256, 128, 64]}",256,"[256, 128, 64]",[256],[-0.3433268666434255],0.750765444018418,COMPLETE
376,0.02570057284052063,2025-01-10 14:25:37.395938,2025-01-10 14:25:39.552386,0 days 00:00:02.156448,0.12400898135903676,40,0.4,64,100,4.076446125241039e-06,118,0.0002258408912536217,3,1,sgd,"{'neurons_per_layer_encoder': [64], 'neurons_per_layer_decoder': [64, 32, 16]}",64,"[64, 32, 16]",[64],[0.02570057284052063],0.6812183379470669,COMPLETE
377,0.005445903070308011,2025-01-10 14:25:37.418235,2025-01-10 14:25:39.552292,0 days 00:00:02.134057,0.022041836541394993,40,0.4,256,100,8.196938237769034e-05,280,0.0021393656082315613,3,1,sgd,"{'neurons_per_layer_encoder': [256], 'neurons_per_layer_decoder': [256, 128, 64]}",256,"[256, 128, 64]",[256],[0.005445903070308011],0.8143052960921303,COMPLETE
378,-0.05532375393768407,2025-01-10 14:25:37.542342,2025-01-10 14:25:39.461880,0 days 00:00:01.919538,0.02032668815464356,40,0.4,56,100,8.163624563283923e-06,109,0.00016992287773596256,3,1,adam,"{'neurons_per_layer_encoder': [56], 'neurons_per_layer_decoder': [56, 28, 14]}",56,"[56, 28, 14]",[56],[-0.05532375393768407],0.7407805982671768,COMPLETE
379,-0.2322902461142009,2025-01-10 14:25:37.657539,2025-01-10 14:25:39.233539,0 days 00:00:01.576000,0.13024897081178852,72,0.4,60,100,8.58286331868466e-06,114,0.00017565131799194568,2,1,adam,"{'neurons_per_layer_encoder': [60], 'neurons_per_layer_decoder': [60, 30]}",60,"[60, 30]",[60],[-0.2322902461142009],0.6066929982658499,COMPLETE
380,-0.08531700618652027,2025-01-10 14:25:37.777360,2025-01-10 14:25:39.153419,0 days 00:00:01.376059,0.1306576355930253,40,0.4,44,100,3.494932773031314e-05,80,0.00018560059909745942,1,1,adam,"{'neurons_per_layer_encoder': [44], 'neurons_per_layer_decoder': [44]}",44,[44],[44],[-0.08531700618652027],0.5764490020552617,COMPLETE
381,-0.1565457394937102,2025-01-10 14:25:39.160964,2025-01-10 14:25:40.781278,0 days 00:00:01.620314,0.022646968628788136,48,0.4,68,100,0.0006641687302009688,154,0.00029569781880718984,2,1,adam,"{'neurons_per_layer_encoder': [68], 'neurons_per_layer_decoder': [68, 34]}",68,"[68, 34]",[68],[-0.1565457394937102],0.8444574709347947,COMPLETE
382,-0.1554150431602257,2025-01-10 14:25:39.243393,2025-01-10 14:25:40.630048,0 days 00:00:01.386655,0.12297063549095964,48,0.4,64,100,0.00016089554939847136,134,2.1457969636897296e-05,1,1,adam,"{'neurons_per_layer_encoder': [64], 'neurons_per_layer_decoder': [64]}",64,[64],[64],[-0.1554150431602257],0.6630826111847128,COMPLETE
383,-0.140411966967817,2025-01-10 14:25:39.470333,2025-01-10 14:25:40.980642,0 days 00:00:01.510309,0.09175021633217581,48,0.4,68,100,0.00015606431929699255,154,2.047038784489446e-05,1,1,adam,"{'neurons_per_layer_encoder': [68], 'neurons_per_layer_decoder': [68]}",68,[68],[68],[-0.140411966967817],0.6916638657393973,COMPLETE
384,-0.16540695019630713,2025-01-10 14:25:39.562261,2025-01-10 14:25:41.124920,0 days 00:00:01.562659,0.023732496251325508,48,0.4,76,100,0.0006606639203316805,163,2.0790271538785248e-05,1,1,adam,"{'neurons_per_layer_encoder': [76], 'neurons_per_layer_decoder': [76]}",76,[76],[76],[-0.16540695019630713],0.8296878121698743,COMPLETE
385,-0.025768966262646797,2025-01-10 14:25:39.562530,2025-01-10 14:25:41.149165,0 days 00:00:01.586635,0.09280818482087055,104,0.4,80,100,1.4543585335622888e-05,184,0.00030776537609236384,1,1,adam,"{'neurons_per_layer_encoder': [80], 'neurons_per_layer_decoder': [80]}",80,[80],[80],[-0.025768966262646797],0.43758837656926647,COMPLETE
386,-0.12042928450095225,2025-01-10 14:25:40.638445,2025-01-10 14:25:42.256573,0 days 00:00:01.618128,0.09239572104198182,72,0.4,72,100,1.4748854887059841e-05,143,0.00030363148082128454,2,1,adam,"{'neurons_per_layer_encoder': [72], 'neurons_per_layer_decoder': [72, 36]}",72,"[72, 36]",[72],[-0.12042928450095225],0.5149028519023412,COMPLETE
387,-0.2930603205576394,2025-01-10 14:25:40.791517,2025-01-10 14:25:42.704554,0 days 00:00:01.913037,0.04032329146458092,72,0.4,80,100,1.5149610851417383e-05,184,4.0622339759794285e-05,1,1,adam,"{'neurons_per_layer_encoder': [80], 'neurons_per_layer_decoder': [80]}",80,[80],[80],[-0.2930603205576394],0.6241495540295503,COMPLETE
388,0.018123708086764223,2025-01-10 14:25:40.989378,2025-01-10 14:25:43.477490,0 days 00:00:02.488112,0.05260967739283973,64,0.30000000000000004,76,100,1.5354116951144734e-05,163,4.068585122367735e-05,1,1,adam,"{'neurons_per_layer_encoder': [76], 'neurons_per_layer_decoder': [76]}",76,[76],[76],[0.018123708086764223],0.48735118742199424,COMPLETE
389,0.0352174519808931,2025-01-10 14:25:41.133098,2025-01-10 14:25:43.708197,0 days 00:00:02.575099,0.0529595722741661,72,0.30000000000000004,224,100,1.3278283541014803e-05,248,1.5004991937335912e-05,1,1,adam,"{'neurons_per_layer_encoder': [224], 'neurons_per_layer_decoder': [224]}",224,[224],[224],[0.0352174519808931],0.5535391105192103,COMPLETE
390,0.008721555073366138,2025-01-10 14:25:41.161299,2025-01-10 14:25:43.598371,0 days 00:00:02.437072,0.04042612825419036,64,0.2,48,100,2.959199182331901e-05,84,3.967663316064377e-05,1,1,adadelta,"{'neurons_per_layer_encoder': [48], 'neurons_per_layer_decoder': [48]}",48,[48],[48],[0.008721555073366138],0.6647679572088575,COMPLETE
391,-0.19024675569497762,2025-01-10 14:25:42.265575,2025-01-10 14:25:43.739192,0 days 00:00:01.473617,0.052231744060404844,32,0.1,100,100,0.0008543329755484908,204,4.2695674241063673e-05,1,1,adadelta,"{'neurons_per_layer_encoder': [100], 'neurons_per_layer_decoder': [100]}",100,[100],[100],[-0.19024675569497762],0.8581584976854979,COMPLETE
392,-0.25824223970054105,2025-01-10 14:25:42.713058,2025-01-10 14:25:44.314399,0 days 00:00:01.601341,0.10918794730899964,96,0.1,224,100,0.0005469822641426072,248,6.284254813143409e-05,2,1,adadelta,"{'neurons_per_layer_encoder': [224], 'neurons_per_layer_decoder': [224, 112]}",224,"[224, 112]",[224],[-0.25824223970054105],0.9135654553019139,COMPLETE
393,-0.3867279559001098,2025-01-10 14:25:43.486272,2025-01-10 14:25:45.242181,0 days 00:00:01.755909,0.10992614333472857,32,0.2,224,100,0.0008648727096110196,248,5.98746301014672e-05,2,1,adadelta,"{'neurons_per_layer_encoder': [224], 'neurons_per_layer_decoder': [224, 112]}",224,"[224, 112]",[224],[-0.3867279559001098],0.9347701876199883,COMPLETE
394,-0.5180075602807783,2025-01-10 14:25:43.607297,2025-01-10 14:25:44.622058,0 days 00:00:01.014761,0.10920985142956367,32,0.1,56,100,0.0005100584170046182,93,6.370344441962728e-05,2,1,sgd,"{'neurons_per_layer_encoder': [56], 'neurons_per_layer_decoder': [56, 28]}",56,"[56, 28]",[56],[-0.5180075602807783],0.7673615250641055,COMPLETE
395,-0.18311973265263037,2025-01-10 14:25:43.719190,2025-01-10 14:25:44.729911,0 days 00:00:01.010721,0.10741468707613469,32,0.1,56,100,0.0005122315541430994,93,6.45516520757588e-05,2,1,sgd,"{'neurons_per_layer_encoder': [56], 'neurons_per_layer_decoder': [56, 28]}",56,"[56, 28]",[56],[-0.18311973265263037],0.7749995440693458,COMPLETE
396,-0.2528238065076731,2025-01-10 14:25:43.754846,2025-01-10 14:25:45.318201,0 days 00:00:01.563355,0.10775678394228363,80,0.2,16,100,0.000541005576237946,17,6.464435347705612e-05,2,1,sgd,"{'neurons_per_layer_encoder': [16], 'neurons_per_layer_decoder': [16, 8]}",16,"[16, 8]",[16],[-0.2528238065076731],0.7172789548832348,COMPLETE
397,-0.06453616723375455,2025-01-10 14:25:44.322942,2025-01-10 14:25:45.218070,0 days 00:00:00.895128,0.01806260440591547,120,0.2,56,100,1.1098345941700402e-05,93,7.57398985492544e-05,1,1,sgd,"{'neurons_per_layer_encoder': [56], 'neurons_per_layer_decoder': [56]}",56,[56],[56],[-0.06453616723375455],0.7443919334102123,COMPLETE
398,0.0852183919713636,2025-01-10 14:25:44.629790,2025-01-10 14:25:46.439450,0 days 00:00:01.809660,0.11964506475195541,80,0.2,44,100,4.459022762463756e-06,80,7.076109252461504e-05,3,1,sgd,"{'neurons_per_layer_encoder': [44], 'neurons_per_layer_decoder': [44, 22, 11]}",44,"[44, 22, 11]",[44],[0.0852183919713636],0.7195725962263805,COMPLETE
399,-0.2226659848610113,2025-01-10 14:25:44.738144,2025-01-10 14:25:46.509121,0 days 00:00:01.770977,0.12117127756245023,80,0.2,44,100,4.5909452688207175e-05,80,7.694720758552594e-05,3,1,adam,"{'neurons_per_layer_encoder': [44], 'neurons_per_layer_decoder': [44, 22, 11]}",44,"[44, 22, 11]",[44],[-0.2226659848610113],0.7308211182906306,COMPLETE
400,-0.22368844529394316,2025-01-10 14:25:45.228432,2025-01-10 14:25:47.073398,0 days 00:00:01.844966,0.010671645040819314,48,0.4,144,100,0.0005846309869045755,344,5.1524471388557335e-05,3,1,adam,"{'neurons_per_layer_encoder': [144], 'neurons_per_layer_decoder': [144, 72, 36]}",144,"[144, 72, 36]",[144],[-0.22368844529394316],0.9093424890293904,COMPLETE
401,-0.09948306483893243,2025-01-10 14:25:45.257670,2025-01-10 14:25:47.052034,0 days 00:00:01.794364,0.06578442579522417,80,0.4,216,100,4.686868639053065e-05,240,5.3799001918158616e-05,3,1,adam,"{'neurons_per_layer_encoder': [216], 'neurons_per_layer_decoder': [216, 108, 54]}",216,"[216, 108, 54]",[216],[-0.09948306483893243],0.7584178406581812,COMPLETE
402,-0.0432206011804348,2025-01-10 14:25:45.329186,2025-01-10 14:25:48.690646,0 days 00:00:03.361460,0.03091034974389145,48,0.30000000000000004,208,100,1.157227957628058e-06,232,9.690020964543244e-05,3,1,adam,"{'neurons_per_layer_encoder': [208], 'neurons_per_layer_decoder': [208, 104, 52]}",208,"[208, 104, 52]",[208],[-0.0432206011804348],0.43247766767269014,COMPLETE
403,-0.4026681005869379,2025-01-10 14:25:46.447056,2025-01-10 14:25:47.553095,0 days 00:00:01.106039,0.12286611874042241,48,0.30000000000000004,44,100,3.1429837239293063e-06,80,5.1888539503676686e-05,3,1,sgd,"{'neurons_per_layer_encoder': [44], 'neurons_per_layer_decoder': [44, 22, 11]}",44,"[44, 22, 11]",[44],[-0.4026681005869379],0.5480613593537108,COMPLETE
404,-0.34623448936271517,2025-01-10 14:25:46.517241,2025-01-10 14:25:47.429926,0 days 00:00:00.912685,0.13461521992586287,104,0.2,40,100,4.159062871789939e-06,60,5.210801884620607e-05,1,1,sgd,"{'neurons_per_layer_encoder': [40], 'neurons_per_layer_decoder': [40]}",40,[40],[40],[-0.34623448936271517],0.728302781704763,COMPLETE
405,-0.5757860688290388,2025-01-10 14:25:47.059843,2025-01-10 14:25:48.799249,0 days 00:00:01.739406,0.010554734542581384,48,0.2,40,100,5.422620949008424e-05,60,5.154363499748201e-05,1,1,sgd,"{'neurons_per_layer_encoder': [40], 'neurons_per_layer_decoder': [40]}",40,[40],[40],[-0.5757860688290388],0.7010180724145636,COMPLETE
406,-0.14804835714384312,2025-01-10 14:25:47.322908,2025-01-10 14:25:48.428003,0 days 00:00:01.105095,0.11744090155824638,40,0.2,28,100,2.9791189015655112e-06,46,8.363992735505155e-05,1,1,sgd,"{'neurons_per_layer_encoder': [28], 'neurons_per_layer_decoder': [28]}",28,[28],[28],[-0.14804835714384312],0.5348487348348527,COMPLETE
407,0.045623144042493124,2025-01-10 14:25:47.438202,2025-01-10 14:25:48.382595,0 days 00:00:00.944393,0.1157388019863763,40,0.2,44,100,0.0006861869361944989,80,8.098261473380609e-05,1,1,sgd,"{'neurons_per_layer_encoder': [44], 'neurons_per_layer_decoder': [44]}",44,[44],[44],[0.045623144042493124],0.8129962486166825,COMPLETE
408,0.47220218374666223,2025-01-10 14:25:47.562264,2025-01-10 14:25:49.599164,0 days 00:00:02.036900,0.11969474323819972,40,0.2,40,100,3.754856617267515e-06,76,1.3320879640603373e-05,1,1,sgd,"{'neurons_per_layer_encoder': [40], 'neurons_per_layer_decoder': [40]}",40,[40],[40],[0.47220218374666223],0.8450530794537293,COMPLETE
409,0.15379757076361267,2025-01-10 14:25:48.391004,2025-01-10 14:25:49.558078,0 days 00:00:01.167074,0.07324796328897394,72,0.2,28,100,3.8131044446098663e-06,30,9.117046706526371e-05,1,1,sgd,"{'neurons_per_layer_encoder': [28], 'neurons_per_layer_decoder': [28]}",28,[28],[28],[0.15379757076361267],0.7456686416437979,COMPLETE
410,0.14810675655654315,2025-01-10 14:25:48.438681,2025-01-10 14:25:49.986056,0 days 00:00:01.547375,0.133091565737014,72,0.2,52,100,3.763671565469975e-06,105,1.291369762572693e-05,1,1,sgd,"{'neurons_per_layer_encoder': [52], 'neurons_per_layer_decoder': [52]}",52,[52],[52],[0.14810675655654315],0.7921503491692243,COMPLETE
411,0.038343102460816736,2025-01-10 14:25:48.700259,2025-01-10 14:25:49.754537,0 days 00:00:01.054278,0.12910310574926162,72,0.2,48,100,1.896458621301602e-05,84,3.504583768993945e-05,1,1,sgd,"{'neurons_per_layer_encoder': [48], 'neurons_per_layer_decoder': [48]}",48,[48],[48],[0.038343102460816736],0.7707422690898673,COMPLETE
412,-0.2874629671487272,2025-01-10 14:25:48.809594,2025-01-10 14:25:50.590242,0 days 00:00:01.780648,0.11779313609734797,72,0.2,52,100,3.958111394421257e-06,105,7.17829186922267e-05,1,1,sgd,"{'neurons_per_layer_encoder': [52], 'neurons_per_layer_decoder': [52]}",52,[52],[52],[-0.2874629671487272],0.5110888948318316,COMPLETE
413,0.13805617620106003,2025-01-10 14:25:49.566965,2025-01-10 14:25:51.617491,0 days 00:00:02.050526,0.0727740019272589,72,0.2,28,100,3.830355884343607e-06,30,0.005131135705431962,1,1,sgd,"{'neurons_per_layer_encoder': [28], 'neurons_per_layer_decoder': [28]}",28,[28],[28],[0.13805617620106003],0.7792476020869562,COMPLETE
414,-0.40709056877090366,2025-01-10 14:25:49.612870,2025-01-10 14:25:51.673139,0 days 00:00:02.060269,0.0830400787764861,72,0.2,24,100,3.570676720544204e-06,42,1.7630569450658315e-05,1,1,sgd,"{'neurons_per_layer_encoder': [24], 'neurons_per_layer_decoder': [24]}",24,[24],[24],[-0.40709056877090366],0.7105054581110404,COMPLETE
415,-0.04270934145752836,2025-01-10 14:25:49.762331,2025-01-10 14:25:50.676967,0 days 00:00:00.914636,0.06564234789780926,72,0.2,24,100,3.570646584014469e-06,26,1.09891112773045e-05,1,1,sgd,"{'neurons_per_layer_encoder': [24], 'neurons_per_layer_decoder': [24]}",24,[24],[24],[-0.04270934145752836],0.7278690451196554,COMPLETE
416,0.31718762732494,2025-01-10 14:25:49.995001,2025-01-10 14:25:52.167923,0 days 00:00:02.172922,0.07287407858759366,72,0.2,28,100,3.5047862285324342e-06,109,1.2028738388354021e-05,1,2,sgd,"{'neurons_per_layer_encoder': [28, 56], 'neurons_per_layer_decoder': [56]}",28,[56],"[28, 56]",[0.31718762732494],0.8025132586090897,COMPLETE
417,-0.3442901026638383,2025-01-10 14:25:50.602612,2025-01-10 14:25:51.518571,0 days 00:00:00.915959,0.1347317647960751,72,0.2,28,100,2.7009361219064382e-06,46,1.220265699638049e-05,1,1,sgd,"{'neurons_per_layer_encoder': [28], 'neurons_per_layer_decoder': [28]}",28,[28],[28],[-0.3442901026638383],0.6686719230215338,COMPLETE
418,-0.561429722822554,2025-01-10 14:25:50.685134,2025-01-10 14:25:52.742537,0 days 00:00:02.057403,0.07364164959798648,72,0.2,28,100,2.384167954320939e-06,46,1.181398398169606e-05,1,1,sgd,"{'neurons_per_layer_encoder': [28], 'neurons_per_layer_decoder': [28]}",28,[28],[28],[-0.561429722822554],0.5808360828704985,COMPLETE
419,-0.3656814590803541,2025-01-10 14:25:51.526658,2025-01-10 14:25:52.951063,0 days 00:00:01.424405,0.0835635037649106,64,0.2,36,100,2.5099901765139017e-06,71,0.00048230443297051477,1,1,sgd,"{'neurons_per_layer_encoder': [36], 'neurons_per_layer_decoder': [36]}",36,[36],[36],[-0.3656814590803541],0.671250819784107,COMPLETE
420,-0.5960780719752152,2025-01-10 14:25:51.627319,2025-01-10 14:25:52.538755,0 days 00:00:00.911436,0.06708332915686308,72,0.2,28,100,3.3006448775767785e-06,30,1.4767757086409055e-05,1,1,sgd,"{'neurons_per_layer_encoder': [28], 'neurons_per_layer_decoder': [28]}",28,[28],[28],[-0.5960780719752152],0.6137302403263111,COMPLETE
421,0.39018990880576143,2025-01-10 14:25:51.687923,2025-01-10 14:25:53.816476,0 days 00:00:02.128553,0.07296485098890648,72,0.2,32,100,3.1063604715858854e-06,102,1.4272718324724562e-05,1,2,sgd,"{'neurons_per_layer_encoder': [32, 64], 'neurons_per_layer_decoder': [64]}",32,[64],"[32, 64]",[0.39018990880576143],0.8044972202761324,COMPLETE
