number,value,datetime_start,datetime_complete,duration,params_alpha,params_batch_size,params_drop_out_rate,params_encoder_neurons_layer_1,params_epochs,params_lambda,params_latent_dim,params_learning_rate,params_num_layers_decoder,params_num_layers_encoder,params_optimizer,user_attrs_encoder_decoder_config,user_attrs_first_layer_neurons,user_attrs_neurons_per_layer_decoder,user_attrs_neurons_per_layer_encoder,user_attrs_r2_feature_1,user_attrs_relative_deterioration,state
1444,-0.32533598706730693,2025-01-11 00:21:57.311333,2025-01-11 00:21:58.256540,0 days 00:00:00.945207,0.19115638267854757,40,0.2,20,100,1.9642871651130525e-06,22,2.6957184586228395e-05,1,1,sgd,"{'neurons_per_layer_encoder': [20], 'neurons_per_layer_decoder': [20]}",20,[20],[20],[-0.32533598706730693],0.6658545143542403,COMPLETE
1445,0.17724592074759749,2025-01-11 00:21:57.502086,2025-01-11 00:21:59.935930,0 days 00:00:02.433844,0.18128019849863858,88,0.2,20,100,1.884500568390808e-06,22,2.4860569741277915e-05,1,1,adadelta,"{'neurons_per_layer_encoder': [20], 'neurons_per_layer_decoder': [20]}",20,[20],[20],[0.17724592074759749],0.8002853791062469,COMPLETE
1446,0.0280559637742841,2025-01-11 00:21:57.793882,2025-01-11 00:21:59.092681,0 days 00:00:01.298799,0.17135719110360376,72,0.2,20,100,1.8774971129081186e-06,22,2.7694683101259216e-05,1,1,adadelta,"{'neurons_per_layer_encoder': [20], 'neurons_per_layer_decoder': [20]}",20,[20],[20],[0.0280559637742841],0.6292149480108606,COMPLETE
1447,-0.6477914919981131,2025-01-11 00:21:58.095269,2025-01-11 00:22:00.243464,0 days 00:00:02.148195,0.18911736200213108,32,0.2,16,100,1.8593735411003164e-06,17,2.6144442786753097e-05,1,1,adadelta,"{'neurons_per_layer_encoder': [16], 'neurons_per_layer_decoder': [16]}",16,[16],[16],[-0.6477914919981131],0.42163471067895036,COMPLETE
1448,-1.0109098054198724,2025-01-11 00:21:58.265590,2025-01-11 00:21:59.779567,0 days 00:00:01.513977,0.19894678949378486,40,0.2,16,100,1.2457681795945588e-06,17,2.6632554582407658e-05,1,1,adadelta,"{'neurons_per_layer_encoder': [16], 'neurons_per_layer_decoder': [16]}",16,[16],[16],[-1.0109098054198724],0.4565059911025355,COMPLETE
1449,-0.013917954919448361,2025-01-11 00:21:58.331866,2025-01-11 00:22:00.150912,0 days 00:00:01.819046,0.17043164145471212,32,0.2,12,100,7.178651659004282e-05,13,2.5971376502587583e-05,1,1,adadelta,"{'neurons_per_layer_encoder': [12], 'neurons_per_layer_decoder': [12]}",12,[12],[12],[-0.013917954919448361],0.6592796079258247,COMPLETE
1450,0.2236105853742063,2025-01-11 00:21:59.101841,2025-01-11 00:22:00.994788,0 days 00:00:01.892947,0.17763999324561003,40,0.2,12,100,1.20110540018998e-06,13,2.5560538475863202e-05,1,1,adadelta,"{'neurons_per_layer_encoder': [12], 'neurons_per_layer_decoder': [12]}",12,[12],[12],[0.2236105853742063],0.7722681073132912,COMPLETE
1451,-0.18522764637685762,2025-01-11 00:21:59.789590,2025-01-11 00:22:02.040755,0 days 00:00:02.251165,0.17638589147699701,40,0.2,12,100,6.050488028986463e-05,13,1.1275459415844322e-05,1,1,adadelta,"{'neurons_per_layer_encoder': [12], 'neurons_per_layer_decoder': [12]}",12,[12],[12],[-0.18522764637685762],0.6634862678161367,COMPLETE
1452,-0.35460378910296986,2025-01-11 00:21:59.946113,2025-01-11 00:22:01.677245,0 days 00:00:01.731132,0.17424507416233442,40,0.2,12,100,1.1450677873156314e-06,13,0.0008921257083893853,1,1,adadelta,"{'neurons_per_layer_encoder': [12], 'neurons_per_layer_decoder': [12]}",12,[12],[12],[-0.35460378910296986],0.6192008578469541,COMPLETE
1453,-0.20969936177515192,2025-01-11 00:22:00.159613,2025-01-11 00:22:02.721127,0 days 00:00:02.561514,0.18103766412323136,40,0.2,12,100,1.128325095525673e-06,13,1.000715160459235e-05,1,1,adadelta,"{'neurons_per_layer_encoder': [12], 'neurons_per_layer_decoder': [12]}",12,[12],[12],[-0.20969936177515192],0.49005357655917753,COMPLETE
1454,0.14240068253257332,2025-01-11 00:22:00.254179,2025-01-11 00:22:02.367614,0 days 00:00:02.113435,0.16792773918249182,40,0.2,12,100,0.000295720842821666,13,1.1734448157523854e-05,1,1,sgd,"{'neurons_per_layer_encoder': [12], 'neurons_per_layer_decoder': [12]}",12,[12],[12],[0.14240068253257332],0.7822564701318372,COMPLETE
1455,-0.2527293643823125,2025-01-11 00:22:01.005218,2025-01-11 00:22:02.580141,0 days 00:00:01.574923,0.19941511791247882,40,0.2,24,100,2.49481344886544e-06,26,1.2742571491562774e-05,1,1,sgd,"{'neurons_per_layer_encoder': [24], 'neurons_per_layer_decoder': [24]}",24,[24],[24],[-0.2527293643823125],0.6204145830068455,COMPLETE
1456,-0.07495423587204342,2025-01-11 00:22:01.687115,2025-01-11 00:22:02.661991,0 days 00:00:00.974876,0.09159820187581555,40,0.2,48,100,2.525666948324323e-06,68,1.1609118621164856e-05,1,1,sgd,"{'neurons_per_layer_encoder': [48], 'neurons_per_layer_decoder': [48]}",48,[48],[48],[-0.07495423587204342],0.6689596442760333,COMPLETE
1457,-0.7609098119562829,2025-01-11 00:22:02.050279,2025-01-11 00:22:03.484619,0 days 00:00:01.434340,0.16565268147082227,40,0.2,24,100,2.557325705151672e-06,42,1.005945695637807e-05,1,1,sgd,"{'neurons_per_layer_encoder': [24], 'neurons_per_layer_decoder': [24]}",24,[24],[24],[-0.7609098119562829],0.5645319440613703,COMPLETE
1458,0.06513592399920021,2025-01-11 00:22:02.377060,2025-01-11 00:22:04.335673,0 days 00:00:01.958613,0.09319013806712277,40,0.2,48,100,0.00019374216451330896,68,1.356362615323468e-05,1,1,sgd,"{'neurons_per_layer_encoder': [48], 'neurons_per_layer_decoder': [48]}",48,[48],[48],[0.06513592399920021],0.7913278430871855,COMPLETE
1459,-0.7131293812751898,2025-01-11 00:22:02.589383,2025-01-11 00:22:03.742493,0 days 00:00:01.153110,0.16051980449258205,32,0.2,40,100,1.573703120910711e-06,60,1.4671117617650442e-05,1,1,sgd,"{'neurons_per_layer_encoder': [40], 'neurons_per_layer_decoder': [40]}",40,[40],[40],[-0.7131293812751898],0.40560195494752166,COMPLETE
1460,-0.1918998142343613,2025-01-11 00:22:02.672103,2025-01-11 00:22:03.663533,0 days 00:00:00.991430,0.16342562046416015,72,0.2,36,100,1.5695680589821378e-06,71,1.3306348026016445e-05,1,1,sgd,"{'neurons_per_layer_encoder': [36], 'neurons_per_layer_decoder': [36]}",36,[36],[36],[-0.1918998142343613],0.6677210594988131,COMPLETE
1461,-0.30967944953637594,2025-01-11 00:22:02.734731,2025-01-11 00:22:04.189002,0 days 00:00:01.454271,0.03304593797586277,40,0.30000000000000004,44,100,1.4788350130292434e-06,80,1.4004079028321771e-05,1,1,sgd,"{'neurons_per_layer_encoder': [44], 'neurons_per_layer_decoder': [44]}",44,[44],[44],[-0.30967944953637594],0.7076203745459024,COMPLETE
1462,-0.16291486333740002,2025-01-11 00:22:03.494725,2025-01-11 00:22:04.432420,0 days 00:00:00.937695,0.19978823684717967,40,0.30000000000000004,40,100,1.4347690106360345e-06,60,1.4529101540215885e-05,1,1,sgd,"{'neurons_per_layer_encoder': [40], 'neurons_per_layer_decoder': [40]}",40,[40],[40],[-0.16291486333740002],0.6970386865807787,COMPLETE
1463,-0.08577938572577448,2025-01-11 00:22:03.673220,2025-01-11 00:22:05.504509,0 days 00:00:01.831289,0.18468262803447497,40,0.30000000000000004,44,100,1.3620260447203239e-06,80,1.449524675573627e-05,1,1,adadelta,"{'neurons_per_layer_encoder': [44], 'neurons_per_layer_decoder': [44]}",44,[44],[44],[-0.08577938572577448],0.6903583931393983,COMPLETE
1464,-0.601887125799629,2025-01-11 00:22:03.752239,2025-01-11 00:22:05.101117,0 days 00:00:01.348878,0.17625357860249807,40,0.30000000000000004,16,100,1.3808895910337772e-06,17,1.4893832883936025e-05,1,1,adadelta,"{'neurons_per_layer_encoder': [16], 'neurons_per_layer_decoder': [16]}",16,[16],[16],[-0.601887125799629],0.1891787853940446,COMPLETE
1465,-0.6680568647613552,2025-01-11 00:22:04.197560,2025-01-11 00:22:05.730761,0 days 00:00:01.533201,0.18466095303125374,72,0.2,16,100,2.224181092838082e-06,17,1.4725520194845684e-05,1,1,adadelta,"{'neurons_per_layer_encoder': [16], 'neurons_per_layer_decoder': [16]}",16,[16],[16],[-0.6680568647613552],0.5750530035601175,COMPLETE
1466,-0.3719001015994967,2025-01-11 00:22:04.345899,2025-01-11 00:22:05.661725,0 days 00:00:01.315826,0.17872115645933404,72,0.2,24,100,1.3541761907164386e-06,42,1.133572015525427e-05,1,1,adadelta,"{'neurons_per_layer_encoder': [24], 'neurons_per_layer_decoder': [24]}",24,[24],[24],[-0.3719001015994967],0.59252968464219,COMPLETE
1467,-1.0734599563390863,2025-01-11 00:22:04.442183,2025-01-11 00:22:06.700923,0 days 00:00:02.258740,0.18283485129729618,40,0.2,16,100,2.921538216520364e-06,17,0.0012423577103350169,1,1,adadelta,"{'neurons_per_layer_encoder': [16], 'neurons_per_layer_decoder': [16]}",16,[16],[16],[-1.0734599563390863],0.5312969412995406,COMPLETE
1468,-0.26135522559449087,2025-01-11 00:22:05.109879,2025-01-11 00:22:06.471794,0 days 00:00:01.361915,0.15912329191278685,40,0.2,28,100,0.00011990752222434095,30,1.1339758726956152e-05,1,1,adadelta,"{'neurons_per_layer_encoder': [28], 'neurons_per_layer_decoder': [28]}",28,[28],[28],[-0.26135522559449087],0.72874969267172,COMPLETE
1469,-0.3693467865360127,2025-01-11 00:22:05.514543,2025-01-11 00:22:06.866889,0 days 00:00:01.352346,0.14539062277073694,40,0.2,8,100,2.1111593831861727e-06,8,1.00137296622105e-05,1,1,adadelta,"{'neurons_per_layer_encoder': [8], 'neurons_per_layer_decoder': [8]}",8,[8],[8],[-0.3693467865360127],0.74642866943674,COMPLETE
1470,-0.15308550574195068,2025-01-11 00:22:05.671624,2025-01-11 00:22:07.472962,0 days 00:00:01.801338,0.15813523736035034,40,0.2,8,100,0.0002401442608128129,8,2.333605814976387e-05,1,1,adadelta,"{'neurons_per_layer_encoder': [8], 'neurons_per_layer_decoder': [8]}",8,[8],[8],[-0.15308550574195068],0.5859088140137526,COMPLETE
1471,0.1785678045013983,2025-01-11 00:22:05.746943,2025-01-11 00:22:07.508039,0 days 00:00:01.761096,0.15915675582948835,40,0.2,8,100,1.7206378000773339e-06,8,1.1548579127691143e-05,1,1,adadelta,"{'neurons_per_layer_encoder': [8], 'neurons_per_layer_decoder': [8]}",8,[8],[8],[0.1785678045013983],0.7159287653920389,COMPLETE
1472,-0.4147845147146869,2025-01-11 00:22:06.480795,2025-01-11 00:22:08.025094,0 days 00:00:01.544299,0.1161872879942325,32,0.2,8,100,2.90490905372154e-06,8,2.2569231767284747e-05,1,1,sgd,"{'neurons_per_layer_encoder': [8], 'neurons_per_layer_decoder': [8]}",8,[8],[8],[-0.4147845147146869],0.7249745133782455,COMPLETE
1473,-0.11587966155427076,2025-01-11 00:22:06.711111,2025-01-11 00:22:07.659510,0 days 00:00:00.948399,0.10798759884702955,32,0.2,8,100,2.1133162167092945e-06,8,0.00022767169827720324,1,1,sgd,"{'neurons_per_layer_encoder': [8], 'neurons_per_layer_decoder': [8]}",8,[8],[8],[-0.11587966155427076],0.6763720328291132,COMPLETE
1474,-0.4144154495836896,2025-01-11 00:22:06.877154,2025-01-11 00:22:08.669808,0 days 00:00:01.792654,0.11699643117667397,64,0.2,8,100,0.00021824489605317687,8,8.15245970148179e-05,1,1,sgd,"{'neurons_per_layer_encoder': [8], 'neurons_per_layer_decoder': [8]}",8,[8],[8],[-0.4144154495836896],0.7821229546211612,COMPLETE
1475,-0.4812820709798036,2025-01-11 00:22:07.483156,2025-01-11 00:22:08.413396,0 days 00:00:00.930240,0.1414846269273998,32,0.2,32,100,1.6310079287249047e-06,51,0.001587432152049595,1,1,sgd,"{'neurons_per_layer_encoder': [32], 'neurons_per_layer_decoder': [32]}",32,[32],[32],[-0.4812820709798036],0.658665071587928,COMPLETE
1476,-0.6746084835547774,2025-01-11 00:22:07.519510,2025-01-11 00:22:09.547641,0 days 00:00:02.028131,0.1428422982357861,64,0.2,28,100,2.1361037824799184e-06,30,1.2695028107793033e-05,1,1,sgd,"{'neurons_per_layer_encoder': [28], 'neurons_per_layer_decoder': [28]}",28,[28],[28],[-0.6746084835547774],0.498257556884609,COMPLETE
1477,-0.025509016029753084,2025-01-11 00:22:07.669762,2025-01-11 00:22:08.854224,0 days 00:00:01.184462,0.018806243343915553,64,0.2,32,100,2.9000735196115054e-06,51,8.418669417980542e-05,1,1,sgd,"{'neurons_per_layer_encoder': [32], 'neurons_per_layer_decoder': [32]}",32,[32],[32],[-0.025509016029753084],0.703740434725894,COMPLETE
1478,-0.039317475461255524,2025-01-11 00:22:08.034102,2025-01-11 00:22:10.138474,0 days 00:00:02.104372,0.14219523862519448,64,0.2,28,100,1.849391726111368e-06,30,9.043230545429737e-05,1,1,sgd,"{'neurons_per_layer_encoder': [28], 'neurons_per_layer_decoder': [28]}",28,[28],[28],[-0.039317475461255524],0.6455663661671934,COMPLETE
1479,0.29948916190924146,2025-01-11 00:22:08.423577,2025-01-11 00:22:10.518379,0 days 00:00:02.094802,0.043061493998154815,64,0.2,24,100,1.7028919369604305e-06,42,8.274882888096544e-05,1,1,sgd,"{'neurons_per_layer_encoder': [24], 'neurons_per_layer_decoder': [24]}",24,[24],[24],[0.29948916190924146],0.7553449211718756,COMPLETE
1480,-0.1621883150211414,2025-01-11 00:22:08.680443,2025-01-11 00:22:10.088858,0 days 00:00:01.408415,0.16921814999942086,64,0.2,24,100,1.008449868911632e-06,42,0.0007378475657398469,1,1,adadelta,"{'neurons_per_layer_encoder': [24], 'neurons_per_layer_decoder': [24]}",24,[24],[24],[-0.1621883150211414],0.8133867520848995,COMPLETE
1481,0.2720318120305911,2025-01-11 00:22:08.864488,2025-01-11 00:22:11.456917,0 days 00:00:02.592429,0.16646036928769056,64,0.2,20,100,2.2849904816738768e-06,22,1.674231066242886e-05,1,1,adadelta,"{'neurons_per_layer_encoder': [20], 'neurons_per_layer_decoder': [20]}",20,[20],[20],[0.2720318120305911],0.7724719554168977,COMPLETE
1482,0.46960860821976413,2025-01-11 00:22:09.557800,2025-01-11 00:22:12.253440,0 days 00:00:02.695640,0.028511469910019398,80,0.2,24,100,1.7177614756864408e-06,42,1.7393799803910212e-05,1,1,adadelta,"{'neurons_per_layer_encoder': [24], 'neurons_per_layer_decoder': [24]}",24,[24],[24],[0.46960860821976413],0.7838969231487285,COMPLETE
1483,-0.08971209969269212,2025-01-11 00:22:10.098710,2025-01-11 00:22:12.075207,0 days 00:00:01.976497,0.028900444696014042,72,0.2,60,100,1.7869404469682027e-06,408,1.6667164256283666e-05,1,3,adadelta,"{'neurons_per_layer_encoder': [60, 120, 240], 'neurons_per_layer_decoder': [240]}",60,[240],"[60, 120, 240]",[-0.08971209969269212],0.73788875842367,COMPLETE
1484,0.03701360213619043,2025-01-11 00:22:10.149843,2025-01-11 00:22:14.406962,0 days 00:00:04.257119,0.16646335197282483,80,0.2,184,100,2.371120796905753e-06,1688,1.627311032197538e-05,1,3,adadelta,"{'neurons_per_layer_encoder': [184, 368, 736], 'neurons_per_layer_decoder': [736]}",184,[736],"[184, 368, 736]",[0.03701360213619043],0.6911133040131963,COMPLETE
1485,-0.17613219968472094,2025-01-11 00:22:10.529686,2025-01-11 00:22:13.314953,0 days 00:00:02.785267,0.16582297504082388,72,0.2,16,100,2.4440465502043817e-06,134,1.6240421520121783e-05,1,3,adadelta,"{'neurons_per_layer_encoder': [16, 32, 64], 'neurons_per_layer_decoder': [64]}",16,[64],"[16, 32, 64]",[-0.17613219968472094],0.5924955044728817,COMPLETE
1486,-0.18524942371189135,2025-01-11 00:22:11.469627,2025-01-11 00:22:13.435368,0 days 00:00:01.965741,0.038558773843760684,72,0.2,16,100,2.5266040313663866e-06,134,1.2822059263651558e-05,1,3,adadelta,"{'neurons_per_layer_encoder': [16, 32, 64], 'neurons_per_layer_decoder': [64]}",16,[64],"[16, 32, 64]",[-0.18524942371189135],0.6154122656674765,COMPLETE
1487,-0.051336735476521955,2025-01-11 00:22:12.084632,2025-01-11 00:22:13.576185,0 days 00:00:01.491553,0.1316075874206985,80,0.2,16,100,2.3612499792317496e-06,17,1.2603290576515926e-05,1,1,adadelta,"{'neurons_per_layer_encoder': [16], 'neurons_per_layer_decoder': [16]}",16,[16],[16],[-0.051336735476521955],0.6341821333696167,COMPLETE
1488,-1.519796387867392,2025-01-11 00:22:12.263086,2025-01-11 00:22:13.792781,0 days 00:00:01.529695,0.020392207162810018,80,0.2,20,100,1.5651051348702074e-06,22,1.8992304438985364e-05,1,1,adadelta,"{'neurons_per_layer_encoder': [20], 'neurons_per_layer_decoder': [20]}",20,[20],[20],[-1.519796387867392],0.5238174672966379,COMPLETE
1489,-0.47573711261652907,2025-01-11 00:22:13.324397,2025-01-11 00:22:15.510454,0 days 00:00:02.186057,0.02371356523394605,80,0.2,24,100,1.6202045382943671e-06,42,2.0138136307646176e-05,1,1,adadelta,"{'neurons_per_layer_encoder': [24], 'neurons_per_layer_decoder': [24]}",24,[24],[24],[-0.47573711261652907],0.5928406071526793,COMPLETE
1490,-0.3491541074212543,2025-01-11 00:22:13.446269,2025-01-11 00:22:14.849722,0 days 00:00:01.403453,0.15436426892586727,80,0.2,24,100,1.5283302253622513e-06,42,1.901626543766744e-05,1,1,adadelta,"{'neurons_per_layer_encoder': [24], 'neurons_per_layer_decoder': [24]}",24,[24],[24],[-0.3491541074212543],0.6317389162090126,COMPLETE
1491,-0.0759886864220991,2025-01-11 00:22:13.802594,2025-01-11 00:22:15.182001,0 days 00:00:01.379407,0.15272579332180267,88,0.2,24,100,1.7513845371448863e-06,42,1.8574698555472926e-05,1,1,adadelta,"{'neurons_per_layer_encoder': [24], 'neurons_per_layer_decoder': [24]}",24,[24],[24],[-0.0759886864220991],0.6667974912532254,COMPLETE
1492,-0.3118661823290818,2025-01-11 00:22:14.417493,2025-01-11 00:22:15.707315,0 days 00:00:01.289822,0.01947579074317769,80,0.2,24,100,1.7025300309777736e-06,42,1.8833981097178885e-05,1,1,adadelta,"{'neurons_per_layer_encoder': [24], 'neurons_per_layer_decoder': [24]}",24,[24],[24],[-0.3118661823290818],0.6830736864749671,COMPLETE
1493,-0.23618351584487685,2025-01-11 00:22:14.859210,2025-01-11 00:22:16.706525,0 days 00:00:01.847315,0.03599472432301611,80,0.2,24,100,1.3095760155251349e-06,42,2.261244764863689e-05,1,1,adadelta,"{'neurons_per_layer_encoder': [24], 'neurons_per_layer_decoder': [24]}",24,[24],[24],[-0.23618351584487685],0.4072593553465747,COMPLETE
1494,-0.758648765835783,2025-01-11 00:22:15.191429,2025-01-11 00:22:16.517511,0 days 00:00:01.326082,0.02601563599005015,80,0.2,28,100,1.2950093987003735e-06,30,2.3048988707513407e-05,1,1,adadelta,"{'neurons_per_layer_encoder': [28], 'neurons_per_layer_decoder': [28]}",28,[28],[28],[-0.758648765835783],0.5876294796867014,COMPLETE
1495,-0.09046946027121838,2025-01-11 00:22:15.520413,2025-01-11 00:22:17.429726,0 days 00:00:01.909313,0.019505382910489262,80,0.2,32,100,1.225043945100188e-06,51,2.1256978497181872e-05,1,1,adadelta,"{'neurons_per_layer_encoder': [32], 'neurons_per_layer_decoder': [32]}",32,[32],[32],[-0.09046946027121838],0.7745317746003401,COMPLETE
1496,0.1204442083337236,2025-01-11 00:22:15.715662,2025-01-11 00:22:18.082091,0 days 00:00:02.366429,0.14764904986397906,80,0.2,32,100,1.3173021031445963e-06,51,2.4089904408488156e-05,1,1,adadelta,"{'neurons_per_layer_encoder': [32], 'neurons_per_layer_decoder': [32]}",32,[32],[32],[0.1204442083337236],0.7553926508293021,COMPLETE
1497,-0.21830547224545938,2025-01-11 00:22:16.526806,2025-01-11 00:22:17.819367,0 days 00:00:01.292561,0.02198583514112735,80,0.2,32,100,1.9817252031036396e-06,51,2.2975295059327844e-05,1,1,adadelta,"{'neurons_per_layer_encoder': [32], 'neurons_per_layer_decoder': [32]}",32,[32],[32],[-0.21830547224545938],0.7102835210920025,COMPLETE
1498,-0.22522826453605171,2025-01-11 00:22:17.439241,2025-01-11 00:22:18.674996,0 days 00:00:01.235755,0.03730011138180155,88,0.2,16,100,1.9623891775484996e-06,17,1.6768067775372082e-05,1,1,adadelta,"{'neurons_per_layer_encoder': [16], 'neurons_per_layer_decoder': [16]}",16,[16],[16],[-0.22522826453605171],0.36398665105877287,COMPLETE
1499,-0.46603076684696076,2025-01-11 00:22:18.682502,2025-01-11 00:22:19.845204,0 days 00:00:01.162702,0.021963328280239492,80,0.2,12,100,1.4798642494708519e-06,13,1.001036968427091e-05,1,1,adadelta,"{'neurons_per_layer_encoder': [12], 'neurons_per_layer_decoder': [12]}",12,[12],[12],[-0.46603076684696076],0.3178729133518924,COMPLETE
1500,0.13996022235742245,2025-01-11 00:22:34.757603,2025-01-11 00:22:36.265917,0 days 00:00:01.508314,0.011780897428576709,80,0.2,20,100,1.8010192049172977e-06,22,1.524814786690769e-05,1,1,adadelta,"{'neurons_per_layer_encoder': [20], 'neurons_per_layer_decoder': [20]}",20,[20],[20],[0.13996022235742245],0.7038777249067463,COMPLETE
1501,-0.2439445411965988,2025-01-11 00:22:34.768462,2025-01-11 00:22:36.317131,0 days 00:00:01.548669,0.011805106300363468,80,0.2,20,100,1.915762872535422e-06,22,1.5255242323792226e-05,1,1,adadelta,"{'neurons_per_layer_encoder': [20], 'neurons_per_layer_decoder': [20]}",20,[20],[20],[-0.2439445411965988],0.5807402487511175,COMPLETE
1502,-0.06797516689126448,2025-01-11 00:22:34.771019,2025-01-11 00:22:37.193735,0 days 00:00:02.422716,0.030147817173302366,88,0.2,20,100,0.0001381497585017535,22,1.4747984483995771e-05,1,1,adadelta,"{'neurons_per_layer_encoder': [20], 'neurons_per_layer_decoder': [20]}",20,[20],[20],[-0.06797516689126448],0.70333756640508,COMPLETE
1503,0.04398888217659458,2025-01-11 00:22:34.769418,2025-01-11 00:22:36.541286,0 days 00:00:01.771868,0.012418710810354528,80,0.2,20,100,0.00013736305885472588,22,1.654346282843067e-05,1,1,adadelta,"{'neurons_per_layer_encoder': [20], 'neurons_per_layer_decoder': [20]}",20,[20],[20],[0.04398888217659458],0.7984326893337105,COMPLETE
1504,-0.07628108219425944,2025-01-11 00:22:34.775450,2025-01-11 00:22:37.225227,0 days 00:00:02.449777,0.17187010466248637,80,0.2,20,100,1.810977149494444e-06,22,1.4776687905984717e-05,1,1,adadelta,"{'neurons_per_layer_encoder': [20], 'neurons_per_layer_decoder': [20]}",20,[20],[20],[-0.07628108219425944],0.6261960468974228,COMPLETE
1505,-0.22085211497394752,2025-01-11 00:22:36.276102,2025-01-11 00:22:37.596042,0 days 00:00:01.319940,0.032410353053021236,72,0.2,12,100,8.580116280899567e-05,13,0.0024016238959690232,1,1,adadelta,"{'neurons_per_layer_encoder': [12], 'neurons_per_layer_decoder': [12]}",12,[12],[12],[-0.22085211497394752],0.6450421405009905,COMPLETE
1506,-6.84468119962478e-05,2025-01-11 00:22:36.327818,2025-01-11 00:22:38.156844,0 days 00:00:01.829026,0.017685071148163367,80,0.2,12,100,0.00014601412513188847,13,1.8000878457388886e-05,1,1,adadelta,"{'neurons_per_layer_encoder': [12], 'neurons_per_layer_decoder': [12]}",12,[12],[12],[-6.84468119962478e-05],0.7632881609742319,COMPLETE
1507,0.013081669740907298,2025-01-11 00:22:36.552952,2025-01-11 00:22:38.920784,0 days 00:00:02.367832,0.02548685210379582,88,0.2,8,100,1.5768379340677837e-06,8,1.338339920704073e-05,1,1,adadelta,"{'neurons_per_layer_encoder': [8], 'neurons_per_layer_decoder': [8]}",8,[8],[8],[0.013081669740907298],0.7095084085500188,COMPLETE
