number,value,datetime_start,datetime_complete,duration,params_alpha,params_batch_size,params_drop_out_rate,params_encoder_neurons_layer_1,params_epochs,params_lambda,params_latent_dim,params_learning_rate,params_num_layers_decoder,params_num_layers_encoder,params_optimizer,user_attrs_encoder_decoder_config,user_attrs_first_layer_neurons,user_attrs_neurons_per_layer_decoder,user_attrs_neurons_per_layer_encoder,user_attrs_r2_feature_1,user_attrs_relative_deterioration,state
115,-0.17667588872544693,2025-01-10 14:22:32.240398,2025-01-10 14:22:34.662392,0 days 00:00:02.421994,0.09758160049482745,40,0.1,48,100,0.0001823442846378352,168,8.442195663715537e-05,2,2,adam,"{'neurons_per_layer_encoder': [48, 96], 'neurons_per_layer_decoder': [96, 48]}",48,"[96, 48]","[48, 96]",[-0.17667588872544693],0.7336875631102842,COMPLETE
116,0.00012015911784879485,2025-01-10 14:22:32.528760,2025-01-10 14:22:34.979622,0 days 00:00:02.450862,0.06787792760170924,40,0.30000000000000004,52,100,0.00045858825303754936,176,4.942431458550727e-05,2,2,adam,"{'neurons_per_layer_encoder': [52, 104], 'neurons_per_layer_decoder': [104, 52]}",52,"[104, 52]","[52, 104]",[0.00012015911784879485],0.8969296319123925,COMPLETE
117,-0.12906510972773244,2025-01-10 14:22:32.829955,2025-01-10 14:22:34.525896,0 days 00:00:01.695941,0.06976997378725223,80,0.30000000000000004,152,100,6.821929750139353e-05,224,8.383025886367395e-05,2,1,adam,"{'neurons_per_layer_encoder': [152], 'neurons_per_layer_decoder': [152, 76]}",152,"[152, 76]",[152],[-0.12906510972773244],0.6422123569445235,COMPLETE
118,0.1071116403409853,2025-01-10 14:22:33.146517,2025-01-10 14:22:36.047309,0 days 00:00:02.900792,0.11438216062058963,80,0.30000000000000004,48,100,1.3425234995695913e-05,68,8.278895896137283e-05,2,1,adam,"{'neurons_per_layer_encoder': [48], 'neurons_per_layer_decoder': [48, 24]}",48,"[48, 24]",[48],[0.1071116403409853],0.645582127657388,COMPLETE
119,-0.10421073096198619,2025-01-10 14:22:33.396487,2025-01-10 14:22:35.670297,0 days 00:00:02.273810,0.09528511022705431,80,0.30000000000000004,68,100,0.00022200232656270413,106,7.990031420535193e-05,3,1,adam,"{'neurons_per_layer_encoder': [68], 'neurons_per_layer_decoder': [68, 34, 17]}",68,"[68, 34, 17]",[68],[-0.10421073096198619],0.7746840843489307,COMPLETE
120,-0.04784151699691086,2025-01-10 14:22:34.533727,2025-01-10 14:22:37.518217,0 days 00:00:02.984490,0.029313168923365305,80,0.30000000000000004,112,100,2.2767086526349258e-05,488,4.800162900679948e-05,3,3,adam,"{'neurons_per_layer_encoder': [112, 224, 448], 'neurons_per_layer_decoder': [448, 224, 112]}",112,"[448, 224, 112]","[112, 224, 448]",[-0.04784151699691086],0.8134745774493926,COMPLETE
121,-0.07292120718457773,2025-01-10 14:22:34.670775,2025-01-10 14:22:37.567188,0 days 00:00:02.896413,0.1172568005391473,80,0.30000000000000004,24,100,0.0002879895889846519,168,4.990824836997895e-05,3,3,adam,"{'neurons_per_layer_encoder': [24, 48, 96], 'neurons_per_layer_decoder': [96, 48, 24]}",24,"[96, 48, 24]","[24, 48, 96]",[-0.07292120718457773],0.8785927082898378,COMPLETE
122,-0.4117481486962,2025-01-10 14:22:34.988033,2025-01-10 14:22:38.843261,0 days 00:00:03.855228,0.09197144800858963,48,0.2,180,100,0.0002831811116895264,744,0.00011142622219821271,3,3,adam,"{'neurons_per_layer_encoder': [180, 360, 720], 'neurons_per_layer_decoder': [720, 360, 180]}",180,"[720, 360, 180]","[180, 360, 720]",[-0.4117481486962],0.953502265903819,COMPLETE
123,-0.2785560091570438,2025-01-10 14:22:35.678250,2025-01-10 14:22:37.534764,0 days 00:00:01.856514,0.054681360778211445,48,0.2,124,100,0.000289785738622884,260,1.464617236507178e-05,1,1,adam,"{'neurons_per_layer_encoder': [124], 'neurons_per_layer_decoder': [124]}",124,[124],[124],[-0.2785560091570438],0.7185305870883396,COMPLETE
124,-0.43116861878534807,2025-01-10 14:22:36.056091,2025-01-10 14:22:38.086893,0 days 00:00:02.030802,0.05577463508271553,88,0.30000000000000004,24,100,0.00026891047299519816,42,0.00011281475759964546,1,1,adam,"{'neurons_per_layer_encoder': [24], 'neurons_per_layer_decoder': [24]}",24,[24],[24],[-0.43116861878534807],0.6932528520581807,COMPLETE
125,-0.10018993107333185,2025-01-10 14:22:37.528609,2025-01-10 14:22:39.593298,0 days 00:00:02.064689,0.11619823690494982,72,0.30000000000000004,40,100,1.2227349660849925e-05,60,0.00010640037253440202,2,1,adam,"{'neurons_per_layer_encoder': [40], 'neurons_per_layer_decoder': [40, 20]}",40,"[40, 20]",[40],[-0.10018993107333185],0.5927784022550976,COMPLETE
126,-0.05773080623880622,2025-01-10 14:22:37.544287,2025-01-10 14:22:39.707078,0 days 00:00:02.162791,0.12054177244773653,88,0.30000000000000004,40,100,1.1896740173268623e-05,60,0.00013211928270253295,2,1,adam,"{'neurons_per_layer_encoder': [40], 'neurons_per_layer_decoder': [40, 20]}",40,"[40, 20]",[40],[-0.05773080623880622],0.7561534852904275,COMPLETE
127,-0.09474341461756297,2025-01-10 14:22:37.584615,2025-01-10 14:22:39.404144,0 days 00:00:01.819529,0.01942813162703658,88,0.30000000000000004,100,100,0.0001256643770917864,124,0.00011194302181363817,2,1,adam,"{'neurons_per_layer_encoder': [100], 'neurons_per_layer_decoder': [100, 50]}",100,"[100, 50]",[100],[-0.09474341461756297],0.6706476044475986,COMPLETE
128,-0.18558244432376458,2025-01-10 14:22:38.095944,2025-01-10 14:22:40.136228,0 days 00:00:02.040284,0.02192057119463996,72,0.30000000000000004,8,100,1.4550008423729145e-05,8,0.0001722058677314699,2,1,adam,"{'neurons_per_layer_encoder': [8], 'neurons_per_layer_decoder': [8, 8]}",8,"[8, 8]",[8],[-0.18558244432376458],0.6068114037115331,COMPLETE
129,-0.1155061427032551,2025-01-10 14:22:38.852187,2025-01-10 14:22:40.471734,0 days 00:00:01.619547,0.019119848138098267,88,0.30000000000000004,8,100,8.512829013080973e-05,8,0.0001719327611680512,2,1,adam,"{'neurons_per_layer_encoder': [8], 'neurons_per_layer_decoder': [8, 8]}",8,"[8, 8]",[8],[-0.1155061427032551],0.6095859893318454,COMPLETE
130,0.06637751227015964,2025-01-10 14:22:39.413277,2025-01-10 14:22:41.976113,0 days 00:00:02.562836,0.12389595714413612,72,0.30000000000000004,12,100,1.3086521274528294e-05,13,0.0034993281484364523,2,1,adam,"{'neurons_per_layer_encoder': [12], 'neurons_per_layer_decoder': [12, 8]}",12,"[12, 8]",[12],[0.06637751227015964],0.37219529176757876,COMPLETE
131,-0.22551497245243257,2025-01-10 14:22:39.601909,2025-01-10 14:22:41.273317,0 days 00:00:01.671408,0.017425982817399824,72,0.4,12,100,6.427049081434034e-06,13,0.0001600920604281372,2,1,adam,"{'neurons_per_layer_encoder': [12], 'neurons_per_layer_decoder': [12, 8]}",12,"[12, 8]",[12],[-0.22551497245243257],0.540692486605303,COMPLETE
132,-0.2228061776713195,2025-01-10 14:22:39.715457,2025-01-10 14:22:41.458520,0 days 00:00:01.743063,0.022859441817106658,72,0.4,248,100,3.418712900742449e-05,464,6.972706570651341e-05,2,1,adam,"{'neurons_per_layer_encoder': [248], 'neurons_per_layer_decoder': [248, 124]}",248,"[248, 124]",[248],[-0.2228061776713195],0.6703413706528033,COMPLETE
133,-0.25216632981067666,2025-01-10 14:22:40.145246,2025-01-10 14:22:41.683798,0 days 00:00:01.538552,0.08722283904767374,80,0.4,248,100,1.4332645806211985e-05,464,7.27806002163879e-05,1,1,adam,"{'neurons_per_layer_encoder': [248], 'neurons_per_layer_decoder': [248]}",248,[248],[248],[-0.25216632981067666],0.5123983853382027,COMPLETE
134,-0.2528522282119259,2025-01-10 14:22:40.482494,2025-01-10 14:22:42.656862,0 days 00:00:02.174368,0.11051413417624645,32,0.4,248,100,0.0006119567566041881,464,4.101320863006034e-05,1,1,adadelta,"{'neurons_per_layer_encoder': [248], 'neurons_per_layer_decoder': [248]}",248,[248],[248],[-0.2528522282119259],0.8994956224798132,COMPLETE
135,0.1973888262057233,2025-01-10 14:22:41.281623,2025-01-10 14:22:43.908895,0 days 00:00:02.627272,0.10999387468087327,32,0.4,60,100,0.0003481718970482235,82,0.00024355305798919342,1,1,adam,"{'neurons_per_layer_encoder': [60], 'neurons_per_layer_decoder': [60]}",60,[60],[60],[0.1973888262057233],0.7358983948455777,COMPLETE
136,-0.13492044440922668,2025-01-10 14:22:41.466833,2025-01-10 14:22:43.415684,0 days 00:00:01.948851,0.1056854926129857,32,0.4,56,100,1.6781963603394114e-06,77,0.00027806572463466795,1,1,adam,"{'neurons_per_layer_encoder': [56], 'neurons_per_layer_decoder': [56]}",56,[56],[56],[-0.13492044440922668],0.4581854705552046,COMPLETE
137,-0.12569056296856496,2025-01-10 14:22:41.694932,2025-01-10 14:22:43.101785,0 days 00:00:01.406853,0.10613364069979987,32,0.4,64,100,3.6306254847309417e-06,86,0.0005164664762305898,1,1,adam,"{'neurons_per_layer_encoder': [64], 'neurons_per_layer_decoder': [64]}",64,[64],[64],[-0.12569056296856496],0.3911474383143785,COMPLETE
138,-0.20780077306473332,2025-01-10 14:22:41.984564,2025-01-10 14:22:43.532405,0 days 00:00:01.547841,0.12966368045076399,80,0.30000000000000004,28,100,0.00033739586903217125,46,4.188548442575413e-05,2,1,adadelta,"{'neurons_per_layer_encoder': [28], 'neurons_per_layer_decoder': [28, 14]}",28,"[28, 14]",[28],[-0.20780077306473332],0.7700984297399724,COMPLETE
139,-0.02013326553515693,2025-01-10 14:22:42.664666,2025-01-10 14:22:45.436508,0 days 00:00:02.771842,0.04701358371763117,80,0.30000000000000004,56,100,0.0007450257719041646,93,0.0032988197458793506,2,1,adam,"{'neurons_per_layer_encoder': [56], 'neurons_per_layer_decoder': [56, 28]}",56,"[56, 28]",[56],[-0.02013326553515693],0.59280071815951,COMPLETE
140,-12.464559333923056,2025-01-10 14:22:43.109132,2025-01-10 14:22:46.206931,0 days 00:00:03.097799,0.046964711833824536,80,0.30000000000000004,56,100,2.132703096619728e-05,920,0.009035283020140622,2,5,adam,"{'neurons_per_layer_encoder': [56, 112, 224, 448, 896], 'neurons_per_layer_decoder': [896, 448]}",56,"[896, 448]","[56, 112, 224, 448, 896]",[-12.464559333923056],-0.6844961967811763,COMPLETE
141,-0.0757298116115186,2025-01-10 14:22:43.423462,2025-01-10 14:22:47.969624,0 days 00:00:04.546162,0.1295223675889323,80,0.30000000000000004,20,100,0.0007809492459966951,376,0.005965786115036537,2,4,adam,"{'neurons_per_layer_encoder': [20, 40, 80, 160], 'neurons_per_layer_decoder': [160, 80]}",20,"[160, 80]","[20, 40, 80, 160]",[-0.0757298116115186],0.6894989485747411,COMPLETE
142,-0.6251700600052552,2025-01-10 14:22:43.539760,2025-01-10 14:22:51.568613,0 days 00:00:08.028853,0.047296258563171975,56,0.2,224,100,0.0008034966902569013,1816,5.948199301198847e-05,2,4,adam,"{'neurons_per_layer_encoder': [224, 448, 896, 1792], 'neurons_per_layer_decoder': [1792, 896]}",224,"[1792, 896]","[224, 448, 896, 1792]",[-0.6251700600052552],0.991450727317549,COMPLETE
143,-0.0160044243435018,2025-01-10 14:22:43.917024,2025-01-10 14:22:47.148842,0 days 00:00:03.231818,0.04721458285465015,56,0.4,56,100,0.00022795810773304934,93,0.00025060643012798575,1,1,adam,"{'neurons_per_layer_encoder': [56], 'neurons_per_layer_decoder': [56]}",56,[56],[56],[-0.0160044243435018],0.5942267816152685,COMPLETE
144,-0.3270141840609988,2025-01-10 14:22:46.221364,2025-01-10 14:22:49.978228,0 days 00:00:03.756864,0.010075352730669701,56,0.4,44,100,0.0001465926897775789,80,0.0026561273782266252,1,1,adam,"{'neurons_per_layer_encoder': [44], 'neurons_per_layer_decoder': [44]}",44,[44],[44],[-0.3270141840609988],0.20830630391761057,COMPLETE
145,-0.23618148949768392,2025-01-10 14:22:47.157521,2025-01-10 14:22:52.075274,0 days 00:00:04.917753,0.12497485518800863,72,0.4,68,100,0.00014672768100818664,584,0.0002118962790039872,1,4,adam,"{'neurons_per_layer_encoder': [68, 136, 272, 544], 'neurons_per_layer_decoder': [544]}",68,[544],"[68, 136, 272, 544]",[-0.23618148949768392],0.8816463171993125,COMPLETE
146,0.0942195556497657,2025-01-10 14:22:49.989257,2025-01-10 14:22:52.861092,0 days 00:00:02.871835,0.14357611259432201,72,0.2,80,100,0.0004992362087252301,104,0.00021465942472494867,1,1,adam,"{'neurons_per_layer_encoder': [80], 'neurons_per_layer_decoder': [80]}",80,[80],[80],[0.0942195556497657],0.7458970259520005,COMPLETE
147,-0.3498632560714161,2025-01-10 14:22:51.576384,2025-01-10 14:22:52.852369,0 days 00:00:01.275985,0.1436376767184684,72,0.4,68,100,2.7949766528442807e-05,122,2.834970736390305e-05,1,1,adam,"{'neurons_per_layer_encoder': [68], 'neurons_per_layer_decoder': [68]}",68,[68],[68],[-0.3498632560714161],0.617917694544877,COMPLETE
148,-0.25879835678720675,2025-01-10 14:22:52.082362,2025-01-10 14:22:54.372602,0 days 00:00:02.290240,0.14422424025594882,32,0.4,80,100,0.0003514993956608106,104,0.0015802332987289289,1,1,adam,"{'neurons_per_layer_encoder': [80], 'neurons_per_layer_decoder': [80]}",80,[80],[80],[-0.25879835678720675],0.33652597493486347,COMPLETE
149,-0.7632597466815956,2025-01-10 14:22:54.378836,2025-01-10 14:22:55.522683,0 days 00:00:01.143847,0.16317359922488744,64,0.4,36,100,0.00043656256643705626,71,0.00022686405383425006,1,1,adadelta,"{'neurons_per_layer_encoder': [36], 'neurons_per_layer_decoder': [36]}",36,[36],[36],[-0.7632597466815956],0.5882212020769517,COMPLETE
150,-0.2703099942671918,2025-01-10 14:23:17.334402,2025-01-10 14:23:18.765923,0 days 00:00:01.431521,0.18033994838484685,64,0.4,80,100,0.0005273169843732843,104,0.0002875388045798226,1,1,adam,"{'neurons_per_layer_encoder': [80], 'neurons_per_layer_decoder': [80]}",80,[80],[80],[-0.2703099942671918],0.7569883375926925,COMPLETE
151,-0.15309586629810257,2025-01-10 14:23:17.334406,2025-01-10 14:23:19.882758,0 days 00:00:02.548352,0.18076842650342564,64,0.4,80,100,0.0005143097077250618,104,0.00028450275503806024,1,1,adam,"{'neurons_per_layer_encoder': [80], 'neurons_per_layer_decoder': [80]}",80,[80],[80],[-0.15309586629810257],0.71433310131785,COMPLETE
152,-0.0797938659196109,2025-01-10 14:23:17.334448,2025-01-10 14:23:18.818620,0 days 00:00:01.484172,0.0753762325883395,64,0.4,76,100,0.0005387008052441393,131,0.0002807517159245352,1,1,adam,"{'neurons_per_layer_encoder': [76], 'neurons_per_layer_decoder': [76]}",76,[76],[76],[-0.0797938659196109],0.7653198752432983,COMPLETE
153,-0.06731545558320251,2025-01-10 14:23:17.334615,2025-01-10 14:23:18.858801,0 days 00:00:01.524186,0.07507908635841072,64,0.4,72,100,0.00032943240497490837,111,0.0002930648579710311,1,1,adam,"{'neurons_per_layer_encoder': [72], 'neurons_per_layer_decoder': [72]}",72,[72],[72],[-0.06731545558320251],0.7190635813726406,COMPLETE
154,-0.06982759364076996,2025-01-10 14:23:17.334754,2025-01-10 14:23:19.952722,0 days 00:00:02.617968,0.08237186934720989,64,0.4,76,100,0.0005156227108444102,115,2.0218661088056756e-05,1,1,adam,"{'neurons_per_layer_encoder': [76], 'neurons_per_layer_decoder': [76]}",76,[76],[76],[-0.06982759364076996],0.772559719416909,COMPLETE
155,-0.26937934986884504,2025-01-10 14:23:18.775406,2025-01-10 14:23:20.408640,0 days 00:00:01.633234,0.11396895832251595,72,0.2,236,100,1.3743714235181407e-05,500,2.099984280551775e-05,1,1,adam,"{'neurons_per_layer_encoder': [236], 'neurons_per_layer_decoder': [236]}",236,[236],[236],[-0.26937934986884504],0.5574112454670865,COMPLETE
156,-0.1044338574641841,2025-01-10 14:23:18.831053,2025-01-10 14:23:20.213455,0 days 00:00:01.382402,0.09830534967748426,72,0.2,240,100,1.3887019538379415e-05,488,5.865758339398758e-05,1,1,adam,"{'neurons_per_layer_encoder': [240], 'neurons_per_layer_decoder': [240]}",240,[240],[240],[-0.1044338574641841],0.45347597852982036,COMPLETE
157,-0.14626836145823607,2025-01-10 14:23:18.875523,2025-01-10 14:23:20.361276,0 days 00:00:01.485753,0.11225917258388197,72,0.2,236,100,4.9954798773415185e-05,484,2.1190067152268015e-05,1,1,adam,"{'neurons_per_layer_encoder': [236], 'neurons_per_layer_decoder': [236]}",236,[236],[236],[-0.14626836145823607],0.4982889239102798,COMPLETE
158,0.0946896580237554,2025-01-10 14:23:19.893247,2025-01-10 14:23:22.908312,0 days 00:00:03.015065,0.11303917067325508,72,0.2,48,100,0.0004215933502488213,84,2.1831137512576126e-05,3,1,adam,"{'neurons_per_layer_encoder': [48], 'neurons_per_layer_decoder': [48, 24, 12]}",48,"[48, 24, 12]",[48],[0.0946896580237554],0.8021986108787148,COMPLETE
159,0.004586060387978597,2025-01-10 14:23:19.963754,2025-01-10 14:23:22.012831,0 days 00:00:02.049077,0.09627967917854897,72,0.2,236,100,1.4928420810054856e-05,484,5.454429572179031e-05,3,1,sgd,"{'neurons_per_layer_encoder': [236], 'neurons_per_layer_decoder': [236, 118, 59]}",236,"[236, 118, 59]",[236],[0.004586060387978597],0.7214512418672075,COMPLETE
160,-0.11963193228099556,2025-01-10 14:23:20.221798,2025-01-10 14:23:21.837204,0 days 00:00:01.615406,0.11139965494897315,80,0.2,32,100,4.8456007088382044e-05,51,2.26294854361882e-05,2,1,adam,"{'neurons_per_layer_encoder': [32], 'neurons_per_layer_decoder': [32, 16]}",32,"[32, 16]",[32],[-0.11963193228099556],0.7144353088092072,COMPLETE
161,-0.027035815837911592,2025-01-10 14:23:20.370077,2025-01-10 14:23:22.560925,0 days 00:00:02.190848,0.1588403861167474,80,0.2,48,100,1.0684633227247862e-05,68,9.119419621174227e-05,2,1,sgd,"{'neurons_per_layer_encoder': [48], 'neurons_per_layer_decoder': [48, 24]}",48,"[48, 24]",[48],[-0.027035815837911592],0.6233922831171809,COMPLETE
162,-0.14360115232524828,2025-01-10 14:23:20.419488,2025-01-10 14:23:22.039359,0 days 00:00:01.619871,0.04154151405840391,80,0.2,52,100,1.0759976991447533e-05,856,3.531268215423106e-05,2,5,sgd,"{'neurons_per_layer_encoder': [52, 104, 208, 416, 832], 'neurons_per_layer_decoder': [832, 416]}",52,"[832, 416]","[52, 104, 208, 416, 832]",[-0.14360115232524828],0.7457130367985053,COMPLETE
163,-0.46247977493870396,2025-01-10 14:23:21.844663,2025-01-10 14:23:25.988733,0 days 00:00:04.144070,0.0989576836352673,32,0.2,60,100,1.0908930872966259e-05,984,0.00013205486773050067,3,5,adadelta,"{'neurons_per_layer_encoder': [60, 120, 240, 480, 960], 'neurons_per_layer_decoder': [960, 480, 240]}",60,"[960, 480, 240]","[60, 120, 240, 480, 960]",[-0.46247977493870396],0.7668400155798207,COMPLETE
164,0.10817285968458634,2025-01-10 14:23:22.021861,2025-01-10 14:23:27.671762,0 days 00:00:05.649901,0.04113580448544642,40,0.30000000000000004,48,100,1.083179169221566e-05,792,0.00013443922640858714,2,5,adadelta,"{'neurons_per_layer_encoder': [48, 96, 192, 384, 768], 'neurons_per_layer_decoder': [768, 384]}",48,"[768, 384]","[48, 96, 192, 384, 768]",[0.10817285968458634],0.7652338697675627,COMPLETE
165,-0.3108992185259667,2025-01-10 14:23:22.051121,2025-01-10 14:23:23.225932,0 days 00:00:01.174811,0.1012039476051773,72,0.2,228,100,1.9598270361055295e-05,476,5.223406927266908e-05,3,1,sgd,"{'neurons_per_layer_encoder': [228], 'neurons_per_layer_decoder': [228, 114, 57]}",228,"[228, 114, 57]",[228],[-0.3108992185259667],0.6175548147099544,COMPLETE
166,0.09603670777860007,2025-01-10 14:23:22.569698,2025-01-10 14:23:25.154519,0 days 00:00:02.584821,0.10000876359131781,72,0.2,228,100,1.9217183992758864e-05,476,5.314329381880236e-05,3,1,sgd,"{'neurons_per_layer_encoder': [228], 'neurons_per_layer_decoder': [228, 114, 57]}",228,"[228, 114, 57]",[228],[0.09603670777860007],0.7471734273602901,COMPLETE
167,-0.1994968064571052,2025-01-10 14:23:22.917476,2025-01-10 14:23:25.720029,0 days 00:00:02.802553,0.12470164527473912,72,0.2,60,100,0.0003910621633867827,82,1.2420452380330708e-05,3,1,adam,"{'neurons_per_layer_encoder': [60], 'neurons_per_layer_decoder': [60, 30, 15]}",60,"[60, 30, 15]",[60],[-0.1994968064571052],0.7889580882244378,COMPLETE
168,-0.17338274877334459,2025-01-10 14:23:23.232826,2025-01-10 14:23:25.308168,0 days 00:00:02.075342,0.1378633708774821,40,0.2,64,100,0.0003849008663410321,86,1.6213763875211686e-05,3,1,adam,"{'neurons_per_layer_encoder': [64], 'neurons_per_layer_decoder': [64, 32, 16]}",64,"[64, 32, 16]",[64],[-0.17338274877334459],0.7724650503094392,COMPLETE
169,-0.06660364105749239,2025-01-10 14:23:25.164011,2025-01-10 14:23:26.867416,0 days 00:00:01.703405,0.1206897073816257,104,0.2,60,100,0.00038072368178927366,82,2.985832249629017e-05,3,1,sgd,"{'neurons_per_layer_encoder': [60], 'neurons_per_layer_decoder': [60, 30, 15]}",60,"[60, 30, 15]",[60],[-0.06660364105749239],0.8397278151797423,COMPLETE
170,-0.03522467065637502,2025-01-10 14:23:25.317505,2025-01-10 14:23:26.672944,0 days 00:00:01.355439,0.09142815718407173,104,0.2,60,100,2.451029472358658e-05,82,2.875560253068885e-05,3,1,sgd,"{'neurons_per_layer_encoder': [60], 'neurons_per_layer_decoder': [60, 30, 15]}",60,"[60, 30, 15]",[60],[-0.03522467065637502],0.6229317542731825,COMPLETE
171,-0.13931947861542926,2025-01-10 14:23:25.728490,2025-01-10 14:23:26.939204,0 days 00:00:01.210714,0.09063507147085073,32,0.2,52,100,0.0006690024870757254,89,0.00013289253741857689,3,1,sgd,"{'neurons_per_layer_encoder': [52], 'neurons_per_layer_decoder': [52, 26, 13]}",52,"[52, 26, 13]",[52],[-0.13931947861542926],0.8524345721785127,COMPLETE
172,-0.008195022171813227,2025-01-10 14:23:25.998444,2025-01-10 14:23:28.290426,0 days 00:00:02.291982,0.09047481284921026,72,0.30000000000000004,44,100,0.0006882327792718497,80,2.9359250703884754e-05,3,1,sgd,"{'neurons_per_layer_encoder': [44], 'neurons_per_layer_decoder': [44, 22, 11]}",44,"[44, 22, 11]",[44],[-0.008195022171813227],0.8596044288528508,COMPLETE
173,-0.15973859738486285,2025-01-10 14:23:26.680995,2025-01-10 14:23:28.642939,0 days 00:00:01.961944,0.08614746812646659,48,0.30000000000000004,44,100,0.0006337006749427696,80,0.00023146687775698547,3,1,adam,"{'neurons_per_layer_encoder': [44], 'neurons_per_layer_decoder': [44, 22, 11]}",44,"[44, 22, 11]",[44],[-0.15973859738486285],0.8141355690638823,COMPLETE
174,0.07668036883992602,2025-01-10 14:23:26.875476,2025-01-10 14:23:30.010872,0 days 00:00:03.135396,0.02430647910127184,48,0.30000000000000004,40,100,0.0006740643255306542,60,0.0003540310426950382,3,1,adam,"{'neurons_per_layer_encoder': [40], 'neurons_per_layer_decoder': [40, 20, 10]}",40,"[40, 20, 10]",[40],[0.07668036883992602],0.8214887220499419,COMPLETE
175,-0.08827521845814412,2025-01-10 14:23:26.947237,2025-01-10 14:23:31.043294,0 days 00:00:04.096057,0.038229114708073185,80,0.2,104,100,0.00043150795962877036,440,4.5306304672675445e-05,3,3,adam,"{'neurons_per_layer_encoder': [104, 208, 416], 'neurons_per_layer_decoder': [416, 208, 104]}",104,"[416, 208, 104]","[104, 208, 416]",[-0.08827521845814412],0.9603053937049412,COMPLETE
