number,value,datetime_start,datetime_complete,duration,params_alpha,params_batch_size,params_drop_out_rate,params_encoder_neurons_layer_1,params_epochs,params_lambda,params_latent_dim,params_learning_rate,params_num_layers_decoder,params_num_layers_encoder,params_optimizer,user_attrs_encoder_decoder_config,user_attrs_first_layer_neurons,user_attrs_neurons_per_layer_decoder,user_attrs_neurons_per_layer_encoder,user_attrs_r2_feature_1,user_attrs_relative_deterioration,state
870,-0.32895491720506365,2025-01-10 16:15:52.545561,2025-01-10 16:15:54.537154,0 days 00:00:01.991593,0.015422647449495702,64,0.2,20,100,2.7612630764554014e-06,22,1.5276450309561406e-05,1,1,adadelta,"{'neurons_per_layer_encoder': [20], 'neurons_per_layer_decoder': [20]}",20,[20],[20],[-0.32895491720506365],0.4194498283695956,COMPLETE
871,-0.1667636949863407,2025-01-10 16:15:52.772652,2025-01-10 16:15:54.561918,0 days 00:00:01.789266,0.014463304757690712,64,0.1,16,100,3.2053103547107044e-06,17,1.6285010572836776e-05,1,1,adadelta,"{'neurons_per_layer_encoder': [16], 'neurons_per_layer_decoder': [16]}",16,[16],[16],[-0.1667636949863407],0.7012623676763919,COMPLETE
872,-0.23642328038190685,2025-01-10 16:15:53.425919,2025-01-10 16:15:54.748152,0 days 00:00:01.322233,0.01299954358721874,64,0.2,40,100,1.8518927177233007e-06,60,1.0000131531908448e-05,1,1,adadelta,"{'neurons_per_layer_encoder': [40], 'neurons_per_layer_decoder': [40]}",40,[40],[40],[-0.23642328038190685],0.5655591569474815,COMPLETE
873,-0.12747720380324878,2025-01-10 16:15:54.094446,2025-01-10 16:15:55.678348,0 days 00:00:01.583902,0.012798640361211396,64,0.2,40,100,1.332130550892973e-06,60,1.1470702575805875e-05,1,1,adadelta,"{'neurons_per_layer_encoder': [40], 'neurons_per_layer_decoder': [40]}",40,[40],[40],[-0.12747720380324878],0.7244571223333279,COMPLETE
874,-0.6011950402411521,2025-01-10 16:15:54.547632,2025-01-10 16:15:56.950540,0 days 00:00:02.402908,0.03632269927184111,64,0.2,8,100,1.322667828079874e-06,8,1.1417994544276977e-05,1,1,adadelta,"{'neurons_per_layer_encoder': [8], 'neurons_per_layer_decoder': [8]}",8,[8],[8],[-0.6011950402411521],0.6719765254951041,COMPLETE
875,-0.6145149221302035,2025-01-10 16:15:54.573376,2025-01-10 16:15:55.848293,0 days 00:00:01.274917,0.12446643079271358,64,0.2,8,100,1.3119352994187228e-06,8,1.000886596353385e-05,1,1,adadelta,"{'neurons_per_layer_encoder': [8], 'neurons_per_layer_decoder': [8]}",8,[8],[8],[-0.6145149221302035],0.4264468414526929,COMPLETE
876,-1.2976790611282754,2025-01-10 16:15:54.756758,2025-01-10 16:15:57.190300,0 days 00:00:02.433542,0.12541656752671052,64,0.2,8,100,1.3357379103101928e-06,8,1.1780605771241492e-05,1,1,adadelta,"{'neurons_per_layer_encoder': [8], 'neurons_per_layer_decoder': [8]}",8,[8],[8],[-1.2976790611282754],-0.04951382275345173,COMPLETE
877,0.2748617539737972,2025-01-10 16:15:55.114226,2025-01-10 16:15:57.356062,0 days 00:00:02.241836,0.015597666677604372,72,0.2,8,100,1.6680190517606698e-06,8,1.1828753758954564e-05,1,1,adadelta,"{'neurons_per_layer_encoder': [8], 'neurons_per_layer_decoder': [8]}",8,[8],[8],[0.2748617539737972],0.5848139530873481,COMPLETE
878,0.0005600421118351351,2025-01-10 16:15:55.686867,2025-01-10 16:15:58.101649,0 days 00:00:02.414782,0.12647163844298215,64,0.2,8,100,1.7227506322391412e-06,8,1.1824439248394795e-05,1,1,adadelta,"{'neurons_per_layer_encoder': [8], 'neurons_per_layer_decoder': [8]}",8,[8],[8],[0.0005600421118351351],0.6713337374241883,COMPLETE
879,-0.045722180790550127,2025-01-10 16:15:55.856938,2025-01-10 16:15:57.162367,0 days 00:00:01.305429,0.12911971949824774,72,0.2,32,100,0.0008387213157552831,51,1.311509157837496e-05,1,1,adadelta,"{'neurons_per_layer_encoder': [32], 'neurons_per_layer_decoder': [32]}",32,[32],[32],[-0.045722180790550127],0.8834560164506557,COMPLETE
880,-0.11225387446675139,2025-01-10 16:15:56.959011,2025-01-10 16:15:58.306284,0 days 00:00:01.347273,0.019221427838600234,72,0.2,28,100,1.7673032460995907e-06,46,1.913339314697844e-05,1,1,adadelta,"{'neurons_per_layer_encoder': [28], 'neurons_per_layer_decoder': [28]}",28,[28],[28],[-0.11225387446675139],0.7047113372124552,COMPLETE
881,-0.28568560482386607,2025-01-10 16:15:57.175344,2025-01-10 16:15:58.461947,0 days 00:00:01.286603,0.13076439359288677,64,0.2,28,100,1.653149246010008e-06,46,1.861582660548181e-05,1,1,adadelta,"{'neurons_per_layer_encoder': [28], 'neurons_per_layer_decoder': [28]}",28,[28],[28],[-0.28568560482386607],0.538191310145296,COMPLETE
882,-0.9192151551696865,2025-01-10 16:15:57.203933,2025-01-10 16:15:59.059286,0 days 00:00:01.855353,0.014253397327116725,72,0.2,28,100,1.6772698915636282e-06,46,1.8999081943675558e-05,1,1,adadelta,"{'neurons_per_layer_encoder': [28], 'neurons_per_layer_decoder': [28]}",28,[28],[28],[-0.9192151551696865],0.3621339711123719,COMPLETE
883,-0.3076148376926984,2025-01-10 16:15:57.365051,2025-01-10 16:15:58.871166,0 days 00:00:01.506115,0.017046392783387355,64,0.2,28,100,1.9974807304578223e-06,46,1.4582222252003279e-05,1,1,adadelta,"{'neurons_per_layer_encoder': [28], 'neurons_per_layer_decoder': [28]}",28,[28],[28],[-0.3076148376926984],0.5741808859999933,COMPLETE
884,0.09781165233716804,2025-01-10 16:15:58.110921,2025-01-10 16:16:00.084400,0 days 00:00:01.973479,0.017213516681294137,64,0.2,28,100,1.9796586659332674e-06,46,1.4158833309650195e-05,1,1,adadelta,"{'neurons_per_layer_encoder': [28], 'neurons_per_layer_decoder': [28]}",28,[28],[28],[0.09781165233716804],0.5342102885005587,COMPLETE
885,0.2783879919794071,2025-01-10 16:15:58.314909,2025-01-10 16:16:00.818053,0 days 00:00:02.503144,0.129017163628784,64,0.2,16,100,1.9680910945187233e-06,17,1.4255738131989345e-05,1,1,adadelta,"{'neurons_per_layer_encoder': [16], 'neurons_per_layer_decoder': [16]}",16,[16],[16],[0.2783879919794071],0.7356165870670116,COMPLETE
886,0.19440297822806074,2025-01-10 16:15:58.470175,2025-01-10 16:16:00.616517,0 days 00:00:02.146342,0.14186472604469608,64,0.2,16,100,1.9469078808000007e-06,17,0.008352565336217518,1,1,adadelta,"{'neurons_per_layer_encoder': [16], 'neurons_per_layer_decoder': [16]}",16,[16],[16],[0.19440297822806074],0.8191950978923055,COMPLETE
887,-0.24936550764447651,2025-01-10 16:15:58.879884,2025-01-10 16:16:00.174031,0 days 00:00:01.294147,0.14559575400559904,64,0.2,16,100,0.0008800383267478361,17,0.008602062435503818,1,1,adadelta,"{'neurons_per_layer_encoder': [16], 'neurons_per_layer_decoder': [16]}",16,[16],[16],[-0.24936550764447651],0.732815633423867,COMPLETE
888,-0.16944596898046282,2025-01-10 16:15:59.069412,2025-01-10 16:16:00.971672,0 days 00:00:01.902260,0.14625885585663026,64,0.2,16,100,1.162383816755939e-06,17,1.3170673452837526e-05,1,1,adadelta,"{'neurons_per_layer_encoder': [16], 'neurons_per_layer_decoder': [16]}",16,[16],[16],[-0.16944596898046282],0.7690698068450902,COMPLETE
889,-0.6609945145856573,2025-01-10 16:16:00.092959,2025-01-10 16:16:02.502509,0 days 00:00:02.409550,0.14569995246366643,64,0.2,16,100,0.0008054708107459568,17,0.008294706223059434,1,1,adadelta,"{'neurons_per_layer_encoder': [16], 'neurons_per_layer_decoder': [16]}",16,[16],[16],[-0.6609945145856573],0.4324770924411073,COMPLETE
890,0.05873765525212282,2025-01-10 16:16:00.182621,2025-01-10 16:16:02.433882,0 days 00:00:02.251261,0.03090622295750944,64,0.2,12,100,0.0008518550407205274,13,1.2639606667434559e-05,1,1,adadelta,"{'neurons_per_layer_encoder': [12], 'neurons_per_layer_decoder': [12]}",12,[12],[12],[0.05873765525212282],0.7788185157749028,COMPLETE
891,-0.23334280099474025,2025-01-10 16:16:00.626285,2025-01-10 16:16:02.190166,0 days 00:00:01.563881,0.010064700602792926,64,0.2,12,100,1.2052079017698944e-06,13,1.2543440996731926e-05,1,1,adadelta,"{'neurons_per_layer_encoder': [12], 'neurons_per_layer_decoder': [12]}",12,[12],[12],[-0.23334280099474025],0.6556210165977763,COMPLETE
892,-0.8451979226996793,2025-01-10 16:16:00.828400,2025-01-10 16:16:02.150409,0 days 00:00:01.322009,0.015579904296437226,72,0.2,12,100,3.3593790745096725e-06,13,1.2464592473778681e-05,1,1,adadelta,"{'neurons_per_layer_encoder': [12], 'neurons_per_layer_decoder': [12]}",12,[12],[12],[-0.8451979226996793],0.655776594997983,COMPLETE
893,-0.23329040468936313,2025-01-10 16:16:00.980067,2025-01-10 16:16:02.287186,0 days 00:00:01.307119,0.01580464864199663,72,0.2,4,100,3.2532817737353314e-06,4,1.1854596482108388e-05,1,1,adadelta,"{'neurons_per_layer_encoder': [4], 'neurons_per_layer_decoder': [8]}",4,[8],[4],[-0.23329040468936313],0.6988758437524356,COMPLETE
894,0.23591777683922832,2025-01-10 16:16:02.158559,2025-01-10 16:16:04.165617,0 days 00:00:02.007058,0.019882303775166633,72,0.2,4,100,0.0007639008756104166,4,1.122322535707825e-05,1,1,adadelta,"{'neurons_per_layer_encoder': [4], 'neurons_per_layer_decoder': [8]}",4,[8],[4],[0.23591777683922832],0.8000844028739306,COMPLETE
895,-0.20821609990487522,2025-01-10 16:16:02.294902,2025-01-10 16:16:03.237697,0 days 00:00:00.942795,0.1327780445841955,64,0.2,24,100,1.4856470643242896e-06,42,1.4983088945181553e-05,1,1,sgd,"{'neurons_per_layer_encoder': [24], 'neurons_per_layer_decoder': [24]}",24,[24],[24],[-0.20821609990487522],0.2011940436804227,COMPLETE
896,-0.3392592627535296,2025-01-10 16:16:02.443552,2025-01-10 16:16:03.742587,0 days 00:00:01.299035,0.13532260525948464,64,0.2,44,100,0.0007499836011701,80,0.009847040877920757,1,1,sgd,"{'neurons_per_layer_encoder': [44], 'neurons_per_layer_decoder': [44]}",44,[44],[44],[-0.3392592627535296],0.7401909868183308,COMPLETE
897,-0.0063333811887704705,2025-01-10 16:16:02.515739,2025-01-10 16:16:03.387166,0 days 00:00:00.871427,0.13172356585826125,72,0.2,44,100,1.5436978143427153e-06,80,4.760984280978806e-05,1,1,sgd,"{'neurons_per_layer_encoder': [44], 'neurons_per_layer_decoder': [44]}",44,[44],[44],[-0.0063333811887704705],0.6614263040641968,COMPLETE
898,-0.06796708056057277,2025-01-10 16:16:03.394849,2025-01-10 16:16:04.326644,0 days 00:00:00.931795,0.02535763183420693,64,0.2,32,100,0.0007854236771524988,102,0.001440614790945142,1,2,sgd,"{'neurons_per_layer_encoder': [32, 64], 'neurons_per_layer_decoder': [64]}",32,[64],"[32, 64]",[-0.06796708056057277],0.8774813812463063,COMPLETE
899,-0.22971485015323734,2025-01-10 16:16:03.751331,2025-01-10 16:16:04.591093,0 days 00:00:00.839762,0.12197444411031849,80,0.2,36,100,1.4475253289936125e-06,71,1.6746801752639605e-05,1,1,sgd,"{'neurons_per_layer_encoder': [36], 'neurons_per_layer_decoder': [36]}",36,[36],[36],[-0.22971485015323734],0.6769294285494563,COMPLETE
900,-0.06898039456219607,2025-01-11 00:17:05.498985,2025-01-11 00:17:07.690700,0 days 00:00:02.191715,0.034934435905631785,64,0.2,24,100,2.433408145091429e-06,42,0.009949836370199406,1,1,adadelta,"{'neurons_per_layer_encoder': [24], 'neurons_per_layer_decoder': [24]}",24,[24],[24],[-0.06898039456219607],0.5198831855131053,COMPLETE
901,-0.42418159352891216,2025-01-11 00:17:05.503965,2025-01-11 00:17:07.886408,0 days 00:00:02.382443,0.15841309526989522,64,0.2,24,100,0.0009957427181754711,42,1.005067140315159e-05,1,1,adadelta,"{'neurons_per_layer_encoder': [24], 'neurons_per_layer_decoder': [24]}",24,[24],[24],[-0.42418159352891216],0.7199963755563472,COMPLETE
902,-1.8584411425543386,2025-01-11 00:17:05.513338,2025-01-11 00:17:07.414081,0 days 00:00:01.900743,0.018743762533881107,64,0.2,24,100,3.0706876191660326e-06,42,1.0171088464339715e-05,1,1,adadelta,"{'neurons_per_layer_encoder': [24], 'neurons_per_layer_decoder': [24]}",24,[24],[24],[-1.8584411425543386],0.580687218476935,COMPLETE
903,0.038154948400146105,2025-01-11 00:17:05.516247,2025-01-11 00:17:07.332034,0 days 00:00:01.815787,0.16203435602912816,64,0.2,24,100,3.1574966069572667e-06,42,1.8161349184616068e-05,1,1,adadelta,"{'neurons_per_layer_encoder': [24], 'neurons_per_layer_decoder': [24]}",24,[24],[24],[0.038154948400146105],0.650904488084865,COMPLETE
904,0.045211009658209345,2025-01-11 00:17:05.521200,2025-01-11 00:17:07.978727,0 days 00:00:02.457527,0.16129630360334832,64,0.2,24,100,1.245818176293799e-06,42,1.6922362552646984e-05,1,1,adadelta,"{'neurons_per_layer_encoder': [24], 'neurons_per_layer_decoder': [24]}",24,[24],[24],[0.045211009658209345],0.6795325995980784,COMPLETE
905,-0.237378293257702,2025-01-11 00:17:07.343877,2025-01-11 00:17:08.265163,0 days 00:00:00.921286,0.12067077986835269,72,0.2,36,100,1.1190569044603111e-06,71,1.0994461541048043e-05,1,1,sgd,"{'neurons_per_layer_encoder': [36], 'neurons_per_layer_decoder': [36]}",36,[36],[36],[-0.237378293257702],0.5225745115427642,COMPLETE
906,-0.11430627000599825,2025-01-11 00:17:07.423438,2025-01-11 00:17:08.612242,0 days 00:00:01.188804,0.11969207245209852,72,0.1,96,100,1.1675710014636457e-06,104,1.0053627271632674e-05,1,1,sgd,"{'neurons_per_layer_encoder': [96], 'neurons_per_layer_decoder': [96]}",96,[96],[96],[-0.11430627000599825],0.7368376520735509,COMPLETE
907,-0.06429617870433146,2025-01-11 00:17:07.701247,2025-01-11 00:17:08.594209,0 days 00:00:00.892962,0.15921250821713612,72,0.2,32,100,7.312007138704946e-06,51,1.472992224235677e-05,1,1,sgd,"{'neurons_per_layer_encoder': [32], 'neurons_per_layer_decoder': [32]}",32,[32],[32],[-0.06429617870433146],0.6225654135569897,COMPLETE
908,-0.24684687470124245,2025-01-11 00:17:07.896283,2025-01-11 00:17:08.774602,0 days 00:00:00.878319,0.014570205071240223,72,0.2,32,100,1.2313735285349643e-06,51,1.4163885220978755e-05,1,1,sgd,"{'neurons_per_layer_encoder': [32], 'neurons_per_layer_decoder': [32]}",32,[32],[32],[-0.24684687470124245],0.5933702306215872,COMPLETE
909,-0.09696193983172408,2025-01-11 00:17:07.990547,2025-01-11 00:17:09.999462,0 days 00:00:02.008915,0.11959113039112516,72,0.2,4,100,1.1215969386004664e-06,4,1.4229920444297086e-05,1,1,sgd,"{'neurons_per_layer_encoder': [4], 'neurons_per_layer_decoder': [8]}",4,[8],[4],[-0.09696193983172408],0.685352207831501,COMPLETE
910,-0.09104465960708041,2025-01-11 00:17:08.273424,2025-01-11 00:17:09.764157,0 days 00:00:01.490733,0.15181122995788926,72,0.1,4,100,1.8723631620041213e-06,4,1.4314026122168079e-05,1,1,sgd,"{'neurons_per_layer_encoder': [4], 'neurons_per_layer_decoder': [8]}",4,[8],[4],[-0.09104465960708041],0.6750844491214442,COMPLETE
911,-0.24974807998461523,2025-01-11 00:17:08.603383,2025-01-11 00:17:09.724981,0 days 00:00:01.121598,0.14608240760514646,80,0.2,4,100,1.857568999824792e-06,8,1.405952172290046e-05,1,2,sgd,"{'neurons_per_layer_encoder': [4, 8], 'neurons_per_layer_decoder': [8]}",4,[8],"[4, 8]",[-0.24974807998461523],0.6333328297202726,COMPLETE
912,0.6268728435402504,2025-01-11 00:17:08.624827,2025-01-11 00:17:10.817688,0 days 00:00:02.192861,0.13998718256781298,56,0.2,4,100,1.9606222100332535e-06,8,1.3698227882595328e-05,1,2,sgd,"{'neurons_per_layer_encoder': [4, 8], 'neurons_per_layer_decoder': [8]}",4,[8],"[4, 8]",[0.6268728435402504],0.915944173873651,COMPLETE
913,-0.215807580288774,2025-01-11 00:17:08.782958,2025-01-11 00:17:10.374328,0 days 00:00:01.591370,0.13916794405818825,56,0.2,4,100,1.9625324792703873e-06,8,1.3979950626041948e-05,1,2,adadelta,"{'neurons_per_layer_encoder': [4, 8], 'neurons_per_layer_decoder': [8]}",4,[8],"[4, 8]",[-0.215807580288774],0.5749834146455279,COMPLETE
914,0.20898240357041376,2025-01-11 00:17:09.734333,2025-01-11 00:17:11.835556,0 days 00:00:02.101223,0.13669540655029913,56,0.2,12,100,0.0008855949716131055,13,0.0004596526299354525,1,1,adadelta,"{'neurons_per_layer_encoder': [12], 'neurons_per_layer_decoder': [12]}",12,[12],[12],[0.20898240357041376],0.7915687782144191,COMPLETE
915,-0.1551710264883568,2025-01-11 00:17:09.777170,2025-01-11 00:17:12.322350,0 days 00:00:02.545180,0.13895394866935268,56,0.2,12,100,1.5938166775693132e-06,216,1.2617493570947264e-05,1,5,adadelta,"{'neurons_per_layer_encoder': [12, 24, 48, 96, 192], 'neurons_per_layer_decoder': [192]}",12,[192],"[12, 24, 48, 96, 192]",[-0.1551710264883568],0.5867859567881191,COMPLETE
916,-0.712455345958035,2025-01-11 00:17:10.008879,2025-01-11 00:17:11.572835,0 days 00:00:01.563956,0.14170879759573848,56,0.2,12,100,1.4634973272005454e-06,13,1.1864675977266126e-05,1,1,adadelta,"{'neurons_per_layer_encoder': [12], 'neurons_per_layer_decoder': [12]}",12,[12],[12],[-0.712455345958035],0.6429883296991694,COMPLETE
917,-0.10257242660658572,2025-01-11 00:17:10.382894,2025-01-11 00:17:12.760821,0 days 00:00:02.377927,0.13532204000511694,64,0.2,12,100,1.5829336710882138e-06,216,1.139427462149206e-05,1,5,adadelta,"{'neurons_per_layer_encoder': [12, 24, 48, 96, 192], 'neurons_per_layer_decoder': [192]}",12,[192],"[12, 24, 48, 96, 192]",[-0.10257242660658572],0.5777473212347558,COMPLETE
918,-0.06531432553065475,2025-01-11 00:17:10.827520,2025-01-11 00:17:12.283994,0 days 00:00:01.456474,0.1405022511699257,56,0.2,12,100,2.176432458764695e-06,42,1.649381852038192e-05,1,2,sgd,"{'neurons_per_layer_encoder': [12, 24], 'neurons_per_layer_decoder': [24]}",12,[24],"[12, 24]",[-0.06531432553065475],0.683328229330593,COMPLETE
919,-0.332911441672491,2025-01-11 00:17:11.582087,2025-01-11 00:17:12.869598,0 days 00:00:01.287511,0.14862959291831188,56,0.2,8,100,2.3643208427362114e-06,17,1.889870094782141e-05,1,2,sgd,"{'neurons_per_layer_encoder': [8, 16], 'neurons_per_layer_decoder': [16]}",8,[16],"[8, 16]",[-0.332911441672491],0.7749922479900814,COMPLETE
920,0.157102914386131,2025-01-11 00:17:11.845908,2025-01-11 00:17:13.850163,0 days 00:00:02.004255,0.1509113583760672,56,0.2,8,100,2.0892324050100437e-06,17,1.6584685575727393e-05,1,2,sgd,"{'neurons_per_layer_encoder': [8, 16], 'neurons_per_layer_decoder': [16]}",8,[16],"[8, 16]",[0.157102914386131],0.7594814217512554,COMPLETE
921,0.22332108207242796,2025-01-11 00:17:12.292747,2025-01-11 00:17:14.491945,0 days 00:00:02.199198,0.15044975205168512,56,0.2,8,100,2.4247096286858333e-06,17,1.2694228158898401e-05,1,2,sgd,"{'neurons_per_layer_encoder': [8, 16], 'neurons_per_layer_decoder': [16]}",8,[16],"[8, 16]",[0.22332108207242796],0.6638361208731131,COMPLETE
922,0.32820428053992645,2025-01-11 00:17:12.335356,2025-01-11 00:17:14.504736,0 days 00:00:02.169380,0.1501811941598053,56,0.2,4,100,2.297944175127755e-06,8,1.909531737597332e-05,1,2,sgd,"{'neurons_per_layer_encoder': [4, 8], 'neurons_per_layer_decoder': [8]}",4,[8],"[4, 8]",[0.32820428053992645],0.8299325321158973,COMPLETE
923,0.12818204230160501,2025-01-11 00:17:12.770215,2025-01-11 00:17:14.947627,0 days 00:00:02.177412,0.15052318281680274,56,0.2,4,100,2.001417821752086e-06,8,1.830779355647478e-05,1,2,sgd,"{'neurons_per_layer_encoder': [4, 8], 'neurons_per_layer_decoder': [8]}",4,[8],"[4, 8]",[0.12818204230160501],0.7278103092366676,COMPLETE
924,-0.4191263913781229,2025-01-11 00:17:12.879528,2025-01-11 00:17:14.013739,0 days 00:00:01.134211,0.17083832845368005,56,0.2,4,100,2.4931396109790805e-06,8,1.600406063425483e-05,1,2,sgd,"{'neurons_per_layer_encoder': [4, 8], 'neurons_per_layer_decoder': [8]}",4,[8],"[4, 8]",[-0.4191263913781229],0.26387034637128187,COMPLETE
925,-0.16667956338487566,2025-01-11 00:17:13.859316,2025-01-11 00:17:15.362720,0 days 00:00:01.503404,0.16765878034505008,56,0.2,4,100,2.488434264818896e-06,8,1.271121430779035e-05,1,2,sgd,"{'neurons_per_layer_encoder': [4, 8], 'neurons_per_layer_decoder': [8]}",4,[8],"[4, 8]",[-0.16667956338487566],0.5789114788384844,COMPLETE
926,-0.7359238310532104,2025-01-11 00:17:14.022547,2025-01-11 00:17:16.150773,0 days 00:00:02.128226,0.16405825552526246,56,0.2,8,100,1.8333054857559856e-06,17,1.2721460941242995e-05,1,2,sgd,"{'neurons_per_layer_encoder': [8, 16], 'neurons_per_layer_decoder': [16]}",8,[16],"[8, 16]",[-0.7359238310532104],0.5043981438147872,COMPLETE
927,-1.2329876261897157,2025-01-11 00:17:14.501949,2025-01-11 00:17:15.631541,0 days 00:00:01.129592,0.017269148345688278,48,0.2,4,100,1.8058572161302971e-06,8,1.2982956716616403e-05,1,2,sgd,"{'neurons_per_layer_encoder': [4, 8], 'neurons_per_layer_decoder': [8]}",4,[8],"[4, 8]",[-1.2329876261897157],0.5001670676800201,COMPLETE
928,-1.5301980114472977,2025-01-11 00:17:14.515305,2025-01-11 00:17:15.534115,0 days 00:00:01.018810,0.1627986090440875,56,0.2,4,100,2.8198916019256412e-06,8,1.973820566952416e-05,1,2,sgd,"{'neurons_per_layer_encoder': [4, 8], 'neurons_per_layer_decoder': [8]}",4,[8],"[4, 8]",[-1.5301980114472977],0.1795847529700669,COMPLETE
929,-0.05670632339778625,2025-01-11 00:17:14.957983,2025-01-11 00:17:16.118011,0 days 00:00:01.160028,0.16138508522029874,56,0.2,4,100,2.739701614174877e-06,8,1.1504910063232954e-05,1,2,sgd,"{'neurons_per_layer_encoder': [4, 8], 'neurons_per_layer_decoder': [8]}",4,[8],"[4, 8]",[-0.05670632339778625],0.5711424890865973,COMPLETE
930,0.1777530456059061,2025-01-11 00:17:15.372379,2025-01-11 00:17:17.567089,0 days 00:00:02.194710,0.1605796697545982,56,0.2,4,100,2.605039039976335e-06,8,1.936004705311915e-05,1,2,sgd,"{'neurons_per_layer_encoder': [4, 8], 'neurons_per_layer_decoder': [8]}",4,[8],"[4, 8]",[0.1777530456059061],0.6979902689882485,COMPLETE
931,-0.08695855869364277,2025-01-11 00:17:15.543073,2025-01-11 00:17:17.292201,0 days 00:00:01.749128,0.14471929131176062,56,0.2,4,100,2.1580044847143254e-06,8,1.1662669317695785e-05,1,2,sgd,"{'neurons_per_layer_encoder': [4, 8], 'neurons_per_layer_decoder': [8]}",4,[8],"[4, 8]",[-0.08695855869364277],0.6485431810440235,COMPLETE
932,-0.19900879086436074,2025-01-11 00:17:15.643548,2025-01-11 00:17:16.741957,0 days 00:00:01.098409,0.15955658885587506,56,0.2,8,100,2.303835889741634e-06,17,1.1259545089361098e-05,1,2,sgd,"{'neurons_per_layer_encoder': [8, 16], 'neurons_per_layer_decoder': [16]}",8,[16],"[8, 16]",[-0.19900879086436074],0.707453270845781,COMPLETE
933,-0.05780576844288832,2025-01-11 00:17:16.128737,2025-01-11 00:17:18.312746,0 days 00:00:02.184009,0.1530134246834406,56,0.2,8,100,2.370272287381596e-06,17,1.6385655598338153e-05,1,2,sgd,"{'neurons_per_layer_encoder': [8, 16], 'neurons_per_layer_decoder': [16]}",8,[16],"[8, 16]",[-0.05780576844288832],0.6867954858313419,COMPLETE
