number,value,datetime_start,datetime_complete,duration,params_alpha,params_batch_size,params_drop_out_rate,params_encoder_neurons_layer_1,params_epochs,params_lambda,params_latent_dim,params_learning_rate,params_num_layers_decoder,params_num_layers_encoder,params_optimizer,user_attrs_encoder_decoder_config,user_attrs_first_layer_neurons,user_attrs_neurons_per_layer_decoder,user_attrs_neurons_per_layer_encoder,user_attrs_r2_feature_1,user_attrs_relative_deterioration,state
998,-0.19472725208401465,2025-01-11 00:17:34.956867,2025-01-11 00:17:36.106305,0 days 00:00:01.149438,0.116951571390951,56,0.2,28,100,1.2897842698424642e-06,46,1.2876398008550391e-05,1,1,sgd,"{'neurons_per_layer_encoder': [28], 'neurons_per_layer_decoder': [28]}",28,[28],[28],[-0.19472725208401465],0.4850579829747188,COMPLETE
999,-0.25143903067374107,2025-01-11 00:17:35.205368,2025-01-11 00:17:36.661150,0 days 00:00:01.455782,0.18591130268466538,56,0.2,20,100,1.3204330566927981e-06,22,1.2704400309638786e-05,1,1,sgd,"{'neurons_per_layer_encoder': [20], 'neurons_per_layer_decoder': [20]}",20,[20],[20],[-0.25143903067374107],0.6777852731395133,COMPLETE
1000,-0.20225684882327832,2025-01-11 00:17:35.315696,2025-01-11 00:17:36.246559,0 days 00:00:00.930863,0.1854000945096672,56,0.2,20,100,1.2366061074514404e-06,22,0.009945075392540616,1,1,sgd,"{'neurons_per_layer_encoder': [20], 'neurons_per_layer_decoder': [20]}",20,[20],[20],[-0.20225684882327832],0.46897051887788554,COMPLETE
1001,0.017226318889392633,2025-01-11 00:17:35.958329,2025-01-11 00:17:37.561350,0 days 00:00:01.603021,0.1169221817670062,56,0.2,20,100,1.3513623545755666e-06,22,1.2767832573195968e-05,1,1,sgd,"{'neurons_per_layer_encoder': [20], 'neurons_per_layer_decoder': [20]}",20,[20],[20],[0.017226318889392633],0.7322415867896758,COMPLETE
1002,-0.22233229287298073,2025-01-11 00:17:36.114596,2025-01-11 00:17:37.015034,0 days 00:00:00.900438,0.17178863376380565,72,0.2,20,100,1.2447320178238714e-06,22,1.2694058794970819e-05,1,1,sgd,"{'neurons_per_layer_encoder': [20], 'neurons_per_layer_decoder': [20]}",20,[20],[20],[-0.22233229287298073],0.6739952569996994,COMPLETE
1003,-0.0546178193785154,2025-01-11 00:17:36.254499,2025-01-11 00:17:38.264909,0 days 00:00:02.010410,0.02244463804183798,72,0.2,32,100,0.0009957851636017462,51,1.2593838199017164e-05,1,1,sgd,"{'neurons_per_layer_encoder': [32], 'neurons_per_layer_decoder': [32]}",32,[32],[32],[-0.0546178193785154],0.8324156625693443,COMPLETE
1004,-0.011937200517058821,2025-01-11 00:17:36.548262,2025-01-11 00:17:38.624382,0 days 00:00:02.076120,0.17352327362827943,72,0.2,32,100,2.21334184841922e-06,134,2.1778398927696392e-05,1,2,sgd,"{'neurons_per_layer_encoder': [32, 64], 'neurons_per_layer_decoder': [64]}",32,[64],"[32, 64]",[-0.011937200517058821],0.6685353431459478,COMPLETE
1005,-0.283161225078816,2025-01-11 00:17:36.670679,2025-01-11 00:17:37.896823,0 days 00:00:01.226144,0.1700000629100331,72,0.2,32,100,0.0009168791788420431,134,2.098084990718917e-05,1,2,sgd,"{'neurons_per_layer_encoder': [32, 64], 'neurons_per_layer_decoder': [64]}",32,[64],"[32, 64]",[-0.283161225078816],0.869769651009349,COMPLETE
1006,-0.433891053886736,2025-01-11 00:17:37.023560,2025-01-11 00:17:38.023064,0 days 00:00:00.999504,0.1303583861758102,104,0.2,32,100,2.282026333374428e-06,134,1.5342463144519243e-05,1,2,sgd,"{'neurons_per_layer_encoder': [32, 64], 'neurons_per_layer_decoder': [64]}",32,[64],"[32, 64]",[-0.433891053886736],0.45448761765665685,COMPLETE
1007,-0.2422858381952837,2025-01-11 00:17:37.570726,2025-01-11 00:17:38.552873,0 days 00:00:00.982147,0.12854272047487889,72,0.2,32,100,0.0008957937314722006,134,2.1948591548770868e-05,1,2,sgd,"{'neurons_per_layer_encoder': [32, 64], 'neurons_per_layer_decoder': [64]}",32,[64],"[32, 64]",[-0.2422858381952837],0.8567757774085075,COMPLETE
1008,0.06513758903194256,2025-01-11 00:17:37.904827,2025-01-11 00:17:39.491644,0 days 00:00:01.586817,0.1300487501574755,72,0.2,4,100,2.252775190274751e-06,4,1.6073407674022355e-05,1,1,sgd,"{'neurons_per_layer_encoder': [4], 'neurons_per_layer_decoder': [8]}",4,[8],[4],[0.06513758903194256],0.7417327742233214,COMPLETE
1009,-0.013157389758175375,2025-01-11 00:17:38.032452,2025-01-11 00:17:40.059469,0 days 00:00:02.027017,0.15864152759250316,72,0.2,12,100,1.729427839979168e-06,13,1.6762053340702755e-05,1,1,sgd,"{'neurons_per_layer_encoder': [12], 'neurons_per_layer_decoder': [12]}",12,[12],[12],[-0.013157389758175375],0.620374302093202,COMPLETE
1010,-0.4206103691672689,2025-01-11 00:17:38.275484,2025-01-11 00:17:39.201015,0 days 00:00:00.925531,0.16026682884991988,48,0.2,12,100,1.77102281530899e-06,13,1.7569575911585145e-05,1,1,sgd,"{'neurons_per_layer_encoder': [12], 'neurons_per_layer_decoder': [12]}",12,[12],[12],[-0.4206103691672689],0.4852780679823726,COMPLETE
1011,-0.04052530695389067,2025-01-11 00:17:38.562291,2025-01-11 00:17:40.143853,0 days 00:00:01.581562,0.1597148458158121,56,0.2,12,100,1.7428075804033957e-06,13,1.731101372624892e-05,1,1,sgd,"{'neurons_per_layer_encoder': [12], 'neurons_per_layer_decoder': [12]}",12,[12],[12],[-0.04052530695389067],0.8241130175747399,COMPLETE
1012,-0.9214040688609413,2025-01-11 00:17:38.642180,2025-01-11 00:17:39.803781,0 days 00:00:01.161601,0.16026978665775135,48,0.1,12,100,1.7327457194410108e-06,13,1.5913805639248335e-05,1,1,sgd,"{'neurons_per_layer_encoder': [12], 'neurons_per_layer_decoder': [12]}",12,[12],[12],[-0.9214040688609413],0.4316888550126749,COMPLETE
1013,-0.40549597981358665,2025-01-11 00:17:39.209069,2025-01-11 00:17:40.133873,0 days 00:00:00.924804,0.1409589655553313,56,0.2,4,100,1.72402126510933e-06,4,0.00013418240263559703,1,1,sgd,"{'neurons_per_layer_encoder': [4], 'neurons_per_layer_decoder': [8]}",4,[8],[4],[-0.40549597981358665],0.617798706032926,COMPLETE
1014,-0.16512029122387206,2025-01-11 00:17:39.500232,2025-01-11 00:17:41.147366,0 days 00:00:01.647134,0.14152524975794878,56,0.1,16,100,1.6855217083795309e-06,17,1.1277586988196906e-05,1,1,sgd,"{'neurons_per_layer_encoder': [16], 'neurons_per_layer_decoder': [16]}",16,[16],[16],[-0.16512029122387206],0.5912666239439853,COMPLETE
1015,-0.26426103249268573,2025-01-11 00:17:39.812255,2025-01-11 00:17:40.933464,0 days 00:00:01.121209,0.14197493925523505,56,0.2,16,100,1.930911059989218e-06,17,1.0778033180498106e-05,1,1,sgd,"{'neurons_per_layer_encoder': [16], 'neurons_per_layer_decoder': [16]}",16,[16],[16],[-0.26426103249268573],0.5091596559435838,COMPLETE
1016,-0.324756311059208,2025-01-11 00:17:40.068531,2025-01-11 00:17:41.491829,0 days 00:00:01.423298,0.1398426801635669,56,0.2,24,100,3.331223233027362e-06,42,1.1331686179025935e-05,1,1,sgd,"{'neurons_per_layer_encoder': [24], 'neurons_per_layer_decoder': [24]}",24,[24],[24],[-0.324756311059208],0.620628851552248,COMPLETE
1017,-0.2549469787009484,2025-01-11 00:17:40.153765,2025-01-11 00:17:41.115427,0 days 00:00:00.961662,0.13847222856052255,64,0.2,24,100,3.2617319339745624e-06,42,1.157615046444526e-05,1,1,sgd,"{'neurons_per_layer_encoder': [24], 'neurons_per_layer_decoder': [24]}",24,[24],[24],[-0.2549469787009484],0.6038444214385339,COMPLETE
1018,-0.03816013626109016,2025-01-11 00:17:40.154777,2025-01-11 00:17:42.048910,0 days 00:00:01.894133,0.013901463883157621,64,0.2,24,100,3.2522164889069093e-06,42,1.0791438714459935e-05,1,1,sgd,"{'neurons_per_layer_encoder': [24], 'neurons_per_layer_decoder': [24]}",24,[24],[24],[-0.03816013626109016],0.682038586933403,COMPLETE
1019,-0.29740149132325255,2025-01-11 00:17:40.942507,2025-01-11 00:17:41.962816,0 days 00:00:01.020309,0.011053504330024158,64,0.2,44,100,3.193527664146184e-06,80,1.1236621114001686e-05,1,1,sgd,"{'neurons_per_layer_encoder': [44], 'neurons_per_layer_decoder': [44]}",44,[44],[44],[-0.29740149132325255],0.7199916574192025,COMPLETE
1020,-0.19111310366330336,2025-01-11 00:17:41.125801,2025-01-11 00:17:42.076900,0 days 00:00:00.951099,0.07787468131060905,64,0.2,48,100,3.026983229256415e-06,68,1.4586406938643626e-05,1,1,sgd,"{'neurons_per_layer_encoder': [48], 'neurons_per_layer_decoder': [48]}",48,[48],[48],[-0.19111310366330336],0.56053536910289,COMPLETE
1021,-0.3102653923428813,2025-01-11 00:17:41.159285,2025-01-11 00:17:42.223991,0 days 00:00:01.064706,0.07904869169190033,64,0.2,44,100,3.068517569159791e-06,80,1.4573260981834133e-05,1,1,sgd,"{'neurons_per_layer_encoder': [44], 'neurons_per_layer_decoder': [44]}",44,[44],[44],[-0.3102653923428813],0.7350769400509475,COMPLETE
1022,0.20613640611451223,2025-01-11 00:17:41.500931,2025-01-11 00:17:42.461410,0 days 00:00:00.960479,0.09410365656174825,64,0.2,4,100,2.9285621963260987e-06,4,1.4427860851941913e-05,1,1,sgd,"{'neurons_per_layer_encoder': [4], 'neurons_per_layer_decoder': [8]}",4,[8],[4],[0.20613640611451223],0.7174581987123158,COMPLETE
1023,-0.005240265830723789,2025-01-11 00:17:41.971406,2025-01-11 00:17:43.950473,0 days 00:00:01.979067,0.08526458790693611,64,0.2,4,100,1.1466945197253781e-06,4,1.2646479574468049e-05,1,1,sgd,"{'neurons_per_layer_encoder': [4], 'neurons_per_layer_decoder': [8]}",4,[8],[4],[-0.005240265830723789],0.6723964452991092,COMPLETE
1024,0.039345373259108474,2025-01-11 00:17:42.062197,2025-01-11 00:17:44.057707,0 days 00:00:01.995510,0.07857703628640693,64,0.2,48,100,7.740842503701454e-06,68,1.4271884710210386e-05,1,1,sgd,"{'neurons_per_layer_encoder': [48], 'neurons_per_layer_decoder': [48]}",48,[48],[48],[0.039345373259108474],0.7292037120900117,COMPLETE
1025,-0.031212862023321852,2025-01-11 00:17:42.091465,2025-01-11 00:17:44.792055,0 days 00:00:02.700590,0.11738698303978448,48,0.2,4,100,0.0006502145167311638,8,0.008029726674754665,1,2,adadelta,"{'neurons_per_layer_encoder': [4, 8], 'neurons_per_layer_decoder': [8]}",4,[8],"[4, 8]",[-0.031212862023321852],0.776422507010521,COMPLETE
1026,-1.2575009143954343,2025-01-11 00:17:42.233929,2025-01-11 00:17:44.342421,0 days 00:00:02.108492,0.1223264735766107,88,0.2,4,100,0.0006798976659192023,4,1.0030321434536593e-05,1,1,adadelta,"{'neurons_per_layer_encoder': [4], 'neurons_per_layer_decoder': [8]}",4,[8],[4],[-1.2575009143954343],0.6145562250299824,COMPLETE
1027,-0.1916489423843224,2025-01-11 00:17:42.470310,2025-01-11 00:17:44.132535,0 days 00:00:01.662225,0.08752546636016752,48,0.2,28,100,8.012058890576423e-06,93,1.345097628801077e-05,1,2,adadelta,"{'neurons_per_layer_encoder': [28, 56], 'neurons_per_layer_decoder': [56]}",28,[56],"[28, 56]",[-0.1916489423843224],0.7465164812184932,COMPLETE
1028,-0.16741212514122883,2025-01-11 00:17:43.960200,2025-01-11 00:17:45.823811,0 days 00:00:01.863611,0.1192466039467749,48,0.2,36,100,6.18532456787239e-06,95,1.0093059369658915e-05,1,2,adadelta,"{'neurons_per_layer_encoder': [36, 72], 'neurons_per_layer_decoder': [72]}",36,[72],"[36, 72]",[-0.16741212514122883],0.6981998497114371,COMPLETE
1029,-0.4932755022843114,2025-01-11 00:17:44.069047,2025-01-11 00:17:45.803844,0 days 00:00:01.734797,0.12002956072524239,48,0.2,20,100,0.0006692168546735889,60,1.9660092248342674e-05,1,2,adadelta,"{'neurons_per_layer_encoder': [20, 40], 'neurons_per_layer_decoder': [40]}",20,[40],"[20, 40]",[-0.4932755022843114],0.772241243269994,COMPLETE
1030,-0.376841342056051,2025-01-11 00:17:44.148664,2025-01-11 00:17:46.700060,0 days 00:00:02.551396,0.12225877517794138,48,0.2,16,100,0.0006316284389240209,312,0.007930445119155758,1,5,adadelta,"{'neurons_per_layer_encoder': [16, 32, 64, 128, 256], 'neurons_per_layer_decoder': [256]}",16,[256],"[16, 32, 64, 128, 256]",[-0.376841342056051],0.9390178747915437,COMPLETE
1031,-0.5620080729926369,2025-01-11 00:17:44.350923,2025-01-11 00:17:46.746421,0 days 00:00:02.395498,0.15027865747633748,48,0.2,16,100,1.4629420760550893e-06,51,1.8205196978557068e-05,1,2,adadelta,"{'neurons_per_layer_encoder': [16, 32], 'neurons_per_layer_decoder': [32]}",16,[32],"[16, 32]",[-0.5620080729926369],0.5093963863161644,COMPLETE
1032,-0.19607655709830119,2025-01-11 00:17:44.801497,2025-01-11 00:17:47.431781,0 days 00:00:02.630284,0.1521689766139663,48,0.2,20,100,2.3633780778477505e-06,22,1.8568042036413368e-05,1,1,adadelta,"{'neurons_per_layer_encoder': [20], 'neurons_per_layer_decoder': [20]}",20,[20],[20],[-0.19607655709830119],0.6783536286063787,COMPLETE
1033,-0.1281158195266241,2025-01-11 00:17:45.812684,2025-01-11 00:17:46.766198,0 days 00:00:00.953514,0.15233040208748205,56,0.2,36,100,1.4772222490872899e-06,71,1.381160601579439e-05,1,1,sgd,"{'neurons_per_layer_encoder': [36], 'neurons_per_layer_decoder': [36]}",36,[36],[36],[-0.1281158195266241],0.48614991448713596,COMPLETE
1034,-0.02243297990414339,2025-01-11 00:17:45.835149,2025-01-11 00:17:46.955741,0 days 00:00:01.120592,0.1541536056403065,56,0.2,16,100,2.0890945189416476e-06,17,1.6212387803665486e-05,1,1,sgd,"{'neurons_per_layer_encoder': [16], 'neurons_per_layer_decoder': [16]}",16,[16],[16],[-0.02243297990414339],0.8024419905757659,COMPLETE
1035,-0.341729154538271,2025-01-11 00:17:46.709270,2025-01-11 00:17:47.647018,0 days 00:00:00.937748,0.1493865925870651,56,0.2,28,100,1.4767477011696951e-06,46,1.2962132227001479e-05,1,1,sgd,"{'neurons_per_layer_encoder': [28], 'neurons_per_layer_decoder': [28]}",28,[28],[28],[-0.341729154538271],0.665208852916337,COMPLETE
1036,-0.3257132283833022,2025-01-11 00:17:46.758447,2025-01-11 00:17:48.661164,0 days 00:00:01.902717,0.15253054703621394,56,0.2,40,100,3.1467688014251096e-05,60,1.2851778339960572e-05,1,1,sgd,"{'neurons_per_layer_encoder': [40], 'neurons_per_layer_decoder': [40]}",40,[40],[40],[-0.3257132283833022],0.6438737412741612,COMPLETE
1037,-0.16378273648245645,2025-01-11 00:17:46.774694,2025-01-11 00:17:47.868678,0 days 00:00:01.093984,0.014867376868429292,56,0.1,28,100,2.069844659276101e-06,46,1.6001634438303378e-05,1,1,sgd,"{'neurons_per_layer_encoder': [28], 'neurons_per_layer_decoder': [28]}",28,[28],[28],[-0.16378273648245645],0.648229577388697,COMPLETE
1038,-0.14958477869622278,2025-01-11 00:17:46.965012,2025-01-11 00:17:48.027955,0 days 00:00:01.062943,0.1325588528662375,72,0.2,28,100,2.2317654338292468e-06,200,1.2325362228555627e-05,1,3,sgd,"{'neurons_per_layer_encoder': [28, 56, 112], 'neurons_per_layer_decoder': [112]}",28,[112],"[28, 56, 112]",[-0.14958477869622278],0.641497638111212,COMPLETE
1039,0.13164070785728,2025-01-11 00:17:47.441155,2025-01-11 00:17:49.655597,0 days 00:00:02.214442,0.12889687496883384,80,0.1,28,100,4.0340118021102355e-06,184,1.304386363510467e-05,1,3,sgd,"{'neurons_per_layer_encoder': [28, 56, 112], 'neurons_per_layer_decoder': [112]}",28,[112],"[28, 56, 112]",[0.13164070785728],0.7111354725781901,COMPLETE
1040,-0.09847169966145497,2025-01-11 00:17:47.655979,2025-01-11 00:17:49.529903,0 days 00:00:01.873924,0.13203368651156377,72,0.1,12,100,1.9869173941540026e-06,68,1.0024967953379092e-05,1,3,sgd,"{'neurons_per_layer_encoder': [12, 24, 48], 'neurons_per_layer_decoder': [48]}",12,[48],"[12, 24, 48]",[-0.09847169966145497],0.6523210043278332,COMPLETE
1041,0.13105305124199573,2025-01-11 00:17:47.877917,2025-01-11 00:17:50.035750,0 days 00:00:02.157833,0.1312617003527499,64,0.2,12,100,1.1331750726508883e-06,68,1.192405674745893e-05,1,3,sgd,"{'neurons_per_layer_encoder': [12, 24, 48], 'neurons_per_layer_decoder': [48]}",12,[48],"[12, 24, 48]",[0.13105305124199573],0.7183813070173035,COMPLETE
1042,-0.4641746802831226,2025-01-11 00:17:48.038235,2025-01-11 00:17:48.946864,0 days 00:00:00.908629,0.10547343130665061,64,0.2,92,100,3.967370202091102e-06,164,1.0047243141851051e-05,1,1,sgd,"{'neurons_per_layer_encoder': [92], 'neurons_per_layer_decoder': [92]}",92,[92],[92],[-0.4641746802831226],0.6612085136363776,COMPLETE
1043,0.06877127526123206,2025-01-11 00:17:48.671580,2025-01-11 00:17:50.908807,0 days 00:00:02.237227,0.0697584536532968,80,0.2,12,100,0.0008073583792993359,13,2.0336810562780646e-05,1,1,adadelta,"{'neurons_per_layer_encoder': [12], 'neurons_per_layer_decoder': [12]}",12,[12],[12],[0.06877127526123206],0.7752473455863866,COMPLETE
1044,-0.4808265918003356,2025-01-11 00:17:49.538598,2025-01-11 00:17:51.202301,0 days 00:00:01.663703,0.16838831587222097,64,0.2,8,100,1.133560120568451e-06,8,1.440210662246068e-05,1,1,adadelta,"{'neurons_per_layer_encoder': [8], 'neurons_per_layer_decoder': [8]}",8,[8],[8],[-0.4808265918003356],0.6975475049833988,COMPLETE
1045,0.37728579489094793,2025-01-11 00:17:50.044434,2025-01-11 00:17:52.356821,0 days 00:00:02.312387,0.16212158739950497,64,0.2,24,100,2.5020834567604186e-06,42,2.1873027088239216e-05,1,1,adadelta,"{'neurons_per_layer_encoder': [24], 'neurons_per_layer_decoder': [24]}",24,[24],[24],[0.37728579489094793],0.824916815908735,COMPLETE
1046,-0.13432937854771465,2025-01-11 00:17:50.917742,2025-01-11 00:17:52.179695,0 days 00:00:01.261953,0.16893361430450143,64,0.2,20,100,1.2878943418621367e-06,22,1.420256381591813e-05,1,1,adadelta,"{'neurons_per_layer_encoder': [20], 'neurons_per_layer_decoder': [20]}",20,[20],[20],[-0.13432937854771465],0.6465892978564391,COMPLETE
1047,-0.6782273090598445,2025-01-11 00:17:52.186990,2025-01-11 00:17:53.497319,0 days 00:00:01.310329,0.02088261977097651,56,0.2,36,100,2.5566668306988117e-06,71,1.684836579190259e-05,1,1,sgd,"{'neurons_per_layer_encoder': [36], 'neurons_per_layer_decoder': [36]}",36,[36],[36],[-0.6782273090598445],0.4877759613322436,COMPLETE
1048,-0.1185111217891992,2025-01-11 00:17:52.364900,2025-01-11 00:17:53.606457,0 days 00:00:01.241557,0.13892490435924643,64,0.2,20,100,2.576722799888972e-06,22,2.296430130423159e-05,1,1,adadelta,"{'neurons_per_layer_encoder': [20], 'neurons_per_layer_decoder': [20]}",20,[20],[20],[-0.1185111217891992],0.5660956177608181,COMPLETE
1049,-0.18294288082752064,2025-01-11 00:17:53.504433,2025-01-11 00:17:54.665525,0 days 00:00:01.161092,0.14334962649779237,64,0.2,20,100,2.843192487320975e-06,22,2.3769140117590188e-05,1,1,adadelta,"{'neurons_per_layer_encoder': [20], 'neurons_per_layer_decoder': [20]}",20,[20],[20],[-0.18294288082752064],0.6497306347374139,COMPLETE
1050,-0.03588761161536347,2025-01-11 00:18:28.643975,2025-01-11 00:18:30.111117,0 days 00:00:01.467142,0.14527130771669466,64,0.2,8,100,2.7216332557303626e-06,8,2.149677013883624e-05,1,1,adadelta,"{'neurons_per_layer_encoder': [8], 'neurons_per_layer_decoder': [8]}",8,[8],[8],[-0.03588761161536347],0.6325917748211283,COMPLETE
1051,-0.005147988803195558,2025-01-11 00:18:28.658533,2025-01-11 00:18:29.978702,0 days 00:00:01.320169,0.11001042256021412,64,0.2,8,100,0.0008451014439707961,8,2.1645812925854498e-05,1,1,adadelta,"{'neurons_per_layer_encoder': [8], 'neurons_per_layer_decoder': [8]}",8,[8],[8],[-0.005147988803195558],0.727466249004455,COMPLETE
1052,-0.13733736294147803,2025-01-11 00:18:28.663117,2025-01-11 00:18:30.056433,0 days 00:00:01.393316,0.11430181180816362,64,0.2,100,100,0.0008178548246702088,108,2.3166944479276148e-05,1,1,adadelta,"{'neurons_per_layer_encoder': [100], 'neurons_per_layer_decoder': [100]}",100,[100],[100],[-0.13733736294147803],0.8787368230917383,COMPLETE
1053,-0.15007704472031858,2025-01-11 00:18:28.667184,2025-01-11 00:18:30.103642,0 days 00:00:01.436458,0.10944162243685464,64,0.2,8,100,0.000865666386323935,8,2.151500608157243e-05,1,1,adadelta,"{'neurons_per_layer_encoder': [8], 'neurons_per_layer_decoder': [8]}",8,[8],[8],[-0.15007704472031858],0.7223745568310589,COMPLETE
1054,0.24580469370545677,2025-01-11 00:18:28.669221,2025-01-11 00:18:31.210449,0 days 00:00:02.541228,0.1593584786981923,64,0.2,8,100,0.0009976540260904403,8,2.189697828584546e-05,1,1,adadelta,"{'neurons_per_layer_encoder': [8], 'neurons_per_layer_decoder': [8]}",8,[8],[8],[0.24580469370545677],0.8400351131222356,COMPLETE
1055,-0.3013316601504028,2025-01-11 00:18:29.990605,2025-01-11 00:18:31.354049,0 days 00:00:01.363444,0.031972737587084785,64,0.2,24,100,3.5556125237447293e-06,42,2.0961419083293108e-05,1,1,adadelta,"{'neurons_per_layer_encoder': [24], 'neurons_per_layer_decoder': [24]}",24,[24],[24],[-0.3013316601504028],0.5771718600414261,COMPLETE
1056,-0.27369670830406023,2025-01-11 00:18:30.073113,2025-01-11 00:18:32.346966,0 days 00:00:02.273853,0.024174527962170574,64,0.2,24,100,3.6075086321460075e-06,42,2.0756039029417362e-05,1,1,adadelta,"{'neurons_per_layer_encoder': [24], 'neurons_per_layer_decoder': [24]}",24,[24],[24],[-0.27369670830406023],0.5846495133086268,COMPLETE
1057,-0.3054539151990716,2025-01-11 00:18:30.127737,2025-01-11 00:18:31.480260,0 days 00:00:01.352523,0.1594590095719993,64,0.2,16,100,0.0007325501525263838,17,1.8775251005526167e-05,1,1,adadelta,"{'neurons_per_layer_encoder': [16], 'neurons_per_layer_decoder': [16]}",16,[16],[16],[-0.3054539151990716],0.7844266327901647,COMPLETE
1058,-0.5257386294505895,2025-01-11 00:18:30.129866,2025-01-11 00:18:31.574965,0 days 00:00:01.445099,0.15609313498271232,64,0.2,16,100,3.7550775660277657e-06,17,2.0262630263465794e-05,1,1,adadelta,"{'neurons_per_layer_encoder': [16], 'neurons_per_layer_decoder': [16]}",16,[16],[16],[-0.5257386294505895],0.5435839769130258,COMPLETE
1059,-0.48696769419888963,2025-01-11 00:18:31.222241,2025-01-11 00:18:32.863018,0 days 00:00:01.640777,0.13516722292912056,64,0.2,52,100,3.564166910437306e-06,128,1.974814844441116e-05,1,2,adadelta,"{'neurons_per_layer_encoder': [52, 104], 'neurons_per_layer_decoder': [104]}",52,[104],"[52, 104]",[-0.48696769419888963],0.5612877123113272,COMPLETE
1060,0.040115432053184685,2025-01-11 00:18:31.463596,2025-01-11 00:18:34.091544,0 days 00:00:02.627948,0.07064488066923552,72,0.2,16,100,0.0007322078799232882,51,1.9624764656723662e-05,1,2,adadelta,"{'neurons_per_layer_encoder': [16, 32], 'neurons_per_layer_decoder': [32]}",16,[32],"[16, 32]",[0.040115432053184685],0.8355752743380379,COMPLETE
1061,-0.3813684537988531,2025-01-11 00:18:31.594577,2025-01-11 00:18:33.388606,0 days 00:00:01.794029,0.0673502056081666,72,0.2,24,100,1.3895854517281627e-06,68,0.008692569054317175,1,2,adadelta,"{'neurons_per_layer_encoder': [24, 48], 'neurons_per_layer_decoder': [48]}",24,[48],"[24, 48]",[-0.3813684537988531],0.5083237418789089,COMPLETE
