number,value,datetime_start,datetime_complete,duration,params_alpha,params_batch_size,params_drop_out_rate,params_encoder_neurons_layer_1,params_epochs,params_lambda,params_latent_dim,params_learning_rate,params_num_layers_decoder,params_num_layers_encoder,params_optimizer,user_attrs_encoder_decoder_config,user_attrs_first_layer_neurons,user_attrs_neurons_per_layer_decoder,user_attrs_neurons_per_layer_encoder,user_attrs_r2_feature_1,user_attrs_relative_deterioration,state
422,-0.23262540902244044,2025-01-10 14:25:52.176809,2025-01-10 14:25:53.940313,0 days 00:00:01.763504,0.07328573301448323,72,0.2,32,100,2.9036995685066785e-06,102,1.3013558437479309e-05,1,2,sgd,"{'neurons_per_layer_encoder': [32, 64], 'neurons_per_layer_decoder': [64]}",32,[64],"[32, 64]",[-0.23262540902244044],0.664473101736268,COMPLETE
423,0.03529920559990807,2025-01-10 14:25:52.547157,2025-01-10 14:25:54.675131,0 days 00:00:02.127974,0.07347898210379793,72,0.2,32,100,2.539609806374177e-06,102,1.1336313037110186e-05,1,2,sgd,"{'neurons_per_layer_encoder': [32, 64], 'neurons_per_layer_decoder': [64]}",32,[64],"[32, 64]",[0.03529920559990807],0.664928101996118,COMPLETE
424,-0.19069483838902035,2025-01-10 14:25:52.750713,2025-01-10 14:25:53.946783,0 days 00:00:01.196070,0.07222584918520285,72,0.2,32,100,2.6309471679566125e-06,232,1.0398258731923076e-05,1,3,sgd,"{'neurons_per_layer_encoder': [32, 64, 128], 'neurons_per_layer_decoder': [128]}",32,[128],"[32, 64, 128]",[-0.19069483838902035],0.5490303133751785,COMPLETE
425,-0.14047145981650644,2025-01-10 14:25:52.959699,2025-01-10 14:25:53.959526,0 days 00:00:00.999827,0.07349986571686573,72,0.2,20,100,3.873900286161129e-06,76,1.1943837799521428e-05,1,2,sgd,"{'neurons_per_layer_encoder': [20, 40], 'neurons_per_layer_decoder': [40]}",20,[40],"[20, 40]",[-0.14047145981650644],0.6418903000233995,COMPLETE
426,-0.07861545245974066,2025-01-10 14:25:53.825414,2025-01-10 14:25:54.807120,0 days 00:00:00.981706,0.07566328481104458,72,0.2,28,100,3.2245149109811084e-06,93,1.0402480229189268e-05,1,2,sgd,"{'neurons_per_layer_encoder': [28, 56], 'neurons_per_layer_decoder': [56]}",28,[56],"[28, 56]",[-0.07861545245974066],0.7568842302070956,COMPLETE
427,-0.20817298287136432,2025-01-10 14:25:53.952095,2025-01-10 14:25:54.946097,0 days 00:00:00.994002,0.0814005034947531,72,0.2,24,100,2.9579722928517223e-06,100,1.3679586281343466e-05,1,2,sgd,"{'neurons_per_layer_encoder': [24, 48], 'neurons_per_layer_decoder': [48]}",24,[48],"[24, 48]",[-0.20817298287136432],0.6278190738581315,COMPLETE
428,0.0504823594038456,2025-01-10 14:25:53.967032,2025-01-10 14:25:56.109209,0 days 00:00:02.142177,0.07614219323100659,72,0.2,20,100,3.076719185787697e-06,60,1.539817479235367e-05,1,2,sgd,"{'neurons_per_layer_encoder': [20, 40], 'neurons_per_layer_decoder': [40]}",20,[40],"[20, 40]",[0.0504823594038456],0.6514761796388822,COMPLETE
429,-0.04017295911048335,2025-01-10 14:25:53.972493,2025-01-10 14:25:55.093559,0 days 00:00:01.121066,0.06960793988988735,72,0.2,20,100,4.234921549635785e-06,76,1.0858297512970198e-05,1,2,sgd,"{'neurons_per_layer_encoder': [20, 40], 'neurons_per_layer_decoder': [40]}",20,[40],"[20, 40]",[-0.04017295911048335],0.7232596170031337,COMPLETE
430,0.0497716190951889,2025-01-10 14:25:54.684084,2025-01-10 14:25:56.902722,0 days 00:00:02.218638,0.07938336784731377,72,0.2,24,100,3.0719066242155255e-06,120,1.305864304678375e-05,1,3,sgd,"{'neurons_per_layer_encoder': [24, 48, 96], 'neurons_per_layer_decoder': [96]}",24,[96],"[24, 48, 96]",[0.0497716190951889],0.6649015429854185,COMPLETE
431,-0.024814396383876725,2025-01-10 14:25:54.816538,2025-01-10 14:25:55.790674,0 days 00:00:00.974136,0.07080800411485502,72,0.2,20,100,2.9802403084491786e-06,60,1.4136189385042514e-05,1,2,sgd,"{'neurons_per_layer_encoder': [20, 40], 'neurons_per_layer_decoder': [40]}",20,[40],"[20, 40]",[-0.024814396383876725],0.732457134351833,COMPLETE
432,-0.0632612006424802,2025-01-10 14:25:54.954218,2025-01-10 14:25:56.044155,0 days 00:00:01.089937,0.07740439589106023,64,0.2,36,100,3.4463415765959774e-06,143,1.3733448845974575e-05,1,2,sgd,"{'neurons_per_layer_encoder': [36, 72], 'neurons_per_layer_decoder': [72]}",36,[72],"[36, 72]",[-0.0632612006424802],0.7229733413281519,COMPLETE
433,-0.258075359438088,2025-01-10 14:25:55.102668,2025-01-10 14:25:56.182797,0 days 00:00:01.080129,0.07825253233961994,64,0.2,36,100,1.7285304692283727e-06,344,1.41067281952956e-05,1,3,sgd,"{'neurons_per_layer_encoder': [36, 72, 144], 'neurons_per_layer_decoder': [144]}",36,[144],"[36, 72, 144]",[-0.258075359438088],0.5604134157028542,COMPLETE
434,-0.178171690553806,2025-01-10 14:25:55.799926,2025-01-10 14:25:56.878383,0 days 00:00:01.078457,0.06342087751935142,64,0.2,40,100,1.9625830509127206e-06,184,1.6103367823128938e-05,1,3,sgd,"{'neurons_per_layer_encoder': [40, 80, 160], 'neurons_per_layer_decoder': [160]}",40,[160],"[40, 80, 160]",[-0.178171690553806],0.6082423230980987,COMPLETE
435,-0.20625666983214797,2025-01-10 14:25:56.052133,2025-01-10 14:25:57.129625,0 days 00:00:01.077492,0.06856337025235262,64,0.2,36,100,2.1515059755053223e-06,168,1.3083859501536436e-05,1,3,sgd,"{'neurons_per_layer_encoder': [36, 72, 144], 'neurons_per_layer_decoder': [144]}",36,[144],"[36, 72, 144]",[-0.20625666983214797],0.5572460354182132,COMPLETE
436,-0.18468812616574914,2025-01-10 14:25:56.117907,2025-01-10 14:25:57.320904,0 days 00:00:01.202997,0.06899541876932745,64,0.2,36,100,3.687638540695921e-06,168,1.63255580671121e-05,1,3,sgd,"{'neurons_per_layer_encoder': [36, 72, 144], 'neurons_per_layer_decoder': [144]}",36,[144],"[36, 72, 144]",[-0.18468812616574914],0.5887382855306859,COMPLETE
437,-0.18838221892245066,2025-01-10 14:25:56.190930,2025-01-10 14:25:57.464075,0 days 00:00:01.273145,0.06886831403848204,64,0.2,28,100,3.2379070630492578e-06,136,1.248011389454982e-05,1,3,sgd,"{'neurons_per_layer_encoder': [28, 56, 112], 'neurons_per_layer_decoder': [112]}",28,[112],"[28, 56, 112]",[-0.18838221892245066],0.5864308831013658,COMPLETE
438,-0.09126604646041958,2025-01-10 14:25:56.888162,2025-01-10 14:25:57.969846,0 days 00:00:01.081684,0.06632693026043233,72,0.2,32,100,0.0003705524019278654,296,1.6908716836760694e-05,1,3,sgd,"{'neurons_per_layer_encoder': [32, 64, 128], 'neurons_per_layer_decoder': [128]}",32,[128],"[32, 64, 128]",[-0.09126604646041958],0.8743120876424059,COMPLETE
439,-0.009652669546434511,2025-01-10 14:25:56.926392,2025-01-10 14:25:58.193221,0 days 00:00:01.266829,0.0688592602359717,72,0.2,52,100,3.9229373197438115e-06,520,1.822838226377582e-05,1,4,sgd,"{'neurons_per_layer_encoder': [52, 104, 208, 416], 'neurons_per_layer_decoder': [416]}",52,[416],"[52, 104, 208, 416]",[-0.009652669546434511],0.7769563124435291,COMPLETE
440,-0.048121105531271136,2025-01-10 14:25:57.137820,2025-01-10 14:25:59.445522,0 days 00:00:02.307702,0.05681635595428472,72,0.2,52,100,3.4626332392085913e-06,584,1.8014996596700073e-05,1,4,sgd,"{'neurons_per_layer_encoder': [52, 104, 208, 416], 'neurons_per_layer_decoder': [416]}",52,[416],"[52, 104, 208, 416]",[-0.048121105531271136],0.6764729207714122,COMPLETE
441,-0.008900246218494612,2025-01-10 14:25:57.329942,2025-01-10 14:26:00.014798,0 days 00:00:02.684856,0.08665499727271443,72,0.2,52,100,3.7803272901686863e-06,520,1.752300512888106e-05,1,4,sgd,"{'neurons_per_layer_encoder': [52, 104, 208, 416], 'neurons_per_layer_decoder': [416]}",52,[416],"[52, 104, 208, 416]",[-0.008900246218494612],0.7368821130799094,COMPLETE
442,-0.05954904152958984,2025-01-10 14:25:57.471860,2025-01-10 14:25:59.976186,0 days 00:00:02.504326,0.08795230853710065,72,0.2,52,100,3.6987232115841227e-06,760,1.7275237080424455e-05,1,4,sgd,"{'neurons_per_layer_encoder': [52, 104, 208, 416], 'neurons_per_layer_decoder': [416]}",52,[416],"[52, 104, 208, 416]",[-0.05954904152958984],0.6331044867983302,COMPLETE
443,-0.3895325283866118,2025-01-10 14:25:57.978907,2025-01-10 14:25:59.165702,0 days 00:00:01.186795,0.06257921213579101,72,0.2,52,100,3.677034676293574e-06,105,1.5768340208880096e-05,1,1,sgd,"{'neurons_per_layer_encoder': [52], 'neurons_per_layer_decoder': [52]}",52,[52],[52],[-0.3895325283866118],0.6997704672233164,COMPLETE
444,-0.09332391121964312,2025-01-10 14:25:58.201677,2025-01-10 14:26:00.319989,0 days 00:00:02.118312,0.05722811346682709,72,0.2,48,100,0.0003261715573354633,100,0.0001116868742851051,1,1,sgd,"{'neurons_per_layer_encoder': [48], 'neurons_per_layer_decoder': [48]}",48,[48],[48],[-0.09332391121964312],0.7070550297639137,COMPLETE
445,-0.003462012346068466,2025-01-10 14:25:59.175162,2025-01-10 14:26:00.374337,0 days 00:00:01.199175,0.08502528014085223,72,0.2,48,100,4.346541660226441e-06,100,1.2599190095554043e-05,1,1,sgd,"{'neurons_per_layer_encoder': [48], 'neurons_per_layer_decoder': [48]}",48,[48],[48],[-0.003462012346068466],0.7212853546552569,COMPLETE
446,-0.1058283242115956,2025-01-10 14:25:59.984651,2025-01-10 14:26:00.880515,0 days 00:00:00.895864,0.08062598027393207,72,0.2,60,100,4.332347355714109e-06,114,1.0131937245473392e-05,1,1,sgd,"{'neurons_per_layer_encoder': [60], 'neurons_per_layer_decoder': [60]}",60,[60],[60],[-0.1058283242115956],0.6473219569878772,COMPLETE
447,-0.2684404246207419,2025-01-10 14:26:00.327525,2025-01-10 14:26:02.008846,0 days 00:00:01.681321,0.07788036077547646,32,0.2,64,100,4.629149411479319e-06,102,1.026593199820693e-05,1,1,sgd,"{'neurons_per_layer_encoder': [64], 'neurons_per_layer_decoder': [64]}",64,[64],[64],[-0.2684404246207419],0.4914631899041583,COMPLETE
448,-0.43442684403737863,2025-01-10 14:26:02.015539,2025-01-10 14:26:03.096041,0 days 00:00:01.080502,0.06229270446612676,32,0.2,60,100,1.489266105840623e-06,144,2.4214887120289902e-05,1,2,sgd,"{'neurons_per_layer_encoder': [60, 120], 'neurons_per_layer_decoder': [120]}",60,[120],"[60, 120]",[-0.43442684403737863],0.6380891860646342,COMPLETE
449,0.13948625287203575,2025-01-10 14:26:03.102783,2025-01-10 14:26:04.795448,0 days 00:00:01.692665,0.055690783856421275,64,0.2,40,100,0.0004192230302940884,76,0.004837032708291703,1,1,sgd,"{'neurons_per_layer_encoder': [40], 'neurons_per_layer_decoder': [40]}",40,[40],[40],[0.13948625287203575],0.736191400422155,COMPLETE
450,-0.28871621323340313,2025-01-10 14:26:16.345326,2025-01-10 14:26:17.250057,0 days 00:00:00.904731,0.058939424157037665,64,0.2,40,100,2.4808702071043785e-05,76,0.006006706526249416,1,1,sgd,"{'neurons_per_layer_encoder': [40], 'neurons_per_layer_decoder': [40]}",40,[40],[40],[-0.28871621323340313],0.7213037058259141,COMPLETE
451,-0.03581428781097129,2025-01-10 14:26:16.365288,2025-01-10 14:26:18.181097,0 days 00:00:01.815809,0.054743269173295354,64,0.2,40,100,0.0001313682627180034,76,2.2905927472190095e-05,5,1,sgd,"{'neurons_per_layer_encoder': [40], 'neurons_per_layer_decoder': [40, 20, 10, 8, 8]}",40,"[40, 20, 10, 8, 8]",[40],[-0.03581428781097129],0.7247379467993136,COMPLETE
452,-0.3984022520859485,2025-01-10 14:26:16.400433,2025-01-10 14:26:18.427113,0 days 00:00:02.026680,0.0564479512411246,64,0.2,40,100,0.0003534572956532119,76,0.00529164688287219,1,1,sgd,"{'neurons_per_layer_encoder': [40], 'neurons_per_layer_decoder': [40]}",40,[40],[40],[-0.3984022520859485],0.6143715323104592,COMPLETE
453,-0.06376156598156979,2025-01-10 14:26:16.426974,2025-01-10 14:26:18.031301,0 days 00:00:01.604327,0.05990855606413226,64,0.2,40,100,0.00024670308064347874,76,2.2376561422822498e-05,5,1,sgd,"{'neurons_per_layer_encoder': [40], 'neurons_per_layer_decoder': [40, 20, 10, 8, 8]}",40,"[40, 20, 10, 8, 8]",[40],[-0.06376156598156979],0.7126148732835925,COMPLETE
454,-1.096430014537733,2025-01-10 14:26:16.449837,2025-01-10 14:26:17.371060,0 days 00:00:00.921223,0.059181059019910554,56,0.2,40,100,0.0003933420819783915,76,0.005226151502888464,1,1,sgd,"{'neurons_per_layer_encoder': [40], 'neurons_per_layer_decoder': [40]}",40,[40],[40],[-1.096430014537733],0.5608913210174666,COMPLETE
455,0.11275340871581607,2025-01-10 14:26:17.258511,2025-01-10 14:26:19.308659,0 days 00:00:02.050148,0.05582625781135959,56,0.2,44,100,0.0003427648375763542,80,0.003172484276248611,1,1,sgd,"{'neurons_per_layer_encoder': [44], 'neurons_per_layer_decoder': [44]}",44,[44],[44],[0.11275340871581607],0.7339838046599741,COMPLETE
456,-0.15094284093867527,2025-01-10 14:26:17.379734,2025-01-10 14:26:18.472171,0 days 00:00:01.092437,0.05043736042054206,64,0.2,44,100,0.0001950516595408319,80,0.008166884948633145,1,1,sgd,"{'neurons_per_layer_encoder': [44], 'neurons_per_layer_decoder': [44]}",44,[44],[44],[-0.15094284093867527],0.6753997515381778,COMPLETE
457,-0.8828879981302757,2025-01-10 14:26:18.041078,2025-01-10 14:26:18.968386,0 days 00:00:00.927308,0.0557101500522237,56,0.2,44,100,0.00018485495991213126,80,0.004358439119711128,1,1,sgd,"{'neurons_per_layer_encoder': [44], 'neurons_per_layer_decoder': [44]}",44,[44],[44],[-0.8828879981302757],0.5826704711391065,COMPLETE
458,-1.4877752538160993,2025-01-10 14:26:18.190732,2025-01-10 14:26:19.318186,0 days 00:00:01.127454,0.05064317838017977,56,0.2,28,100,0.00033818487558750116,30,1.4400286682699802e-05,1,1,sgd,"{'neurons_per_layer_encoder': [28], 'neurons_per_layer_decoder': [28]}",28,[28],[28],[-1.4877752538160993],0.4998362137551041,COMPLETE
459,-0.09791508480234068,2025-01-10 14:26:18.437560,2025-01-10 14:26:19.654680,0 days 00:00:01.217120,0.04988717822948142,56,0.2,28,100,0.00018243054355213822,30,0.003951423908260242,1,1,sgd,"{'neurons_per_layer_encoder': [28], 'neurons_per_layer_decoder': [28]}",28,[28],[28],[-0.09791508480234068],0.6230597631045072,COMPLETE
460,-0.4317489163467665,2025-01-10 14:26:18.481192,2025-01-10 14:26:19.400784,0 days 00:00:00.919592,0.07371203399130016,56,0.2,16,100,2.784626244329658e-06,17,2.9871595986416637e-05,1,1,sgd,"{'neurons_per_layer_encoder': [16], 'neurons_per_layer_decoder': [16]}",16,[16],[16],[-0.4317489163467665],0.6292157946967205,COMPLETE
461,-0.050949058266730685,2025-01-10 14:26:18.977231,2025-01-10 14:26:19.892899,0 days 00:00:00.915668,0.07188612004615748,40,0.2,32,100,0.00043904201560796815,51,1.4412233850563907e-05,1,1,sgd,"{'neurons_per_layer_encoder': [32], 'neurons_per_layer_decoder': [32]}",32,[32],[32],[-0.050949058266730685],0.8154699756621645,COMPLETE
462,0.15040547032966012,2025-01-10 14:26:19.317344,2025-01-10 14:26:20.842477,0 days 00:00:01.525133,0.053782751826831406,56,0.2,32,100,0.0002636513965673876,51,0.002876075690841006,1,1,sgd,"{'neurons_per_layer_encoder': [32], 'neurons_per_layer_decoder': [32]}",32,[32],[32],[0.15040547032966012],0.7518489996146641,COMPLETE
463,-0.05834294103295168,2025-01-10 14:26:19.327144,2025-01-10 14:26:20.237981,0 days 00:00:00.910837,0.06389449626986182,56,0.2,32,100,0.0002803401334155196,51,0.004966675412463821,1,1,sgd,"{'neurons_per_layer_encoder': [32], 'neurons_per_layer_decoder': [32]}",32,[32],[32],[-0.05834294103295168],0.715972676997342,COMPLETE
464,-0.3341627152337514,2025-01-10 14:26:19.410124,2025-01-10 14:26:20.302368,0 days 00:00:00.892244,0.06355136441922006,40,0.2,36,100,0.0002909326811000548,71,0.005687526461339767,1,1,sgd,"{'neurons_per_layer_encoder': [36], 'neurons_per_layer_decoder': [36]}",36,[36],[36],[-0.3341627152337514],0.5666861863031236,COMPLETE
465,-0.1613345521995384,2025-01-10 14:26:19.663153,2025-01-10 14:26:21.366891,0 days 00:00:01.703738,0.063556653280266,56,0.2,24,100,0.00028442129880182804,42,9.800983261011787e-05,1,1,sgd,"{'neurons_per_layer_encoder': [24], 'neurons_per_layer_decoder': [24]}",24,[24],[24],[-0.1613345521995384],0.6909715278990974,COMPLETE
466,-0.362800370894081,2025-01-10 14:26:19.901105,2025-01-10 14:26:21.178179,0 days 00:00:01.277074,0.06422257836393024,56,0.2,32,100,0.00029443982781811247,51,0.00010044826773155495,1,1,sgd,"{'neurons_per_layer_encoder': [32], 'neurons_per_layer_decoder': [32]}",32,[32],[32],[-0.362800370894081],0.6519066361729735,COMPLETE
467,-1.1955199339040847,2025-01-10 14:26:20.245912,2025-01-10 14:26:21.267534,0 days 00:00:01.021622,0.06528252421881638,56,0.2,24,100,3.579485221071761e-05,100,0.004527383890266714,1,2,sgd,"{'neurons_per_layer_encoder': [24, 48], 'neurons_per_layer_decoder': [48]}",24,[48],"[24, 48]",[-1.1955199339040847],0.4114513196749472,COMPLETE
468,-0.48448317722965517,2025-01-10 14:26:20.309776,2025-01-10 14:26:21.929312,0 days 00:00:01.619536,0.05629113601872371,32,0.2,24,100,3.605656411576199e-05,42,0.006688546496877799,1,1,sgd,"{'neurons_per_layer_encoder': [24], 'neurons_per_layer_decoder': [24]}",24,[24],[24],[-0.48448317722965517],0.524832641943608,COMPLETE
469,-0.036755894949576096,2025-01-10 14:26:20.850935,2025-01-10 14:26:22.516685,0 days 00:00:01.665750,0.053549110250745637,56,0.2,28,100,0.00021872424321092316,46,0.006123799058266249,1,1,sgd,"{'neurons_per_layer_encoder': [28], 'neurons_per_layer_decoder': [28]}",28,[28],[28],[-0.036755894949576096],0.6261271165606787,COMPLETE
470,-0.20702906210373118,2025-01-10 14:26:21.186380,2025-01-10 14:26:22.244806,0 days 00:00:01.058426,0.055584788071744315,56,0.4,28,100,0.00026394612541348465,30,0.006825208160667079,1,1,sgd,"{'neurons_per_layer_encoder': [28], 'neurons_per_layer_decoder': [28]}",28,[28],[28],[-0.20702906210373118],0.7248767475513105,COMPLETE
471,-0.10074442300595599,2025-01-10 14:26:21.275952,2025-01-10 14:26:23.492330,0 days 00:00:02.216378,0.054913080339775586,56,0.4,28,100,0.0003313136403137463,30,0.003098124588258222,1,1,sgd,"{'neurons_per_layer_encoder': [28], 'neurons_per_layer_decoder': [28]}",28,[28],[28],[-0.10074442300595599],0.6945218571627457,COMPLETE
472,-0.648361464942441,2025-01-10 14:26:21.376409,2025-01-10 14:26:22.766352,0 days 00:00:01.389943,0.05884235505839547,56,0.4,32,100,0.0002573299642142526,51,0.00222534703349308,1,1,sgd,"{'neurons_per_layer_encoder': [32], 'neurons_per_layer_decoder': [32]}",32,[32],[32],[-0.648361464942441],0.6508288805448461,COMPLETE
473,-0.008388380027606113,2025-01-10 14:26:21.937556,2025-01-10 14:26:23.127659,0 days 00:00:01.190103,0.05291422986579378,56,0.4,160,100,0.00030919323583093435,200,0.00309926071422981,1,1,sgd,"{'neurons_per_layer_encoder': [160], 'neurons_per_layer_decoder': [160]}",160,[160],[160],[-0.008388380027606113],0.8277490946240057,COMPLETE
474,0.07989868915963794,2025-01-10 14:26:22.253484,2025-01-10 14:26:23.173119,0 days 00:00:00.919635,0.0534742332990722,56,0.4,48,100,0.0003740097912929794,100,0.0032664940804986533,1,1,sgd,"{'neurons_per_layer_encoder': [48], 'neurons_per_layer_decoder': [48]}",48,[48],[48],[0.07989868915963794],0.7860621737335001,COMPLETE
475,-0.2129765178499754,2025-01-10 14:26:22.526597,2025-01-10 14:26:24.632210,0 days 00:00:02.105613,0.05315821579636983,56,0.4,44,100,2.2045062838291587e-06,80,0.002722283893663491,1,1,sgd,"{'neurons_per_layer_encoder': [44], 'neurons_per_layer_decoder': [44]}",44,[44],[44],[-0.2129765178499754],0.5603831548478578,COMPLETE
476,-0.4720721753492263,2025-01-10 14:26:22.775312,2025-01-10 14:26:23.717302,0 days 00:00:00.941990,0.05333107602296324,56,0.4,44,100,0.0003736685055195389,80,0.003064720854114497,1,1,sgd,"{'neurons_per_layer_encoder': [44], 'neurons_per_layer_decoder': [44]}",44,[44],[44],[-0.4720721753492263],0.7322187534053253,COMPLETE
477,-0.22819448596756087,2025-01-10 14:26:23.136156,2025-01-10 14:26:24.231948,0 days 00:00:01.095792,0.04815943452923623,56,0.4,36,100,0.00023009507806996584,71,0.0026636741991446816,1,1,sgd,"{'neurons_per_layer_encoder': [36], 'neurons_per_layer_decoder': [36]}",36,[36],[36],[-0.22819448596756087],0.6845585741509476,COMPLETE
478,-0.3365523624941438,2025-01-10 14:26:23.185450,2025-01-10 14:26:24.169335,0 days 00:00:00.983885,0.05046527432985956,40,0.4,36,100,0.000367312891715712,71,0.004554033728240716,1,1,sgd,"{'neurons_per_layer_encoder': [36], 'neurons_per_layer_decoder': [36]}",36,[36],[36],[-0.3365523624941438],0.6702451038592253,COMPLETE
479,-0.03016583494277092,2025-01-10 14:26:23.501798,2025-01-10 14:26:26.524614,0 days 00:00:03.022816,0.04900335246449176,96,0.4,36,100,0.00024025293404446118,600,9.130506895182733e-05,1,5,sgd,"{'neurons_per_layer_encoder': [36, 72, 144, 288, 576], 'neurons_per_layer_decoder': [576]}",36,[576],"[36, 72, 144, 288, 576]",[-0.03016583494277092],0.9452450655291212,COMPLETE
480,0.12905746731417422,2025-01-10 14:26:23.726077,2025-01-10 14:26:25.095199,0 days 00:00:01.369122,0.04821657834945741,40,0.4,36,100,0.00010249103970239666,143,0.004497940304500572,1,2,sgd,"{'neurons_per_layer_encoder': [36, 72], 'neurons_per_layer_decoder': [72]}",36,[72],"[36, 72]",[0.12905746731417422],0.7618602506014548,COMPLETE
481,-0.19980691807518647,2025-01-10 14:26:24.177299,2025-01-10 14:26:25.245915,0 days 00:00:01.068616,0.04624625169972446,40,0.2,56,100,0.00023446869223817734,232,0.0026712135156151218,1,2,sgd,"{'neurons_per_layer_encoder': [56, 112], 'neurons_per_layer_decoder': [112]}",56,[112],"[56, 112]",[-0.19980691807518647],0.7544287885551676,COMPLETE
482,-0.06188578410009726,2025-01-10 14:26:24.242031,2025-01-10 14:26:27.510427,0 days 00:00:03.268396,0.04592686761673106,96,0.2,56,100,0.0004139538557379736,968,0.007559208233050731,1,5,sgd,"{'neurons_per_layer_encoder': [56, 112, 224, 448, 896], 'neurons_per_layer_decoder': [896]}",56,[896],"[56, 112, 224, 448, 896]",[-0.06188578410009726],0.9750499092232743,COMPLETE
483,-0.1604637079165412,2025-01-10 14:26:24.642725,2025-01-10 14:26:26.615642,0 days 00:00:01.972917,0.0449914256812564,40,0.2,56,100,0.00042802029136687516,1512,0.0043496221966634425,1,5,sgd,"{'neurons_per_layer_encoder': [56, 112, 224, 448, 896], 'neurons_per_layer_decoder': [896]}",56,[896],"[56, 112, 224, 448, 896]",[-0.1604637079165412],0.9758216197800903,COMPLETE
484,-0.22583353245831783,2025-01-10 14:26:25.103899,2025-01-10 14:26:26.729908,0 days 00:00:01.626009,0.048573356396307214,40,0.2,16,100,0.00045968462155198243,51,0.004896176349335453,1,2,sgd,"{'neurons_per_layer_encoder': [16, 32], 'neurons_per_layer_decoder': [32]}",16,[32],"[16, 32]",[-0.22583353245831783],0.6674174197367986,COMPLETE
