number,value,datetime_start,datetime_complete,duration,params_alpha,params_batch_size,params_drop_out_rate,params_encoder_neurons_layer_1,params_epochs,params_lambda,params_latent_dim,params_learning_rate,params_num_layers_decoder,params_num_layers_encoder,params_optimizer,user_attrs_encoder_decoder_config,user_attrs_first_layer_neurons,user_attrs_neurons_per_layer_decoder,user_attrs_neurons_per_layer_encoder,user_attrs_r2_feature_1,user_attrs_relative_deterioration,state
1187,-0.19062777903959383,2025-01-11 00:19:21.977824,2025-01-11 00:19:23.373165,0 days 00:00:01.395341,0.14297463985664705,56,0.30000000000000004,4,100,5.985563410560264e-06,4,0.002743947818677874,1,1,adadelta,"{'neurons_per_layer_encoder': [4], 'neurons_per_layer_decoder': [8]}",4,[8],[4],[-0.19062777903959383],0.6487751028286569,COMPLETE
1188,0.23061270435420422,2025-01-11 00:19:22.066009,2025-01-11 00:19:23.744648,0 days 00:00:01.678639,0.027143393336423405,56,0.2,8,100,0.00014398336513714308,8,0.001997989772619497,1,1,adadelta,"{'neurons_per_layer_encoder': [8], 'neurons_per_layer_decoder': [8]}",8,[8],[8],[0.23061270435420422],0.7595495925392889,COMPLETE
1189,-0.27329276601036345,2025-01-11 00:19:22.104811,2025-01-11 00:19:24.088913,0 days 00:00:01.984102,0.14245464273537667,56,0.2,4,100,0.0001899211693390239,4,0.0009922696717731474,1,1,adadelta,"{'neurons_per_layer_encoder': [4], 'neurons_per_layer_decoder': [8]}",4,[8],[4],[-0.27329276601036345],0.6539015246272596,COMPLETE
1190,-0.10637224002428791,2025-01-11 00:19:22.817930,2025-01-11 00:19:24.167802,0 days 00:00:01.349872,0.1490365796379672,56,0.2,8,100,0.00010813613093567014,8,0.0014896095448466821,1,1,adadelta,"{'neurons_per_layer_encoder': [8], 'neurons_per_layer_decoder': [8]}",8,[8],[8],[-0.10637224002428791],0.6043205316515895,COMPLETE
1191,0.024791105289712734,2025-01-11 00:19:23.066273,2025-01-11 00:19:25.541530,0 days 00:00:02.475257,0.15253685072497303,56,0.30000000000000004,12,100,0.00010615693368545009,13,0.0022110298013475393,1,1,adadelta,"{'neurons_per_layer_encoder': [12], 'neurons_per_layer_decoder': [12]}",12,[12],[12],[0.024791105289712734],0.7629993118687635,COMPLETE
1192,-0.1030207652322137,2025-01-11 00:19:23.382070,2025-01-11 00:19:24.736661,0 days 00:00:01.354591,0.03956036614250922,56,0.2,12,100,0.00011940264734852104,13,3.545657101210562e-05,1,1,adadelta,"{'neurons_per_layer_encoder': [12], 'neurons_per_layer_decoder': [12]}",12,[12],[12],[-0.1030207652322137],0.6404520061802305,COMPLETE
1193,0.06920995816402709,2025-01-11 00:19:23.754038,2025-01-11 00:19:25.097466,0 days 00:00:01.343428,0.16300143641106493,56,0.2,12,100,0.00010080311446685696,13,3.716753754681127e-05,1,1,adadelta,"{'neurons_per_layer_encoder': [12], 'neurons_per_layer_decoder': [12]}",12,[12],[12],[0.06920995816402709],0.6577289123855754,COMPLETE
1194,0.0014235023423428972,2025-01-11 00:19:24.177385,2025-01-11 00:19:25.499467,0 days 00:00:01.322082,0.12113819732224224,56,0.2,12,100,0.00015081571296865576,13,0.001713282648532657,1,1,adadelta,"{'neurons_per_layer_encoder': [12], 'neurons_per_layer_decoder': [12]}",12,[12],[12],[0.0014235023423428972],0.6034803921350004,COMPLETE
1195,-0.5924930943359075,2025-01-11 00:19:24.745384,2025-01-11 00:19:26.271217,0 days 00:00:01.525833,0.12201770649945003,56,0.2,12,100,0.00013427449514300576,13,0.0017608681595302,1,1,adadelta,"{'neurons_per_layer_encoder': [12], 'neurons_per_layer_decoder': [12]}",12,[12],[12],[-0.5924930943359075],0.5099780705917375,COMPLETE
1196,-0.09747021453802995,2025-01-11 00:19:25.106399,2025-01-11 00:19:26.425666,0 days 00:00:01.319267,0.1208152251825768,56,0.2,12,100,0.00014409806314779816,13,0.0011425007136256812,1,1,adadelta,"{'neurons_per_layer_encoder': [12], 'neurons_per_layer_decoder': [12]}",12,[12],[12],[-0.09747021453802995],0.6798718667107042,COMPLETE
1197,0.042570806164712205,2025-01-11 00:19:25.550920,2025-01-11 00:19:27.825684,0 days 00:00:02.274764,0.12527100659480295,64,0.2,8,100,0.00011195200719650052,8,5.29952605542074e-05,1,1,adadelta,"{'neurons_per_layer_encoder': [8], 'neurons_per_layer_decoder': [8]}",8,[8],[8],[0.042570806164712205],0.6995295565203783,COMPLETE
1198,-0.6931044164330824,2025-01-11 00:19:26.279685,2025-01-11 00:19:28.538014,0 days 00:00:02.258329,0.07929981707485075,64,0.2,8,100,0.0001528328928662031,8,0.0004947653379807879,1,1,adadelta,"{'neurons_per_layer_encoder': [8], 'neurons_per_layer_decoder': [8]}",8,[8],[8],[-0.6931044164330824],0.2532597179641494,COMPLETE
1199,0.018037550007570347,2025-01-11 00:19:27.833379,2025-01-11 00:19:30.031165,0 days 00:00:02.197786,0.15438156078424722,64,0.2,4,100,9.62542360614091e-05,4,6.766406933222983e-05,1,1,adadelta,"{'neurons_per_layer_encoder': [4], 'neurons_per_layer_decoder': [8]}",4,[8],[4],[0.018037550007570347],0.7717331221287145,COMPLETE
1200,-3.378085820812392,2025-01-11 00:19:58.159477,2025-01-11 00:20:00.774352,0 days 00:00:02.614875,0.015368626021049726,64,0.2,4,100,0.00011122355048596953,4,0.00254322523460374,1,1,adadelta,"{'neurons_per_layer_encoder': [4], 'neurons_per_layer_decoder': [8]}",4,[8],[4],[-3.378085820812392],0.3367602732059211,COMPLETE
1201,-0.15608759043989506,2025-01-11 00:19:58.163453,2025-01-11 00:20:00.168545,0 days 00:00:02.005092,0.13422242844784302,64,0.2,4,100,0.00011548308925000094,4,4.082680732976788e-05,1,1,adadelta,"{'neurons_per_layer_encoder': [4], 'neurons_per_layer_decoder': [8]}",4,[8],[4],[-0.15608759043989506],0.664509127004594,COMPLETE
1202,-0.5142443416820375,2025-01-11 00:19:58.167172,2025-01-11 00:19:59.755255,0 days 00:00:01.588083,0.07199675220046188,64,0.2,4,100,0.00013279416939997998,4,4.82047368810324e-05,1,1,adadelta,"{'neurons_per_layer_encoder': [4], 'neurons_per_layer_decoder': [8]}",4,[8],[4],[-0.5142443416820375],0.7004380563915088,COMPLETE
1203,-0.01962320189969602,2025-01-11 00:19:58.167931,2025-01-11 00:19:59.702667,0 days 00:00:01.534736,0.0200470726801876,64,0.2,4,100,0.00026132556612004144,4,0.0035203823422094984,1,1,adadelta,"{'neurons_per_layer_encoder': [4], 'neurons_per_layer_decoder': [8]}",4,[8],[4],[-0.01962320189969602],0.6829955759386899,COMPLETE
1204,-0.10821468050552152,2025-01-11 00:19:58.160003,2025-01-11 00:20:00.365082,0 days 00:00:02.205079,0.07295243025689278,64,0.2,4,100,2.8746058082198066e-06,4,0.0029521742399226934,1,1,adadelta,"{'neurons_per_layer_encoder': [4], 'neurons_per_layer_decoder': [8]}",4,[8],[4],[-0.10821468050552152],0.756029581451942,COMPLETE
1205,-0.09787479639493601,2025-01-11 00:19:59.712929,2025-01-11 00:20:01.228412,0 days 00:00:01.515483,0.01504035905282503,64,0.2,8,100,0.0001620448634237568,8,2.0940563920593167e-05,1,1,adadelta,"{'neurons_per_layer_encoder': [8], 'neurons_per_layer_decoder': [8]}",8,[8],[8],[-0.09787479639493601],0.7828270642692416,COMPLETE
1206,0.2996608367056365,2025-01-11 00:19:59.768227,2025-01-11 00:20:02.239760,0 days 00:00:02.471533,0.015098930667755384,64,0.2,16,100,0.00010314981148794467,17,2.1847909862641602e-05,1,1,adadelta,"{'neurons_per_layer_encoder': [16], 'neurons_per_layer_decoder': [16]}",16,[16],[16],[0.2996608367056365],0.7793866034043623,COMPLETE
1207,-0.21070034232678836,2025-01-11 00:20:00.178163,2025-01-11 00:20:01.534716,0 days 00:00:01.356553,0.16303413033487912,120,0.2,44,100,0.00016753746007418103,80,0.003115776420611387,1,1,adadelta,"{'neurons_per_layer_encoder': [44], 'neurons_per_layer_decoder': [44]}",44,[44],[44],[-0.21070034232678836],0.6002743215163876,COMPLETE
1208,-0.6629194539185104,2025-01-11 00:20:00.375424,2025-01-11 00:20:02.348488,0 days 00:00:01.973064,0.015234485819721418,72,0.2,16,100,2.5183022201978407e-06,17,2.0942764804345923e-05,1,1,adadelta,"{'neurons_per_layer_encoder': [16], 'neurons_per_layer_decoder': [16]}",16,[16],[16],[-0.6629194539185104],0.5873869495310438,COMPLETE
1209,-0.43347401257976004,2025-01-11 00:20:00.786110,2025-01-11 00:20:02.834170,0 days 00:00:02.048060,0.016342566711096497,56,0.2,16,100,1.6460277758710407e-06,17,2.1315321084261228e-05,1,1,sgd,"{'neurons_per_layer_encoder': [16], 'neurons_per_layer_decoder': [16]}",16,[16],[16],[-0.43347401257976004],0.40240520136598207,COMPLETE
1210,-1.656722461965244,2025-01-11 00:20:01.238124,2025-01-11 00:20:03.298607,0 days 00:00:02.060483,0.15611519862545706,72,0.2,20,100,9.420364469153745e-05,22,0.0024218975859737857,1,1,sgd,"{'neurons_per_layer_encoder': [20], 'neurons_per_layer_decoder': [20]}",20,[20],[20],[-1.656722461965244],-0.3800021735380143,COMPLETE
1211,-0.08606440331986343,2025-01-11 00:20:01.544078,2025-01-11 00:20:03.555705,0 days 00:00:02.011627,0.14428710333803588,72,0.2,16,100,9.697085592259342e-05,17,0.00034467963467501054,1,1,sgd,"{'neurons_per_layer_encoder': [16], 'neurons_per_layer_decoder': [16]}",16,[16],[16],[-0.08606440331986343],0.6245549119116929,COMPLETE
1212,-0.6257425004562589,2025-01-11 00:20:02.250380,2025-01-11 00:20:03.202626,0 days 00:00:00.952246,0.01662817927832866,72,0.2,12,100,8.090368568125881e-05,13,4.708015138189217e-05,1,1,sgd,"{'neurons_per_layer_encoder': [12], 'neurons_per_layer_decoder': [12]}",12,[12],[12],[-0.6257425004562589],0.5739553307940128,COMPLETE
1213,-0.159279441665642,2025-01-11 00:20:02.361902,2025-01-11 00:20:03.300767,0 days 00:00:00.938865,0.016867145266047077,56,0.2,12,100,7.83728403384863e-05,13,0.0003509969652527774,1,1,sgd,"{'neurons_per_layer_encoder': [12], 'neurons_per_layer_decoder': [12]}",12,[12],[12],[-0.159279441665642],0.730588592281892,COMPLETE
1214,0.004872021200437837,2025-01-11 00:20:02.843358,2025-01-11 00:20:04.370313,0 days 00:00:01.526955,0.17665279965388395,72,0.2,12,100,1.6625835717527846e-06,13,2.5126364744160788e-05,4,1,sgd,"{'neurons_per_layer_encoder': [12], 'neurons_per_layer_decoder': [12, 8, 8, 8]}",12,"[12, 8, 8, 8]",[12],[0.004872021200437837],0.637927933140098,COMPLETE
1215,-0.43002293953478454,2025-01-11 00:20:03.212390,2025-01-11 00:20:04.231716,0 days 00:00:01.019326,0.17930011523768216,56,0.2,48,100,1.629632957708863e-06,68,2.6872525742547953e-05,1,1,sgd,"{'neurons_per_layer_encoder': [48], 'neurons_per_layer_decoder': [48]}",48,[48],[48],[-0.43002293953478454],0.5096630998858405,COMPLETE
1216,-0.8480488507129162,2025-01-11 00:20:03.308707,2025-01-11 00:20:04.654380,0 days 00:00:01.345673,0.14239321859135434,56,0.2,32,100,1.7051035085936056e-06,51,1.903066236794455e-05,1,1,adadelta,"{'neurons_per_layer_encoder': [32], 'neurons_per_layer_decoder': [32]}",32,[32],[32],[-0.8480488507129162],0.4239509988165943,COMPLETE
1217,-0.05227454743173565,2025-01-11 00:20:03.310393,2025-01-11 00:20:05.578404,0 days 00:00:02.268011,0.17664001938685076,56,0.2,88,100,0.00012120700644544515,144,3.28932318829427e-05,1,1,adadelta,"{'neurons_per_layer_encoder': [88], 'neurons_per_layer_decoder': [88]}",88,[88],[88],[-0.05227454743173565],0.7808599868427246,COMPLETE
1218,-0.7117384634688289,2025-01-11 00:20:03.565642,2025-01-11 00:20:05.891771,0 days 00:00:02.326129,0.08517832045686137,56,0.2,48,100,2.252349529709862e-06,68,3.2412613374066735e-05,1,1,adadelta,"{'neurons_per_layer_encoder': [48], 'neurons_per_layer_decoder': [48]}",48,[48],[48],[-0.7117384634688289],0.46706721008690427,COMPLETE
1219,-0.21493590620607073,2025-01-11 00:20:04.241315,2025-01-11 00:20:06.294629,0 days 00:00:02.053314,0.06812641580992636,56,0.2,28,100,1.2689281927256483e-06,46,3.29994540671034e-05,4,1,adadelta,"{'neurons_per_layer_encoder': [28], 'neurons_per_layer_decoder': [28, 14, 8, 8]}",28,"[28, 14, 8, 8]",[28],[-0.21493590620607073],0.6306907004265091,COMPLETE
1220,-0.26425373834987864,2025-01-11 00:20:04.379471,2025-01-11 00:20:05.688395,0 days 00:00:01.308924,0.13983232915065624,64,0.2,28,100,1.2682593043135608e-06,46,6.34116507685054e-05,1,1,adadelta,"{'neurons_per_layer_encoder': [28], 'neurons_per_layer_decoder': [28]}",28,[28],[28],[-0.26425373834987864],0.6439044160111143,COMPLETE
1221,-0.09296108613942056,2025-01-11 00:20:04.664085,2025-01-11 00:20:07.070899,0 days 00:00:02.406814,0.13549199256616634,64,0.2,28,100,2.2316113261384363e-06,46,3.096583958130615e-05,1,1,adadelta,"{'neurons_per_layer_encoder': [28], 'neurons_per_layer_decoder': [28]}",28,[28],[28],[-0.09296108613942056],0.784832995242918,COMPLETE
1222,-0.12320279076472374,2025-01-11 00:20:05.587891,2025-01-11 00:20:07.801901,0 days 00:00:02.214010,0.06653241911073168,64,0.2,28,100,2.2199571943199284e-06,46,3.9984497272928295e-05,2,1,adadelta,"{'neurons_per_layer_encoder': [28], 'neurons_per_layer_decoder': [28, 14]}",28,"[28, 14]",[28],[-0.12320279076472374],0.6217648391389432,COMPLETE
1223,-2.09076456016939,2025-01-11 00:20:05.702902,2025-01-11 00:20:08.132170,0 days 00:00:02.429268,0.06804230370965945,64,0.2,20,100,2.12507890533825e-06,22,5.621904902500785e-05,1,1,adadelta,"{'neurons_per_layer_encoder': [20], 'neurons_per_layer_decoder': [20]}",20,[20],[20],[-2.09076456016939],0.21014646640856802,COMPLETE
1224,-0.07057328693487297,2025-01-11 00:20:05.901042,2025-01-11 00:20:07.405010,0 days 00:00:01.503968,0.06773495639546685,64,0.2,20,100,2.2769730846627924e-06,22,0.0008232923815865342,1,1,adadelta,"{'neurons_per_layer_encoder': [20], 'neurons_per_layer_decoder': [20]}",20,[20],[20],[-0.07057328693487297],0.6931512068468684,COMPLETE
1225,-0.28121644454755335,2025-01-11 00:20:06.304104,2025-01-11 00:20:07.843120,0 days 00:00:01.539016,0.16121070139778063,64,0.1,20,100,3.0046856598923145e-06,22,4.4393077598523513e-05,1,1,sgd,"{'neurons_per_layer_encoder': [20], 'neurons_per_layer_decoder': [20]}",20,[20],[20],[-0.28121644454755335],0.7020635034016387,COMPLETE
1226,0.0009921416710454434,2025-01-11 00:20:07.080858,2025-01-11 00:20:08.225379,0 days 00:00:01.144521,0.1284216224191365,64,0.30000000000000004,20,100,3.1618300751599608e-06,60,4.2486540087642055e-05,1,2,sgd,"{'neurons_per_layer_encoder': [20, 40], 'neurons_per_layer_decoder': [40]}",20,[40],"[20, 40]",[0.0009921416710454434],0.7181354173127099,COMPLETE
1227,-0.6696208806364188,2025-01-11 00:20:07.413599,2025-01-11 00:20:08.411256,0 days 00:00:00.997657,0.16357728506289973,64,0.30000000000000004,8,100,2.8255880683061105e-06,17,0.001390337589472647,1,2,sgd,"{'neurons_per_layer_encoder': [8, 16], 'neurons_per_layer_decoder': [16]}",8,[16],"[8, 16]",[-0.6696208806364188],0.46084974856568334,COMPLETE
1228,0.13308026558583996,2025-01-11 00:20:07.811795,2025-01-11 00:20:09.410131,0 days 00:00:01.598336,0.16202287047448788,80,0.1,8,100,3.0545806565448307e-06,17,5.7323532044479714e-05,1,2,sgd,"{'neurons_per_layer_encoder': [8, 16], 'neurons_per_layer_decoder': [16]}",8,[16],"[8, 16]",[0.13308026558583996],0.7032475192446163,COMPLETE
1229,-0.13879904980001534,2025-01-11 00:20:07.854841,2025-01-11 00:20:08.975556,0 days 00:00:01.120715,0.15237415660026885,72,0.2,8,100,1.8588930897715739e-06,17,1.8277777585458507e-05,1,2,sgd,"{'neurons_per_layer_encoder': [8, 16], 'neurons_per_layer_decoder': [16]}",8,[16],"[8, 16]",[-0.13879904980001534],0.6765351320602458,COMPLETE
1230,0.007300293129641533,2025-01-11 00:20:08.141767,2025-01-11 00:20:10.228762,0 days 00:00:02.086995,0.12874489750591833,72,0.30000000000000004,12,100,7.314442545931465e-05,42,1.7762780480935293e-05,1,2,sgd,"{'neurons_per_layer_encoder': [12, 24], 'neurons_per_layer_decoder': [24]}",12,[24],"[12, 24]",[0.007300293129641533],0.7079048408696887,COMPLETE
1231,0.5419237253284455,2025-01-11 00:20:08.234650,2025-01-11 00:20:10.433559,0 days 00:00:02.198909,0.15350020085640506,80,0.2,8,100,1.8546943725765164e-06,17,1.6339879087469577e-05,1,2,sgd,"{'neurons_per_layer_encoder': [8, 16], 'neurons_per_layer_decoder': [16]}",8,[16],"[8, 16]",[0.5419237253284455],0.8456477586494854,COMPLETE
1232,-1.6126396707875092,2025-01-11 00:20:08.420936,2025-01-11 00:20:10.403718,0 days 00:00:01.982782,0.07702323666630925,80,0.2,8,100,1.8697033043431536e-06,8,1.8006963312534728e-05,1,1,sgd,"{'neurons_per_layer_encoder': [8], 'neurons_per_layer_decoder': [8]}",8,[8],[8],[-1.6126396707875092],0.2395486113182857,COMPLETE
1233,-0.2174189324594431,2025-01-11 00:20:08.985037,2025-01-11 00:20:10.556622,0 days 00:00:01.571585,0.1327948703428457,72,0.2,12,100,1.1241444494423347e-06,13,1.6653210871863368e-05,1,1,adadelta,"{'neurons_per_layer_encoder': [12], 'neurons_per_layer_decoder': [12]}",12,[12],[12],[-0.2174189324594431],0.5983808122284755,COMPLETE
1234,-0.14528084976004219,2025-01-11 00:20:09.419783,2025-01-11 00:20:11.587726,0 days 00:00:02.167943,0.07780466924004899,72,0.2,44,100,1.0036253121836013e-06,80,1.697866901515682e-05,1,1,adadelta,"{'neurons_per_layer_encoder': [44], 'neurons_per_layer_decoder': [44]}",44,[44],[44],[-0.14528084976004219],0.7232403598755869,COMPLETE
1235,0.23761503820596408,2025-01-11 00:20:10.239437,2025-01-11 00:20:12.179205,0 days 00:00:01.939768,0.0761801790085979,56,0.2,40,100,2.6186251714095205e-05,60,2.6572409679981205e-05,1,1,adadelta,"{'neurons_per_layer_encoder': [40], 'neurons_per_layer_decoder': [40]}",40,[40],[40],[0.23761503820596408],0.7541642838110433,COMPLETE
1236,-0.23769715883725362,2025-01-11 00:20:10.445631,2025-01-11 00:20:11.477626,0 days 00:00:01.031995,0.14656738359307409,80,0.2,4,100,1.4874209883550792e-06,8,2.098827255262208e-05,1,2,sgd,"{'neurons_per_layer_encoder': [4, 8], 'neurons_per_layer_decoder': [8]}",4,[8],"[4, 8]",[-0.23769715883725362],0.6680950209623777,COMPLETE
1237,-0.21527183849833054,2025-01-11 00:20:10.568578,2025-01-11 00:20:11.592788,0 days 00:00:01.024210,0.15116332544101885,88,0.2,4,100,1.524320283075523e-06,8,1.925484399851106e-05,1,2,sgd,"{'neurons_per_layer_encoder': [4, 8], 'neurons_per_layer_decoder': [8]}",4,[8],"[4, 8]",[-0.21527183849833054],0.679598840803787,COMPLETE
1238,-0.3168704678552401,2025-01-11 00:20:10.571654,2025-01-11 00:20:11.913978,0 days 00:00:01.342324,0.1539652481440612,88,0.2,4,100,1.5047486931897196e-06,8,2.0524670963816275e-05,5,2,sgd,"{'neurons_per_layer_encoder': [4, 8], 'neurons_per_layer_decoder': [8, 8, 8, 8, 8]}",4,"[8, 8, 8, 8, 8]","[4, 8]",[-0.3168704678552401],0.59251724193925,COMPLETE
1239,-0.05454051069018284,2025-01-11 00:20:11.486266,2025-01-11 00:20:13.340549,0 days 00:00:01.854283,0.15203088093333425,72,0.2,4,100,1.7521390570011656e-06,8,1.580056410123597e-05,5,2,sgd,"{'neurons_per_layer_encoder': [4, 8], 'neurons_per_layer_decoder': [8, 8, 8, 8, 8]}",4,"[8, 8, 8, 8, 8]","[4, 8]",[-0.05454051069018284],0.5672075078478925,COMPLETE
1240,-0.13722945015372345,2025-01-11 00:20:11.601169,2025-01-11 00:20:12.936901,0 days 00:00:01.335732,0.16714501435349244,80,0.2,12,100,1.8178244575768825e-06,42,1.5634530370040685e-05,5,2,sgd,"{'neurons_per_layer_encoder': [12, 24], 'neurons_per_layer_decoder': [24, 12, 8, 8, 8]}",12,"[24, 12, 8, 8, 8]","[12, 24]",[-0.13722945015372345],0.680904148702132,COMPLETE
1241,0.17848698995469725,2025-01-11 00:20:11.602072,2025-01-11 00:20:13.707426,0 days 00:00:02.105354,0.16825068482697647,80,0.2,12,100,2.565718750066718e-06,42,1.5481088326241262e-05,1,2,sgd,"{'neurons_per_layer_encoder': [12, 24], 'neurons_per_layer_decoder': [24]}",12,[24],"[12, 24]",[0.17848698995469725],0.7324289609104573,COMPLETE
1242,-0.20595023214232366,2025-01-11 00:20:11.922797,2025-01-11 00:20:13.758537,0 days 00:00:01.835740,0.1677187095788346,88,0.2,12,100,1.9239339716759183e-06,42,1.5957727077784528e-05,1,2,sgd,"{'neurons_per_layer_encoder': [12, 24], 'neurons_per_layer_decoder': [24]}",12,[24],"[12, 24]",[-0.20595023214232366],0.6714681874727504,COMPLETE
1243,-0.6374587656932051,2025-01-11 00:20:12.189627,2025-01-11 00:20:14.038752,0 days 00:00:01.849125,0.03666965399316983,88,0.2,12,100,1.8470580765219735e-06,42,1.5428830303210225e-05,1,2,sgd,"{'neurons_per_layer_encoder': [12, 24], 'neurons_per_layer_decoder': [24]}",12,[24],"[12, 24]",[-0.6374587656932051],0.45932951593456484,COMPLETE
1244,-0.5653727011894019,2025-01-11 00:20:12.946678,2025-01-11 00:20:13.933823,0 days 00:00:00.987145,0.14717892526296683,80,0.2,12,100,2.5053783832120892e-06,42,1.0059899236015435e-05,1,2,sgd,"{'neurons_per_layer_encoder': [12, 24], 'neurons_per_layer_decoder': [24]}",12,[24],"[12, 24]",[-0.5653727011894019],0.6616236959451605,COMPLETE
1245,-0.18134778659779371,2025-01-11 00:20:13.349427,2025-01-11 00:20:14.353171,0 days 00:00:01.003744,0.14580854724874187,80,0.2,12,100,2.549692000471448e-06,42,1.2941128600219604e-05,1,2,sgd,"{'neurons_per_layer_encoder': [12, 24], 'neurons_per_layer_decoder': [24]}",12,[24],"[12, 24]",[-0.18134778659779371],0.5171972551437928,COMPLETE
1246,-0.19863237936393907,2025-01-11 00:20:13.716654,2025-01-11 00:20:15.742346,0 days 00:00:02.025692,0.1462613207646454,72,0.2,8,100,1.927005370966672e-06,17,2.2487116932744795e-05,1,2,sgd,"{'neurons_per_layer_encoder': [8, 16], 'neurons_per_layer_decoder': [16]}",8,[16],"[8, 16]",[-0.19863237936393907],0.5503561434178229,COMPLETE
1247,-0.16113703533834056,2025-01-11 00:20:13.769380,2025-01-11 00:20:14.759007,0 days 00:00:00.989627,0.14577547695247328,96,0.2,8,100,2.039840101126744e-06,17,1.010137959656575e-05,1,2,sgd,"{'neurons_per_layer_encoder': [8, 16], 'neurons_per_layer_decoder': [16]}",8,[16],"[8, 16]",[-0.16113703533834056],0.69345745769585,COMPLETE
1248,-0.15833097343946778,2025-01-11 00:20:13.942614,2025-01-11 00:20:15.283831,0 days 00:00:01.341217,0.13796661661929238,88,0.2,8,100,2.0844123072127283e-06,17,2.348657825167226e-05,1,2,sgd,"{'neurons_per_layer_encoder': [8, 16], 'neurons_per_layer_decoder': [16]}",8,[16],"[8, 16]",[-0.15833097343946778],0.5509391394320821,COMPLETE
1249,-0.3410876652476269,2025-01-11 00:20:14.052819,2025-01-11 00:20:15.634987,0 days 00:00:01.582168,0.15775741493024556,96,0.2,8,100,1.364232553232933e-06,17,2.4562840167232003e-05,1,2,sgd,"{'neurons_per_layer_encoder': [8, 16], 'neurons_per_layer_decoder': [16]}",8,[16],"[8, 16]",[-0.3410876652476269],0.6350662273059314,COMPLETE
1250,-0.1561583827845061,2025-01-11 00:20:14.362771,2025-01-11 00:20:16.469381,0 days 00:00:02.106610,0.15630250320331415,80,0.2,20,100,2.0462779244251624e-06,60,2.4511426999920393e-05,1,2,sgd,"{'neurons_per_layer_encoder': [20, 40], 'neurons_per_layer_decoder': [40]}",20,[40],"[20, 40]",[-0.1561583827845061],0.6407974667418365,COMPLETE
