number,value,datetime_start,datetime_complete,duration,params_alpha,params_batch_size,params_drop_out_rate,params_encoder_neurons_layer_1,params_epochs,params_lambda,params_latent_dim,params_learning_rate,params_num_layers_decoder,params_num_layers_encoder,params_optimizer,user_attrs_encoder_decoder_config,user_attrs_first_layer_neurons,user_attrs_neurons_per_layer_decoder,user_attrs_neurons_per_layer_encoder,user_attrs_r2_feature_1,user_attrs_relative_deterioration,state
1762,-0.24143372123385864,2025-01-11 00:24:49.527481,2025-01-11 00:24:51.366662,0 days 00:00:01.839181,0.03321346501611287,80,0.1,20,100,2.06025663778563e-06,60,1.936800574587719e-05,1,2,adam,"{'neurons_per_layer_encoder': [20, 40], 'neurons_per_layer_decoder': [40]}",20,[40],"[20, 40]",[-0.24143372123385864],0.6640715356016396,COMPLETE
1763,-0.40638991294869453,2025-01-11 00:24:49.767162,2025-01-11 00:24:51.343093,0 days 00:00:01.575931,0.044239159597478664,80,0.2,16,100,2.0815440722400425e-06,51,1.7581353766916985e-05,1,2,adadelta,"{'neurons_per_layer_encoder': [16, 32], 'neurons_per_layer_decoder': [32]}",16,[32],"[16, 32]",[-0.40638991294869453],0.5697820008328812,COMPLETE
1764,-0.19183074135786748,2025-01-11 00:24:50.135925,2025-01-11 00:24:51.766446,0 days 00:00:01.630521,0.03211851825224257,80,0.2,52,100,2.0743003799758294e-06,128,1.797015596135568e-05,1,2,adadelta,"{'neurons_per_layer_encoder': [52, 104], 'neurons_per_layer_decoder': [104]}",52,[104],"[52, 104]",[-0.19183074135786748],0.6455573448499363,COMPLETE
1765,-0.20918120226799397,2025-01-11 00:24:50.238071,2025-01-11 00:24:52.734933,0 days 00:00:02.496862,0.013989003441354873,80,0.2,4,100,2.075168473560502e-06,4,1.8299539480232387e-05,1,1,adam,"{'neurons_per_layer_encoder': [4], 'neurons_per_layer_decoder': [8]}",4,[8],[4],[-0.20918120226799397],0.6276700611791483,COMPLETE
1766,0.11011214866622188,2025-01-11 00:24:51.137878,2025-01-11 00:24:53.598772,0 days 00:00:02.460894,0.1270936041617409,72,0.2,56,100,2.5982370136125953e-06,77,1.1379965502814152e-05,1,1,adadelta,"{'neurons_per_layer_encoder': [56], 'neurons_per_layer_decoder': [56]}",56,[56],[56],[0.11011214866622188],0.7296511647942,COMPLETE
1767,0.1597560911483843,2025-01-11 00:24:51.353942,2025-01-11 00:24:53.805964,0 days 00:00:02.452022,0.013857243628164822,72,0.2,52,100,2.3821189176167666e-06,89,1.4105157488521874e-05,1,1,adadelta,"{'neurons_per_layer_encoder': [52], 'neurons_per_layer_decoder': [52]}",52,[52],[52],[0.1597560911483843],0.7911875771303106,COMPLETE
1768,-0.048395305602568106,2025-01-11 00:24:51.380349,2025-01-11 00:24:52.721838,0 days 00:00:01.341489,0.013678168685346367,72,0.2,4,100,2.4052026362614326e-06,4,1.1121929434278414e-05,1,1,adadelta,"{'neurons_per_layer_encoder': [4], 'neurons_per_layer_decoder': [8]}",4,[8],[4],[-0.048395305602568106],0.6670353445857866,COMPLETE
1769,-0.6562920554940066,2025-01-11 00:24:51.775952,2025-01-11 00:24:53.727360,0 days 00:00:01.951408,0.15951811230540078,72,0.2,4,100,2.6870201483924927e-06,4,1.1532820047155861e-05,1,1,adadelta,"{'neurons_per_layer_encoder': [4], 'neurons_per_layer_decoder': [8]}",4,[8],[4],[-0.6562920554940066],0.19802591037676848,COMPLETE
1770,-0.056146849944576305,2025-01-11 00:24:52.731113,2025-01-11 00:24:54.066157,0 days 00:00:01.335044,0.15659739201077266,72,0.2,4,100,2.6297794672775316e-06,4,1.4219545412695568e-05,1,1,adadelta,"{'neurons_per_layer_encoder': [4], 'neurons_per_layer_decoder': [8]}",4,[8],[4],[-0.056146849944576305],0.529980011323518,COMPLETE
1771,-0.3551801127667005,2025-01-11 00:24:52.744630,2025-01-11 00:24:54.083945,0 days 00:00:01.339315,0.12754317271102533,72,0.2,24,100,2.535374601926845e-06,42,1.4442735758920186e-05,1,1,adadelta,"{'neurons_per_layer_encoder': [24], 'neurons_per_layer_decoder': [24]}",24,[24],[24],[-0.3551801127667005],0.7109245410775789,COMPLETE
1772,0.39459150547936706,2025-01-11 00:24:53.608368,2025-01-11 00:24:56.045712,0 days 00:00:02.437344,0.1565553476003395,64,0.2,12,100,1.6289450793756232e-06,13,1.4226342371540942e-05,1,1,adadelta,"{'neurons_per_layer_encoder': [12], 'neurons_per_layer_decoder': [12]}",12,[12],[12],[0.39459150547936706],0.8652305995938684,COMPLETE
1773,-0.382422179833245,2025-01-11 00:24:53.741446,2025-01-11 00:24:55.334222,0 days 00:00:01.592776,0.14797419122585628,64,0.2,12,100,1.6118542331875078e-06,13,1.3920952946341358e-05,1,1,adadelta,"{'neurons_per_layer_encoder': [12], 'neurons_per_layer_decoder': [12]}",12,[12],[12],[-0.382422179833245],0.6250040444701068,COMPLETE
1774,-0.47181260375648715,2025-01-11 00:24:53.816523,2025-01-11 00:24:55.578216,0 days 00:00:01.761693,0.1418150154926411,64,0.2,24,100,1.6328234865303092e-06,42,1.4135841322616686e-05,1,1,adadelta,"{'neurons_per_layer_encoder': [24], 'neurons_per_layer_decoder': [24]}",24,[24],[24],[-0.47181260375648715],0.5202720608693551,COMPLETE
1775,-0.31614890847251753,2025-01-11 00:24:54.075191,2025-01-11 00:24:55.349535,0 days 00:00:01.274344,0.13934965290831755,64,0.2,24,100,1.5880660996150413e-06,42,1.0069686712305965e-05,5,1,sgd,"{'neurons_per_layer_encoder': [24], 'neurons_per_layer_decoder': [24, 12, 8, 8, 8]}",24,"[24, 12, 8, 8, 8]",[24],[-0.31614890847251753],0.5979473802675708,COMPLETE
1776,-0.19967887412714336,2025-01-11 00:24:54.099476,2025-01-11 00:24:55.487251,0 days 00:00:01.387775,0.13995362783465065,64,0.2,24,100,1.3744736876223885e-06,42,1.3505760851860718e-05,5,1,sgd,"{'neurons_per_layer_encoder': [24], 'neurons_per_layer_decoder': [24, 12, 8, 8, 8]}",24,"[24, 12, 8, 8, 8]",[24],[-0.19967887412714336],0.567220172344735,COMPLETE
1777,0.1349122298852531,2025-01-11 00:24:55.344646,2025-01-11 00:24:57.362571,0 days 00:00:02.017925,0.19093747266001737,64,0.2,36,100,1.3429567974492252e-06,71,1.2371113705956545e-05,1,1,sgd,"{'neurons_per_layer_encoder': [36], 'neurons_per_layer_decoder': [36]}",36,[36],[36],[0.1349122298852531],0.7612411679238701,COMPLETE
1778,-0.2495094577175112,2025-01-11 00:24:55.359286,2025-01-11 00:24:56.567335,0 days 00:00:01.208049,0.034576880001164254,64,0.2,36,100,1.7200657900169469e-06,71,3.400295022195107e-05,1,1,sgd,"{'neurons_per_layer_encoder': [36], 'neurons_per_layer_decoder': [36]}",36,[36],[36],[-0.2495094577175112],0.7015529836690028,COMPLETE
1779,-2.0646021414067057,2025-01-11 00:24:55.503216,2025-01-11 00:24:57.953342,0 days 00:00:02.450126,0.03815676380182977,88,0.2,12,100,3.8083582079012112e-06,13,0.00040955166554856913,1,1,adadelta,"{'neurons_per_layer_encoder': [12], 'neurons_per_layer_decoder': [12]}",12,[12],[12],[-2.0646021414067057],0.23050715200395663,COMPLETE
1780,-0.16874918563140673,2025-01-11 00:24:55.588408,2025-01-11 00:24:57.450332,0 days 00:00:01.861924,0.034501848384258925,40,0.2,44,100,3.814945200155341e-06,80,3.436152495265086e-05,1,1,adadelta,"{'neurons_per_layer_encoder': [44], 'neurons_per_layer_decoder': [44]}",44,[44],[44],[-0.16874918563140673],0.6487073322556496,COMPLETE
1781,-0.09908867973538915,2025-01-11 00:24:56.057181,2025-01-11 00:24:58.057620,0 days 00:00:02.000439,0.15002728355186987,64,0.2,20,100,1.836052286401354e-06,22,1.5827133845178982e-05,1,1,sgd,"{'neurons_per_layer_encoder': [20], 'neurons_per_layer_decoder': [20]}",20,[20],[20],[-0.09908867973538915],0.7084245305698559,COMPLETE
1782,-0.10226468357141605,2025-01-11 00:24:56.576735,2025-01-11 00:24:59.419236,0 days 00:00:02.842501,0.15101113118266057,64,0.2,20,100,1.8598154695917163e-06,22,1.6570640723102713e-05,4,1,adadelta,"{'neurons_per_layer_encoder': [20], 'neurons_per_layer_decoder': [20, 10, 8, 8]}",20,"[20, 10, 8, 8]",[20],[-0.10226468357141605],0.6584943524853144,COMPLETE
1783,-0.15261878759740144,2025-01-11 00:24:57.371776,2025-01-11 00:24:59.355638,0 days 00:00:01.983862,0.1503491693569115,64,0.2,20,100,1.806704449456444e-06,22,1.5296990048302886e-05,4,1,adadelta,"{'neurons_per_layer_encoder': [20], 'neurons_per_layer_decoder': [20, 10, 8, 8]}",20,"[20, 10, 8, 8]",[20],[-0.15261878759740144],0.5514747950573937,COMPLETE
1784,0.13442781943807003,2025-01-11 00:24:57.460361,2025-01-11 00:24:59.167452,0 days 00:00:01.707091,0.15152116835432972,64,0.2,20,100,1.8882934984190146e-06,22,1.6009132851974866e-05,1,1,adadelta,"{'neurons_per_layer_encoder': [20], 'neurons_per_layer_decoder': [20]}",20,[20],[20],[0.13442781943807003],0.5805799521180552,COMPLETE
1785,0.440733264902075,2025-01-11 00:24:57.963550,2025-01-11 00:24:59.837507,0 days 00:00:01.873957,0.1522973617104252,64,0.2,20,100,1.7966671892732856e-06,22,1.5570125715569175e-05,1,1,adadelta,"{'neurons_per_layer_encoder': [20], 'neurons_per_layer_decoder': [20]}",20,[20],[20],[0.440733264902075],0.8701536631693165,COMPLETE
1786,-0.3817609645435973,2025-01-11 00:24:58.067644,2025-01-11 00:24:59.900960,0 days 00:00:01.833316,0.1463380432385439,64,0.2,20,100,1.936203858942631e-06,22,1.5967725266729836e-05,1,1,adadelta,"{'neurons_per_layer_encoder': [20], 'neurons_per_layer_decoder': [20]}",20,[20],[20],[-0.3817609645435973],0.5945743982225139,COMPLETE
1787,0.038707846197226115,2025-01-11 00:24:59.177056,2025-01-11 00:25:00.804462,0 days 00:00:01.627406,0.1484686071058945,64,0.2,16,100,2.2281707399443697e-06,17,1.216184024313323e-05,1,1,adadelta,"{'neurons_per_layer_encoder': [16], 'neurons_per_layer_decoder': [16]}",16,[16],[16],[0.038707846197226115],0.7047779781571358,COMPLETE
1788,-0.35437045072289486,2025-01-11 00:24:59.365309,2025-01-11 00:25:01.139617,0 days 00:00:01.774308,0.1390705312928006,64,0.2,16,100,2.323425424537957e-06,17,1.2435714797330955e-05,1,1,adadelta,"{'neurons_per_layer_encoder': [16], 'neurons_per_layer_decoder': [16]}",16,[16],[16],[-0.35437045072289486],0.7334970836804495,COMPLETE
1789,-0.16925590050847905,2025-01-11 00:24:59.431737,2025-01-11 00:25:01.621281,0 days 00:00:02.189544,0.13766100736737638,64,0.2,28,100,2.183512024203959e-06,30,1.265407755804933e-05,1,1,adadelta,"{'neurons_per_layer_encoder': [28], 'neurons_per_layer_decoder': [28]}",28,[28],[28],[-0.16925590050847905],0.5832168205673135,COMPLETE
1790,0.21537297208987405,2025-01-11 00:24:59.847539,2025-01-11 00:25:01.948424,0 days 00:00:02.100885,0.13640541771055734,64,0.2,16,100,1.5749456205713214e-06,17,1.2010004388159807e-05,1,1,sgd,"{'neurons_per_layer_encoder': [16], 'neurons_per_layer_decoder': [16]}",16,[16],[16],[0.21537297208987405],0.7512481637707678,COMPLETE
1791,0.04915574720980498,2025-01-11 00:24:59.911630,2025-01-11 00:25:02.010808,0 days 00:00:02.099178,0.13819384133641024,64,0.2,16,100,1.5878828419969885e-06,17,1.3186399981594123e-05,1,1,sgd,"{'neurons_per_layer_encoder': [16], 'neurons_per_layer_decoder': [16]}",16,[16],[16],[0.04915574720980498],0.6236569173829855,COMPLETE
1792,0.09524534032934118,2025-01-11 00:25:00.815040,2025-01-11 00:25:02.511284,0 days 00:00:01.696244,0.13667162679363204,64,0.2,16,100,1.5161118349248741e-06,51,1.3567977011872791e-05,1,2,sgd,"{'neurons_per_layer_encoder': [16, 32], 'neurons_per_layer_decoder': [32]}",16,[32],"[16, 32]",[0.09524534032934118],0.7507354523041578,COMPLETE
1793,-0.07526445227833434,2025-01-11 00:25:01.957850,2025-01-11 00:25:03.248657,0 days 00:00:01.290807,0.12856157388701472,64,0.2,12,100,1.2282364692608415e-06,26,1.3978579995986897e-05,1,2,sgd,"{'neurons_per_layer_encoder': [12, 24], 'neurons_per_layer_decoder': [24]}",12,[24],"[12, 24]",[-0.07526445227833434],0.7357501980410548,COMPLETE
1794,0.2007051686536807,2025-01-11 00:25:02.020513,2025-01-11 00:25:04.033257,0 days 00:00:02.012744,0.12779836814639578,64,0.2,12,100,1.2910706753662984e-06,26,1.4204704245552777e-05,1,2,sgd,"{'neurons_per_layer_encoder': [12, 24], 'neurons_per_layer_decoder': [24]}",12,[24],"[12, 24]",[0.2007051686536807],0.7598649850134981,COMPLETE
1795,0.2247079655631744,2025-01-11 00:25:02.519784,2025-01-11 00:25:04.850094,0 days 00:00:02.330310,0.13053694585998216,64,0.2,12,100,1.3092499453344661e-06,13,1.455637336385792e-05,1,1,adadelta,"{'neurons_per_layer_encoder': [12], 'neurons_per_layer_decoder': [12]}",12,[12],[12],[0.2247079655631744],0.8568214179201508,COMPLETE
1796,-1.1790989523849875,2025-01-11 00:25:03.257340,2025-01-11 00:25:05.194794,0 days 00:00:01.937454,0.14684978495415077,64,0.2,12,100,1.4489976195453105e-06,13,1.4598307375065916e-05,1,1,adadelta,"{'neurons_per_layer_encoder': [12], 'neurons_per_layer_decoder': [12]}",12,[12],[12],[-1.1790989523849875],0.07978035547875077,COMPLETE
1797,0.018550105019700447,2025-01-11 00:25:04.041997,2025-01-11 00:25:06.577134,0 days 00:00:02.535137,0.14639273911476158,64,0.2,12,100,1.3760974411746825e-06,13,1.1018408903558198e-05,1,1,adadelta,"{'neurons_per_layer_encoder': [12], 'neurons_per_layer_decoder': [12]}",12,[12],[12],[0.018550105019700447],0.6814812066780711,COMPLETE
1798,-0.2019954143782723,2025-01-11 00:25:05.203021,2025-01-11 00:25:06.688685,0 days 00:00:01.485664,0.1528347781072021,64,0.2,12,100,1.6798805250141806e-06,13,1.0021770870452384e-05,2,1,adadelta,"{'neurons_per_layer_encoder': [12], 'neurons_per_layer_decoder': [12, 8]}",12,"[12, 8]",[12],[-0.2019954143782723],0.6523318061114214,COMPLETE
1799,-0.03125303907757182,2025-01-11 00:25:06.586111,2025-01-11 00:25:08.734598,0 days 00:00:02.148487,0.15311200121375787,64,0.2,24,100,1.0090730935218758e-06,26,1.1315018225699307e-05,1,1,adadelta,"{'neurons_per_layer_encoder': [24], 'neurons_per_layer_decoder': [24]}",24,[24],[24],[-0.03125303907757182],0.7658155359191063,COMPLETE
1800,-0.1059727672126507,2025-01-11 12:13:52.456041,2025-01-11 12:13:53.963590,0 days 00:00:01.507549,0.15837826828614407,64,0.2,16,100,1.5807196602959414e-06,17,1.2585365396450648e-05,1,1,adadelta,"{'neurons_per_layer_encoder': [16], 'neurons_per_layer_decoder': [16]}",16,[16],[16],[-0.1059727672126507],0.4670501324117247,COMPLETE
1801,0.013289327016125396,2025-01-11 12:13:52.463914,2025-01-11 12:13:53.941626,0 days 00:00:01.477712,0.1584541127218865,64,0.2,16,100,1.7334054373993508e-06,17,1.2507968809102255e-05,1,1,adadelta,"{'neurons_per_layer_encoder': [16], 'neurons_per_layer_decoder': [16]}",16,[16],[16],[0.013289327016125396],0.7694055241025874,COMPLETE
1802,-0.5533713100328737,2025-01-11 12:13:52.468388,2025-01-11 12:13:55.053899,0 days 00:00:02.585511,0.15722389902677142,64,0.2,16,100,1.774208103389195e-06,17,1.2492720105608621e-05,1,1,adadelta,"{'neurons_per_layer_encoder': [16], 'neurons_per_layer_decoder': [16]}",16,[16],[16],[-0.5533713100328737],0.5586352429443774,COMPLETE
1803,-0.20263412749363385,2025-01-11 12:13:52.472409,2025-01-11 12:13:53.936820,0 days 00:00:01.464411,0.1413935742687886,64,0.2,16,100,1.7290646849260324e-06,17,1.6954972433790878e-05,1,1,adadelta,"{'neurons_per_layer_encoder': [16], 'neurons_per_layer_decoder': [16]}",16,[16],[16],[-0.20263412749363385],0.6456648059164305,COMPLETE
1804,0.23280951510127468,2025-01-11 12:13:52.477993,2025-01-11 12:13:54.019068,0 days 00:00:01.541075,0.027451904623919304,64,0.2,16,100,1.6889886609796654e-06,17,1.2557396689392255e-05,1,1,adadelta,"{'neurons_per_layer_encoder': [16], 'neurons_per_layer_decoder': [16]}",16,[16],[16],[0.23280951510127468],0.7777027326941306,COMPLETE
1805,-0.004323673625686197,2025-01-11 12:13:53.951317,2025-01-11 12:13:55.687310,0 days 00:00:01.735993,0.1591590052938413,64,0.2,24,100,1.191607240027577e-06,26,1.5809799380608955e-05,1,1,sgd,"{'neurons_per_layer_encoder': [24], 'neurons_per_layer_decoder': [24]}",24,[24],[24],[-0.004323673625686197],0.6902211451021814,COMPLETE
1806,-0.4755412108044694,2025-01-11 12:13:53.956560,2025-01-11 12:13:55.290254,0 days 00:00:01.333694,0.14330005075308846,64,0.30000000000000004,8,100,1.6015093462131826e-06,8,1.5442644293934033e-05,1,1,sgd,"{'neurons_per_layer_encoder': [8], 'neurons_per_layer_decoder': [8]}",8,[8],[8],[-0.4755412108044694],0.3431139664990849,COMPLETE
1807,-0.14470674954007956,2025-01-11 12:13:53.977546,2025-01-11 12:13:55.911119,0 days 00:00:01.933573,0.027656040036630133,64,0.2,24,100,1.2056253023702182e-06,26,1.5943246037358513e-05,1,1,sgd,"{'neurons_per_layer_encoder': [24], 'neurons_per_layer_decoder': [24]}",24,[24],[24],[-0.14470674954007956],0.4500116754935547,COMPLETE
1808,0.08163224644075673,2025-01-11 12:13:54.035793,2025-01-11 12:13:56.053043,0 days 00:00:02.017250,0.1436288006293358,64,0.30000000000000004,24,100,1.1700273508807132e-06,26,1.607235957925613e-05,1,1,sgd,"{'neurons_per_layer_encoder': [24], 'neurons_per_layer_decoder': [24]}",24,[24],[24],[0.08163224644075673],0.6733823134670275,COMPLETE
1809,0.008837328958771984,2025-01-11 12:13:55.066688,2025-01-11 12:13:56.606139,0 days 00:00:01.539451,0.016051418790336107,120,0.2,24,100,1.1566768296722278e-06,68,1.5092180172738568e-05,1,2,sgd,"{'neurons_per_layer_encoder': [24, 48], 'neurons_per_layer_decoder': [48]}",24,[48],"[24, 48]",[0.008837328958771984],0.7586797631720722,COMPLETE
1810,-0.030998791855999297,2025-01-11 12:13:55.303556,2025-01-11 12:13:57.575949,0 days 00:00:02.272393,0.12956983573425856,40,0.2,24,100,1.2049640548617274e-06,68,1.523151982839288e-05,1,2,sgd,"{'neurons_per_layer_encoder': [24, 48], 'neurons_per_layer_decoder': [48]}",24,[48],"[24, 48]",[-0.030998791855999297],0.6569345134066776,COMPLETE
1811,-0.2688786376265053,2025-01-11 12:13:55.698012,2025-01-11 12:13:57.432206,0 days 00:00:01.734194,0.04189310151713041,40,0.2,44,100,1.9792108915829923e-06,112,1.1520311943849844e-05,1,2,sgd,"{'neurons_per_layer_encoder': [44, 88], 'neurons_per_layer_decoder': [88]}",44,[88],"[44, 88]",[-0.2688786376265053],0.603472004570966,COMPLETE
1812,-0.006170896518575608,2025-01-11 12:13:55.924421,2025-01-11 12:13:57.617743,0 days 00:00:01.693322,0.015835048113961265,40,0.2,44,100,1.945121700433858e-06,112,1.1344811294826973e-05,1,2,adadelta,"{'neurons_per_layer_encoder': [44, 88], 'neurons_per_layer_decoder': [88]}",44,[88],"[44, 88]",[-0.006170896518575608],0.7494505409141108,COMPLETE
1813,-0.02627571564405029,2025-01-11 12:13:56.067046,2025-01-11 12:13:58.815198,0 days 00:00:02.748152,0.01585582769594253,80,0.2,48,100,1.9664343754289055e-06,120,1.1659077850706084e-05,1,2,adadelta,"{'neurons_per_layer_encoder': [48, 96], 'neurons_per_layer_decoder': [96]}",48,[96],"[48, 96]",[-0.02627571564405029],0.6789041027892267,COMPLETE
1814,-0.27208014010272685,2025-01-11 12:13:56.616960,2025-01-11 12:13:58.192591,0 days 00:00:01.575631,0.1326790854021144,40,0.2,8,100,1.9966345183908173e-06,17,1.3571680643320139e-05,1,2,adadelta,"{'neurons_per_layer_encoder': [8, 16], 'neurons_per_layer_decoder': [16]}",8,[16],"[8, 16]",[-0.27208014010272685],0.595272285908174,COMPLETE
1815,-0.23811266573639167,2025-01-11 12:13:57.443073,2025-01-11 12:13:58.746297,0 days 00:00:01.303224,0.13234865510067464,80,0.2,48,100,1.4239929482086478e-06,68,1.1282194266827125e-05,1,1,adadelta,"{'neurons_per_layer_encoder': [48], 'neurons_per_layer_decoder': [48]}",48,[48],[48],[-0.23811266573639167],0.5781253305333451,COMPLETE
1816,0.07040965173385083,2025-01-11 12:13:57.586081,2025-01-11 12:14:00.046039,0 days 00:00:02.459958,0.02532475119068752,80,0.2,8,100,1.3855551206476284e-06,8,1.1194888600015096e-05,1,1,adadelta,"{'neurons_per_layer_encoder': [8], 'neurons_per_layer_decoder': [8]}",8,[8],[8],[0.07040965173385083],0.5414993019483734,COMPLETE
1817,-1.1021463059031364,2025-01-11 12:13:57.631995,2025-01-11 12:13:59.816363,0 days 00:00:02.184368,0.017721304067141275,80,0.2,8,100,1.4320809391914091e-06,8,1.0012693809216766e-05,1,1,adadelta,"{'neurons_per_layer_encoder': [8], 'neurons_per_layer_decoder': [8]}",8,[8],[8],[-1.1021463059031364],0.12420640253334833,COMPLETE
1818,-0.9178928532309998,2025-01-11 12:13:58.201497,2025-01-11 12:13:59.528571,0 days 00:00:01.327074,0.12359466968732571,88,0.2,8,100,1.4057763521056938e-06,8,1.8206594228789172e-05,1,1,adadelta,"{'neurons_per_layer_encoder': [8], 'neurons_per_layer_decoder': [8]}",8,[8],[8],[-0.9178928532309998],0.4738243249533327,COMPLETE
1819,-0.07198400323830745,2025-01-11 12:13:58.756596,2025-01-11 12:14:00.155214,0 days 00:00:01.398618,0.1458356191247437,64,0.2,152,100,1.3579073791648067e-06,176,1.0058455333368884e-05,1,1,adadelta,"{'neurons_per_layer_encoder': [152], 'neurons_per_layer_decoder': [152]}",152,[152],[152],[-0.07198400323830745],0.6463965635563443,COMPLETE
1820,0.14277047694421696,2025-01-11 12:13:58.827799,2025-01-11 12:14:01.326249,0 days 00:00:02.498450,0.12190331621012132,64,0.2,8,100,1.00260374286976e-06,8,1.7714259928205594e-05,1,1,adadelta,"{'neurons_per_layer_encoder': [8], 'neurons_per_layer_decoder': [8]}",8,[8],[8],[0.14277047694421696],0.732595891318614,COMPLETE
1821,-0.37165565530653466,2025-01-11 12:13:59.538963,2025-01-11 12:14:02.002501,0 days 00:00:02.463538,0.017695307293229177,64,0.2,8,100,1.4226767242496894e-06,8,1.3325743812518255e-05,1,1,adadelta,"{'neurons_per_layer_encoder': [8], 'neurons_per_layer_decoder': [8]}",8,[8],[8],[-0.37165565530653466],0.5473492661114566,COMPLETE
1822,-0.14493067014139482,2025-01-11 12:13:59.829386,2025-01-11 12:14:02.318517,0 days 00:00:02.489131,0.02528468721844188,64,0.2,12,100,1.6825770111495432e-06,13,1.8431939757273336e-05,1,1,adam,"{'neurons_per_layer_encoder': [12], 'neurons_per_layer_decoder': [12]}",12,[12],[12],[-0.14493067014139482],0.451131153557567,COMPLETE
1823,0.348090926553169,2025-01-11 12:14:00.056231,2025-01-11 12:14:02.516089,0 days 00:00:02.459858,0.14710644374791781,64,0.2,20,100,1.7638868967891275e-06,22,1.3855585768422166e-05,1,1,adam,"{'neurons_per_layer_encoder': [20], 'neurons_per_layer_decoder': [20]}",20,[20],[20],[0.348090926553169],0.8160970190086239,COMPLETE
1824,-0.1459036387924859,2025-01-11 12:14:00.165965,2025-01-11 12:14:01.510541,0 days 00:00:01.344576,0.16174905112741422,64,0.2,28,100,1.6734548141287214e-06,30,1.394261314577668e-05,1,1,adam,"{'neurons_per_layer_encoder': [28], 'neurons_per_layer_decoder': [28]}",28,[28],[28],[-0.1459036387924859],0.8099601092816802,COMPLETE
1825,-0.16178940664557895,2025-01-11 12:14:01.337064,2025-01-11 12:14:03.197274,0 days 00:00:01.860210,0.15962605978626818,64,0.2,28,100,1.768459415946545e-06,30,1.4008028680733944e-05,3,1,adam,"{'neurons_per_layer_encoder': [28], 'neurons_per_layer_decoder': [28, 14, 8]}",28,"[28, 14, 8]",[28],[-0.16178940664557895],0.6740548327089357,COMPLETE
