number,value,datetime_start,datetime_complete,duration,params_alpha,params_batch_size,params_drop_out_rate,params_encoder_neurons_layer_1,params_epochs,params_lambda,params_latent_dim,params_learning_rate,params_num_layers_decoder,params_num_layers_encoder,params_optimizer,user_attrs_encoder_decoder_config,user_attrs_first_layer_neurons,user_attrs_neurons_per_layer_decoder,user_attrs_neurons_per_layer_encoder,user_attrs_r2_feature_1,user_attrs_relative_deterioration,state
2273,0.21301970414009586,2025-01-11 12:25:15.609816,2025-01-11 12:25:17.728197,0 days 00:00:02.118381,0.03613209251999601,72,0.2,12,100,1.6219872713626407e-05,42,1.8888625156490786e-05,1,2,adadelta,"{'neurons_per_layer_encoder': [12, 24], 'neurons_per_layer_decoder': [24]}",12,[24],"[12, 24]",[0.21301970414009586],0.6607581440617929,COMPLETE
2274,-0.025916536674532642,2025-01-11 12:25:15.797812,2025-01-11 12:25:17.871593,0 days 00:00:02.073781,0.03557726743665998,72,0.2,12,100,1.3812631391184116e-06,42,2.8756205333102515e-05,1,2,adadelta,"{'neurons_per_layer_encoder': [12, 24], 'neurons_per_layer_decoder': [24]}",12,[24],"[12, 24]",[-0.025916536674532642],0.6758348167286456,COMPLETE
2275,-0.2583992291275867,2025-01-11 12:25:15.962932,2025-01-11 12:25:17.570157,0 days 00:00:01.607225,0.17485298265725263,72,0.2,132,100,2.3003736925929204e-06,288,2.8426828161564915e-05,1,2,adadelta,"{'neurons_per_layer_encoder': [132, 264], 'neurons_per_layer_decoder': [264]}",132,[264],"[132, 264]",[-0.2583992291275867],0.5579832355306564,COMPLETE
2276,-0.3222706707374272,2025-01-11 12:25:16.607050,2025-01-11 12:25:18.169104,0 days 00:00:01.562054,0.13942728142964358,56,0.2,4,100,1.3913827440584993e-06,8,2.8133517019186137e-05,1,2,adadelta,"{'neurons_per_layer_encoder': [4, 8], 'neurons_per_layer_decoder': [8]}",4,[8],"[4, 8]",[-0.3222706707374272],0.5319505744292152,COMPLETE
2277,-0.25996276850966593,2025-01-11 12:25:17.579591,2025-01-11 12:25:18.929706,0 days 00:00:01.350115,0.1384739555252663,56,0.2,8,100,1.4305575448440262e-06,8,2.5780078330414224e-05,1,1,adadelta,"{'neurons_per_layer_encoder': [8], 'neurons_per_layer_decoder': [8]}",8,[8],[8],[-0.25996276850966593],0.6987463704437281,COMPLETE
2278,-0.042440326770531556,2025-01-11 12:25:17.677279,2025-01-11 12:25:18.864691,0 days 00:00:01.187412,0.1390405992737242,56,0.2,12,100,6.449827865391891e-05,13,1.7178954885887914e-05,1,1,sgd,"{'neurons_per_layer_encoder': [12], 'neurons_per_layer_decoder': [12]}",12,[12],[12],[-0.042440326770531556],0.7115958353112442,COMPLETE
2279,-0.1402244401223356,2025-01-11 12:25:17.741241,2025-01-11 12:25:18.948622,0 days 00:00:01.207381,0.13855752755485504,56,0.2,4,100,1.3654305341625127e-06,4,1.6047880073946096e-05,1,1,sgd,"{'neurons_per_layer_encoder': [4], 'neurons_per_layer_decoder': [8]}",4,[8],[4],[-0.1402244401223356],0.6374439357230749,COMPLETE
2280,-0.011725538352087783,2025-01-11 12:25:17.884584,2025-01-11 12:25:18.872400,0 days 00:00:00.987816,0.04947844786446056,56,0.2,4,100,6.536593527122622e-05,4,1.6400220448909275e-05,1,1,sgd,"{'neurons_per_layer_encoder': [4], 'neurons_per_layer_decoder': [8]}",4,[8],[4],[-0.011725538352087783],0.533102607967045,COMPLETE
2281,-0.23280133407428227,2025-01-11 12:25:18.180136,2025-01-11 12:25:19.945310,0 days 00:00:01.765174,0.19996407299243862,64,0.2,28,100,2.250329127891725e-06,30,1.6116940467463346e-05,1,1,sgd,"{'neurons_per_layer_encoder': [28], 'neurons_per_layer_decoder': [28]}",28,[28],[28],[-0.23280133407428227],0.7127511465847326,COMPLETE
2282,-0.022953689288608414,2025-01-11 12:25:18.877095,2025-01-11 12:25:21.419722,0 days 00:00:02.542627,0.08810785501328297,64,0.2,28,100,5.08666216820842e-06,30,2.482993710615171e-05,1,1,adadelta,"{'neurons_per_layer_encoder': [28], 'neurons_per_layer_decoder': [28]}",28,[28],[28],[-0.022953689288608414],0.31310626152191356,COMPLETE
2283,-0.5521197527108295,2025-01-11 12:25:18.882561,2025-01-11 12:25:20.245891,0 days 00:00:01.363330,0.16070179209864266,64,0.2,28,100,2.2321117826632462e-06,30,2.5157059410567604e-05,1,1,adadelta,"{'neurons_per_layer_encoder': [28], 'neurons_per_layer_decoder': [28]}",28,[28],[28],[-0.5521197527108295],0.5505982276398529,COMPLETE
2284,-0.046837259905783135,2025-01-11 12:25:18.942257,2025-01-11 12:25:20.325703,0 days 00:00:01.383446,0.15837418159072503,64,0.2,28,100,2.2426227322414597e-06,30,1.2887347396846582e-05,1,1,adadelta,"{'neurons_per_layer_encoder': [28], 'neurons_per_layer_decoder': [28]}",28,[28],[28],[-0.046837259905783135],0.7452883602963711,COMPLETE
2285,-0.01411601235026616,2025-01-11 12:25:18.961861,2025-01-11 12:25:21.492846,0 days 00:00:02.530985,0.1588933585499211,64,0.2,24,100,2.3150828428559957e-06,42,1.2530738069187285e-05,1,1,adadelta,"{'neurons_per_layer_encoder': [24], 'neurons_per_layer_decoder': [24]}",24,[24],[24],[-0.01411601235026616],0.6922333319275874,COMPLETE
2286,-0.09943478213242574,2025-01-11 12:25:19.956552,2025-01-11 12:25:22.401982,0 days 00:00:02.445430,0.16052523383514555,64,0.4,16,100,1.8003053392395307e-06,17,1.2430080666457173e-05,1,1,adadelta,"{'neurons_per_layer_encoder': [16], 'neurons_per_layer_decoder': [16]}",16,[16],[16],[-0.09943478213242574],0.6132964047171897,COMPLETE
2287,-0.6557245952768176,2025-01-11 12:25:20.257163,2025-01-11 12:25:21.756191,0 days 00:00:01.499028,0.1714223344043947,64,0.4,16,100,1.8341530978514705e-06,17,1.2535645851681697e-05,1,1,adadelta,"{'neurons_per_layer_encoder': [16], 'neurons_per_layer_decoder': [16]}",16,[16],[16],[-0.6557245952768176],0.6920010419506217,COMPLETE
2288,0.02850299918254573,2025-01-11 12:25:20.337752,2025-01-11 12:25:23.772191,0 days 00:00:03.434439,0.1742226859658147,80,0.4,20,100,1.8789337538905595e-06,200,1.1251153872272015e-05,1,4,adadelta,"{'neurons_per_layer_encoder': [20, 40, 80, 160], 'neurons_per_layer_decoder': [160]}",20,[160],"[20, 40, 80, 160]",[0.02850299918254573],0.6984977869198242,COMPLETE
2289,-0.16212175617385483,2025-01-11 12:25:21.430861,2025-01-11 12:25:23.590342,0 days 00:00:02.159481,0.17627142547686026,80,0.2,16,100,1.7944412690797033e-06,17,1.941324265018527e-05,1,1,adadelta,"{'neurons_per_layer_encoder': [16], 'neurons_per_layer_decoder': [16]}",16,[16],[16],[-0.16212175617385483],0.7039218725670455,COMPLETE
2290,0.1654901293878117,2025-01-11 12:25:21.505292,2025-01-11 12:25:24.055384,0 days 00:00:02.550092,0.17231823123535364,80,0.4,16,100,1.795386217538741e-06,17,1.0018174953671584e-05,2,1,adadelta,"{'neurons_per_layer_encoder': [16], 'neurons_per_layer_decoder': [16, 8]}",16,"[16, 8]",[16],[0.1654901293878117],0.7725522003294276,COMPLETE
2291,0.13848083802935518,2025-01-11 12:25:21.767000,2025-01-11 12:25:23.528968,0 days 00:00:01.761968,0.18175640256362244,48,0.2,16,100,2.763642607442816e-06,17,1.9921313754352805e-05,1,1,adadelta,"{'neurons_per_layer_encoder': [16], 'neurons_per_layer_decoder': [16]}",16,[16],[16],[0.13848083802935518],0.5999521070514587,COMPLETE
2292,-0.10202373450002988,2025-01-11 12:25:22.412796,2025-01-11 12:25:23.919347,0 days 00:00:01.506551,0.03054678014585172,80,0.2,60,100,2.8548330424400836e-06,82,1.0042700087969003e-05,1,1,adadelta,"{'neurons_per_layer_encoder': [60], 'neurons_per_layer_decoder': [60]}",60,[60],[60],[-0.10202373450002988],0.7359665986412541,COMPLETE
2293,-0.07622312947820342,2025-01-11 12:25:23.538366,2025-01-11 12:25:24.462291,0 days 00:00:00.923925,0.1474467100580386,80,0.2,8,100,1.1950302486291645e-06,8,1.944296907776978e-05,1,1,sgd,"{'neurons_per_layer_encoder': [8], 'neurons_per_layer_decoder': [8]}",8,[8],[8],[-0.07622312947820342],0.6859759746523493,COMPLETE
2294,0.054868282301072546,2025-01-11 12:25:23.602658,2025-01-11 12:25:25.574819,0 days 00:00:01.972161,0.14891272491171362,72,0.2,8,100,1.1383612104795387e-06,8,2.2697281295997844e-05,1,1,sgd,"{'neurons_per_layer_encoder': [8], 'neurons_per_layer_decoder': [8]}",8,[8],[8],[0.054868282301072546],0.6186456423544211,COMPLETE
2295,-0.5585061838703171,2025-01-11 12:25:23.782301,2025-01-11 12:25:25.412697,0 days 00:00:01.630396,0.03348671305416135,72,0.2,8,100,2.7046950634542927e-06,8,0.00034453512504060903,3,1,sgd,"{'neurons_per_layer_encoder': [8], 'neurons_per_layer_decoder': [8, 8, 8]}",8,"[8, 8, 8]",[8],[-0.5585061838703171],0.5386505856229846,COMPLETE
2296,0.05111414544456705,2025-01-11 12:25:24.066304,2025-01-11 12:25:25.677345,0 days 00:00:01.611041,0.15018603061775626,72,0.2,8,100,1.1518105468466281e-06,8,2.2248740374949768e-05,1,1,sgd,"{'neurons_per_layer_encoder': [8], 'neurons_per_layer_decoder': [8]}",8,[8],[8],[0.05111414544456705],0.7885440502407349,COMPLETE
2297,0.38566093497178056,2025-01-11 12:25:24.083832,2025-01-11 12:25:26.050548,0 days 00:00:01.966716,0.14952764770353855,72,0.2,8,100,1.1543863761847439e-06,8,0.0003459690747111712,1,1,sgd,"{'neurons_per_layer_encoder': [8], 'neurons_per_layer_decoder': [8]}",8,[8],[8],[0.38566093497178056],0.8121197289935134,COMPLETE
2298,-0.11736680701375168,2025-01-11 12:25:24.472885,2025-01-11 12:25:25.395982,0 days 00:00:00.923097,0.12901510292539178,72,0.2,8,100,1.5332454612620953e-06,8,2.301337363270201e-05,1,1,sgd,"{'neurons_per_layer_encoder': [8], 'neurons_per_layer_decoder': [8]}",8,[8],[8],[-0.11736680701375168],0.5294308139530084,COMPLETE
2299,-0.06868324101367684,2025-01-11 12:25:25.405727,2025-01-11 12:25:26.731700,0 days 00:00:01.325973,0.032905600135925674,72,0.2,8,100,2.682127053864332e-06,8,1.489763620362582e-05,1,1,adadelta,"{'neurons_per_layer_encoder': [8], 'neurons_per_layer_decoder': [8]}",8,[8],[8],[-0.06868324101367684],0.5155765839269381,COMPLETE
2300,-0.005082221658951669,2025-01-11 12:25:25.423072,2025-01-11 12:25:27.898271,0 days 00:00:02.475199,0.14500656241863344,72,0.2,4,100,1.2532004873257882e-06,4,3.946094349140685e-05,1,1,adadelta,"{'neurons_per_layer_encoder': [4], 'neurons_per_layer_decoder': [8]}",4,[8],[4],[-0.005082221658951669],0.6757599564489205,COMPLETE
2301,-0.03446119500893796,2025-01-11 12:25:25.585408,2025-01-11 12:25:26.935925,0 days 00:00:01.350517,0.03883331356967922,72,0.2,4,100,2.2520181852255078e-05,4,1.5208349695281435e-05,1,1,adadelta,"{'neurons_per_layer_encoder': [4], 'neurons_per_layer_decoder': [8]}",4,[8],[4],[-0.03446119500893796],0.6676016555900511,COMPLETE
2302,-0.3303098298104119,2025-01-11 12:25:25.692944,2025-01-11 12:25:27.464489,0 days 00:00:01.771545,0.02511427996768899,64,0.2,4,100,3.6388122279597508e-06,4,1.5227989915280769e-05,1,1,adadelta,"{'neurons_per_layer_encoder': [4], 'neurons_per_layer_decoder': [8]}",4,[8],[4],[-0.3303098298104119],0.6495918217918834,COMPLETE
2303,-0.19663831480915261,2025-01-11 12:25:26.061152,2025-01-11 12:25:27.660243,0 days 00:00:01.599091,0.18919685531720704,64,0.2,20,100,3.6315272251835985e-06,60,0.000408503454166543,1,2,adadelta,"{'neurons_per_layer_encoder': [20, 40], 'neurons_per_layer_decoder': [40]}",20,[40],"[20, 40]",[-0.19663831480915261],0.6582742012019404,COMPLETE
2304,-0.3819974402178097,2025-01-11 12:25:26.743265,2025-01-11 12:25:28.449605,0 days 00:00:01.706340,0.025692136987762324,88,0.2,56,100,2.1459953199568244e-06,232,1.5653411028183393e-05,1,2,adam,"{'neurons_per_layer_encoder': [56, 112], 'neurons_per_layer_decoder': [112]}",56,[112],"[56, 112]",[-0.3819974402178097],0.26856276137628354,COMPLETE
2305,0.13714067491795456,2025-01-11 12:25:26.946599,2025-01-11 12:25:29.789648,0 days 00:00:02.843049,0.18326295717230262,64,0.2,20,100,1.5859510573197837e-06,44,1.8121742777146435e-05,1,2,adadelta,"{'neurons_per_layer_encoder': [20, 40], 'neurons_per_layer_decoder': [40]}",20,[40],"[20, 40]",[0.13714067491795456],0.7418187852895378,COMPLETE
2306,-0.03145231498590517,2025-01-11 12:25:27.474793,2025-01-11 12:25:29.287834,0 days 00:00:01.813041,0.18958608679149277,64,0.2,20,100,2.1052787714243726e-06,60,3.143726518890833e-05,1,2,adam,"{'neurons_per_layer_encoder': [20, 40], 'neurons_per_layer_decoder': [40]}",20,[40],"[20, 40]",[-0.03145231498590517],0.6656210831534272,COMPLETE
2307,-0.9848638732889372,2025-01-11 12:25:27.671266,2025-01-11 12:25:29.049333,0 days 00:00:01.378067,0.16391442647820414,48,0.2,24,100,2.19609055544551e-06,42,1.777201423231135e-05,1,1,adam,"{'neurons_per_layer_encoder': [24], 'neurons_per_layer_decoder': [24]}",24,[24],[24],[-0.9848638732889372],0.5967690334352357,COMPLETE
2308,-0.059874546466983425,2025-01-11 12:25:27.909682,2025-01-11 12:25:29.549789,0 days 00:00:01.640107,0.1636508222830121,40,0.2,12,100,2.074822460288004e-06,13,1.867457200431095e-05,1,1,adam,"{'neurons_per_layer_encoder': [12], 'neurons_per_layer_decoder': [12]}",12,[12],[12],[-0.059874546466983425],0.7384358177078214,COMPLETE
2309,-0.3477950398493963,2025-01-11 12:25:28.459839,2025-01-11 12:25:29.884223,0 days 00:00:01.424384,0.16580298954169492,40,0.2,12,100,1.5495462330818484e-06,13,1.8546448251880596e-05,1,1,adadelta,"{'neurons_per_layer_encoder': [12], 'neurons_per_layer_decoder': [12]}",12,[12],[12],[-0.3477950398493963],0.4850321870350665,COMPLETE
2310,-0.5782728602565119,2025-01-11 12:25:29.059622,2025-01-11 12:25:30.728574,0 days 00:00:01.668952,0.18788344534631804,40,0.2,12,100,1.5476089011465395e-06,13,1.3178324567759052e-05,1,1,adadelta,"{'neurons_per_layer_encoder': [12], 'neurons_per_layer_decoder': [12]}",12,[12],[12],[-0.5782728602565119],0.1869627267530717,COMPLETE
2311,0.1368257473681005,2025-01-11 12:25:29.298297,2025-01-11 12:25:31.877585,0 days 00:00:02.579288,0.16458244763503233,40,0.2,12,100,1.5458649240264674e-06,13,1.3289313060477713e-05,1,1,adadelta,"{'neurons_per_layer_encoder': [12], 'neurons_per_layer_decoder': [12]}",12,[12],[12],[0.1368257473681005],0.7674667045764317,COMPLETE
2312,-1.0406096861414342,2025-01-11 12:25:29.560145,2025-01-11 12:25:31.359058,0 days 00:00:01.798913,0.13176874716064668,56,0.1,12,100,1.51299989159092e-06,13,1.3382559294378097e-05,1,1,adadelta,"{'neurons_per_layer_encoder': [12], 'neurons_per_layer_decoder': [12]}",12,[12],[12],[-1.0406096861414342],0.5063301338517244,COMPLETE
2313,-0.1822180068147976,2025-01-11 12:25:29.806928,2025-01-11 12:25:31.220360,0 days 00:00:01.413432,0.02286299160068753,56,0.2,16,100,1.845211647007384e-06,17,1.348759028546952e-05,1,1,adadelta,"{'neurons_per_layer_encoder': [16], 'neurons_per_layer_decoder': [16]}",16,[16],[16],[-0.1822180068147976],0.6835358015983204,COMPLETE
2314,-0.850428324210581,2025-01-11 12:25:29.894949,2025-01-11 12:25:31.447483,0 days 00:00:01.552534,0.13504090616829004,56,0.1,16,100,1.8249943750065547e-06,17,1.3553495140947185e-05,1,1,adadelta,"{'neurons_per_layer_encoder': [16], 'neurons_per_layer_decoder': [16]}",16,[16],[16],[-0.850428324210581],0.4730305816480906,COMPLETE
2315,-0.10842689790369975,2025-01-11 12:25:30.739783,2025-01-11 12:25:32.106696,0 days 00:00:01.366913,0.011954241008711697,56,0.1,16,100,1.7840335622118245e-06,17,1.3545029091058479e-05,1,1,adadelta,"{'neurons_per_layer_encoder': [16], 'neurons_per_layer_decoder': [16]}",16,[16],[16],[-0.10842689790369975],0.6594936155936283,COMPLETE
2316,0.028756986768378123,2025-01-11 12:25:31.231093,2025-01-11 12:25:33.758166,0 days 00:00:02.527073,0.1318712050125514,80,0.1,12,100,2.4350245423331697e-06,13,1.1962297531419786e-05,1,1,adadelta,"{'neurons_per_layer_encoder': [12], 'neurons_per_layer_decoder': [12]}",12,[12],[12],[0.028756986768378123],0.6911322871660447,COMPLETE
2317,-0.054261183164646454,2025-01-11 12:25:31.372109,2025-01-11 12:25:34.554551,0 days 00:00:03.182442,0.15666673962519934,80,0.2,24,100,2.459665272281734e-06,42,2.4008733926972874e-05,4,1,adadelta,"{'neurons_per_layer_encoder': [24], 'neurons_per_layer_decoder': [24, 12, 8, 8]}",24,"[24, 12, 8, 8]",[24],[-0.054261183164646454],0.7132266253279668,COMPLETE
2318,-0.09355676635082011,2025-01-11 12:25:31.458283,2025-01-11 12:25:32.832776,0 days 00:00:01.374493,0.0211061611836343,64,0.2,4,100,2.4106924345708133e-06,4,3.329330381225053e-05,1,1,adadelta,"{'neurons_per_layer_encoder': [4], 'neurons_per_layer_decoder': [8]}",4,[8],[4],[-0.09355676635082011],0.5156906915193069,COMPLETE
2319,0.1336159685529168,2025-01-11 12:25:31.888833,2025-01-11 12:25:32.862956,0 days 00:00:00.974123,0.030532854532522836,64,0.2,24,100,2.4167870133063706e-06,42,1.1356362935468665e-05,1,1,sgd,"{'neurons_per_layer_encoder': [24], 'neurons_per_layer_decoder': [24]}",24,[24],[24],[0.1336159685529168],0.7591077241385294,COMPLETE
2320,-0.12786483585736974,2025-01-11 12:25:32.117440,2025-01-11 12:25:34.000072,0 days 00:00:01.882632,0.15503114533233334,80,0.2,24,100,2.5822606174036726e-06,42,1.0000803944076246e-05,4,1,sgd,"{'neurons_per_layer_encoder': [24], 'neurons_per_layer_decoder': [24, 12, 8, 8]}",24,"[24, 12, 8, 8]",[24],[-0.12786483585736974],0.5823937030463384,COMPLETE
2321,-0.09896045830407396,2025-01-11 12:25:32.845162,2025-01-11 12:25:34.373046,0 days 00:00:01.527884,0.09960512853289347,80,0.2,24,100,2.9784213496677576e-06,42,2.388718387906738e-05,4,1,sgd,"{'neurons_per_layer_encoder': [24], 'neurons_per_layer_decoder': [24, 12, 8, 8]}",24,"[24, 12, 8, 8]",[24],[-0.09896045830407396],0.5739707535804337,COMPLETE
2322,-0.2653213180981058,2025-01-11 12:25:32.875311,2025-01-11 12:25:34.244037,0 days 00:00:01.368726,0.153726141417182,80,0.2,24,100,1.313761295615177e-06,42,2.154539173026452e-05,1,1,adadelta,"{'neurons_per_layer_encoder': [24], 'neurons_per_layer_decoder': [24]}",24,[24],[24],[-0.2653213180981058],0.4812299822778691,COMPLETE
2323,-0.6535430766571706,2025-01-11 12:25:33.770017,2025-01-11 12:25:35.786994,0 days 00:00:02.016977,0.09817925125829845,72,0.2,24,100,3.017917642148173e-06,42,2.5125964181600033e-05,1,1,sgd,"{'neurons_per_layer_encoder': [24], 'neurons_per_layer_decoder': [24]}",24,[24],[24],[-0.6535430766571706],0.7272708911448844,COMPLETE
2324,-0.3245149985713718,2025-01-11 12:25:34.010286,2025-01-11 12:25:35.510816,0 days 00:00:01.500530,0.14187094947861423,72,0.2,68,100,1.269322561351954e-06,122,2.414370672631732e-05,1,1,adadelta,"{'neurons_per_layer_encoder': [68], 'neurons_per_layer_decoder': [68]}",68,[68],[68],[-0.3245149985713718],0.5052076237668249,COMPLETE
2325,-0.047520160946916024,2025-01-11 12:25:34.255378,2025-01-11 12:25:36.365585,0 days 00:00:02.110207,0.140937854014453,64,0.2,4,100,3.048402882453865e-06,4,2.4664529619192516e-05,1,1,adadelta,"{'neurons_per_layer_encoder': [4], 'neurons_per_layer_decoder': [8]}",4,[8],[4],[-0.047520160946916024],0.6240374524176395,COMPLETE
2326,0.2302881663914551,2025-01-11 12:25:34.383449,2025-01-11 12:25:36.808284,0 days 00:00:02.424835,0.1431353626643548,88,0.2,4,100,3.16393966332025e-05,4,1.6074182324902865e-05,1,1,adadelta,"{'neurons_per_layer_encoder': [4], 'neurons_per_layer_decoder': [8]}",4,[8],[4],[0.2302881663914551],0.6441778719236183,COMPLETE
2327,-0.6561984363916078,2025-01-11 12:25:34.566615,2025-01-11 12:25:36.954430,0 days 00:00:02.387815,0.040837688817406716,72,0.2,4,100,1.930105220280558e-06,4,0.0005201048684504835,1,1,adadelta,"{'neurons_per_layer_encoder': [4], 'neurons_per_layer_decoder': [8]}",4,[8],[4],[-0.6561984363916078],0.49214312377731956,COMPLETE
2328,0.0717140183597077,2025-01-11 12:25:35.521666,2025-01-11 12:25:37.203636,0 days 00:00:01.681970,0.1735564997686264,64,0.2,4,100,1.917106722865671e-06,4,0.00029543929951215487,1,1,adadelta,"{'neurons_per_layer_encoder': [4], 'neurons_per_layer_decoder': [8]}",4,[8],[4],[0.0717140183597077],0.7293948333154314,COMPLETE
2329,-0.6280202797233516,2025-01-11 12:25:35.798340,2025-01-11 12:25:37.148932,0 days 00:00:01.350592,0.17491074179382426,64,0.2,4,100,1.943546863574959e-06,4,0.0004942724818487264,1,1,adadelta,"{'neurons_per_layer_encoder': [4], 'neurons_per_layer_decoder': [8]}",4,[8],[4],[-0.6280202797233516],0.6050959727859635,COMPLETE
2330,-0.8533403071481402,2025-01-11 12:25:36.375685,2025-01-11 12:25:37.743732,0 days 00:00:01.368047,0.04076428274849007,48,0.2,4,100,1.996630033899291e-06,4,1.6222369725453607e-05,1,1,adadelta,"{'neurons_per_layer_encoder': [4], 'neurons_per_layer_decoder': [8]}",4,[8],[4],[-0.8533403071481402],0.39490588057546033,COMPLETE
2331,-0.07277454921934412,2025-01-11 12:25:36.819185,2025-01-11 12:25:39.010632,0 days 00:00:02.191447,0.04130333190201443,104,0.2,52,100,1.8919134086932643e-06,89,2.0139021391878078e-05,1,1,adadelta,"{'neurons_per_layer_encoder': [52], 'neurons_per_layer_decoder': [52]}",52,[52],[52],[-0.07277454921934412],0.7398374900637025,COMPLETE
2332,-0.31931003973036876,2025-01-11 12:25:36.966917,2025-01-11 12:25:38.970269,0 days 00:00:02.003352,0.17144075498994463,104,0.2,12,100,1.8747930559417826e-06,152,2.0126030212116764e-05,1,4,adadelta,"{'neurons_per_layer_encoder': [12, 24, 48, 96], 'neurons_per_layer_decoder': [96]}",12,[96],"[12, 24, 48, 96]",[-0.31931003973036876],0.7147828360285519,COMPLETE
2333,-0.547626436123688,2025-01-11 12:25:37.159263,2025-01-11 12:25:38.795870,0 days 00:00:01.636607,0.1745015836493891,48,0.2,16,100,1.6780230795519424e-06,51,2.0137406648535473e-05,1,2,adadelta,"{'neurons_per_layer_encoder': [16, 32], 'neurons_per_layer_decoder': [32]}",16,[32],"[16, 32]",[-0.547626436123688],0.7459009287571173,COMPLETE
2334,-0.7263056571703814,2025-01-11 12:25:37.218571,2025-01-11 12:25:38.817653,0 days 00:00:01.599082,0.12447920016558998,48,0.2,52,100,1.6999530321789106e-06,240,1.6558540730756984e-05,1,2,adadelta,"{'neurons_per_layer_encoder': [52, 104], 'neurons_per_layer_decoder': [104]}",52,[104],"[52, 104]",[-0.7263056571703814],0.5393987658966265,COMPLETE
2335,-0.14109015288295446,2025-01-11 12:25:37.930420,2025-01-11 12:25:38.941747,0 days 00:00:01.011327,0.03756546478175481,72,0.2,12,100,4.386474363172361e-06,42,2.009182651763029e-05,1,2,sgd,"{'neurons_per_layer_encoder': [12, 24], 'neurons_per_layer_decoder': [24]}",12,[24],"[12, 24]",[-0.14109015288295446],0.6227129041744657,COMPLETE
2336,0.16850016540323043,2025-01-11 12:25:38.807212,2025-01-11 12:25:40.698825,0 days 00:00:01.891613,0.029114014459638834,72,0.2,12,100,1.011784532543151e-06,13,3.007772882266787e-05,2,1,sgd,"{'neurons_per_layer_encoder': [12], 'neurons_per_layer_decoder': [12, 8]}",12,"[12, 8]",[12],[0.16850016540323043],0.6205508552969292,COMPLETE
