number,value,datetime_start,datetime_complete,duration,params_alpha,params_batch_size,params_drop_out_rate,params_encoder_neurons_layer_1,params_epochs,params_lambda,params_latent_dim,params_learning_rate,params_num_layers_decoder,params_num_layers_encoder,params_optimizer,user_attrs_encoder_decoder_config,user_attrs_first_layer_neurons,user_attrs_neurons_per_layer_decoder,user_attrs_neurons_per_layer_encoder,user_attrs_r2_feature_1,user_attrs_relative_deterioration,state
176,-0.32395429725368485,2025-01-10 14:23:27.681100,2025-01-10 14:23:29.861191,0 days 00:00:02.180091,0.020850275548480898,40,0.30000000000000004,40,100,7.778660266509824e-06,60,0.00018430498837694096,3,1,adadelta,"{'neurons_per_layer_encoder': [40], 'neurons_per_layer_decoder': [40, 20, 10]}",40,"[40, 20, 10]",[40],[-0.32395429725368485],0.5714871341673164,COMPLETE
177,0.01144794311935704,2025-01-10 14:23:28.298348,2025-01-10 14:23:34.403168,0 days 00:00:06.104820,0.0789534492669876,40,0.30000000000000004,40,100,7.214464855400581e-06,696,0.00021720036694050854,3,5,adadelta,"{'neurons_per_layer_encoder': [40, 80, 160, 320, 640], 'neurons_per_layer_decoder': [640, 320, 160]}",40,"[640, 320, 160]","[40, 80, 160, 320, 640]",[0.01144794311935704],0.7519744362003945,COMPLETE
178,-0.3259732985969519,2025-01-10 14:23:28.650850,2025-01-10 14:23:32.192320,0 days 00:00:03.541470,0.0794039666604303,40,0.30000000000000004,52,100,0.00044631219978802714,856,0.00017814530937962887,3,5,adadelta,"{'neurons_per_layer_encoder': [52, 104, 208, 416, 832], 'neurons_per_layer_decoder': [832, 416, 208]}",52,"[832, 416, 208]","[52, 104, 208, 416, 832]",[-0.3259732985969519],0.9782198089442553,COMPLETE
179,-0.05038355982024467,2025-01-10 14:23:29.869470,2025-01-10 14:23:33.053311,0 days 00:00:03.183841,0.03880270465579337,40,0.30000000000000004,4,100,0.0004647814460925885,134,0.0001543205125999136,2,5,adadelta,"{'neurons_per_layer_encoder': [4, 8, 16, 32, 64], 'neurons_per_layer_decoder': [64, 32]}",4,"[64, 32]","[4, 8, 16, 32, 64]",[-0.05038355982024467],0.8613813890279071,COMPLETE
180,-0.3875929173261714,2025-01-10 14:23:30.019878,2025-01-10 14:23:33.371343,0 days 00:00:03.351465,0.015027051921898928,48,0.30000000000000004,32,100,0.0009467222178656155,536,2.4019780971720143e-05,3,5,adadelta,"{'neurons_per_layer_encoder': [32, 64, 128, 256, 512], 'neurons_per_layer_decoder': [512, 256, 128]}",32,"[512, 256, 128]","[32, 64, 128, 256, 512]",[-0.3875929173261714],0.9824971501057979,COMPLETE
181,-0.4621467518523865,2025-01-10 14:23:31.052906,2025-01-10 14:23:34.231608,0 days 00:00:03.178702,0.02913134528713396,112,0.30000000000000004,28,100,0.000572811139029721,632,0.0002104918542953886,3,5,adadelta,"{'neurons_per_layer_encoder': [28, 56, 112, 224, 448], 'neurons_per_layer_decoder': [448, 224, 112]}",28,"[448, 224, 112]","[28, 56, 112, 224, 448]",[-0.4621467518523865],0.968254191785116,COMPLETE
182,-0.3246079357320859,2025-01-10 14:23:32.201902,2025-01-10 14:23:36.295410,0 days 00:00:04.093508,0.02869007612133398,48,0.30000000000000004,36,100,6.1487174805381835e-06,600,0.0010683433393200066,4,5,adadelta,"{'neurons_per_layer_encoder': [36, 72, 144, 288, 576], 'neurons_per_layer_decoder': [576, 288, 144, 72]}",36,"[576, 288, 144, 72]","[36, 72, 144, 288, 576]",[-0.3246079357320859],0.7287270676349543,COMPLETE
183,-0.18287300467851608,2025-01-10 14:23:33.062064,2025-01-10 14:23:37.788436,0 days 00:00:04.726372,0.023908393595195088,48,0.30000000000000004,36,100,7.019794850289217e-05,600,2.48055525168604e-05,3,5,adadelta,"{'neurons_per_layer_encoder': [36, 72, 144, 288, 576], 'neurons_per_layer_decoder': [576, 288, 144]}",36,"[576, 288, 144]","[36, 72, 144, 288, 576]",[-0.18287300467851608],0.9041566250822177,COMPLETE
184,-0.26363086866838525,2025-01-10 14:23:33.379504,2025-01-10 14:23:40.487763,0 days 00:00:07.108259,0.028752117204723152,112,0.30000000000000004,244,100,5.923292971150337e-06,3944,0.00020704650664128164,3,5,adadelta,"{'neurons_per_layer_encoder': [244, 488, 976, 1952, 3904], 'neurons_per_layer_decoder': [3904, 1952, 976]}",244,"[3904, 1952, 976]","[244, 488, 976, 1952, 3904]",[-0.26363086866838525],0.8585437485634151,COMPLETE
185,-0.10484686630182982,2025-01-10 14:23:34.241073,2025-01-10 14:23:39.720738,0 days 00:00:05.479665,0.024774509322739436,48,0.30000000000000004,36,100,0.0008655692332234566,71,0.0049091145420213185,3,1,adam,"{'neurons_per_layer_encoder': [36], 'neurons_per_layer_decoder': [36, 18, 9]}",36,"[36, 18, 9]",[36],[-0.10484686630182982],0.4761146979893096,COMPLETE
186,-0.28209363295303524,2025-01-10 14:23:34.411973,2025-01-10 14:23:37.977727,0 days 00:00:03.565754,0.05895478615034602,72,0.30000000000000004,16,100,0.00026096222766212364,17,7.290996429832595e-05,4,1,adam,"{'neurons_per_layer_encoder': [16], 'neurons_per_layer_decoder': [16, 8, 8, 8]}",16,"[16, 8, 8, 8]",[16],[-0.28209363295303524],0.6390195460841641,COMPLETE
187,0.04507910587442854,2025-01-10 14:23:36.306568,2025-01-10 14:23:41.152504,0 days 00:00:04.845936,0.04259076874988289,72,0.30000000000000004,16,100,0.0002488643236950915,17,7.810095768295182e-05,2,1,adam,"{'neurons_per_layer_encoder': [16], 'neurons_per_layer_decoder': [16, 8]}",16,"[16, 8]",[16],[0.04507910587442854],0.7378453244652818,COMPLETE
188,-0.27708717892510415,2025-01-10 14:23:37.804567,2025-01-10 14:23:40.675196,0 days 00:00:02.870629,0.10582795521145973,72,0.30000000000000004,48,100,0.0003044808644944375,68,0.00035398846408809555,2,1,adam,"{'neurons_per_layer_encoder': [48], 'neurons_per_layer_decoder': [48, 24]}",48,"[48, 24]",[48],[-0.27708717892510415],0.6264302293765317,COMPLETE
189,-0.2483125185875068,2025-01-10 14:23:37.989644,2025-01-10 14:23:41.845589,0 days 00:00:03.855945,0.05337078202795397,32,0.4,48,100,0.000837650661607193,68,0.004158224284345428,2,1,adam,"{'neurons_per_layer_encoder': [48], 'neurons_per_layer_decoder': [48, 24]}",48,"[48, 24]",[48],[-0.2483125185875068],0.3910913748325584,COMPLETE
190,-0.21844921562992226,2025-01-10 14:23:39.731677,2025-01-10 14:23:41.732778,0 days 00:00:02.001101,0.042768363988231944,32,0.4,48,100,0.0003275288615021733,100,7.984471078410939e-05,2,1,adam,"{'neurons_per_layer_encoder': [48], 'neurons_per_layer_decoder': [48, 24]}",48,"[48, 24]",[48],[-0.21844921562992226],0.729892889599034,COMPLETE
191,-0.13955465724526483,2025-01-10 14:23:40.497327,2025-01-10 14:23:42.196272,0 days 00:00:01.698945,0.04250974348737776,96,0.4,48,100,0.0003287954900294412,100,6.57057901073584e-05,2,1,adam,"{'neurons_per_layer_encoder': [48], 'neurons_per_layer_decoder': [48, 24]}",48,"[48, 24]",[48],[-0.13955465724526483],0.782644608304674,COMPLETE
192,0.10587016490858725,2025-01-10 14:23:40.685146,2025-01-10 14:23:42.111384,0 days 00:00:01.426238,0.05183966848846425,32,0.4,52,100,0.00020361642343698556,105,9.204594780350863e-05,1,1,adam,"{'neurons_per_layer_encoder': [52], 'neurons_per_layer_decoder': [52]}",52,[52],[52],[0.10587016490858725],0.8179112146161069,COMPLETE
193,-0.0152383661402824,2025-01-10 14:23:41.160816,2025-01-10 14:23:42.453741,0 days 00:00:01.292925,0.05326921513662904,32,0.30000000000000004,20,100,0.00016825242441598418,22,9.845306100692527e-05,1,1,adam,"{'neurons_per_layer_encoder': [20], 'neurons_per_layer_decoder': [20]}",20,[20],[20],[-0.0152383661402824],0.678234818152957,COMPLETE
194,-0.4563245442371857,2025-01-10 14:23:41.740771,2025-01-10 14:23:43.005718,0 days 00:00:01.264947,0.05287117734844785,72,0.30000000000000004,12,100,0.00019642510063786077,13,6.239204946048477e-05,1,1,adam,"{'neurons_per_layer_encoder': [12], 'neurons_per_layer_decoder': [12]}",12,[12],[12],[-0.4563245442371857],0.7161193387446494,COMPLETE
195,-0.22473949200079457,2025-01-10 14:23:41.854328,2025-01-10 14:23:43.372604,0 days 00:00:01.518276,0.0354630256145203,72,0.30000000000000004,20,100,9.334264271553106e-06,22,6.355902718398783e-05,2,1,adam,"{'neurons_per_layer_encoder': [20], 'neurons_per_layer_decoder': [20, 10]}",20,"[20, 10]",[20],[-0.22473949200079457],0.45169658416400416,COMPLETE
196,-0.09934277329050056,2025-01-10 14:23:42.118537,2025-01-10 14:23:44.565292,0 days 00:00:02.446755,0.05242013770330207,32,0.4,252,100,0.0001961132298059994,452,9.629834100348522e-05,1,1,adam,"{'neurons_per_layer_encoder': [252], 'neurons_per_layer_decoder': [252]}",252,[252],[252],[-0.09934277329050056],0.758734907210971,COMPLETE
197,-1.3137292123033761,2025-01-10 14:23:42.205573,2025-01-10 14:23:44.191864,0 days 00:00:01.986291,0.04955818894687623,32,0.4,16,100,0.00021860970308663417,17,9.095162880428425e-05,1,1,adam,"{'neurons_per_layer_encoder': [16], 'neurons_per_layer_decoder': [16]}",16,[16],[16],[-1.3137292123033761],0.4796002459938346,COMPLETE
198,-0.010375955600625764,2025-01-10 14:23:42.462123,2025-01-10 14:23:45.217265,0 days 00:00:02.755142,0.04884676566963738,40,0.4,252,100,0.00020948764289861223,468,9.242973730479714e-05,1,1,adam,"{'neurons_per_layer_encoder': [252], 'neurons_per_layer_decoder': [252]}",252,[252],[252],[-0.010375955600625764],0.7828578897838977,COMPLETE
199,-0.36437860722976456,2025-01-10 14:23:43.013755,2025-01-10 14:23:44.375272,0 days 00:00:01.361517,0.04522273335766364,40,0.4,68,100,0.0002307008719103698,90,0.00012165698917189449,1,1,adam,"{'neurons_per_layer_encoder': [68], 'neurons_per_layer_decoder': [68]}",68,[68],[68],[-0.36437860722976456],0.5410722555062552,COMPLETE
200,-0.41986938553439446,2025-01-10 14:23:43.380399,2025-01-10 14:23:46.186775,0 days 00:00:02.806376,0.05045917969314057,32,0.4,252,100,0.00021019745621285725,452,0.0018392433714057574,1,1,adam,"{'neurons_per_layer_encoder': [252], 'neurons_per_layer_decoder': [252]}",252,[252],[252],[-0.41986938553439446],0.3353257028886655,COMPLETE
201,-0.24552899504596915,2025-01-10 14:23:44.200070,2025-01-10 14:23:45.591534,0 days 00:00:01.391464,0.017294734834625354,40,0.4,68,100,8.700529132985739e-05,154,0.0018427223127051948,1,1,adam,"{'neurons_per_layer_encoder': [68], 'neurons_per_layer_decoder': [68]}",68,[68],[68],[-0.24552899504596915],0.2528541669255385,COMPLETE
202,-0.2450913943486961,2025-01-10 14:23:44.383443,2025-01-10 14:23:45.821991,0 days 00:00:01.438548,0.05017280674007419,40,0.4,244,100,2.167473994546918e-05,460,0.00015382378802787202,1,1,adam,"{'neurons_per_layer_encoder': [244], 'neurons_per_layer_decoder': [244]}",244,[244],[244],[-0.2450913943486961],0.43653069673653083,COMPLETE
203,-0.2734904466229453,2025-01-10 14:23:44.573884,2025-01-10 14:23:46.388938,0 days 00:00:01.815054,0.013200467266763787,40,0.4,92,100,1.2561671063344076e-05,212,0.00015007001782312818,1,1,adam,"{'neurons_per_layer_encoder': [92], 'neurons_per_layer_decoder': [92]}",92,[92],[92],[-0.2734904466229453],0.376607626564968,COMPLETE
204,-0.1700873804796701,2025-01-10 14:23:45.225453,2025-01-10 14:23:46.656757,0 days 00:00:01.431304,0.11930002726517785,56,0.4,96,100,0.0001244436010729687,200,7.244600892341815e-05,1,1,adam,"{'neurons_per_layer_encoder': [96], 'neurons_per_layer_decoder': [96]}",96,[96],[96],[-0.1700873804796701],0.6667261280566409,COMPLETE
205,0.005319725138177356,2025-01-10 14:23:45.599840,2025-01-10 14:23:47.891221,0 days 00:00:02.291381,0.12015097818409316,72,0.4,56,100,3.142039406558861e-05,109,3.714309668984471e-05,2,1,adam,"{'neurons_per_layer_encoder': [56], 'neurons_per_layer_decoder': [56, 28]}",56,"[56, 28]",[56],[0.005319725138177356],0.7028286750165202,COMPLETE
206,-0.36665046414951674,2025-01-10 14:23:45.829738,2025-01-10 14:23:47.421110,0 days 00:00:01.591372,0.11395278436200212,72,0.1,52,100,0.0001255447329660913,105,7.673963294700511e-05,2,1,adam,"{'neurons_per_layer_encoder': [52], 'neurons_per_layer_decoder': [52, 26]}",52,"[52, 26]",[52],[-0.36665046414951674],0.6415363718976559,COMPLETE
207,-0.24992042410549153,2025-01-10 14:23:46.195777,2025-01-10 14:23:47.876085,0 days 00:00:01.680308,0.1185055518109312,56,0.1,56,100,0.00026911747290411217,93,7.925819628898027e-05,2,1,adam,"{'neurons_per_layer_encoder': [56], 'neurons_per_layer_decoder': [56, 28]}",56,"[56, 28]",[56],[-0.24992042410549153],0.6561587074353867,COMPLETE
208,-0.343087143874349,2025-01-10 14:23:46.398094,2025-01-10 14:23:48.064809,0 days 00:00:01.666715,0.11746121337619443,72,0.30000000000000004,56,100,3.2882771287244855e-05,109,7.744787109826303e-05,2,1,adam,"{'neurons_per_layer_encoder': [56], 'neurons_per_layer_decoder': [56, 28]}",56,"[56, 28]",[56],[-0.343087143874349],0.7509690330565232,COMPLETE
209,-0.0048888836074041375,2025-01-10 14:23:46.664358,2025-01-10 14:23:50.717854,0 days 00:00:04.053496,0.11228602546602519,72,0.30000000000000004,52,100,0.0002601671216011689,776,5.031307888837536e-05,2,4,adam,"{'neurons_per_layer_encoder': [52, 104, 208, 416], 'neurons_per_layer_decoder': [416, 208]}",52,"[416, 208]","[52, 104, 208, 416]",[-0.0048888836074041375],0.9443345229512249,COMPLETE
210,-0.17150236347466463,2025-01-10 14:23:47.428823,2025-01-10 14:23:49.702916,0 days 00:00:02.274093,0.044750879304924,72,0.30000000000000004,56,100,0.0005700804148838908,248,4.097245123148166e-05,2,3,adam,"{'neurons_per_layer_encoder': [56, 112, 224], 'neurons_per_layer_decoder': [224, 112]}",56,"[224, 112]","[56, 112, 224]",[-0.17150236347466463],0.941668237557157,COMPLETE
211,-0.04071883338325888,2025-01-10 14:23:47.884624,2025-01-10 14:23:51.748265,0 days 00:00:03.863641,0.041050724352381086,72,0.30000000000000004,44,100,3.100016700341359e-05,392,3.6568833560863535e-05,2,4,adam,"{'neurons_per_layer_encoder': [44, 88, 176, 352], 'neurons_per_layer_decoder': [352, 176]}",44,"[352, 176]","[44, 88, 176, 352]",[-0.04071883338325888],0.7494172608221977,COMPLETE
212,-0.127684297112431,2025-01-10 14:23:47.903677,2025-01-10 14:23:51.239438,0 days 00:00:03.335761,0.045276685630369004,72,0.30000000000000004,44,100,0.00024976004269415476,504,5.095231975418945e-05,2,4,adam,"{'neurons_per_layer_encoder': [44, 88, 176, 352], 'neurons_per_layer_decoder': [352, 176]}",44,"[352, 176]","[44, 88, 176, 352]",[-0.127684297112431],0.9237718019621667,COMPLETE
213,-0.06315335120701171,2025-01-10 14:23:48.072407,2025-01-10 14:23:51.433813,0 days 00:00:03.361406,0.04452509907529253,64,0.30000000000000004,44,100,2.6966339452040623e-05,504,4.632795109755256e-05,2,4,adam,"{'neurons_per_layer_encoder': [44, 88, 176, 352], 'neurons_per_layer_decoder': [352, 176]}",44,"[352, 176]","[44, 88, 176, 352]",[-0.06315335120701171],0.7429215396831498,COMPLETE
214,-0.049281470187502396,2025-01-10 14:23:49.713117,2025-01-10 14:23:53.125621,0 days 00:00:03.412504,0.020547915028000255,80,0.30000000000000004,44,100,1.8298716780994574e-05,392,0.0001174667504494798,2,4,adam,"{'neurons_per_layer_encoder': [44, 88, 176, 352], 'neurons_per_layer_decoder': [352, 176]}",44,"[352, 176]","[44, 88, 176, 352]",[-0.049281470187502396],0.6106740118508801,COMPLETE
215,-0.17686375554611078,2025-01-10 14:23:50.727810,2025-01-10 14:23:53.711178,0 days 00:00:02.983368,0.011058851116580481,80,0.2,224,100,2.0485576371884608e-05,1368,4.482456233634634e-05,2,3,adam,"{'neurons_per_layer_encoder': [224, 448, 896], 'neurons_per_layer_decoder': [896, 448]}",224,"[896, 448]","[224, 448, 896]",[-0.17686375554611078],0.6892014875939703,COMPLETE
216,-0.1938167409355147,2025-01-10 14:23:51.247909,2025-01-10 14:23:55.316379,0 days 00:00:04.068470,0.10735354872737203,80,0.2,228,100,1.7347746917777423e-05,936,0.0002419591211875381,2,3,adam,"{'neurons_per_layer_encoder': [228, 456, 912], 'neurons_per_layer_decoder': [912, 456]}",228,"[912, 456]","[228, 456, 912]",[-0.1938167409355147],0.5589151490980717,COMPLETE
217,-0.05473712773691086,2025-01-10 14:23:51.442435,2025-01-10 14:23:54.599117,0 days 00:00:03.156682,0.10388203652583479,80,0.2,64,100,1.3823921151918799e-05,472,0.0002480231180097916,2,3,adam,"{'neurons_per_layer_encoder': [64, 128, 256], 'neurons_per_layer_decoder': [256, 128]}",64,"[256, 128]","[64, 128, 256]",[-0.05473712773691086],0.3657496208211992,COMPLETE
218,-0.1230951071756945,2025-01-10 14:23:51.756972,2025-01-10 14:23:53.572046,0 days 00:00:01.815074,0.13190503872536252,80,0.2,224,100,1.580972414966633e-05,472,0.0002562050207377934,2,1,adam,"{'neurons_per_layer_encoder': [224], 'neurons_per_layer_decoder': [224, 112]}",224,"[224, 112]",[224],[-0.1230951071756945],0.1344660392538832,COMPLETE
219,-0.20353083329978183,2025-01-10 14:23:53.133949,2025-01-10 14:23:54.967475,0 days 00:00:01.833526,0.10362295553930213,80,0.2,176,100,1.742173696191579e-05,424,6.0734248823060895e-05,2,1,adam,"{'neurons_per_layer_encoder': [176], 'neurons_per_layer_decoder': [176, 88]}",176,"[176, 88]",[176],[-0.20353083329978183],0.6520661309325675,COMPLETE
220,-0.11990627320101743,2025-01-10 14:23:53.580155,2025-01-10 14:23:55.572496,0 days 00:00:01.992341,0.1003418728546004,80,0.2,64,100,1.7352624830893906e-05,488,5.655496503084091e-05,1,3,adam,"{'neurons_per_layer_encoder': [64, 128, 256], 'neurons_per_layer_decoder': [256]}",64,[256],"[64, 128, 256]",[-0.11990627320101743],0.4422327420385083,COMPLETE
221,-0.2846200783419668,2025-01-10 14:23:53.719587,2025-01-10 14:23:55.833784,0 days 00:00:02.114197,0.09961551951586994,80,0.2,12,100,1.7143828042707604e-05,42,5.60999786901954e-05,3,2,adam,"{'neurons_per_layer_encoder': [12, 24], 'neurons_per_layer_decoder': [24, 12, 8]}",12,"[24, 12, 8]","[12, 24]",[-0.2846200783419668],0.5997565776868437,COMPLETE
222,-0.05680700352129797,2025-01-10 14:23:54.608094,2025-01-10 14:23:56.398854,0 days 00:00:01.790760,0.08379257703034261,80,0.2,184,100,1.6732988755279846e-05,424,5.80716848222717e-05,1,2,adam,"{'neurons_per_layer_encoder': [184, 368], 'neurons_per_layer_decoder': [368]}",184,[368],"[184, 368]",[-0.05680700352129797],0.48424028261827046,COMPLETE
223,-0.39625103165241105,2025-01-10 14:23:54.976817,2025-01-10 14:23:57.622757,0 days 00:00:02.645940,0.07142594155772163,80,0.2,12,100,0.00037109274668624756,42,5.402940867227357e-05,1,2,adam,"{'neurons_per_layer_encoder': [12, 24], 'neurons_per_layer_decoder': [24]}",12,[24],"[12, 24]",[-0.39625103165241105],0.6312284975804481,COMPLETE
224,-0.04494164659939126,2025-01-10 14:23:55.324990,2025-01-10 14:23:58.803537,0 days 00:00:03.478547,0.12939124427256596,80,0.4,116,100,0.0004168315542174837,368,0.00017832931484410214,3,2,adam,"{'neurons_per_layer_encoder': [116, 232], 'neurons_per_layer_decoder': [232, 116, 58]}",116,"[232, 116, 58]","[116, 232]",[-0.04494164659939126],0.9308820226565457,COMPLETE
225,-0.40702770172332126,2025-01-10 14:23:55.580239,2025-01-10 14:23:58.427904,0 days 00:00:02.847665,0.08582094450195221,88,0.30000000000000004,28,100,9.2492789109713e-06,696,0.00018205804941533705,3,5,adadelta,"{'neurons_per_layer_encoder': [28, 56, 112, 224, 448], 'neurons_per_layer_decoder': [448, 224, 112]}",28,"[448, 224, 112]","[28, 56, 112, 224, 448]",[-0.40702770172332126],0.6435422204699275,COMPLETE
226,-0.07825275653182895,2025-01-10 14:23:55.841520,2025-01-10 14:23:59.580571,0 days 00:00:03.739051,0.08115089178961686,40,0.30000000000000004,40,100,7.217452558328366e-06,664,0.00018939516282306666,3,5,adadelta,"{'neurons_per_layer_encoder': [40, 80, 160, 320, 640], 'neurons_per_layer_decoder': [640, 320, 160]}",40,"[640, 320, 160]","[40, 80, 160, 320, 640]",[-0.07825275653182895],0.7474384999508544,COMPLETE
227,-0.13387289601800867,2025-01-10 14:23:56.406580,2025-01-10 14:23:59.541186,0 days 00:00:03.134606,0.07308425173905325,88,0.30000000000000004,40,100,6.7661178203179585e-06,664,0.00016410289600411838,3,5,adadelta,"{'neurons_per_layer_encoder': [40, 80, 160, 320, 640], 'neurons_per_layer_decoder': [640, 320, 160]}",40,"[640, 320, 160]","[40, 80, 160, 320, 640]",[-0.13387289601800867],0.7234940088579659,COMPLETE
228,-0.21793320055557053,2025-01-10 14:23:57.630445,2025-01-10 14:24:01.703038,0 days 00:00:04.072593,0.07979902243934076,40,0.30000000000000004,40,100,0.000420267380890677,664,0.00010367121113536846,3,5,adadelta,"{'neurons_per_layer_encoder': [40, 80, 160, 320, 640], 'neurons_per_layer_decoder': [640, 320, 160]}",40,"[640, 320, 160]","[40, 80, 160, 320, 640]",[-0.21793320055557053],0.9731378757435799,COMPLETE
229,-0.21708260988047745,2025-01-10 14:23:58.435769,2025-01-10 14:24:01.958967,0 days 00:00:03.523198,0.07739769825313082,120,0.30000000000000004,40,100,1.141556737278828e-05,664,0.00020069608453098352,3,5,adadelta,"{'neurons_per_layer_encoder': [40, 80, 160, 320, 640], 'neurons_per_layer_decoder': [640, 320, 160]}",40,"[640, 320, 160]","[40, 80, 160, 320, 640]",[-0.21708260988047745],0.7554571211635469,COMPLETE
230,-0.231822136060577,2025-01-10 14:23:58.814117,2025-01-10 14:24:02.427921,0 days 00:00:03.613804,0.08000850232122027,40,0.30000000000000004,40,100,5.394288655898472e-06,664,0.0002027100097168563,3,5,adadelta,"{'neurons_per_layer_encoder': [40, 80, 160, 320, 640], 'neurons_per_layer_decoder': [640, 320, 160]}",40,"[640, 320, 160]","[40, 80, 160, 320, 640]",[-0.231822136060577],0.6841927217659931,COMPLETE
231,-0.33572346232215855,2025-01-10 14:23:59.549094,2025-01-10 14:24:10.147441,0 days 00:00:10.598347,0.07628685001136486,40,0.30000000000000004,244,100,0.00010500898500271974,3928,0.00021423716223961913,3,5,adadelta,"{'neurons_per_layer_encoder': [244, 488, 976, 1952, 3904], 'neurons_per_layer_decoder': [3904, 1952, 976]}",244,"[3904, 1952, 976]","[244, 488, 976, 1952, 3904]",[-0.33572346232215855],0.980064492357303,COMPLETE
232,-0.4911800697882125,2025-01-10 14:23:59.591266,2025-01-10 14:24:01.698310,0 days 00:00:02.107044,0.015781638069905075,32,0.4,240,100,8.343825758597701e-06,264,0.00022945948887293172,3,1,adadelta,"{'neurons_per_layer_encoder': [240], 'neurons_per_layer_decoder': [240, 120, 60]}",240,"[240, 120, 60]",[240],[-0.4911800697882125],0.6765344141085133,COMPLETE
233,-0.06325387828589357,2025-01-10 14:24:01.710350,2025-01-10 14:24:05.231095,0 days 00:00:03.520745,0.09285868892356224,32,0.4,4,100,5.325966883614678e-06,20,1.8349157990005816e-05,3,1,adadelta,"{'neurons_per_layer_encoder': [4], 'neurons_per_layer_decoder': [8, 8, 8]}",4,"[8, 8, 8]",[4],[-0.06325387828589357],0.6082079601968308,COMPLETE
