number,value,datetime_start,datetime_complete,duration,params_alpha,params_batch_size,params_drop_out_rate,params_encoder_neurons_layer_1,params_epochs,params_lambda,params_latent_dim,params_learning_rate,params_num_layers_decoder,params_num_layers_encoder,params_optimizer,user_attrs_encoder_decoder_config,user_attrs_first_layer_neurons,user_attrs_neurons_per_layer_decoder,user_attrs_neurons_per_layer_encoder,user_attrs_r2_feature_1,user_attrs_relative_deterioration,state
2081,0.6576712369723365,2025-01-11 12:17:59.802696,2025-01-11 12:18:02.299497,0 days 00:00:02.496801,0.029775379540192142,48,0.2,4,100,1.9985221436672044e-06,4,2.2198471063627826e-05,1,1,adadelta,"{'neurons_per_layer_encoder': [4], 'neurons_per_layer_decoder': [8]}",4,[8],[4],[0.6576712369723365],0.9233727005659068,COMPLETE
2082,-0.3125403826499602,2025-01-11 12:18:00.995429,2025-01-11 12:18:02.304334,0 days 00:00:01.308905,0.029975128780477596,80,0.2,8,100,2.013243784447843e-06,8,2.2232424318230353e-05,1,1,adadelta,"{'neurons_per_layer_encoder': [8], 'neurons_per_layer_decoder': [8]}",8,[8],[8],[-0.3125403826499602],0.6362304125531326,COMPLETE
2083,-0.223696808777055,2025-01-11 12:18:01.280828,2025-01-11 12:18:02.620710,0 days 00:00:01.339882,0.0383256263975671,80,0.2,140,100,1.3909781736117988e-06,180,2.27252075175563e-05,1,1,adadelta,"{'neurons_per_layer_encoder': [140], 'neurons_per_layer_decoder': [140]}",140,[140],[140],[-0.223696808777055],0.7328169316506488,COMPLETE
2084,-0.31152707751660147,2025-01-11 12:18:01.788248,2025-01-11 12:18:03.204052,0 days 00:00:01.415804,0.17197397450611498,80,0.2,8,100,1.3971612113466808e-06,8,2.116639146039039e-05,1,1,adadelta,"{'neurons_per_layer_encoder': [8], 'neurons_per_layer_decoder': [8]}",8,[8],[8],[-0.31152707751660147],0.7166181538732647,COMPLETE
2085,-1.5020889795745762,2025-01-11 12:18:01.790702,2025-01-11 12:18:04.246936,0 days 00:00:02.456234,0.17557028718434264,80,0.2,8,100,1.3763927035409425e-06,8,2.124874414114889e-05,1,1,adadelta,"{'neurons_per_layer_encoder': [8], 'neurons_per_layer_decoder': [8]}",8,[8],[8],[-1.5020889795745762],0.18663489340935935,COMPLETE
2086,-0.12789360618351986,2025-01-11 12:18:02.312264,2025-01-11 12:18:03.679205,0 days 00:00:01.366941,0.026922889126857807,48,0.2,4,100,2.3316838819216527e-06,4,2.6977917853640856e-05,1,1,adadelta,"{'neurons_per_layer_encoder': [4], 'neurons_per_layer_decoder': [8]}",4,[8],[4],[-0.12789360618351986],0.6201978644287225,COMPLETE
2087,-0.5024895630058264,2025-01-11 12:18:02.314523,2025-01-11 12:18:04.387494,0 days 00:00:02.072971,0.028316788204674436,48,0.2,4,100,2.3630742774980813e-06,4,2.5886202134986445e-05,1,1,adadelta,"{'neurons_per_layer_encoder': [4], 'neurons_per_layer_decoder': [8]}",4,[8],[4],[-0.5024895630058264],0.5817999710125595,COMPLETE
2088,-0.3866342687085098,2025-01-11 12:18:02.631098,2025-01-11 12:18:04.005358,0 days 00:00:01.374260,0.027082067958560864,48,0.2,4,100,2.362756743059169e-06,4,2.5336913705302628e-05,1,1,adadelta,"{'neurons_per_layer_encoder': [4], 'neurons_per_layer_decoder': [8]}",4,[8],[4],[-0.3866342687085098],0.5339829975358219,COMPLETE
2089,-0.09431266976959551,2025-01-11 12:18:03.214028,2025-01-11 12:18:05.408828,0 days 00:00:02.194800,0.02873312381805132,40,0.30000000000000004,4,100,2.1919801412587667e-06,4,3.143992628219046e-05,1,1,adadelta,"{'neurons_per_layer_encoder': [4], 'neurons_per_layer_decoder': [8]}",4,[8],[4],[-0.09431266976959551],0.5985030800316286,COMPLETE
2090,0.0027481385141594483,2025-01-11 12:18:03.689448,2025-01-11 12:18:06.160103,0 days 00:00:02.470655,0.03192325690599689,48,0.2,4,100,2.3204188632255413e-06,4,2.3846070289769975e-05,1,1,adadelta,"{'neurons_per_layer_encoder': [4], 'neurons_per_layer_decoder': [8]}",4,[8],[4],[0.0027481385141594483],0.7596739139890426,COMPLETE
2091,-0.4191031625554149,2025-01-11 12:18:04.015654,2025-01-11 12:18:05.364042,0 days 00:00:01.348388,0.02724369683315971,48,0.30000000000000004,8,100,2.910157030536214e-06,8,2.9368424495770116e-05,1,1,adadelta,"{'neurons_per_layer_encoder': [8], 'neurons_per_layer_decoder': [8]}",8,[8],[8],[-0.4191031625554149],0.5689242561266722,COMPLETE
2092,0.02584556322910414,2025-01-11 12:18:04.257744,2025-01-11 12:18:06.128456,0 days 00:00:01.870712,0.030526605632473943,48,0.30000000000000004,4,100,2.5843479350005814e-06,4,2.9404161657230186e-05,1,1,adadelta,"{'neurons_per_layer_encoder': [4], 'neurons_per_layer_decoder': [8]}",4,[8],[4],[0.02584556322910414],0.7045897588045172,COMPLETE
2093,-0.5850417975261146,2025-01-11 12:18:04.402029,2025-01-11 12:18:06.502878,0 days 00:00:02.100849,0.029988705550337853,48,0.2,4,100,2.7232197482353342e-06,4,3.186223457100331e-05,1,1,adadelta,"{'neurons_per_layer_encoder': [4], 'neurons_per_layer_decoder': [8]}",4,[8],[4],[-0.5850417975261146],0.5734072667960155,COMPLETE
2094,0.09856482545918399,2025-01-11 12:18:05.374269,2025-01-11 12:18:07.651549,0 days 00:00:02.277280,0.0309733175211919,48,0.2,4,100,2.000713145220349e-06,4,2.4281642813458963e-05,1,1,adadelta,"{'neurons_per_layer_encoder': [4], 'neurons_per_layer_decoder': [8]}",4,[8],[4],[0.09856482545918399],0.7440248163195483,COMPLETE
2095,-0.21869262725740546,2025-01-11 12:18:06.142863,2025-01-11 12:18:07.458238,0 days 00:00:01.315375,0.029601943475585098,48,0.2,4,100,1.9713770920340154e-06,4,2.0834210881618534e-05,1,1,adadelta,"{'neurons_per_layer_encoder': [4], 'neurons_per_layer_decoder': [8]}",4,[8],[4],[-0.21869262725740546],0.4702693499758213,COMPLETE
2096,-0.06793291817780212,2025-01-11 12:18:06.512041,2025-01-11 12:18:07.842921,0 days 00:00:01.330880,0.03482476346781256,48,0.2,4,100,1.956951975923952e-06,4,2.2391346887875246e-05,1,1,adam,"{'neurons_per_layer_encoder': [4], 'neurons_per_layer_decoder': [8]}",4,[8],[4],[-0.06793291817780212],0.49957623597514683,COMPLETE
2097,-0.7620912262376605,2025-01-11 12:18:07.466923,2025-01-11 12:18:09.364795,0 days 00:00:01.897872,0.032441616853413915,40,0.2,12,100,1.8787686845938923e-06,13,2.6841430514183875e-05,1,1,adam,"{'neurons_per_layer_encoder': [12], 'neurons_per_layer_decoder': [12]}",12,[12],[12],[-0.7620912262376605],0.628981440499304,COMPLETE
2098,-0.1284459736312813,2025-01-11 12:18:07.852956,2025-01-11 12:18:09.165596,0 days 00:00:01.312640,0.03002118883737482,48,0.2,12,100,1.833726388975597e-06,13,2.48993671388526e-05,1,1,adadelta,"{'neurons_per_layer_encoder': [12], 'neurons_per_layer_decoder': [12]}",12,[12],[12],[-0.1284459736312813],0.6872283529460237,COMPLETE
2099,-0.12886985079511581,2025-01-11 12:18:09.374097,2025-01-11 12:18:11.147692,0 days 00:00:01.773595,0.029618534591916795,40,0.2,8,100,2.956659448683208e-06,8,2.0744345252672988e-05,1,1,adadelta,"{'neurons_per_layer_encoder': [8], 'neurons_per_layer_decoder': [8]}",8,[8],[8],[-0.12886985079511581],0.6704154745916691,COMPLETE
2100,0.1018314784786798,2025-01-11 12:18:54.522018,2025-01-11 12:18:57.070812,0 days 00:00:02.548794,0.025825310840199674,40,0.2,16,100,2.325289852153284e-06,17,2.4100549192007005e-05,1,1,adadelta,"{'neurons_per_layer_encoder': [16], 'neurons_per_layer_decoder': [16]}",16,[16],[16],[0.1018314784786798],0.646354973861822,COMPLETE
2101,-0.15526798041120804,2025-01-11 12:18:54.531120,2025-01-11 12:18:55.991592,0 days 00:00:01.460472,0.03053279252322962,48,0.1,16,100,2.235342310717639e-06,17,2.2887632612464474e-05,1,1,adadelta,"{'neurons_per_layer_encoder': [16], 'neurons_per_layer_decoder': [16]}",16,[16],[16],[-0.15526798041120804],0.5906142701326625,COMPLETE
2102,0.2824442266357071,2025-01-11 12:18:54.536627,2025-01-11 12:18:57.149869,0 days 00:00:02.613242,0.18084228292124954,40,0.1,156,100,2.244246513133838e-06,180,2.2703558941544832e-05,1,1,adadelta,"{'neurons_per_layer_encoder': [156], 'neurons_per_layer_decoder': [156]}",156,[156],[156],[0.2824442266357071],0.6593577834855048,COMPLETE
2103,0.02196840871330219,2025-01-11 12:18:54.550736,2025-01-11 12:18:55.980697,0 days 00:00:01.429961,0.025818789621795277,40,0.1,16,100,2.195974823859848e-06,17,2.294215679008911e-05,1,1,adadelta,"{'neurons_per_layer_encoder': [16], 'neurons_per_layer_decoder': [16]}",16,[16],[16],[0.02196840871330219],0.7307989687338121,COMPLETE
2104,-0.5232910652781249,2025-01-11 12:18:54.551210,2025-01-11 12:18:55.968458,0 days 00:00:01.417248,0.03348160422231303,48,0.1,16,100,2.1438923193323665e-06,17,2.1052817053521223e-05,1,1,adadelta,"{'neurons_per_layer_encoder': [16], 'neurons_per_layer_decoder': [16]}",16,[16],[16],[-0.5232910652781249],0.6961039535686386,COMPLETE
2105,-0.2029699579545159,2025-01-11 12:18:55.981234,2025-01-11 12:18:57.400624,0 days 00:00:01.419390,0.026523211776814444,40,0.2,8,100,4.0782437860676495e-06,8,2.583496405791586e-05,1,1,adadelta,"{'neurons_per_layer_encoder': [8], 'neurons_per_layer_decoder': [8]}",8,[8],[8],[-0.2029699579545159],0.7369339568172062,COMPLETE
2106,-0.7368089917078384,2025-01-11 12:18:55.998883,2025-01-11 12:18:57.365747,0 days 00:00:01.366864,0.029466568024502038,40,0.2,8,100,2.688831809503697e-06,8,2.9421207316713376e-05,1,1,adadelta,"{'neurons_per_layer_encoder': [8], 'neurons_per_layer_decoder': [8]}",8,[8],[8],[-0.7368089917078384],0.5520184981169606,COMPLETE
2107,-0.31895143321151287,2025-01-11 12:18:56.004592,2025-01-11 12:18:58.387477,0 days 00:00:02.382885,0.033701150359933096,48,0.2,8,100,4.408462709461674e-06,8,3.285539743897816e-05,1,1,adadelta,"{'neurons_per_layer_encoder': [8], 'neurons_per_layer_decoder': [8]}",8,[8],[8],[-0.31895143321151287],0.4917165448236163,COMPLETE
2108,0.19219426103319104,2025-01-11 12:18:57.082984,2025-01-11 12:18:59.739045,0 days 00:00:02.656061,0.027780283648101412,40,0.2,156,100,5.750803272210441e-05,340,2.7582120494380537e-05,1,1,adadelta,"{'neurons_per_layer_encoder': [156], 'neurons_per_layer_decoder': [156]}",156,[156],[156],[0.19219426103319104],0.7450138175370533,COMPLETE
2109,-0.11418080657164942,2025-01-11 12:18:57.162527,2025-01-11 12:18:58.568288,0 days 00:00:01.405761,0.0271914541634053,48,0.2,192,100,4.408474885227031e-06,248,1.953224975127409e-05,1,1,adadelta,"{'neurons_per_layer_encoder': [192], 'neurons_per_layer_decoder': [192]}",192,[192],[192],[-0.11418080657164942],0.6746761504077551,COMPLETE
2110,-0.17972418561665893,2025-01-11 12:18:57.376554,2025-01-11 12:18:59.220989,0 days 00:00:01.844435,0.02749879372617291,40,0.2,8,100,1.8118787090064175e-06,8,2.0261561869918875e-05,1,1,adadelta,"{'neurons_per_layer_encoder': [8], 'neurons_per_layer_decoder': [8]}",8,[8],[8],[-0.17972418561665893],0.5628585400301557,COMPLETE
2111,0.1814614945856915,2025-01-11 12:18:57.414261,2025-01-11 12:18:59.950829,0 days 00:00:02.536568,0.03547261087874666,48,0.2,12,100,5.498366448361387e-05,13,1.9356252956324075e-05,1,1,adadelta,"{'neurons_per_layer_encoder': [12], 'neurons_per_layer_decoder': [12]}",12,[12],[12],[0.1814614945856915],0.6196905329350912,COMPLETE
2112,-1.1034523929124815,2025-01-11 12:18:58.397801,2025-01-11 12:19:00.307208,0 days 00:00:01.909407,0.02785585843609517,48,0.2,12,100,1.70410759572957e-06,13,1.929737010635714e-05,1,1,adadelta,"{'neurons_per_layer_encoder': [12], 'neurons_per_layer_decoder': [12]}",12,[12],[12],[-1.1034523929124815],0.6920726602257045,COMPLETE
2113,-0.6041136016123565,2025-01-11 12:18:58.579113,2025-01-11 12:19:00.133433,0 days 00:00:01.554320,0.03527155285063766,40,0.2,12,100,1.7234043010322547e-06,13,1.9282840850314147e-05,1,1,adadelta,"{'neurons_per_layer_encoder': [12], 'neurons_per_layer_decoder': [12]}",12,[12],[12],[-0.6041136016123565],0.5527660357786166,COMPLETE
2114,-0.6079191477193302,2025-01-11 12:18:59.231420,2025-01-11 12:19:00.611531,0 days 00:00:01.380111,0.032824210114350084,48,0.2,12,100,1.6433872443880128e-06,13,1.8308427466452157e-05,1,1,adadelta,"{'neurons_per_layer_encoder': [12], 'neurons_per_layer_decoder': [12]}",12,[12],[12],[-0.6079191477193302],0.5468841488251889,COMPLETE
2115,-1.568163571289737,2025-01-11 12:18:59.752006,2025-01-11 12:19:01.182561,0 days 00:00:01.430555,0.03166731368665996,56,0.2,184,100,1.6282526272755194e-06,400,3.541544236542357e-05,1,1,adadelta,"{'neurons_per_layer_encoder': [184], 'neurons_per_layer_decoder': [184]}",184,[184],[184],[-1.568163571289737],0.5280458404019905,COMPLETE
2116,-0.5204829016311765,2025-01-11 12:18:59.961357,2025-01-11 12:19:01.331171,0 days 00:00:01.369814,0.036322643022340576,56,0.2,4,100,3.190104169894311e-06,4,0.0004808587312924229,1,1,adadelta,"{'neurons_per_layer_encoder': [4], 'neurons_per_layer_decoder': [8]}",4,[8],[4],[-0.5204829016311765],0.49068850393854874,COMPLETE
2117,-0.6687184941394047,2025-01-11 12:19:00.144636,2025-01-11 12:19:01.513792,0 days 00:00:01.369156,0.03195277691430421,56,0.2,4,100,3.2382055664794946e-06,4,1.740771866329818e-05,1,1,adadelta,"{'neurons_per_layer_encoder': [4], 'neurons_per_layer_decoder': [8]}",4,[8],[4],[-0.6687184941394047],0.6572412002866712,COMPLETE
2118,0.12433965680897863,2025-01-11 12:19:00.317542,2025-01-11 12:19:02.046866,0 days 00:00:01.729324,0.02555282022949983,56,0.2,4,100,2.634067823228721e-06,4,0.00032060379997580146,1,1,adadelta,"{'neurons_per_layer_encoder': [4], 'neurons_per_layer_decoder': [8]}",4,[8],[4],[0.12433965680897863],0.8144129532954266,COMPLETE
2119,-0.19779178621679927,2025-01-11 12:19:00.622119,2025-01-11 12:19:01.959372,0 days 00:00:01.337253,0.0290995959279243,56,0.2,4,100,3.2150782480413392e-06,4,3.607977209118306e-05,1,1,adadelta,"{'neurons_per_layer_encoder': [4], 'neurons_per_layer_decoder': [8]}",4,[8],[4],[-0.19779178621679927],0.6463108101673255,COMPLETE
2120,-0.6209768480072453,2025-01-11 12:19:01.193319,2025-01-11 12:19:02.516451,0 days 00:00:01.323132,0.025035151054671235,104,0.2,4,100,3.2401586233303457e-06,4,0.00032855164270717595,1,1,adadelta,"{'neurons_per_layer_encoder': [4], 'neurons_per_layer_decoder': [8]}",4,[8],[4],[-0.6209768480072453],0.6075872249933871,COMPLETE
2121,-0.16831924330536396,2025-01-11 12:19:01.341592,2025-01-11 12:19:02.960537,0 days 00:00:01.618945,0.03392150618011766,56,0.2,4,100,2.628418032255262e-06,4,2.7753817556690377e-05,1,1,adadelta,"{'neurons_per_layer_encoder': [4], 'neurons_per_layer_decoder': [8]}",4,[8],[4],[-0.16831924330536396],0.6784486489691468,COMPLETE
2122,0.0712821426707283,2025-01-11 12:19:01.524607,2025-01-11 12:19:03.899850,0 days 00:00:02.375243,0.029693833777698297,56,0.2,20,100,2.4775168625816664e-06,22,0.0003290180387368558,1,1,adadelta,"{'neurons_per_layer_encoder': [20], 'neurons_per_layer_decoder': [20]}",20,[20],[20],[0.0712821426707283],0.7530896907384822,COMPLETE
2123,0.1726417610024057,2025-01-11 12:19:01.969214,2025-01-11 12:19:04.680069,0 days 00:00:02.710855,0.025550362346545747,56,0.2,176,100,2.7225352055100255e-06,200,0.0003187063622119908,1,1,adadelta,"{'neurons_per_layer_encoder': [176], 'neurons_per_layer_decoder': [176]}",176,[176],[176],[0.1726417610024057],0.7879685802528787,COMPLETE
2124,-0.03306265199194258,2025-01-11 12:19:02.058760,2025-01-11 12:19:03.816875,0 days 00:00:01.758115,0.031945659138989856,56,0.2,20,100,1.9127037316361815e-06,22,2.5829240526760665e-05,1,1,adadelta,"{'neurons_per_layer_encoder': [20], 'neurons_per_layer_decoder': [20]}",20,[20],[20],[-0.03306265199194258],0.6578391066031664,COMPLETE
2125,-0.5600345398474669,2025-01-11 12:19:02.527000,2025-01-11 12:19:04.397066,0 days 00:00:01.870066,0.028954040613577325,32,0.2,20,100,2.0474826084001285e-06,22,2.7323040816133963e-05,1,1,adadelta,"{'neurons_per_layer_encoder': [20], 'neurons_per_layer_decoder': [20]}",20,[20],[20],[-0.5600345398474669],0.5747650587850835,COMPLETE
2126,-0.11101528440061914,2025-01-11 12:19:02.971062,2025-01-11 12:19:04.476952,0 days 00:00:01.505890,0.030465388849933057,32,0.2,16,100,1.9814936262680825e-06,17,2.3664871541122917e-05,1,1,adadelta,"{'neurons_per_layer_encoder': [16], 'neurons_per_layer_decoder': [16]}",16,[16],[16],[-0.11101528440061914],0.6516037525981424,COMPLETE
2127,-0.09546969933225857,2025-01-11 12:19:03.827041,2025-01-11 12:19:06.459638,0 days 00:00:02.632597,0.030640123744800893,56,0.2,12,100,1.97821732862011e-06,13,0.0002405552418377057,1,1,adadelta,"{'neurons_per_layer_encoder': [12], 'neurons_per_layer_decoder': [12]}",12,[12],[12],[-0.09546969933225857],0.7285137072109473,COMPLETE
2128,-0.2395233810607187,2025-01-11 12:19:04.041508,2025-01-11 12:19:05.400148,0 days 00:00:01.358640,0.029698516177483546,40,0.2,12,100,1.9608020489973594e-06,13,1.758978203404483e-05,1,1,adadelta,"{'neurons_per_layer_encoder': [12], 'neurons_per_layer_decoder': [12]}",12,[12],[12],[-0.2395233810607187],0.6681232974779806,COMPLETE
2129,-0.3386622983202907,2025-01-11 12:19:04.486749,2025-01-11 12:19:06.254470,0 days 00:00:01.767721,0.030241560236005455,48,0.2,52,100,1.625429839195294e-06,89,0.00022384296165471037,1,1,adadelta,"{'neurons_per_layer_encoder': [52], 'neurons_per_layer_decoder': [52]}",52,[52],[52],[-0.3386622983202907],0.6902809025042207,COMPLETE
2130,-0.20794576161479594,2025-01-11 12:19:04.536188,2025-01-11 12:19:05.902417,0 days 00:00:01.366229,0.025518843530766628,48,0.2,52,100,1.6505175521488566e-06,57,1.703702624008634e-05,1,1,adadelta,"{'neurons_per_layer_encoder': [52], 'neurons_per_layer_decoder': [52]}",52,[52],[52],[-0.20794576161479594],0.5827317784648718,COMPLETE
2131,0.19554016289196308,2025-01-11 12:19:04.690573,2025-01-11 12:19:06.389379,0 days 00:00:01.698806,0.03116788613677098,48,0.2,12,100,1.655610611567078e-06,13,0.0002338041143351431,1,1,adam,"{'neurons_per_layer_encoder': [12], 'neurons_per_layer_decoder': [12]}",12,[12],[12],[0.19554016289196308],0.7039756770627134,COMPLETE
2132,-0.2876992897751296,2025-01-11 12:19:05.410293,2025-01-11 12:19:07.247775,0 days 00:00:01.837482,0.031811072980719515,48,0.2,12,100,1.6483171599527992e-06,13,2.1324492862293788e-05,1,1,adadelta,"{'neurons_per_layer_encoder': [12], 'neurons_per_layer_decoder': [12]}",12,[12],[12],[-0.2876992897751296],0.6954169519617418,COMPLETE
2133,-2.8395996675121657,2025-01-11 12:19:05.912733,2025-01-11 12:19:07.288752,0 days 00:00:01.376019,0.0378519814857083,56,0.2,12,100,1.4474661066289986e-06,13,2.0793320320259963e-05,1,1,adadelta,"{'neurons_per_layer_encoder': [12], 'neurons_per_layer_decoder': [12]}",12,[12],[12],[-2.8395996675121657],-0.20352235564094898,COMPLETE
2134,0.31284508716107107,2025-01-11 12:19:06.264766,2025-01-11 12:19:08.080439,0 days 00:00:01.815673,0.19851818990170045,56,0.2,12,100,2.312701862426502e-06,13,3.226420095646205e-05,1,1,adam,"{'neurons_per_layer_encoder': [12], 'neurons_per_layer_decoder': [12]}",12,[12],[12],[0.31284508716107107],0.6901424051522816,COMPLETE
2135,-0.9328088993862271,2025-01-11 12:19:06.403568,2025-01-11 12:19:07.765584,0 days 00:00:01.362016,0.026985612607847473,56,0.2,16,100,2.3262036064299565e-06,17,3.199969237638243e-05,1,1,adadelta,"{'neurons_per_layer_encoder': [16], 'neurons_per_layer_decoder': [16]}",16,[16],[16],[-0.9328088993862271],0.5611718209901505,COMPLETE
2136,-0.7352941211705188,2025-01-11 12:19:06.472255,2025-01-11 12:19:07.850965,0 days 00:00:01.378710,0.03984587455028694,40,0.2,24,100,2.2898314206770437e-06,42,2.0936392143337056e-05,1,1,adadelta,"{'neurons_per_layer_encoder': [24], 'neurons_per_layer_decoder': [24]}",24,[24],[24],[-0.7352941211705188],0.5217412642018174,COMPLETE
2137,-0.10423579848089992,2025-01-11 12:19:07.258031,2025-01-11 12:19:09.024286,0 days 00:00:01.766255,0.03735777726712668,56,0.2,24,100,2.3148283808561355e-06,42,2.970405232398482e-05,1,1,adadelta,"{'neurons_per_layer_encoder': [24], 'neurons_per_layer_decoder': [24]}",24,[24],[24],[-0.10423579848089992],0.6455258315080363,COMPLETE
2138,-0.0190990901047301,2025-01-11 12:19:07.302818,2025-01-11 12:19:08.902304,0 days 00:00:01.599486,0.03477412525960204,56,0.2,24,100,2.4027657850356728e-06,42,3.243454433456202e-05,2,1,adadelta,"{'neurons_per_layer_encoder': [24], 'neurons_per_layer_decoder': [24, 12]}",24,"[24, 12]",[24],[-0.0190990901047301],0.7297582845694818,COMPLETE
2139,-0.06453278483881286,2025-01-11 12:19:07.775790,2025-01-11 12:19:09.131440,0 days 00:00:01.355650,0.028322872812964587,40,0.2,24,100,5.561698696466026e-06,42,1.6886265984607607e-05,1,1,adadelta,"{'neurons_per_layer_encoder': [24], 'neurons_per_layer_decoder': [24]}",24,[24],[24],[-0.06453278483881286],0.6195464613246229,COMPLETE
2140,-0.1386072454921896,2025-01-11 12:19:07.862541,2025-01-11 12:19:09.232572,0 days 00:00:01.370031,0.03431893608853905,40,0.2,8,100,2.8558454996995025e-06,8,3.9354758761018164e-05,1,1,adadelta,"{'neurons_per_layer_encoder': [8], 'neurons_per_layer_decoder': [8]}",8,[8],[8],[-0.1386072454921896],0.6489831645451785,COMPLETE
2141,-0.25147039715982067,2025-01-11 12:19:08.091124,2025-01-11 12:19:10.730527,0 days 00:00:02.639403,0.03410450192205798,72,0.2,24,100,2.8345194136580033e-06,42,1.77008932266781e-05,2,1,adadelta,"{'neurons_per_layer_encoder': [24], 'neurons_per_layer_decoder': [24, 12]}",24,"[24, 12]",[24],[-0.25147039715982067],0.45873726048085733,COMPLETE
2142,0.02602432551635636,2025-01-11 12:19:08.912566,2025-01-11 12:19:10.813903,0 days 00:00:01.901337,0.03440720066490073,40,0.2,8,100,1.3049047965456642e-06,8,1.6591785671337526e-05,1,1,adadelta,"{'neurons_per_layer_encoder': [8], 'neurons_per_layer_decoder': [8]}",8,[8],[8],[0.02602432551635636],0.6860849762658763,COMPLETE
2143,-0.083591528866237,2025-01-11 12:19:09.038579,2025-01-11 12:19:10.714798,0 days 00:00:01.676219,0.03233143053752091,40,0.2,8,100,1.2972570688362097e-06,8,1.7552478825080172e-05,1,1,adadelta,"{'neurons_per_layer_encoder': [8], 'neurons_per_layer_decoder': [8]}",8,[8],[8],[-0.083591528866237],0.6576839079129294,COMPLETE
2144,0.10167704906115582,2025-01-11 12:19:09.142695,2025-01-11 12:19:11.588687,0 days 00:00:02.445992,0.17979815984952152,72,0.2,8,100,1.3142201590601817e-06,8,2.4513806622956817e-05,1,1,adadelta,"{'neurons_per_layer_encoder': [8], 'neurons_per_layer_decoder': [8]}",8,[8],[8],[0.10167704906115582],0.770020108891441,COMPLETE
