number,value,datetime_start,datetime_complete,duration,params_alpha,params_batch_size,params_drop_out_rate,params_encoder_neurons_layer_1,params_epochs,params_lambda,params_latent_dim,params_learning_rate,params_num_layers_decoder,params_num_layers_encoder,params_optimizer,user_attrs_encoder_decoder_config,user_attrs_first_layer_neurons,user_attrs_neurons_per_layer_decoder,user_attrs_neurons_per_layer_encoder,user_attrs_r2_feature_1,user_attrs_relative_deterioration,state
1699,-0.019539089343336258,2025-01-11 00:24:24.978510,2025-01-11 00:24:27.183985,0 days 00:00:02.205475,0.1749398447800475,72,0.2,36,100,2.539143512424485e-06,71,1.0001591287173066e-05,1,1,adadelta,"{'neurons_per_layer_encoder': [36], 'neurons_per_layer_decoder': [36]}",36,[36],[36],[-0.019539089343336258],0.668841761155431,COMPLETE
1700,-0.19851290805083743,2025-01-11 00:24:25.070417,2025-01-11 00:24:26.821316,0 days 00:00:01.750899,0.17355769083979608,72,0.2,36,100,2.533477779646613e-06,71,1.6098046447469542e-05,3,1,adadelta,"{'neurons_per_layer_encoder': [36], 'neurons_per_layer_decoder': [36, 18, 9]}",36,"[36, 18, 9]",[36],[-0.19851290805083743],0.6426168976200646,COMPLETE
1701,-0.23467256274318027,2025-01-11 00:24:25.138935,2025-01-11 00:24:27.215320,0 days 00:00:02.076385,0.1756110439223215,72,0.2,128,100,2.177992112853636e-06,264,1.5207870688690606e-05,3,1,adadelta,"{'neurons_per_layer_encoder': [128], 'neurons_per_layer_decoder': [128, 64, 32]}",128,"[128, 64, 32]",[128],[-0.23467256274318027],0.7085220526205004,COMPLETE
1702,-0.5127374023664311,2025-01-11 00:24:25.695913,2025-01-11 00:24:27.646824,0 days 00:00:01.950911,0.17433746413815343,72,0.2,16,100,2.166336457972721e-06,17,1.4369569597703196e-05,1,1,adadelta,"{'neurons_per_layer_encoder': [16], 'neurons_per_layer_decoder': [16]}",16,[16],[16],[-0.5127374023664311],0.5659894326161845,COMPLETE
1703,-0.030896055881285855,2025-01-11 00:24:26.831421,2025-01-11 00:24:29.317804,0 days 00:00:02.486383,0.1731516783254554,32,0.2,16,100,3.2646657325960275e-06,17,0.000330577907270623,1,1,adam,"{'neurons_per_layer_encoder': [16], 'neurons_per_layer_decoder': [16]}",16,[16],[16],[-0.030896055881285855],0.3164229409263541,COMPLETE
1704,0.009876731162489327,2025-01-11 00:24:27.194131,2025-01-11 00:24:28.676693,0 days 00:00:01.482562,0.15700703356933082,64,0.2,16,100,2.106344268189956e-06,17,1.4436864904635721e-05,1,1,adam,"{'neurons_per_layer_encoder': [16], 'neurons_per_layer_decoder': [16]}",16,[16],[16],[0.009876731162489327],0.6117897091253262,COMPLETE
1705,0.05601725928616208,2025-01-11 00:24:27.230716,2025-01-11 00:24:29.693536,0 days 00:00:02.462820,0.15447500759148064,32,0.2,16,100,3.5343557348379427e-06,17,0.00033776602122281233,1,1,adadelta,"{'neurons_per_layer_encoder': [16], 'neurons_per_layer_decoder': [16]}",16,[16],[16],[0.05601725928616208],0.6829504410710038,COMPLETE
1706,-0.08066529488543761,2025-01-11 00:24:27.291172,2025-01-11 00:24:29.798562,0 days 00:00:02.507390,0.1607439672028303,32,0.2,16,100,3.4659214143399263e-06,17,0.0003228928821928448,1,1,adam,"{'neurons_per_layer_encoder': [16], 'neurons_per_layer_decoder': [16]}",16,[16],[16],[-0.08066529488543761],0.230152770685461,COMPLETE
1707,-0.3612075816768052,2025-01-11 00:24:27.656793,2025-01-11 00:24:29.045346,0 days 00:00:01.388553,0.155710966855954,32,0.2,44,100,3.401883409142401e-06,80,1.3921908723299885e-05,1,1,adam,"{'neurons_per_layer_encoder': [44], 'neurons_per_layer_decoder': [44]}",44,[44],[44],[-0.3612075816768052],0.40013622191601633,COMPLETE
1708,0.2997371340881364,2025-01-11 00:24:28.687052,2025-01-11 00:24:31.462860,0 days 00:00:02.775808,0.15374768780973846,32,0.1,44,100,1.7442105269436246e-06,80,1.1285290609579525e-05,1,1,adadelta,"{'neurons_per_layer_encoder': [44], 'neurons_per_layer_decoder': [44]}",44,[44],[44],[0.2997371340881364],0.7756346532380024,COMPLETE
1709,0.05131901700945796,2025-01-11 00:24:29.054627,2025-01-11 00:24:31.741899,0 days 00:00:02.687272,0.029966778403888023,80,0.2,16,100,3.257838675058026e-06,17,1.1393435058484968e-05,1,1,adadelta,"{'neurons_per_layer_encoder': [16], 'neurons_per_layer_decoder': [16]}",16,[16],[16],[0.05131901700945796],0.5813314954339992,COMPLETE
1710,0.07787455302422819,2025-01-11 00:24:29.327588,2025-01-11 00:24:32.055425,0 days 00:00:02.727837,0.029764447647991615,96,0.1,12,100,1.6273232140875917e-06,42,1.135507632034535e-05,1,2,adadelta,"{'neurons_per_layer_encoder': [12, 24], 'neurons_per_layer_decoder': [24]}",12,[24],"[12, 24]",[0.07787455302422819],0.6126998012434642,COMPLETE
1711,-0.1198610137131817,2025-01-11 00:24:29.703912,2025-01-11 00:24:31.510368,0 days 00:00:01.806456,0.14067234964093728,64,0.2,24,100,1.6243330299508588e-06,84,1.1300828461427271e-05,1,2,adadelta,"{'neurons_per_layer_encoder': [24, 48], 'neurons_per_layer_decoder': [48]}",24,[48],"[24, 48]",[-0.1198610137131817],0.6403948383048756,COMPLETE
1712,-0.014479015302136578,2025-01-11 00:24:29.809386,2025-01-11 00:24:31.630137,0 days 00:00:01.820751,0.030050341018526407,64,0.1,24,100,1.5962994871197141e-06,84,1.1395142991588205e-05,1,2,adadelta,"{'neurons_per_layer_encoder': [24, 48], 'neurons_per_layer_decoder': [48]}",24,[48],"[24, 48]",[-0.014479015302136578],0.5350155978372289,COMPLETE
1713,-0.09018087072196579,2025-01-11 00:24:31.473638,2025-01-11 00:24:33.202519,0 days 00:00:01.728881,0.015984462142450927,80,0.2,24,100,2.062091069595604e-06,68,1.1459969956535802e-05,1,2,adadelta,"{'neurons_per_layer_encoder': [24, 48], 'neurons_per_layer_decoder': [48]}",24,[48],"[24, 48]",[-0.09018087072196579],0.5955747788804778,COMPLETE
1714,-0.8506331428942893,2025-01-11 00:24:31.524180,2025-01-11 00:24:32.837266,0 days 00:00:01.313086,0.027938737342645827,80,0.2,12,100,1.9705110314159553e-06,13,2.1324985371216776e-05,1,1,adadelta,"{'neurons_per_layer_encoder': [12], 'neurons_per_layer_decoder': [12]}",12,[12],[12],[-0.8506331428942893],0.6366525737159439,COMPLETE
1715,-0.4908858858589713,2025-01-11 00:24:31.752682,2025-01-11 00:24:33.062856,0 days 00:00:01.310174,0.03262552684913317,80,0.2,12,100,2.204374996064207e-06,13,2.152841828587455e-05,1,1,adadelta,"{'neurons_per_layer_encoder': [12], 'neurons_per_layer_decoder': [12]}",12,[12],[12],[-0.4908858858589713],0.4955884509843983,COMPLETE
1716,-0.7767660515949046,2025-01-11 00:24:31.818577,2025-01-11 00:24:34.217097,0 days 00:00:02.398520,0.01306916114836488,80,0.2,12,100,2.14003054826682e-06,13,2.1188438751790925e-05,1,1,adadelta,"{'neurons_per_layer_encoder': [12], 'neurons_per_layer_decoder': [12]}",12,[12],[12],[-0.7767660515949046],0.21987636994084286,COMPLETE
1717,-0.3332443873131583,2025-01-11 00:24:32.065322,2025-01-11 00:24:33.370677,0 days 00:00:01.305355,0.04977043022544739,80,0.2,52,100,2.0985510557652813e-06,89,1.3758466621057917e-05,1,1,adadelta,"{'neurons_per_layer_encoder': [52], 'neurons_per_layer_decoder': [52]}",52,[52],[52],[-0.3332443873131583],0.7432996305015886,COMPLETE
1718,-0.17630249485382743,2025-01-11 00:24:32.847622,2025-01-11 00:24:34.738740,0 days 00:00:01.891118,0.04988820305075635,64,0.2,172,100,2.264676828728344e-06,260,1.3673548145221656e-05,1,1,adadelta,"{'neurons_per_layer_encoder': [172], 'neurons_per_layer_decoder': [172]}",172,[172],[172],[-0.17630249485382743],0.6388969441690354,COMPLETE
1719,-0.13624835131587099,2025-01-11 00:24:33.071875,2025-01-11 00:24:34.412138,0 days 00:00:01.340263,0.138079657988429,64,0.2,164,100,1.340428870419036e-06,188,1.3794559090243511e-05,1,1,adadelta,"{'neurons_per_layer_encoder': [164], 'neurons_per_layer_decoder': [164]}",164,[164],[164],[-0.13624835131587099],0.8266316174215109,COMPLETE
1720,-0.09578057346133484,2025-01-11 00:24:33.213269,2025-01-11 00:24:35.090651,0 days 00:00:01.877382,0.042124831355208156,64,0.2,136,100,1.2274145522571301e-06,160,1.315600618121215e-05,1,1,adadelta,"{'neurons_per_layer_encoder': [136], 'neurons_per_layer_decoder': [136]}",136,[136],[136],[-0.09578057346133484],0.648499808021563,COMPLETE
1721,-0.7370933031221287,2025-01-11 00:24:33.380290,2025-01-11 00:24:35.787306,0 days 00:00:02.407016,0.19976480760917245,64,0.2,20,100,1.2493714479996422e-06,22,1.7486790550472082e-05,1,1,adadelta,"{'neurons_per_layer_encoder': [20], 'neurons_per_layer_decoder': [20]}",20,[20],[20],[-0.7370933031221287],0.5586824892765619,COMPLETE
1722,-0.032396838989544596,2025-01-11 00:24:34.227902,2025-01-11 00:24:35.549997,0 days 00:00:01.322095,0.017818726360438894,64,0.2,20,100,1.321145939816294e-06,22,1.7324269538712834e-05,1,1,adadelta,"{'neurons_per_layer_encoder': [20], 'neurons_per_layer_decoder': [20]}",20,[20],[20],[-0.032396838989544596],0.7015511980764026,COMPLETE
1723,-0.17663389383991213,2025-01-11 00:24:34.422268,2025-01-11 00:24:36.841490,0 days 00:00:02.419222,0.1468947365285036,88,0.2,20,100,1.0076519308755555e-06,22,1.7218799154930196e-05,1,1,adadelta,"{'neurons_per_layer_encoder': [20], 'neurons_per_layer_decoder': [20]}",20,[20],[20],[-0.17663389383991213],0.5955140564300456,COMPLETE
1724,-0.34841832335773515,2025-01-11 00:24:34.749436,2025-01-11 00:24:37.174488,0 days 00:00:02.425052,0.1480753653380273,88,0.2,20,100,1.2068224432808526e-06,22,0.0005192230486053065,1,1,adadelta,"{'neurons_per_layer_encoder': [20], 'neurons_per_layer_decoder': [20]}",20,[20],[20],[-0.34841832335773515],0.7391004246206737,COMPLETE
1725,-0.1556555819169656,2025-01-11 00:24:35.100091,2025-01-11 00:24:36.422676,0 days 00:00:01.322585,0.1888408105733269,72,0.2,20,100,1.0111816743391473e-06,22,1.799003847712311e-05,1,1,adadelta,"{'neurons_per_layer_encoder': [20], 'neurons_per_layer_decoder': [20]}",20,[20],[20],[-0.1556555819169656],0.6766952287459549,COMPLETE
1726,-0.19089781717965448,2025-01-11 00:24:35.559996,2025-01-11 00:24:36.878235,0 days 00:00:01.318239,0.04563620346185372,72,0.2,28,100,2.934610834235447e-06,30,1.712704729530593e-05,1,1,adadelta,"{'neurons_per_layer_encoder': [28], 'neurons_per_layer_decoder': [28]}",28,[28],[28],[-0.19089781717965448],0.6436994251772046,COMPLETE
1727,-0.1406135420778616,2025-01-11 00:24:35.797464,2025-01-11 00:24:37.590812,0 days 00:00:01.793348,0.14873421379085755,72,0.2,28,100,2.6708066687446004e-06,136,2.3546559364359364e-05,1,3,adadelta,"{'neurons_per_layer_encoder': [28, 56, 112], 'neurons_per_layer_decoder': [112]}",28,[112],"[28, 56, 112]",[-0.1406135420778616],0.7363352600245461,COMPLETE
1728,-0.13479055063665712,2025-01-11 00:24:36.432741,2025-01-11 00:24:38.313912,0 days 00:00:01.881171,0.14511331901975483,88,0.2,28,100,2.8131801710255683e-06,136,2.4471171305656045e-05,1,3,adadelta,"{'neurons_per_layer_encoder': [28, 56, 112], 'neurons_per_layer_decoder': [112]}",28,[112],"[28, 56, 112]",[-0.13479055063665712],0.5495279164572523,COMPLETE
1729,-0.20954729231828884,2025-01-11 00:24:36.851260,2025-01-11 00:24:38.609069,0 days 00:00:01.757809,0.16662345101654952,72,0.2,28,100,2.679582748083907e-06,136,2.8834454073126872e-05,1,3,adadelta,"{'neurons_per_layer_encoder': [28, 56, 112], 'neurons_per_layer_decoder': [112]}",28,[112],"[28, 56, 112]",[-0.20954729231828884],0.602318202702455,COMPLETE
1730,-0.5634101466158847,2025-01-11 00:24:36.889884,2025-01-11 00:24:38.207815,0 days 00:00:01.317931,0.14772291257385897,72,0.2,8,100,1.8617122656885688e-06,8,1.4777936340022925e-05,1,1,adadelta,"{'neurons_per_layer_encoder': [8], 'neurons_per_layer_decoder': [8]}",8,[8],[8],[-0.5634101466158847],0.5193930990376411,COMPLETE
1731,-0.003774375142355124,2025-01-11 00:24:37.184678,2025-01-11 00:24:39.565902,0 days 00:00:02.381224,0.16417784601127025,72,0.2,8,100,4.0847562272764444e-06,51,2.872579241177662e-05,1,3,adadelta,"{'neurons_per_layer_encoder': [8, 16, 32], 'neurons_per_layer_decoder': [32]}",8,[32],"[8, 16, 32]",[-0.003774375142355124],0.6448880866390438,COMPLETE
1732,-0.0885492615371275,2025-01-11 00:24:37.599897,2025-01-11 00:24:38.894157,0 days 00:00:01.294260,0.1656041697554153,72,0.2,8,100,1.814968220963455e-06,8,2.9884162448574253e-05,1,1,adadelta,"{'neurons_per_layer_encoder': [8], 'neurons_per_layer_decoder': [8]}",8,[8],[8],[-0.0885492615371275],0.7013483310231444,COMPLETE
1733,-0.2289388042799616,2025-01-11 00:24:38.217585,2025-01-11 00:24:39.558894,0 days 00:00:01.341309,0.1646355836890591,64,0.2,12,100,1.526112277211433e-06,13,2.911811566428225e-05,1,1,adadelta,"{'neurons_per_layer_encoder': [12], 'neurons_per_layer_decoder': [12]}",12,[12],[12],[-0.2289388042799616],0.47679820525034594,COMPLETE
1734,0.17991334425497818,2025-01-11 00:24:38.324667,2025-01-11 00:24:40.434516,0 days 00:00:02.109849,0.16475215572234672,64,0.2,12,100,4.167740845556113e-06,13,2.8946089566166333e-05,1,1,adadelta,"{'neurons_per_layer_encoder': [12], 'neurons_per_layer_decoder': [12]}",12,[12],[12],[0.17991334425497818],0.8036890464243793,COMPLETE
1735,-0.2480956134935648,2025-01-11 00:24:38.618438,2025-01-11 00:24:40.183699,0 days 00:00:01.565261,0.036841171256347685,64,0.2,40,100,1.831396887411243e-06,88,1.2434289237330367e-05,1,2,adadelta,"{'neurons_per_layer_encoder': [40, 80], 'neurons_per_layer_decoder': [80]}",40,[80],"[40, 80]",[-0.2480956134935648],0.6420958087038912,COMPLETE
1736,0.25276494712338826,2025-01-11 00:24:38.903569,2025-01-11 00:24:41.712764,0 days 00:00:02.809195,0.13254751764386796,64,0.30000000000000004,40,100,1.5487406086167014e-06,104,1.5007863691227311e-05,1,2,adadelta,"{'neurons_per_layer_encoder': [40, 80], 'neurons_per_layer_decoder': [80]}",40,[80],"[40, 80]",[0.25276494712338826],0.7563289505449785,COMPLETE
1737,-0.15909222513908183,2025-01-11 00:24:39.575639,2025-01-11 00:24:41.903750,0 days 00:00:02.328111,0.133450862219856,64,0.2,44,100,1.480475749541172e-06,112,2.04345315048751e-05,1,2,adadelta,"{'neurons_per_layer_encoder': [44, 88], 'neurons_per_layer_decoder': [88]}",44,[88],"[44, 88]",[-0.15909222513908183],0.6589215849555354,COMPLETE
1738,-0.20801874917973429,2025-01-11 00:24:39.580658,2025-01-11 00:24:41.210760,0 days 00:00:01.630102,0.1325657453303868,64,0.2,40,100,1.475460824979982e-06,120,1.0002003958556527e-05,1,2,adadelta,"{'neurons_per_layer_encoder': [40, 80], 'neurons_per_layer_decoder': [80]}",40,[80],"[40, 80]",[-0.20801874917973429],0.5819563179244488,COMPLETE
1739,-0.036739107762912226,2025-01-11 00:24:40.194340,2025-01-11 00:24:41.623847,0 days 00:00:01.429507,0.13400871492412003,64,0.2,48,100,1.5022940111260086e-06,68,2.077227613927989e-05,1,1,adadelta,"{'neurons_per_layer_encoder': [48], 'neurons_per_layer_decoder': [48]}",48,[48],[48],[-0.036739107762912226],0.7325515566856043,COMPLETE
1740,0.11638628495539194,2025-01-11 00:24:40.446551,2025-01-11 00:24:43.262049,0 days 00:00:02.815498,0.13692270503366172,64,0.2,188,100,1.493629176759296e-06,356,2.0622346280192136e-05,1,1,adadelta,"{'neurons_per_layer_encoder': [188], 'neurons_per_layer_decoder': [188]}",188,[188],[188],[0.11638628495539194],0.830922491646003,COMPLETE
1741,0.18378088252124614,2025-01-11 00:24:41.220446,2025-01-11 00:24:43.907507,0 days 00:00:02.687061,0.1828522020803544,72,0.2,16,100,2.4068854520133776e-06,17,1.5126469033774602e-05,1,1,adadelta,"{'neurons_per_layer_encoder': [16], 'neurons_per_layer_decoder': [16]}",16,[16],[16],[0.18378088252124614],0.8142609623664105,COMPLETE
1742,-0.010887682270501298,2025-01-11 00:24:41.633370,2025-01-11 00:24:43.188681,0 days 00:00:01.555311,0.18923500809645225,80,0.2,12,100,2.400403935410313e-06,13,1.9690340333852242e-05,1,1,adadelta,"{'neurons_per_layer_encoder': [12], 'neurons_per_layer_decoder': [12]}",12,[12],[12],[-0.010887682270501298],0.6716854230923733,COMPLETE
1743,-0.2140049245151392,2025-01-11 00:24:41.723613,2025-01-11 00:24:44.170418,0 days 00:00:02.446805,0.18104822868987486,80,0.2,12,100,2.204205589000221e-06,13,1.2310125167483099e-05,1,1,adadelta,"{'neurons_per_layer_encoder': [12], 'neurons_per_layer_decoder': [12]}",12,[12],[12],[-0.2140049245151392],0.49618341916395203,COMPLETE
1744,0.2917230246265272,2025-01-11 00:24:41.915065,2025-01-11 00:24:44.564432,0 days 00:00:02.649367,0.016886522753142303,80,0.2,12,100,2.3899675728190687e-06,13,1.301163198358384e-05,1,1,adadelta,"{'neurons_per_layer_encoder': [12], 'neurons_per_layer_decoder': [12]}",12,[12],[12],[0.2917230246265272],0.7412219704099295,COMPLETE
1745,-0.2935652280132921,2025-01-11 00:24:43.198649,2025-01-11 00:24:44.513241,0 days 00:00:01.314592,0.1547716868063335,72,0.2,8,100,1.9114706690429133e-06,8,1.24983833292425e-05,1,1,adadelta,"{'neurons_per_layer_encoder': [8], 'neurons_per_layer_decoder': [8]}",8,[8],[8],[-0.2935652280132921],0.4088055293536135,COMPLETE
1746,-0.7033800836117845,2025-01-11 00:24:43.284608,2025-01-11 00:24:44.612332,0 days 00:00:01.327724,0.15557181292775107,72,0.2,8,100,2.33504737452364e-06,8,1.2834542335199395e-05,1,1,adadelta,"{'neurons_per_layer_encoder': [8], 'neurons_per_layer_decoder': [8]}",8,[8],[8],[-0.7033800836117845],0.6350640017034487,COMPLETE
1747,-0.12074467003536671,2025-01-11 00:24:43.917169,2025-01-11 00:24:45.499613,0 days 00:00:01.582444,0.1542151083524574,80,0.2,8,100,1.87055873656295e-06,8,1.2517874353417824e-05,1,1,adadelta,"{'neurons_per_layer_encoder': [8], 'neurons_per_layer_decoder': [8]}",8,[8],[8],[-0.12074467003536671],0.3371777434563092,COMPLETE
1748,-0.13995185067567872,2025-01-11 00:24:44.399816,2025-01-11 00:24:45.973006,0 days 00:00:01.573190,0.15277834653383957,72,0.2,8,100,1.7302841905779482e-06,8,1.0016926338409605e-05,1,1,adadelta,"{'neurons_per_layer_encoder': [8], 'neurons_per_layer_decoder': [8]}",8,[8],[8],[-0.13995185067567872],0.6547697404337518,COMPLETE
1749,-0.7983247470993176,2025-01-11 00:24:44.522301,2025-01-11 00:24:46.252059,0 days 00:00:01.729758,0.01016938190065011,72,0.2,8,100,1.7577061192189493e-06,8,1.004249241190498e-05,1,1,adadelta,"{'neurons_per_layer_encoder': [8], 'neurons_per_layer_decoder': [8]}",8,[8],[8],[-0.7983247470993176],0.5812397376903037,COMPLETE
1750,0.31568657434717473,2025-01-11 00:24:44.575959,2025-01-11 00:24:46.990952,0 days 00:00:02.414993,0.14249028966738944,72,0.2,8,100,1.9035913226592158e-06,8,1.5427310968238603e-05,1,1,adadelta,"{'neurons_per_layer_encoder': [8], 'neurons_per_layer_decoder': [8]}",8,[8],[8],[0.31568657434717473],0.6110197844379363,COMPLETE
1751,-0.6809155412150023,2025-01-11 00:24:44.623906,2025-01-11 00:24:45.952935,0 days 00:00:01.329029,0.14210668325830383,72,0.2,24,100,1.7980373137652768e-06,42,1.587105212044362e-05,1,1,adadelta,"{'neurons_per_layer_encoder': [24], 'neurons_per_layer_decoder': [24]}",24,[24],[24],[-0.6809155412150023],0.5532501094127649,COMPLETE
1752,0.04231123615198329,2025-01-11 00:24:45.510024,2025-01-11 00:24:47.032566,0 days 00:00:01.522542,0.1998695960553904,72,0.2,32,100,3.0514731409589335e-06,51,1.6133971827705457e-05,1,1,adadelta,"{'neurons_per_layer_encoder': [32], 'neurons_per_layer_decoder': [32]}",32,[32],[32],[0.04231123615198329],0.7792917197057838,COMPLETE
1753,0.035976063505297806,2025-01-11 00:24:45.962738,2025-01-11 00:24:47.301627,0 days 00:00:01.338889,0.12610068411127218,72,0.30000000000000004,32,100,3.069029072650484e-06,51,0.00028777207399069486,1,1,adadelta,"{'neurons_per_layer_encoder': [32], 'neurons_per_layer_decoder': [32]}",32,[32],[32],[0.035976063505297806],0.7825997994148256,COMPLETE
1754,-0.678151055767362,2025-01-11 00:24:45.986039,2025-01-11 00:24:47.725304,0 days 00:00:01.739265,0.14164923754842088,64,0.2,32,100,3.1462375922844324e-06,51,1.4828289996597837e-05,1,1,adadelta,"{'neurons_per_layer_encoder': [32], 'neurons_per_layer_decoder': [32]}",32,[32],[32],[-0.678151055767362],0.6083220152280127,COMPLETE
1755,-0.18177671205729884,2025-01-11 00:24:46.261869,2025-01-11 00:24:47.928526,0 days 00:00:01.666657,0.019546330597840417,64,0.2,32,100,1.2019487520660092e-06,51,0.00028275886087876257,1,1,adadelta,"{'neurons_per_layer_encoder': [32], 'neurons_per_layer_decoder': [32]}",32,[32],[32],[-0.18177671205729884],0.5179138512353391,COMPLETE
1756,-0.5730763279212026,2025-01-11 00:24:47.001075,2025-01-11 00:24:49.469838,0 days 00:00:02.468763,0.17415657722526737,64,0.2,32,100,3.0491887546762466e-06,51,2.432525644376571e-05,1,1,adadelta,"{'neurons_per_layer_encoder': [32], 'neurons_per_layer_decoder': [32]}",32,[32],[32],[-0.5730763279212026],0.4621220509076158,COMPLETE
1757,-0.314885997352333,2025-01-11 00:24:47.051028,2025-01-11 00:24:49.514249,0 days 00:00:02.463221,0.17927881405753665,64,0.30000000000000004,16,100,1.1265786320247208e-06,17,2.3728620765951863e-05,1,1,adadelta,"{'neurons_per_layer_encoder': [16], 'neurons_per_layer_decoder': [16]}",16,[16],[16],[-0.314885997352333],0.6781986698203973,COMPLETE
1758,-0.4014174569691564,2025-01-11 00:24:47.311253,2025-01-11 00:24:49.756944,0 days 00:00:02.445691,0.17129914963888185,64,0.1,20,100,1.149160349862404e-06,22,2.3961385789416726e-05,1,1,adadelta,"{'neurons_per_layer_encoder': [20], 'neurons_per_layer_decoder': [20]}",20,[20],[20],[-0.4014174569691564],0.5481827696302116,COMPLETE
1759,0.004482457487799851,2025-01-11 00:24:47.735972,2025-01-11 00:24:50.227895,0 days 00:00:02.491923,0.1781776741087311,64,0.2,16,100,1.38580551614961e-06,51,2.3910259474321884e-05,1,2,adadelta,"{'neurons_per_layer_encoder': [16, 32], 'neurons_per_layer_decoder': [32]}",16,[32],"[16, 32]",[0.004482457487799851],0.7226113715869013,COMPLETE
1760,-0.02845346021713757,2025-01-11 00:24:47.938249,2025-01-11 00:24:50.126091,0 days 00:00:02.187842,0.17870932399676998,80,0.1,16,100,1.376413382556263e-06,51,2.4605573929112845e-05,1,2,adadelta,"{'neurons_per_layer_encoder': [16, 32], 'neurons_per_layer_decoder': [32]}",16,[32],"[16, 32]",[-0.02845346021713757],0.6286630511715255,COMPLETE
1761,-0.03484391880368509,2025-01-11 00:24:49.480152,2025-01-11 00:24:51.127032,0 days 00:00:01.646880,0.16693976581952089,80,0.1,16,100,2.0795680654432448e-06,51,1.763804077096695e-05,1,2,adam,"{'neurons_per_layer_encoder': [16, 32], 'neurons_per_layer_decoder': [32]}",16,[32],"[16, 32]",[-0.03484391880368509],0.7852796249042724,COMPLETE
