number,value,datetime_start,datetime_complete,duration,params_alpha,params_batch_size,params_drop_out_rate,params_encoder_neurons_layer_1,params_epochs,params_lambda,params_latent_dim,params_learning_rate,params_num_layers_decoder,params_num_layers_encoder,params_optimizer,user_attrs_encoder_decoder_config,user_attrs_first_layer_neurons,user_attrs_neurons_per_layer_decoder,user_attrs_neurons_per_layer_encoder,user_attrs_r2_feature_1,user_attrs_relative_deterioration,state
742,-0.5216070076643968,2025-01-10 15:48:21.202428,2025-01-10 15:48:23.549504,0 days 00:00:02.347076,0.15495170143548154,64,0.2,8,100,1.4672354768740654e-06,8,1.2596352305396298e-05,1,1,adadelta,"{'neurons_per_layer_encoder': [8], 'neurons_per_layer_decoder': [8]}",8,[8],[8],[-0.5216070076643968],0.5641443779126128,COMPLETE
743,0.29623452408715456,2025-01-10 15:48:22.056828,2025-01-10 15:48:24.407441,0 days 00:00:02.350613,0.15583828825850388,64,0.2,8,100,1.384428632336425e-06,8,1.361168200018351e-05,1,1,adadelta,"{'neurons_per_layer_encoder': [8], 'neurons_per_layer_decoder': [8]}",8,[8],[8],[0.29623452408715456],0.7411141628150046,COMPLETE
744,-0.055155833400522214,2025-01-10 15:48:22.071193,2025-01-10 15:48:23.366455,0 days 00:00:01.295262,0.14106307682448022,64,0.2,8,100,1.287077132376521e-06,8,1.3311324725655833e-05,1,1,adadelta,"{'neurons_per_layer_encoder': [8], 'neurons_per_layer_decoder': [8]}",8,[8],[8],[-0.055155833400522214],0.3838657406887172,COMPLETE
745,-0.1270477063629354,2025-01-10 15:48:22.126310,2025-01-10 15:48:23.426721,0 days 00:00:01.300411,0.1449787829538217,64,0.2,8,100,1.745325915061486e-06,8,1.1591245110234284e-05,1,1,adadelta,"{'neurons_per_layer_encoder': [8], 'neurons_per_layer_decoder': [8]}",8,[8],[8],[-0.1270477063629354],0.6536360403225617,COMPLETE
746,-0.06317405794904318,2025-01-10 15:48:23.374669,2025-01-10 15:48:24.854687,0 days 00:00:01.480018,0.13845039517259347,64,0.2,12,100,1.6816953907502104e-06,13,1.1788244963961077e-05,1,1,adadelta,"{'neurons_per_layer_encoder': [12], 'neurons_per_layer_decoder': [12]}",12,[12],[12],[-0.06317405794904318],0.5786294070765274,COMPLETE
747,-0.08325604410541998,2025-01-10 15:48:23.441080,2025-01-10 15:48:25.784736,0 days 00:00:02.343656,0.15090673248301648,64,0.2,12,100,1.367487472662799e-06,13,1.188580909805974e-05,1,1,adadelta,"{'neurons_per_layer_encoder': [12], 'neurons_per_layer_decoder': [12]}",12,[12],[12],[-0.08325604410541998],0.7106401950514326,COMPLETE
748,0.0357023073287599,2025-01-10 15:48:23.558488,2025-01-10 15:48:24.850666,0 days 00:00:01.292178,0.1402005177128875,64,0.2,12,100,1.8088877761010418e-06,13,1.1886686873462927e-05,1,1,adadelta,"{'neurons_per_layer_encoder': [12], 'neurons_per_layer_decoder': [12]}",12,[12],[12],[0.0357023073287599],0.753153615076615,COMPLETE
749,-0.11395932072833781,2025-01-10 15:48:24.863816,2025-01-10 15:48:27.284945,0 days 00:00:02.421129,0.14798884333125778,64,0.2,4,100,1.300375031856021e-06,4,1.4435559589114727e-05,1,1,adadelta,"{'neurons_per_layer_encoder': [4], 'neurons_per_layer_decoder': [8]}",4,[8],[4],[-0.11395932072833781],0.46332261589987217,COMPLETE
750,0.08279334141919914,2025-01-10 16:15:06.972213,2025-01-10 16:15:08.329131,0 days 00:00:01.356918,0.13654299964623445,64,0.2,4,100,1.024660568189972e-06,4,1.3806454709604208e-05,1,1,adadelta,"{'neurons_per_layer_encoder': [4], 'neurons_per_layer_decoder': [8]}",4,[8],[4],[0.08279334141919914],0.643749399528649,COMPLETE
751,-0.1630544381802974,2025-01-10 16:15:06.972621,2025-01-10 16:15:08.358706,0 days 00:00:01.386085,0.1387971167349662,64,0.2,4,100,1.2282254439420707e-06,4,1.1631458605828947e-05,1,1,adadelta,"{'neurons_per_layer_encoder': [4], 'neurons_per_layer_decoder': [8]}",4,[8],[4],[-0.1630544381802974],0.26955016146561916,COMPLETE
752,-0.11622980238747904,2025-01-10 16:15:06.977858,2025-01-10 16:15:08.366533,0 days 00:00:01.388675,0.1379321639344068,64,0.2,12,100,1.3770452821480682e-06,13,1.4133839112363481e-05,1,1,adadelta,"{'neurons_per_layer_encoder': [12], 'neurons_per_layer_decoder': [12]}",12,[12],[12],[-0.11622980238747904],0.717490945768366,COMPLETE
753,-2.1709775265111073,2025-01-10 16:15:06.978104,2025-01-10 16:15:08.394345,0 days 00:00:01.416241,0.13596661219035147,64,0.2,4,100,1.1666604957592796e-06,4,1.3225128426211644e-05,1,1,adadelta,"{'neurons_per_layer_encoder': [4], 'neurons_per_layer_decoder': [8]}",4,[8],[4],[-2.1709775265111073],-0.23537461455821976,COMPLETE
754,-0.20157414257658424,2025-01-10 16:15:06.985929,2025-01-10 16:15:08.819283,0 days 00:00:01.833354,0.13984173150127663,64,0.2,4,100,1.125062283866859e-06,4,1.4382944561545239e-05,1,1,adadelta,"{'neurons_per_layer_encoder': [4], 'neurons_per_layer_decoder': [8]}",4,[8],[4],[-0.20157414257658424],0.5839710821277703,COMPLETE
755,-0.34728935767722713,2025-01-10 16:15:08.342633,2025-01-10 16:15:09.693834,0 days 00:00:01.351201,0.14438180981071533,64,0.2,4,100,1.1794520161257148e-06,4,1.0045071705162214e-05,1,1,adadelta,"{'neurons_per_layer_encoder': [4], 'neurons_per_layer_decoder': [8]}",4,[8],[4],[-0.34728935767722713],0.6016240761801671,COMPLETE
756,0.26668712893296453,2025-01-10 16:15:08.376782,2025-01-10 16:15:10.877909,0 days 00:00:02.501127,0.18271812834530504,64,0.2,8,100,1.9216704239529173e-06,8,1.1647377990193604e-05,1,1,adadelta,"{'neurons_per_layer_encoder': [8], 'neurons_per_layer_decoder': [8]}",8,[8],[8],[0.26668712893296453],0.7766420644355557,COMPLETE
757,0.29024883738134777,2025-01-10 16:15:08.379623,2025-01-10 16:15:10.895208,0 days 00:00:02.515585,0.14788526314563086,64,0.2,8,100,1.8557159670988776e-06,8,1.2101613385340053e-05,1,1,adadelta,"{'neurons_per_layer_encoder': [8], 'neurons_per_layer_decoder': [8]}",8,[8],[8],[0.29024883738134777],0.7283308056186062,COMPLETE
758,-0.7016195241836487,2025-01-10 16:15:08.411437,2025-01-10 16:15:10.995682,0 days 00:00:02.584245,0.1499167960633743,64,0.2,12,100,1.8982714638300188e-06,13,1.1483925502493662e-05,1,1,adadelta,"{'neurons_per_layer_encoder': [12], 'neurons_per_layer_decoder': [12]}",12,[12],[12],[-0.7016195241836487],0.5522528410421628,COMPLETE
759,0.0867354616480166,2025-01-10 16:15:08.830424,2025-01-10 16:15:11.316465,0 days 00:00:02.486041,0.14985257805386482,64,0.2,12,100,1.8619717163471118e-06,13,1.1266552798977712e-05,1,1,adadelta,"{'neurons_per_layer_encoder': [12], 'neurons_per_layer_decoder': [12]}",12,[12],[12],[0.0867354616480166],0.5559811028241225,COMPLETE
760,-0.005128995391279645,2025-01-10 16:15:09.702731,2025-01-10 16:15:11.677434,0 days 00:00:01.974703,0.15975922304309642,64,0.2,112,100,1.5566394434588724e-06,216,1.2006718385635469e-05,1,1,adadelta,"{'neurons_per_layer_encoder': [112], 'neurons_per_layer_decoder': [112]}",112,[112],[112],[-0.005128995391279645],0.789567004823765,COMPLETE
761,0.11210934190208843,2025-01-10 16:15:10.886946,2025-01-10 16:15:12.251017,0 days 00:00:01.364071,0.185159274090821,64,0.2,12,100,1.9006460627137888e-06,13,1.5483957812913144e-05,1,1,adadelta,"{'neurons_per_layer_encoder': [12], 'neurons_per_layer_decoder': [12]}",12,[12],[12],[0.11210934190208843],0.6829173714988395,COMPLETE
762,-0.303288058016411,2025-01-10 16:15:10.905612,2025-01-10 16:15:12.296120,0 days 00:00:01.390508,0.17755046007561406,64,0.2,12,100,1.4499461017031654e-06,13,1.5138811108717971e-05,1,1,adadelta,"{'neurons_per_layer_encoder': [12], 'neurons_per_layer_decoder': [12]}",12,[12],[12],[-0.303288058016411],0.5341359703110313,COMPLETE
763,-0.9927717457325538,2025-01-10 16:15:11.004851,2025-01-10 16:15:12.386240,0 days 00:00:01.381389,0.15938840820584835,64,0.2,12,100,1.4685588422361388e-06,13,1.5822656267233938e-05,1,1,adadelta,"{'neurons_per_layer_encoder': [12], 'neurons_per_layer_decoder': [12]}",12,[12],[12],[-0.9927717457325538],0.5993528302147157,COMPLETE
764,0.15432376118723568,2025-01-10 16:15:11.326034,2025-01-10 16:15:13.822644,0 days 00:00:02.496610,0.1810139580714689,64,0.2,12,100,1.4144988091716798e-06,13,1.3091046525786749e-05,1,1,adadelta,"{'neurons_per_layer_encoder': [12], 'neurons_per_layer_decoder': [12]}",12,[12],[12],[0.15432376118723568],0.8489519645903828,COMPLETE
765,-0.7636035558744745,2025-01-10 16:15:11.687260,2025-01-10 16:15:14.111265,0 days 00:00:02.424005,0.19470678064857644,64,0.2,12,100,1.3674880999923429e-06,13,1.4797434883194711e-05,1,1,adadelta,"{'neurons_per_layer_encoder': [12], 'neurons_per_layer_decoder': [12]}",12,[12],[12],[-0.7636035558744745],0.24816178427733393,COMPLETE
766,-0.1250849332528876,2025-01-10 16:15:12.260472,2025-01-10 16:15:13.606525,0 days 00:00:01.346053,0.18301055705984912,64,0.2,16,100,1.418596353878025e-06,17,1.4956001879174703e-05,1,1,adadelta,"{'neurons_per_layer_encoder': [16], 'neurons_per_layer_decoder': [16]}",16,[16],[16],[-0.1250849332528876],0.6865196935899995,COMPLETE
767,-0.3693847227815923,2025-01-10 16:15:12.307036,2025-01-10 16:15:14.777193,0 days 00:00:02.470157,0.18684126481326252,64,0.2,16,100,1.3600368993208015e-06,17,1.3506567366718834e-05,1,1,adadelta,"{'neurons_per_layer_encoder': [16], 'neurons_per_layer_decoder': [16]}",16,[16],[16],[-0.3693847227815923],0.6224052739073583,COMPLETE
768,-0.10001840659029781,2025-01-10 16:15:12.395416,2025-01-10 16:15:14.821817,0 days 00:00:02.426401,0.16726739439820354,64,0.2,16,100,1.639584752114181e-06,17,1.3863346335616084e-05,1,1,adadelta,"{'neurons_per_layer_encoder': [16], 'neurons_per_layer_decoder': [16]}",16,[16],[16],[-0.10001840659029781],0.6903500585334136,COMPLETE
769,-0.2016412752338661,2025-01-10 16:15:13.615713,2025-01-10 16:15:15.275907,0 days 00:00:01.660194,0.18285436401494654,64,0.2,16,100,1.7247639979952507e-06,17,1.3687277322669264e-05,1,1,adadelta,"{'neurons_per_layer_encoder': [16], 'neurons_per_layer_decoder': [16]}",16,[16],[16],[-0.2016412752338661],0.48062361697535105,COMPLETE
770,0.023197431020029358,2025-01-10 16:15:13.832491,2025-01-10 16:15:15.559228,0 days 00:00:01.726737,0.19277748260237382,64,0.2,16,100,1.0131243878866696e-06,17,1.3060644715584039e-05,1,1,adadelta,"{'neurons_per_layer_encoder': [16], 'neurons_per_layer_decoder': [16]}",16,[16],[16],[0.023197431020029358],0.751611445931564,COMPLETE
771,-0.21573180522282454,2025-01-10 16:15:14.121301,2025-01-10 16:15:16.613778,0 days 00:00:02.492477,0.16444431007343038,64,0.2,8,100,1.6641455741195653e-06,8,1.2583718424706774e-05,1,1,adadelta,"{'neurons_per_layer_encoder': [8], 'neurons_per_layer_decoder': [8]}",8,[8],[8],[-0.21573180522282454],0.6285218899495313,COMPLETE
772,-1.5672709785245447,2025-01-10 16:15:14.786342,2025-01-10 16:15:16.777050,0 days 00:00:01.990708,0.16569930983835995,64,0.2,8,100,1.7161721823243821e-06,8,1.2539757598487572e-05,1,1,adadelta,"{'neurons_per_layer_encoder': [8], 'neurons_per_layer_decoder': [8]}",8,[8],[8],[-1.5672709785245447],-0.12083610858736661,COMPLETE
773,-0.2404013283757962,2025-01-10 16:15:14.832864,2025-01-10 16:15:17.319070,0 days 00:00:02.486206,0.15449634306261306,64,0.2,8,100,2.0021391902957953e-06,8,1.1965985269221727e-05,1,1,adadelta,"{'neurons_per_layer_encoder': [8], 'neurons_per_layer_decoder': [8]}",8,[8],[8],[-0.2404013283757962],0.706629800533861,COMPLETE
774,-0.13340843979939754,2025-01-10 16:15:15.284809,2025-01-10 16:15:17.139355,0 days 00:00:01.854546,0.1573978296405085,64,0.2,8,100,1.0005226676932515e-06,8,1.2021856217927604e-05,1,1,adadelta,"{'neurons_per_layer_encoder': [8], 'neurons_per_layer_decoder': [8]}",8,[8],[8],[-0.13340843979939754],0.6252110283158745,COMPLETE
775,0.0648398230421513,2025-01-10 16:15:15.568508,2025-01-10 16:15:18.065826,0 days 00:00:02.497318,0.16645716229330285,64,0.2,4,100,1.8346547166744454e-06,4,1.1902397127400564e-05,1,1,adadelta,"{'neurons_per_layer_encoder': [4], 'neurons_per_layer_decoder': [8]}",4,[8],[4],[0.0648398230421513],0.6822159669285572,COMPLETE
776,-0.73829531356378,2025-01-10 16:15:16.621812,2025-01-10 16:15:17.961711,0 days 00:00:01.339899,0.15625681179817094,64,0.2,8,100,1.960153440491022e-06,8,1.1523976182585183e-05,1,1,adadelta,"{'neurons_per_layer_encoder': [8], 'neurons_per_layer_decoder': [8]}",8,[8],[8],[-0.73829531356378],0.6514361513285355,COMPLETE
777,0.18428448970346623,2025-01-10 16:15:16.785503,2025-01-10 16:15:19.177029,0 days 00:00:02.391526,0.15672474004601217,64,0.2,8,100,1.908778178147245e-06,8,1.6205168199081783e-05,1,1,adadelta,"{'neurons_per_layer_encoder': [8], 'neurons_per_layer_decoder': [8]}",8,[8],[8],[0.18428448970346623],0.4921757469415643,COMPLETE
778,-0.8351626880806418,2025-01-10 16:15:17.147325,2025-01-10 16:15:19.539555,0 days 00:00:02.392230,0.13454661013093913,64,0.2,8,100,2.2360537796005944e-06,8,1.5684144963871752e-05,1,1,adadelta,"{'neurons_per_layer_encoder': [8], 'neurons_per_layer_decoder': [8]}",8,[8],[8],[-0.8351626880806418],0.059861949182656735,COMPLETE
779,-0.11786683358090833,2025-01-10 16:15:17.328126,2025-01-10 16:15:19.585845,0 days 00:00:02.257719,0.1309716898795664,72,0.2,4,100,2.1372465569210322e-06,4,1.6153070165716288e-05,1,1,adadelta,"{'neurons_per_layer_encoder': [4], 'neurons_per_layer_decoder': [8]}",4,[8],[4],[-0.11786683358090833],0.5583919642601136,COMPLETE
780,0.5480190959620471,2025-01-10 16:15:17.970476,2025-01-10 16:15:20.644829,0 days 00:00:02.674353,0.1729653277606683,72,0.2,16,100,2.3752247407208806e-06,51,1.138820160596301e-05,1,2,adadelta,"{'neurons_per_layer_encoder': [16, 32], 'neurons_per_layer_decoder': [32]}",16,[32],"[16, 32]",[0.5480190959620471],0.8940863300795654,COMPLETE
781,-0.19928770709327992,2025-01-10 16:15:18.075423,2025-01-10 16:15:19.366039,0 days 00:00:01.290616,0.13395935020759006,72,0.2,16,100,2.327902779854586e-06,17,1.6324333651656808e-05,1,1,adadelta,"{'neurons_per_layer_encoder': [16], 'neurons_per_layer_decoder': [16]}",16,[16],[16],[-0.19928770709327992],0.6026189439364823,COMPLETE
782,-0.12088983637401207,2025-01-10 16:15:19.185995,2025-01-10 16:15:20.546840,0 days 00:00:01.360845,0.1371944261225969,72,0.2,120,100,2.3151183395282853e-06,224,1.0108074182981034e-05,1,1,adadelta,"{'neurons_per_layer_encoder': [120], 'neurons_per_layer_decoder': [120]}",120,[120],[120],[-0.12088983637401207],0.6463153998631666,COMPLETE
783,-0.04933958879037559,2025-01-10 16:15:19.374702,2025-01-10 16:15:21.080906,0 days 00:00:01.706204,0.1322621811724566,64,0.2,4,100,1.24203317111633e-06,4,1.011297369195777e-05,1,1,adadelta,"{'neurons_per_layer_encoder': [4], 'neurons_per_layer_decoder': [8]}",4,[8],[4],[-0.04933958879037559],0.6544772922568516,COMPLETE
784,0.038633199146368424,2025-01-10 16:15:19.548313,2025-01-10 16:15:22.356990,0 days 00:00:02.808677,0.17342566036170076,72,0.2,124,100,1.2116799027553947e-06,256,1.1292614877946127e-05,1,2,adadelta,"{'neurons_per_layer_encoder': [124, 248], 'neurons_per_layer_decoder': [248]}",124,[248],"[124, 248]",[0.038633199146368424],0.7424800424728422,COMPLETE
785,0.12163175862236719,2025-01-10 16:15:19.596978,2025-01-10 16:15:22.104370,0 days 00:00:02.507392,0.14450666063397885,64,0.2,120,100,1.1987473808443673e-06,144,1.074626812973411e-05,1,1,adadelta,"{'neurons_per_layer_encoder': [120], 'neurons_per_layer_decoder': [120]}",120,[120],[120],[0.12163175862236719],0.5753578348960702,COMPLETE
786,0.1729430848577136,2025-01-10 16:15:20.555893,2025-01-10 16:15:22.971551,0 days 00:00:02.415658,0.17493655738639802,64,0.2,16,100,1.2395374009990697e-06,17,1.0063433230452521e-05,1,1,adadelta,"{'neurons_per_layer_encoder': [16], 'neurons_per_layer_decoder': [16]}",16,[16],[16],[0.1729430848577136],0.7029381865896777,COMPLETE
787,-0.08206046884095608,2025-01-10 16:15:20.659379,2025-01-10 16:15:22.210649,0 days 00:00:01.551270,0.17775182761727895,72,0.2,16,100,1.2450480062097048e-06,51,1.1249760586724409e-05,1,2,adadelta,"{'neurons_per_layer_encoder': [16, 32], 'neurons_per_layer_decoder': [32]}",16,[32],"[16, 32]",[-0.08206046884095608],0.7931496834338129,COMPLETE
788,0.08687419820982734,2025-01-10 16:15:21.090758,2025-01-10 16:15:22.673323,0 days 00:00:01.582565,0.1799071536195529,72,0.2,16,100,2.1128905077664836e-06,51,1.3339429239958883e-05,1,2,adadelta,"{'neurons_per_layer_encoder': [16, 32], 'neurons_per_layer_decoder': [32]}",16,[32],"[16, 32]",[0.08687419820982734],0.8197962809669859,COMPLETE
789,-0.1109125885426061,2025-01-10 16:15:22.112710,2025-01-10 16:15:23.621361,0 days 00:00:01.508651,0.1801250217558397,72,0.2,12,100,2.3577334612480066e-06,42,1.338463396057548e-05,1,2,adadelta,"{'neurons_per_layer_encoder': [12, 24], 'neurons_per_layer_decoder': [24]}",12,[24],"[12, 24]",[-0.1109125885426061],0.7132265319404367,COMPLETE
790,-0.22242912495933864,2025-01-10 16:15:22.222361,2025-01-10 16:15:23.868631,0 days 00:00:01.646270,0.1751532461238447,72,0.2,16,100,2.4171011706831464e-06,51,1.353645001030902e-05,1,2,adadelta,"{'neurons_per_layer_encoder': [16, 32], 'neurons_per_layer_decoder': [32]}",16,[32],"[16, 32]",[-0.22242912495933864],0.6013006362615636,COMPLETE
791,0.03833976428397723,2025-01-10 16:15:22.366315,2025-01-10 16:15:23.877027,0 days 00:00:01.510712,0.175952672854523,72,0.2,16,100,1.5516033144325982e-06,51,1.2929887907705649e-05,1,2,adadelta,"{'neurons_per_layer_encoder': [16, 32], 'neurons_per_layer_decoder': [32]}",16,[32],"[16, 32]",[0.03833976428397723],0.7506435984783656,COMPLETE
792,-0.4256959513758092,2025-01-10 16:15:22.683458,2025-01-10 16:15:24.238368,0 days 00:00:01.554910,0.16820708835606862,72,0.2,16,100,1.6027137557131907e-06,51,1.3458711072288457e-05,1,2,adadelta,"{'neurons_per_layer_encoder': [16, 32], 'neurons_per_layer_decoder': [32]}",16,[32],"[16, 32]",[-0.4256959513758092],0.6001817242688388,COMPLETE
793,-0.18475867598636864,2025-01-10 16:15:22.980562,2025-01-10 16:15:24.467133,0 days 00:00:01.486571,0.1966197092938795,72,0.2,16,100,1.6414767331011055e-06,51,1.3348911947513208e-05,1,2,adadelta,"{'neurons_per_layer_encoder': [16, 32], 'neurons_per_layer_decoder': [32]}",16,[32],"[16, 32]",[-0.18475867598636864],0.6805211887499991,COMPLETE
794,-0.26208349596297364,2025-01-10 16:15:23.630649,2025-01-10 16:15:25.703474,0 days 00:00:02.072825,0.19972035419858805,80,0.2,20,100,1.5618660756435986e-06,60,1.4463894783623167e-05,1,2,adadelta,"{'neurons_per_layer_encoder': [20, 40], 'neurons_per_layer_decoder': [40]}",20,[40],"[20, 40]",[-0.26208349596297364],0.6403334487659071,COMPLETE
795,0.029452596837074685,2025-01-10 16:15:23.880014,2025-01-10 16:15:26.555527,0 days 00:00:02.675513,0.16286249425647345,72,0.2,12,100,1.5816412300919442e-06,42,1.4364321230497594e-05,1,2,adadelta,"{'neurons_per_layer_encoder': [12, 24], 'neurons_per_layer_decoder': [24]}",12,[24],"[12, 24]",[0.029452596837074685],0.7758652997195209,COMPLETE
796,-0.542861389111922,2025-01-10 16:15:23.885900,2025-01-10 16:15:25.184225,0 days 00:00:01.298325,0.1959626188188324,72,0.2,20,100,1.9532904784864654e-06,22,1.1816610149161e-05,1,1,adadelta,"{'neurons_per_layer_encoder': [20], 'neurons_per_layer_decoder': [20]}",20,[20],[20],[-0.542861389111922],0.572014690325893,COMPLETE
797,-0.1672414660372239,2025-01-10 16:15:24.247973,2025-01-10 16:15:25.927558,0 days 00:00:01.679585,0.14794584609548808,80,0.2,20,100,2.0216508645764374e-06,60,1.4817628174878351e-05,1,2,adadelta,"{'neurons_per_layer_encoder': [20, 40], 'neurons_per_layer_decoder': [40]}",20,[40],"[20, 40]",[-0.1672414660372239],0.6821002236799415,COMPLETE
798,0.008537719558328272,2025-01-10 16:15:24.475794,2025-01-10 16:15:27.522991,0 days 00:00:03.047197,0.14969501379360897,80,0.2,20,100,2.154628752760841e-06,104,1.5368133014779956e-05,1,3,adadelta,"{'neurons_per_layer_encoder': [20, 40, 80], 'neurons_per_layer_decoder': [80]}",20,[80],"[20, 40, 80]",[0.008537719558328272],0.6328272790018385,COMPLETE
799,-0.19155301979276285,2025-01-10 16:15:25.192282,2025-01-10 16:15:27.566669,0 days 00:00:02.374387,0.14730397047301627,80,0.2,12,100,2.4704378448262562e-06,42,1.6306776617420857e-05,1,2,adadelta,"{'neurons_per_layer_encoder': [12, 24], 'neurons_per_layer_decoder': [24]}",12,[24],"[12, 24]",[-0.19155301979276285],0.6778775917131775,COMPLETE
800,-0.19971791233727498,2025-01-10 16:15:25.712507,2025-01-10 16:15:28.055296,0 days 00:00:02.342789,0.14697574918382683,64,0.2,12,100,2.6335491321529396e-06,84,1.6579296326231654e-05,1,3,adadelta,"{'neurons_per_layer_encoder': [12, 24, 48], 'neurons_per_layer_decoder': [48]}",12,[48],"[12, 24, 48]",[-0.19971791233727498],0.6653774403199477,COMPLETE
801,0.1057387781521767,2025-01-10 16:15:25.937247,2025-01-10 16:15:28.589720,0 days 00:00:02.652473,0.1658258195150963,64,0.2,8,100,2.458867213024413e-06,17,1.6959366684234546e-05,1,2,adadelta,"{'neurons_per_layer_encoder': [8, 16], 'neurons_per_layer_decoder': [16]}",8,[16],"[8, 16]",[0.1057387781521767],0.7601370082795932,COMPLETE
802,-0.09599721545340523,2025-01-10 16:15:26.564859,2025-01-10 16:15:29.190450,0 days 00:00:02.625591,0.1514201450915084,64,0.2,12,100,2.7070807803474568e-06,42,1.630782560373397e-05,1,2,adadelta,"{'neurons_per_layer_encoder': [12, 24], 'neurons_per_layer_decoder': [24]}",12,[24],"[12, 24]",[-0.09599721545340523],0.7537402382085502,COMPLETE
803,-0.006492763802013801,2025-01-10 16:15:27.531760,2025-01-10 16:15:29.062649,0 days 00:00:01.530889,0.15972296487405963,64,0.2,12,100,2.56960588572008e-06,42,1.138325436989556e-05,1,2,adadelta,"{'neurons_per_layer_encoder': [12, 24], 'neurons_per_layer_decoder': [24]}",12,[24],"[12, 24]",[-0.006492763802013801],0.6656436181170098,COMPLETE
804,-0.17268587044268413,2025-01-10 16:15:27.578088,2025-01-10 16:15:29.805100,0 days 00:00:02.227012,0.15529790506420454,64,0.2,8,100,1.8525326127698485e-06,17,1.1127890414246924e-05,1,2,adadelta,"{'neurons_per_layer_encoder': [8, 16], 'neurons_per_layer_decoder': [16]}",8,[16],"[8, 16]",[-0.17268587044268413],0.6584943396051375,COMPLETE
805,-0.32579770471201397,2025-01-10 16:15:28.064467,2025-01-10 16:15:29.552154,0 days 00:00:01.487687,0.16024517322811116,64,0.2,4,100,1.749829243344362e-06,8,1.1479157974165141e-05,1,2,adadelta,"{'neurons_per_layer_encoder': [4, 8], 'neurons_per_layer_decoder': [8]}",4,[8],"[4, 8]",[-0.32579770471201397],0.4912711930321166,COMPLETE
