number,value,datetime_start,datetime_complete,duration,params_alpha,params_batch_size,params_drop_out_rate,params_encoder_neurons_layer_1,params_epochs,params_lambda,params_latent_dim,params_learning_rate,params_num_layers_decoder,params_num_layers_encoder,params_optimizer,user_attrs_encoder_decoder_config,user_attrs_first_layer_neurons,user_attrs_neurons_per_layer_decoder,user_attrs_neurons_per_layer_encoder,user_attrs_r2_feature_1,user_attrs_relative_deterioration,state
934,-0.5343099194419325,2025-01-11 00:17:16.161713,2025-01-11 00:17:17.749555,0 days 00:00:01.587842,0.14396217355313404,56,0.2,8,100,2.091268282451516e-06,17,1.5356205411176458e-05,1,2,sgd,"{'neurons_per_layer_encoder': [8, 16], 'neurons_per_layer_decoder': [16]}",8,[16],"[8, 16]",[-0.5343099194419325],0.36558895329394475,COMPLETE
935,-0.5703044608150967,2025-01-11 00:17:16.750817,2025-01-11 00:17:17.966167,0 days 00:00:01.215350,0.1450798427230203,56,0.2,40,100,2.147685766172337e-06,184,1.552042699744746e-05,1,3,sgd,"{'neurons_per_layer_encoder': [40, 80, 160], 'neurons_per_layer_decoder': [160]}",40,[160],"[40, 80, 160]",[-0.5703044608150967],0.48883085033922624,COMPLETE
936,-0.16193356893052346,2025-01-11 00:17:17.301096,2025-01-11 00:17:19.234316,0 days 00:00:01.933220,0.14491761235005077,48,0.2,16,100,2.9122902472147973e-06,51,1.5499921639009663e-05,1,2,sgd,"{'neurons_per_layer_encoder': [16, 32], 'neurons_per_layer_decoder': [32]}",16,[32],"[16, 32]",[-0.16193356893052346],0.7590666236646912,COMPLETE
937,-0.2672838465895824,2025-01-11 00:17:17.577709,2025-01-11 00:17:18.615018,0 days 00:00:01.037309,0.1481503411248666,48,0.2,40,100,2.157922956991575e-06,104,1.6144640562894983e-05,1,2,sgd,"{'neurons_per_layer_encoder': [40, 80], 'neurons_per_layer_decoder': [80]}",40,[80],"[40, 80]",[-0.2672838465895824],0.6317031241322758,COMPLETE
938,-0.3699945585705482,2025-01-11 00:17:17.759399,2025-01-11 00:17:18.831352,0 days 00:00:01.071953,0.17720777788335926,48,0.2,104,100,2.200017072230885e-06,280,1.5422530825248814e-05,1,2,sgd,"{'neurons_per_layer_encoder': [104, 208], 'neurons_per_layer_decoder': [208]}",104,[208],"[104, 208]",[-0.3699945585705482],0.6612857217467932,COMPLETE
939,0.08835780779953795,2025-01-11 00:17:17.975565,2025-01-11 00:17:20.130085,0 days 00:00:02.154520,0.17914954629973837,48,0.2,12,100,2.507541424478212e-06,42,1.0061044842756821e-05,1,2,sgd,"{'neurons_per_layer_encoder': [12, 24], 'neurons_per_layer_decoder': [24]}",12,[24],"[12, 24]",[0.08835780779953795],0.7424470224620056,COMPLETE
940,-0.2936308273741586,2025-01-11 00:17:18.322318,2025-01-11 00:17:19.348698,0 days 00:00:01.026380,0.13109365606013548,48,0.2,16,100,3.0432110666997657e-06,51,1.4176236233711078e-05,1,2,sgd,"{'neurons_per_layer_encoder': [16, 32], 'neurons_per_layer_decoder': [32]}",16,[32],"[16, 32]",[-0.2936308273741586],0.5613851273661624,COMPLETE
941,0.22916387157455653,2025-01-11 00:17:18.623800,2025-01-11 00:17:20.673539,0 days 00:00:02.049739,0.17893146979586688,128,0.2,16,100,3.8061111375379946e-06,51,0.000722041355774659,1,2,sgd,"{'neurons_per_layer_encoder': [16, 32], 'neurons_per_layer_decoder': [32]}",16,[32],"[16, 32]",[0.22916387157455653],0.8267630859801062,COMPLETE
942,0.00018826403438765293,2025-01-11 00:17:18.840939,2025-01-11 00:17:20.569723,0 days 00:00:01.728784,0.13413097750229436,48,0.2,16,100,3.3471979900884184e-06,51,1.3525187614769337e-05,1,2,sgd,"{'neurons_per_layer_encoder': [16, 32], 'neurons_per_layer_decoder': [32]}",16,[32],"[16, 32]",[0.00018826403438765293],0.6928437386335291,COMPLETE
943,-0.25396784860272503,2025-01-11 00:17:19.244605,2025-01-11 00:17:20.400413,0 days 00:00:01.155808,0.12931979442701266,48,0.2,16,100,2.8498999534855796e-06,51,1.339821740435267e-05,1,2,sgd,"{'neurons_per_layer_encoder': [16, 32], 'neurons_per_layer_decoder': [32]}",16,[32],"[16, 32]",[-0.25396784860272503],0.5883522755632016,COMPLETE
944,-0.14278167431291622,2025-01-11 00:17:19.357564,2025-01-11 00:17:20.457396,0 days 00:00:01.099832,0.17406486581644148,56,0.2,12,100,3.512368050207917e-06,42,1.1157210661716907e-05,1,2,sgd,"{'neurons_per_layer_encoder': [12, 24], 'neurons_per_layer_decoder': [24]}",12,[24],"[12, 24]",[-0.14278167431291622],0.3386214488735689,COMPLETE
945,-0.4360979533082381,2025-01-11 00:17:20.140828,2025-01-11 00:17:21.194887,0 days 00:00:01.054059,0.13573844653109912,56,0.2,16,100,3.753926989703559e-06,51,1.342350064814911e-05,1,2,sgd,"{'neurons_per_layer_encoder': [16, 32], 'neurons_per_layer_decoder': [32]}",16,[32],"[16, 32]",[-0.4360979533082381],0.404904565906018,COMPLETE
946,-0.06287295046529917,2025-01-11 00:17:20.409453,2025-01-11 00:17:21.700274,0 days 00:00:01.290821,0.03349590373247186,56,0.2,20,100,4.052219477038781e-06,60,0.007283648482378249,1,2,sgd,"{'neurons_per_layer_encoder': [20, 40], 'neurons_per_layer_decoder': [40]}",20,[40],"[20, 40]",[-0.06287295046529917],0.6113879971302354,COMPLETE
947,-0.15851496768553952,2025-01-11 00:17:20.469882,2025-01-11 00:17:21.828209,0 days 00:00:01.358327,0.15439353401602424,80,0.2,20,100,1.818311333501172e-06,60,0.007513728874537982,1,2,sgd,"{'neurons_per_layer_encoder': [20, 40], 'neurons_per_layer_decoder': [40]}",20,[40],"[20, 40]",[-0.15851496768553952],0.43005101273390434,COMPLETE
948,-0.33277433310770066,2025-01-11 00:17:20.582742,2025-01-11 00:17:21.809042,0 days 00:00:01.226300,0.15137597630891172,56,0.2,20,100,1.7942524366144978e-06,60,1.0020646913636657e-05,1,2,sgd,"{'neurons_per_layer_encoder': [20, 40], 'neurons_per_layer_decoder': [40]}",20,[40],"[20, 40]",[-0.33277433310770066],0.5568810923861794,COMPLETE
949,-0.018842590993429775,2025-01-11 00:17:20.687802,2025-01-11 00:17:21.867960,0 days 00:00:01.180158,0.15423689683029335,56,0.2,4,100,1.8245622145452207e-06,8,0.007596073470311572,1,2,sgd,"{'neurons_per_layer_encoder': [4, 8], 'neurons_per_layer_decoder': [8]}",4,[8],"[4, 8]",[-0.018842590993429775],0.5567225026117771,COMPLETE
950,-0.18744063191673166,2025-01-11 00:17:21.203879,2025-01-11 00:17:22.540223,0 days 00:00:01.336344,0.15484644744258044,56,0.1,4,100,1.7561573125655524e-06,8,1.9275323132545248e-05,1,2,sgd,"{'neurons_per_layer_encoder': [4, 8], 'neurons_per_layer_decoder': [8]}",4,[8],"[4, 8]",[-0.18744063191673166],0.7186073860367406,COMPLETE
951,-0.2637298555819123,2025-01-11 00:17:21.709163,2025-01-11 00:17:22.768888,0 days 00:00:01.059725,0.15255801312096495,56,0.2,112,100,1.6441887332760124e-06,296,1.925385534410838e-05,1,2,sgd,"{'neurons_per_layer_encoder': [112, 224], 'neurons_per_layer_decoder': [224]}",112,[224],"[112, 224]",[-0.2637298555819123],0.560523480351333,COMPLETE
952,0.149718462360526,2025-01-11 00:17:21.821833,2025-01-11 00:17:22.970366,0 days 00:00:01.148533,0.15339074820779863,40,0.2,44,100,1.6868239493447088e-06,112,1.1241040801293724e-05,1,2,sgd,"{'neurons_per_layer_encoder': [44, 88], 'neurons_per_layer_decoder': [88]}",44,[88],"[44, 88]",[0.149718462360526],0.7981741464138532,COMPLETE
953,-0.3677629375434315,2025-01-11 00:17:21.838312,2025-01-11 00:17:22.896958,0 days 00:00:01.058646,0.14005011083704189,40,0.2,112,100,1.7405274723792832e-06,264,1.9684455020931124e-05,1,2,sgd,"{'neurons_per_layer_encoder': [112, 224], 'neurons_per_layer_decoder': [224]}",112,[224],"[112, 224]",[-0.3677629375434315],0.6395950612322032,COMPLETE
954,-0.18790285544802998,2025-01-11 00:17:21.878003,2025-01-11 00:17:22.900389,0 days 00:00:01.022386,0.1379022651494272,40,0.1,36,100,2.5112402574853346e-06,143,1.953881285667358e-05,1,2,sgd,"{'neurons_per_layer_encoder': [36, 72], 'neurons_per_layer_decoder': [72]}",36,[72],"[36, 72]",[-0.18790285544802998],0.6634224700361776,COMPLETE
955,0.10953412717454603,2025-01-11 00:17:22.549852,2025-01-11 00:17:24.735264,0 days 00:00:02.185412,0.12752012597557824,48,0.2,32,100,6.0671776407497405e-06,102,1.162132820084378e-05,1,2,sgd,"{'neurons_per_layer_encoder': [32, 64], 'neurons_per_layer_decoder': [64]}",32,[64],"[32, 64]",[0.10953412717454603],0.7085295786655015,COMPLETE
956,-0.4716841741379698,2025-01-11 00:17:22.777477,2025-01-11 00:17:24.043040,0 days 00:00:01.265563,0.1229871197399594,48,0.2,32,100,2.007337293785995e-06,102,1.1637382541823744e-05,1,2,sgd,"{'neurons_per_layer_encoder': [32, 64], 'neurons_per_layer_decoder': [64]}",32,[64],"[32, 64]",[-0.4716841741379698],0.5371166846447952,COMPLETE
957,-0.23350541751274023,2025-01-11 00:17:22.909037,2025-01-11 00:17:24.128606,0 days 00:00:01.219569,0.011838808799207328,48,0.2,32,100,2.240840574714369e-06,134,1.1575766605579162e-05,1,2,sgd,"{'neurons_per_layer_encoder': [32, 64], 'neurons_per_layer_decoder': [64]}",32,[64],"[32, 64]",[-0.23350541751274023],0.6377314292636312,COMPLETE
958,-0.08101290741257583,2025-01-11 00:17:22.909175,2025-01-11 00:17:23.948530,0 days 00:00:01.039355,0.12523471817866358,48,0.2,32,100,2.0246891113026007e-06,134,1.1811474729596292e-05,1,2,sgd,"{'neurons_per_layer_encoder': [32, 64], 'neurons_per_layer_decoder': [64]}",32,[64],"[32, 64]",[-0.08101290741257583],0.760404039250801,COMPLETE
959,-0.11561632364458552,2025-01-11 00:17:22.984181,2025-01-11 00:17:24.128858,0 days 00:00:01.144677,0.12477564628387447,48,0.2,32,100,2.036013681455054e-06,152,1.1357158834062998e-05,1,3,sgd,"{'neurons_per_layer_encoder': [32, 64, 128], 'neurons_per_layer_decoder': [128]}",32,[128],"[32, 64, 128]",[-0.11561632364458552],0.6784133589634028,COMPLETE
960,-0.11451563012419386,2025-01-11 00:17:23.957734,2025-01-11 00:17:25.308386,0 days 00:00:01.350652,0.11016099132627422,48,0.2,8,100,3.022863151284367e-06,51,1.3381156205819358e-05,1,3,sgd,"{'neurons_per_layer_encoder': [8, 16, 32], 'neurons_per_layer_decoder': [32]}",8,[32],"[8, 16, 32]",[-0.11451563012419386],0.6346748944568394,COMPLETE
961,-0.13474195978125714,2025-01-11 00:17:24.051999,2025-01-11 00:17:25.596478,0 days 00:00:01.544479,0.02784591779728428,48,0.2,8,100,2.7655903650996716e-06,51,1.3365685898925613e-05,1,3,sgd,"{'neurons_per_layer_encoder': [8, 16, 32], 'neurons_per_layer_decoder': [32]}",8,[32],"[8, 16, 32]",[-0.13474195978125714],0.6792794786272216,COMPLETE
962,0.11210497845434808,2025-01-11 00:17:24.139032,2025-01-11 00:17:26.285433,0 days 00:00:02.146401,0.10996805490602647,56,0.2,8,100,1.5119136767193187e-06,17,1.363183233679801e-05,1,2,sgd,"{'neurons_per_layer_encoder': [8, 16], 'neurons_per_layer_decoder': [16]}",8,[16],"[8, 16]",[0.11210497845434808],0.7525663148971462,COMPLETE
963,-0.4832755287029198,2025-01-11 00:17:24.139291,2025-01-11 00:17:25.167302,0 days 00:00:01.028011,0.16570531491559318,56,0.2,8,100,3.1928043792507354e-06,17,1.4397891393429742e-05,1,2,sgd,"{'neurons_per_layer_encoder': [8, 16], 'neurons_per_layer_decoder': [16]}",8,[16],"[8, 16]",[-0.4832755287029198],0.6595181056858844,COMPLETE
964,-0.002511139905670312,2025-01-11 00:17:24.745257,2025-01-11 00:17:26.943459,0 days 00:00:02.198202,0.1653303445869178,56,0.2,8,100,3.1217094806578763e-06,17,1.538083633911346e-05,4,2,sgd,"{'neurons_per_layer_encoder': [8, 16], 'neurons_per_layer_decoder': [16, 8, 8, 8]}",8,"[16, 8, 8, 8]","[8, 16]",[-0.002511139905670312],0.6286657610667026,COMPLETE
965,-0.15930399137894313,2025-01-11 00:17:25.176184,2025-01-11 00:17:26.278594,0 days 00:00:01.102410,0.11376373106035241,56,0.2,12,100,2.558890699944994e-06,84,1.343738636017704e-05,1,3,sgd,"{'neurons_per_layer_encoder': [12, 24, 48], 'neurons_per_layer_decoder': [48]}",12,[48],"[12, 24, 48]",[-0.15930399137894313],0.7143383806925009,COMPLETE
966,-0.4426869787453358,2025-01-11 00:17:25.317295,2025-01-11 00:17:26.502242,0 days 00:00:01.184947,0.11395583906769007,56,0.2,12,100,1.4502675914241066e-06,13,0.0005965872532802716,4,1,sgd,"{'neurons_per_layer_encoder': [12], 'neurons_per_layer_decoder': [12, 8, 8, 8]}",12,"[12, 8, 8, 8]",[12],[-0.4426869787453358],0.5634146453883765,COMPLETE
967,-0.4364258022366403,2025-01-11 00:17:25.605510,2025-01-11 00:17:26.935652,0 days 00:00:01.330142,0.11333518567899174,56,0.2,44,100,1.438307126913062e-06,80,1.6935240652589127e-05,4,1,sgd,"{'neurons_per_layer_encoder': [44], 'neurons_per_layer_decoder': [44, 22, 11, 8]}",44,"[44, 22, 11, 8]",[44],[-0.4364258022366403],0.584161962889391,COMPLETE
968,0.5580089210016206,2025-01-11 00:17:26.290769,2025-01-11 00:17:28.359029,0 days 00:00:02.068260,0.14181379972333086,56,0.2,40,100,1.5548207969237398e-06,60,1.7486391270533526e-05,1,1,sgd,"{'neurons_per_layer_encoder': [40], 'neurons_per_layer_decoder': [40]}",40,[40],[40],[0.5580089210016206],0.8457597033949038,COMPLETE
969,-0.4137355292095948,2025-01-11 00:17:26.295917,2025-01-11 00:17:27.222966,0 days 00:00:00.927049,0.1429355802337482,56,0.2,24,100,9.240370736367556e-06,42,1.6570238326709048e-05,1,1,sgd,"{'neurons_per_layer_encoder': [24], 'neurons_per_layer_decoder': [24]}",24,[24],[24],[-0.4137355292095948],0.6616092393612761,COMPLETE
970,-0.06382340928176289,2025-01-11 00:17:26.510320,2025-01-11 00:17:28.527236,0 days 00:00:02.016916,0.13964644990807829,80,0.2,92,100,4.589996691603715e-06,116,0.001862267042162068,1,1,sgd,"{'neurons_per_layer_encoder': [92], 'neurons_per_layer_decoder': [92]}",92,[92],[92],[-0.06382340928176289],0.6716984517331661,COMPLETE
971,0.23497462293184512,2025-01-11 00:17:26.947076,2025-01-11 00:17:28.953122,0 days 00:00:02.006046,0.1437483648615048,80,0.2,24,100,4.449788906406609e-06,42,0.0018408831109541766,1,1,sgd,"{'neurons_per_layer_encoder': [24], 'neurons_per_layer_decoder': [24]}",24,[24],[24],[0.23497462293184512],0.6671429620226224,COMPLETE
972,0.12190752799360982,2025-01-11 00:17:26.955587,2025-01-11 00:17:29.005260,0 days 00:00:02.049673,0.14291277945319214,80,0.2,24,100,2.351636637650779e-06,42,1.6631995763986485e-05,1,1,sgd,"{'neurons_per_layer_encoder': [24], 'neurons_per_layer_decoder': [24]}",24,[24],[24],[0.12190752799360982],0.7667187509879088,COMPLETE
973,-0.2696869013992824,2025-01-11 00:17:27.231541,2025-01-11 00:17:28.888851,0 days 00:00:01.657310,0.0918103443303652,72,0.2,20,100,4.808910967593177e-06,22,0.0011758845043476373,1,1,sgd,"{'neurons_per_layer_encoder': [20], 'neurons_per_layer_decoder': [20]}",20,[20],[20],[-0.2696869013992824],0.6337680411484171,COMPLETE
974,-0.02857026740677515,2025-01-11 00:17:28.369123,2025-01-11 00:17:29.314757,0 days 00:00:00.945634,0.1327166665721537,56,0.2,44,100,4.597395176803882e-06,80,1.9850682932176594e-05,1,1,sgd,"{'neurons_per_layer_encoder': [44], 'neurons_per_layer_decoder': [44]}",44,[44],[44],[-0.02857026740677515],0.7210251569695422,COMPLETE
975,0.06032133214747604,2025-01-11 00:17:28.537923,2025-01-11 00:17:30.724904,0 days 00:00:02.186981,0.08160861645718309,56,0.2,40,100,1.5823863415727552e-06,60,1.7645473753738562e-05,1,1,sgd,"{'neurons_per_layer_encoder': [40], 'neurons_per_layer_decoder': [40]}",40,[40],[40],[0.06032133214747604],0.7821722529753239,COMPLETE
976,-0.1353714314052119,2025-01-11 00:17:28.897870,2025-01-11 00:17:29.957440,0 days 00:00:01.059570,0.13320025973613006,56,0.2,36,100,1.3533173399520044e-06,71,1.7704830834124425e-05,1,1,sgd,"{'neurons_per_layer_encoder': [36], 'neurons_per_layer_decoder': [36]}",36,[36],[36],[-0.1353714314052119],0.5426422588823032,COMPLETE
977,-0.5193503221571172,2025-01-11 00:17:28.964403,2025-01-11 00:17:30.029483,0 days 00:00:01.065080,0.13691745110854234,56,0.2,44,100,1.4574590430368851e-06,80,1.7769181409189403e-05,1,1,sgd,"{'neurons_per_layer_encoder': [44], 'neurons_per_layer_decoder': [44]}",44,[44],[44],[-0.5193503221571172],0.48063244922227477,COMPLETE
978,-0.6015693945960254,2025-01-11 00:17:29.015789,2025-01-11 00:17:30.092693,0 days 00:00:01.076904,0.13270601595159168,56,0.1,44,100,1.4275098526769164e-06,80,1.981330396440578e-05,1,1,sgd,"{'neurons_per_layer_encoder': [44], 'neurons_per_layer_decoder': [44]}",44,[44],[44],[-0.6015693945960254],0.6702921304496947,COMPLETE
979,-0.31504438747967844,2025-01-11 00:17:29.323162,2025-01-11 00:17:30.813939,0 days 00:00:01.490777,0.13452904888506872,56,0.2,40,100,1.3698758969479658e-06,60,1.822844868428818e-05,1,1,sgd,"{'neurons_per_layer_encoder': [40], 'neurons_per_layer_decoder': [40]}",40,[40],[40],[-0.31504438747967844],0.5424322269249175,COMPLETE
980,-0.07169909169132604,2025-01-11 00:17:29.967140,2025-01-11 00:17:31.514794,0 days 00:00:01.547654,0.12686729876971076,56,0.2,40,100,1.6165299722625889e-06,60,1.8552399951686236e-05,1,1,sgd,"{'neurons_per_layer_encoder': [40], 'neurons_per_layer_decoder': [40]}",40,[40],[40],[-0.07169909169132604],0.6957084132025988,COMPLETE
981,-0.1872719905992961,2025-01-11 00:17:30.047556,2025-01-11 00:17:31.134568,0 days 00:00:01.087012,0.0806165684973458,56,0.1,40,100,1.5699361715608788e-06,104,2.1166777493280844e-05,1,2,sgd,"{'neurons_per_layer_encoder': [40, 80], 'neurons_per_layer_decoder': [80]}",40,[80],"[40, 80]",[-0.1872719905992961],0.6865727044012012,COMPLETE
982,0.002892788588959583,2025-01-11 00:17:30.102684,2025-01-11 00:17:31.190087,0 days 00:00:01.087403,0.16755175600764202,56,0.2,40,100,1.6467500789695154e-06,152,1.728760300059372e-05,1,2,sgd,"{'neurons_per_layer_encoder': [40, 80], 'neurons_per_layer_decoder': [80]}",40,[80],"[40, 80]",[0.002892788588959583],0.7792739708188196,COMPLETE
983,-0.058247961133681025,2025-01-11 00:17:30.735213,2025-01-11 00:17:32.053650,0 days 00:00:01.318437,0.17004193610417587,56,0.2,40,100,3.503436010737677e-06,104,1.5364573348288796e-05,1,2,sgd,"{'neurons_per_layer_encoder': [40, 80], 'neurons_per_layer_decoder': [80]}",40,[80],"[40, 80]",[-0.058247961133681025],0.6942849980549355,COMPLETE
984,-0.30935813625150366,2025-01-11 00:17:30.823116,2025-01-11 00:17:31.852346,0 days 00:00:01.029230,0.12146643208715979,56,0.2,48,100,1.5844780992424042e-06,120,1.492263044838647e-05,1,2,sgd,"{'neurons_per_layer_encoder': [48, 96], 'neurons_per_layer_decoder': [96]}",48,[96],"[48, 96]",[-0.30935813625150366],0.629259919439626,COMPLETE
985,-0.33532965068305565,2025-01-11 00:17:31.143893,2025-01-11 00:17:32.599609,0 days 00:00:01.455716,0.12065971226016492,48,0.2,48,100,3.6912523946814897e-06,68,0.008652248794404745,1,1,sgd,"{'neurons_per_layer_encoder': [48], 'neurons_per_layer_decoder': [48]}",48,[48],[48],[-0.33532965068305565],0.462833633179279,COMPLETE
986,-0.013445493577174172,2025-01-11 00:17:31.200122,2025-01-11 00:17:33.401161,0 days 00:00:02.201039,0.12652188213337817,48,0.2,36,100,3.851944636309334e-06,71,0.00642676772281109,1,1,sgd,"{'neurons_per_layer_encoder': [36], 'neurons_per_layer_decoder': [36]}",36,[36],[36],[-0.013445493577174172],0.5040749719751407,COMPLETE
987,-0.35557508497960266,2025-01-11 00:17:31.524216,2025-01-11 00:17:32.884390,0 days 00:00:01.360174,0.16024450027143783,48,0.2,48,100,1.0136062882695867e-06,68,0.008725731421856257,1,1,sgd,"{'neurons_per_layer_encoder': [48], 'neurons_per_layer_decoder': [48]}",48,[48],[48],[-0.35557508497960266],0.511866167059771,COMPLETE
988,-0.35548205132943544,2025-01-11 00:17:31.862692,2025-01-11 00:17:33.387144,0 days 00:00:01.524452,0.03819717777355325,48,0.2,36,100,1.9797976504250024e-06,71,0.0062493968263776,1,1,sgd,"{'neurons_per_layer_encoder': [36], 'neurons_per_layer_decoder': [36]}",36,[36],[36],[-0.35548205132943544],0.30302047278604494,COMPLETE
989,-0.050944005995295694,2025-01-11 00:17:32.063132,2025-01-11 00:17:34.140583,0 days 00:00:02.077451,0.14788307466854297,48,0.2,36,100,1.0083340655981547e-06,71,0.006614968864975985,1,1,sgd,"{'neurons_per_layer_encoder': [36], 'neurons_per_layer_decoder': [36]}",36,[36],[36],[-0.050944005995295694],0.44584782075546286,COMPLETE
990,0.2177025275144303,2025-01-11 00:17:32.609645,2025-01-11 00:17:33.534564,0 days 00:00:00.924919,0.15846878635681527,48,0.2,28,100,2.0504470036558926e-06,46,0.006524439400285799,1,1,sgd,"{'neurons_per_layer_encoder': [28], 'neurons_per_layer_decoder': [28]}",28,[28],[28],[0.2177025275144303],0.7408539112093392,COMPLETE
991,0.02577391191005629,2025-01-11 00:17:32.892753,2025-01-11 00:17:34.947015,0 days 00:00:02.054262,0.14985175803942608,48,0.2,36,100,1.960544293360616e-06,71,0.006170897838998555,1,1,sgd,"{'neurons_per_layer_encoder': [36], 'neurons_per_layer_decoder': [36]}",36,[36],[36],[0.02577391191005629],0.3067369095401811,COMPLETE
992,0.14125248312782834,2025-01-11 00:17:33.395579,2025-01-11 00:17:34.363246,0 days 00:00:00.967667,0.10496343117958176,40,0.2,28,100,2.688887731517213e-06,46,1.439128700341085e-05,1,1,sgd,"{'neurons_per_layer_encoder': [28], 'neurons_per_layer_decoder': [28]}",28,[28],[28],[0.14125248312782834],0.7784942189900155,COMPLETE
993,-0.34867942129641394,2025-01-11 00:17:33.411268,2025-01-11 00:17:35.196472,0 days 00:00:01.785204,0.14729985020805864,40,0.2,28,100,2.6522911112466815e-06,46,1.0106006926868336e-05,1,1,sgd,"{'neurons_per_layer_encoder': [28], 'neurons_per_layer_decoder': [28]}",28,[28],[28],[-0.34867942129641394],0.6599341745384079,COMPLETE
994,-0.097553323817273,2025-01-11 00:17:33.543494,2025-01-11 00:17:34.484239,0 days 00:00:00.940745,0.1426216477823063,40,0.2,132,100,2.5027270970380006e-06,156,1.4972237674515004e-05,1,1,sgd,"{'neurons_per_layer_encoder': [132], 'neurons_per_layer_decoder': [132]}",132,[132],[132],[-0.097553323817273],0.7823706725564317,COMPLETE
995,-0.5739226789757368,2025-01-11 00:17:34.150563,2025-01-11 00:17:35.949411,0 days 00:00:01.798848,0.10705257829309102,40,0.2,28,100,2.6366752183440137e-06,46,1.4939059105294454e-05,1,1,sgd,"{'neurons_per_layer_encoder': [28], 'neurons_per_layer_decoder': [28]}",28,[28],[28],[-0.5739226789757368],0.6415245951012554,COMPLETE
996,0.05001510377005569,2025-01-11 00:17:34.371416,2025-01-11 00:17:35.307268,0 days 00:00:00.935852,0.13802708940719993,40,0.2,28,100,0.0006943983935383318,46,1.0107552578214089e-05,1,1,sgd,"{'neurons_per_layer_encoder': [28], 'neurons_per_layer_decoder': [28]}",28,[28],[28],[0.05001510377005569],0.785846455460105,COMPLETE
997,0.118431059287464,2025-01-11 00:17:34.492608,2025-01-11 00:17:36.538757,0 days 00:00:02.046149,0.151458058684296,56,0.2,36,100,0.0007061171776733932,71,1.2875626179772521e-05,1,1,sgd,"{'neurons_per_layer_encoder': [36], 'neurons_per_layer_decoder': [36]}",36,[36],[36],[0.118431059287464],0.8340973360391489,COMPLETE
