number,value,datetime_start,datetime_complete,duration,params_alpha,params_batch_size,params_drop_out_rate,params_encoder_neurons_layer_1,params_epochs,params_lambda,params_latent_dim,params_learning_rate,params_num_layers_decoder,params_num_layers_encoder,params_optimizer,user_attrs_encoder_decoder_config,user_attrs_first_layer_neurons,user_attrs_neurons_per_layer_decoder,user_attrs_neurons_per_layer_encoder,user_attrs_r2_feature_1,user_attrs_relative_deterioration,state
806,0.08469040894169833,2025-01-10 16:15:28.599587,2025-01-10 16:15:30.930641,0 days 00:00:02.331054,0.16019125692712982,64,0.2,24,100,1.4725786396780107e-06,84,1.1327207515270648e-05,1,2,adadelta,"{'neurons_per_layer_encoder': [24, 48], 'neurons_per_layer_decoder': [48]}",24,[48],"[24, 48]",[0.08469040894169833],0.7583932003714668,COMPLETE
807,-0.06765327112174813,2025-01-10 16:15:29.070980,2025-01-10 16:15:30.426242,0 days 00:00:01.355262,0.14085375215072318,64,0.2,4,100,1.8893007345188744e-06,4,1.1708495459213462e-05,1,1,adadelta,"{'neurons_per_layer_encoder': [4], 'neurons_per_layer_decoder': [8]}",4,[8],[4],[-0.06765327112174813],0.6295620472215321,COMPLETE
808,-0.20655215542965388,2025-01-10 16:15:29.198876,2025-01-10 16:15:30.829111,0 days 00:00:01.630235,0.13602300842721932,64,0.2,4,100,1.7979796726642787e-06,4,1.164956178480054e-05,1,1,adadelta,"{'neurons_per_layer_encoder': [4], 'neurons_per_layer_decoder': [8]}",4,[8],[4],[-0.20655215542965388],0.5838361890145467,COMPLETE
809,0.03460047876637873,2025-01-10 16:15:29.560369,2025-01-10 16:15:31.142700,0 days 00:00:01.582331,0.14165690305498707,64,0.2,24,100,1.411558573998111e-06,84,1.1683081248954343e-05,1,2,adadelta,"{'neurons_per_layer_encoder': [24, 48], 'neurons_per_layer_decoder': [48]}",24,[48],"[24, 48]",[0.03460047876637873],0.7125702725575461,COMPLETE
810,-0.27169913623322817,2025-01-10 16:15:29.814248,2025-01-10 16:15:31.395077,0 days 00:00:01.580829,0.14011472417706367,64,0.2,24,100,2.16823097940956e-06,84,1.2408088475076488e-05,1,2,adadelta,"{'neurons_per_layer_encoder': [24, 48], 'neurons_per_layer_decoder': [48]}",24,[48],"[24, 48]",[-0.27169913623322817],0.6748307748776496,COMPLETE
811,-0.2956025438922658,2025-01-10 16:15:30.436207,2025-01-10 16:15:31.969770,0 days 00:00:01.533563,0.14035758326823045,64,0.2,24,100,2.215953679439008e-06,84,1.0081938927966928e-05,1,2,adadelta,"{'neurons_per_layer_encoder': [24, 48], 'neurons_per_layer_decoder': [48]}",24,[48],"[24, 48]",[-0.2956025438922658],0.6125554635307691,COMPLETE
812,-0.33353028089732906,2025-01-10 16:15:30.839421,2025-01-10 16:15:32.348793,0 days 00:00:01.509372,0.1315853910214878,64,0.2,24,100,1.419489531652682e-06,84,1.2843502286994209e-05,1,2,adadelta,"{'neurons_per_layer_encoder': [24, 48], 'neurons_per_layer_decoder': [48]}",24,[48],"[24, 48]",[-0.33353028089732906],0.5916646099822243,COMPLETE
813,-0.9102582623715725,2025-01-10 16:15:30.941590,2025-01-10 16:15:33.214705,0 days 00:00:02.273115,0.13274261764404155,72,0.2,32,100,1.3652590627493305e-06,51,1.2912377609531903e-05,1,1,adadelta,"{'neurons_per_layer_encoder': [32], 'neurons_per_layer_decoder': [32]}",32,[32],[32],[-0.9102582623715725],0.5851496795621508,COMPLETE
814,-0.13904549958587742,2025-01-10 16:15:31.151750,2025-01-10 16:15:33.560650,0 days 00:00:02.408900,0.13629881298113591,72,0.2,104,100,1.0651849079774923e-06,128,1.3405233530824598e-05,1,1,adadelta,"{'neurons_per_layer_encoder': [104], 'neurons_per_layer_decoder': [104]}",104,[104],[104],[-0.13904549958587742],0.6456183960582345,COMPLETE
815,0.2552870940127032,2025-01-10 16:15:31.403526,2025-01-10 16:15:33.789684,0 days 00:00:02.386158,0.12846353265619653,72,0.2,32,100,1.0872764959700072e-06,51,1.3242570620665773e-05,1,1,adadelta,"{'neurons_per_layer_encoder': [32], 'neurons_per_layer_decoder': [32]}",32,[32],[32],[0.2552870940127032],0.7634078312860686,COMPLETE
816,-0.11314031417438275,2025-01-10 16:15:31.978017,2025-01-10 16:15:33.290445,0 days 00:00:01.312428,0.13298793546775153,72,0.2,32,100,1.0829319575685124e-06,51,1.3532703474513529e-05,1,1,adadelta,"{'neurons_per_layer_encoder': [32], 'neurons_per_layer_decoder': [32]}",32,[32],[32],[-0.11314031417438275],0.763004697795173,COMPLETE
817,-0.08481192599218113,2025-01-10 16:15:32.357568,2025-01-10 16:15:34.036779,0 days 00:00:01.679211,0.16933744837890077,72,0.2,32,100,1.0415778794028332e-06,51,1.5055193937933581e-05,1,1,adadelta,"{'neurons_per_layer_encoder': [32], 'neurons_per_layer_decoder': [32]}",32,[32],[32],[-0.08481192599218113],0.5831800528938217,COMPLETE
818,0.03850023467695962,2025-01-10 16:15:33.224474,2025-01-10 16:15:35.351148,0 days 00:00:02.126674,0.16777049245673403,72,0.2,28,100,3.0079861703829663e-06,46,1.4563337865234346e-05,1,1,adadelta,"{'neurons_per_layer_encoder': [28], 'neurons_per_layer_decoder': [28]}",28,[28],[28],[0.03850023467695962],0.7280676891379353,COMPLETE
819,0.0316656819275174,2025-01-10 16:15:33.302645,2025-01-10 16:15:35.697500,0 days 00:00:02.394855,0.16778415714821543,64,0.2,20,100,2.143294673378416e-06,22,1.4901067815468224e-05,1,1,adadelta,"{'neurons_per_layer_encoder': [20], 'neurons_per_layer_decoder': [20]}",20,[20],[20],[0.0316656819275174],0.6802865682322854,COMPLETE
820,0.06946972254550376,2025-01-10 16:15:33.570497,2025-01-10 16:15:35.014810,0 days 00:00:01.444313,0.16926106626870205,64,0.2,32,100,2.8864599559103257e-06,51,1.0225752383996672e-05,1,1,adadelta,"{'neurons_per_layer_encoder': [32], 'neurons_per_layer_decoder': [32]}",32,[32],[32],[0.06946972254550376],0.6880748589024929,COMPLETE
821,-0.12420852136939087,2025-01-10 16:15:33.798019,2025-01-10 16:15:35.856790,0 days 00:00:02.058771,0.15338916229274563,64,0.2,20,100,2.8717839542255397e-06,22,1.011746150430691e-05,1,1,adadelta,"{'neurons_per_layer_encoder': [20], 'neurons_per_layer_decoder': [20]}",20,[20],[20],[-0.12420852136939087],0.732642667896276,COMPLETE
822,-0.9014701296336105,2025-01-10 16:15:34.046258,2025-01-10 16:15:36.431252,0 days 00:00:02.384994,0.15310341789774942,64,0.2,20,100,2.8531724398779993e-06,22,1.7612397655521203e-05,1,1,adadelta,"{'neurons_per_layer_encoder': [20], 'neurons_per_layer_decoder': [20]}",20,[20],[20],[-0.9014701296336105],0.4366904189735907,COMPLETE
823,-0.7462045123234868,2025-01-10 16:15:35.024222,2025-01-10 16:15:36.314718,0 days 00:00:01.290496,0.15259687035453506,64,0.2,20,100,2.0029628344185742e-06,22,1.5061694545756403e-05,1,1,adadelta,"{'neurons_per_layer_encoder': [20], 'neurons_per_layer_decoder': [20]}",20,[20],[20],[-0.7462045123234868],0.7673991953260456,COMPLETE
824,-0.17926960743508547,2025-01-10 16:15:35.360722,2025-01-10 16:15:36.662954,0 days 00:00:01.302232,0.15491417587912637,64,0.2,20,100,1.6770604852774835e-06,22,1.0050690792024418e-05,1,1,adadelta,"{'neurons_per_layer_encoder': [20], 'neurons_per_layer_decoder': [20]}",20,[20],[20],[-0.17926960743508547],0.6597873105226058,COMPLETE
825,-0.3579339435423883,2025-01-10 16:15:35.707021,2025-01-10 16:15:38.126146,0 days 00:00:02.419125,0.15484601534024384,64,0.2,16,100,1.91920981756482e-06,17,1.1259580977937393e-05,1,1,adadelta,"{'neurons_per_layer_encoder': [16], 'neurons_per_layer_decoder': [16]}",16,[16],[16],[-0.3579339435423883],0.5738335368804589,COMPLETE
826,0.3925848833275777,2025-01-10 16:15:35.865684,2025-01-10 16:15:38.303590,0 days 00:00:02.437906,0.016728715897260667,64,0.2,12,100,1.7423571878270617e-06,13,1.7203118339232593e-05,1,1,adadelta,"{'neurons_per_layer_encoder': [12], 'neurons_per_layer_decoder': [12]}",12,[12],[12],[0.3925848833275777],0.6826583337090159,COMPLETE
827,-0.8870327068314159,2025-01-10 16:15:36.322659,2025-01-10 16:15:38.881748,0 days 00:00:02.559089,0.14289883606631912,64,0.2,12,100,1.6691763107561153e-06,13,1.0181596095263332e-05,1,1,adadelta,"{'neurons_per_layer_encoder': [12], 'neurons_per_layer_decoder': [12]}",12,[12],[12],[-0.8870327068314159],0.5351701254488729,COMPLETE
828,-0.11167296020590589,2025-01-10 16:15:36.439747,2025-01-10 16:15:37.902722,0 days 00:00:01.462975,0.026724611931879846,64,0.2,8,100,1.5395409156509934e-06,8,1.1511256154969007e-05,1,1,adadelta,"{'neurons_per_layer_encoder': [8], 'neurons_per_layer_decoder': [8]}",8,[8],[8],[-0.11167296020590589],0.5280128938870899,COMPLETE
829,-0.34423380928691083,2025-01-10 16:15:36.671206,2025-01-10 16:15:38.169007,0 days 00:00:01.497801,0.1454713640391582,64,0.2,8,100,2.2729590958596076e-06,8,1.2134923658567736e-05,1,1,adadelta,"{'neurons_per_layer_encoder': [8], 'neurons_per_layer_decoder': [8]}",8,[8],[8],[-0.34423380928691083],0.6003329140969575,COMPLETE
830,0.2890348099629393,2025-01-10 16:15:37.911144,2025-01-10 16:15:40.328165,0 days 00:00:02.417021,0.016655712814317377,64,0.2,12,100,1.265052689741318e-06,13,1.7145983050930273e-05,1,1,adadelta,"{'neurons_per_layer_encoder': [12], 'neurons_per_layer_decoder': [12]}",12,[12],[12],[0.2890348099629393],0.8629831379399494,COMPLETE
831,-0.18137276027676164,2025-01-10 16:15:38.136166,2025-01-10 16:15:39.618718,0 days 00:00:01.482552,0.01615010942173195,64,0.2,12,100,1.76035611664893e-06,13,1.7942458529388035e-05,1,1,adadelta,"{'neurons_per_layer_encoder': [12], 'neurons_per_layer_decoder': [12]}",12,[12],[12],[-0.18137276027676164],0.7363136052017606,COMPLETE
832,-0.28782577702480916,2025-01-10 16:15:38.177886,2025-01-10 16:15:39.467274,0 days 00:00:01.289388,0.18918673951657025,64,0.2,40,100,1.747629983422136e-06,60,1.004116638587029e-05,1,1,adadelta,"{'neurons_per_layer_encoder': [40], 'neurons_per_layer_decoder': [40]}",40,[40],[40],[-0.28782577702480916],0.7112132855658441,COMPLETE
833,0.03363021437709157,2025-01-10 16:15:38.505957,2025-01-10 16:15:40.934672,0 days 00:00:02.428715,0.017257767413647616,64,0.2,12,100,1.7291596737819199e-06,13,1.7762293522578185e-05,1,1,adadelta,"{'neurons_per_layer_encoder': [12], 'neurons_per_layer_decoder': [12]}",12,[12],[12],[0.03363021437709157],0.7935749226073131,COMPLETE
834,0.002827610525255042,2025-01-10 16:15:38.890497,2025-01-10 16:15:40.838470,0 days 00:00:01.947973,0.016537057921803777,64,0.2,4,100,1.8292309185353982e-06,4,1.740403978525823e-05,1,1,adadelta,"{'neurons_per_layer_encoder': [4], 'neurons_per_layer_decoder': [8]}",4,[8],[4],[0.002827610525255042],0.6810880938021296,COMPLETE
835,-0.3269236695653348,2025-01-10 16:15:39.476906,2025-01-10 16:15:40.822337,0 days 00:00:01.345431,0.01638306670518806,64,0.2,8,100,1.328285555103949e-06,8,1.7203920789171928e-05,1,1,adadelta,"{'neurons_per_layer_encoder': [8], 'neurons_per_layer_decoder': [8]}",8,[8],[8],[-0.3269236695653348],0.6370368959131887,COMPLETE
836,-0.04655996026628895,2025-01-10 16:15:39.626954,2025-01-10 16:15:40.971279,0 days 00:00:01.344325,0.019147027667814565,64,0.2,8,100,1.3515473837577099e-06,8,1.300031516175079e-05,1,1,adadelta,"{'neurons_per_layer_encoder': [8], 'neurons_per_layer_decoder': [8]}",8,[8],[8],[-0.04655996026628895],0.6110230453887692,COMPLETE
837,-0.08441593643947432,2025-01-10 16:15:40.339253,2025-01-10 16:15:42.365171,0 days 00:00:02.025918,0.015082998932848842,72,0.2,16,100,1.2611549287545142e-06,17,1.7631674706485487e-05,1,1,adadelta,"{'neurons_per_layer_encoder': [16], 'neurons_per_layer_decoder': [16]}",16,[16],[16],[-0.08441593643947432],0.6301029194744086,COMPLETE
838,0.1519837247741097,2025-01-10 16:15:40.831919,2025-01-10 16:15:43.271688,0 days 00:00:02.439769,0.015024653788396068,72,0.2,16,100,1.245909856135449e-06,17,1.616614087623793e-05,1,1,adadelta,"{'neurons_per_layer_encoder': [16], 'neurons_per_layer_decoder': [16]}",16,[16],[16],[0.1519837247741097],0.6525705965180493,COMPLETE
839,0.4307456528468323,2025-01-10 16:15:40.849007,2025-01-10 16:15:42.931647,0 days 00:00:02.082640,0.017917995711765743,72,0.2,16,100,1.224354081462185e-06,17,1.541006886466505e-05,1,1,adadelta,"{'neurons_per_layer_encoder': [16], 'neurons_per_layer_decoder': [16]}",16,[16],[16],[0.4307456528468323],0.8496151497617697,COMPLETE
840,0.21540328876850046,2025-01-10 16:15:40.943743,2025-01-10 16:15:43.865071,0 days 00:00:02.921328,0.01536659235092982,72,0.2,16,100,1.3141962585331482e-06,86,1.570754450596098e-05,1,3,adadelta,"{'neurons_per_layer_encoder': [16, 32, 64], 'neurons_per_layer_decoder': [64]}",16,[64],"[16, 32, 64]",[0.21540328876850046],0.8112539236238469,COMPLETE
841,-0.5902262228359869,2025-01-10 16:15:40.984719,2025-01-10 16:15:42.322516,0 days 00:00:01.337797,0.015282758634049504,72,0.2,16,100,1.235045672702411e-06,17,1.51326682173414e-05,1,1,adadelta,"{'neurons_per_layer_encoder': [16], 'neurons_per_layer_decoder': [16]}",16,[16],[16],[-0.5902262228359869],0.5473811253583243,COMPLETE
842,0.18934396416536015,2025-01-10 16:15:42.330701,2025-01-10 16:15:44.750537,0 days 00:00:02.419836,0.015110371132074238,72,0.2,16,100,1.1871067938596548e-06,17,1.53687005524229e-05,1,1,adadelta,"{'neurons_per_layer_encoder': [16], 'neurons_per_layer_decoder': [16]}",16,[16],[16],[0.18934396416536015],0.7246490281622785,COMPLETE
843,-0.23136710828694795,2025-01-10 16:15:42.381982,2025-01-10 16:15:44.153603,0 days 00:00:01.771621,0.019748011112293944,72,0.2,16,100,1.1953171918875211e-06,86,1.5096928506038327e-05,1,3,adadelta,"{'neurons_per_layer_encoder': [16, 32, 64], 'neurons_per_layer_decoder': [64]}",16,[64],"[16, 32, 64]",[-0.23136710828694795],0.6729154107268277,COMPLETE
844,-0.06870122978845106,2025-01-10 16:15:42.940317,2025-01-10 16:15:45.328979,0 days 00:00:02.388662,0.01802605940358386,72,0.2,24,100,1.103497531124651e-06,120,1.3903564035717441e-05,1,3,adadelta,"{'neurons_per_layer_encoder': [24, 48, 96], 'neurons_per_layer_decoder': [96]}",24,[96],"[24, 48, 96]",[-0.06870122978845106],0.7081752228868996,COMPLETE
845,-0.09595164223202013,2025-01-10 16:15:43.281300,2025-01-10 16:15:46.231505,0 days 00:00:02.950205,0.014075497720904434,120,0.1,24,100,1.1845653072013966e-06,120,0.000918101308230554,1,3,adadelta,"{'neurons_per_layer_encoder': [24, 48, 96], 'neurons_per_layer_decoder': [96]}",24,[96],"[24, 48, 96]",[-0.09595164223202013],0.6512804414064972,COMPLETE
846,-0.03664842456275563,2025-01-10 16:15:43.873732,2025-01-10 16:15:45.323396,0 days 00:00:01.449664,0.014139235253858653,72,0.1,28,100,1.5352934229393413e-06,46,0.000922069481225191,1,1,adadelta,"{'neurons_per_layer_encoder': [28], 'neurons_per_layer_decoder': [28]}",28,[28],[28],[-0.03664842456275563],0.5119904224775421,COMPLETE
847,0.08724968788009513,2025-01-10 16:15:44.161847,2025-01-10 16:15:46.563807,0 days 00:00:02.401960,0.018845069578237394,72,0.2,24,100,1.4946101282223832e-06,42,1.7922393340130292e-05,1,1,adadelta,"{'neurons_per_layer_encoder': [24], 'neurons_per_layer_decoder': [24]}",24,[24],[24],[0.08724968788009513],0.7879969952929171,COMPLETE
848,-0.04646695140964474,2025-01-10 16:15:44.760177,2025-01-10 16:15:46.341176,0 days 00:00:01.580999,0.017931203031115905,72,0.2,24,100,1.1381007600574449e-06,42,1.7034310405860947e-05,1,1,adadelta,"{'neurons_per_layer_encoder': [24], 'neurons_per_layer_decoder': [24]}",24,[24],[24],[-0.04646695140964474],0.6980039495183812,COMPLETE
849,-0.4899056146682035,2025-01-10 16:15:45.334774,2025-01-10 16:15:46.643680,0 days 00:00:01.308906,0.017111489094343107,80,0.2,4,100,1.51709678575012e-06,4,1.8102007453345243e-05,1,1,adadelta,"{'neurons_per_layer_encoder': [4], 'neurons_per_layer_decoder': [8]}",4,[8],[4],[-0.4899056146682035],0.6131499883628944,COMPLETE
850,-0.1925461640640147,2025-01-10 16:15:45.341272,2025-01-10 16:15:46.638344,0 days 00:00:01.297072,0.01377592953459321,80,0.2,4,100,1.0009269669203788e-06,4,1.820562383154822e-05,1,1,adadelta,"{'neurons_per_layer_encoder': [4], 'neurons_per_layer_decoder': [8]}",4,[8],[4],[-0.1925461640640147],0.5739754420761766,COMPLETE
851,-0.2051724027366495,2025-01-10 16:15:46.241437,2025-01-10 16:15:47.540291,0 days 00:00:01.298854,0.017318302834677474,72,0.2,4,100,1.0231193299949212e-06,4,1.7556824640927886e-05,1,1,adadelta,"{'neurons_per_layer_encoder': [4], 'neurons_per_layer_decoder': [8]}",4,[8],[4],[-0.2051724027366495],0.43828934681530235,COMPLETE
852,0.0499335401052754,2025-01-10 16:15:46.350440,2025-01-10 16:15:48.185950,0 days 00:00:01.835510,0.016215685088906574,80,0.2,36,100,1.5736029679861608e-06,71,1.744333459752667e-05,1,1,adadelta,"{'neurons_per_layer_encoder': [36], 'neurons_per_layer_decoder': [36]}",36,[36],[36],[0.0499335401052754],0.6037651485560112,COMPLETE
853,0.12465916366893925,2025-01-10 16:15:46.572750,2025-01-10 16:15:48.926732,0 days 00:00:02.353982,0.01746611931768962,80,0.2,4,100,1.0048918406061829e-06,4,1.3596612422675542e-05,1,1,adadelta,"{'neurons_per_layer_encoder': [4], 'neurons_per_layer_decoder': [8]}",4,[8],[4],[0.12465916366893925],0.5371533608174943,COMPLETE
854,0.030192040593918668,2025-01-10 16:15:46.650141,2025-01-10 16:15:47.980560,0 days 00:00:01.330419,0.01636677077034493,88,0.2,36,100,2.3798501383611097e-06,71,1.4414719879159882e-05,1,1,adadelta,"{'neurons_per_layer_encoder': [36], 'neurons_per_layer_decoder': [36]}",36,[36],[36],[0.030192040593918668],0.7835651756899699,COMPLETE
855,-0.04293605184460292,2025-01-10 16:15:46.651938,2025-01-10 16:15:48.550803,0 days 00:00:01.898865,0.016385199433684914,88,0.2,36,100,1.5234979263817732e-06,71,0.009769148465875146,1,1,adadelta,"{'neurons_per_layer_encoder': [36], 'neurons_per_layer_decoder': [36]}",36,[36],[36],[-0.04293605184460292],0.7801808744905642,COMPLETE
856,0.034512293630644675,2025-01-10 16:15:47.550328,2025-01-10 16:15:48.862649,0 days 00:00:01.312321,0.021039303526976895,72,0.2,36,100,1.4338557889448598e-06,71,1.3844748437275107e-05,1,1,adadelta,"{'neurons_per_layer_encoder': [36], 'neurons_per_layer_decoder': [36]}",36,[36],[36],[0.034512293630644675],0.774525122033089,COMPLETE
857,-0.2118866521381748,2025-01-10 16:15:47.988343,2025-01-10 16:15:49.552435,0 days 00:00:01.564092,0.0160844221167523,72,0.2,12,100,1.4336866599335511e-06,13,1.3038711652273413e-05,1,1,adadelta,"{'neurons_per_layer_encoder': [12], 'neurons_per_layer_decoder': [12]}",12,[12],[12],[-0.2118866521381748],0.7162821384774412,COMPLETE
858,-0.12449722740429414,2025-01-10 16:15:48.196072,2025-01-10 16:15:50.675760,0 days 00:00:02.479688,0.017873331075974774,72,0.2,12,100,1.454094129885838e-06,13,1.3104268187789564e-05,1,1,adadelta,"{'neurons_per_layer_encoder': [12], 'neurons_per_layer_decoder': [12]}",12,[12],[12],[-0.12449722740429414],0.7272739042816255,COMPLETE
859,-0.3758357673823287,2025-01-10 16:15:48.560035,2025-01-10 16:15:49.843844,0 days 00:00:01.283809,0.017855129769870304,72,0.2,12,100,2.1038406867259137e-06,13,1.3767679153379909e-05,1,1,adadelta,"{'neurons_per_layer_encoder': [12], 'neurons_per_layer_decoder': [12]}",12,[12],[12],[-0.3758357673823287],0.6179219229454441,COMPLETE
860,-0.6087546706873044,2025-01-10 16:15:48.871111,2025-01-10 16:15:50.163909,0 days 00:00:01.292798,0.12323646817119019,72,0.2,28,100,2.1808456891090326e-06,46,1.2841019697296772e-05,1,1,adadelta,"{'neurons_per_layer_encoder': [28], 'neurons_per_layer_decoder': [28]}",28,[28],[28],[-0.6087546706873044],0.4319279038163692,COMPLETE
861,-0.11783022318392056,2025-01-10 16:15:48.940635,2025-01-10 16:15:50.230831,0 days 00:00:01.290196,0.01808329940783247,72,0.2,12,100,2.279527656816657e-06,13,1.2579167805331905e-05,1,1,adadelta,"{'neurons_per_layer_encoder': [12], 'neurons_per_layer_decoder': [12]}",12,[12],[12],[-0.11783022318392056],0.6683903831444248,COMPLETE
862,0.09304331521985387,2025-01-10 16:15:49.562043,2025-01-10 16:15:50.966598,0 days 00:00:01.404555,0.018453630241315508,72,0.2,28,100,2.13921656177926e-06,46,1.2633324123676467e-05,1,1,adadelta,"{'neurons_per_layer_encoder': [28], 'neurons_per_layer_decoder': [28]}",28,[28],[28],[0.09304331521985387],0.7048096631041999,COMPLETE
863,-0.06844954006312842,2025-01-10 16:15:49.852050,2025-01-10 16:15:52.455942,0 days 00:00:02.603892,0.016658339943018692,64,0.2,28,100,2.252376941961841e-06,93,1.2489281288509007e-05,1,2,adadelta,"{'neurons_per_layer_encoder': [28, 56], 'neurons_per_layer_decoder': [56]}",28,[56],"[28, 56]",[-0.06844954006312842],0.6489031943420229,COMPLETE
864,-0.3592891443450672,2025-01-10 16:15:50.172118,2025-01-10 16:15:52.536357,0 days 00:00:02.364239,0.016404640655314988,64,0.2,20,100,2.289374327080371e-06,60,0.008453280867384403,1,2,adadelta,"{'neurons_per_layer_encoder': [20, 40], 'neurons_per_layer_decoder': [40]}",20,[40],"[20, 40]",[-0.3592891443450672],0.6365461465910365,COMPLETE
865,-0.06522846529588855,2025-01-10 16:15:50.253064,2025-01-10 16:15:52.221249,0 days 00:00:01.968185,0.015709815664437594,64,0.2,20,100,2.461545282653443e-06,22,1.5585665138391536e-05,1,1,adadelta,"{'neurons_per_layer_encoder': [20], 'neurons_per_layer_decoder': [20]}",20,[20],[20],[-0.06522846529588855],0.7030547241226182,COMPLETE
866,-0.34590286350144717,2025-01-10 16:15:50.685602,2025-01-10 16:15:53.416882,0 days 00:00:02.731280,0.016534453125378358,64,0.1,20,100,2.5584216558693957e-06,360,1.5423631572933777e-05,1,5,adadelta,"{'neurons_per_layer_encoder': [20, 40, 80, 160, 320], 'neurons_per_layer_decoder': [320]}",20,[320],"[20, 40, 80, 160, 320]",[-0.34590286350144717],0.40651466325644037,COMPLETE
867,-0.25383601018621404,2025-01-10 16:15:50.975051,2025-01-10 16:15:52.764410,0 days 00:00:01.789359,0.014590749080210349,112,0.2,20,100,2.7487231588118866e-06,60,1.4603093474190811e-05,1,2,adadelta,"{'neurons_per_layer_encoder': [20, 40], 'neurons_per_layer_decoder': [40]}",20,[40],"[20, 40]",[-0.25383601018621404],0.6711872585430182,COMPLETE
868,-0.08729386268184047,2025-01-10 16:15:52.230615,2025-01-10 16:15:54.084787,0 days 00:00:01.854172,0.013133722519809711,64,0.1,20,100,2.687726116326808e-06,60,1.5891246716597904e-05,1,2,adadelta,"{'neurons_per_layer_encoder': [20, 40], 'neurons_per_layer_decoder': [40]}",20,[40],"[20, 40]",[-0.08729386268184047],0.6232166891762978,COMPLETE
869,-0.8061274207794416,2025-01-10 16:15:52.464527,2025-01-10 16:15:55.105169,0 days 00:00:02.640642,0.013243200349326406,64,0.2,20,100,2.70044486710028e-06,22,1.5436487575305254e-05,1,1,adadelta,"{'neurons_per_layer_encoder': [20], 'neurons_per_layer_decoder': [20]}",20,[20],[20],[-0.8061274207794416],0.6185682872753449,COMPLETE
