number,value,datetime_start,datetime_complete,duration,params_alpha,params_batch_size,params_drop_out_rate,params_encoder_neurons_layer_1,params_epochs,params_lambda,params_latent_dim,params_learning_rate,params_num_layers_decoder,params_num_layers_encoder,params_optimizer,user_attrs_encoder_decoder_config,user_attrs_first_layer_neurons,user_attrs_neurons_per_layer_decoder,user_attrs_neurons_per_layer_encoder,user_attrs_r2_feature_1,user_attrs_relative_deterioration,state
547,-0.059479242351658135,2025-01-10 14:26:47.042272,2025-01-10 14:26:48.796680,0 days 00:00:01.754408,0.06390811150011395,48,0.4,148,100,0.0007460696488753117,172,2.6980148174678425e-05,1,1,sgd,"{'neurons_per_layer_encoder': [148], 'neurons_per_layer_decoder': [148]}",148,[148],[148],[-0.059479242351658135],0.8945811623427085,COMPLETE
548,0.09652874329218764,2025-01-10 14:26:47.165786,2025-01-10 14:26:49.361503,0 days 00:00:02.195717,0.055613727986299266,48,0.4,32,100,0.0004794921764804366,134,1.1846612466761426e-05,1,2,sgd,"{'neurons_per_layer_encoder': [32, 64], 'neurons_per_layer_decoder': [64]}",32,[64],"[32, 64]",[0.09652874329218764],0.8598878382068634,COMPLETE
549,-0.415139531860679,2025-01-10 14:26:47.359792,2025-01-10 14:26:49.244178,0 days 00:00:01.884386,0.07619619429329923,48,0.4,160,100,4.199432959019619e-05,184,3.0884748161347265e-05,1,1,sgd,"{'neurons_per_layer_encoder': [160], 'neurons_per_layer_decoder': [160]}",160,[160],[160],[-0.415139531860679],0.7218972252834837,COMPLETE
550,-0.25682886185463016,2025-01-10 14:26:47.381874,2025-01-10 14:26:48.426479,0 days 00:00:01.044605,0.056220156948023875,48,0.4,36,100,4.569040763251842e-06,111,0.0009608902905858199,1,2,sgd,"{'neurons_per_layer_encoder': [36, 72], 'neurons_per_layer_decoder': [72]}",36,[72],"[36, 72]",[-0.25682886185463016],0.7134403679903006,COMPLETE
551,-0.3908386339795362,2025-01-10 14:26:47.783046,2025-01-10 14:26:48.738170,0 days 00:00:00.955124,0.06937332824921014,56,0.4,32,100,0.0004773249855150502,35,3.595479035484302e-05,1,1,sgd,"{'neurons_per_layer_encoder': [32], 'neurons_per_layer_decoder': [32]}",32,[32],[32],[-0.3908386339795362],0.7400821637931564,COMPLETE
552,-0.3358602040594121,2025-01-10 14:26:48.435169,2025-01-10 14:26:49.413510,0 days 00:00:00.978341,0.07631297780876206,56,0.4,28,100,0.00045705926235913485,30,1.2759004366567752e-05,1,1,sgd,"{'neurons_per_layer_encoder': [28], 'neurons_per_layer_decoder': [28]}",28,[28],[28],[-0.3358602040594121],0.6689738465277029,COMPLETE
553,0.031232729891846667,2025-01-10 14:26:48.747030,2025-01-10 14:26:49.920958,0 days 00:00:01.173928,0.07665010881838548,56,0.4,24,100,0.0007398767518062879,42,3.095417197490021e-05,1,1,sgd,"{'neurons_per_layer_encoder': [24], 'neurons_per_layer_decoder': [24]}",24,[24],[24],[0.031232729891846667],0.8080246824173523,COMPLETE
554,-0.04645573047413332,2025-01-10 14:26:48.815558,2025-01-10 14:26:50.414073,0 days 00:00:01.598515,0.07131594352531077,56,0.4,28,100,5.368621596393804e-06,30,0.0048389142772286625,1,1,sgd,"{'neurons_per_layer_encoder': [28], 'neurons_per_layer_decoder': [28]}",28,[28],[28],[-0.04645573047413332],0.6806530730036404,COMPLETE
555,-0.9640766061013002,2025-01-10 14:26:49.252196,2025-01-10 14:26:50.710906,0 days 00:00:01.458710,0.06863265988808917,56,0.4,24,100,0.0004985581657589361,42,1.2877950261898607e-05,1,1,sgd,"{'neurons_per_layer_encoder': [24], 'neurons_per_layer_decoder': [24]}",24,[24],[24],[-0.9640766061013002],0.636777415607367,COMPLETE
556,-0.24261017461735657,2025-01-10 14:26:49.369927,2025-01-10 14:26:50.280312,0 days 00:00:00.910385,0.06990185781648699,56,0.4,24,100,0.0004695662030449702,42,0.0047203910713103986,1,1,sgd,"{'neurons_per_layer_encoder': [24], 'neurons_per_layer_decoder': [24]}",24,[24],[24],[-0.24261017461735657],0.774380039867624,COMPLETE
557,0.32575339354268007,2025-01-10 14:26:49.424481,2025-01-10 14:26:51.572692,0 days 00:00:02.148211,0.061011800840988284,56,0.4,24,100,0.0006603749504875843,42,0.00479981550886406,1,1,sgd,"{'neurons_per_layer_encoder': [24], 'neurons_per_layer_decoder': [24]}",24,[24],[24],[0.32575339354268007],0.8347552801029693,COMPLETE
558,0.2027543945137461,2025-01-10 14:26:49.931520,2025-01-10 14:26:51.424920,0 days 00:00:01.493400,0.07032986836055982,56,0.4,72,100,0.0009892863307604262,111,0.004835869401470855,1,1,sgd,"{'neurons_per_layer_encoder': [72], 'neurons_per_layer_decoder': [72]}",72,[72],[72],[0.2027543945137461],0.9023489762316138,COMPLETE
559,-0.10422109986654338,2025-01-10 14:26:50.288709,2025-01-10 14:26:51.677842,0 days 00:00:01.389133,0.061402896426157615,56,0.4,28,100,0.0005831270243872895,30,1.9962158436352426e-05,1,1,sgd,"{'neurons_per_layer_encoder': [28], 'neurons_per_layer_decoder': [28]}",28,[28],[28],[-0.10422109986654338],0.7680573954098114,COMPLETE
560,0.34344419049592956,2025-01-10 14:26:50.425676,2025-01-10 14:26:52.553002,0 days 00:00:02.127326,0.0623280724170837,56,0.4,36,100,0.0005909834168902899,71,0.007145993668387706,1,1,sgd,"{'neurons_per_layer_encoder': [36], 'neurons_per_layer_decoder': [36]}",36,[36],[36],[0.34344419049592956],0.8314070078414147,COMPLETE
561,-0.2963267437747976,2025-01-10 14:26:50.719382,2025-01-10 14:26:51.671105,0 days 00:00:00.951723,0.06119166068811754,48,0.4,72,100,0.0009695600845644334,143,0.007197610394118979,1,1,sgd,"{'neurons_per_layer_encoder': [72], 'neurons_per_layer_decoder': [72]}",72,[72],[72],[-0.2963267437747976],0.8486747333585279,COMPLETE
562,-0.7817180586081616,2025-01-10 14:26:51.434402,2025-01-10 14:26:52.362201,0 days 00:00:00.927799,0.08394447413311794,56,0.2,72,100,0.0007853565959306316,111,1.833808222891154e-05,1,1,sgd,"{'neurons_per_layer_encoder': [72], 'neurons_per_layer_decoder': [72]}",72,[72],[72],[-0.7817180586081616],0.730453293445821,COMPLETE
563,-0.31845791956957914,2025-01-10 14:26:51.581373,2025-01-10 14:26:52.670670,0 days 00:00:01.089297,0.06323074773470476,56,0.2,76,100,0.000817090547712282,115,2.0829255834882938e-05,1,1,sgd,"{'neurons_per_layer_encoder': [76], 'neurons_per_layer_decoder': [76]}",76,[76],[76],[-0.31845791956957914],0.8473740141483751,COMPLETE
564,-0.15089356828034206,2025-01-10 14:26:51.682674,2025-01-10 14:26:52.643047,0 days 00:00:00.960373,0.08393106754224076,56,0.2,76,100,0.000996139771969316,115,0.006376653697580623,1,1,sgd,"{'neurons_per_layer_encoder': [76], 'neurons_per_layer_decoder': [76]}",76,[76],[76],[-0.15089356828034206],0.8595758392169246,COMPLETE
565,-0.5124773528566853,2025-01-10 14:26:51.688148,2025-01-10 14:26:53.354892,0 days 00:00:01.666744,0.0836170411775149,56,0.2,76,100,0.0008246251589710973,115,0.005869263412822744,1,1,sgd,"{'neurons_per_layer_encoder': [76], 'neurons_per_layer_decoder': [76]}",76,[76],[76],[-0.5124773528566853],0.7801313300874909,COMPLETE
566,-0.13014357762230389,2025-01-10 14:26:52.370420,2025-01-10 14:26:53.349840,0 days 00:00:00.979420,0.06234478182414129,56,0.2,72,100,0.0009535271520193828,111,0.005211308579490611,1,1,sgd,"{'neurons_per_layer_encoder': [72], 'neurons_per_layer_decoder': [72]}",72,[72],[72],[-0.13014357762230389],0.8296305720856629,COMPLETE
567,-0.43714669604181555,2025-01-10 14:26:52.562519,2025-01-10 14:26:53.590662,0 days 00:00:01.028143,0.06354511224638115,56,0.2,32,100,0.0008441148790556506,51,0.006475011353880322,1,1,sgd,"{'neurons_per_layer_encoder': [32], 'neurons_per_layer_decoder': [32]}",32,[32],[32],[-0.43714669604181555],0.7337308283398185,COMPLETE
568,0.08283526239294092,2025-01-10 14:26:52.656646,2025-01-10 14:26:53.648516,0 days 00:00:00.991870,0.06466113485538949,64,0.2,76,100,0.0006759352061569993,163,0.007969534188098686,1,1,sgd,"{'neurons_per_layer_encoder': [76], 'neurons_per_layer_decoder': [76]}",76,[76],[76],[0.08283526239294092],0.8813875283510545,COMPLETE
569,0.05290503811499647,2025-01-10 14:26:52.683964,2025-01-10 14:26:54.938314,0 days 00:00:02.254350,0.06477092284766006,64,0.4,72,100,0.0009295539758078914,111,0.00988608730893145,1,1,sgd,"{'neurons_per_layer_encoder': [72], 'neurons_per_layer_decoder': [72]}",72,[72],[72],[0.05290503811499647],0.8591181909369819,COMPLETE
570,-0.40730795271512954,2025-01-10 14:26:53.365038,2025-01-10 14:26:55.590356,0 days 00:00:02.225318,0.07300841952462907,64,0.4,8,100,0.0009207905456768426,8,0.008514044251605235,1,1,sgd,"{'neurons_per_layer_encoder': [8], 'neurons_per_layer_decoder': [8]}",8,[8],[8],[-0.40730795271512954],0.6515626822218217,COMPLETE
571,-0.16202257777330376,2025-01-10 14:26:53.365226,2025-01-10 14:26:55.612844,0 days 00:00:02.247618,0.06465106006918915,64,0.1,32,100,0.0006466328994499549,51,0.007511652073594738,1,1,sgd,"{'neurons_per_layer_encoder': [32], 'neurons_per_layer_decoder': [32]}",32,[32],[32],[-0.16202257777330376],0.6744809582022457,COMPLETE
572,-0.09608687313394682,2025-01-10 14:26:53.616361,2025-01-10 14:26:54.542052,0 days 00:00:00.925691,0.06629497020811562,64,0.4,124,100,0.0006344270933029798,132,0.006591009742759218,1,1,sgd,"{'neurons_per_layer_encoder': [124], 'neurons_per_layer_decoder': [124]}",124,[124],[124],[-0.09608687313394682],0.8724468597144962,COMPLETE
573,-0.21176906775866167,2025-01-10 14:26:53.661071,2025-01-10 14:26:55.995852,0 days 00:00:02.334781,0.07253249532123428,64,0.1,36,100,0.0006430777217541934,71,0.006582193115655909,1,1,adadelta,"{'neurons_per_layer_encoder': [36], 'neurons_per_layer_decoder': [36]}",36,[36],[36],[-0.21176906775866167],0.7776640577576048,COMPLETE
574,-0.35754283023997147,2025-01-10 14:26:54.550336,2025-01-10 14:26:56.458230,0 days 00:00:01.907894,0.0711818950829256,48,0.4,8,100,0.0007096615047774189,8,0.00855892196229203,1,1,adadelta,"{'neurons_per_layer_encoder': [8], 'neurons_per_layer_decoder': [8]}",8,[8],[8],[-0.35754283023997147],0.47173224471595127,COMPLETE
575,-0.4884844861739792,2025-01-10 14:26:54.947786,2025-01-10 14:26:56.442654,0 days 00:00:01.494868,0.07342476769652873,48,0.4,36,100,0.0007047973441589663,71,0.0054177905223332405,1,1,adadelta,"{'neurons_per_layer_encoder': [36], 'neurons_per_layer_decoder': [36]}",36,[36],[36],[-0.4884844861739792],0.7184136875519077,COMPLETE
576,-0.4950230092561445,2025-01-10 14:26:55.599008,2025-01-10 14:26:57.011499,0 days 00:00:01.412491,0.07086641292074833,48,0.1,180,100,0.0007107416671304175,364,0.007761436150121772,1,1,adadelta,"{'neurons_per_layer_encoder': [180], 'neurons_per_layer_decoder': [180]}",180,[180],[180],[-0.4950230092561445],0.860407685032693,COMPLETE
577,-0.5907442305576343,2025-01-10 14:26:55.627181,2025-01-10 14:26:56.982722,0 days 00:00:01.355541,0.0697095586997644,48,0.4,36,100,0.0005749187974708856,71,0.00528943481782683,1,1,adadelta,"{'neurons_per_layer_encoder': [36], 'neurons_per_layer_decoder': [36]}",36,[36],[36],[-0.5907442305576343],0.7125027358283113,COMPLETE
578,-0.10871975976114023,2025-01-10 14:26:56.004056,2025-01-10 14:26:57.698983,0 days 00:00:01.694927,0.05827524824226605,48,0.4,20,100,0.0007388320749126716,22,0.005553146742590158,1,1,adadelta,"{'neurons_per_layer_encoder': [20], 'neurons_per_layer_decoder': [20]}",20,[20],[20],[-0.10871975976114023],0.7181335533873708,COMPLETE
579,-0.0625373988133262,2025-01-10 14:26:56.451476,2025-01-10 14:26:57.526332,0 days 00:00:01.074856,0.05933572964534086,48,0.4,64,100,0.0005482605504541071,102,0.0040056720618534825,1,1,sgd,"{'neurons_per_layer_encoder': [64], 'neurons_per_layer_decoder': [64]}",64,[64],[64],[-0.0625373988133262],0.823947000319075,COMPLETE
580,-0.041666824295212734,2025-01-10 14:26:56.468663,2025-01-10 14:26:58.158549,0 days 00:00:01.689886,0.0594391534462519,48,0.4,180,100,0.00040824062935923945,204,0.007049541547054777,1,1,sgd,"{'neurons_per_layer_encoder': [180], 'neurons_per_layer_decoder': [180]}",180,[180],[180],[-0.041666824295212734],0.8321557014459786,COMPLETE
581,-0.20983210692141085,2025-01-10 14:26:56.992396,2025-01-10 14:26:57.984510,0 days 00:00:00.992114,0.05936277373952206,56,0.2,64,100,0.0005326078465208084,102,0.009921102883765059,1,1,sgd,"{'neurons_per_layer_encoder': [64], 'neurons_per_layer_decoder': [64]}",64,[64],[64],[-0.20983210692141085],0.7518399272457837,COMPLETE
582,-0.08059423825596279,2025-01-10 14:26:57.031102,2025-01-10 14:26:57.980587,0 days 00:00:00.949485,0.05890408088816009,56,0.2,64,100,0.0005275838788484718,102,0.004462752829786514,1,1,sgd,"{'neurons_per_layer_encoder': [64], 'neurons_per_layer_decoder': [64]}",64,[64],[64],[-0.08059423825596279],0.8055858515287329,COMPLETE
583,-0.07661714707783918,2025-01-10 14:26:57.534806,2025-01-10 14:26:58.461131,0 days 00:00:00.926325,0.0786466896597377,56,0.2,28,100,4.402180157107912e-06,30,0.007183688282286733,1,1,sgd,"{'neurons_per_layer_encoder': [28], 'neurons_per_layer_decoder': [28]}",28,[28],[28],[-0.07661714707783918],0.6465051708535542,COMPLETE
584,0.07830292897731295,2025-01-10 14:26:57.707820,2025-01-10 14:26:59.827429,0 days 00:00:02.119609,0.06093682639836079,56,0.2,28,100,0.0004263655008332174,30,0.00987750843605455,1,1,sgd,"{'neurons_per_layer_encoder': [28], 'neurons_per_layer_decoder': [28]}",28,[28],[28],[0.07830292897731295],0.6838140781522604,COMPLETE
585,-0.4402598314927446,2025-01-10 14:26:57.992457,2025-01-10 14:26:59.009956,0 days 00:00:01.017499,0.06711490237658405,56,0.2,20,100,4.293799223654302e-06,22,0.004893420534460713,1,1,sgd,"{'neurons_per_layer_encoder': [20], 'neurons_per_layer_decoder': [20]}",20,[20],[20],[-0.4402598314927446],0.5298266579070393,COMPLETE
586,-0.5096031703488879,2025-01-10 14:26:57.992513,2025-01-10 14:26:59.243822,0 days 00:00:01.251309,0.07718585359262471,56,0.2,20,100,4.2890047531237055e-06,22,0.00729404887209775,1,1,sgd,"{'neurons_per_layer_encoder': [20], 'neurons_per_layer_decoder': [20]}",20,[20],[20],[-0.5096031703488879],0.4609049999430907,COMPLETE
587,-0.1194164432663094,2025-01-10 14:26:58.168629,2025-01-10 14:26:59.630644,0 days 00:00:01.462015,0.13457430517339758,56,0.2,20,100,4.424601560099107e-06,22,3.312624826144521e-05,1,1,sgd,"{'neurons_per_layer_encoder': [20], 'neurons_per_layer_decoder': [20]}",20,[20],[20],[-0.1194164432663094],0.7243665374593394,COMPLETE
588,-0.01827305265089807,2025-01-10 14:26:58.469861,2025-01-10 14:27:00.090816,0 days 00:00:01.620955,0.06776453672509102,56,0.4,20,100,0.0008507230755099551,22,0.005226369796464136,1,1,sgd,"{'neurons_per_layer_encoder': [20], 'neurons_per_layer_decoder': [20]}",20,[20],[20],[-0.01827305265089807],0.8278604736248004,COMPLETE
589,-0.06779782451608019,2025-01-10 14:26:59.018247,2025-01-10 14:27:00.249147,0 days 00:00:01.230900,0.07724168119089511,56,0.4,84,100,0.0004080533811078734,108,3.564217514972868e-05,1,1,sgd,"{'neurons_per_layer_encoder': [84], 'neurons_per_layer_decoder': [84]}",84,[84],[84],[-0.06779782451608019],0.8328172880944574,COMPLETE
590,0.1240014607090345,2025-01-10 14:26:59.252130,2025-01-10 14:27:00.681344,0 days 00:00:01.429214,0.12812993523090366,56,0.4,32,100,0.0008153547238648769,51,0.004249418159542962,1,1,sgd,"{'neurons_per_layer_encoder': [32], 'neurons_per_layer_decoder': [32]}",32,[32],[32],[0.1240014607090345],0.8348608408794539,COMPLETE
591,0.03789785984729077,2025-01-10 14:26:59.639459,2025-01-10 14:27:01.614054,0 days 00:00:01.974595,0.06214113483581651,56,0.4,28,100,0.0004285837613220418,46,0.004169944794724139,1,1,sgd,"{'neurons_per_layer_encoder': [28], 'neurons_per_layer_decoder': [28]}",28,[28],[28],[0.03789785984729077],0.7532622553836343,COMPLETE
592,-0.2518480564386607,2025-01-10 14:26:59.836639,2025-01-10 14:27:00.922052,0 days 00:00:01.085413,0.012378853722711504,56,0.4,32,100,0.0006099507204808599,51,0.005690982520753394,1,1,sgd,"{'neurons_per_layer_encoder': [32], 'neurons_per_layer_decoder': [32]}",32,[32],[32],[-0.2518480564386607],0.7329438476965789,COMPLETE
593,0.09518803532659414,2025-01-10 14:27:00.100040,2025-01-10 14:27:02.275177,0 days 00:00:02.175137,0.07474834762105172,48,0.4,32,100,0.0006108321841447625,51,0.004399073675718526,1,1,sgd,"{'neurons_per_layer_encoder': [32], 'neurons_per_layer_decoder': [32]}",32,[32],[32],[0.09518803532659414],0.7947639651494265,COMPLETE
594,-0.06703847396719076,2025-01-10 14:27:00.258501,2025-01-10 14:27:01.261402,0 days 00:00:01.002901,0.06792380163560648,48,0.4,32,100,0.00046246045878650796,51,0.004215642642511373,1,1,sgd,"{'neurons_per_layer_encoder': [32], 'neurons_per_layer_decoder': [32]}",32,[32],[32],[-0.06703847396719076],0.7099188174518964,COMPLETE
595,0.08030700743153096,2025-01-10 14:27:00.929917,2025-01-10 14:27:03.430489,0 days 00:00:02.500572,0.06828648487967201,48,0.4,68,100,3.0331215564578714e-06,296,0.008501526018243324,1,3,sgd,"{'neurons_per_layer_encoder': [68, 136, 272], 'neurons_per_layer_decoder': [272]}",68,[272],"[68, 136, 272]",[0.08030700743153096],0.6363869893031489,COMPLETE
596,0.012903380623106142,2025-01-10 14:27:01.270118,2025-01-10 14:27:03.128410,0 days 00:00:01.858292,0.06269648791216302,48,0.4,68,100,2.9586506225064397e-06,296,0.006093504286769146,1,3,sgd,"{'neurons_per_layer_encoder': [68, 136, 272], 'neurons_per_layer_decoder': [272]}",68,[272],"[68, 136, 272]",[0.012903380623106142],0.6696758741780586,COMPLETE
597,0.06195056113267783,2025-01-10 14:27:02.283056,2025-01-10 14:27:04.288828,0 days 00:00:02.005772,0.05584403124020989,64,0.2,12,100,3.306554979593403e-06,100,0.0016183547722438277,1,3,sgd,"{'neurons_per_layer_encoder': [12, 24, 48], 'neurons_per_layer_decoder': [48]}",12,[48],"[12, 24, 48]",[0.06195056113267783],0.6488001199797503,COMPLETE
598,-0.012462227257719727,2025-01-10 14:27:03.437599,2025-01-10 14:27:05.394810,0 days 00:00:01.957211,0.05611902859223653,64,0.2,12,100,3.807152672191318e-06,13,1.6540826422472143e-05,1,1,sgd,"{'neurons_per_layer_encoder': [12], 'neurons_per_layer_decoder': [12]}",12,[12],[12],[-0.012462227257719727],0.7274454336010653,COMPLETE
599,-0.08889575321949295,2025-01-10 14:27:04.296504,2025-01-10 14:27:06.179259,0 days 00:00:01.882755,0.0813376200364386,64,0.2,108,100,0.0005039166215900138,132,1.6552149148551453e-05,1,1,sgd,"{'neurons_per_layer_encoder': [108], 'neurons_per_layer_decoder': [108]}",108,[108],[108],[-0.08889575321949295],0.8297364292511964,COMPLETE
600,0.05510957673681249,2025-01-10 15:47:32.897550,2025-01-10 15:47:34.957830,0 days 00:00:02.060280,0.08736353689347102,48,0.4,24,100,5.37166425602548e-06,42,2.9342753119197615e-05,1,1,sgd,"{'neurons_per_layer_encoder': [24], 'neurons_per_layer_decoder': [24]}",24,[24],[24],[0.05510957673681249],0.6884729720678346,COMPLETE
601,-0.16284933803689028,2025-01-10 15:47:32.899307,2025-01-10 15:47:34.191002,0 days 00:00:01.291695,0.06473817348987909,48,0.4,80,100,5.210505157112135e-06,104,2.3177551940805487e-05,1,1,sgd,"{'neurons_per_layer_encoder': [80], 'neurons_per_layer_decoder': [80]}",80,[80],[80],[-0.16284933803689028],0.7490702262120772,COMPLETE
602,0.02186096583683106,2025-01-10 15:47:32.906121,2025-01-10 15:47:34.652808,0 days 00:00:01.746687,0.06458459225302532,48,0.4,80,100,5.303019920877479e-06,104,3.145630094704087e-05,1,1,sgd,"{'neurons_per_layer_encoder': [80], 'neurons_per_layer_decoder': [80]}",80,[80],[80],[0.02186096583683106],0.7219269270922277,COMPLETE
603,-0.17806853762242136,2025-01-10 15:47:32.910568,2025-01-10 15:47:33.951233,0 days 00:00:01.040665,0.08781794070523112,48,0.4,80,100,5.096759302247889e-06,104,2.378285185289032e-05,1,1,sgd,"{'neurons_per_layer_encoder': [80], 'neurons_per_layer_decoder': [80]}",80,[80],[80],[-0.17806853762242136],0.6577063756262811,COMPLETE
604,-0.1709771021745894,2025-01-10 15:47:32.907132,2025-01-10 15:47:33.898757,0 days 00:00:00.991625,0.08915262716949737,48,0.4,40,100,5.3044314187964336e-06,60,2.2890699954536605e-05,1,1,sgd,"{'neurons_per_layer_encoder': [40], 'neurons_per_layer_decoder': [40]}",40,[40],[40],[-0.1709771021745894],0.537537907209678,COMPLETE
605,-0.12586718566366972,2025-01-10 15:47:33.908472,2025-01-10 15:47:34.813644,0 days 00:00:00.905172,0.07336266396855119,48,0.2,80,100,0.0006131397181104274,104,0.0003695009868312396,1,1,sgd,"{'neurons_per_layer_encoder': [80], 'neurons_per_layer_decoder': [80]}",80,[80],[80],[-0.12586718566366972],0.8282508773971925,COMPLETE
606,-0.09020780230911507,2025-01-10 15:47:33.962814,2025-01-10 15:47:34.862188,0 days 00:00:00.899374,0.07391215554505322,128,0.2,168,100,0.0009011443893123858,192,1.466420413986528e-05,1,1,sgd,"{'neurons_per_layer_encoder': [168], 'neurons_per_layer_decoder': [168]}",168,[168],[168],[-0.09020780230911507],0.9209074592077181,COMPLETE
607,-0.03923253582501096,2025-01-10 15:47:34.200399,2025-01-10 15:47:35.136476,0 days 00:00:00.936077,0.0728733889252244,56,0.2,140,100,0.0008972935103390811,228,1.459600184438762e-05,1,1,sgd,"{'neurons_per_layer_encoder': [140], 'neurons_per_layer_decoder': [140]}",140,[140],[140],[-0.03923253582501096],0.9145757983696652,COMPLETE
608,-0.1487773261327907,2025-01-10 15:47:34.662722,2025-01-10 15:47:36.228338,0 days 00:00:01.565616,0.0739569429915994,56,0.2,140,100,0.000586061647454199,164,1.38960697719116e-05,1,1,sgd,"{'neurons_per_layer_encoder': [140], 'neurons_per_layer_decoder': [140]}",140,[140],[140],[-0.1487773261327907],0.8845265080139824,COMPLETE
609,-0.04479364047416046,2025-01-10 15:47:34.821708,2025-01-10 15:47:35.918577,0 days 00:00:01.096869,0.05709607988684224,56,0.2,136,100,0.0005096866257751075,240,1.4643077049889362e-05,1,1,sgd,"{'neurons_per_layer_encoder': [136], 'neurons_per_layer_decoder': [136]}",136,[136],[136],[-0.04479364047416046],0.8561104196269663,COMPLETE
610,0.30594633992015885,2025-01-10 15:47:34.870213,2025-01-10 15:47:37.102042,0 days 00:00:02.231829,0.057544862216371034,56,0.2,24,100,0.0009753790981878991,42,0.0066056967169892756,1,1,sgd,"{'neurons_per_layer_encoder': [24], 'neurons_per_layer_decoder': [24]}",24,[24],[24],[0.30594633992015885],0.8324287021231612,COMPLETE
611,-0.5382150440237528,2025-01-10 15:47:34.970977,2025-01-10 15:47:37.102023,0 days 00:00:02.131046,0.14876819069767097,56,0.2,24,100,0.00039107297702469,42,0.005063353179386414,1,1,sgd,"{'neurons_per_layer_encoder': [24], 'neurons_per_layer_decoder': [24]}",24,[24],[24],[-0.5382150440237528],0.5789227866871041,COMPLETE
