number,value,datetime_start,datetime_complete,duration,params_alpha,params_batch_size,params_drop_out_rate,params_encoder_neurons_layer_1,params_epochs,params_lambda,params_latent_dim,params_learning_rate,params_num_layers_decoder,params_num_layers_encoder,params_optimizer,user_attrs_encoder_decoder_config,user_attrs_first_layer_neurons,user_attrs_neurons_per_layer_decoder,user_attrs_neurons_per_layer_encoder,user_attrs_r2_feature_1,user_attrs_relative_deterioration,state
2401,0.11321859540891288,2025-01-11 12:26:21.144345,2025-01-11 12:26:22.667677,0 days 00:00:01.523332,0.1460128276367372,64,0.4,12,100,1.471787044650904e-06,42,1.2619642986152273e-05,1,2,sgd,"{'neurons_per_layer_encoder': [12, 24], 'neurons_per_layer_decoder': [24]}",12,[24],"[12, 24]",[0.11321859540891288],0.7879055100982392,COMPLETE
2402,-0.0058885237834704895,2025-01-11 12:26:21.145701,2025-01-11 12:26:22.493271,0 days 00:00:01.347570,0.1485159616583905,64,0.4,12,100,1.490510340131445e-06,42,1.3952137927073166e-05,1,2,sgd,"{'neurons_per_layer_encoder': [12, 24], 'neurons_per_layer_decoder': [24]}",12,[24],"[12, 24]",[-0.0058885237834704895],0.6808895368883542,COMPLETE
2403,-0.6408246217267923,2025-01-11 12:26:21.152687,2025-01-11 12:26:23.185956,0 days 00:00:02.033269,0.14848100175547677,64,0.4,12,100,1.471275398087453e-06,42,1.300333065745652e-05,1,2,sgd,"{'neurons_per_layer_encoder': [12, 24], 'neurons_per_layer_decoder': [24]}",12,[24],"[12, 24]",[-0.6408246217267923],0.6648957042753328,COMPLETE
2404,-0.3129613859266829,2025-01-11 12:26:21.152658,2025-01-11 12:26:22.211546,0 days 00:00:01.058888,0.14867330290904515,64,0.2,12,100,1.479145888917658e-06,42,1.3387017445401446e-05,1,2,sgd,"{'neurons_per_layer_encoder': [12, 24], 'neurons_per_layer_decoder': [24]}",12,[24],"[12, 24]",[-0.3129613859266829],0.6013015421012272,COMPLETE
2405,-0.6749375879761246,2025-01-11 12:26:22.222937,2025-01-11 12:26:23.827553,0 days 00:00:01.604616,0.15068987920773835,64,0.4,16,100,1.6893411900408687e-06,17,1.598100791993729e-05,1,1,adadelta,"{'neurons_per_layer_encoder': [16], 'neurons_per_layer_decoder': [16]}",16,[16],[16],[-0.6749375879761246],0.6141107908881435,COMPLETE
2406,-0.307015106159249,2025-01-11 12:26:22.505475,2025-01-11 12:26:23.846066,0 days 00:00:01.340591,0.14189504504341738,64,0.2,16,100,1.6840012553564572e-06,17,1.2474147090416635e-05,1,1,adadelta,"{'neurons_per_layer_encoder': [16], 'neurons_per_layer_decoder': [16]}",16,[16],[16],[-0.307015106159249],0.6297662666130708,COMPLETE
2407,-0.12401287995018029,2025-01-11 12:26:22.679660,2025-01-11 12:26:24.025663,0 days 00:00:01.346003,0.15359343040738713,64,0.2,24,100,1.7912639824645155e-06,42,1.530759844041029e-05,1,1,adadelta,"{'neurons_per_layer_encoder': [24], 'neurons_per_layer_decoder': [24]}",24,[24],[24],[-0.12401287995018029],0.7496299145218362,COMPLETE
2408,-0.6891603150111478,2025-01-11 12:26:23.197462,2025-01-11 12:26:25.218128,0 days 00:00:02.020666,0.15441557202789086,64,0.2,4,100,1.683897760288727e-06,4,1.5652357621482902e-05,1,1,adadelta,"{'neurons_per_layer_encoder': [4], 'neurons_per_layer_decoder': [8]}",4,[8],[4],[-0.6891603150111478],0.33909045143892713,COMPLETE
2409,-0.5752337655512749,2025-01-11 12:26:23.285637,2025-01-11 12:26:24.699965,0 days 00:00:01.414328,0.1388331870842951,64,0.2,24,100,1.7888418548125228e-06,42,1.6288824827636707e-05,1,1,adadelta,"{'neurons_per_layer_encoder': [24], 'neurons_per_layer_decoder': [24]}",24,[24],[24],[-0.5752337655512749],0.4231313645560214,COMPLETE
2410,-0.09916713650024667,2025-01-11 12:26:23.838389,2025-01-11 12:26:25.180679,0 days 00:00:01.342290,0.14022171740820383,64,0.2,4,100,1.7389323444589798e-06,4,1.1294406604892544e-05,1,1,adadelta,"{'neurons_per_layer_encoder': [4], 'neurons_per_layer_decoder': [8]}",4,[8],[4],[-0.09916713650024667],0.7733932602141977,COMPLETE
2411,-0.8171113857218446,2025-01-11 12:26:23.858920,2025-01-11 12:26:25.221882,0 days 00:00:01.362962,0.1549466217055075,64,0.2,28,100,1.8312683435182277e-06,30,1.55607875191455e-05,1,1,adadelta,"{'neurons_per_layer_encoder': [28], 'neurons_per_layer_decoder': [28]}",28,[28],[28],[-0.8171113857218446],0.4794075485473744,COMPLETE
2412,-0.4388993957022065,2025-01-11 12:26:24.037016,2025-01-11 12:26:25.394361,0 days 00:00:01.357345,0.13580630967631863,64,0.2,4,100,1.316598485126036e-06,4,1.0004731301718197e-05,1,1,adadelta,"{'neurons_per_layer_encoder': [4], 'neurons_per_layer_decoder': [8]}",4,[8],[4],[-0.4388993957022065],0.38838645561441154,COMPLETE
2413,-0.25648811326372933,2025-01-11 12:26:24.711399,2025-01-11 12:26:26.067662,0 days 00:00:01.356263,0.13109465279343388,64,0.2,4,100,1.296021737052891e-06,4,1.1292899208612696e-05,1,1,adam,"{'neurons_per_layer_encoder': [4], 'neurons_per_layer_decoder': [8]}",4,[8],[4],[-0.25648811326372933],0.3948448887661303,COMPLETE
2414,-0.22594846172064154,2025-01-11 12:26:25.191262,2025-01-11 12:26:27.000807,0 days 00:00:01.809545,0.15828434926183463,64,0.2,32,100,1.3140669302838307e-06,51,1.0975967242708297e-05,2,1,adadelta,"{'neurons_per_layer_encoder': [32], 'neurons_per_layer_decoder': [32, 16]}",32,"[32, 16]",[32],[-0.22594846172064154],0.5567830282967224,COMPLETE
2415,-0.11946804459226512,2025-01-11 12:26:25.233104,2025-01-11 12:26:28.306306,0 days 00:00:03.073202,0.12947445936534216,56,0.2,4,100,1.261678749480669e-06,4,1.1321558560456838e-05,5,1,adam,"{'neurons_per_layer_encoder': [4], 'neurons_per_layer_decoder': [8, 8, 8, 8, 8]}",4,"[8, 8, 8, 8, 8]",[4],[-0.11946804459226512],0.578087338127871,COMPLETE
2416,0.4475052836089124,2025-01-11 12:26:25.235381,2025-01-11 12:26:27.750280,0 days 00:00:02.514899,0.12737741759102522,56,0.2,40,100,1.2695579829968035e-06,60,1.4218997477480711e-05,1,1,adadelta,"{'neurons_per_layer_encoder': [40], 'neurons_per_layer_decoder': [40]}",40,[40],[40],[0.4475052836089124],0.826991871394539,COMPLETE
2417,-0.02433945851496655,2025-01-11 12:26:25.408313,2025-01-11 12:26:26.895891,0 days 00:00:01.487578,0.1678692245577081,56,0.2,44,100,1.3586026347095225e-06,80,1.1618948532295743e-05,1,1,adam,"{'neurons_per_layer_encoder': [44], 'neurons_per_layer_decoder': [44]}",44,[44],[44],[-0.02433945851496655],0.7602086521310719,COMPLETE
2418,-0.12445927773631627,2025-01-11 12:26:26.078115,2025-01-11 12:26:27.557914,0 days 00:00:01.479799,0.16221113800045212,56,0.2,44,100,1.1226511929043106e-06,80,1.4358513835572387e-05,1,1,adadelta,"{'neurons_per_layer_encoder': [44], 'neurons_per_layer_decoder': [44]}",44,[44],[44],[-0.12445927773631627],0.5703615928608987,COMPLETE
2419,0.3252728437770449,2025-01-11 12:26:26.905884,2025-01-11 12:26:29.363839,0 days 00:00:02.457955,0.16443919575748683,64,0.2,32,100,1.973258333159727e-06,35,1.3955166476663985e-05,1,1,adadelta,"{'neurons_per_layer_encoder': [32], 'neurons_per_layer_decoder': [32]}",32,[32],[32],[0.3252728437770449],0.7853443523672748,COMPLETE
2420,-0.3149086609202456,2025-01-11 12:26:27.017578,2025-01-11 12:26:28.382254,0 days 00:00:01.364676,0.16863715595800174,56,0.2,16,100,1.9576562433548794e-06,17,1.721114716105385e-05,1,1,adadelta,"{'neurons_per_layer_encoder': [16], 'neurons_per_layer_decoder': [16]}",16,[16],[16],[-0.3149086609202456],0.668490046185324,COMPLETE
2421,-0.017213691511043905,2025-01-11 12:26:27.568316,2025-01-11 12:26:28.905533,0 days 00:00:01.337217,0.1706521809232333,64,0.2,20,100,1.949092897985738e-06,22,1.689333611262542e-05,1,1,adadelta,"{'neurons_per_layer_encoder': [20], 'neurons_per_layer_decoder': [20]}",20,[20],[20],[-0.017213691511043905],0.7289525826532315,COMPLETE
2422,-0.16786112679050014,2025-01-11 12:26:27.762384,2025-01-11 12:26:29.252674,0 days 00:00:01.490290,0.12128649428444924,56,0.2,36,100,1.0043424101296604e-06,55,1.362980175550491e-05,1,1,adadelta,"{'neurons_per_layer_encoder': [36], 'neurons_per_layer_decoder': [36]}",36,[36],[36],[-0.16786112679050014],0.7543675312936293,COMPLETE
2423,-0.9276726665567634,2025-01-11 12:26:28.317841,2025-01-11 12:26:29.718414,0 days 00:00:01.400573,0.11501376252891621,56,0.2,32,100,1.1871544206429269e-06,51,1.4136724341156464e-05,1,1,adadelta,"{'neurons_per_layer_encoder': [32], 'neurons_per_layer_decoder': [32]}",32,[32],[32],[-0.9276726665567634],0.4660607434397058,COMPLETE
2424,-0.08575372728033237,2025-01-11 12:26:28.396276,2025-01-11 12:26:29.902794,0 days 00:00:01.506518,0.10890457794514544,56,0.2,32,100,1.1591074695320376e-06,51,1.3425647406051914e-05,1,1,adadelta,"{'neurons_per_layer_encoder': [32], 'neurons_per_layer_decoder': [32]}",32,[32],[32],[-0.08575372728033237],0.692389097728752,COMPLETE
2425,-0.6732169040497817,2025-01-11 12:26:28.915745,2025-01-11 12:26:30.980800,0 days 00:00:02.065055,0.11309148761451691,56,0.30000000000000004,36,100,1.014960379990452e-06,55,1.3688740049208754e-05,1,1,adadelta,"{'neurons_per_layer_encoder': [36], 'neurons_per_layer_decoder': [36]}",36,[36],[36],[-0.6732169040497817],0.4245098160167182,COMPLETE
2426,0.22452564948582732,2025-01-11 12:26:29.264073,2025-01-11 12:26:31.268048,0 days 00:00:02.003975,0.12570873041258712,56,0.2,32,100,1.1176384607476036e-06,51,1.3999624638009552e-05,1,1,sgd,"{'neurons_per_layer_encoder': [32], 'neurons_per_layer_decoder': [32]}",32,[32],[32],[0.22452564948582732],0.7609193052461644,COMPLETE
2427,0.012546169746082025,2025-01-11 12:26:29.375000,2025-01-11 12:26:30.447353,0 days 00:00:01.072353,0.12725818752238258,56,0.30000000000000004,40,100,1.1107441247650226e-06,60,1.26875901319834e-05,1,1,sgd,"{'neurons_per_layer_encoder': [40], 'neurons_per_layer_decoder': [40]}",40,[40],[40],[0.012546169746082025],0.7033413341063429,COMPLETE
2428,-0.12522291863949397,2025-01-11 12:26:29.732224,2025-01-11 12:26:31.562516,0 days 00:00:01.830292,0.11686840292923219,56,0.2,28,100,1.0803221857574172e-06,30,1.4667254270298424e-05,1,1,sgd,"{'neurons_per_layer_encoder': [28], 'neurons_per_layer_decoder': [28]}",28,[28],[28],[-0.12522291863949397],0.6279404864813745,COMPLETE
2429,0.0819565153623899,2025-01-11 12:26:29.914066,2025-01-11 12:26:30.917681,0 days 00:00:01.003615,0.11820624238064106,56,0.30000000000000004,28,100,1.1181711363960737e-06,30,1.2527663573234915e-05,1,1,sgd,"{'neurons_per_layer_encoder': [28], 'neurons_per_layer_decoder': [28]}",28,[28],[28],[0.0819565153623899],0.6936752798230061,COMPLETE
2430,0.37098554318313914,2025-01-11 12:26:30.458706,2025-01-11 12:26:32.573969,0 days 00:00:02.115263,0.11538296097018694,56,0.2,28,100,1.0052663236253236e-06,30,1.4403388316243294e-05,1,1,sgd,"{'neurons_per_layer_encoder': [28], 'neurons_per_layer_decoder': [28]}",28,[28],[28],[0.37098554318313914],0.7854290482239337,COMPLETE
2431,-1.4347999020950142,2025-01-11 12:26:30.927561,2025-01-11 12:26:32.311412,0 days 00:00:01.383851,0.1255628227417967,56,0.2,28,100,1.005971628673553e-06,30,1.4903342035980603e-05,1,1,adadelta,"{'neurons_per_layer_encoder': [28], 'neurons_per_layer_decoder': [28]}",28,[28],[28],[-1.4347999020950142],0.20762072824286512,COMPLETE
2432,0.03851170748871302,2025-01-11 12:26:30.993716,2025-01-11 12:26:32.671317,0 days 00:00:01.677601,0.12778745232402464,56,0.2,28,100,1.2061879565104065e-06,30,1.5026382822224075e-05,1,1,adadelta,"{'neurons_per_layer_encoder': [28], 'neurons_per_layer_decoder': [28]}",28,[28],[28],[0.03851170748871302],0.7754761735152398,COMPLETE
2433,-0.34175290259535807,2025-01-11 12:26:31.279435,2025-01-11 12:26:33.088327,0 days 00:00:01.808892,0.12830414572646076,56,0.2,24,100,1.2579621248669123e-06,42,1.5217725639394345e-05,1,1,adadelta,"{'neurons_per_layer_encoder': [24], 'neurons_per_layer_decoder': [24]}",24,[24],[24],[-0.34175290259535807],0.6701266901119396,COMPLETE
2434,0.4220910634693654,2025-01-11 12:26:31.573582,2025-01-11 12:26:34.046552,0 days 00:00:02.472970,0.12423883560576607,56,0.2,24,100,1.2756879169471337e-06,42,1.1714354680037908e-05,1,1,adadelta,"{'neurons_per_layer_encoder': [24], 'neurons_per_layer_decoder': [24]}",24,[24],[24],[0.4220910634693654],0.8138564336419304,COMPLETE
2435,-0.20448973590095987,2025-01-11 12:26:32.320912,2025-01-11 12:26:34.337643,0 days 00:00:02.016731,0.12825048656952498,56,0.2,24,100,1.293174651417892e-06,42,1.1304104823796763e-05,1,1,adadelta,"{'neurons_per_layer_encoder': [24], 'neurons_per_layer_decoder': [24]}",24,[24],[24],[-0.20448973590095987],0.559105747738687,COMPLETE
2436,-0.4158183112819287,2025-01-11 12:26:32.584491,2025-01-11 12:26:34.412914,0 days 00:00:01.828423,0.13171801109913675,56,0.2,24,100,1.4315102562032721e-06,42,1.1233538068307628e-05,1,1,adadelta,"{'neurons_per_layer_encoder': [24], 'neurons_per_layer_decoder': [24]}",24,[24],[24],[-0.4158183112819287],0.490938650155343,COMPLETE
2437,0.13845490917192627,2025-01-11 12:26:32.681913,2025-01-11 12:26:35.219367,0 days 00:00:02.537454,0.1298341950167902,56,0.1,24,100,1.2945027751106418e-06,42,1.2311499290378071e-05,1,1,adadelta,"{'neurons_per_layer_encoder': [24], 'neurons_per_layer_decoder': [24]}",24,[24],[24],[0.13845490917192627],0.5605661377730157,COMPLETE
2438,-0.3165744452617405,2025-01-11 12:26:33.098481,2025-01-11 12:26:34.546141,0 days 00:00:01.447660,0.1325974472289449,56,0.1,20,100,1.375782838988079e-06,22,1.25692871685925e-05,1,1,adadelta,"{'neurons_per_layer_encoder': [20], 'neurons_per_layer_decoder': [20]}",20,[20],[20],[-0.3165744452617405],0.7603088085507269,COMPLETE
2439,-0.35352772708773084,2025-01-11 12:26:34.056901,2025-01-11 12:26:35.625327,0 days 00:00:01.568426,0.1163289126524113,56,0.1,32,100,1.3972189497515003e-06,51,1.125507405160977e-05,1,1,adadelta,"{'neurons_per_layer_encoder': [32], 'neurons_per_layer_decoder': [32]}",32,[32],[32],[-0.35352772708773084],0.4952955325366193,COMPLETE
2440,-0.4899845296558061,2025-01-11 12:26:34.348930,2025-01-11 12:26:36.238215,0 days 00:00:01.889285,0.12706079934185202,56,0.2,36,100,1.3850291506913186e-06,79,1.134758192035422e-05,2,2,adadelta,"{'neurons_per_layer_encoder': [36, 72], 'neurons_per_layer_decoder': [72, 36]}",36,"[72, 36]","[36, 72]",[-0.4899845296558061],0.51514556475722,COMPLETE
2441,0.01983612616959829,2025-01-11 12:26:34.424912,2025-01-11 12:26:36.919955,0 days 00:00:02.495043,0.1011809591952578,56,0.2,32,100,1.4087062171373436e-06,86,1.1206799785101384e-05,1,2,adadelta,"{'neurons_per_layer_encoder': [32, 64], 'neurons_per_layer_decoder': [64]}",32,[64],"[32, 64]",[0.01983612616959829],0.6472589687495178,COMPLETE
2442,-0.03853186213511206,2025-01-11 12:26:34.556080,2025-01-11 12:26:37.018716,0 days 00:00:02.462636,0.11885319478897279,56,0.2,28,100,1.4249077087032844e-06,77,1.1847118292844446e-05,1,2,adadelta,"{'neurons_per_layer_encoder': [28, 56], 'neurons_per_layer_decoder': [56]}",28,[56],"[28, 56]",[-0.03853186213511206],0.7581486094891814,COMPLETE
2443,-0.24691983073906698,2025-01-11 12:26:35.231767,2025-01-11 12:26:37.317625,0 days 00:00:02.085858,0.11026001825453628,56,0.2,36,100,1.4623182742394242e-06,95,1.0995147075192886e-05,1,2,adadelta,"{'neurons_per_layer_encoder': [36, 72], 'neurons_per_layer_decoder': [72]}",36,[72],"[36, 72]",[-0.24691983073906698],0.5364662848524678,COMPLETE
2444,-0.10622627620910419,2025-01-11 12:26:35.636452,2025-01-11 12:26:37.269416,0 days 00:00:01.632964,0.10544826695489518,56,0.2,36,100,1.5991045989468607e-06,127,1.0067243987244976e-05,1,2,adadelta,"{'neurons_per_layer_encoder': [36, 72], 'neurons_per_layer_decoder': [72]}",36,[72],"[36, 72]",[-0.10622627620910419],0.6999805372030458,COMPLETE
2445,0.5210809364984731,2025-01-11 12:26:36.250683,2025-01-11 12:26:38.369982,0 days 00:00:02.119299,0.12835554334341298,56,0.2,32,100,1.5838207377823822e-06,51,1.1355491591957708e-05,1,1,sgd,"{'neurons_per_layer_encoder': [32], 'neurons_per_layer_decoder': [32]}",32,[32],[32],[0.5210809364984731],0.7776597907038747,COMPLETE
2446,-0.4035881346587076,2025-01-11 12:26:36.930359,2025-01-11 12:26:38.042385,0 days 00:00:01.112026,0.11928807700737444,56,0.2,36,100,1.5829049179905579e-06,55,1.103892675329207e-05,1,1,sgd,"{'neurons_per_layer_encoder': [36], 'neurons_per_layer_decoder': [36]}",36,[36],[36],[-0.4035881346587076],0.44569220597949083,COMPLETE
2447,-0.5607011137656641,2025-01-11 12:26:37.030571,2025-01-11 12:26:38.494937,0 days 00:00:01.464366,0.10839834894475449,56,0.2,32,100,1.598472004030802e-06,51,1.096673326128826e-05,1,1,sgd,"{'neurons_per_layer_encoder': [32], 'neurons_per_layer_decoder': [32]}",32,[32],[32],[-0.5607011137656641],0.5965898151196742,COMPLETE
2448,-0.2778142962193302,2025-01-11 12:26:37.279798,2025-01-11 12:26:38.794206,0 days 00:00:01.514408,0.11635002269951127,56,0.2,28,100,1.5583220917786183e-06,46,1.0072914413499318e-05,1,1,sgd,"{'neurons_per_layer_encoder': [28], 'neurons_per_layer_decoder': [28]}",28,[28],[28],[-0.2778142962193302],0.6288699563884941,COMPLETE
2449,-0.30900901761508437,2025-01-11 12:26:37.331295,2025-01-11 12:26:38.308546,0 days 00:00:00.977251,0.11850400583494583,56,0.2,28,100,1.596084315818297e-06,46,1.2529218396745982e-05,1,1,sgd,"{'neurons_per_layer_encoder': [28], 'neurons_per_layer_decoder': [28]}",28,[28],[28],[-0.30900901761508437],0.5819002494179417,COMPLETE
2450,0.10893597698423607,2025-01-11 12:26:38.053903,2025-01-11 12:26:39.037890,0 days 00:00:00.983987,0.11554058747365194,56,0.2,28,100,1.6247189968728054e-06,46,1.0038087779075459e-05,1,1,sgd,"{'neurons_per_layer_encoder': [28], 'neurons_per_layer_decoder': [28]}",28,[28],[28],[0.10893597698423607],0.7474566258448118,COMPLETE
2451,-0.0680231567399594,2025-01-11 12:26:38.319210,2025-01-11 12:26:40.992180,0 days 00:00:02.672970,0.1206364575358617,56,0.2,28,100,1.6029646328070716e-06,46,1.2501864559059934e-05,1,1,adadelta,"{'neurons_per_layer_encoder': [28], 'neurons_per_layer_decoder': [28]}",28,[28],[28],[-0.0680231567399594],0.5565854938613777,COMPLETE
2452,-0.3379348726694813,2025-01-11 12:26:38.382565,2025-01-11 12:26:39.387667,0 days 00:00:01.005102,0.11600847442242448,56,0.2,32,100,1.7008871870981555e-06,51,1.0102457387237718e-05,1,1,sgd,"{'neurons_per_layer_encoder': [32], 'neurons_per_layer_decoder': [32]}",32,[32],[32],[-0.3379348726694813],0.6068996540718553,COMPLETE
2453,-0.0960627394552589,2025-01-11 12:26:38.509837,2025-01-11 12:26:39.936472,0 days 00:00:01.426635,0.12170380977914483,56,0.2,40,100,1.709138949169122e-06,60,1.2558469301627837e-05,1,1,sgd,"{'neurons_per_layer_encoder': [40], 'neurons_per_layer_decoder': [40]}",40,[40],[40],[-0.0960627394552589],0.7198535127063944,COMPLETE
2454,-0.181774608449361,2025-01-11 12:26:38.805093,2025-01-11 12:26:39.830423,0 days 00:00:01.025330,0.12261862296666036,56,0.2,40,100,1.818439377038855e-06,60,1.283001684621606e-05,1,1,sgd,"{'neurons_per_layer_encoder': [40], 'neurons_per_layer_decoder': [40]}",40,[40],[40],[-0.181774608449361],0.6528415464198377,COMPLETE
2455,0.0006925874328713721,2025-01-11 12:26:39.048591,2025-01-11 12:26:40.408003,0 days 00:00:01.359412,0.12491089772932479,56,0.2,36,100,1.8433611628380808e-06,55,1.2839911424102994e-05,1,1,sgd,"{'neurons_per_layer_encoder': [36], 'neurons_per_layer_decoder': [36]}",36,[36],[36],[0.0006925874328713721],0.7643555330280531,COMPLETE
2456,-0.30065001525721025,2025-01-11 12:26:39.398930,2025-01-11 12:26:41.583936,0 days 00:00:02.185006,0.14055739909327963,56,0.2,40,100,1.950691788081623e-06,60,1.2581980211382521e-05,1,1,sgd,"{'neurons_per_layer_encoder': [40], 'neurons_per_layer_decoder': [40]}",40,[40],[40],[-0.30065001525721025],0.6687526940539993,COMPLETE
2457,0.2816286823746744,2025-01-11 12:26:39.843688,2025-01-11 12:26:42.039447,0 days 00:00:02.195759,0.13308899970127347,56,0.2,40,100,1.912113065277766e-06,60,1.2454466869539015e-05,1,1,sgd,"{'neurons_per_layer_encoder': [40], 'neurons_per_layer_decoder': [40]}",40,[40],[40],[0.2816286823746744],0.7628757243401856,COMPLETE
2458,-0.28833905508581403,2025-01-11 12:26:39.949483,2025-01-11 12:26:41.775767,0 days 00:00:01.826284,0.13126523967547563,56,0.2,44,100,1.982679214708153e-06,64,1.2820346074362661e-05,1,1,sgd,"{'neurons_per_layer_encoder': [44], 'neurons_per_layer_decoder': [44]}",44,[44],[44],[-0.28833905508581403],0.6444959750556218,COMPLETE
2459,-0.3676931557773089,2025-01-11 12:26:40.419375,2025-01-11 12:26:41.451351,0 days 00:00:01.031976,0.1298483271258458,56,0.2,40,100,1.971355933542762e-06,60,1.3013557827689814e-05,1,1,sgd,"{'neurons_per_layer_encoder': [40], 'neurons_per_layer_decoder': [40]}",40,[40],[40],[-0.3676931557773089],0.7097482879883742,COMPLETE
2460,-0.6938298292851626,2025-01-11 12:26:41.003539,2025-01-11 12:26:41.982636,0 days 00:00:00.979097,0.13297435604152377,56,0.2,32,100,1.9926709806382484e-06,51,1.391763276948653e-05,1,1,sgd,"{'neurons_per_layer_encoder': [32], 'neurons_per_layer_decoder': [32]}",32,[32],[32],[-0.6938298292851626],0.5172243413305647,COMPLETE
2461,-0.11667555434055177,2025-01-11 12:26:41.462081,2025-01-11 12:26:42.598638,0 days 00:00:01.136557,0.1378036023980294,48,0.2,32,100,1.8964702801302853e-06,51,1.4717157802134154e-05,1,1,sgd,"{'neurons_per_layer_encoder': [32], 'neurons_per_layer_decoder': [32]}",32,[32],[32],[-0.11667555434055177],0.6433609276324673,COMPLETE
2462,-0.6748953016953438,2025-01-11 12:26:41.595382,2025-01-11 12:26:42.593733,0 days 00:00:00.998351,0.12734155272242167,48,0.2,36,100,2.060989672067941e-06,55,1.472353350049647e-05,1,1,sgd,"{'neurons_per_layer_encoder': [36], 'neurons_per_layer_decoder': [36]}",36,[36],[36],[-0.6748953016953438],0.5559540664416691,COMPLETE
2463,-0.03799311734403554,2025-01-11 12:26:41.786373,2025-01-11 12:26:42.764084,0 days 00:00:00.977711,0.1374010860233466,48,0.2,32,100,1.8034196370906435e-06,51,1.4743248507342767e-05,1,1,sgd,"{'neurons_per_layer_encoder': [32], 'neurons_per_layer_decoder': [32]}",32,[32],[32],[-0.03799311734403554],0.6436497568149042,COMPLETE
2464,-0.93623939852795,2025-01-11 12:26:41.993203,2025-01-11 12:26:42.979986,0 days 00:00:00.986783,0.13602105751305377,48,0.2,40,100,1.6985951141251713e-06,60,1.1276388566944088e-05,1,1,sgd,"{'neurons_per_layer_encoder': [40], 'neurons_per_layer_decoder': [40]}",40,[40],[40],[-0.93623939852795],0.5905898108579621,COMPLETE
