number,value,datetime_start,datetime_complete,duration,params_alpha,params_batch_size,params_drop_out_rate,params_encoder_neurons_layer_1,params_epochs,params_lambda,params_latent_dim,params_learning_rate,params_num_layers_decoder,params_num_layers_encoder,params_optimizer,user_attrs_encoder_decoder_config,user_attrs_first_layer_neurons,user_attrs_neurons_per_layer_decoder,user_attrs_neurons_per_layer_encoder,user_attrs_r2_feature_1,user_attrs_relative_deterioration,state
2018,-0.8179637392464245,2025-01-11 12:17:36.641527,2025-01-11 12:17:37.969927,0 days 00:00:01.328400,0.17378293172112946,64,0.2,8,100,2.751141947100714e-06,8,1.7528784268418256e-05,1,1,adadelta,"{'neurons_per_layer_encoder': [8], 'neurons_per_layer_decoder': [8]}",8,[8],[8],[-0.8179637392464245],0.41165667342501516,COMPLETE
2019,-0.04769987634650241,2025-01-11 12:17:36.655657,2025-01-11 12:17:38.463480,0 days 00:00:01.807823,0.1897822765032408,64,0.2,8,100,2.915797548685238e-06,8,3.577122189882469e-05,1,1,adadelta,"{'neurons_per_layer_encoder': [8], 'neurons_per_layer_decoder': [8]}",8,[8],[8],[-0.04769987634650241],0.7693366540163344,COMPLETE
2020,0.07564364351440056,2025-01-11 12:17:36.671502,2025-01-11 12:17:39.068724,0 days 00:00:02.397222,0.17745543808642697,64,0.2,8,100,2.9808006082542374e-06,8,1.6343096282449433e-05,1,1,adadelta,"{'neurons_per_layer_encoder': [8], 'neurons_per_layer_decoder': [8]}",8,[8],[8],[0.07564364351440056],0.6879833846058907,COMPLETE
2021,-0.6512601825676785,2025-01-11 12:17:36.831807,2025-01-11 12:17:38.155627,0 days 00:00:01.323820,0.17848550956766507,64,0.2,8,100,3.02729311078184e-06,8,1.69394429973907e-05,1,1,adadelta,"{'neurons_per_layer_encoder': [8], 'neurons_per_layer_decoder': [8]}",8,[8],[8],[-0.6512601825676785],0.5366465928064198,COMPLETE
2022,0.00623948288977183,2025-01-11 12:17:37.836149,2025-01-11 12:17:40.540643,0 days 00:00:02.704494,0.17893212933078687,64,0.1,4,100,2.922476600329935e-06,4,3.7382569062620826e-05,1,1,adadelta,"{'neurons_per_layer_encoder': [4], 'neurons_per_layer_decoder': [8]}",4,[8],[4],[0.00623948288977183],0.7559280003656402,COMPLETE
2023,-0.27266002968541403,2025-01-11 12:17:37.980382,2025-01-11 12:17:39.294333,0 days 00:00:01.313951,0.18265180445482052,64,0.2,4,100,2.997033216896587e-06,4,3.590040176455821e-05,1,1,adadelta,"{'neurons_per_layer_encoder': [4], 'neurons_per_layer_decoder': [8]}",4,[8],[4],[-0.27266002968541403],0.5927124996901668,COMPLETE
2024,0.281436282669675,2025-01-11 12:17:38.165794,2025-01-11 12:17:40.284792,0 days 00:00:02.118998,0.017934503579284538,56,0.2,4,100,1.81993604311389e-06,4,1.274158346422717e-05,1,1,adadelta,"{'neurons_per_layer_encoder': [4], 'neurons_per_layer_decoder': [8]}",4,[8],[4],[0.281436282669675],0.7641613577536523,COMPLETE
2025,-0.7847842276603025,2025-01-11 12:17:38.473931,2025-01-11 12:17:40.083254,0 days 00:00:01.609323,0.18519498512378094,32,0.1,4,100,1.737254577779131e-06,4,1.3299741847286315e-05,1,1,adadelta,"{'neurons_per_layer_encoder': [4], 'neurons_per_layer_decoder': [8]}",4,[8],[4],[-0.7847842276603025],0.5741130980252874,COMPLETE
2026,-0.14893753272790855,2025-01-11 12:17:39.079540,2025-01-11 12:17:40.842452,0 days 00:00:01.762912,0.19866949518810068,56,0.1,12,100,1.7883966504562598e-06,13,1.2556029207268875e-05,1,1,adadelta,"{'neurons_per_layer_encoder': [12], 'neurons_per_layer_decoder': [12]}",12,[12],[12],[-0.14893753272790855],0.4795539310930252,COMPLETE
2027,-0.36414367998033903,2025-01-11 12:17:39.304315,2025-01-11 12:17:40.899203,0 days 00:00:01.594888,0.19147033741579184,56,0.1,4,100,1.8450526984437962e-06,4,1.3327184687835295e-05,1,1,adadelta,"{'neurons_per_layer_encoder': [4], 'neurons_per_layer_decoder': [8]}",4,[8],[4],[-0.36414367998033903],0.5253600944398262,COMPLETE
2028,-0.23833910026889482,2025-01-11 12:17:40.093136,2025-01-11 12:17:41.506099,0 days 00:00:01.412963,0.15202693717986898,56,0.2,12,100,1.5336387744850586e-06,13,1.2666018621586381e-05,1,1,adadelta,"{'neurons_per_layer_encoder': [12], 'neurons_per_layer_decoder': [12]}",12,[12],[12],[-0.23833910026889482],0.4647320965988539,COMPLETE
2029,-0.42057050064125656,2025-01-11 12:17:40.294881,2025-01-11 12:17:42.293952,0 days 00:00:01.999071,0.15355811294067395,40,0.2,12,100,2.328039537026139e-06,13,2.325152716976286e-05,1,1,adadelta,"{'neurons_per_layer_encoder': [12], 'neurons_per_layer_decoder': [12]}",12,[12],[12],[-0.42057050064125656],0.6341686822428043,COMPLETE
2030,0.32278264632754794,2025-01-11 12:17:40.552022,2025-01-11 12:17:43.112710,0 days 00:00:02.560688,0.019998392717626524,40,0.2,120,100,1.5331709902193563e-06,160,2.338088237091878e-05,1,1,adadelta,"{'neurons_per_layer_encoder': [120], 'neurons_per_layer_decoder': [120]}",120,[120],[120],[0.32278264632754794],0.7096245374686158,COMPLETE
2031,-0.07540963037065129,2025-01-11 12:17:40.853120,2025-01-11 12:17:42.422766,0 days 00:00:01.569646,0.15224137822269096,40,0.2,128,100,3.68865722191247e-06,136,2.2985812098213347e-05,1,1,adadelta,"{'neurons_per_layer_encoder': [128], 'neurons_per_layer_decoder': [128]}",128,[128],[128],[-0.07540963037065129],0.5053891955885467,COMPLETE
2032,-0.09162178702589618,2025-01-11 12:17:40.910461,2025-01-11 12:17:42.464621,0 days 00:00:01.554160,0.15437011423585886,40,0.2,12,100,1.5262491908248877e-06,13,2.3521374895982897e-05,1,1,adadelta,"{'neurons_per_layer_encoder': [12], 'neurons_per_layer_decoder': [12]}",12,[12],[12],[-0.09162178702589618],0.5176913988327058,COMPLETE
2033,0.3019892063345869,2025-01-11 12:17:41.516053,2025-01-11 12:17:43.987057,0 days 00:00:02.471004,0.16777144647898684,40,0.2,12,100,2.249017448785254e-06,13,2.1805141782494303e-05,1,1,adadelta,"{'neurons_per_layer_encoder': [12], 'neurons_per_layer_decoder': [12]}",12,[12],[12],[0.3019892063345869],0.808660184681421,COMPLETE
2034,-0.12296423393478673,2025-01-11 12:17:42.304455,2025-01-11 12:17:44.158685,0 days 00:00:01.854230,0.16801337032189675,72,0.2,16,100,1.0119987721659151e-06,17,1.46552771454679e-05,1,1,adadelta,"{'neurons_per_layer_encoder': [16], 'neurons_per_layer_decoder': [16]}",16,[16],[16],[-0.12296423393478673],0.6243803219769279,COMPLETE
2035,-0.5454883556690862,2025-01-11 12:17:42.437889,2025-01-11 12:17:43.768393,0 days 00:00:01.330504,0.019750150888277106,72,0.2,16,100,2.4591308593797402e-06,17,1.5120289555378609e-05,1,1,adadelta,"{'neurons_per_layer_encoder': [16], 'neurons_per_layer_decoder': [16]}",16,[16],[16],[-0.5454883556690862],0.6029570524653276,COMPLETE
2036,-0.28063998729986395,2025-01-11 12:17:42.478448,2025-01-11 12:17:43.800326,0 days 00:00:01.321878,0.16795260805491152,80,0.2,16,100,2.4041366926331377e-06,17,1.4815218108269492e-05,1,1,adadelta,"{'neurons_per_layer_encoder': [16], 'neurons_per_layer_decoder': [16]}",16,[16],[16],[-0.28063998729986395],0.6724838406325274,COMPLETE
2037,-0.37995421934930973,2025-01-11 12:17:43.123258,2025-01-11 12:17:44.455924,0 days 00:00:01.332666,0.16649243030273167,72,0.2,16,100,2.421957466611512e-06,17,1.5108104883429299e-05,1,1,adadelta,"{'neurons_per_layer_encoder': [16], 'neurons_per_layer_decoder': [16]}",16,[16],[16],[-0.37995421934930973],0.5332095176446283,COMPLETE
2038,-0.487393169522212,2025-01-11 12:17:43.779158,2025-01-11 12:17:45.102978,0 days 00:00:01.323820,0.1683973303623706,80,0.2,20,100,2.0167246702707808e-06,22,1.4775795603716224e-05,1,1,adadelta,"{'neurons_per_layer_encoder': [20], 'neurons_per_layer_decoder': [20]}",20,[20],[20],[-0.487393169522212],0.5944639340995753,COMPLETE
2039,-0.33125451299972886,2025-01-11 12:17:43.813653,2025-01-11 12:17:45.139626,0 days 00:00:01.325973,0.16965573079034474,72,0.2,108,100,1.13421691305367e-06,180,3.207342196807582e-05,1,1,adadelta,"{'neurons_per_layer_encoder': [108], 'neurons_per_layer_decoder': [108]}",108,[108],[108],[-0.33125451299972886],0.6258029370450204,COMPLETE
2040,-0.07467256137519374,2025-01-11 12:17:43.997649,2025-01-11 12:17:45.312437,0 days 00:00:01.314788,0.03601688887945265,64,0.2,20,100,1.141178696480654e-06,22,1.540209195627983e-05,1,1,adadelta,"{'neurons_per_layer_encoder': [20], 'neurons_per_layer_decoder': [20]}",20,[20],[20],[-0.07467256137519374],0.7086439202117788,COMPLETE
2041,-0.3484565155132715,2025-01-11 12:17:44.169635,2025-01-11 12:17:45.680377,0 days 00:00:01.510742,0.0356044681639608,64,0.30000000000000004,20,100,1.933783571090969e-06,22,1.755094617091851e-05,1,1,adadelta,"{'neurons_per_layer_encoder': [20], 'neurons_per_layer_decoder': [20]}",20,[20],[20],[-0.3484565155132715],0.6173689284178971,COMPLETE
2042,-0.06673384126320392,2025-01-11 12:17:44.465861,2025-01-11 12:17:45.828128,0 days 00:00:01.362267,0.03605274380196287,64,0.30000000000000004,20,100,2.046131635534813e-06,22,1.0025324418979194e-05,1,1,adadelta,"{'neurons_per_layer_encoder': [20], 'neurons_per_layer_decoder': [20]}",20,[20],[20],[-0.06673384126320392],0.564228652395726,COMPLETE
2043,-0.30773628134193065,2025-01-11 12:17:45.113080,2025-01-11 12:17:47.526844,0 days 00:00:02.413764,0.15676296932608608,64,0.2,8,100,2.0175328448832964e-06,8,0.00039762057659006915,1,1,adadelta,"{'neurons_per_layer_encoder': [8], 'neurons_per_layer_decoder': [8]}",8,[8],[8],[-0.30773628134193065],0.4687648228679524,COMPLETE
2044,-0.014464700784160955,2025-01-11 12:17:45.153431,2025-01-11 12:17:47.558868,0 days 00:00:02.405437,0.15561454231774915,64,0.2,8,100,2.045938072853421e-06,8,0.00039824952013390664,1,1,adadelta,"{'neurons_per_layer_encoder': [8], 'neurons_per_layer_decoder': [8]}",8,[8],[8],[-0.014464700784160955],0.7011892304215529,COMPLETE
2045,-0.07648148258687937,2025-01-11 12:17:45.322347,2025-01-11 12:17:47.086411,0 days 00:00:01.764064,0.1561813141671308,64,0.2,8,100,2.0011454491101577e-06,35,0.0003168497222239124,1,3,adadelta,"{'neurons_per_layer_encoder': [8, 16, 32], 'neurons_per_layer_decoder': [32]}",8,[32],"[8, 16, 32]",[-0.07648148258687937],0.5912002160143607,COMPLETE
2046,0.4944633486431339,2025-01-11 12:17:45.690646,2025-01-11 12:17:48.094709,0 days 00:00:02.404063,0.15381727807319018,64,0.2,8,100,1.5510296081815328e-06,8,1.9619819955969536e-05,1,1,adadelta,"{'neurons_per_layer_encoder': [8], 'neurons_per_layer_decoder': [8]}",8,[8],[8],[0.4944633486431339],0.7944181674675032,COMPLETE
2047,0.475203347055946,2025-01-11 12:17:45.839125,2025-01-11 12:17:48.282111,0 days 00:00:02.442986,0.027392068452668478,64,0.2,12,100,1.495581693261415e-06,13,1.968009978884627e-05,1,1,adadelta,"{'neurons_per_layer_encoder': [12], 'neurons_per_layer_decoder': [12]}",12,[12],[12],[0.475203347055946],0.7697770868473373,COMPLETE
2048,-0.32806340990305216,2025-01-11 12:17:47.096274,2025-01-11 12:17:49.477792,0 days 00:00:02.381518,0.15439166261505866,72,0.2,12,100,1.592636775432936e-06,13,1.91002769119857e-05,1,1,adadelta,"{'neurons_per_layer_encoder': [12], 'neurons_per_layer_decoder': [12]}",12,[12],[12],[-0.32806340990305216],0.6831594331160709,COMPLETE
2049,0.035007637036608696,2025-01-11 12:17:47.537308,2025-01-11 12:17:50.007796,0 days 00:00:02.470488,0.011588028086375372,80,0.2,12,100,1.6020610610418116e-06,13,2.0178473896120756e-05,1,1,adadelta,"{'neurons_per_layer_encoder': [12], 'neurons_per_layer_decoder': [12]}",12,[12],[12],[0.035007637036608696],0.6849749899946328,COMPLETE
2050,-0.2976631386363293,2025-01-11 12:17:47.572214,2025-01-11 12:17:49.102886,0 days 00:00:01.530672,0.14723394956615926,72,0.2,12,100,1.6083004648612132e-06,13,2.0217070752467205e-05,2,1,adadelta,"{'neurons_per_layer_encoder': [12], 'neurons_per_layer_decoder': [12, 8]}",12,"[12, 8]",[12],[-0.2976631386363293],0.4750338755271445,COMPLETE
2051,-0.07041703504003927,2025-01-11 12:17:48.104824,2025-01-11 12:17:50.171581,0 days 00:00:02.066757,0.1482134511144019,72,0.2,4,100,1.278200800877379e-06,4,2.2242392867703465e-05,2,1,adadelta,"{'neurons_per_layer_encoder': [4], 'neurons_per_layer_decoder': [8, 8]}",4,"[8, 8]",[4],[-0.07041703504003927],0.5771544765760459,COMPLETE
2052,-0.4869411523672065,2025-01-11 12:17:48.292451,2025-01-11 12:17:50.197442,0 days 00:00:01.904991,0.027735880141791458,80,0.2,12,100,1.5281677004582672e-06,13,2.0413319545005645e-05,1,1,adadelta,"{'neurons_per_layer_encoder': [12], 'neurons_per_layer_decoder': [12]}",12,[12],[12],[-0.4869411523672065],0.6774623645012974,COMPLETE
2053,-0.17738146669714427,2025-01-11 12:17:49.112785,2025-01-11 12:17:50.470158,0 days 00:00:01.357373,0.02611267305747363,80,0.2,16,100,1.52677732392949e-06,17,2.1937128021975335e-05,1,1,adadelta,"{'neurons_per_layer_encoder': [16], 'neurons_per_layer_decoder': [16]}",16,[16],[16],[-0.17738146669714427],0.6034237722539192,COMPLETE
2054,-0.03231339817329748,2025-01-11 12:17:49.487705,2025-01-11 12:17:51.753066,0 days 00:00:02.265361,0.032039290909651866,80,0.2,20,100,1.5345439633769106e-06,22,2.271521705041247e-05,1,1,adadelta,"{'neurons_per_layer_encoder': [20], 'neurons_per_layer_decoder': [20]}",20,[20],[20],[-0.03231339817329748],0.7100084725813193,COMPLETE
2055,-0.08750888083994002,2025-01-11 12:17:50.018262,2025-01-11 12:17:52.423640,0 days 00:00:02.405378,0.026368640794372376,72,0.2,20,100,1.4997360404337364e-06,22,2.3286565950373256e-05,1,1,adadelta,"{'neurons_per_layer_encoder': [20], 'neurons_per_layer_decoder': [20]}",20,[20],[20],[-0.08750888083994002],0.45784722076672046,COMPLETE
2056,0.019454796407138097,2025-01-11 12:17:50.184566,2025-01-11 12:17:51.978291,0 days 00:00:01.793725,0.028048646655214445,80,0.2,20,100,1.539089531692173e-06,22,2.409035328557365e-05,1,1,adadelta,"{'neurons_per_layer_encoder': [20], 'neurons_per_layer_decoder': [20]}",20,[20],[20],[0.019454796407138097],0.7687285153569716,COMPLETE
2057,0.09417518282658033,2025-01-11 12:17:50.209337,2025-01-11 12:17:52.115599,0 days 00:00:01.906262,0.02567320340976647,56,0.2,20,100,1.7454609598823654e-06,22,2.4786759329795354e-05,1,1,adadelta,"{'neurons_per_layer_encoder': [20], 'neurons_per_layer_decoder': [20]}",20,[20],[20],[0.09417518282658033],0.7725218668407563,COMPLETE
2058,-0.443722751670544,2025-01-11 12:17:50.480585,2025-01-11 12:17:52.123006,0 days 00:00:01.642421,0.028647164953698723,56,0.2,20,100,1.7676689665178142e-06,22,2.2960483978793667e-05,1,1,adadelta,"{'neurons_per_layer_encoder': [20], 'neurons_per_layer_decoder': [20]}",20,[20],[20],[-0.443722751670544],0.5328148544581064,COMPLETE
2059,-0.93095494869434,2025-01-11 12:17:51.763701,2025-01-11 12:17:53.343587,0 days 00:00:01.579886,0.026452226854759644,56,0.2,20,100,1.7367901084404607e-06,22,2.3144968307287018e-05,1,1,adadelta,"{'neurons_per_layer_encoder': [20], 'neurons_per_layer_decoder': [20]}",20,[20],[20],[-0.93095494869434],0.5373507567615697,COMPLETE
2060,-0.7822527795204082,2025-01-11 12:17:51.987664,2025-01-11 12:17:53.461726,0 days 00:00:01.474062,0.02390954607274001,56,0.2,16,100,1.830005453087297e-06,17,2.650782956929971e-05,1,1,adadelta,"{'neurons_per_layer_encoder': [16], 'neurons_per_layer_decoder': [16]}",16,[16],[16],[-0.7822527795204082],0.617517339870613,COMPLETE
2061,-0.28812942920185725,2025-01-11 12:17:52.133711,2025-01-11 12:17:53.659019,0 days 00:00:01.525308,0.18416602461141307,72,0.2,16,100,1.7807900841177556e-06,17,1.9123393408113303e-05,1,1,adadelta,"{'neurons_per_layer_encoder': [16], 'neurons_per_layer_decoder': [16]}",16,[16],[16],[-0.28812942920185725],0.33454519809377625,COMPLETE
2062,-0.1797999750973669,2025-01-11 12:17:52.136388,2025-01-11 12:17:53.688382,0 days 00:00:01.551994,0.024489665357215563,72,0.2,16,100,1.4436186126091988e-06,17,2.0115362325663924e-05,1,1,adadelta,"{'neurons_per_layer_encoder': [16], 'neurons_per_layer_decoder': [16]}",16,[16],[16],[-0.1797999750973669],0.7513617181231567,COMPLETE
2063,-0.46761395851541465,2025-01-11 12:17:52.434991,2025-01-11 12:17:53.759625,0 days 00:00:01.324634,0.02495919197508045,64,0.2,12,100,1.7282018691479596e-06,13,2.032204326900941e-05,1,1,adadelta,"{'neurons_per_layer_encoder': [12], 'neurons_per_layer_decoder': [12]}",12,[12],[12],[-0.46761395851541465],0.5577854008376315,COMPLETE
2064,-0.755688520835907,2025-01-11 12:17:53.354675,2025-01-11 12:17:54.673496,0 days 00:00:01.318821,0.03098103336881234,64,0.2,12,100,1.7853978688657371e-06,13,1.8798017270954366e-05,1,1,adadelta,"{'neurons_per_layer_encoder': [12], 'neurons_per_layer_decoder': [12]}",12,[12],[12],[-0.755688520835907],0.3314547820055475,COMPLETE
2065,-0.8289355189102092,2025-01-11 12:17:53.472802,2025-01-11 12:17:55.939969,0 days 00:00:02.467167,0.02433002475247881,64,0.2,12,100,1.4223502750971319e-06,13,1.9180819338918465e-05,1,1,adadelta,"{'neurons_per_layer_encoder': [12], 'neurons_per_layer_decoder': [12]}",12,[12],[12],[-0.8289355189102092],0.6334531396193593,COMPLETE
2066,-0.5516489376410769,2025-01-11 12:17:53.670081,2025-01-11 12:17:56.351252,0 days 00:00:02.681171,0.02286206599929652,64,0.2,12,100,3.5632566845700094e-06,13,1.994704297012153e-05,1,1,adadelta,"{'neurons_per_layer_encoder': [12], 'neurons_per_layer_decoder': [12]}",12,[12],[12],[-0.5516489376410769],0.5269462347118407,COMPLETE
2067,-0.5051867492112121,2025-01-11 12:17:53.699060,2025-01-11 12:17:55.046158,0 days 00:00:01.347098,0.03154373214535983,64,0.2,12,100,2.5675235907274533e-06,13,1.9704669024748703e-05,1,1,adam,"{'neurons_per_layer_encoder': [12], 'neurons_per_layer_decoder': [12]}",12,[12],[12],[-0.5051867492112121],0.39860106984189725,COMPLETE
2068,-0.1507937787546476,2025-01-11 12:17:53.774192,2025-01-11 12:17:56.313664,0 days 00:00:02.539472,0.03360383967151291,64,0.2,216,100,1.3954009521891277e-06,320,2.9850496938554024e-05,1,1,adadelta,"{'neurons_per_layer_encoder': [216], 'neurons_per_layer_decoder': [216]}",216,[216],[216],[-0.1507937787546476],0.5297226859792165,COMPLETE
2069,-0.1950948584122152,2025-01-11 12:17:54.683584,2025-01-11 12:17:56.718104,0 days 00:00:02.034520,0.027792642938535415,64,0.2,8,100,3.79503481642996e-06,70,2.626983430636179e-05,1,4,adam,"{'neurons_per_layer_encoder': [8, 16, 32, 64], 'neurons_per_layer_decoder': [64]}",8,[64],"[8, 16, 32, 64]",[-0.1950948584122152],0.6023475625327925,COMPLETE
2070,-0.23707652589437833,2025-01-11 12:17:55.056563,2025-01-11 12:17:57.263277,0 days 00:00:02.206714,0.033093737830226816,64,0.2,8,100,3.4404127277608645e-06,8,2.6000543623112436e-05,1,1,adadelta,"{'neurons_per_layer_encoder': [8], 'neurons_per_layer_decoder': [8]}",8,[8],[8],[-0.23707652589437833],0.6300729305460633,COMPLETE
2071,-0.09884816452131884,2025-01-11 12:17:55.951382,2025-01-11 12:17:58.771476,0 days 00:00:02.820094,0.029536442144281867,88,0.2,56,100,3.5908518864996655e-06,952,2.974420428964052e-05,1,4,adadelta,"{'neurons_per_layer_encoder': [56, 112, 224, 448], 'neurons_per_layer_decoder': [448]}",56,[448],"[56, 112, 224, 448]",[-0.09884816452131884],0.6274501835908576,COMPLETE
2072,-0.16841090773531664,2025-01-11 12:17:56.323828,2025-01-11 12:17:59.123084,0 days 00:00:02.799256,0.021604082716241264,88,0.2,24,100,3.405842597449957e-06,376,2.651424326393501e-05,3,4,adadelta,"{'neurons_per_layer_encoder': [24, 48, 96, 192], 'neurons_per_layer_decoder': [192, 96, 48]}",24,"[192, 96, 48]","[24, 48, 96, 192]",[-0.16841090773531664],0.6392337572060277,COMPLETE
2073,-0.222117198337636,2025-01-11 12:17:56.363650,2025-01-11 12:17:58.634620,0 days 00:00:02.270970,0.027767304865032916,88,0.2,64,100,7.560343912754836e-05,134,1.818245275147196e-05,1,1,adadelta,"{'neurons_per_layer_encoder': [64], 'neurons_per_layer_decoder': [64]}",64,[64],[64],[-0.222117198337636],0.47564917289457276,COMPLETE
2074,-0.321748824153292,2025-01-11 12:17:56.727811,2025-01-11 12:17:58.081140,0 days 00:00:01.353329,0.022527186919239266,72,0.2,64,100,2.2273552908926337e-06,118,3.1247279888606535e-05,1,1,adadelta,"{'neurons_per_layer_encoder': [64], 'neurons_per_layer_decoder': [64]}",64,[64],[64],[-0.321748824153292],0.7356549855382611,COMPLETE
2075,-0.36623474398901434,2025-01-11 12:17:57.273438,2025-01-11 12:17:59.789089,0 days 00:00:02.515651,0.023238440800907843,72,0.2,24,100,2.2987085586175036e-06,42,1.7665823007870646e-05,1,1,adadelta,"{'neurons_per_layer_encoder': [24], 'neurons_per_layer_decoder': [24]}",24,[24],[24],[-0.36623474398901434],0.724689774941882,COMPLETE
2076,-0.3175450704728555,2025-01-11 12:17:58.091419,2025-01-11 12:17:59.442569,0 days 00:00:01.351150,0.032801192145533356,72,0.2,24,100,2.6576378247405793e-06,42,1.8022437422962856e-05,1,1,adadelta,"{'neurons_per_layer_encoder': [24], 'neurons_per_layer_decoder': [24]}",24,[24],[24],[-0.3175450704728555],0.6561820207669383,COMPLETE
2077,-0.11439445824756778,2025-01-11 12:17:58.644590,2025-01-11 12:18:01.270437,0 days 00:00:02.625847,0.17670923670737204,72,0.2,56,100,2.0350546215283747e-06,376,1.714622923582584e-05,3,3,adadelta,"{'neurons_per_layer_encoder': [56, 112, 224], 'neurons_per_layer_decoder': [224, 112, 56]}",56,"[224, 112, 56]","[56, 112, 224]",[-0.11439445824756778],0.6329323418026659,COMPLETE
2078,0.019511500104795076,2025-01-11 12:17:58.781816,2025-01-11 12:18:01.778612,0 days 00:00:02.996796,0.02822199851906113,72,0.2,24,100,2.6175277208556525e-06,152,2.560345820750419e-05,1,3,adadelta,"{'neurons_per_layer_encoder': [24, 48, 96], 'neurons_per_layer_decoder': [96]}",24,[96],"[24, 48, 96]",[0.019511500104795076],0.6748869345161126,COMPLETE
2079,-0.13872671549462567,2025-01-11 12:17:59.134263,2025-01-11 12:18:00.984752,0 days 00:00:01.850489,0.02926573677168159,32,0.2,4,100,2.626139266015971e-06,17,1.7044337490945846e-05,1,3,adadelta,"{'neurons_per_layer_encoder': [4, 8, 16], 'neurons_per_layer_decoder': [16]}",4,[16],"[4, 8, 16]",[-0.13872671549462567],0.6152481892264217,COMPLETE
2080,-0.47408147494296493,2025-01-11 12:17:59.453156,2025-01-11 12:18:01.774963,0 days 00:00:02.321807,0.02835004627009244,48,0.2,4,100,2.1023736128044483e-06,17,2.162848469478832e-05,1,3,adadelta,"{'neurons_per_layer_encoder': [4, 8, 16], 'neurons_per_layer_decoder': [16]}",4,[16],"[4, 8, 16]",[-0.47408147494296493],0.5537579614476674,COMPLETE
