number,value,datetime_start,datetime_complete,duration,params_alpha,params_batch_size,params_drop_out_rate,params_encoder_neurons_layer_1,params_epochs,params_lambda,params_latent_dim,params_learning_rate,params_num_layers_decoder,params_num_layers_encoder,params_optimizer,user_attrs_encoder_decoder_config,user_attrs_first_layer_neurons,user_attrs_neurons_per_layer_decoder,user_attrs_neurons_per_layer_encoder,user_attrs_r2_feature_1,user_attrs_relative_deterioration,state
485,-0.239146538965064,2025-01-10 14:26:25.255557,2025-01-10 14:26:26.674704,0 days 00:00:01.419147,0.04621162971818457,40,0.2,16,100,0.0004281785243531426,51,0.004438770257819589,1,2,sgd,"{'neurons_per_layer_encoder': [16, 32], 'neurons_per_layer_decoder': [32]}",16,[32],"[16, 32]",[-0.239146538965064],0.7351856677762824,COMPLETE
486,-0.2000060691936938,2025-01-10 14:26:26.534721,2025-01-10 14:26:27.577140,0 days 00:00:01.042419,0.04670013919731768,40,0.2,16,100,0.00044084595001984864,51,0.0038572573073698685,1,2,sgd,"{'neurons_per_layer_encoder': [16, 32], 'neurons_per_layer_decoder': [32]}",16,[32],"[16, 32]",[-0.2000060691936938],0.7756710183035717,COMPLETE
487,-0.04844530959913795,2025-01-10 14:26:26.629935,2025-01-10 14:26:28.652979,0 days 00:00:02.023044,0.04996580106008761,40,0.2,16,100,4.817730229916658e-06,51,0.007779193321666827,1,2,sgd,"{'neurons_per_layer_encoder': [16, 32], 'neurons_per_layer_decoder': [32]}",16,[32],"[16, 32]",[-0.04844530959913795],0.5127793337676367,COMPLETE
488,-0.12498802658773789,2025-01-10 14:26:26.687922,2025-01-10 14:26:27.717111,0 days 00:00:01.029189,0.04910882609073613,40,0.1,40,100,4.773149119535236e-06,152,0.005198844634913663,1,2,sgd,"{'neurons_per_layer_encoder': [40, 80], 'neurons_per_layer_decoder': [80]}",40,[80],"[40, 80]",[-0.12498802658773789],0.6712769603897382,COMPLETE
489,-0.24985057264143373,2025-01-10 14:26:26.740035,2025-01-10 14:26:27.847090,0 days 00:00:01.107055,0.05114299417782428,32,0.1,44,100,4.670858106834986e-06,144,0.005198947196469653,1,2,sgd,"{'neurons_per_layer_encoder': [44, 88], 'neurons_per_layer_decoder': [88]}",44,[88],"[44, 88]",[-0.24985057264143373],0.5207327084952242,COMPLETE
490,-0.010014357452525102,2025-01-10 14:26:27.519216,2025-01-10 14:26:29.781128,0 days 00:00:02.261912,0.05837216895621447,32,0.1,40,100,0.00010558377322306242,104,0.00011671750826551645,1,2,sgd,"{'neurons_per_layer_encoder': [40, 80], 'neurons_per_layer_decoder': [80]}",40,[80],"[40, 80]",[-0.010014357452525102],0.8137603552728838,COMPLETE
491,-0.4952803441507705,2025-01-10 14:26:27.585920,2025-01-10 14:26:28.692148,0 days 00:00:01.106228,0.060554301787485706,32,0.4,44,100,2.852279393467392e-06,144,0.0035170451288162844,1,2,sgd,"{'neurons_per_layer_encoder': [44, 88], 'neurons_per_layer_decoder': [88]}",44,[88],"[44, 88]",[-0.4952803441507705],0.6546246077487978,COMPLETE
492,-0.20617618354361467,2025-01-10 14:26:27.725204,2025-01-10 14:26:29.072472,0 days 00:00:01.347268,0.05058466788058456,32,0.4,172,100,2.8593543027683454e-06,448,0.005440164124048422,1,2,sgd,"{'neurons_per_layer_encoder': [172, 344], 'neurons_per_layer_decoder': [344]}",172,[344],"[172, 344]",[-0.20617618354361467],0.59476423978132,COMPLETE
493,-0.3227373007628893,2025-01-10 14:26:27.855118,2025-01-10 14:26:29.931351,0 days 00:00:02.076233,0.059340464803764044,32,0.4,48,100,3.361592612056998e-06,100,0.003579358264112005,1,1,sgd,"{'neurons_per_layer_encoder': [48], 'neurons_per_layer_decoder': [48]}",48,[48],[48],[-0.3227373007628893],0.6292542670968834,COMPLETE
494,-0.3574995738402327,2025-01-10 14:26:28.661259,2025-01-10 14:26:30.056330,0 days 00:00:01.395071,0.042763793362007765,32,0.4,48,100,3.3187829994287797e-06,120,0.0040641565635928965,1,2,sgd,"{'neurons_per_layer_encoder': [48, 96], 'neurons_per_layer_decoder': [96]}",48,[96],"[48, 96]",[-0.3574995738402327],0.5826431958434396,COMPLETE
495,-0.18226299570583726,2025-01-10 14:26:28.703014,2025-01-10 14:26:29.730427,0 days 00:00:01.027413,0.05620026569004392,40,0.4,64,100,3.302023576115841e-06,232,0.005852545043193564,1,2,sgd,"{'neurons_per_layer_encoder': [64, 128], 'neurons_per_layer_decoder': [128]}",64,[128],"[64, 128]",[-0.18226299570583726],0.6242353752490554,COMPLETE
496,-0.29360376698968915,2025-01-10 14:26:29.080238,2025-01-10 14:26:30.788925,0 days 00:00:01.708687,0.056474338805135076,40,0.4,32,100,0.00010031599609759166,134,0.0037629172480975093,1,2,sgd,"{'neurons_per_layer_encoder': [32, 64], 'neurons_per_layer_decoder': [64]}",32,[64],"[32, 64]",[-0.29360376698968915],0.570501488734065,COMPLETE
497,-0.11830153446153213,2025-01-10 14:26:29.738919,2025-01-10 14:26:31.959637,0 days 00:00:02.220718,0.04129163926727386,64,0.4,32,100,0.0003502659545243948,134,0.003662454500423843,1,2,sgd,"{'neurons_per_layer_encoder': [32, 64], 'neurons_per_layer_decoder': [64]}",32,[64],"[32, 64]",[-0.11830153446153213],0.7960316849989101,COMPLETE
498,-0.24504034945981568,2025-01-10 14:26:29.792926,2025-01-10 14:26:30.757806,0 days 00:00:00.964880,0.03748775679985771,64,0.4,32,100,3.98419626254459e-06,51,0.0035621461835144835,1,1,sgd,"{'neurons_per_layer_encoder': [32], 'neurons_per_layer_decoder': [32]}",32,[32],[32],[-0.24504034945981568],0.6692265041209624,COMPLETE
499,-0.5219727115798549,2025-01-10 14:26:29.941101,2025-01-10 14:26:30.890333,0 days 00:00:00.949232,0.042172235221868005,64,0.4,36,100,0.0003124095461718962,71,0.000414993950443801,1,1,sgd,"{'neurons_per_layer_encoder': [36], 'neurons_per_layer_decoder': [36]}",36,[36],[36],[-0.5219727115798549],0.6005003103415154,COMPLETE
500,-0.5383328128846308,2025-01-10 14:26:30.065856,2025-01-10 14:26:31.029029,0 days 00:00:00.963173,0.0427184159601692,64,0.4,32,100,0.00033533946773149436,51,0.002311330300136788,1,1,sgd,"{'neurons_per_layer_encoder': [32], 'neurons_per_layer_decoder': [32]}",32,[32],[32],[-0.5383328128846308],0.722413477934838,COMPLETE
501,-0.20144857256012783,2025-01-10 14:26:30.766205,2025-01-10 14:26:31.762985,0 days 00:00:00.996780,0.05366791406555964,40,0.2,68,100,0.00030251724589934904,154,1.3024151691303745e-05,1,1,sgd,"{'neurons_per_layer_encoder': [68], 'neurons_per_layer_decoder': [68]}",68,[68],[68],[-0.20144857256012783],0.7135686572255517,COMPLETE
502,-0.44806480159340767,2025-01-10 14:26:30.800432,2025-01-10 14:26:32.118132,0 days 00:00:01.317700,0.052738447787080325,48,0.2,68,100,0.00033023629518070293,90,0.004460721744444985,4,1,sgd,"{'neurons_per_layer_encoder': [68], 'neurons_per_layer_decoder': [68, 34, 17, 8]}",68,"[68, 34, 17, 8]",[68],[-0.44806480159340767],0.7802504192409802,COMPLETE
503,-0.12876862464242445,2025-01-10 14:26:30.898809,2025-01-10 14:26:32.875877,0 days 00:00:01.977068,0.052542384872839194,40,0.2,68,100,0.00035787817830357444,1144,0.002225761146327145,4,4,sgd,"{'neurons_per_layer_encoder': [68, 136, 272, 544], 'neurons_per_layer_decoder': [544, 272, 136, 68]}",68,"[544, 272, 136, 68]","[68, 136, 272, 544]",[-0.12876862464242445],0.9704094722869533,COMPLETE
504,-0.057760635254307635,2025-01-10 14:26:31.038137,2025-01-10 14:26:35.027533,0 days 00:00:03.989396,0.051737162185594536,40,0.2,68,100,2.5221342810226786e-06,568,0.0019229568657817306,4,4,adadelta,"{'neurons_per_layer_encoder': [68, 136, 272, 544], 'neurons_per_layer_decoder': [544, 272, 136, 68]}",68,"[544, 272, 136, 68]","[68, 136, 272, 544]",[-0.057760635254307635],0.6448084688072097,COMPLETE
505,-0.13235096968932014,2025-01-10 14:26:31.772061,2025-01-10 14:26:33.993356,0 days 00:00:02.221295,0.051678056848422985,48,0.2,60,100,0.0003494264480571322,130,1.2127535998277444e-05,4,1,adadelta,"{'neurons_per_layer_encoder': [60], 'neurons_per_layer_decoder': [60, 30, 15, 8]}",60,"[60, 30, 15, 8]",[60],[-0.13235096968932014],0.7914879345386899,COMPLETE
506,-0.17272365857771765,2025-01-10 14:26:31.970144,2025-01-10 14:26:35.429586,0 days 00:00:03.459442,0.07155148886255441,48,0.2,64,100,0.0005006552949969954,552,1.2547625808076911e-05,4,4,adadelta,"{'neurons_per_layer_encoder': [64, 128, 256, 512], 'neurons_per_layer_decoder': [512, 256, 128, 64]}",64,"[512, 256, 128, 64]","[64, 128, 256, 512]",[-0.17272365857771765],0.974276103097165,COMPLETE
507,0.3128348899110157,2025-01-10 14:26:32.127754,2025-01-10 14:26:36.072034,0 days 00:00:03.944280,0.0707486312860341,48,0.2,24,100,0.000494791691894598,216,0.009863982835608088,1,4,adadelta,"{'neurons_per_layer_encoder': [24, 48, 96, 192], 'neurons_per_layer_decoder': [192]}",24,[192],"[24, 48, 96, 192]",[0.3128348899110157],0.9456149891150079,COMPLETE
508,0.0009235515032149921,2025-01-10 14:26:32.884354,2025-01-10 14:26:34.736129,0 days 00:00:01.851775,0.07057367085424585,48,0.2,116,100,0.0005135422112249654,220,2.94937365586873e-05,1,1,adadelta,"{'neurons_per_layer_encoder': [116], 'neurons_per_layer_decoder': [116]}",116,[116],[116],[0.0009235515032149921],0.8566747284140565,COMPLETE
509,0.1302798360896299,2025-01-10 14:26:34.004521,2025-01-10 14:26:35.323929,0 days 00:00:01.319408,0.0683128212624878,56,0.4,24,100,2.4861933949336116e-06,42,1.1184080514592804e-05,1,1,sgd,"{'neurons_per_layer_encoder': [24], 'neurons_per_layer_decoder': [24]}",24,[24],[24],[0.1302798360896299],0.7571391517411377,COMPLETE
510,-0.5898408363259202,2025-01-10 14:26:34.745670,2025-01-10 14:26:35.721472,0 days 00:00:00.975802,0.0672807308170831,40,0.4,24,100,3.8893808151825694e-06,42,1.9268093135227692e-05,1,1,sgd,"{'neurons_per_layer_encoder': [24], 'neurons_per_layer_decoder': [24]}",24,[24],[24],[-0.5898408363259202],0.6813349834301814,COMPLETE
511,0.21735557946982642,2025-01-10 14:26:35.037761,2025-01-10 14:26:37.284942,0 days 00:00:02.247181,0.060006464539712874,56,0.4,24,100,3.948524604325714e-06,42,2.0013396122412242e-05,1,1,sgd,"{'neurons_per_layer_encoder': [24], 'neurons_per_layer_decoder': [24]}",24,[24],[24],[0.21735557946982642],0.796418545822415,COMPLETE
512,0.10686799725064733,2025-01-10 14:26:35.332307,2025-01-10 14:26:37.436082,0 days 00:00:02.103775,0.06606594388652104,56,0.4,20,100,2.1895728649729486e-06,22,1.086730115935406e-05,1,1,sgd,"{'neurons_per_layer_encoder': [20], 'neurons_per_layer_decoder': [20]}",20,[20],[20],[0.10686799725064733],0.7488739344444667,COMPLETE
513,-0.2480778084048778,2025-01-10 14:26:35.439053,2025-01-10 14:26:36.414748,0 days 00:00:00.975695,0.06615349777640156,56,0.4,24,100,1.873052052058231e-06,42,1.3644372967214211e-05,1,1,sgd,"{'neurons_per_layer_encoder': [24], 'neurons_per_layer_decoder': [24]}",24,[24],[24],[-0.2480778084048778],0.5947661744421678,COMPLETE
514,0.07607022666958718,2025-01-10 14:26:35.730987,2025-01-10 14:26:37.889520,0 days 00:00:02.158533,0.07632808964439439,56,0.4,20,100,1.9849592270239787e-06,22,1.1209562203166576e-05,1,1,sgd,"{'neurons_per_layer_encoder': [20], 'neurons_per_layer_decoder': [20]}",20,[20],[20],[0.07607022666958718],0.6986296481816417,COMPLETE
515,0.030271607855101856,2025-01-10 14:26:36.082538,2025-01-10 14:26:38.472294,0 days 00:00:02.389756,0.06741345036756942,56,0.2,20,100,2.220172019026565e-06,184,1.0022976310269468e-05,1,3,adadelta,"{'neurons_per_layer_encoder': [20, 40, 80], 'neurons_per_layer_decoder': [80]}",20,[80],"[20, 40, 80]",[0.030271607855101856],0.7365977546032901,COMPLETE
516,-0.04417055299285222,2025-01-10 14:26:36.422824,2025-01-10 14:26:38.533623,0 days 00:00:02.110799,0.07542913454563649,56,0.2,20,100,2.526109548137763e-06,184,1.1036941450445177e-05,1,3,adadelta,"{'neurons_per_layer_encoder': [20, 40, 80], 'neurons_per_layer_decoder': [80]}",20,[80],"[20, 40, 80]",[-0.04417055299285222],0.6620478087324755,COMPLETE
517,-0.24236630359783096,2025-01-10 14:26:37.295083,2025-01-10 14:26:38.540558,0 days 00:00:01.245475,0.06987392695109709,56,0.2,12,100,1.993792282554394e-06,120,1.1766070190530514e-05,1,4,sgd,"{'neurons_per_layer_encoder': [12, 24, 48, 96], 'neurons_per_layer_decoder': [96]}",12,[96],"[12, 24, 48, 96]",[-0.24236630359783096],0.6006123472894419,COMPLETE
518,0.057346568802258746,2025-01-10 14:26:37.447358,2025-01-10 14:26:40.055468,0 days 00:00:02.608110,0.06230631747726146,56,0.2,20,100,2.1003418948533994e-06,184,0.00956971576007929,1,4,sgd,"{'neurons_per_layer_encoder': [20, 40, 80, 160], 'neurons_per_layer_decoder': [160]}",20,[160],"[20, 40, 80, 160]",[0.057346568802258746],0.5156128220548124,COMPLETE
519,-0.047246876570133045,2025-01-10 14:26:37.898732,2025-01-10 14:26:39.300805,0 days 00:00:01.402073,0.06115296776738714,56,0.2,132,100,2.5411154647017167e-06,172,0.0007895226970144179,1,1,sgd,"{'neurons_per_layer_encoder': [132], 'neurons_per_layer_decoder': [132]}",132,[132],[132],[-0.047246876570133045],0.7096916571974815,COMPLETE
520,0.1718567767310285,2025-01-10 14:26:38.482127,2025-01-10 14:26:41.090269,0 days 00:00:02.608142,0.06031113589768098,56,0.2,12,100,2.554828004137368e-06,120,0.006694618527736568,1,4,sgd,"{'neurons_per_layer_encoder': [12, 24, 48, 96], 'neurons_per_layer_decoder': [96]}",12,[96],"[12, 24, 48, 96]",[0.1718567767310285],0.6583841813703433,COMPLETE
521,-0.5131000821281588,2025-01-10 14:26:38.554622,2025-01-10 14:26:39.941311,0 days 00:00:01.386689,0.0627325542483263,56,0.4,24,100,3.638913394295704e-06,216,0.008625882079110685,1,4,sgd,"{'neurons_per_layer_encoder': [24, 48, 96, 192], 'neurons_per_layer_decoder': [192]}",24,[192],"[24, 48, 96, 192]",[-0.5131000821281588],0.5788308496791585,COMPLETE
522,-0.13553489684570197,2025-01-10 14:26:38.558475,2025-01-10 14:26:39.918900,0 days 00:00:01.360425,0.06193167134204784,56,0.4,24,100,2.9938265562898676e-06,216,1.5220077579101517e-05,1,4,sgd,"{'neurons_per_layer_encoder': [24, 48, 96, 192], 'neurons_per_layer_decoder': [192]}",24,[192],"[24, 48, 96, 192]",[-0.13553489684570197],0.6667333184928975,COMPLETE
523,-0.2856550176732182,2025-01-10 14:26:39.308970,2025-01-10 14:26:40.649277,0 days 00:00:01.340307,0.06278121239602637,56,0.4,28,100,3.1037133284454454e-06,248,0.007153032655522404,1,4,sgd,"{'neurons_per_layer_encoder': [28, 56, 112, 224], 'neurons_per_layer_decoder': [224]}",28,[224],"[28, 56, 112, 224]",[-0.2856550176732182],0.6054497462637227,COMPLETE
524,0.015552863442732323,2025-01-10 14:26:39.927296,2025-01-10 14:26:42.778588,0 days 00:00:02.851292,0.06175877395461272,56,0.4,24,100,0.0005522943492726725,216,0.009405756563852806,1,4,sgd,"{'neurons_per_layer_encoder': [24, 48, 96, 192], 'neurons_per_layer_decoder': [192]}",24,[192],"[24, 48, 96, 192]",[0.015552863442732323],0.9328910593172367,COMPLETE
525,-0.26201362175486187,2025-01-10 14:26:39.952489,2025-01-10 14:26:40.976299,0 days 00:00:01.023810,0.07182305760595324,56,0.2,28,100,0.0006217680317675676,30,2.615533761911514e-05,1,1,sgd,"{'neurons_per_layer_encoder': [28], 'neurons_per_layer_decoder': [28]}",28,[28],[28],[-0.26201362175486187],0.8319092256977201,COMPLETE
526,-0.32329478263306055,2025-01-10 14:26:40.065904,2025-01-10 14:26:41.206788,0 days 00:00:01.140884,0.06894293761112956,48,0.4,12,100,0.0005623753654742476,13,2.298814501135076e-05,1,1,sgd,"{'neurons_per_layer_encoder': [12], 'neurons_per_layer_decoder': [12]}",12,[12],[12],[-0.32329478263306055],0.6495310205462198,COMPLETE
527,-0.5766060113052505,2025-01-10 14:26:40.663924,2025-01-10 14:26:41.887069,0 days 00:00:01.223145,0.07171159574981041,48,0.2,28,100,4.248089200863009e-06,30,2.0047068579146356e-05,1,1,sgd,"{'neurons_per_layer_encoder': [28], 'neurons_per_layer_decoder': [28]}",28,[28],[28],[-0.5766060113052505],0.5477524416836762,COMPLETE
528,-0.6909300249042314,2025-01-10 14:26:40.986075,2025-01-10 14:26:42.072520,0 days 00:00:01.086445,0.07219714854250323,48,0.4,12,100,4.015403782683786e-06,13,1.9599679782893573e-05,1,1,sgd,"{'neurons_per_layer_encoder': [12], 'neurons_per_layer_decoder': [12]}",12,[12],[12],[-0.6909300249042314],0.6269453774782742,COMPLETE
529,-0.3648947456298455,2025-01-10 14:26:41.100834,2025-01-10 14:26:42.510786,0 days 00:00:01.409952,0.07276887722285923,48,0.4,12,100,2.710647239632544e-06,120,0.006475262630226384,1,4,sgd,"{'neurons_per_layer_encoder': [12, 24, 48, 96], 'neurons_per_layer_decoder': [96]}",12,[96],"[12, 24, 48, 96]",[-0.3648947456298455],0.6162670146897347,COMPLETE
530,-0.017393357710574042,2025-01-10 14:26:41.218678,2025-01-10 14:26:43.873988,0 days 00:00:02.655310,0.07356912148345544,48,0.4,4,100,2.6998771920918226e-06,35,0.009427060158074213,1,4,sgd,"{'neurons_per_layer_encoder': [4, 8, 16, 32], 'neurons_per_layer_decoder': [32]}",4,[32],"[4, 8, 16, 32]",[-0.017393357710574042],0.6506270270065575,COMPLETE
531,-0.1519246993371881,2025-01-10 14:26:41.905365,2025-01-10 14:26:43.335547,0 days 00:00:01.430182,0.07524041398457171,48,0.4,4,100,2.696392201239173e-06,51,0.00957779190896954,1,4,sgd,"{'neurons_per_layer_encoder': [4, 8, 16, 32], 'neurons_per_layer_decoder': [32]}",4,[32],"[4, 8, 16, 32]",[-0.1519246993371881],0.6383986729856022,COMPLETE
532,-0.014412879865950856,2025-01-10 14:26:42.083593,2025-01-10 14:26:43.957929,0 days 00:00:01.874336,0.058820856474005506,48,0.4,12,100,2.6686944161588196e-06,120,0.00568059100686241,1,4,sgd,"{'neurons_per_layer_encoder': [12, 24, 48, 96], 'neurons_per_layer_decoder': [96]}",12,[96],"[12, 24, 48, 96]",[-0.014412879865950856],0.6609545401143304,COMPLETE
533,-0.10779149846887481,2025-01-10 14:26:42.520351,2025-01-10 14:26:43.907271,0 days 00:00:01.386920,0.059184890640764765,56,0.2,24,100,2.7091727263524913e-06,232,0.006360933933318203,1,4,sgd,"{'neurons_per_layer_encoder': [24, 48, 96, 192], 'neurons_per_layer_decoder': [192]}",24,[192],"[24, 48, 96, 192]",[-0.10779149846887481],0.6206248624359862,COMPLETE
534,-0.11928879254053104,2025-01-10 14:26:42.800850,2025-01-10 14:26:44.367142,0 days 00:00:01.566292,0.07777613376002568,48,0.2,4,100,1.5473362226398655e-06,51,0.008002414971994332,1,4,sgd,"{'neurons_per_layer_encoder': [4, 8, 16, 32], 'neurons_per_layer_decoder': [32]}",4,[32],"[4, 8, 16, 32]",[-0.11928879254053104],0.6638713751996382,COMPLETE
535,-0.4620186065212728,2025-01-10 14:26:43.344904,2025-01-10 14:26:44.549981,0 days 00:00:01.205077,0.06768128522653324,48,0.2,12,100,3.2658514405501415e-06,120,0.0061901945298954405,1,4,sgd,"{'neurons_per_layer_encoder': [12, 24, 48, 96], 'neurons_per_layer_decoder': [96]}",12,[96],"[12, 24, 48, 96]",[-0.4620186065212728],0.601725402845796,COMPLETE
536,0.07934878656071598,2025-01-10 14:26:43.883595,2025-01-10 14:26:46.345541,0 days 00:00:02.461946,0.0586343087681557,56,0.2,16,100,3.4172733449183838e-06,232,0.005831256465287846,1,4,sgd,"{'neurons_per_layer_encoder': [16, 32, 64, 128], 'neurons_per_layer_decoder': [128]}",16,[128],"[16, 32, 64, 128]",[0.07934878656071598],0.602773317267637,COMPLETE
537,-0.8849459882267317,2025-01-10 14:26:43.919626,2025-01-10 14:26:44.875650,0 days 00:00:00.956024,0.08169209345222792,64,0.2,16,100,1.7384600715394383e-06,17,0.0005987870927388865,1,1,sgd,"{'neurons_per_layer_encoder': [16], 'neurons_per_layer_decoder': [16]}",16,[16],[16],[-0.8849459882267317],0.6567731123299847,COMPLETE
538,-0.12634344851009205,2025-01-10 14:26:43.971654,2025-01-10 14:26:45.316075,0 days 00:00:01.344421,0.05853976814885111,64,0.2,16,100,3.459956608878336e-06,152,0.007683305057171944,1,4,sgd,"{'neurons_per_layer_encoder': [16, 32, 64, 128], 'neurons_per_layer_decoder': [128]}",16,[128],"[16, 32, 64, 128]",[-0.12634344851009205],0.6267966172969263,COMPLETE
539,-0.21548764615493599,2025-01-10 14:26:44.375605,2025-01-10 14:26:45.902261,0 days 00:00:01.526656,0.06557554481701715,64,0.2,16,100,3.7963189180581693e-06,152,1.5498887993293314e-05,1,4,sgd,"{'neurons_per_layer_encoder': [16, 32, 64, 128], 'neurons_per_layer_decoder': [128]}",16,[128],"[16, 32, 64, 128]",[-0.21548764615493599],0.6939600973282609,COMPLETE
540,-0.4860781074727629,2025-01-10 14:26:44.559904,2025-01-10 14:26:45.786449,0 days 00:00:01.226545,0.08003021849611677,64,0.2,20,100,3.641616854702591e-06,200,1.6044686442003958e-05,1,4,sgd,"{'neurons_per_layer_encoder': [20, 40, 80, 160], 'neurons_per_layer_decoder': [160]}",20,[160],"[20, 40, 80, 160]",[-0.4860781074727629],0.6561245783030761,COMPLETE
541,-0.12028600994657057,2025-01-10 14:26:44.883378,2025-01-10 14:26:46.077032,0 days 00:00:01.193654,0.0663814203965994,56,0.4,20,100,3.604665504106066e-06,200,0.007500498285892067,1,4,sgd,"{'neurons_per_layer_encoder': [20, 40, 80, 160], 'neurons_per_layer_decoder': [160]}",20,[160],"[20, 40, 80, 160]",[-0.12028600994657057],0.6368667570364464,COMPLETE
542,-0.45189680566848534,2025-01-10 14:26:45.324486,2025-01-10 14:26:47.369705,0 days 00:00:02.045219,0.061679913640334476,56,0.4,20,100,1.3034114397432756e-06,22,2.6118506351841776e-05,1,1,sgd,"{'neurons_per_layer_encoder': [20], 'neurons_per_layer_decoder': [20]}",20,[20],[20],[-0.45189680566848534],0.5783720688867495,COMPLETE
543,-1.1649248079167864,2025-01-10 14:26:45.794008,2025-01-10 14:26:47.033428,0 days 00:00:01.239420,0.06640586202901856,56,0.4,28,100,2.2662921250159292e-06,472,1.5088834606867314e-05,1,4,sgd,"{'neurons_per_layer_encoder': [28, 56, 112, 224], 'neurons_per_layer_decoder': [224]}",28,[224],"[28, 56, 112, 224]",[-1.1649248079167864],0.5413443750117597,COMPLETE
544,0.17159326574221678,2025-01-10 14:26:45.910408,2025-01-10 14:26:47.774034,0 days 00:00:01.863626,0.06594272689719763,56,0.4,32,100,0.00047094353486367644,35,2.6148194009102116e-05,1,1,sgd,"{'neurons_per_layer_encoder': [32], 'neurons_per_layer_decoder': [32]}",32,[32],[32],[0.17159326574221678],0.7985826674380457,COMPLETE
545,-0.19929482239989516,2025-01-10 14:26:46.084739,2025-01-10 14:26:47.157788,0 days 00:00:01.073049,0.06571897409832332,56,0.4,32,100,2.3703371738393517e-06,35,2.7138070768594896e-05,1,1,sgd,"{'neurons_per_layer_encoder': [32], 'neurons_per_layer_decoder': [32]}",32,[32],[32],[-0.19929482239989516],0.6482248380444642,COMPLETE
546,0.03499077504866377,2025-01-10 14:26:46.356016,2025-01-10 14:26:47.351107,0 days 00:00:00.995091,0.06558750357204353,56,0.4,28,100,1.0374564835190049e-06,30,1.3830996415804594e-05,1,1,sgd,"{'neurons_per_layer_encoder': [28], 'neurons_per_layer_decoder': [28]}",28,[28],[28],[0.03499077504866377],0.7499009781462549,COMPLETE
