number,value,datetime_start,datetime_complete,duration,params_alpha,params_batch_size,params_drop_out_rate,params_encoder_neurons_layer_1,params_epochs,params_lambda,params_latent_dim,params_learning_rate,params_num_layers_decoder,params_num_layers_encoder,params_optimizer,user_attrs_encoder_decoder_config,user_attrs_first_layer_neurons,user_attrs_neurons_per_layer_decoder,user_attrs_neurons_per_layer_encoder,user_attrs_r2_feature_1,user_attrs_relative_deterioration,state
1508,0.06742720163326177,2025-01-11 00:22:37.206148,2025-01-11 00:22:38.529057,0 days 00:00:01.322909,0.031081380730213968,80,0.2,12,100,8.850274717921222e-05,13,1.2779256745957616e-05,1,1,adadelta,"{'neurons_per_layer_encoder': [12], 'neurons_per_layer_decoder': [12]}",12,[12],[12],[0.06742720163326177],0.757880561749234,COMPLETE
1509,-0.23000067796417567,2025-01-11 00:22:37.238642,2025-01-11 00:22:38.545568,0 days 00:00:01.306926,0.023530070855339577,72,0.2,12,100,8.308454304891094e-05,13,0.0024214557060797423,1,1,adadelta,"{'neurons_per_layer_encoder': [12], 'neurons_per_layer_decoder': [12]}",12,[12],[12],[-0.23000067796417567],0.5349127473848128,COMPLETE
1510,-0.043093222224601435,2025-01-11 00:22:37.605124,2025-01-11 00:22:39.382086,0 days 00:00:01.776962,0.01778085056475232,80,0.2,12,100,1.1093661582418668e-06,13,1.3063061762235158e-05,1,1,adadelta,"{'neurons_per_layer_encoder': [12], 'neurons_per_layer_decoder': [12]}",12,[12],[12],[-0.043093222224601435],0.5022603980213186,COMPLETE
1511,-0.4605239904445355,2025-01-11 00:22:38.165871,2025-01-11 00:22:39.481840,0 days 00:00:01.315969,0.15657963141826825,80,0.2,36,100,1.100645079657889e-06,71,1.2660698887593538e-05,1,1,adadelta,"{'neurons_per_layer_encoder': [36], 'neurons_per_layer_decoder': [36]}",36,[36],[36],[-0.4605239904445355],0.49231280403236966,COMPLETE
1512,-0.118343432110247,2025-01-11 00:22:38.538024,2025-01-11 00:22:40.362742,0 days 00:00:01.824718,0.018286808682491367,88,0.2,36,100,2.1434953688407814e-06,71,1.330433198656425e-05,1,1,adadelta,"{'neurons_per_layer_encoder': [36], 'neurons_per_layer_decoder': [36]}",36,[36],[36],[-0.118343432110247],0.7523385990518738,COMPLETE
1513,-0.49205156179451737,2025-01-11 00:22:38.554042,2025-01-11 00:22:39.888292,0 days 00:00:01.334250,0.028956566855446158,88,0.2,28,100,5.1206983776759055e-05,30,1.3320231974117373e-05,1,1,adadelta,"{'neurons_per_layer_encoder': [28], 'neurons_per_layer_decoder': [28]}",28,[28],[28],[-0.49205156179451737],0.5660872286668039,COMPLETE
1514,-0.06696891874950839,2025-01-11 00:22:38.929979,2025-01-11 00:22:41.438921,0 days 00:00:02.508942,0.15874656047163307,80,0.2,28,100,2.1590226058855053e-06,30,1.117800494104275e-05,1,1,adadelta,"{'neurons_per_layer_encoder': [28], 'neurons_per_layer_decoder': [28]}",28,[28],[28],[-0.06696891874950839],0.7677838721884268,COMPLETE
1515,-0.09584286628738559,2025-01-11 00:22:39.391599,2025-01-11 00:22:40.887976,0 days 00:00:01.496377,0.020348030549141638,88,0.2,36,100,5.312637964937112e-05,71,1.1385035641730026e-05,1,1,adadelta,"{'neurons_per_layer_encoder': [36], 'neurons_per_layer_decoder': [36]}",36,[36],[36],[-0.09584286628738559],0.7269525077269505,COMPLETE
1516,0.2251705550222779,2025-01-11 00:22:39.492391,2025-01-11 00:22:40.996204,0 days 00:00:01.503813,0.018492085150387992,72,0.2,4,100,2.1639859374735423e-06,4,1.95692921015806e-05,1,1,adadelta,"{'neurons_per_layer_encoder': [4], 'neurons_per_layer_decoder': [8]}",4,[8],[4],[0.2251705550222779],0.7026252282107526,COMPLETE
1517,0.5919680055575829,2025-01-11 00:22:39.897191,2025-01-11 00:22:42.465288,0 days 00:00:02.568097,0.1759764645328815,80,0.2,4,100,2.240914301762853e-06,4,0.0003164641795989937,1,1,adadelta,"{'neurons_per_layer_encoder': [4], 'neurons_per_layer_decoder': [8]}",4,[8],[4],[0.5919680055575829],0.9021451933438781,COMPLETE
1518,-0.09612876169410578,2025-01-11 00:22:40.372864,2025-01-11 00:22:41.860762,0 days 00:00:01.487898,0.027864617367043695,80,0.2,4,100,2.102368801284434e-06,4,1.9596265447468466e-05,1,1,adadelta,"{'neurons_per_layer_encoder': [4], 'neurons_per_layer_decoder': [8]}",4,[8],[4],[-0.09612876169410578],0.7389977048015378,COMPLETE
1519,-0.11006706596029625,2025-01-11 00:22:40.898261,2025-01-11 00:22:43.200078,0 days 00:00:02.301817,0.027802877731668015,80,0.2,4,100,1.455645697577853e-06,4,1.8406863133607484e-05,5,1,adadelta,"{'neurons_per_layer_encoder': [4], 'neurons_per_layer_decoder': [8, 8, 8, 8, 8]}",4,"[8, 8, 8, 8, 8]",[4],[-0.11006706596029625],0.5591731149644581,COMPLETE
1520,-0.04820810406345344,2025-01-11 00:22:41.006904,2025-01-11 00:22:42.335403,0 days 00:00:01.328499,0.04062941291241193,72,0.2,4,100,1.453486114629753e-06,4,1.7347364989075884e-05,1,1,adadelta,"{'neurons_per_layer_encoder': [4], 'neurons_per_layer_decoder': [8]}",4,[8],[4],[-0.04820810406345344],0.827248263734438,COMPLETE
1521,-0.10276478931306032,2025-01-11 00:22:41.449616,2025-01-11 00:22:43.848206,0 days 00:00:02.398590,0.1769375861639589,72,0.2,4,100,1.457757243865436e-06,4,1.8321110627603442e-05,5,1,adadelta,"{'neurons_per_layer_encoder': [4], 'neurons_per_layer_decoder': [8, 8, 8, 8, 8]}",4,"[8, 8, 8, 8, 8]",[4],[-0.10276478931306032],0.5466181030193621,COMPLETE
1522,-0.6198982910499984,2025-01-11 00:22:41.870213,2025-01-11 00:22:44.299396,0 days 00:00:02.429183,0.17551820182219502,72,0.2,16,100,1.470530183567638e-06,17,1.7372350557807106e-05,1,1,adadelta,"{'neurons_per_layer_encoder': [16], 'neurons_per_layer_decoder': [16]}",16,[16],[16],[-0.6198982910499984],0.4362816471663725,COMPLETE
1523,-1.517552362830787,2025-01-11 00:22:42.344229,2025-01-11 00:22:43.648112,0 days 00:00:01.303883,0.02766782449266136,72,0.2,12,100,1.7167529927343597e-06,13,1.578430011227059e-05,1,1,adadelta,"{'neurons_per_layer_encoder': [12], 'neurons_per_layer_decoder': [12]}",12,[12],[12],[-1.517552362830787],0.34372044015033043,COMPLETE
1524,-0.10220442628330328,2025-01-11 00:22:42.475505,2025-01-11 00:22:44.651681,0 days 00:00:02.176176,0.19748402335766316,80,0.2,4,100,3.0268156598601595e-06,4,0.000980138837981869,5,1,adadelta,"{'neurons_per_layer_encoder': [4], 'neurons_per_layer_decoder': [8, 8, 8, 8, 8]}",4,"[8, 8, 8, 8, 8]",[4],[-0.10220442628330328],0.6899891313615053,COMPLETE
1525,-0.2340682288278617,2025-01-11 00:22:43.209814,2025-01-11 00:22:45.630232,0 days 00:00:02.420418,0.19802094563195977,80,0.2,4,100,2.919597796384213e-06,4,0.0012273362568439917,1,1,adadelta,"{'neurons_per_layer_encoder': [4], 'neurons_per_layer_decoder': [8]}",4,[8],[4],[-0.2340682288278617],0.3317014656011886,COMPLETE
1526,-0.2049901293171188,2025-01-11 00:22:43.657895,2025-01-11 00:22:44.955604,0 days 00:00:01.297709,0.19877783422241002,80,0.2,4,100,2.8528522825687193e-06,4,0.0009168435559247371,1,1,adadelta,"{'neurons_per_layer_encoder': [4], 'neurons_per_layer_decoder': [8]}",4,[8],[4],[-0.2049901293171188],0.820601871928507,COMPLETE
1527,0.39884555184188797,2025-01-11 00:22:43.858180,2025-01-11 00:22:46.264245,0 days 00:00:02.406065,0.03446075879170778,72,0.2,4,100,2.813578298522872e-06,4,0.0003798615921886875,1,1,adadelta,"{'neurons_per_layer_encoder': [4], 'neurons_per_layer_decoder': [8]}",4,[8],[4],[0.39884555184188797],0.8411809950933599,COMPLETE
1528,-0.7510082408472596,2025-01-11 00:22:44.309554,2025-01-11 00:22:46.725653,0 days 00:00:02.416099,0.19635945098028926,80,0.2,4,100,2.7854031704624896e-06,4,0.0005567090254149108,1,1,adadelta,"{'neurons_per_layer_encoder': [4], 'neurons_per_layer_decoder': [8]}",4,[8],[4],[-0.7510082408472596],0.6266419789174428,COMPLETE
1529,-0.759224915415248,2025-01-11 00:22:44.661028,2025-01-11 00:22:47.093929,0 days 00:00:02.432901,0.17878857660138958,80,0.2,4,100,2.646630317410953e-06,4,0.00044490834890692244,1,1,adadelta,"{'neurons_per_layer_encoder': [4], 'neurons_per_layer_decoder': [8]}",4,[8],[4],[-0.759224915415248],0.3581850531106726,COMPLETE
1530,-0.5417471546235388,2025-01-11 00:22:44.965555,2025-01-11 00:22:46.278219,0 days 00:00:01.312664,0.18739214166398654,80,0.2,8,100,2.7906887948959576e-06,8,0.0001336473163665847,1,1,adadelta,"{'neurons_per_layer_encoder': [8], 'neurons_per_layer_decoder': [8]}",8,[8],[8],[-0.5417471546235388],0.19376295391834608,COMPLETE
1531,-0.18933706313868903,2025-01-11 00:22:45.640668,2025-01-11 00:22:48.039197,0 days 00:00:02.398529,0.1828501498490317,80,0.2,8,100,2.5443663411340107e-06,8,0.0004826924009126576,1,1,adadelta,"{'neurons_per_layer_encoder': [8], 'neurons_per_layer_decoder': [8]}",8,[8],[8],[-0.18933706313868903],0.5909177426699986,COMPLETE
1532,0.07285178576798257,2025-01-11 00:22:46.273636,2025-01-11 00:22:47.582749,0 days 00:00:01.309113,0.024386965717492083,80,0.2,4,100,2.602359585794547e-06,4,0.00034094413060716206,1,1,adadelta,"{'neurons_per_layer_encoder': [4], 'neurons_per_layer_decoder': [8]}",4,[8],[4],[0.07285178576798257],0.6114203673516666,COMPLETE
1533,0.17454901909638687,2025-01-11 00:22:46.287986,2025-01-11 00:22:48.713847,0 days 00:00:02.425861,0.03512692726867717,80,0.2,4,100,2.555520092420252e-06,4,0.00019254082908918362,1,1,adadelta,"{'neurons_per_layer_encoder': [4], 'neurons_per_layer_decoder': [8]}",4,[8],[4],[0.17454901909638687],0.7453432427495227,COMPLETE
1534,-0.10847195607481153,2025-01-11 00:22:46.736723,2025-01-11 00:22:48.076948,0 days 00:00:01.340225,0.030467439854110514,80,0.2,8,100,2.734468006798388e-06,8,0.0002999730321516121,1,1,adadelta,"{'neurons_per_layer_encoder': [8], 'neurons_per_layer_decoder': [8]}",8,[8],[8],[-0.10847195607481153],0.5868957990182815,COMPLETE
1535,-0.24267419263469292,2025-01-11 00:22:47.104114,2025-01-11 00:22:49.159333,0 days 00:00:02.055219,0.033192009410439885,80,0.2,8,100,2.656564743862858e-06,8,0.00035919082565697764,1,1,adadelta,"{'neurons_per_layer_encoder': [8], 'neurons_per_layer_decoder': [8]}",8,[8],[8],[-0.24267419263469292],0.7223954669964537,COMPLETE
1536,-0.03503064335062289,2025-01-11 00:22:47.592146,2025-01-11 00:22:48.912212,0 days 00:00:01.320066,0.042573995288470765,80,0.2,8,100,3.186970613036849e-06,8,0.0002442211324739675,1,1,adadelta,"{'neurons_per_layer_encoder': [8], 'neurons_per_layer_decoder': [8]}",8,[8],[8],[-0.03503064335062289],0.6374404233322755,COMPLETE
1537,-0.009483062464969327,2025-01-11 00:22:48.050017,2025-01-11 00:22:50.268881,0 days 00:00:02.218864,0.0295979775767951,80,0.2,8,100,2.95625957030741e-06,8,2.443163454027749e-05,1,1,adadelta,"{'neurons_per_layer_encoder': [8], 'neurons_per_layer_decoder': [8]}",8,[8],[8],[-0.009483062464969327],0.7211456174496453,COMPLETE
1538,-0.8665214942986863,2025-01-11 00:22:48.088785,2025-01-11 00:22:49.394216,0 days 00:00:01.305431,0.03964169448816374,80,0.2,8,100,3.2768584467286497e-06,8,0.0002967274769762939,1,1,adadelta,"{'neurons_per_layer_encoder': [8], 'neurons_per_layer_decoder': [8]}",8,[8],[8],[-0.8665214942986863],0.3096857377576072,COMPLETE
1539,-0.6425790826858933,2025-01-11 00:22:48.722961,2025-01-11 00:22:51.290220,0 days 00:00:02.567259,0.031250963230619405,80,0.2,8,100,3.244253334674558e-06,8,0.00030759180113682053,1,1,adadelta,"{'neurons_per_layer_encoder': [8], 'neurons_per_layer_decoder': [8]}",8,[8],[8],[-0.6425790826858933],0.4696125015200236,COMPLETE
1540,-0.25767544595065917,2025-01-11 00:22:48.920948,2025-01-11 00:22:50.232557,0 days 00:00:01.311609,0.03244463632348713,80,0.2,8,100,3.398573350555029e-06,8,0.0003632053736230859,1,1,adadelta,"{'neurons_per_layer_encoder': [8], 'neurons_per_layer_decoder': [8]}",8,[8],[8],[-0.25767544595065917],0.6581627978234234,COMPLETE
1541,-0.1441807273126785,2025-01-11 00:22:49.169632,2025-01-11 00:22:51.095522,0 days 00:00:01.925890,0.034277097826041,80,0.2,8,100,3.2227022403557955e-06,8,0.0002638437356411841,1,1,adadelta,"{'neurons_per_layer_encoder': [8], 'neurons_per_layer_decoder': [8]}",8,[8],[8],[-0.1441807273126785],0.5038551661062463,COMPLETE
1542,-0.02630847545725401,2025-01-11 00:22:49.403141,2025-01-11 00:22:51.646018,0 days 00:00:02.242877,0.03525875281053417,72,0.2,4,100,3.343507260365724e-06,4,0.00022317250057999154,1,1,adadelta,"{'neurons_per_layer_encoder': [4], 'neurons_per_layer_decoder': [8]}",4,[8],[4],[-0.02630847545725401],0.7357285527440958,COMPLETE
1543,-0.4651349539934071,2025-01-11 00:22:50.241564,2025-01-11 00:22:51.758651,0 days 00:00:01.517087,0.02204416339489942,72,0.2,4,100,2.2639046221495446e-06,4,0.00022256318241207267,1,1,adadelta,"{'neurons_per_layer_encoder': [4], 'neurons_per_layer_decoder': [8]}",4,[8],[4],[-0.4651349539934071],0.5276598613825237,COMPLETE
1544,-0.24178839424883725,2025-01-11 00:22:50.281711,2025-01-11 00:22:52.740321,0 days 00:00:02.458610,0.021046989589867005,72,0.2,4,100,2.3224897030328833e-06,4,0.0002909182397853227,1,1,adadelta,"{'neurons_per_layer_encoder': [4], 'neurons_per_layer_decoder': [8]}",4,[8],[4],[-0.24178839424883725],0.5071549198290671,COMPLETE
1545,0.21017976525413562,2025-01-11 00:22:51.105396,2025-01-11 00:22:53.726108,0 days 00:00:02.620712,0.027408571329465607,72,0.2,4,100,2.2819287050238236e-06,4,0.0003183970991213172,1,1,adadelta,"{'neurons_per_layer_encoder': [4], 'neurons_per_layer_decoder': [8]}",4,[8],[4],[0.21017976525413562],0.7568080204672197,COMPLETE
1546,-0.4087518433149149,2025-01-11 00:22:51.301295,2025-01-11 00:22:52.641246,0 days 00:00:01.339951,0.04220628833379146,72,0.2,4,100,2.3757805988534203e-06,4,0.0003816015433864014,1,1,adadelta,"{'neurons_per_layer_encoder': [4], 'neurons_per_layer_decoder': [8]}",4,[8],[4],[-0.4087518433149149],0.688990038544122,COMPLETE
1547,-0.14337510486464855,2025-01-11 00:22:51.655706,2025-01-11 00:22:53.887651,0 days 00:00:02.231945,0.04707588644519569,72,0.2,4,100,2.288713161675746e-06,4,0.0001809062190136404,3,1,adadelta,"{'neurons_per_layer_encoder': [4], 'neurons_per_layer_decoder': [8, 8, 8]}",4,"[8, 8, 8]",[4],[-0.14337510486464855],0.5370320512657583,COMPLETE
1548,-0.13623373502211944,2025-01-11 00:22:51.768172,2025-01-11 00:22:53.996987,0 days 00:00:02.228815,0.024740975845415066,72,0.2,12,100,2.3355439449444516e-06,13,0.000255791600193135,4,1,adadelta,"{'neurons_per_layer_encoder': [12], 'neurons_per_layer_decoder': [12, 8, 8, 8]}",12,"[12, 8, 8, 8]",[12],[-0.13623373502211944],0.6377362614146384,COMPLETE
1549,-0.19909027323830042,2025-01-11 00:22:52.650743,2025-01-11 00:22:53.986423,0 days 00:00:01.335680,0.03782865327708526,72,0.2,12,100,0.0001107419703984916,13,0.00041002806311867413,1,1,adadelta,"{'neurons_per_layer_encoder': [12], 'neurons_per_layer_decoder': [12]}",12,[12],[12],[-0.19909027323830042],0.7421512342878941,COMPLETE
1550,-0.24150768306382986,2025-01-11 00:22:52.750983,2025-01-11 00:22:54.233407,0 days 00:00:01.482424,0.036711171846936466,72,0.2,12,100,0.00010910737860133579,13,0.00041216835610010413,1,1,adadelta,"{'neurons_per_layer_encoder': [12], 'neurons_per_layer_decoder': [12]}",12,[12],[12],[-0.24150768306382986],0.7046853406034925,COMPLETE
1551,-0.3407210156138758,2025-01-11 00:22:53.738153,2025-01-11 00:22:55.785930,0 days 00:00:02.047777,0.03645442839382034,72,0.2,12,100,2.0203101281255255e-06,13,0.00044791011317353704,1,1,adadelta,"{'neurons_per_layer_encoder': [12], 'neurons_per_layer_decoder': [12]}",12,[12],[12],[-0.3407210156138758],0.39385647601473733,COMPLETE
1552,-0.013944195436607298,2025-01-11 00:22:53.897215,2025-01-11 00:22:55.785312,0 days 00:00:01.888097,0.024881543948213052,72,0.2,12,100,1.9651952587284007e-06,13,0.00025120559807343534,1,1,adadelta,"{'neurons_per_layer_encoder': [12], 'neurons_per_layer_decoder': [12]}",12,[12],[12],[-0.013944195436607298],0.6772945759882081,COMPLETE
1553,-0.562208308464361,2025-01-11 00:22:53.996082,2025-01-11 00:22:56.187921,0 days 00:00:02.191839,0.044034779196083465,72,0.2,12,100,1.9814805243445748e-06,13,0.0004538125155724999,1,1,adadelta,"{'neurons_per_layer_encoder': [12], 'neurons_per_layer_decoder': [12]}",12,[12],[12],[-0.562208308464361],0.4159008300611373,COMPLETE
1554,-0.10601740142039584,2025-01-11 00:22:54.010863,2025-01-11 00:22:55.325896,0 days 00:00:01.315033,0.18795759133453885,72,0.2,12,100,1.952892591038577e-06,13,0.00017621475635582943,1,1,adadelta,"{'neurons_per_layer_encoder': [12], 'neurons_per_layer_decoder': [12]}",12,[12],[12],[-0.10601740142039584],0.6275155211216488,COMPLETE
1555,-0.276852285497422,2025-01-11 00:22:54.243280,2025-01-11 00:22:56.647498,0 days 00:00:02.404218,0.03831457423675389,88,0.2,12,100,1.9457947663537277e-06,13,0.00038042110245431194,1,1,adadelta,"{'neurons_per_layer_encoder': [12], 'neurons_per_layer_decoder': [12]}",12,[12],[12],[-0.276852285497422],0.4501772735119191,COMPLETE
1556,0.05631380396153185,2025-01-11 00:22:55.335084,2025-01-11 00:22:57.748183,0 days 00:00:02.413099,0.17133716197261803,72,0.2,12,100,1.988037604239295e-06,13,0.00027995710881299806,1,1,adadelta,"{'neurons_per_layer_encoder': [12], 'neurons_per_layer_decoder': [12]}",12,[12],[12],[0.05631380396153185],0.8012142102291515,COMPLETE
1557,-0.06821870471207592,2025-01-11 00:22:55.796236,2025-01-11 00:22:58.246044,0 days 00:00:02.449808,0.011112201351674678,88,0.2,12,100,2.631318132447243e-06,13,0.00035025590591371893,1,1,adadelta,"{'neurons_per_layer_encoder': [12], 'neurons_per_layer_decoder': [12]}",12,[12],[12],[-0.06821870471207592],0.6281500503075249,COMPLETE
1558,-0.1545404781542652,2025-01-11 00:22:55.796741,2025-01-11 00:22:58.211916,0 days 00:00:02.415175,0.1714071070318809,88,0.2,12,100,1.7169824627177503e-06,13,2.145180358876684e-05,1,1,adadelta,"{'neurons_per_layer_encoder': [12], 'neurons_per_layer_decoder': [12]}",12,[12],[12],[-0.1545404781542652],0.7808260159808362,COMPLETE
1559,-0.1801441045109784,2025-01-11 00:22:56.197493,2025-01-11 00:22:58.056989,0 days 00:00:01.859496,0.04517672602498231,80,0.2,160,100,2.5900553607016273e-06,312,0.00035594604804433945,1,1,adadelta,"{'neurons_per_layer_encoder': [160], 'neurons_per_layer_decoder': [160]}",160,[160],[160],[-0.1801441045109784],0.7122499854346814,COMPLETE
1560,-0.5194504576001977,2025-01-11 00:22:56.657657,2025-01-11 00:22:57.979550,0 days 00:00:01.321893,0.1757023266915314,80,0.2,4,100,2.590037573135209e-06,4,0.0002980276593265386,1,1,adadelta,"{'neurons_per_layer_encoder': [4], 'neurons_per_layer_decoder': [8]}",4,[8],[4],[-0.5194504576001977],0.44373249686247246,COMPLETE
1561,-0.1999460841394165,2025-01-11 00:22:57.757459,2025-01-11 00:23:00.143754,0 days 00:00:02.386295,0.14216113270674327,80,0.2,4,100,0.0001799692262354632,4,2.2174407870623182e-05,1,1,adadelta,"{'neurons_per_layer_encoder': [4], 'neurons_per_layer_decoder': [8]}",4,[8],[4],[-0.1999460841394165],0.6494022888128559,COMPLETE
1562,-1.315601300112573,2025-01-11 00:22:57.988772,2025-01-11 00:23:00.396398,0 days 00:00:02.407626,0.14610011064233325,88,0.2,16,100,1.6332353295087333e-06,17,0.0003131217461077474,1,1,adadelta,"{'neurons_per_layer_encoder': [16], 'neurons_per_layer_decoder': [16]}",16,[16],[16],[-1.315601300112573],0.31388758085848334,COMPLETE
1563,-1.1590611795750467,2025-01-11 00:22:58.066085,2025-01-11 00:22:59.369207,0 days 00:00:01.303122,0.1444055825559624,72,0.2,16,100,1.7011406343610846e-06,17,0.0003776385140558784,1,1,adadelta,"{'neurons_per_layer_encoder': [16], 'neurons_per_layer_decoder': [16]}",16,[16],[16],[-1.1590611795750467],0.5544524493181732,COMPLETE
1564,-0.3086829078629776,2025-01-11 00:22:58.227099,2025-01-11 00:23:00.731462,0 days 00:00:02.504363,0.023170789325694018,72,0.2,16,100,6.689563998272052e-05,17,0.00010613821270436422,1,1,adadelta,"{'neurons_per_layer_encoder': [16], 'neurons_per_layer_decoder': [16]}",16,[16],[16],[-0.3086829078629776],0.6588645520413752,COMPLETE
1565,-0.014485923829002934,2025-01-11 00:22:58.258221,2025-01-11 00:23:00.736975,0 days 00:00:02.478754,0.14442664140397077,72,0.2,4,100,2.9664120140002404e-05,4,0.0003244570028142064,1,1,adadelta,"{'neurons_per_layer_encoder': [4], 'neurons_per_layer_decoder': [8]}",4,[8],[4],[-0.014485923829002934],0.5847591296478019,COMPLETE
1566,-0.26363212806730996,2025-01-11 00:22:59.378873,2025-01-11 00:23:01.850952,0 days 00:00:02.472079,0.14879863780006697,80,0.2,4,100,0.0001824436824021339,4,0.0002778489492306439,1,1,adadelta,"{'neurons_per_layer_encoder': [4], 'neurons_per_layer_decoder': [8]}",4,[8],[4],[-0.26363212806730996],0.735959560431976,COMPLETE
1567,-0.26038634282440487,2025-01-11 00:23:00.154299,2025-01-11 00:23:01.663671,0 days 00:00:01.509372,0.03274093996166163,72,0.2,8,100,3.060757690012754e-05,8,0.00025997001405534537,1,1,adadelta,"{'neurons_per_layer_encoder': [8], 'neurons_per_layer_decoder': [8]}",8,[8],[8],[-0.26038634282440487],0.7770138943973021,COMPLETE
1568,0.08643352308981944,2025-01-11 00:23:00.407325,2025-01-11 00:23:02.848635,0 days 00:00:02.441310,0.13670660512696933,72,0.2,8,100,1.2736463453773414e-06,8,0.0002381423149496491,1,1,adadelta,"{'neurons_per_layer_encoder': [8], 'neurons_per_layer_decoder': [8]}",8,[8],[8],[0.08643352308981944],0.73203012168393,COMPLETE
1569,-0.014588640017227705,2025-01-11 00:23:00.744631,2025-01-11 00:23:02.062111,0 days 00:00:01.317480,0.03251237997512993,72,0.2,8,100,2.1952282750090014e-06,8,2.1259156395196274e-05,1,1,adadelta,"{'neurons_per_layer_encoder': [8], 'neurons_per_layer_decoder': [8]}",8,[8],[8],[-0.014588640017227705],0.7760228924346128,COMPLETE
1570,0.10972815451468887,2025-01-11 00:23:00.747732,2025-01-11 00:23:02.578940,0 days 00:00:01.831208,0.13301919785926627,72,0.2,8,100,2.180239414576409e-06,8,2.7380947493694908e-05,1,1,adadelta,"{'neurons_per_layer_encoder': [8], 'neurons_per_layer_decoder': [8]}",8,[8],[8],[0.10972815451468887],0.6223255228219087,COMPLETE
1571,-0.6966424217743097,2025-01-11 00:23:01.672955,2025-01-11 00:23:04.262885,0 days 00:00:02.589930,0.18792032895601074,80,0.2,8,100,1.261866346996049e-06,8,0.00021329602013120085,1,1,adadelta,"{'neurons_per_layer_encoder': [8], 'neurons_per_layer_decoder': [8]}",8,[8],[8],[-0.6966424217743097],0.23766590369357563,COMPLETE
