number,value,datetime_start,datetime_complete,duration,params_alpha,params_batch_size,params_drop_out_rate,params_encoder_neurons_layer_1,params_epochs,params_lambda,params_latent_dim,params_learning_rate,params_num_layers_decoder,params_num_layers_encoder,params_optimizer,user_attrs_encoder_decoder_config,user_attrs_first_layer_neurons,user_attrs_neurons_per_layer_decoder,user_attrs_neurons_per_layer_encoder,user_attrs_r2_feature_1,user_attrs_relative_deterioration,state
2337,-0.04591879858031489,2025-01-11 12:25:38.829535,2025-01-11 12:25:41.284325,0 days 00:00:02.454790,0.03779686195901344,72,0.2,12,100,1.3538202099635421e-06,168,1.1315643174533155e-05,1,4,sgd,"{'neurons_per_layer_encoder': [12, 24, 48, 96], 'neurons_per_layer_decoder': [96]}",12,[96],"[12, 24, 48, 96]",[-0.04591879858031489],0.6334831000678245,COMPLETE
2338,-0.14043247689230243,2025-01-11 12:25:38.962656,2025-01-11 12:25:40.313492,0 days 00:00:01.350836,0.028694354458992072,64,0.2,12,100,1.3511900398701928e-06,168,1.1123645475622914e-05,1,4,sgd,"{'neurons_per_layer_encoder': [12, 24, 48, 96], 'neurons_per_layer_decoder': [96]}",12,[96],"[12, 24, 48, 96]",[-0.14043247689230243],0.7127258129572259,COMPLETE
2339,0.1456257266179648,2025-01-11 12:25:38.982450,2025-01-11 12:25:41.183677,0 days 00:00:02.201227,0.1539257893544155,64,0.2,20,100,1.3434169985722573e-06,22,2.936063032493404e-05,1,1,sgd,"{'neurons_per_layer_encoder': [20], 'neurons_per_layer_decoder': [20]}",20,[20],[20],[0.1456257266179648],0.7543593776445309,COMPLETE
2340,-0.257063419146472,2025-01-11 12:25:39.026567,2025-01-11 12:25:40.570395,0 days 00:00:01.543828,0.029115113647523228,64,0.2,20,100,7.851637843447834e-05,22,3.0349929520501046e-05,1,1,sgd,"{'neurons_per_layer_encoder': [20], 'neurons_per_layer_decoder': [20]}",20,[20],[20],[-0.257063419146472],0.6823248188426885,COMPLETE
2341,-0.1303614587216475,2025-01-11 12:25:40.324090,2025-01-11 12:25:42.792074,0 days 00:00:02.467984,0.15042021874673708,72,0.2,20,100,1.015862736718891e-06,22,0.00014372395219779176,1,1,adadelta,"{'neurons_per_layer_encoder': [20], 'neurons_per_layer_decoder': [20]}",20,[20],[20],[-0.1303614587216475],0.6491163106160451,COMPLETE
2342,0.0023862365011068087,2025-01-11 12:25:40.580916,2025-01-11 12:25:43.271211,0 days 00:00:02.690295,0.1535147728215976,72,0.2,16,100,1.0044270314629261e-06,17,1.1669499376315007e-05,2,1,adadelta,"{'neurons_per_layer_encoder': [16], 'neurons_per_layer_decoder': [16, 8]}",16,"[16, 8]",[16],[0.0023862365011068087],0.7218604340469926,COMPLETE
2343,-0.0385356683761684,2025-01-11 12:25:40.891481,2025-01-11 12:25:42.263492,0 days 00:00:01.372011,0.15341477425022715,72,0.2,16,100,1.4671529242831619e-06,17,1.121790855052459e-05,1,1,adadelta,"{'neurons_per_layer_encoder': [16], 'neurons_per_layer_decoder': [16]}",16,[16],[16],[-0.0385356683761684],0.670782113137604,COMPLETE
2344,-0.23225431756483683,2025-01-11 12:25:41.194514,2025-01-11 12:25:43.186592,0 days 00:00:01.992078,0.1490723449378382,56,0.4,16,100,2.209556520135187e-06,134,1.1553734964332916e-05,1,3,adadelta,"{'neurons_per_layer_encoder': [16, 32, 64], 'neurons_per_layer_decoder': [64]}",16,[64],"[16, 32, 64]",[-0.23225431756483683],0.5551736714079228,COMPLETE
2345,0.20786241912263104,2025-01-11 12:25:41.295440,2025-01-11 12:25:43.790901,0 days 00:00:02.495461,0.14419060983681503,56,0.30000000000000004,8,100,2.31846805543291e-06,8,1.5131673895169237e-05,1,1,adadelta,"{'neurons_per_layer_encoder': [8], 'neurons_per_layer_decoder': [8]}",8,[8],[8],[0.20786241912263104],0.7303370693927536,COMPLETE
2346,-0.5971614189077525,2025-01-11 12:25:42.273426,2025-01-11 12:25:44.288201,0 days 00:00:02.014775,0.16542120487207274,56,0.30000000000000004,8,100,2.1654473817497676e-06,8,1.5139366829289445e-05,1,1,adadelta,"{'neurons_per_layer_encoder': [8], 'neurons_per_layer_decoder': [8]}",8,[8],[8],[-0.5971614189077525],0.5503229640354802,COMPLETE
2347,-0.8139150745788319,2025-01-11 12:25:42.803289,2025-01-11 12:25:44.653035,0 days 00:00:01.849746,0.1646537491725488,56,0.4,8,100,2.188823178758652e-06,8,3.642039129226748e-05,1,1,adadelta,"{'neurons_per_layer_encoder': [8], 'neurons_per_layer_decoder': [8]}",8,[8],[8],[-0.8139150745788319],0.4332223129865389,COMPLETE
2348,0.08524978489184665,2025-01-11 12:25:43.196646,2025-01-11 12:25:44.551206,0 days 00:00:01.354560,0.1645753564178339,64,0.30000000000000004,44,100,0.00010039628028773991,64,4.1613063866901516e-05,1,1,adadelta,"{'neurons_per_layer_encoder': [44], 'neurons_per_layer_decoder': [44]}",44,[44],[44],[0.08524978489184665],0.750743674518507,COMPLETE
2349,-0.2837274438388928,2025-01-11 12:25:43.283370,2025-01-11 12:25:45.687916,0 days 00:00:02.404546,0.034322739780101676,64,0.2,8,100,2.846303730986525e-06,8,4.108897570790179e-05,1,1,adadelta,"{'neurons_per_layer_encoder': [8], 'neurons_per_layer_decoder': [8]}",8,[8],[8],[-0.2837274438388928],0.4079579676338453,COMPLETE
2350,-0.3470024570352277,2025-01-11 12:25:43.801410,2025-01-11 12:25:45.121092,0 days 00:00:01.319682,0.03452440765877946,64,0.2,8,100,2.815496179388121e-06,8,0.0004326419738570882,1,1,adadelta,"{'neurons_per_layer_encoder': [8], 'neurons_per_layer_decoder': [8]}",8,[8],[8],[-0.3470024570352277],0.6290347487184015,COMPLETE
2351,-0.056073699186501624,2025-01-11 12:25:44.298332,2025-01-11 12:25:47.538682,0 days 00:00:03.240350,0.034859870269332335,64,0.2,44,100,7.484077652766717e-06,712,3.751778507367141e-05,1,5,adadelta,"{'neurons_per_layer_encoder': [44, 88, 176, 352, 704], 'neurons_per_layer_decoder': [704]}",44,[704],"[44, 88, 176, 352, 704]",[-0.056073699186501624],0.7159823527130535,COMPLETE
2352,-0.3038816333396519,2025-01-11 12:25:44.560862,2025-01-11 12:25:47.282389,0 days 00:00:02.721527,0.18593646209108106,64,0.2,8,100,2.8190668064773635e-06,8,1.7156020044861366e-05,1,1,adadelta,"{'neurons_per_layer_encoder': [8], 'neurons_per_layer_decoder': [8]}",8,[8],[8],[-0.3038816333396519],0.36745661237104016,COMPLETE
2353,-0.05383722234785382,2025-01-11 12:25:44.663971,2025-01-11 12:25:47.184745,0 days 00:00:02.520774,0.18207238197836453,64,0.2,8,100,3.358228040235913e-06,8,0.0006257068368076709,1,1,adadelta,"{'neurons_per_layer_encoder': [8], 'neurons_per_layer_decoder': [8]}",8,[8],[8],[-0.05383722234785382],0.4771186078785395,COMPLETE
2354,0.05548084382311469,2025-01-11 12:25:45.132129,2025-01-11 12:25:47.664649,0 days 00:00:02.532520,0.18106306125958344,80,0.2,28,100,1.67860079756632e-06,30,1.8057286004146212e-05,1,1,adadelta,"{'neurons_per_layer_encoder': [28], 'neurons_per_layer_decoder': [28]}",28,[28],[28],[0.05548084382311469],0.7050123650423532,COMPLETE
2355,0.16390265834698825,2025-01-11 12:25:45.913885,2025-01-11 12:25:48.444125,0 days 00:00:02.530240,0.12929590308023484,80,0.2,28,100,1.6259177376618316e-06,30,0.00025338670358179745,1,1,adadelta,"{'neurons_per_layer_encoder': [28], 'neurons_per_layer_decoder': [28]}",28,[28],[28],[0.16390265834698825],0.7928770358658007,COMPLETE
2356,-0.14202479412828417,2025-01-11 12:25:47.194838,2025-01-11 12:25:48.587587,0 days 00:00:01.392749,0.1364589816234057,80,0.2,172,100,1.6537915368357864e-06,388,1.832466176259801e-05,1,1,adadelta,"{'neurons_per_layer_encoder': [172], 'neurons_per_layer_decoder': [172]}",172,[172],[172],[-0.14202479412828417],0.684333453368978,COMPLETE
2357,-0.4445056037470809,2025-01-11 12:25:47.298089,2025-01-11 12:25:49.335249,0 days 00:00:02.037160,0.13555671022721594,88,0.2,28,100,1.5984600555813815e-06,30,1.7317207615330252e-05,1,1,sgd,"{'neurons_per_layer_encoder': [28], 'neurons_per_layer_decoder': [28]}",28,[28],[28],[-0.4445056037470809],0.5390326417729053,COMPLETE
2358,-0.13041948341927068,2025-01-11 12:25:47.549818,2025-01-11 12:25:49.310779,0 days 00:00:01.760961,0.1346950177278641,80,0.2,28,100,1.64492143068553e-06,30,1.0001581210602424e-05,1,1,sgd,"{'neurons_per_layer_encoder': [28], 'neurons_per_layer_decoder': [28]}",28,[28],[28],[-0.13041948341927068],0.6898905385936404,COMPLETE
2359,-1.3132026934744845,2025-01-11 12:25:47.675771,2025-01-11 12:25:48.615667,0 days 00:00:00.939896,0.13378439070327985,88,0.2,20,100,1.5930907546240765e-06,22,1.4148700942411883e-05,1,1,sgd,"{'neurons_per_layer_encoder': [20], 'neurons_per_layer_decoder': [20]}",20,[20],[20],[-1.3132026934744845],0.5805763891909937,COMPLETE
2360,-0.3655267740027843,2025-01-11 12:25:48.455348,2025-01-11 12:25:49.480819,0 days 00:00:01.025471,0.010061713627874072,72,0.2,20,100,1.2093047790068246e-06,60,1.4068023012988262e-05,1,2,sgd,"{'neurons_per_layer_encoder': [20, 40], 'neurons_per_layer_decoder': [40]}",20,[40],"[20, 40]",[-0.3655267740027843],0.6389806217335237,COMPLETE
2361,-0.2107527802651239,2025-01-11 12:25:48.599233,2025-01-11 12:25:49.624204,0 days 00:00:01.024971,0.03069041698458662,72,0.2,20,100,1.2697725700862668e-06,60,1.3025031944629338e-05,1,2,sgd,"{'neurons_per_layer_encoder': [20, 40], 'neurons_per_layer_decoder': [40]}",20,[40],"[20, 40]",[-0.2107527802651239],0.5512599736460702,COMPLETE
2362,-0.31202563061374633,2025-01-11 12:25:48.626555,2025-01-11 12:25:50.036398,0 days 00:00:01.409843,0.19826767059984385,72,0.2,12,100,1.3030382237341841e-06,42,2.1601753417802486e-05,1,2,sgd,"{'neurons_per_layer_encoder': [12, 24], 'neurons_per_layer_decoder': [24]}",12,[24],"[12, 24]",[-0.31202563061374633],0.6014841403530693,COMPLETE
2363,-0.18903022071758335,2025-01-11 12:25:49.323494,2025-01-11 12:25:50.948037,0 days 00:00:01.624543,0.02640825243447908,72,0.2,16,100,3.740243661931864e-06,51,2.161165197359537e-05,1,2,adadelta,"{'neurons_per_layer_encoder': [16, 32], 'neurons_per_layer_decoder': [32]}",16,[32],"[16, 32]",[-0.18903022071758335],0.6481362945889412,COMPLETE
2364,-0.2964853542474095,2025-01-11 12:25:49.347040,2025-01-11 12:25:50.954618,0 days 00:00:01.607578,0.145257670363186,72,0.2,16,100,1.2418150723503618e-06,51,2.188297703344179e-05,1,2,adadelta,"{'neurons_per_layer_encoder': [16, 32], 'neurons_per_layer_decoder': [32]}",16,[32],"[16, 32]",[-0.2964853542474095],0.6599588075426964,COMPLETE
2365,-0.08614879950427135,2025-01-11 12:25:49.491269,2025-01-11 12:25:51.738224,0 days 00:00:02.246955,0.03065095894473402,72,0.2,16,100,2.5264052190274414e-06,51,2.174726707442874e-05,1,2,adadelta,"{'neurons_per_layer_encoder': [16, 32], 'neurons_per_layer_decoder': [32]}",16,[32],"[16, 32]",[-0.08614879950427135],0.7499024877665769,COMPLETE
2366,-0.41642096917668736,2025-01-11 12:25:49.636969,2025-01-11 12:25:51.054052,0 days 00:00:01.417083,0.15781411045828658,48,0.2,16,100,2.4508172500868725e-06,17,2.188509026034542e-05,1,1,adadelta,"{'neurons_per_layer_encoder': [16], 'neurons_per_layer_decoder': [16]}",16,[16],[16],[-0.41642096917668736],0.47918049697542114,COMPLETE
2367,-0.4099191890125713,2025-01-11 12:25:50.047682,2025-01-11 12:25:51.407738,0 days 00:00:01.360056,0.14410619450221415,48,0.2,4,100,1.9804504990773515e-06,4,2.6931468116726206e-05,1,1,adadelta,"{'neurons_per_layer_encoder': [4], 'neurons_per_layer_decoder': [8]}",4,[8],[4],[-0.4099191890125713],0.6622875551445612,COMPLETE
2368,-0.10821072523451236,2025-01-11 12:25:50.959976,2025-01-11 12:25:52.295413,0 days 00:00:01.335437,0.15815145672934314,64,0.4,4,100,2.5273860076442443e-06,4,2.7951089098468865e-05,1,1,adadelta,"{'neurons_per_layer_encoder': [4], 'neurons_per_layer_decoder': [8]}",4,[8],[4],[-0.10821072523451236],0.6675831516823997,COMPLETE
2369,-0.38510437072674275,2025-01-11 12:25:50.965116,2025-01-11 12:25:52.345989,0 days 00:00:01.380873,0.15803153346561372,48,0.4,4,100,2.4734475106407043e-06,4,2.691837255861409e-05,1,1,adadelta,"{'neurons_per_layer_encoder': [4], 'neurons_per_layer_decoder': [8]}",4,[8],[4],[-0.38510437072674275],0.49238982199397896,COMPLETE
2370,-0.14403146336638484,2025-01-11 12:25:51.071630,2025-01-11 12:25:52.662587,0 days 00:00:01.590957,0.1224642897122747,40,0.2,84,100,1.871847488212963e-06,92,2.5769386876979136e-05,1,1,adadelta,"{'neurons_per_layer_encoder': [84], 'neurons_per_layer_decoder': [84]}",84,[84],[84],[-0.14403146336638484],0.4518453288143591,COMPLETE
2371,-0.12095403585124176,2025-01-11 12:25:51.417572,2025-01-11 12:25:52.807523,0 days 00:00:01.389951,0.12042220214232636,40,0.2,4,100,1.4537173681475907e-06,4,1.5910620893995982e-05,1,1,adadelta,"{'neurons_per_layer_encoder': [4], 'neurons_per_layer_decoder': [8]}",4,[8],[4],[-0.12095403585124176],0.5255535358321346,COMPLETE
2372,-0.9890428523091244,2025-01-11 12:25:51.748997,2025-01-11 12:25:53.121712,0 days 00:00:01.372715,0.16988361973202606,40,0.2,4,100,5.630532045156923e-05,4,1.5731826270172196e-05,1,1,adadelta,"{'neurons_per_layer_encoder': [4], 'neurons_per_layer_decoder': [8]}",4,[8],[4],[-0.9890428523091244],0.5151138046383766,COMPLETE
2373,-0.9636985892239838,2025-01-11 12:25:52.305525,2025-01-11 12:25:53.923836,0 days 00:00:01.618311,0.12232621083917632,56,0.2,12,100,2.6373774710553266e-05,13,1.510698405092501e-05,1,1,adadelta,"{'neurons_per_layer_encoder': [12], 'neurons_per_layer_decoder': [12]}",12,[12],[12],[-0.9636985892239838],0.5353144990673416,COMPLETE
2374,-0.1104369025536096,2025-01-11 12:25:52.359821,2025-01-11 12:25:53.728038,0 days 00:00:01.368217,0.1227576216238456,64,0.2,64,100,1.4501671375572873e-06,102,1.5016783401303436e-05,1,1,adadelta,"{'neurons_per_layer_encoder': [64], 'neurons_per_layer_decoder': [64]}",64,[64],[64],[-0.1104369025536096],0.7179460423148162,COMPLETE
2375,-0.5176419113933077,2025-01-11 12:25:52.673827,2025-01-11 12:25:54.179910,0 days 00:00:01.506083,0.1681107416527753,56,0.2,12,100,1.454043494028183e-06,13,1.570259329094202e-05,1,1,adadelta,"{'neurons_per_layer_encoder': [12], 'neurons_per_layer_decoder': [12]}",12,[12],[12],[-0.5176419113933077],0.6342306501695412,COMPLETE
2376,-0.01360287472859989,2025-01-11 12:25:52.819703,2025-01-11 12:25:55.276145,0 days 00:00:02.456442,0.17233917937943183,56,0.2,12,100,2.0877802472854333e-06,13,0.00031381607652201937,1,1,adadelta,"{'neurons_per_layer_encoder': [12], 'neurons_per_layer_decoder': [12]}",12,[12],[12],[-0.01360287472859989],0.7076087844080435,COMPLETE
2377,-0.7936068932834726,2025-01-11 12:25:53.132195,2025-01-11 12:25:55.620078,0 days 00:00:02.487883,0.1913249182488235,56,0.2,12,100,1.8117653029067957e-05,13,1.1925408765978394e-05,1,1,adadelta,"{'neurons_per_layer_encoder': [12], 'neurons_per_layer_decoder': [12]}",12,[12],[12],[-0.7936068932834726],0.38872434319905813,COMPLETE
2378,-0.254323290197918,2025-01-11 12:25:53.738708,2025-01-11 12:25:55.112228,0 days 00:00:01.373520,0.17904276745623013,64,0.2,12,100,1.1730522849624972e-05,13,3.3464514786939615e-05,1,1,adadelta,"{'neurons_per_layer_encoder': [12], 'neurons_per_layer_decoder': [12]}",12,[12],[12],[-0.254323290197918],0.745306413919843,COMPLETE
2379,-0.2568154683247763,2025-01-11 12:25:53.934531,2025-01-11 12:25:55.725409,0 days 00:00:01.790878,0.1769335320549024,80,0.2,12,100,2.114933051352412e-06,13,1.2561057743872713e-05,3,1,adadelta,"{'neurons_per_layer_encoder': [12], 'neurons_per_layer_decoder': [12, 8, 8]}",12,"[12, 8, 8]",[12],[-0.2568154683247763],0.6485299043305359,COMPLETE
2380,-0.5162042901834938,2025-01-11 12:25:54.190481,2025-01-11 12:25:55.127804,0 days 00:00:00.937323,0.18367827785709623,80,0.2,32,100,1.996829209792744e-06,35,1.2547475571120733e-05,1,1,sgd,"{'neurons_per_layer_encoder': [32], 'neurons_per_layer_decoder': [32]}",32,[32],[32],[-0.5162042901834938],0.43580924315498765,COMPLETE
2381,-0.5033335340546421,2025-01-11 12:25:55.122504,2025-01-11 12:25:56.203806,0 days 00:00:01.081302,0.18986422421326313,80,0.2,20,100,2.2165816055095498e-06,22,0.0003009499905035898,3,1,sgd,"{'neurons_per_layer_encoder': [20], 'neurons_per_layer_decoder': [20, 10, 8]}",20,"[20, 10, 8]",[20],[-0.5033335340546421],0.40735856488473987,COMPLETE
2382,-0.015665799160776928,2025-01-11 12:25:55.139729,2025-01-11 12:25:56.535331,0 days 00:00:01.395602,0.14538280751637667,64,0.2,20,100,2.0789388856005244e-06,22,1.2385174643703153e-05,1,1,adadelta,"{'neurons_per_layer_encoder': [20], 'neurons_per_layer_decoder': [20]}",20,[20],[20],[-0.015665799160776928],0.7645794768052242,COMPLETE
2383,-0.005338951256639746,2025-01-11 12:25:55.287243,2025-01-11 12:25:58.155506,0 days 00:00:02.868263,0.19984410573009084,64,0.2,20,100,4.05274168872284e-06,22,1.1226748565112757e-05,3,1,adadelta,"{'neurons_per_layer_encoder': [20], 'neurons_per_layer_decoder': [20, 10, 8]}",20,"[20, 10, 8]",[20],[-0.005338951256639746],0.6969335463986355,COMPLETE
2384,0.27861631586339575,2025-01-11 12:25:55.630689,2025-01-11 12:25:57.655590,0 days 00:00:02.024901,0.14548050201150947,64,0.2,20,100,4.1137100520836095e-06,22,0.00037966027208573625,1,1,sgd,"{'neurons_per_layer_encoder': [20], 'neurons_per_layer_decoder': [20]}",20,[20],[20],[0.27861631586339575],0.7337274486367202,COMPLETE
2385,0.07114545555607965,2025-01-11 12:25:55.740388,2025-01-11 12:25:57.773974,0 days 00:00:02.033586,0.02318620024881538,64,0.2,24,100,3.269839307188353e-06,42,1.8279204058379754e-05,1,1,sgd,"{'neurons_per_layer_encoder': [24], 'neurons_per_layer_decoder': [24]}",24,[24],[24],[0.07114545555607965],0.7204736849335037,COMPLETE
2386,-0.1377674780785787,2025-01-11 12:25:56.214601,2025-01-11 12:25:57.582261,0 days 00:00:01.367660,0.023651204861605244,72,0.2,20,100,1.8025128137829031e-06,22,1.7468475341618537e-05,1,1,adam,"{'neurons_per_layer_encoder': [20], 'neurons_per_layer_decoder': [20]}",20,[20],[20],[-0.1377674780785787],0.5867697729441239,COMPLETE
2387,-0.30881771096919075,2025-01-11 12:25:56.546997,2025-01-11 12:25:58.164232,0 days 00:00:01.617235,0.032166392422969196,72,0.2,8,100,3.183976346584189e-06,8,0.00038254770052004953,1,1,sgd,"{'neurons_per_layer_encoder': [8], 'neurons_per_layer_decoder': [8]}",8,[8],[8],[-0.30881771096919075],0.38935443906345757,COMPLETE
2388,-0.13752660702001362,2025-01-11 12:25:57.591715,2025-01-11 12:25:58.847172,0 days 00:00:01.255457,0.1518414160181631,64,0.1,8,100,3.7779987492241324e-05,8,1.88553626947061e-05,1,1,sgd,"{'neurons_per_layer_encoder': [8], 'neurons_per_layer_decoder': [8]}",8,[8],[8],[-0.13752660702001362],0.7496858830770824,COMPLETE
2389,-0.30794650674375035,2025-01-11 12:25:57.668252,2025-01-11 12:25:58.995797,0 days 00:00:01.327545,0.03218638099837845,72,0.2,56,100,3.1126847365906763e-06,77,1.8765509042343475e-05,1,1,adadelta,"{'neurons_per_layer_encoder': [56], 'neurons_per_layer_decoder': [56]}",56,[56],[56],[-0.30794650674375035],0.5819612054721737,COMPLETE
2390,-0.1669703018627109,2025-01-11 12:25:57.790179,2025-01-11 12:25:59.897602,0 days 00:00:02.107423,0.16360423339134594,72,0.2,8,100,1.7352857335150635e-06,51,1.8870758443236913e-05,1,3,adadelta,"{'neurons_per_layer_encoder': [8, 16, 32], 'neurons_per_layer_decoder': [32]}",8,[32],"[8, 16, 32]",[-0.1669703018627109],0.523673436563935,COMPLETE
2391,0.055156205048948914,2025-01-11 12:25:58.168097,2025-01-11 12:26:00.359385,0 days 00:00:02.191288,0.16193303848266047,72,0.2,8,100,1.1603687255297713e-06,51,1.890735195512998e-05,1,3,adadelta,"{'neurons_per_layer_encoder': [8, 16, 32], 'neurons_per_layer_decoder': [32]}",8,[32],"[8, 16, 32]",[0.055156205048948914],0.7501057283461036,COMPLETE
2392,-0.057022558312956884,2025-01-11 12:25:58.175946,2025-01-11 12:25:59.483600,0 days 00:00:01.307654,0.16227961129774723,72,0.1,8,100,1.1794001773539986e-06,8,1.4028759006535902e-05,1,1,adadelta,"{'neurons_per_layer_encoder': [8], 'neurons_per_layer_decoder': [8]}",8,[8],[8],[-0.057022558312956884],0.6588049725739988,COMPLETE
2393,0.03831351364622182,2025-01-11 12:25:58.857699,2025-01-11 12:26:01.976228,0 days 00:00:03.118529,0.159225590567906,72,0.2,4,100,1.750942325919162e-06,17,0.00020811705887631177,1,3,adadelta,"{'neurons_per_layer_encoder': [4, 8, 16], 'neurons_per_layer_decoder': [16]}",4,[16],"[4, 8, 16]",[0.03831351364622182],0.6089799080235511,COMPLETE
2394,-0.14815606609170429,2025-01-11 12:25:59.914824,2025-01-11 12:26:01.571839,0 days 00:00:01.657015,0.13969429961170912,80,0.2,32,100,1.4299140816929877e-06,51,2.429561713534042e-05,1,1,adadelta,"{'neurons_per_layer_encoder': [32], 'neurons_per_layer_decoder': [32]}",32,[32],[32],[-0.14815606609170429],0.5704324516363484,COMPLETE
2395,-0.35774353999303043,2025-01-11 12:26:00.369796,2025-01-11 12:26:01.682695,0 days 00:00:01.312899,0.13914296661076792,80,0.2,48,100,1.5188720731617232e-06,68,3.38164797539907e-05,1,1,adadelta,"{'neurons_per_layer_encoder': [48], 'neurons_per_layer_decoder': [48]}",48,[48],[48],[-0.35774353999303043],0.6151570879148784,COMPLETE
2396,-0.38749059736763414,2025-01-11 12:26:01.581627,2025-01-11 12:26:03.504974,0 days 00:00:01.923347,0.05490004588624174,64,0.2,48,100,1.8277820612489027e-06,68,1.0021118087716888e-05,1,1,adadelta,"{'neurons_per_layer_encoder': [48], 'neurons_per_layer_decoder': [48]}",48,[48],[48],[-0.38749059736763414],0.6538729618254513,COMPLETE
2397,0.49579072048642436,2025-01-11 12:26:01.697087,2025-01-11 12:26:04.265727,0 days 00:00:02.568640,0.15070185300263841,64,0.2,4,100,1.7637335102236783e-06,4,1.41036195785418e-05,1,1,adadelta,"{'neurons_per_layer_encoder': [4], 'neurons_per_layer_decoder': [8]}",4,[8],[4],[0.49579072048642436],0.9365075772945245,COMPLETE
2398,-0.3495411860765427,2025-01-11 12:26:01.986112,2025-01-11 12:26:04.340060,0 days 00:00:02.353948,0.0472267464424955,64,0.2,16,100,2.654512833921499e-06,17,1.3886646803889278e-05,1,1,adadelta,"{'neurons_per_layer_encoder': [16], 'neurons_per_layer_decoder': [16]}",16,[16],[16],[-0.3495411860765427],0.5729831109171398,COMPLETE
2399,-0.19359409304789343,2025-01-11 12:26:03.514310,2025-01-11 12:26:04.945796,0 days 00:00:01.431486,0.13043849274862637,56,0.2,116,100,2.293488492176064e-06,220,1.3943863007538096e-05,1,1,adadelta,"{'neurons_per_layer_encoder': [116], 'neurons_per_layer_decoder': [116]}",116,[116],[116],[-0.19359409304789343],0.5854383832362894,COMPLETE
2400,0.1573153610830792,2025-01-11 12:26:21.132662,2025-01-11 12:26:23.272960,0 days 00:00:02.140298,0.14830758258942253,64,0.2,12,100,1.5272196605200225e-06,42,1.2858104793309443e-05,1,2,sgd,"{'neurons_per_layer_encoder': [12, 24], 'neurons_per_layer_decoder': [24]}",12,[24],"[12, 24]",[0.1573153610830792],0.6689898665368885,COMPLETE
