number,value,datetime_start,datetime_complete,duration,params_alpha,params_batch_size,params_drop_out_rate,params_encoder_neurons_layer_1,params_epochs,params_lambda,params_latent_dim,params_learning_rate,params_num_layers_decoder,params_num_layers_encoder,params_optimizer,user_attrs_encoder_decoder_config,user_attrs_first_layer_neurons,user_attrs_neurons_per_layer_decoder,user_attrs_neurons_per_layer_encoder,user_attrs_r2_feature_1,user_attrs_relative_deterioration,state
298,-0.30652985332226845,2025-01-10 14:24:29.208291,2025-01-10 14:24:31.792468,0 days 00:00:02.584177,0.0482285317481206,40,0.4,196,100,0.00048569999830516225,412,2.5466166807575283e-05,1,1,adam,"{'neurons_per_layer_encoder': [196], 'neurons_per_layer_decoder': [196]}",196,[196],[196],[-0.30652985332226845],0.8441303311167849,COMPLETE
299,-0.1361068201579292,2025-01-10 14:24:31.798363,2025-01-10 14:24:33.513886,0 days 00:00:01.715523,0.0486628761973597,40,0.4,192,100,5.3583010018674535e-05,216,3.1098737413978295e-05,1,1,adam,"{'neurons_per_layer_encoder': [192], 'neurons_per_layer_decoder': [192]}",192,[192],[192],[-0.1361068201579292],0.5796630891627902,COMPLETE
300,-0.2183095552686376,2025-01-10 14:25:05.840111,2025-01-10 14:25:07.257303,0 days 00:00:01.417192,0.10720816821848249,48,0.4,204,100,0.0006798856910371652,356,2.830215974000037e-05,1,1,adam,"{'neurons_per_layer_encoder': [204], 'neurons_per_layer_decoder': [204]}",204,[204],[204],[-0.2183095552686376],0.8999688785768115,COMPLETE
301,-0.002244011899675602,2025-01-10 14:25:05.846159,2025-01-10 14:25:08.071965,0 days 00:00:02.225806,0.10551621218706433,48,0.4,60,100,0.000842175234284391,130,2.84094157582252e-05,1,1,adam,"{'neurons_per_layer_encoder': [60], 'neurons_per_layer_decoder': [60]}",60,[60],[60],[-0.002244011899675602],0.8431164568562145,COMPLETE
302,-0.1838607742243683,2025-01-10 14:25:05.849271,2025-01-10 14:25:07.274386,0 days 00:00:01.425115,0.10673529746895004,48,0.4,204,100,0.0006701819617712199,436,2.685091863016703e-05,1,1,adam,"{'neurons_per_layer_encoder': [204], 'neurons_per_layer_decoder': [204]}",204,[204],[204],[-0.1838607742243683],0.8984138968816211,COMPLETE
303,-0.3603135377094846,2025-01-10 14:25:05.849756,2025-01-10 14:25:07.456395,0 days 00:00:01.606639,0.10876644947113609,48,0.4,204,100,0.0004933500456111845,228,2.4853084934587345e-05,1,1,adam,"{'neurons_per_layer_encoder': [204], 'neurons_per_layer_decoder': [204]}",204,[204],[204],[-0.3603135377094846],0.8294005266755641,COMPLETE
304,-0.18662161482554018,2025-01-10 14:25:05.850491,2025-01-10 14:25:07.349164,0 days 00:00:01.498673,0.012105598672216248,48,0.4,220,100,0.0007064567179616331,436,2.8521895379372506e-05,1,1,adam,"{'neurons_per_layer_encoder': [220], 'neurons_per_layer_decoder': [220]}",220,[220],[220],[-0.18662161482554018],0.909470080870435,COMPLETE
305,-0.06048798165284408,2025-01-10 14:25:07.266326,2025-01-10 14:25:10.705738,0 days 00:00:03.439412,0.0515111579653539,48,0.4,208,100,0.0008342590497422357,392,0.0011375979290027744,4,1,adam,"{'neurons_per_layer_encoder': [208], 'neurons_per_layer_decoder': [208, 104, 52, 26]}",208,"[208, 104, 52, 26]",[208],[-0.06048798165284408],0.9300156092062998,COMPLETE
306,-0.018287736324501758,2025-01-10 14:25:07.286491,2025-01-10 14:25:10.256709,0 days 00:00:02.970218,0.12878750060594146,48,0.4,64,100,4.3236692802306474e-05,134,1.95837207502712e-05,4,1,adam,"{'neurons_per_layer_encoder': [64], 'neurons_per_layer_decoder': [64, 32, 16, 8]}",64,"[64, 32, 16, 8]",[64],[-0.018287736324501758],0.7234897445654714,COMPLETE
307,-0.6783691571272026,2025-01-10 14:25:07.362323,2025-01-10 14:25:09.181163,0 days 00:00:01.818840,0.05167145699271292,40,0.4,92,100,9.286483738169802e-05,196,2.008953436169501e-05,3,1,adam,"{'neurons_per_layer_encoder': [92], 'neurons_per_layer_decoder': [92, 46, 23]}",92,"[92, 46, 23]",[92],[-0.6783691571272026],0.6742428849762125,COMPLETE
308,-0.03144783079720259,2025-01-10 14:25:07.465238,2025-01-10 14:25:09.041071,0 days 00:00:01.575833,0.0551899717304356,40,0.4,220,100,9.560064573213023e-05,244,0.0010753567878274552,3,1,sgd,"{'neurons_per_layer_encoder': [220], 'neurons_per_layer_decoder': [220, 110, 55]}",220,"[220, 110, 55]",[220],[-0.03144783079720259],0.79914916255241,COMPLETE
309,-0.030983600738389905,2025-01-10 14:25:08.081836,2025-01-10 14:25:10.248860,0 days 00:00:02.167024,0.12953117202171582,40,0.4,96,100,8.905184979133687e-05,216,1.878672727392658e-05,3,1,sgd,"{'neurons_per_layer_encoder': [96], 'neurons_per_layer_decoder': [96, 48, 24]}",96,"[96, 48, 24]",[96],[-0.030983600738389905],0.7535891352033944,COMPLETE
310,-0.08715269064903897,2025-01-10 14:25:09.048798,2025-01-10 14:25:12.394606,0 days 00:00:03.345808,0.051099386283578296,40,0.4,192,100,4.1664177833905357e-05,408,3.242532746291243e-05,3,1,adam,"{'neurons_per_layer_encoder': [192], 'neurons_per_layer_decoder': [192, 96, 48]}",192,"[192, 96, 48]",[192],[-0.08715269064903897],0.6593061957169315,COMPLETE
311,-0.11585747091431964,2025-01-10 14:25:09.189322,2025-01-10 14:25:10.603802,0 days 00:00:01.414480,0.12695865706885645,40,0.4,76,100,5.6500183473853406e-06,163,1.9325899619392973e-05,1,1,adam,"{'neurons_per_layer_encoder': [76], 'neurons_per_layer_decoder': [76]}",76,[76],[76],[-0.11585747091431964],0.6038672506920439,COMPLETE
312,-0.1610431443752829,2025-01-10 14:25:10.258791,2025-01-10 14:25:12.754704,0 days 00:00:02.495913,0.1186628850713278,56,0.4,188,100,3.4535846044547685e-06,212,0.0002798070375631008,1,1,adam,"{'neurons_per_layer_encoder': [188], 'neurons_per_layer_decoder': [188]}",188,[188],[188],[-0.1610431443752829],0.3478188446015981,COMPLETE
313,-0.07275453211569727,2025-01-10 14:25:10.266532,2025-01-10 14:25:11.977222,0 days 00:00:01.710690,0.1185342429451331,56,0.4,152,100,3.5094892106025293e-06,336,4.8348882924854483e-05,1,1,adam,"{'neurons_per_layer_encoder': [152], 'neurons_per_layer_decoder': [152]}",152,[152],[152],[-0.07275453211569727],0.5619445566799065,COMPLETE
314,-0.25979882352200123,2025-01-10 14:25:10.613124,2025-01-10 14:25:12.255692,0 days 00:00:01.642568,0.046797277929779814,96,0.4,208,100,3.5748887479787667e-06,408,0.008616736967683612,1,1,adam,"{'neurons_per_layer_encoder': [208], 'neurons_per_layer_decoder': [208]}",208,[208],[208],[-0.25979882352200123],-0.3036195330053161,COMPLETE
315,-0.1898769102574953,2025-01-10 14:25:10.714669,2025-01-10 14:25:12.884655,0 days 00:00:02.169986,0.09577396200976557,56,0.4,184,100,0.0004884915174961016,208,0.0006559144232545809,1,1,sgd,"{'neurons_per_layer_encoder': [184], 'neurons_per_layer_decoder': [184]}",184,[184],[184],[-0.1898769102574953],0.8401704889794892,COMPLETE
316,-0.15639565294192193,2025-01-10 14:25:11.985203,2025-01-10 14:25:13.631969,0 days 00:00:01.646766,0.04756182272184233,104,0.4,228,100,0.00048218317732622934,252,3.203183599226587e-05,1,1,sgd,"{'neurons_per_layer_encoder': [228], 'neurons_per_layer_decoder': [228]}",228,[228],[228],[-0.15639565294192193],0.8927733599360228,COMPLETE
317,-0.29757632381467425,2025-01-10 14:25:12.264258,2025-01-10 14:25:13.282198,0 days 00:00:01.017940,0.09719342137898931,56,0.4,232,100,0.0004815417449092347,256,3.353934666159009e-05,1,1,sgd,"{'neurons_per_layer_encoder': [232], 'neurons_per_layer_decoder': [232]}",232,[232],[232],[-0.29757632381467425],0.8599816993365936,COMPLETE
318,-0.20128182114280913,2025-01-10 14:25:12.403746,2025-01-10 14:25:13.371986,0 days 00:00:00.968240,0.09741152547845004,48,0.4,232,100,5.071941325642579e-06,272,0.00010527948772653069,1,1,sgd,"{'neurons_per_layer_encoder': [232], 'neurons_per_layer_decoder': [232]}",232,[232],[232],[-0.20128182114280913],0.7048166117959936,COMPLETE
319,-0.04865245815894248,2025-01-10 14:25:12.763416,2025-01-10 14:25:14.976832,0 days 00:00:02.213416,0.09592343577047424,48,0.4,228,100,0.00048556951424622236,252,0.00010881060670185282,1,1,sgd,"{'neurons_per_layer_encoder': [228], 'neurons_per_layer_decoder': [228]}",228,[228],[228],[-0.04865245815894248],0.8841424784712056,COMPLETE
320,-0.5203216824891068,2025-01-10 14:25:12.893259,2025-01-10 14:25:14.051617,0 days 00:00:01.158358,0.04365097007522689,48,0.4,32,100,0.0003942092684741595,51,3.350966521025088e-05,1,1,sgd,"{'neurons_per_layer_encoder': [32], 'neurons_per_layer_decoder': [32]}",32,[32],[32],[-0.5203216824891068],0.7273717350329851,COMPLETE
321,-0.34340434860314395,2025-01-10 14:25:13.290672,2025-01-10 14:25:14.226791,0 days 00:00:00.936119,0.043146075801277356,48,0.4,80,100,4.9147981874085784e-06,184,0.006526074325342237,1,1,sgd,"{'neurons_per_layer_encoder': [80], 'neurons_per_layer_decoder': [80]}",80,[80],[80],[-0.34340434860314395],0.5409813237171924,COMPLETE
322,-0.11446281593408525,2025-01-10 14:25:13.380780,2025-01-10 14:25:15.457072,0 days 00:00:02.076292,0.044227413292047865,48,0.1,32,100,1.328049061834116e-05,51,0.0025318645095321287,3,1,adam,"{'neurons_per_layer_encoder': [32], 'neurons_per_layer_decoder': [32, 16, 8]}",32,"[32, 16, 8]",[32],[-0.11446281593408525],-0.3131394529082658,COMPLETE
323,-0.016365012053915384,2025-01-10 14:25:13.640625,2025-01-10 14:25:15.762578,0 days 00:00:02.121953,0.043826761507730794,48,0.1,32,100,0.0003850288235670333,51,0.0003863656427117965,3,1,adam,"{'neurons_per_layer_encoder': [32], 'neurons_per_layer_decoder': [32, 16, 8]}",32,"[32, 16, 8]",[32],[-0.016365012053915384],0.6469056125950325,COMPLETE
324,-0.17335405439944607,2025-01-10 14:25:14.059805,2025-01-10 14:25:15.713622,0 days 00:00:01.653817,0.11556497008084984,32,0.1,80,100,2.7336224825988288e-05,184,0.0001213148323497818,1,1,adam,"{'neurons_per_layer_encoder': [80], 'neurons_per_layer_decoder': [80]}",80,[80],[80],[-0.17335405439944607],0.1959323156389894,COMPLETE
325,-0.7253954686581034,2025-01-10 14:25:14.234809,2025-01-10 14:25:16.067231,0 days 00:00:01.832422,0.05700233068033665,32,0.1,72,100,1.4783752078165782e-05,95,3.849622439881744e-05,3,1,adam,"{'neurons_per_layer_encoder': [72], 'neurons_per_layer_decoder': [72, 36, 18]}",72,"[72, 36, 18]",[72],[-0.7253954686581034],0.5712468343771069,COMPLETE
326,-0.15300960712323497,2025-01-10 14:25:14.985731,2025-01-10 14:25:17.062932,0 days 00:00:02.077201,0.05714855221910515,40,0.30000000000000004,68,100,2.6554481147925725e-05,154,3.827321810048103e-05,3,1,adam,"{'neurons_per_layer_encoder': [68], 'neurons_per_layer_decoder': [68, 34, 17]}",68,"[68, 34, 17]",[68],[-0.15300960712323497],0.8107600154409276,COMPLETE
327,-0.38545892972769913,2025-01-10 14:25:15.465956,2025-01-10 14:25:17.339496,0 days 00:00:01.873540,0.1147843008820091,32,0.30000000000000004,240,100,1.967614394096297e-05,424,0.0036841039296905582,3,1,adam,"{'neurons_per_layer_encoder': [240], 'neurons_per_layer_decoder': [240, 120, 60]}",240,"[240, 120, 60]",[240],[-0.38545892972769913],0.06275643747435558,COMPLETE
328,-0.12847455638103944,2025-01-10 14:25:15.722498,2025-01-10 14:25:17.968264,0 days 00:00:02.245766,0.06525133687940148,32,0.30000000000000004,64,100,0.0005941628432610284,118,2.3742644439322206e-05,3,1,adam,"{'neurons_per_layer_encoder': [64], 'neurons_per_layer_decoder': [64, 32, 16]}",64,"[64, 32, 16]",[64],[-0.12847455638103944],0.8394093839353697,COMPLETE
329,-0.18068654354452818,2025-01-10 14:25:15.775294,2025-01-10 14:25:18.685913,0 days 00:00:02.910619,0.06979078794431007,128,0.30000000000000004,64,100,0.00032053248036988477,134,3.900537955574387e-05,3,1,adam,"{'neurons_per_layer_encoder': [64], 'neurons_per_layer_decoder': [64, 32, 16]}",64,"[64, 32, 16]",[64],[-0.18068654354452818],0.7904208777958766,COMPLETE
330,-0.22931995066899047,2025-01-10 14:25:16.075235,2025-01-10 14:25:18.167091,0 days 00:00:02.091856,0.15757224842644652,40,0.30000000000000004,60,100,0.0005876246643075842,114,2.426126614315143e-05,1,1,adam,"{'neurons_per_layer_encoder': [60], 'neurons_per_layer_decoder': [60]}",60,[60],[60],[-0.22931995066899047],0.7426840311936818,COMPLETE
331,-0.18394952013680976,2025-01-10 14:25:17.071361,2025-01-10 14:25:18.427148,0 days 00:00:01.355787,0.1530806664973069,40,0.4,48,100,0.0005748140696590855,84,2.55040120284531e-05,1,1,adam,"{'neurons_per_layer_encoder': [48], 'neurons_per_layer_decoder': [48]}",48,[48],[48],[-0.18394952013680976],0.7808971936458758,COMPLETE
332,-0.03054252872311447,2025-01-10 14:25:17.347270,2025-01-10 14:25:18.694993,0 days 00:00:01.347723,0.05443589869177314,40,0.4,60,100,0.00035617751866310417,130,2.577153715216907e-05,1,1,adam,"{'neurons_per_layer_encoder': [60], 'neurons_per_layer_decoder': [60]}",60,[60],[60],[-0.03054252872311447],0.7902134214454399,COMPLETE
333,-0.1959803756455456,2025-01-10 14:25:17.976277,2025-01-10 14:25:19.292436,0 days 00:00:01.316159,0.10351493725972354,40,0.4,48,100,1.2029008458833783e-05,84,6.275653138621225e-05,1,1,adam,"{'neurons_per_layer_encoder': [48], 'neurons_per_layer_decoder': [48]}",48,[48],[48],[-0.1959803756455456],0.707069333741168,COMPLETE
334,-0.05112325689419972,2025-01-10 14:25:18.174979,2025-01-10 14:25:19.511502,0 days 00:00:01.336523,0.06947949101147365,64,0.4,212,100,0.00011159176871352163,380,0.0002614218988519171,1,1,adam,"{'neurons_per_layer_encoder': [212], 'neurons_per_layer_decoder': [212]}",212,[212],[212],[-0.05112325689419972],0.6552135652212887,COMPLETE
335,-0.1234679280647728,2025-01-10 14:25:18.434870,2025-01-10 14:25:20.031875,0 days 00:00:01.597005,0.10236304598278315,64,0.4,196,100,1.1889042621616318e-05,348,7.933591740302449e-05,1,1,adam,"{'neurons_per_layer_encoder': [196], 'neurons_per_layer_decoder': [196]}",196,[196],[196],[-0.1234679280647728],0.37244288877606135,COMPLETE
336,-0.046162668350201,2025-01-10 14:25:18.697292,2025-01-10 14:25:20.093455,0 days 00:00:01.396163,0.087453030324854,64,0.4,196,100,0.00011214397599489078,380,0.00032379808580455495,1,1,sgd,"{'neurons_per_layer_encoder': [196], 'neurons_per_layer_decoder': [196]}",196,[196],[196],[-0.046162668350201],0.7935187792722915,COMPLETE
337,-0.12149097509517759,2025-01-10 14:25:18.707909,2025-01-10 14:25:19.638461,0 days 00:00:00.930552,0.08970895035649563,64,0.2,212,100,0.0001402453357121422,476,0.0002523484571560514,1,1,sgd,"{'neurons_per_layer_encoder': [212], 'neurons_per_layer_decoder': [212]}",212,[212],[212],[-0.12149097509517759],0.8089878194211291,COMPLETE
338,0.046575563096888484,2025-01-10 14:25:19.302275,2025-01-10 14:25:20.186060,0 days 00:00:00.883785,0.048607283950526776,64,0.2,76,100,1.0061147932728707e-05,163,0.00025176533475067855,1,1,sgd,"{'neurons_per_layer_encoder': [76], 'neurons_per_layer_decoder': [76]}",76,[76],[76],[0.046575563096888484],0.6992784924490091,COMPLETE
339,-0.4405270081480108,2025-01-10 14:25:19.519640,2025-01-10 14:25:20.672725,0 days 00:00:01.153085,0.048507454860609436,48,0.2,44,100,0.0007884059869926628,80,7.963359804248481e-05,1,1,sgd,"{'neurons_per_layer_encoder': [44], 'neurons_per_layer_decoder': [44]}",44,[44],[44],[-0.4405270081480108],0.7500644131419135,COMPLETE
340,-0.27405038959471395,2025-01-10 14:25:19.646025,2025-01-10 14:25:20.617594,0 days 00:00:00.971569,0.013461575614781262,48,0.4,220,100,9.976177200497396e-06,244,8.290373841012142e-05,1,1,sgd,"{'neurons_per_layer_encoder': [220], 'neurons_per_layer_decoder': [220]}",220,[220],[220],[-0.27405038959471395],0.6404387271944819,COMPLETE
341,-0.5276335394428675,2025-01-10 14:25:20.040733,2025-01-10 14:25:21.052244,0 days 00:00:01.011511,0.1972068819010912,56,0.4,220,100,6.620327931609575e-06,244,4.57266145810808e-05,1,1,sgd,"{'neurons_per_layer_encoder': [220], 'neurons_per_layer_decoder': [220]}",220,[220],[220],[-0.5276335394428675],0.6255694950285644,COMPLETE
342,-0.012970193388019302,2025-01-10 14:25:20.101996,2025-01-10 14:25:23.567929,0 days 00:00:03.465933,0.05008110158661854,48,0.4,76,100,6.758368871073886e-06,792,4.5066997653472406e-05,1,4,sgd,"{'neurons_per_layer_encoder': [76, 152, 304, 608], 'neurons_per_layer_decoder': [608]}",76,[608],"[76, 152, 304, 608]",[-0.012970193388019302],0.746677495539725,COMPLETE
343,0.035202318326946425,2025-01-10 14:25:20.194293,2025-01-10 14:25:25.354893,0 days 00:00:05.160600,0.11058390039681397,48,0.4,88,100,0.0007331327564097551,808,4.7675039986094554e-05,1,4,adam,"{'neurons_per_layer_encoder': [88, 176, 352, 704], 'neurons_per_layer_decoder': [704]}",88,[704],"[88, 176, 352, 704]",[0.035202318326946425],0.982496039758406,COMPLETE
344,-0.09515188125115448,2025-01-10 14:25:20.626396,2025-01-10 14:25:25.766552,0 days 00:00:05.140156,0.14304645814334596,56,0.4,88,100,6.342845137610072e-06,728,4.725628110729272e-05,1,4,adam,"{'neurons_per_layer_encoder': [88, 176, 352, 704], 'neurons_per_layer_decoder': [704]}",88,[704],"[88, 176, 352, 704]",[-0.09515188125115448],0.6597451535549981,COMPLETE
345,-0.25244470725391244,2025-01-10 14:25:20.691850,2025-01-10 14:25:22.116953,0 days 00:00:01.425103,0.11103573165438838,48,0.4,88,100,6.782375989779629e-06,192,4.7392054284336835e-05,1,1,adam,"{'neurons_per_layer_encoder': [88], 'neurons_per_layer_decoder': [88]}",88,[88],[88],[-0.25244470725391244],0.694149632989481,COMPLETE
346,-0.25465827648000694,2025-01-10 14:25:21.060746,2025-01-10 14:25:26.878400,0 days 00:00:05.817654,0.14493684919879413,48,0.4,124,100,0.00040299385220540817,1048,0.00014580224278660324,1,4,adam,"{'neurons_per_layer_encoder': [124, 248, 496, 992], 'neurons_per_layer_decoder': [992]}",124,[992],"[124, 248, 496, 992]",[-0.25465827648000694],0.9698739823989145,COMPLETE
347,-0.2179271039429045,2025-01-10 14:25:22.126180,2025-01-10 14:25:27.159718,0 days 00:00:05.033538,0.13960126614348944,48,0.4,72,100,0.0004326838524130713,600,0.0001576538382424535,1,4,adam,"{'neurons_per_layer_encoder': [72, 144, 288, 576], 'neurons_per_layer_decoder': [576]}",72,[576],"[72, 144, 288, 576]",[-0.2179271039429045],0.9541393207138857,COMPLETE
348,-0.11060413493039833,2025-01-10 14:25:23.578165,2025-01-10 14:25:26.437380,0 days 00:00:02.859215,0.14711205011681824,72,0.30000000000000004,56,100,7.400857005790507e-05,93,0.00014595392564362343,3,1,adam,"{'neurons_per_layer_encoder': [56], 'neurons_per_layer_decoder': [56, 28, 14]}",56,"[56, 28, 14]",[56],[-0.11060413493039833],0.6816229486783543,COMPLETE
349,-0.03293828502113216,2025-01-10 14:25:25.566262,2025-01-10 14:25:27.936477,0 days 00:00:02.370215,0.14130285507939228,56,0.30000000000000004,56,100,0.00042655041354796675,93,0.00014228055187189099,3,1,adadelta,"{'neurons_per_layer_encoder': [56], 'neurons_per_layer_decoder': [56, 28, 14]}",56,"[56, 28, 14]",[56],[-0.03293828502113216],0.8376377736051485,COMPLETE
350,-0.17708598044243384,2025-01-10 14:25:25.776022,2025-01-10 14:25:28.238060,0 days 00:00:02.462038,0.12261676241048487,72,0.30000000000000004,68,100,2.321063313130037e-06,154,6.52422134387735e-05,3,1,adadelta,"{'neurons_per_layer_encoder': [68], 'neurons_per_layer_decoder': [68, 34, 17]}",68,"[68, 34, 17]",[68],[-0.17708598044243384],0.6132571401016612,COMPLETE
351,-0.11659820990665493,2025-01-10 14:25:26.447262,2025-01-10 14:25:28.138945,0 days 00:00:01.691683,0.12240902147264685,40,0.4,176,100,0.00045291032460879004,200,5.5099462253054e-05,2,1,adadelta,"{'neurons_per_layer_encoder': [176], 'neurons_per_layer_decoder': [176, 88]}",176,"[176, 88]",[176],[-0.11659820990665493],0.8951672305798696,COMPLETE
352,-0.0902500910178079,2025-01-10 14:25:26.887170,2025-01-10 14:25:28.642986,0 days 00:00:01.755816,0.1326297752770177,40,0.4,200,100,0.00042888309654649564,224,5.789483972838827e-05,2,1,adadelta,"{'neurons_per_layer_encoder': [200], 'neurons_per_layer_decoder': [200, 100]}",200,"[200, 100]",[200],[-0.0902500910178079],0.9047062671362502,COMPLETE
353,0.05681393290546022,2025-01-10 14:25:27.168644,2025-01-10 14:25:30.132630,0 days 00:00:02.963986,0.11911827998722631,40,0.30000000000000004,240,100,5.985306859628897e-05,264,5.644513033044726e-05,2,1,adadelta,"{'neurons_per_layer_encoder': [240], 'neurons_per_layer_decoder': [240, 120]}",240,"[240, 120]",[240],[0.05681393290546022],0.7874689567324983,COMPLETE
354,-0.5368376714845142,2025-01-10 14:25:27.944378,2025-01-10 14:25:29.541203,0 days 00:00:01.596825,0.12387485869462879,40,0.4,48,100,0.0005317005476252373,68,0.0013435974575046292,2,1,adam,"{'neurons_per_layer_encoder': [48], 'neurons_per_layer_decoder': [48, 24]}",48,"[48, 24]",[48],[-0.5368376714845142],0.6187820524066698,COMPLETE
355,-0.20752358103613067,2025-01-10 14:25:28.147359,2025-01-10 14:25:30.022922,0 days 00:00:01.875563,0.046614610440639755,72,0.2,200,100,2.1512881602266883e-05,304,0.0013243098673024589,2,1,adam,"{'neurons_per_layer_encoder': [200], 'neurons_per_layer_decoder': [200, 100]}",200,"[200, 100]",[200],[-0.20752358103613067],-0.09661927924992174,COMPLETE
356,-0.1990911285177086,2025-01-10 14:25:28.246448,2025-01-10 14:25:29.910091,0 days 00:00:01.663643,0.04649246157837054,88,0.2,240,100,5.918854196683526e-05,296,9.63416587432264e-05,2,1,adam,"{'neurons_per_layer_encoder': [240], 'neurons_per_layer_decoder': [240, 120]}",240,"[240, 120]",[240],[-0.1990911285177086],0.6044296706902931,COMPLETE
357,-0.0165804253328099,2025-01-10 14:25:28.651440,2025-01-10 14:25:31.407826,0 days 00:00:02.756386,0.16836550034440073,88,0.2,240,100,2.237498360762786e-05,264,0.00010030657399503232,1,1,adam,"{'neurons_per_layer_encoder': [240], 'neurons_per_layer_decoder': [240]}",240,[240],[240],[-0.0165804253328099],0.03247200452187186,COMPLETE
358,0.00311711308217677,2025-01-10 14:25:29.550053,2025-01-10 14:25:32.322676,0 days 00:00:02.772623,0.01558208628322285,72,0.2,240,100,2.176901043170647e-05,552,7.202936272320118e-05,1,1,adam,"{'neurons_per_layer_encoder': [240], 'neurons_per_layer_decoder': [240]}",240,[240],[240],[0.00311711308217677],0.11895679586152795,COMPLETE
359,-0.1815433160615607,2025-01-10 14:25:29.918309,2025-01-10 14:25:31.823877,0 days 00:00:01.905568,0.05353662493438387,72,0.4,244,100,0.00028014928530247234,268,9.80867607364766e-05,1,1,adam,"{'neurons_per_layer_encoder': [244], 'neurons_per_layer_decoder': [244]}",244,[244],[244],[-0.1815433160615607],0.7646413438852554,COMPLETE
