number,value,datetime_start,datetime_complete,duration,params_alpha,params_batch_size,params_drop_out_rate,params_encoder_neurons_layer_1,params_epochs,params_lambda,params_latent_dim,params_learning_rate,params_num_layers_decoder,params_num_layers_encoder,params_optimizer,user_attrs_encoder_decoder_config,user_attrs_first_layer_neurons,user_attrs_neurons_per_layer_decoder,user_attrs_neurons_per_layer_encoder,user_attrs_r2_feature_1,user_attrs_relative_deterioration,state
1251,-0.35438368103493345,2025-01-11 00:20:14.767761,2025-01-11 00:20:16.880742,0 days 00:00:02.112981,0.15785576255460038,80,0.2,20,100,1.3908819486123468e-06,60,2.3849491395333632e-05,1,2,sgd,"{'neurons_per_layer_encoder': [20, 40], 'neurons_per_layer_decoder': [40]}",20,[40],"[20, 40]",[-0.35438368103493345],0.6433498887098589,COMPLETE
1252,0.004916588142197309,2025-01-11 00:20:15.292577,2025-01-11 00:20:17.400280,0 days 00:00:02.107703,0.1581138159178796,80,0.2,20,100,1.3240353826322313e-06,60,1.9201201104768805e-05,1,2,sgd,"{'neurons_per_layer_encoder': [20, 40], 'neurons_per_layer_decoder': [40]}",20,[40],"[20, 40]",[0.004916588142197309],0.7245228186800545,COMPLETE
1253,-0.36425390170127403,2025-01-11 00:20:15.644258,2025-01-11 00:20:17.565642,0 days 00:00:01.921384,0.15624971005812735,80,0.2,20,100,1.5820006126187071e-06,60,1.9721237073601245e-05,1,2,sgd,"{'neurons_per_layer_encoder': [20, 40], 'neurons_per_layer_decoder': [40]}",20,[40],"[20, 40]",[-0.36425390170127403],0.3889752418652059,COMPLETE
1254,-0.0002577994594159527,2025-01-11 00:20:15.754340,2025-01-11 00:20:17.013019,0 days 00:00:01.258679,0.15565868719090453,80,0.2,20,100,1.6282159352488808e-06,60,1.982564020113045e-05,1,2,sgd,"{'neurons_per_layer_encoder': [20, 40], 'neurons_per_layer_decoder': [40]}",20,[40],"[20, 40]",[-0.0002577994594159527],0.7655994404461761,COMPLETE
1255,0.12229758495347398,2025-01-11 00:20:16.478353,2025-01-11 00:20:18.559053,0 days 00:00:02.080700,0.13731552983811904,80,0.2,16,100,1.4397838724661027e-06,51,1.984180208247724e-05,1,2,sgd,"{'neurons_per_layer_encoder': [16, 32], 'neurons_per_layer_decoder': [32]}",16,[32],"[16, 32]",[0.12229758495347398],0.733347106608815,COMPLETE
1256,-0.3638144525263771,2025-01-11 00:20:16.889687,2025-01-11 00:20:17.852628,0 days 00:00:00.962941,0.13709388910669915,72,0.2,4,100,1.6824996880443366e-06,8,1.9306522449634652e-05,1,2,sgd,"{'neurons_per_layer_encoder': [4, 8], 'neurons_per_layer_decoder': [8]}",4,[8],"[4, 8]",[-0.3638144525263771],0.43478708666477106,COMPLETE
1257,-0.006584124609867681,2025-01-11 00:20:17.022609,2025-01-11 00:20:18.206251,0 days 00:00:01.183642,0.13459673608508643,104,0.2,16,100,1.6758459019111822e-06,51,1.240322129588259e-05,1,2,sgd,"{'neurons_per_layer_encoder': [16, 32], 'neurons_per_layer_decoder': [32]}",16,[32],"[16, 32]",[-0.006584124609867681],0.6199511475642078,COMPLETE
1258,-0.24065834500310945,2025-01-11 00:20:17.410102,2025-01-11 00:20:19.492519,0 days 00:00:02.082417,0.1996478480117432,72,0.2,16,100,1.6420612827868306e-06,51,1.2130038063263124e-05,1,2,sgd,"{'neurons_per_layer_encoder': [16, 32], 'neurons_per_layer_decoder': [32]}",16,[32],"[16, 32]",[-0.24065834500310945],0.6556540681491407,COMPLETE
1259,-0.363574012787921,2025-01-11 00:20:17.575021,2025-01-11 00:20:18.562681,0 days 00:00:00.987660,0.1869075073305646,72,0.2,32,100,8.233369845194427e-06,134,1.2284926250526606e-05,1,2,sgd,"{'neurons_per_layer_encoder': [32, 64], 'neurons_per_layer_decoder': [64]}",32,[64],"[32, 64]",[-0.363574012787921],0.7580918951233816,COMPLETE
1260,-0.07732491659620666,2025-01-11 00:20:17.862182,2025-01-11 00:20:19.764928,0 days 00:00:01.902746,0.17986373393350652,72,0.2,32,100,2.3481495839703952e-06,134,1.2643501218895915e-05,1,2,adadelta,"{'neurons_per_layer_encoder': [32, 64], 'neurons_per_layer_decoder': [64]}",32,[64],"[32, 64]",[-0.07732491659620666],0.6510212284746993,COMPLETE
1261,0.15794449337415584,2025-01-11 00:20:18.216334,2025-01-11 00:20:20.887268,0 days 00:00:02.670934,0.18243927019991202,72,0.2,4,100,2.383179313318933e-06,8,1.1287751216067447e-05,1,2,adadelta,"{'neurons_per_layer_encoder': [4, 8], 'neurons_per_layer_decoder': [8]}",4,[8],"[4, 8]",[0.15794449337415584],0.7482422066492376,COMPLETE
1262,-0.1624385216603057,2025-01-11 00:20:18.570956,2025-01-11 00:20:20.071164,0 days 00:00:01.500208,0.12238608738998286,88,0.2,4,100,2.3683017452086155e-06,8,1.3800605506027595e-05,1,2,adadelta,"{'neurons_per_layer_encoder': [4, 8], 'neurons_per_layer_decoder': [8]}",4,[8],"[4, 8]",[-0.1624385216603057],0.6314224066177773,COMPLETE
1263,0.014026746376365584,2025-01-11 00:20:18.571085,2025-01-11 00:20:20.984589,0 days 00:00:02.413504,0.03411066681751565,72,0.2,4,100,1.1920840837608526e-06,8,1.3828439416148862e-05,1,2,adadelta,"{'neurons_per_layer_encoder': [4, 8], 'neurons_per_layer_decoder': [8]}",4,[8],"[4, 8]",[0.014026746376365584],0.6628836125665634,COMPLETE
1264,0.03843262479188536,2025-01-11 00:20:19.501320,2025-01-11 00:20:22.199981,0 days 00:00:02.698661,0.17539660036655444,64,0.2,4,100,2.333458290056548e-06,8,1.3837647326784233e-05,1,2,adadelta,"{'neurons_per_layer_encoder': [4, 8], 'neurons_per_layer_decoder': [8]}",4,[8],"[4, 8]",[0.03843262479188536],0.7601551972265173,COMPLETE
1265,-0.15016554986433217,2025-01-11 00:20:19.775035,2025-01-11 00:20:21.844643,0 days 00:00:02.069608,0.11673452251130309,64,0.2,4,100,2.5101604034353815e-06,8,1.6483503443944222e-05,1,2,adadelta,"{'neurons_per_layer_encoder': [4, 8], 'neurons_per_layer_decoder': [8]}",4,[8],"[4, 8]",[-0.15016554986433217],0.7121279202717323,COMPLETE
1266,-0.1311813947776983,2025-01-11 00:20:20.080472,2025-01-11 00:20:21.639892,0 days 00:00:01.559420,0.12863997262081145,64,0.2,24,100,1.1408712201715593e-06,68,1.602377406935585e-05,1,2,adadelta,"{'neurons_per_layer_encoder': [24, 48], 'neurons_per_layer_decoder': [48]}",24,[48],"[24, 48]",[-0.1311813947776983],0.6239615119453729,COMPLETE
1267,-0.34638573231944303,2025-01-11 00:20:20.897758,2025-01-11 00:20:22.554790,0 days 00:00:01.657032,0.17267865367109686,64,0.2,28,100,1.1424800001064296e-06,93,1.7023212227703615e-05,1,2,adadelta,"{'neurons_per_layer_encoder': [28, 56], 'neurons_per_layer_decoder': [56]}",28,[56],"[28, 56]",[-0.34638573231944303],0.5939705409099411,COMPLETE
1268,-0.1880820817025688,2025-01-11 00:20:20.994214,2025-01-11 00:20:22.319279,0 days 00:00:01.325065,0.12868551890286414,64,0.2,24,100,2.091676840777481e-06,42,1.726171072109678e-05,1,1,adadelta,"{'neurons_per_layer_encoder': [24], 'neurons_per_layer_decoder': [24]}",24,[24],[24],[-0.1880820817025688],0.6861319022121226,COMPLETE
1269,-0.055294019114748405,2025-01-11 00:20:21.649356,2025-01-11 00:20:23.313025,0 days 00:00:01.663669,0.16761340630493254,64,0.2,24,100,2.0899995413765047e-06,42,1.643740776481891e-05,1,1,adadelta,"{'neurons_per_layer_encoder': [24], 'neurons_per_layer_decoder': [24]}",24,[24],[24],[-0.055294019114748405],0.814354640269332,COMPLETE
1270,-0.21789069266357664,2025-01-11 00:20:21.854915,2025-01-11 00:20:23.371934,0 days 00:00:01.517019,0.14204008657108785,64,0.2,36,100,2.042234644148581e-06,71,1.0003056013882879e-05,1,1,adadelta,"{'neurons_per_layer_encoder': [36], 'neurons_per_layer_decoder': [36]}",36,[36],[36],[-0.21789069266357664],0.6803614325733586,COMPLETE
1271,0.19512274650887484,2025-01-11 00:20:22.210549,2025-01-11 00:20:24.263025,0 days 00:00:02.052476,0.14309074140221786,64,0.2,36,100,2.0445088517832616e-06,55,1.1239607532934693e-05,1,1,sgd,"{'neurons_per_layer_encoder': [36], 'neurons_per_layer_decoder': [36]}",36,[36],[36],[0.19512274650887484],0.6763617180787976,COMPLETE
1272,0.01539224147518492,2025-01-11 00:20:22.328161,2025-01-11 00:20:23.759661,0 days 00:00:01.431500,0.09648142241500281,64,0.2,36,100,2.8453438851664593e-06,71,1.469429622761374e-05,1,1,sgd,"{'neurons_per_layer_encoder': [36], 'neurons_per_layer_decoder': [36]}",36,[36],[36],[0.01539224147518492],0.8188042364606327,COMPLETE
1273,-0.05439380930585713,2025-01-11 00:20:22.564772,2025-01-11 00:20:24.643676,0 days 00:00:02.078904,0.14613548439833274,56,0.2,12,100,1.8498044962485267e-06,13,1.1415130173965767e-05,1,1,sgd,"{'neurons_per_layer_encoder': [12], 'neurons_per_layer_decoder': [12]}",12,[12],[12],[-0.05439380930585713],0.6059522969589385,COMPLETE
1274,-0.42643266531126134,2025-01-11 00:20:23.321987,2025-01-11 00:20:24.263130,0 days 00:00:00.941143,0.1436637964947356,56,0.2,36,100,3.3529041928827397e-06,71,1.1063999146909211e-05,1,1,sgd,"{'neurons_per_layer_encoder': [36], 'neurons_per_layer_decoder': [36]}",36,[36],[36],[-0.42643266531126134],0.523257582043613,COMPLETE
1275,0.36839108374625473,2025-01-11 00:20:23.381683,2025-01-11 00:20:24.903360,0 days 00:00:01.521677,0.14570027276788725,56,0.2,12,100,0.00016220475451620418,13,1.1160268308692023e-05,1,1,sgd,"{'neurons_per_layer_encoder': [12], 'neurons_per_layer_decoder': [12]}",12,[12],[12],[0.36839108374625473],0.8802030590350756,COMPLETE
1276,-0.057029692642050156,2025-01-11 00:20:23.770028,2025-01-11 00:20:25.978064,0 days 00:00:02.208036,0.14634816882340673,56,0.2,12,100,0.0002240678975137316,13,1.1323469682739699e-05,1,1,sgd,"{'neurons_per_layer_encoder': [12], 'neurons_per_layer_decoder': [12]}",12,[12],[12],[-0.057029692642050156],0.7481755083238311,COMPLETE
1277,-0.014385649363618302,2025-01-11 00:20:24.273789,2025-01-11 00:20:25.178945,0 days 00:00:00.905156,0.13320773573487396,72,0.2,12,100,1.3453790929455459e-06,13,1.2985757082799875e-05,1,1,sgd,"{'neurons_per_layer_encoder': [12], 'neurons_per_layer_decoder': [12]}",12,[12],[12],[-0.014385649363618302],0.6667078978674879,COMPLETE
1278,-0.4167691434985017,2025-01-11 00:20:24.274131,2025-01-11 00:20:25.351667,0 days 00:00:01.077536,0.13509430949576118,72,0.2,12,100,0.00013091900741283357,13,1.3182677633715682e-05,1,1,sgd,"{'neurons_per_layer_encoder': [12], 'neurons_per_layer_decoder': [12]}",12,[12],[12],[-0.4167691434985017],0.44674399648573176,COMPLETE
1279,-0.519661663693578,2025-01-11 00:20:24.653354,2025-01-11 00:20:26.151050,0 days 00:00:01.497696,0.11768552575979518,72,0.2,16,100,0.0001705687656670779,17,1.3718909000989505e-05,1,1,adadelta,"{'neurons_per_layer_encoder': [16], 'neurons_per_layer_decoder': [16]}",16,[16],[16],[-0.519661663693578],0.5718087197636141,COMPLETE
1280,-0.19560004855362334,2025-01-11 00:20:24.912609,2025-01-11 00:20:27.039333,0 days 00:00:02.126724,0.16747957825379553,56,0.2,8,100,0.00013872515894320853,8,1.0024675666499832e-05,1,1,sgd,"{'neurons_per_layer_encoder': [8], 'neurons_per_layer_decoder': [8]}",8,[8],[8],[-0.19560004855362334],0.7535008463704389,COMPLETE
1281,-0.2287041314195224,2025-01-11 00:20:25.187896,2025-01-11 00:20:27.300759,0 days 00:00:02.112863,0.1658374124342686,56,0.2,8,100,0.00018547786704898914,8,1.0129914179142055e-05,1,1,sgd,"{'neurons_per_layer_encoder': [8], 'neurons_per_layer_decoder': [8]}",8,[8],[8],[-0.2287041314195224],0.6708805996543532,COMPLETE
1282,-0.6195127991034424,2025-01-11 00:20:25.360242,2025-01-11 00:20:26.305985,0 days 00:00:00.945743,0.16078611717494598,56,0.2,8,100,0.00016951055664424222,8,1.0999422766845048e-05,1,1,sgd,"{'neurons_per_layer_encoder': [8], 'neurons_per_layer_decoder': [8]}",8,[8],[8],[-0.6195127991034424],0.5248400515924845,COMPLETE
1283,0.20681785103918848,2025-01-11 00:20:25.988126,2025-01-11 00:20:28.064950,0 days 00:00:02.076824,0.16083310209362836,56,0.4,8,100,1.6651063497066544e-06,8,1.1469038173930512e-05,1,1,sgd,"{'neurons_per_layer_encoder': [8], 'neurons_per_layer_decoder': [8]}",8,[8],[8],[0.20681785103918848],0.6722292621861441,COMPLETE
1284,0.21381327491499535,2025-01-11 00:20:26.160372,2025-01-11 00:20:27.727394,0 days 00:00:01.567022,0.16138166560653222,56,0.4,8,100,0.00014788639839598028,8,1.136365477639467e-05,1,1,sgd,"{'neurons_per_layer_encoder': [8], 'neurons_per_layer_decoder': [8]}",8,[8],[8],[0.21381327491499535],0.7213384188591434,COMPLETE
1285,-0.31001822553523417,2025-01-11 00:20:26.315763,2025-01-11 00:20:27.274790,0 days 00:00:00.959027,0.03031434308203451,56,0.4,8,100,1.4787478219657853e-06,8,1.0257922883734645e-05,1,1,sgd,"{'neurons_per_layer_encoder': [8], 'neurons_per_layer_decoder': [8]}",8,[8],[8],[-0.31001822553523417],0.4949457328813547,COMPLETE
1286,-0.26641210097399637,2025-01-11 00:20:27.050128,2025-01-11 00:20:28.671848,0 days 00:00:01.621720,0.1547599698699667,56,0.4,8,100,1.5010706725241923e-06,8,1.1384570447263134e-05,1,1,sgd,"{'neurons_per_layer_encoder': [8], 'neurons_per_layer_decoder': [8]}",8,[8],[8],[-0.26641210097399637],0.7204008315513526,COMPLETE
1287,-0.34368677523776436,2025-01-11 00:20:27.285216,2025-01-11 00:20:28.980269,0 days 00:00:01.695053,0.1530140677668452,56,0.4,8,100,0.00019801561187585652,8,1.1892503857193876e-05,1,1,sgd,"{'neurons_per_layer_encoder': [8], 'neurons_per_layer_decoder': [8]}",8,[8],[8],[-0.34368677523776436],0.49874552340065503,COMPLETE
1288,0.04216748616213051,2025-01-11 00:20:27.313252,2025-01-11 00:20:29.461130,0 days 00:00:02.147878,0.15367096419066173,56,0.4,16,100,1.7175331270082891e-06,51,1.2255404504126521e-05,1,2,sgd,"{'neurons_per_layer_encoder': [16, 32], 'neurons_per_layer_decoder': [32]}",16,[32],"[16, 32]",[0.04216748616213051],0.6293593244153034,COMPLETE
1289,-0.03620415341626804,2025-01-11 00:20:27.737491,2025-01-11 00:20:28.752353,0 days 00:00:01.014862,0.1500662616142033,56,0.2,16,100,1.794081982775324e-06,51,1.254875859994268e-05,1,2,sgd,"{'neurons_per_layer_encoder': [16, 32], 'neurons_per_layer_decoder': [32]}",16,[32],"[16, 32]",[-0.03620415341626804],0.7341730062065853,COMPLETE
1290,-0.1908204312704307,2025-01-11 00:20:28.074898,2025-01-11 00:20:29.104187,0 days 00:00:01.029289,0.15175654926044851,56,0.2,16,100,1.831220180068205e-06,51,1.2972032267568971e-05,1,2,sgd,"{'neurons_per_layer_encoder': [16, 32], 'neurons_per_layer_decoder': [32]}",16,[32],"[16, 32]",[-0.1908204312704307],0.5072271998549034,COMPLETE
1291,-0.027823398400005805,2025-01-11 00:20:28.681111,2025-01-11 00:20:30.668195,0 days 00:00:01.987084,0.14887517699313196,56,0.2,16,100,0.00020517842335435223,51,1.2982385813971515e-05,1,2,sgd,"{'neurons_per_layer_encoder': [16, 32], 'neurons_per_layer_decoder': [32]}",16,[32],"[16, 32]",[-0.027823398400005805],0.6733557810969231,COMPLETE
1292,0.02506420636966178,2025-01-11 00:20:28.766781,2025-01-11 00:20:30.019825,0 days 00:00:01.253044,0.15135610388857795,56,0.2,4,100,1.2977646454539356e-06,8,1.4721654151191403e-05,1,2,sgd,"{'neurons_per_layer_encoder': [4, 8], 'neurons_per_layer_decoder': [8]}",4,[8],"[4, 8]",[0.02506420636966178],0.6397765167555444,COMPLETE
1293,-0.28056894453876535,2025-01-11 00:20:28.989366,2025-01-11 00:20:30.495408,0 days 00:00:01.506042,0.08436749012011167,88,0.2,12,100,2.6796818759967235e-06,42,1.4912143361138204e-05,1,2,sgd,"{'neurons_per_layer_encoder': [12, 24], 'neurons_per_layer_decoder': [24]}",12,[24],"[12, 24]",[-0.28056894453876535],0.43837088049860934,COMPLETE
1294,-0.1452915169683051,2025-01-11 00:20:29.113063,2025-01-11 00:20:30.927766,0 days 00:00:01.814703,0.08305142651540758,56,0.2,4,100,2.731080903500315e-06,8,1.566581602750124e-05,1,2,sgd,"{'neurons_per_layer_encoder': [4, 8], 'neurons_per_layer_decoder': [8]}",4,[8],"[4, 8]",[-0.1452915169683051],0.4688520733800679,COMPLETE
1295,-0.08049316673906382,2025-01-11 00:20:29.470771,2025-01-11 00:20:31.058565,0 days 00:00:01.587794,0.08317698466663435,56,0.2,4,100,2.683259147548903e-06,4,1.5218575413073788e-05,1,1,sgd,"{'neurons_per_layer_encoder': [4], 'neurons_per_layer_decoder': [8]}",4,[8],[4],[-0.08049316673906382],0.580386443013563,COMPLETE
1296,-0.33158580070601773,2025-01-11 00:20:30.029163,2025-01-11 00:20:30.999863,0 days 00:00:00.970700,0.0720289704465559,88,0.2,12,100,2.624904328467264e-06,13,1.5079387220566656e-05,1,1,sgd,"{'neurons_per_layer_encoder': [12], 'neurons_per_layer_decoder': [12]}",12,[12],[12],[-0.33158580070601773],0.5599892027679045,COMPLETE
1297,-0.48535475257072935,2025-01-11 00:20:30.505031,2025-01-11 00:20:31.482078,0 days 00:00:00.977047,0.07325237629444656,56,0.2,4,100,2.88854315029032e-06,4,0.0010428609164725119,1,1,sgd,"{'neurons_per_layer_encoder': [4], 'neurons_per_layer_decoder': [8]}",4,[8],[4],[-0.48535475257072935],0.32582315771383846,COMPLETE
1298,-0.16978785041545819,2025-01-11 00:20:30.679152,2025-01-11 00:20:31.933894,0 days 00:00:01.254742,0.17231250968952386,56,0.2,4,100,5.267237276646271e-06,4,0.00104994037711461,1,1,sgd,"{'neurons_per_layer_encoder': [4], 'neurons_per_layer_decoder': [8]}",4,[8],[4],[-0.16978785041545819],0.7469233707335802,COMPLETE
1299,-0.028217459144324275,2025-01-11 00:20:30.937513,2025-01-11 00:20:32.405874,0 days 00:00:01.468361,0.07118693889115144,56,0.2,4,100,6.867981482459644e-06,4,1.542199703577539e-05,1,1,sgd,"{'neurons_per_layer_encoder': [4], 'neurons_per_layer_decoder': [8]}",4,[8],[4],[-0.028217459144324275],0.7282089106866542,COMPLETE
1300,-2.894100541190133,2025-01-11 00:20:31.010725,2025-01-11 00:20:33.106918,0 days 00:00:02.096193,0.17982257955792455,56,0.2,4,100,1.3291247082597975e-06,4,1.391486609962211e-05,1,1,sgd,"{'neurons_per_layer_encoder': [4], 'neurons_per_layer_decoder': [8]}",4,[8],[4],[-2.894100541190133],0.4262989164752001,COMPLETE
1301,-0.4011036998127153,2025-01-11 00:20:31.072124,2025-01-11 00:20:32.028834,0 days 00:00:00.956710,0.07108638349437961,56,0.2,16,100,1.0077550492730978e-06,17,1.3630997396360967e-05,1,1,sgd,"{'neurons_per_layer_encoder': [16], 'neurons_per_layer_decoder': [16]}",16,[16],[16],[-0.4011036998127153],0.5107859119564364,COMPLETE
1302,-0.36019580947898855,2025-01-11 00:20:31.492774,2025-01-11 00:20:32.453382,0 days 00:00:00.960608,0.18947663008097781,56,0.2,44,100,1.3381454118184217e-06,80,1.7328192737976008e-05,1,1,sgd,"{'neurons_per_layer_encoder': [44], 'neurons_per_layer_decoder': [44]}",44,[44],[44],[-0.36019580947898855],0.5058413188296418,COMPLETE
1303,-0.02949721625319235,2025-01-11 00:20:31.943386,2025-01-11 00:20:33.343038,0 days 00:00:01.399652,0.18731683759863432,56,0.2,168,100,4.0459003211137804e-05,192,1.3580543743268373e-05,1,1,sgd,"{'neurons_per_layer_encoder': [168], 'neurons_per_layer_decoder': [168]}",168,[168],[168],[-0.02949721625319235],0.7859853618025209,COMPLETE
1304,-0.25931757871468086,2025-01-11 00:20:32.038152,2025-01-11 00:20:32.978096,0 days 00:00:00.939944,0.19077519697622775,56,0.2,44,100,1.2509646886228832e-06,80,1.762000158786732e-05,1,1,sgd,"{'neurons_per_layer_encoder': [44], 'neurons_per_layer_decoder': [44]}",44,[44],[44],[-0.25931757871468086],0.6334034682137082,COMPLETE
1305,-0.12302440585215213,2025-01-11 00:20:32.415555,2025-01-11 00:20:34.437789,0 days 00:00:02.022234,0.14100157872210936,72,0.2,44,100,3.3558335225103996e-06,80,1.7512154359673265e-05,1,1,sgd,"{'neurons_per_layer_encoder': [44], 'neurons_per_layer_decoder': [44]}",44,[44],[44],[-0.12302440585215213],0.6411198401810835,COMPLETE
1306,-0.5994318365596838,2025-01-11 00:20:32.464012,2025-01-11 00:20:34.488312,0 days 00:00:02.024300,0.14255629975907896,72,0.2,12,100,3.2261493668074406e-06,13,1.82459433422041e-05,1,1,sgd,"{'neurons_per_layer_encoder': [12], 'neurons_per_layer_decoder': [12]}",12,[12],[12],[-0.5994318365596838],0.6176293447781801,COMPLETE
1307,-1.7594312219055563,2025-01-11 00:20:32.986750,2025-01-11 00:20:34.987674,0 days 00:00:02.000924,0.14169510427294527,72,0.2,12,100,4.244461678494125e-06,13,1.284797989597922e-05,1,1,sgd,"{'neurons_per_layer_encoder': [12], 'neurons_per_layer_decoder': [12]}",12,[12],[12],[-1.7594312219055563],0.4936970194440567,COMPLETE
1308,-0.535367762569154,2025-01-11 00:20:33.117103,2025-01-11 00:20:34.032470,0 days 00:00:00.915367,0.14064343559573136,72,0.2,12,100,4.376899009310073e-06,13,1.131358409319513e-05,1,1,sgd,"{'neurons_per_layer_encoder': [12], 'neurons_per_layer_decoder': [12]}",12,[12],[12],[-0.535367762569154],0.5356753969868447,COMPLETE
1309,0.018404457222453985,2025-01-11 00:20:33.353425,2025-01-11 00:20:34.878140,0 days 00:00:01.524715,0.14130710371477717,72,0.2,12,100,3.363162938156359e-06,13,1.1775793961338247e-05,1,1,sgd,"{'neurons_per_layer_encoder': [12], 'neurons_per_layer_decoder': [12]}",12,[12],[12],[0.018404457222453985],0.765493206707941,COMPLETE
1310,0.43827757492433905,2025-01-11 00:20:34.041287,2025-01-11 00:20:36.067507,0 days 00:00:02.026220,0.16598051386624907,72,0.2,16,100,2.1644145354601425e-06,17,1.0039577764211167e-05,1,1,sgd,"{'neurons_per_layer_encoder': [16], 'neurons_per_layer_decoder': [16]}",16,[16],[16],[0.43827757492433905],0.8246340513663335,COMPLETE
1311,0.08957198367270869,2025-01-11 00:20:34.448515,2025-01-11 00:20:36.182048,0 days 00:00:01.733533,0.1655341401337156,72,0.2,20,100,2.2178808294234375e-06,22,1.0208771107937727e-05,1,1,sgd,"{'neurons_per_layer_encoder': [20], 'neurons_per_layer_decoder': [20]}",20,[20],[20],[0.08957198367270869],0.7312463991664041,COMPLETE
1312,-0.3498347011987992,2025-01-11 00:20:34.498958,2025-01-11 00:20:36.020126,0 days 00:00:01.521168,0.16702765281874535,80,0.30000000000000004,20,100,1.573220722782044e-06,22,1.377816995840364e-05,1,1,sgd,"{'neurons_per_layer_encoder': [20], 'neurons_per_layer_decoder': [20]}",20,[20],[20],[-0.3498347011987992],0.46815092224207233,COMPLETE
1313,-0.23681406159890894,2025-01-11 00:20:34.886980,2025-01-11 00:20:36.221296,0 days 00:00:01.334316,0.16458742961380357,56,0.30000000000000004,20,100,2.288272618063526e-06,22,1.3135127942678754e-05,4,1,sgd,"{'neurons_per_layer_encoder': [20], 'neurons_per_layer_decoder': [20, 10, 8, 8]}",20,"[20, 10, 8, 8]",[20],[-0.23681406159890894],0.5472563569150285,COMPLETE
1314,0.1908460423043873,2025-01-11 00:20:34.997874,2025-01-11 00:20:37.169931,0 days 00:00:02.172057,0.16687114932694627,56,0.30000000000000004,20,100,2.164618437693353e-06,60,1.1378563313937466e-05,1,2,sgd,"{'neurons_per_layer_encoder': [20, 40], 'neurons_per_layer_decoder': [40]}",20,[40],"[20, 40]",[0.1908460423043873],0.4717176530144092,COMPLETE
