number,value,datetime_start,datetime_complete,duration,params_alpha,params_batch_size,params_drop_out_rate,params_encoder_neurons_layer_1,params_epochs,params_lambda,params_latent_dim,params_learning_rate,params_num_layers_decoder,params_num_layers_encoder,params_optimizer,user_attrs_encoder_decoder_config,user_attrs_first_layer_neurons,user_attrs_neurons_per_layer_decoder,user_attrs_neurons_per_layer_encoder,user_attrs_r2_feature_1,user_attrs_relative_deterioration,state
1125,-0.16038719868551898,2025-01-11 00:18:56.228150,2025-01-11 00:18:57.521052,0 days 00:00:01.292902,0.1405391182222591,72,0.1,24,100,2.8599952946327233e-06,42,3.0306439641798553e-05,1,1,adadelta,"{'neurons_per_layer_encoder': [24], 'neurons_per_layer_decoder': [24]}",24,[24],[24],[-0.16038719868551898],0.4886342772345937,COMPLETE
1126,-0.3058286964349144,2025-01-11 00:18:57.121268,2025-01-11 00:18:59.267824,0 days 00:00:02.146556,0.14151004568997114,72,0.2,24,100,7.01975314221456e-05,42,2.912904244586156e-05,1,1,adadelta,"{'neurons_per_layer_encoder': [24], 'neurons_per_layer_decoder': [24]}",24,[24],[24],[-0.3058286964349144],0.739132913318806,COMPLETE
1127,-0.11192544666148829,2025-01-11 00:18:57.139416,2025-01-11 00:18:59.581702,0 days 00:00:02.442286,0.14037332143502165,80,0.2,20,100,4.8034154446909724e-05,22,3.257005933698659e-05,1,1,adadelta,"{'neurons_per_layer_encoder': [20], 'neurons_per_layer_decoder': [20]}",20,[20],[20],[-0.11192544666148829],0.4904941072939918,COMPLETE
1128,-0.11698476677127023,2025-01-11 00:18:57.533357,2025-01-11 00:18:58.860915,0 days 00:00:01.327558,0.01712949395713624,72,0.2,20,100,1.0057324894903282e-05,22,3.052821634410732e-05,1,1,adadelta,"{'neurons_per_layer_encoder': [20], 'neurons_per_layer_decoder': [20]}",20,[20],[20],[-0.11698476677127023],0.623834142790774,COMPLETE
1129,-0.09748248870351639,2025-01-11 00:18:57.533985,2025-01-11 00:18:59.306648,0 days 00:00:01.772663,0.08266458115136882,80,0.2,20,100,0.00012023615248637191,22,3.185824692101924e-05,1,1,adadelta,"{'neurons_per_layer_encoder': [20], 'neurons_per_layer_decoder': [20]}",20,[20],[20],[-0.09748248870351639],0.7201158265775214,COMPLETE
1130,-0.721967863843519,2025-01-11 00:18:57.762237,2025-01-11 00:19:00.177108,0 days 00:00:02.414871,0.01734645438965069,72,0.2,32,100,7.690471632708389e-05,51,3.519876309343371e-05,1,1,adadelta,"{'neurons_per_layer_encoder': [32], 'neurons_per_layer_decoder': [32]}",32,[32],[32],[-0.721967863843519],0.6840401258352541,COMPLETE
1131,-0.7096241708274409,2025-01-11 00:18:58.869662,2025-01-11 00:19:00.202357,0 days 00:00:01.332695,0.08406554455525567,80,0.2,32,100,2.0292462146729392e-05,51,3.563098891777032e-05,1,1,adadelta,"{'neurons_per_layer_encoder': [32], 'neurons_per_layer_decoder': [32]}",32,[32],[32],[-0.7096241708274409],0.63238366418387,COMPLETE
1132,-0.1520502252896354,2025-01-11 00:18:59.277262,2025-01-11 00:19:01.090964,0 days 00:00:01.813702,0.08188463224434918,72,0.2,32,100,2.4919123499009157e-06,152,4.588723049676884e-05,1,3,adadelta,"{'neurons_per_layer_encoder': [32, 64, 128], 'neurons_per_layer_decoder': [128]}",32,[128],"[32, 64, 128]",[-0.1520502252896354],0.6984902685140372,COMPLETE
1133,0.0063262102456146385,2025-01-11 00:18:59.318272,2025-01-11 00:19:02.024184,0 days 00:00:02.705912,0.12852178458670083,72,0.2,32,100,2.350904516334465e-05,51,4.2587326854006016e-05,1,1,adadelta,"{'neurons_per_layer_encoder': [32], 'neurons_per_layer_decoder': [32]}",32,[32],[32],[0.0063262102456146385],0.6678710416135282,COMPLETE
1134,-0.3003392636388287,2025-01-11 00:18:59.591760,2025-01-11 00:19:02.099208,0 days 00:00:02.507448,0.12559866022602836,72,0.2,28,100,8.049951772612029e-05,46,4.285320232288479e-05,1,1,adadelta,"{'neurons_per_layer_encoder': [28], 'neurons_per_layer_decoder': [28]}",28,[28],[28],[-0.3003392636388287],0.5808370011822007,COMPLETE
1135,-0.27356572141906366,2025-01-11 00:19:00.188061,2025-01-11 00:19:02.024685,0 days 00:00:01.836624,0.12803650327394855,72,0.2,32,100,1.9018668222302554e-05,136,3.7474994274885535e-05,1,3,adadelta,"{'neurons_per_layer_encoder': [32, 64, 128], 'neurons_per_layer_decoder': [128]}",32,[128],"[32, 64, 128]",[-0.27356572141906366],0.664310089050293,COMPLETE
1136,-0.38395760418281677,2025-01-11 00:19:00.212368,2025-01-11 00:19:02.806019,0 days 00:00:02.593651,0.1471861841738645,72,0.2,28,100,1.7438873811658842e-05,46,4.418250983272463e-05,1,1,adadelta,"{'neurons_per_layer_encoder': [28], 'neurons_per_layer_decoder': [28]}",28,[28],[28],[-0.38395760418281677],0.6037431335838878,COMPLETE
1137,-0.5685104926569546,2025-01-11 00:19:01.100714,2025-01-11 00:19:02.431754,0 days 00:00:01.331040,0.01828804359204742,72,0.2,28,100,1.790859371185242e-05,46,4.414712570562038e-05,1,1,adadelta,"{'neurons_per_layer_encoder': [28], 'neurons_per_layer_decoder': [28]}",28,[28],[28],[-0.5685104926569546],0.44586701164471076,COMPLETE
1138,-2.143956144417912,2025-01-11 00:19:02.034378,2025-01-11 00:19:03.356394,0 days 00:00:01.322016,0.14700308826029507,56,0.2,16,100,0.0001808401479742168,17,3.5334655335122076e-05,1,1,adadelta,"{'neurons_per_layer_encoder': [16], 'neurons_per_layer_decoder': [16]}",16,[16],[16],[-2.143956144417912],0.18392571126755117,COMPLETE
1139,-1.19224070968035,2025-01-11 00:19:02.035103,2025-01-11 00:19:03.375193,0 days 00:00:01.340090,0.018893667501848118,56,0.2,16,100,1.5615542908046734e-05,17,4.0560775993230723e-05,1,1,adadelta,"{'neurons_per_layer_encoder': [16], 'neurons_per_layer_decoder': [16]}",16,[16],[16],[-1.19224070968035],0.17906915376376603,COMPLETE
1140,-0.06646534052294051,2025-01-11 00:19:02.113490,2025-01-11 00:19:03.553865,0 days 00:00:01.440375,0.14689024123567834,56,0.2,16,100,1.4163644827060888e-05,17,2.7389803368332024e-05,1,1,adadelta,"{'neurons_per_layer_encoder': [16], 'neurons_per_layer_decoder': [16]}",16,[16],[16],[-0.06646534052294051],0.6371856698697238,COMPLETE
1141,0.30829652400059204,2025-01-11 00:19:02.441149,2025-01-11 00:19:05.199102,0 days 00:00:02.757953,0.07340905377163892,56,0.1,16,100,9.415547485794284e-05,51,2.7650154546063092e-05,1,2,adadelta,"{'neurons_per_layer_encoder': [16, 32], 'neurons_per_layer_decoder': [32]}",16,[32],"[16, 32]",[0.30829652400059204],0.8166162533112095,COMPLETE
1142,-0.008663141721118484,2025-01-11 00:19:02.815677,2025-01-11 00:19:04.407395,0 days 00:00:01.591718,0.07382464197774125,56,0.2,16,100,0.00015609523794872266,51,2.624141865396552e-05,1,2,adadelta,"{'neurons_per_layer_encoder': [16, 32], 'neurons_per_layer_decoder': [32]}",16,[32],"[16, 32]",[-0.008663141721118484],0.7887720476996781,COMPLETE
1143,-0.0585600190304334,2025-01-11 00:19:03.366034,2025-01-11 00:19:05.203129,0 days 00:00:01.837095,0.07130324660842986,56,0.1,48,100,2.279783825921765e-06,120,5.3622821575422985e-05,1,2,adadelta,"{'neurons_per_layer_encoder': [48, 96], 'neurons_per_layer_decoder': [96]}",48,[96],"[48, 96]",[-0.0585600190304334],0.7648019039335427,COMPLETE
1144,0.4324715463102553,2025-01-11 00:19:03.385312,2025-01-11 00:19:06.179166,0 days 00:00:02.793854,0.07260708859503119,56,0.1,52,100,0.000105328684366392,128,4.912857814431194e-05,1,2,adadelta,"{'neurons_per_layer_encoder': [52, 104], 'neurons_per_layer_decoder': [104]}",52,[104],"[52, 104]",[0.4324715463102553],0.8756752664607302,COMPLETE
1145,0.05890925666247393,2025-01-11 00:19:03.563332,2025-01-11 00:19:05.486040,0 days 00:00:01.922708,0.13269258984796412,56,0.2,48,100,1.197020183294251e-05,104,5.2445752981944324e-05,1,2,adadelta,"{'neurons_per_layer_encoder': [48, 96], 'neurons_per_layer_decoder': [96]}",48,[96],"[48, 96]",[0.05890925666247393],0.6761497856432688,COMPLETE
1146,-0.09153919326518745,2025-01-11 00:19:04.416598,2025-01-11 00:19:06.407742,0 days 00:00:01.991144,0.15786970875453907,56,0.2,40,100,1.0528139599532368e-05,104,3.467745749008552e-05,1,2,adadelta,"{'neurons_per_layer_encoder': [40, 80], 'neurons_per_layer_decoder': [80]}",40,[80],"[40, 80]",[-0.09153919326518745],0.757574945264755,COMPLETE
1147,-0.3823776256500184,2025-01-11 00:19:05.213653,2025-01-11 00:19:06.741135,0 days 00:00:01.527482,0.07459874333845509,72,0.1,12,100,0.00010730298123396357,42,2.5152952846930866e-05,1,2,adadelta,"{'neurons_per_layer_encoder': [12, 24], 'neurons_per_layer_decoder': [24]}",12,[24],"[12, 24]",[-0.3823776256500184],0.6168018443614092,COMPLETE
1148,-0.15926383627191054,2025-01-11 00:19:05.433395,2025-01-11 00:19:07.579629,0 days 00:00:02.146234,0.0756194274751972,72,0.1,12,100,5.505086802977363e-05,42,2.7242424322044492e-05,1,2,adadelta,"{'neurons_per_layer_encoder': [12, 24], 'neurons_per_layer_decoder': [24]}",12,[24],"[12, 24]",[-0.15926383627191054],0.700920924761205,COMPLETE
1149,-0.27512520726222833,2025-01-11 00:19:05.495388,2025-01-11 00:19:07.237782,0 days 00:00:01.742394,0.08259568105183258,72,0.1,12,100,3.682093773578901e-05,42,3.5064360892552626e-05,1,2,adadelta,"{'neurons_per_layer_encoder': [12, 24], 'neurons_per_layer_decoder': [24]}",12,[24],"[12, 24]",[-0.27512520726222833],0.5332437799539422,COMPLETE
1150,-0.29278491015519714,2025-01-11 00:19:06.188948,2025-01-11 00:19:07.731309,0 days 00:00:01.542361,0.07496724368629301,72,0.30000000000000004,56,100,0.00010996794353013735,136,5.6518019175871045e-05,1,2,adadelta,"{'neurons_per_layer_encoder': [56, 112], 'neurons_per_layer_decoder': [112]}",56,[112],"[56, 112]",[-0.29278491015519714],0.7471550903986035,COMPLETE
1151,-0.247657000514673,2025-01-11 00:19:06.416804,2025-01-11 00:19:08.922662,0 days 00:00:02.505858,0.07632392548471015,72,0.1,52,100,0.00013807508513161683,208,5.428058394576105e-05,1,2,adadelta,"{'neurons_per_layer_encoder': [52, 104], 'neurons_per_layer_decoder': [104]}",52,[104],"[52, 104]",[-0.247657000514673],0.7170449442139983,COMPLETE
1152,-0.39261394985489684,2025-01-11 00:19:06.750156,2025-01-11 00:19:08.469334,0 days 00:00:01.719178,0.08144339028789568,72,0.1,52,100,5.239269406102108e-05,112,4.463823658394397e-05,1,2,adadelta,"{'neurons_per_layer_encoder': [52, 104], 'neurons_per_layer_decoder': [104]}",52,[104],"[52, 104]",[-0.39261394985489684],0.7451612842004808,COMPLETE
1153,-0.08353740316982261,2025-01-11 00:19:07.246812,2025-01-11 00:19:09.802785,0 days 00:00:02.555973,0.06799142819307961,64,0.1,8,100,6.936420860351169e-06,17,4.870099415892434e-05,1,2,adadelta,"{'neurons_per_layer_encoder': [8, 16], 'neurons_per_layer_decoder': [16]}",8,[16],"[8, 16]",[-0.08353740316982261],0.6350145980625811,COMPLETE
1154,-0.02217659549492268,2025-01-11 00:19:07.589051,2025-01-11 00:19:09.163784,0 days 00:00:01.574733,0.012336342095474368,64,0.1,56,100,9.616995753638932e-05,120,4.4588541683184975e-05,1,2,adadelta,"{'neurons_per_layer_encoder': [56, 112], 'neurons_per_layer_decoder': [112]}",56,[112],"[56, 112]",[-0.02217659549492268],0.7378666400888702,COMPLETE
1155,-0.2443548692302122,2025-01-11 00:19:07.741387,2025-01-11 00:19:09.279980,0 days 00:00:01.538593,0.07837963883870468,64,0.1,48,100,0.0002101073369992877,120,4.910576905145109e-05,1,2,adadelta,"{'neurons_per_layer_encoder': [48, 96], 'neurons_per_layer_decoder': [96]}",48,[96],"[48, 96]",[-0.2443548692302122],0.7855624879221434,COMPLETE
1156,-0.03884749157645362,2025-01-11 00:19:08.478824,2025-01-11 00:19:11.246703,0 days 00:00:02.767879,0.07830122761339336,64,0.1,48,100,6.494260335813407e-05,120,4.944818704934785e-05,2,2,adadelta,"{'neurons_per_layer_encoder': [48, 96], 'neurons_per_layer_decoder': [96, 48]}",48,"[96, 48]","[48, 96]",[-0.03884749157645362],0.7504632966327056,COMPLETE
1157,-0.10467220859791904,2025-01-11 00:19:08.932045,2025-01-11 00:19:11.370691,0 days 00:00:02.438646,0.06961380230680903,64,0.1,56,100,0.0002230470094340629,216,5.002222692231856e-05,1,2,adadelta,"{'neurons_per_layer_encoder': [56, 112], 'neurons_per_layer_decoder': [112]}",56,[112],"[56, 112]",[-0.10467220859791904],0.7719518259870077,COMPLETE
1158,-0.09012971958976768,2025-01-11 00:19:09.172595,2025-01-11 00:19:11.623161,0 days 00:00:02.450566,0.06930278875826956,64,0.1,44,100,3.2536662009070245e-05,144,4.5178763988449896e-05,2,2,adadelta,"{'neurons_per_layer_encoder': [44, 88], 'neurons_per_layer_decoder': [88, 44]}",44,"[88, 44]","[44, 88]",[-0.09012971958976768],0.6793105780351415,COMPLETE
1159,-0.05099813389388452,2025-01-11 00:19:09.291350,2025-01-11 00:19:11.432076,0 days 00:00:02.140726,0.15513016366916302,64,0.1,44,100,2.7843673378117608e-06,112,5.8701297553469093e-05,1,2,adadelta,"{'neurons_per_layer_encoder': [44, 88], 'neurons_per_layer_decoder': [88]}",44,[88],"[44, 88]",[-0.05099813389388452],0.7822377927749522,COMPLETE
1160,0.00654007462961137,2025-01-11 00:19:09.812550,2025-01-11 00:19:11.932838,0 days 00:00:02.120288,0.09102421768418163,56,0.1,44,100,3.6110622684640624e-05,144,6.475564443476831e-05,2,2,adadelta,"{'neurons_per_layer_encoder': [44, 88], 'neurons_per_layer_decoder': [88, 44]}",44,"[88, 44]","[44, 88]",[0.00654007462961137],0.6963456628374722,COMPLETE
1161,-0.23088359058410868,2025-01-11 00:19:11.256048,2025-01-11 00:19:13.055370,0 days 00:00:01.799322,0.08917052182654968,56,0.1,40,100,4.2417946908247536e-05,104,5.8395513998700196e-05,1,2,adadelta,"{'neurons_per_layer_encoder': [40, 80], 'neurons_per_layer_decoder': [80]}",40,[80],"[40, 80]",[-0.23088359058410868],0.6394043175718803,COMPLETE
1162,-0.12676420505691466,2025-01-11 00:19:11.379871,2025-01-11 00:19:13.622140,0 days 00:00:02.242269,0.08881019904728374,56,0.1,44,100,6.044082873395521e-05,144,3.2590558055496024e-05,1,2,adadelta,"{'neurons_per_layer_encoder': [44, 88], 'neurons_per_layer_decoder': [88]}",44,[88],"[44, 88]",[-0.12676420505691466],0.7206602164893486,COMPLETE
1163,0.0953375964492913,2025-01-11 00:19:11.442789,2025-01-11 00:19:14.153800,0 days 00:00:02.711011,0.08918722043305966,80,0.1,40,100,3.212177581941029e-05,152,4.2339749015178815e-05,1,2,adadelta,"{'neurons_per_layer_encoder': [40, 80], 'neurons_per_layer_decoder': [80]}",40,[80],"[40, 80]",[0.0953375964492913],0.7450972024113541,COMPLETE
1164,-0.3825664350119429,2025-01-11 00:19:11.633269,2025-01-11 00:19:13.806361,0 days 00:00:02.173092,0.12513621313344506,56,0.1,40,100,1.233842471607492e-05,104,3.8436389610435225e-05,1,2,adadelta,"{'neurons_per_layer_encoder': [40, 80], 'neurons_per_layer_decoder': [80]}",40,[80],"[40, 80]",[-0.3825664350119429],0.41226923091144874,COMPLETE
1165,-0.18363397498637668,2025-01-11 00:19:11.942369,2025-01-11 00:19:14.107080,0 days 00:00:02.164711,0.013578684452516997,80,0.1,40,100,1.9624511968135424e-06,104,4.0146748850598594e-05,1,2,adadelta,"{'neurons_per_layer_encoder': [40, 80], 'neurons_per_layer_decoder': [80]}",40,[80],"[40, 80]",[-0.18363397498637668],0.6602969021147457,COMPLETE
1166,-0.08301703557525508,2025-01-11 00:19:13.064372,2025-01-11 00:19:15.750026,0 days 00:00:02.685654,0.14575445432356748,120,0.1,40,100,6.519007629646016e-05,344,2.9483825945898632e-05,1,4,adadelta,"{'neurons_per_layer_encoder': [40, 80, 160, 320], 'neurons_per_layer_decoder': [320]}",40,[320],"[40, 80, 160, 320]",[-0.08301703557525508],0.7941936888475071,COMPLETE
1167,-0.08723282262892962,2025-01-11 00:19:13.631366,2025-01-11 00:19:16.313977,0 days 00:00:02.682611,0.12407155370864283,80,0.1,40,100,4.360314659757642e-05,104,3.975185845965714e-05,1,2,adadelta,"{'neurons_per_layer_encoder': [40, 80], 'neurons_per_layer_decoder': [80]}",40,[80],"[40, 80]",[-0.08723282262892962],0.6893929358487386,COMPLETE
1168,0.043946407912918706,2025-01-11 00:19:13.815745,2025-01-11 00:19:15.411521,0 days 00:00:01.595776,0.013534186154351298,64,0.1,36,100,0.00017636268267347626,95,3.952233988885433e-05,1,2,adadelta,"{'neurons_per_layer_encoder': [36, 72], 'neurons_per_layer_decoder': [72]}",36,[72],"[36, 72]",[0.043946407912918706],0.7817302127502676,COMPLETE
1169,-0.019506478776825098,2025-01-11 00:19:14.115352,2025-01-11 00:19:16.133884,0 days 00:00:02.018532,0.13237530479065515,88,0.2,36,100,2.2672244695649972e-05,95,2.9013045385812955e-05,1,2,adadelta,"{'neurons_per_layer_encoder': [36, 72], 'neurons_per_layer_decoder': [72]}",36,[72],"[36, 72]",[-0.019506478776825098],0.7443571331604067,COMPLETE
1170,0.029732514491315754,2025-01-11 00:19:14.165015,2025-01-11 00:19:17.013722,0 days 00:00:02.848707,0.14694123172322918,64,0.2,36,100,2.3410913976218636e-06,95,2.8685301475789923e-05,1,2,adadelta,"{'neurons_per_layer_encoder': [36, 72], 'neurons_per_layer_decoder': [72]}",36,[72],"[36, 72]",[0.029732514491315754],0.6856990667758244,COMPLETE
1171,-0.9279342478232957,2025-01-11 00:19:15.420240,2025-01-11 00:19:17.233823,0 days 00:00:01.813583,0.15073265523346535,72,0.1,36,100,2.3050184757422035e-06,95,2.935599013177737e-05,1,2,adadelta,"{'neurons_per_layer_encoder': [36, 72], 'neurons_per_layer_decoder': [72]}",36,[72],"[36, 72]",[-0.9279342478232957],0.5317635706788743,COMPLETE
1172,-0.014961046430042035,2025-01-11 00:19:15.759825,2025-01-11 00:19:17.586036,0 days 00:00:01.826211,0.19915599290687167,72,0.1,36,100,2.7949899404470833e-06,143,2.978810243172503e-05,1,2,adadelta,"{'neurons_per_layer_encoder': [36, 72], 'neurons_per_layer_decoder': [72]}",36,[72],"[36, 72]",[-0.014961046430042035],0.7064262024738409,COMPLETE
1173,-0.028156575407691786,2025-01-11 00:19:16.143073,2025-01-11 00:19:18.658151,0 days 00:00:02.515078,0.17294268132984997,72,0.1,52,100,1.981521237074015e-06,144,2.3599200725208904e-05,1,2,adadelta,"{'neurons_per_layer_encoder': [52, 104], 'neurons_per_layer_decoder': [104]}",52,[104],"[52, 104]",[-0.028156575407691786],0.7956651254360693,COMPLETE
1174,-0.1435970387375265,2025-01-11 00:19:16.324162,2025-01-11 00:19:18.117328,0 days 00:00:01.793166,0.15776096494529612,72,0.1,8,100,2.4366241581501847e-06,17,3.0298003133114004e-05,1,2,adadelta,"{'neurons_per_layer_encoder': [8, 16], 'neurons_per_layer_decoder': [16]}",8,[16],"[8, 16]",[-0.1435970387375265],0.5330942566386343,COMPLETE
1175,-0.2774910219873832,2025-01-11 00:19:17.022710,2025-01-11 00:19:18.562213,0 days 00:00:01.539503,0.17204855534687954,72,0.1,52,100,2.78069250924695e-06,128,5.745538938869513e-05,1,2,adadelta,"{'neurons_per_layer_encoder': [52, 104], 'neurons_per_layer_decoder': [104]}",52,[104],"[52, 104]",[-0.2774910219873832],0.721146302530394,COMPLETE
1176,-0.30689064598114735,2025-01-11 00:19:17.243435,2025-01-11 00:19:19.855245,0 days 00:00:02.611810,0.17352965982371008,56,0.1,8,100,0.00012287633364056286,118,2.3668102439975022e-05,1,4,adadelta,"{'neurons_per_layer_encoder': [8, 16, 32, 64], 'neurons_per_layer_decoder': [64]}",8,[64],"[8, 16, 32, 64]",[-0.30689064598114735],0.6517116670283191,COMPLETE
1177,-0.8431713140969683,2025-01-11 00:19:17.594671,2025-01-11 00:19:18.931376,0 days 00:00:01.336705,0.16098110170131055,56,0.2,52,100,1.9053000349484219e-06,89,2.333400567735299e-05,1,1,adadelta,"{'neurons_per_layer_encoder': [52], 'neurons_per_layer_decoder': [52]}",52,[52],[52],[-0.8431713140969683],0.337680806236647,COMPLETE
1178,0.3686862485738619,2025-01-11 00:19:18.127529,2025-01-11 00:19:20.640887,0 days 00:00:02.513358,0.07106700457620642,56,0.2,4,100,0.00012974529363113044,4,0.0015657712611889503,1,1,adadelta,"{'neurons_per_layer_encoder': [4], 'neurons_per_layer_decoder': [8]}",4,[8],[4],[0.3686862485738619],0.7443711875297921,COMPLETE
1179,-0.14321214375056512,2025-01-11 00:19:18.571893,2025-01-11 00:19:20.725171,0 days 00:00:02.153278,0.0718145669136731,56,0.2,4,100,1.990185734583672e-06,17,2.3886791764727466e-05,1,3,adadelta,"{'neurons_per_layer_encoder': [4, 8, 16], 'neurons_per_layer_decoder': [16]}",4,[16],"[4, 8, 16]",[-0.14321214375056512],0.6811752286159654,COMPLETE
1180,-0.06509356621133278,2025-01-11 00:19:18.667647,2025-01-11 00:19:21.967896,0 days 00:00:03.300249,0.1319471543651924,56,0.2,4,100,1.956777380005231e-06,118,2.346267585451602e-05,1,5,adadelta,"{'neurons_per_layer_encoder': [4, 8, 16, 32, 64], 'neurons_per_layer_decoder': [64]}",4,[64],"[4, 8, 16, 32, 64]",[-0.06509356621133278],0.6747492192670559,COMPLETE
1181,-0.45914758473650896,2025-01-11 00:19:18.940511,2025-01-11 00:19:20.251126,0 days 00:00:01.310615,0.13338779660466074,64,0.2,4,100,1.7888695133090836e-06,4,5.249153074738274e-05,1,1,adadelta,"{'neurons_per_layer_encoder': [4], 'neurons_per_layer_decoder': [8]}",4,[8],[4],[-0.45914758473650896],0.6481112624575323,COMPLETE
1182,-0.0037941553059852584,2025-01-11 00:19:19.865544,2025-01-11 00:19:21.380542,0 days 00:00:01.514998,0.1324716900810075,64,0.2,4,100,0.0002000135247380489,4,4.780513939923365e-05,1,1,adadelta,"{'neurons_per_layer_encoder': [4], 'neurons_per_layer_decoder': [8]}",4,[8],[4],[-0.0037941553059852584],0.7902199560552337,COMPLETE
1183,-0.29060887142635017,2025-01-11 00:19:20.259745,2025-01-11 00:19:22.056028,0 days 00:00:01.796283,0.13954010314548765,64,0.2,20,100,2.170511955823167e-06,104,3.449354838428857e-05,1,3,adadelta,"{'neurons_per_layer_encoder': [20, 40, 80], 'neurons_per_layer_decoder': [80]}",20,[80],"[20, 40, 80]",[-0.29060887142635017],0.7126352290321862,COMPLETE
1184,-0.0030521500209583774,2025-01-11 00:19:20.650811,2025-01-11 00:19:23.057061,0 days 00:00:02.406250,0.1411977766486391,56,0.2,4,100,9.043107218733153e-05,4,0.0006848886717696913,1,1,adadelta,"{'neurons_per_layer_encoder': [4], 'neurons_per_layer_decoder': [8]}",4,[8],[4],[-0.0030521500209583774],0.5577438129145639,COMPLETE
1185,-0.3029918299448069,2025-01-11 00:19:20.745120,2025-01-11 00:19:22.092788,0 days 00:00:01.347668,0.18650201964844468,56,0.2,8,100,0.0001298383507431781,8,0.0005811284401853514,1,1,adadelta,"{'neurons_per_layer_encoder': [8], 'neurons_per_layer_decoder': [8]}",8,[8],[8],[-0.3029918299448069],0.537103294152101,COMPLETE
1186,-1.5455711157854002,2025-01-11 00:19:21.389557,2025-01-11 00:19:22.809151,0 days 00:00:01.419594,0.18830417256155504,56,0.2,4,100,0.00013132412610780082,4,0.0012507114922786172,1,1,adadelta,"{'neurons_per_layer_encoder': [4], 'neurons_per_layer_decoder': [8]}",4,[8],[4],[-1.5455711157854002],0.41634543536595126,COMPLETE
