number,value,datetime_start,datetime_complete,duration,params_alpha,params_batch_size,params_drop_out_rate,params_encoder_neurons_layer_1,params_epochs,params_lambda,params_latent_dim,params_learning_rate,params_num_layers_decoder,params_num_layers_encoder,params_optimizer,user_attrs_encoder_decoder_config,user_attrs_first_layer_neurons,user_attrs_neurons_per_layer_decoder,user_attrs_neurons_per_layer_encoder,user_attrs_r2_feature_1,user_attrs_relative_deterioration,state
2465,-0.09612111806462931,2025-01-11 12:26:42.052621,2025-01-11 12:26:43.664078,0 days 00:00:01.611457,0.1354980026616307,48,0.2,36,100,1.674666217737295e-06,55,1.570590385997228e-05,1,1,sgd,"{'neurons_per_layer_encoder': [36], 'neurons_per_layer_decoder': [36]}",36,[36],[36],[-0.09612111806462931],0.686275875087064,COMPLETE
2466,0.10692563256878773,2025-01-11 12:26:42.607448,2025-01-11 12:26:43.911341,0 days 00:00:01.303893,0.13428732604913424,56,0.4,36,100,1.5973944663783145e-06,55,1.6169398436471703e-05,1,1,sgd,"{'neurons_per_layer_encoder': [36], 'neurons_per_layer_decoder': [36]}",36,[36],[36],[0.10692563256878773],0.695781631519421,COMPLETE
2467,-0.2611779548975264,2025-01-11 12:26:42.609804,2025-01-11 12:26:44.392452,0 days 00:00:01.782648,0.13648328263508236,48,0.2,40,100,1.670736733687375e-06,60,1.0100435796467365e-05,1,1,sgd,"{'neurons_per_layer_encoder': [40], 'neurons_per_layer_decoder': [40]}",40,[40],[40],[-0.2611779548975264],0.7452873024592287,COMPLETE
2468,-0.0061884422232558745,2025-01-11 12:26:42.775676,2025-01-11 12:26:44.874366,0 days 00:00:02.098690,0.13590899735839246,56,0.4,40,100,1.63883562835466e-06,60,1.1101709631354388e-05,1,1,sgd,"{'neurons_per_layer_encoder': [40], 'neurons_per_layer_decoder': [40]}",40,[40],[40],[-0.0061884422232558745],0.7526307549460126,COMPLETE
2469,-0.48787343187355114,2025-01-11 12:26:42.989720,2025-01-11 12:26:43.969898,0 days 00:00:00.980178,0.12784046650925263,56,0.4,40,100,1.5556999506169723e-06,60,1.5765546172501244e-05,1,1,sgd,"{'neurons_per_layer_encoder': [40], 'neurons_per_layer_decoder': [40]}",40,[40],[40],[-0.48787343187355114],0.7090368199744934,COMPLETE
2470,-0.1264614295273936,2025-01-11 12:26:43.674310,2025-01-11 12:26:44.652803,0 days 00:00:00.978493,0.13589596708577403,56,0.4,40,100,2.2173230932851284e-06,60,1.119996142905379e-05,1,1,sgd,"{'neurons_per_layer_encoder': [40], 'neurons_per_layer_decoder': [40]}",40,[40],[40],[-0.1264614295273936],0.7105017760541744,COMPLETE
2471,-0.6798827815799988,2025-01-11 12:26:43.922103,2025-01-11 12:26:45.030967,0 days 00:00:01.108864,0.12916898742089983,56,0.2,32,100,2.185899309189464e-06,51,1.0807585587770858e-05,1,1,sgd,"{'neurons_per_layer_encoder': [32], 'neurons_per_layer_decoder': [32]}",32,[32],[32],[-0.6798827815799988],0.7093068799276651,COMPLETE
2472,-0.4806936277729912,2025-01-11 12:26:43.981939,2025-01-11 12:26:45.312953,0 days 00:00:01.331014,0.13751324095834683,56,0.2,40,100,2.126168555308811e-06,60,1.1108426385102662e-05,1,1,sgd,"{'neurons_per_layer_encoder': [40], 'neurons_per_layer_decoder': [40]}",40,[40],[40],[-0.4806936277729912],0.5666502065236326,COMPLETE
2473,-0.7661021028996464,2025-01-11 12:26:44.404037,2025-01-11 12:26:45.385869,0 days 00:00:00.981832,0.12257885941111434,56,0.2,32,100,2.1851643347330044e-06,51,1.1161289671530867e-05,1,1,sgd,"{'neurons_per_layer_encoder': [32], 'neurons_per_layer_decoder': [32]}",32,[32],[32],[-0.7661021028996464],0.5645633891984855,COMPLETE
2474,-1.2469719105731314,2025-01-11 12:26:44.663721,2025-01-11 12:26:45.626896,0 days 00:00:00.963175,0.12409619201453534,56,0.2,32,100,2.217925395609869e-06,51,1.3711283202912008e-05,1,1,sgd,"{'neurons_per_layer_encoder': [32], 'neurons_per_layer_decoder': [32]}",32,[32],[32],[-1.2469719105731314],0.5377572860910556,COMPLETE
2475,-0.1207532964601008,2025-01-11 12:26:44.885545,2025-01-11 12:26:46.250756,0 days 00:00:01.365211,0.12013640101032043,56,0.2,92,100,2.1595812791379084e-06,116,1.391805656089645e-05,1,1,sgd,"{'neurons_per_layer_encoder': [92], 'neurons_per_layer_decoder': [92]}",92,[92],[92],[-0.1207532964601008],0.6811518513748357,COMPLETE
2476,-0.2824746126058175,2025-01-11 12:26:45.042953,2025-01-11 12:26:46.213404,0 days 00:00:01.170451,0.12455679451601799,56,0.2,32,100,2.0651422252786087e-06,118,1.3875099581482387e-05,1,2,sgd,"{'neurons_per_layer_encoder': [32, 64], 'neurons_per_layer_decoder': [64]}",32,[64],"[32, 64]",[-0.2824746126058175],0.41109492156077865,COMPLETE
2477,-0.2985327673826712,2025-01-11 12:26:45.323152,2025-01-11 12:26:46.495210,0 days 00:00:01.172058,0.021152189512742496,56,0.2,32,100,1.4234327748539486e-06,152,1.3636296242125043e-05,1,3,sgd,"{'neurons_per_layer_encoder': [32, 64, 128], 'neurons_per_layer_decoder': [128]}",32,[128],"[32, 64, 128]",[-0.2985327673826712],0.5503586320706928,COMPLETE
2478,0.3000354290588664,2025-01-11 12:26:45.399156,2025-01-11 12:26:47.749775,0 days 00:00:02.350619,0.14157012693823884,56,0.2,24,100,1.8657629810148915e-06,120,1.3702489205364454e-05,1,3,sgd,"{'neurons_per_layer_encoder': [24, 48, 96], 'neurons_per_layer_decoder': [96]}",24,[96],"[24, 48, 96]",[0.3000354290588664],0.7795573140971827,COMPLETE
2479,-0.3527580469530691,2025-01-11 12:26:45.637955,2025-01-11 12:26:46.818633,0 days 00:00:01.180678,0.02091126199084692,56,0.2,28,100,1.4676869919823857e-06,77,1.594745487557318e-05,1,2,sgd,"{'neurons_per_layer_encoder': [28, 56], 'neurons_per_layer_decoder': [56]}",28,[56],"[28, 56]",[-0.3527580469530691],0.45118134320627923,COMPLETE
2480,-0.0919689380760933,2025-01-11 12:26:46.224246,2025-01-11 12:26:47.621226,0 days 00:00:01.396980,0.020577926900584242,48,0.2,24,100,1.406686139429243e-06,42,1.634347380521607e-05,1,1,sgd,"{'neurons_per_layer_encoder': [24], 'neurons_per_layer_decoder': [24]}",24,[24],[24],[-0.0919689380760933],0.7496819235710147,COMPLETE
2481,-0.5496421121131423,2025-01-11 12:26:46.262543,2025-01-11 12:26:47.438589,0 days 00:00:01.176046,0.14370497327738152,56,0.2,24,100,1.455885765220128e-06,152,1.6628548760486166e-05,1,3,sgd,"{'neurons_per_layer_encoder': [24, 48, 96], 'neurons_per_layer_decoder': [96]}",24,[96],"[24, 48, 96]",[-0.5496421121131423],0.565311692328984,COMPLETE
2482,-0.11614425474817147,2025-01-11 12:26:46.505592,2025-01-11 12:26:47.533754,0 days 00:00:01.028162,0.1413556186648722,48,0.2,24,100,1.448276569626585e-06,42,1.62550532516457e-05,1,1,sgd,"{'neurons_per_layer_encoder': [24], 'neurons_per_layer_decoder': [24]}",24,[24],[24],[-0.11614425474817147],0.8149194169236362,COMPLETE
2483,-0.21088433393032524,2025-01-11 12:26:46.829027,2025-01-11 12:26:48.364905,0 days 00:00:01.535878,0.1397102883033881,56,0.2,24,100,1.8078029823013503e-06,42,1.6695384271981594e-05,1,1,sgd,"{'neurons_per_layer_encoder': [24], 'neurons_per_layer_decoder': [24]}",24,[24],[24],[-0.21088433393032524],0.5657130942561591,COMPLETE
2484,-0.3609491964161946,2025-01-11 12:26:47.449092,2025-01-11 12:26:48.419458,0 days 00:00:00.970366,0.14188256252462328,56,0.30000000000000004,24,100,1.8029477047363219e-06,42,1.00329784694691e-05,1,1,sgd,"{'neurons_per_layer_encoder': [24], 'neurons_per_layer_decoder': [24]}",24,[24],[24],[-0.3609491964161946],0.705960325065366,COMPLETE
2485,-0.04812112312629746,2025-01-11 12:26:47.546130,2025-01-11 12:26:48.767820,0 days 00:00:01.221690,0.14089176902195158,48,0.2,24,100,1.8198605742253972e-06,42,1.000495868259747e-05,1,1,sgd,"{'neurons_per_layer_encoder': [24], 'neurons_per_layer_decoder': [24]}",24,[24],[24],[-0.04812112312629746],0.6958890337379161,COMPLETE
2486,-0.22271288548993629,2025-01-11 12:26:47.632012,2025-01-11 12:26:48.589235,0 days 00:00:00.957223,0.1085746796029992,56,0.30000000000000004,24,100,1.8557695650895633e-06,42,1.242933267725484e-05,1,1,sgd,"{'neurons_per_layer_encoder': [24], 'neurons_per_layer_decoder': [24]}",24,[24],[24],[-0.22271288548993629],0.49808797688100975,COMPLETE
2487,-0.4090703010203589,2025-01-11 12:26:47.761525,2025-01-11 12:26:48.787322,0 days 00:00:01.025797,0.14315674572276957,56,0.30000000000000004,28,100,1.7813286192767584e-06,46,1.2350647091053166e-05,1,1,sgd,"{'neurons_per_layer_encoder': [28], 'neurons_per_layer_decoder': [28]}",28,[28],[28],[-0.4090703010203589],0.5915331719664675,COMPLETE
2488,0.08644055747924007,2025-01-11 12:26:48.375358,2025-01-11 12:26:50.827370,0 days 00:00:02.452012,0.14487977368961116,56,0.30000000000000004,28,100,1.7981508869243735e-06,46,1.2203278188640961e-05,4,1,sgd,"{'neurons_per_layer_encoder': [28], 'neurons_per_layer_decoder': [28, 14, 8, 8]}",28,"[28, 14, 8, 8]",[28],[0.08644055747924007],0.7469873678861536,COMPLETE
2489,0.056636836567880655,2025-01-11 12:26:48.433601,2025-01-11 12:26:50.043897,0 days 00:00:01.610296,0.12813330978865492,48,0.2,20,100,1.7564835181177003e-06,22,1.2182570353939477e-05,1,1,sgd,"{'neurons_per_layer_encoder': [20], 'neurons_per_layer_decoder': [20]}",20,[20],[20],[0.056636836567880655],0.7069785442943646,COMPLETE
2490,-1.1877695246921638,2025-01-11 12:26:48.600434,2025-01-11 12:26:49.757386,0 days 00:00:01.156952,0.1322361073213674,48,0.2,20,100,1.5583934527708567e-06,22,1.2342009831859891e-05,1,1,sgd,"{'neurons_per_layer_encoder': [20], 'neurons_per_layer_decoder': [20]}",20,[20],[20],[-1.1877695246921638],0.5599407357043636,COMPLETE
2491,-0.5355548130331189,2025-01-11 12:26:48.778651,2025-01-11 12:26:49.766044,0 days 00:00:00.987393,0.13180671340912387,56,0.1,20,100,1.5754108032780611e-06,22,1.2175639669667627e-05,1,1,sgd,"{'neurons_per_layer_encoder': [20], 'neurons_per_layer_decoder': [20]}",20,[20],[20],[-0.5355548130331189],0.7115316971167318,COMPLETE
2492,-0.06909455254611596,2025-01-11 12:26:48.797835,2025-01-11 12:26:51.020224,0 days 00:00:02.222389,0.13055993987748818,56,0.1,20,100,1.5572393215790193e-06,22,1.2487556735381955e-05,1,1,sgd,"{'neurons_per_layer_encoder': [20], 'neurons_per_layer_decoder': [20]}",20,[20],[20],[-0.06909455254611596],0.5705372567994893,COMPLETE
2493,0.18918422154282333,2025-01-11 12:26:49.773220,2025-01-11 12:26:52.498580,0 days 00:00:02.725360,0.12456688306100624,56,0.2,36,100,1.2844566118398785e-06,127,1.7202467674291562e-05,5,2,sgd,"{'neurons_per_layer_encoder': [36, 72], 'neurons_per_layer_decoder': [72, 36, 18, 9, 8]}",36,"[72, 36, 18, 9, 8]","[36, 72]",[0.18918422154282333],0.716417365257846,COMPLETE
2494,-0.26720498774260704,2025-01-11 12:26:49.976954,2025-01-11 12:26:51.269972,0 days 00:00:01.293018,0.1464671466547165,56,0.2,36,100,1.2642310247050044e-06,127,1.7251662963497052e-05,1,2,sgd,"{'neurons_per_layer_encoder': [36, 72], 'neurons_per_layer_decoder': [72]}",36,[72],"[36, 72]",[-0.26720498774260704],0.673296254004905,COMPLETE
2495,-0.11159404130847328,2025-01-11 12:26:50.056925,2025-01-11 12:26:51.600265,0 days 00:00:01.543340,0.14667351753957308,56,0.2,32,100,1.2404966522967728e-06,856,1.4078839730875435e-05,1,5,sgd,"{'neurons_per_layer_encoder': [32, 64, 128, 256, 512], 'neurons_per_layer_decoder': [512]}",32,[512],"[32, 64, 128, 256, 512]",[-0.11159404130847328],0.645620700141964,COMPLETE
2496,-0.16892541131916783,2025-01-11 12:26:50.839329,2025-01-11 12:26:52.709093,0 days 00:00:01.869764,0.14749365843017634,56,0.2,36,100,1.2541944999839387e-06,856,1.7376863012204916e-05,1,5,sgd,"{'neurons_per_layer_encoder': [36, 72, 144, 288, 576], 'neurons_per_layer_decoder': [576]}",36,[576],"[36, 72, 144, 288, 576]",[-0.16892541131916783],0.6937064135940133,COMPLETE
2497,-0.27526960296065206,2025-01-11 12:26:51.030753,2025-01-11 12:26:52.528914,0 days 00:00:01.498161,0.15188000999373732,56,0.2,36,100,1.2646047520768615e-06,95,1.6970887161849048e-05,1,2,sgd,"{'neurons_per_layer_encoder': [36, 72], 'neurons_per_layer_decoder': [72]}",36,[72],"[36, 72]",[-0.27526960296065206],0.616557154526072,COMPLETE
2498,-0.20923341835460296,2025-01-11 12:26:51.281095,2025-01-11 12:26:52.744948,0 days 00:00:01.463853,0.15272353607046138,64,0.2,16,100,2.214272846371337e-06,17,1.4383601496616327e-05,1,1,sgd,"{'neurons_per_layer_encoder': [16], 'neurons_per_layer_decoder': [16]}",16,[16],[16],[-0.20923341835460296],0.5415532294537101,COMPLETE
2499,0.10408082815610109,2025-01-11 12:26:51.610081,2025-01-11 12:26:53.036404,0 days 00:00:01.426323,0.12075505981318425,64,0.2,44,100,2.156150439519602e-06,64,1.7069456727201895e-05,1,1,sgd,"{'neurons_per_layer_encoder': [44], 'neurons_per_layer_decoder': [44]}",44,[44],[44],[0.10408082815610109],0.7572266670974963,COMPLETE
2500,0.12219571466002244,2025-01-11 12:26:52.509476,2025-01-11 12:26:54.165257,0 days 00:00:01.655781,0.1543500280413222,64,0.2,20,100,2.262530107886755e-06,22,1.001361105324692e-05,1,1,sgd,"{'neurons_per_layer_encoder': [20], 'neurons_per_layer_decoder': [20]}",20,[20],[20],[0.12219571466002244],0.7666647211037868,COMPLETE
2501,-0.008715616739873422,2025-01-11 12:26:52.541132,2025-01-11 12:26:55.184268,0 days 00:00:02.643136,0.15619162420854732,64,0.2,16,100,2.1066638836869586e-06,17,1.4846262488585958e-05,1,1,adam,"{'neurons_per_layer_encoder': [16], 'neurons_per_layer_decoder': [16]}",16,[16],[16],[-0.008715616739873422],0.7461260834909502,COMPLETE
2502,0.048355169539146536,2025-01-11 12:26:52.719898,2025-01-11 12:26:54.626932,0 days 00:00:01.907034,0.11357525073350302,64,0.2,44,100,2.23072419006813e-06,64,1.406026576823006e-05,1,1,adam,"{'neurons_per_layer_encoder': [44], 'neurons_per_layer_decoder': [44]}",44,[44],[44],[0.048355169539146536],0.7573772389648241,COMPLETE
2503,0.13676516629112534,2025-01-11 12:26:52.760321,2025-01-11 12:26:55.467377,0 days 00:00:02.707056,0.11561099981040004,64,0.2,20,100,2.1896571099099892e-06,22,1.4275881045855719e-05,2,1,adam,"{'neurons_per_layer_encoder': [20], 'neurons_per_layer_decoder': [20, 10]}",20,"[20, 10]",[20],[0.13676516629112534],0.7077327607554289,COMPLETE
2504,-0.22396507931158216,2025-01-11 12:26:53.048227,2025-01-11 12:26:54.436859,0 days 00:00:01.388632,0.13624475279914453,48,0.2,20,100,2.144047742586551e-06,22,1.0088940391457361e-05,1,1,adam,"{'neurons_per_layer_encoder': [20], 'neurons_per_layer_decoder': [20]}",20,[20],[20],[-0.22396507931158216],0.6884971447153198,COMPLETE
2505,0.432363525439714,2025-01-11 12:26:54.177032,2025-01-11 12:26:56.222724,0 days 00:00:02.045692,0.18078252534880476,64,0.2,16,100,2.006369487975495e-06,17,1.4709589136577534e-05,1,1,sgd,"{'neurons_per_layer_encoder': [16], 'neurons_per_layer_decoder': [16]}",16,[16],[16],[0.432363525439714],0.8562193282886861,COMPLETE
2506,-0.45147198296324764,2025-01-11 12:26:54.446915,2025-01-11 12:26:56.635444,0 days 00:00:02.188529,0.17784330302391774,64,0.2,16,100,2.4206940744136272e-06,17,1.4334255339371385e-05,1,1,sgd,"{'neurons_per_layer_encoder': [16], 'neurons_per_layer_decoder': [16]}",16,[16],[16],[-0.45147198296324764],0.41606852517663345,COMPLETE
2507,-0.05946586398982867,2025-01-11 12:26:54.638851,2025-01-11 12:26:55.783110,0 days 00:00:01.144259,0.17788309482435427,64,0.2,236,100,1.4600083872209232e-06,468,1.4778118940167729e-05,2,1,sgd,"{'neurons_per_layer_encoder': [236], 'neurons_per_layer_decoder': [236, 118]}",236,"[236, 118]",[236],[-0.05946586398982867],0.7313073365132255,COMPLETE
2508,-0.5286245368025941,2025-01-11 12:26:55.196179,2025-01-11 12:26:56.145066,0 days 00:00:00.948887,0.17465327372075978,64,0.2,16,100,1.48647554764306e-06,17,1.498811011451471e-05,1,1,sgd,"{'neurons_per_layer_encoder': [16], 'neurons_per_layer_decoder': [16]}",16,[16],[16],[-0.5286245368025941],0.25604384784395573,COMPLETE
2509,-0.19829411631151128,2025-01-11 12:26:55.477655,2025-01-11 12:26:57.587080,0 days 00:00:02.109425,0.1806636162407666,64,0.2,196,100,1.5637290980407769e-06,332,1.5417869225328073e-05,1,1,sgd,"{'neurons_per_layer_encoder': [196], 'neurons_per_layer_decoder': [196]}",196,[196],[196],[-0.19829411631151128],0.6103742894420294,COMPLETE
2510,0.08005557396866214,2025-01-11 12:26:55.793941,2025-01-11 12:26:57.899993,0 days 00:00:02.106052,0.14133222300658466,48,0.2,28,100,1.6676831505980815e-06,46,1.146425828615538e-05,1,1,sgd,"{'neurons_per_layer_encoder': [28], 'neurons_per_layer_decoder': [28]}",28,[28],[28],[0.08005557396866214],0.6805940389392697,COMPLETE
2511,-0.38743365811967334,2025-01-11 12:26:56.155781,2025-01-11 12:26:57.181930,0 days 00:00:01.026149,0.1393623179638689,56,0.2,152,100,1.6527896810088882e-06,240,1.2109901421650216e-05,1,1,sgd,"{'neurons_per_layer_encoder': [152], 'neurons_per_layer_decoder': [152]}",152,[152],[152],[-0.38743365811967334],0.5710168308466664,COMPLETE
2512,0.36684030644991783,2025-01-11 12:26:56.236122,2025-01-11 12:26:58.298243,0 days 00:00:02.062121,0.1387144969452823,64,0.2,28,100,1.8502926310419181e-06,46,1.3020537079269192e-05,1,1,sgd,"{'neurons_per_layer_encoder': [28], 'neurons_per_layer_decoder': [28]}",28,[28],[28],[0.36684030644991783],0.852964693149353,COMPLETE
2513,-0.23187704791342978,2025-01-11 12:26:56.647762,2025-01-11 12:26:57.604579,0 days 00:00:00.956817,0.13826728179260714,64,0.2,24,100,1.6921707640590385e-06,42,1.2750166828750308e-05,1,1,sgd,"{'neurons_per_layer_encoder': [24], 'neurons_per_layer_decoder': [24]}",24,[24],[24],[-0.23187704791342978],0.5356149449718806,COMPLETE
2514,0.11713709145409845,2025-01-11 12:26:57.192228,2025-01-11 12:26:58.890238,0 days 00:00:01.698010,0.12587271422118257,64,0.2,28,100,1.723176489022198e-06,46,1.2818385790891967e-05,1,1,sgd,"{'neurons_per_layer_encoder': [28], 'neurons_per_layer_decoder': [28]}",28,[28],[28],[0.11713709145409845],0.7199944328922544,COMPLETE
2515,-0.7307892794506436,2025-01-11 12:26:57.597068,2025-01-11 12:26:59.553605,0 days 00:00:01.956537,0.013429677765262615,64,0.2,28,100,1.9118308064092425e-06,46,1.2684462330382566e-05,1,1,sgd,"{'neurons_per_layer_encoder': [28], 'neurons_per_layer_decoder': [28]}",28,[28],[28],[-0.7307892794506436],0.3869929450473057,COMPLETE
2516,-0.2249436080213394,2025-01-11 12:26:57.615042,2025-01-11 12:26:58.573670,0 days 00:00:00.958628,0.12699453966046684,64,0.2,28,100,1.8769444497828863e-06,46,1.3186888454016656e-05,1,1,sgd,"{'neurons_per_layer_encoder': [28], 'neurons_per_layer_decoder': [28]}",28,[28],[28],[-0.2249436080213394],0.6029575068286097,COMPLETE
2517,0.04008576920076645,2025-01-11 12:26:57.910658,2025-01-11 12:26:58.928279,0 days 00:00:01.017621,0.013256576292629184,64,0.2,28,100,1.930871570096202e-06,93,1.2846732906316566e-05,1,2,sgd,"{'neurons_per_layer_encoder': [28, 56], 'neurons_per_layer_decoder': [56]}",28,[56],"[28, 56]",[0.04008576920076645],0.7607056543144264,COMPLETE
2518,-0.15532801955173814,2025-01-11 12:26:58.309273,2025-01-11 12:26:59.919387,0 days 00:00:01.610114,0.012817615260525925,64,0.2,24,100,1.9201267841978197e-06,68,1.630300723788132e-05,1,2,adadelta,"{'neurons_per_layer_encoder': [24, 48], 'neurons_per_layer_decoder': [48]}",24,[48],"[24, 48]",[-0.15532801955173814],0.7067465717258095,COMPLETE
2519,0.07147350889046233,2025-01-11 12:26:58.584009,2025-01-11 12:27:00.203798,0 days 00:00:01.619789,0.15881626317175357,64,0.2,28,100,1.4095196575764884e-06,93,1.585573383260979e-05,1,2,adadelta,"{'neurons_per_layer_encoder': [28, 56], 'neurons_per_layer_decoder': [56]}",28,[56],"[28, 56]",[0.07147350889046233],0.7295574669267602,COMPLETE
2520,-1.4177214938124556,2025-01-11 12:26:58.901273,2025-01-11 12:27:00.290820,0 days 00:00:01.389547,0.18902166064204806,64,0.2,20,100,1.417677884149617e-06,22,1.5808826044265316e-05,1,1,adadelta,"{'neurons_per_layer_encoder': [20], 'neurons_per_layer_decoder': [20]}",20,[20],[20],[-1.4177214938124556],0.45824198110365055,COMPLETE
2521,-0.3606218511753547,2025-01-11 12:26:58.940308,2025-01-11 12:27:00.337663,0 days 00:00:01.397355,0.011368258643213083,64,0.2,20,100,1.412385610249548e-06,22,1.5990765832145432e-05,1,1,adadelta,"{'neurons_per_layer_encoder': [20], 'neurons_per_layer_decoder': [20]}",20,[20],[20],[-0.3606218511753547],0.5083119419457771,COMPLETE
2522,0.14842199179463889,2025-01-11 12:26:59.564505,2025-01-11 12:27:01.639720,0 days 00:00:02.075215,0.09094618286671247,64,0.2,20,100,1.4468252010701056e-06,22,1.5637156646581373e-05,1,1,adadelta,"{'neurons_per_layer_encoder': [20], 'neurons_per_layer_decoder': [20]}",20,[20],[20],[0.14842199179463889],0.74887120549931,COMPLETE
2523,-0.4429010285097188,2025-01-11 12:26:59.931040,2025-01-11 12:27:01.340498,0 days 00:00:01.409458,0.1563371418328654,64,0.2,20,100,1.433953502291796e-06,22,1.5620277080550628e-05,1,1,adadelta,"{'neurons_per_layer_encoder': [20], 'neurons_per_layer_decoder': [20]}",20,[20],[20],[-0.4429010285097188],0.6560727215600918,COMPLETE
2524,0.04768181216227141,2025-01-11 12:27:00.215410,2025-01-11 12:27:01.575287,0 days 00:00:01.359877,0.11031138729124629,64,0.4,20,100,1.6080139397177388e-06,22,1.5175589909897018e-05,1,1,adadelta,"{'neurons_per_layer_encoder': [20], 'neurons_per_layer_decoder': [20]}",20,[20],[20],[0.04768181216227141],0.7736581611067268,COMPLETE
2525,-1.3161412539675301,2025-01-11 12:27:00.303597,2025-01-11 12:27:02.767277,0 days 00:00:02.463680,0.14910833376434185,64,0.4,20,100,1.476119965184894e-06,22,1.4738166629915739e-05,1,1,adadelta,"{'neurons_per_layer_encoder': [20], 'neurons_per_layer_decoder': [20]}",20,[20],[20],[-1.3161412539675301],0.13160074687069648,COMPLETE
2526,-0.2437877406150748,2025-01-11 12:27:00.352398,2025-01-11 12:27:01.710744,0 days 00:00:01.358346,0.14708793351218521,64,0.2,16,100,1.6052825862809526e-06,17,1.124409790482372e-05,1,1,adadelta,"{'neurons_per_layer_encoder': [16], 'neurons_per_layer_decoder': [16]}",16,[16],[16],[-0.2437877406150748],0.5782222551714877,COMPLETE
2527,-0.2097318089876219,2025-01-11 12:27:01.350786,2025-01-11 12:27:02.691382,0 days 00:00:01.340596,0.1475732390909703,64,0.4,16,100,1.63090631870031e-06,17,1.4048305420709699e-05,1,1,adadelta,"{'neurons_per_layer_encoder': [16], 'neurons_per_layer_decoder': [16]}",16,[16],[16],[-0.2097318089876219],0.5545546352809793,COMPLETE
2528,-0.8551399133958761,2025-01-11 12:27:01.586043,2025-01-11 12:27:03.303610,0 days 00:00:01.717567,0.16796881218890655,64,0.2,16,100,1.6660128095751748e-06,17,1.103021126745416e-05,1,1,adadelta,"{'neurons_per_layer_encoder': [16], 'neurons_per_layer_decoder': [16]}",16,[16],[16],[-0.8551399133958761],0.6052341215119056,COMPLETE
