number,value,datetime_start,datetime_complete,duration,params_alpha,params_batch_size,params_drop_out_rate,params_encoder_neurons_layer_1,params_epochs,params_lambda,params_latent_dim,params_learning_rate,params_num_layers_decoder,params_num_layers_encoder,params_optimizer,user_attrs_encoder_decoder_config,user_attrs_first_layer_neurons,user_attrs_neurons_per_layer_decoder,user_attrs_neurons_per_layer_encoder,user_attrs_r2_feature_1,user_attrs_relative_deterioration,state
2529,-0.2267000406116042,2025-01-11 12:27:01.655034,2025-01-11 12:27:02.996939,0 days 00:00:01.341905,0.16606430164980795,64,0.2,32,100,1.137454755626004e-06,51,1.1254429737710733e-05,1,1,adadelta,"{'neurons_per_layer_encoder': [32], 'neurons_per_layer_decoder': [32]}",32,[32],[32],[-0.2267000406116042],0.6962624926944899,COMPLETE
2530,-0.016546414963523715,2025-01-11 12:27:01.722624,2025-01-11 12:27:03.639413,0 days 00:00:01.916789,0.1907891575545072,64,0.2,36,100,1.1417359175786819e-06,55,1.1297716394279702e-05,1,1,adadelta,"{'neurons_per_layer_encoder': [36], 'neurons_per_layer_decoder': [36]}",36,[36],[36],[-0.016546414963523715],0.8225352040285774,COMPLETE
2531,-0.23737139670073448,2025-01-11 12:27:02.701764,2025-01-11 12:27:05.149540,0 days 00:00:02.447776,0.189362872412794,64,0.1,32,100,1.2368678325519264e-06,51,1.115024529113204e-05,1,1,adadelta,"{'neurons_per_layer_encoder': [32], 'neurons_per_layer_decoder': [32]}",32,[32],[32],[-0.23737139670073448],0.7706387079291291,COMPLETE
2532,0.04007671676824065,2025-01-11 12:27:02.779701,2025-01-11 12:27:04.842646,0 days 00:00:02.062945,0.16593138464680102,64,0.2,36,100,1.970926936407765e-06,55,1.1508419006056184e-05,1,1,adadelta,"{'neurons_per_layer_encoder': [36], 'neurons_per_layer_decoder': [36]}",36,[36],[36],[0.04007671676824065],0.639362082246306,COMPLETE
2533,-0.6295751514086678,2025-01-11 12:27:03.007737,2025-01-11 12:27:05.467050,0 days 00:00:02.459313,0.19964182573703224,64,0.1,36,100,1.8690123285318264e-06,55,1.8019380994048527e-05,1,1,adadelta,"{'neurons_per_layer_encoder': [36], 'neurons_per_layer_decoder': [36]}",36,[36],[36],[-0.6295751514086678],0.5970205237709836,COMPLETE
2534,-0.06142976518446064,2025-01-11 12:27:03.314128,2025-01-11 12:27:04.268091,0 days 00:00:00.953963,0.18911162087370326,64,0.1,40,100,1.9124934253837534e-06,60,1.7055966307396796e-05,1,1,sgd,"{'neurons_per_layer_encoder': [40], 'neurons_per_layer_decoder': [40]}",40,[40],[40],[-0.06142976518446064],0.6606521090310252,COMPLETE
2535,-0.19839995481091344,2025-01-11 12:27:03.649996,2025-01-11 12:27:05.168768,0 days 00:00:01.518772,0.132369214391927,64,0.2,12,100,1.954944783166616e-06,13,1.8159094170500845e-05,1,1,sgd,"{'neurons_per_layer_encoder': [12], 'neurons_per_layer_decoder': [12]}",12,[12],[12],[-0.19839995481091344],0.5903474276405545,COMPLETE
2536,-1.5931581697388846,2025-01-11 12:27:04.277330,2025-01-11 12:27:06.524730,0 days 00:00:02.247400,0.1315134948684717,56,0.2,12,100,2.0232139582308063e-06,13,1.3599870966184496e-05,1,1,adadelta,"{'neurons_per_layer_encoder': [12], 'neurons_per_layer_decoder': [12]}",12,[12],[12],[-1.5931581697388846],0.5611463362165083,COMPLETE
2537,-0.5357816433898288,2025-01-11 12:27:04.853888,2025-01-11 12:27:06.794483,0 days 00:00:01.940595,0.1335590909412826,56,0.2,12,100,1.3024901190180624e-06,13,1.7964338397607803e-05,3,1,sgd,"{'neurons_per_layer_encoder': [12], 'neurons_per_layer_decoder': [12, 8, 8]}",12,"[12, 8, 8]",[12],[-0.5357816433898288],0.4496158855106557,COMPLETE
2538,-0.03997347063326173,2025-01-11 12:27:05.179173,2025-01-11 12:27:07.277380,0 days 00:00:02.098207,0.1565705188559952,56,0.2,24,100,5.713978989882007e-06,68,1.3775025279289095e-05,1,2,adadelta,"{'neurons_per_layer_encoder': [24, 48], 'neurons_per_layer_decoder': [48]}",24,[48],"[24, 48]",[-0.03997347063326173],0.6858762700988751,COMPLETE
2539,0.007383609334065566,2025-01-11 12:27:05.369543,2025-01-11 12:27:08.426688,0 days 00:00:03.057145,0.15652104767336572,56,0.2,212,100,1.3057506962755724e-06,976,1.0044878995505074e-05,1,2,adadelta,"{'neurons_per_layer_encoder': [212, 424], 'neurons_per_layer_decoder': [424]}",212,[424],"[212, 424]",[0.007383609334065566],0.7577094081433059,COMPLETE
2540,-0.38350429819602394,2025-01-11 12:27:05.478149,2025-01-11 12:27:07.352874,0 days 00:00:01.874725,0.13038812097571825,56,0.2,24,100,1.3135885877494948e-06,68,1.3359882712513429e-05,1,2,adadelta,"{'neurons_per_layer_encoder': [24, 48], 'neurons_per_layer_decoder': [48]}",24,[48],"[24, 48]",[-0.38350429819602394],0.29644618821741947,COMPLETE
2541,-0.21738337465047053,2025-01-11 12:27:06.536868,2025-01-11 12:27:07.657230,0 days 00:00:01.120362,0.1570644343132704,56,0.2,24,100,1.3395100338536778e-06,68,1.3753101039201139e-05,1,2,sgd,"{'neurons_per_layer_encoder': [24, 48], 'neurons_per_layer_decoder': [48]}",24,[48],"[24, 48]",[-0.21738337465047053],0.6333272982946854,COMPLETE
2542,-0.4941066293107619,2025-01-11 12:27:06.806168,2025-01-11 12:27:08.710718,0 days 00:00:01.904550,0.15545758498759854,56,0.2,24,100,1.7003144645489502e-06,68,1.0047850997548468e-05,1,2,adadelta,"{'neurons_per_layer_encoder': [24, 48], 'neurons_per_layer_decoder': [48]}",24,[48],"[24, 48]",[-0.4941066293107619],0.5570425269851393,COMPLETE
2543,0.4908934070347557,2025-01-11 12:27:07.289105,2025-01-11 12:27:09.825861,0 days 00:00:02.536756,0.12014361285845707,64,0.2,16,100,1.7196585558641273e-06,17,1.0082459768438446e-05,1,1,adadelta,"{'neurons_per_layer_encoder': [16], 'neurons_per_layer_decoder': [16]}",16,[16],[16],[0.4908934070347557],0.8941585513027999,COMPLETE
2544,-0.18882080430249815,2025-01-11 12:27:07.368194,2025-01-11 12:27:09.451832,0 days 00:00:02.083638,0.14640222909992698,64,0.2,16,100,2.4272295253488455e-06,17,1.4063895341912717e-05,1,1,sgd,"{'neurons_per_layer_encoder': [16], 'neurons_per_layer_decoder': [16]}",16,[16],[16],[-0.18882080430249815],0.6456774063893972,COMPLETE
2545,-0.06440525567099509,2025-01-11 12:27:07.873258,2025-01-11 12:27:09.438464,0 days 00:00:01.565206,0.14453307994289163,64,0.2,44,100,1.7020018060582197e-06,80,1.0067777254145616e-05,1,1,adadelta,"{'neurons_per_layer_encoder': [44], 'neurons_per_layer_decoder': [44]}",44,[44],[44],[-0.06440525567099509],0.7746612037691595,COMPLETE
2546,-0.17000733477890462,2025-01-11 12:27:08.437593,2025-01-11 12:27:09.805915,0 days 00:00:01.368322,0.12114860798323716,64,0.2,44,100,2.3685379090775197e-06,80,1.6798552291367527e-05,1,1,adadelta,"{'neurons_per_layer_encoder': [44], 'neurons_per_layer_decoder': [44]}",44,[44],[44],[-0.17000733477890462],0.7015146458265443,COMPLETE
2547,-0.6455138050995568,2025-01-11 12:27:08.919425,2025-01-11 12:27:09.955482,0 days 00:00:01.036057,0.11869549825210883,64,0.2,12,100,2.2887268462448234e-06,13,1.7270188803491747e-05,1,1,sgd,"{'neurons_per_layer_encoder': [12], 'neurons_per_layer_decoder': [12]}",12,[12],[12],[-0.6455138050995568],0.32990165041579067,COMPLETE
2548,0.012239955766836896,2025-01-11 12:27:09.462499,2025-01-11 12:27:11.911819,0 days 00:00:02.449320,0.16960762565515763,64,0.2,204,100,2.035582440549934e-06,356,1.75618179542145e-05,1,1,adadelta,"{'neurons_per_layer_encoder': [204], 'neurons_per_layer_decoder': [204]}",204,[204],[204],[0.012239955766836896],0.8171045648826707,COMPLETE
2549,-0.2679717561390105,2025-01-11 12:27:09.838572,2025-01-11 12:27:10.752705,0 days 00:00:00.914133,0.10538649705839731,64,0.2,16,100,2.0431373690967344e-06,17,1.0223606030217146e-05,1,1,sgd,"{'neurons_per_layer_encoder': [16], 'neurons_per_layer_decoder': [16]}",16,[16],[16],[-0.2679717561390105],0.6485991472306046,COMPLETE
