number,value,datetime_start,datetime_complete,duration,params_alpha,params_batch_size,params_drop_out_rate,params_encoder_neurons_layer_1,params_epochs,params_lambda,params_latent_dim,params_learning_rate,params_num_layers_decoder,params_num_layers_encoder,params_optimizer,user_attrs_encoder_decoder_config,user_attrs_first_layer_neurons,user_attrs_model_summary,user_attrs_neurons_per_layer_decoder,user_attrs_neurons_per_layer_encoder,user_attrs_r2_feature_1,user_attrs_relative_deterioration,state
159,0.26241229860195747,2025-05-06 20:26:52.129747,2025-05-06 20:27:14.356246,0 days 00:00:22.226499,0.07660018774568911,40,0.30000000000000004,88,200,0.0001161870052902917,746,0.006259259342038508,5,4,adam,"{'neurons_per_layer_encoder': [88, 176, 352, 704], 'neurons_per_layer_decoder': [704, 352, 176, 88, 44]}",88,,"[704, 352, 176, 88, 44]","[88, 176, 352, 704]",[0.26241229860195747],-0.04205953649029048,COMPLETE
160,-0.21686683871260137,2025-05-06 20:26:57.935912,2025-05-06 20:27:16.236599,0 days 00:00:18.300687,0.0719077811734592,40,0.30000000000000004,160,200,0.0001543088202028061,1309,0.008442671968095363,5,4,adam,"{'neurons_per_layer_encoder': [160, 320, 640, 1280], 'neurons_per_layer_decoder': [1280, 640, 320, 160, 80]}",160,,"[1280, 640, 320, 160, 80]","[160, 320, 640, 1280]",[-0.21686683871260137],0.21935996661203114,COMPLETE
161,0.5168218154905266,2025-05-06 20:27:07.987878,2025-05-06 20:27:37.092670,0 days 00:00:29.104792,0.1558767089589657,40,0.30000000000000004,148,200,0.00014415271672671719,1209,0.0073697382539520025,5,4,adam,"{'neurons_per_layer_encoder': [148, 296, 592, 1184], 'neurons_per_layer_decoder': [1184, 592, 296, 148, 74]}",148,,"[1184, 592, 296, 148, 74]","[148, 296, 592, 1184]",[0.5168218154905266],0.48342573483300527,COMPLETE
162,0.34976023006974877,2025-05-06 20:27:09.250757,2025-05-06 20:27:36.545920,0 days 00:00:27.295163,0.14992877064974644,32,0.30000000000000004,108,160,0.00014878566439738297,890,0.006432205434035105,5,4,adam,"{'neurons_per_layer_encoder': [108, 216, 432, 864], 'neurons_per_layer_decoder': [864, 432, 216, 108, 54]}",108,,"[864, 432, 216, 108, 54]","[108, 216, 432, 864]",[0.34976023006974877],0.24340251300825777,COMPLETE
163,0.12340718514545035,2025-05-06 20:27:09.988453,2025-05-06 20:27:37.724872,0 days 00:00:27.736419,0.06395846128260968,40,0.30000000000000004,108,200,0.00014874310969525183,896,0.006987213797748754,5,4,adam,"{'neurons_per_layer_encoder': [108, 216, 432, 864], 'neurons_per_layer_decoder': [864, 432, 216, 108, 54]}",108,,"[864, 432, 216, 108, 54]","[108, 216, 432, 864]",[0.12340718514545035],-0.06389512779970603,COMPLETE
164,0.22278768134642468,2025-05-06 20:27:14.376858,2025-05-06 20:27:41.702274,0 days 00:00:27.325416,0.06322705998255947,40,0.30000000000000004,148,200,2.8801494315240335e-06,1209,0.005141428453909187,5,4,sgd,"{'neurons_per_layer_encoder': [148, 296, 592, 1184], 'neurons_per_layer_decoder': [1184, 592, 296, 148, 74]}",148,,"[1184, 592, 296, 148, 74]","[148, 296, 592, 1184]",[0.22278768134642468],0.5048017707009596,COMPLETE
165,0.5637945175194392,2025-05-06 20:27:16.256190,2025-05-06 20:27:44.255797,0 days 00:00:27.999607,0.06659392273334805,32,0.30000000000000004,108,200,0.00014237388571231913,893,0.003916280919019183,5,4,adam,"{'neurons_per_layer_encoder': [108, 216, 432, 864], 'neurons_per_layer_decoder': [864, 432, 216, 108, 54]}",108,,"[864, 432, 216, 108, 54]","[108, 216, 432, 864]",[0.5637945175194392],0.44201559592880446,COMPLETE
166,0.49358665678317726,2025-05-06 20:27:36.558535,2025-05-06 20:28:00.914768,0 days 00:00:24.356233,0.06211150024147426,32,0.30000000000000004,108,160,0.00013347987827504185,896,0.0052287647891420316,5,4,adam,"{'neurons_per_layer_encoder': [108, 216, 432, 864], 'neurons_per_layer_decoder': [864, 432, 216, 108, 54]}",108,,"[864, 432, 216, 108, 54]","[108, 216, 432, 864]",[0.49358665678317726],0.39085130957957925,COMPLETE
167,0.14597141923209744,2025-05-06 20:27:37.105774,2025-05-06 20:28:09.020370,0 days 00:00:31.914596,0.13856944972999044,32,0.30000000000000004,152,160,0.0001452592990025082,1238,0.007094270496030464,5,4,adam,"{'neurons_per_layer_encoder': [152, 304, 608, 1216], 'neurons_per_layer_decoder': [1216, 608, 304, 152, 76]}",152,,"[1216, 608, 304, 152, 76]","[152, 304, 608, 1216]",[0.14597141923209744],0.22094609663366593,COMPLETE
168,-0.7411126035795486,2025-05-06 20:27:37.736078,2025-05-06 20:27:41.111765,0 days 00:00:03.375687,0.1630781166591899,32,0.30000000000000004,116,160,9.878049566231996e-06,958,0.0052946750129863026,5,4,sgd,"{'neurons_per_layer_encoder': [116, 232, 464, 928], 'neurons_per_layer_decoder': [928, 464, 232, 116, 58]}",116,,"[928, 464, 232, 116, 58]","[116, 232, 464, 928]",[-0.7411126035795486],0.6692014028684115,COMPLETE
169,0.0008621284993564071,2025-05-06 20:27:41.125258,2025-05-06 20:27:58.977434,0 days 00:00:17.852176,0.13624250699345622,32,0.30000000000000004,148,160,2.8499095456918614e-06,1206,0.007641447243635687,5,4,adam,"{'neurons_per_layer_encoder': [148, 296, 592, 1184], 'neurons_per_layer_decoder': [1184, 592, 296, 148, 74]}",148,,"[1184, 592, 296, 148, 74]","[148, 296, 592, 1184]",[0.0008621284993564071],-0.07920303791822156,COMPLETE
170,-0.6962819919577161,2025-05-06 20:27:41.726466,2025-05-06 20:27:50.109220,0 days 00:00:08.382754,0.157474783539654,48,0.30000000000000004,44,160,7.464756447676564e-06,680,0.007501957981368367,5,4,adam,"{'neurons_per_layer_encoder': [44, 88, 176, 352], 'neurons_per_layer_decoder': [352, 176, 88, 44, 22]}",44,,"[352, 176, 88, 44, 22]","[44, 88, 176, 352]",[-0.6962819919577161],-0.6336130513428723,COMPLETE
171,0.5500441060266024,2025-05-06 20:27:44.269172,2025-05-06 20:28:18.818046,0 days 00:00:34.548874,0.14767076608896237,32,0.30000000000000004,160,160,0.00013753415187502238,1311,0.004035574144602634,5,4,adam,"{'neurons_per_layer_encoder': [160, 320, 640, 1280], 'neurons_per_layer_decoder': [1280, 640, 320, 160, 80]}",160,,"[1280, 640, 320, 160, 80]","[160, 320, 640, 1280]",[0.5500441060266024],0.5215421390186507,COMPLETE
172,0.4349672919342561,2025-05-06 20:27:50.139265,2025-05-06 20:28:28.487373,0 days 00:00:38.348108,0.12671561099780337,32,0.30000000000000004,156,160,0.0001769513770606112,1276,0.0039361518123016675,5,4,adam,"{'neurons_per_layer_encoder': [156, 312, 624, 1248], 'neurons_per_layer_decoder': [1248, 624, 312, 156, 78]}",156,,"[1248, 624, 312, 156, 78]","[156, 312, 624, 1248]",[0.4349672919342561],0.4769650153088195,COMPLETE
173,0.46591743253103757,2025-05-06 20:27:58.992685,2025-05-06 20:28:36.554473,0 days 00:00:37.561788,0.14366144929532007,32,0.30000000000000004,124,200,0.0001889976230518338,1017,0.004118060024911962,5,4,adam,"{'neurons_per_layer_encoder': [124, 248, 496, 992], 'neurons_per_layer_decoder': [992, 496, 248, 124, 62]}",124,,"[992, 496, 248, 124, 62]","[124, 248, 496, 992]",[0.46591743253103757],0.29932087888096,COMPLETE
174,0.5794081853617166,2025-05-06 20:28:00.938966,2025-05-06 20:28:42.365814,0 days 00:00:41.426848,0.0565946496046742,32,0.30000000000000004,156,200,0.00013610395498616032,1275,0.0052414456960883276,5,4,adam,"{'neurons_per_layer_encoder': [156, 312, 624, 1248], 'neurons_per_layer_decoder': [1248, 624, 312, 156, 78]}",156,,"[1248, 624, 312, 156, 78]","[156, 312, 624, 1248]",[0.5794081853617166],0.5746700837648625,COMPLETE
175,0.31943490759582405,2025-05-06 20:28:09.045976,2025-05-06 20:28:44.689784,0 days 00:00:35.643808,0.053950450205338736,32,0.30000000000000004,108,160,0.00018463280732591419,894,0.0037920506159852463,5,4,adam,"{'neurons_per_layer_encoder': [108, 216, 432, 864], 'neurons_per_layer_decoder': [864, 432, 216, 108, 54]}",108,,"[864, 432, 216, 108, 54]","[108, 216, 432, 864]",[0.31943490759582405],0.1792331672549412,COMPLETE
176,0.5741794394362343,2025-05-06 20:28:18.831989,2025-05-06 20:28:58.454500,0 days 00:00:39.622511,0.05445534050900471,32,0.30000000000000004,164,160,8.884303881330548e-05,1346,0.0039668236256127,5,4,adam,"{'neurons_per_layer_encoder': [164, 328, 656, 1312], 'neurons_per_layer_decoder': [1312, 656, 328, 164, 82]}",164,,"[1312, 656, 328, 164, 82]","[164, 328, 656, 1312]",[0.5741794394362343],0.49139796016254683,COMPLETE
177,0.42891098373288084,2025-05-06 20:28:28.503538,2025-05-06 20:29:02.099378,0 days 00:00:33.595840,0.05498496838113658,32,0.30000000000000004,156,160,0.00017781773133080078,1311,0.005346579213417713,5,4,adam,"{'neurons_per_layer_encoder': [156, 312, 624, 1248], 'neurons_per_layer_decoder': [1248, 624, 312, 156, 78]}",156,,"[1248, 624, 312, 156, 78]","[156, 312, 624, 1248]",[0.42891098373288084],0.44647038844654,COMPLETE
178,0.3946020575364151,2025-05-06 20:28:36.567425,2025-05-06 20:29:10.748213,0 days 00:00:34.180788,0.0579627872681829,32,0.30000000000000004,160,200,0.00017715428012606767,1338,0.0043477367372718395,5,4,adam,"{'neurons_per_layer_encoder': [160, 320, 640, 1280], 'neurons_per_layer_decoder': [1280, 640, 320, 160, 80]}",160,,"[1280, 640, 320, 160, 80]","[160, 320, 640, 1280]",[0.3946020575364151],0.44151742956042245,COMPLETE
179,0.028847581727278304,2025-05-06 20:28:42.380354,2025-05-06 20:29:39.406242,0 days 00:00:57.025888,0.05928332166212523,32,0.30000000000000004,164,200,0.00017059638404539666,1367,0.003372700374720906,5,4,adam,"{'neurons_per_layer_encoder': [164, 328, 656, 1312], 'neurons_per_layer_decoder': [1312, 656, 328, 164, 82]}",164,,"[1312, 656, 328, 164, 82]","[164, 328, 656, 1312]",[0.028847581727278304],-0.06421299877656722,COMPLETE
180,0.6005127573192219,2025-05-06 20:28:44.706494,2025-05-06 20:29:40.425567,0 days 00:00:55.719073,0.057438260776395356,32,0.30000000000000004,164,200,0.00018165038113466576,1363,0.0031735013203125265,5,4,adam,"{'neurons_per_layer_encoder': [164, 328, 656, 1312], 'neurons_per_layer_decoder': [1312, 656, 328, 164, 82]}",164,,"[1312, 656, 328, 164, 82]","[164, 328, 656, 1312]",[0.6005127573192219],0.5793289200349508,COMPLETE
181,0.4023315195532535,2025-05-06 20:28:58.465205,2025-05-06 20:29:44.274399,0 days 00:00:45.809194,0.056105254188173616,32,0.30000000000000004,164,200,0.00017493676382938274,1364,0.004201851060272023,5,4,adam,"{'neurons_per_layer_encoder': [164, 328, 656, 1312], 'neurons_per_layer_decoder': [1312, 656, 328, 164, 82]}",164,,"[1312, 656, 328, 164, 82]","[164, 328, 656, 1312]",[0.4023315195532535],0.39072468248926856,COMPLETE
182,0.1885497520944529,2025-05-06 20:29:02.113457,2025-05-06 20:29:46.799118,0 days 00:00:44.685661,0.0563212013302625,32,0.30000000000000004,164,160,9.000471150376299e-05,1370,0.0041721765254066154,5,4,adam,"{'neurons_per_layer_encoder': [164, 328, 656, 1312], 'neurons_per_layer_decoder': [1312, 656, 328, 164, 82]}",164,,"[1312, 656, 328, 164, 82]","[164, 328, 656, 1312]",[0.1885497520944529],0.02981000499939903,COMPLETE
183,0.5357157735271715,2025-05-06 20:29:10.764102,2025-05-06 20:29:55.498158,0 days 00:00:44.734056,0.05624148012775087,32,0.30000000000000004,184,160,0.00013321809812131584,1513,0.003086517284100449,5,4,adam,"{'neurons_per_layer_encoder': [184, 368, 736, 1472], 'neurons_per_layer_decoder': [1472, 736, 368, 184, 92]}",184,,"[1472, 736, 368, 184, 92]","[184, 368, 736, 1472]",[0.5357157735271715],0.5014910149899202,COMPLETE
184,-2.482607512545763,2025-05-06 20:29:39.423677,2025-05-06 20:29:49.746676,0 days 00:00:10.322999,0.04995940902280415,32,0.30000000000000004,188,160,9.159233453652294e-05,1541,0.0028832246580720927,5,4,adam,"{'neurons_per_layer_encoder': [188, 376, 752, 1504], 'neurons_per_layer_decoder': [1504, 752, 376, 188, 94]}",188,,"[1504, 752, 376, 188, 94]","[188, 376, 752, 1504]",[-2.482607512545763],0.7480194407588886,COMPLETE
185,0.4089297413412878,2025-05-06 20:29:40.443265,2025-05-06 20:30:38.262430,0 days 00:00:57.819165,0.04884056464839854,32,0.30000000000000004,176,200,0.0001366016478502839,1462,0.0030127264669502917,5,4,adam,"{'neurons_per_layer_encoder': [176, 352, 704, 1408], 'neurons_per_layer_decoder': [1408, 704, 352, 176, 88]}",176,,"[1408, 704, 352, 176, 88]","[176, 352, 704, 1408]",[0.4089297413412878],0.15568105579137806,COMPLETE
186,0.49165806913119403,2025-05-06 20:29:44.284958,2025-05-06 20:30:31.315742,0 days 00:00:47.030784,0.04771010474218731,32,0.30000000000000004,184,160,9.33468169140111e-05,1514,0.002936613781206168,5,4,adam,"{'neurons_per_layer_encoder': [184, 368, 736, 1472], 'neurons_per_layer_decoder': [1472, 736, 368, 184, 92]}",184,,"[1472, 736, 368, 184, 92]","[184, 368, 736, 1472]",[0.49165806913119403],0.4707934267663879,COMPLETE
187,0.5609782611200107,2025-05-06 20:29:46.821576,2025-05-06 20:30:42.070352,0 days 00:00:55.248776,0.0491890470610959,32,0.30000000000000004,180,200,0.00013750220087311267,1488,0.002607117265384448,5,4,adam,"{'neurons_per_layer_encoder': [180, 360, 720, 1440], 'neurons_per_layer_decoder': [1440, 720, 360, 180, 90]}",180,,"[1440, 720, 360, 180, 90]","[180, 360, 720, 1440]",[0.5609782611200107],0.5102880735182649,COMPLETE
188,-0.6662776887525488,2025-05-06 20:29:49.763152,2025-05-06 20:30:32.336944,0 days 00:00:42.573792,0.04293657352812801,32,0.30000000000000004,172,200,0.00013490026952443418,1437,0.00509354898836046,5,4,adam,"{'neurons_per_layer_encoder': [172, 344, 688, 1376], 'neurons_per_layer_decoder': [1376, 688, 344, 172, 86]}",172,,"[1376, 688, 344, 172, 86]","[172, 344, 688, 1376]",[-0.6662776887525488],-0.7128651041024013,COMPLETE
189,0.5593741399180522,2025-05-06 20:29:55.512057,2025-05-06 20:30:48.298147,0 days 00:00:52.786090,0.04948374335319638,32,0.30000000000000004,168,200,0.00013447907947875706,1410,0.0024747724428935704,5,4,adam,"{'neurons_per_layer_encoder': [168, 336, 672, 1344], 'neurons_per_layer_decoder': [1344, 672, 336, 168, 84]}",168,,"[1344, 672, 336, 168, 84]","[168, 336, 672, 1344]",[0.5593741399180522],0.44286668752995145,COMPLETE
190,0.5809138677574243,2025-05-06 20:30:31.358515,2025-05-06 20:31:14.860451,0 days 00:00:43.501936,0.05004526029887713,32,0.30000000000000004,184,160,0.0001339991988859367,1508,0.002441916178696644,5,4,adam,"{'neurons_per_layer_encoder': [184, 368, 736, 1472], 'neurons_per_layer_decoder': [1472, 736, 368, 184, 92]}",184,,"[1472, 736, 368, 184, 92]","[184, 368, 736, 1472]",[0.5809138677574243],0.6037802734841234,COMPLETE
191,0.2343021414674934,2025-05-06 20:30:32.347043,2025-05-06 20:31:16.249343,0 days 00:00:43.902300,0.049825356747812244,32,0.30000000000000004,180,160,0.0001375329836143049,1476,0.0033481814475444303,5,4,adam,"{'neurons_per_layer_encoder': [180, 360, 720, 1440], 'neurons_per_layer_decoder': [1440, 720, 360, 180, 90]}",180,,"[1440, 720, 360, 180, 90]","[180, 360, 720, 1440]",[0.2343021414674934],0.15778185486216398,COMPLETE
192,-1.5424057755525613,2025-05-06 20:30:38.273038,2025-05-06 20:30:50.655847,0 days 00:00:12.382809,0.051912564968954224,40,0.30000000000000004,204,160,8.062262413976686e-05,1684,0.002587478651509201,5,4,adam,"{'neurons_per_layer_encoder': [204, 408, 816, 1632], 'neurons_per_layer_decoder': [1632, 816, 408, 204, 102]}",204,,"[1632, 816, 408, 204, 102]","[204, 408, 816, 1632]",[-1.5424057755525613],0.8148126652926344,COMPLETE
193,0.4172407763639421,2025-05-06 20:30:42.082377,2025-05-06 20:31:31.205925,0 days 00:00:49.123548,0.05305650579398168,40,0.30000000000000004,184,200,0.00013157753462212393,1593,0.0024985350499827706,5,4,adam,"{'neurons_per_layer_encoder': [184, 368, 736, 1472], 'neurons_per_layer_decoder': [1472, 736, 368, 184, 92]}",184,,"[1472, 736, 368, 184, 92]","[184, 368, 736, 1472]",[0.4172407763639421],0.23531920752633917,COMPLETE
194,-2.6552704346706397,2025-05-06 20:30:48.309903,2025-05-06 20:30:59.575923,0 days 00:00:11.266020,0.04640138276777069,40,0.30000000000000004,176,200,7.425008236505246e-05,1456,0.002417313851020193,5,4,adam,"{'neurons_per_layer_encoder': [176, 352, 704, 1408], 'neurons_per_layer_decoder': [1408, 704, 352, 176, 88]}",176,,"[1408, 704, 352, 176, 88]","[176, 352, 704, 1408]",[-2.6552704346706397],0.684314832952723,COMPLETE
195,0.19861139902759706,2025-05-06 20:30:50.673105,2025-05-06 20:31:46.180757,0 days 00:00:55.507652,0.046333466522462334,32,0.30000000000000004,180,200,9.827217947142119e-05,1479,0.0022693768306391304,5,4,adam,"{'neurons_per_layer_encoder': [180, 360, 720, 1440], 'neurons_per_layer_decoder': [1440, 720, 360, 180, 90]}",180,,"[1440, 720, 360, 180, 90]","[180, 360, 720, 1440]",[0.19861139902759706],0.19862751102719897,COMPLETE
196,-2.0505348725751973,2025-05-06 20:30:59.590515,2025-05-06 20:31:16.056937,0 days 00:00:16.466422,0.048773929329565625,32,0.30000000000000004,180,200,9.798044428232555e-05,1487,0.0017907177044871173,5,4,adam,"{'neurons_per_layer_encoder': [180, 360, 720, 1440], 'neurons_per_layer_decoder': [1440, 720, 360, 180, 90]}",180,,"[1440, 720, 360, 180, 90]","[180, 360, 720, 1440]",[-2.0505348725751973],0.7877685502211532,COMPLETE
197,-2.7233419377890393,2025-05-06 20:31:14.941891,2025-05-06 20:31:25.888771,0 days 00:00:10.946880,0.05077778054466535,32,0.30000000000000004,180,200,0.00010210744419907499,1574,0.0018372115217538986,5,4,adam,"{'neurons_per_layer_encoder': [180, 360, 720, 1440], 'neurons_per_layer_decoder': [1440, 720, 360, 180, 90]}",180,,"[1440, 720, 360, 180, 90]","[180, 360, 720, 1440]",[-2.7233419377890393],0.7571022114340055,COMPLETE
198,-0.4997451247195206,2025-05-06 20:31:16.068511,2025-05-06 20:32:13.748217,0 days 00:00:57.679706,0.05089594914345917,32,0.30000000000000004,188,200,0.00013452984638089878,1572,0.003300969046454485,5,4,adam,"{'neurons_per_layer_encoder': [188, 376, 752, 1504], 'neurons_per_layer_decoder': [1504, 752, 376, 188, 94]}",188,,"[1504, 752, 376, 188, 94]","[188, 376, 752, 1504]",[-0.4997451247195206],-1.0992938467862936,COMPLETE
199,0.40997829705722466,2025-05-06 20:31:16.264499,2025-05-06 20:32:12.047545,0 days 00:00:55.783046,0.05289418417484399,32,0.30000000000000004,188,200,0.0001309167551755308,1558,0.0021954170990418783,5,4,adam,"{'neurons_per_layer_encoder': [188, 376, 752, 1504], 'neurons_per_layer_decoder': [1504, 752, 376, 188, 94]}",188,,"[1504, 752, 376, 188, 94]","[188, 376, 752, 1504]",[0.40997829705722466],0.4833919220698875,COMPLETE
200,0.3950202752220341,2025-05-06 20:31:25.916411,2025-05-06 20:32:20.782248,0 days 00:00:54.865837,0.043496042756684505,40,0.30000000000000004,192,200,0.0001316636257316062,1585,0.0023367299245387464,5,4,adam,"{'neurons_per_layer_encoder': [192, 384, 768, 1536], 'neurons_per_layer_decoder': [1536, 768, 384, 192, 96]}",192,,"[1536, 768, 384, 192, 96]","[192, 384, 768, 1536]",[0.3950202752220341],0.18185154875312826,COMPLETE
201,-0.4910137363635598,2025-05-06 20:31:31.218736,2025-05-06 20:32:17.551307,0 days 00:00:46.332571,0.043489350734208995,24,0.30000000000000004,188,160,0.00015080501323665933,1536,0.0036256242300543315,5,4,adam,"{'neurons_per_layer_encoder': [188, 376, 752, 1504], 'neurons_per_layer_decoder': [1504, 752, 376, 188, 94]}",188,,"[1504, 752, 376, 188, 94]","[188, 376, 752, 1504]",[-0.4910137363635598],-0.09574279239616683,COMPLETE
202,-1.198082596003239,2025-05-06 20:31:46.230669,2025-05-06 20:32:32.277317,0 days 00:00:46.046648,0.043926960341116275,24,0.30000000000000004,196,160,0.00014951828024716265,1610,0.0036627737438890604,5,4,adam,"{'neurons_per_layer_encoder': [196, 392, 784, 1568], 'neurons_per_layer_decoder': [1568, 784, 392, 196, 98]}",196,,"[1568, 784, 392, 196, 98]","[196, 392, 784, 1568]",[-1.198082596003239],-0.6388432929152957,COMPLETE
203,-0.11102456058030219,2025-05-06 20:32:12.109693,2025-05-06 20:32:53.332546,0 days 00:00:41.222853,0.05862413079106114,24,0.30000000000000004,196,160,6.678462555304112e-05,1617,0.003279888355011135,5,4,adam,"{'neurons_per_layer_encoder': [196, 392, 784, 1568], 'neurons_per_layer_decoder': [1568, 784, 392, 196, 98]}",196,,"[1568, 784, 392, 196, 98]","[196, 392, 784, 1568]",[-0.11102456058030219],0.1799215800115909,COMPLETE
204,0.04904939600438285,2025-05-06 20:32:13.765434,2025-05-06 20:33:03.048740,0 days 00:00:49.283306,0.05831294427341636,24,0.30000000000000004,168,160,0.00015153478138619567,1425,0.001582819138118995,5,4,adam,"{'neurons_per_layer_encoder': [168, 336, 672, 1344], 'neurons_per_layer_decoder': [1344, 672, 336, 168, 84]}",168,,"[1344, 672, 336, 168, 84]","[168, 336, 672, 1344]",[0.04904939600438285],0.3569954092040125,COMPLETE
205,0.574912903145266,2025-05-06 20:32:17.581622,2025-05-06 20:33:00.958785,0 days 00:00:43.377163,0.058129048834884484,32,0.30000000000000004,168,160,0.00011026176102497498,1413,0.004638823697482796,5,4,adam,"{'neurons_per_layer_encoder': [168, 336, 672, 1344], 'neurons_per_layer_decoder': [1344, 672, 336, 168, 84]}",168,,"[1344, 672, 336, 168, 84]","[168, 336, 672, 1344]",[0.574912903145266],0.4793414143930374,COMPLETE
206,-2.441597543248712,2025-05-06 20:32:20.799870,2025-05-06 20:32:36.533082,0 days 00:00:15.733212,0.061016642372727914,32,0.30000000000000004,168,160,0.00010908844606289873,1419,0.0015295921325430009,5,4,adam,"{'neurons_per_layer_encoder': [168, 336, 672, 1344], 'neurons_per_layer_decoder': [1344, 672, 336, 168, 84]}",168,,"[1344, 672, 336, 168, 84]","[168, 336, 672, 1344]",[-2.441597543248712],0.7587692132159481,COMPLETE
207,0.47673556679900386,2025-05-06 20:32:32.299640,2025-05-06 20:33:13.960452,0 days 00:00:41.660812,0.0608827808859547,32,0.30000000000000004,172,160,6.07712839045371e-05,1411,0.004636650194764877,5,4,adam,"{'neurons_per_layer_encoder': [172, 344, 688, 1376], 'neurons_per_layer_decoder': [1376, 688, 344, 172, 86]}",172,,"[1376, 688, 344, 172, 86]","[172, 344, 688, 1376]",[0.47673556679900386],0.4159947325000838,COMPLETE
208,0.4080164523559052,2025-05-06 20:32:36.544033,2025-05-06 20:33:15.417010,0 days 00:00:38.872977,0.17462862608050378,40,0.30000000000000004,168,160,0.0001933383990722464,1399,0.003099218549519863,5,4,adam,"{'neurons_per_layer_encoder': [168, 336, 672, 1344], 'neurons_per_layer_decoder': [1344, 672, 336, 168, 84]}",168,,"[1344, 672, 336, 168, 84]","[168, 336, 672, 1344]",[0.4080164523559052],0.31540300137522453,COMPLETE
