number,value,datetime_start,datetime_complete,duration,params_alpha,params_batch_size,params_drop_out_rate,params_encoder_neurons_layer_1,params_epochs,params_lambda,params_latent_dim,params_learning_rate,params_num_layers_decoder,params_num_layers_encoder,params_optimizer,user_attrs_encoder_decoder_config,user_attrs_first_layer_neurons,user_attrs_model_summary,user_attrs_neurons_per_layer_decoder,user_attrs_neurons_per_layer_encoder,user_attrs_r2_feature_1,user_attrs_relative_deterioration,state
209,0.5127834712960001,2025-05-06 20:32:53.374349,2025-05-06 20:33:37.799337,0 days 00:00:44.424988,0.0659112059336111,32,0.30000000000000004,168,200,0.00020215326656277543,1399,0.004393004220130391,5,4,adam,"{'neurons_per_layer_encoder': [168, 336, 672, 1344], 'neurons_per_layer_decoder': [1344, 672, 336, 168, 84]}",168,,"[1344, 672, 336, 168, 84]","[168, 336, 672, 1344]",[0.5127834712960001],0.4964492447338786,COMPLETE
210,0.4646465812106705,2025-05-06 20:33:00.976518,2025-05-06 20:33:39.736537,0 days 00:00:38.760019,0.060988621147837783,40,0.30000000000000004,168,160,8.46417545757005e-05,1411,0.004589837539897428,5,4,adam,"{'neurons_per_layer_encoder': [168, 336, 672, 1344], 'neurons_per_layer_decoder': [1344, 672, 336, 168, 84]}",168,,"[1344, 672, 336, 168, 84]","[168, 336, 672, 1344]",[0.4646465812106705],0.36635246094031876,COMPLETE
211,0.5069259102331618,2025-05-06 20:33:03.061564,2025-05-06 20:33:39.528565,0 days 00:00:36.467001,0.0675457000416356,40,0.30000000000000004,160,160,0.00011568174757829828,1396,0.0048058034979553115,5,4,adam,"{'neurons_per_layer_encoder': [160, 320, 640, 1280], 'neurons_per_layer_decoder': [1280, 640, 320, 160, 80]}",160,,"[1280, 640, 320, 160, 80]","[160, 320, 640, 1280]",[0.5069259102331618],0.3675411976803194,COMPLETE
212,0.4967117352906387,2025-05-06 20:33:13.971406,2025-05-06 20:33:49.998927,0 days 00:00:36.027521,0.0668091181124469,32,0.30000000000000004,176,160,9.331481219232538e-05,1452,0.005651317877977591,5,4,adam,"{'neurons_per_layer_encoder': [176, 352, 704, 1408], 'neurons_per_layer_decoder': [1408, 704, 352, 176, 88]}",176,,"[1408, 704, 352, 176, 88]","[176, 352, 704, 1408]",[0.4967117352906387],0.4746395524639698,COMPLETE
213,0.49116775201686014,2025-05-06 20:33:15.432959,2025-05-06 20:33:55.181066,0 days 00:00:39.748107,0.06730828228534712,32,0.30000000000000004,176,160,5.38740448797956e-05,1512,0.0048969629172927855,5,4,adam,"{'neurons_per_layer_encoder': [176, 352, 704, 1408], 'neurons_per_layer_decoder': [1408, 704, 352, 176, 88]}",176,,"[1408, 704, 352, 176, 88]","[176, 352, 704, 1408]",[0.49116775201686014],0.3717895900371447,COMPLETE
214,0.39325176109290727,2025-05-06 20:33:37.812931,2025-05-06 20:34:15.671341,0 days 00:00:37.858410,0.06740144930379402,32,0.30000000000000004,172,160,8.176839358267574e-05,1417,0.004724234466799786,5,4,adam,"{'neurons_per_layer_encoder': [172, 344, 688, 1376], 'neurons_per_layer_decoder': [1376, 688, 344, 172, 86]}",172,,"[1376, 688, 344, 172, 86]","[172, 344, 688, 1376]",[0.39325176109290727],0.25120628673211615,COMPLETE
215,-2.143454161378434,2025-05-06 20:33:39.543708,2025-05-06 20:33:49.372352,0 days 00:00:09.828644,0.062486090581185864,40,0.30000000000000004,172,160,5.804628134793545e-05,1414,0.0047404361483232346,5,4,adam,"{'neurons_per_layer_encoder': [172, 344, 688, 1376], 'neurons_per_layer_decoder': [1376, 688, 344, 172, 86]}",172,,"[1376, 688, 344, 172, 86]","[172, 344, 688, 1376]",[-2.143454161378434],0.7020984638883787,COMPLETE
216,-3.158768002953013,2025-05-06 20:33:39.748569,2025-05-06 20:33:49.647991,0 days 00:00:09.899422,0.06664748739725052,32,0.30000000000000004,172,160,5.530418338908468e-05,1506,0.004983244339282512,5,4,adam,"{'neurons_per_layer_encoder': [172, 344, 688, 1376], 'neurons_per_layer_decoder': [1376, 688, 344, 172, 86]}",172,,"[1376, 688, 344, 172, 86]","[172, 344, 688, 1376]",[-3.158768002953013],0.5713831265864999,COMPLETE
217,0.6374279432330523,2025-05-06 20:33:49.382586,2025-05-06 20:34:25.641623,0 days 00:00:36.259037,0.0692284214716066,32,0.30000000000000004,160,160,0.00010851063844732738,1336,0.005517162714892062,5,4,adam,"{'neurons_per_layer_encoder': [160, 320, 640, 1280], 'neurons_per_layer_decoder': [1280, 640, 320, 160, 80]}",160,,"[1280, 640, 320, 160, 80]","[160, 320, 640, 1280]",[0.6374279432330523],0.5730269649128501,COMPLETE
218,0.21768887011723592,2025-05-06 20:33:49.661475,2025-05-06 20:34:17.476646,0 days 00:00:27.815171,0.06634522659629737,32,0.30000000000000004,160,160,0.00010240635642552493,1327,0.006123221819987858,5,4,adam,"{'neurons_per_layer_encoder': [160, 320, 640, 1280], 'neurons_per_layer_decoder': [1280, 640, 320, 160, 80]}",160,,"[1280, 640, 320, 160, 80]","[160, 320, 640, 1280]",[0.21768887011723592],0.2762638134633005,COMPLETE
219,0.432176276050938,2025-05-06 20:33:50.012595,2025-05-06 20:34:19.563932,0 days 00:00:29.551337,0.06504389361603387,32,0.30000000000000004,156,160,8.914633117456812e-05,1319,0.005684923796482055,5,4,adam,"{'neurons_per_layer_encoder': [156, 312, 624, 1248], 'neurons_per_layer_decoder': [1248, 624, 312, 156, 78]}",156,,"[1248, 624, 312, 156, 78]","[156, 312, 624, 1248]",[0.432176276050938],0.45928642681813026,COMPLETE
220,0.5742533214688128,2025-05-06 20:33:55.197089,2025-05-06 20:34:28.320038,0 days 00:00:33.122949,0.06534411777069463,32,0.30000000000000004,156,160,5.036992547053051e-05,1386,0.005734760904021458,5,4,adam,"{'neurons_per_layer_encoder': [156, 312, 624, 1248], 'neurons_per_layer_decoder': [1248, 624, 312, 156, 78]}",156,,"[1248, 624, 312, 156, 78]","[156, 312, 624, 1248]",[0.5742533214688128],0.55223462560581,COMPLETE
221,-1.2591431892213545,2025-05-06 20:34:15.717032,2025-05-06 20:34:24.738694,0 days 00:00:09.021662,0.06523559120935168,32,0.30000000000000004,160,160,4.998392649483618e-05,1389,0.005686192546711048,5,4,adam,"{'neurons_per_layer_encoder': [160, 320, 640, 1280], 'neurons_per_layer_decoder': [1280, 640, 320, 160, 80]}",160,,"[1280, 640, 320, 160, 80]","[160, 320, 640, 1280]",[-1.2591431892213545],0.7351517582357906,COMPLETE
222,0.4082362163315403,2025-05-06 20:34:17.490356,2025-05-06 20:34:56.958302,0 days 00:00:39.467946,0.055357280145964714,32,0.30000000000000004,176,160,4.401343642503686e-05,1456,0.005737553628591334,5,4,adam,"{'neurons_per_layer_encoder': [176, 352, 704, 1408], 'neurons_per_layer_decoder': [1408, 704, 352, 176, 88]}",176,,"[1408, 704, 352, 176, 88]","[176, 352, 704, 1408]",[0.4082362163315403],0.23402112602759492,COMPLETE
223,0.6116188715831636,2025-05-06 20:34:19.576419,2025-05-06 20:35:00.164821,0 days 00:00:40.588402,0.05690943401290134,32,0.30000000000000004,176,160,3.6447531408481386e-05,1453,0.004101226510513374,5,4,adam,"{'neurons_per_layer_encoder': [176, 352, 704, 1408], 'neurons_per_layer_decoder': [1408, 704, 352, 176, 88]}",176,,"[1408, 704, 352, 176, 88]","[176, 352, 704, 1408]",[0.6116188715831636],0.5157935755597525,COMPLETE
224,-1.671330042393628,2025-05-06 20:34:24.750228,2025-05-06 20:34:36.288353,0 days 00:00:11.538125,0.05577816120218558,32,0.30000000000000004,176,160,3.388817356070808e-05,1453,0.003938222849780187,5,4,adam,"{'neurons_per_layer_encoder': [176, 352, 704, 1408], 'neurons_per_layer_decoder': [1408, 704, 352, 176, 88]}",176,,"[1408, 704, 352, 176, 88]","[176, 352, 704, 1408]",[-1.671330042393628],0.592837727444757,COMPLETE
225,0.5615534107601315,2025-05-06 20:34:25.655577,2025-05-06 20:35:06.636917,0 days 00:00:40.981340,0.057459111342123864,32,0.30000000000000004,176,160,0.00011426578627126564,1450,0.003875309431686376,5,4,adam,"{'neurons_per_layer_encoder': [176, 352, 704, 1408], 'neurons_per_layer_decoder': [1408, 704, 352, 176, 88]}",176,,"[1408, 704, 352, 176, 88]","[176, 352, 704, 1408]",[0.5615534107601315],0.5551807124740514,COMPLETE
226,0.4853838386362649,2025-05-06 20:34:28.334392,2025-05-06 20:35:07.648809,0 days 00:00:39.314417,0.05568943522231168,32,0.30000000000000004,164,160,0.00011958778207259349,1355,0.003857749350159759,5,4,adam,"{'neurons_per_layer_encoder': [164, 328, 656, 1312], 'neurons_per_layer_decoder': [1312, 656, 328, 164, 82]}",164,,"[1312, 656, 328, 164, 82]","[164, 328, 656, 1312]",[0.4853838386362649],0.3861701422320656,COMPLETE
227,-1.7331388598909552,2025-05-06 20:34:36.301484,2025-05-06 20:34:50.657620,0 days 00:00:14.356136,0.055353350173687026,32,0.30000000000000004,152,160,3.911555737831069e-05,1271,0.002879137436068336,5,4,adam,"{'neurons_per_layer_encoder': [152, 304, 608, 1216], 'neurons_per_layer_decoder': [1216, 608, 304, 152, 76]}",152,,"[1216, 608, 304, 152, 76]","[152, 304, 608, 1216]",[-1.7331388598909552],0.553560460154779,COMPLETE
228,0.5138783705368857,2025-05-06 20:34:50.717854,2025-05-06 20:35:29.722256,0 days 00:00:39.004402,0.06910394830437956,32,0.30000000000000004,164,160,0.00011412548319041206,1358,0.004016469667889788,5,4,adam,"{'neurons_per_layer_encoder': [164, 328, 656, 1312], 'neurons_per_layer_decoder': [1312, 656, 328, 164, 82]}",164,,"[1312, 656, 328, 164, 82]","[164, 328, 656, 1312]",[0.5138783705368857],0.42567942459832175,COMPLETE
229,0.5621042945758901,2025-05-06 20:34:56.978471,2025-05-06 20:35:34.863524,0 days 00:00:37.885053,0.06727155007082858,32,0.30000000000000004,164,160,0.00011348869225245596,1357,0.004124559519714947,5,4,adam,"{'neurons_per_layer_encoder': [164, 328, 656, 1312], 'neurons_per_layer_decoder': [1312, 656, 328, 164, 82]}",164,,"[1312, 656, 328, 164, 82]","[164, 328, 656, 1312]",[0.5621042945758901],0.49118957548174225,COMPLETE
230,0.47202402922467757,2025-05-06 20:35:00.194741,2025-05-06 20:35:39.299417,0 days 00:00:39.104676,0.06313107946678972,32,0.30000000000000004,164,160,3.657307254898784e-05,1378,0.003948418238610485,5,4,adam,"{'neurons_per_layer_encoder': [164, 328, 656, 1312], 'neurons_per_layer_decoder': [1312, 656, 328, 164, 82]}",164,,"[1312, 656, 328, 164, 82]","[164, 328, 656, 1312]",[0.47202402922467757],0.4377264364691449,COMPLETE
231,0.42119529899390573,2025-05-06 20:35:06.648954,2025-05-06 20:35:41.026336,0 days 00:00:34.377382,0.05795877091795374,32,0.30000000000000004,164,160,0.00011597400693730008,1373,0.003795983857229386,5,4,adam,"{'neurons_per_layer_encoder': [164, 328, 656, 1312], 'neurons_per_layer_decoder': [1312, 656, 328, 164, 82]}",164,,"[1312, 656, 328, 164, 82]","[164, 328, 656, 1312]",[0.42119529899390573],0.3467009532297597,COMPLETE
232,-2.7522705140039156,2025-05-06 20:35:07.662792,2025-05-06 20:35:17.719928,0 days 00:00:10.057136,0.047558465345496605,56,0.30000000000000004,184,160,3.639491033320068e-05,1508,0.004283156422946401,5,4,adam,"{'neurons_per_layer_encoder': [184, 368, 736, 1472], 'neurons_per_layer_decoder': [1472, 736, 368, 184, 92]}",184,,"[1472, 736, 368, 184, 92]","[184, 368, 736, 1472]",[-2.7522705140039156],0.5140344210213948,COMPLETE
233,-2.574216757215219,2025-05-06 20:35:17.728891,2025-05-06 20:35:30.559803,0 days 00:00:12.830912,0.061949338000767074,32,0.30000000000000004,144,160,2.821668319431426e-05,1383,0.0036061102303702177,5,4,adam,"{'neurons_per_layer_encoder': [144, 288, 576, 1152], 'neurons_per_layer_decoder': [1152, 576, 288, 144, 72]}",144,,"[1152, 576, 288, 144, 72]","[144, 288, 576, 1152]",[-2.574216757215219],0.25554504761215685,COMPLETE
234,-2.564373734060169,2025-05-06 20:35:30.576664,2025-05-06 20:35:38.021780,0 days 00:00:07.445116,0.058601002022689565,32,0.30000000000000004,152,160,0.00011154352518066164,1288,0.002862873830695992,5,4,adam,"{'neurons_per_layer_encoder': [152, 304, 608, 1216], 'neurons_per_layer_decoder': [1216, 608, 304, 152, 76]}",152,,"[1216, 608, 304, 152, 76]","[152, 304, 608, 1216]",[-2.564373734060169],0.7343730899471167,COMPLETE
235,-2.3727998409746363,2025-05-06 20:35:34.876852,2025-05-06 20:35:42.522570,0 days 00:00:07.645718,0.06969534194285272,32,0.30000000000000004,152,160,0.00011106755490785309,1281,0.0007082359594727915,5,4,adam,"{'neurons_per_layer_encoder': [152, 304, 608, 1216], 'neurons_per_layer_decoder': [1216, 608, 304, 152, 76]}",152,,"[1216, 608, 304, 152, 76]","[152, 304, 608, 1216]",[-2.3727998409746363],0.7712112967298195,COMPLETE
236,0.4130887106603721,2025-05-06 20:35:38.032686,2025-05-06 20:35:59.082722,0 days 00:00:21.050036,0.07038572432571095,32,0.30000000000000004,160,160,0.00011592093538469855,1356,0.00419713028256244,5,4,adam,"{'neurons_per_layer_encoder': [160, 320, 640, 1280], 'neurons_per_layer_decoder': [1280, 640, 320, 160, 80]}",160,,"[1280, 640, 320, 160, 80]","[160, 320, 640, 1280]",[0.4130887106603721],0.37582178309808006,COMPLETE
237,-0.5450879836000306,2025-05-06 20:35:41.033704,2025-05-06 20:35:46.795849,0 days 00:00:05.762145,0.0711074630216504,32,0.30000000000000004,156,160,2.4897715096464362e-05,1347,0.005253284742340018,5,4,adam,"{'neurons_per_layer_encoder': [156, 312, 624, 1248], 'neurons_per_layer_decoder': [1248, 624, 312, 156, 78]}",156,,"[1248, 624, 312, 156, 78]","[156, 312, 624, 1248]",[-0.5450879836000306],0.7172132196945162,COMPLETE
238,0.4727705890358396,2025-05-06 20:35:42.530397,2025-05-06 20:36:08.761273,0 days 00:00:26.230876,0.07012128099234181,32,0.30000000000000004,160,160,2.5484205259508147e-05,2222,0.005244071136806532,5,4,adam,"{'neurons_per_layer_encoder': [160, 320, 640, 1280], 'neurons_per_layer_decoder': [1280, 640, 320, 160, 80]}",160,,"[1280, 640, 320, 160, 80]","[160, 320, 640, 1280]",[0.4727705890358396],0.2991082352955106,COMPLETE
239,0.6442312873480522,2025-05-06 20:35:59.092806,2025-05-06 20:36:21.184130,0 days 00:00:22.091324,0.06346900413886103,32,0.30000000000000004,168,140,0.0001275789647136639,2141,0.0033475353421958663,5,4,adam,"{'neurons_per_layer_encoder': [168, 336, 672, 1344], 'neurons_per_layer_decoder': [1344, 672, 336, 168, 84]}",168,,"[1344, 672, 336, 168, 84]","[168, 336, 672, 1344]",[0.6442312873480522],0.6387478759765349,COMPLETE
240,-0.9467802431394554,2025-05-06 20:36:08.772578,2025-05-06 20:36:33.097820,0 days 00:00:24.325242,0.05235748472019627,24,0.30000000000000004,168,160,0.00012970523372009144,1388,0.004559085144183807,5,4,adam,"{'neurons_per_layer_encoder': [168, 336, 672, 1344], 'neurons_per_layer_decoder': [1344, 672, 336, 168, 84]}",168,,"[1344, 672, 336, 168, 84]","[168, 336, 672, 1344]",[-0.9467802431394554],-0.6234973668968249,COMPLETE
241,0.22731511332203047,2025-05-06 20:36:21.190248,2025-05-06 20:36:42.331185,0 days 00:00:21.140937,0.052108658861748494,24,0.30000000000000004,168,140,0.00010403648533846842,2208,0.00324903026490631,5,4,adam,"{'neurons_per_layer_encoder': [168, 336, 672, 1344], 'neurons_per_layer_decoder': [1344, 672, 336, 168, 84]}",168,,"[1344, 672, 336, 168, 84]","[168, 336, 672, 1344]",[0.22731511332203047],0.4155420661818115,COMPLETE
242,-0.609776557278332,2025-05-06 20:36:33.110052,2025-05-06 20:36:42.649683,0 days 00:00:09.539631,0.06365562607742864,32,0.30000000000000004,168,140,0.00012583916144795,2165,0.0002611997871509024,5,4,adam,"{'neurons_per_layer_encoder': [168, 336, 672, 1344], 'neurons_per_layer_decoder': [1344, 672, 336, 168, 84]}",168,,"[1344, 672, 336, 168, 84]","[168, 336, 672, 1344]",[-0.609776557278332],0.9156291383132265,COMPLETE
243,0.47930860513392004,2025-05-06 20:36:42.340500,2025-05-06 20:37:01.910347,0 days 00:00:19.569847,0.06418725765382696,32,0.30000000000000004,216,140,0.00012454178916395766,1748,0.004379230459717831,5,4,adam,"{'neurons_per_layer_encoder': [216, 432, 864, 1728], 'neurons_per_layer_decoder': [1728, 864, 432, 216, 108]}",216,,"[1728, 864, 432, 216, 108]","[216, 432, 864, 1728]",[0.47930860513392004],0.5329885408859755,COMPLETE
244,0.4074369622185249,2025-05-06 20:37:01.918113,2025-05-06 20:37:17.306248,0 days 00:00:15.388135,0.06030529752098158,32,0.30000000000000004,156,160,0.00015690927574657336,1304,0.0032129848593436573,5,4,adam,"{'neurons_per_layer_encoder': [156, 312, 624, 1248], 'neurons_per_layer_decoder': [1248, 624, 312, 156, 78]}",156,,"[1248, 624, 312, 156, 78]","[156, 312, 624, 1248]",[0.4074369622185249],0.39259842687992186,COMPLETE
245,-2.312022896927192,2025-05-06 20:37:17.312379,2025-05-06 20:37:20.984194,0 days 00:00:03.671815,0.06676067670505059,32,0.30000000000000004,144,120,9.68008611129045e-05,1440,0.002651364016393347,5,4,adam,"{'neurons_per_layer_encoder': [144, 288, 576, 1152], 'neurons_per_layer_decoder': [1152, 576, 288, 144, 72]}",144,,"[1152, 576, 288, 144, 72]","[144, 288, 576, 1152]",[-2.312022896927192],0.7185403213989259,COMPLETE
246,0.25232997634890975,2025-05-06 20:37:20.989850,2025-05-06 20:37:38.517701,0 days 00:00:17.527851,0.05764448141660577,32,0.30000000000000004,164,160,0.00010274542297225713,1353,0.0035370179275991914,5,4,adam,"{'neurons_per_layer_encoder': [164, 328, 656, 1312], 'neurons_per_layer_decoder': [1312, 656, 328, 164, 82]}",164,,"[1312, 656, 328, 164, 82]","[164, 328, 656, 1312]",[0.25232997634890975],0.06372070934450676,COMPLETE
247,0.222988779252012,2025-05-06 20:37:38.523344,2025-05-06 20:37:56.948129,0 days 00:00:18.424785,0.05995682539625628,32,0.30000000000000004,176,160,0.00015756975913609034,1444,0.005865109943917138,5,4,adam,"{'neurons_per_layer_encoder': [176, 352, 704, 1408], 'neurons_per_layer_decoder': [1408, 704, 352, 176, 88]}",176,,"[1408, 704, 352, 176, 88]","[176, 352, 704, 1408]",[0.222988779252012],0.3225859970161158,COMPLETE
248,0.5191535479432157,2025-05-06 20:37:56.953724,2025-05-06 20:38:15.096256,0 days 00:00:18.142532,0.06469803813795884,32,0.30000000000000004,180,160,0.00013154761732306547,1482,0.004286844588851822,5,4,adam,"{'neurons_per_layer_encoder': [180, 360, 720, 1440], 'neurons_per_layer_decoder': [1440, 720, 360, 180, 90]}",180,,"[1440, 720, 360, 180, 90]","[180, 360, 720, 1440]",[0.5191535479432157],0.459562758000346,COMPLETE
249,0.41041235789795993,2025-05-06 20:38:15.102266,2025-05-06 20:38:31.177615,0 days 00:00:16.075349,0.06731602078925378,40,0.30000000000000004,180,160,7.371974767773532e-05,1480,0.004423331505716549,5,4,adam,"{'neurons_per_layer_encoder': [180, 360, 720, 1440], 'neurons_per_layer_decoder': [1440, 720, 360, 180, 90]}",180,,"[1440, 720, 360, 180, 90]","[180, 360, 720, 1440]",[0.41041235789795993],0.23909064158659302,COMPLETE
250,-2.727802948499524,2025-05-07 00:25:50.021070,2025-05-07 00:25:57.436294,0 days 00:00:07.415224,0.05375474467988796,64,0.30000000000000004,160,160,0.00012784724448938886,1336,0.0009666104672764232,5,4,adam,"{'neurons_per_layer_encoder': [160, 320, 640, 1280], 'neurons_per_layer_decoder': [1280, 640, 320, 160, 80]}",160,,"[1280, 640, 320, 160, 80]","[160, 320, 640, 1280]",[-2.727802948499524],0.7850522136590353,COMPLETE
251,0.14399614193768828,2025-05-07 00:25:50.022494,2025-05-07 00:26:31.969554,0 days 00:00:41.947060,0.05386461326940396,24,0.30000000000000004,160,160,0.00012161045074632741,1329,0.0033400556560771915,5,4,adam,"{'neurons_per_layer_encoder': [160, 320, 640, 1280], 'neurons_per_layer_decoder': [1280, 640, 320, 160, 80]}",160,,"[1280, 640, 320, 160, 80]","[160, 320, 640, 1280]",[0.14399614193768828],0.11546214020760869,COMPLETE
252,-2.48582054833347,2025-05-07 00:25:50.021639,2025-05-07 00:25:57.741389,0 days 00:00:07.719750,0.05466358333515808,24,0.30000000000000004,160,160,1.7857127937347831e-06,1327,0.003777832976216697,5,4,adam,"{'neurons_per_layer_encoder': [160, 320, 640, 1280], 'neurons_per_layer_decoder': [1280, 640, 320, 160, 80]}",160,,"[1280, 640, 320, 160, 80]","[160, 320, 640, 1280]",[-2.48582054833347],-2.5361635061112375,COMPLETE
253,-3.4602168162559845,2025-05-07 00:25:50.021428,2025-05-07 00:25:58.395524,0 days 00:00:08.374096,0.05359060707046302,24,0.30000000000000004,160,160,0.00012008498144450758,1323,0.0009518681422596798,5,4,adam,"{'neurons_per_layer_encoder': [160, 320, 640, 1280], 'neurons_per_layer_decoder': [1280, 640, 320, 160, 80]}",160,,"[1280, 640, 320, 160, 80]","[160, 320, 640, 1280]",[-3.4602168162559845],0.7149868117249011,COMPLETE
254,-1.9688586514323578,2025-05-07 00:25:50.021773,2025-05-07 00:25:56.986569,0 days 00:00:06.964796,0.05367530149751466,64,0.30000000000000004,160,160,0.0001227796893064183,1332,0.003665843382186036,5,4,adam,"{'neurons_per_layer_encoder': [160, 320, 640, 1280], 'neurons_per_layer_decoder': [1280, 640, 320, 160, 80]}",160,,"[1280, 640, 320, 160, 80]","[160, 320, 640, 1280]",[-1.9688586514323578],0.827829193821698,COMPLETE
255,-0.46828954927176447,2025-05-07 00:25:57.006149,2025-05-07 00:26:32.620077,0 days 00:00:35.613928,0.0734207116169012,24,0.30000000000000004,172,160,8.967807304765701e-05,1414,0.004372438074215677,5,4,adam,"{'neurons_per_layer_encoder': [172, 344, 688, 1376], 'neurons_per_layer_decoder': [1376, 688, 344, 172, 86]}",172,,"[1376, 688, 344, 172, 86]","[172, 344, 688, 1376]",[-0.46828954927176447],-0.13503653034973537,COMPLETE
256,-1.8397610283761288,2025-05-07 00:25:57.450062,2025-05-07 00:26:31.801449,0 days 00:00:34.351387,0.07374282248361161,24,0.30000000000000004,180,160,8.706364579632713e-05,1473,0.0041436153064508124,5,4,adam,"{'neurons_per_layer_encoder': [180, 360, 720, 1440], 'neurons_per_layer_decoder': [1440, 720, 360, 180, 90]}",180,,"[1440, 720, 360, 180, 90]","[180, 360, 720, 1440]",[-1.8397610283761288],-1.3829143356754483,COMPLETE
257,0.36681521678494966,2025-05-07 00:25:57.752888,2025-05-07 00:26:32.967405,0 days 00:00:35.214517,0.07272554862974778,32,0.30000000000000004,184,160,9.404002163887045e-05,1504,0.004746081609235268,5,4,adam,"{'neurons_per_layer_encoder': [184, 368, 736, 1472], 'neurons_per_layer_decoder': [1472, 736, 368, 184, 92]}",184,,"[1472, 736, 368, 184, 92]","[184, 368, 736, 1472]",[0.36681521678494966],0.36776347015930233,COMPLETE
258,0.2627129661539379,2025-05-07 00:25:58.407538,2025-05-07 00:26:37.165074,0 days 00:00:38.757536,0.06425820710710681,32,0.30000000000000004,148,160,9.249460927228697e-05,1254,0.004737157017645328,5,4,adam,"{'neurons_per_layer_encoder': [148, 296, 592, 1184], 'neurons_per_layer_decoder': [1184, 592, 296, 148, 74]}",148,,"[1184, 592, 296, 148, 74]","[148, 296, 592, 1184]",[0.2627129661539379],0.07522989840356659,COMPLETE
