number,value,datetime_start,datetime_complete,duration,params_alpha,params_batch_size,params_drop_out_rate,params_encoder_neurons_layer_1,params_epochs,params_lambda,params_latent_dim,params_learning_rate,params_num_layers_decoder,params_num_layers_encoder,params_optimizer,user_attrs_encoder_decoder_config,user_attrs_first_layer_neurons,user_attrs_model_summary,user_attrs_neurons_per_layer_decoder,user_attrs_neurons_per_layer_encoder,user_attrs_r2_feature_1,user_attrs_relative_deterioration,state
107,-0.29315595801220207,2025-05-06 20:24:22.377080,2025-05-06 20:24:40.129357,0 days 00:00:17.752277,0.09273277373106535,40,0.4,68,180,0.0005178684642997251,582,5.564925753562251e-05,5,4,adam,"{'neurons_per_layer_encoder': [68, 136, 272, 544], 'neurons_per_layer_decoder': [544, 272, 136, 68, 34]}",68,,"[544, 272, 136, 68, 34]","[68, 136, 272, 544]",[-0.29315595801220207],0.9558451130774382,COMPLETE
108,-0.9678785681022588,2025-05-06 20:24:23.308936,2025-05-06 20:24:27.884305,0 days 00:00:04.575369,0.14827452413080067,40,0.4,36,180,0.00047872186543097925,506,1.864726907781322e-05,5,4,adam,"{'neurons_per_layer_encoder': [36, 72, 144, 288], 'neurons_per_layer_decoder': [288, 144, 72, 36, 18]}",36,,"[288, 144, 72, 36, 18]","[36, 72, 144, 288]",[-0.9678785681022588],0.8962344696992968,COMPLETE
109,-0.7250973615858989,2025-05-06 20:24:27.892703,2025-05-06 20:24:32.952952,0 days 00:00:05.060249,0.17486460743874055,16,0.4,16,200,0.0005816779361057651,217,5.2057857306459635e-05,5,4,adam,"{'neurons_per_layer_encoder': [16, 32, 64, 128], 'neurons_per_layer_decoder': [128, 64, 32, 16, 8]}",16,,"[128, 64, 32, 16, 8]","[16, 32, 64, 128]",[-0.7250973615858989],0.8355104808220655,COMPLETE
110,0.25218592503947024,2025-05-06 20:24:30.167368,2025-05-06 20:24:58.686426,0 days 00:00:28.519058,0.18522265450213005,16,0.4,64,200,0.0005408927039149824,575,0.0001502536624266503,5,4,adam,"{'neurons_per_layer_encoder': [64, 128, 256, 512], 'neurons_per_layer_decoder': [512, 256, 128, 64, 32]}",64,,"[512, 256, 128, 64, 32]","[64, 128, 256, 512]",[0.25218592503947024],0.9653979201996276,COMPLETE
111,-0.17092524095187933,2025-05-06 20:24:31.201343,2025-05-06 20:24:40.562457,0 days 00:00:09.361114,0.17324931234459812,40,0.4,16,200,0.0001932934027492185,213,2.8925802393102318e-05,5,4,adam,"{'neurons_per_layer_encoder': [16, 32, 64, 128], 'neurons_per_layer_decoder': [128, 64, 32, 16, 8]}",16,,"[128, 64, 32, 16, 8]","[16, 32, 64, 128]",[-0.17092524095187933],0.7440887224174587,COMPLETE
112,0.16346632566577834,2025-05-06 20:24:32.960795,2025-05-06 20:24:44.907246,0 days 00:00:11.946451,0.14271921153714903,24,0.4,64,140,0.0001951696421904154,721,7.980183502879544e-05,5,4,adam,"{'neurons_per_layer_encoder': [64, 128, 256, 512], 'neurons_per_layer_decoder': [512, 256, 128, 64, 32]}",64,,"[512, 256, 128, 64, 32]","[64, 128, 256, 512]",[0.16346632566577834],0.9335265602972447,COMPLETE
113,-0.5293518208174295,2025-05-06 20:24:39.572227,2025-05-06 20:24:50.099184,0 days 00:00:10.526957,0.1436587916673535,24,0.4,64,180,0.0001968481781810965,717,0.00017326201043914725,5,4,adam,"{'neurons_per_layer_encoder': [64, 128, 256, 512], 'neurons_per_layer_decoder': [512, 256, 128, 64, 32]}",64,,"[512, 256, 128, 64, 32]","[64, 128, 256, 512]",[-0.5293518208174295],0.8702673894286511,COMPLETE
114,-2.0893001909057514,2025-05-06 20:24:40.139200,2025-05-06 20:24:45.112764,0 days 00:00:04.973564,0.18932883668460565,24,0.4,64,180,0.00019151423299088057,730,2.7943725144971583e-05,5,4,adam,"{'neurons_per_layer_encoder': [64, 128, 256, 512], 'neurons_per_layer_decoder': [512, 256, 128, 64, 32]}",64,,"[512, 256, 128, 64, 32]","[64, 128, 256, 512]",[-2.0893001909057514],0.8253805312953596,COMPLETE
115,-0.43432490067627705,2025-05-06 20:24:40.571668,2025-05-06 20:24:50.412637,0 days 00:00:09.840969,0.19062481605037548,24,0.4,64,180,0.0004184193644399659,734,0.00016475446642338811,5,4,adam,"{'neurons_per_layer_encoder': [64, 128, 256, 512], 'neurons_per_layer_decoder': [512, 256, 128, 64, 32]}",64,,"[512, 256, 128, 64, 32]","[64, 128, 256, 512]",[-0.43432490067627705],0.9390000460817436,COMPLETE
116,-0.7772809434199099,2025-05-06 20:24:44.916005,2025-05-06 20:24:49.878708,0 days 00:00:04.962703,0.13252849800932504,128,0.4,96,180,0.0002418924473708714,802,2.3215222296711675e-05,5,4,adam,"{'neurons_per_layer_encoder': [96, 192, 384, 768], 'neurons_per_layer_decoder': [768, 384, 192, 96, 48]}",96,,"[768, 384, 192, 96, 48]","[96, 192, 384, 768]",[-0.7772809434199099],0.9206036451481351,COMPLETE
117,-0.868824823688163,2025-05-06 20:24:45.122140,2025-05-06 20:24:49.801180,0 days 00:00:04.679040,0.1527838480948205,128,0.4,96,200,0.00024744409949057033,796,2.3124728657491008e-05,5,4,adam,"{'neurons_per_layer_encoder': [96, 192, 384, 768], 'neurons_per_layer_decoder': [768, 384, 192, 96, 48]}",96,,"[768, 384, 192, 96, 48]","[96, 192, 384, 768]",[-0.868824823688163],0.9191532832921498,COMPLETE
118,0.20390598016498918,2025-05-06 20:24:49.810089,2025-05-06 20:25:16.734673,0 days 00:00:26.924584,0.19989507270696294,32,0.4,128,160,0.00039044044066807254,1049,4.631745306860054e-05,5,4,adam,"{'neurons_per_layer_encoder': [128, 256, 512, 1024], 'neurons_per_layer_decoder': [1024, 512, 256, 128, 64]}",128,,"[1024, 512, 256, 128, 64]","[128, 256, 512, 1024]",[0.20390598016498918],0.9803599524090596,COMPLETE
119,-1.3849582963088776,2025-05-06 20:24:49.887231,2025-05-06 20:24:55.251228,0 days 00:00:05.363997,0.010044638211982166,32,0.4,128,160,0.0004087287456459816,1052,1.7940212777897485e-05,5,4,adam,"{'neurons_per_layer_encoder': [128, 256, 512, 1024], 'neurons_per_layer_decoder': [1024, 512, 256, 128, 64]}",128,,"[1024, 512, 256, 128, 64]","[128, 256, 512, 1024]",[-1.3849582963088776],0.9486740502592436,COMPLETE
120,0.39657764401846307,2025-05-06 20:24:50.108257,2025-05-06 20:25:16.711773,0 days 00:00:26.603516,0.09228677190902412,32,0.4,128,160,0.00041270672147422616,1049,4.573038679663152e-05,5,4,adam,"{'neurons_per_layer_encoder': [128, 256, 512, 1024], 'neurons_per_layer_decoder': [1024, 512, 256, 128, 64]}",128,,"[1024, 512, 256, 128, 64]","[128, 256, 512, 1024]",[0.39657764401846307],0.9858973017588109,COMPLETE
121,0.1613354733815674,2025-05-06 20:24:50.420854,2025-05-06 20:25:13.288433,0 days 00:00:22.867579,0.09437484155338316,32,0.4,128,160,0.00010299628355573988,1048,4.6446233394080276e-05,5,4,adam,"{'neurons_per_layer_encoder': [128, 256, 512, 1024], 'neurons_per_layer_decoder': [1024, 512, 256, 128, 64]}",128,,"[1024, 512, 256, 128, 64]","[128, 256, 512, 1024]",[0.1613354733815674],0.9316158358370379,COMPLETE
122,0.609316698493668,2025-05-06 20:24:55.258984,2025-05-06 20:25:42.142076,0 days 00:00:46.883092,0.0784489153024476,16,0.4,104,200,4.166672562807097e-06,879,1.4404571636083535e-05,5,4,adam,"{'neurons_per_layer_encoder': [104, 208, 416, 832], 'neurons_per_layer_decoder': [832, 416, 208, 104, 52]}",104,,"[832, 416, 208, 104, 52]","[104, 208, 416, 832]",[0.609316698493668],0.8628511526701413,COMPLETE
123,-0.9590582612280589,2025-05-06 20:24:58.701183,2025-05-06 20:25:05.523537,0 days 00:00:06.822354,0.07887528262654288,32,0.4,104,160,0.0001051695842475451,879,4.646154554963796e-05,5,4,adam,"{'neurons_per_layer_encoder': [104, 208, 416, 832], 'neurons_per_layer_decoder': [832, 416, 208, 104, 52]}",104,,"[832, 416, 208, 104, 52]","[104, 208, 416, 832]",[-0.9590582612280589],0.855704804718432,COMPLETE
124,-0.7882353859253419,2025-05-06 20:25:05.532644,2025-05-06 20:25:22.399921,0 days 00:00:16.867277,0.09335056784069057,16,0.30000000000000004,116,200,0.000312229972520819,1877,3.841423020795722e-05,5,5,adam,"{'neurons_per_layer_encoder': [116, 232, 464, 928, 1856], 'neurons_per_layer_decoder': [1856, 928, 464, 232, 116]}",116,,"[1856, 928, 464, 232, 116]","[116, 232, 464, 928, 1856]",[-0.7882353859253419],0.9706797391873568,COMPLETE
125,0.08747128119986591,2025-05-06 20:25:13.301999,2025-05-06 20:25:33.190789,0 days 00:00:19.888790,0.1654354280130656,16,0.4,52,180,0.00032680231446997513,465,7.446823235989915e-05,5,4,adam,"{'neurons_per_layer_encoder': [52, 104, 208, 416], 'neurons_per_layer_decoder': [416, 208, 104, 52, 26]}",52,,"[416, 208, 104, 52, 26]","[52, 104, 208, 416]",[0.08747128119986591],0.9425157134563842,COMPLETE
126,-0.07562382038958626,2025-05-06 20:25:16.733364,2025-05-06 20:25:52.142743,0 days 00:00:35.409379,0.09081800657306234,24,0.4,140,160,0.0006579726465550267,1145,3.8383207154104615e-05,5,4,adam,"{'neurons_per_layer_encoder': [140, 280, 560, 1120], 'neurons_per_layer_decoder': [1120, 560, 280, 140, 70]}",140,,"[1120, 560, 280, 140, 70]","[140, 280, 560, 1120]",[-0.07562382038958626],0.9850675333071163,COMPLETE
127,-0.08827507915707944,2025-05-06 20:25:16.751444,2025-05-06 20:25:39.530186,0 days 00:00:22.778742,0.10805764710523508,24,0.4,136,160,0.0003275920698099345,1117,3.858923823641159e-05,5,4,adam,"{'neurons_per_layer_encoder': [136, 272, 544, 1088], 'neurons_per_layer_decoder': [1088, 544, 272, 136, 68]}",136,,"[1088, 544, 272, 136, 68]","[136, 272, 544, 1088]",[-0.08827507915707944],0.9714636633640277,COMPLETE
128,-0.6979243263993018,2025-05-06 20:25:22.410082,2025-05-06 20:25:58.525403,0 days 00:00:36.115321,0.10787534199456902,24,0.4,136,160,0.0006043072382559604,1127,7.19932105276712e-05,5,4,adam,"{'neurons_per_layer_encoder': [136, 272, 544, 1088], 'neurons_per_layer_decoder': [1088, 544, 272, 136, 68]}",136,,"[1088, 544, 272, 136, 68]","[136, 272, 544, 1088]",[-0.6979243263993018],0.9714314391021738,COMPLETE
129,-0.7912916841973667,2025-05-06 20:25:33.200746,2025-05-06 20:26:03.017035,0 days 00:00:29.816289,0.10625122599401281,24,0.4,136,140,0.000614832636214974,1117,9.137998628518343e-05,5,4,adam,"{'neurons_per_layer_encoder': [136, 272, 544, 1088], 'neurons_per_layer_decoder': [1088, 544, 272, 136, 68]}",136,,"[1088, 544, 272, 136, 68]","[136, 272, 544, 1088]",[-0.7912916841973667],0.9698702657708379,COMPLETE
130,0.048689176520508526,2025-05-06 20:25:39.540453,2025-05-06 20:25:55.178395,0 days 00:00:15.637942,0.061690174426027373,88,0.4,104,140,4.137494517354682e-06,867,2.1755512078314374e-05,5,4,adam,"{'neurons_per_layer_encoder': [104, 208, 416, 832], 'neurons_per_layer_decoder': [832, 416, 208, 104, 52]}",104,,"[832, 416, 208, 104, 52]","[104, 208, 416, 832]",[0.048689176520508526],0.5436591320743336,COMPLETE
131,-0.8874259405937444,2025-05-06 20:25:42.156875,2025-05-06 20:25:50.304549,0 days 00:00:08.147674,0.0793586902407024,24,0.4,104,140,4.209771645236146e-06,879,1.4432029725291361e-05,5,4,adam,"{'neurons_per_layer_encoder': [104, 208, 416, 832], 'neurons_per_layer_decoder': [832, 416, 208, 104, 52]}",104,,"[832, 416, 208, 104, 52]","[104, 208, 416, 832]",[-0.8874259405937444],0.5240632643840147,COMPLETE
132,-1.1217758892243244,2025-05-06 20:25:50.315372,2025-05-06 20:25:59.281060,0 days 00:00:08.965688,0.06949798877124047,16,0.4,140,160,0.0006066847925161668,1151,1.013619315859086e-05,5,4,adam,"{'neurons_per_layer_encoder': [140, 280, 560, 1120], 'neurons_per_layer_decoder': [1120, 560, 280, 140, 70]}",140,,"[1120, 560, 280, 140, 70]","[140, 280, 560, 1120]",[-1.1217758892243244],0.9716024275377955,COMPLETE
133,-0.8669502839991474,2025-05-06 20:25:52.153740,2025-05-06 20:26:00.090567,0 days 00:00:07.936827,0.06200718872928706,16,0.4,116,180,2.4624651461809742e-06,983,1.0713032467320708e-05,5,4,adam,"{'neurons_per_layer_encoder': [116, 232, 464, 928], 'neurons_per_layer_decoder': [928, 464, 232, 116, 58]}",116,,"[928, 464, 232, 116, 58]","[116, 232, 464, 928]",[-0.8669502839991474],0.6330416710727094,COMPLETE
134,-0.8729447353649173,2025-05-06 20:25:55.193300,2025-05-06 20:26:03.109501,0 days 00:00:07.916201,0.07035179836309254,16,0.4,120,160,2.2870466981719084e-06,1004,1.0542546190387963e-05,5,4,adam,"{'neurons_per_layer_encoder': [120, 240, 480, 960], 'neurons_per_layer_decoder': [960, 480, 240, 120, 60]}",120,,"[960, 480, 240, 120, 60]","[120, 240, 480, 960]",[-0.8729447353649173],0.6526508637426615,COMPLETE
135,-0.10141207522994566,2025-05-06 20:25:58.537037,2025-05-06 20:26:16.890000,0 days 00:00:18.352963,0.08142385419933726,16,0.4,120,200,0.00026479613836045095,1002,6.113502233300379e-05,5,4,adam,"{'neurons_per_layer_encoder': [120, 240, 480, 960], 'neurons_per_layer_decoder': [960, 480, 240, 120, 60]}",120,,"[960, 480, 240, 120, 60]","[120, 240, 480, 960]",[-0.10141207522994566],0.9607387963687428,COMPLETE
136,0.21101364964347602,2025-05-06 20:25:59.290726,2025-05-06 20:26:14.153223,0 days 00:00:14.862497,0.08325155697356779,16,0.30000000000000004,88,200,0.00016219067232762073,755,3.2506994576569224e-05,5,4,adam,"{'neurons_per_layer_encoder': [88, 176, 352, 704], 'neurons_per_layer_decoder': [704, 352, 176, 88, 44]}",88,,"[704, 352, 176, 88, 44]","[88, 176, 352, 704]",[0.21101364964347602],0.9406351674274235,COMPLETE
137,0.4294249626206995,2025-05-06 20:26:00.100480,2025-05-06 20:26:20.461824,0 days 00:00:20.361344,0.0998110206796552,32,0.30000000000000004,76,200,0.00024971983108654694,634,3.092057361311088e-05,5,4,adam,"{'neurons_per_layer_encoder': [76, 152, 304, 608], 'neurons_per_layer_decoder': [608, 304, 152, 76, 38]}",76,,"[608, 304, 152, 76, 38]","[76, 152, 304, 608]",[0.4294249626206995],0.9662574354913429,COMPLETE
138,-1.169286070578587,2025-05-06 20:26:03.029438,2025-05-06 20:26:07.980070,0 days 00:00:04.950632,0.08607591705747884,32,0.30000000000000004,88,200,1.2204769949233614e-06,421,3.078331760742955e-05,5,3,adam,"{'neurons_per_layer_encoder': [88, 176, 352], 'neurons_per_layer_decoder': [352, 176, 88, 44, 22]}",88,,"[352, 176, 88, 44, 22]","[88, 176, 352]",[-1.169286070578587],0.26466829129535213,COMPLETE
139,-0.16697493205863645,2025-05-06 20:26:03.121314,2025-05-06 20:26:11.628289,0 days 00:00:08.506975,0.11664242606046529,40,0.30000000000000004,88,200,0.0002576657534286181,761,5.890383261850301e-05,5,4,adam,"{'neurons_per_layer_encoder': [88, 176, 352, 704], 'neurons_per_layer_decoder': [704, 352, 176, 88, 44]}",88,,"[704, 352, 176, 88, 44]","[88, 176, 352, 704]",[-0.16697493205863645],0.9414563234549762,COMPLETE
140,0.47663195811405656,2025-05-06 20:26:07.988829,2025-05-06 20:26:24.271922,0 days 00:00:16.283093,0.09953518271225863,40,0.30000000000000004,76,200,0.0002523677442257413,651,0.009551802555513285,5,4,adam,"{'neurons_per_layer_encoder': [76, 152, 304, 608], 'neurons_per_layer_decoder': [608, 304, 152, 76, 38]}",76,,"[608, 304, 152, 76, 38]","[76, 152, 304, 608]",[0.47663195811405656],0.5417053594127976,COMPLETE
141,0.06301012557484098,2025-05-06 20:26:11.638144,2025-05-06 20:26:23.180552,0 days 00:00:11.542408,0.08249561326671476,96,0.30000000000000004,72,200,0.00016722016605348836,612,2.354725277240583e-05,5,4,adam,"{'neurons_per_layer_encoder': [72, 144, 288, 576], 'neurons_per_layer_decoder': [576, 288, 144, 72, 36]}",72,,"[576, 288, 144, 72, 36]","[72, 144, 288, 576]",[0.06301012557484098],0.9191917464805951,COMPLETE
142,-1.9409384203719964,2025-05-06 20:26:14.162190,2025-05-06 20:26:19.273986,0 days 00:00:05.111796,0.13013593914852184,32,0.30000000000000004,76,180,0.00045992939519292405,654,2.6254228858975336e-05,5,4,adadelta,"{'neurons_per_layer_encoder': [76, 152, 304, 608], 'neurons_per_layer_decoder': [608, 304, 152, 76, 38]}",76,,"[608, 304, 152, 76, 38]","[76, 152, 304, 608]",[-1.9409384203719964],0.9112687367443656,COMPLETE
143,-0.5650463819642702,2025-05-06 20:26:16.901914,2025-05-06 20:26:27.380464,0 days 00:00:10.478550,0.10007508631077516,32,0.30000000000000004,76,180,0.00046403861122370804,652,2.553353393048432e-05,5,4,adadelta,"{'neurons_per_layer_encoder': [76, 152, 304, 608], 'neurons_per_layer_decoder': [608, 304, 152, 76, 38]}",76,,"[608, 304, 152, 76, 38]","[76, 152, 304, 608]",[-0.5650463819642702],0.9497412159723013,COMPLETE
144,-0.019743037232962557,2025-05-06 20:26:19.283809,2025-05-06 20:26:33.487229,0 days 00:00:14.203420,0.09943445814297708,24,0.30000000000000004,96,180,0.00015888879357042434,792,1.937232076801889e-05,5,4,adam,"{'neurons_per_layer_encoder': [96, 192, 384, 768], 'neurons_per_layer_decoder': [768, 384, 192, 96, 48]}",96,,"[768, 384, 192, 96, 48]","[96, 192, 384, 768]",[-0.019743037232962557],0.9276414241013589,COMPLETE
145,-1.4049058705863202,2025-05-06 20:26:20.471476,2025-05-06 20:26:25.370911,0 days 00:00:04.899435,0.10177090100542037,32,0.30000000000000004,72,200,4.791851999818563e-05,616,1.995199105232368e-05,5,4,adam,"{'neurons_per_layer_encoder': [72, 144, 288, 576], 'neurons_per_layer_decoder': [576, 288, 144, 72, 36]}",72,,"[576, 288, 144, 72, 36]","[72, 144, 288, 576]",[-1.4049058705863202],0.660093547137481,COMPLETE
146,0.29529794511969387,2025-05-06 20:26:23.190764,2025-05-06 20:26:34.613059,0 days 00:00:11.422295,0.09682960622963603,72,0.30000000000000004,96,200,0.00012510609582913122,788,1.9045535479083944e-05,5,4,adam,"{'neurons_per_layer_encoder': [96, 192, 384, 768], 'neurons_per_layer_decoder': [768, 384, 192, 96, 48]}",96,,"[768, 384, 192, 96, 48]","[96, 192, 384, 768]",[0.29529794511969387],0.9390795451194308,COMPLETE
147,-0.09173347259395448,2025-05-06 20:26:24.283141,2025-05-06 20:26:30.976965,0 days 00:00:06.693824,0.09860462060158787,40,0.30000000000000004,96,200,0.00012926602062512385,789,1.968888888889317e-05,5,4,adam,"{'neurons_per_layer_encoder': [96, 192, 384, 768], 'neurons_per_layer_decoder': [768, 384, 192, 96, 48]}",96,,"[768, 384, 192, 96, 48]","[96, 192, 384, 768]",[-0.09173347259395448],0.9119705322474524,COMPLETE
148,0.39417057595506977,2025-05-06 20:26:25.381177,2025-05-06 20:26:41.112292,0 days 00:00:15.731115,0.07596425938760615,40,0.30000000000000004,96,200,0.0001224036721850896,795,0.008437768772254328,5,4,adam,"{'neurons_per_layer_encoder': [96, 192, 384, 768], 'neurons_per_layer_decoder': [768, 384, 192, 96, 48]}",96,,"[768, 384, 192, 96, 48]","[96, 192, 384, 768]",[0.39417057595506977],0.2718747972152735,COMPLETE
149,0.31662956194850167,2025-05-06 20:26:27.390462,2025-05-06 20:26:44.341532,0 days 00:00:16.951070,0.07568192191746705,40,0.30000000000000004,100,200,0.00011682942672956397,831,0.006842698092491979,5,4,adam,"{'neurons_per_layer_encoder': [100, 200, 400, 800], 'neurons_per_layer_decoder': [800, 400, 200, 100, 50]}",100,,"[800, 400, 200, 100, 50]","[100, 200, 400, 800]",[0.31662956194850167],0.15825395558711292,COMPLETE
150,-0.3834763213781074,2025-05-06 20:26:30.986023,2025-05-06 20:26:46.267323,0 days 00:00:15.281300,0.11620613382168254,24,0.30000000000000004,100,200,0.0002174081973026952,830,0.009944481087354651,5,4,adam,"{'neurons_per_layer_encoder': [100, 200, 400, 800], 'neurons_per_layer_decoder': [800, 400, 200, 100, 50]}",100,,"[800, 400, 200, 100, 50]","[100, 200, 400, 800]",[-0.3834763213781074],0.10332279685480036,COMPLETE
151,-2.8633071833912704,2025-05-06 20:26:33.497494,2025-05-06 20:26:39.870181,0 days 00:00:06.372687,0.08962191630749185,40,0.30000000000000004,108,200,1.4229028314642204e-06,897,0.002773913511349529,5,4,adam,"{'neurons_per_layer_encoder': [108, 216, 432, 864], 'neurons_per_layer_decoder': [864, 432, 216, 108, 54]}",108,,"[864, 432, 216, 108, 54]","[108, 216, 432, 864]",[-2.8633071833912704],-4.175150603659946,COMPLETE
152,-0.4230244703140609,2025-05-06 20:26:34.622629,2025-05-06 20:26:51.428693,0 days 00:00:16.806064,0.11719919321495131,24,0.30000000000000004,76,180,0.0002214391307966851,637,0.006749653503091727,5,4,adam,"{'neurons_per_layer_encoder': [76, 152, 304, 608], 'neurons_per_layer_decoder': [608, 304, 152, 76, 38]}",76,,"[608, 304, 152, 76, 38]","[76, 152, 304, 608]",[-0.4230244703140609],-0.19084565717183058,COMPLETE
153,-0.565328968676517,2025-05-06 20:26:39.880082,2025-05-06 20:26:48.509707,0 days 00:00:08.629625,0.11383279237374697,48,0.30000000000000004,76,180,0.0002177040705251759,674,0.009596962612817466,5,4,adam,"{'neurons_per_layer_encoder': [76, 152, 304, 608], 'neurons_per_layer_decoder': [608, 304, 152, 76, 38]}",76,,"[608, 304, 152, 76, 38]","[76, 152, 304, 608]",[-0.565328968676517],0.04512063798248409,COMPLETE
154,0.16026050744148346,2025-05-06 20:26:41.122337,2025-05-06 20:26:52.118242,0 days 00:00:10.995905,0.07557969316408071,48,0.30000000000000004,28,180,0.00022169616086784022,425,0.009672239405397806,5,4,adam,"{'neurons_per_layer_encoder': [28, 56, 112, 224], 'neurons_per_layer_decoder': [224, 112, 56, 28, 14]}",28,,"[224, 112, 56, 28, 14]","[28, 56, 112, 224]",[0.16026050744148346],0.10189257088125403,COMPLETE
155,-0.16920413678153334,2025-05-06 20:26:44.352590,2025-05-06 20:26:57.923626,0 days 00:00:13.571036,0.0773570885412787,40,0.30000000000000004,80,200,0.00011503749113440387,674,0.009583045187512174,5,4,adam,"{'neurons_per_layer_encoder': [80, 160, 320, 640], 'neurons_per_layer_decoder': [640, 320, 160, 80, 40]}",80,,"[640, 320, 160, 80, 40]","[80, 160, 320, 640]",[-0.16920413678153334],-0.5080736322773344,COMPLETE
156,-0.7733207948849234,2025-05-06 20:26:46.277020,2025-05-06 20:27:07.962328,0 days 00:00:21.685308,0.07534220939705136,48,0.30000000000000004,88,200,0.00011761523045452617,722,0.005998771430340843,5,4,adam,"{'neurons_per_layer_encoder': [88, 176, 352, 704], 'neurons_per_layer_decoder': [704, 352, 176, 88, 44]}",88,,"[704, 352, 176, 88, 44]","[88, 176, 352, 704]",[-0.7733207948849234],-1.0398279054250645,COMPLETE
157,0.029951489128626108,2025-05-06 20:26:48.520083,2025-05-06 20:27:09.240116,0 days 00:00:20.720033,0.07241525856271822,40,0.30000000000000004,88,200,0.00011155468559901338,746,0.008077173524717703,5,4,adam,"{'neurons_per_layer_encoder': [88, 176, 352, 704], 'neurons_per_layer_decoder': [704, 352, 176, 88, 44]}",88,,"[704, 352, 176, 88, 44]","[88, 176, 352, 704]",[0.029951489128626108],-0.45414066306265305,COMPLETE
158,0.4664561940209855,2025-05-06 20:26:51.439897,2025-05-06 20:27:09.976795,0 days 00:00:18.536898,0.06992947503130602,40,0.30000000000000004,88,200,0.00014570774436289477,743,0.006786756086916576,5,4,adam,"{'neurons_per_layer_encoder': [88, 176, 352, 704], 'neurons_per_layer_decoder': [704, 352, 176, 88, 44]}",88,,"[704, 352, 176, 88, 44]","[88, 176, 352, 704]",[0.4664561940209855],0.329734198689706,COMPLETE
