number,value,datetime_start,datetime_complete,duration,params_alpha,params_batch_size,params_drop_out_rate,params_encoder_neurons_layer_1,params_epochs,params_lambda,params_latent_dim,params_learning_rate,params_num_layers_decoder,params_num_layers_encoder,params_optimizer,user_attrs_encoder_decoder_config,user_attrs_first_layer_neurons,user_attrs_model_summary,user_attrs_neurons_per_layer_decoder,user_attrs_neurons_per_layer_encoder,user_attrs_r2_feature_1,user_attrs_relative_deterioration,state
409,-1.7215754189015486,2025-05-07 00:43:19.499362,2025-05-07 00:43:30.388552,0 days 00:00:10.889190,0.052690456199167596,32,0.30000000000000004,172,180,6.70813711008991e-05,1429,0.0025744583955198464,5,4,adam,"{'neurons_per_layer_encoder': [172, 344, 688, 1376], 'neurons_per_layer_decoder': [1376, 688, 344, 172, 86]}",172,,"[1376, 688, 344, 172, 86]","[172, 344, 688, 1376]",[-1.7215754189015486],0.736693500024845,COMPLETE
410,-0.8919145825429575,2025-05-07 00:43:21.389022,2025-05-07 00:44:00.344362,0 days 00:00:38.955340,0.05145454335615163,32,0.30000000000000004,176,180,0.0001499059861005961,1448,0.005483570393332147,5,4,adam,"{'neurons_per_layer_encoder': [176, 352, 704, 1408], 'neurons_per_layer_decoder': [1408, 704, 352, 176, 88]}",176,,"[1408, 704, 352, 176, 88]","[176, 352, 704, 1408]",[-0.8919145825429575],-0.7056781606205047,COMPLETE
411,0.10224999111084321,2025-05-07 00:43:30.412677,2025-05-07 00:44:11.916837,0 days 00:00:41.504160,0.06264744500166108,32,0.30000000000000004,176,160,0.00022257003945571523,1450,0.006050657038875398,5,4,adam,"{'neurons_per_layer_encoder': [176, 352, 704, 1408], 'neurons_per_layer_decoder': [1408, 704, 352, 176, 88]}",176,,"[1408, 704, 352, 176, 88]","[176, 352, 704, 1408]",[0.10224999111084321],0.2810039736431292,COMPLETE
412,0.13324292084580447,2025-05-07 00:43:38.434658,2025-05-07 00:44:15.308727,0 days 00:00:36.874069,0.062497491013268604,32,0.30000000000000004,116,160,0.00022902711983220013,948,0.005540909671460247,5,4,adam,"{'neurons_per_layer_encoder': [116, 232, 464, 928], 'neurons_per_layer_decoder': [928, 464, 232, 116, 58]}",116,,"[928, 464, 232, 116, 58]","[116, 232, 464, 928]",[0.13324292084580447],0.08082016767912104,COMPLETE
413,0.4719186839169397,2025-05-07 00:43:48.796463,2025-05-07 00:44:19.726318,0 days 00:00:30.929855,0.12370790831353248,32,0.30000000000000004,176,160,0.00021916650105701697,1453,0.005831934557900723,5,4,adam,"{'neurons_per_layer_encoder': [176, 352, 704, 1408], 'neurons_per_layer_decoder': [1408, 704, 352, 176, 88]}",176,,"[1408, 704, 352, 176, 88]","[176, 352, 704, 1408]",[0.4719186839169397],0.5918344339636668,COMPLETE
414,0.46608603023210116,2025-05-07 00:43:55.004485,2025-05-07 00:44:35.817427,0 days 00:00:40.812942,0.06167510143104729,32,0.30000000000000004,176,160,0.00022253059921533599,1450,0.0012132928878899173,5,4,adam,"{'neurons_per_layer_encoder': [176, 352, 704, 1408], 'neurons_per_layer_decoder': [1408, 704, 352, 176, 88]}",176,,"[1408, 704, 352, 176, 88]","[176, 352, 704, 1408]",[0.46608603023210116],0.7458021327096358,COMPLETE
415,0.42129558399630473,2025-05-07 00:44:00.357124,2025-05-07 00:44:39.377043,0 days 00:00:39.019919,0.061600359743774466,32,0.30000000000000004,168,160,0.00022513193309467466,1386,0.007423755282905736,5,4,adam,"{'neurons_per_layer_encoder': [168, 336, 672, 1344], 'neurons_per_layer_decoder': [1344, 672, 336, 168, 84]}",168,,"[1344, 672, 336, 168, 84]","[168, 336, 672, 1344]",[0.42129558399630473],0.5952279436823009,COMPLETE
416,0.5196858664811765,2025-05-07 00:44:11.932802,2025-05-07 00:44:44.967995,0 days 00:00:33.035193,0.06954470179214782,32,0.30000000000000004,168,200,0.00011690362676796903,1387,0.007608803530590656,5,4,adam,"{'neurons_per_layer_encoder': [168, 336, 672, 1344], 'neurons_per_layer_decoder': [1344, 672, 336, 168, 84]}",168,,"[1344, 672, 336, 168, 84]","[168, 336, 672, 1344]",[0.5196858664811765],0.5833995201487242,COMPLETE
417,0.5511061073078114,2025-05-07 00:44:15.325508,2025-05-07 00:44:56.382124,0 days 00:00:41.056616,0.0706443654240074,32,0.30000000000000004,168,200,0.00012154688403393023,1382,0.007779932536710461,5,4,adam,"{'neurons_per_layer_encoder': [168, 336, 672, 1344], 'neurons_per_layer_decoder': [1344, 672, 336, 168, 84]}",168,,"[1344, 672, 336, 168, 84]","[168, 336, 672, 1344]",[0.5511061073078114],0.5983033329816332,COMPLETE
418,-2.7586721549110207,2025-05-07 00:44:19.741734,2025-05-07 00:44:33.655518,0 days 00:00:13.913784,0.04832222151053863,32,0.30000000000000004,168,200,5.972647350127788e-05,1385,0.0033662126365711304,5,4,adam,"{'neurons_per_layer_encoder': [168, 336, 672, 1344], 'neurons_per_layer_decoder': [1344, 672, 336, 168, 84]}",168,,"[1344, 672, 336, 168, 84]","[168, 336, 672, 1344]",[-2.7586721549110207],0.5859840446520245,COMPLETE
419,0.478919078723938,2025-05-07 00:44:33.679964,2025-05-07 00:45:10.857891,0 days 00:00:37.177927,0.06652383817712121,32,0.30000000000000004,160,160,3.567672218014389e-05,1326,0.007598616474902028,5,4,adam,"{'neurons_per_layer_encoder': [160, 320, 640, 1280], 'neurons_per_layer_decoder': [1280, 640, 320, 160, 80]}",160,,"[1280, 640, 320, 160, 80]","[160, 320, 640, 1280]",[0.478919078723938],0.4298109005017312,COMPLETE
420,-0.7116419626658075,2025-05-07 00:44:35.833550,2025-05-07 00:45:13.355625,0 days 00:00:37.522075,0.07066284724955708,32,0.30000000000000004,168,160,3.6216225278192856e-05,1384,0.007808933475665968,5,4,adam,"{'neurons_per_layer_encoder': [168, 336, 672, 1344], 'neurons_per_layer_decoder': [1344, 672, 336, 168, 84]}",168,,"[1344, 672, 336, 168, 84]","[168, 336, 672, 1344]",[-0.7116419626658075],-1.3290874032847524,COMPLETE
421,0.24586867440560312,2025-05-07 00:44:39.392672,2025-05-07 00:45:23.468602,0 days 00:00:44.075930,0.07173234501958953,32,0.30000000000000004,160,200,0.00011908419096305764,1325,0.003370081712190411,5,4,adam,"{'neurons_per_layer_encoder': [160, 320, 640, 1280], 'neurons_per_layer_decoder': [1280, 640, 320, 160, 80]}",160,,"[1280, 640, 320, 160, 80]","[160, 320, 640, 1280]",[0.24586867440560312],0.07950736916879755,COMPLETE
422,0.4500378624827499,2025-05-07 00:44:44.979425,2025-05-07 00:45:22.592635,0 days 00:00:37.613210,0.05518021606152512,32,0.30000000000000004,160,160,0.00011775211011854713,1327,0.003489055446039252,5,4,adam,"{'neurons_per_layer_encoder': [160, 320, 640, 1280], 'neurons_per_layer_decoder': [1280, 640, 320, 160, 80]}",160,,"[1280, 640, 320, 160, 80]","[160, 320, 640, 1280]",[0.4500378624827499],0.38060821160240416,COMPLETE
423,0.012340100025013623,2025-05-07 00:44:56.410762,2025-05-07 00:45:25.694451,0 days 00:00:29.283689,0.054713004627651884,40,0.30000000000000004,160,160,7.359604279469048e-05,1329,0.0032288336765467778,5,4,sgd,"{'neurons_per_layer_encoder': [160, 320, 640, 1280], 'neurons_per_layer_decoder': [1280, 640, 320, 160, 80]}",160,,"[1280, 640, 320, 160, 80]","[160, 320, 640, 1280]",[0.012340100025013623],0.9116331545699335,COMPLETE
424,0.37242787948234835,2025-05-07 00:45:10.875306,2025-05-07 00:45:36.714960,0 days 00:00:25.839654,0.12912035465691576,40,0.30000000000000004,124,160,8.624966649959962e-05,1036,0.0033109554676088756,5,4,adam,"{'neurons_per_layer_encoder': [124, 248, 496, 992], 'neurons_per_layer_decoder': [992, 496, 248, 124, 62]}",124,,"[992, 496, 248, 124, 62]","[124, 248, 496, 992]",[0.37242787948234835],0.193196768379333,COMPLETE
425,0.268430902439766,2025-05-07 00:45:13.378130,2025-05-07 00:45:41.082288,0 days 00:00:27.704158,0.13268448606625402,40,0.30000000000000004,152,160,7.49905914407585e-05,1330,0.0033873500850275366,5,4,adam,"{'neurons_per_layer_encoder': [152, 304, 608, 1216], 'neurons_per_layer_decoder': [1216, 608, 304, 152, 76]}",152,,"[1216, 608, 304, 152, 76]","[152, 304, 608, 1216]",[0.268430902439766],0.2050089350784366,COMPLETE
426,-2.276306504290591,2025-05-07 00:45:22.605695,2025-05-07 00:45:30.359846,0 days 00:00:07.754151,0.014805095416716133,40,0.30000000000000004,124,160,8.51076924491474e-05,1366,0.0022844714081260405,5,4,adam,"{'neurons_per_layer_encoder': [124, 248, 496, 992], 'neurons_per_layer_decoder': [992, 496, 248, 124, 62]}",124,,"[992, 496, 248, 124, 62]","[124, 248, 496, 992]",[-2.276306504290591],0.6631952641273953,COMPLETE
427,0.28001581272271914,2025-05-07 00:45:23.479467,2025-05-07 00:45:46.130824,0 days 00:00:22.651357,0.12904261784812113,40,0.30000000000000004,152,160,0.00017259271546643504,1259,0.0028612831265069747,5,4,sgd,"{'neurons_per_layer_encoder': [152, 304, 608, 1216], 'neurons_per_layer_decoder': [1216, 608, 304, 152, 76]}",152,,"[1216, 608, 304, 152, 76]","[152, 304, 608, 1216]",[0.28001581272271914],0.9685999997646384,COMPLETE
428,-1.4240809427460865,2025-05-07 00:45:25.705295,2025-05-07 00:45:33.852695,0 days 00:00:08.147400,0.050043857033675955,40,0.30000000000000004,180,160,8.793036579301532e-05,1477,0.002275074140536792,5,4,adam,"{'neurons_per_layer_encoder': [180, 360, 720, 1440], 'neurons_per_layer_decoder': [1440, 720, 360, 180, 90]}",180,,"[1440, 720, 360, 180, 90]","[180, 360, 720, 1440]",[-1.4240809427460865],0.815508656879716,COMPLETE
429,0.08879191088850813,2025-05-07 00:45:30.373588,2025-05-07 00:45:53.530600,0 days 00:00:23.157012,0.04964504448134906,48,0.30000000000000004,104,160,0.00017206155171675604,1067,0.002890347360179068,5,4,adam,"{'neurons_per_layer_encoder': [104, 208, 416, 832], 'neurons_per_layer_decoder': [832, 416, 208, 104, 52]}",104,,"[832, 416, 208, 104, 52]","[104, 208, 416, 832]",[0.08879191088850813],0.10369812944022451,COMPLETE
430,0.053958950710146336,2025-05-07 00:45:33.864098,2025-05-07 00:46:07.095335,0 days 00:00:33.231237,0.05942627852338035,24,0.30000000000000004,152,160,0.00017194139975471642,1259,0.0028300917814412466,5,4,adam,"{'neurons_per_layer_encoder': [152, 304, 608, 1216], 'neurons_per_layer_decoder': [1216, 608, 304, 152, 76]}",152,,"[1216, 608, 304, 152, 76]","[152, 304, 608, 1216]",[0.053958950710146336],0.09120186759534346,COMPLETE
431,0.2213598566720374,2025-05-07 00:45:36.729979,2025-05-07 00:46:12.061810,0 days 00:00:35.331831,0.05058735300862833,24,0.30000000000000004,152,180,0.00017089301565794513,1355,0.0027624286929317098,5,4,adam,"{'neurons_per_layer_encoder': [152, 304, 608, 1216], 'neurons_per_layer_decoder': [1216, 608, 304, 152, 76]}",152,,"[1216, 608, 304, 152, 76]","[152, 304, 608, 1216]",[0.2213598566720374],0.3458707328973854,COMPLETE
432,-0.7904155010393548,2025-05-07 00:45:41.096376,2025-05-07 00:45:51.026586,0 days 00:00:09.930210,0.05976719772288073,24,0.30000000000000004,140,200,0.00017577933454487342,1183,0.002784211591824949,5,4,adadelta,"{'neurons_per_layer_encoder': [140, 280, 560, 1120], 'neurons_per_layer_decoder': [1120, 560, 280, 140, 70]}",140,,"[1120, 560, 280, 140, 70]","[140, 280, 560, 1120]",[-0.7904155010393548],0.9199087463916625,COMPLETE
433,0.17003998926711328,2025-05-07 00:45:46.147491,2025-05-07 00:46:22.065485,0 days 00:00:35.917994,0.059117525923217125,24,0.30000000000000004,172,200,0.0001343194866446178,1426,0.0027373612118731035,5,4,adam,"{'neurons_per_layer_encoder': [172, 344, 688, 1376], 'neurons_per_layer_decoder': [1376, 688, 344, 172, 86]}",172,,"[1376, 688, 344, 172, 86]","[172, 344, 688, 1376]",[0.17003998926711328],0.3886286025081277,COMPLETE
434,0.48744362249140794,2025-05-07 00:45:51.041636,2025-05-07 00:46:22.040087,0 days 00:00:30.998451,0.05000222331263409,32,0.30000000000000004,104,160,0.0002817316508119356,876,0.005229148276511706,5,4,adam,"{'neurons_per_layer_encoder': [104, 208, 416, 832], 'neurons_per_layer_decoder': [832, 416, 208, 104, 52]}",104,,"[832, 416, 208, 104, 52]","[104, 208, 416, 832]",[0.48744362249140794],0.4709073986136306,COMPLETE
435,0.45507639379801457,2025-05-07 00:45:53.548704,2025-05-07 00:46:32.564739,0 days 00:00:39.016035,0.06518201473500747,32,0.30000000000000004,172,160,0.00028143717916389904,1425,0.004437626577888782,5,4,adam,"{'neurons_per_layer_encoder': [172, 344, 688, 1376], 'neurons_per_layer_decoder': [1376, 688, 344, 172, 86]}",172,,"[1376, 688, 344, 172, 86]","[172, 344, 688, 1376]",[0.45507639379801457],0.5407419556467618,COMPLETE
436,0.36254544651884035,2025-05-07 00:46:07.114783,2025-05-07 00:46:49.307340,0 days 00:00:42.192557,0.06468450314214376,32,0.30000000000000004,172,180,0.000137150673170091,1425,0.00512104995465696,5,4,adam,"{'neurons_per_layer_encoder': [172, 344, 688, 1376], 'neurons_per_layer_decoder': [1376, 688, 344, 172, 86]}",172,,"[1376, 688, 344, 172, 86]","[172, 344, 688, 1376]",[0.36254544651884035],0.38851944968126856,COMPLETE
437,-2.5828391459725086,2025-05-07 00:46:12.081034,2025-05-07 00:46:47.904167,0 days 00:00:35.823133,0.06484848720299158,32,0.30000000000000004,172,140,0.0002768517242199434,1425,0.004950545299618155,5,4,adam,"{'neurons_per_layer_encoder': [172, 344, 688, 1376], 'neurons_per_layer_decoder': [1376, 688, 344, 172, 86]}",172,,"[1376, 688, 344, 172, 86]","[172, 344, 688, 1376]",[-2.5828391459725086],-1.7975947819849638,COMPLETE
438,-0.02852803642325541,2025-05-07 00:46:22.088937,2025-05-07 00:46:59.443905,0 days 00:00:37.354968,0.06462040897128958,32,0.30000000000000004,180,140,0.00010841485427823079,1480,0.002284172952197407,5,4,adam,"{'neurons_per_layer_encoder': [180, 360, 720, 1440], 'neurons_per_layer_decoder': [1440, 720, 360, 180, 90]}",180,,"[1440, 720, 360, 180, 90]","[180, 360, 720, 1440]",[-0.02852803642325541],0.3032733387368725,COMPLETE
439,0.38058357883960625,2025-05-07 00:46:22.089928,2025-05-07 00:46:59.134554,0 days 00:00:37.044626,0.0655097808650109,32,0.30000000000000004,180,140,0.00010540907446912736,1484,0.004267404347642057,5,4,adam,"{'neurons_per_layer_encoder': [180, 360, 720, 1440], 'neurons_per_layer_decoder': [1440, 720, 360, 180, 90]}",180,,"[1440, 720, 360, 180, 90]","[180, 360, 720, 1440]",[0.38058357883960625],0.3297701205490642,COMPLETE
440,0.512157425391407,2025-05-07 00:46:32.642091,2025-05-07 00:47:02.861883,0 days 00:00:30.219792,0.05530167230333279,32,0.30000000000000004,180,140,0.0001084484134191113,1408,0.002301230223802417,5,3,adam,"{'neurons_per_layer_encoder': [180, 360, 720], 'neurons_per_layer_decoder': [720, 360, 180, 90, 45]}",180,,"[720, 360, 180, 90, 45]","[180, 360, 720]",[0.512157425391407],0.5720665732528077,COMPLETE
441,0.4291495689144619,2025-05-07 00:46:47.928723,2025-05-07 00:47:34.511369,0 days 00:00:46.582646,0.054323473545134504,32,0.30000000000000004,180,180,0.00014002793771584777,1479,0.002370271607601557,5,4,adam,"{'neurons_per_layer_encoder': [180, 360, 720, 1440], 'neurons_per_layer_decoder': [1440, 720, 360, 180, 90]}",180,,"[1440, 720, 360, 180, 90]","[180, 360, 720, 1440]",[0.4291495689144619],0.32347225768431986,COMPLETE
442,-1.6247671893783044,2025-05-07 00:46:49.324089,2025-05-07 00:46:59.893495,0 days 00:00:10.569406,0.055553163943083315,32,0.30000000000000004,180,200,0.00010714339021559534,1088,0.002326979778696243,5,3,adam,"{'neurons_per_layer_encoder': [180, 360, 720], 'neurons_per_layer_decoder': [720, 360, 180, 90, 45]}",180,,"[720, 360, 180, 90, 45]","[180, 360, 720]",[-1.6247671893783044],0.6563421657535365,COMPLETE
443,0.46217310152030544,2025-05-07 00:46:59.149420,2025-05-07 00:47:38.895973,0 days 00:00:39.746553,0.05549326537042677,32,0.30000000000000004,164,160,0.00013576499283301038,2032,0.0022454432430929045,5,4,adam,"{'neurons_per_layer_encoder': [164, 328, 656, 1312], 'neurons_per_layer_decoder': [1312, 656, 328, 164, 82]}",164,,"[1312, 656, 328, 164, 82]","[164, 328, 656, 1312]",[0.46217310152030544],0.589880223164627,COMPLETE
444,-2.329158098914213,2025-05-07 00:46:59.457264,2025-05-07 00:47:08.868761,0 days 00:00:09.411497,0.05537148186887964,32,0.30000000000000004,164,160,2.7431240646026003e-05,1368,0.0015471099700741986,5,4,adam,"{'neurons_per_layer_encoder': [164, 328, 656, 1312], 'neurons_per_layer_decoder': [1312, 656, 328, 164, 82]}",164,,"[1312, 656, 328, 164, 82]","[164, 328, 656, 1312]",[-2.329158098914213],0.2540031982756115,COMPLETE
445,-1.2966542149122926,2025-05-07 00:46:59.906778,2025-05-07 00:47:13.429968,0 days 00:00:13.523190,0.053924047872729725,32,0.30000000000000004,164,160,2.5660920421161436e-05,2380,0.001533283289785211,5,4,adam,"{'neurons_per_layer_encoder': [164, 328, 656, 1312], 'neurons_per_layer_decoder': [1312, 656, 328, 164, 82]}",164,,"[1312, 656, 328, 164, 82]","[164, 328, 656, 1312]",[-1.2966542149122926],0.47622296386336194,COMPLETE
446,0.3392007829252204,2025-05-07 00:47:02.877851,2025-05-07 00:47:40.721109,0 days 00:00:37.843258,0.05263336244454903,32,0.30000000000000004,164,160,0.00014365766981135013,1351,0.006384462920726432,5,4,adam,"{'neurons_per_layer_encoder': [164, 328, 656, 1312], 'neurons_per_layer_decoder': [1312, 656, 328, 164, 82]}",164,,"[1312, 656, 328, 164, 82]","[164, 328, 656, 1312]",[0.3392007829252204],0.3984157664287827,COMPLETE
447,-0.8810022517436198,2025-05-07 00:47:08.886742,2025-05-07 00:47:20.259809,0 days 00:00:11.373067,0.14241536514931266,96,0.30000000000000004,156,160,0.0001335507688542703,1364,0.006384070206650322,5,4,adam,"{'neurons_per_layer_encoder': [156, 312, 624, 1248], 'neurons_per_layer_decoder': [1248, 624, 312, 156, 78]}",156,,"[1248, 624, 312, 156, 78]","[156, 312, 624, 1248]",[-0.8810022517436198],0.90548699290375,COMPLETE
448,-0.2170262931193736,2025-05-07 00:47:13.467414,2025-05-07 00:47:54.974471,0 days 00:00:41.507057,0.14033393293166227,32,0.30000000000000004,156,160,0.0001353697650653354,1291,0.0066140126491252595,5,4,adam,"{'neurons_per_layer_encoder': [156, 312, 624, 1248], 'neurons_per_layer_decoder': [1248, 624, 312, 156, 78]}",156,,"[1248, 624, 312, 156, 78]","[156, 312, 624, 1248]",[-0.2170262931193736],-0.15961896441934534,COMPLETE
449,0.6703923508869637,2025-05-07 00:47:20.278385,2025-05-07 00:48:16.689354,0 days 00:00:56.410969,0.04786471960454705,32,0.30000000000000004,188,200,0.00014964186063059335,1539,0.0018248673842574939,5,4,adam,"{'neurons_per_layer_encoder': [188, 376, 752, 1504], 'neurons_per_layer_decoder': [1504, 752, 376, 188, 94]}",188,,"[1504, 752, 376, 188, 94]","[188, 376, 752, 1504]",[0.6703923508869637],0.6702042795509385,COMPLETE
450,-1.0055774542002283,2025-05-07 00:47:34.569993,2025-05-07 00:49:33.436405,0 days 00:01:58.866412,0.04749372705797828,32,0.2,188,160,0.00015451294502589346,3036,0.0019283198809210463,5,5,adam,"{'neurons_per_layer_encoder': [188, 376, 752, 1504, 3008], 'neurons_per_layer_decoder': [3008, 1504, 752, 376, 188]}",188,,"[3008, 1504, 752, 376, 188]","[188, 376, 752, 1504, 3008]",[-1.0055774542002283],-0.8597521310708495,COMPLETE
451,0.4868776645771795,2025-05-07 00:47:38.918594,2025-05-07 00:48:26.995237,0 days 00:00:48.076643,0.047903541828270814,32,0.30000000000000004,160,200,0.00019606527304056896,1350,0.003928544062970558,5,4,adam,"{'neurons_per_layer_encoder': [160, 320, 640, 1280], 'neurons_per_layer_decoder': [1280, 640, 320, 160, 80]}",160,,"[1280, 640, 320, 160, 80]","[160, 320, 640, 1280]",[0.4868776645771795],0.4198594612421016,COMPLETE
452,0.025641678125858824,2025-05-07 00:47:40.740175,2025-05-07 00:48:26.617358,0 days 00:00:45.877183,0.012108173116356615,80,0.30000000000000004,156,200,0.00019765885157634373,1296,0.003935445224649025,5,4,adam,"{'neurons_per_layer_encoder': [156, 312, 624, 1248], 'neurons_per_layer_decoder': [1248, 624, 312, 156, 78]}",156,,"[1248, 624, 312, 156, 78]","[156, 312, 624, 1248]",[0.025641678125858824],-0.05612464777399688,COMPLETE
453,-0.060247610410234964,2025-05-07 00:47:55.031262,2025-05-07 00:48:44.593514,0 days 00:00:49.562252,0.04684676910934294,24,0.30000000000000004,160,200,0.00019817196548095226,1316,0.003737955281897676,5,4,adam,"{'neurons_per_layer_encoder': [160, 320, 640, 1280], 'neurons_per_layer_decoder': [1280, 640, 320, 160, 80]}",160,,"[1280, 640, 320, 160, 80]","[160, 320, 640, 1280]",[-0.060247610410234964],0.11054120340067991,COMPLETE
454,-0.390221253911059,2025-05-07 00:48:16.704094,2025-05-07 00:49:11.507523,0 days 00:00:54.803429,0.047802765374426966,24,0.30000000000000004,188,200,0.00019033252402217925,1545,0.0017935603460671815,5,4,adam,"{'neurons_per_layer_encoder': [188, 376, 752, 1504], 'neurons_per_layer_decoder': [1504, 752, 376, 188, 94]}",188,,"[1504, 752, 376, 188, 94]","[188, 376, 752, 1504]",[-0.390221253911059],0.0878906619976996,COMPLETE
455,0.19542725410492667,2025-05-07 00:48:26.672508,2025-05-07 00:49:25.434063,0 days 00:00:58.761555,0.04870111673201501,24,0.30000000000000004,184,200,0.00012107331701152212,1507,0.0019260946252222667,5,4,adam,"{'neurons_per_layer_encoder': [184, 368, 736, 1472], 'neurons_per_layer_decoder': [1472, 736, 368, 184, 92]}",184,,"[1472, 736, 368, 184, 92]","[184, 368, 736, 1472]",[0.19542725410492667],0.4210021381470021,COMPLETE
456,0.4774359051466388,2025-05-07 00:48:27.021425,2025-05-07 00:49:29.092126,0 days 00:01:02.070701,0.04465412932946457,40,0.2,188,200,0.0001212991894743717,1533,0.0018655534671759104,5,4,adam,"{'neurons_per_layer_encoder': [188, 376, 752, 1504], 'neurons_per_layer_decoder': [1504, 752, 376, 188, 94]}",188,,"[1504, 752, 376, 188, 94]","[188, 376, 752, 1504]",[0.4774359051466388],0.36616077668714037,COMPLETE
457,-1.6875839032625817,2025-05-07 00:48:44.615380,2025-05-07 00:49:03.677273,0 days 00:00:19.061893,0.045433924306275186,40,0.30000000000000004,188,200,5.24712080921237e-05,1537,0.0018593116420050997,5,4,adadelta,"{'neurons_per_layer_encoder': [188, 376, 752, 1504], 'neurons_per_layer_decoder': [1504, 752, 376, 188, 94]}",188,,"[1504, 752, 376, 188, 94]","[188, 376, 752, 1504]",[-1.6875839032625817],0.7478615547007242,COMPLETE
458,-0.08597611449210807,2025-05-07 00:49:03.703953,2025-05-07 00:50:30.208802,0 days 00:01:26.504849,0.04509096449409429,24,0.30000000000000004,192,200,0.00012490704583330831,1565,0.0013575139358443463,5,4,adam,"{'neurons_per_layer_encoder': [192, 384, 768, 1536], 'neurons_per_layer_decoder': [1536, 768, 384, 192, 96]}",192,,"[1536, 768, 384, 192, 96]","[192, 384, 768, 1536]",[-0.08597611449210807],0.008132517192846963,COMPLETE
