number,value,datetime_start,datetime_complete,duration,params_alpha,params_batch_size,params_drop_out_rate,params_encoder_neurons_layer_1,params_epochs,params_lambda,params_latent_dim,params_learning_rate,params_num_layers_decoder,params_num_layers_encoder,params_optimizer,user_attrs_encoder_decoder_config,user_attrs_first_layer_neurons,user_attrs_model_summary,user_attrs_neurons_per_layer_decoder,user_attrs_neurons_per_layer_encoder,user_attrs_r2_feature_1,user_attrs_relative_deterioration,state
359,0.3618455316353798,2025-05-07 00:38:05.846867,2025-05-07 00:38:50.993122,0 days 00:00:45.146255,0.06279068592622077,32,0.30000000000000004,176,160,0.0001144349562340711,1447,0.002476979351573915,5,4,adam,"{'neurons_per_layer_encoder': [176, 352, 704, 1408], 'neurons_per_layer_decoder': [1408, 704, 352, 176, 88]}",176,,"[1408, 704, 352, 176, 88]","[176, 352, 704, 1408]",[0.3618455316353798],0.4215791015266383,COMPLETE
360,-0.5146976881579948,2025-05-07 00:38:12.774987,2025-05-07 00:39:06.779170,0 days 00:00:54.004183,0.06757403271438149,48,0.30000000000000004,236,160,0.00011036941677856531,1913,0.0024737338411719464,5,4,adam,"{'neurons_per_layer_encoder': [236, 472, 944, 1888], 'neurons_per_layer_decoder': [1888, 944, 472, 236, 118]}",236,,"[1888, 944, 472, 236, 118]","[236, 472, 944, 1888]",[-0.5146976881579948],-0.7926180096188007,COMPLETE
361,-0.8144168536784062,2025-05-07 00:38:18.097480,2025-05-07 00:39:12.204305,0 days 00:00:54.106825,0.05350459250019476,24,0.30000000000000004,192,180,0.00012114081797085206,1569,0.0026271524128958583,5,4,adam,"{'neurons_per_layer_encoder': [192, 384, 768, 1536], 'neurons_per_layer_decoder': [1536, 768, 384, 192, 96]}",192,,"[1536, 768, 384, 192, 96]","[192, 384, 768, 1536]",[-0.8144168536784062],-0.723797541465764,COMPLETE
362,-2.305107798453427,2025-05-07 00:38:47.695243,2025-05-07 00:39:01.003218,0 days 00:00:13.307975,0.053715058436593896,24,0.30000000000000004,192,160,5.0139322483632614e-05,1569,0.002477210870445713,5,4,adam,"{'neurons_per_layer_encoder': [192, 384, 768, 1536], 'neurons_per_layer_decoder': [1536, 768, 384, 192, 96]}",192,,"[1536, 768, 384, 192, 96]","[192, 384, 768, 1536]",[-2.305107798453427],0.6176125547468926,COMPLETE
363,-1.101644199336532,2025-05-07 00:38:48.931645,2025-05-07 00:39:06.943310,0 days 00:00:18.011665,0.06729650375436576,24,0.1,176,160,0.0001321780038520956,1443,9.961114463224842e-05,5,4,adam,"{'neurons_per_layer_encoder': [176, 352, 704, 1408], 'neurons_per_layer_decoder': [1408, 704, 352, 176, 88]}",176,,"[1408, 704, 352, 176, 88]","[176, 352, 704, 1408]",[-1.101644199336532],0.890287901499317,COMPLETE
364,-0.07418660263856358,2025-05-07 00:38:51.009173,2025-05-07 00:39:32.178702,0 days 00:00:41.169529,0.06829949795211608,24,0.30000000000000004,192,160,0.0001335488101723649,1571,0.003040987158066901,5,4,adam,"{'neurons_per_layer_encoder': [192, 384, 768, 1536], 'neurons_per_layer_decoder': [1536, 768, 384, 192, 96]}",192,,"[1536, 768, 384, 192, 96]","[192, 384, 768, 1536]",[-0.07418660263856358],0.12600409497014753,COMPLETE
365,-0.40663760462261056,2025-05-07 00:39:01.089387,2025-05-07 00:39:19.700154,0 days 00:00:18.610767,0.06867113567108216,24,0.30000000000000004,180,180,0.00012818601617111568,1481,0.0001016231190257865,5,4,adam,"{'neurons_per_layer_encoder': [180, 360, 720, 1440], 'neurons_per_layer_decoder': [1440, 720, 360, 180, 90]}",180,,"[1440, 720, 360, 180, 90]","[180, 360, 720, 1440]",[-0.40663760462261056],0.9298889195313917,COMPLETE
366,-4.644796590998776,2025-05-07 00:39:06.791799,2025-05-07 00:39:46.279894,0 days 00:00:39.488095,0.04622151367200385,24,0.1,180,180,0.00013233078252147606,1473,0.0027936743018514777,5,4,adam,"{'neurons_per_layer_encoder': [180, 360, 720, 1440], 'neurons_per_layer_decoder': [1440, 720, 360, 180, 90]}",180,,"[1440, 720, 360, 180, 90]","[180, 360, 720, 1440]",[-4.644796590998776],-6.5886735544841875,COMPLETE
367,0.438323315050571,2025-05-07 00:39:06.957022,2025-05-07 00:39:46.005920,0 days 00:00:39.048898,0.04621249613983175,32,0.2,184,160,0.00013644952042321054,1502,0.002925683767504087,5,4,adadelta,"{'neurons_per_layer_encoder': [184, 368, 736, 1472], 'neurons_per_layer_decoder': [1472, 736, 368, 184, 92]}",184,,"[1472, 736, 368, 184, 92]","[184, 368, 736, 1472]",[0.438323315050571],0.9754154801233106,COMPLETE
368,0.5103943194965386,2025-05-07 00:39:12.215426,2025-05-07 00:39:41.531566,0 days 00:00:29.316140,0.04626776380376776,32,0.2,28,160,0.0001370465850701778,335,0.003014068017103117,5,4,adam,"{'neurons_per_layer_encoder': [28, 56, 112, 224], 'neurons_per_layer_decoder': [224, 112, 56, 28, 14]}",28,,"[224, 112, 56, 28, 14]","[28, 56, 112, 224]",[0.5103943194965386],0.45065084183108245,COMPLETE
369,-0.3882564509392463,2025-05-07 00:39:19.718741,2025-05-07 00:39:45.729836,0 days 00:00:26.011095,0.04996125452073392,104,0.30000000000000004,164,160,0.00014054302404513917,1303,0.0029909661041186883,5,3,adam,"{'neurons_per_layer_encoder': [164, 328, 656], 'neurons_per_layer_decoder': [656, 328, 164, 82, 41]}",164,,"[656, 328, 164, 82, 41]","[164, 328, 656]",[-0.3882564509392463],0.022436461162641842,COMPLETE
370,-1.4184448808932242,2025-05-07 00:39:32.192825,2025-05-07 00:39:42.694106,0 days 00:00:10.501281,0.04971644494931986,32,0.2,160,160,0.00014629340982574482,1338,0.0029516790226502745,5,4,adadelta,"{'neurons_per_layer_encoder': [160, 320, 640, 1280], 'neurons_per_layer_decoder': [1280, 640, 320, 160, 80]}",160,,"[1280, 640, 320, 160, 80]","[160, 320, 640, 1280]",[-1.4184448808932242],0.8967532105802875,COMPLETE
371,-1.6784994730362972,2025-05-07 00:39:41.546805,2025-05-07 00:39:49.488484,0 days 00:00:07.941679,0.05033341097101114,32,0.30000000000000004,164,160,0.00020120403725680815,1361,0.003831321802864285,5,4,adadelta,"{'neurons_per_layer_encoder': [164, 328, 656, 1312], 'neurons_per_layer_decoder': [1312, 656, 328, 164, 82]}",164,,"[1312, 656, 328, 164, 82]","[164, 328, 656, 1312]",[-1.6784994730362972],0.9083672031286225,COMPLETE
372,0.3813535116896225,2025-05-07 00:39:42.708745,2025-05-07 00:40:08.007600,0 days 00:00:25.298855,0.075223465285524,40,0.30000000000000004,184,140,0.000218096692503769,1508,0.003766588931923044,5,4,adam,"{'neurons_per_layer_encoder': [184, 368, 736, 1472], 'neurons_per_layer_decoder': [1472, 736, 368, 184, 92]}",184,,"[1472, 736, 368, 184, 92]","[184, 368, 736, 1472]",[0.3813535116896225],0.36867632818498897,COMPLETE
373,0.20718167073703386,2025-05-07 00:39:45.756527,2025-05-07 00:40:00.042673,0 days 00:00:14.286146,0.056524903822434726,40,0.30000000000000004,36,140,0.0002071251214186066,527,0.003862284581467531,5,4,adam,"{'neurons_per_layer_encoder': [36, 72, 144, 288], 'neurons_per_layer_decoder': [288, 144, 72, 36, 18]}",36,,"[288, 144, 72, 36, 18]","[36, 72, 144, 288]",[0.20718167073703386],0.09741438209897123,COMPLETE
374,0.49832038271042334,2025-05-07 00:39:46.016637,2025-05-07 00:39:58.906748,0 days 00:00:12.890111,0.07607401957766972,40,0.30000000000000004,20,140,0.00018159205533824997,282,0.003802044909602275,5,4,adam,"{'neurons_per_layer_encoder': [20, 40, 80, 160], 'neurons_per_layer_decoder': [160, 80, 40, 20, 10]}",20,,"[160, 80, 40, 20, 10]","[20, 40, 80, 160]",[0.49832038271042334],0.5693992903197542,COMPLETE
375,0.33838654402610624,2025-05-07 00:39:46.289322,2025-05-07 00:40:01.027814,0 days 00:00:14.738492,0.07566247101267673,40,0.30000000000000004,36,140,0.0002057174321741846,499,0.003933523560359009,5,4,adam,"{'neurons_per_layer_encoder': [36, 72, 144, 288], 'neurons_per_layer_decoder': [288, 144, 72, 36, 18]}",36,,"[288, 144, 72, 36, 18]","[36, 72, 144, 288]",[0.33838654402610624],0.3521150107357874,COMPLETE
376,0.46702182146674776,2025-05-07 00:39:49.500993,2025-05-07 00:40:14.748828,0 days 00:00:25.247835,0.07512980311548904,40,0.30000000000000004,172,140,0.00021448790269471823,1421,0.004539688033934205,5,4,adam,"{'neurons_per_layer_encoder': [172, 344, 688, 1376], 'neurons_per_layer_decoder': [1376, 688, 344, 172, 86]}",172,,"[1376, 688, 344, 172, 86]","[172, 344, 688, 1376]",[0.46702182146674776],0.3620643628426149,COMPLETE
377,-1.7230431484755777,2025-05-07 00:39:58.919029,2025-05-07 00:40:08.061169,0 days 00:00:09.142140,0.05554504220534492,32,0.30000000000000004,204,200,1.631325708190887e-06,1665,0.005611558331503307,5,4,adam,"{'neurons_per_layer_encoder': [204, 408, 816, 1632], 'neurons_per_layer_decoder': [1632, 816, 408, 204, 102]}",204,,"[1632, 816, 408, 204, 102]","[204, 408, 816, 1632]",[-1.7230431484755777],-1.2726824003832224,COMPLETE
378,-0.5986065213859288,2025-05-07 00:40:00.054089,2025-05-07 00:40:11.077390,0 days 00:00:11.023301,0.054625780602512164,32,0.30000000000000004,160,200,0.00010157232929776887,1716,0.0002475608055489592,5,4,adam,"{'neurons_per_layer_encoder': [160, 320, 640, 1280], 'neurons_per_layer_decoder': [1280, 640, 320, 160, 80]}",160,,"[1280, 640, 320, 160, 80]","[160, 320, 640, 1280]",[-0.5986065213859288],0.8926290201653689,COMPLETE
379,0.3136951345316775,2025-05-07 00:40:01.041055,2025-05-07 00:40:45.389328,0 days 00:00:44.348273,0.06389463216937233,32,0.30000000000000004,172,200,0.00010279774044794818,1416,0.004589008074244971,5,4,adam,"{'neurons_per_layer_encoder': [172, 344, 688, 1376], 'neurons_per_layer_decoder': [1376, 688, 344, 172, 86]}",172,,"[1376, 688, 344, 172, 86]","[172, 344, 688, 1376]",[0.3136951345316775],0.12342920668670396,COMPLETE
380,0.45251465061700713,2025-05-07 00:40:08.028243,2025-05-07 00:40:49.868521,0 days 00:00:41.840278,0.06421890191374624,32,0.30000000000000004,136,200,9.538240159999844e-05,1144,0.004646604108445848,5,4,adam,"{'neurons_per_layer_encoder': [136, 272, 544, 1088], 'neurons_per_layer_decoder': [1088, 544, 272, 136, 68]}",136,,"[1088, 544, 272, 136, 68]","[136, 272, 544, 1088]",[0.45251465061700713],0.2832947324471282,COMPLETE
381,0.4201894746878899,2025-05-07 00:40:08.084040,2025-05-07 00:40:48.088236,0 days 00:00:40.004196,0.06553688888461101,32,0.30000000000000004,172,160,0.00010088278829271362,1414,0.004814500751858456,5,4,adam,"{'neurons_per_layer_encoder': [172, 344, 688, 1376], 'neurons_per_layer_decoder': [1376, 688, 344, 172, 86]}",172,,"[1376, 688, 344, 172, 86]","[172, 344, 688, 1376]",[0.4201894746878899],0.3091402755192041,COMPLETE
382,0.3751325075595384,2025-05-07 00:40:11.088137,2025-05-07 00:40:50.121217,0 days 00:00:39.033080,0.06243294311281308,32,0.30000000000000004,172,160,0.00016394084210764992,1423,0.00450646399031247,5,4,adam,"{'neurons_per_layer_encoder': [172, 344, 688, 1376], 'neurons_per_layer_decoder': [1376, 688, 344, 172, 86]}",172,,"[1376, 688, 344, 172, 86]","[172, 344, 688, 1376]",[0.3751325075595384],0.3748256352262658,COMPLETE
383,0.31057800258410906,2025-05-07 00:40:14.763252,2025-05-07 00:41:06.982126,0 days 00:00:52.218874,0.1510197486171402,32,0.30000000000000004,212,160,0.00016069979225257386,1729,0.00019758936350785123,5,4,adam,"{'neurons_per_layer_encoder': [212, 424, 848, 1696], 'neurons_per_layer_decoder': [1696, 848, 424, 212, 106]}",212,,"[1696, 848, 424, 212, 106]","[212, 424, 848, 1696]",[0.31057800258410906],0.9706884791810751,COMPLETE
384,0.5797005390069897,2025-05-07 00:40:45.412571,2025-05-07 00:41:28.244524,0 days 00:00:42.831953,0.14894510405695222,32,0.30000000000000004,164,160,0.00015958204321926895,1367,0.001978444636354089,5,4,adam,"{'neurons_per_layer_encoder': [164, 328, 656, 1312], 'neurons_per_layer_decoder': [1312, 656, 328, 164, 82]}",164,,"[1312, 656, 328, 164, 82]","[164, 328, 656, 1312]",[0.5797005390069897],0.6185542037191536,COMPLETE
385,0.5390258870093608,2025-05-07 00:40:48.101680,2025-05-07 00:41:35.870331,0 days 00:00:47.768651,0.05900554147515235,32,0.30000000000000004,212,160,0.00016265688674757287,1726,0.0022078152965125707,5,4,adam,"{'neurons_per_layer_encoder': [212, 424, 848, 1696], 'neurons_per_layer_decoder': [1696, 848, 424, 212, 106]}",212,,"[1696, 848, 424, 212, 106]","[212, 424, 848, 1696]",[0.5390258870093608],0.6161227709552689,COMPLETE
386,0.6277760662388475,2025-05-07 00:40:49.886801,2025-05-07 00:41:33.850985,0 days 00:00:43.964184,0.05692583379631949,32,0.30000000000000004,164,160,0.00016158179151753554,1360,0.002090671474812433,5,4,adam,"{'neurons_per_layer_encoder': [164, 328, 656, 1312], 'neurons_per_layer_decoder': [1312, 656, 328, 164, 82]}",164,,"[1312, 656, 328, 164, 82]","[164, 328, 656, 1312]",[0.6277760662388475],0.695607007532126,COMPLETE
387,0.5896761056715444,2025-05-07 00:40:50.131759,2025-05-07 00:41:33.874717,0 days 00:00:43.742958,0.05786964779196289,32,0.30000000000000004,164,160,0.000154363502240058,1362,0.002089812890698615,5,4,adam,"{'neurons_per_layer_encoder': [164, 328, 656, 1312], 'neurons_per_layer_decoder': [1312, 656, 328, 164, 82]}",164,,"[1312, 656, 328, 164, 82]","[164, 328, 656, 1312]",[0.5896761056715444],0.6043506937518078,COMPLETE
388,-1.0928910219004901,2025-05-07 00:41:06.994435,2025-05-07 00:41:26.770281,0 days 00:00:19.775846,0.0578607424426194,32,0.30000000000000004,164,160,7.6025215909368305e-06,2265,0.006846023534643185,5,4,adam,"{'neurons_per_layer_encoder': [164, 328, 656, 1312], 'neurons_per_layer_decoder': [1312, 656, 328, 164, 82]}",164,,"[1312, 656, 328, 164, 82]","[164, 328, 656, 1312]",[-1.0928910219004901],0.1642476418309682,COMPLETE
389,0.05059246539550333,2025-05-07 00:41:26.783981,2025-05-07 00:41:39.287529,0 days 00:00:12.503548,0.05278584618853547,32,0.30000000000000004,4,160,0.00011750221312215389,62,0.0021086827975343283,5,4,adam,"{'neurons_per_layer_encoder': [4, 8, 16, 32], 'neurons_per_layer_decoder': [32, 16, 8, 8, 8]}",4,,"[32, 16, 8, 8, 8]","[4, 8, 16, 32]",[0.05059246539550333],0.4173784783307241,COMPLETE
390,0.5242667106309207,2025-05-07 00:41:28.262570,2025-05-07 00:41:57.799533,0 days 00:00:29.536963,0.08455263496942711,32,0.30000000000000004,156,120,0.0002495206193829115,1325,0.0020629108241471588,5,4,adam,"{'neurons_per_layer_encoder': [156, 312, 624, 1248], 'neurons_per_layer_decoder': [1248, 624, 312, 156, 78]}",156,,"[1248, 624, 312, 156, 78]","[156, 312, 624, 1248]",[0.5242667106309207],0.7510118157136128,COMPLETE
391,0.48495993776671786,2025-05-07 00:41:33.866977,2025-05-07 00:42:03.350182,0 days 00:00:29.483205,0.14420523286199746,32,0.30000000000000004,160,120,0.0002523881090437116,1366,0.0020865295383499724,5,4,adam,"{'neurons_per_layer_encoder': [160, 320, 640, 1280], 'neurons_per_layer_decoder': [1280, 640, 320, 160, 80]}",160,,"[1280, 640, 320, 160, 80]","[160, 320, 640, 1280]",[0.48495993776671786],0.6494683355023312,COMPLETE
392,0.2678857555001969,2025-05-07 00:41:33.897978,2025-05-07 00:41:59.750421,0 days 00:00:25.852443,0.13421932594699593,32,0.30000000000000004,160,100,0.00023916921190023218,1360,0.0021257929497218346,5,4,adam,"{'neurons_per_layer_encoder': [160, 320, 640, 1280], 'neurons_per_layer_decoder': [1280, 640, 320, 160, 80]}",160,,"[1280, 640, 320, 160, 80]","[160, 320, 640, 1280]",[0.2678857555001969],0.5877121313845062,COMPLETE
393,0.620784323144769,2025-05-07 00:41:35.880600,2025-05-07 00:42:12.086032,0 days 00:00:36.205432,0.13939139929860514,32,0.30000000000000004,156,160,0.0002465561185841299,1366,0.0019472691188803007,5,4,adam,"{'neurons_per_layer_encoder': [156, 312, 624, 1248], 'neurons_per_layer_decoder': [1248, 624, 312, 156, 78]}",156,,"[1248, 624, 312, 156, 78]","[156, 312, 624, 1248]",[0.620784323144769],0.6532680408363875,COMPLETE
394,0.1289666507890943,2025-05-07 00:41:39.300743,2025-05-07 00:42:06.493351,0 days 00:00:27.192608,0.17395478487656693,32,0.30000000000000004,156,100,0.00018349482888468732,1362,0.001956773636087974,5,4,adam,"{'neurons_per_layer_encoder': [156, 312, 624, 1248], 'neurons_per_layer_decoder': [1248, 624, 312, 156, 78]}",156,,"[1248, 624, 312, 156, 78]","[156, 312, 624, 1248]",[0.1289666507890943],0.6258932175398222,COMPLETE
395,0.16508643198341832,2025-05-07 00:41:57.847640,2025-05-07 00:42:25.297448,0 days 00:00:27.449808,0.14567415955384436,32,0.30000000000000004,164,100,0.00017459858170396815,1373,0.0019975666967555292,5,4,adam,"{'neurons_per_layer_encoder': [164, 328, 656, 1312], 'neurons_per_layer_decoder': [1312, 656, 328, 164, 82]}",164,,"[1312, 656, 328, 164, 82]","[164, 328, 656, 1312]",[0.16508643198341832],0.6446756611909296,COMPLETE
396,0.3050450395293258,2025-05-07 00:41:59.778640,2025-05-07 00:42:39.034307,0 days 00:00:39.255667,0.14934021720499316,32,0.30000000000000004,164,160,0.00018259387168977032,1348,0.0022607642998822806,5,4,adam,"{'neurons_per_layer_encoder': [164, 328, 656, 1312], 'neurons_per_layer_decoder': [1312, 656, 328, 164, 82]}",164,,"[1312, 656, 328, 164, 82]","[164, 328, 656, 1312]",[0.3050450395293258],0.3135847050962778,COMPLETE
397,0.2707320115965475,2025-05-07 00:42:03.364161,2025-05-07 00:42:40.500609,0 days 00:00:37.136448,0.16350900278149103,40,0.30000000000000004,164,160,0.00019490571855380892,1373,0.001973672561869997,5,4,adam,"{'neurons_per_layer_encoder': [164, 328, 656, 1312], 'neurons_per_layer_decoder': [1312, 656, 328, 164, 82]}",164,,"[1312, 656, 328, 164, 82]","[164, 328, 656, 1312]",[0.2707320115965475],0.30140831865823453,COMPLETE
398,0.4098965679845472,2025-05-07 00:42:06.516280,2025-05-07 00:42:42.601396,0 days 00:00:36.085116,0.15781226603558843,40,0.30000000000000004,164,160,0.00017755948814598068,1383,0.0010858563275726275,5,4,adam,"{'neurons_per_layer_encoder': [164, 328, 656, 1312], 'neurons_per_layer_decoder': [1312, 656, 328, 164, 82]}",164,,"[1312, 656, 328, 164, 82]","[164, 328, 656, 1312]",[0.4098965679845472],0.8139503134338603,COMPLETE
399,0.2904593777683153,2025-05-07 00:42:12.099885,2025-05-07 00:42:49.729391,0 days 00:00:37.629506,0.13678485358964965,40,0.30000000000000004,164,160,0.00030637871880621166,1389,0.0014946597271664288,5,4,adam,"{'neurons_per_layer_encoder': [164, 328, 656, 1312], 'neurons_per_layer_decoder': [1312, 656, 328, 164, 82]}",164,,"[1312, 656, 328, 164, 82]","[164, 328, 656, 1312]",[0.2904593777683153],0.3860582930004581,COMPLETE
400,0.4984274202849954,2025-05-07 00:42:25.323494,2025-05-07 00:43:02.434955,0 days 00:00:37.111461,0.05795991334905746,40,0.30000000000000004,164,160,0.00018559651699693902,1383,0.0019132426976202059,5,4,adam,"{'neurons_per_layer_encoder': [164, 328, 656, 1312], 'neurons_per_layer_decoder': [1312, 656, 328, 164, 82]}",164,,"[1312, 656, 328, 164, 82]","[164, 328, 656, 1312]",[0.4984274202849954],0.6925787253567633,COMPLETE
401,0.011799669992929585,2025-05-07 00:42:39.053342,2025-05-07 00:43:19.482243,0 days 00:00:40.428901,0.057737172574703524,24,0.30000000000000004,156,160,0.00015301845974148587,1401,0.001909108501878864,5,4,adam,"{'neurons_per_layer_encoder': [156, 312, 624, 1248], 'neurons_per_layer_decoder': [1248, 624, 312, 156, 78]}",156,,"[1248, 624, 312, 156, 78]","[156, 312, 624, 1248]",[0.011799669992929585],0.38821239461328483,COMPLETE
402,-0.6278126042667822,2025-05-07 00:42:40.511437,2025-05-07 00:43:21.378609,0 days 00:00:40.867172,0.05780333929887717,24,0.30000000000000004,148,200,0.00029334993896994426,1406,0.002517896538038464,5,4,adam,"{'neurons_per_layer_encoder': [148, 296, 592, 1184], 'neurons_per_layer_decoder': [1184, 592, 296, 148, 74]}",148,,"[1184, 592, 296, 148, 74]","[148, 296, 592, 1184]",[-0.6278126042667822],-0.5008301659539466,COMPLETE
403,-3.1020845063002698,2025-05-07 00:42:42.613596,2025-05-07 00:42:53.298472,0 days 00:00:10.684876,0.058085886410153866,32,0.30000000000000004,156,200,0.0001506545407442618,1406,0.0014781686838804368,5,4,adam,"{'neurons_per_layer_encoder': [156, 312, 624, 1248], 'neurons_per_layer_decoder': [1248, 624, 312, 156, 78]}",156,,"[1248, 624, 312, 156, 78]","[156, 312, 624, 1248]",[-3.1020845063002698],0.779821539882207,COMPLETE
404,-0.6208859493059165,2025-05-07 00:42:49.746405,2025-05-07 00:43:01.666079,0 days 00:00:11.919674,0.05787356698512021,72,0.30000000000000004,148,200,4.462117175045645e-05,1398,0.002362661523973689,5,4,adam,"{'neurons_per_layer_encoder': [148, 296, 592, 1184], 'neurons_per_layer_decoder': [1184, 592, 296, 148, 74]}",148,,"[1184, 592, 296, 148, 74]","[148, 296, 592, 1184]",[-0.6208859493059165],0.7311056845427777,COMPLETE
405,-0.5773114953961707,2025-05-07 00:42:53.313571,2025-05-07 00:43:38.420305,0 days 00:00:45.106734,0.05449424864056442,24,0.30000000000000004,148,160,0.0001465460025254604,1343,0.0018043717557146,5,4,adam,"{'neurons_per_layer_encoder': [148, 296, 592, 1184], 'neurons_per_layer_decoder': [1184, 592, 296, 148, 74]}",148,,"[1184, 592, 296, 148, 74]","[148, 296, 592, 1184]",[-0.5773114953961707],-0.3048850006468045,COMPLETE
406,-3.533973766699348,2025-05-07 00:43:01.679668,2025-05-07 00:43:14.701260,0 days 00:00:13.021592,0.05379759483234881,24,0.30000000000000004,168,160,3.0091667845772767e-05,1394,0.001790629737228111,5,4,adam,"{'neurons_per_layer_encoder': [168, 336, 672, 1344], 'neurons_per_layer_decoder': [1344, 672, 336, 168, 84]}",168,,"[1344, 672, 336, 168, 84]","[168, 336, 672, 1344]",[-3.533973766699348],0.09755987916564256,COMPLETE
407,0.0015010754698202566,2025-05-07 00:43:02.468388,2025-05-07 00:43:48.783273,0 days 00:00:46.314885,0.05258870049207239,24,0.30000000000000004,172,160,0.00015374112399432353,1416,0.0025449459672287865,5,4,adam,"{'neurons_per_layer_encoder': [172, 344, 688, 1376], 'neurons_per_layer_decoder': [1376, 688, 344, 172, 86]}",172,,"[1376, 688, 344, 172, 86]","[172, 344, 688, 1376]",[0.0015010754698202566],0.058218319664271656,COMPLETE
408,0.14742008394217354,2025-05-07 00:43:14.720687,2025-05-07 00:43:54.982861,0 days 00:00:40.262174,0.06264652140571313,24,0.30000000000000004,156,160,0.00015078705689193741,1344,0.0026031845254311137,5,4,adam,"{'neurons_per_layer_encoder': [156, 312, 624, 1248], 'neurons_per_layer_decoder': [1248, 624, 312, 156, 78]}",156,,"[1248, 624, 312, 156, 78]","[156, 312, 624, 1248]",[0.14742008394217354],0.19689837563691634,COMPLETE
