number,values_0,values_1,datetime_start,datetime_complete,duration,params_alpha,params_batch_size,params_drop_out_rate,params_encoder_neurons_layer_1,params_epochs,params_lambda,params_latent_dim,params_learning_rate,params_num_layers_decoder,params_num_layers_encoder,params_optimizer,user_attrs_encoder_decoder_config,user_attrs_first_layer_neurons,user_attrs_neurons_per_layer_decoder,user_attrs_neurons_per_layer_encoder,user_attrs_r2_feature_1,user_attrs_r2_feature_2,user_attrs_relative_deterioration,state
465,0.4301892006310276,0.07090120778893094,2024-12-23 10:59:54.418862,2024-12-23 10:59:56.947209,0 days 00:00:02.528347,0.08594701036023819,120,0.30000000000000004,800,100,2.071943393081014e-06,72,0.00598602406955085,1,3,adam,"{'neurons_per_layer_encoder': [800, 400, 200], 'neurons_per_layer_decoder': [200]}",800,[200],"[800, 400, 200]",[0.4301892006310276],[0.07090120778893094],-0.47223108250615436,COMPLETE
466,0.06214712611183004,0.00043130512980660285,2024-12-23 10:59:54.861380,2024-12-23 10:59:58.340796,0 days 00:00:03.479416,0.022474843692400805,120,0.1,352,100,0.0009256014763134926,17,0.005321817371318012,1,3,adam,"{'neurons_per_layer_encoder': [352, 176, 88], 'neurons_per_layer_decoder': [88]}",352,[88],"[352, 176, 88]",[0.06214712611183004],[0.00043130512980660285],-0.11090333956228489,COMPLETE
467,0.119849314643932,-0.09072789915557156,2024-12-23 10:59:55.716389,2024-12-23 10:59:59.256666,0 days 00:00:03.540277,0.04861361810991349,40,0.1,960,100,2.1171358431850184e-06,80,0.005376768540824718,1,3,adam,"{'neurons_per_layer_encoder': [960, 480, 240], 'neurons_per_layer_decoder': [240]}",960,[240],"[960, 480, 240]",[0.119849314643932],[-0.09072789915557156],-2.1209172713033726,COMPLETE
468,0.2088342429500334,0.12055923831311888,2024-12-23 10:59:56.004087,2024-12-23 10:59:59.856504,0 days 00:00:03.852417,0.1905821074709717,40,0.1,336,100,0.0009671016975648602,16,0.005175470056878793,1,3,adam,"{'neurons_per_layer_encoder': [336, 168, 84], 'neurons_per_layer_decoder': [84]}",336,[84],"[336, 168, 84]",[0.2088342429500334],[0.12055923831311888],-0.46927265124699236,COMPLETE
469,0.34833227994457383,0.00685523944563915,2024-12-23 10:59:56.492002,2024-12-23 11:00:01.608187,0 days 00:00:05.116185,0.019509229368182387,40,0.1,960,100,0.0005106995576686076,80,0.004979616237586006,1,3,adam,"{'neurons_per_layer_encoder': [960, 480, 240], 'neurons_per_layer_decoder': [240]}",960,[240],"[960, 480, 240]",[0.34833227994457383],[0.00685523944563915],-0.12852027236983132,COMPLETE
470,0.5012622353179569,0.14996038640539688,2024-12-23 10:59:56.764703,2024-12-23 11:00:00.880181,0 days 00:00:04.115478,0.02820761995224766,40,0.1,384,100,2.7038352381481156e-06,19,6.272666854011293e-05,1,3,adam,"{'neurons_per_layer_encoder': [384, 192, 96], 'neurons_per_layer_decoder': [96]}",384,[96],"[384, 192, 96]",[0.5012622353179569],[0.14996038640539688],-0.42867817638472056,COMPLETE
471,0.44040125490055737,-0.09906971375660278,2024-12-23 10:59:56.953722,2024-12-23 11:00:00.844961,0 days 00:00:03.891239,0.019876807927113438,40,0.1,384,100,0.00017492604763237208,19,0.004903388622174277,1,3,adam,"{'neurons_per_layer_encoder': [384, 192, 96], 'neurons_per_layer_decoder': [96]}",384,[96],"[384, 192, 96]",[0.44040125490055737],[-0.09906971375660278],-0.4904782371427687,COMPLETE
472,0.5853194550182446,0.4845941019401332,2024-12-23 10:59:58.349770,2024-12-23 11:00:02.272270,0 days 00:00:03.922500,0.0438596986717108,40,0.1,384,100,2.672816453062589e-06,19,0.003228016997675574,1,3,adam,"{'neurons_per_layer_encoder': [384, 192, 96], 'neurons_per_layer_decoder': [96]}",384,[96],"[384, 192, 96]",[0.5853194550182446],[0.4845941019401332],-1.0490349785243256,COMPLETE
473,-0.6958595086773498,-0.05772561940860799,2024-12-23 10:59:59.263399,2024-12-23 11:00:01.392671,0 days 00:00:02.129272,0.043376687448392535,104,0.1,384,100,2.8163717712768815e-06,19,4.341756239032832e-05,1,3,adam,"{'neurons_per_layer_encoder': [384, 192, 96], 'neurons_per_layer_decoder': [96]}",384,[96],"[384, 192, 96]",[-0.6958595086773498],[-0.05772561940860799],-0.7048906260058523,COMPLETE
474,0.4998136782601824,0.21193613891367913,2024-12-23 10:59:59.863325,2024-12-23 11:00:03.907222,0 days 00:00:04.043897,0.05630717392231232,40,0.2,384,100,2.7519113567733427e-06,19,0.0035576965071249184,1,3,adam,"{'neurons_per_layer_encoder': [384, 192, 96], 'neurons_per_layer_decoder': [96]}",384,[96],"[384, 192, 96]",[0.4998136782601824],[0.21193613891367913],-1.3498302396247945,COMPLETE
475,0.5844110089680477,0.41206270379652055,2024-12-23 11:00:00.857625,2024-12-23 11:00:06.813940,0 days 00:00:05.956315,0.10128949854211364,40,0.2,464,100,2.8602770962654037e-06,23,0.003884547860134631,1,3,adam,"{'neurons_per_layer_encoder': [464, 232, 116], 'neurons_per_layer_decoder': [116]}",464,[116],"[464, 232, 116]",[0.5844110089680477],[0.41206270379652055],-0.8856155330597405,COMPLETE
476,0.05231041527637481,-0.16273701277400932,2024-12-23 11:00:00.890260,2024-12-23 11:00:06.307261,0 days 00:00:05.417001,0.05750206987457679,56,0.2,464,100,0.0004874043665508425,23,0.0032957091290817895,1,3,adam,"{'neurons_per_layer_encoder': [464, 232, 116], 'neurons_per_layer_decoder': [116]}",464,[116],"[464, 232, 116]",[0.05231041527637481],[-0.16273701277400932],-0.8034259480291981,COMPLETE
477,-2.649198423287164,-5.072600697034947,2024-12-23 11:00:01.399819,2024-12-23 11:00:11.585635,0 days 00:00:10.185816,0.05947249968427456,72,0.2,1024,100,1.7476661147982611e-06,294,0.003324349223200957,5,2,adam,"{'neurons_per_layer_encoder': [1024, 512], 'neurons_per_layer_decoder': [512, 1024, 2048, 4096, 8192]}",1024,"[512, 1024, 2048, 4096, 8192]","[1024, 512]",[-2.649198423287164],[-5.072600697034947],-0.29441974960294814,COMPLETE
478,0.22640786490180564,-0.10754823522903978,2024-12-23 11:00:01.615835,2024-12-23 11:00:08.918417,0 days 00:00:07.302582,0.013319848147692203,40,0.2,1024,100,1.2919821985859366e-05,12,0.003380977515831658,3,5,sgd,"{'neurons_per_layer_encoder': [1024, 512, 256, 128, 64], 'neurons_per_layer_decoder': [64, 128, 256]}",1024,"[64, 128, 256]","[1024, 512, 256, 128, 64]",[0.22640786490180564],[-0.10754823522903978],0.42232802896595417,COMPLETE
479,-0.8290478802599206,-0.03274179524013654,2024-12-23 11:00:02.279290,2024-12-23 11:00:04.013196,0 days 00:00:01.733906,0.03707616725266268,128,0.2,368,100,2.413290158725484e-06,68,0.0029156492335183286,3,2,sgd,"{'neurons_per_layer_encoder': [368, 184], 'neurons_per_layer_decoder': [184, 368, 736]}",368,"[184, 368, 736]","[368, 184]",[-0.8290478802599206],[-0.03274179524013654],0.1274055704002689,COMPLETE
480,-0.9246216551526709,7.074944824814189e-05,2024-12-23 11:00:03.915814,2024-12-23 11:00:07.406034,0 days 00:00:03.490220,0.03246172701566732,72,0.2,368,100,2.3158494534301776e-06,4,0.0029027307084413846,3,5,sgd,"{'neurons_per_layer_encoder': [368, 184, 92, 46, 23], 'neurons_per_layer_decoder': [23, 46, 92]}",368,"[23, 46, 92]","[368, 184, 92, 46, 23]",[-0.9246216551526709],[7.074944824814189e-05],0.07205722804030551,COMPLETE
481,-1.1544762563800268,-0.14743320417571737,2024-12-23 11:00:04.025755,2024-12-23 11:00:11.568714,0 days 00:00:07.542959,0.04656812076377074,40,0.2,368,100,2.3369657879412246e-06,4,0.002259594920902177,5,5,adadelta,"{'neurons_per_layer_encoder': [368, 184, 92, 46, 23], 'neurons_per_layer_decoder': [23, 46, 92, 184, 368]}",368,"[23, 46, 92, 184, 368]","[368, 184, 92, 46, 23]",[-1.1544762563800268],[-0.14743320417571737],0.2640364438903687,COMPLETE
482,-0.07879754470212474,-0.023169635521482324,2024-12-23 11:00:06.314943,2024-12-23 11:00:14.137656,0 days 00:00:07.822713,0.047777183375032846,72,0.30000000000000004,368,100,2.3757056040749323e-06,9,0.0027500074353940317,5,4,adadelta,"{'neurons_per_layer_encoder': [368, 184, 92, 46], 'neurons_per_layer_decoder': [46, 92, 184, 368, 736]}",368,"[46, 92, 184, 368, 736]","[368, 184, 92, 46]",[-0.07879754470212474],[-0.023169635521482324],0.40763466513483226,COMPLETE
483,-0.7263040217487047,-0.11831749100482747,2024-12-23 11:00:06.823005,2024-12-23 11:00:13.411991,0 days 00:00:06.588986,0.02679739855066688,72,0.30000000000000004,416,100,2.271161276043701e-06,5,0.0026322849068149017,5,5,adadelta,"{'neurons_per_layer_encoder': [416, 208, 104, 52, 26], 'neurons_per_layer_decoder': [26, 52, 104, 208, 416]}",416,"[26, 52, 104, 208, 416]","[416, 208, 104, 52, 26]",[-0.7263040217487047],[-0.11831749100482747],0.2917347303175452,COMPLETE
484,-0.031188163927817536,-0.24105891662297219,2024-12-23 11:00:07.414252,2024-12-23 11:00:15.857145,0 days 00:00:08.442893,0.04566784765533406,56,0.30000000000000004,416,100,2.5481606046559544e-06,10,0.003324527921998033,5,4,adadelta,"{'neurons_per_layer_encoder': [416, 208, 104, 52], 'neurons_per_layer_decoder': [52, 104, 208, 416, 832]}",416,"[52, 104, 208, 416, 832]","[416, 208, 104, 52]",[-0.031188163927817536],[-0.24105891662297219],0.3623942044114581,COMPLETE
485,-1.4005552328490163,-0.0031080330818733515,2024-12-23 11:00:08.926667,2024-12-23 11:00:14.323002,0 days 00:00:05.396335,0.04689002288683052,56,0.30000000000000004,416,100,2.599543275840191e-06,10,0.002742435442844651,5,4,adadelta,"{'neurons_per_layer_encoder': [416, 208, 104, 52], 'neurons_per_layer_decoder': [52, 104, 208, 416, 832]}",416,"[52, 104, 208, 416, 832]","[416, 208, 104, 52]",[-1.4005552328490163],[-0.0031080330818733515],0.3658569246227019,COMPLETE
486,-0.035052335341037244,-0.14244530843702452,2024-12-23 11:00:11.575959,2024-12-23 11:00:18.050874,0 days 00:00:06.474915,0.03702061189891328,56,0.30000000000000004,416,100,1.6492806217625403e-06,10,0.0027828888388578884,5,4,adadelta,"{'neurons_per_layer_encoder': [416, 208, 104, 52], 'neurons_per_layer_decoder': [52, 104, 208, 416, 832]}",416,"[52, 104, 208, 416, 832]","[416, 208, 104, 52]",[-0.035052335341037244],[-0.14244530843702452],0.30129820255649975,COMPLETE
487,-1.0534232339509435,0.004920668976106768,2024-12-23 11:00:11.595023,2024-12-23 11:00:14.220115,0 days 00:00:02.625092,0.041871037572453224,56,0.30000000000000004,400,100,2.0185724626908154e-05,10,0.002687828507543761,1,4,adadelta,"{'neurons_per_layer_encoder': [400, 200, 100, 50], 'neurons_per_layer_decoder': [50]}",400,[50],"[400, 200, 100, 50]",[-1.0534232339509435],[0.004920668976106768],0.4253901534170676,COMPLETE
488,0.3914542554860736,0.049219567819489995,2024-12-23 11:00:13.418726,2024-12-23 11:00:17.776915,0 days 00:00:04.358189,0.0533672082601338,56,0.30000000000000004,448,100,2.6599143341174477e-06,11,0.003865215577239588,1,4,adam,"{'neurons_per_layer_encoder': [448, 224, 112, 56], 'neurons_per_layer_decoder': [56]}",448,[56],"[448, 224, 112, 56]",[0.3914542554860736],[0.049219567819489995],-1.2664298977600916,COMPLETE
489,0.2536697289454002,0.004594830850345177,2024-12-23 11:00:14.144975,2024-12-23 11:00:18.069317,0 days 00:00:03.924342,0.05386489841355782,56,0.30000000000000004,448,100,2.6879459019153314e-06,11,0.0039015250342966643,1,4,adam,"{'neurons_per_layer_encoder': [448, 224, 112, 56], 'neurons_per_layer_decoder': [56]}",448,[56],"[448, 224, 112, 56]",[0.2536697289454002],[0.004594830850345177],-1.474458113486416,COMPLETE
490,0.19561049194235114,0.07760233058290944,2024-12-23 11:00:14.226162,2024-12-23 11:00:17.676940,0 days 00:00:03.450778,0.03499281856029956,96,0.30000000000000004,416,100,2.7490358626545817e-06,243,0.0038721103578126977,1,1,adam,"{'neurons_per_layer_encoder': [416], 'neurons_per_layer_decoder': [416]}",416,[416],[416],[0.19561049194235114],[0.07760233058290944],-2.95018433363988,COMPLETE
491,0.19645783046725795,0.16152103192526857,2024-12-23 11:00:14.330122,2024-12-23 11:00:18.259786,0 days 00:00:03.929664,0.02993695607812253,56,0.30000000000000004,608,100,2.9702725941018016e-06,345,1.2550418444667603e-05,1,1,adam,"{'neurons_per_layer_encoder': [608], 'neurons_per_layer_decoder': [608]}",608,[608],[608],[0.19645783046725795],[0.16152103192526857],0.17256774430895488,COMPLETE
492,-0.9803144945283377,-0.011225017055419562,2024-12-23 11:00:15.864703,2024-12-23 11:00:17.725745,0 days 00:00:01.861042,0.033198760421257606,64,0.4,400,100,2.820140592801247e-06,240,1.2189384677044628e-05,1,1,adam,"{'neurons_per_layer_encoder': [400], 'neurons_per_layer_decoder': [400]}",400,[400],[400],[-0.9803144945283377],[-0.011225017055419562],0.24497568577839912,COMPLETE
493,0.10853846366881437,0.06834630008076348,2024-12-23 11:00:17.683090,2024-12-23 11:00:21.567513,0 days 00:00:03.884423,0.030785516992941464,64,0.4,384,100,4.682703658867708e-05,19,0.007664370571438648,2,3,adam,"{'neurons_per_layer_encoder': [384, 192, 96], 'neurons_per_layer_decoder': [96, 192]}",384,"[96, 192]","[384, 192, 96]",[0.10853846366881437],[0.06834630008076348],-0.48760753717230143,COMPLETE
494,0.2797946434294508,0.06214443782144208,2024-12-23 11:00:17.733133,2024-12-23 11:00:21.325924,0 days 00:00:03.592791,0.05367140732663684,88,0.30000000000000004,448,100,1.6166792942859081e-06,22,0.003937256978777485,1,3,adam,"{'neurons_per_layer_encoder': [448, 224, 112], 'neurons_per_layer_decoder': [112]}",448,[112],"[448, 224, 112]",[0.2797946434294508],[0.06214443782144208],-2.5935722417507554,COMPLETE
495,0.2392650937970674,0.0949583113906951,2024-12-23 11:00:17.786469,2024-12-23 11:00:20.785555,0 days 00:00:02.999086,0.07503412592134251,64,0.30000000000000004,384,100,1.6865988905486816e-06,19,0.003944077858783197,1,3,adam,"{'neurons_per_layer_encoder': [384, 192, 96], 'neurons_per_layer_decoder': [96]}",384,[96],"[384, 192, 96]",[0.2392650937970674],[0.0949583113906951],-2.3919198771968526,COMPLETE
496,0.12092391258436253,-0.05849279154321274,2024-12-23 11:00:18.059420,2024-12-23 11:00:21.569529,0 days 00:00:03.510109,0.061949088979206354,96,0.30000000000000004,352,100,0.00025005887745671747,17,7.820788161545586e-05,1,3,adam,"{'neurons_per_layer_encoder': [352, 176, 88], 'neurons_per_layer_decoder': [88]}",352,[88],"[352, 176, 88]",[0.12092391258436253],[-0.05849279154321274],0.686154544789651,COMPLETE
497,-0.023755700117225276,-0.024966770533539684,2024-12-23 11:00:18.078129,2024-12-23 11:00:20.978430,0 days 00:00:02.900301,0.03054626076306373,80,0.30000000000000004,384,100,1.3064886529436612e-06,19,0.003974561771001825,2,3,sgd,"{'neurons_per_layer_encoder': [384, 192, 96], 'neurons_per_layer_decoder': [96, 192]}",384,"[96, 192]","[384, 192, 96]",[-0.023755700117225276],[-0.024966770533539684],0.2595638172338164,COMPLETE
498,-0.25888523732074065,-0.1235988168388571,2024-12-23 11:00:18.267277,2024-12-23 11:00:21.130502,0 days 00:00:02.863225,0.02450497404228073,80,0.4,384,100,0.0001258741687538109,19,0.003816402686318646,2,3,sgd,"{'neurons_per_layer_encoder': [384, 192, 96], 'neurons_per_layer_decoder': [96, 192]}",384,"[96, 192]","[384, 192, 96]",[-0.25888523732074065],[-0.1235988168388571],0.645627757451319,COMPLETE
499,-0.7706791257567029,-0.02659011729404437,2024-12-23 11:00:20.792671,2024-12-23 11:00:22.329508,0 days 00:00:01.536837,0.06167104786731341,88,0.4,352,100,4.7455677633750137e-05,17,0.0011244609586808423,2,3,sgd,"{'neurons_per_layer_encoder': [352, 176, 88], 'neurons_per_layer_decoder': [88, 176]}",352,"[88, 176]","[352, 176, 88]",[-0.7706791257567029],[-0.02659011729404437],0.5146693022713816,COMPLETE
500,0.1532079460226674,0.01039957542932679,2024-12-23 11:00:20.987393,2024-12-23 11:00:23.472210,0 days 00:00:02.484817,0.10293856590614231,96,0.4,368,100,1.8647960480959927e-06,18,0.007629270395566638,2,3,adam,"{'neurons_per_layer_encoder': [368, 184, 92], 'neurons_per_layer_decoder': [92, 184]}",368,"[92, 184]","[368, 184, 92]",[0.1532079460226674],[0.01039957542932679],-1.1736777570304644,COMPLETE
501,0.23497865375102012,0.038853971358001727,2024-12-23 11:00:21.136861,2024-12-23 11:00:24.734193,0 days 00:00:03.597332,0.10521637626664473,88,0.30000000000000004,400,100,1.9001868455993635e-06,20,0.0011965529303033223,1,3,adam,"{'neurons_per_layer_encoder': [400, 200, 100], 'neurons_per_layer_decoder': [100]}",400,[100],"[400, 200, 100]",[0.23497865375102012],[0.038853971358001727],-1.2046667240842432,COMPLETE
502,0.1573509177379131,-0.01939337302759081,2024-12-23 11:00:21.333467,2024-12-23 11:00:25.315926,0 days 00:00:03.982459,0.02065894215314391,64,0.30000000000000004,768,100,2.1412266714088084e-06,70,0.0012227473825891257,1,3,adam,"{'neurons_per_layer_encoder': [768, 384, 192], 'neurons_per_layer_decoder': [192]}",768,[192],"[768, 384, 192]",[0.1573509177379131],[-0.01939337302759081],-2.122164466575726,COMPLETE
503,0.2601852711236228,0.11910085466304432,2024-12-23 11:00:21.576775,2024-12-23 11:00:25.559655,0 days 00:00:03.982880,0.1146822665653801,88,0.30000000000000004,352,100,1.970657549723248e-06,17,0.001202291170492436,1,3,adam,"{'neurons_per_layer_encoder': [352, 176, 88], 'neurons_per_layer_decoder': [88]}",352,[88],"[352, 176, 88]",[0.2601852711236228],[0.11910085466304432],-1.244776185005756,COMPLETE
504,0.28612170620826005,0.044244576470657715,2024-12-23 11:00:21.577083,2024-12-23 11:00:25.543761,0 days 00:00:03.966678,0.10584442468610379,64,0.30000000000000004,688,100,2.1527638891784717e-06,66,2.5817481900124254e-05,1,3,adam,"{'neurons_per_layer_encoder': [688, 344, 172], 'neurons_per_layer_decoder': [172]}",688,[172],"[688, 344, 172]",[0.28612170620826005],[0.044244576470657715],0.10095735305677811,COMPLETE
505,0.27561057449411264,0.18396126024308157,2024-12-23 11:00:22.335873,2024-12-23 11:00:26.358672,0 days 00:00:04.022799,0.11379283336676099,112,0.30000000000000004,688,100,1.8948258610356293e-06,66,0.0022230745694659837,1,3,adam,"{'neurons_per_layer_encoder': [688, 344, 172], 'neurons_per_layer_decoder': [172]}",688,[172],"[688, 344, 172]",[0.27561057449411264],[0.18396126024308157],-1.4488935763498694,COMPLETE
506,-0.9412440004045677,0.008885181161680245,2024-12-23 11:00:23.479518,2024-12-23 11:00:25.868083,0 days 00:00:02.388565,0.021242006642866264,104,0.30000000000000004,640,100,2.215873310393649e-06,160,1.862351655141383e-05,1,2,adam,"{'neurons_per_layer_encoder': [640, 320], 'neurons_per_layer_decoder': [320]}",640,[320],"[640, 320]",[-0.9412440004045677],[0.008885181161680245],-0.049705747269104365,COMPLETE
507,-0.197731367761232,-0.2554830985778762,2024-12-23 11:00:24.741892,2024-12-23 11:00:28.184529,0 days 00:00:03.442637,0.02025780703113619,64,0.30000000000000004,352,100,2.241888127509518e-06,17,1.5483793563641564e-05,1,3,adam,"{'neurons_per_layer_encoder': [352, 176, 88], 'neurons_per_layer_decoder': [88]}",352,[88],"[352, 176, 88]",[-0.197731367761232],[-0.2554830985778762],0.040532716820197656,COMPLETE
508,0.12898252889935236,-0.05275885518417023,2024-12-23 11:00:25.323615,2024-12-23 11:00:27.736293,0 days 00:00:02.412678,0.03890636493256067,80,0.30000000000000004,640,100,2.104888890488882e-06,64,0.004602170446017338,1,3,adam,"{'neurons_per_layer_encoder': [640, 320, 160], 'neurons_per_layer_decoder': [160]}",640,[160],"[640, 320, 160]",[0.12898252889935236],[-0.05275885518417023],-2.2181636747325935,COMPLETE
509,0.17653685913828088,0.04189417453320987,2024-12-23 11:00:25.550266,2024-12-23 11:00:27.984708,0 days 00:00:02.434442,0.11588144780617392,72,0.1,368,100,2.2497367835114427e-06,18,0.004757884613523506,1,3,adam,"{'neurons_per_layer_encoder': [368, 184, 92], 'neurons_per_layer_decoder': [92]}",368,[92],"[368, 184, 92]",[0.17653685913828088],[0.04189417453320987],-3.834424062208182,COMPLETE
510,-0.5784227644229529,-0.12445258858007757,2024-12-23 11:00:25.567915,2024-12-23 11:00:27.689804,0 days 00:00:02.121889,0.018268494627918186,112,0.1,400,100,2.415078647386284e-06,20,9.295848150913196e-05,1,3,adam,"{'neurons_per_layer_encoder': [400, 200, 100], 'neurons_per_layer_decoder': [100]}",400,[100],"[400, 200, 100]",[-0.5784227644229529],[-0.12445258858007757],-0.663054679784297,COMPLETE
511,0.07599366608889158,-0.16990586708731836,2024-12-23 11:00:25.874988,2024-12-23 11:00:28.538739,0 days 00:00:02.663751,0.039166722317590275,72,0.1,400,100,2.933566617783753e-06,20,0.005075689115597413,1,3,adam,"{'neurons_per_layer_encoder': [400, 200, 100], 'neurons_per_layer_decoder': [100]}",400,[100],"[400, 200, 100]",[0.07599366608889158],[-0.16990586708731836],-5.232417685825302,COMPLETE
512,0.0005501254289681512,-0.1149942507125501,2024-12-23 11:00:26.365690,2024-12-23 11:00:28.771078,0 days 00:00:02.405388,0.050830276183317154,72,0.1,400,100,2.3529166256018644e-06,20,0.009624242417954844,1,3,adam,"{'neurons_per_layer_encoder': [400, 200, 100], 'neurons_per_layer_decoder': [100]}",400,[100],"[400, 200, 100]",[0.0005501254289681512],[-0.1149942507125501],-4.391647589924228,COMPLETE
513,-0.9285591120885175,-0.0001611050664545033,2024-12-23 11:00:27.696545,2024-12-23 11:00:30.233437,0 days 00:00:02.536892,0.023574918530063292,72,0.1,368,100,2.9330492376000368e-06,18,1.478757906406934e-05,3,3,adam,"{'neurons_per_layer_encoder': [368, 184, 92], 'neurons_per_layer_decoder': [92, 184, 368]}",368,"[92, 184, 368]","[368, 184, 92]",[-0.9285591120885175],[-0.0001611050664545033],0.20579329266044477,COMPLETE
514,0.20045566834849182,-0.11298245143802621,2024-12-23 11:00:27.743278,2024-12-23 11:00:32.181006,0 days 00:00:04.437728,0.19937068438296507,72,0.1,496,100,3.0172612014875633e-06,24,0.0018024496525593117,3,3,adam,"{'neurons_per_layer_encoder': [496, 248, 124], 'neurons_per_layer_decoder': [124, 248, 496]}",496,"[124, 248, 496]","[496, 248, 124]",[0.20045566834849182],[-0.11298245143802621],-2.9783488274979266,COMPLETE
515,-0.12712644296410347,0.12927653214877421,2024-12-23 11:00:27.991945,2024-12-23 11:00:31.500495,0 days 00:00:03.508550,0.023688133114230438,48,0.1,400,100,2.82232059432261e-06,20,0.0006602185386653559,3,3,sgd,"{'neurons_per_layer_encoder': [400, 200, 100], 'neurons_per_layer_decoder': [100, 200, 400]}",400,"[100, 200, 400]","[400, 200, 100]",[-0.12712644296410347],[0.12927653214877421],0.24197267254791643,COMPLETE
