number,values_0,values_1,datetime_start,datetime_complete,duration,params_alpha,params_batch_size,params_drop_out_rate,params_encoder_neurons_layer_1,params_epochs,params_lambda,params_latent_dim,params_learning_rate,params_num_layers_decoder,params_num_layers_encoder,params_optimizer,user_attrs_encoder_decoder_config,user_attrs_first_layer_neurons,user_attrs_neurons_per_layer_decoder,user_attrs_neurons_per_layer_encoder,user_attrs_r2_feature_1,user_attrs_r2_feature_2,user_attrs_relative_deterioration,state
619,0.15827382256257783,-0.034376514933561975,2024-12-23 11:02:48.151420,2024-12-23 11:02:51.238746,0 days 00:00:03.087326,0.04969920791503839,80,0.2,352,100,1.7516918468048145e-06,17,0.004776021450124736,1,3,adam,"{'neurons_per_layer_encoder': [352, 176, 88], 'neurons_per_layer_decoder': [88]}",352,[88],"[352, 176, 88]",[0.15827382256257783],[-0.034376514933561975],-3.132269806944925,COMPLETE
620,0.21113113293613428,0.008998174428915928,2024-12-23 11:02:49.211002,2024-12-23 11:02:51.904031,0 days 00:00:02.693029,0.04957620885081548,64,0.2,848,100,2.0188244573450526e-06,106,0.004733300460854424,1,3,adam,"{'neurons_per_layer_encoder': [848, 424, 212], 'neurons_per_layer_decoder': [212]}",848,[212],"[848, 424, 212]",[0.21113113293613428],[0.008998174428915928],-2.211901531363095,COMPLETE
621,0.16460961329940316,0.012143646903553629,2024-12-23 11:02:49.396614,2024-12-23 11:02:53.752098,0 days 00:00:04.355484,0.029554182595360565,120,0.4,848,100,4.1505192393919396e-05,106,0.0051000327817605235,1,3,adam,"{'neurons_per_layer_encoder': [848, 424, 212], 'neurons_per_layer_decoder': [212]}",848,[212],"[848, 424, 212]",[0.16460961329940316],[0.012143646903553629],0.24246067746688307,COMPLETE
622,0.18516815628529804,0.02046046573322624,2024-12-23 11:02:50.464955,2024-12-23 11:02:55.086980,0 days 00:00:04.622025,0.018814367572209265,64,0.4,912,100,8.845549635476908e-06,109,0.002993437304109727,1,3,adam,"{'neurons_per_layer_encoder': [912, 456, 228], 'neurons_per_layer_decoder': [228]}",912,[228],"[912, 456, 228]",[0.18516815628529804],[0.02046046573322624],-1.0969669272391667,COMPLETE
623,0.152428255621318,-0.04833677818816562,2024-12-23 11:02:51.246426,2024-12-23 11:02:54.099630,0 days 00:00:02.853204,0.02009431819242281,72,0.4,912,100,2.4308657303983036e-06,109,0.004675982779035748,1,3,adam,"{'neurons_per_layer_encoder': [912, 456, 228], 'neurons_per_layer_decoder': [228]}",912,[228],"[912, 456, 228]",[0.152428255621318],[-0.04833677818816562],-1.6616119358437254,COMPLETE
624,0.18067438481413656,0.06533291847778067,2024-12-23 11:02:51.632983,2024-12-23 11:02:55.478558,0 days 00:00:03.845575,0.029273017967444907,72,0.4,400,100,2.470557732525288e-06,20,0.002932774113351782,1,3,adam,"{'neurons_per_layer_encoder': [400, 200, 100], 'neurons_per_layer_decoder': [100]}",400,[100],"[400, 200, 100]",[0.18067438481413656],[0.06533291847778067],-1.7898971788238671,COMPLETE
625,-0.05008374481719802,0.07606871861778108,2024-12-23 11:02:51.917644,2024-12-23 11:02:55.937829,0 days 00:00:04.020185,0.02091537865769814,40,0.4,352,100,8.911295832191932e-06,17,5.3228929103351546e-05,1,3,adam,"{'neurons_per_layer_encoder': [352, 176, 88], 'neurons_per_layer_decoder': [88]}",352,[88],"[352, 176, 88]",[-0.05008374481719802],[0.07606871861778108],0.35373348999723014,COMPLETE
626,0.1563588388298467,-0.11378805705690231,2024-12-23 11:02:51.923137,2024-12-23 11:02:55.139903,0 days 00:00:03.216766,0.029269608534567424,40,0.4,896,100,8.291876745742471e-06,108,0.0038961165544711862,1,3,adam,"{'neurons_per_layer_encoder': [896, 448, 224], 'neurons_per_layer_decoder': [224]}",896,[224],"[896, 448, 224]",[0.1563588388298467],[-0.11378805705690231],-0.4610592032949231,COMPLETE
627,-0.8355811836898637,-0.002088576695652433,2024-12-23 11:02:53.762227,2024-12-23 11:02:56.132905,0 days 00:00:02.370678,0.02072643881574274,40,0.30000000000000004,736,100,2.419384125103518e-06,68,5.6708385390531045e-05,1,3,adam,"{'neurons_per_layer_encoder': [736, 368, 184], 'neurons_per_layer_decoder': [184]}",736,[184],"[736, 368, 184]",[-0.8355811836898637],[-0.002088576695652433],-0.20394855227034023,COMPLETE
628,0.5697703315577193,0.27598036304954565,2024-12-23 11:02:54.108283,2024-12-23 11:02:57.863266,0 days 00:00:03.754983,0.021085973749097417,40,0.30000000000000004,400,100,8.926429242290394e-06,20,0.001447458400116423,1,3,adam,"{'neurons_per_layer_encoder': [400, 200, 100], 'neurons_per_layer_decoder': [100]}",400,[100],"[400, 200, 100]",[0.5697703315577193],[0.27598036304954565],-0.228139781951573,COMPLETE
629,0.5642000940792947,0.23973611048312127,2024-12-23 11:02:55.095540,2024-12-23 11:02:58.743137,0 days 00:00:03.647597,0.03501129006610984,40,0.30000000000000004,352,100,2.3573292447797985e-06,17,0.0038772868179168503,1,3,adam,"{'neurons_per_layer_encoder': [352, 176, 88], 'neurons_per_layer_decoder': [88]}",352,[88],"[352, 176, 88]",[0.5642000940792947],[0.23973611048312127],-0.8738989685201184,COMPLETE
630,0.3651014728363975,0.276130020129975,2024-12-23 11:02:55.147202,2024-12-23 11:02:58.852288,0 days 00:00:03.705086,0.020683925352503647,40,0.30000000000000004,352,100,2.3332019244038866e-06,17,0.002028059970052389,1,3,adam,"{'neurons_per_layer_encoder': [352, 176, 88], 'neurons_per_layer_decoder': [88]}",352,[88],"[352, 176, 88]",[0.3651014728363975],[0.276130020129975],-0.9194849011707721,COMPLETE
631,0.44780854835657113,0.1731678750836385,2024-12-23 11:02:55.485989,2024-12-23 11:02:59.418455,0 days 00:00:03.932466,0.014987274815000165,40,0.30000000000000004,352,100,0.00019817006000141712,17,0.0017505444727305094,2,3,adam,"{'neurons_per_layer_encoder': [352, 176, 88], 'neurons_per_layer_decoder': [88, 176]}",352,"[88, 176]","[352, 176, 88]",[0.44780854835657113],[0.1731678750836385],0.6430961989823224,COMPLETE
632,0.22714125224126702,0.03741691493101407,2024-12-23 11:02:55.945015,2024-12-23 11:02:59.136725,0 days 00:00:03.191710,0.014915862997841133,32,0.30000000000000004,720,100,2.2676999923082966e-06,68,0.0036644337749452446,1,3,adam,"{'neurons_per_layer_encoder': [720, 360, 180], 'neurons_per_layer_decoder': [180]}",720,[180],"[720, 360, 180]",[0.22714125224126702],[0.03741691493101407],-2.1060958878679275,COMPLETE
633,0.5760488680431353,0.2510001594290894,2024-12-23 11:02:56.140997,2024-12-23 11:03:00.526457,0 days 00:00:04.385460,0.016553448614321488,32,0.30000000000000004,384,100,2.0446806009913085e-06,4,0.0016362399280482214,1,5,adam,"{'neurons_per_layer_encoder': [384, 192, 96, 48, 24], 'neurons_per_layer_decoder': [24]}",384,[24],"[384, 192, 96, 48, 24]",[0.5760488680431353],[0.2510001594290894],-0.44824167677980264,COMPLETE
634,0.41350916517086134,0.21010650364131245,2024-12-23 11:02:57.870243,2024-12-23 11:03:03.492228,0 days 00:00:05.621985,0.03489603474614449,32,0.1,384,100,3.2824215269598e-05,4,0.001975788371736778,1,5,adam,"{'neurons_per_layer_encoder': [384, 192, 96, 48, 24], 'neurons_per_layer_decoder': [24]}",384,[24],"[384, 192, 96, 48, 24]",[0.41350916517086134],[0.21010650364131245],-0.414856171513251,COMPLETE
635,0.49778479937374986,0.18020503089972661,2024-12-23 11:02:58.749867,2024-12-23 11:03:06.249372,0 days 00:00:07.499505,0.01662974912563117,32,0.1,384,100,2.0846127881852517e-06,4,0.002049900659734927,4,5,adam,"{'neurons_per_layer_encoder': [384, 192, 96, 48, 24], 'neurons_per_layer_decoder': [24, 48, 96, 192]}",384,"[24, 48, 96, 192]","[384, 192, 96, 48, 24]",[0.49778479937374986],[0.18020503089972661],-1.2691502613377632,COMPLETE
636,0.27988590219902865,-0.10695418986142657,2024-12-23 11:02:58.859151,2024-12-23 11:03:05.016753,0 days 00:00:06.157602,0.01656346887501558,32,0.1,384,100,1.413477428246e-06,4,0.007427339236342781,5,5,adam,"{'neurons_per_layer_encoder': [384, 192, 96, 48, 24], 'neurons_per_layer_decoder': [24, 48, 96, 192, 384]}",384,"[24, 48, 96, 192, 384]","[384, 192, 96, 48, 24]",[0.27988590219902865],[-0.10695418986142657],-1.227833772621571,COMPLETE
637,-0.3486768583308866,-0.08828363284486351,2024-12-23 11:02:59.143740,2024-12-23 11:03:05.102197,0 days 00:00:05.958457,0.016185961769435337,104,0.1,384,100,3.935272786601632e-06,4,2.996003331873965e-05,2,5,adam,"{'neurons_per_layer_encoder': [384, 192, 96, 48, 24], 'neurons_per_layer_decoder': [24, 48]}",384,"[24, 48]","[384, 192, 96, 48, 24]",[-0.3486768583308866],[-0.08828363284486351],-0.16984877031475737,COMPLETE
638,0.46362355526375987,0.24919156269487308,2024-12-23 11:02:59.425883,2024-12-23 11:03:12.434161,0 days 00:00:13.008278,0.1394692692686954,32,0.1,384,100,4.042756048189727e-06,204,0.007145321990973837,4,1,adam,"{'neurons_per_layer_encoder': [384], 'neurons_per_layer_decoder': [384, 768, 1536, 3072]}",384,"[384, 768, 1536, 3072]",[384],[0.46362355526375987],[0.24919156269487308],0.2381754827821253,COMPLETE
639,-0.018318275493109493,-0.27065862288045084,2024-12-23 11:03:00.534217,2024-12-23 11:03:09.166432,0 days 00:00:08.632215,0.01898722521978759,80,0.1,416,100,1.7933837142833772e-05,243,1.6810364675331575e-05,4,1,sgd,"{'neurons_per_layer_encoder': [416], 'neurons_per_layer_decoder': [416, 832, 1664, 3328]}",416,"[416, 832, 1664, 3328]",[416],[-0.018318275493109493],[-0.27065862288045084],0.6719904079472133,COMPLETE
640,0.12940525103755385,0.08974072022961666,2024-12-23 11:03:03.503745,2024-12-23 11:03:10.893389,0 days 00:00:07.389644,0.018636643283768437,64,0.1,400,100,2.8710059122250744e-06,176,0.006040760828089121,3,1,sgd,"{'neurons_per_layer_encoder': [400], 'neurons_per_layer_decoder': [400, 800, 1600]}",400,"[400, 800, 1600]",[400],[0.12940525103755385],[0.08974072022961666],-0.23441837905880636,COMPLETE
641,-0.5752802902634566,-0.12018792422728253,2024-12-23 11:03:05.025762,2024-12-23 11:03:13.564467,0 days 00:00:08.538705,0.01907760979584877,64,0.1,416,100,2.8791067354821333e-06,243,8.477967467327482e-05,4,1,sgd,"{'neurons_per_layer_encoder': [416], 'neurons_per_layer_decoder': [416, 832, 1664, 3328]}",416,"[416, 832, 1664, 3328]",[416],[-0.5752802902634566],[-0.12018792422728253],0.18986131493828792,COMPLETE
642,0.01597295917836339,-0.19737662403936285,2024-12-23 11:03:05.111488,2024-12-23 11:03:11.896291,0 days 00:00:06.784803,0.01882540415700521,80,0.1,368,100,2.7763668310591363e-06,18,0.0062060924857323275,4,3,sgd,"{'neurons_per_layer_encoder': [368, 184, 92], 'neurons_per_layer_decoder': [92, 184, 368, 736]}",368,"[92, 184, 368, 736]","[368, 184, 92]",[0.01597295917836339],[-0.19737662403936285],-0.18093880743801985,COMPLETE
643,-0.14496103073235878,0.10517996547620534,2024-12-23 11:03:06.260157,2024-12-23 11:03:14.218032,0 days 00:00:07.957875,0.018817994706732295,80,0.30000000000000004,416,100,2.9738551856763105e-06,179,0.005955264792891523,3,1,sgd,"{'neurons_per_layer_encoder': [416], 'neurons_per_layer_decoder': [416, 832, 1664]}",416,"[416, 832, 1664]",[416],[-0.14496103073235878],[0.10517996547620534],0.008120362281192329,COMPLETE
644,-0.091036439126019,0.049216986304021826,2024-12-23 11:03:09.176095,2024-12-23 11:03:14.395242,0 days 00:00:05.219147,0.01801047811893754,80,0.30000000000000004,336,100,2.8036189508653717e-06,16,8.824703124611747e-05,1,3,adam,"{'neurons_per_layer_encoder': [336, 168, 84], 'neurons_per_layer_decoder': [84]}",336,[84],"[336, 168, 84]",[-0.091036439126019],[0.049216986304021826],-0.031104802592269887,COMPLETE
645,0.1813529257193377,-0.06861771240008285,2024-12-23 11:03:10.902457,2024-12-23 11:03:14.850965,0 days 00:00:03.948508,0.024139733423864863,80,0.30000000000000004,480,100,2.8517448505563994e-06,24,0.004255589964640136,1,3,adam,"{'neurons_per_layer_encoder': [480, 240, 120], 'neurons_per_layer_decoder': [120]}",480,[120],"[480, 240, 120]",[0.1813529257193377],[-0.06861771240008285],-2.4751274112655066,COMPLETE
646,-0.6674400618576906,-0.15652918108456526,2024-12-23 11:03:11.905831,2024-12-23 11:03:14.614521,0 days 00:00:02.708690,0.023530827413345726,72,0.30000000000000004,816,100,1.8267513958735063e-06,104,1.1987855960536846e-05,1,3,adam,"{'neurons_per_layer_encoder': [816, 408, 204], 'neurons_per_layer_decoder': [204]}",816,[204],"[816, 408, 204]",[-0.6674400618576906],[-0.15652918108456526],0.014872559721960428,COMPLETE
647,0.5814286887789726,0.28808952218158623,2024-12-23 11:03:12.445029,2024-12-23 11:03:16.485776,0 days 00:00:04.040747,0.01769833931542088,40,0.30000000000000004,320,100,1.8641885714865722e-06,16,0.004249274550235521,1,3,adam,"{'neurons_per_layer_encoder': [320, 160, 80], 'neurons_per_layer_decoder': [80]}",320,[80],"[320, 160, 80]",[0.5814286887789726],[0.28808952218158623],-1.0324142600849342,COMPLETE
648,0.23327098333603113,0.0038519174347499963,2024-12-23 11:03:13.573713,2024-12-23 11:03:16.366527,0 days 00:00:02.792814,0.02309193402177355,72,0.30000000000000004,304,100,1.824734325602823e-06,15,0.004270282265683216,1,3,adam,"{'neurons_per_layer_encoder': [304, 152, 76], 'neurons_per_layer_decoder': [76]}",304,[76],"[304, 152, 76]",[0.23327098333603113],[0.0038519174347499963],-1.7867598673760632,COMPLETE
649,-0.9516393446343359,0.03524507145814959,2024-12-23 11:03:14.225973,2024-12-23 11:03:16.408902,0 days 00:00:02.182929,0.01748049852267501,72,0.30000000000000004,336,100,4.959487601710722e-05,16,0.00010411645512003032,1,3,adam,"{'neurons_per_layer_encoder': [336, 168, 84], 'neurons_per_layer_decoder': [84]}",336,[84],"[336, 168, 84]",[-0.9516393446343359],[0.03524507145814959],0.24207015319015635,COMPLETE
650,0.3740138471128236,0.036045530893789146,2024-12-23 11:03:14.402240,2024-12-23 11:03:17.268370,0 days 00:00:02.866130,0.027428393916699347,40,0.30000000000000004,304,100,1.8202102474467802e-06,15,0.004205822643651814,1,3,adam,"{'neurons_per_layer_encoder': [304, 152, 76], 'neurons_per_layer_decoder': [76]}",304,[76],"[304, 152, 76]",[0.3740138471128236],[0.036045530893789146],-1.2607732703640613,COMPLETE
651,-0.7100188920708386,-0.07863017490650348,2024-12-23 11:03:14.621126,2024-12-23 11:03:17.056350,0 days 00:00:02.435224,0.017604132433086634,112,0.30000000000000004,320,100,1.06204173573659e-05,16,0.004251305115191731,1,3,adadelta,"{'neurons_per_layer_encoder': [320, 160, 80], 'neurons_per_layer_decoder': [80]}",320,[80],"[320, 160, 80]",[-0.7100188920708386],[-0.07863017490650348],0.07386873957540135,COMPLETE
652,-1.5935012818175438,-0.005390315850594352,2024-12-23 11:03:14.858757,2024-12-23 11:03:17.053114,0 days 00:00:02.194357,0.08342194761218936,40,0.30000000000000004,304,100,1.934404092769249e-06,15,0.004538224389276246,1,3,adadelta,"{'neurons_per_layer_encoder': [304, 152, 76], 'neurons_per_layer_decoder': [76]}",304,[76],"[304, 152, 76]",[-1.5935012818175438],[-0.005390315850594352],0.3721290837427022,COMPLETE
653,-0.6902116509703704,-0.4964910928771278,2024-12-23 11:03:16.374324,2024-12-23 11:03:21.266595,0 days 00:00:04.892271,0.01768731997754663,40,0.30000000000000004,320,100,6.562529369589915e-05,16,0.003282273146390551,5,3,adadelta,"{'neurons_per_layer_encoder': [320, 160, 80], 'neurons_per_layer_decoder': [80, 160, 320, 640, 1280]}",320,"[80, 160, 320, 640, 1280]","[320, 160, 80]",[-0.6902116509703704],[-0.4964910928771278],0.6663915950080204,COMPLETE
654,0.07293156225261921,-0.10420769457136259,2024-12-23 11:03:16.418695,2024-12-23 11:03:29.183324,0 days 00:00:12.764629,0.07238054085991194,40,0.30000000000000004,448,100,9.77957447342962e-05,22,2.569299512901096e-05,5,3,adadelta,"{'neurons_per_layer_encoder': [448, 224, 112], 'neurons_per_layer_decoder': [112, 224, 448, 896, 1792]}",448,"[112, 224, 448, 896, 1792]","[448, 224, 112]",[0.07293156225261921],[-0.10420769457136259],0.870636196734199,COMPLETE
655,-1.2262928839922247,-0.06241977054646575,2024-12-23 11:03:16.493805,2024-12-23 11:03:18.678909,0 days 00:00:02.185104,0.020204716533573787,112,0.30000000000000004,368,100,9.405312748684956e-05,18,0.003272791136921897,1,3,adadelta,"{'neurons_per_layer_encoder': [368, 184, 92], 'neurons_per_layer_decoder': [92]}",368,[92],"[368, 184, 92]",[-1.2262928839922247],[-0.06241977054646575],0.49896494241544653,COMPLETE
656,0.061500548553948375,-0.4719490985766521,2024-12-23 11:03:17.065250,2024-12-23 11:03:21.729536,0 days 00:00:04.664286,0.07188782547823262,48,0.1,1024,100,3.503897793191804e-06,83,0.0031823794571575184,1,3,adam,"{'neurons_per_layer_encoder': [1024, 512, 256], 'neurons_per_layer_decoder': [256]}",1024,[256],"[1024, 512, 256]",[0.061500548553948375],[-0.4719490985766521],-3.3291519155406215,COMPLETE
657,0.11037358909906547,-0.16047035778583552,2024-12-23 11:03:17.065536,2024-12-23 11:03:20.735487,0 days 00:00:03.669951,0.021037941617120984,48,0.1,1024,100,1.5207165349787031e-06,83,0.0037809750380424904,1,3,adam,"{'neurons_per_layer_encoder': [1024, 512, 256], 'neurons_per_layer_decoder': [256]}",1024,[256],"[1024, 512, 256]",[0.11037358909906547],[-0.16047035778583552],-3.370260321937946,COMPLETE
658,-0.030868119589254173,0.018537948262610238,2024-12-23 11:03:17.277162,2024-12-23 11:03:22.364300,0 days 00:00:05.087138,0.07191962226732429,48,0.1,368,100,0.0004920513138701099,18,0.003396737133758556,1,3,adam,"{'neurons_per_layer_encoder': [368, 184, 92], 'neurons_per_layer_decoder': [92]}",368,[92],"[368, 184, 92]",[-0.030868119589254173],[0.018537948262610238],-1.5940233067185838,COMPLETE
659,-0.08609184964377081,0.03864058120661995,2024-12-23 11:03:18.687293,2024-12-23 11:03:25.318774,0 days 00:00:06.631481,0.021610813241911324,48,0.1,400,100,0.0004793539317848968,72,0.005477123310479408,2,2,adam,"{'neurons_per_layer_encoder': [400, 200], 'neurons_per_layer_decoder': [200, 400]}",400,"[200, 400]","[400, 200]",[-0.08609184964377081],[0.03864058120661995],-1.0532542327865464,COMPLETE
660,-2.6491984232652634,-5.774609946254034,2024-12-23 11:03:20.743877,2024-12-23 11:03:29.863365,0 days 00:00:09.119488,0.07124844197212937,56,0.1,704,100,2.2189924770997686e-06,198,0.005259415257039378,5,2,adam,"{'neurons_per_layer_encoder': [704, 352], 'neurons_per_layer_decoder': [352, 704, 1408, 2816, 5632]}",704,"[352, 704, 1408, 2816, 5632]","[704, 352]",[-2.6491984232652634],[-5.774609946254034],-0.30221144939766575,COMPLETE
661,0.20553485770004487,-0.07330044539929448,2024-12-23 11:03:21.276520,2024-12-23 11:03:24.910085,0 days 00:00:03.633565,0.019797003442921856,96,0.1,576,100,2.4445651504892795e-06,153,0.00497912683443176,1,2,adam,"{'neurons_per_layer_encoder': [576, 288], 'neurons_per_layer_decoder': [288]}",576,[288],"[576, 288]",[0.20553485770004487],[-0.07330044539929448],-3.078585237991128,COMPLETE
662,0.5853872792367129,0.258030549217792,2024-12-23 11:03:21.738906,2024-12-23 11:03:30.166264,0 days 00:00:08.427358,0.0199028931306557,40,0.1,448,100,1.3134471233259633e-05,108,0.0052932226323421224,2,2,adam,"{'neurons_per_layer_encoder': [448, 224], 'neurons_per_layer_decoder': [224, 448]}",448,"[224, 448]","[448, 224]",[0.5853872792367129],[0.258030549217792],-0.28775812409228124,COMPLETE
663,0.25172312671644137,0.06780532388877092,2024-12-23 11:03:22.372686,2024-12-23 11:03:27.184016,0 days 00:00:04.811330,0.020026974319919195,56,0.2,704,100,1.0081719514940287e-06,198,0.005004099184883141,2,2,adam,"{'neurons_per_layer_encoder': [704, 352], 'neurons_per_layer_decoder': [352, 704]}",704,"[352, 704]","[704, 352]",[0.25172312671644137],[0.06780532388877092],-1.3697667959349167,COMPLETE
664,0.34084652776495483,0.1162770451295635,2024-12-23 11:03:24.924578,2024-12-23 11:03:32.208476,0 days 00:00:07.283898,0.17438017944020068,56,0.2,448,100,2.1406532047694136e-06,22,0.00018368520202274538,2,3,adam,"{'neurons_per_layer_encoder': [448, 224, 112], 'neurons_per_layer_decoder': [112, 224]}",448,"[112, 224]","[448, 224, 112]",[0.34084652776495483],[0.1162770451295635],-0.37087623598798086,COMPLETE
665,0.26805953348303435,0.05605517316151398,2024-12-23 11:03:25.349638,2024-12-23 11:03:31.788107,0 days 00:00:06.438469,0.031494897629431265,56,0.30000000000000004,640,100,2.1691226895188133e-06,64,0.00019059033707082747,1,3,adam,"{'neurons_per_layer_encoder': [640, 320, 160], 'neurons_per_layer_decoder': [160]}",640,[160],"[640, 320, 160]",[0.26805953348303435],[0.05605517316151398],-0.34544447132284967,COMPLETE
666,0.03934571544314969,-0.04792144334472814,2024-12-23 11:03:27.192793,2024-12-23 11:03:36.030586,0 days 00:00:08.837793,0.11016326694719521,104,0.30000000000000004,448,100,2.0926700999168534e-06,22,2.461301801897965e-05,5,3,adam,"{'neurons_per_layer_encoder': [448, 224, 112], 'neurons_per_layer_decoder': [112, 224, 448, 896, 1792]}",448,"[112, 224, 448, 896, 1792]","[448, 224, 112]",[0.03934571544314969],[-0.04792144334472814],0.2779315126043702,COMPLETE
667,0.4085012571785973,0.1624068781734075,2024-12-23 11:03:29.202290,2024-12-23 11:03:34.502791,0 days 00:00:05.300501,0.17383093355125798,32,0.30000000000000004,656,100,0.00037709918632513326,64,4.2122185007042286e-05,1,3,adam,"{'neurons_per_layer_encoder': [656, 328, 164], 'neurons_per_layer_decoder': [164]}",656,[164],"[656, 328, 164]",[0.4085012571785973],[0.1624068781734075],0.9014077359989443,COMPLETE
668,0.16563801854114557,0.07682171071147337,2024-12-23 11:03:29.872198,2024-12-23 11:03:33.958306,0 days 00:00:04.086108,0.05543280242372604,104,0.30000000000000004,368,100,0.0003750286062259183,18,0.000897656172293013,1,3,adam,"{'neurons_per_layer_encoder': [368, 184, 92], 'neurons_per_layer_decoder': [92]}",368,[92],"[368, 184, 92]",[0.16563801854114557],[0.07682171071147337],0.6841611079456957,COMPLETE
669,-0.045246436550017366,0.2730191486059662,2024-12-23 11:03:30.173368,2024-12-23 11:03:35.160785,0 days 00:00:04.987417,0.03750169038033247,32,0.30000000000000004,416,100,0.0003756911934365304,20,1.024521048146597e-05,1,3,adam,"{'neurons_per_layer_encoder': [416, 208, 104], 'neurons_per_layer_decoder': [104]}",416,[104],"[416, 208, 104]",[-0.045246436550017366],[0.2730191486059662],0.8311413722370864,COMPLETE
