number,values_0,values_1,datetime_start,datetime_complete,duration,params_alpha,params_batch_size,params_drop_out_rate,params_encoder_neurons_layer_1,params_epochs,params_lambda,params_latent_dim,params_learning_rate,params_num_layers_decoder,params_num_layers_encoder,params_optimizer,user_attrs_encoder_decoder_config,user_attrs_first_layer_neurons,user_attrs_neurons_per_layer_decoder,user_attrs_neurons_per_layer_encoder,user_attrs_r2_feature_1,user_attrs_r2_feature_2,user_attrs_relative_deterioration,state
312,-0.024430421030745775,-0.08931056057488518,2024-12-23 10:54:18.647535,2024-12-23 10:54:21.879203,0 days 00:00:03.231668,0.015774684282736345,40,0.30000000000000004,352,100,3.5449812966376183e-06,8,0.0034187002238919777,3,4,sgd,"{'neurons_per_layer_encoder': [352, 176, 88, 44], 'neurons_per_layer_decoder': [44, 88, 176]}",352,"[44, 88, 176]","[352, 176, 88, 44]",[-0.024430421030745775],[-0.08931056057488518],0.2751796983402519,COMPLETE
313,-0.1798176428379723,-0.5510985717300978,2024-12-23 10:54:19.556702,2024-12-23 10:54:22.643891,0 days 00:00:03.087189,0.01603119888633271,40,0.30000000000000004,336,100,3.3500197115064725e-06,8,0.00626849505972872,3,4,sgd,"{'neurons_per_layer_encoder': [336, 168, 84, 42], 'neurons_per_layer_decoder': [42, 84, 168]}",336,"[42, 84, 168]","[336, 168, 84, 42]",[-0.1798176428379723],[-0.5510985717300978],-0.012820888487002385,COMPLETE
314,0.23580706007611796,-0.16538586854056136,2024-12-23 10:54:19.574212,2024-12-23 10:54:22.922146,0 days 00:00:03.347934,0.01604457049651185,40,0.30000000000000004,336,100,3.422080169044364e-06,4,0.004460399466478732,3,5,sgd,"{'neurons_per_layer_encoder': [336, 168, 84, 42, 21], 'neurons_per_layer_decoder': [21, 42, 84]}",336,"[21, 42, 84]","[336, 168, 84, 42, 21]",[0.23580706007611796],[-0.16538586854056136],0.4094582453547068,COMPLETE
315,0.0046617747979933455,-0.054765727352428684,2024-12-23 10:54:19.596308,2024-12-23 10:54:22.829904,0 days 00:00:03.233596,0.015092326280085007,40,0.4,320,100,3.666722430392738e-06,8,0.0034204522217832563,3,4,sgd,"{'neurons_per_layer_encoder': [320, 160, 80, 40], 'neurons_per_layer_decoder': [40, 80, 160]}",320,"[40, 80, 160]","[320, 160, 80, 40]",[0.0046617747979933455],[-0.054765727352428684],0.40569838549961595,COMPLETE
316,-0.09498005131817888,-0.2200325342366889,2024-12-23 10:54:19.892845,2024-12-23 10:54:23.694356,0 days 00:00:03.801511,0.01540205356578651,40,0.4,352,100,3.189722030871152e-06,4,0.0065105879571967186,5,5,sgd,"{'neurons_per_layer_encoder': [352, 176, 88, 44, 22], 'neurons_per_layer_decoder': [22, 44, 88, 176, 352]}",352,"[22, 44, 88, 176, 352]","[352, 176, 88, 44, 22]",[-0.09498005131817888],[-0.2200325342366889],0.201794942429206,COMPLETE
317,-0.8398196336524555,-0.32745090260586296,2024-12-23 10:54:20.271734,2024-12-23 10:54:23.890236,0 days 00:00:03.618502,0.015177872938842785,40,0.2,336,100,3.0922815640952036e-06,8,0.002726840584061936,5,4,adadelta,"{'neurons_per_layer_encoder': [336, 168, 84, 42], 'neurons_per_layer_decoder': [42, 84, 168, 336, 672]}",336,"[42, 84, 168, 336, 672]","[336, 168, 84, 42]",[-0.8398196336524555],[-0.32745090260586296],0.12055747537862059,COMPLETE
318,-0.42056795353953125,-0.13147517799358432,2024-12-23 10:54:21.887050,2024-12-23 10:54:28.584875,0 days 00:00:06.697825,0.014843953425710288,40,0.2,336,100,3.108915847204876e-06,4,0.005070976655473667,5,5,adadelta,"{'neurons_per_layer_encoder': [336, 168, 84, 42, 21], 'neurons_per_layer_decoder': [21, 42, 84, 168, 336]}",336,"[21, 42, 84, 168, 336]","[336, 168, 84, 42, 21]",[-0.42056795353953125],[-0.13147517799358432],0.19821042826288385,COMPLETE
319,-0.9522911291762701,-0.2267648800726052,2024-12-23 10:54:22.651335,2024-12-23 10:54:27.787319,0 days 00:00:05.135984,0.014757279247971909,40,0.2,336,100,2.918923137663107e-06,4,0.002295671341962339,5,5,adadelta,"{'neurons_per_layer_encoder': [336, 168, 84, 42, 21], 'neurons_per_layer_decoder': [21, 42, 84, 168, 336]}",336,"[21, 42, 84, 168, 336]","[336, 168, 84, 42, 21]",[-0.9522911291762701],[-0.2267648800726052],0.3656489524769623,COMPLETE
320,-0.8503409072044019,0.00461387182916928,2024-12-23 10:54:22.839723,2024-12-23 10:54:28.850313,0 days 00:00:06.010590,0.014234257947131273,48,0.2,320,100,2.99830780187326e-06,4,0.0008828905701574091,5,5,adadelta,"{'neurons_per_layer_encoder': [320, 160, 80, 40, 20], 'neurons_per_layer_decoder': [20, 40, 80, 160, 320]}",320,"[20, 40, 80, 160, 320]","[320, 160, 80, 40, 20]",[-0.8503409072044019],[0.00461387182916928],0.10607708643975575,COMPLETE
321,-0.26397885039398283,-0.0607505409509832,2024-12-23 10:54:22.945036,2024-12-23 10:54:30.196893,0 days 00:00:07.251857,0.014485741511257566,48,0.1,384,100,2.244161461529569e-06,19,0.0008113433617983559,5,3,adadelta,"{'neurons_per_layer_encoder': [384, 192, 96], 'neurons_per_layer_decoder': [96, 192, 384, 768, 1536]}",384,"[96, 192, 384, 768, 1536]","[384, 192, 96]",[-0.26397885039398283],[-0.0607505409509832],0.17262659764357402,COMPLETE
322,-0.902045069455371,-0.042438055280323406,2024-12-23 10:54:23.701378,2024-12-23 10:54:28.055088,0 days 00:00:04.353710,0.014210538593205787,48,0.2,336,100,2.1425124981962373e-05,99,0.0008512259418996085,4,1,adadelta,"{'neurons_per_layer_encoder': [336], 'neurons_per_layer_decoder': [336, 672, 1344, 2688]}",336,"[336, 672, 1344, 2688]",[336],[-0.902045069455371],[-0.042438055280323406],0.5600572267146022,COMPLETE
323,0.1887629235595938,-0.18453537123058128,2024-12-23 10:54:23.897215,2024-12-23 10:54:28.793761,0 days 00:00:04.896546,0.014270994300251708,48,0.2,320,100,2.62757690648589e-06,128,0.0009700860007845103,4,1,adam,"{'neurons_per_layer_encoder': [320], 'neurons_per_layer_decoder': [320, 640, 1280, 2560]}",320,"[320, 640, 1280, 2560]",[320],[0.1887629235595938],[-0.18453537123058128],-0.27904653852991723,COMPLETE
324,0.3790447082744538,0.1394126073818669,2024-12-23 10:54:27.798950,2024-12-23 10:54:32.256192,0 days 00:00:04.457242,0.017943493344583363,40,0.1,320,100,0.00021333373179297817,16,0.005036909745726696,1,3,adam,"{'neurons_per_layer_encoder': [320, 160, 80], 'neurons_per_layer_decoder': [80]}",320,[80],"[320, 160, 80]",[0.3790447082744538],[0.1394126073818669],-0.3761823802963117,COMPLETE
325,0.6861680081142456,0.33192916811770323,2024-12-23 10:54:28.063621,2024-12-23 10:54:32.517410,0 days 00:00:04.453789,0.017708539597795867,40,0.1,320,100,2.3171790040739266e-06,16,0.005260186897160168,1,3,adam,"{'neurons_per_layer_encoder': [320, 160, 80], 'neurons_per_layer_decoder': [80]}",320,[80],"[320, 160, 80]",[0.6861680081142456],[0.33192916811770323],-1.1923049057145654,COMPLETE
326,0.22257115306237918,-0.12724700019301727,2024-12-23 10:54:28.594046,2024-12-23 10:54:32.716906,0 days 00:00:04.122860,0.01797946012441663,48,0.1,304,100,0.00020875441466856241,15,0.0010940990415437156,1,3,adam,"{'neurons_per_layer_encoder': [304, 152, 76], 'neurons_per_layer_decoder': [76]}",304,[76],"[304, 152, 76]",[0.22257115306237918],[-0.12724700019301727],0.07789559321519503,COMPLETE
327,0.22306822535077953,0.07651559450024537,2024-12-23 10:54:28.801466,2024-12-23 10:54:33.058114,0 days 00:00:04.256648,0.018564747539726475,40,0.1,320,100,0.0006540810132741534,16,0.0015166916802782358,1,3,adam,"{'neurons_per_layer_encoder': [320, 160, 80], 'neurons_per_layer_decoder': [80]}",320,[80],"[320, 160, 80]",[0.22306822535077953],[0.07651559450024537],0.27452245667052794,COMPLETE
328,0.3102732986573874,0.18147837540454892,2024-12-23 10:54:28.860581,2024-12-23 10:54:34.487160,0 days 00:00:05.626579,0.017777135555842274,40,0.1,928,100,0.00020622598171740348,110,0.0013402434896707218,1,3,adam,"{'neurons_per_layer_encoder': [928, 464, 232], 'neurons_per_layer_decoder': [232]}",928,[232],"[928, 464, 232]",[0.3102732986573874],[0.18147837540454892],0.4142138249737894,COMPLETE
329,0.3775911603906975,0.3566940796262492,2024-12-23 10:54:30.204997,2024-12-23 10:54:36.067169,0 days 00:00:05.862172,0.017497633014066018,40,0.1,928,100,0.00023413585257756617,110,0.007645800108022383,1,3,adam,"{'neurons_per_layer_encoder': [928, 464, 232], 'neurons_per_layer_decoder': [232]}",928,[232],"[928, 464, 232]",[0.3775911603906975],[0.3566940796262492],0.095324480725008,COMPLETE
330,0.41436267489760636,0.1273806602463562,2024-12-23 10:54:32.263783,2024-12-23 10:54:38.554215,0 days 00:00:06.290432,0.016907960736868278,40,0.1,944,100,4.330006942119123e-06,111,0.001567125671151676,1,3,adam,"{'neurons_per_layer_encoder': [944, 472, 236], 'neurons_per_layer_decoder': [236]}",944,[236],"[944, 472, 236]",[0.41436267489760636],[0.1273806602463562],-1.2185132480643097,COMPLETE
331,0.12077857990632535,-0.15510177064752706,2024-12-23 10:54:32.525652,2024-12-23 10:54:35.550851,0 days 00:00:03.025199,0.017251663325274218,48,0.2,432,100,1.9744490510855506e-06,53,0.005543144038791758,1,3,adam,"{'neurons_per_layer_encoder': [432, 216, 108], 'neurons_per_layer_decoder': [108]}",432,[108],"[432, 216, 108]",[0.12077857990632535],[-0.15510177064752706],-3.347174446107379,COMPLETE
332,0.1978850506120502,-0.02200699675145934,2024-12-23 10:54:32.725702,2024-12-23 10:54:36.335520,0 days 00:00:03.609818,0.01719578005504307,48,0.2,512,100,1.774031967358363e-06,57,0.005567632109476002,1,3,adam,"{'neurons_per_layer_encoder': [512, 256, 128], 'neurons_per_layer_decoder': [128]}",512,[128],"[512, 256, 128]",[0.1978850506120502],[-0.02200699675145934],-3.1773735735019746,COMPLETE
333,0.08017020177728962,-0.21460109534469685,2024-12-23 10:54:33.066401,2024-12-23 10:54:35.970699,0 days 00:00:02.904298,0.016551347225591324,48,0.2,512,100,1.9889376478289463e-06,57,0.005617343193453123,1,3,adam,"{'neurons_per_layer_encoder': [512, 256, 128], 'neurons_per_layer_decoder': [128]}",512,[128],"[512, 256, 128]",[0.08017020177728962],[-0.21460109534469685],-3.5794133789708793,COMPLETE
334,0.19441311062142275,0.023703710539866862,2024-12-23 10:54:34.495719,2024-12-23 10:54:38.104107,0 days 00:00:03.608388,0.017202623104525555,48,0.2,432,100,1.6964878541060858e-06,53,0.005712952145759082,1,3,adam,"{'neurons_per_layer_encoder': [432, 216, 108], 'neurons_per_layer_decoder': [108]}",432,[108],"[432, 216, 108]",[0.19441311062142275],[0.023703710539866862],-3.3505310659670062,COMPLETE
335,0.24666864575379854,0.1576070709439542,2024-12-23 10:54:35.558755,2024-12-23 10:54:38.653701,0 days 00:00:03.094946,0.14148586214435283,40,0.2,656,100,1.7456849237804904e-06,64,0.006007132404108879,1,3,adam,"{'neurons_per_layer_encoder': [656, 328, 164], 'neurons_per_layer_decoder': [164]}",656,[164],"[656, 328, 164]",[0.24666864575379854],[0.1576070709439542],-1.197361756560975,COMPLETE
336,0.33226265477851835,0.10845317755970296,2024-12-23 10:54:35.978983,2024-12-23 10:54:39.124014,0 days 00:00:03.145031,0.01674334089616688,40,0.2,576,100,1.704440558617384e-06,60,0.004062799924689288,1,3,adam,"{'neurons_per_layer_encoder': [576, 288, 144], 'neurons_per_layer_decoder': [144]}",576,[144],"[576, 288, 144]",[0.33226265477851835],[0.10845317755970296],-1.4558522450887126,COMPLETE
337,0.44368942044054016,0.11668759672135787,2024-12-23 10:54:36.076589,2024-12-23 10:54:39.198226,0 days 00:00:03.121637,0.016587799388182486,40,0.2,592,100,1.6737948182115778e-06,61,0.00589192323101754,1,3,adam,"{'neurons_per_layer_encoder': [592, 296, 148], 'neurons_per_layer_decoder': [148]}",592,[148],"[592, 296, 148]",[0.44368942044054016],[0.11668759672135787],-1.4245390123766044,COMPLETE
338,0.4148886339384469,-0.02521778658179108,2024-12-23 10:54:36.344473,2024-12-23 10:54:41.083499,0 days 00:00:04.739026,0.028704636678704296,40,0.2,656,100,1.71128296601752e-06,64,0.0042904763080533394,1,3,adam,"{'neurons_per_layer_encoder': [656, 328, 164], 'neurons_per_layer_decoder': [164]}",656,[164],"[656, 328, 164]",[0.4148886339384469],[-0.02521778658179108],-2.045974304500457,COMPLETE
339,0.31869416497422665,0.17102288123675102,2024-12-23 10:54:38.113233,2024-12-23 10:54:41.385245,0 days 00:00:03.272012,0.01942980958096885,40,0.2,384,100,2.160512783086196e-06,19,0.00412406847332435,1,3,adam,"{'neurons_per_layer_encoder': [384, 192, 96], 'neurons_per_layer_decoder': [96]}",384,[96],"[384, 192, 96]",[0.31869416497422665],[0.17102288123675102],-1.5595352221578327,COMPLETE
340,0.27711899392007333,0.11534430586611888,2024-12-23 10:54:38.564002,2024-12-23 10:54:41.352351,0 days 00:00:02.788349,0.019273291037445014,40,0.2,672,100,2.281780642444865e-06,65,0.006813757716662993,1,3,adam,"{'neurons_per_layer_encoder': [672, 336, 168], 'neurons_per_layer_decoder': [168]}",672,[168],"[672, 336, 168]",[0.27711899392007333],[0.11534430586611888],-1.3477053833215975,COMPLETE
341,0.5382771323454205,0.3381565066389409,2024-12-23 10:54:38.661406,2024-12-23 10:54:42.543870,0 days 00:00:03.882464,0.019409112615684024,40,0.2,384,100,2.119934111030813e-06,19,0.0043645749646414505,1,3,adam,"{'neurons_per_layer_encoder': [384, 192, 96], 'neurons_per_layer_decoder': [96]}",384,[96],"[384, 192, 96]",[0.5382771323454205],[0.3381565066389409],-1.2551985424146659,COMPLETE
342,0.7932613690856374,0.2728994182691139,2024-12-23 10:54:39.131393,2024-12-23 10:54:43.343387,0 days 00:00:04.211994,0.019327577338637065,40,0.30000000000000004,384,100,2.212494885683908e-06,19,0.004819238402929981,1,3,adam,"{'neurons_per_layer_encoder': [384, 192, 96], 'neurons_per_layer_decoder': [96]}",384,[96],"[384, 192, 96]",[0.7932613690856374],[0.2728994182691139],-0.6490813552697241,COMPLETE
343,0.24105896121031922,0.06243575300227988,2024-12-23 10:54:39.207066,2024-12-23 10:54:41.943760,0 days 00:00:02.736694,0.01904616735242332,40,0.30000000000000004,464,100,2.2466151714925042e-06,23,0.004692212152191539,1,3,adam,"{'neurons_per_layer_encoder': [464, 232, 116], 'neurons_per_layer_decoder': [116]}",464,[116],"[464, 232, 116]",[0.24105896121031922],[0.06243575300227988],-1.5915191725817621,COMPLETE
344,0.5213717985086798,0.1491917032228075,2024-12-23 10:54:41.092199,2024-12-23 10:54:45.567079,0 days 00:00:04.474880,0.018814621722821646,40,0.30000000000000004,624,100,2.126047947684452e-06,63,0.006778042167530821,1,3,adam,"{'neurons_per_layer_encoder': [624, 312, 156], 'neurons_per_layer_decoder': [156]}",624,[156],"[624, 312, 156]",[0.5213717985086798],[0.1491917032228075],-1.095822274512882,COMPLETE
345,0.5244646870832721,0.08146740632907534,2024-12-23 10:54:41.364013,2024-12-23 10:54:45.347486,0 days 00:00:03.983473,0.1762930047319263,40,0.30000000000000004,384,100,2.1101569987331182e-06,19,0.004999315567754046,1,3,adam,"{'neurons_per_layer_encoder': [384, 192, 96], 'neurons_per_layer_decoder': [96]}",384,[96],"[384, 192, 96]",[0.5244646870832721],[0.08146740632907534],-1.3378003030548054,COMPLETE
346,0.3778189411456704,0.11503069781300301,2024-12-23 10:54:41.397197,2024-12-23 10:54:45.354897,0 days 00:00:03.957700,0.015520803799405658,48,0.30000000000000004,384,100,1.3314630469101274e-06,19,0.005006697345459521,1,3,adam,"{'neurons_per_layer_encoder': [384, 192, 96], 'neurons_per_layer_decoder': [96]}",384,[96],"[384, 192, 96]",[0.3778189411456704],[0.11503069781300301],-2.820150167061841,COMPLETE
347,0.23321226078331792,-0.05956626895101014,2024-12-23 10:54:41.950075,2024-12-23 10:54:45.164365,0 days 00:00:03.214290,0.02402601237993651,48,0.30000000000000004,736,100,2.5078934845072468e-06,68,0.005137514781398673,1,3,adam,"{'neurons_per_layer_encoder': [736, 368, 184], 'neurons_per_layer_decoder': [184]}",736,[184],"[736, 368, 184]",[0.23321226078331792],[-0.05956626895101014],-2.183680330676973,COMPLETE
348,0.23381945623152856,-0.08007387792946452,2024-12-23 10:54:42.550895,2024-12-23 10:54:46.172017,0 days 00:00:03.621122,0.02357343940612596,48,0.30000000000000004,624,100,2.6313432257666738e-06,63,0.004889232712661594,1,3,adam,"{'neurons_per_layer_encoder': [624, 312, 156], 'neurons_per_layer_decoder': [156]}",624,[156],"[624, 312, 156]",[0.23381945623152856],[-0.08007387792946452],-2.33451048213823,COMPLETE
349,0.6182863366343234,0.20102161491069148,2024-12-23 10:54:43.351169,2024-12-23 10:54:47.707510,0 days 00:00:04.356341,0.021375288525472748,40,0.30000000000000004,544,100,2.454460572236085e-06,27,0.0037211601568134397,1,3,adam,"{'neurons_per_layer_encoder': [544, 272, 136], 'neurons_per_layer_decoder': [136]}",544,[136],"[544, 272, 136]",[0.6182863366343234],[0.20102161491069148],-1.0480155855746052,COMPLETE
350,0.4840758841324465,0.27661981712089023,2024-12-23 10:54:45.171224,2024-12-23 10:54:49.419248,0 days 00:00:04.248024,0.021169515004527052,40,0.30000000000000004,416,100,2.38799247945336e-06,20,0.004960459962049377,1,3,adam,"{'neurons_per_layer_encoder': [416, 208, 104], 'neurons_per_layer_decoder': [104]}",416,[104],"[416, 208, 104]",[0.4840758841324465],[0.27661981712089023],-1.038772756739941,COMPLETE
351,0.5800202794439546,0.26331028671342616,2024-12-23 10:54:45.355926,2024-12-23 10:54:49.145825,0 days 00:00:03.789899,0.020986257719858382,40,0.30000000000000004,416,100,2.3731769388910583e-06,20,0.003965083919493582,1,3,adam,"{'neurons_per_layer_encoder': [416, 208, 104], 'neurons_per_layer_decoder': [104]}",416,[104],"[416, 208, 104]",[0.5800202794439546],[0.26331028671342616],-0.9519680832151913,COMPLETE
352,0.41316630081077155,0.1360105763360011,2024-12-23 10:54:45.363358,2024-12-23 10:54:48.426841,0 days 00:00:03.063483,0.021899438098960736,40,0.30000000000000004,496,100,2.5436113411862816e-06,24,0.004134003604467874,1,3,adam,"{'neurons_per_layer_encoder': [496, 248, 124], 'neurons_per_layer_decoder': [124]}",496,[124],"[496, 248, 124]",[0.41316630081077155],[0.1360105763360011],-0.973076912034591,COMPLETE
353,0.4954183711845418,0.23015889452167948,2024-12-23 10:54:45.575690,2024-12-23 10:54:49.557814,0 days 00:00:03.982124,0.02081658871690447,40,0.30000000000000004,528,100,2.4536714243826408e-06,26,0.003772698742298149,1,3,adam,"{'neurons_per_layer_encoder': [528, 264, 132], 'neurons_per_layer_decoder': [132]}",528,[132],"[528, 264, 132]",[0.4954183711845418],[0.23015889452167948],-1.2428391010950903,COMPLETE
354,0.5300207010164819,0.4217786385011919,2024-12-23 10:54:46.179694,2024-12-23 10:54:49.903541,0 days 00:00:03.723847,0.019827850829358458,40,0.30000000000000004,416,100,2.401048663566251e-06,20,0.0037841137044788377,1,3,adam,"{'neurons_per_layer_encoder': [416, 208, 104], 'neurons_per_layer_decoder': [104]}",416,[104],"[416, 208, 104]",[0.5300207010164819],[0.4217786385011919],-0.8766390844763612,COMPLETE
355,0.5766835964670247,0.21286501303450622,2024-12-23 10:54:48.433417,2024-12-23 10:54:52.210172,0 days 00:00:03.776755,0.02049136954743432,40,0.30000000000000004,368,100,2.3785584336247125e-06,18,0.003458338033780439,1,3,adam,"{'neurons_per_layer_encoder': [368, 184, 92], 'neurons_per_layer_decoder': [92]}",368,[92],"[368, 184, 92]",[0.5766835964670247],[0.21286501303450622],-0.8904988447895378,COMPLETE
356,0.5654882463843833,0.34393502908174234,2024-12-23 10:54:49.426118,2024-12-23 10:54:52.807977,0 days 00:00:03.381859,0.02003840216170587,40,0.30000000000000004,368,100,1.8703715132516361e-06,18,0.003784155942376285,1,3,adam,"{'neurons_per_layer_encoder': [368, 184, 92], 'neurons_per_layer_decoder': [92]}",368,[92],"[368, 184, 92]",[0.5654882463843833],[0.34393502908174234],-0.8863884844638827,COMPLETE
357,0.5889525001274667,0.4183681074222657,2024-12-23 10:54:52.216005,2024-12-23 10:54:55.647697,0 days 00:00:03.431692,0.019625799567914656,40,0.30000000000000004,416,100,1.9410540430876008e-06,20,0.004343908435412385,1,3,adam,"{'neurons_per_layer_encoder': [416, 208, 104], 'neurons_per_layer_decoder': [104]}",416,[104],"[416, 208, 104]",[0.5889525001274667],[0.4183681074222657],-0.7761047520544899,COMPLETE
358,0.5105557059527226,0.31006560183410536,2024-12-23 10:54:52.814221,2024-12-23 10:54:56.246400,0 days 00:00:03.432179,0.018376751376538332,40,0.30000000000000004,368,100,1.9633363477404497e-06,18,0.0041412627861638395,1,3,adam,"{'neurons_per_layer_encoder': [368, 184, 92], 'neurons_per_layer_decoder': [92]}",368,[92],"[368, 184, 92]",[0.5105557059527226],[0.31006560183410536],-1.1702731158010806,COMPLETE
359,-0.03553221904759751,-0.11633049261468598,2024-12-23 10:54:55.652621,2024-12-23 10:55:00.971951,0 days 00:00:05.319330,0.01845134850495923,120,0.30000000000000004,416,100,1.9325353324104167e-06,243,0.004462546907427633,4,1,sgd,"{'neurons_per_layer_encoder': [416], 'neurons_per_layer_decoder': [416, 832, 1664, 3328]}",416,"[416, 832, 1664, 3328]",[416],[-0.03553221904759751],[-0.11633049261468598],0.12383027669289542,COMPLETE
360,0.4639084787553207,0.18788758069258582,2024-12-23 10:58:45.983604,2024-12-23 10:58:49.616802,0 days 00:00:03.633198,0.01982053645625464,40,0.30000000000000004,400,100,1.4757473600059012e-06,20,0.005376101672274452,1,3,adam,"{'neurons_per_layer_encoder': [400, 200, 100], 'neurons_per_layer_decoder': [100]}",400,[100],"[400, 200, 100]",[0.4639084787553207],[0.18788758069258582],-1.8108290570082015,COMPLETE
361,0.18517663451207522,0.026774070711671927,2024-12-23 10:58:45.999950,2024-12-23 10:58:49.118393,0 days 00:00:03.118443,0.019899737957037915,96,0.30000000000000004,384,100,1.903808462413924e-06,19,0.0031329241427729138,1,3,adam,"{'neurons_per_layer_encoder': [384, 192, 96], 'neurons_per_layer_decoder': [96]}",384,[96],"[384, 192, 96]",[0.18517663451207522],[0.026774070711671927],-2.112132980964378,COMPLETE
362,0.2610391490840176,0.040748210815453545,2024-12-23 10:58:46.006739,2024-12-23 10:58:49.305576,0 days 00:00:03.298837,0.02017079488790383,96,0.30000000000000004,400,100,1.5317401046249355e-06,20,0.004685990148682963,1,3,adam,"{'neurons_per_layer_encoder': [400, 200, 100], 'neurons_per_layer_decoder': [100]}",400,[100],"[400, 200, 100]",[0.2610391490840176],[0.040748210815453545],-2.324640742819561,COMPLETE
363,0.5780919944379956,0.3057893699561103,2024-12-23 10:58:46.000699,2024-12-23 10:58:49.634399,0 days 00:00:03.633700,0.019206991724289867,40,0.30000000000000004,400,100,1.9183834142532877e-06,20,0.0030436819089368883,1,3,adam,"{'neurons_per_layer_encoder': [400, 200, 100], 'neurons_per_layer_decoder': [100]}",400,[100],"[400, 200, 100]",[0.5780919944379956],[0.3057893699561103],-0.7285584032828626,COMPLETE
