number,values_0,values_1,datetime_start,datetime_complete,duration,params_alpha,params_batch_size,params_drop_out_rate,params_encoder_neurons_layer_1,params_epochs,params_lambda,params_latent_dim,params_learning_rate,params_num_layers_decoder,params_num_layers_encoder,params_optimizer,user_attrs_encoder_decoder_config,user_attrs_first_layer_neurons,user_attrs_neurons_per_layer_decoder,user_attrs_neurons_per_layer_encoder,user_attrs_r2_feature_1,user_attrs_r2_feature_2,user_attrs_relative_deterioration,state
259,0.2531997740305465,0.016196511106641442,2024-12-23 10:53:16.114958,2024-12-23 10:53:20.105566,0 days 00:00:03.990608,0.011407891689723986,112,0.1,256,100,4.354931969805404e-06,12,0.0025815783261169956,1,3,adam,"{'neurons_per_layer_encoder': [256, 128, 64], 'neurons_per_layer_decoder': [64]}",256,[64],"[256, 128, 64]",[0.2531997740305465],[0.016196511106641442],-2.643977676740367,COMPLETE
260,0.1365854279886265,-0.11685233107597881,2024-12-23 10:53:16.898250,2024-12-23 10:53:20.333255,0 days 00:00:03.435005,0.04659198891424489,112,0.1,992,100,4.3898344665158915e-06,227,0.0009603022666623484,1,2,adam,"{'neurons_per_layer_encoder': [992, 496], 'neurons_per_layer_decoder': [496]}",992,[496],"[992, 496]",[0.1365854279886265],[-0.11685233107597881],-2.205891990468589,COMPLETE
261,0.2394377337319512,0.02207571864634983,2024-12-23 10:53:19.206133,2024-12-23 10:53:22.674235,0 days 00:00:03.468102,0.010689242625014748,64,0.1,256,100,4.220926376740551e-06,25,0.00030035382856819637,1,2,adam,"{'neurons_per_layer_encoder': [256, 128], 'neurons_per_layer_decoder': [128]}",256,[128],"[256, 128]",[0.2394377337319512],[0.02207571864634983],-2.2207756173640036,COMPLETE
262,-0.3458759106663014,-0.08703042302304964,2024-12-23 10:53:19.613112,2024-12-23 10:53:23.745628,0 days 00:00:04.132516,0.010609030917703707,112,0.1,256,100,5.3296509077382e-06,3,0.00029901837166846815,1,5,adam,"{'neurons_per_layer_encoder': [256, 128, 64, 32, 16], 'neurons_per_layer_decoder': [16]}",256,[16],"[256, 128, 64, 32, 16]",[-0.3458759106663014],[-0.08703042302304964],-1.0291347748567008,COMPLETE
263,0.14576355395360396,0.1662407722180923,2024-12-23 10:53:19.905868,2024-12-23 10:53:24.867363,0 days 00:00:04.961495,0.010582586547332445,32,0.1,544,100,2.841515721490914e-05,6,0.00031732591472410535,1,5,adam,"{'neurons_per_layer_encoder': [544, 272, 136, 68, 34], 'neurons_per_layer_decoder': [34]}",544,[34],"[544, 272, 136, 68, 34]",[0.14576355395360396],[0.1662407722180923],-0.11621134153487282,COMPLETE
264,0.5396137985179049,0.2312117229327827,2024-12-23 10:53:20.114669,2024-12-23 10:53:28.505620,0 days 00:00:08.390951,0.010615090423044383,32,0.1,560,100,5.592595619010294e-06,7,0.00031491410955254446,5,5,adam,"{'neurons_per_layer_encoder': [560, 280, 140, 70, 35], 'neurons_per_layer_decoder': [35, 70, 140, 280, 560]}",560,"[35, 70, 140, 280, 560]","[560, 280, 140, 70, 35]",[0.5396137985179049],[0.2312117229327827],-0.011080771911941633,COMPLETE
265,0.4366897075138343,0.08387804986396685,2024-12-23 10:53:20.339979,2024-12-23 10:53:24.660313,0 days 00:00:04.320334,0.010611980816853647,32,0.1,272,100,1.4734074814084896e-06,3,0.0003249089052219351,1,5,adam,"{'neurons_per_layer_encoder': [272, 136, 68, 34, 17], 'neurons_per_layer_decoder': [17]}",272,[17],"[272, 136, 68, 34, 17]",[0.4366897075138343],[0.08387804986396685],-1.2779326003743319,COMPLETE
266,0.09613603659966441,0.08255600928435913,2024-12-23 10:53:20.611670,2024-12-23 10:53:25.809371,0 days 00:00:05.197701,0.01063399968300036,32,0.1,864,100,0.000991685931947343,75,2.3835981161271653e-05,1,3,adam,"{'neurons_per_layer_encoder': [864, 432, 216], 'neurons_per_layer_decoder': [216]}",864,[216],"[864, 432, 216]",[0.09613603659966441],[0.08255600928435913],0.958662930701047,COMPLETE
267,-0.12904059978383886,-0.14381170794046572,2024-12-23 10:53:22.681825,2024-12-23 10:53:34.226518,0 days 00:00:11.544693,0.013555883205846601,96,0.1,864,100,1.4774355132135573e-06,107,0.000453968525275084,5,3,adam,"{'neurons_per_layer_encoder': [864, 432, 216], 'neurons_per_layer_decoder': [216, 432, 864, 1728, 3456]}",864,"[216, 432, 864, 1728, 3456]","[864, 432, 216]",[-0.12904059978383886],[-0.14381170794046572],-1.3361612947339685,COMPLETE
268,0.4428816744543349,0.09661672179918523,2024-12-23 10:53:23.753945,2024-12-23 10:53:29.379276,0 days 00:00:05.625331,0.03137617299343959,32,0.1,272,100,5.709152708402592e-06,13,0.00045755662444083337,1,3,adam,"{'neurons_per_layer_encoder': [272, 136, 68], 'neurons_per_layer_decoder': [68]}",272,[68],"[272, 136, 68]",[0.4428816744543349],[0.09661672179918523],-1.7650954862088897,COMPLETE
269,0.4033753295754242,0.08305305210995273,2024-12-23 10:53:24.666784,2024-12-23 10:53:38.259396,0 days 00:00:13.592612,0.031674834911404125,32,0.1,560,100,2.917715767311398e-06,28,1.4129277532429546e-05,5,3,adam,"{'neurons_per_layer_encoder': [560, 280, 140], 'neurons_per_layer_decoder': [140, 280, 560, 1120, 2240]}",560,"[140, 280, 560, 1120, 2240]","[560, 280, 140]",[0.4033753295754242],[0.08305305210995273],0.07904476573598179,COMPLETE
270,0.3158130369440195,0.16079394561680516,2024-12-23 10:53:24.876234,2024-12-23 10:53:35.611148,0 days 00:00:10.734914,0.011718724744747748,32,0.1,320,100,5.548446976045721e-06,16,0.0004439262281295738,5,3,adam,"{'neurons_per_layer_encoder': [320, 160, 80], 'neurons_per_layer_decoder': [80, 160, 320, 640, 1280]}",320,"[80, 160, 320, 640, 1280]","[320, 160, 80]",[0.3158130369440195],[0.16079394561680516],-0.24687441362071078,COMPLETE
271,0.251958344598914,-0.01669763704728755,2024-12-23 10:53:25.818383,2024-12-23 10:53:32.492526,0 days 00:00:06.674143,0.013151771066673298,96,0.1,320,100,2.9165971338841184e-06,16,0.0004514375196100997,1,3,adam,"{'neurons_per_layer_encoder': [320, 160, 80], 'neurons_per_layer_decoder': [80]}",320,[80],"[320, 160, 80]",[0.251958344598914],[-0.01669763704728755],-2.106852513970951,COMPLETE
272,0.4788357536774057,0.2618428651869996,2024-12-23 10:53:28.517436,2024-12-23 10:53:35.152568,0 days 00:00:06.635132,0.01177825592736994,32,0.1,320,100,2.8030885453091706e-06,16,0.0004438911490518005,1,3,adam,"{'neurons_per_layer_encoder': [320, 160, 80], 'neurons_per_layer_decoder': [80]}",320,[80],"[320, 160, 80]",[0.4788357536774057],[0.2618428651869996],-1.5016387859246807,COMPLETE
273,-0.7150494633232034,-0.04147033434818459,2024-12-23 10:53:29.388836,2024-12-23 10:53:33.331528,0 days 00:00:03.942692,0.013570012588836113,128,0.1,320,100,2.9343012709414726e-06,16,0.00018277369233176522,1,3,adam,"{'neurons_per_layer_encoder': [320, 160, 80], 'neurons_per_layer_decoder': [80]}",320,[80],"[320, 160, 80]",[-0.7150494633232034],[-0.04147033434818459],-1.7011913425732843,COMPLETE
274,0.2978900716785119,0.06856504898092741,2024-12-23 10:53:32.501524,2024-12-23 10:53:43.595220,0 days 00:00:11.093696,0.011852482169691142,56,0.1,288,100,0.0005560142399857323,14,0.0001235237482506501,4,3,adam,"{'neurons_per_layer_encoder': [288, 144, 72], 'neurons_per_layer_decoder': [72, 144, 288, 576]}",288,"[72, 144, 288, 576]","[288, 144, 72]",[0.2978900716785119],[0.06856504898092741],0.9332765177789878,COMPLETE
275,0.5337397851288948,0.0497622236303259,2024-12-23 10:53:33.340425,2024-12-23 10:53:46.651396,0 days 00:00:13.310971,0.011581476138814278,32,0.1,288,100,3.4059612412236595e-06,14,0.00012585192769713977,4,3,adam,"{'neurons_per_layer_encoder': [288, 144, 72], 'neurons_per_layer_decoder': [72, 144, 288, 576]}",288,"[72, 144, 288, 576]","[288, 144, 72]",[0.5337397851288948],[0.0497622236303259],-0.2705154786078447,COMPLETE
276,0.10590541157142785,-0.9870598701478728,2024-12-23 10:53:34.236405,2024-12-23 10:54:05.951355,0 days 00:00:31.714950,0.01172806561257673,56,0.1,816,100,3.4055654068611247e-06,451,0.00012585217131146797,4,1,adam,"{'neurons_per_layer_encoder': [816], 'neurons_per_layer_decoder': [816, 1632, 3264, 6528]}",816,"[816, 1632, 3264, 6528]",[816],[0.10590541157142785],[-0.9870598701478728],-0.10661556771440998,COMPLETE
277,0.15137182312976172,-0.2950913068146943,2024-12-23 10:53:35.162443,2024-12-23 10:54:09.357727,0 days 00:00:34.195284,0.011791092627095944,32,0.1,688,100,0.0005326345619520899,425,0.00013076784981803555,4,1,adam,"{'neurons_per_layer_encoder': [688], 'neurons_per_layer_decoder': [688, 1376, 2752, 5504]}",688,"[688, 1376, 2752, 5504]",[688],[0.15137182312976172],[-0.2950913068146943],0.9751449420344144,COMPLETE
278,0.5298386677001329,0.34055933958934825,2024-12-23 10:53:35.619893,2024-12-23 10:53:46.548865,0 days 00:00:10.928972,0.011246454308056193,32,0.1,288,100,3.7097636416736256e-06,153,0.00013228856361010262,1,1,adam,"{'neurons_per_layer_encoder': [288], 'neurons_per_layer_decoder': [288]}",288,[288],[288],[0.5298386677001329],[0.34055933958934825],-1.0640198177222238,COMPLETE
279,0.130023817000109,-0.21237668734939685,2024-12-23 10:53:38.271590,2024-12-23 10:53:56.427392,0 days 00:00:18.155802,0.01129227800730769,56,0.1,288,100,3.391565117146383e-06,153,3.9183165281570474e-05,4,1,adam,"{'neurons_per_layer_encoder': [288], 'neurons_per_layer_decoder': [288, 576, 1152, 2304]}",288,"[288, 576, 1152, 2304]",[288],[0.130023817000109],[-0.21237668734939685],-0.5947181852986627,COMPLETE
280,-0.9386963454946622,-0.04432875668679426,2024-12-23 10:53:43.622987,2024-12-23 10:53:51.211974,0 days 00:00:07.588987,0.01005280214101648,120,0.1,288,100,3.5212993743989365e-06,14,3.775116862755355e-05,1,3,adam,"{'neurons_per_layer_encoder': [288, 144, 72], 'neurons_per_layer_decoder': [72]}",288,[72],"[288, 144, 72]",[-0.9386963454946622],[-0.04432875668679426],0.22122361444874503,COMPLETE
281,0.5062523632762147,0.1864751665497133,2024-12-23 10:53:46.558302,2024-12-23 10:54:00.145401,0 days 00:00:13.587099,0.010014612369834693,32,0.1,272,100,1.881696746124533e-06,13,0.0003731393966302391,1,3,adam,"{'neurons_per_layer_encoder': [272, 136, 68], 'neurons_per_layer_decoder': [68]}",272,[68],"[272, 136, 68]",[0.5062523632762147],[0.1864751665497133],-1.4482020264911755,COMPLETE
282,-2.0384023982813297,0.0008958283942473999,2024-12-23 10:53:46.666314,2024-12-23 10:53:54.887905,0 days 00:00:08.221591,0.010050442325913395,32,0.1,704,100,6.816154097959549e-06,67,0.00035491172676927764,1,3,adadelta,"{'neurons_per_layer_encoder': [704, 352, 176], 'neurons_per_layer_decoder': [176]}",704,[176],"[704, 352, 176]",[-2.0384023982813297],[0.0008958283942473999],0.1804162552550357,COMPLETE
283,-1.262852498641208,0.05642626456497857,2024-12-23 10:53:51.225315,2024-12-23 10:53:59.824719,0 days 00:00:08.599404,0.04942682982601032,32,0.1,704,100,4.753303535200525e-06,67,0.0003674868198739751,1,3,adadelta,"{'neurons_per_layer_encoder': [704, 352, 176], 'neurons_per_layer_decoder': [176]}",704,[176],"[704, 352, 176]",[-1.262852498641208],[0.05642626456497857],0.21389780671854872,COMPLETE
284,-0.8422313800072576,-0.014337268951444493,2024-12-23 10:53:54.898761,2024-12-23 10:54:02.298239,0 days 00:00:07.399478,0.09803075581691503,32,0.1,512,100,0.0001486608918006623,25,4.639582750424781e-05,1,3,adam,"{'neurons_per_layer_encoder': [512, 256, 128], 'neurons_per_layer_decoder': [128]}",512,[128],"[512, 256, 128]",[-0.8422313800072576],[-0.014337268951444493],0.4661415776979389,COMPLETE
285,0.39286205175264244,0.13780506944026316,2024-12-23 10:53:56.449142,2024-12-23 10:54:09.232187,0 days 00:00:12.783045,0.09595274955108482,32,0.1,816,100,4.787131024017977e-06,104,0.0002564462391450702,1,3,adam,"{'neurons_per_layer_encoder': [816, 408, 204], 'neurons_per_layer_decoder': [204]}",816,[204],"[816, 408, 204]",[0.39286205175264244],[0.13780506944026316],-1.1609898420934084,COMPLETE
286,0.22696844248263992,-0.041379077218407945,2024-12-23 10:53:59.835599,2024-12-23 10:54:07.062941,0 days 00:00:07.227342,0.012344568901399308,32,0.1,256,100,5.0110922971834475e-06,12,0.007962574940951614,1,3,adam,"{'neurons_per_layer_encoder': [256, 128, 64], 'neurons_per_layer_decoder': [64]}",256,[64],"[256, 128, 64]",[0.22696844248263992],[-0.041379077218407945],-3.0342267955526676,COMPLETE
287,0.40574035333377745,0.24389312966336585,2024-12-23 10:54:00.154900,2024-12-23 10:54:09.616839,0 days 00:00:09.461939,0.01229844065475317,32,0.30000000000000004,256,100,4.845081134503271e-06,12,0.00025267815229491783,1,3,adam,"{'neurons_per_layer_encoder': [256, 128, 64], 'neurons_per_layer_decoder': [64]}",256,[64],"[256, 128, 64]",[0.40574035333377745],[0.24389312966336585],0.061228647720172516,COMPLETE
288,0.3091222345842749,-0.04834857024301065,2024-12-23 10:54:02.306200,2024-12-23 10:54:08.164544,0 days 00:00:05.858344,0.012711574020083351,32,0.30000000000000004,256,100,4.858089419733376e-06,12,0.008654066759829104,1,3,adam,"{'neurons_per_layer_encoder': [256, 128, 64], 'neurons_per_layer_decoder': [64]}",256,[64],"[256, 128, 64]",[0.3091222345842749],[-0.04834857024301065],-1.6265787956471158,COMPLETE
289,0.5662616494324948,0.17426429466404825,2024-12-23 10:54:05.960800,2024-12-23 10:54:11.243950,0 days 00:00:05.283150,0.01081560118785914,32,0.1,256,100,4.8837960373733235e-06,12,0.00025007939254794906,1,3,adam,"{'neurons_per_layer_encoder': [256, 128, 64], 'neurons_per_layer_decoder': [64]}",256,[64],"[256, 128, 64]",[0.5662616494324948],[0.17426429466404825],-0.8670712548648417,COMPLETE
290,0.41844910036995087,0.2257571828567817,2024-12-23 10:54:07.073202,2024-12-23 10:54:12.182037,0 days 00:00:05.108835,0.010931628852812299,32,0.1,272,100,6.87818282402153e-05,13,0.0017271409084286917,1,3,adam,"{'neurons_per_layer_encoder': [272, 136, 68], 'neurons_per_layer_decoder': [68]}",272,[68],"[272, 136, 68]",[0.41844910036995087],[0.2257571828567817],-0.4700960597045234,COMPLETE
291,0.3801155211834084,0.24207962669540306,2024-12-23 10:54:08.173126,2024-12-23 10:54:12.710398,0 days 00:00:04.537272,0.07456632978792913,32,0.1,272,100,5.844536910245648e-06,13,0.0002526418063557872,1,3,adam,"{'neurons_per_layer_encoder': [272, 136, 68], 'neurons_per_layer_decoder': [68]}",272,[68],"[272, 136, 68]",[0.3801155211834084],[0.24207962669540306],-0.9936027825866828,COMPLETE
292,-0.9345893402369478,-0.04687737604407238,2024-12-23 10:54:09.244396,2024-12-23 10:54:10.498352,0 days 00:00:01.253956,0.058597190930275905,32,0.1,272,100,0.00010323660512203896,13,0.0002133258015102087,1,3,sgd,"{'neurons_per_layer_encoder': [272, 136, 68], 'neurons_per_layer_decoder': [68]}",272,[68],"[272, 136, 68]",[-0.9345893402369478],[-0.04687737604407238],0.42290419470920276,COMPLETE
293,-1.1137781362445476,-0.19109236954155362,2024-12-23 10:54:09.368054,2024-12-23 10:54:10.633826,0 days 00:00:01.265772,0.01094947496284948,32,0.1,272,100,6.234387032011869e-06,13,0.00019768662238352246,1,3,sgd,"{'neurons_per_layer_encoder': [272, 136, 68], 'neurons_per_layer_decoder': [68]}",272,[68],"[272, 136, 68]",[-1.1137781362445476],[-0.19109236954155362],0.21809158233998371,COMPLETE
294,-0.15179038060123373,-0.5116192262095975,2024-12-23 10:54:09.624599,2024-12-23 10:54:11.565142,0 days 00:00:01.940543,0.01103557672310813,32,0.1,272,100,6.079111008773056e-06,13,0.00020910767708095284,1,3,sgd,"{'neurons_per_layer_encoder': [272, 136, 68], 'neurons_per_layer_decoder': [68]}",272,[68],"[272, 136, 68]",[-0.15179038060123373],[-0.5116192262095975],0.09969835129086158,COMPLETE
295,0.5632944738276475,0.30015491529881855,2024-12-23 10:54:10.504685,2024-12-23 10:54:13.898975,0 days 00:00:03.394290,0.010833774763135481,32,0.1,304,100,6.121700937161569e-06,62,0.00019759896190074498,1,2,adam,"{'neurons_per_layer_encoder': [304, 152], 'neurons_per_layer_decoder': [152]}",304,[152],"[304, 152]",[0.5632944738276475],[0.30015491529881855],-0.9640068447395379,COMPLETE
296,0.2718833603756682,0.10065115501587707,2024-12-23 10:54:10.640318,2024-12-23 10:54:13.920968,0 days 00:00:03.280650,0.19736505703653162,64,0.1,272,100,5.538145376857014e-06,27,0.0001605703130280085,1,2,adam,"{'neurons_per_layer_encoder': [272, 136], 'neurons_per_layer_decoder': [136]}",272,[136],"[272, 136]",[0.2718833603756682],[0.10065115501587707],-1.2857706681965078,COMPLETE
297,0.47275245138614386,0.2695209824275523,2024-12-23 10:54:11.252786,2024-12-23 10:54:14.564052,0 days 00:00:03.311266,0.07516594324700804,32,0.1,304,100,0.0004547466546484483,62,0.0003009642569409658,1,2,adam,"{'neurons_per_layer_encoder': [304, 152], 'neurons_per_layer_decoder': [152]}",304,[152],"[304, 152]",[0.47275245138614386],[0.2695209824275523],0.7337005040007777,COMPLETE
298,0.2529505961726727,0.3276262923069876,2024-12-23 10:54:11.571291,2024-12-23 10:54:14.870223,0 days 00:00:03.298932,0.010752414766386246,32,0.1,304,100,5.516528368296695e-06,62,3.06981456698741e-05,1,2,adam,"{'neurons_per_layer_encoder': [304, 152], 'neurons_per_layer_decoder': [152]}",304,[152],"[304, 152]",[0.2529505961726727],[0.3276262923069876],-0.3361955850863613,COMPLETE
299,-1.6052433944664295,0.07574685991960961,2024-12-23 10:54:12.190938,2024-12-23 10:54:14.231925,0 days 00:00:02.040987,0.11789566101943043,32,0.1,304,100,1.2595816067701655e-06,15,0.0003357115409563812,1,3,adadelta,"{'neurons_per_layer_encoder': [304, 152, 76], 'neurons_per_layer_decoder': [76]}",304,[76],"[304, 152, 76]",[-1.6052433944664295],[0.07574685991960961],0.25634355419338173,COMPLETE
300,-0.8020261817052383,-0.28888236680435675,2024-12-23 10:54:12.718563,2024-12-23 10:54:14.578953,0 days 00:00:01.860390,0.01046448554983253,32,0.1,304,100,0.00044411685411872983,62,0.0012716943737974594,1,2,adadelta,"{'neurons_per_layer_encoder': [304, 152], 'neurons_per_layer_decoder': [152]}",304,[152],"[304, 152]",[-0.8020261817052383],[-0.28888236680435675],0.6961259904072551,COMPLETE
301,-1.4312079638202158,-0.09042277196561499,2024-12-23 10:54:13.906068,2024-12-23 10:54:15.651674,0 days 00:00:01.745606,0.039077149814799414,40,0.1,304,100,0.0002954171444760698,62,0.0005429999784717454,1,2,adadelta,"{'neurons_per_layer_encoder': [304, 152], 'neurons_per_layer_decoder': [152]}",304,[152],"[304, 152]",[-1.4312079638202158],[-0.09042277196561499],0.4946442860009391,COMPLETE
302,-1.1607276613801298,-0.14483096344273982,2024-12-23 10:54:13.932315,2024-12-23 10:54:15.918719,0 days 00:00:01.986404,0.014551963807969602,40,0.1,304,100,0.0003251261642222155,15,0.0005678871232445195,1,3,adadelta,"{'neurons_per_layer_encoder': [304, 152, 76], 'neurons_per_layer_decoder': [76]}",304,[76],"[304, 152, 76]",[-1.1607276613801298],[-0.14483096344273982],0.5861733968031952,COMPLETE
303,-2.616290240007937,-0.44312844564507436,2024-12-23 10:54:14.238365,2024-12-23 10:54:16.237499,0 days 00:00:01.999134,0.03861907598970977,40,0.1,304,100,0.000836977478651626,15,1.1156079534929974e-05,1,3,adam,"{'neurons_per_layer_encoder': [304, 152, 76], 'neurons_per_layer_decoder': [76]}",304,[76],"[304, 152, 76]",[-2.616290240007937],[-0.44312844564507436],0.7118461515058437,COMPLETE
304,0.505697509360769,0.492800994180549,2024-12-23 10:54:14.571843,2024-12-23 10:54:18.088081,0 days 00:00:03.516238,0.014415046188439733,40,0.1,304,100,3.880174299799158e-06,15,0.0046048673299437315,1,3,adam,"{'neurons_per_layer_encoder': [304, 152, 76], 'neurons_per_layer_decoder': [76]}",304,[76],"[304, 152, 76]",[0.505697509360769],[0.492800994180549],-1.0787451088764755,COMPLETE
305,0.5818918102325756,0.09102496102141988,2024-12-23 10:54:14.585636,2024-12-23 10:54:18.640158,0 days 00:00:04.054522,0.06912215235825625,40,0.1,256,100,3.871570380816709e-06,12,0.0005467233804158033,3,3,adam,"{'neurons_per_layer_encoder': [256, 128, 64], 'neurons_per_layer_decoder': [64, 128, 256]}",256,"[64, 128, 256]","[256, 128, 64]",[0.5818918102325756],[0.09102496102141988],-0.44137025845390804,COMPLETE
306,0.5749364438890687,0.33747345983905586,2024-12-23 10:54:14.878704,2024-12-23 10:54:18.272573,0 days 00:00:03.393869,0.013059748321573007,40,0.1,256,100,4.7161044073721436e-05,12,0.000539473918181412,1,3,adam,"{'neurons_per_layer_encoder': [256, 128, 64], 'neurons_per_layer_decoder': [64]}",256,[64],"[256, 128, 64]",[0.5749364438890687],[0.33747345983905586],0.09172961464767068,COMPLETE
307,0.07674161545862401,-0.012725922585365756,2024-12-23 10:54:15.659126,2024-12-23 10:54:19.883106,0 days 00:00:04.223980,0.012646482802093875,80,0.1,256,100,3.97207980022898e-06,12,0.0002963107014886487,3,3,adam,"{'neurons_per_layer_encoder': [256, 128, 64], 'neurons_per_layer_decoder': [64, 128, 256]}",256,"[64, 128, 256]","[256, 128, 64]",[0.07674161545862401],[-0.012725922585365756],-1.2124754813207355,COMPLETE
308,-0.29773577542441676,0.08509727477752793,2024-12-23 10:54:15.925602,2024-12-23 10:54:19.567115,0 days 00:00:03.641513,0.1613486923516061,80,0.1,256,100,3.901740676694833e-06,12,1.091494014939978e-05,1,3,adam,"{'neurons_per_layer_encoder': [256, 128, 64], 'neurons_per_layer_decoder': [64]}",256,[64],"[256, 128, 64]",[-0.29773577542441676],[0.08509727477752793],-0.06360728660227492,COMPLETE
309,-0.1466318511424376,-0.04989282411167473,2024-12-23 10:54:16.244644,2024-12-23 10:54:19.549962,0 days 00:00:03.305318,0.013033273458304863,80,0.30000000000000004,256,100,3.898308989938105e-06,12,8.227955674464822e-05,1,3,adam,"{'neurons_per_layer_encoder': [256, 128, 64], 'neurons_per_layer_decoder': [64]}",256,[64],"[256, 128, 64]",[-0.1466318511424376],[-0.04989282411167473],-0.3207268020141176,COMPLETE
310,-0.7645275633273743,-0.010151572275582943,2024-12-23 10:54:18.095737,2024-12-23 10:54:19.586417,0 days 00:00:01.490680,0.015842136797064272,40,0.30000000000000004,352,100,3.857348619289394e-06,8,0.0044863378288412204,2,4,sgd,"{'neurons_per_layer_encoder': [352, 176, 88, 44], 'neurons_per_layer_decoder': [44, 88]}",352,"[44, 88]","[352, 176, 88, 44]",[-0.7645275633273743],[-0.010151572275582943],0.19840673869214248,COMPLETE
311,-0.8277195435306302,-0.09774466629521017,2024-12-23 10:54:18.279624,2024-12-23 10:54:20.264653,0 days 00:00:01.985029,0.016095433801000748,40,0.4,624,100,3.7809325860122925e-06,15,0.0035469935891694216,3,4,sgd,"{'neurons_per_layer_encoder': [624, 312, 156, 78], 'neurons_per_layer_decoder': [78, 156, 312]}",624,"[78, 156, 312]","[624, 312, 156, 78]",[-0.8277195435306302],[-0.09774466629521017],0.2638675417581584,COMPLETE
