number,values_0,values_1,datetime_start,datetime_complete,duration,params_alpha,params_batch_size,params_drop_out_rate,params_encoder_neurons_layer_1,params_epochs,params_lambda,params_latent_dim,params_learning_rate,params_num_layers_decoder,params_num_layers_encoder,params_optimizer,user_attrs_encoder_decoder_config,user_attrs_first_layer_neurons,user_attrs_neurons_per_layer_decoder,user_attrs_neurons_per_layer_encoder,user_attrs_r2_feature_1,user_attrs_r2_feature_2,user_attrs_relative_deterioration,state
670,0.3111314310050419,0.18551155145353893,2024-12-23 11:03:31.795963,2024-12-23 11:03:37.795694,0 days 00:00:05.999731,0.018591186740709698,32,0.30000000000000004,880,100,2.605357357461771e-06,108,0.0024909028777872367,1,3,adam,"{'neurons_per_layer_encoder': [880, 440, 220], 'neurons_per_layer_decoder': [220]}",880,[220],"[880, 440, 220]",[0.3111314310050419],[0.18551155145353893],-2.013419260556546,COMPLETE
671,-0.8096131874219716,-0.043923765499533474,2024-12-23 11:03:32.217046,2024-12-23 11:03:35.024554,0 days 00:00:02.807508,0.015424342364437047,104,0.30000000000000004,416,100,0.0003715948389692004,20,4.2980938594880046e-05,1,3,adam,"{'neurons_per_layer_encoder': [416, 208, 104], 'neurons_per_layer_decoder': [104]}",416,[104],"[416, 208, 104]",[-0.8096131874219716],[-0.043923765499533474],0.7941894518275235,COMPLETE
672,0.2417195321293064,0.03663446915866497,2024-12-23 11:03:33.966529,2024-12-23 11:03:37.474058,0 days 00:00:03.507529,0.0634280070722278,32,0.30000000000000004,400,100,2.486761040444484e-06,20,0.006177146216410768,1,3,adam,"{'neurons_per_layer_encoder': [400, 200, 100], 'neurons_per_layer_decoder': [100]}",400,[100],"[400, 200, 100]",[0.2417195321293064],[0.03663446915866497],-2.2026404205042476,COMPLETE
673,0.5022215301408663,-0.04380826312831165,2024-12-23 11:03:34.512067,2024-12-23 11:03:38.983630,0 days 00:00:04.471563,0.08841209555448969,40,0.30000000000000004,880,100,2.6278749850786644e-06,44,0.006233010330252111,1,3,sgd,"{'neurons_per_layer_encoder': [880, 440, 220], 'neurons_per_layer_decoder': [220]}",880,[220],"[880, 440, 220]",[0.5022215301408663],[-0.04380826312831165],0.2014068709209816,COMPLETE
674,-0.12494423266768973,0.03898088947624723,2024-12-23 11:03:35.032501,2024-12-23 11:03:39.408939,0 days 00:00:04.376438,0.064736065879452,40,0.30000000000000004,864,100,2.5594426729979766e-06,21,0.00014071845969693402,1,4,sgd,"{'neurons_per_layer_encoder': [864, 432, 216, 108], 'neurons_per_layer_decoder': [108]}",864,[108],"[864, 432, 216, 108]",[-0.12494423266768973],[0.03898088947624723],0.337759800092521,COMPLETE
675,0.026374722605491785,-0.39855964310381387,2024-12-23 11:03:35.170961,2024-12-23 11:03:39.037062,0 days 00:00:03.866101,0.06416076686966292,40,0.1,768,100,2.575841518466093e-06,70,0.0007007790318817521,1,3,sgd,"{'neurons_per_layer_encoder': [768, 384, 192], 'neurons_per_layer_decoder': [192]}",768,[192],"[768, 384, 192]",[0.026374722605491785],[-0.39855964310381387],0.3161248988677468,COMPLETE
676,-0.7570549565215576,-0.010402422262841826,2024-12-23 11:03:36.040543,2024-12-23 11:03:38.014397,0 days 00:00:01.973854,0.01827988415922485,64,0.1,400,100,2.621923853412698e-06,10,0.006274525505735491,1,4,sgd,"{'neurons_per_layer_encoder': [400, 200, 100, 50], 'neurons_per_layer_decoder': [50]}",400,[50],"[400, 200, 100, 50]",[-0.7570549565215576],[-0.010402422262841826],0.18291123942837753,COMPLETE
677,-0.7505127560754998,-0.05487209006860416,2024-12-23 11:03:37.482160,2024-12-23 11:03:39.077510,0 days 00:00:01.595350,0.024943037987071644,64,0.1,608,100,1.5939782065220473e-05,15,0.0024683445251087125,1,4,sgd,"{'neurons_per_layer_encoder': [608, 304, 152, 76], 'neurons_per_layer_decoder': [76]}",608,[76],"[608, 304, 152, 76]",[-0.7505127560754998],[-0.05487209006860416],0.16191381655350912,COMPLETE
678,-0.2973211469881938,-0.19302950559067633,2024-12-23 11:03:37.803668,2024-12-23 11:03:40.681919,0 days 00:00:02.878251,0.16045666487769916,64,0.1,352,100,3.6669314249320874e-06,8,0.00013505228848357574,1,4,sgd,"{'neurons_per_layer_encoder': [352, 176, 88, 44], 'neurons_per_layer_decoder': [44]}",352,[44],"[352, 176, 88, 44]",[-0.2973211469881938],[-0.19302950559067633],0.2894113927181132,COMPLETE
679,0.36230889014378764,-0.028706750128666636,2024-12-23 11:03:38.021177,2024-12-23 11:03:41.620256,0 days 00:00:03.599079,0.12184414931371629,40,0.1,784,100,3.609663396042118e-06,71,0.0036928966750268428,1,3,sgd,"{'neurons_per_layer_encoder': [784, 392, 196], 'neurons_per_layer_decoder': [196]}",784,[196],"[784, 392, 196]",[0.36230889014378764],[-0.028706750128666636],0.09032840851553516,COMPLETE
680,0.4675669839721426,0.33185992135838804,2024-12-23 11:03:38.992118,2024-12-23 11:03:43.866174,0 days 00:00:04.874056,0.16155612548753157,40,0.1,800,100,1.6287953440956665e-06,72,1.3689300596174929e-05,1,3,adam,"{'neurons_per_layer_encoder': [800, 400, 200], 'neurons_per_layer_decoder': [200]}",800,[200],"[800, 400, 200]",[0.4675669839721426],[0.33185992135838804],-0.05737526075055562,COMPLETE
681,-0.1042209052013583,0.0022458181918124653,2024-12-23 11:03:39.048196,2024-12-23 11:03:43.615289,0 days 00:00:04.567093,0.02547671495855156,64,0.2,352,100,0.000999745875857419,17,0.003785258262621743,3,3,adam,"{'neurons_per_layer_encoder': [352, 176, 88], 'neurons_per_layer_decoder': [88, 176, 352]}",352,"[88, 176, 352]","[352, 176, 88]",[-0.1042209052013583],[0.0022458181918124653],-0.2132715476420424,COMPLETE
682,0.21000650275378585,-0.06594981974443748,2024-12-23 11:03:39.088395,2024-12-23 11:03:42.692599,0 days 00:00:03.604204,0.019352788949955624,88,0.2,960,100,3.645751873908352e-06,80,0.0028233672003253503,3,3,adam,"{'neurons_per_layer_encoder': [960, 480, 240], 'neurons_per_layer_decoder': [240, 480, 960]}",960,"[240, 480, 960]","[960, 480, 240]",[0.21000650275378585],[-0.06594981974443748],-0.7161122339671393,COMPLETE
683,0.3305752695503854,0.05084254961012835,2024-12-23 11:03:39.417213,2024-12-23 11:03:43.118164,0 days 00:00:03.700951,0.1882640021997433,88,0.4,352,100,3.6554110512337414e-06,17,0.004712940227249077,3,3,adam,"{'neurons_per_layer_encoder': [352, 176, 88], 'neurons_per_layer_decoder': [88, 176, 352]}",352,"[88, 176, 352]","[352, 176, 88]",[0.3305752695503854],[0.05084254961012835],-0.8914864054267028,COMPLETE
684,0.28682556357706845,0.02488530749323803,2024-12-23 11:03:40.689472,2024-12-23 11:03:45.152534,0 days 00:00:04.463062,0.19885389781017804,88,0.4,512,100,3.178717542850294e-06,25,0.0005552267133925096,1,3,adam,"{'neurons_per_layer_encoder': [512, 256, 128], 'neurons_per_layer_decoder': [128]}",512,[128],"[512, 256, 128]",[0.28682556357706845],[0.02488530749323803],-0.2682339322201845,COMPLETE
685,0.22161834439169392,-0.1722226185407243,2024-12-23 11:03:41.628393,2024-12-23 11:03:46.160155,0 days 00:00:04.531762,0.04306366742013106,96,0.2,368,100,1.975015357102276e-06,18,0.004643799002819755,3,3,adam,"{'neurons_per_layer_encoder': [368, 184, 92], 'neurons_per_layer_decoder': [92, 184, 368]}",368,"[92, 184, 368]","[368, 184, 92]",[0.22161834439169392],[-0.1722226185407243],-3.027165690993387,COMPLETE
686,0.2945941601660137,-0.0007859265678920035,2024-12-23 11:03:42.699585,2024-12-23 11:03:45.413808,0 days 00:00:02.714223,0.01425790553188241,96,0.4,672,100,1.5235861222158466e-06,65,0.007386155781670475,1,3,adam,"{'neurons_per_layer_encoder': [672, 336, 168], 'neurons_per_layer_decoder': [168]}",672,[168],"[672, 336, 168]",[0.2945941601660137],[-0.0007859265678920035],-1.5921578612584804,COMPLETE
687,-0.9112996810534497,0.011921978535135325,2024-12-23 11:03:43.125466,2024-12-23 11:03:45.171669,0 days 00:00:02.046203,0.0425591351471056,96,0.30000000000000004,368,100,2.339669502410917e-05,18,0.007236181052212319,1,3,adadelta,"{'neurons_per_layer_encoder': [368, 184, 92], 'neurons_per_layer_decoder': [92]}",368,[92],"[368, 184, 92]",[-0.9112996810534497],[0.011921978535135325],0.2887940155977754,COMPLETE
688,-0.42805604010065057,0.0223851337541201,2024-12-23 11:03:43.623166,2024-12-23 11:03:47.126629,0 days 00:00:03.503463,0.022284015603102367,96,0.30000000000000004,384,100,1.6476911805368119e-06,19,3.3988310874118596e-05,1,3,adadelta,"{'neurons_per_layer_encoder': [384, 192, 96], 'neurons_per_layer_decoder': [96]}",384,[96],"[384, 192, 96]",[-0.42805604010065057],[0.0223851337541201],0.05965402117525762,COMPLETE
689,-0.43649485272909905,-0.32316415605924487,2024-12-23 11:03:43.873818,2024-12-23 11:03:47.421514,0 days 00:00:03.547696,0.01419740777622314,48,0.30000000000000004,512,100,0.00014840099891273907,25,0.004578554804554373,1,3,adadelta,"{'neurons_per_layer_encoder': [512, 256, 128], 'neurons_per_layer_decoder': [128]}",512,[128],"[512, 256, 128]",[-0.43649485272909905],[-0.32316415605924487],0.5983318541621269,COMPLETE
690,-0.7068829004222588,-0.21714644631863877,2024-12-23 11:03:45.160936,2024-12-23 11:03:47.253615,0 days 00:00:02.092679,0.021752126437328368,72,0.30000000000000004,368,100,0.00017764993469508592,18,0.0073515653362677645,1,3,adadelta,"{'neurons_per_layer_encoder': [368, 184, 92], 'neurons_per_layer_decoder': [92]}",368,[92],"[368, 184, 92]",[-0.7068829004222588],[-0.21714644631863877],0.6331408731765801,COMPLETE
691,-0.9614226053058623,-0.020368369859245172,2024-12-23 11:03:45.180196,2024-12-23 11:03:47.219899,0 days 00:00:02.039703,0.02138178587787045,72,0.30000000000000004,384,100,1.4358408473860913e-06,19,3.561397909758628e-05,1,3,adam,"{'neurons_per_layer_encoder': [384, 192, 96], 'neurons_per_layer_decoder': [96]}",384,[96],"[384, 192, 96]",[-0.9614226053058623],[-0.020368369859245172],0.42379656705365487,COMPLETE
692,0.0772090500317486,0.0008315505109747212,2024-12-23 11:03:45.422180,2024-12-23 11:03:49.428935,0 days 00:00:04.006755,0.021731383965551805,72,0.30000000000000004,384,100,0.0001518132761157154,19,0.0045186770610341105,1,3,adam,"{'neurons_per_layer_encoder': [384, 192, 96], 'neurons_per_layer_decoder': [96]}",384,[96],"[384, 192, 96]",[0.0772090500317486],[0.0008315505109747212],-1.0905415745026932,COMPLETE
693,-0.2692881256147974,0.11059462007245535,2024-12-23 11:03:46.168024,2024-12-23 11:03:50.068364,0 days 00:00:03.900340,0.0225951178118669,40,0.30000000000000004,384,100,2.9043891546899342e-05,19,0.004055718726022674,1,3,adadelta,"{'neurons_per_layer_encoder': [384, 192, 96], 'neurons_per_layer_decoder': [96]}",384,[96],"[384, 192, 96]",[-0.2692881256147974],[0.11059462007245535],0.4713262826392137,COMPLETE
694,0.08936630169760618,-0.007843973029949991,2024-12-23 11:03:47.135074,2024-12-23 11:03:50.845944,0 days 00:00:03.710870,0.017198965967537047,72,0.30000000000000004,400,100,0.000169743203284129,20,0.0038120603442600575,1,3,adam,"{'neurons_per_layer_encoder': [400, 200, 100], 'neurons_per_layer_decoder': [100]}",400,[100],"[400, 200, 100]",[0.08936630169760618],[-0.007843973029949991],-0.7600108414810374,COMPLETE
695,0.1810077417742978,-0.03401246049665119,2024-12-23 11:03:47.226740,2024-12-23 11:03:50.262699,0 days 00:00:03.035959,0.019601302381255983,48,0.30000000000000004,928,100,2.2364259232490226e-06,110,0.003992369565707341,1,3,adam,"{'neurons_per_layer_encoder': [928, 464, 232], 'neurons_per_layer_decoder': [232]}",928,[232],"[928, 464, 232]",[0.1810077417742978],[-0.03401246049665119],-2.00458377787361,COMPLETE
696,0.04456100295063592,-0.3097853827654271,2024-12-23 11:03:47.267265,2024-12-23 11:03:50.803411,0 days 00:00:03.536146,0.05283639223416507,48,0.1,928,100,2.116621738176915e-06,110,0.0013446393983285068,1,3,adam,"{'neurons_per_layer_encoder': [928, 464, 232], 'neurons_per_layer_decoder': [232]}",928,[232],"[928, 464, 232]",[0.04456100295063592],[-0.3097853827654271],-4.1365854328538525,COMPLETE
697,-0.09261781230651667,-0.014516248200033832,2024-12-23 11:03:47.429693,2024-12-23 11:03:50.906920,0 days 00:00:03.477227,0.017038789274158913,128,0.1,336,100,0.00027738430849318124,16,0.005577843706022649,1,3,adam,"{'neurons_per_layer_encoder': [336, 168, 84], 'neurons_per_layer_decoder': [84]}",336,[84],"[336, 168, 84]",[-0.09261781230651667],[-0.014516248200033832],-1.8974123680306976,COMPLETE
698,0.7089657418602305,0.4227521825051409,2024-12-23 11:03:49.441303,2024-12-23 11:03:55.321430,0 days 00:00:05.880127,0.017669377789019343,40,0.1,336,100,2.122723936849028e-06,4,0.005501477951880159,1,5,adam,"{'neurons_per_layer_encoder': [336, 168, 84, 42, 21], 'neurons_per_layer_decoder': [21]}",336,[21],"[336, 168, 84, 42, 21]",[0.7089657418602305],[0.4227521825051409],-0.5186548458298652,COMPLETE
699,0.2581219780420554,-0.03508979573601345,2024-12-23 11:03:50.075703,2024-12-23 11:03:57.071432,0 days 00:00:06.995729,0.017252965972344894,128,0.1,928,100,2.1312041898901083e-06,11,0.005636294550634879,4,5,adam,"{'neurons_per_layer_encoder': [928, 464, 232, 116, 58], 'neurons_per_layer_decoder': [58, 116, 232, 464]}",928,"[58, 116, 232, 464]","[928, 464, 232, 116, 58]",[0.2581219780420554],[-0.03508979573601345],-1.7601726529792163,COMPLETE
700,-2.4896707120706547,-0.023251327522209486,2024-12-23 11:03:50.270738,2024-12-23 11:03:57.417739,0 days 00:00:07.147001,0.016325002518723607,128,0.1,336,100,0.0005674108741213591,131,0.005294393346448452,4,1,adam,"{'neurons_per_layer_encoder': [336], 'neurons_per_layer_decoder': [336, 672, 1344, 2688]}",336,"[336, 672, 1344, 2688]",[336],[-2.4896707120706547],[-0.023251327522209486],0.4772173315960979,COMPLETE
701,0.3982032958613295,0.23098677279971924,2024-12-23 11:03:50.811368,2024-12-23 11:03:58.007667,0 days 00:00:07.196299,0.017095555419037387,32,0.1,336,100,4.324624198260553e-05,4,0.005499564052721502,1,5,adam,"{'neurons_per_layer_encoder': [336, 168, 84, 42, 21], 'neurons_per_layer_decoder': [21]}",336,[21],"[336, 168, 84, 42, 21]",[0.3982032958613295],[0.23098677279971924],-1.048151906325907,COMPLETE
702,-0.909494598030673,0.004770171290940151,2024-12-23 11:03:50.856544,2024-12-23 11:04:02.136635,0 days 00:00:11.280091,0.04714742409716841,128,0.1,336,100,0.00012146744360497813,163,0.003006903224465923,5,1,adam,"{'neurons_per_layer_encoder': [336], 'neurons_per_layer_decoder': [336, 672, 1344, 2688, 5376]}",336,"[336, 672, 1344, 2688, 5376]",[336],[-0.909494598030673],[0.004770171290940151],0.5484981790664388,COMPLETE
703,0.026725600504033498,-0.09227299819478074,2024-12-23 11:03:50.917106,2024-12-23 11:04:00.001227,0 days 00:00:09.084121,0.03324132350183774,112,0.1,432,100,0.0005573261242051373,5,0.0030713439774294753,5,5,adam,"{'neurons_per_layer_encoder': [432, 216, 108, 54, 27], 'neurons_per_layer_decoder': [27, 54, 108, 216, 432]}",432,"[27, 54, 108, 216, 432]","[432, 216, 108, 54, 27]",[0.026725600504033498],[-0.09227299819478074],0.769209276027987,COMPLETE
704,0.32981571612779204,0.08037355449395256,2024-12-23 11:03:57.081847,2024-12-23 11:04:01.791714,0 days 00:00:04.709867,0.015987068372886642,40,0.1,336,100,1.7223374670172685e-06,4,0.006115478498018789,1,5,adam,"{'neurons_per_layer_encoder': [336, 168, 84, 42, 21], 'neurons_per_layer_decoder': [21]}",336,[21],"[336, 168, 84, 42, 21]",[0.32981571612779204],[0.08037355449395256],-1.6975170643905821,COMPLETE
705,0.43442813931227875,0.12720027873173478,2024-12-23 11:03:57.426582,2024-12-23 11:04:02.619275,0 days 00:00:05.192693,0.01695908215607522,40,0.1,336,100,1.8515650995418469e-06,4,0.00688219495096605,1,5,adam,"{'neurons_per_layer_encoder': [336, 168, 84, 42, 21], 'neurons_per_layer_decoder': [21]}",336,[21],"[336, 168, 84, 42, 21]",[0.43442813931227875],[0.12720027873173478],-1.4980726784448637,COMPLETE
706,0.6561025189310533,0.2690130192141186,2024-12-23 11:03:58.017297,2024-12-23 11:04:03.171322,0 days 00:00:05.154025,0.015744665819545946,40,0.1,320,100,1.7019012196864751e-06,4,0.007681445947604359,1,5,adam,"{'neurons_per_layer_encoder': [320, 160, 80, 40, 20], 'neurons_per_layer_decoder': [20]}",320,[20],"[320, 160, 80, 40, 20]",[0.6561025189310533],[0.2690130192141186],-1.169175443979241,COMPLETE
707,0.5225073792667706,0.16532870869777538,2024-12-23 11:04:00.011471,2024-12-23 11:04:03.763717,0 days 00:00:03.752246,0.015274373183361426,40,0.1,320,100,1.730252215970119e-06,4,0.007079054238462293,1,5,adam,"{'neurons_per_layer_encoder': [320, 160, 80, 40, 20], 'neurons_per_layer_decoder': [20]}",320,[20],"[320, 160, 80, 40, 20]",[0.5225073792667706],[0.16532870869777538],-1.276700551719324,COMPLETE
708,0.5994649535631688,0.18765130363085702,2024-12-23 11:04:01.801058,2024-12-23 11:04:06.209633,0 days 00:00:04.408575,0.016447833281397987,40,0.1,320,100,1.3715573333252277e-06,4,0.006712634621592002,1,5,adam,"{'neurons_per_layer_encoder': [320, 160, 80, 40, 20], 'neurons_per_layer_decoder': [20]}",320,[20],"[320, 160, 80, 40, 20]",[0.5994649535631688],[0.18765130363085702],-1.2168302083194265,COMPLETE
709,0.6398936067135251,0.38920196368072646,2024-12-23 11:04:02.143678,2024-12-23 11:04:06.076449,0 days 00:00:03.932771,0.015474112344522777,40,0.1,320,100,1.8114649665520028e-06,4,0.006118346737938547,1,5,adam,"{'neurons_per_layer_encoder': [320, 160, 80, 40, 20], 'neurons_per_layer_decoder': [20]}",320,[20],"[320, 160, 80, 40, 20]",[0.6398936067135251],[0.38920196368072646],-0.6318478423317828,COMPLETE
710,0.7219058857527059,0.37780088995845107,2024-12-23 11:04:02.626537,2024-12-23 11:04:06.532123,0 days 00:00:03.905586,0.015296687330795901,40,0.1,320,100,1.74341267571884e-06,4,0.006610954474519703,1,5,adam,"{'neurons_per_layer_encoder': [320, 160, 80, 40, 20], 'neurons_per_layer_decoder': [20]}",320,[20],"[320, 160, 80, 40, 20]",[0.7219058857527059],[0.37780088995845107],-0.7768742881589575,COMPLETE
711,0.40974607344624403,-0.1077191059790854,2024-12-23 11:04:03.178107,2024-12-23 11:04:05.809454,0 days 00:00:02.631347,0.01572504073808984,40,0.1,320,100,1.6824238750820515e-06,4,0.008284704972809354,1,5,adam,"{'neurons_per_layer_encoder': [320, 160, 80, 40, 20], 'neurons_per_layer_decoder': [20]}",320,[20],"[320, 160, 80, 40, 20]",[0.40974607344624403],[-0.1077191059790854],-1.4701021695987706,COMPLETE
712,0.5567318275280249,0.5431886848150684,2024-12-23 11:04:03.769874,2024-12-23 11:04:07.513386,0 days 00:00:03.743512,0.01543453025717331,40,0.1,320,100,1.87071497090443e-06,8,0.007586625347608942,1,4,adam,"{'neurons_per_layer_encoder': [320, 160, 80, 40], 'neurons_per_layer_decoder': [40]}",320,[40],"[320, 160, 80, 40]",[0.5567318275280249],[0.5431886848150684],-0.8798649487394815,COMPLETE
713,0.5633301135442076,0.267974575616039,2024-12-23 11:04:05.816054,2024-12-23 11:04:10.133917,0 days 00:00:04.317863,0.01576979811722724,40,0.1,320,100,1.3544628597917162e-06,4,0.008173441992219924,1,5,adam,"{'neurons_per_layer_encoder': [320, 160, 80, 40, 20], 'neurons_per_layer_decoder': [20]}",320,[20],"[320, 160, 80, 40, 20]",[0.5633301135442076],[0.267974575616039],-1.1772901649718994,COMPLETE
714,0.4421582333848554,0.20592288871383546,2024-12-23 11:04:06.084350,2024-12-23 11:04:10.389105,0 days 00:00:04.304755,0.015024505280979728,40,0.1,320,100,2.0154804887937626e-06,4,0.006242603138800875,1,5,adam,"{'neurons_per_layer_encoder': [320, 160, 80, 40, 20], 'neurons_per_layer_decoder': [20]}",320,[20],"[320, 160, 80, 40, 20]",[0.4421582333848554],[0.20592288871383546],-1.4150622369138055,COMPLETE
715,0.3429026599826238,0.1277886446471287,2024-12-23 11:04:06.217315,2024-12-23 11:04:09.034546,0 days 00:00:02.817231,0.01567014303714025,40,0.1,336,100,1.998743918804594e-06,4,0.006058233761534552,1,5,adam,"{'neurons_per_layer_encoder': [336, 168, 84, 42, 21], 'neurons_per_layer_decoder': [21]}",336,[21],"[336, 168, 84, 42, 21]",[0.3429026599826238],[0.1277886446471287],-1.1827385826568415,COMPLETE
716,0.7144197412014295,0.07998374322844037,2024-12-23 11:04:07.519600,2024-12-23 11:04:11.213697,0 days 00:00:03.694097,0.014838277881670433,40,0.1,304,100,1.2737371804953323e-06,7,0.008774045710329565,1,4,adam,"{'neurons_per_layer_encoder': [304, 152, 76, 38], 'neurons_per_layer_decoder': [38]}",304,[38],"[304, 152, 76, 38]",[0.7144197412014295],[0.07998374322844037],-1.6134379242406094,COMPLETE
717,0.680472387626692,0.5114617084029047,2024-12-23 11:04:10.140944,2024-12-23 11:04:13.631872,0 days 00:00:03.490928,0.0143407713704729,40,0.1,304,100,1.232595835893779e-06,7,0.009955580660322164,1,4,adam,"{'neurons_per_layer_encoder': [304, 152, 76, 38], 'neurons_per_layer_decoder': [38]}",304,[38],"[304, 152, 76, 38]",[0.680472387626692],[0.5114617084029047],-0.9441289628300853,COMPLETE
718,0.6561249995225364,0.018162072973043952,2024-12-23 11:04:11.218966,2024-12-23 11:04:15.239697,0 days 00:00:04.020731,0.014665778208558992,40,0.1,304,100,1.2973350882695785e-06,7,0.00786046053941055,2,4,adam,"{'neurons_per_layer_encoder': [304, 152, 76, 38], 'neurons_per_layer_decoder': [38, 76]}",304,"[38, 76]","[304, 152, 76, 38]",[0.6561249995225364],[0.018162072973043952],-1.638993889462161,COMPLETE
719,0.7834515101201459,0.4485139451500436,2024-12-23 11:04:15.245104,2024-12-23 11:04:18.312092,0 days 00:00:03.066988,0.013719423412540555,40,0.1,304,100,1.1597198524124529e-06,7,0.009828222706383295,1,4,adam,"{'neurons_per_layer_encoder': [304, 152, 76, 38], 'neurons_per_layer_decoder': [38]}",304,[38],"[304, 152, 76, 38]",[0.7834515101201459],[0.4485139451500436],-0.7822834120028306,COMPLETE
