number,values_0,values_1,datetime_start,datetime_complete,duration,params_alpha,params_batch_size,params_drop_out_rate,params_encoder_neurons_layer_1,params_epochs,params_lambda,params_latent_dim,params_learning_rate,params_num_layers_decoder,params_num_layers_encoder,params_optimizer,user_attrs_encoder_decoder_config,user_attrs_first_layer_neurons,user_attrs_neurons_per_layer_decoder,user_attrs_neurons_per_layer_encoder,user_attrs_r2_feature_1,user_attrs_r2_feature_2,user_attrs_relative_deterioration,state
100,0.3660533872916262,0.2490666421996508,2024-12-23 10:50:38.238770,2024-12-23 10:50:42.109557,0 days 00:00:03.870787,0.022237505768771204,40,0.1,256,100,7.719770060382383e-06,12,0.0003423968498411668,1,3,adam,"{'neurons_per_layer_encoder': [256, 128, 64], 'neurons_per_layer_decoder': [64]}",256,[64],"[256, 128, 64]",[0.3660533872916262],[0.2490666421996508],-0.7106160753752971,COMPLETE
101,0.4343025893217448,0.23883505113536985,2024-12-23 10:50:38.844903,2024-12-23 10:50:42.670613,0 days 00:00:03.825710,0.02224122974903166,32,0.1,256,100,7.573442849227731e-06,12,0.000355119064564242,1,3,adam,"{'neurons_per_layer_encoder': [256, 128, 64], 'neurons_per_layer_decoder': [64]}",256,[64],"[256, 128, 64]",[0.4343025893217448],[0.23883505113536985],-1.0699187306104907,COMPLETE
102,0.38232994175377244,0.27039717663033025,2024-12-23 10:50:39.425708,2024-12-23 10:50:43.009060,0 days 00:00:03.583352,0.02269932453505651,48,0.1,256,100,7.158469649380123e-06,12,0.00033684180985928645,1,3,adam,"{'neurons_per_layer_encoder': [256, 128, 64], 'neurons_per_layer_decoder': [64]}",256,[64],"[256, 128, 64]",[0.38232994175377244],[0.27039717663033025],-1.057884459130321,COMPLETE
103,0.4022169619214774,0.38871829044085915,2024-12-23 10:50:39.526407,2024-12-23 10:50:43.237986,0 days 00:00:03.711579,0.02230110208130946,40,0.1,256,100,7.597481961665432e-06,12,0.0003507674210354098,1,3,adam,"{'neurons_per_layer_encoder': [256, 128, 64], 'neurons_per_layer_decoder': [64]}",256,[64],"[256, 128, 64]",[0.4022169619214774],[0.38871829044085915],-0.46395666006081804,COMPLETE
104,0.596262579880477,0.007663544897841712,2024-12-23 10:50:39.672898,2024-12-23 10:50:43.404917,0 days 00:00:03.732019,0.02034154479240942,40,0.1,256,100,7.3883591461336975e-06,12,0.0003419208913953783,1,3,adam,"{'neurons_per_layer_encoder': [256, 128, 64], 'neurons_per_layer_decoder': [64]}",256,[64],"[256, 128, 64]",[0.596262579880477],[0.007663544897841712],-0.8218883483240057,COMPLETE
105,0.4984772827843713,0.2736454126958142,2024-12-23 10:50:41.542412,2024-12-23 10:50:45.446027,0 days 00:00:03.903615,0.019809802644320695,40,0.1,256,100,7.72571942115755e-06,12,0.00047853340022737393,1,3,adam,"{'neurons_per_layer_encoder': [256, 128, 64], 'neurons_per_layer_decoder': [64]}",256,[64],"[256, 128, 64]",[0.4984772827843713],[0.2736454126958142],-0.8330410856486977,COMPLETE
106,0.6014880696297926,0.21717683848470526,2024-12-23 10:50:42.116341,2024-12-23 10:50:45.655953,0 days 00:00:03.539612,0.020215956245733926,40,0.1,256,100,7.446797370922238e-06,12,0.0005272409729227159,1,3,adam,"{'neurons_per_layer_encoder': [256, 128, 64], 'neurons_per_layer_decoder': [64]}",256,[64],"[256, 128, 64]",[0.6014880696297926],[0.21717683848470526],-0.6813704649025749,COMPLETE
107,0.4257788504725363,0.22583349488217408,2024-12-23 10:50:42.678151,2024-12-23 10:50:46.488403,0 days 00:00:03.810252,0.019599201113562482,40,0.1,256,100,7.847182585348289e-06,12,0.0005059594519109039,1,3,adam,"{'neurons_per_layer_encoder': [256, 128, 64], 'neurons_per_layer_decoder': [64]}",256,[64],"[256, 128, 64]",[0.4257788504725363],[0.22583349488217408],-0.7979734288874433,COMPLETE
108,0.5195219610964675,0.2083760555919667,2024-12-23 10:50:43.016568,2024-12-23 10:50:46.556470,0 days 00:00:03.539902,0.019815123644826217,40,0.1,256,100,7.764070443098646e-06,12,0.0003307733964659767,1,3,adam,"{'neurons_per_layer_encoder': [256, 128, 64], 'neurons_per_layer_decoder': [64]}",256,[64],"[256, 128, 64]",[0.5195219610964675],[0.2083760555919667],-0.7212539046962285,COMPLETE
109,0.5393805898184372,0.2172245726762101,2024-12-23 10:50:43.244738,2024-12-23 10:50:46.681709,0 days 00:00:03.436971,0.02032142209542857,40,0.1,256,100,7.497192623052697e-06,12,0.0003502456201688735,1,3,adam,"{'neurons_per_layer_encoder': [256, 128, 64], 'neurons_per_layer_decoder': [64]}",256,[64],"[256, 128, 64]",[0.5393805898184372],[0.2172245726762101],-0.6314425456277141,COMPLETE
110,0.6265988917132648,0.3877314770219008,2024-12-23 10:50:43.412218,2024-12-23 10:50:47.124788,0 days 00:00:03.712570,0.02046874874908373,32,0.1,256,100,8.550225616447013e-06,12,0.00036036317606134925,1,3,adam,"{'neurons_per_layer_encoder': [256, 128, 64], 'neurons_per_layer_decoder': [64]}",256,[64],"[256, 128, 64]",[0.6265988917132648],[0.3877314770219008],-0.5837372113864663,COMPLETE
111,0.4092929569899034,0.3019079552334296,2024-12-23 10:50:45.453007,2024-12-23 10:50:48.841931,0 days 00:00:03.388924,0.02069282875071262,32,0.1,256,100,7.827395054455533e-06,12,0.0004808718951169508,1,3,adam,"{'neurons_per_layer_encoder': [256, 128, 64], 'neurons_per_layer_decoder': [64]}",256,[64],"[256, 128, 64]",[0.4092929569899034],[0.3019079552334296],-1.2694363035058303,COMPLETE
112,0.46483406216337053,0.36099449638255865,2024-12-23 10:50:45.662898,2024-12-23 10:50:49.338505,0 days 00:00:03.675607,0.02056094485236882,32,0.1,256,100,9.015177402606837e-06,12,0.0005084018528139842,1,3,adam,"{'neurons_per_layer_encoder': [256, 128, 64], 'neurons_per_layer_decoder': [64]}",256,[64],"[256, 128, 64]",[0.46483406216337053],[0.36099449638255865],-0.947356083579298,COMPLETE
113,0.3526071897273654,0.3159936847764411,2024-12-23 10:50:46.495550,2024-12-23 10:50:50.002814,0 days 00:00:03.507264,0.02126173376778057,32,0.1,272,100,9.168763433506866e-06,13,0.000341004124986822,1,3,adam,"{'neurons_per_layer_encoder': [272, 136, 68], 'neurons_per_layer_decoder': [68]}",272,[68],"[272, 136, 68]",[0.3526071897273654],[0.3159936847764411],-0.3811420814738585,COMPLETE
114,0.37012570915281373,0.06736275706071182,2024-12-23 10:50:46.564903,2024-12-23 10:50:50.018520,0 days 00:00:03.453617,0.021544709347137293,48,0.1,272,100,5.808788576357032e-06,13,0.000345142982154532,1,3,adam,"{'neurons_per_layer_encoder': [272, 136, 68], 'neurons_per_layer_decoder': [68]}",272,[68],"[272, 136, 68]",[0.37012570915281373],[0.06736275706071182],-1.4835106418675577,COMPLETE
115,0.3428519863074877,0.22464209502121246,2024-12-23 10:50:46.689986,2024-12-23 10:50:50.166355,0 days 00:00:03.476369,0.021789991077349205,32,0.1,272,100,6.189266386533136e-06,13,0.00020873325473867767,1,3,adam,"{'neurons_per_layer_encoder': [272, 136, 68], 'neurons_per_layer_decoder': [68]}",272,[68],"[272, 136, 68]",[0.3428519863074877],[0.22464209502121246],-0.95449521429348,COMPLETE
116,-0.8092187388022356,-0.1980476490623686,2024-12-23 10:50:47.131384,2024-12-23 10:50:49.653688,0 days 00:00:02.522304,0.021817835084481922,32,0.1,272,100,4.763570319128591e-05,13,0.00021270647009782032,3,3,adadelta,"{'neurons_per_layer_encoder': [272, 136, 68], 'neurons_per_layer_decoder': [68, 136, 272]}",272,"[68, 136, 272]","[272, 136, 68]",[-0.8092187388022356],[-0.1980476490623686],0.3618582008628363,COMPLETE
117,-0.966873210894426,-0.07162634225664366,2024-12-23 10:50:48.849603,2024-12-23 10:50:50.783182,0 days 00:00:01.933579,0.01617408847144926,32,0.1,272,100,2.369641247035122e-05,13,0.00021778662461804303,1,3,adadelta,"{'neurons_per_layer_encoder': [272, 136, 68], 'neurons_per_layer_decoder': [68]}",272,[68],"[272, 136, 68]",[-0.966873210894426],[-0.07162634225664366],0.181878884062574,COMPLETE
118,-0.7539601139881327,-0.09197566554702785,2024-12-23 10:50:49.347302,2024-12-23 10:50:51.762210,0 days 00:00:02.414908,0.021422673214978233,32,0.1,272,100,1.427538765124831e-05,13,0.0002110867857939632,1,3,adadelta,"{'neurons_per_layer_encoder': [272, 136, 68], 'neurons_per_layer_decoder': [68]}",272,[68],"[272, 136, 68]",[-0.7539601139881327],[-0.09197566554702785],0.2046113350189516,COMPLETE
119,-0.8776080087556435,-0.006027687906045909,2024-12-23 10:50:49.659763,2024-12-23 10:50:51.684300,0 days 00:00:02.024537,0.01631476889988058,32,0.1,272,100,2.4552374456822136e-05,13,0.0002320197324734439,1,3,adadelta,"{'neurons_per_layer_encoder': [272, 136, 68], 'neurons_per_layer_decoder': [68]}",272,[68],"[272, 136, 68]",[-0.8776080087556435],[-0.006027687906045909],0.28425194840140816,COMPLETE
120,-1.9721735227851247,-0.13034563844764335,2024-12-23 10:50:50.009762,2024-12-23 10:50:52.022161,0 days 00:00:02.012399,0.015226718486057625,32,0.1,272,100,5.094433226068262e-06,13,4.135779281279338e-05,1,3,adadelta,"{'neurons_per_layer_encoder': [272, 136, 68], 'neurons_per_layer_decoder': [68]}",272,[68],"[272, 136, 68]",[-1.9721735227851247],[-0.13034563844764335],0.10224914616148195,COMPLETE
121,-1.5556187656051614,-0.29590771080558076,2024-12-23 10:50:50.028872,2024-12-23 10:50:52.140399,0 days 00:00:02.111527,0.016089605493337062,32,0.1,304,100,1.371159769357331e-05,15,0.0002302753142414584,1,3,adadelta,"{'neurons_per_layer_encoder': [304, 152, 76], 'neurons_per_layer_decoder': [76]}",304,[76],"[304, 152, 76]",[-1.5556187656051614],[-0.29590771080558076],0.11518528124312646,COMPLETE
122,-0.58786395010222,-0.01577598272506031,2024-12-23 10:50:50.173341,2024-12-23 10:50:53.184887,0 days 00:00:03.011546,0.02499479802495838,32,0.1,304,100,1.4480058141981476e-05,15,0.00023277041994919319,1,3,adadelta,"{'neurons_per_layer_encoder': [304, 152, 76], 'neurons_per_layer_decoder': [76]}",304,[76],"[304, 152, 76]",[-0.58786395010222],[-0.01577598272506031],0.4016690329723814,COMPLETE
123,-1.3548577497755399,0.045306755566773105,2024-12-23 10:50:50.791008,2024-12-23 10:50:52.873521,0 days 00:00:02.082513,0.02858116949337103,32,0.1,304,100,1.4031757315787822e-05,15,4.3115189312167704e-05,1,3,adadelta,"{'neurons_per_layer_encoder': [304, 152, 76], 'neurons_per_layer_decoder': [76]}",304,[76],"[304, 152, 76]",[-1.3548577497755399],[0.045306755566773105],0.23699955593379513,COMPLETE
124,-0.48258452135171814,-0.4205685250155342,2024-12-23 10:50:51.691540,2024-12-23 10:50:52.995437,0 days 00:00:01.303897,0.024999120809584455,32,0.1,304,100,1.392766278789928e-05,15,0.00045765766229713335,1,3,sgd,"{'neurons_per_layer_encoder': [304, 152, 76], 'neurons_per_layer_decoder': [76]}",304,[76],"[304, 152, 76]",[-0.48258452135171814],[-0.4205685250155342],0.09557790082328589,COMPLETE
125,0.0201768539072813,-1.7818578620704981,2024-12-23 10:50:51.771333,2024-12-23 10:50:53.261673,0 days 00:00:01.490340,0.029671274168990812,32,0.1,304,100,0.0001325028865777163,15,4.748380677261112e-05,1,3,sgd,"{'neurons_per_layer_encoder': [304, 152, 76], 'neurons_per_layer_decoder': [76]}",304,[76],"[304, 152, 76]",[0.0201768539072813],[-1.7818578620704981],0.3781876148301794,COMPLETE
126,-1.1546905297959134,-0.001395783512523785,2024-12-23 10:50:52.028977,2024-12-23 10:50:53.282029,0 days 00:00:01.253052,0.024693141088993547,32,0.1,304,100,9.333431098264764e-06,15,0.0005047000220589972,1,3,sgd,"{'neurons_per_layer_encoder': [304, 152, 76], 'neurons_per_layer_decoder': [76]}",304,[76],"[304, 152, 76]",[-1.1546905297959134],[-0.001395783512523785],0.18823038557480068,COMPLETE
127,-1.7566458574380768,-0.01598252338153383,2024-12-23 10:50:52.148993,2024-12-23 10:50:53.465405,0 days 00:00:01.316412,0.024737318496090056,32,0.1,304,100,9.647948339167641e-06,15,0.0004691133130597129,1,3,sgd,"{'neurons_per_layer_encoder': [304, 152, 76], 'neurons_per_layer_decoder': [76]}",304,[76],"[304, 152, 76]",[-1.7566458574380768],[-0.01598252338153383],0.19528423984224966,COMPLETE
128,0.3106142221317896,0.10953549022689457,2024-12-23 10:50:52.880510,2024-12-23 10:50:56.906904,0 days 00:00:04.026394,0.024596125405944993,32,0.1,800,100,8.627702314824381e-05,72,0.009914837091204838,1,3,sgd,"{'neurons_per_layer_encoder': [800, 400, 200], 'neurons_per_layer_decoder': [200]}",800,[200],"[800, 400, 200]",[0.3106142221317896],[0.10953549022689457],0.6597498670214756,COMPLETE
129,0.3558492093624288,0.1678504144590286,2024-12-23 10:50:53.002319,2024-12-23 10:50:57.976561,0 days 00:00:04.974242,0.010284791906634623,32,0.1,624,100,8.997371682175753e-06,94,0.00029426944605475265,1,2,adam,"{'neurons_per_layer_encoder': [624, 312], 'neurons_per_layer_decoder': [312]}",624,[312],"[624, 312]",[0.3558492093624288],[0.1678504144590286],-1.1289479536380227,COMPLETE
130,0.1488703394213705,-0.17561038118200023,2024-12-23 10:50:53.192723,2024-12-23 10:50:57.257910,0 days 00:00:04.065187,0.013245993037644945,40,0.1,800,100,9.213271738213248e-06,208,0.00038745709500340907,1,2,adam,"{'neurons_per_layer_encoder': [800, 400], 'neurons_per_layer_decoder': [400]}",800,[400],"[800, 400]",[0.1488703394213705],[-0.17561038118200023],-1.321653590665601,COMPLETE
131,0.40911771250782447,0.3782116253960457,2024-12-23 10:50:53.267941,2024-12-23 10:50:58.529290,0 days 00:00:05.261349,0.019439968230356496,40,0.1,816,100,9.465144756322441e-06,209,0.007881300180312776,1,2,adam,"{'neurons_per_layer_encoder': [816, 408], 'neurons_per_layer_decoder': [408]}",816,[408],"[816, 408]",[0.40911771250782447],[0.3782116253960457],-0.39463139432005484,COMPLETE
132,0.22422084440264167,-0.12220353925204952,2024-12-23 10:50:53.292364,2024-12-23 10:50:56.596438,0 days 00:00:03.304074,0.019402135940212614,40,0.1,640,100,1.7515237122699935e-05,64,0.0076577324885922044,1,3,adam,"{'neurons_per_layer_encoder': [640, 320, 160], 'neurons_per_layer_decoder': [160]}",640,[160],"[640, 320, 160]",[0.22422084440264167],[-0.12220353925204952],-0.5651331507824737,COMPLETE
133,0.3044963596997159,-0.06989582720178689,2024-12-23 10:50:53.471931,2024-12-23 10:50:59.675574,0 days 00:00:06.203643,0.012122793060185839,40,0.1,928,100,5.5409665244008843e-05,252,2.772859591394218e-05,1,2,adam,"{'neurons_per_layer_encoder': [928, 464], 'neurons_per_layer_decoder': [464]}",928,[464],"[928, 464]",[0.3044963596997159],[-0.06989582720178689],0.45330165940261136,COMPLETE
134,-0.09331405263401837,-0.03407552479236542,2024-12-23 10:50:56.603481,2024-12-23 10:51:02.094599,0 days 00:00:05.491118,0.013482650300493844,40,0.1,784,100,5.717655708655057e-05,206,0.009977456292867525,1,2,adam,"{'neurons_per_layer_encoder': [784, 392], 'neurons_per_layer_decoder': [392]}",784,[392],"[784, 392]",[-0.09331405263401837],[-0.03407552479236542],-0.6135040476909334,COMPLETE
135,0.2878097935367996,0.06432077671365544,2024-12-23 10:50:56.915775,2024-12-23 10:51:02.945835,0 days 00:00:06.030060,0.014065535137835164,40,0.1,960,100,6.547845909584978e-06,256,0.00017406811305939958,1,2,adam,"{'neurons_per_layer_encoder': [960, 480], 'neurons_per_layer_decoder': [480]}",960,[480],"[960, 480]",[0.2878097935367996],[0.06432077671365544],-0.8792455967239248,COMPLETE
136,0.1435949770913031,-0.10901909968726597,2024-12-23 10:50:57.267133,2024-12-23 10:51:02.247275,0 days 00:00:04.980142,0.010573174129793318,64,0.1,976,100,6.6414827987952635e-06,257,0.000285662845099706,1,2,adam,"{'neurons_per_layer_encoder': [976, 488], 'neurons_per_layer_decoder': [488]}",976,[488],"[976, 488]",[0.1435949770913031],[-0.10901909968726597],-1.9158904838171156,COMPLETE
137,0.1598251599201035,-0.20300840933766895,2024-12-23 10:50:57.986627,2024-12-23 10:51:02.469368,0 days 00:00:04.482741,0.020116514456491274,64,0.1,256,100,5.525808657088848e-05,12,0.00037371747814524624,1,3,adam,"{'neurons_per_layer_encoder': [256, 128, 64], 'neurons_per_layer_decoder': [64]}",256,[64],"[256, 128, 64]",[0.1598251599201035],[-0.20300840933766895],-0.6833803167483911,COMPLETE
138,0.1564334298911757,0.04766677127182117,2024-12-23 10:50:58.538126,2024-12-23 10:51:03.490410,0 days 00:00:04.952284,0.020430697112350033,72,0.4,944,100,0.0004997971649035783,222,0.0003806109958218342,1,2,adam,"{'neurons_per_layer_encoder': [944, 472], 'neurons_per_layer_decoder': [472]}",944,[472],"[944, 472]",[0.1564334298911757],[0.04766677127182117],0.878980264717799,COMPLETE
139,0.09798082458817337,-0.056826321599259266,2024-12-23 10:50:59.684401,2024-12-23 10:51:04.149023,0 days 00:00:04.464622,0.03382883940290584,64,0.4,256,100,1.9482960687953243e-06,12,0.00015477336817777947,1,3,adam,"{'neurons_per_layer_encoder': [256, 128, 64], 'neurons_per_layer_decoder': [64]}",256,[64],"[256, 128, 64]",[0.09798082458817337],[-0.056826321599259266],0.03367932402640667,COMPLETE
140,0.1517868409170383,0.07268489652276422,2024-12-23 10:51:02.102955,2024-12-23 10:51:08.577116,0 days 00:00:06.474161,0.019162114969941208,72,0.4,976,100,8.59305021681848e-05,112,0.0001817133166993701,3,3,adam,"{'neurons_per_layer_encoder': [976, 488, 244], 'neurons_per_layer_decoder': [244, 488, 976]}",976,"[244, 488, 976]","[976, 488, 244]",[0.1517868409170383],[0.07268489652276422],0.8255165904347799,COMPLETE
141,-0.10279003591305713,0.02936569101988029,2024-12-23 10:51:02.256375,2024-12-23 10:51:06.942268,0 days 00:00:04.685893,0.03436114841922981,72,0.4,256,100,0.000256534366365208,12,0.00017465281908524401,3,3,adam,"{'neurons_per_layer_encoder': [256, 128, 64], 'neurons_per_layer_decoder': [64, 128, 256]}",256,"[64, 128, 256]","[256, 128, 64]",[-0.10279003591305713],[0.02936569101988029],0.7621790447594015,COMPLETE
142,-0.24330420597048108,-0.05233284196744403,2024-12-23 10:51:02.478046,2024-12-23 10:51:07.785542,0 days 00:00:05.307496,0.020573015217405545,72,0.4,288,100,4.960954393314258e-06,3,0.00015490107860719832,3,5,adam,"{'neurons_per_layer_encoder': [288, 144, 72, 36, 18], 'neurons_per_layer_decoder': [18, 36, 72]}",288,"[18, 36, 72]","[288, 144, 72, 36, 18]",[-0.24330420597048108],[-0.05233284196744403],0.14279515721120314,COMPLETE
143,0.4007222770337292,-0.012810356914257692,2024-12-23 10:51:02.953337,2024-12-23 10:51:10.450284,0 days 00:00:07.496947,0.03319115431978445,32,0.4,832,100,9.010335881395529e-05,105,0.000595137672506747,3,3,adam,"{'neurons_per_layer_encoder': [832, 416, 208], 'neurons_per_layer_decoder': [208, 416, 832]}",832,"[208, 416, 832]","[832, 416, 208]",[0.4007222770337292],[-0.012810356914257692],0.7962765343974529,COMPLETE
144,0.26547660108828286,0.054729656430927975,2024-12-23 10:51:03.497875,2024-12-23 10:51:10.011778,0 days 00:00:06.513903,0.018569513570442432,32,0.4,544,100,0.00024974221582612147,6,0.0005566009699118827,3,5,adam,"{'neurons_per_layer_encoder': [544, 272, 136, 68, 34], 'neurons_per_layer_decoder': [34, 68, 136]}",544,"[34, 68, 136]","[544, 272, 136, 68, 34]",[0.26547660108828286],[0.054729656430927975],0.8408410077822682,COMPLETE
145,0.39403811067870453,0.08391753458640738,2024-12-23 10:51:04.157337,2024-12-23 10:51:11.456963,0 days 00:00:07.299626,0.026818409028864648,32,0.4,832,100,8.982930218138348e-05,10,0.0006094102247739592,3,5,adam,"{'neurons_per_layer_encoder': [832, 416, 208, 104, 52], 'neurons_per_layer_decoder': [52, 104, 208]}",832,"[52, 104, 208]","[832, 416, 208, 104, 52]",[0.39403811067870453],[0.08391753458640738],0.7654973039832875,COMPLETE
146,0.3727236544308127,0.3113121190826419,2024-12-23 10:51:06.950683,2024-12-23 10:51:13.482644,0 days 00:00:06.531961,0.01881372841656835,32,0.1,288,100,8.4710711483769e-05,3,0.00030131898858306623,3,5,adam,"{'neurons_per_layer_encoder': [288, 144, 72, 36, 18], 'neurons_per_layer_decoder': [18, 36, 72]}",288,"[18, 36, 72]","[288, 144, 72, 36, 18]",[0.3727236544308127],[0.3113121190826419],0.5388115077609469,COMPLETE
147,0.4023056645225197,0.010176117039204069,2024-12-23 10:51:07.794297,2024-12-23 10:51:21.922330,0 days 00:00:14.128033,0.01889607370955021,32,0.1,880,100,3.1832958754789484e-05,108,0.0006122782269306538,4,3,adam,"{'neurons_per_layer_encoder': [880, 440, 220], 'neurons_per_layer_decoder': [220, 440, 880, 1760]}",880,"[220, 440, 880, 1760]","[880, 440, 220]",[0.4023056645225197],[0.010176117039204069],0.6519444030210648,COMPLETE
148,0.14945445912665323,-0.06808133172158715,2024-12-23 10:51:08.586037,2024-12-23 10:51:20.357517,0 days 00:00:11.771480,0.017118074804570428,48,0.1,896,100,0.00035848247307035527,108,0.00031314956903505246,4,3,adam,"{'neurons_per_layer_encoder': [896, 448, 224], 'neurons_per_layer_decoder': [224, 448, 896, 1792]}",896,"[224, 448, 896, 1792]","[896, 448, 224]",[0.14945445912665323],[-0.06808133172158715],0.9455139466756224,COMPLETE
149,0.26470717413494627,-0.5502835557377008,2024-12-23 10:51:10.021595,2024-12-23 10:51:22.649190,0 days 00:00:12.627595,0.02275714308344396,32,0.1,736,100,7.550456315311111e-06,68,0.00031355517922981,4,3,adam,"{'neurons_per_layer_encoder': [736, 368, 184], 'neurons_per_layer_decoder': [184, 368, 736, 1472]}",736,"[184, 368, 736, 1472]","[736, 368, 184]",[0.26470717413494627],[-0.5502835557377008],-0.5367152199868883,COMPLETE
150,0.1077802604982846,-0.6388461462914521,2024-12-23 10:51:10.458124,2024-12-23 10:51:24.518902,0 days 00:00:14.060778,0.022624018842109114,56,0.1,896,100,0.00036927502951981825,76,0.00032187470770390545,4,3,adam,"{'neurons_per_layer_encoder': [896, 448, 224], 'neurons_per_layer_decoder': [224, 448, 896, 1792]}",896,"[224, 448, 896, 1792]","[896, 448, 224]",[0.1077802604982846],[-0.6388461462914521],0.933295020085937,COMPLETE
151,-0.8296202922492133,-0.0009864034841762237,2024-12-23 10:51:11.464653,2024-12-23 10:51:18.138862,0 days 00:00:06.674209,0.022710654624698103,32,0.1,896,100,3.4750829479597473e-05,76,0.0003169641695143014,4,3,sgd,"{'neurons_per_layer_encoder': [896, 448, 224], 'neurons_per_layer_decoder': [224, 448, 896, 1792]}",896,"[224, 448, 896, 1792]","[896, 448, 224]",[-0.8296202922492133],[-0.0009864034841762237],0.6419421093775433,COMPLETE
152,0.007003774487425951,-0.17295625313801066,2024-12-23 10:51:13.492660,2024-12-23 10:51:31.452550,0 days 00:00:17.959890,0.02337449698218277,32,0.1,592,100,1.1554038335364561e-05,310,0.00026156776846664187,4,1,sgd,"{'neurons_per_layer_encoder': [592], 'neurons_per_layer_decoder': [592, 1184, 2368, 4736]}",592,"[592, 1184, 2368, 4736]",[592],[0.007003774487425951],[-0.17295625313801066],0.5797539429927826,COMPLETE
