number,values_0,values_1,datetime_start,datetime_complete,duration,params_alpha,params_batch_size,params_drop_out_rate,params_encoder_neurons_layer_1,params_epochs,params_lambda,params_latent_dim,params_learning_rate,params_num_layers_decoder,params_num_layers_encoder,params_optimizer,user_attrs_encoder_decoder_config,user_attrs_first_layer_neurons,user_attrs_neurons_per_layer_decoder,user_attrs_neurons_per_layer_encoder,user_attrs_r2_feature_1,user_attrs_r2_feature_2,user_attrs_relative_deterioration,state
516,-0.8745321404355504,-0.07533622759496361,2024-12-23 11:00:28.192501,2024-12-23 11:00:29.686867,0 days 00:00:01.494366,0.023392354787044538,48,0.1,400,100,7.727164741673337e-05,20,5.1364946542692525e-05,3,3,sgd,"{'neurons_per_layer_encoder': [400, 200, 100], 'neurons_per_layer_decoder': [100, 200, 400]}",400,"[100, 200, 400]","[400, 200, 100]",[-0.8745321404355504],[-0.07533622759496361],0.5755438607322425,COMPLETE
517,-0.01956369185292428,-0.012497261146608096,2024-12-23 11:00:28.545516,2024-12-23 11:00:31.888898,0 days 00:00:03.343382,0.023340812241327415,48,0.2,336,100,3.0716815991926005e-06,65,0.003380185139356194,3,2,sgd,"{'neurons_per_layer_encoder': [336, 168], 'neurons_per_layer_decoder': [168, 336, 672]}",336,"[168, 336, 672]","[336, 168]",[-0.01956369185292428],[-0.012497261146608096],0.05437468350532404,COMPLETE
518,-0.832662319405417,-0.01917201375851363,2024-12-23 11:00:28.777621,2024-12-23 11:00:30.321949,0 days 00:00:01.544328,0.018295620736631414,104,0.1,368,100,1.414059784511377e-06,18,0.0031168699009566604,3,3,sgd,"{'neurons_per_layer_encoder': [368, 184, 92], 'neurons_per_layer_decoder': [92, 184, 368]}",368,"[92, 184, 368]","[368, 184, 92]",[-0.832662319405417],[-0.01917201375851363],0.21585509916736345,COMPLETE
519,0.2851841369006205,0.10120231136953783,2024-12-23 11:00:29.693652,2024-12-23 11:00:33.174900,0 days 00:00:03.481248,0.04224920609423609,48,0.2,368,100,3.1928922731235654e-06,68,0.00339793214581717,1,2,adam,"{'neurons_per_layer_encoder': [368, 184], 'neurons_per_layer_decoder': [184]}",368,[184],"[368, 184]",[0.2851841369006205],[0.10120231136953783],-3.349738647509445,COMPLETE
520,0.1698632980813214,-0.010012664681426697,2024-12-23 11:00:30.241768,2024-12-23 11:00:33.278679,0 days 00:00:03.036911,0.042403153542574026,96,0.2,336,100,2.559307977927543e-06,65,0.003102092878076368,1,2,adam,"{'neurons_per_layer_encoder': [336, 168], 'neurons_per_layer_decoder': [168]}",336,[168],"[336, 168]",[0.1698632980813214],[-0.010012664681426697],-3.5082941550370244,COMPLETE
521,0.29797997118989605,0.05169954477080996,2024-12-23 11:00:30.327841,2024-12-23 11:00:34.106006,0 days 00:00:03.778165,0.021569909498671432,56,0.2,336,100,1.7826879046906629e-06,65,0.0033636634357711846,4,2,adam,"{'neurons_per_layer_encoder': [336, 168], 'neurons_per_layer_decoder': [168, 336, 672, 1344]}",336,"[168, 336, 672, 1344]","[336, 168]",[0.29797997118989605],[0.05169954477080996],-0.13330638024866265,COMPLETE
522,-0.6399945053444402,0.35219927066062406,2024-12-23 11:00:31.509777,2024-12-23 11:00:35.071658,0 days 00:00:03.561881,0.04131103601891923,128,0.30000000000000004,736,100,1.5405747537401293e-05,137,0.003326845781176115,4,2,adam,"{'neurons_per_layer_encoder': [736, 368], 'neurons_per_layer_decoder': [368, 736, 1472, 2944]}",736,"[368, 736, 1472, 2944]","[736, 368]",[-0.6399945053444402],[0.35219927066062406],0.6644475149257915,COMPLETE
523,0.37355086913460234,-0.11381192043484423,2024-12-23 11:00:31.896028,2024-12-23 11:00:37.843328,0 days 00:00:05.947300,0.021567921663843515,56,0.30000000000000004,336,100,1.4734152747270107e-05,16,0.0018053439152917769,4,3,adam,"{'neurons_per_layer_encoder': [336, 168, 84], 'neurons_per_layer_decoder': [84, 168, 336, 672]}",336,"[84, 168, 336, 672]","[336, 168, 84]",[0.37355086913460234],[-0.11381192043484423],-0.06634904159443522,COMPLETE
524,0.30803503926242026,0.061461584451541595,2024-12-23 11:00:32.570537,2024-12-23 11:00:37.987779,0 days 00:00:05.417242,0.02170253891022181,56,0.30000000000000004,432,100,1.7937650208573355e-06,21,0.006275180664461299,4,3,adam,"{'neurons_per_layer_encoder': [432, 216, 108], 'neurons_per_layer_decoder': [108, 216, 432, 864]}",432,"[108, 216, 432, 864]","[432, 216, 108]",[0.30803503926242026],[0.061461584451541595],-0.5621322645003983,COMPLETE
525,-0.3173834787081584,0.05525788624139938,2024-12-23 11:00:33.182895,2024-12-23 11:00:37.561293,0 days 00:00:04.378398,0.01870373205518141,128,0.30000000000000004,432,100,5.812186731644128e-05,21,0.0064841384448353825,4,3,adam,"{'neurons_per_layer_encoder': [432, 216, 108], 'neurons_per_layer_decoder': [108, 216, 432, 864]}",432,"[108, 216, 432, 864]","[432, 216, 108]",[-0.3173834787081584],[0.05525788624139938],0.6109951740894405,COMPLETE
526,0.42918059701498956,0.02670212676826733,2024-12-23 11:00:33.286998,2024-12-23 11:00:37.813835,0 days 00:00:04.526837,0.019780520069746965,56,0.30000000000000004,432,100,1.8204922647953943e-06,21,0.006538803894914173,4,3,adam,"{'neurons_per_layer_encoder': [432, 216, 108], 'neurons_per_layer_decoder': [108, 216, 432, 864]}",432,"[108, 216, 432, 864]","[432, 216, 108]",[0.42918059701498956],[0.02670212676826733],-0.5822153707360913,COMPLETE
527,-0.25592564650106797,-0.07917648302410263,2024-12-23 11:00:34.115324,2024-12-23 11:00:38.146432,0 days 00:00:04.031108,0.019916225865705538,80,0.30000000000000004,384,100,6.129300892724521e-05,19,0.00671378672587506,1,3,adadelta,"{'neurons_per_layer_encoder': [384, 192, 96], 'neurons_per_layer_decoder': [96]}",384,[96],"[384, 192, 96]",[-0.25592564650106797],[-0.07917648302410263],0.574762113455182,COMPLETE
528,-0.11623348056917115,-0.04652044748691275,2024-12-23 11:00:35.079142,2024-12-23 11:00:39.254576,0 days 00:00:04.175434,0.01964987799210515,88,0.30000000000000004,608,100,5.636722725152144e-05,62,0.0064992002918818105,1,3,adadelta,"{'neurons_per_layer_encoder': [608, 304, 152], 'neurons_per_layer_decoder': [152]}",608,[152],"[608, 304, 152]",[-0.11623348056917115],[-0.04652044748691275],0.5299700398343061,COMPLETE
529,-0.38590396364712554,0.07847964724169354,2024-12-23 11:00:37.569133,2024-12-23 11:00:41.119712,0 days 00:00:03.550579,0.027879924884004276,56,0.30000000000000004,384,100,2.257749808650732e-05,19,0.004549287103899345,1,3,adadelta,"{'neurons_per_layer_encoder': [384, 192, 96], 'neurons_per_layer_decoder': [96]}",384,[96],"[384, 192, 96]",[-0.38590396364712554],[0.07847964724169354],0.29849617837638004,COMPLETE
530,-0.22837822865476642,-0.33749283195182866,2024-12-23 11:00:37.850247,2024-12-23 11:00:40.326595,0 days 00:00:02.476348,0.017644831525503262,80,0.30000000000000004,384,100,1.5556205858154325e-06,19,0.004436031043298395,1,3,adadelta,"{'neurons_per_layer_encoder': [384, 192, 96], 'neurons_per_layer_decoder': [96]}",384,[96],"[384, 192, 96]",[-0.22837822865476642],[-0.33749283195182866],0.3581344128876616,COMPLETE
531,-0.16237990865039853,-0.07787737164337782,2024-12-23 11:00:37.995210,2024-12-23 11:00:41.865599,0 days 00:00:03.870389,0.09299206513834193,80,0.30000000000000004,800,100,2.5247793135822676e-06,72,0.004608153059772141,1,3,adadelta,"{'neurons_per_layer_encoder': [800, 400, 200], 'neurons_per_layer_decoder': [200]}",800,[200],"[800, 400, 200]",[-0.16237990865039853],[-0.07787737164337782],0.2500050394671823,COMPLETE
532,-1.4574089252556477,-0.004925543165005486,2024-12-23 11:00:38.153688,2024-12-23 11:00:40.603511,0 days 00:00:02.449823,0.017961846161692253,48,0.1,384,100,2.5164179246689386e-05,4,0.004565700522581709,1,5,adadelta,"{'neurons_per_layer_encoder': [384, 192, 96, 48, 24], 'neurons_per_layer_decoder': [24]}",384,[24],"[384, 192, 96, 48, 24]",[-1.4574089252556477],[-0.004925543165005486],0.443828853498353,COMPLETE
533,0.013970084035444974,0.04161633720764868,2024-12-23 11:00:39.262323,2024-12-23 11:00:42.884204,0 days 00:00:03.621881,0.017394008317874743,104,0.1,576,100,0.00029194241640528775,60,0.004330098479357251,1,3,adam,"{'neurons_per_layer_encoder': [576, 288, 144], 'neurons_per_layer_decoder': [144]}",576,[144],"[576, 288, 144]",[0.013970084035444974],[0.04161633720764868],-0.87532565477877,COMPLETE
534,0.20589541281037604,0.08415193557352207,2024-12-23 11:00:40.609757,2024-12-23 11:00:42.899238,0 days 00:00:02.289481,0.07147377690544804,64,0.1,352,100,2.4602579481254607e-06,198,0.0049055802186700114,1,1,adam,"{'neurons_per_layer_encoder': [352], 'neurons_per_layer_decoder': [352]}",352,[352],[352],[0.20589541281037604],[0.08415193557352207],-3.388195970690373,COMPLETE
535,0.256760866052793,0.08819684393161031,2024-12-23 11:00:41.127320,2024-12-23 11:00:44.014711,0 days 00:00:02.887391,0.09386815910621232,96,0.4,464,100,2.4790380518494487e-06,188,0.0054292797737952965,1,1,adam,"{'neurons_per_layer_encoder': [464], 'neurons_per_layer_decoder': [464]}",464,[464],[464],[0.256760866052793],[0.08819684393161031],-2.163875754451447,COMPLETE
536,0.3134605425042052,0.21747852659628408,2024-12-23 11:00:41.872369,2024-12-23 11:00:44.633578,0 days 00:00:02.761209,0.018772524683578748,104,0.1,416,100,2.1568165024040192e-06,179,0.0054163987632666,1,1,adam,"{'neurons_per_layer_encoder': [416], 'neurons_per_layer_decoder': [416]}",416,[416],[416],[0.3134605425042052],[0.21747852659628408],-2.967385582083224,COMPLETE
537,0.015977238185694742,0.07313163289055125,2024-12-23 11:00:42.891898,2024-12-23 11:00:44.551899,0 days 00:00:01.660001,0.034637629150241045,64,0.4,480,100,1.827021700769224e-05,288,0.005585927285274783,1,1,adam,"{'neurons_per_layer_encoder': [480], 'neurons_per_layer_decoder': [480]}",480,[480],[480],[0.015977238185694742],[0.07313163289055125],-0.6535996078836482,COMPLETE
538,0.13834253283299602,-0.2121709848455693,2024-12-23 11:00:44.020359,2024-12-23 11:00:46.242056,0 days 00:00:02.221697,0.08416940604707453,48,0.1,416,100,2.0766342429137568e-06,20,0.005599796745197508,1,3,adam,"{'neurons_per_layer_encoder': [416, 208, 104], 'neurons_per_layer_decoder': [104]}",416,[104],"[416, 208, 104]",[0.13834253283299602],[-0.2121709848455693],-3.8810950712045216,COMPLETE
539,0.13863579834294093,0.06714642977210672,2024-12-23 11:00:44.638972,2024-12-23 11:00:47.654481,0 days 00:00:03.015509,0.020355996484148473,112,0.30000000000000004,368,100,2.0336269576301533e-06,18,0.00015954815656186164,1,3,adam,"{'neurons_per_layer_encoder': [368, 184, 92], 'neurons_per_layer_decoder': [92]}",368,[92],"[368, 184, 92]",[0.13863579834294093],[0.06714642977210672],-0.08397585743524803,COMPLETE
540,-1.2821884575038203,-0.07108828537259115,2024-12-23 11:02:01.630517,2024-12-23 11:02:03.043905,0 days 00:00:01.413388,0.018762829557162,48,0.30000000000000004,352,100,1.4795652363854246e-06,17,0.002435543516455653,1,3,sgd,"{'neurons_per_layer_encoder': [352, 176, 88], 'neurons_per_layer_decoder': [88]}",352,[88],"[352, 176, 88]",[-1.2821884575038203],[-0.07108828537259115],0.38732201327924903,COMPLETE
541,-0.3161589465756074,-0.059499624473618784,2024-12-23 11:02:01.631926,2024-12-23 11:02:04.717520,0 days 00:00:03.085594,0.01879604028964048,48,0.30000000000000004,528,100,2.6737368723661993e-06,26,3.904164662432097e-05,1,3,sgd,"{'neurons_per_layer_encoder': [528, 264, 132], 'neurons_per_layer_decoder': [132]}",528,[132],"[528, 264, 132]",[-0.3161589465756074],[-0.059499624473618784],0.3368032223659575,COMPLETE
542,-0.4001021146493522,0.11660510744588637,2024-12-23 11:02:01.632218,2024-12-23 11:02:04.460966,0 days 00:00:02.828748,0.02579144566225874,48,0.30000000000000004,352,100,1.5801539245721422e-06,17,0.004162509333449681,1,3,sgd,"{'neurons_per_layer_encoder': [352, 176, 88], 'neurons_per_layer_decoder': [88]}",352,[88],"[352, 176, 88]",[-0.4001021146493522],[0.11660510744588637],0.11822974044076727,COMPLETE
543,-0.19849442151370345,-0.08571823497748743,2024-12-23 11:02:01.637619,2024-12-23 11:02:04.726338,0 days 00:00:03.088719,0.018911775057974707,48,0.30000000000000004,528,100,2.6943298981109524e-06,26,0.003932038864227891,1,3,sgd,"{'neurons_per_layer_encoder': [528, 264, 132], 'neurons_per_layer_decoder': [132]}",528,[132],"[528, 264, 132]",[-0.19849442151370345],[-0.08571823497748743],0.10470653445712942,COMPLETE
544,-0.8355257432929275,-0.09932576638943336,2024-12-23 11:02:01.634104,2024-12-23 11:02:02.985941,0 days 00:00:01.351837,0.02549364352630469,48,0.30000000000000004,352,100,2.7277483015045376e-06,17,3.6586480282656e-05,1,3,sgd,"{'neurons_per_layer_encoder': [352, 176, 88], 'neurons_per_layer_decoder': [88]}",352,[88],"[352, 176, 88]",[-0.8355257432929275],[-0.09932576638943336],0.16162427977842864,COMPLETE
545,-1.0976204895350836,-0.06839429065687819,2024-12-23 11:02:01.635518,2024-12-23 11:02:03.258599,0 days 00:00:01.623081,0.018642975016370744,48,0.30000000000000004,896,100,2.6230207565082613e-06,108,2.7831515967300293e-05,1,3,sgd,"{'neurons_per_layer_encoder': [896, 448, 224], 'neurons_per_layer_decoder': [224]}",896,[224],"[896, 448, 224]",[-1.0976204895350836],[-0.06839429065687819],0.36662920684107064,COMPLETE
546,0.3396286209062259,0.16295014061925084,2024-12-23 11:02:02.992750,2024-12-23 11:02:06.735994,0 days 00:00:03.743244,0.01699899109314914,48,0.30000000000000004,400,100,3.54285816777547e-06,20,0.0007468973868969551,1,3,adam,"{'neurons_per_layer_encoder': [400, 200, 100], 'neurons_per_layer_decoder': [100]}",400,[100],"[400, 200, 100]",[0.3396286209062259],[0.16295014061925084],-0.7183386435215996,COMPLETE
547,0.03927242838642453,-0.026247415217376613,2024-12-23 11:02:03.052791,2024-12-23 11:02:07.388194,0 days 00:00:04.335403,0.01703581208572453,96,0.1,528,100,0.00018679617682358762,6,0.003823647406693813,1,5,adam,"{'neurons_per_layer_encoder': [528, 264, 132, 66, 33], 'neurons_per_layer_decoder': [33]}",528,[33],"[528, 264, 132, 66, 33]",[0.03927242838642453],[-0.026247415217376613],-0.6936901064973298,COMPLETE
548,0.030967532211141457,-0.003412119348642717,2024-12-23 11:02:03.267425,2024-12-23 11:02:07.427958,0 days 00:00:04.160533,0.016934519082367594,96,0.1,864,100,0.0008347965342240654,107,0.00411620237346095,1,3,adam,"{'neurons_per_layer_encoder': [864, 432, 216], 'neurons_per_layer_decoder': [216]}",864,[216],"[864, 432, 216]",[0.030967532211141457],[-0.003412119348642717],-0.836083091490102,COMPLETE
549,0.20862843569739709,-0.02299753487695888,2024-12-23 11:02:04.468608,2024-12-23 11:02:08.430404,0 days 00:00:03.961796,0.01697432478565743,88,0.1,528,100,3.3903151813230523e-06,6,0.004022378973770051,1,5,adam,"{'neurons_per_layer_encoder': [528, 264, 132, 66, 33], 'neurons_per_layer_decoder': [33]}",528,[33],"[528, 264, 132, 66, 33]",[0.20862843569739709],[-0.02299753487695888],-2.829876623152623,COMPLETE
550,0.1428104274374875,0.020659284250291954,2024-12-23 11:02:04.727365,2024-12-23 11:02:08.920693,0 days 00:00:04.193328,0.016967211814828406,96,0.1,384,100,2.2285051996946795e-06,4,0.0036413726583425054,1,5,adam,"{'neurons_per_layer_encoder': [384, 192, 96, 48, 24], 'neurons_per_layer_decoder': [24]}",384,[24],"[384, 192, 96, 48, 24]",[0.1428104274374875],[0.020659284250291954],-3.5137975988510486,COMPLETE
551,0.049168498771710034,0.0005938706368491253,2024-12-23 11:02:04.734098,2024-12-23 11:02:08.210249,0 days 00:00:03.476151,0.017197004205034862,88,0.1,384,100,2.2683266549842754e-06,4,0.0072880661160979136,1,5,adam,"{'neurons_per_layer_encoder': [384, 192, 96, 48, 24], 'neurons_per_layer_decoder': [24]}",384,[24],"[384, 192, 96, 48, 24]",[0.049168498771710034],[0.0005938706368491253],-3.5100109988496504,COMPLETE
552,0.3920985825111528,-0.2987852932158048,2024-12-23 11:02:06.743390,2024-12-23 11:02:09.930207,0 days 00:00:03.186817,0.021244140139511165,88,0.1,992,100,2.237862540094752e-06,12,0.008249906799193914,1,5,adam,"{'neurons_per_layer_encoder': [992, 496, 248, 124, 62], 'neurons_per_layer_decoder': [62]}",992,[62],"[992, 496, 248, 124, 62]",[0.3920985825111528],[-0.2987852932158048],-2.06561254548508,COMPLETE
553,0.30139912029465843,0.033719535582117044,2024-12-23 11:02:07.395894,2024-12-23 11:02:09.840754,0 days 00:00:02.444860,0.05031960194399904,88,0.1,704,100,3.9443291307251475e-05,35,0.008285131009600087,2,3,adam,"{'neurons_per_layer_encoder': [704, 352, 176], 'neurons_per_layer_decoder': [176, 352]}",704,"[176, 352]","[704, 352, 176]",[0.30139912029465843],[0.033719535582117044],0.38358220974314206,COMPLETE
554,0.05906363670397996,0.0738013122081399,2024-12-23 11:02:07.440154,2024-12-23 11:02:11.064763,0 days 00:00:03.624609,0.020467212904410847,88,0.1,384,100,2.294527603045986e-06,19,0.00014580654202507067,1,3,adam,"{'neurons_per_layer_encoder': [384, 192, 96], 'neurons_per_layer_decoder': [96]}",384,[96],"[384, 192, 96]",[0.05906363670397996],[0.0738013122081399],-1.546700465271159,COMPLETE
555,0.10034283732688254,-0.00047902688166590046,2024-12-23 11:02:08.217110,2024-12-23 11:02:11.770022,0 days 00:00:03.552912,0.02093233544415999,112,0.2,416,100,1.8366795813843296e-06,20,0.00014628143907627117,1,3,adam,"{'neurons_per_layer_encoder': [416, 208, 104], 'neurons_per_layer_decoder': [104]}",416,[104],"[416, 208, 104]",[0.10034283732688254],[-0.00047902688166590046],-0.7227252584926563,COMPLETE
556,0.1532628634466079,-0.10064424912195147,2024-12-23 11:02:08.437837,2024-12-23 11:02:11.173561,0 days 00:00:02.735724,0.01996981863511856,64,0.1,992,100,1.8413439887688588e-06,113,0.008483993688843469,1,3,adam,"{'neurons_per_layer_encoder': [992, 496, 248], 'neurons_per_layer_decoder': [248]}",992,[248],"[992, 496, 248]",[0.1532628634466079],[-0.10064424912195147],-2.6615757907158137,COMPLETE
557,0.2909952953868996,0.05269529013149887,2024-12-23 11:02:08.929238,2024-12-23 11:02:11.497495,0 days 00:00:02.568257,0.020518608004818705,112,0.2,768,100,1.917610637475923e-06,70,0.008000238401367188,1,3,adam,"{'neurons_per_layer_encoder': [768, 384, 192], 'neurons_per_layer_decoder': [192]}",768,[192],"[768, 384, 192]",[0.2909952953868996],[0.05269529013149887],-1.2241189037008549,COMPLETE
558,0.16458056760303164,-0.02675085874821015,2024-12-23 11:02:09.847448,2024-12-23 11:02:12.902699,0 days 00:00:03.055251,0.020499108283651795,72,0.2,1008,100,1.9806547301486465e-06,114,0.004965830961029564,1,3,adam,"{'neurons_per_layer_encoder': [1008, 504, 252], 'neurons_per_layer_decoder': [252]}",1008,[252],"[1008, 504, 252]",[0.16458056760303164],[-0.02675085874821015],-2.903333236693873,COMPLETE
559,0.19885038075126416,0.1337724855978315,2024-12-23 11:02:09.937888,2024-12-23 11:02:13.810448,0 days 00:00:03.872560,0.020404886039228985,72,0.2,368,100,1.912995588239755e-06,9,0.005067186676316936,1,4,adam,"{'neurons_per_layer_encoder': [368, 184, 92, 46], 'neurons_per_layer_decoder': [46]}",368,[46],"[368, 184, 92, 46]",[0.19885038075126416],[0.1337724855978315],-2.929402625033771,COMPLETE
560,0.1191875795147751,0.025919907290187005,2024-12-23 11:02:11.072833,2024-12-23 11:02:13.771935,0 days 00:00:02.699102,0.02030282395312866,112,0.2,368,100,1.8743080082494123e-06,18,0.005020634252989587,1,3,adam,"{'neurons_per_layer_encoder': [368, 184, 92], 'neurons_per_layer_decoder': [92]}",368,[92],"[368, 184, 92]",[0.1191875795147751],[0.025919907290187005],-2.0148010227713766,COMPLETE
561,0.28800767205581224,-0.12109201702271921,2024-12-23 11:02:11.181070,2024-12-23 11:02:14.339520,0 days 00:00:03.158450,0.018156604170825173,112,0.2,560,100,1.297331814661848e-06,60,0.004967738200102949,1,3,adam,"{'neurons_per_layer_encoder': [560, 280, 140], 'neurons_per_layer_decoder': [140]}",560,[140],"[560, 280, 140]",[0.28800767205581224],[-0.12109201702271921],-2.180171080027387,COMPLETE
562,0.11094508514837353,0.0020872380875337493,2024-12-23 11:02:11.505184,2024-12-23 11:02:14.454924,0 days 00:00:02.949740,0.1250192166450616,80,0.2,368,100,3.0951046356260935e-06,9,0.004933724782034491,1,4,adam,"{'neurons_per_layer_encoder': [368, 184, 92, 46], 'neurons_per_layer_decoder': [46]}",368,[46],"[368, 184, 92, 46]",[0.11094508514837353],[0.0020872380875337493],-2.479823738152439,COMPLETE
563,0.255954158142052,0.06595672425975052,2024-12-23 11:02:11.777232,2024-12-23 11:02:15.885168,0 days 00:00:04.107936,0.044607806409893744,80,0.4,560,100,2.9939890302272037e-06,14,0.004977408211001894,1,4,adam,"{'neurons_per_layer_encoder': [560, 280, 140, 70], 'neurons_per_layer_decoder': [70]}",560,[70],"[560, 280, 140, 70]",[0.255954158142052],[0.06595672425975052],-1.53321832352093,COMPLETE
564,0.3248724534049082,0.15304290630765927,2024-12-23 11:02:12.910282,2024-12-23 11:02:18.567782,0 days 00:00:05.657500,0.1465888498781163,56,0.4,400,100,1.221728594675282e-06,20,0.004655250326192599,5,3,adam,"{'neurons_per_layer_encoder': [400, 200, 100], 'neurons_per_layer_decoder': [100, 200, 400, 800, 1600]}",400,"[100, 200, 400, 800, 1600]","[400, 200, 100]",[0.3248724534049082],[0.15304290630765927],0.20617548517085374,COMPLETE
565,0.2229801242896715,0.06853349082470062,2024-12-23 11:02:13.778464,2024-12-23 11:02:19.922725,0 days 00:00:06.144261,0.13022067023363143,80,0.30000000000000004,320,100,1.3383133656967613e-06,16,0.005601644914350202,5,3,adam,"{'neurons_per_layer_encoder': [320, 160, 80], 'neurons_per_layer_decoder': [80, 160, 320, 640, 1280]}",320,"[80, 160, 320, 640, 1280]","[320, 160, 80]",[0.2229801242896715],[0.06853349082470062],-0.4363215672000209,COMPLETE
566,-1.7147456046777538,-0.5357948334295206,2024-12-23 11:02:13.821661,2024-12-23 11:02:18.162770,0 days 00:00:04.341109,0.01790777827797057,80,0.30000000000000004,560,100,2.8836663175131386e-06,28,0.0058432187914476096,5,3,adam,"{'neurons_per_layer_encoder': [560, 280, 140], 'neurons_per_layer_decoder': [140, 280, 560, 1120, 2240]}",560,"[140, 280, 560, 1120, 2240]","[560, 280, 140]",[-1.7147456046777538],[-0.5357948334295206],-0.5554908686258601,COMPLETE
567,-0.14076781042441544,0.12456979363525089,2024-12-23 11:02:14.347787,2024-12-23 11:02:18.218113,0 days 00:00:03.870326,0.03594510366517358,80,0.30000000000000004,320,100,1.1242558901444378e-06,16,0.005842972149766435,5,3,adam,"{'neurons_per_layer_encoder': [320, 160, 80], 'neurons_per_layer_decoder': [80, 160, 320, 640, 1280]}",320,"[80, 160, 320, 640, 1280]","[320, 160, 80]",[-0.14076781042441544],[0.12456979363525089],-0.06111357172697173,COMPLETE
