number,values_0,values_1,datetime_start,datetime_complete,duration,params_alpha,params_batch_size,params_drop_out_rate,params_encoder_neurons_layer_1,params_epochs,params_lambda,params_latent_dim,params_learning_rate,params_num_layers_decoder,params_num_layers_encoder,params_optimizer,user_attrs_encoder_decoder_config,user_attrs_first_layer_neurons,user_attrs_neurons_per_layer_decoder,user_attrs_neurons_per_layer_encoder,user_attrs_r2_feature_1,user_attrs_r2_feature_2,user_attrs_relative_deterioration,state
206,-0.10958118064039213,0.4796131360619751,2025-01-09 21:34:02.945177,2025-01-09 21:34:10.889736,0 days 00:00:07.944559,0.03407156382314321,32,0.1,104,100,1.004513148313508e-06,552,0.000551606317061078,3,3,adam,"{'neurons_per_layer_encoder': [104, 208, 416], 'neurons_per_layer_decoder': [416, 208, 104]}",104,"[416, 208, 104]","[104, 208, 416]",[-0.10958118064039213],[0.4796131360619751],-0.20014321799203888,COMPLETE
207,-0.05637037575049608,0.5685388927548227,2025-01-09 21:34:04.302716,2025-01-09 21:34:11.638615,0 days 00:00:07.335899,0.02857209476873732,32,0.1,104,100,1.0165742989218313e-06,520,0.0005924148337675624,3,3,adam,"{'neurons_per_layer_encoder': [104, 208, 416], 'neurons_per_layer_decoder': [416, 208, 104]}",104,"[416, 208, 104]","[104, 208, 416]",[-0.05637037575049608],[0.5685388927548227],0.08352355847236875,COMPLETE
208,0.4460256295803877,0.7710098677458482,2025-01-09 21:34:07.300982,2025-01-09 21:34:14.223140,0 days 00:00:06.922158,0.0319048037832948,32,0.1,92,100,2.3404273233914412e-06,520,0.000586236238516626,3,3,adam,"{'neurons_per_layer_encoder': [92, 184, 368], 'neurons_per_layer_decoder': [368, 184, 92]}",92,"[368, 184, 92]","[92, 184, 368]",[0.4460256295803877],[0.7710098677458482],0.4745043604754133,COMPLETE
209,-0.5343369372327214,0.4086295949446237,2025-01-09 21:34:07.398396,2025-01-09 21:34:14.201581,0 days 00:00:06.803185,0.027540616069440235,32,0.1,92,100,2.302671713813613e-06,520,0.0005687144864940184,3,3,adam,"{'neurons_per_layer_encoder': [92, 184, 368], 'neurons_per_layer_decoder': [368, 184, 92]}",92,"[368, 184, 92]","[92, 184, 368]",[-0.5343369372327214],[0.4086295949446237],-0.3917660183504103,COMPLETE
210,0.0785791540732187,0.530268109800456,2025-01-09 21:34:07.629559,2025-01-09 21:34:15.052607,0 days 00:00:07.423048,0.021079239107343075,32,0.1,92,100,2.438929918277758e-06,520,0.0005590237015921868,3,3,adam,"{'neurons_per_layer_encoder': [92, 184, 368], 'neurons_per_layer_decoder': [368, 184, 92]}",92,"[368, 184, 92]","[92, 184, 368]",[0.0785791540732187],[0.530268109800456],0.05539726300306504,COMPLETE
211,-0.012214422221802357,0.5190984604207454,2025-01-09 21:34:10.897497,2025-01-09 21:34:17.782524,0 days 00:00:06.885027,0.021492354945764732,32,0.1,92,100,1.6051734707799513e-06,520,0.0005719262509424227,3,3,adam,"{'neurons_per_layer_encoder': [92, 184, 368], 'neurons_per_layer_decoder': [368, 184, 92]}",92,"[368, 184, 92]","[92, 184, 368]",[-0.012214422221802357],[0.5190984604207454],0.010184967849733563,COMPLETE
212,0.49002660667172404,0.3749323680464688,2025-01-09 21:34:11.645080,2025-01-09 21:34:18.483217,0 days 00:00:06.838137,0.025418785972331454,32,0.1,92,100,2.51628420938058e-06,520,0.00056512709623711,3,3,adam,"{'neurons_per_layer_encoder': [92, 184, 368], 'neurons_per_layer_decoder': [368, 184, 92]}",92,"[368, 184, 92]","[92, 184, 368]",[0.49002660667172404],[0.3749323680464688],0.11268628675785015,COMPLETE
213,-0.19929955071059458,0.5541069486943251,2025-01-09 21:34:14.208677,2025-01-09 21:34:21.277127,0 days 00:00:07.068450,0.01725339198596886,32,0.1,116,100,1.8938117551385764e-06,504,0.0006016220098560507,3,3,adam,"{'neurons_per_layer_encoder': [116, 232, 464], 'neurons_per_layer_decoder': [464, 232, 116]}",116,"[464, 232, 116]","[116, 232, 464]",[-0.19929955071059458],[0.5541069486943251],-0.038961073499744446,COMPLETE
214,-0.13066736553504055,-0.16729880676997233,2025-01-09 21:34:14.232580,2025-01-09 21:34:19.548148,0 days 00:00:05.315568,0.032379765735348204,48,0.2,84,100,1.7178598328828e-05,488,0.0005193173084485966,5,3,adadelta,"{'neurons_per_layer_encoder': [84, 168, 336], 'neurons_per_layer_decoder': [336, 168, 84, 42, 21]}",84,"[336, 168, 84, 42, 21]","[84, 168, 336]",[-0.13066736553504055],[-0.16729880676997233],0.6231541660273414,COMPLETE
215,-2.6770539359267493,-0.012114031910722911,2025-01-09 21:34:15.060481,2025-01-09 21:34:19.183804,0 days 00:00:04.123323,0.031512013427127845,88,0.1,84,100,8.092554651815909e-06,488,0.0005027715801748562,3,3,adadelta,"{'neurons_per_layer_encoder': [84, 168, 336], 'neurons_per_layer_decoder': [336, 168, 84]}",84,"[336, 168, 84]","[84, 168, 336]",[-2.6770539359267493],[-0.012114031910722911],0.48068330558949457,COMPLETE
216,0.03183727807002301,0.0002737295503284498,2025-01-09 21:34:17.789217,2025-01-09 21:34:22.614326,0 days 00:00:04.825109,0.032070556121654055,104,0.1,84,100,8.011561518974142e-06,488,0.0005165323202640161,2,3,adadelta,"{'neurons_per_layer_encoder': [84, 168, 336], 'neurons_per_layer_decoder': [336, 168]}",84,"[336, 168]","[84, 168, 336]",[0.03183727807002301],[0.0002737295503284498],0.6320216830703574,COMPLETE
217,-0.34053958274920837,0.019532906372913383,2025-01-09 21:34:18.490821,2025-01-09 21:34:23.195856,0 days 00:00:04.705035,0.03222479433053421,80,0.1,84,100,7.044800248423616e-06,488,0.009990603696748823,2,3,adadelta,"{'neurons_per_layer_encoder': [84, 168, 336], 'neurons_per_layer_decoder': [336, 168]}",84,"[336, 168]","[84, 168, 336]",[-0.34053958274920837],[0.019532906372913383],0.23087373822314455,COMPLETE
218,-4.286904472389985,-0.04107452372793108,2025-01-09 21:34:19.189575,2025-01-09 21:34:21.994720,0 days 00:00:02.805145,0.03346683991670321,56,0.1,76,100,1.4133026822153712e-05,504,0.0006860746080931593,2,3,adadelta,"{'neurons_per_layer_encoder': [76, 152, 304], 'neurons_per_layer_decoder': [304, 152]}",76,"[304, 152]","[76, 152, 304]",[-4.286904472389985],[-0.04107452372793108],0.339812396932383,COMPLETE
219,-1.469292429377762,0.1989016333375877,2025-01-09 21:34:19.554507,2025-01-09 21:34:23.032524,0 days 00:00:03.478017,0.02920450502784216,120,0.1,80,100,4.2448603453122e-06,504,0.000675737956688268,2,3,sgd,"{'neurons_per_layer_encoder': [80, 160, 320], 'neurons_per_layer_decoder': [320, 160]}",80,"[320, 160]","[80, 160, 320]",[-1.469292429377762],[0.1989016333375877],0.44747976331672823,COMPLETE
220,-0.11126823419325094,-0.11888278429759724,2025-01-09 21:34:21.285987,2025-01-09 21:34:24.510715,0 days 00:00:03.224728,0.030058451567044602,80,0.1,76,100,4.386951409417753e-06,504,0.0006845155216708736,2,3,sgd,"{'neurons_per_layer_encoder': [76, 152, 304], 'neurons_per_layer_decoder': [304, 152]}",76,"[304, 152]","[76, 152, 304]",[-0.11126823419325094],[-0.11888278429759724],0.5115309891494377,COMPLETE
221,-4.109861105976253,-0.039368351565166826,2025-01-09 21:34:22.001397,2025-01-09 21:34:23.385077,0 days 00:00:01.383680,0.029379636062479692,80,0.1,80,100,6.888301848166671e-06,472,0.0006923920879250285,2,3,sgd,"{'neurons_per_layer_encoder': [80, 160, 320], 'neurons_per_layer_decoder': [320, 160]}",80,"[320, 160]","[80, 160, 320]",[-4.109861105976253],[-0.039368351565166826],0.19757780390009835,COMPLETE
222,-1.512714532739718,-0.4847653163492205,2025-01-09 21:34:22.621550,2025-01-09 21:34:24.921937,0 days 00:00:02.300387,0.029541074911903952,80,0.1,96,100,4.542919556411607e-06,472,0.00038219958084905793,4,3,sgd,"{'neurons_per_layer_encoder': [96, 192, 384], 'neurons_per_layer_decoder': [384, 192, 96, 48]}",96,"[384, 192, 96, 48]","[96, 192, 384]",[-1.512714532739718],[-0.4847653163492205],0.32031879594791973,COMPLETE
223,-4.223522387681294,-0.2538826069073816,2025-01-09 21:34:23.038592,2025-01-09 21:34:24.714611,0 days 00:00:01.676019,0.040992312316359504,80,0.1,96,100,4.5868412856619245e-06,472,0.00037608445561652227,4,3,sgd,"{'neurons_per_layer_encoder': [96, 192, 384], 'neurons_per_layer_decoder': [384, 192, 96, 48]}",96,"[384, 192, 96, 48]","[96, 192, 384]",[-4.223522387681294],[-0.2538826069073816],0.16349634631219753,COMPLETE
224,-2.137320824196461,-0.07932042350512192,2025-01-09 21:34:23.202839,2025-01-09 21:34:26.152600,0 days 00:00:02.949761,0.04385868617866864,72,0.1,92,100,4.796728953985444e-06,472,0.0003647702404901235,4,3,sgd,"{'neurons_per_layer_encoder': [92, 184, 368], 'neurons_per_layer_decoder': [368, 184, 92, 46]}",92,"[368, 184, 92, 46]","[92, 184, 368]",[-2.137320824196461],[-0.07932042350512192],0.30213440951465304,COMPLETE
225,0.11177210356363543,0.010826814850390942,2025-01-09 21:34:23.391423,2025-01-09 21:34:26.386221,0 days 00:00:02.994798,0.04231295320939087,48,0.1,92,100,2.656997719454684e-05,536,0.0007521267306083564,4,3,sgd,"{'neurons_per_layer_encoder': [92, 184, 368], 'neurons_per_layer_decoder': [368, 184, 92, 46]}",92,"[368, 184, 92, 46]","[92, 184, 368]",[0.11177210356363543],[0.010826814850390942],0.7144417725048031,COMPLETE
226,-2.9543319699673365,-0.0625774140709543,2025-01-09 21:34:24.518368,2025-01-09 21:34:26.147580,0 days 00:00:01.629212,0.02377667672566475,96,0.1,96,100,2.7973019551046916e-05,536,0.0004080867116897555,4,3,sgd,"{'neurons_per_layer_encoder': [96, 192, 384], 'neurons_per_layer_decoder': [384, 192, 96, 48]}",96,"[384, 192, 96, 48]","[96, 192, 384]",[-2.9543319699673365],[-0.0625774140709543],0.5957531799521997,COMPLETE
227,-1.9510396299748427,-0.20956286064146834,2025-01-09 21:34:24.721239,2025-01-09 21:34:29.002258,0 days 00:00:04.281019,0.027449535623228962,48,0.1,96,100,3.062273685449095e-05,584,0.0007766757263364899,4,3,adadelta,"{'neurons_per_layer_encoder': [96, 192, 384], 'neurons_per_layer_decoder': [384, 192, 96, 48]}",96,"[384, 192, 96, 48]","[96, 192, 384]",[-1.9510396299748427],[-0.20956286064146834],0.6885191924653287,COMPLETE
228,-2.8965877598366054,-0.3017069100133034,2025-01-09 21:34:24.928536,2025-01-09 21:34:28.040821,0 days 00:00:03.112285,0.024638758311229286,48,0.1,88,100,5.398919687116553e-06,536,0.005053610746294688,3,3,adadelta,"{'neurons_per_layer_encoder': [88, 176, 352], 'neurons_per_layer_decoder': [352, 176, 88]}",88,"[352, 176, 88]","[88, 176, 352]",[-2.8965877598366054],[-0.3017069100133034],0.19039525748378114,COMPLETE
229,-3.833277114377603,-0.1530442278446149,2025-01-09 21:34:26.159148,2025-01-09 21:34:29.857489,0 days 00:00:03.698341,0.027182031434656768,48,0.1,100,100,2.3953153065216693e-05,904,0.0007903077895379221,3,3,adadelta,"{'neurons_per_layer_encoder': [100, 200, 400], 'neurons_per_layer_decoder': [400, 200, 100]}",100,"[400, 200, 100]","[100, 200, 400]",[-3.833277114377603],[-0.1530442278446149],0.6126976019687803,COMPLETE
230,-4.877248572455318,-0.24555782400988857,2025-01-09 21:34:26.159592,2025-01-09 21:34:29.535717,0 days 00:00:03.376125,0.027498319690738224,40,0.1,88,100,2.3230338503752985e-05,584,0.004964437506429204,3,3,adadelta,"{'neurons_per_layer_encoder': [88, 176, 352], 'neurons_per_layer_decoder': [352, 176, 88]}",88,"[352, 176, 88]","[88, 176, 352]",[-4.877248572455318],[-0.24555782400988857],0.4582903237849343,COMPLETE
231,-1.61977293277087,-0.4403885293158287,2025-01-09 21:34:26.392219,2025-01-09 21:34:29.924556,0 days 00:00:03.532337,0.034913212442464286,40,0.1,64,100,5.50498079114922e-06,344,0.0004887220138138476,3,3,adadelta,"{'neurons_per_layer_encoder': [64, 128, 256], 'neurons_per_layer_decoder': [256, 128, 64]}",64,"[256, 128, 64]","[64, 128, 256]",[-1.61977293277087],[-0.4403885293158287],0.37555981933438165,COMPLETE
232,-6.979936544330163,-0.1920012417956074,2025-01-09 21:34:28.047809,2025-01-09 21:34:31.267133,0 days 00:00:03.219324,0.052086146541940256,56,0.1,68,100,9.455358547761983e-06,344,0.0004710059749283767,3,3,adadelta,"{'neurons_per_layer_encoder': [68, 136, 272], 'neurons_per_layer_decoder': [272, 136, 68]}",68,"[272, 136, 68]","[68, 136, 272]",[-6.979936544330163],[-0.1920012417956074],0.3770648162868468,COMPLETE
233,0.2766533358175294,0.4591928805578406,2025-01-09 21:34:29.009316,2025-01-09 21:34:33.763922,0 days 00:00:04.754606,0.03426852178767256,40,0.1,64,100,3.766852486483222e-06,328,0.00047951617057717585,3,3,adam,"{'neurons_per_layer_encoder': [64, 128, 256], 'neurons_per_layer_decoder': [256, 128, 64]}",64,"[256, 128, 64]","[64, 128, 256]",[0.2766533358175294],[0.4591928805578406],0.0052046884272229435,COMPLETE
234,0.2678938297931711,0.47491155947737074,2025-01-09 21:34:29.542498,2025-01-09 21:34:34.306998,0 days 00:00:04.764500,0.03537838754272571,40,0.1,72,100,2.971905156670336e-06,520,0.00047211631571113954,3,3,adam,"{'neurons_per_layer_encoder': [72, 144, 288], 'neurons_per_layer_decoder': [288, 144, 72]}",72,"[288, 144, 72]","[72, 144, 288]",[0.2678938297931711],[0.47491155947737074],-0.10564109399998213,COMPLETE
235,0.2881055366442742,0.06699835885553795,2025-01-09 21:34:29.863795,2025-01-09 21:34:33.914371,0 days 00:00:04.050576,0.03420542777516055,128,0.1,56,100,4.4296650932738996e-05,312,0.0005026026264258372,3,3,adam,"{'neurons_per_layer_encoder': [56, 112, 224], 'neurons_per_layer_decoder': [224, 112, 56]}",56,"[224, 112, 56]","[56, 112, 224]",[0.2881055366442742],[0.06699835885553795],0.5565621451188937,COMPLETE
236,0.2912699225824026,0.3160138312154036,2025-01-09 21:34:29.930439,2025-01-09 21:34:33.946142,0 days 00:00:04.015703,0.04791711948555525,64,0.1,36,100,4.656708925297845e-05,280,0.0002832888518168881,3,3,adam,"{'neurons_per_layer_encoder': [36, 72, 144], 'neurons_per_layer_decoder': [144, 72, 36]}",36,"[144, 72, 36]","[36, 72, 144]",[0.2912699225824026],[0.3160138312154036],0.6214262144330236,COMPLETE
237,0.35336829098303935,0.20671508608093803,2025-01-09 21:34:31.274026,2025-01-09 21:34:35.140961,0 days 00:00:03.866935,0.16952241833496226,96,0.1,36,100,2.759385018328643e-06,296,0.0006262564536872315,3,3,adam,"{'neurons_per_layer_encoder': [36, 72, 144], 'neurons_per_layer_decoder': [144, 72, 36]}",36,"[144, 72, 36]","[36, 72, 144]",[0.35336829098303935],[0.20671508608093803],-0.39531721255914065,COMPLETE
238,0.18889298920001685,0.27511927348847864,2025-01-09 21:34:33.770740,2025-01-09 21:34:38.101124,0 days 00:00:04.330384,0.06571645533009743,128,0.1,36,100,2.8197029130235316e-06,280,0.000614003629375267,3,3,adam,"{'neurons_per_layer_encoder': [36, 72, 144], 'neurons_per_layer_decoder': [144, 72, 36]}",36,"[144, 72, 36]","[36, 72, 144]",[0.18889298920001685],[0.27511927348847864],0.18682832511884706,COMPLETE
239,0.12007448875265281,0.09308161168114071,2025-01-09 21:34:33.922579,2025-01-09 21:34:40.300048,0 days 00:00:06.377469,0.04683079950730329,96,0.1,40,100,1.820386128798439e-06,664,0.0006112362129101414,3,5,adam,"{'neurons_per_layer_encoder': [40, 80, 160, 320, 640], 'neurons_per_layer_decoder': [640, 320, 160]}",40,"[640, 320, 160]","[40, 80, 160, 320, 640]",[0.12007448875265281],[0.09308161168114071],-0.6203349799716147,COMPLETE
240,-0.7603120735836997,0.3468876566417449,2025-01-09 21:34:33.954181,2025-01-09 21:34:40.978643,0 days 00:00:07.024462,0.04013385698466414,32,0.1,48,100,1.386429388858536e-05,1208,0.0006339160538059031,2,5,adam,"{'neurons_per_layer_encoder': [48, 96, 192, 384, 768], 'neurons_per_layer_decoder': [768, 384]}",48,"[768, 384]","[48, 96, 192, 384, 768]",[-0.7603120735836997],[0.3468876566417449],0.5360754200747527,COMPLETE
241,0.3697606265186293,0.10213354834105626,2025-01-09 21:34:34.313553,2025-01-09 21:34:38.759052,0 days 00:00:04.445499,0.15237360996733132,128,0.1,56,100,2.788609314245607e-06,392,0.0006521695849662392,2,3,adam,"{'neurons_per_layer_encoder': [56, 112, 224], 'neurons_per_layer_decoder': [224, 112]}",56,"[224, 112]","[56, 112, 224]",[0.3697606265186293],[0.10213354834105626],-0.08807633301956334,COMPLETE
242,0.21135542504454152,-0.03461052330358916,2025-01-09 21:34:35.147058,2025-01-09 21:34:39.768861,0 days 00:00:04.621803,0.039179827877293155,120,0.1,52,100,1.4616739631776635e-06,1384,0.0029225203354572454,2,5,adam,"{'neurons_per_layer_encoder': [52, 104, 208, 416, 832], 'neurons_per_layer_decoder': [832, 416]}",52,"[832, 416]","[52, 104, 208, 416, 832]",[0.21135542504454152],[-0.03461052330358916],-0.27394787653181485,COMPLETE
243,0.3963289393311624,0.8156055076675935,2025-01-09 21:34:38.108683,2025-01-09 21:34:50.875292,0 days 00:00:12.766609,0.03872321865288552,32,0.1,48,100,1.3034107443776899e-05,1496,5.1382123874056144e-05,2,5,adam,"{'neurons_per_layer_encoder': [48, 96, 192, 384, 768], 'neurons_per_layer_decoder': [768, 384]}",48,"[768, 384]","[48, 96, 192, 384, 768]",[0.3963289393311624],[0.8156055076675935],0.8638221367581936,COMPLETE
244,-0.5816789045271049,-0.08583844963483034,2025-01-09 21:34:38.765920,2025-01-09 21:34:46.853112,0 days 00:00:08.087192,0.03084112196378787,64,0.1,44,100,1.7846128676121204e-06,1384,0.0005817749848026384,5,5,adam,"{'neurons_per_layer_encoder': [44, 88, 176, 352, 704], 'neurons_per_layer_decoder': [704, 352, 176, 88, 44]}",44,"[704, 352, 176, 88, 44]","[44, 88, 176, 352, 704]",[-0.5816789045271049],[-0.08583844963483034],-0.16401970241068373,COMPLETE
245,-0.6163741661904734,0.024960595786055917,2025-01-09 21:34:39.775382,2025-01-09 21:34:45.106645,0 days 00:00:05.331263,0.030847483899008106,112,0.4,24,100,2.4501578139560927e-06,152,0.0005859587197496941,5,3,adam,"{'neurons_per_layer_encoder': [24, 48, 96], 'neurons_per_layer_decoder': [96, 48, 24, 12, 8]}",24,"[96, 48, 24, 12, 8]","[24, 48, 96]",[-0.6163741661904734],[0.024960595786055917],0.3565469252329246,COMPLETE
246,-1.5334198243240271,0.0021589060548199424,2025-01-09 21:34:40.307217,2025-01-09 21:34:46.247665,0 days 00:00:05.940448,0.031047321872497407,40,0.4,24,100,2.5984131535605513e-06,152,0.0005504176689380399,5,3,adam,"{'neurons_per_layer_encoder': [24, 48, 96], 'neurons_per_layer_decoder': [96, 48, 24, 12, 8]}",24,"[96, 48, 24, 12, 8]","[24, 48, 96]",[-1.5334198243240271],[0.0021589060548199424],0.28922442073273186,COMPLETE
247,0.13645574621877155,-0.008988625082561041,2025-01-09 21:34:40.985347,2025-01-09 21:34:46.483062,0 days 00:00:05.497715,0.018821972546652282,104,0.4,20,100,2.2752078169432875e-06,152,0.008049445531953628,5,3,adam,"{'neurons_per_layer_encoder': [20, 40, 80], 'neurons_per_layer_decoder': [80, 40, 20, 10, 8]}",20,"[80, 40, 20, 10, 8]","[20, 40, 80]",[0.13645574621877155],[-0.008988625082561041],0.21532586998027403,COMPLETE
248,0.2599716478563924,0.15438124488975857,2025-01-09 21:34:45.114390,2025-01-09 21:34:57.925282,0 days 00:00:12.810892,0.03646170505813523,40,0.4,248,100,2.2020667158387842e-06,1800,0.0005350082774609522,4,3,adam,"{'neurons_per_layer_encoder': [248, 496, 992], 'neurons_per_layer_decoder': [992, 496, 248, 124]}",248,"[992, 496, 248, 124]","[248, 496, 992]",[0.2599716478563924],[0.15438124488975857],0.3621889368951694,COMPLETE
249,0.24178210221427288,-0.06510140070071269,2025-01-09 21:34:46.253818,2025-01-09 21:35:01.113483,0 days 00:00:14.859665,0.025964596003075633,40,0.1,248,100,1.9817355932164663e-06,2008,0.0021979979976923516,4,4,adam,"{'neurons_per_layer_encoder': [248, 496, 992, 1984], 'neurons_per_layer_decoder': [1984, 992, 496, 248]}",248,"[1984, 992, 496, 248]","[248, 496, 992, 1984]",[0.24178210221427288],[-0.06510140070071269],0.01835091096847949,COMPLETE
250,0.32115894474520834,-0.06265133456618077,2025-01-09 21:34:46.489974,2025-01-09 21:34:58.698404,0 days 00:00:12.208430,0.025902420912677863,40,0.1,240,100,2.1097365752227338e-06,984,0.0018025773090274986,4,3,adam,"{'neurons_per_layer_encoder': [240, 480, 960], 'neurons_per_layer_decoder': [960, 480, 240, 120]}",240,"[960, 480, 240, 120]","[240, 480, 960]",[0.32115894474520834],[-0.06265133456618077],-0.6834506425073833,COMPLETE
251,0.41954412104232264,-0.21129295610964216,2025-01-09 21:34:46.860109,2025-01-09 21:34:59.291820,0 days 00:00:12.431711,0.025323283220494798,40,0.1,256,100,2.277219655171546e-06,1048,0.0007315529704707174,4,3,adam,"{'neurons_per_layer_encoder': [256, 512, 1024], 'neurons_per_layer_decoder': [1024, 512, 256, 128]}",256,"[1024, 512, 256, 128]","[256, 512, 1024]",[0.41954412104232264],[-0.21129295610964216],-0.5738765175347705,COMPLETE
252,0.3603660335165223,-0.1369182394689834,2025-01-09 21:34:50.886110,2025-01-09 21:35:43.260040,0 days 00:00:52.373930,0.044974435354380185,32,0.4,120,100,1.5629886952784468e-05,3928,0.004138303137349866,3,5,adam,"{'neurons_per_layer_encoder': [120, 240, 480, 960, 1920], 'neurons_per_layer_decoder': [1920, 960, 480]}",120,"[1920, 960, 480]","[120, 240, 480, 960, 1920]",[0.3603660335165223],[-0.1369182394689834],0.711274267965771,COMPLETE
253,-1.6741479960260457,0.010918053214883372,2025-01-09 21:34:57.936954,2025-01-09 21:35:13.539048,0 days 00:00:15.602094,0.04115139547827228,32,0.4,4,100,1.2165452312485712e-05,51,4.9505877871799825e-05,3,4,adam,"{'neurons_per_layer_encoder': [4, 8, 16, 32], 'neurons_per_layer_decoder': [32, 16, 8]}",4,"[32, 16, 8]","[4, 8, 16, 32]",[-1.6741479960260457],[0.010918053214883372],0.5132189515912247,COMPLETE
254,0.5824429233859507,0.3628447904859058,2025-01-09 21:34:58.708756,2025-01-09 21:35:45.078244,0 days 00:00:46.369488,0.04443671987106374,32,0.4,116,100,2.053425157247303e-05,2968,5.209702035736209e-05,3,5,adam,"{'neurons_per_layer_encoder': [116, 232, 464, 928, 1856], 'neurons_per_layer_decoder': [1856, 928, 464]}",116,"[1856, 928, 464]","[116, 232, 464, 928, 1856]",[0.5824429233859507],[0.3628447904859058],0.9129179704974669,COMPLETE
255,0.33074202757742766,0.2548353457408825,2025-01-09 21:34:59.299428,2025-01-09 21:35:23.184581,0 days 00:00:23.885153,0.044704881204699246,32,0.4,120,100,1.8006064159425738e-05,1480,5.2154046505799194e-05,3,4,adam,"{'neurons_per_layer_encoder': [120, 240, 480, 960], 'neurons_per_layer_decoder': [960, 480, 240]}",120,"[960, 480, 240]","[120, 240, 480, 960]",[0.33074202757742766],[0.2548353457408825],0.8212227229775545,COMPLETE
