number,values_0,values_1,datetime_start,datetime_complete,duration,params_alpha,params_batch_size,params_drop_out_rate,params_encoder_neurons_layer_1,params_epochs,params_lambda,params_latent_dim,params_learning_rate,params_num_layers_decoder,params_num_layers_encoder,params_optimizer,user_attrs_encoder_decoder_config,user_attrs_first_layer_neurons,user_attrs_neurons_per_layer_decoder,user_attrs_neurons_per_layer_encoder,user_attrs_r2_feature_1,user_attrs_r2_feature_2,user_attrs_relative_deterioration,state
103,-4.1717915623252,-0.014792587251540423,2025-01-09 21:28:01.498469,2025-01-09 21:28:06.897908,0 days 00:00:05.399439,0.014507495653911913,64,0.30000000000000004,44,100,0.0002360602401797076,488,2.419296560607318e-05,5,4,adadelta,"{'neurons_per_layer_encoder': [44, 88, 176, 352], 'neurons_per_layer_decoder': [352, 176, 88, 44, 22]}",44,"[352, 176, 88, 44, 22]","[44, 88, 176, 352]",[-4.1717915623252],[-0.014792587251540423],0.8533654222019227,COMPLETE
104,-3.0199474116530984,-0.1250034745247004,2025-01-09 21:28:03.348872,2025-01-09 21:28:13.779818,0 days 00:00:10.430946,0.010873373321324882,32,0.30000000000000004,148,100,2.151505417081443e-06,1240,2.44859700070367e-05,5,4,adam,"{'neurons_per_layer_encoder': [148, 296, 592, 1184], 'neurons_per_layer_decoder': [1184, 592, 296, 148, 74]}",148,"[1184, 592, 296, 148, 74]","[148, 296, 592, 1184]",[-3.0199474116530984],[-0.1250034745247004],0.5083380035948823,COMPLETE
105,-4.963964373812428,-0.003830939022228641,2025-01-09 21:28:06.905536,2025-01-09 21:28:11.627818,0 days 00:00:04.722282,0.01077714823597448,32,0.4,220,100,2.4064840727022653e-06,936,1.468090417212654e-05,1,3,sgd,"{'neurons_per_layer_encoder': [220, 440, 880], 'neurons_per_layer_decoder': [880]}",220,[880],"[220, 440, 880]",[-4.963964373812428],[-0.003830939022228641],0.32263927373744355,COMPLETE
106,-5.204947960630731,-0.04244442973708917,2025-01-09 21:28:11.108797,2025-01-09 21:28:15.517035,0 days 00:00:04.408238,0.1938893211547925,32,0.4,92,100,8.295744005425047e-05,824,1.4953456592400596e-05,1,4,sgd,"{'neurons_per_layer_encoder': [92, 184, 368, 736], 'neurons_per_layer_decoder': [736]}",92,[736],"[92, 184, 368, 736]",[-5.204947960630731],[-0.04244442973708917],0.7149730506861868,COMPLETE
107,0.5488736515518511,0.5864418745071639,2025-01-09 21:28:11.635783,2025-01-09 21:28:32.594538,0 days 00:00:20.958755,0.01090293878099815,32,0.30000000000000004,148,100,0.0001724473535096632,1224,1.6835908267854143e-05,1,4,adam,"{'neurons_per_layer_encoder': [148, 296, 592, 1184], 'neurons_per_layer_decoder': [1184]}",148,[1184],"[148, 296, 592, 1184]",[0.5488736515518511],[0.5864418745071639],0.975533606242398,COMPLETE
108,0.1297167568420775,0.04782903770417235,2025-01-09 21:28:13.788164,2025-01-09 21:28:30.180784,0 days 00:00:16.392620,0.012530081792838866,88,0.4,88,100,0.00017313926343311126,1448,1.6297543442490925e-05,1,5,adam,"{'neurons_per_layer_encoder': [88, 176, 352, 704, 1408], 'neurons_per_layer_decoder': [1408]}",88,[1408],"[88, 176, 352, 704, 1408]",[0.1297167568420775],[0.04782903770417235],0.9562877834844877,COMPLETE
109,-0.19487482830237535,0.02467387588616632,2025-01-09 21:28:15.523571,2025-01-09 21:29:06.728457,0 days 00:00:51.204886,0.024642025737253336,40,0.2,208,100,0.00017681569588839542,3368,0.002287837562434892,1,5,adam,"{'neurons_per_layer_encoder': [208, 416, 832, 1664, 3328], 'neurons_per_layer_decoder': [3328]}",208,[3328],"[208, 416, 832, 1664, 3328]",[-0.19487482830237535],[0.02467387588616632],0.8230264613603128,COMPLETE
110,-0.07254061718149285,0.04059890984796022,2025-01-09 21:28:17.930687,2025-01-09 21:28:28.192187,0 days 00:00:10.261500,0.1026432323285055,80,0.2,208,100,0.00017824741409673398,408,0.008944949641513,1,1,adam,"{'neurons_per_layer_encoder': [208], 'neurons_per_layer_decoder': [208]}",208,[208],[208],[-0.07254061718149285],[0.04059890984796022],-1.2063448923846503,COMPLETE
111,0.4981598919430771,-0.11057365967630606,2025-01-09 21:28:28.199189,2025-01-09 21:28:46.605006,0 days 00:00:18.405817,0.012566857433880195,40,0.4,188,100,2.8129659311259865e-05,1576,5.998022594591141e-05,1,3,adam,"{'neurons_per_layer_encoder': [188, 376, 752], 'neurons_per_layer_decoder': [752]}",188,[752],"[188, 376, 752]",[0.4981598919430771],[-0.11057365967630606],0.7000047605837388,COMPLETE
112,0.4825801207209437,0.1806370039684999,2025-01-09 21:28:30.189455,2025-01-09 21:28:47.339688,0 days 00:00:17.150233,0.04275816697670081,40,0.2,188,100,0.00012921098840458473,1560,6.532907664991454e-05,1,3,adam,"{'neurons_per_layer_encoder': [188, 376, 752], 'neurons_per_layer_decoder': [752]}",188,[752],"[188, 376, 752]",[0.4825801207209437],[0.1806370039684999],0.913267671162421,COMPLETE
113,0.17537529246875405,0.2667072952158085,2025-01-09 21:28:32.625555,2025-01-09 21:28:56.281763,0 days 00:00:23.656208,0.016122200297548954,40,0.30000000000000004,148,100,0.0003340077927426304,1720,6.115878386222217e-05,2,4,adam,"{'neurons_per_layer_encoder': [148, 296, 592, 1184], 'neurons_per_layer_decoder': [1184, 592]}",148,"[1184, 592]","[148, 296, 592, 1184]",[0.17537529246875405],[0.2667072952158085],0.9816607162044687,COMPLETE
114,0.36740099705857554,0.027794593505756193,2025-01-09 21:28:45.915324,2025-01-09 21:29:03.950047,0 days 00:00:18.034723,0.015920272391424864,40,0.30000000000000004,108,100,0.0001202439699247329,1624,5.9228125807095504e-05,2,4,adam,"{'neurons_per_layer_encoder': [108, 216, 432, 864], 'neurons_per_layer_decoder': [864, 432]}",108,"[864, 432]","[108, 216, 432, 864]",[0.36740099705857554],[0.027794593505756193],0.930593446938832,COMPLETE
115,0.10225451130803997,0.0551783120221957,2025-01-09 21:28:46.612706,2025-01-09 21:29:06.361031,0 days 00:00:19.748325,0.010734318777356614,40,0.30000000000000004,140,100,0.00011558445117113642,1160,0.0003680190929760235,3,4,adam,"{'neurons_per_layer_encoder': [140, 280, 560, 1120], 'neurons_per_layer_decoder': [1120, 560, 280]}",140,"[1120, 560, 280]","[140, 280, 560, 1120]",[0.10225451130803997],[0.0551783120221957],0.9330309566367867,COMPLETE
116,0.45509334247493294,0.1679866841461365,2025-01-09 21:28:47.351373,2025-01-09 21:29:07.527806,0 days 00:00:20.176433,0.010731289156612459,32,0.30000000000000004,108,100,0.0003005026555722242,1672,0.0025235179405018477,3,4,adam,"{'neurons_per_layer_encoder': [108, 216, 432, 864], 'neurons_per_layer_decoder': [864, 432, 216]}",108,"[864, 432, 216]","[108, 216, 432, 864]",[0.45509334247493294],[0.1679866841461365],0.8176278405782463,COMPLETE
117,0.2971778219532054,0.40791710592428876,2025-01-09 21:28:56.290721,2025-01-09 21:29:18.393972,0 days 00:00:22.103251,0.010752271553669453,32,0.30000000000000004,156,100,0.00015405151523371213,1272,8.772715861857778e-05,4,4,adam,"{'neurons_per_layer_encoder': [156, 312, 624, 1248], 'neurons_per_layer_decoder': [1248, 624, 312, 156]}",156,"[1248, 624, 312, 156]","[156, 312, 624, 1248]",[0.2971778219532054],[0.40791710592428876],0.9744164258441274,COMPLETE
118,-0.27332680631636963,-0.011204767242664282,2025-01-09 21:29:03.960344,2025-01-09 21:29:25.071267,0 days 00:00:21.110923,0.010629732926327885,32,0.4,156,100,0.0001476486062998312,1288,1.0704212761378622e-05,3,4,adam,"{'neurons_per_layer_encoder': [156, 312, 624, 1248], 'neurons_per_layer_decoder': [1248, 624, 312]}",156,"[1248, 624, 312]","[156, 312, 624, 1248]",[-0.27332680631636963],[-0.011204767242664282],0.9539706080355818,COMPLETE
119,0.36819854373388816,0.26268082289488337,2025-01-09 21:29:06.370509,2025-01-09 21:29:23.791789,0 days 00:00:17.421280,0.010005979012126695,32,0.4,136,100,0.0001549934091084849,1128,0.0026363558209894435,4,4,adam,"{'neurons_per_layer_encoder': [136, 272, 544, 1088], 'neurons_per_layer_decoder': [1088, 544, 272, 136]}",136,"[1088, 544, 272, 136]","[136, 272, 544, 1088]",[0.36819854373388816],[0.26268082289488337],0.9273054900907413,COMPLETE
120,-0.42090851277583674,-0.10803329642135284,2025-01-09 21:29:06.738422,2025-01-09 21:29:24.295880,0 days 00:00:17.557458,0.011253392258850494,32,0.4,128,100,0.0005162540568563253,1064,1.066641119997432e-05,4,4,adam,"{'neurons_per_layer_encoder': [128, 256, 512, 1024], 'neurons_per_layer_decoder': [1024, 512, 256, 128]}",128,"[1024, 512, 256, 128]","[128, 256, 512, 1024]",[-0.42090851277583674],[-0.10803329642135284],0.9822294630564156,COMPLETE
121,-3.0343787572517664,0.0225385969180657,2025-01-09 21:29:07.534461,2025-01-09 21:29:10.400170,0 days 00:00:02.865709,0.010006952480506993,32,0.4,152,100,0.00040776688045536134,208,1.0599115296669394e-05,4,1,sgd,"{'neurons_per_layer_encoder': [152], 'neurons_per_layer_decoder': [152, 76, 38, 19]}",152,"[152, 76, 38, 19]",[152],[-3.0343787572517664],[0.0225385969180657],0.7899843572302828,COMPLETE
122,0.26481747021490076,0.009717914311015874,2025-01-09 21:29:10.408478,2025-01-09 21:29:28.556483,0 days 00:00:18.148005,0.014338151369474653,48,0.4,160,100,0.0001400469742132328,1304,8.63185035872488e-05,4,4,adam,"{'neurons_per_layer_encoder': [160, 320, 640, 1280], 'neurons_per_layer_decoder': [1280, 640, 320, 160]}",160,"[1280, 640, 320, 160]","[160, 320, 640, 1280]",[0.26481747021490076],[0.009717914311015874],0.9587226981567355,COMPLETE
123,-0.998158035916787,-0.03168909692495281,2025-01-09 21:29:18.402274,2025-01-09 21:29:35.887945,0 days 00:00:17.485671,0.014399657670674141,48,0.4,132,100,0.0001992951424691594,2168,1.3897804994975675e-05,3,5,adam,"{'neurons_per_layer_encoder': [132, 264, 528, 1056, 2112], 'neurons_per_layer_decoder': [2112, 1056, 528]}",132,"[2112, 1056, 528]","[132, 264, 528, 1056, 2112]",[-0.998158035916787],[-0.03168909692495281],0.9752818625745413,COMPLETE
124,-3.490221608525091,-0.06178208193193879,2025-01-09 21:29:23.799672,2025-01-09 21:29:33.555150,0 days 00:00:09.755478,0.014519265899128475,64,0.4,128,100,0.0002151676999533328,2104,0.0016123836500423461,3,5,adam,"{'neurons_per_layer_encoder': [128, 256, 512, 1024, 2048], 'neurons_per_layer_decoder': [2048, 1024, 512]}",128,"[2048, 1024, 512]","[128, 256, 512, 1024, 2048]",[-3.490221608525091],[-0.06178208193193879],0.9656160474962745,COMPLETE
125,-0.06108676244559952,0.7962974478982837,2025-01-09 21:29:24.304310,2025-01-09 21:29:36.177468,0 days 00:00:11.873158,0.012635387368851201,32,0.1,132,100,1.2469941161591633e-06,584,0.0007975188675082687,3,3,adam,"{'neurons_per_layer_encoder': [132, 264, 528], 'neurons_per_layer_decoder': [528, 264, 132]}",132,"[528, 264, 132]","[132, 264, 528]",[-0.06108676244559952],[0.7962974478982837],0.2815588941108746,COMPLETE
126,0.16408784340235794,0.08332382330615506,2025-01-09 21:29:25.082289,2025-01-09 21:29:35.047433,0 days 00:00:09.965144,0.011412262842963162,48,0.1,204,100,9.944660892598906e-05,840,0.0013812612393290637,1,3,adam,"{'neurons_per_layer_encoder': [204, 408, 816], 'neurons_per_layer_decoder': [816]}",204,[816],"[204, 408, 816]",[0.16408784340235794],[0.08332382330615506],0.5332827854716761,COMPLETE
127,0.33769635062307035,0.5087516592824737,2025-01-09 21:29:28.566298,2025-01-09 21:29:35.493601,0 days 00:00:06.927303,0.011274738562861,32,0.1,172,100,0.00021591499007345138,356,0.0006417520328511094,1,1,adam,"{'neurons_per_layer_encoder': [172], 'neurons_per_layer_decoder': [172]}",172,[172],[172],[0.33769635062307035],[0.5087516592824737],0.6848984435328943,COMPLETE
128,-1.9877222944352462,0.11866531360118215,2025-01-09 21:29:33.562490,2025-01-09 21:29:36.747812,0 days 00:00:03.185322,0.07988386955814791,72,0.1,220,100,0.00010219331210443641,436,0.0012753283849146607,1,1,sgd,"{'neurons_per_layer_encoder': [220], 'neurons_per_layer_decoder': [220]}",220,[220],[220],[-1.9877222944352462],[0.11866531360118215],0.5810103952258627,COMPLETE
129,-2.6585198963369607,-0.033236257377099676,2025-01-09 21:29:35.057026,2025-01-09 21:29:36.357878,0 days 00:00:01.300852,0.13141546075923666,72,0.30000000000000004,220,100,1.298317375107818e-06,436,0.0007839490289417178,1,1,sgd,"{'neurons_per_layer_encoder': [220], 'neurons_per_layer_decoder': [220]}",220,[220],[220],[-2.6585198963369607],[-0.033236257377099676],0.41212649320005323,COMPLETE
130,-3.150115013535747,-0.8246245217816641,2025-01-09 21:29:35.500443,2025-01-09 21:29:36.656147,0 days 00:00:01.155704,0.04977074183853415,32,0.30000000000000004,24,100,1.236023843847024e-06,26,0.00012291659185822922,1,1,sgd,"{'neurons_per_layer_encoder': [24], 'neurons_per_layer_decoder': [24]}",24,[24],[24],[-3.150115013535747],[-0.8246245217816641],0.29298372560775343,COMPLETE
131,0.475543194879974,-0.5640594631629015,2025-01-09 21:29:35.896395,2025-01-09 21:29:38.476423,0 days 00:00:02.580028,0.012989628953465487,32,0.30000000000000004,216,100,0.0002963508355658555,384,0.0009113219120587772,1,1,sgd,"{'neurons_per_layer_encoder': [216], 'neurons_per_layer_decoder': [216]}",216,[216],[216],[0.475543194879974],[-0.5640594631629015],0.7326328640691719,COMPLETE
132,-5.874679805044836,-0.19696086675859004,2025-01-09 21:29:36.184429,2025-01-09 21:29:37.234069,0 days 00:00:01.049640,0.012995838061797561,32,0.30000000000000004,216,100,0.0002830016275633993,400,0.0007824946262965613,1,1,sgd,"{'neurons_per_layer_encoder': [216], 'neurons_per_layer_decoder': [216]}",216,[216],[216],[-5.874679805044836],[-0.19696086675859004],0.620053463374212,COMPLETE
133,-1.7903391234971,-0.1983083571429347,2025-01-09 21:29:36.363814,2025-01-09 21:29:37.762319,0 days 00:00:01.398505,0.012301228725344428,32,0.1,28,100,7.886645795154203e-06,46,1.7036750183461108e-05,1,1,adam,"{'neurons_per_layer_encoder': [28], 'neurons_per_layer_decoder': [28]}",28,[28],[28],[-1.7903391234971],[-0.1983083571429347],0.4973928043251835,COMPLETE
134,0.24369666331847117,-0.2940473855441701,2025-01-09 21:29:36.662193,2025-01-09 21:29:42.015903,0 days 00:00:05.353710,0.012617970377930495,128,0.1,176,100,4.1938562456766625e-05,744,0.006788261113344709,1,3,adam,"{'neurons_per_layer_encoder': [176, 352, 704], 'neurons_per_layer_decoder': [704]}",176,[704],"[176, 352, 704]",[0.24369666331847117],[-0.2940473855441701],0.4729669398329574,COMPLETE
135,-0.14127010240169846,0.6494198012511574,2025-01-09 21:29:36.757193,2025-01-09 21:29:44.189055,0 days 00:00:07.431862,0.01292976830242912,32,0.1,176,100,6.611348437350407e-05,760,0.0006091158603748495,1,3,adam,"{'neurons_per_layer_encoder': [176, 352, 704], 'neurons_per_layer_decoder': [704]}",176,[704],"[176, 352, 704]",[-0.14127010240169846],[0.6494198012511574],0.8447735737693097,COMPLETE
136,-0.11686933088835105,0.6533534656459568,2025-01-09 21:29:37.239883,2025-01-09 21:29:44.561222,0 days 00:00:07.321339,0.012280752916322602,32,0.1,176,100,0.0008221341991759486,760,5.006526244409744e-05,1,3,adam,"{'neurons_per_layer_encoder': [176, 352, 704], 'neurons_per_layer_decoder': [704]}",176,[704],"[176, 352, 704]",[-0.11686933088835105],[0.6533534656459568],0.9863475935620506,COMPLETE
137,-1.9604041622748674,-0.5494910474278965,2025-01-09 21:29:37.769372,2025-01-09 21:29:46.076074,0 days 00:00:08.306702,0.011238909408661705,32,0.1,184,100,1.8859724702009107e-05,760,0.006211048094657878,1,3,adam,"{'neurons_per_layer_encoder': [184, 368, 736], 'neurons_per_layer_decoder': [736]}",184,[736],"[184, 368, 736]",[-1.9604041622748674],[-0.5494910474278965],-0.38799746701248367,COMPLETE
138,0.34242662109226407,0.17361989743654216,2025-01-09 21:29:38.484867,2025-01-09 21:29:43.973893,0 days 00:00:05.489026,0.011326296117740744,96,0.1,4,100,6.487394760050177e-05,17,0.006801428521782375,1,3,adam,"{'neurons_per_layer_encoder': [4, 8, 16], 'neurons_per_layer_decoder': [16]}",4,[16],"[4, 8, 16]",[0.34242662109226407],[0.17361989743654216],-0.0519582053598737,COMPLETE
139,-3.327407297716947,0.030927796097612315,2025-01-09 21:29:42.024011,2025-01-09 21:29:44.995074,0 days 00:00:02.971063,0.03715573321991449,96,0.30000000000000004,172,100,6.175676745115385e-05,712,1.3686800612002112e-05,1,3,adam,"{'neurons_per_layer_encoder': [172, 344, 688], 'neurons_per_layer_decoder': [688]}",172,[688],"[172, 344, 688]",[-3.327407297716947],[0.030927796097612315],0.7113817083338955,COMPLETE
140,-3.15185137075905,0.050500919790316234,2025-01-09 21:29:43.982448,2025-01-09 21:29:46.127116,0 days 00:00:02.144668,0.15861591431380062,104,0.30000000000000004,200,100,7.819237017660924e-05,520,1.3838384956577701e-05,1,2,adam,"{'neurons_per_layer_encoder': [200, 400], 'neurons_per_layer_decoder': [400]}",200,[400],"[200, 400]",[-3.15185137075905],[0.050500919790316234],0.6183026458303715,COMPLETE
141,-0.7824779642686721,0.5089682025531714,2025-01-09 21:29:44.568691,2025-01-09 21:29:52.089105,0 days 00:00:07.520414,0.011848080013977653,32,0.1,184,100,1.5457147421177246e-06,760,3.664574183977974e-05,1,3,adam,"{'neurons_per_layer_encoder': [184, 368, 736], 'neurons_per_layer_decoder': [736]}",184,[736],"[184, 368, 736]",[-0.7824779642686721],[0.5089682025531714],-0.10826100231721379,COMPLETE
142,-0.2819699378093372,0.5417839824725585,2025-01-09 21:29:45.000871,2025-01-09 21:29:51.113282,0 days 00:00:06.112411,0.011966686420677932,32,0.1,112,100,1.740988461856514e-06,600,2.760022017746916e-05,1,3,adam,"{'neurons_per_layer_encoder': [112, 224, 448], 'neurons_per_layer_decoder': [448]}",112,[448],"[112, 224, 448]",[-0.2819699378093372],[0.5417839824725585],0.1948839631263421,COMPLETE
143,0.2140976436418951,0.6018808325261008,2025-01-09 21:29:46.084495,2025-01-09 21:29:52.855097,0 days 00:00:06.770602,0.01193582381742278,32,0.1,112,100,3.154875853423359e-06,552,3.5559489715896655e-05,1,3,adam,"{'neurons_per_layer_encoder': [112, 224, 448], 'neurons_per_layer_decoder': [448]}",112,[448],"[112, 224, 448]",[0.2140976436418951],[0.6018808325261008],0.43539635890746586,COMPLETE
144,-0.23397440938455638,0.1960745183356135,2025-01-09 21:29:46.136781,2025-01-09 21:29:52.639040,0 days 00:00:06.502259,0.011799228520103061,32,0.1,116,100,1.7642153834427202e-06,584,0.003790930934348247,1,3,adam,"{'neurons_per_layer_encoder': [116, 232, 464], 'neurons_per_layer_decoder': [464]}",116,[464],"[116, 232, 464]",[-0.23397440938455638],[0.1960745183356135],-0.7353091671690709,COMPLETE
145,-0.16845108833573685,0.6094710887889248,2025-01-09 21:29:51.119427,2025-01-09 21:29:56.790358,0 days 00:00:05.670931,0.010292590317648665,32,0.1,124,100,1.0431119627080857e-06,552,0.0001672003319354686,1,3,adam,"{'neurons_per_layer_encoder': [124, 248, 496], 'neurons_per_layer_decoder': [496]}",124,[496],"[124, 248, 496]",[-0.16845108833573685],[0.6094710887889248],-0.011894155637729715,COMPLETE
146,0.0287688963788183,0.29714620642335776,2025-01-09 21:29:52.645049,2025-01-09 21:29:57.847489,0 days 00:00:05.202440,0.010405651569601675,40,0.1,124,100,2.886136515646524e-06,552,0.00017213141544175747,1,3,adam,"{'neurons_per_layer_encoder': [124, 248, 496], 'neurons_per_layer_decoder': [496]}",124,[496],"[124, 248, 496]",[0.0287688963788183],[0.29714620642335776],-0.35833964009395386,COMPLETE
147,-1.0829282937226554,-0.5591595470731405,2025-01-09 21:29:52.860606,2025-01-09 21:29:57.344231,0 days 00:00:04.483625,0.01049620299689324,40,0.1,136,100,2.734929026677034e-06,600,2.0683712696049964e-05,2,3,adadelta,"{'neurons_per_layer_encoder': [136, 272, 544], 'neurons_per_layer_decoder': [544, 272]}",136,"[544, 272]","[136, 272, 544]",[-1.0829282937226554],[-0.5591595470731405],0.33644969149254034,COMPLETE
148,0.02098451693623382,0.0617805310794417,2025-01-09 21:29:57.852162,2025-01-09 21:30:02.023052,0 days 00:00:04.170890,0.018065451634608126,112,0.4,144,100,1.3082210427348546e-06,648,1.7766508409599704e-05,2,3,adam,"{'neurons_per_layer_encoder': [144, 288, 576], 'neurons_per_layer_decoder': [576, 288]}",144,"[576, 288]","[144, 288, 576]",[0.02098451693623382],[0.0617805310794417],0.5925506337720855,COMPLETE
149,-5.214694454582948,0.045016482775321665,2025-01-09 21:30:02.027035,2025-01-09 21:30:04.163964,0 days 00:00:02.136929,0.011169640701604326,32,0.1,76,100,1.4407104712035717e-06,272,1.2090132578698299e-05,4,2,adam,"{'neurons_per_layer_encoder': [76, 152], 'neurons_per_layer_decoder': [152, 76, 38, 19]}",76,"[152, 76, 38, 19]","[76, 152]",[-5.214694454582948],[0.045016482775321665],0.3864261017679077,COMPLETE
150,-1.8027481645532597,-0.2992233298773759,2025-01-09 21:30:26.553250,2025-01-09 21:30:30.393641,0 days 00:00:03.840391,0.013587974826769567,40,0.4,136,100,3.2541130815818034e-06,568,4.789546013512201e-05,1,3,adadelta,"{'neurons_per_layer_encoder': [136, 272, 544], 'neurons_per_layer_decoder': [544]}",136,[544],"[136, 272, 544]",[-1.8027481645532597],[-0.2992233298773759],0.42688267511886324,COMPLETE
151,-7.676363997302895,-0.13363669365284747,2025-01-09 21:30:26.553425,2025-01-09 21:30:29.716886,0 days 00:00:03.163461,0.013585314821580144,40,0.4,136,100,0.0008386719499462686,568,1.6180423677358273e-05,1,3,adadelta,"{'neurons_per_layer_encoder': [136, 272, 544], 'neurons_per_layer_decoder': [544]}",136,[544],"[136, 272, 544]",[-7.676363997302895],[-0.13363669365284747],0.9234625866976083,COMPLETE
152,-1.6417909995023523,-0.03258939638457403,2025-01-09 21:30:26.553550,2025-01-09 21:30:34.933191,0 days 00:00:08.379641,0.01330532239961227,56,0.4,140,100,3.4968160446761435e-06,600,0.00103991803574408,1,3,adadelta,"{'neurons_per_layer_encoder': [140, 280, 560], 'neurons_per_layer_decoder': [560]}",140,[560],"[140, 280, 560]",[-1.6417909995023523],[-0.03258939638457403],0.5843054210630836,COMPLETE
153,-1.1549090396465993,-0.07752422408954573,2025-01-09 21:30:26.553889,2025-01-09 21:30:37.348981,0 days 00:00:10.795092,0.013865920375695694,40,0.4,136,100,2.0417037896525787e-06,568,0.00048570499135572976,1,3,adadelta,"{'neurons_per_layer_encoder': [136, 272, 544], 'neurons_per_layer_decoder': [544]}",136,[544],"[136, 272, 544]",[-1.1549090396465993],[-0.07752422408954573],0.5015723209958918,COMPLETE
154,-3.7829787611228767,0.02194330334334549,2025-01-09 21:30:26.553915,2025-01-09 21:30:29.735449,0 days 00:00:03.181534,0.03258772814020475,40,0.4,136,100,3.2465873130084394e-06,568,0.0019322981915318857,1,3,adadelta,"{'neurons_per_layer_encoder': [136, 272, 544], 'neurons_per_layer_decoder': [544]}",136,[544],"[136, 272, 544]",[-3.7829787611228767],[0.02194330334334549],0.447703692529461,COMPLETE
