number,values_0,values_1,datetime_start,datetime_complete,duration,params_alpha,params_batch_size,params_drop_out_rate,params_encoder_neurons_layer_1,params_epochs,params_lambda,params_latent_dim,params_learning_rate,params_num_layers_decoder,params_num_layers_encoder,params_optimizer,user_attrs_encoder_decoder_config,user_attrs_first_layer_neurons,user_attrs_neurons_per_layer_decoder,user_attrs_neurons_per_layer_encoder,user_attrs_r2_feature_1,user_attrs_r2_feature_2,user_attrs_relative_deterioration,state
405,-0.03378061746879579,0.2981537420680447,2025-01-09 21:42:57.125263,2025-01-09 21:43:03.212935,0 days 00:00:06.087672,0.08391230522645875,32,0.1,52,100,2.5586801450664235e-06,440,0.0004046316801370481,2,3,adam,"{'neurons_per_layer_encoder': [52, 104, 208], 'neurons_per_layer_decoder': [208, 104]}",52,"[208, 104]","[52, 104, 208]",[-0.03378061746879579],[0.2981537420680447],-0.115561633011676,COMPLETE
406,0.4734006334551585,0.35007941104707996,2025-01-09 21:42:57.755405,2025-01-09 21:43:03.658196,0 days 00:00:05.902791,0.010970846389184922,32,0.30000000000000004,52,100,2.5536114816630833e-06,264,0.008638540008284127,2,3,adam,"{'neurons_per_layer_encoder': [52, 104, 208], 'neurons_per_layer_decoder': [208, 104]}",52,"[208, 104]","[52, 104, 208]",[0.4734006334551585],[0.35007941104707996],0.10067481684834735,COMPLETE
407,-3.0064313037939048,-0.026504204012447907,2025-01-09 21:43:00.631918,2025-01-09 21:43:03.607489,0 days 00:00:02.975571,0.010922613939677289,32,0.30000000000000004,52,100,1.4588230764780157e-05,264,0.0005264624722393649,2,3,adadelta,"{'neurons_per_layer_encoder': [52, 104, 208], 'neurons_per_layer_decoder': [208, 104]}",52,"[208, 104]","[52, 104, 208]",[-3.0064313037939048],[-0.026504204012447907],0.5527124885207123,COMPLETE
408,-2.8998648485880354,-0.20910583043127495,2025-01-09 21:43:01.971737,2025-01-09 21:43:05.271524,0 days 00:00:03.299787,0.010660861296922003,32,0.30000000000000004,40,100,7.18984967943398e-06,536,0.0005664467251221049,2,4,adadelta,"{'neurons_per_layer_encoder': [40, 80, 160, 320], 'neurons_per_layer_decoder': [320, 160]}",40,"[320, 160]","[40, 80, 160, 320]",[-2.8998648485880354],[-0.20910583043127495],0.46320030624128805,COMPLETE
409,-2.4975905004847454,-0.8337474534304301,2025-01-09 21:43:03.220163,2025-01-09 21:43:07.260039,0 days 00:00:04.039876,0.03885550771982,32,0.30000000000000004,44,100,7.546956034845767e-06,760,0.0017156691388926033,2,4,adadelta,"{'neurons_per_layer_encoder': [44, 88, 176, 352], 'neurons_per_layer_decoder': [352, 176]}",44,"[352, 176]","[44, 88, 176, 352]",[-2.4975905004847454],[-0.8337474534304301],0.2716484705220256,COMPLETE
410,0.5996981794530547,0.2766712164610068,2025-01-09 21:43:03.613972,2025-01-09 21:43:09.278001,0 days 00:00:05.664029,0.013976501035321404,32,0.30000000000000004,40,100,1.924736904910891e-06,648,0.0035949415406319263,2,4,adam,"{'neurons_per_layer_encoder': [40, 80, 160, 320], 'neurons_per_layer_decoder': [320, 160]}",40,"[320, 160]","[40, 80, 160, 320]",[0.5996981794530547],[0.2766712164610068],0.18474624410264745,COMPLETE
411,0.7538889188403401,0.390283326416233,2025-01-09 21:43:03.665801,2025-01-09 21:43:10.938036,0 days 00:00:07.272235,0.014702068980300765,32,0.30000000000000004,40,100,7.361738437082752e-06,760,0.0008286875280886758,2,4,adam,"{'neurons_per_layer_encoder': [40, 80, 160, 320], 'neurons_per_layer_decoder': [320, 160]}",40,"[320, 160]","[40, 80, 160, 320]",[0.7538889188403401],[0.390283326416233],0.5843658594159744,COMPLETE
412,0.21462410027295586,0.28688760867493,2025-01-09 21:43:05.278333,2025-01-09 21:43:15.137739,0 days 00:00:09.859406,0.013862961100127153,32,0.30000000000000004,44,100,1.108152898101049e-05,760,0.0008375580489736207,2,4,adam,"{'neurons_per_layer_encoder': [44, 88, 176, 352], 'neurons_per_layer_decoder': [352, 176]}",44,"[352, 176]","[44, 88, 176, 352]",[0.21462410027295586],[0.28688760867493],0.5150763374929657,COMPLETE
413,0.6463175077287278,0.1565262406524397,2025-01-09 21:43:06.856613,2025-01-09 21:43:20.166986,0 days 00:00:13.310373,0.03877769766135963,32,0.4,44,100,1.0390137007575446e-05,1256,0.0017462686785557357,2,5,adam,"{'neurons_per_layer_encoder': [44, 88, 176, 352, 704], 'neurons_per_layer_decoder': [704, 352]}",44,"[704, 352]","[44, 88, 176, 352, 704]",[0.6463175077287278],[0.1565262406524397],0.6256265538130387,COMPLETE
414,0.29451485954676293,-0.030523652019674996,2025-01-09 21:43:07.268694,2025-01-09 21:43:17.150283,0 days 00:00:09.881589,0.0710408259375028,32,0.4,120,100,1.8850661040485246e-06,1944,0.0008132749929210119,2,5,adam,"{'neurons_per_layer_encoder': [120, 240, 480, 960, 1920], 'neurons_per_layer_decoder': [1920, 960]}",120,"[1920, 960]","[120, 240, 480, 960, 1920]",[0.29451485954676293],[-0.030523652019674996],0.4711791055283771,COMPLETE
415,0.1038469783274576,-0.18124341348961415,2025-01-09 21:43:09.285450,2025-01-09 21:43:19.170013,0 days 00:00:09.884563,0.14869911401223646,32,0.4,100,100,1.1068799305019145e-05,1752,0.000993253271891756,2,5,adam,"{'neurons_per_layer_encoder': [100, 200, 400, 800, 1600], 'neurons_per_layer_decoder': [1600, 800]}",100,"[1600, 800]","[100, 200, 400, 800, 1600]",[0.1038469783274576],[-0.18124341348961415],0.6636669302285898,COMPLETE
416,-1.3878479808240267,0.11680533240450752,2025-01-09 21:43:10.947137,2025-01-09 21:43:19.199806,0 days 00:00:08.252669,0.1461661788229269,80,0.1,32,100,3.896284336248324e-05,1192,0.0008802691220715732,2,5,sgd,"{'neurons_per_layer_encoder': [32, 64, 128, 256, 512], 'neurons_per_layer_decoder': [512, 256]}",32,"[512, 256]","[32, 64, 128, 256, 512]",[-1.3878479808240267],[0.11680533240450752],0.7119417245703612,COMPLETE
417,-1.0625243542322167,0.07227037745983955,2025-01-09 21:43:15.152074,2025-01-09 21:43:21.876181,0 days 00:00:06.724107,0.03914341601437359,80,0.1,36,100,6.43628489789148e-06,1240,0.00102459282424706,2,5,sgd,"{'neurons_per_layer_encoder': [36, 72, 144, 288, 576], 'neurons_per_layer_decoder': [576, 288]}",36,"[576, 288]","[36, 72, 144, 288, 576]",[-1.0625243542322167],[0.07227037745983955],0.4886895098990219,COMPLETE
418,-12.076063986505249,0.019507775818604856,2025-01-09 21:43:17.161369,2025-01-09 21:43:20.174277,0 days 00:00:03.012908,0.036949621846784936,64,0.1,36,100,8.77706133207826e-06,1272,0.0009152276114249574,2,5,sgd,"{'neurons_per_layer_encoder': [36, 72, 144, 288, 576], 'neurons_per_layer_decoder': [576, 288]}",36,"[576, 288]","[36, 72, 144, 288, 576]",[-12.076063986505249],[0.019507775818604856],0.312953978725821,COMPLETE
419,-4.039576059923261,-0.03705670319474974,2025-01-09 21:43:19.179491,2025-01-09 21:43:21.423995,0 days 00:00:02.244504,0.03856688504703141,88,0.1,36,100,7.888779752101602e-05,1288,4.3392101347944265e-05,2,5,sgd,"{'neurons_per_layer_encoder': [36, 72, 144, 288, 576], 'neurons_per_layer_decoder': [576, 288]}",36,"[576, 288]","[36, 72, 144, 288, 576]",[-4.039576059923261],[-0.03705670319474974],0.7652331563926313,COMPLETE
420,0.17006912771121852,0.33997250968883785,2025-01-09 21:43:19.208794,2025-01-09 21:43:26.287325,0 days 00:00:07.078531,0.18252523377058147,64,0.1,36,100,8.8710485828751e-06,1256,0.002531384779796554,2,5,sgd,"{'neurons_per_layer_encoder': [36, 72, 144, 288, 576], 'neurons_per_layer_decoder': [576, 288]}",36,"[576, 288]","[36, 72, 144, 288, 576]",[0.17006912771121852],[0.33997250968883785],0.6516439683259291,COMPLETE
421,-0.5093983943716107,-0.34754981553198805,2025-01-09 21:43:20.175840,2025-01-09 21:43:25.630131,0 days 00:00:05.454291,0.078051903607774,88,0.1,32,100,6.497925310561212e-06,1224,0.0025654013991599817,2,5,sgd,"{'neurons_per_layer_encoder': [32, 64, 128, 256, 512], 'neurons_per_layer_decoder': [512, 256]}",32,"[512, 256]","[32, 64, 128, 256, 512]",[-0.5093983943716107],[-0.34754981553198805],0.41188006258008864,COMPLETE
422,-4.946119648678383,-0.022319172200225612,2025-01-09 21:43:20.181852,2025-01-09 21:43:22.857273,0 days 00:00:02.675421,0.034190495880341745,88,0.1,64,100,5.759924842532951e-05,1592,4.4765845446189934e-05,2,5,sgd,"{'neurons_per_layer_encoder': [64, 128, 256, 512, 1024], 'neurons_per_layer_decoder': [1024, 512]}",64,"[1024, 512]","[64, 128, 256, 512, 1024]",[-4.946119648678383],[-0.022319172200225612],0.8002190095086716,COMPLETE
423,-4.872103850245804,0.004682214943388274,2025-01-09 21:43:21.432195,2025-01-09 21:43:26.967438,0 days 00:00:05.535243,0.01663615687770816,128,0.1,56,100,1.6292557460702273e-05,1592,5.5970587086362714e-05,2,5,adadelta,"{'neurons_per_layer_encoder': [56, 112, 224, 448, 896], 'neurons_per_layer_decoder': [896, 448]}",56,"[896, 448]","[56, 112, 224, 448, 896]",[-4.872103850245804],[0.004682214943388274],0.5570337082147011,COMPLETE
424,-0.24426508096750554,0.025241641969780626,2025-01-09 21:43:21.883844,2025-01-09 21:45:19.698075,0 days 00:01:57.814231,0.03519380050899741,128,0.1,252,100,1.267490621081631e-05,9320,0.006699739309169524,2,5,adadelta,"{'neurons_per_layer_encoder': [252, 504, 1008, 2016, 4032], 'neurons_per_layer_decoder': [4032, 2016]}",252,"[4032, 2016]","[252, 504, 1008, 2016, 4032]",[-0.24426508096750554],[0.025241641969780626],0.8534991740809696,COMPLETE
425,-0.143083905704267,-0.12696782253329464,2025-01-09 21:43:22.864924,2025-01-09 21:45:18.484869,0 days 00:01:55.619945,0.017257947517842584,104,0.1,240,100,3.890674974037512e-06,9320,6.033722597158166e-05,2,5,adadelta,"{'neurons_per_layer_encoder': [240, 480, 960, 1920, 3840], 'neurons_per_layer_decoder': [3840, 1920]}",240,"[3840, 1920]","[240, 480, 960, 1920, 3840]",[-0.143083905704267],[-0.12696782253329464],0.7012878717030221,COMPLETE
426,-0.30211819410890883,-0.012388178274166606,2025-01-09 21:43:25.650548,2025-01-09 21:45:29.405223,0 days 00:02:03.754675,0.044213231464508056,112,0.30000000000000004,236,100,3.8683637109342875e-06,9128,6.046435692351321e-05,2,5,adam,"{'neurons_per_layer_encoder': [236, 472, 944, 1888, 3776], 'neurons_per_layer_decoder': [3776, 1888]}",236,"[3776, 1888]","[236, 472, 944, 1888, 3776]",[-0.30211819410890883],[-0.012388178274166606],0.6605720707473837,COMPLETE
427,-3.2997954059744012,-0.1478321013048478,2025-01-09 21:43:26.305514,2025-01-09 21:43:39.590952,0 days 00:00:13.285438,0.021199524484413004,96,0.30000000000000004,44,100,1.2219134400055724e-05,1368,5.8378064672023856e-05,2,5,adadelta,"{'neurons_per_layer_encoder': [44, 88, 176, 352, 704], 'neurons_per_layer_decoder': [704, 352]}",44,"[704, 352]","[44, 88, 176, 352, 704]",[-3.2997954059744012],[-0.1478321013048478],0.5192266988301074,COMPLETE
428,0.676186070874883,0.14544982232123316,2025-01-09 21:43:26.986460,2025-01-09 21:43:58.555080,0 days 00:00:31.568620,0.04238579003808755,32,0.30000000000000004,56,100,1.2274425082461967e-05,1496,6.531245977868633e-05,2,5,adam,"{'neurons_per_layer_encoder': [56, 112, 224, 448, 896], 'neurons_per_layer_decoder': [896, 448]}",56,"[896, 448]","[56, 112, 224, 448, 896]",[0.676186070874883],[0.14544982232123316],0.7465170657270804,COMPLETE
429,-0.03451722384378009,-0.10963382295525359,2025-01-09 21:43:39.650311,2025-01-09 21:45:39.623418,0 days 00:01:59.973107,0.04387241584114139,104,0.30000000000000004,236,100,1.3376720725129173e-05,9112,3.4632592319243935e-05,2,5,adam,"{'neurons_per_layer_encoder': [236, 472, 944, 1888, 3776], 'neurons_per_layer_decoder': [3776, 1888]}",236,"[3776, 1888]","[236, 472, 944, 1888, 3776]",[-0.03451722384378009],[-0.10963382295525359],0.8529206635240522,COMPLETE
430,-3.5245810786346583,-0.18452408178744784,2025-01-09 21:43:58.652692,2025-01-09 21:45:30.108039,0 days 00:01:31.455347,0.019538139771566706,112,0.30000000000000004,252,100,0.0003161654887307233,8104,0.006730012400687233,2,5,adam,"{'neurons_per_layer_encoder': [252, 504, 1008, 2016, 4032], 'neurons_per_layer_decoder': [4032, 2016]}",252,"[4032, 2016]","[252, 504, 1008, 2016, 4032]",[-3.5245810786346583],[-0.18452408178744784],0.9117196731316433,COMPLETE
431,0.6560701496889012,-0.0327144051373478,2025-01-09 21:45:18.494975,2025-01-09 21:45:38.163786,0 days 00:00:19.668811,0.045066262201351286,32,0.30000000000000004,52,100,1.389428793177775e-05,1528,0.0007604327401078384,2,5,adam,"{'neurons_per_layer_encoder': [52, 104, 208, 416, 832], 'neurons_per_layer_decoder': [832, 416]}",52,"[832, 416]","[52, 104, 208, 416, 832]",[0.6560701496889012],[-0.0327144051373478],0.6592905750198367,COMPLETE
432,0.3015166437860596,0.4680706749377401,2025-01-09 21:45:19.709548,2025-01-09 21:45:43.300623,0 days 00:00:23.591075,0.023982505597090156,32,0.30000000000000004,52,100,1.5646888717553693e-05,1528,3.2823506639421884e-05,2,5,adam,"{'neurons_per_layer_encoder': [52, 104, 208, 416, 832], 'neurons_per_layer_decoder': [832, 416]}",52,"[832, 416]","[52, 104, 208, 416, 832]",[0.3015166437860596],[0.4680706749377401],0.8323038815677515,COMPLETE
433,-0.36424871847943874,0.504554346094463,2025-01-09 21:45:29.413812,2025-01-09 21:45:46.502269,0 days 00:00:17.088457,0.028525771029746027,32,0.30000000000000004,52,100,1.5485956391376635e-05,1512,0.00075249458984837,2,5,adam,"{'neurons_per_layer_encoder': [52, 104, 208, 416, 832], 'neurons_per_layer_decoder': [832, 416]}",52,"[832, 416]","[52, 104, 208, 416, 832]",[-0.36424871847943874],[0.504554346094463],0.7217991100916329,COMPLETE
434,0.17284233918582825,0.4024388781004251,2025-01-09 21:45:30.115612,2025-01-09 21:45:47.367122,0 days 00:00:17.251510,0.05464197370020367,32,0.30000000000000004,52,100,1.5716021563879785e-05,1544,3.3108786008580456e-05,2,5,adam,"{'neurons_per_layer_encoder': [52, 104, 208, 416, 832], 'neurons_per_layer_decoder': [832, 416]}",52,"[832, 416]","[52, 104, 208, 416, 832]",[0.17284233918582825],[0.4024388781004251],0.7937173630282479,COMPLETE
435,0.1036651357956675,-0.11496048233855061,2025-01-09 21:45:38.173286,2025-01-09 21:45:47.761686,0 days 00:00:09.588400,0.036001852891119304,32,0.30000000000000004,44,100,1.0071958299211129e-05,728,3.385397773026483e-05,2,5,adam,"{'neurons_per_layer_encoder': [44, 88, 176, 352, 704], 'neurons_per_layer_decoder': [704, 352]}",44,"[704, 352]","[44, 88, 176, 352, 704]",[0.1036651357956675],[-0.11496048233855061],0.61839056688767,COMPLETE
436,-2.4971613538049566,-0.7090051030027524,2025-01-09 21:45:39.633100,2025-01-09 21:45:43.642375,0 days 00:00:04.009275,0.03571265381303118,32,0.1,44,100,1.6962359948936327e-05,192,4.838127079314728e-05,2,2,adam,"{'neurons_per_layer_encoder': [44, 88], 'neurons_per_layer_decoder': [88, 44]}",44,"[88, 44]","[44, 88]",[-2.4971613538049566],[-0.7090051030027524],-0.1382071757010885,COMPLETE
437,0.3633229211915894,0.7650707990027152,2025-01-09 21:45:43.310356,2025-01-09 21:45:48.883245,0 days 00:00:05.572889,0.05545339202682047,32,0.1,44,100,2.380354615301176e-05,192,0.0007983953191424072,2,2,adam,"{'neurons_per_layer_encoder': [44, 88], 'neurons_per_layer_decoder': [88, 44]}",44,"[88, 44]","[44, 88]",[0.3633229211915894],[0.7650707990027152],0.5675555112661386,COMPLETE
438,0.211799410547158,0.11289674300568853,2025-01-09 21:45:43.652140,2025-01-09 21:45:54.117323,0 days 00:00:10.465183,0.032678168319452645,32,0.30000000000000004,68,100,5.155045557205807e-06,1672,0.0009656575264808679,2,5,adam,"{'neurons_per_layer_encoder': [68, 136, 272, 544, 1088], 'neurons_per_layer_decoder': [1088, 544]}",68,"[1088, 544]","[68, 136, 272, 544, 1088]",[0.211799410547158],[0.11289674300568853],0.4463578448901194,COMPLETE
439,0.1808382873170562,0.3803405747467894,2025-01-09 21:45:46.510974,2025-01-09 21:45:50.819255,0 days 00:00:04.308281,0.03301174597979872,32,0.1,40,100,5.163650632260777e-06,76,0.0008562217868278754,2,1,adam,"{'neurons_per_layer_encoder': [40], 'neurons_per_layer_decoder': [40, 20]}",40,"[40, 20]",[40],[0.1808382873170562],[0.3803405747467894],-0.18621937729736596,COMPLETE
440,0.31604120982174344,0.5141786710985612,2025-01-09 21:45:47.377368,2025-01-09 21:45:51.696081,0 days 00:00:04.318713,0.011795065383332132,32,0.1,68,100,2.4140241491077318e-05,138,0.004349530956523775,2,1,adam,"{'neurons_per_layer_encoder': [68], 'neurons_per_layer_decoder': [68, 34]}",68,"[68, 34]",[68],[0.31604120982174344],[0.5141786710985612],0.11313750273913871,COMPLETE
441,0.36511273520505894,0.3289451051587393,2025-01-09 21:45:47.770251,2025-01-09 21:45:52.394316,0 days 00:00:04.624065,0.04106817624900554,56,0.1,28,100,1.1148964473083318e-05,30,0.0009709324426146113,2,1,adam,"{'neurons_per_layer_encoder': [28], 'neurons_per_layer_decoder': [28, 14]}",28,"[28, 14]",[28],[0.36511273520505894],[0.3289451051587393],0.13917812967717233,COMPLETE
442,-0.15416637151304147,0.05440618409567566,2025-01-09 21:45:48.891692,2025-01-09 21:45:53.998262,0 days 00:00:05.106570,0.011570236860592829,48,0.30000000000000004,28,100,2.4603618767004375e-05,344,0.004444943030712132,5,4,adam,"{'neurons_per_layer_encoder': [28, 56, 112, 224], 'neurons_per_layer_decoder': [224, 112, 56, 28, 14]}",28,"[224, 112, 56, 28, 14]","[28, 56, 112, 224]",[-0.15416637151304147],[0.05440618409567566],0.4181016269988629,COMPLETE
443,0.1943025944185418,-0.019250662829061627,2025-01-09 21:45:50.828731,2025-01-09 21:45:57.847151,0 days 00:00:07.018420,0.011659163603792976,48,0.30000000000000004,68,100,1.0676143347460203e-05,1144,0.0001183597900273872,2,4,adam,"{'neurons_per_layer_encoder': [68, 136, 272, 544], 'neurons_per_layer_decoder': [544, 272]}",68,"[544, 272]","[68, 136, 272, 544]",[0.1943025944185418],[-0.019250662829061627],0.496009309305102,COMPLETE
444,0.26938034375464504,0.17538756065900174,2025-01-09 21:45:52.400909,2025-01-09 21:45:58.811136,0 days 00:00:06.410227,0.011725646003131694,48,0.30000000000000004,64,100,9.414547748256999e-05,1160,0.0001006058461933167,2,4,adam,"{'neurons_per_layer_encoder': [64, 128, 256, 512], 'neurons_per_layer_decoder': [512, 256]}",64,"[512, 256]","[64, 128, 256, 512]",[0.26938034375464504],[0.17538756065900174],0.8822268252076966,COMPLETE
445,0.4647192526331032,-0.12251806992972614,2025-01-09 21:45:54.006476,2025-01-09 21:45:59.905018,0 days 00:00:05.898542,0.014711909439027736,48,0.30000000000000004,44,100,9.344784689209805e-06,792,0.00011148935980604478,2,4,adam,"{'neurons_per_layer_encoder': [44, 88, 176, 352], 'neurons_per_layer_decoder': [352, 176]}",44,"[352, 176]","[44, 88, 176, 352]",[0.4647192526331032],[-0.12251806992972614],0.46978330163377374,COMPLETE
446,0.26630883004641803,0.35708716531811235,2025-01-09 21:45:54.127474,2025-01-09 21:46:00.821508,0 days 00:00:06.694034,0.014748976770081912,40,0.30000000000000004,48,100,9.433859693497898e-06,792,0.00010828208052692109,2,4,adam,"{'neurons_per_layer_encoder': [48, 96, 192, 384], 'neurons_per_layer_decoder': [384, 192]}",48,"[384, 192]","[48, 96, 192, 384]",[0.26630883004641803],[0.35708716531811235],0.625892324553092,COMPLETE
447,0.31587019571967745,0.15668070241589238,2025-01-09 21:45:57.855032,2025-01-09 21:46:03.892923,0 days 00:00:06.037891,0.01305134248041486,40,0.30000000000000004,44,100,9.12274815109092e-05,680,0.00015488433859335536,2,4,adam,"{'neurons_per_layer_encoder': [44, 88, 176, 352], 'neurons_per_layer_decoder': [352, 176]}",44,"[352, 176]","[44, 88, 176, 352]",[0.31587019571967745],[0.15668070241589238],0.8381557393243873,COMPLETE
448,0.7072449882793981,0.2895861592219101,2025-01-09 21:45:59.911609,2025-01-09 21:46:06.166911,0 days 00:00:06.255302,0.010706829605392055,40,0.30000000000000004,48,100,1.4210065928433304e-05,888,0.00015429906669303144,2,4,adam,"{'neurons_per_layer_encoder': [48, 96, 192, 384], 'neurons_per_layer_decoder': [384, 192]}",48,"[384, 192]","[48, 96, 192, 384]",[0.7072449882793981],[0.2895861592219101],0.6794901111403244,COMPLETE
449,-3.727659450435107,-0.019368501863802345,2025-01-09 21:46:00.827289,2025-01-09 21:46:05.434529,0 days 00:00:04.607240,0.020395208810620024,40,0.30000000000000004,56,100,0.000569855969337254,1048,0.00014333271961088483,5,4,adadelta,"{'neurons_per_layer_encoder': [56, 112, 224, 448], 'neurons_per_layer_decoder': [448, 224, 112, 56, 28]}",56,"[448, 224, 112, 56, 28]","[56, 112, 224, 448]",[-3.727659450435107],[-0.019368501863802345],0.9503411520138666,COMPLETE
450,0.42232287600924734,0.5846639193280259,2025-01-09 21:47:02.709308,2025-01-09 21:47:06.084993,0 days 00:00:03.375685,0.010632379051441314,40,0.1,48,100,1.2106889372538183e-05,216,0.0006644947685297689,2,2,adam,"{'neurons_per_layer_encoder': [48, 96], 'neurons_per_layer_decoder': [96, 48]}",48,"[96, 48]","[48, 96]",[0.42232287600924734],[0.5846639193280259],0.24728764796836344,COMPLETE
451,0.16361615766426751,-0.12499375700263404,2025-01-09 21:47:02.715564,2025-01-09 21:47:06.062586,0 days 00:00:03.347022,0.03910908540942626,40,0.1,48,100,1.1812192849986424e-05,216,2.675954332219514e-05,2,2,adam,"{'neurons_per_layer_encoder': [48, 96], 'neurons_per_layer_decoder': [96, 48]}",48,"[96, 48]","[48, 96]",[0.16361615766426751],[-0.12499375700263404],0.23926969964799055,COMPLETE
452,0.27713295344549316,0.5475215080909205,2025-01-09 21:47:02.719408,2025-01-09 21:47:06.043526,0 days 00:00:03.324118,0.016060130311427567,40,0.1,48,100,3.3066617367528477e-06,216,8.79340133976856e-05,2,2,adam,"{'neurons_per_layer_encoder': [48, 96], 'neurons_per_layer_decoder': [96, 48]}",48,"[96, 48]","[48, 96]",[0.27713295344549316],[0.5475215080909205],0.3382759813397264,COMPLETE
453,0.4006256630433269,0.3570959081725398,2025-01-09 21:47:02.719460,2025-01-09 21:47:06.120725,0 days 00:00:03.401265,0.010364884026240759,40,0.1,48,100,8.269423828334433e-06,216,0.0002132439835666139,2,2,adam,"{'neurons_per_layer_encoder': [48, 96], 'neurons_per_layer_decoder': [96, 48]}",48,"[96, 48]","[48, 96]",[0.4006256630433269],[0.3570959081725398],0.07749992764914376,COMPLETE
454,0.541993592563623,0.2754922108419353,2025-01-09 21:47:02.723659,2025-01-09 21:47:06.108773,0 days 00:00:03.385114,0.010363033042802137,40,0.1,48,100,1.180042922956903e-05,216,0.00019618979277238768,2,2,adam,"{'neurons_per_layer_encoder': [48, 96], 'neurons_per_layer_decoder': [96, 48]}",48,"[96, 48]","[48, 96]",[0.541993592563623],[0.2754922108419353],0.10726569658096377,COMPLETE
