number,values_0,values_1,datetime_start,datetime_complete,duration,params_alpha,params_batch_size,params_drop_out_rate,params_encoder_neurons_layer_1,params_epochs,params_lambda,params_latent_dim,params_learning_rate,params_num_layers_decoder,params_num_layers_encoder,params_optimizer,user_attrs_encoder_decoder_config,user_attrs_first_layer_neurons,user_attrs_neurons_per_layer_decoder,user_attrs_neurons_per_layer_encoder,user_attrs_r2_feature_1,user_attrs_r2_feature_2,user_attrs_relative_deterioration,state
0,-0.6294121793080394,-0.3106361273478584,2025-01-09 21:24:49.104599,2025-01-09 21:24:51.573953,0 days 00:00:02.469354,0.01746522887563304,96,0.1,172,100,1.016195745109107e-06,388,0.0007504501380114356,5,1,sgd,"{'neurons_per_layer_encoder': [172], 'neurons_per_layer_decoder': [172, 86, 43, 21, 10]}",172,"[172, 86, 43, 21, 10]",[172],[-0.6294121793080394],[-0.3106361273478584],0.31780963743643365,COMPLETE
1,-4.827994412359806,-0.04308540147067763,2025-01-09 21:24:49.106163,2025-01-09 21:24:52.351525,0 days 00:00:03.245362,0.019471037162910536,128,0.1,80,100,0.00034489640662445023,2008,0.0001483531355260665,3,5,sgd,"{'neurons_per_layer_encoder': [80, 160, 320, 640, 1280], 'neurons_per_layer_decoder': [1280, 640, 320]}",80,"[1280, 640, 320]","[80, 160, 320, 640, 1280]",[-4.827994412359806],[-0.04308540147067763],0.9620103864901605,COMPLETE
2,-1.3179766609999999,-0.05034488614781463,2025-01-09 21:24:49.105798,2025-01-09 21:24:53.349223,0 days 00:00:04.243425,0.12134347996090784,72,0.30000000000000004,44,100,1.7780407401094753e-06,48,0.0025767208754222995,2,1,adadelta,"{'neurons_per_layer_encoder': [44], 'neurons_per_layer_decoder': [44, 22]}",44,"[44, 22]",[44],[-1.3179766609999999],[-0.05034488614781463],0.5589783475691956,COMPLETE
3,-2.339337926612456,-0.21434295176636975,2025-01-09 21:24:49.104823,2025-01-09 21:24:59.523505,0 days 00:00:10.418682,0.028666103151446614,96,0.2,116,100,5.2170481381120295e-06,2616,0.0003151901518721599,4,5,adadelta,"{'neurons_per_layer_encoder': [116, 232, 464, 928, 1856], 'neurons_per_layer_decoder': [1856, 928, 464, 232]}",116,"[1856, 928, 464, 232]","[116, 232, 464, 928, 1856]",[-2.339337926612456],[-0.21434295176636975],0.6092916247543745,COMPLETE
4,-0.3555407213529924,0.03531733350480026,2025-01-09 21:24:49.105071,2025-01-09 21:25:03.477126,0 days 00:00:14.372055,0.05970673156954968,64,0.2,244,100,2.4103517778178873e-05,2408,0.002897489138658144,3,4,sgd,"{'neurons_per_layer_encoder': [244, 488, 976, 1952], 'neurons_per_layer_decoder': [1952, 976, 488]}",244,"[1952, 976, 488]","[244, 488, 976, 1952]",[-0.3555407213529924],[0.03531733350480026],0.8532575079692004,COMPLETE
5,-3.051998354078931,-0.06823801044934852,2025-01-09 21:24:51.580698,2025-01-09 21:24:54.289081,0 days 00:00:02.708383,0.17100001301538997,112,0.2,240,100,2.39458932541517e-05,696,0.0017894434773220494,3,2,sgd,"{'neurons_per_layer_encoder': [240, 480], 'neurons_per_layer_decoder': [480, 240, 120]}",240,"[480, 240, 120]","[240, 480]",[-3.051998354078931],[-0.06823801044934852],0.5969440675441811,COMPLETE
6,-0.21318511121308759,-0.045375995174568695,2025-01-09 21:24:52.360537,2025-01-09 21:25:07.829152,0 days 00:00:15.468615,0.1585141960386627,40,0.4,204,100,0.00010730316002911382,1928,0.006490716811430356,5,4,sgd,"{'neurons_per_layer_encoder': [204, 408, 816, 1632], 'neurons_per_layer_decoder': [1632, 816, 408, 204, 102]}",204,"[1632, 816, 408, 204, 102]","[204, 408, 816, 1632]",[-0.21318511121308759],[-0.045375995174568695],0.9551761752936762,COMPLETE
7,0.23591413192669652,-0.010823895595651,2025-01-09 21:24:53.357531,2025-01-09 21:25:01.470423,0 days 00:00:08.112892,0.04904972839777544,72,0.2,180,100,0.0006766313668797844,768,0.0002918499337071245,3,2,adam,"{'neurons_per_layer_encoder': [180, 360], 'neurons_per_layer_decoder': [360, 180, 90]}",180,"[360, 180, 90]","[180, 360]",[0.23591413192669652],[-0.010823895595651],0.9468633024112229,COMPLETE
8,-2.6245137370302327,-0.18172548110269693,2025-01-09 21:24:54.298183,2025-01-09 21:24:57.870761,0 days 00:00:03.572578,0.026462281406426553,112,0.4,4,100,2.256317091460199e-06,35,3.847800614873677e-05,5,4,sgd,"{'neurons_per_layer_encoder': [4, 8, 16, 32], 'neurons_per_layer_decoder': [32, 16, 8, 8, 8]}",4,"[32, 16, 8, 8, 8]","[4, 8, 16, 32]",[-2.6245137370302327],[-0.18172548110269693],0.34790762843607,COMPLETE
9,-0.4054696669960387,0.2716364224852241,2025-01-09 21:24:57.878627,2025-01-09 21:25:02.820608,0 days 00:00:04.941981,0.07641437583817397,32,0.2,176,100,0.00020236408751113334,296,0.007600664875238058,3,1,sgd,"{'neurons_per_layer_encoder': [176], 'neurons_per_layer_decoder': [176, 88, 44]}",176,"[176, 88, 44]",[176],[-0.4054696669960387],[0.2716364224852241],0.7968460729026431,COMPLETE
10,-8.976766077104468,-0.038702089763943626,2025-01-09 21:24:59.537195,2025-01-09 21:25:02.623039,0 days 00:00:03.085844,0.04168198363741856,40,0.30000000000000004,140,100,1.5494487652823353e-05,1160,0.00012985516980518793,3,3,sgd,"{'neurons_per_layer_encoder': [140, 280, 560], 'neurons_per_layer_decoder': [560, 280, 140]}",140,"[560, 280, 140]","[140, 280, 560]",[-8.976766077104468],[-0.038702089763943626],0.476915731672005,COMPLETE
11,-4.087790924476508,0.0018086670029038299,2025-01-09 21:25:01.478523,2025-01-09 21:25:04.802092,0 days 00:00:03.323569,0.013385349150154267,48,0.30000000000000004,84,100,4.938930119287067e-06,376,4.2682624716131347e-05,3,3,adadelta,"{'neurons_per_layer_encoder': [84, 168, 336], 'neurons_per_layer_decoder': [336, 168, 84]}",84,"[336, 168, 84]","[84, 168, 336]",[-4.087790924476508],[0.0018086670029038299],0.40923814653877955,COMPLETE
12,-2.032160023218588,0.09785645367661233,2025-01-09 21:25:02.630351,2025-01-09 21:25:09.743647,0 days 00:00:07.113296,0.023008283085952975,64,0.2,32,100,0.00034921256093701326,392,2.3601907591100842e-05,4,4,adam,"{'neurons_per_layer_encoder': [32, 64, 128, 256], 'neurons_per_layer_decoder': [256, 128, 64, 32]}",32,"[256, 128, 64, 32]","[32, 64, 128, 256]",[-2.032160023218588],[0.09785645367661233],0.905002243268104,COMPLETE
13,-4.8893267169517625,0.03180620602748707,2025-01-09 21:25:02.827686,2025-01-09 21:25:06.992353,0 days 00:00:04.164667,0.07113811095857456,64,0.2,132,100,1.1348250263937172e-05,2552,0.00013312961781870793,1,4,adadelta,"{'neurons_per_layer_encoder': [132, 264, 528, 1056], 'neurons_per_layer_decoder': [1056]}",132,[1056],"[132, 264, 528, 1056]",[-4.8893267169517625],[0.03180620602748707],0.5864368016842857,COMPLETE
14,0.6830178380333798,0.488593152382673,2025-01-09 21:25:03.486162,2025-01-09 21:25:11.244716,0 days 00:00:07.758554,0.010511022140370212,32,0.4,200,100,0.0001567296371879546,472,1.1245580477781099e-05,1,2,adam,"{'neurons_per_layer_encoder': [200, 400], 'neurons_per_layer_decoder': [400]}",200,[400],"[200, 400]",[0.6830178380333798],[0.488593152382673],0.9182153956197937,COMPLETE
15,0.31682048914457817,0.46251540116220524,2025-01-09 21:25:04.809534,2025-01-09 21:25:12.459174,0 days 00:00:07.649640,0.07870778748947087,32,0.4,256,100,0.00013844468816381518,1016,0.008450318478519415,1,2,adam,"{'neurons_per_layer_encoder': [256, 512], 'neurons_per_layer_decoder': [512]}",256,[512],"[256, 512]",[0.31682048914457817],[0.46251540116220524],0.7372367673920609,COMPLETE
16,-0.1712116786349429,0.25654684766804836,2025-01-09 21:25:06.997691,2025-01-09 21:25:11.784385,0 days 00:00:04.786694,0.0906637880381455,32,0.4,248,100,0.00013742654329105617,984,0.007859942870701611,1,2,adam,"{'neurons_per_layer_encoder': [248, 496], 'neurons_per_layer_decoder': [496]}",248,[496],"[248, 496]",[-0.1712116786349429],[0.25654684766804836],0.6368391917266774,COMPLETE
17,0.17545145646271376,0.13449477778910823,2025-01-09 21:25:07.952249,2025-01-09 21:25:15.848937,0 days 00:00:07.896688,0.09297497400052515,32,0.1,256,100,7.669184888524559e-05,1000,0.009459564280802092,1,2,adam,"{'neurons_per_layer_encoder': [256, 512], 'neurons_per_layer_decoder': [512]}",256,[512],"[256, 512]",[0.17545145646271376],[0.13449477778910823],0.23230741972277189,COMPLETE
18,-0.14129970187614127,0.1519971815371466,2025-01-09 21:25:09.751153,2025-01-09 21:25:17.150785,0 days 00:00:07.399632,0.09380186077200027,32,0.1,240,100,7.09840471511857e-05,936,0.007620222324152351,1,2,adam,"{'neurons_per_layer_encoder': [240, 480], 'neurons_per_layer_decoder': [480]}",240,[480],"[240, 480]",[-0.14129970187614127],[0.1519971815371466],0.16427764360683503,COMPLETE
19,0.4660071211895316,0.5518201324140598,2025-01-09 21:25:11.253422,2025-01-09 21:25:17.872803,0 days 00:00:06.619381,0.010556354164092752,32,0.4,208,100,8.632393821516324e-05,552,1.2436912574801727e-05,1,2,adam,"{'neurons_per_layer_encoder': [208, 416], 'neurons_per_layer_decoder': [416]}",208,[416],"[208, 416]",[0.4660071211895316],[0.5518201324140598],0.8868995742215011,COMPLETE
20,0.4757376357650639,-0.1155413456603871,2025-01-09 21:25:11.791125,2025-01-09 21:25:17.019753,0 days 00:00:05.228628,0.010080201777385351,48,0.4,204,100,6.329211613387018e-05,624,1.1598306346063662e-05,1,2,adam,"{'neurons_per_layer_encoder': [204, 408], 'neurons_per_layer_decoder': [408]}",204,[408],"[204, 408]",[0.4757376357650639],[-0.1155413456603871],0.7389279320100082,COMPLETE
21,0.15501799159062557,-0.07204731509696538,2025-01-09 21:25:12.466049,2025-01-09 21:25:18.578629,0 days 00:00:06.112580,0.010621836083627824,48,0.4,208,100,5.219922449124706e-05,632,1.0232011495114932e-05,2,2,adam,"{'neurons_per_layer_encoder': [208, 416], 'neurons_per_layer_decoder': [416, 208]}",208,"[416, 208]","[208, 416]",[0.15501799159062557],[-0.07204731509696538],0.7313191678340387,COMPLETE
22,-3.1081733626758874,-0.11820839377641912,2025-01-09 21:25:15.856103,2025-01-09 21:25:19.989094,0 days 00:00:04.132991,0.012217631682165782,48,0.4,212,100,5.683304096590807e-05,1416,1.3373171358149745e-05,2,3,adam,"{'neurons_per_layer_encoder': [212, 424, 848], 'neurons_per_layer_decoder': [848, 424]}",212,"[848, 424]","[212, 424, 848]",[-3.1081733626758874],[-0.11820839377641912],0.750177062113974,COMPLETE
23,0.39681870028053046,0.15699448777799319,2025-01-09 21:25:17.025935,2025-01-09 21:25:26.463562,0 days 00:00:09.437627,0.0347195633744201,48,0.30000000000000004,216,100,0.0009769815055349293,1464,1.076327939043529e-05,2,3,adam,"{'neurons_per_layer_encoder': [216, 432, 864], 'neurons_per_layer_decoder': [864, 432]}",216,"[864, 432]","[216, 432, 864]",[0.39681870028053046],[0.15699448777799319],0.9909953250971445,COMPLETE
24,0.0612843554101723,0.13347638669463568,2025-01-09 21:25:17.157245,2025-01-09 21:25:26.916343,0 days 00:00:09.759098,0.036166430721243426,48,0.30000000000000004,212,100,0.0009661038399713435,1352,1.1934840703658566e-05,2,3,adam,"{'neurons_per_layer_encoder': [212, 424, 848], 'neurons_per_layer_decoder': [848, 424]}",212,"[848, 424]","[212, 424, 848]",[0.0612843554101723],[0.13347638669463568],0.9894440750602767,COMPLETE
25,0.141487351572113,0.07431867831544947,2025-01-09 21:25:17.880232,2025-01-09 21:25:27.885635,0 days 00:00:10.005403,0.01007675683214652,48,0.4,212,100,0.000723298037907473,1336,1.0692672433162466e-05,2,3,adam,"{'neurons_per_layer_encoder': [212, 424, 848], 'neurons_per_layer_decoder': [848, 424]}",212,"[848, 424]","[212, 424, 848]",[0.141487351572113],[0.07431867831544947],0.9856868065667054,COMPLETE
26,0.4952709692493199,0.17386523351453675,2025-01-09 21:25:18.586626,2025-01-09 21:25:27.816277,0 days 00:00:09.229651,0.015293047691347981,56,0.30000000000000004,160,100,0.0009697736601261574,1192,2.0390594698024657e-05,2,3,adam,"{'neurons_per_layer_encoder': [160, 320, 640], 'neurons_per_layer_decoder': [640, 320]}",160,"[640, 320]","[160, 320, 640]",[0.4952709692493199],[0.17386523351453675],0.9885317864133041,COMPLETE
27,-0.21589012958544362,0.319994675265032,2025-01-09 21:25:19.996037,2025-01-09 21:25:25.773324,0 days 00:00:05.777287,0.015049458474858128,56,0.30000000000000004,156,100,0.0009769221133816225,180,2.575568137039039e-05,2,1,adam,"{'neurons_per_layer_encoder': [156], 'neurons_per_layer_decoder': [156, 78]}",156,"[156, 78]",[156],[-0.21589012958544362],[0.319994675265032],0.9299123266698602,COMPLETE
28,0.0775440610394924,0.1000466025907698,2025-01-09 21:25:25.779495,2025-01-09 21:25:30.933890,0 days 00:00:05.154395,0.0363552987468795,88,0.30000000000000004,96,100,0.00020880267104595777,536,7.28234714366696e-05,2,3,adam,"{'neurons_per_layer_encoder': [96, 192, 384], 'neurons_per_layer_decoder': [384, 192]}",96,"[384, 192]","[96, 192, 384]",[0.0775440610394924],[0.1000466025907698],0.9051445355039494,COMPLETE
29,0.13739597843381024,0.04719853202444502,2025-01-09 21:25:26.472027,2025-01-09 21:25:31.329372,0 days 00:00:04.857345,0.01620601146858165,88,0.30000000000000004,100,100,0.00027253813048737493,536,5.9755759468559466e-05,2,3,adam,"{'neurons_per_layer_encoder': [100, 200, 400], 'neurons_per_layer_decoder': [400, 200]}",100,"[400, 200]","[100, 200, 400]",[0.13739597843381024],[0.04719853202444502],0.9240507083399214,COMPLETE
30,-1.1545914772651136,-0.32487954567659183,2025-01-09 21:25:26.922405,2025-01-09 21:25:30.022423,0 days 00:00:03.100018,0.01712586492016366,88,0.30000000000000004,108,100,0.0003021762893134296,132,5.010777144844018e-05,1,1,adadelta,"{'neurons_per_layer_encoder': [108], 'neurons_per_layer_decoder': [108]}",108,[108],[108],[-1.1545914772651136],[-0.32487954567659183],0.6002119133240846,COMPLETE
31,0.39898659680966164,0.14192583293925354,2025-01-09 21:25:27.822040,2025-01-09 21:25:31.144282,0 days 00:00:03.322242,0.02055924687988204,88,0.4,228,100,0.00020848729330583016,428,7.866044037655714e-05,1,1,adam,"{'neurons_per_layer_encoder': [228], 'neurons_per_layer_decoder': [228]}",228,[228],[228],[0.39898659680966164],[0.14192583293925354],0.7763180544793341,COMPLETE
32,0.5195720624995732,0.2361481944521331,2025-01-09 21:25:27.895672,2025-01-09 21:25:30.831859,0 days 00:00:02.936187,0.019681576125001942,80,0.4,100,100,0.00022730234488620358,140,5.8848350284240114e-05,1,1,adam,"{'neurons_per_layer_encoder': [100], 'neurons_per_layer_decoder': [100]}",100,[100],[100],[0.5195720624995732],[0.2361481944521331],0.7102090370025947,COMPLETE
33,0.030871096483843896,0.03968689459783703,2025-01-09 21:25:30.030045,2025-01-09 21:25:35.105143,0 days 00:00:05.075098,0.018722922219429027,80,0.4,192,100,0.0001748200454878528,312,0.0007611734189662909,4,1,adam,"{'neurons_per_layer_encoder': [192], 'neurons_per_layer_decoder': [192, 96, 48, 24]}",192,"[192, 96, 48, 24]",[192],[0.030871096483843896],[0.03968689459783703],0.7340404839200106,COMPLETE
34,-0.39923440066508165,0.12939385841686657,2025-01-09 21:25:30.838948,2025-01-09 21:25:45.339518,0 days 00:00:14.500570,0.012281178777341646,40,0.4,176,100,4.270100222285705e-05,504,7.893792269018906e-05,4,2,adam,"{'neurons_per_layer_encoder': [176, 352], 'neurons_per_layer_decoder': [352, 176, 88, 44]}",176,"[352, 176, 88, 44]","[176, 352]",[-0.39923440066508165],[0.12939385841686657],0.7205399991358988,COMPLETE
35,0.5922763629475727,0.32203951644731665,2025-01-09 21:25:30.940438,2025-01-09 21:25:36.389333,0 days 00:00:05.448895,0.012458604570295198,40,0.4,188,100,0.0001587682144126232,292,0.0009388104817658664,1,1,adam,"{'neurons_per_layer_encoder': [188], 'neurons_per_layer_decoder': [188]}",188,[188],[188],[0.5922763629475727],[0.32203951644731665],0.6052758265193171,COMPLETE
36,-0.25547144018090795,-0.03692244597182759,2025-01-09 21:25:31.150575,2025-01-09 21:26:34.756477,0 days 00:01:03.605902,0.012268482457112987,128,0.1,188,100,0.00012439957467434142,7160,2.252410641487622e-05,1,5,adadelta,"{'neurons_per_layer_encoder': [188, 376, 752, 1504, 3008], 'neurons_per_layer_decoder': [3008]}",188,[3008],"[188, 376, 752, 1504, 3008]",[-0.25547144018090795],[-0.03692244597182759],0.9711881748128878,COMPLETE
37,-1.5580360448142234,-0.26144623329054095,2025-01-09 21:25:31.335775,2025-01-09 21:26:47.907386,0 days 00:01:16.571611,0.012471600497785788,128,0.1,192,100,0.00012564623166998228,7640,0.000551138871725508,4,5,adadelta,"{'neurons_per_layer_encoder': [192, 384, 768, 1536, 3072], 'neurons_per_layer_decoder': [3072, 1536, 768, 384]}",192,"[3072, 1536, 768, 384]","[192, 384, 768, 1536, 3072]",[-1.5580360448142234],[-0.26144623329054095],0.9723640799107112,COMPLETE
38,-3.61291872358475,-0.04344945881900664,2025-01-09 21:25:35.114316,2025-01-09 21:25:47.018328,0 days 00:00:11.904012,0.012439740314507413,128,0.1,64,100,3.707100505436619e-05,1560,2.1137744275478235e-05,1,5,adadelta,"{'neurons_per_layer_encoder': [64, 128, 256, 512, 1024], 'neurons_per_layer_decoder': [1024]}",64,[1024],"[64, 128, 256, 512, 1024]",[-3.61291872358475],[-0.04344945881900664],0.6795178687457339,COMPLETE
39,-0.2333955026599257,-0.25046015574056013,2025-01-09 21:25:36.434480,2025-01-09 21:27:06.750376,0 days 00:01:30.315896,0.012601618555176334,40,0.1,188,100,3.710658006619524e-05,7064,1.9478498675791682e-05,1,5,adadelta,"{'neurons_per_layer_encoder': [188, 376, 752, 1504, 3008], 'neurons_per_layer_decoder': [3008]}",188,[3008],"[188, 376, 752, 1504, 3008]",[-0.2333955026599257],[-0.25046015574056013],0.9053951880683871,COMPLETE
40,-0.5978316832567794,-0.18626489069684538,2025-01-09 21:25:45.349790,2025-01-09 21:26:41.083026,0 days 00:00:55.733236,0.01239253519197898,112,0.1,152,100,0.0004457027550586916,5656,1.9381330125900296e-05,1,5,adadelta,"{'neurons_per_layer_encoder': [152, 304, 608, 1216, 2432], 'neurons_per_layer_decoder': [2432]}",152,[2432],"[152, 304, 608, 1216, 2432]",[-0.5978316832567794],[-0.18626489069684538],0.9876666158058324,COMPLETE
41,-2.607589734247353,-0.007720176233716458,2025-01-09 21:25:47.027358,2025-01-09 21:26:04.085211,0 days 00:00:17.057853,0.013017230313626109,120,0.1,188,100,0.0004134611599968933,592,0.0005664416296322977,1,2,adadelta,"{'neurons_per_layer_encoder': [188, 376], 'neurons_per_layer_decoder': [376]}",188,[376],"[188, 376]",[-2.607589734247353],[-0.007720176233716458],0.8891382188638232,COMPLETE
42,-3.868127212555561,-0.22278965889561864,2025-01-09 21:26:04.095635,2025-01-09 21:26:24.849418,0 days 00:00:20.753783,0.13102082140341248,40,0.4,192,100,0.00011824152614296262,3576,3.262311949017267e-05,1,5,sgd,"{'neurons_per_layer_encoder': [192, 384, 768, 1536, 3072], 'neurons_per_layer_decoder': [3072]}",192,[3072],"[192, 384, 768, 1536, 3072]",[-3.868127212555561],[-0.22278965889561864],0.9391544890434548,COMPLETE
43,-4.727255286410589,-0.10195759959900252,2025-01-09 21:26:24.857262,2025-01-09 21:26:39.367610,0 days 00:00:14.510348,0.024049959448861416,32,0.2,160,100,9.657980678467715e-05,472,1.758525353157557e-05,5,2,adadelta,"{'neurons_per_layer_encoder': [160, 320], 'neurons_per_layer_decoder': [320, 160, 80, 40, 20]}",160,"[320, 160, 80, 40, 20]","[160, 320]",[-4.727255286410589],[-0.10195759959900252],0.6430272775902658,COMPLETE
44,-1.3744208103777522,-0.003753284444244054,2025-01-09 21:26:34.765802,2025-01-09 21:26:47.529714,0 days 00:00:12.763912,0.19526736732132444,104,0.2,156,100,0.0005249498021720544,480,0.0034594081920882747,5,2,sgd,"{'neurons_per_layer_encoder': [156, 312], 'neurons_per_layer_decoder': [312, 156, 78, 39, 19]}",156,"[312, 156, 78, 39, 19]","[156, 312]",[-1.3744208103777522],[-0.003753284444244054],0.9347960089661805,COMPLETE
45,0.36960895690243945,0.27154448154695343,2025-01-09 21:26:39.374520,2025-01-09 21:26:48.868964,0 days 00:00:09.494444,0.014511506824532871,40,0.4,228,100,1.509211379462581e-06,428,0.003451369518224599,1,1,sgd,"{'neurons_per_layer_encoder': [228], 'neurons_per_layer_decoder': [228]}",228,[228],[228],[0.36960895690243945],[0.27154448154695343],0.6030044298676249,COMPLETE
46,0.6336369404940878,0.29601264680675954,2025-01-09 21:26:41.091297,2025-01-09 21:26:50.092055,0 days 00:00:09.000758,0.18959360485111212,40,0.4,224,100,2.6422640296902415e-05,424,0.004367916381230335,1,1,sgd,"{'neurons_per_layer_encoder': [224], 'neurons_per_layer_decoder': [224]}",224,[224],[224],[0.6336369404940878],[0.29601264680675954],0.6732869262414671,COMPLETE
47,0.5089981317071076,0.3010265305317249,2025-01-09 21:26:47.537020,2025-01-09 21:26:55.957083,0 days 00:00:08.420063,0.010907288363364789,40,0.4,228,100,1.0438113407491633e-06,364,0.0014448845676243202,1,1,adam,"{'neurons_per_layer_encoder': [228], 'neurons_per_layer_decoder': [228]}",228,[228],[228],[0.5089981317071076],[0.3010265305317249],-0.5045305078672615,COMPLETE
48,-5.649142884678034,-0.15093944140067528,2025-01-09 21:26:47.918481,2025-01-09 21:26:50.309229,0 days 00:00:02.390748,0.014929055701179387,40,0.4,228,100,1.5776102777755703e-06,428,1.5223821600000002e-05,1,1,sgd,"{'neurons_per_layer_encoder': [228], 'neurons_per_layer_decoder': [228]}",228,[228],[228],[-5.649142884678034],[-0.15093944140067528],0.42195684626826435,COMPLETE
49,-0.20156808658441938,0.2106142385647809,2025-01-09 21:26:48.875798,2025-01-09 21:26:55.728783,0 days 00:00:06.852985,0.014854821219975367,40,0.4,224,100,1.1507374829861323e-06,360,0.0011491943493774758,1,1,sgd,"{'neurons_per_layer_encoder': [224], 'neurons_per_layer_decoder': [224]}",224,[224],[224],[-0.20156808658441938],[0.2106142385647809],0.6302059734614328,COMPLETE
50,0.17421281591396875,-0.46558048547143027,2025-01-09 21:26:50.102327,2025-01-09 21:27:16.361661,0 days 00:00:26.259334,0.010762583419583104,32,0.30000000000000004,232,100,2.0920675328241983e-05,1992,0.00018559036484696806,1,4,adam,"{'neurons_per_layer_encoder': [232, 464, 928, 1856], 'neurons_per_layer_decoder': [1856]}",232,[1856],"[232, 464, 928, 1856]",[0.17421281591396875],[-0.46558048547143027],0.6953928790677527,COMPLETE
