number,values_0,values_1,datetime_start,datetime_complete,duration,params_alpha,params_batch_size,params_drop_out_rate,params_encoder_neurons_layer_1,params_epochs,params_lambda,params_latent_dim,params_learning_rate,params_num_layers_decoder,params_num_layers_encoder,params_optimizer,user_attrs_encoder_decoder_config,user_attrs_first_layer_neurons,user_attrs_neurons_per_layer_decoder,user_attrs_neurons_per_layer_encoder,user_attrs_r2_feature_1,user_attrs_r2_feature_2,user_attrs_relative_deterioration,state
455,-0.0562877206427983,-0.5419215429181568,2025-01-09 21:47:06.049874,2025-01-09 21:47:12.870793,0 days 00:00:06.820919,0.010770391704483793,40,0.1,160,100,8.067183505624625e-06,1304,2.771861755038685e-05,2,4,adam,"{'neurons_per_layer_encoder': [160, 320, 640, 1280], 'neurons_per_layer_decoder': [1280, 640]}",160,"[1280, 640]","[160, 320, 640, 1280]",[-0.0562877206427983],[-0.5419215429181568],0.27746240116611937,COMPLETE
456,0.2673030331366588,0.6355259331070626,2025-01-09 21:47:06.071314,2025-01-09 21:47:13.449212,0 days 00:00:07.377898,0.010396409493545967,40,0.2,40,100,7.814723809534473e-06,696,0.00022582572574700907,2,4,adam,"{'neurons_per_layer_encoder': [40, 80, 160, 320], 'neurons_per_layer_decoder': [320, 160]}",40,"[320, 160]","[40, 80, 160, 320]",[0.2673030331366588],[0.6355259331070626],0.6617429965554509,COMPLETE
457,0.10772012897422423,0.14309686089879292,2025-01-09 21:47:06.094834,2025-01-09 21:47:13.459090,0 days 00:00:07.364256,0.030303224950540372,40,0.2,40,100,8.286892378925766e-06,712,2.163173749763029e-05,2,4,adam,"{'neurons_per_layer_encoder': [40, 80, 160, 320], 'neurons_per_layer_decoder': [320, 160]}",40,"[320, 160]","[40, 80, 160, 320]",[0.10772012897422423],[0.14309686089879292],0.5827096425140054,COMPLETE
458,-2.061311502756327,0.10423327942798555,2025-01-09 21:47:06.120895,2025-01-09 21:47:10.353965,0 days 00:00:04.233070,0.11110509069344053,40,0.2,60,100,1.4378886372994254e-05,600,2.3241518020185856e-05,2,4,sgd,"{'neurons_per_layer_encoder': [60, 120, 240, 480], 'neurons_per_layer_decoder': [480, 240]}",60,"[480, 240]","[60, 120, 240, 480]",[-2.061311502756327],[0.10423327942798555],0.5830117219526628,COMPLETE
459,0.4528053835612117,0.35863167208483426,2025-01-09 21:47:06.151975,2025-01-09 21:47:12.479973,0 days 00:00:06.327998,0.012334727647048906,40,0.2,60,100,1.3835683484006812e-05,968,0.005513108596516408,2,4,sgd,"{'neurons_per_layer_encoder': [60, 120, 240, 480], 'neurons_per_layer_decoder': [480, 240]}",60,"[480, 240]","[60, 120, 240, 480]",[0.4528053835612117],[0.35863167208483426],0.7337701789950071,COMPLETE
460,-0.13427713862207558,-0.39646164812060736,2025-01-09 21:47:10.362654,2025-01-09 21:47:15.422235,0 days 00:00:05.059581,0.012497401787835899,40,0.2,44,100,0.00026085863200090147,680,2.828230674668777e-05,2,4,adadelta,"{'neurons_per_layer_encoder': [44, 88, 176, 352], 'neurons_per_layer_decoder': [352, 176]}",44,"[352, 176]","[44, 88, 176, 352]",[-0.13427713862207558],[-0.39646164812060736],0.8985979510496895,COMPLETE
461,-3.8745491083673,0.016515042423651427,2025-01-09 21:47:12.489168,2025-01-09 21:47:15.475172,0 days 00:00:02.986004,0.03701387583531886,96,0.30000000000000004,40,100,1.0013970452047874e-05,664,0.000745476982645795,2,4,adadelta,"{'neurons_per_layer_encoder': [40, 80, 160, 320], 'neurons_per_layer_decoder': [320, 160]}",40,"[320, 160]","[40, 80, 160, 320]",[-3.8745491083673],[0.016515042423651427],0.54304413557405,COMPLETE
462,-3.692434664467158,0.0010306776387203342,2025-01-09 21:47:12.879290,2025-01-09 21:47:15.691433,0 days 00:00:02.812143,0.0948462829451938,72,0.30000000000000004,40,100,7.038281248849835e-05,712,0.0013719928477359193,2,4,adadelta,"{'neurons_per_layer_encoder': [40, 80, 160, 320], 'neurons_per_layer_decoder': [320, 160]}",40,"[320, 160]","[40, 80, 160, 320]",[-3.692434664467158],[0.0010306776387203342],0.6771023074855845,COMPLETE
463,-2.004392256857664,-0.10848371436516313,2025-01-09 21:47:13.458809,2025-01-09 21:47:20.233573,0 days 00:00:06.774764,0.037190225471870626,120,0.30000000000000004,56,100,1.0653480316788822e-05,888,0.000734529655017182,5,4,adadelta,"{'neurons_per_layer_encoder': [56, 112, 224, 448], 'neurons_per_layer_decoder': [448, 224, 112, 56, 28]}",56,"[448, 224, 112, 56, 28]","[56, 112, 224, 448]",[-2.004392256857664],[-0.10848371436516313],0.6047050288793617,COMPLETE
464,-3.301633962776231,-0.015102874682032086,2025-01-09 21:47:13.467091,2025-01-09 21:47:18.335320,0 days 00:00:04.868229,0.1976938762997881,120,0.30000000000000004,144,100,2.148009112808878e-05,1176,1.9381863998033528e-05,5,4,adadelta,"{'neurons_per_layer_encoder': [144, 288, 576, 1152], 'neurons_per_layer_decoder': [1152, 576, 288, 144, 72]}",144,"[1152, 576, 288, 144, 72]","[144, 288, 576, 1152]",[-3.301633962776231],[-0.015102874682032086],0.7062179359498079,COMPLETE
465,0.3258096427057209,0.21028886220027332,2025-01-09 21:47:15.429564,2025-01-09 21:47:21.127907,0 days 00:00:05.698343,0.036876153369099274,120,0.30000000000000004,56,100,1.9943656085109366e-05,1000,0.0011738659750953747,2,4,adam,"{'neurons_per_layer_encoder': [56, 112, 224, 448], 'neurons_per_layer_decoder': [448, 224]}",56,"[448, 224]","[56, 112, 224, 448]",[0.3258096427057209],[0.21028886220027332],0.6143513160429475,COMPLETE
466,-4.8406966181592646,-0.01797909557700872,2025-01-09 21:47:15.484047,2025-01-09 21:47:20.369310,0 days 00:00:04.885263,0.06759932294942742,32,0.30000000000000004,56,100,2.0127807878416405e-05,920,1.929943356772531e-05,5,4,adam,"{'neurons_per_layer_encoder': [56, 112, 224, 448], 'neurons_per_layer_decoder': [448, 224, 112, 56, 28]}",56,"[448, 224, 112, 56, 28]","[56, 112, 224, 448]",[-4.8406966181592646],[-0.01797909557700872],0.49256754140904774,COMPLETE
467,0.24919272363072176,0.5728320502652225,2025-01-09 21:47:15.698445,2025-01-09 21:47:24.472366,0 days 00:00:08.773921,0.04852321088899806,32,0.1,52,100,2.0364068475730437e-05,568,0.0002726785023992645,5,4,adam,"{'neurons_per_layer_encoder': [52, 104, 208, 416], 'neurons_per_layer_decoder': [416, 208, 104, 52, 26]}",52,"[416, 208, 104, 52, 26]","[52, 104, 208, 416]",[0.24919272363072176],[0.5728320502652225],0.7522070696459486,COMPLETE
468,0.11148615765221515,0.3181053093110371,2025-01-09 21:47:18.343111,2025-01-09 21:47:25.524973,0 days 00:00:07.181862,0.039307424434943734,56,0.1,56,100,1.8598014533639124e-05,888,0.0011480829755178155,2,4,adam,"{'neurons_per_layer_encoder': [56, 112, 224, 448], 'neurons_per_layer_decoder': [448, 224]}",56,"[448, 224]","[56, 112, 224, 448]",[0.11148615765221515],[0.3181053093110371],0.40237851008579073,COMPLETE
469,-0.03781236830083001,0.5609379060159364,2025-01-09 21:47:20.240902,2025-01-09 21:47:27.832695,0 days 00:00:07.591793,0.013171769824211579,32,0.1,56,100,1.76876551018186e-05,1000,0.0011521020105295576,2,4,adam,"{'neurons_per_layer_encoder': [56, 112, 224, 448], 'neurons_per_layer_decoder': [448, 224]}",56,"[448, 224]","[56, 112, 224, 448]",[-0.03781236830083001],[0.5609379060159364],0.5901292971533482,COMPLETE
470,0.07916017802472874,0.2366970276039605,2025-01-09 21:47:20.377686,2025-01-09 21:47:26.298048,0 days 00:00:05.920362,0.013554815099903417,56,0.1,52,100,1.3173309220476463e-05,584,0.0006248006820601682,2,4,adam,"{'neurons_per_layer_encoder': [52, 104, 208, 416], 'neurons_per_layer_decoder': [416, 208]}",52,"[416, 208]","[52, 104, 208, 416]",[0.07916017802472874],[0.2366970276039605],0.14288748283257044,COMPLETE
471,0.5006696712697889,0.1716472752438234,2025-01-09 21:47:21.136761,2025-01-09 21:47:27.105210,0 days 00:00:05.968449,0.16025154279947512,56,0.1,52,100,1.2732274382441756e-05,584,0.0006406611142383676,2,4,adam,"{'neurons_per_layer_encoder': [52, 104, 208, 416], 'neurons_per_layer_decoder': [416, 208]}",52,"[416, 208]","[52, 104, 208, 416]",[0.5006696712697889],[0.1716472752438234],0.22615083334776012,COMPLETE
472,0.3255777896923312,0.42973644572489655,2025-01-09 21:47:24.480499,2025-01-09 21:47:29.534305,0 days 00:00:05.053806,0.15869222430606889,48,0.1,32,100,1.3400860882845725e-05,376,0.0006112633843719205,2,4,adam,"{'neurons_per_layer_encoder': [32, 64, 128, 256], 'neurons_per_layer_decoder': [256, 128]}",32,"[256, 128]","[32, 64, 128, 256]",[0.3255777896923312],[0.42973644572489655],0.2776028412723062,COMPLETE
473,-0.38615746759392855,0.45131949871320676,2025-01-09 21:47:25.531949,2025-01-09 21:47:33.475607,0 days 00:00:07.943658,0.013154641858427298,32,0.1,76,100,1.3614169527513987e-05,632,0.0006077080399772068,2,4,adam,"{'neurons_per_layer_encoder': [76, 152, 304, 608], 'neurons_per_layer_decoder': [608, 304]}",76,"[608, 304]","[76, 152, 304, 608]",[-0.38615746759392855],[0.45131949871320676],0.46524988536385997,COMPLETE
474,0.2572356949152118,0.15892674851647615,2025-01-09 21:47:26.305066,2025-01-09 21:47:30.900764,0 days 00:00:04.595698,0.017953472837135224,104,0.1,32,100,1.1451852455100899e-05,376,0.0008495555553118885,2,4,adam,"{'neurons_per_layer_encoder': [32, 64, 128, 256], 'neurons_per_layer_decoder': [256, 128]}",32,"[256, 128]","[32, 64, 128, 256]",[0.2572356949152118],[0.15892674851647615],-0.026042793292800973,COMPLETE
475,0.2409556320806493,-0.22875923125542763,2025-01-09 21:47:27.112114,2025-01-09 21:47:32.455472,0 days 00:00:05.343358,0.012952205150132106,80,0.1,76,100,1.098534311153661e-05,632,0.0001357507089442094,2,4,adam,"{'neurons_per_layer_encoder': [76, 152, 304, 608], 'neurons_per_layer_decoder': [608, 304]}",76,"[608, 304]","[76, 152, 304, 608]",[0.2409556320806493],[-0.22875923125542763],0.12956599152845202,COMPLETE
476,-3.4583314427875953,-0.3548569580216272,2025-01-09 21:47:27.840682,2025-01-09 21:47:29.611110,0 days 00:00:01.770428,0.018824666297338585,32,0.30000000000000004,32,100,1.1020196030874004e-05,376,0.0008322261694927513,2,4,sgd,"{'neurons_per_layer_encoder': [32, 64, 128, 256], 'neurons_per_layer_decoder': [256, 128]}",32,"[256, 128]","[32, 64, 128, 256]",[-3.4583314427875953],[-0.3548569580216272],0.390869490377048,COMPLETE
477,-1.0627646757167142,0.029611138012934468,2025-01-09 21:47:29.542275,2025-01-09 21:47:32.158416,0 days 00:00:02.616141,0.04176530719323851,80,0.30000000000000004,80,100,1.0654573279716772e-05,184,0.0008166802117343169,2,1,sgd,"{'neurons_per_layer_encoder': [80], 'neurons_per_layer_decoder': [80, 40]}",80,"[80, 40]",[80],[-1.0627646757167142],[0.029611138012934468],0.34878417813341905,COMPLETE
478,0.33691285963003137,0.34151370087431976,2025-01-09 21:47:29.620175,2025-01-09 21:47:33.145632,0 days 00:00:03.525457,0.012340654308213388,32,0.30000000000000004,80,100,1.5050095084979251e-05,168,0.0008277781885055813,2,1,adam,"{'neurons_per_layer_encoder': [80], 'neurons_per_layer_decoder': [80, 40]}",80,"[80, 40]",[80],[0.33691285963003137],[0.34151370087431976],0.2519108592088859,COMPLETE
479,-0.012819109673546825,0.11600414292243,2025-01-09 21:47:30.908265,2025-01-09 21:47:34.358413,0 days 00:00:03.450148,0.011282886978070582,80,0.30000000000000004,172,100,3.0278293444614914e-05,404,0.00012654635742386498,2,1,adam,"{'neurons_per_layer_encoder': [172], 'neurons_per_layer_decoder': [172, 86]}",172,"[172, 86]",[172],[-0.012819109673546825],[0.11600414292243],0.44094358079160456,COMPLETE
480,0.6617781096979359,0.4304339409239274,2025-01-09 21:47:32.165449,2025-01-09 21:47:40.692243,0 days 00:00:08.526794,0.01148192575408846,32,0.30000000000000004,44,100,3.190085754213853e-05,776,0.0001661842361571468,2,4,adam,"{'neurons_per_layer_encoder': [44, 88, 176, 352], 'neurons_per_layer_decoder': [352, 176]}",44,"[352, 176]","[44, 88, 176, 352]",[0.6617781096979359],[0.4304339409239274],0.8092065121919184,COMPLETE
481,0.3167423217964228,0.4333008344995597,2025-01-09 21:47:32.462829,2025-01-09 21:47:45.295914,0 days 00:00:12.833085,0.011217461728134892,32,0.30000000000000004,172,100,1.5364583969588398e-05,1400,0.0007191891118229854,2,4,adam,"{'neurons_per_layer_encoder': [172, 344, 688, 1376], 'neurons_per_layer_decoder': [1376, 688]}",172,"[1376, 688]","[172, 344, 688, 1376]",[0.3167423217964228],[0.4333008344995597],0.8024350923941799,COMPLETE
482,0.2023884236395589,0.6160338198164381,2025-01-09 21:47:33.153052,2025-01-09 21:47:41.694959,0 days 00:00:08.541907,0.011250991634648442,32,0.30000000000000004,44,100,9.63762516810852e-06,568,0.0007011836954966464,2,4,adam,"{'neurons_per_layer_encoder': [44, 88, 176, 352], 'neurons_per_layer_decoder': [352, 176]}",44,"[352, 176]","[44, 88, 176, 352]",[0.2023884236395589],[0.6160338198164381],0.6623903151861997,COMPLETE
483,0.1160818154203207,0.05568975899657769,2025-01-09 21:47:33.482905,2025-01-09 21:47:39.195669,0 days 00:00:05.712764,0.011303158095043819,32,0.30000000000000004,4,100,9.166733144790357e-06,51,0.0032494434281807733,2,4,adam,"{'neurons_per_layer_encoder': [4, 8, 16, 32], 'neurons_per_layer_decoder': [32, 16]}",4,"[32, 16]","[4, 8, 16, 32]",[0.1160818154203207],[0.05568975899657769],0.22512709099956268,COMPLETE
484,0.3233414391163051,0.560330895779432,2025-01-09 21:47:34.365783,2025-01-09 21:47:43.137261,0 days 00:00:08.771478,0.0836283328482151,32,0.30000000000000004,44,100,9.665684909271267e-06,776,9.249089428231261e-05,2,4,adam,"{'neurons_per_layer_encoder': [44, 88, 176, 352], 'neurons_per_layer_decoder': [352, 176]}",44,"[352, 176]","[44, 88, 176, 352]",[0.3233414391163051],[0.560330895779432],0.7605848309335919,COMPLETE
485,0.44134119113318593,0.4787621117099655,2025-01-09 21:47:39.204311,2025-01-09 21:47:47.181358,0 days 00:00:07.977047,0.04006473908651519,32,0.30000000000000004,44,100,9.569228004860632e-06,552,0.0007158591422823597,2,4,adam,"{'neurons_per_layer_encoder': [44, 88, 176, 352], 'neurons_per_layer_decoder': [352, 176]}",44,"[352, 176]","[44, 88, 176, 352]",[0.44134119113318593],[0.4787621117099655],0.6301060001115952,COMPLETE
486,-0.6430124300629478,-0.21844371663416884,2025-01-09 21:47:40.703249,2025-01-09 21:47:46.556775,0 days 00:00:05.853526,0.014468866556954339,32,0.1,48,100,9.585012965540309e-06,840,4.037402805043903e-05,4,4,adam,"{'neurons_per_layer_encoder': [48, 96, 192, 384], 'neurons_per_layer_decoder': [384, 192, 96, 48]}",48,"[384, 192, 96, 48]","[48, 96, 192, 384]",[-0.6430124300629478],[-0.21844371663416884],0.41979181375491476,COMPLETE
487,-0.4548468283046534,-0.149572609259927,2025-01-09 21:47:41.709892,2025-01-09 21:47:50.318978,0 days 00:00:08.609086,0.045939847631450564,32,0.1,48,100,1.6196487383490875e-05,856,4.1294561415616884e-05,4,4,adam,"{'neurons_per_layer_encoder': [48, 96, 192, 384], 'neurons_per_layer_decoder': [384, 192, 96, 48]}",48,"[384, 192, 96, 48]","[48, 96, 192, 384]",[-0.4548468283046534],[-0.149572609259927],0.40616020102492445,COMPLETE
488,0.11283692932017209,-0.429759668855471,2025-01-09 21:47:43.145094,2025-01-09 21:47:48.295103,0 days 00:00:05.150009,0.014585238656115142,32,0.1,48,100,1.6493987694193495e-05,840,4.289152183246888e-05,4,4,adam,"{'neurons_per_layer_encoder': [48, 96, 192, 384], 'neurons_per_layer_decoder': [384, 192, 96, 48]}",48,"[384, 192, 96, 48]","[48, 96, 192, 384]",[0.11283692932017209],[-0.429759668855471],0.4595140197873916,COMPLETE
489,-0.6017688567920785,-0.7233934735834204,2025-01-09 21:47:45.304782,2025-01-09 21:47:49.745784,0 days 00:00:04.441002,0.03353152189255174,32,0.1,40,100,1.20202223937023e-05,728,4.532795093327591e-05,4,4,adam,"{'neurons_per_layer_encoder': [40, 80, 160, 320], 'neurons_per_layer_decoder': [320, 160, 80, 40]}",40,"[320, 160, 80, 40]","[40, 80, 160, 320]",[-0.6017688567920785],[-0.7233934735834204],0.15842439112497103,COMPLETE
490,-0.15672693864522858,-0.2893085008539078,2025-01-09 21:47:46.564688,2025-01-09 21:47:51.366967,0 days 00:00:04.802279,0.04001385137344412,32,0.1,40,100,1.1987103970713882e-05,744,4.34845574785742e-05,4,4,adam,"{'neurons_per_layer_encoder': [40, 80, 160, 320], 'neurons_per_layer_decoder': [320, 160, 80, 40]}",40,"[320, 160, 80, 40]","[40, 80, 160, 320]",[-0.15672693864522858],[-0.2893085008539078],0.34418543201105545,COMPLETE
491,-0.0820140078494711,-0.30052248617998134,2025-01-09 21:47:47.189033,2025-01-09 21:47:51.686290,0 days 00:00:04.497257,0.011931918980052615,32,0.1,36,100,1.1545515398638515e-05,680,4.3964181530320636e-05,4,4,sgd,"{'neurons_per_layer_encoder': [36, 72, 144, 288], 'neurons_per_layer_decoder': [288, 144, 72, 36]}",36,"[288, 144, 72, 36]","[36, 72, 144, 288]",[-0.0820140078494711],[-0.30052248617998134],0.5527673808361488,COMPLETE
492,-4.710417951507045,-0.12814982158760357,2025-01-09 21:47:48.302563,2025-01-09 21:47:50.284638,0 days 00:00:01.982075,0.04609973476541535,40,0.1,24,100,1.1842381165182182e-05,296,4.800510523944777e-05,4,4,sgd,"{'neurons_per_layer_encoder': [24, 48, 96, 192], 'neurons_per_layer_decoder': [192, 96, 48, 24]}",24,"[192, 96, 48, 24]","[24, 48, 96, 192]",[-4.710417951507045],[-0.12814982158760357],0.30974810632646055,COMPLETE
493,-9.997739560256923,0.0006703362946258729,2025-01-09 21:47:49.752706,2025-01-09 21:47:52.034547,0 days 00:00:02.281841,0.02848606689251783,40,0.2,60,100,1.1297175850466803e-05,1112,6.984369219246619e-05,4,4,sgd,"{'neurons_per_layer_encoder': [60, 120, 240, 480], 'neurons_per_layer_decoder': [480, 240, 120, 60]}",60,"[480, 240, 120, 60]","[60, 120, 240, 480]",[-9.997739560256923],[0.0006703362946258729],0.3176431044747966,COMPLETE
494,0.18622891822474996,0.15335359818768524,2025-01-09 21:47:50.292204,2025-01-09 21:47:53.934457,0 days 00:00:03.642253,0.01201025177533729,40,0.2,60,100,3.2101010129502425e-06,1112,0.007902219373418963,1,4,adam,"{'neurons_per_layer_encoder': [60, 120, 240, 480], 'neurons_per_layer_decoder': [480]}",60,[480],"[60, 120, 240, 480]",[0.18622891822474996],[0.15335359818768524],0.09517091567246581,COMPLETE
495,0.2649284729921897,0.010937212349538927,2025-01-09 21:47:50.328011,2025-01-09 21:47:55.439575,0 days 00:00:05.111564,0.01251815080893666,112,0.2,60,100,3.148337739213249e-06,1128,6.917067948044611e-05,1,4,adam,"{'neurons_per_layer_encoder': [60, 120, 240, 480], 'neurons_per_layer_decoder': [480]}",60,[480],"[60, 120, 240, 480]",[0.2649284729921897],[0.010937212349538927],0.13512118823095243,COMPLETE
496,0.24187807766413316,0.39738510396758797,2025-01-09 21:47:51.373984,2025-01-09 21:47:57.131777,0 days 00:00:05.757793,0.012174722974149869,48,0.1,56,100,1.2855045283180473e-05,1064,6.42150375314039e-05,1,4,adam,"{'neurons_per_layer_encoder': [56, 112, 224, 448], 'neurons_per_layer_decoder': [448]}",56,[448],"[56, 112, 224, 448]",[0.24187807766413316],[0.39738510396758797],0.43764344634817604,COMPLETE
497,0.5686052896885174,0.15511177953323696,2025-01-09 21:47:51.693887,2025-01-09 21:47:56.945450,0 days 00:00:05.251563,0.012311445057222674,72,0.2,60,100,7.065915608718606e-06,1144,0.000981217137197464,1,4,adam,"{'neurons_per_layer_encoder': [60, 120, 240, 480], 'neurons_per_layer_decoder': [480]}",60,[480],"[60, 120, 240, 480]",[0.5686052896885174],[0.15511177953323696],0.07344159976764861,COMPLETE
498,0.42169707121837385,0.28942509097300406,2025-01-09 21:47:52.041916,2025-01-09 21:47:55.667181,0 days 00:00:03.625265,0.06417901698493923,64,0.30000000000000004,56,100,3.0146924326187446e-06,248,0.0015165254939217621,1,2,adam,"{'neurons_per_layer_encoder': [56, 112], 'neurons_per_layer_decoder': [112]}",56,[112],"[56, 112]",[0.42169707121837385],[0.28942509097300406],0.102933577503923,COMPLETE
499,0.40029020225817746,-0.18603767610523803,2025-01-09 21:47:53.941822,2025-01-09 21:47:59.617831,0 days 00:00:05.676009,0.0729336486034674,112,0.30000000000000004,64,100,7.405273668589194e-06,1176,0.0010222358180857604,1,4,adam,"{'neurons_per_layer_encoder': [64, 128, 256, 512], 'neurons_per_layer_decoder': [512]}",64,[512],"[64, 128, 256, 512]",[0.40029020225817746],[-0.18603767610523803],0.08618256081355759,COMPLETE
500,0.08025618156299763,0.19863014032321968,2025-01-09 21:47:55.447317,2025-01-09 21:47:59.376485,0 days 00:00:03.929168,0.013758265285305014,96,0.30000000000000004,52,100,7.582769648223009e-06,240,0.0005270401372834654,1,2,adam,"{'neurons_per_layer_encoder': [52, 104], 'neurons_per_layer_decoder': [104]}",52,[104],"[52, 104]",[0.08025618156299763],[0.19863014032321968],0.15599327519738412,COMPLETE
501,0.19098218626463725,0.31137810148982525,2025-01-09 21:47:55.673742,2025-01-09 21:48:13.768881,0 days 00:00:18.095139,0.03577536979041963,32,0.1,140,100,7.4379084090888934e-06,2072,0.0009521555591554362,1,4,adadelta,"{'neurons_per_layer_encoder': [140, 280, 560, 1120], 'neurons_per_layer_decoder': [1120]}",140,[1120],"[140, 280, 560, 1120]",[0.19098218626463725],[0.31137810148982525],0.6695525009962624,COMPLETE
502,-2.469574171048144,-0.19827050395941415,2025-01-09 21:47:56.952462,2025-01-09 21:48:08.982286,0 days 00:00:12.029824,0.04243666943924398,96,0.1,216,100,0.00046936348083544095,3464,0.0005612313599001283,3,4,adadelta,"{'neurons_per_layer_encoder': [216, 432, 864, 1728], 'neurons_per_layer_decoder': [1728, 864, 432]}",216,"[1728, 864, 432]","[216, 432, 864, 1728]",[-2.469574171048144],[-0.19827050395941415],0.9833991846279141,COMPLETE
503,-2.157222090732992,-0.20477534968884425,2025-01-09 21:47:57.139547,2025-01-09 21:48:15.816489,0 days 00:00:18.676942,0.024418624710101672,32,0.30000000000000004,216,100,1.4406239941079811e-05,3624,0.0005077688474210433,3,4,adadelta,"{'neurons_per_layer_encoder': [216, 432, 864, 1728], 'neurons_per_layer_decoder': [1728, 864, 432]}",216,"[1728, 864, 432]","[216, 432, 864, 1728]",[-2.157222090732992],[-0.20477534968884425],0.7244640587419833,COMPLETE
504,-4.545286196638841,-0.5759151686763353,2025-01-09 21:47:59.384764,2025-01-09 21:48:11.982810,0 days 00:00:12.598046,0.030836054672282828,32,0.1,140,100,0.0001105899747541982,2056,5.086334623121594e-05,3,4,adadelta,"{'neurons_per_layer_encoder': [140, 280, 560, 1120], 'neurons_per_layer_decoder': [1120, 560, 280]}",140,"[1120, 560, 280]","[140, 280, 560, 1120]",[-4.545286196638841],[-0.5759151686763353],0.8674905741948838,COMPLETE
