number,values_0,values_1,datetime_start,datetime_complete,duration,params_alpha,params_batch_size,params_drop_out_rate,params_encoder_neurons_layer_1,params_epochs,params_lambda,params_latent_dim,params_learning_rate,params_num_layers_decoder,params_num_layers_encoder,params_optimizer,user_attrs_encoder_decoder_config,user_attrs_first_layer_neurons,user_attrs_neurons_per_layer_decoder,user_attrs_neurons_per_layer_encoder,user_attrs_r2_feature_1,user_attrs_r2_feature_2,user_attrs_relative_deterioration,state
505,-9.977851505411824,-0.2239210809577834,2025-01-09 21:47:59.653999,2025-01-09 21:48:09.917191,0 days 00:00:10.263192,0.04346420308477429,32,0.1,40,100,1.4589033961807298e-05,552,5.1223090299258394e-05,3,4,adadelta,"{'neurons_per_layer_encoder': [40, 80, 160, 320], 'neurons_per_layer_decoder': [320, 160, 80]}",40,"[320, 160, 80]","[40, 80, 160, 320]",[-9.977851505411824],[-0.2239210809577834],0.14804827463869802,COMPLETE
506,-0.19713247300646097,0.06753644009827608,2025-01-09 21:48:08.996231,2025-01-09 21:48:31.760057,0 days 00:00:22.763826,0.03125543869477872,32,0.1,184,100,5.997867892407745e-06,1496,5.1779286834135985e-05,5,4,adam,"{'neurons_per_layer_encoder': [184, 368, 736, 1472], 'neurons_per_layer_decoder': [1472, 736, 368, 184, 92]}",184,"[1472, 736, 368, 184, 92]","[184, 368, 736, 1472]",[-0.19713247300646097],[0.06753644009827608],0.5384680083693738,COMPLETE
507,0.2298671676422459,0.23005240307162222,2025-01-09 21:48:09.926829,2025-01-09 21:48:32.083708,0 days 00:00:22.156879,0.03575670661993627,32,0.30000000000000004,152,100,1.3903976709301272e-05,2328,5.415228149547164e-05,5,4,adam,"{'neurons_per_layer_encoder': [152, 304, 608, 1216], 'neurons_per_layer_decoder': [1216, 608, 304, 152, 76]}",152,"[1216, 608, 304, 152, 76]","[152, 304, 608, 1216]",[0.2298671676422459],[0.23005240307162222],0.8340342636949677,COMPLETE
508,0.0067519756507792295,0.3231575904396228,2025-01-09 21:48:11.993550,2025-01-09 21:48:26.505430,0 days 00:00:14.511880,0.0374762296583497,32,0.30000000000000004,48,100,8.7181499361758e-06,920,0.009601778588999329,5,4,adam,"{'neurons_per_layer_encoder': [48, 96, 192, 384], 'neurons_per_layer_decoder': [384, 192, 96, 48, 24]}",48,"[384, 192, 96, 48, 24]","[48, 96, 192, 384]",[0.0067519756507792295],[0.3231575904396228],0.4188061789423064,COMPLETE
509,0.46245114491481676,0.6074434196650831,2025-01-09 21:48:13.777630,2025-01-09 21:48:31.824534,0 days 00:00:18.046904,0.034124461248593856,32,0.30000000000000004,88,100,5.9496651580733005e-06,1448,0.0006751080716231108,5,4,adam,"{'neurons_per_layer_encoder': [88, 176, 352, 704], 'neurons_per_layer_decoder': [704, 352, 176, 88, 44]}",88,"[704, 352, 176, 88, 44]","[88, 176, 352, 704]",[0.46245114491481676],[0.6074434196650831],0.7447922325141915,COMPLETE
510,0.26092241087344314,0.4571809497321443,2025-01-09 21:48:15.829528,2025-01-09 21:48:28.551181,0 days 00:00:12.721653,0.0386728039241103,40,0.30000000000000004,48,100,4.425852221897085e-06,920,0.0007630008493172823,3,4,adam,"{'neurons_per_layer_encoder': [48, 96, 192, 384], 'neurons_per_layer_decoder': [384, 192, 96]}",48,"[384, 192, 96]","[48, 96, 192, 384]",[0.26092241087344314],[0.4571809497321443],0.46346896699445506,COMPLETE
511,0.1555199152861788,0.009155502470113985,2025-01-09 21:48:26.516392,2025-01-09 21:48:33.993478,0 days 00:00:07.477086,0.012949747211978342,40,0.30000000000000004,52,100,1.0765484454883368e-05,968,0.0007027922082329155,3,4,adam,"{'neurons_per_layer_encoder': [52, 104, 208, 416], 'neurons_per_layer_decoder': [416, 208, 104]}",52,"[416, 208, 104]","[52, 104, 208, 416]",[0.1555199152861788],[0.009155502470113985],0.41304577581124935,COMPLETE
512,0.046939006558530116,0.096079950707604,2025-01-09 21:48:28.565229,2025-01-09 21:48:42.510538,0 days 00:00:13.945309,0.0340010524790593,128,0.1,184,100,4.984727217172062e-05,1496,0.0006158557277319012,5,4,adam,"{'neurons_per_layer_encoder': [184, 368, 736, 1472], 'neurons_per_layer_decoder': [1472, 736, 368, 184, 92]}",184,"[1472, 736, 368, 184, 92]","[184, 368, 736, 1472]",[0.046939006558530116],[0.096079950707604],0.9053423547002615,COMPLETE
513,-0.23562375343565578,0.12938623925741022,2025-01-09 21:48:31.770187,2025-01-09 21:48:42.294442,0 days 00:00:10.524255,0.03394382330486615,128,0.30000000000000004,156,100,1.0331151017582567e-05,2184,0.0006152974062707051,4,4,adam,"{'neurons_per_layer_encoder': [156, 312, 624, 1248], 'neurons_per_layer_decoder': [1248, 624, 312, 156]}",156,"[1248, 624, 312, 156]","[156, 312, 624, 1248]",[-0.23562375343565578],[0.12938623925741022],0.7016676141412852,COMPLETE
514,-3.528588869328776,0.023010913454800774,2025-01-09 21:48:31.835618,2025-01-09 21:48:35.692154,0 days 00:00:03.856536,0.016525425280756564,64,0.1,88,100,5.220025331771335e-05,552,0.00018756084167597886,4,3,adam,"{'neurons_per_layer_encoder': [88, 176, 352], 'neurons_per_layer_decoder': [352, 176, 88, 44]}",88,"[352, 176, 88, 44]","[88, 176, 352]",[-3.528588869328776],[0.023010913454800774],0.5822902869140366,COMPLETE
515,0.12690301321954855,0.2231844939600307,2025-01-09 21:48:32.091572,2025-01-09 21:48:40.173000,0 days 00:00:08.081428,0.013140521689615334,48,0.1,92,100,1.040328957825606e-05,568,1.3565438735498518e-05,4,3,adam,"{'neurons_per_layer_encoder': [92, 184, 368], 'neurons_per_layer_decoder': [368, 184, 92, 46]}",92,"[368, 184, 92, 46]","[92, 184, 368]",[0.12690301321954855],[0.2231844939600307],0.6245279687432956,COMPLETE
516,-1.7015228948922374,0.0888844347071247,2025-01-09 21:48:34.000875,2025-01-09 21:48:42.717440,0 days 00:00:08.716565,0.1371273622158281,104,0.1,84,100,0.0009377185885528623,568,0.00017498578560191973,4,3,adam,"{'neurons_per_layer_encoder': [84, 168, 336], 'neurons_per_layer_decoder': [336, 168, 84, 42]}",84,"[336, 168, 84, 42]","[84, 168, 336]",[-1.7015228948922374],[0.0888844347071247],0.9581073636996945,COMPLETE
517,0.08144365109136975,0.03631665793099326,2025-01-09 21:48:35.699796,2025-01-09 21:48:41.104013,0 days 00:00:05.404217,0.025910236042993116,48,0.1,44,100,0.0009471110333695083,392,1.6829416868337194e-05,3,3,sgd,"{'neurons_per_layer_encoder': [44, 88, 176], 'neurons_per_layer_decoder': [176, 88, 44]}",44,"[176, 88, 44]","[44, 88, 176]",[0.08144365109136975],[0.03631665793099326],0.9572225088381543,COMPLETE
518,-7.498511208401085,-0.020765093846815352,2025-01-09 21:48:40.180671,2025-01-09 21:48:44.306990,0 days 00:00:04.126319,0.026711949183821516,128,0.1,100,100,1.7072543996378544e-05,3192,0.0005551807323461449,3,5,sgd,"{'neurons_per_layer_encoder': [100, 200, 400, 800, 1600], 'neurons_per_layer_decoder': [1600, 800, 400]}",100,"[1600, 800, 400]","[100, 200, 400, 800, 1600]",[-7.498511208401085],[-0.020765093846815352],0.6093126857935484,COMPLETE
519,-1.420823810671743,0.1553879208963761,2025-01-09 21:48:41.112094,2025-01-09 21:48:58.674650,0 days 00:00:17.562556,0.011668842105374291,32,0.30000000000000004,96,100,1.3146306413693242e-05,3208,8.367455450517397e-05,1,5,adam,"{'neurons_per_layer_encoder': [96, 192, 384, 768, 1536], 'neurons_per_layer_decoder': [1536]}",96,[1536],"[96, 192, 384, 768, 1536]",[-1.420823810671743],[0.1553879208963761],0.6801351164605224,COMPLETE
520,-1.7861280429514905,0.4782737630965065,2025-01-09 21:48:42.302431,2025-01-09 21:49:00.387623,0 days 00:00:18.085192,0.17423872254773187,32,0.1,40,100,1.3736903423751605e-05,1464,0.0001654779219682143,1,5,adam,"{'neurons_per_layer_encoder': [40, 80, 160, 320, 640], 'neurons_per_layer_decoder': [640]}",40,[640],"[40, 80, 160, 320, 640]",[-1.7861280429514905],[0.4782737630965065],0.3352962007817291,COMPLETE
521,0.35928597858404376,0.025607285190984763,2025-01-09 21:48:42.519447,2025-01-09 21:49:08.712057,0 days 00:00:26.192610,0.03981818515607695,32,0.30000000000000004,84,100,1.2646748747057316e-05,1368,0.00016432302672084103,1,5,adam,"{'neurons_per_layer_encoder': [84, 168, 336, 672, 1344], 'neurons_per_layer_decoder': [1344]}",84,[1344],"[84, 168, 336, 672, 1344]",[0.35928597858404376],[0.025607285190984763],0.6742445907956507,COMPLETE
522,0.09312588886996453,0.003533590462388325,2025-01-09 21:48:42.725614,2025-01-09 21:48:54.233576,0 days 00:00:11.507962,0.0910864553741822,32,0.30000000000000004,88,100,8.818065897353556e-06,2792,0.0008611325623147485,1,5,adam,"{'neurons_per_layer_encoder': [88, 176, 352, 704, 1408], 'neurons_per_layer_decoder': [1408]}",88,[1408],"[88, 176, 352, 704, 1408]",[0.09312588886996453],[0.003533590462388325],0.6631955442539913,COMPLETE
523,-7.159335422718071,0.03267739638367195,2025-01-09 21:48:44.313618,2025-01-09 21:49:16.881001,0 days 00:00:32.567383,0.04077639212443728,40,0.30000000000000004,244,100,1.2543402074823363e-05,6136,0.0003123107455377111,1,5,adam,"{'neurons_per_layer_encoder': [244, 488, 976, 1952, 3904], 'neurons_per_layer_decoder': [3904]}",244,[3904],"[244, 488, 976, 1952, 3904]",[-7.159335422718071],[0.03267739638367195],0.664295697124109,COMPLETE
524,-7.114092573326694,-2.414789569371311,2025-01-09 21:48:54.243417,2025-01-09 21:49:16.837255,0 days 00:00:22.593838,0.011856970159757318,88,0.30000000000000004,244,100,1.1640868570247694e-05,6216,0.0003524551100319177,1,5,adam,"{'neurons_per_layer_encoder': [244, 488, 976, 1952, 3904], 'neurons_per_layer_decoder': [3904]}",244,[3904],"[244, 488, 976, 1952, 3904]",[-7.114092573326694],[-2.414789569371311],0.4148915096422122,COMPLETE
525,0.6545194147484009,0.2915383521575129,2025-01-09 21:48:58.684319,2025-01-09 21:49:13.335091,0 days 00:00:14.650772,0.01387345865052062,40,0.30000000000000004,36,100,0.00029207443839020133,111,0.002019612749065577,3,2,adam,"{'neurons_per_layer_encoder': [36, 72], 'neurons_per_layer_decoder': [72, 36, 18]}",36,"[72, 36, 18]","[36, 72]",[0.6545194147484009],[0.2915383521575129],0.6805994406089447,COMPLETE
526,0.5379579605549905,0.42203201432142756,2025-01-09 21:49:00.402047,2025-01-09 21:49:13.717208,0 days 00:00:13.315161,0.04152904849492586,40,0.30000000000000004,52,100,6.074304328246383e-06,128,0.00035466852027722624,3,2,adam,"{'neurons_per_layer_encoder': [52, 104], 'neurons_per_layer_decoder': [104, 52, 26]}",52,"[104, 52, 26]","[52, 104]",[0.5379579605549905],[0.42203201432142756],0.5205104333887185,COMPLETE
527,0.6027471629500658,0.071286594961947,2025-01-09 21:49:08.725868,2025-01-09 21:49:18.063171,0 days 00:00:09.337303,0.012694178359609102,40,0.30000000000000004,36,100,6.2210161558837735e-06,111,0.0003540311283495151,3,2,adam,"{'neurons_per_layer_encoder': [36, 72], 'neurons_per_layer_decoder': [72, 36, 18]}",36,"[72, 36, 18]","[36, 72]",[0.6027471629500658],[0.071286594961947],0.3787269105346811,COMPLETE
528,-0.16617604910121164,0.47148901537278665,2025-01-09 21:49:13.342678,2025-01-09 21:49:20.287597,0 days 00:00:06.944919,0.011053780641376156,40,0.1,52,100,9.093549657083958e-06,360,0.0004748063019088391,3,3,adam,"{'neurons_per_layer_encoder': [52, 104, 208], 'neurons_per_layer_decoder': [208, 104, 52]}",52,"[208, 104, 52]","[52, 104, 208]",[-0.16617604910121164],[0.47148901537278665],0.10036803032539507,COMPLETE
529,-0.09903169217558272,0.48347257073618766,2025-01-09 21:49:13.725878,2025-01-09 21:49:19.824813,0 days 00:00:06.098935,0.011097244006748164,32,0.1,44,100,8.616666747210433e-06,232,0.0007752111294565339,2,3,adam,"{'neurons_per_layer_encoder': [44, 88, 176], 'neurons_per_layer_decoder': [176, 88]}",44,"[176, 88]","[44, 88, 176]",[-0.09903169217558272],[0.48347257073618766],0.09929627218535773,COMPLETE
530,0.338201481546222,0.6115218683506893,2025-01-09 21:49:16.845175,2025-01-09 21:49:20.659432,0 days 00:00:03.814257,0.010938039216094911,32,0.1,16,100,8.406188262493725e-06,102,0.00048467859765393356,2,3,adam,"{'neurons_per_layer_encoder': [16, 32, 64], 'neurons_per_layer_decoder': [64, 32]}",16,"[64, 32]","[16, 32, 64]",[0.338201481546222],[0.6115218683506893],0.5003962030567306,COMPLETE
531,-2.7308046744124628,0.025438567271903634,2025-01-09 21:49:16.888873,2025-01-09 21:49:19.992150,0 days 00:00:03.103277,0.011038140513561145,32,0.1,256,100,9.110648542204135e-06,1800,1.5303272393480573e-05,2,3,sgd,"{'neurons_per_layer_encoder': [256, 512, 1024], 'neurons_per_layer_decoder': [1024, 512]}",256,"[1024, 512]","[256, 512, 1024]",[-2.7308046744124628],[0.025438567271903634],0.5067680664515898,COMPLETE
532,-3.2739645783024605,-0.24191576103634094,2025-01-09 21:49:18.072468,2025-01-09 21:49:19.764207,0 days 00:00:01.691739,0.010938860587639225,32,0.1,48,100,9.117232935994555e-06,328,2.393750877792757e-05,2,3,sgd,"{'neurons_per_layer_encoder': [48, 96, 192], 'neurons_per_layer_decoder': [192, 96]}",48,"[192, 96]","[48, 96, 192]",[-3.2739645783024605],[-0.24191576103634094],0.34235137360146844,COMPLETE
533,0.2977762201958635,0.6231850843200712,2025-01-09 21:49:19.769796,2025-01-09 21:49:24.293925,0 days 00:00:04.524129,0.015582126619276342,32,0.2,44,100,2.3055635274769303e-06,296,0.0004764174375312651,2,3,adam,"{'neurons_per_layer_encoder': [44, 88, 176], 'neurons_per_layer_decoder': [176, 88]}",44,"[176, 88]","[44, 88, 176]",[0.2977762201958635],[0.6231850843200712],0.5161470565060118,COMPLETE
534,-0.09096573918181039,0.3187018783584842,2025-01-09 21:49:19.834068,2025-01-09 21:49:23.944122,0 days 00:00:04.110054,0.013491711389546142,32,0.2,44,100,1.6522625131289096e-05,280,0.0006774971229312115,2,3,adam,"{'neurons_per_layer_encoder': [44, 88, 176], 'neurons_per_layer_decoder': [176, 88]}",44,"[176, 88]","[44, 88, 176]",[-0.09096573918181039],[0.3187018783584842],0.27139374617604933,COMPLETE
535,0.11452713467497111,0.3846811076183556,2025-01-09 21:49:19.998305,2025-01-09 21:49:24.078801,0 days 00:00:04.080496,0.013770041781474451,32,0.2,44,100,1.58051086255224e-05,280,0.00047264642258156427,2,3,adam,"{'neurons_per_layer_encoder': [44, 88, 176], 'neurons_per_layer_decoder': [176, 88]}",44,"[176, 88]","[44, 88, 176]",[0.11452713467497111],[0.3846811076183556],0.414296344298611,COMPLETE
536,0.3868189163422615,0.5162821597488539,2025-01-09 21:49:20.294420,2025-01-09 21:49:24.360040,0 days 00:00:04.065620,0.05527856216176778,32,0.2,44,100,1.5902856385447648e-05,200,0.0008935090265341263,2,3,adam,"{'neurons_per_layer_encoder': [44, 88, 176], 'neurons_per_layer_decoder': [176, 88]}",44,"[176, 88]","[44, 88, 176]",[0.3868189163422615],[0.5162821597488539],0.5079526910588359,COMPLETE
537,0.37563589768504924,0.6147116089631277,2025-01-09 21:49:20.666471,2025-01-09 21:49:39.848312,0 days 00:00:19.181841,0.11517465249994921,32,0.2,40,100,1.619991197675155e-05,1464,0.0006588218218411064,2,5,adam,"{'neurons_per_layer_encoder': [40, 80, 160, 320, 640], 'neurons_per_layer_decoder': [640, 320]}",40,"[640, 320]","[40, 80, 160, 320, 640]",[0.37563589768504924],[0.6147116089631277],0.7919701206004667,COMPLETE
538,-0.756917175386282,0.18998879479363096,2025-01-09 21:49:23.950774,2025-01-09 21:49:44.098574,0 days 00:00:20.147800,0.0157961836280883,32,0.30000000000000004,96,100,1.0520351875679296e-05,1560,9.84696976726753e-05,2,5,adam,"{'neurons_per_layer_encoder': [96, 192, 384, 768, 1536], 'neurons_per_layer_decoder': [1536, 768]}",96,"[1536, 768]","[96, 192, 384, 768, 1536]",[-0.756917175386282],[0.18998879479363096],0.6877458103002355,COMPLETE
539,0.7157357808100808,0.0684441865379839,2025-01-09 21:49:24.086893,2025-01-09 21:49:52.510042,0 days 00:00:28.423149,0.01007243100707913,32,0.30000000000000004,96,100,1.0712050841974496e-05,1560,0.00010156261607072277,3,5,adam,"{'neurons_per_layer_encoder': [96, 192, 384, 768, 1536], 'neurons_per_layer_decoder': [1536, 768, 384]}",96,"[1536, 768, 384]","[96, 192, 384, 768, 1536]",[0.7157357808100808],[0.0684441865379839],0.7706184550953947,COMPLETE
540,-7.233426126511512,-0.1268184120540672,2025-01-09 21:49:24.303078,2025-01-09 21:49:39.473014,0 days 00:00:15.169936,0.037372791527273186,32,0.30000000000000004,28,100,1.0569545784477176e-05,520,0.000810189240704947,3,5,adadelta,"{'neurons_per_layer_encoder': [28, 56, 112, 224, 448], 'neurons_per_layer_decoder': [448, 224, 112]}",28,"[448, 224, 112]","[28, 56, 112, 224, 448]",[-7.233426126511512],[-0.1268184120540672],0.45406927849408735,COMPLETE
541,0.022265637452271836,-1.8563418665054363,2025-01-09 21:49:24.366876,2025-01-09 21:49:42.139239,0 days 00:00:17.772363,0.021597422777760514,32,0.30000000000000004,64,100,1.0361188554074545e-05,1336,0.0002630300284031096,3,5,adadelta,"{'neurons_per_layer_encoder': [64, 128, 256, 512, 1024], 'neurons_per_layer_decoder': [1024, 512, 256]}",64,"[1024, 512, 256]","[64, 128, 256, 512, 1024]",[0.022265637452271836],[-1.8563418665054363],0.3976632273669769,COMPLETE
542,0.3742125089756838,0.4421319499597245,2025-01-09 21:49:39.482508,2025-01-09 21:49:57.451877,0 days 00:00:17.969369,0.01192914489350166,32,0.4,64,100,1.1910637418830444e-05,1048,0.0006818054049631189,2,5,adam,"{'neurons_per_layer_encoder': [64, 128, 256, 512, 1024], 'neurons_per_layer_decoder': [1024, 512]}",64,"[1024, 512]","[64, 128, 256, 512, 1024]",[0.3742125089756838],[0.4421319499597245],0.7874570008199563,COMPLETE
543,0.008376470625796717,-0.014216618035985285,2025-01-09 21:49:39.858498,2025-01-09 21:49:59.723846,0 days 00:00:19.865348,0.01219234520462104,32,0.4,52,100,1.2793019376589728e-05,1448,3.0068238777856527e-05,4,5,adam,"{'neurons_per_layer_encoder': [52, 104, 208, 416, 832], 'neurons_per_layer_decoder': [832, 416, 208, 104]}",52,"[832, 416, 208, 104]","[52, 104, 208, 416, 832]",[0.008376470625796717],[-0.014216618035985285],0.7826043982126553,COMPLETE
544,-0.0980495464785196,0.45374506629134326,2025-01-09 21:49:42.150897,2025-01-09 21:50:13.135933,0 days 00:00:30.985036,0.012559455155347484,32,0.1,96,100,4.364540191230053e-05,2552,3.0211927092943975e-05,4,5,adam,"{'neurons_per_layer_encoder': [96, 192, 384, 768, 1536], 'neurons_per_layer_decoder': [1536, 768, 384, 192]}",96,"[1536, 768, 384, 192]","[96, 192, 384, 768, 1536]",[-0.0980495464785196],[0.45374506629134326],0.931227838565166,COMPLETE
545,-3.434678690705576,0.03063940119859887,2025-01-09 21:49:44.107082,2025-01-09 21:49:55.177876,0 days 00:00:11.070794,0.07738112996317184,40,0.4,52,100,1.2035685801184177e-05,1480,1.0582209142149514e-05,4,5,adam,"{'neurons_per_layer_encoder': [52, 104, 208, 416, 832], 'neurons_per_layer_decoder': [832, 416, 208, 104]}",52,"[832, 416, 208, 104]","[52, 104, 208, 416, 832]",[-3.434678690705576],[0.03063940119859887],0.6639306777955614,COMPLETE
546,0.2183931076880412,0.4759210780385742,2025-01-09 21:49:52.521493,2025-01-09 21:51:26.124071,0 days 00:01:33.602578,0.012014688495703713,32,0.2,232,100,5.211410908615622e-06,3736,1.0251753371536539e-05,3,5,adam,"{'neurons_per_layer_encoder': [232, 464, 928, 1856, 3712], 'neurons_per_layer_decoder': [3712, 1856, 928]}",232,"[3712, 1856, 928]","[232, 464, 928, 1856, 3712]",[0.2183931076880412],[0.4759210780385742],0.8411591831838016,COMPLETE
547,0.2485893461134202,0.3924955957377696,2025-01-09 21:49:55.190260,2025-01-09 21:50:15.528800,0 days 00:00:20.338540,0.0100666213234091,32,0.2,48,100,5.192307957210738e-06,1432,0.0007817571699359706,3,5,adam,"{'neurons_per_layer_encoder': [48, 96, 192, 384, 768], 'neurons_per_layer_decoder': [768, 384, 192]}",48,"[768, 384, 192]","[48, 96, 192, 384, 768]",[0.2485893461134202],[0.3924955957377696],0.5371982425292197,COMPLETE
548,-0.4697223027311894,0.10915991371879652,2025-01-09 21:49:57.470732,2025-01-09 21:50:09.710379,0 days 00:00:12.239647,0.010060141420398551,32,0.2,32,100,5.55994757368306e-06,1256,0.0005811197557189224,3,5,adam,"{'neurons_per_layer_encoder': [32, 64, 128, 256, 512], 'neurons_per_layer_decoder': [512, 256, 128]}",32,"[512, 256, 128]","[32, 64, 128, 256, 512]",[-0.4697223027311894],[0.10915991371879652],0.3786875192689217,COMPLETE
549,0.3617243700169972,0.24307025118695935,2025-01-09 21:49:59.743665,2025-01-09 21:50:21.103973,0 days 00:00:21.360308,0.010014907775263232,32,0.2,32,100,5.421583749782894e-06,1256,0.0010575857725207813,3,5,adam,"{'neurons_per_layer_encoder': [32, 64, 128, 256, 512], 'neurons_per_layer_decoder': [512, 256, 128]}",32,"[512, 256, 128]","[32, 64, 128, 256, 512]",[0.3617243700169972],[0.24307025118695935],0.420552269091715,COMPLETE
550,-0.2124207323610876,0.2043708361932316,2025-01-09 21:50:09.718922,2025-01-09 21:51:40.393733,0 days 00:01:30.674811,0.020172229169113817,32,0.2,232,100,1.3342383623724786e-05,3736,0.000986585729114711,3,5,adam,"{'neurons_per_layer_encoder': [232, 464, 928, 1856, 3712], 'neurons_per_layer_decoder': [3712, 1856, 928]}",232,"[3712, 1856, 928]","[232, 464, 928, 1856, 3712]",[-0.2124207323610876],[0.2043708361932316],0.8367258113681475,COMPLETE
551,-0.37289597657127094,-0.24724279937943772,2025-01-09 21:50:13.150905,2025-01-09 21:50:26.739243,0 days 00:00:13.588338,0.014807509468423161,32,0.2,36,100,1.4325636269689159e-05,600,0.0007945495088169563,3,5,sgd,"{'neurons_per_layer_encoder': [36, 72, 144, 288, 576], 'neurons_per_layer_decoder': [576, 288, 144]}",36,"[576, 288, 144]","[36, 72, 144, 288, 576]",[-0.37289597657127094],[-0.24724279937943772],0.622060176579552,COMPLETE
552,0.061801244451788584,-0.13395618615043192,2025-01-09 21:50:15.540807,2025-01-09 21:50:29.678104,0 days 00:00:14.137297,0.014386051200742435,32,0.2,36,100,1.3078275481910821e-05,600,0.001013371648902046,3,5,sgd,"{'neurons_per_layer_encoder': [36, 72, 144, 288, 576], 'neurons_per_layer_decoder': [576, 288, 144]}",36,"[576, 288, 144]","[36, 72, 144, 288, 576]",[0.061801244451788584],[-0.13395618615043192],0.6429919366381156,COMPLETE
553,-6.686737863042898,-0.30141217456002845,2025-01-09 21:50:21.114842,2025-01-09 21:50:28.392665,0 days 00:00:07.277823,0.03775467863834559,32,0.2,36,100,6.562959432934651e-05,600,0.0009136555649337224,3,5,sgd,"{'neurons_per_layer_encoder': [36, 72, 144, 288, 576], 'neurons_per_layer_decoder': [576, 288, 144]}",36,"[576, 288, 144]","[36, 72, 144, 288, 576]",[-6.686737863042898],[-0.30141217456002845],0.6302964650497573,COMPLETE
