number,values_0,values_1,datetime_start,datetime_complete,duration,params_alpha,params_batch_size,params_drop_out_rate,params_encoder_neurons_layer_1,params_epochs,params_lambda,params_latent_dim,params_learning_rate,params_num_layers_decoder,params_num_layers_encoder,params_optimizer,user_attrs_encoder_decoder_config,user_attrs_first_layer_neurons,user_attrs_neurons_per_layer_decoder,user_attrs_neurons_per_layer_encoder,user_attrs_r2_feature_1,user_attrs_r2_feature_2,user_attrs_relative_deterioration,state
256,0.5849671625838063,0.34386818969851685,2025-01-09 21:35:01.124230,2025-01-09 21:35:55.495770,0 days 00:00:54.371540,0.043009512406877,32,0.4,116,100,1.923354226025393e-05,3816,5.1323459297169094e-05,3,5,adam,"{'neurons_per_layer_encoder': [116, 232, 464, 928, 1856], 'neurons_per_layer_decoder': [1856, 928, 464]}",116,"[1856, 928, 464]","[116, 232, 464, 928, 1856]",[0.5849671625838063],[0.34386818969851685],0.9086550642007454,COMPLETE
257,0.380120912596968,0.25591793475448366,2025-01-09 21:35:13.550178,2025-01-09 21:36:05.472032,0 days 00:00:51.921854,0.03801293370918692,32,0.4,116,100,3.713739729928331e-05,2840,7.662136056876397e-05,3,5,adam,"{'neurons_per_layer_encoder': [116, 232, 464, 928, 1856], 'neurons_per_layer_decoder': [1856, 928, 464]}",116,"[1856, 928, 464]","[116, 232, 464, 928, 1856]",[0.380120912596968],[0.25591793475448366],0.93151329815298,COMPLETE
258,0.37493429296124803,0.2361022071711123,2025-01-09 21:35:23.196038,2025-01-09 21:36:21.474912,0 days 00:00:58.278874,0.03797592648234823,32,0.4,112,100,2.1754872802308497e-05,3800,9.892105681403653e-05,3,5,adam,"{'neurons_per_layer_encoder': [112, 224, 448, 896, 1792], 'neurons_per_layer_decoder': [1792, 896, 448]}",112,"[1792, 896, 448]","[112, 224, 448, 896, 1792]",[0.37493429296124803],[0.2361022071711123],0.892720701359281,COMPLETE
259,-1.1621826118306497,0.05374572929080601,2025-01-09 21:35:43.300877,2025-01-09 21:36:04.371629,0 days 00:00:21.070752,0.037179547784606824,32,0.4,12,100,2.0135203432800857e-05,424,2.7757299165647335e-05,3,5,adam,"{'neurons_per_layer_encoder': [12, 24, 48, 96, 192], 'neurons_per_layer_decoder': [192, 96, 48]}",12,"[192, 96, 48]","[12, 24, 48, 96, 192]",[-1.1621826118306497],[0.05374572929080601],0.6111017083946997,COMPLETE
260,-1.3136874877954634,0.14706129746476448,2025-01-09 21:35:45.101976,2025-01-09 21:36:05.353943,0 days 00:00:20.251967,0.03811167273304653,32,0.4,108,100,9.998747995431624e-06,2504,5.253913681768886e-05,2,5,adam,"{'neurons_per_layer_encoder': [108, 216, 432, 864, 1728], 'neurons_per_layer_decoder': [1728, 864]}",108,"[1728, 864]","[108, 216, 432, 864, 1728]",[-1.3136874877954634],[0.14706129746476448],0.7015044532296852,COMPLETE
261,0.6250765831262375,0.4252504373285283,2025-01-09 21:35:55.507527,2025-01-09 21:36:44.673247,0 days 00:00:49.165720,0.03805561593296492,32,0.4,112,100,1.3496229973364246e-05,2728,5.7845140403542524e-05,2,5,adam,"{'neurons_per_layer_encoder': [112, 224, 448, 896, 1792], 'neurons_per_layer_decoder': [1792, 896]}",112,"[1792, 896]","[112, 224, 448, 896, 1792]",[0.6250765831262375],[0.4252504373285283],0.8847143271071521,COMPLETE
262,0.42054797452490156,0.2923868586639905,2025-01-09 21:36:04.393458,2025-01-09 21:36:49.425500,0 days 00:00:45.032042,0.03810688276550095,32,0.4,112,100,9.536628278206512e-06,2680,5.61812640268959e-05,2,5,adam,"{'neurons_per_layer_encoder': [112, 224, 448, 896, 1792], 'neurons_per_layer_decoder': [1792, 896]}",112,"[1792, 896]","[112, 224, 448, 896, 1792]",[0.42054797452490156],[0.2923868586639905],0.8260297918101203,COMPLETE
263,0.4445606720876071,0.14922278174427717,2025-01-09 21:36:05.368733,2025-01-09 21:36:50.394889,0 days 00:00:45.026156,0.03989595005755154,32,0.4,108,100,1.2654952450311597e-05,2872,4.114355977220654e-05,2,5,adam,"{'neurons_per_layer_encoder': [108, 216, 432, 864, 1728], 'neurons_per_layer_decoder': [1728, 864]}",108,"[1728, 864]","[108, 216, 432, 864, 1728]",[0.4445606720876071],[0.14922278174427717],0.8141542337810802,COMPLETE
264,0.462826003211561,-0.26930052529438653,2025-01-09 21:36:05.484227,2025-01-09 21:36:44.602221,0 days 00:00:39.117994,0.041014354637626364,32,0.4,112,100,1.3727981004286613e-05,3240,6.55612009742552e-05,2,5,adam,"{'neurons_per_layer_encoder': [112, 224, 448, 896, 1792], 'neurons_per_layer_decoder': [1792, 896]}",112,"[1792, 896]","[112, 224, 448, 896, 1792]",[0.462826003211561],[-0.26930052529438653],0.762685350693182,COMPLETE
265,0.5399348388274054,0.3012850206871577,2025-01-09 21:36:21.504073,2025-01-09 21:36:52.057299,0 days 00:00:30.553226,0.03947673517801782,32,0.4,60,100,1.215825172780378e-05,1512,4.20202115399494e-05,2,5,adam,"{'neurons_per_layer_encoder': [60, 120, 240, 480, 960], 'neurons_per_layer_decoder': [960, 480]}",60,"[960, 480]","[60, 120, 240, 480, 960]",[0.5399348388274054],[0.3012850206871577],0.810630229463344,COMPLETE
266,-0.5674313683409258,0.6045299252885774,2025-01-09 21:36:44.612510,2025-01-09 21:37:16.405785,0 days 00:00:31.793275,0.014119047467816895,32,0.4,108,100,1.2331390771552611e-05,2216,4.087806646013287e-05,2,5,adam,"{'neurons_per_layer_encoder': [108, 216, 432, 864, 1728], 'neurons_per_layer_decoder': [1728, 864]}",108,"[1728, 864]","[108, 216, 432, 864, 1728]",[-0.5674313683409258],[0.6045299252885774],0.8452118247133479,COMPLETE
267,0.3166216673978036,0.06470843875296672,2025-01-09 21:36:44.685018,2025-01-09 21:37:20.363100,0 days 00:00:35.678082,0.04311859834304776,32,0.4,108,100,1.5838810107835804e-05,2248,3.9379287008349646e-05,3,5,adam,"{'neurons_per_layer_encoder': [108, 216, 432, 864, 1728], 'neurons_per_layer_decoder': [1728, 864, 432]}",108,"[1728, 864, 432]","[108, 216, 432, 864, 1728]",[0.3166216673978036],[0.06470843875296672],0.8416338162392629,COMPLETE
268,0.26224915723123965,-0.30400544291213216,2025-01-09 21:36:49.442045,2025-01-09 21:37:13.450922,0 days 00:00:24.008877,0.013870661739938311,32,0.4,60,100,1.3019554646663997e-05,1864,0.00012082600116542739,3,5,adam,"{'neurons_per_layer_encoder': [60, 120, 240, 480, 960], 'neurons_per_layer_decoder': [960, 480, 240]}",60,"[960, 480, 240]","[60, 120, 240, 480, 960]",[0.26224915723123965],[-0.30400544291213216],0.6878056561028754,COMPLETE
269,0.27320319891838607,0.06983428530158242,2025-01-09 21:36:50.402849,2025-01-09 21:37:13.623272,0 days 00:00:23.220423,0.014029245190036461,32,0.4,60,100,1.2436547087366872e-05,1512,0.00010555159726201935,3,5,adam,"{'neurons_per_layer_encoder': [60, 120, 240, 480, 960], 'neurons_per_layer_decoder': [960, 480, 240]}",60,"[960, 480, 240]","[60, 120, 240, 480, 960]",[0.27320319891838607],[0.06983428530158242],0.7633523934324543,COMPLETE
270,0.26535036623525543,-0.02824007007285889,2025-01-09 21:36:52.066219,2025-01-09 21:37:13.315493,0 days 00:00:21.249274,0.03572684234243057,32,0.4,28,100,1.0869961485566142e-05,1048,0.00013013696691010598,3,5,adam,"{'neurons_per_layer_encoder': [28, 56, 112, 224, 448], 'neurons_per_layer_decoder': [448, 224, 112]}",28,"[448, 224, 112]","[28, 56, 112, 224, 448]",[0.26535036623525543],[-0.02824007007285889],0.6477028789324062,COMPLETE
271,-0.10750469560066311,0.056972684119372285,2025-01-09 21:37:13.331574,2025-01-09 21:37:32.954225,0 days 00:00:19.622651,0.01447396015430921,32,0.4,48,100,8.73115146662313e-06,1128,3.570971481071472e-05,3,5,adam,"{'neurons_per_layer_encoder': [48, 96, 192, 384, 768], 'neurons_per_layer_decoder': [768, 384, 192]}",48,"[768, 384, 192]","[48, 96, 192, 384, 768]",[-0.10750469560066311],[0.056972684119372285],0.7297152780427997,COMPLETE
272,-0.11117461536926143,-0.02229394220788672,2025-01-09 21:37:13.467299,2025-01-09 21:37:32.305431,0 days 00:00:18.838132,0.04309155076397095,32,0.4,48,100,1.3674004757133335e-05,1096,2.988236245165552e-05,3,5,adam,"{'neurons_per_layer_encoder': [48, 96, 192, 384, 768], 'neurons_per_layer_decoder': [768, 384, 192]}",48,"[768, 384, 192]","[48, 96, 192, 384, 768]",[-0.11117461536926143],[-0.02229394220788672],0.7209441920707634,COMPLETE
273,-0.4983532565832842,-0.09865536383631612,2025-01-09 21:37:13.634376,2025-01-09 21:37:28.817795,0 days 00:00:15.183419,0.04469396841622764,32,0.4,72,100,1.5669975094641718e-05,2104,3.1990451489174325e-05,3,5,adam,"{'neurons_per_layer_encoder': [72, 144, 288, 576, 1152], 'neurons_per_layer_decoder': [1152, 576, 288]}",72,"[1152, 576, 288]","[72, 144, 288, 576, 1152]",[-0.4983532565832842],[-0.09865536383631612],0.7538842302947526,COMPLETE
274,-0.7547072445995378,0.11974681236313311,2025-01-09 21:37:16.419650,2025-01-09 21:37:39.407626,0 days 00:00:22.987976,0.045425604575817145,32,0.4,124,100,1.531217111929674e-05,2088,3.0653079880608956e-05,3,5,adam,"{'neurons_per_layer_encoder': [124, 248, 496, 992, 1984], 'neurons_per_layer_decoder': [1984, 992, 496]}",124,"[1984, 992, 496]","[124, 248, 496, 992, 1984]",[-0.7547072445995378],[0.11974681236313311],0.8154683308653369,COMPLETE
275,-0.56040628222056,-0.23008470869912512,2025-01-09 21:37:20.380320,2025-01-09 21:37:38.271297,0 days 00:00:17.890977,0.012925330037743647,32,0.4,48,100,1.541382155916612e-05,1112,2.2520209546045207e-05,3,5,adam,"{'neurons_per_layer_encoder': [48, 96, 192, 384, 768], 'neurons_per_layer_decoder': [768, 384, 192]}",48,"[768, 384, 192]","[48, 96, 192, 384, 768]",[-0.56040628222056],[-0.23008470869912512],0.665740488606801,COMPLETE
276,0.5389868710174986,0.1594187210095811,2025-01-09 21:37:28.828992,2025-01-09 21:38:26.557078,0 days 00:00:57.728086,0.05103158755149458,32,0.4,124,100,1.719822600261813e-05,4296,7.794391146729564e-05,3,5,adam,"{'neurons_per_layer_encoder': [124, 248, 496, 992, 1984], 'neurons_per_layer_decoder': [1984, 992, 496]}",124,"[1984, 992, 496]","[124, 248, 496, 992, 1984]",[0.5389868710174986],[0.1594187210095811],0.8816655903086463,COMPLETE
277,-0.3605737154077868,0.4377067314111279,2025-01-09 21:37:32.315501,2025-01-09 21:38:15.833970,0 days 00:00:43.518469,0.05153565744152856,32,0.1,124,100,8.881835622580972e-06,2008,0.00019939257236746113,3,5,adam,"{'neurons_per_layer_encoder': [124, 248, 496, 992, 1984], 'neurons_per_layer_decoder': [1984, 992, 496]}",124,"[1984, 992, 496]","[124, 248, 496, 992, 1984]",[-0.3605737154077868],[0.4377067314111279],0.7167711784380182,COMPLETE
278,0.1635507850062229,0.5656540765712614,2025-01-09 21:37:32.965419,2025-01-09 21:37:51.506308,0 days 00:00:18.540889,0.05289954364758188,32,0.1,16,100,1.5653137554571348e-05,536,9.366893651720241e-05,3,5,adam,"{'neurons_per_layer_encoder': [16, 32, 64, 128, 256], 'neurons_per_layer_decoder': [256, 128, 64]}",16,"[256, 128, 64]","[16, 32, 64, 128, 256]",[0.1635507850062229],[0.5656540765712614],0.6923568668496742,COMPLETE
279,-0.3272462671593326,-0.034047597707957955,2025-01-09 21:37:38.281135,2025-01-09 21:38:08.597344,0 days 00:00:30.316209,0.03327913808876611,32,0.1,120,100,1.4704228875453984e-06,1944,0.00015041402995951843,3,5,adam,"{'neurons_per_layer_encoder': [120, 240, 480, 960, 1920], 'neurons_per_layer_decoder': [1920, 960, 480]}",120,"[1920, 960, 480]","[120, 240, 480, 960, 1920]",[-0.3272462671593326],[-0.034047597707957955],-0.025706031758796214,COMPLETE
280,-0.7404000394491737,0.5906903765071525,2025-01-09 21:37:39.423137,2025-01-09 21:38:42.637643,0 days 00:01:03.214506,0.05151091573064959,32,0.1,124,100,1.4732227535238331e-06,4280,8.805710614665722e-05,3,5,adam,"{'neurons_per_layer_encoder': [124, 248, 496, 992, 1984], 'neurons_per_layer_decoder': [1984, 992, 496]}",124,"[1984, 992, 496]","[124, 248, 496, 992, 1984]",[-0.7404000394491737],[0.5906903765071525],0.2814633900356073,COMPLETE
281,0.11452974757101853,-0.16332194592210403,2025-01-09 21:37:51.523598,2025-01-09 21:38:18.991176,0 days 00:00:27.467578,0.033225501673201374,32,0.1,32,100,1.0395822838430189e-05,1160,2.315804037753468e-05,3,5,adam,"{'neurons_per_layer_encoder': [32, 64, 128, 256, 512], 'neurons_per_layer_decoder': [512, 256, 128]}",32,"[512, 256, 128]","[32, 64, 128, 256, 512]",[0.11452974757101853],[-0.16332194592210403],0.45849033964441627,COMPLETE
282,-0.15252027826096493,0.21486132398567548,2025-01-09 21:38:08.635440,2025-01-09 21:38:34.167493,0 days 00:00:25.532053,0.08023246478847541,32,0.1,32,100,1.7364486443789056e-05,904,0.00020246361064438359,3,5,adam,"{'neurons_per_layer_encoder': [32, 64, 128, 256, 512], 'neurons_per_layer_decoder': [512, 256, 128]}",32,"[512, 256, 128]","[32, 64, 128, 256, 512]",[-0.15252027826096493],[0.21486132398567548],0.5625163748393484,COMPLETE
283,0.08385949438033269,0.5331676626623678,2025-01-09 21:38:15.853540,2025-01-09 21:38:38.767999,0 days 00:00:22.914459,0.03594581628131646,32,0.1,28,100,1.766294057425076e-05,984,8.266457442678803e-05,3,5,adam,"{'neurons_per_layer_encoder': [28, 56, 112, 224, 448], 'neurons_per_layer_decoder': [448, 224, 112]}",28,"[448, 224, 112]","[28, 56, 112, 224, 448]",[0.08385949438033269],[0.5331676626623678],0.7060864179587366,COMPLETE
284,-0.06600756025931975,0.511615346797353,2025-01-09 21:38:18.999911,2025-01-09 21:38:56.294653,0 days 00:00:37.294742,0.035819441843736,32,0.2,116,100,1.6501512123732372e-06,1880,8.2421812829653e-05,3,5,adam,"{'neurons_per_layer_encoder': [116, 232, 464, 928, 1856], 'neurons_per_layer_decoder': [1856, 928, 464]}",116,"[1856, 928, 464]","[116, 232, 464, 928, 1856]",[-0.06600756025931975],[0.511615346797353],0.5792445053422505,COMPLETE
285,-0.05463192065995215,0.5167078376451264,2025-01-09 21:38:26.591575,2025-01-09 21:39:00.543544,0 days 00:00:33.951969,0.013291548276044337,32,0.1,116,100,1.564903232451073e-06,1880,2.4999161992044618e-05,3,5,adam,"{'neurons_per_layer_encoder': [116, 232, 464, 928, 1856], 'neurons_per_layer_decoder': [1856, 928, 464]}",116,"[1856, 928, 464]","[116, 232, 464, 928, 1856]",[-0.05463192065995215],[0.5167078376451264],0.5165260600452546,COMPLETE
286,-0.5783464960584201,0.16398014911673142,2025-01-09 21:38:34.178439,2025-01-09 21:38:53.043489,0 days 00:00:18.865050,0.03643997012150113,32,0.1,8,100,1.7071221533929254e-06,248,0.0002841598489523362,3,5,adam,"{'neurons_per_layer_encoder': [8, 16, 32, 64, 128], 'neurons_per_layer_decoder': [128, 64, 32]}",8,"[128, 64, 32]","[8, 16, 32, 64, 128]",[-0.5783464960584201],[0.16398014911673142],0.24707819241649298,COMPLETE
287,-0.36585894570663013,-0.37803917717425595,2025-01-09 21:38:38.779132,2025-01-09 21:38:53.219696,0 days 00:00:14.440564,0.012961330592638615,32,0.4,152,100,1.6209588143196193e-06,1752,0.0002994540498198199,3,4,adam,"{'neurons_per_layer_encoder': [152, 304, 608, 1216], 'neurons_per_layer_decoder': [1216, 608, 304]}",152,"[1216, 608, 304]","[152, 304, 608, 1216]",[-0.36585894570663013],[-0.37803917717425595],0.3434751663409307,COMPLETE
288,0.026993098013537553,0.5334163667462419,2025-01-09 21:38:42.648113,2025-01-09 21:39:02.737993,0 days 00:00:20.089880,0.06060267766090424,32,0.2,68,100,1.7243468399959946e-06,936,0.00015705821768248303,3,4,adam,"{'neurons_per_layer_encoder': [68, 136, 272, 544], 'neurons_per_layer_decoder': [544, 272, 136]}",68,"[544, 272, 136]","[68, 136, 272, 544]",[0.026993098013537553],[0.5334163667462419],0.5002922912564016,COMPLETE
289,-4.844917789749738,-0.4108179635595841,2025-01-09 21:38:53.057142,2025-01-09 21:39:03.342937,0 days 00:00:10.285795,0.015384943008085785,32,0.2,116,100,1.272482473334455e-06,1704,2.6433449865113398e-05,3,4,adam,"{'neurons_per_layer_encoder': [116, 232, 464, 928], 'neurons_per_layer_decoder': [928, 464, 232]}",116,"[928, 464, 232]","[116, 232, 464, 928]",[-4.844917789749738],[-0.4108179635595841],0.20398347695896635,COMPLETE
290,0.40442211641223436,0.3171943541428177,2025-01-09 21:38:53.231183,2025-01-09 21:39:29.394989,0 days 00:00:36.163806,0.0409883632027114,32,0.2,112,100,1.0508815626340657e-05,2968,2.121826002345799e-05,3,5,adam,"{'neurons_per_layer_encoder': [112, 224, 448, 896, 1792], 'neurons_per_layer_decoder': [1792, 896, 448]}",112,"[1792, 896, 448]","[112, 224, 448, 896, 1792]",[0.40442211641223436],[0.3171943541428177],0.8249701080039267,COMPLETE
291,-0.903368133699137,0.011383580190147513,2025-01-09 21:38:56.304789,2025-01-09 21:39:13.228417,0 days 00:00:16.923628,0.015306603547121258,32,0.4,68,100,1.1064329291634754e-05,1208,2.0645622095191827e-05,3,4,adam,"{'neurons_per_layer_encoder': [68, 136, 272, 544], 'neurons_per_layer_decoder': [544, 272, 136]}",68,"[544, 272, 136]","[68, 136, 272, 544]",[-0.903368133699137],[0.011383580190147513],0.6192880994582659,COMPLETE
292,0.07725751808923464,0.11034458730305208,2025-01-09 21:39:00.560146,2025-01-09 21:39:14.180433,0 days 00:00:13.620287,0.04106439599141121,32,0.4,72,100,1.1942267376414653e-06,600,0.0008375345124210243,3,4,adam,"{'neurons_per_layer_encoder': [72, 144, 288, 576], 'neurons_per_layer_decoder': [576, 288, 144]}",72,"[576, 288, 144]","[72, 144, 288, 576]",[0.07725751808923464],[0.11034458730305208],0.36992726791610814,COMPLETE
293,0.17055484262589493,-0.16687889670399558,2025-01-09 21:39:03.356837,2025-01-09 21:39:36.604535,0 days 00:00:33.247698,0.04096235682214951,32,0.4,104,100,9.946756954734171e-06,3064,6.118825454323386e-05,3,5,adam,"{'neurons_per_layer_encoder': [104, 208, 416, 832, 1664], 'neurons_per_layer_decoder': [1664, 832, 416]}",104,"[1664, 832, 416]","[104, 208, 416, 832, 1664]",[0.17055484262589493],[-0.16687889670399558],0.7336674326097207,COMPLETE
294,0.47324460508249977,-0.04543877987082379,2025-01-09 21:39:13.246549,2025-01-09 21:39:29.949276,0 days 00:00:16.702727,0.012440536972505238,32,0.30000000000000004,40,100,1.048459432441795e-05,664,0.0015363516014204562,2,5,adam,"{'neurons_per_layer_encoder': [40, 80, 160, 320, 640], 'neurons_per_layer_decoder': [640, 320]}",40,"[640, 320]","[40, 80, 160, 320, 640]",[0.47324460508249977],[-0.04543877987082379],0.5118993547512984,COMPLETE
295,-1.6324809836115026,-0.09135912457496986,2025-01-09 21:39:14.193875,2025-01-09 21:39:27.631876,0 days 00:00:13.438001,0.12023924349781241,32,0.30000000000000004,100,100,7.668814496648655e-06,3080,7.09200224319655e-05,2,5,sgd,"{'neurons_per_layer_encoder': [100, 200, 400, 800, 1600], 'neurons_per_layer_decoder': [1600, 800]}",100,"[1600, 800]","[100, 200, 400, 800, 1600]",[-1.6324809836115026],[-0.09135912457496986],0.6336812412689764,COMPLETE
296,0.10972938785005437,0.28917021940509213,2025-01-09 21:39:29.409616,2025-01-09 21:40:11.816444,0 days 00:00:42.406828,0.012504839336276328,32,0.1,160,100,1.4147566723373647e-05,2584,6.338783132598878e-05,2,5,adam,"{'neurons_per_layer_encoder': [160, 320, 640, 1280, 2560], 'neurons_per_layer_decoder': [2560, 1280]}",160,"[2560, 1280]","[160, 320, 640, 1280, 2560]",[0.10972938785005437],[0.28917021940509213],0.8345316341872803,COMPLETE
297,-0.17134593368400441,-0.06685676212814151,2025-01-09 21:39:29.960950,2025-01-09 21:39:59.880598,0 days 00:00:29.919648,0.011871506466917356,32,0.1,104,100,0.0005940576560855837,2312,0.0058897075746800615,3,5,adam,"{'neurons_per_layer_encoder': [104, 208, 416, 832, 1664], 'neurons_per_layer_decoder': [1664, 832, 416]}",104,"[1664, 832, 416]","[104, 208, 416, 832, 1664]",[-0.17134593368400441],[-0.06685676212814151],0.7509385722203785,COMPLETE
298,0.032448213383688085,0.41837628098641944,2025-01-09 21:39:36.616371,2025-01-09 21:40:11.170950,0 days 00:00:34.554579,0.01141994086260621,32,0.1,108,100,1.456370808924095e-05,2712,0.00011463248273814306,3,5,adam,"{'neurons_per_layer_encoder': [108, 216, 432, 864, 1728], 'neurons_per_layer_decoder': [1728, 864, 432]}",108,"[1728, 864, 432]","[108, 216, 432, 864, 1728]",[0.032448213383688085],[0.41837628098641944],0.8228635374120054,COMPLETE
299,-3.432038944428345,-0.04723146150422841,2025-01-09 21:40:11.821626,2025-01-09 21:40:12.861152,0 days 00:00:01.039526,0.047465932009717056,72,0.4,232,100,1.2983683009024024e-05,368,0.0007170264466825525,3,1,sgd,"{'neurons_per_layer_encoder': [232], 'neurons_per_layer_decoder': [232, 116, 58]}",232,"[232, 116, 58]",[232],[-3.432038944428345],[-0.04723146150422841],0.5495358689123728,COMPLETE
300,0.1632532580816325,0.2318032919936095,2025-01-09 21:40:49.129652,2025-01-09 21:41:02.615099,0 days 00:00:13.485447,0.03400975982381154,40,0.1,20,100,1.003729475132262e-06,696,0.0029733858853774483,3,5,adam,"{'neurons_per_layer_encoder': [20, 40, 80, 160, 320], 'neurons_per_layer_decoder': [320, 160, 80]}",20,"[320, 160, 80]","[20, 40, 80, 160, 320]",[0.1632532580816325],[0.2318032919936095],-0.44283829827313465,COMPLETE
301,0.24872401956902335,0.3489978403377497,2025-01-09 21:40:49.130937,2025-01-09 21:40:58.186092,0 days 00:00:09.055155,0.034731705903648415,40,0.1,20,100,1.0260547560289905e-06,648,0.003055336979427329,3,5,adam,"{'neurons_per_layer_encoder': [20, 40, 80, 160, 320], 'neurons_per_layer_decoder': [320, 160, 80]}",20,"[320, 160, 80]","[20, 40, 80, 160, 320]",[0.24872401956902335],[0.3489978403377497],-0.07842186675267794,COMPLETE
302,0.15062791347948223,0.187171839496172,2025-01-09 21:40:49.133138,2025-01-09 21:41:12.992165,0 days 00:00:23.859027,0.033898114715653745,40,0.1,132,100,0.00017418382046539596,2488,0.00044125433407978833,3,5,adam,"{'neurons_per_layer_encoder': [132, 264, 528, 1056, 2112], 'neurons_per_layer_decoder': [2112, 1056, 528]}",132,"[2112, 1056, 528]","[132, 264, 528, 1056, 2112]",[0.15062791347948223],[0.187171839496172],0.9531656160774706,COMPLETE
303,0.07092417833639242,-0.2475139154614443,2025-01-09 21:40:49.139082,2025-01-09 21:41:00.770611,0 days 00:00:11.631529,0.07418697150757005,40,0.1,56,100,1.0214261645259311e-06,1336,3.474073798736685e-05,3,5,adam,"{'neurons_per_layer_encoder': [56, 112, 224, 448, 896], 'neurons_per_layer_decoder': [896, 448, 224]}",56,"[896, 448, 224]","[56, 112, 224, 448, 896]",[0.07092417833639242],[-0.2475139154614443],-0.0029860501352111527,COMPLETE
304,-0.0032455772594881527,-0.07217946231338912,2025-01-09 21:40:49.131942,2025-01-09 21:41:05.037321,0 days 00:00:15.905379,0.19427356935438203,40,0.1,132,100,1.030544482747951e-06,2440,0.00047313212915600953,3,5,adam,"{'neurons_per_layer_encoder': [132, 264, 528, 1056, 2112], 'neurons_per_layer_decoder': [2112, 1056, 528]}",132,"[2112, 1056, 528]","[132, 264, 528, 1056, 2112]",[-0.0032455772594881527],[-0.07217946231338912],-0.2780464973384246,COMPLETE
