number,values_0,values_1,datetime_start,datetime_complete,duration,params_alpha,params_batch_size,params_drop_out_rate,params_encoder_neurons_layer_1,params_epochs,params_lambda,params_latent_dim,params_learning_rate,params_num_layers_decoder,params_num_layers_encoder,params_optimizer,user_attrs_encoder_decoder_config,user_attrs_first_layer_neurons,user_attrs_neurons_per_layer_decoder,user_attrs_neurons_per_layer_encoder,user_attrs_r2_feature_1,user_attrs_r2_feature_2,user_attrs_relative_deterioration,state
355,0.3575696815571745,0.4459829270153779,2025-01-09 21:41:57.413513,2025-01-09 21:42:05.268774,0 days 00:00:07.855261,0.06643263609120557,32,0.30000000000000004,60,100,1.1146918721173012e-05,1096,3.7191854647333444e-05,1,4,adam,"{'neurons_per_layer_encoder': [60, 120, 240, 480], 'neurons_per_layer_decoder': [480]}",60,[480],"[60, 120, 240, 480]",[0.3575696815571745],[0.4459829270153779],0.7111407111352966,COMPLETE
356,0.22808478389788556,0.22534442725461257,2025-01-09 21:42:02.586728,2025-01-09 21:42:10.566732,0 days 00:00:07.980004,0.015297393568091434,32,0.30000000000000004,64,100,1.1747730007580032e-05,1080,0.0006518375562142032,1,4,adam,"{'neurons_per_layer_encoder': [64, 128, 256, 512], 'neurons_per_layer_decoder': [512]}",64,[512],"[64, 128, 256, 512]",[0.22808478389788556],[0.22534442725461257],0.4589762612428071,COMPLETE
357,0.5149301085538422,0.3591760626596753,2025-01-09 21:42:03.009389,2025-01-09 21:42:12.398817,0 days 00:00:09.389428,0.015090518649373948,32,0.30000000000000004,64,100,1.2525912989787119e-05,1080,0.0006745718678314653,3,4,adam,"{'neurons_per_layer_encoder': [64, 128, 256, 512], 'neurons_per_layer_decoder': [512, 256, 128]}",64,"[512, 256, 128]","[64, 128, 256, 512]",[0.5149301085538422],[0.3591760626596753],0.6804502170536668,COMPLETE
358,-0.4912420420635233,0.3365828718787989,2025-01-09 21:42:03.475595,2025-01-09 21:42:12.225740,0 days 00:00:08.750145,0.015623972839773827,32,0.30000000000000004,60,100,7.719656182111695e-06,1064,3.8335385169048096e-05,3,4,adam,"{'neurons_per_layer_encoder': [60, 120, 240, 480], 'neurons_per_layer_decoder': [480, 240, 120]}",60,"[480, 240, 120]","[60, 120, 240, 480]",[-0.4912420420635233],[0.3365828718787989],0.6603847334765208,COMPLETE
359,-2.971222335739587,-0.26260646990309433,2025-01-09 21:42:04.015817,2025-01-09 21:42:08.853660,0 days 00:00:04.837843,0.015176787136974951,32,0.30000000000000004,60,100,7.027094130745793e-06,1080,3.731464609306387e-05,3,4,adam,"{'neurons_per_layer_encoder': [60, 120, 240, 480], 'neurons_per_layer_decoder': [480, 240, 120]}",60,"[480, 240, 120]","[60, 120, 240, 480]",[-2.971222335739587],[-0.26260646990309433],0.4062987638699,COMPLETE
360,0.5175647183894092,-0.12175704501469053,2025-01-09 21:42:05.275211,2025-01-09 21:42:13.061802,0 days 00:00:07.786591,0.043396064313442166,32,0.30000000000000004,40,100,1.3085188495848307e-05,552,4.1455232698018036e-05,3,4,adam,"{'neurons_per_layer_encoder': [40, 80, 160, 320], 'neurons_per_layer_decoder': [320, 160, 80]}",40,"[320, 160, 80]","[40, 80, 160, 320]",[0.5175647183894092],[-0.12175704501469053],0.5985472339174781,COMPLETE
361,0.12604228395045824,0.4750786757475779,2025-01-09 21:42:08.860860,2025-01-09 21:42:14.843912,0 days 00:00:05.983052,0.04031197803339498,32,0.30000000000000004,32,100,1.3510815029343678e-05,440,5.295669264998235e-05,2,4,adam,"{'neurons_per_layer_encoder': [32, 64, 128, 256], 'neurons_per_layer_decoder': [256, 128]}",32,"[256, 128]","[32, 64, 128, 256]",[0.12604228395045824],[0.4750786757475779],0.7334638945597844,COMPLETE
362,0.5887739948683568,0.32560864724932614,2025-01-09 21:42:10.576088,2025-01-09 21:42:16.677948,0 days 00:00:06.101860,0.04238672514327454,32,0.30000000000000004,40,100,7.858835243676602e-06,552,5.141532462547532e-05,2,4,adam,"{'neurons_per_layer_encoder': [40, 80, 160, 320], 'neurons_per_layer_decoder': [320, 160]}",40,"[320, 160]","[40, 80, 160, 320]",[0.5887739948683568],[0.32560864724932614],0.7003872759161874,COMPLETE
363,0.6577804623826764,0.4974214371476846,2025-01-09 21:42:12.232053,2025-01-09 21:42:18.141037,0 days 00:00:05.908984,0.041782652795408944,32,0.30000000000000004,36,100,1.3319463884670545e-05,616,0.001349779076697703,2,4,adam,"{'neurons_per_layer_encoder': [36, 72, 144, 288], 'neurons_per_layer_decoder': [288, 144]}",36,"[288, 144]","[36, 72, 144, 288]",[0.6577804623826764],[0.4974214371476846],0.6458784788952802,COMPLETE
364,0.7065944734876368,0.2023088888873088,2025-01-09 21:42:12.405787,2025-01-09 21:42:18.068652,0 days 00:00:05.662865,0.04155700892060723,40,0.30000000000000004,36,100,1.3833180655837443e-05,616,5.1933130999199165e-05,2,4,adam,"{'neurons_per_layer_encoder': [36, 72, 144, 288], 'neurons_per_layer_decoder': [288, 144]}",36,"[288, 144]","[36, 72, 144, 288]",[0.7065944734876368],[0.2023088888873088],0.6661237633166223,COMPLETE
365,0.35136239162193483,0.3992484282469143,2025-01-09 21:42:13.068810,2025-01-09 21:42:19.103428,0 days 00:00:06.034618,0.011974953496828668,32,0.30000000000000004,36,100,1.4086621160329179e-05,616,0.001051824218509052,2,4,adam,"{'neurons_per_layer_encoder': [36, 72, 144, 288], 'neurons_per_layer_decoder': [288, 144]}",36,"[288, 144]","[36, 72, 144, 288]",[0.35136239162193483],[0.3992484282469143],0.5942901021447304,COMPLETE
366,0.6474627906547765,0.3419566020602801,2025-01-09 21:42:14.851242,2025-01-09 21:42:20.955722,0 days 00:00:06.104480,0.10228308877199069,40,0.30000000000000004,44,100,1.445592990345233e-05,760,5.335418122542114e-05,2,4,adam,"{'neurons_per_layer_encoder': [44, 88, 176, 352], 'neurons_per_layer_decoder': [352, 176]}",44,"[352, 176]","[44, 88, 176, 352]",[0.6474627906547765],[0.3419566020602801],0.7356189502842979,COMPLETE
367,-4.156816794985638,-0.07775932756572912,2025-01-09 21:42:16.684345,2025-01-09 21:42:19.932913,0 days 00:00:03.248568,0.04845007697146473,40,0.30000000000000004,44,100,1.4353946688757962e-05,728,0.0010834411320181962,2,4,adadelta,"{'neurons_per_layer_encoder': [44, 88, 176, 352], 'neurons_per_layer_decoder': [352, 176]}",44,"[352, 176]","[44, 88, 176, 352]",[-4.156816794985638],[-0.07775932756572912],0.38763537895857,COMPLETE
368,-4.185841601407145,0.05143349536217434,2025-01-09 21:42:18.074824,2025-01-09 21:42:21.754584,0 days 00:00:03.679760,0.10356931097827404,40,0.1,44,100,1.52963326393434e-05,568,0.0008226274179883882,4,4,adadelta,"{'neurons_per_layer_encoder': [44, 88, 176, 352], 'neurons_per_layer_decoder': [352, 176, 88, 44]}",44,"[352, 176, 88, 44]","[44, 88, 176, 352]",[-4.185841601407145],[0.05143349536217434],0.471985652002253,COMPLETE
369,-1.6405201880568736,0.08910992166568765,2025-01-09 21:42:18.158293,2025-01-09 21:42:23.030221,0 days 00:00:04.871928,0.10666681896491532,112,0.1,48,100,1.4522903612608759e-05,568,0.0010360494091176246,2,4,adadelta,"{'neurons_per_layer_encoder': [48, 96, 192, 384], 'neurons_per_layer_decoder': [384, 192]}",48,"[384, 192]","[48, 96, 192, 384]",[-1.6405201880568736],[0.08910992166568765],0.5319679663533347,COMPLETE
370,-5.862196657318546,-0.009165785505046431,2025-01-09 21:42:19.110475,2025-01-09 21:42:21.831507,0 days 00:00:02.721032,0.03930056879190604,128,0.1,44,100,1.0499322888728345e-05,568,0.001354308492891045,2,4,adadelta,"{'neurons_per_layer_encoder': [44, 88, 176, 352], 'neurons_per_layer_decoder': [352, 176]}",44,"[352, 176]","[44, 88, 176, 352]",[-5.862196657318546],[-0.009165785505046431],0.26964740471016374,COMPLETE
371,0.29853530824704855,0.18220941227912113,2025-01-09 21:42:19.938908,2025-01-09 21:42:25.136906,0 days 00:00:05.197998,0.09429403388895154,88,0.1,48,100,1.7161583718124296e-05,568,0.000866418120625022,2,4,adam,"{'neurons_per_layer_encoder': [48, 96, 192, 384], 'neurons_per_layer_decoder': [384, 192]}",48,"[384, 192]","[48, 96, 192, 384]",[0.29853530824704855],[0.18220941227912113],0.25390651714908963,COMPLETE
372,0.5420563573149138,0.6085419349193273,2025-01-09 21:42:20.963686,2025-01-09 21:42:27.703740,0 days 00:00:06.740054,0.019523166008486005,32,0.2,56,100,0.0003784368274167908,568,0.0008429723370821309,2,4,adam,"{'neurons_per_layer_encoder': [56, 112, 224, 448], 'neurons_per_layer_decoder': [448, 224]}",56,"[448, 224]","[56, 112, 224, 448]",[0.5420563573149138],[0.6085419349193273],0.9643646763613857,COMPLETE
373,0.38893560312041775,0.6202487400314107,2025-01-09 21:42:21.760477,2025-01-09 21:42:28.593588,0 days 00:00:06.833111,0.01380253377608987,32,0.2,52,100,1.105430570964993e-05,568,0.0008239512199836486,2,4,adam,"{'neurons_per_layer_encoder': [52, 104, 208, 416], 'neurons_per_layer_decoder': [416, 208]}",52,"[416, 208]","[52, 104, 208, 416]",[0.38893560312041775],[0.6202487400314107],0.6677206133498131,COMPLETE
374,0.27218434339079056,0.0022341573035683515,2025-01-09 21:42:21.837445,2025-01-09 21:42:26.461137,0 days 00:00:04.623692,0.013921939054022283,120,0.2,56,100,8.501108178044314e-06,568,0.0008108861055037333,2,4,adam,"{'neurons_per_layer_encoder': [56, 112, 224, 448], 'neurons_per_layer_decoder': [448, 224]}",56,"[448, 224]","[56, 112, 224, 448]",[0.27218434339079056],[0.0022341573035683515],0.2314331921914834,COMPLETE
375,-0.06848421266800253,0.40884777124077476,2025-01-09 21:42:23.037862,2025-01-09 21:42:29.919790,0 days 00:00:06.881928,0.12777631041094636,32,0.2,52,100,8.790957675483749e-06,552,0.0008711472883953422,2,4,adam,"{'neurons_per_layer_encoder': [52, 104, 208, 416], 'neurons_per_layer_decoder': [416, 208]}",52,"[416, 208]","[52, 104, 208, 416]",[-0.06848421266800253],[0.40884777124077476],0.39040243114201983,COMPLETE
376,0.21466785333369642,-0.2021532319608479,2025-01-09 21:42:25.144187,2025-01-09 21:42:29.377419,0 days 00:00:04.233232,0.013514979531245527,120,0.2,56,100,8.44405207018771e-06,536,0.0006303035066616072,2,4,adam,"{'neurons_per_layer_encoder': [56, 112, 224, 448], 'neurons_per_layer_decoder': [448, 224]}",56,"[448, 224]","[56, 112, 224, 448]",[0.21466785333369642],[-0.2021532319608479],0.2510423549245848,COMPLETE
377,0.07918088189053174,0.4681042428524943,2025-01-09 21:42:26.467834,2025-01-09 21:42:33.776040,0 days 00:00:07.308206,0.1277055593251317,32,0.2,56,100,0.0008266716710995738,536,0.0006330130541495688,2,4,adam,"{'neurons_per_layer_encoder': [56, 112, 224, 448], 'neurons_per_layer_decoder': [448, 224]}",56,"[448, 224]","[56, 112, 224, 448]",[0.07918088189053174],[0.4681042428524943],0.9652313207820392,COMPLETE
378,0.0894624557836523,0.47506456883174986,2025-01-09 21:42:27.711010,2025-01-09 21:42:34.161271,0 days 00:00:06.450261,0.011223762208347803,40,0.30000000000000004,56,100,1.0885519604625235e-05,536,0.0005908985388080268,2,4,adam,"{'neurons_per_layer_encoder': [56, 112, 224, 448], 'neurons_per_layer_decoder': [448, 224]}",56,"[448, 224]","[56, 112, 224, 448]",[0.0894624557836523],[0.47506456883174986],0.5958435695635181,COMPLETE
379,0.15529879864464502,0.2427416328174803,2025-01-09 21:42:28.602108,2025-01-09 21:42:34.000716,0 days 00:00:05.398608,0.019323924959833212,48,0.30000000000000004,32,100,1.1005213879847247e-05,536,0.0006112089758745355,2,4,adam,"{'neurons_per_layer_encoder': [32, 64, 128, 256], 'neurons_per_layer_decoder': [256, 128]}",32,"[256, 128]","[32, 64, 128, 256]",[0.15529879864464502],[0.2427416328174803],0.40416594001243233,COMPLETE
380,0.5116037778958928,0.43597495999553937,2025-01-09 21:42:29.383880,2025-01-09 21:42:35.062709,0 days 00:00:05.678829,0.1230876401437669,40,0.30000000000000004,36,100,1.0351804954334743e-05,536,0.0007641306976095947,2,4,adam,"{'neurons_per_layer_encoder': [36, 72, 144, 288], 'neurons_per_layer_decoder': [288, 144]}",36,"[288, 144]","[36, 72, 144, 288]",[0.5116037778958928],[0.43597495999553937],0.539295306596097,COMPLETE
381,0.4190294254596747,0.10746015579825863,2025-01-09 21:42:29.926795,2025-01-09 21:42:36.071374,0 days 00:00:06.144579,0.011510904106640494,48,0.30000000000000004,52,100,0.0007781301725267582,888,0.0006180200831914596,2,4,adam,"{'neurons_per_layer_encoder': [52, 104, 208, 416], 'neurons_per_layer_decoder': [416, 208]}",52,"[416, 208]","[52, 104, 208, 416]",[0.4190294254596747],[0.10746015579825863],0.940847034678657,COMPLETE
382,0.6072427614436775,0.23652616604211218,2025-01-09 21:42:33.782970,2025-01-09 21:42:39.636113,0 days 00:00:05.853143,0.011348732000038659,40,0.30000000000000004,44,100,0.0003682939496953065,552,0.0007217561231842337,2,4,adam,"{'neurons_per_layer_encoder': [44, 88, 176, 352], 'neurons_per_layer_decoder': [352, 176]}",44,"[352, 176]","[44, 88, 176, 352]",[0.6072427614436775],[0.23652616604211218],0.9299590563168724,COMPLETE
383,-0.14838167047971496,0.1801839663180207,2025-01-09 21:42:34.008500,2025-01-09 21:42:39.523520,0 days 00:00:05.515020,0.011570003483132429,40,0.30000000000000004,40,100,0.0003841611851519889,552,0.0006723459508287308,2,4,adam,"{'neurons_per_layer_encoder': [40, 80, 160, 320], 'neurons_per_layer_decoder': [320, 160]}",40,"[320, 160]","[40, 80, 160, 320]",[-0.14838167047971496],[0.1801839663180207],0.9079039100350111,COMPLETE
384,0.24218813712741805,0.490403689520609,2025-01-09 21:42:34.514203,2025-01-09 21:42:39.808254,0 days 00:00:05.294051,0.012632219194423014,40,0.30000000000000004,36,100,1.0747601501516896e-05,552,0.0007258446464220257,2,4,adam,"{'neurons_per_layer_encoder': [36, 72, 144, 288], 'neurons_per_layer_decoder': [288, 144]}",36,"[288, 144]","[36, 72, 144, 288]",[0.24218813712741805],[0.490403689520609],0.5795282474946261,COMPLETE
385,0.6676950596304237,0.2343689802604888,2025-01-09 21:42:35.069095,2025-01-09 21:42:40.622245,0 days 00:00:05.553150,0.012118307251327759,40,0.30000000000000004,40,100,0.0003693438875845187,552,0.0006813049687093247,2,4,adam,"{'neurons_per_layer_encoder': [40, 80, 160, 320], 'neurons_per_layer_decoder': [320, 160]}",40,"[320, 160]","[40, 80, 160, 320]",[0.6676950596304237],[0.2343689802604888],0.9280288269844221,COMPLETE
386,0.5537680681740191,0.27210756919201884,2025-01-09 21:42:36.078126,2025-01-09 21:42:42.037945,0 days 00:00:05.959819,0.01251968629031741,40,0.30000000000000004,40,100,1.2521637078412847e-05,552,0.0006906009013572696,2,4,adam,"{'neurons_per_layer_encoder': [40, 80, 160, 320], 'neurons_per_layer_decoder': [320, 160]}",40,"[320, 160]","[40, 80, 160, 320]",[0.5537680681740191],[0.27210756919201884],0.5364332410142659,COMPLETE
387,0.5591412161685361,0.37422440852479155,2025-01-09 21:42:39.529776,2025-01-09 21:42:45.047370,0 days 00:00:05.517594,0.012068362454278773,40,0.30000000000000004,48,100,1.8581770918019861e-06,520,0.0007656509111899748,2,4,adam,"{'neurons_per_layer_encoder': [48, 96, 192, 384], 'neurons_per_layer_decoder': [384, 192]}",48,"[384, 192]","[48, 96, 192, 384]",[0.5591412161685361],[0.37422440852479155],0.3538683813908296,COMPLETE
388,-1.142254831509974,0.05782806022297149,2025-01-09 21:42:39.643259,2025-01-09 21:42:43.019020,0 days 00:00:03.375761,0.012502187297756522,72,0.30000000000000004,48,100,1.2635697931448305e-05,520,0.0009212344809851697,2,4,sgd,"{'neurons_per_layer_encoder': [48, 96, 192, 384], 'neurons_per_layer_decoder': [384, 192]}",48,"[384, 192]","[48, 96, 192, 384]",[-1.142254831509974],[0.05782806022297149],0.5843015138286202,COMPLETE
389,-2.9367067258583437,-0.062114329345170916,2025-01-09 21:42:39.815276,2025-01-09 21:42:41.607435,0 days 00:00:01.792159,0.01263494523435033,40,0.30000000000000004,48,100,1.3034106369814582e-05,840,0.0005108349419791542,2,4,sgd,"{'neurons_per_layer_encoder': [48, 96, 192, 384], 'neurons_per_layer_decoder': [384, 192]}",48,"[384, 192]","[48, 96, 192, 384]",[-2.9367067258583437],[-0.062114329345170916],0.5460941284252413,COMPLETE
390,-2.3446943350324814,-0.3449295585537586,2025-01-09 21:42:40.631510,2025-01-09 21:42:42.562354,0 days 00:00:01.930844,0.012890910884613506,40,0.30000000000000004,48,100,1.2657660254286326e-05,520,0.0005143768392710602,2,4,sgd,"{'neurons_per_layer_encoder': [48, 96, 192, 384], 'neurons_per_layer_decoder': [384, 192]}",48,"[384, 192]","[48, 96, 192, 384]",[-2.3446943350324814],[-0.3449295585537586],0.42662982953021356,COMPLETE
391,-0.29482574868627043,0.1561316430143156,2025-01-09 21:42:41.614105,2025-01-09 21:42:45.529260,0 days 00:00:03.915155,0.013144615909942368,72,0.30000000000000004,48,100,1.2393802186635264e-05,408,7.401348002068588e-05,2,3,adam,"{'neurons_per_layer_encoder': [48, 96, 192], 'neurons_per_layer_decoder': [192, 96]}",48,"[192, 96]","[48, 96, 192]",[-0.29482574868627043],[0.1561316430143156],0.5461314671479501,COMPLETE
392,0.17938112208025891,0.25730286569220884,2025-01-09 21:42:42.045405,2025-01-09 21:42:45.983832,0 days 00:00:03.938427,0.01344599798525548,56,0.30000000000000004,48,100,0.0006621064816520529,312,7.386177200240803e-05,2,3,adam,"{'neurons_per_layer_encoder': [48, 96, 192], 'neurons_per_layer_decoder': [192, 96]}",48,"[192, 96]","[48, 96, 192]",[0.17938112208025891],[0.25730286569220884],0.9466417797738094,COMPLETE
393,0.5998123497113786,0.5047567219270485,2025-01-09 21:42:42.568393,2025-01-09 21:42:46.782805,0 days 00:00:04.214412,0.013850901252740954,32,0.30000000000000004,52,100,1.825412132372233e-05,408,0.0009532455511505172,2,3,adam,"{'neurons_per_layer_encoder': [52, 104, 208], 'neurons_per_layer_decoder': [208, 104]}",52,"[208, 104]","[52, 104, 208]",[0.5998123497113786],[0.5047567219270485],0.6188421177465633,COMPLETE
394,0.5275341005264671,0.2475081913177779,2025-01-09 21:42:43.026645,2025-01-09 21:42:47.534906,0 days 00:00:04.508261,0.04129779552743345,32,0.30000000000000004,60,100,1.7787569141399537e-05,456,4.608294289957872e-05,2,3,adam,"{'neurons_per_layer_encoder': [60, 120, 240], 'neurons_per_layer_decoder': [240, 120]}",60,"[240, 120]","[60, 120, 240]",[0.5275341005264671],[0.2475081913177779],0.6644778535895769,COMPLETE
395,0.3349614328459981,0.11068489268875148,2025-01-09 21:42:45.056016,2025-01-09 21:42:48.816157,0 days 00:00:03.760141,0.013806085530832297,104,0.30000000000000004,60,100,0.0006439783043883641,312,7.109107528051267e-05,2,3,adam,"{'neurons_per_layer_encoder': [60, 120, 240], 'neurons_per_layer_decoder': [240, 120]}",60,"[240, 120]","[60, 120, 240]",[0.3349614328459981],[0.11068489268875148],0.9499020612850515,COMPLETE
396,-0.32865461505377747,0.35477819662625454,2025-01-09 21:42:45.536074,2025-01-09 21:42:49.263132,0 days 00:00:03.727058,0.04071135211779792,32,0.30000000000000004,28,100,9.584329425346724e-06,184,5.4757199147909255e-05,2,3,adam,"{'neurons_per_layer_encoder': [28, 56, 112], 'neurons_per_layer_decoder': [112, 56]}",28,"[112, 56]","[28, 56, 112]",[-0.32865461505377747],[0.35477819662625454],0.6181165792729296,COMPLETE
397,0.08956673215460176,0.455496438250365,2025-01-09 21:42:45.990010,2025-01-09 21:42:49.027224,0 days 00:00:03.037214,0.017878397315704675,32,0.1,60,100,1.818633932110686e-05,114,4.626459215686014e-05,2,1,adam,"{'neurons_per_layer_encoder': [60], 'neurons_per_layer_decoder': [60, 30]}",60,"[60, 30]",[60],[0.08956673215460176],[0.455496438250365],0.5021810561698168,COMPLETE
398,-0.20540620098417572,0.2605065594807039,2025-01-09 21:42:46.789502,2025-01-09 21:42:54.666120,0 days 00:00:07.876618,0.041010626662600184,32,0.1,112,100,1.8633159914651558e-05,504,0.0012118697034309506,2,3,adam,"{'neurons_per_layer_encoder': [112, 224, 448], 'neurons_per_layer_decoder': [448, 224]}",112,"[448, 224]","[112, 224, 448]",[-0.20540620098417572],[0.2605065594807039],0.27205997789781006,COMPLETE
399,0.33781143164407723,0.20514210602077243,2025-01-09 21:42:47.541396,2025-01-09 21:42:55.778585,0 days 00:00:08.237189,0.06001862555999245,32,0.1,108,100,0.0009536113663879289,952,0.0012378664315199493,2,3,adam,"{'neurons_per_layer_encoder': [108, 216, 432], 'neurons_per_layer_decoder': [432, 216]}",108,"[432, 216]","[108, 216, 432]",[0.33781143164407723],[0.20514210602077243],0.6715247761614956,COMPLETE
400,-0.5223973926168672,0.3113995237170082,2025-01-09 21:42:48.823110,2025-01-09 21:43:00.621941,0 days 00:00:11.798831,0.03526039823834349,32,0.1,224,100,3.419512592147872e-05,1432,0.0004120504953460026,2,3,adam,"{'neurons_per_layer_encoder': [224, 448, 896], 'neurons_per_layer_decoder': [896, 448]}",224,"[896, 448]","[224, 448, 896]",[-0.5223973926168672],[0.3113995237170082],0.7478106524015001,COMPLETE
401,-0.319471223182904,0.5500595493335457,2025-01-09 21:42:49.033512,2025-01-09 21:42:57.745683,0 days 00:00:08.712171,0.05905352383519409,32,0.1,108,100,9.816205519173339e-06,504,5.5173875990104715e-05,2,3,adam,"{'neurons_per_layer_encoder': [108, 216, 432], 'neurons_per_layer_decoder': [432, 216]}",108,"[432, 216]","[108, 216, 432]",[-0.319471223182904],[0.5500595493335457],0.43615101064066464,COMPLETE
402,0.006777195058863206,-0.37871377413840723,2025-01-09 21:42:49.271008,2025-01-09 21:42:57.117793,0 days 00:00:07.846785,0.012000730474959526,32,0.1,228,100,1.4760757209984106e-05,1624,0.00044880630630811104,2,3,adam,"{'neurons_per_layer_encoder': [228, 456, 912], 'neurons_per_layer_decoder': [912, 456]}",228,"[912, 456]","[228, 456, 912]",[0.006777195058863206],[-0.37871377413840723],0.32134648290099743,COMPLETE
403,0.033453023222788536,0.7242327120182902,2025-01-09 21:42:54.674069,2025-01-09 21:43:06.847746,0 days 00:00:12.173677,0.03473905320874751,32,0.1,224,100,3.90523288557546e-05,1640,0.00042308316810328557,2,3,adam,"{'neurons_per_layer_encoder': [224, 448, 896], 'neurons_per_layer_decoder': [896, 448]}",224,"[896, 448]","[224, 448, 896]",[0.033453023222788536],[0.7242327120182902],0.8888201579885455,COMPLETE
404,0.21242004375119605,0.35006845418396526,2025-01-09 21:42:55.786687,2025-01-09 21:43:01.965400,0 days 00:00:06.178713,0.035909475593074336,32,0.1,52,100,0.000447179681858156,424,0.002123229065198721,2,3,adam,"{'neurons_per_layer_encoder': [52, 104, 208], 'neurons_per_layer_decoder': [208, 104]}",52,"[208, 104]","[52, 104, 208]",[0.21242004375119605],[0.35006845418396526],0.6661866995469814,COMPLETE
