number,value,datetime_start,datetime_complete,duration,params_alpha,params_batch_size,params_drop_out_rate,params_encoder_neurons_layer_1,params_epochs,params_lambda,params_latent_dim,params_learning_rate,params_num_layers_decoder,params_num_layers_encoder,params_optimizer,user_attrs_encoder_decoder_config,user_attrs_first_layer_neurons,user_attrs_neurons_per_layer_decoder,user_attrs_neurons_per_layer_encoder,user_attrs_r2_feature_1,user_attrs_relative_deterioration,state
807,0.3122085888753594,2025-01-10 10:47:59.752280,2025-01-10 10:48:05.097084,0 days 00:00:05.344804,0.0665442383450932,32,0.30000000000000004,124,100,1.3883690359293715e-05,544,0.0003228218941028183,4,2,adam,"{'neurons_per_layer_encoder': [124, 248], 'neurons_per_layer_decoder': [248, 124, 62, 31]}",124,"[248, 124, 62, 31]","[124, 248]",[0.3122085888753594],0.5888891748994751,COMPLETE
808,0.49884141635491663,2025-01-10 10:48:00.962001,2025-01-10 10:48:06.288885,0 days 00:00:05.326884,0.07467740024792129,32,0.30000000000000004,124,100,1.2372522176885032e-05,544,0.00038944123451791895,4,2,adam,"{'neurons_per_layer_encoder': [124, 248], 'neurons_per_layer_decoder': [248, 124, 62, 31]}",124,"[248, 124, 62, 31]","[124, 248]",[0.49884141635491663],0.6553093033879059,COMPLETE
809,0.27813324100627024,2025-01-10 10:48:03.132351,2025-01-10 10:48:08.337543,0 days 00:00:05.205192,0.07453064588151169,32,0.30000000000000004,128,100,1.202927472329307e-05,536,0.0004298278606077372,4,2,adam,"{'neurons_per_layer_encoder': [128, 256], 'neurons_per_layer_decoder': [256, 128, 64, 32]}",128,"[256, 128, 64, 32]","[128, 256]",[0.27813324100627024],0.5309682323828453,COMPLETE
810,0.4347397601628229,2025-01-10 10:48:04.684984,2025-01-10 10:48:10.291374,0 days 00:00:05.606390,0.06704396946262225,32,0.30000000000000004,140,100,1.5306154819140498e-05,544,0.0003448321625841421,4,2,adam,"{'neurons_per_layer_encoder': [140, 280], 'neurons_per_layer_decoder': [280, 140, 70, 35]}",140,"[280, 140, 70, 35]","[140, 280]",[0.4347397601628229],0.6051753603855548,COMPLETE
811,0.36945300699782424,2025-01-10 10:48:05.025322,2025-01-10 10:48:10.887989,0 days 00:00:05.862667,0.07535570926129079,32,0.30000000000000004,128,100,1.6564013739221694e-05,552,0.0003311013004840679,4,2,adam,"{'neurons_per_layer_encoder': [128, 256], 'neurons_per_layer_decoder': [256, 128, 64, 32]}",128,"[256, 128, 64, 32]","[128, 256]",[0.36945300699782424],0.6422807110962497,COMPLETE
812,0.2904857368113406,2025-01-10 10:48:05.105673,2025-01-10 10:48:10.931343,0 days 00:00:05.825670,0.06979073267123945,32,0.30000000000000004,128,100,1.3851620061208455e-05,536,0.0003533569731144596,4,2,adam,"{'neurons_per_layer_encoder': [128, 256], 'neurons_per_layer_decoder': [256, 128, 64, 32]}",128,"[256, 128, 64, 32]","[128, 256]",[0.2904857368113406],0.5648106230940674,COMPLETE
813,0.313945140515245,2025-01-10 10:48:06.298643,2025-01-10 10:48:11.804902,0 days 00:00:05.506259,0.09258329607731507,32,0.30000000000000004,124,100,1.6529327606002802e-05,544,0.00031289185189029624,4,2,adam,"{'neurons_per_layer_encoder': [124, 248], 'neurons_per_layer_decoder': [248, 124, 62, 31]}",124,"[248, 124, 62, 31]","[124, 248]",[0.313945140515245],0.5937562714577455,COMPLETE
814,0.44740279846446807,2025-01-10 10:48:08.347583,2025-01-10 10:48:13.673320,0 days 00:00:05.325737,0.06925200623858226,32,0.30000000000000004,124,100,1.3005100087380138e-05,544,0.00035760343247084756,4,2,adam,"{'neurons_per_layer_encoder': [124, 248], 'neurons_per_layer_decoder': [248, 124, 62, 31]}",124,"[248, 124, 62, 31]","[124, 248]",[0.44740279846446807],0.6702371355839498,COMPLETE
815,0.21890560646494406,2025-01-10 10:48:10.300907,2025-01-10 10:48:15.422711,0 days 00:00:05.121804,0.07678712104180388,32,0.30000000000000004,124,100,1.3364962207328411e-05,560,0.0003560485248725237,4,2,adam,"{'neurons_per_layer_encoder': [124, 248], 'neurons_per_layer_decoder': [248, 124, 62, 31]}",124,"[248, 124, 62, 31]","[124, 248]",[0.21890560646494406],0.4933972247067626,COMPLETE
816,-0.5284591586714737,2025-01-10 10:48:10.896586,2025-01-10 10:48:13.780604,0 days 00:00:02.884018,0.0684741869968683,32,0.30000000000000004,128,100,1.4062455638807271e-05,536,0.00031625684531014193,4,2,adam,"{'neurons_per_layer_encoder': [128, 256], 'neurons_per_layer_decoder': [256, 128, 64, 32]}",128,"[256, 128, 64, 32]","[128, 256]",[-0.5284591586714737],0.3459544469370622,COMPLETE
817,0.43693456886000237,2025-01-10 10:48:10.943212,2025-01-10 10:48:14.863919,0 days 00:00:03.920707,0.06919219551595404,32,0.30000000000000004,120,100,1.3981654238700779e-05,240,0.00043061279852061755,4,1,adam,"{'neurons_per_layer_encoder': [120], 'neurons_per_layer_decoder': [120, 60, 30, 15]}",120,"[120, 60, 30, 15]",[120],[0.43693456886000237],0.60674309522209,COMPLETE
818,0.3346836120574038,2025-01-10 10:48:11.814138,2025-01-10 10:48:15.837242,0 days 00:00:04.023104,0.08102538913865087,40,0.30000000000000004,120,100,1.4293120343331429e-05,256,0.00030934089195401273,4,1,adam,"{'neurons_per_layer_encoder': [120], 'neurons_per_layer_decoder': [120, 60, 30, 15]}",120,"[120, 60, 30, 15]",[120],[0.3346836120574038],0.5262902909371868,COMPLETE
819,0.2570051008230779,2025-01-10 10:48:13.682585,2025-01-10 10:48:18.553556,0 days 00:00:04.870971,0.08095092773975902,40,0.30000000000000004,132,100,1.0986589044044745e-05,512,0.00030666654959499433,4,2,adam,"{'neurons_per_layer_encoder': [132, 264], 'neurons_per_layer_decoder': [264, 132, 66, 33]}",132,"[264, 132, 66, 33]","[132, 264]",[0.2570051008230779],0.5056750565363959,COMPLETE
820,0.3730475003068724,2025-01-10 10:48:13.789223,2025-01-10 10:48:17.559463,0 days 00:00:03.770240,0.08354897253219333,40,0.30000000000000004,120,100,1.1281053931277168e-05,256,0.0003670511982014155,4,1,adam,"{'neurons_per_layer_encoder': [120], 'neurons_per_layer_decoder': [120, 60, 30, 15]}",120,"[120, 60, 30, 15]",[120],[0.3730475003068724],0.4829802023148628,COMPLETE
821,-0.758360554523211,2025-01-10 10:48:14.872270,2025-01-10 10:48:16.418259,0 days 00:00:01.545989,0.08407272998130287,40,0.30000000000000004,132,100,1.129126036002276e-05,560,2.7475087579507903e-05,4,2,sgd,"{'neurons_per_layer_encoder': [132, 264], 'neurons_per_layer_decoder': [264, 132, 66, 33]}",132,"[264, 132, 66, 33]","[132, 264]",[-0.758360554523211],0.3436479553837977,COMPLETE
822,-0.2548183449014849,2025-01-10 10:48:15.432351,2025-01-10 10:48:18.590122,0 days 00:00:03.157771,0.08105879999625802,40,0.30000000000000004,204,100,1.1249913321967174e-05,512,0.00048713487094074836,4,2,adam,"{'neurons_per_layer_encoder': [204, 408], 'neurons_per_layer_decoder': [408, 204, 102, 51]}",204,"[408, 204, 102, 51]","[204, 408]",[-0.2548183449014849],0.32864190129994125,COMPLETE
823,-0.5340084146204922,2025-01-10 10:48:15.846485,2025-01-10 10:48:17.503766,0 days 00:00:01.657281,0.0811594026649071,32,0.30000000000000004,132,100,1.105789136182739e-05,560,0.00048126904976469263,4,2,sgd,"{'neurons_per_layer_encoder': [132, 264], 'neurons_per_layer_decoder': [264, 132, 66, 33]}",132,"[264, 132, 66, 33]","[132, 264]",[-0.5340084146204922],0.3575643938511146,COMPLETE
824,0.44953867762298383,2025-01-10 10:48:16.426340,2025-01-10 10:48:21.956514,0 days 00:00:05.530174,0.06482400005385064,32,0.30000000000000004,132,100,1.0455277149357653e-05,560,0.0004974782632393141,4,2,adam,"{'neurons_per_layer_encoder': [132, 264], 'neurons_per_layer_decoder': [264, 132, 66, 33]}",132,"[264, 132, 66, 33]","[132, 264]",[0.44953867762298383],0.6262437835380817,COMPLETE
825,0.503295853041823,2025-01-10 10:48:17.511900,2025-01-10 10:48:23.042398,0 days 00:00:05.530498,0.07800824872135123,32,0.30000000000000004,132,100,1.1594662513742088e-05,512,0.00047515879636661636,4,2,adam,"{'neurons_per_layer_encoder': [132, 264], 'neurons_per_layer_decoder': [264, 132, 66, 33]}",132,"[264, 132, 66, 33]","[132, 264]",[0.503295853041823],0.6733270934607989,COMPLETE
826,-0.31354932104100697,2025-01-10 10:48:17.574065,2025-01-10 10:48:20.815591,0 days 00:00:03.241526,0.015098041138940706,32,0.30000000000000004,132,100,1.0400977307479519e-05,512,0.0004955300163493981,4,2,adam,"{'neurons_per_layer_encoder': [132, 264], 'neurons_per_layer_decoder': [264, 132, 66, 33]}",132,"[264, 132, 66, 33]","[132, 264]",[-0.31354932104100697],0.2985098032497536,COMPLETE
827,0.35346284611357404,2025-01-10 10:48:18.563320,2025-01-10 10:48:24.395367,0 days 00:00:05.832047,0.06571516615748046,32,0.30000000000000004,136,100,1.0034354508529926e-05,520,0.0004579390158374268,4,2,adam,"{'neurons_per_layer_encoder': [136, 272], 'neurons_per_layer_decoder': [272, 136, 68, 34]}",136,"[272, 136, 68, 34]","[136, 272]",[0.35346284611357404],0.5183819600103403,COMPLETE
828,0.21169884061080868,2025-01-10 10:48:18.602000,2025-01-10 10:48:24.084157,0 days 00:00:05.482157,0.013362883334722716,32,0.30000000000000004,136,100,9.768998925840886e-06,520,0.0004527097284888825,4,2,adam,"{'neurons_per_layer_encoder': [136, 272], 'neurons_per_layer_decoder': [272, 136, 68, 34]}",136,"[272, 136, 68, 34]","[136, 272]",[0.21169884061080868],0.4874849524519418,COMPLETE
829,0.14004374669057573,2025-01-10 10:48:20.825441,2025-01-10 10:48:26.197083,0 days 00:00:05.371642,0.0653202436212348,32,0.30000000000000004,140,100,1.2402655301601577e-05,480,0.0004052349729375962,4,2,adam,"{'neurons_per_layer_encoder': [140, 280], 'neurons_per_layer_decoder': [280, 140, 70, 35]}",140,"[280, 140, 70, 35]","[140, 280]",[0.14004374669057573],0.4933201341723195,COMPLETE
830,0.3555717320046776,2025-01-10 10:48:21.967635,2025-01-10 10:48:27.528105,0 days 00:00:05.560470,0.11955924481816646,32,0.30000000000000004,140,100,9.899337337132408e-06,528,0.0004218661273644708,4,2,adam,"{'neurons_per_layer_encoder': [140, 280], 'neurons_per_layer_decoder': [280, 140, 70, 35]}",140,"[280, 140, 70, 35]","[140, 280]",[0.3555717320046776],0.5722571958558114,COMPLETE
831,0.3573655000560856,2025-01-10 10:48:23.052321,2025-01-10 10:48:28.736508,0 days 00:00:05.684187,0.07417107054447894,32,0.30000000000000004,140,100,1.6012843356892814e-05,496,0.00047109422275510215,4,2,adam,"{'neurons_per_layer_encoder': [140, 280], 'neurons_per_layer_decoder': [280, 140, 70, 35]}",140,"[280, 140, 70, 35]","[140, 280]",[0.3573655000560856],0.6057346836894364,COMPLETE
832,0.26052443645976575,2025-01-10 10:48:24.093983,2025-01-10 10:48:31.425121,0 days 00:00:07.331138,0.0890779842689795,32,0.30000000000000004,236,100,1.722360770129586e-05,624,0.0004133910983376884,4,2,adam,"{'neurons_per_layer_encoder': [236, 472], 'neurons_per_layer_decoder': [472, 236, 118, 59]}",236,"[472, 236, 118, 59]","[236, 472]",[0.26052443645976575],0.6502265912292383,COMPLETE
833,0.3724938007302211,2025-01-10 10:48:24.404528,2025-01-10 10:48:30.023916,0 days 00:00:05.619388,0.07705842413200022,32,0.30000000000000004,140,100,1.204143022008339e-05,496,0.0004257160142376494,4,2,adam,"{'neurons_per_layer_encoder': [140, 280], 'neurons_per_layer_decoder': [280, 140, 70, 35]}",140,"[280, 140, 70, 35]","[140, 280]",[0.3724938007302211],0.5972552391970201,COMPLETE
834,-0.0005785365046562241,2025-01-10 10:48:26.206127,2025-01-10 10:48:29.933286,0 days 00:00:03.727159,0.0887150761799821,32,0.30000000000000004,140,100,1.614623764997066e-05,496,0.00041412000378083814,4,2,adam,"{'neurons_per_layer_encoder': [140, 280], 'neurons_per_layer_decoder': [280, 140, 70, 35]}",140,"[280, 140, 70, 35]","[140, 280]",[-0.0005785365046562241],0.5332548591928621,COMPLETE
835,-0.18402070722740027,2025-01-10 10:48:27.537304,2025-01-10 10:48:31.090541,0 days 00:00:03.553237,0.07487973699839127,32,0.30000000000000004,144,100,1.749409005725073e-05,504,0.0003905365377572204,4,2,adam,"{'neurons_per_layer_encoder': [144, 288], 'neurons_per_layer_decoder': [288, 144, 72, 36]}",144,"[288, 144, 72, 36]","[144, 288]",[-0.18402070722740027],0.525387774691367,COMPLETE
836,-0.21120693915550315,2025-01-10 10:48:28.746740,2025-01-10 10:48:31.777150,0 days 00:00:03.030410,0.07580397560896268,32,0.30000000000000004,144,100,1.5465751954535316e-05,488,0.00039706265828824754,4,2,adam,"{'neurons_per_layer_encoder': [144, 288], 'neurons_per_layer_decoder': [288, 144, 72, 36]}",144,"[288, 144, 72, 36]","[144, 288]",[-0.21120693915550315],0.3936915960210103,COMPLETE
837,-0.3507185979110756,2025-01-10 10:48:29.942402,2025-01-10 10:48:32.907122,0 days 00:00:02.964720,0.07488540975361518,32,0.30000000000000004,144,100,1.2399566448784355e-05,504,0.0003800566013092784,4,2,adam,"{'neurons_per_layer_encoder': [144, 288], 'neurons_per_layer_decoder': [288, 144, 72, 36]}",144,"[288, 144, 72, 36]","[144, 288]",[-0.3507185979110756],0.3417367611489114,COMPLETE
838,0.3039823493825232,2025-01-10 10:48:30.033812,2025-01-10 10:48:35.743455,0 days 00:00:05.709643,0.07253625903394668,32,0.30000000000000004,132,100,1.126321925484888e-05,528,0.0005188616987934479,4,2,adam,"{'neurons_per_layer_encoder': [132, 264], 'neurons_per_layer_decoder': [264, 132, 66, 33]}",132,"[264, 132, 66, 33]","[132, 264]",[0.3039823493825232],0.48345157255411864,COMPLETE
839,0.043174442731157114,2025-01-10 10:48:31.099958,2025-01-10 10:48:36.180772,0 days 00:00:05.080814,0.07839226908440843,32,0.30000000000000004,128,100,1.2399783736642102e-05,616,0.0005088022178442353,4,2,adam,"{'neurons_per_layer_encoder': [128, 256], 'neurons_per_layer_decoder': [256, 128, 64, 32]}",128,"[256, 128, 64, 32]","[128, 256]",[0.043174442731157114],0.402421486287589,COMPLETE
840,0.18345537787222244,2025-01-10 10:48:31.435859,2025-01-10 10:48:36.991171,0 days 00:00:05.555312,0.07908294072446498,32,0.30000000000000004,132,100,1.1918849545919378e-05,528,0.0005203939069357015,4,2,adam,"{'neurons_per_layer_encoder': [132, 264], 'neurons_per_layer_decoder': [264, 132, 66, 33]}",132,"[264, 132, 66, 33]","[132, 264]",[0.18345537787222244],0.43161498700127565,COMPLETE
841,0.07163498356543241,2025-01-10 10:48:31.785930,2025-01-10 10:48:36.142844,0 days 00:00:04.356914,0.07174806638609953,32,0.30000000000000004,128,100,1.2412918667241761e-05,616,0.000530364764969921,4,2,adam,"{'neurons_per_layer_encoder': [128, 256], 'neurons_per_layer_decoder': [256, 128, 64, 32]}",128,"[256, 128, 64, 32]","[128, 256]",[0.07163498356543241],0.4675527020496248,COMPLETE
842,0.3845885481127873,2025-01-10 10:48:32.916878,2025-01-10 10:48:38.503211,0 days 00:00:05.586333,0.07188514717391564,32,0.30000000000000004,128,100,1.194335116589895e-05,616,0.0005201496019117303,4,2,adam,"{'neurons_per_layer_encoder': [128, 256], 'neurons_per_layer_decoder': [256, 128, 64, 32]}",128,"[256, 128, 64, 32]","[128, 256]",[0.3845885481127873],0.5903138117287354,COMPLETE
843,0.3370451973626347,2025-01-10 10:48:35.754479,2025-01-10 10:48:41.677986,0 days 00:00:05.923507,0.09656880481442211,32,0.30000000000000004,136,100,1.2157818846520267e-05,520,0.0011457093268235857,4,2,adam,"{'neurons_per_layer_encoder': [136, 272], 'neurons_per_layer_decoder': [272, 136, 68, 34]}",136,"[272, 136, 68, 34]","[136, 272]",[0.3370451973626347],0.4563473821600297,COMPLETE
844,0.24279910211524458,2025-01-10 10:48:36.152300,2025-01-10 10:48:42.212572,0 days 00:00:06.060272,0.07888734874829378,32,0.30000000000000004,136,100,1.3804984351309443e-05,664,0.001150630052461047,4,2,adam,"{'neurons_per_layer_encoder': [136, 272], 'neurons_per_layer_decoder': [272, 136, 68, 34]}",136,"[272, 136, 68, 34]","[136, 272]",[0.24279910211524458],0.46122171176245635,COMPLETE
845,-0.047352987871519314,2025-01-10 10:48:36.195582,2025-01-10 10:48:40.402088,0 days 00:00:04.206506,0.06948209957819425,32,0.30000000000000004,136,100,1.4365645624163354e-05,600,0.0010624243224251584,4,2,adam,"{'neurons_per_layer_encoder': [136, 272], 'neurons_per_layer_decoder': [272, 136, 68, 34]}",136,"[272, 136, 68, 34]","[136, 272]",[-0.047352987871519314],0.39448027075037595,COMPLETE
846,0.21374595297861432,2025-01-10 10:48:36.999951,2025-01-10 10:48:42.614651,0 days 00:00:05.614700,0.06833836782226965,40,0.30000000000000004,136,100,2.032883961767401e-05,600,0.0003331154448298755,4,2,adam,"{'neurons_per_layer_encoder': [136, 272], 'neurons_per_layer_decoder': [272, 136, 68, 34]}",136,"[272, 136, 68, 34]","[136, 272]",[0.21374595297861432],0.5420065159464044,COMPLETE
847,0.20727296053518374,2025-01-10 10:48:38.512825,2025-01-10 10:48:42.814675,0 days 00:00:04.301850,0.06866070817408751,40,0.30000000000000004,136,100,9.269734780867841e-06,600,0.0003236839346734265,4,2,adam,"{'neurons_per_layer_encoder': [136, 272], 'neurons_per_layer_decoder': [272, 136, 68, 34]}",136,"[272, 136, 68, 34]","[136, 272]",[0.20727296053518374],0.5029523530895975,COMPLETE
848,0.13821700081812383,2025-01-10 10:48:40.415066,2025-01-10 10:48:45.761050,0 days 00:00:05.345984,0.06348390972298554,40,0.30000000000000004,136,100,9.943304360020486e-06,664,0.00034792518408802603,4,2,adam,"{'neurons_per_layer_encoder': [136, 272], 'neurons_per_layer_decoder': [272, 136, 68, 34]}",136,"[272, 136, 68, 34]","[136, 272]",[0.13821700081812383],0.41055998610114286,COMPLETE
849,-0.283489058864153,2025-01-10 10:48:41.688227,2025-01-10 10:48:44.643033,0 days 00:00:02.954806,0.0669481384343697,40,0.30000000000000004,152,100,1.0008794683493665e-05,520,0.0009722084295139268,4,2,adadelta,"{'neurons_per_layer_encoder': [152, 304], 'neurons_per_layer_decoder': [304, 152, 76, 38]}",152,"[304, 152, 76, 38]","[152, 304]",[-0.283489058864153],0.6203856628953502,COMPLETE
850,-0.30661126460873334,2025-01-10 10:48:42.222280,2025-01-10 10:48:44.402337,0 days 00:00:02.180057,0.06928104227606491,40,0.30000000000000004,152,100,9.689876594189e-06,600,0.0004532424191098309,1,2,adadelta,"{'neurons_per_layer_encoder': [152, 304], 'neurons_per_layer_decoder': [304]}",152,[304],"[152, 304]",[-0.30661126460873334],0.6156797074842381,COMPLETE
851,0.12838300949319137,2025-01-10 10:48:42.623964,2025-01-10 10:48:47.973403,0 days 00:00:05.349439,0.06669571116433888,40,0.30000000000000004,152,100,9.846975379569076e-06,600,0.0009344469477882467,4,2,adam,"{'neurons_per_layer_encoder': [152, 304], 'neurons_per_layer_decoder': [304, 152, 76, 38]}",152,"[304, 152, 76, 38]","[152, 304]",[0.12838300949319137],0.24107572395184992,COMPLETE
852,0.24125633096441845,2025-01-10 10:48:42.824124,2025-01-10 10:48:47.963050,0 days 00:00:05.138926,0.06366227867552213,32,0.30000000000000004,152,100,9.87015776501225e-06,504,0.00045473043296810286,4,2,adam,"{'neurons_per_layer_encoder': [152, 304], 'neurons_per_layer_decoder': [304, 152, 76, 38]}",152,"[304, 152, 76, 38]","[152, 304]",[0.24125633096441845],0.5257510561785274,COMPLETE
853,-0.016378960006254495,2025-01-10 10:48:44.411374,2025-01-10 10:48:48.621287,0 days 00:00:04.209913,0.06227242751258543,32,0.30000000000000004,148,100,8.487900267627055e-06,480,0.0009340375572163422,4,2,adam,"{'neurons_per_layer_encoder': [148, 296], 'neurons_per_layer_decoder': [296, 148, 74, 37]}",148,"[296, 148, 74, 37]","[148, 296]",[-0.016378960006254495],0.273381320534374,COMPLETE
854,0.32043409817539525,2025-01-10 10:48:44.653802,2025-01-10 10:48:50.165340,0 days 00:00:05.511538,0.06302033101943692,32,0.30000000000000004,144,100,8.068979802346262e-06,504,0.0004580874540947724,4,2,adam,"{'neurons_per_layer_encoder': [144, 288], 'neurons_per_layer_decoder': [288, 144, 72, 36]}",144,"[288, 144, 72, 36]","[144, 288]",[0.32043409817539525],0.5290303702762581,COMPLETE
855,0.008477504898601662,2025-01-10 10:48:45.771695,2025-01-10 10:48:49.381253,0 days 00:00:03.609558,0.06204919432598023,32,0.30000000000000004,144,100,8.616191690536594e-06,680,0.0009191687355527556,4,2,adam,"{'neurons_per_layer_encoder': [144, 288], 'neurons_per_layer_decoder': [288, 144, 72, 36]}",144,"[288, 144, 72, 36]","[144, 288]",[0.008477504898601662],0.3271194218505269,COMPLETE
856,0.40597473848690024,2025-01-10 10:48:47.974686,2025-01-10 10:48:54.443758,0 days 00:00:06.469072,0.060727573645102395,32,0.30000000000000004,144,100,8.38048211769131e-06,680,0.0005505510844951812,4,2,adam,"{'neurons_per_layer_encoder': [144, 288], 'neurons_per_layer_decoder': [288, 144, 72, 36]}",144,"[288, 144, 72, 36]","[144, 288]",[0.40597473848690024],0.5832874098206391,COMPLETE
857,0.5367651436547182,2025-01-10 10:48:47.984738,2025-01-10 10:48:53.963930,0 days 00:00:05.979192,0.06304957583668526,32,0.30000000000000004,144,100,8.73929097192409e-06,680,0.0005871444305668227,4,2,adam,"{'neurons_per_layer_encoder': [144, 288], 'neurons_per_layer_decoder': [288, 144, 72, 36]}",144,"[288, 144, 72, 36]","[144, 288]",[0.5367651436547182],0.6613525671043069,COMPLETE
858,0.19093597020895647,2025-01-10 10:48:48.630525,2025-01-10 10:48:53.588828,0 days 00:00:04.958303,0.06173064625254348,32,0.30000000000000004,144,100,8.20864155667163e-06,632,0.0005880760696086815,4,2,adam,"{'neurons_per_layer_encoder': [144, 288], 'neurons_per_layer_decoder': [288, 144, 72, 36]}",144,"[288, 144, 72, 36]","[144, 288]",[0.19093597020895647],0.42910959747365446,COMPLETE
859,0.33692443255859594,2025-01-10 10:48:49.389557,2025-01-10 10:48:54.934554,0 days 00:00:05.544997,0.06097029917519287,32,0.30000000000000004,124,100,8.494707364836368e-06,592,0.0005823564729560653,4,2,adam,"{'neurons_per_layer_encoder': [124, 248], 'neurons_per_layer_decoder': [248, 124, 62, 31]}",124,"[248, 124, 62, 31]","[124, 248]",[0.33692443255859594],0.5057942145249127,COMPLETE
860,0.3925074166633997,2025-01-10 10:48:50.175475,2025-01-10 10:48:56.195487,0 days 00:00:06.020012,0.05938328374324829,32,0.30000000000000004,124,100,8.366916968874139e-06,544,0.0006029360998069228,4,2,adam,"{'neurons_per_layer_encoder': [124, 248], 'neurons_per_layer_decoder': [248, 124, 62, 31]}",124,"[248, 124, 62, 31]","[124, 248]",[0.3925074166633997],0.5523023926481839,COMPLETE
861,-0.14565599672900276,2025-01-10 10:48:53.600191,2025-01-10 10:48:56.728272,0 days 00:00:03.128081,0.07195824431982643,32,0.30000000000000004,128,100,1.453260916144886e-05,616,0.0005762692869554551,4,2,adam,"{'neurons_per_layer_encoder': [128, 256], 'neurons_per_layer_decoder': [256, 128, 64, 32]}",128,"[256, 128, 64, 32]","[128, 256]",[-0.14565599672900276],0.444126672431374,COMPLETE
