number,value,datetime_start,datetime_complete,duration,params_alpha,params_batch_size,params_drop_out_rate,params_encoder_neurons_layer_1,params_epochs,params_lambda,params_latent_dim,params_learning_rate,params_num_layers_decoder,params_num_layers_encoder,params_optimizer,user_attrs_encoder_decoder_config,user_attrs_first_layer_neurons,user_attrs_neurons_per_layer_decoder,user_attrs_neurons_per_layer_encoder,user_attrs_r2_feature_1,user_attrs_relative_deterioration,state
371,0.10366404899386272,2025-01-10 10:06:54.619278,2025-01-10 10:07:09.336297,0 days 00:00:14.717019,0.031138525787140253,48,0.30000000000000004,128,100,6.02841516150016e-06,2168,0.004234046235857696,4,5,adam,"{'neurons_per_layer_encoder': [128, 256, 512, 1024, 2048], 'neurons_per_layer_decoder': [2048, 1024, 512, 256]}",128,"[2048, 1024, 512, 256]","[128, 256, 512, 1024, 2048]",[0.10366404899386272],0.7465450514306653,COMPLETE
372,0.020152126282130256,2025-01-10 10:06:56.043369,2025-01-10 10:07:24.143642,0 days 00:00:28.100273,0.03079387606991122,64,0.30000000000000004,104,100,0.00023539176184860574,1704,0.002535121809343259,4,5,adam,"{'neurons_per_layer_encoder': [104, 208, 416, 832, 1664], 'neurons_per_layer_decoder': [1664, 832, 416, 208]}",104,"[1664, 832, 416, 208]","[104, 208, 416, 832, 1664]",[0.020152126282130256],0.9516446665691959,COMPLETE
373,-0.1306840955176536,2025-01-10 10:06:56.697283,2025-01-10 10:07:20.880123,0 days 00:00:24.182840,0.03665620285812972,104,0.30000000000000004,128,100,7.12467870592761e-05,2184,0.0025782442102184867,4,5,adadelta,"{'neurons_per_layer_encoder': [128, 256, 512, 1024, 2048], 'neurons_per_layer_decoder': [2048, 1024, 512, 256]}",128,"[2048, 1024, 512, 256]","[128, 256, 512, 1024, 2048]",[-0.1306840955176536],0.9448799106584884,COMPLETE
374,-0.1455907140094348,2025-01-10 10:07:02.431908,2025-01-10 10:07:29.104064,0 days 00:00:26.672156,0.03645429944699389,128,0.30000000000000004,192,100,7.56041960287072e-05,3096,0.0026552653827729778,4,5,adadelta,"{'neurons_per_layer_encoder': [192, 384, 768, 1536, 3072], 'neurons_per_layer_decoder': [3072, 1536, 768, 384]}",192,"[3072, 1536, 768, 384]","[192, 384, 768, 1536, 3072]",[-0.1455907140094348],0.9633175024883286,COMPLETE
375,-1.271927877585172,2025-01-10 10:07:09.355241,2025-01-10 10:07:28.914164,0 days 00:00:19.558923,0.03620195979777803,64,0.30000000000000004,104,100,4.698949864224293e-06,1704,0.002744898782815501,4,5,adadelta,"{'neurons_per_layer_encoder': [104, 208, 416, 832, 1664], 'neurons_per_layer_decoder': [1664, 832, 416, 208]}",104,"[1664, 832, 416, 208]","[104, 208, 416, 832, 1664]",[-1.271927877585172],0.5440156243009165,COMPLETE
376,-2.873861173121771,2025-01-10 10:07:20.908789,2025-01-10 10:07:38.278668,0 days 00:00:17.369879,0.02618801010778804,120,0.4,96,100,2.1422955080276357e-06,1560,0.0021467591059236733,4,5,adam,"{'neurons_per_layer_encoder': [96, 192, 384, 768, 1536], 'neurons_per_layer_decoder': [1536, 768, 384, 192]}",96,"[1536, 768, 384, 192]","[96, 192, 384, 768, 1536]",[-2.873861173121771],-1.3099422884060379,COMPLETE
377,-0.17047580282302754,2025-01-10 10:07:24.158891,2025-01-10 10:07:39.357726,0 days 00:00:15.198835,0.02560593156063583,120,0.4,96,100,4.628857941304747e-06,1560,0.002221439764695991,4,5,adam,"{'neurons_per_layer_encoder': [96, 192, 384, 768, 1536], 'neurons_per_layer_decoder': [1536, 768, 384, 192]}",96,"[1536, 768, 384, 192]","[96, 192, 384, 768, 1536]",[-0.17047580282302754],0.5158348496106355,COMPLETE
378,0.05757920075959588,2025-01-10 10:07:28.927306,2025-01-10 10:07:39.923667,0 days 00:00:10.996361,0.03419153600377306,72,0.4,96,100,2.7747346593736083e-05,2552,0.0020981107581966286,4,5,adam,"{'neurons_per_layer_encoder': [96, 192, 384, 768, 1536], 'neurons_per_layer_decoder': [1536, 768, 384, 192]}",96,"[1536, 768, 384, 192]","[96, 192, 384, 768, 1536]",[0.05757920075959588],0.8829792444806657,COMPLETE
379,0.11192310784422266,2025-01-10 10:07:29.141359,2025-01-10 10:07:42.285525,0 days 00:00:13.144166,0.026098340762394454,32,0.4,96,100,2.749841114687975e-05,2568,0.002255711137371189,4,5,adam,"{'neurons_per_layer_encoder': [96, 192, 384, 768, 1536], 'neurons_per_layer_decoder': [1536, 768, 384, 192]}",96,"[1536, 768, 384, 192]","[96, 192, 384, 768, 1536]",[0.11192310784422266],0.893107016520519,COMPLETE
380,-0.0355861398741002,2025-01-10 10:07:31.525985,2025-01-10 10:07:42.762917,0 days 00:00:11.236932,0.025709465850360505,72,0.4,96,100,3.704624422941825e-06,1560,0.0020116191940087094,2,5,adam,"{'neurons_per_layer_encoder': [96, 192, 384, 768, 1536], 'neurons_per_layer_decoder': [1536, 768]}",96,"[1536, 768]","[96, 192, 384, 768, 1536]",[-0.0355861398741002],0.4466458301833244,COMPLETE
381,0.2579769478018126,2025-01-10 10:07:38.301182,2025-01-10 10:07:46.777678,0 days 00:00:08.476496,0.04450428729951636,72,0.4,120,100,6.442676496123324e-05,1944,0.005845295375152902,2,5,adam,"{'neurons_per_layer_encoder': [120, 240, 480, 960, 1920], 'neurons_per_layer_decoder': [1920, 960]}",120,"[1920, 960]","[120, 240, 480, 960, 1920]",[0.2579769478018126],0.9590032366782172,COMPLETE
382,0.24901100495814954,2025-01-10 10:07:39.379898,2025-01-10 10:07:48.240521,0 days 00:00:08.860623,0.045700280694274106,40,0.4,76,100,3.5892966402752584e-06,1464,0.007496260970466043,2,4,adam,"{'neurons_per_layer_encoder': [76, 152, 304, 608], 'neurons_per_layer_decoder': [608, 304]}",76,"[608, 304]","[76, 152, 304, 608]",[0.24901100495814954],0.49759276708926403,COMPLETE
383,0.11007384088455208,2025-01-10 10:07:39.947256,2025-01-10 10:07:48.310964,0 days 00:00:08.363708,0.045845209631216244,40,0.4,120,100,5.579331341319197e-06,1000,0.005757939294001032,3,4,adam,"{'neurons_per_layer_encoder': [120, 240, 480, 960], 'neurons_per_layer_decoder': [960, 480, 240]}",120,"[960, 480, 240]","[120, 240, 480, 960]",[0.11007384088455208],0.5375660189604754,COMPLETE
384,0.13722212649268017,2025-01-10 10:07:42.297260,2025-01-10 10:07:56.513818,0 days 00:00:14.216558,0.04626042752502757,40,0.30000000000000004,120,100,3.504683220417241e-06,1000,0.00104965883777621,3,4,adam,"{'neurons_per_layer_encoder': [120, 240, 480, 960], 'neurons_per_layer_decoder': [960, 480, 240]}",120,"[960, 480, 240]","[120, 240, 480, 960]",[0.13722212649268017],0.2613784657072563,COMPLETE
385,-0.16262437682454567,2025-01-10 10:07:42.774520,2025-01-10 10:07:51.240602,0 days 00:00:08.466082,0.04501887189031731,40,0.30000000000000004,120,100,2.651786481564925e-06,984,0.005619882982680191,3,4,adam,"{'neurons_per_layer_encoder': [120, 240, 480, 960], 'neurons_per_layer_decoder': [960, 480, 240]}",120,"[960, 480, 240]","[120, 240, 480, 960]",[-0.16262437682454567],0.14814655311869535,COMPLETE
386,-0.01849324602521052,2025-01-10 10:07:46.790528,2025-01-10 10:07:56.365658,0 days 00:00:09.575130,0.04385957406030298,64,0.30000000000000004,120,100,5.578604404966827e-06,1000,0.005950326783281076,2,4,adam,"{'neurons_per_layer_encoder': [120, 240, 480, 960], 'neurons_per_layer_decoder': [960, 480]}",120,"[960, 480]","[120, 240, 480, 960]",[-0.01849324602521052],0.4872848160270034,COMPLETE
387,0.22376434435808867,2025-01-10 10:07:48.256018,2025-01-10 10:07:57.416429,0 days 00:00:09.160411,0.04355540294339811,64,0.30000000000000004,120,100,2.7189385243609685e-06,984,0.005912175801057963,2,4,adam,"{'neurons_per_layer_encoder': [120, 240, 480, 960], 'neurons_per_layer_decoder': [960, 480]}",120,"[960, 480]","[120, 240, 480, 960]",[0.22376434435808867],0.5201912638012428,COMPLETE
388,-0.004746059816412407,2025-01-10 10:07:48.328659,2025-01-10 10:07:51.817550,0 days 00:00:03.488891,0.04249040825404072,72,0.30000000000000004,132,100,9.448865834500725e-06,284,0.006161279450101201,2,1,adam,"{'neurons_per_layer_encoder': [132], 'neurons_per_layer_decoder': [132, 66]}",132,"[132, 66]",[132],[-0.004746059816412407],-0.4575131478639779,COMPLETE
389,0.05832032847519275,2025-01-10 10:07:51.259573,2025-01-10 10:07:59.181531,0 days 00:00:07.921958,0.05253237684644244,72,0.30000000000000004,140,100,8.320183960051367e-05,648,0.004654241592870402,2,3,adam,"{'neurons_per_layer_encoder': [140, 280, 560], 'neurons_per_layer_decoder': [560, 280]}",140,"[560, 280]","[140, 280, 560]",[0.05832032847519275],0.4633232160468389,COMPLETE
390,0.14166514659008345,2025-01-10 10:07:51.842934,2025-01-10 10:08:00.100179,0 days 00:00:08.257245,0.04894825977755166,64,0.30000000000000004,124,100,0.0005578584188470628,1208,0.004641985481100658,2,3,adam,"{'neurons_per_layer_encoder': [124, 248, 496], 'neurons_per_layer_decoder': [496, 248]}",124,"[496, 248]","[124, 248, 496]",[0.14166514659008345],0.7976953783275175,COMPLETE
391,-0.3745857906916623,2025-01-10 10:07:56.381894,2025-01-10 10:08:01.507363,0 days 00:00:05.125469,0.054114628366542704,64,0.30000000000000004,140,100,6.209439612360353e-05,1336,0.0047261523550708295,4,3,adam,"{'neurons_per_layer_encoder': [140, 280, 560], 'neurons_per_layer_decoder': [560, 280, 140, 70]}",140,"[560, 280, 140, 70]","[140, 280, 560]",[-0.3745857906916623],0.8083338341749983,COMPLETE
392,-0.25087556019585056,2025-01-10 10:07:56.530011,2025-01-10 10:08:00.300673,0 days 00:00:03.770662,0.08417069871976937,64,0.4,140,100,5.943191410929447e-05,648,0.004657695240755546,2,3,adam,"{'neurons_per_layer_encoder': [140, 280, 560], 'neurons_per_layer_decoder': [560, 280]}",140,"[560, 280]","[140, 280, 560]",[-0.25087556019585056],0.777019244027085,COMPLETE
393,0.12026634096314848,2025-01-10 10:07:57.428572,2025-01-10 10:08:33.718351,0 days 00:00:36.289779,0.05211590777785395,32,0.4,112,100,9.146245506168782e-05,1832,0.004635031654595774,2,5,adam,"{'neurons_per_layer_encoder': [112, 224, 448, 896, 1792], 'neurons_per_layer_decoder': [1792, 896]}",112,"[1792, 896]","[112, 224, 448, 896, 1792]",[0.12026634096314848],0.8365213050777857,COMPLETE
394,-1.1089784674329106,2025-01-10 10:07:59.195668,2025-01-10 10:08:09.455425,0 days 00:00:10.259757,0.022528815921932076,128,0.4,112,100,6.168573599645287e-05,1848,0.0038211937627165306,2,5,adam,"{'neurons_per_layer_encoder': [112, 224, 448, 896, 1792], 'neurons_per_layer_decoder': [1792, 896]}",112,"[1792, 896]","[112, 224, 448, 896, 1792]",[-1.1089784674329106],0.8640891862046532,COMPLETE
395,0.014046454267369612,2025-01-10 10:08:00.113266,2025-01-10 10:08:40.059292,0 days 00:00:39.946026,0.08190027886170048,32,0.4,112,100,6.912890517302984e-05,1848,0.0038417833732329915,2,5,adam,"{'neurons_per_layer_encoder': [112, 224, 448, 896, 1792], 'neurons_per_layer_decoder': [1792, 896]}",112,"[1792, 896]","[112, 224, 448, 896, 1792]",[0.014046454267369612],0.8456301792966536,COMPLETE
396,0.08921778471724684,2025-01-10 10:08:00.317981,2025-01-10 10:08:42.345226,0 days 00:00:42.027245,0.028929256315552324,32,0.4,112,100,0.00015567726609670357,1848,0.0030316033832153986,4,5,adam,"{'neurons_per_layer_encoder': [112, 224, 448, 896, 1792], 'neurons_per_layer_decoder': [1792, 896, 448, 224]}",112,"[1792, 896, 448, 224]","[112, 224, 448, 896, 1792]",[0.08921778471724684],0.9069282603458163,COMPLETE
397,0.2639483263812442,2025-01-10 10:08:01.521047,2025-01-10 10:08:21.989064,0 days 00:00:20.468017,0.03366273440249967,32,0.4,112,100,7.138237758501024e-05,1848,0.002962467555464569,4,5,adam,"{'neurons_per_layer_encoder': [112, 224, 448, 896, 1792], 'neurons_per_layer_decoder': [1792, 896, 448, 224]}",112,"[1792, 896, 448, 224]","[112, 224, 448, 896, 1792]",[0.2639483263812442],0.9633371112922129,COMPLETE
398,-0.04270046095222746,2025-01-10 10:08:09.488644,2025-01-10 10:08:40.069321,0 days 00:00:30.580677,0.03233799344082465,32,0.4,112,100,8.04431944177121e-06,1848,0.0030175494805769606,4,5,adam,"{'neurons_per_layer_encoder': [112, 224, 448, 896, 1792], 'neurons_per_layer_decoder': [1792, 896, 448, 224]}",112,"[1792, 896, 448, 224]","[112, 224, 448, 896, 1792]",[-0.04270046095222746],0.7439472367296527,COMPLETE
399,0.029039240267278332,2025-01-10 10:08:22.029575,2025-01-10 10:08:42.383247,0 days 00:00:20.353672,0.032973299118640706,32,0.4,108,100,9.727057576916234e-05,1800,0.002959968717579935,4,5,adam,"{'neurons_per_layer_encoder': [108, 216, 432, 864, 1728], 'neurons_per_layer_decoder': [1728, 864, 432, 216]}",108,"[1728, 864, 432, 216]","[108, 216, 432, 864, 1728]",[0.029039240267278332],0.9605715174747207,COMPLETE
400,-0.006450961052808291,2025-01-10 10:08:33.759266,2025-01-10 10:08:48.728403,0 days 00:00:14.969137,0.03304181315078307,32,0.30000000000000004,104,100,8.41396012372428e-06,1688,0.0029821121228467344,4,5,adam,"{'neurons_per_layer_encoder': [104, 208, 416, 832, 1664], 'neurons_per_layer_decoder': [1664, 832, 416, 208]}",104,"[1664, 832, 416, 208]","[104, 208, 416, 832, 1664]",[-0.006450961052808291],0.7195232069318223,COMPLETE
401,-0.07902646813727365,2025-01-10 10:08:40.091048,2025-01-10 10:08:48.692169,0 days 00:00:08.601121,0.033662589610733894,32,0.30000000000000004,104,100,0.00010120755806866109,872,0.00313919223078144,4,4,adam,"{'neurons_per_layer_encoder': [104, 208, 416, 832], 'neurons_per_layer_decoder': [832, 416, 208, 104]}",104,"[832, 416, 208, 104]","[104, 208, 416, 832]",[-0.07902646813727365],0.912395311229633,COMPLETE
402,-0.6074571664566626,2025-01-10 10:08:40.092731,2025-01-10 10:08:49.486821,0 days 00:00:09.394090,0.03518993959466621,32,0.30000000000000004,104,100,0.0001553793923418012,872,0.0030198928161156114,4,4,adam,"{'neurons_per_layer_encoder': [104, 208, 416, 832], 'neurons_per_layer_decoder': [832, 416, 208, 104]}",104,"[832, 416, 208, 104]","[104, 208, 416, 832]",[-0.6074571664566626],0.9074165620494375,COMPLETE
403,0.17520616403864986,2025-01-10 10:08:42.359206,2025-01-10 10:08:49.921241,0 days 00:00:07.562035,0.03420834105624361,32,0.30000000000000004,108,100,0.00010313268775134252,888,0.0027777510297247133,4,4,adam,"{'neurons_per_layer_encoder': [108, 216, 432, 864], 'neurons_per_layer_decoder': [864, 432, 216, 108]}",108,"[864, 432, 216, 108]","[108, 216, 432, 864]",[0.17520616403864986],0.9371545405460744,COMPLETE
404,0.08443431830633374,2025-01-10 10:08:42.398496,2025-01-10 10:08:57.958008,0 days 00:00:15.559512,0.03511810842237652,32,0.30000000000000004,104,100,0.000722168180804899,872,0.0024929634349517486,4,4,adam,"{'neurons_per_layer_encoder': [104, 208, 416, 832], 'neurons_per_layer_decoder': [832, 416, 208, 104]}",104,"[832, 416, 208, 104]","[104, 208, 416, 832]",[0.08443431830633374],0.9208447738528428,COMPLETE
405,0.3683833874707838,2025-01-10 10:08:48.706592,2025-01-10 10:09:02.109270,0 days 00:00:13.402678,0.034987815289365475,32,0.30000000000000004,68,100,4.102646551247021e-06,1288,0.0012663349316068564,4,4,adam,"{'neurons_per_layer_encoder': [68, 136, 272, 544], 'neurons_per_layer_decoder': [544, 272, 136, 68]}",68,"[544, 272, 136, 68]","[68, 136, 272, 544]",[0.3683833874707838],0.5310530385011957,COMPLETE
406,0.1254696824249133,2025-01-10 10:08:48.749301,2025-01-10 10:08:56.454804,0 days 00:00:07.705503,0.03463560326859606,48,0.30000000000000004,68,100,3.103640170510509e-06,1336,0.0024777991206239238,4,4,adam,"{'neurons_per_layer_encoder': [68, 136, 272, 544], 'neurons_per_layer_decoder': [544, 272, 136, 68]}",68,"[544, 272, 136, 68]","[68, 136, 272, 544]",[0.1254696824249133],0.18516244105505403,COMPLETE
407,0.07206614116874088,2025-01-10 10:08:49.502290,2025-01-10 10:08:59.664272,0 days 00:00:10.161982,0.029423383136649117,48,0.30000000000000004,100,100,4.4600387911614515e-06,840,0.001262300299725899,4,4,adam,"{'neurons_per_layer_encoder': [100, 200, 400, 800], 'neurons_per_layer_decoder': [800, 400, 200, 100]}",100,"[800, 400, 200, 100]","[100, 200, 400, 800]",[0.07206614116874088],0.24807135190887508,COMPLETE
408,0.019538366791506778,2025-01-10 10:08:49.931697,2025-01-10 10:09:11.650272,0 days 00:00:21.718575,0.02991149574060054,48,0.30000000000000004,100,100,0.0006313152422655301,1640,0.002449835875634487,4,5,adam,"{'neurons_per_layer_encoder': [100, 200, 400, 800, 1600], 'neurons_per_layer_decoder': [1600, 800, 400, 200]}",100,"[1600, 800, 400, 200]","[100, 200, 400, 800, 1600]",[0.019538366791506778],0.7051812016395907,COMPLETE
409,0.09286174018217586,2025-01-10 10:08:56.471149,2025-01-10 10:09:25.040164,0 days 00:00:28.569015,0.029747468472396073,48,0.2,116,100,0.0006538099428831454,1896,0.0036239551895947226,4,5,adadelta,"{'neurons_per_layer_encoder': [116, 232, 464, 928, 1856], 'neurons_per_layer_decoder': [1856, 928, 464, 232]}",116,"[1856, 928, 464, 232]","[116, 232, 464, 928, 1856]",[0.09286174018217586],0.9940821325856182,COMPLETE
410,0.14960132724369302,2025-01-10 10:08:57.977221,2025-01-10 10:09:17.959613,0 days 00:00:19.982392,0.02961855616920751,48,0.2,76,100,4.40873037474064e-06,1240,0.003604018782040263,4,5,adadelta,"{'neurons_per_layer_encoder': [76, 152, 304, 608, 1216], 'neurons_per_layer_decoder': [1216, 608, 304, 152]}",76,"[1216, 608, 304, 152]","[76, 152, 304, 608, 1216]",[0.14960132724369302],0.6803426183964641,COMPLETE
411,-0.21850678492466957,2025-01-10 10:08:59.682156,2025-01-10 10:09:10.799093,0 days 00:00:11.116937,0.030230225926664737,48,0.2,80,100,1.1063679798460098e-05,1304,0.001764309038838443,4,5,adadelta,"{'neurons_per_layer_encoder': [80, 160, 320, 640, 1280], 'neurons_per_layer_decoder': [1280, 640, 320, 160]}",80,"[1280, 640, 320, 160]","[80, 160, 320, 640, 1280]",[-0.21850678492466957],0.6935947833488548,COMPLETE
412,0.2694692981603566,2025-01-10 10:09:02.128486,2025-01-10 10:09:28.331059,0 days 00:00:26.202573,0.03773026589585681,32,0.30000000000000004,76,100,4.3122707281027924e-06,1240,0.0036350476013454758,4,5,adadelta,"{'neurons_per_layer_encoder': [76, 152, 304, 608, 1216], 'neurons_per_layer_decoder': [1216, 608, 304, 152]}",76,"[1216, 608, 304, 152]","[76, 152, 304, 608, 1216]",[0.2694692981603566],0.7440624389798148,COMPLETE
413,-0.1540521182593153,2025-01-10 10:09:10.841288,2025-01-10 10:09:23.678149,0 days 00:00:12.836861,0.17100240764489485,32,0.30000000000000004,68,100,5.323362713660575e-06,1112,0.0036221462277053855,4,5,adam,"{'neurons_per_layer_encoder': [68, 136, 272, 544, 1088], 'neurons_per_layer_decoder': [1088, 544, 272, 136]}",68,"[1088, 544, 272, 136]","[68, 136, 272, 544, 1088]",[-0.1540521182593153],0.4264053062718574,COMPLETE
414,0.01986145660702887,2025-01-10 10:09:11.677849,2025-01-10 10:09:24.959734,0 days 00:00:13.281885,0.03732606015379691,32,0.30000000000000004,76,100,3.92397932105975e-06,1240,0.0037983621597893038,4,5,adam,"{'neurons_per_layer_encoder': [76, 152, 304, 608, 1216], 'neurons_per_layer_decoder': [1216, 608, 304, 152]}",76,"[1216, 608, 304, 152]","[76, 152, 304, 608, 1216]",[0.01986145660702887],0.5275842544383241,COMPLETE
415,0.28364621069992957,2025-01-10 10:09:17.976017,2025-01-10 10:09:38.235180,0 days 00:00:20.259163,0.03669466834224319,32,0.30000000000000004,60,100,3.90446567887048e-06,2088,0.0038195610643059707,4,5,adam,"{'neurons_per_layer_encoder': [60, 120, 240, 480, 960], 'neurons_per_layer_decoder': [960, 480, 240, 120]}",60,"[960, 480, 240, 120]","[60, 120, 240, 480, 960]",[0.28364621069992957],0.5065241303015453,COMPLETE
416,0.17025678727924143,2025-01-10 10:09:23.714112,2025-01-10 10:09:30.218983,0 days 00:00:06.504871,0.037411325579553546,32,0.30000000000000004,64,100,3.8269653350664575e-06,616,0.003993843947904847,4,3,adam,"{'neurons_per_layer_encoder': [64, 128, 256], 'neurons_per_layer_decoder': [256, 128, 64, 32]}",64,"[256, 128, 64, 32]","[64, 128, 256]",[0.17025678727924143],0.24738041477382353,COMPLETE
417,0.4435009743146052,2025-01-10 10:09:24.969653,2025-01-10 10:09:35.295345,0 days 00:00:10.325692,0.03872057501193368,32,0.30000000000000004,84,100,6.633338381157416e-06,808,0.0034498162319485442,4,3,adam,"{'neurons_per_layer_encoder': [84, 168, 336], 'neurons_per_layer_decoder': [336, 168, 84, 42]}",84,"[336, 168, 84, 42]","[84, 168, 336]",[0.4435009743146052],0.4679615154760488,COMPLETE
418,-0.07517503593680974,2025-01-10 10:09:25.063202,2025-01-10 10:09:32.666087,0 days 00:00:07.602885,0.03883670087726391,32,0.30000000000000004,84,100,4.01967630216149e-06,808,0.004204632539599688,4,3,adam,"{'neurons_per_layer_encoder': [84, 168, 336], 'neurons_per_layer_decoder': [336, 168, 84, 42]}",84,"[336, 168, 84, 42]","[84, 168, 336]",[-0.07517503593680974],0.03317120446932103,COMPLETE
419,-0.3465636622783961,2025-01-10 10:09:28.344227,2025-01-10 10:09:34.749843,0 days 00:00:06.405616,0.03826808687386722,32,0.30000000000000004,68,100,4.1654085400834065e-06,664,0.002795861457608743,4,3,adadelta,"{'neurons_per_layer_encoder': [68, 136, 272], 'neurons_per_layer_decoder': [272, 136, 68, 34]}",68,"[272, 136, 68, 34]","[68, 136, 272]",[-0.3465636622783961],0.42406533929766554,COMPLETE
420,-0.037977109090283845,2025-01-10 10:09:30.235064,2025-01-10 10:09:37.604775,0 days 00:00:07.369711,0.039276575627774375,32,0.30000000000000004,72,100,4.844455993779709e-06,1400,0.00337705121053901,1,4,adadelta,"{'neurons_per_layer_encoder': [72, 144, 288, 576], 'neurons_per_layer_decoder': [576]}",72,[576],"[72, 144, 288, 576]",[-0.037977109090283845],0.5460147557081836,COMPLETE
421,-0.05112445564873158,2025-01-10 10:09:32.680763,2025-01-10 10:09:44.614345,0 days 00:00:11.933582,0.06547318789827737,32,0.30000000000000004,72,100,4.648552974967677e-06,1416,0.003348341212091282,4,4,adadelta,"{'neurons_per_layer_encoder': [72, 144, 288, 576], 'neurons_per_layer_decoder': [576, 288, 144, 72]}",72,"[576, 288, 144, 72]","[72, 144, 288, 576]",[-0.05112445564873158],0.6229960000858176,COMPLETE
422,-1.8644761967402488,2025-01-10 10:09:34.771001,2025-01-10 10:09:41.039236,0 days 00:00:06.268235,0.036259210119622944,32,0.30000000000000004,76,100,3.2002616547931283e-06,1480,0.003332049114052302,4,4,adadelta,"{'neurons_per_layer_encoder': [76, 152, 304, 608], 'neurons_per_layer_decoder': [608, 304, 152, 76]}",76,"[608, 304, 152, 76]","[76, 152, 304, 608]",[-1.8644761967402488],0.3800484140116644,COMPLETE
