number,value,datetime_start,datetime_complete,duration,params_alpha,params_batch_size,params_drop_out_rate,params_encoder_neurons_layer_1,params_epochs,params_lambda,params_latent_dim,params_learning_rate,params_num_layers_decoder,params_num_layers_encoder,params_optimizer,user_attrs_encoder_decoder_config,user_attrs_first_layer_neurons,user_attrs_neurons_per_layer_decoder,user_attrs_neurons_per_layer_encoder,user_attrs_r2_feature_1,user_attrs_relative_deterioration,state
697,0.2211756716653237,2025-01-10 10:26:01.629417,2025-01-10 10:26:08.171556,0 days 00:00:06.542139,0.04714783140069337,32,0.30000000000000004,156,100,5.878587551237191e-06,736,0.0008747130491166063,4,2,adam,"{'neurons_per_layer_encoder': [156, 312], 'neurons_per_layer_decoder': [312, 156, 78, 39]}",156,"[312, 156, 78, 39]","[156, 312]",[0.2211756716653237],0.3199730505511431,COMPLETE
698,0.39614649917985634,2025-01-10 10:26:03.369235,2025-01-10 10:26:09.276977,0 days 00:00:05.907742,0.04766711302872328,32,0.30000000000000004,156,100,5.632662631567457e-06,704,0.0003293620642656598,4,2,adam,"{'neurons_per_layer_encoder': [156, 312], 'neurons_per_layer_decoder': [312, 156, 78, 39]}",156,"[312, 156, 78, 39]","[156, 312]",[0.39614649917985634],0.6216213677738922,COMPLETE
699,-0.667233364838387,2025-01-10 10:26:04.059684,2025-01-10 10:26:07.061338,0 days 00:00:03.001654,0.047619860322722994,32,0.30000000000000004,136,100,7.961055508593485e-06,664,0.0003484352799516059,4,2,adam,"{'neurons_per_layer_encoder': [136, 272], 'neurons_per_layer_decoder': [272, 136, 68, 34]}",136,"[272, 136, 68, 34]","[136, 272]",[-0.667233364838387],0.04545872034726278,COMPLETE
700,-0.09159313404363045,2025-01-10 10:26:05.209285,2025-01-10 10:26:08.630899,0 days 00:00:03.421614,0.048042162528667234,32,0.30000000000000004,136,100,7.897511847836407e-06,664,0.00035126575348382125,4,2,adam,"{'neurons_per_layer_encoder': [136, 272], 'neurons_per_layer_decoder': [272, 136, 68, 34]}",136,"[272, 136, 68, 34]","[136, 272]",[-0.09159313404363045],0.288223207841326,COMPLETE
701,0.13157086562499365,2025-01-10 10:26:05.337145,2025-01-10 10:26:11.840646,0 days 00:00:06.503501,0.1975080255834512,32,0.30000000000000004,136,100,8.064753510391255e-06,664,0.000883724063551329,4,2,adam,"{'neurons_per_layer_encoder': [136, 272], 'neurons_per_layer_decoder': [272, 136, 68, 34]}",136,"[272, 136, 68, 34]","[136, 272]",[0.13157086562499365],0.291180085456487,COMPLETE
702,0.10267837716175954,2025-01-10 10:26:07.071166,2025-01-10 10:26:12.625643,0 days 00:00:05.554477,0.056063502023225985,32,0.30000000000000004,140,100,1.1064755550129886e-05,672,0.00021972394225141162,4,2,adam,"{'neurons_per_layer_encoder': [140, 280], 'neurons_per_layer_decoder': [280, 140, 70, 35]}",140,"[280, 140, 70, 35]","[140, 280]",[0.10267837716175954],0.50402664412651,COMPLETE
703,0.11013960375397736,2025-01-10 10:26:08.182597,2025-01-10 10:26:12.877267,0 days 00:00:04.694670,0.055696629112859115,32,0.30000000000000004,144,100,1.1078546426746151e-05,696,0.0005673757643881894,4,2,adam,"{'neurons_per_layer_encoder': [144, 288], 'neurons_per_layer_decoder': [288, 144, 72, 36]}",144,"[288, 144, 72, 36]","[144, 288]",[0.11013960375397736],0.44394133679507325,COMPLETE
704,0.33304630483638165,2025-01-10 10:26:08.641103,2025-01-10 10:26:14.456705,0 days 00:00:05.815602,0.05582916260518518,32,0.30000000000000004,144,100,6.84158604714197e-06,696,0.0005843775165874167,4,2,adam,"{'neurons_per_layer_encoder': [144, 288], 'neurons_per_layer_decoder': [288, 144, 72, 36]}",144,"[288, 144, 72, 36]","[144, 288]",[0.33304630483638165],0.5141719435949126,COMPLETE
705,0.46236680257829976,2025-01-10 10:26:09.286058,2025-01-10 10:26:15.209359,0 days 00:00:05.923301,0.05568093654343142,32,0.30000000000000004,144,100,6.871833826422783e-06,696,0.0008988817757696987,4,2,adam,"{'neurons_per_layer_encoder': [144, 288], 'neurons_per_layer_decoder': [288, 144, 72, 36]}",144,"[288, 144, 72, 36]","[144, 288]",[0.46236680257829976],0.511853065810649,COMPLETE
706,0.4016388952592064,2025-01-10 10:26:11.850871,2025-01-10 10:26:17.898599,0 days 00:00:06.047728,0.05535669107558075,32,0.30000000000000004,144,100,6.857157482903861e-06,696,0.0005454866744972584,4,2,adam,"{'neurons_per_layer_encoder': [144, 288], 'neurons_per_layer_decoder': [288, 144, 72, 36]}",144,"[288, 144, 72, 36]","[144, 288]",[0.4016388952592064],0.5156307684547615,COMPLETE
707,0.4462210935465104,2025-01-10 10:26:12.635018,2025-01-10 10:26:18.906621,0 days 00:00:06.271603,0.05664537269803974,32,0.30000000000000004,164,100,6.801597656734934e-06,736,0.0005591191864765543,4,2,adam,"{'neurons_per_layer_encoder': [164, 328], 'neurons_per_layer_decoder': [328, 164, 82, 41]}",164,"[328, 164, 82, 41]","[164, 328]",[0.4462210935465104],0.6025880718473025,COMPLETE
708,-0.05882732182046513,2025-01-10 10:26:12.886324,2025-01-10 10:26:16.427057,0 days 00:00:03.540733,0.04977935020206058,32,0.30000000000000004,128,100,7.0760371337732644e-06,600,0.0006169370332383486,4,2,adam,"{'neurons_per_layer_encoder': [128, 256], 'neurons_per_layer_decoder': [256, 128, 64, 32]}",128,"[256, 128, 64, 32]","[128, 256]",[-0.05882732182046513],0.3253108332087041,COMPLETE
709,0.40509378434036325,2025-01-10 10:26:14.466472,2025-01-10 10:26:20.842081,0 days 00:00:06.375609,0.04966812142868901,32,0.30000000000000004,164,100,6.6428383864123275e-06,736,0.0007352945263006229,4,2,adam,"{'neurons_per_layer_encoder': [164, 328], 'neurons_per_layer_decoder': [328, 164, 82, 41]}",164,"[328, 164, 82, 41]","[164, 328]",[0.40509378434036325],0.5518923586394868,COMPLETE
710,0.18540531965056029,2025-01-10 10:26:15.219635,2025-01-10 10:26:21.386292,0 days 00:00:06.166657,0.0593946567611312,32,0.30000000000000004,140,100,5.156427987168564e-06,640,0.0007158985757703401,4,2,adam,"{'neurons_per_layer_encoder': [140, 280], 'neurons_per_layer_decoder': [280, 140, 70, 35]}",140,"[280, 140, 70, 35]","[140, 280]",[0.18540531965056029],0.31705814456794257,COMPLETE
711,0.3900148797839279,2025-01-10 10:26:16.436215,2025-01-10 10:26:22.432034,0 days 00:00:05.995819,0.0584580168725614,32,0.30000000000000004,140,100,5.0038142238516305e-06,640,0.0007428592951876836,4,2,adam,"{'neurons_per_layer_encoder': [140, 280], 'neurons_per_layer_decoder': [280, 140, 70, 35]}",140,"[280, 140, 70, 35]","[140, 280]",[0.3900148797839279],0.4840604912329672,COMPLETE
712,0.12960664108194997,2025-01-10 10:26:17.908782,2025-01-10 10:26:22.918302,0 days 00:00:05.009520,0.058725161425083355,32,0.30000000000000004,136,100,5.060700549033971e-06,648,0.000893344267384632,4,2,adam,"{'neurons_per_layer_encoder': [136, 272], 'neurons_per_layer_decoder': [272, 136, 68, 34]}",136,"[272, 136, 68, 34]","[136, 272]",[0.12960664108194997],0.17466580316680264,COMPLETE
713,0.26888727622195774,2025-01-10 10:26:18.917674,2025-01-10 10:26:25.394845,0 days 00:00:06.477171,0.05982505987827412,32,0.30000000000000004,164,100,5.0163079345207075e-06,704,0.0007405599467443411,4,2,adam,"{'neurons_per_layer_encoder': [164, 328], 'neurons_per_layer_decoder': [328, 164, 82, 41]}",164,"[328, 164, 82, 41]","[164, 328]",[0.26888727622195774],0.4127633164995223,COMPLETE
714,0.2979653140981592,2025-01-10 10:26:20.852516,2025-01-10 10:26:26.937532,0 days 00:00:06.085016,0.059048256964528874,32,0.30000000000000004,136,100,5.076368271471433e-06,648,0.0009025348323703231,4,2,adam,"{'neurons_per_layer_encoder': [136, 272], 'neurons_per_layer_decoder': [272, 136, 68, 34]}",136,"[272, 136, 68, 34]","[136, 272]",[0.2979653140981592],0.3034561632697938,COMPLETE
715,0.2681273190478093,2025-01-10 10:26:21.396545,2025-01-10 10:26:27.323588,0 days 00:00:05.927043,0.05938314319091038,32,0.30000000000000004,136,100,5.0622642900957686e-06,632,0.0008689731519530623,4,2,adam,"{'neurons_per_layer_encoder': [136, 272], 'neurons_per_layer_decoder': [272, 136, 68, 34]}",136,"[272, 136, 68, 34]","[136, 272]",[0.2681273190478093],0.32471160407540706,COMPLETE
716,0.53076698281625,2025-01-10 10:26:22.442494,2025-01-10 10:26:28.174040,0 days 00:00:05.731546,0.058178159899648876,32,0.30000000000000004,136,100,4.649888669249921e-06,520,0.0009037424793845681,4,2,adam,"{'neurons_per_layer_encoder': [136, 272], 'neurons_per_layer_decoder': [272, 136, 68, 34]}",136,"[272, 136, 68, 34]","[136, 272]",[0.53076698281625],0.5205975913457449,COMPLETE
717,0.35847591112448784,2025-01-10 10:26:22.931219,2025-01-10 10:26:28.877172,0 days 00:00:05.945953,0.05381251613522979,32,0.30000000000000004,164,100,6.290472456720293e-06,592,0.0003898299965880564,4,2,adam,"{'neurons_per_layer_encoder': [164, 328], 'neurons_per_layer_decoder': [328, 164, 82, 41]}",164,"[328, 164, 82, 41]","[164, 328]",[0.35847591112448784],0.5566646714137413,COMPLETE
718,0.3225113681704239,2025-01-10 10:26:25.404938,2025-01-10 10:26:31.133379,0 days 00:00:05.728441,0.054195147733935266,32,0.30000000000000004,128,100,6.221682561258834e-06,616,0.0003910184963812992,4,2,adam,"{'neurons_per_layer_encoder': [128, 256], 'neurons_per_layer_decoder': [256, 128, 64, 32]}",128,"[256, 128, 64, 32]","[128, 256]",[0.3225113681704239],0.5618293880400321,COMPLETE
719,-0.6875989385510406,2025-01-10 10:26:26.947448,2025-01-10 10:26:29.864685,0 days 00:00:02.917237,0.054968358449868235,32,0.30000000000000004,124,100,9.203716963145865e-06,592,0.000505397071152144,4,2,adam,"{'neurons_per_layer_encoder': [124, 248], 'neurons_per_layer_decoder': [248, 124, 62, 31]}",124,"[248, 124, 62, 31]","[124, 248]",[-0.6875989385510406],0.07991058753482554,COMPLETE
720,0.16762398980173332,2025-01-10 10:26:27.335068,2025-01-10 10:26:32.759727,0 days 00:00:05.424659,0.05453043315932169,32,0.30000000000000004,128,100,5.9713690622259205e-06,616,0.00038522229569917495,4,2,adam,"{'neurons_per_layer_encoder': [128, 256], 'neurons_per_layer_decoder': [256, 128, 64, 32]}",128,"[256, 128, 64, 32]","[128, 256]",[0.16762398980173332],0.4095464980396719,COMPLETE
721,-0.1768720844761853,2025-01-10 10:26:28.182303,2025-01-10 10:26:31.311090,0 days 00:00:03.128787,0.05508172677085682,32,0.30000000000000004,128,100,4.362699891941297e-06,616,0.0004917159845953941,4,2,adam,"{'neurons_per_layer_encoder': [128, 256], 'neurons_per_layer_decoder': [256, 128, 64, 32]}",128,"[256, 128, 64, 32]","[128, 256]",[-0.1768720844761853],0.36382430226545637,COMPLETE
722,0.3707433768437778,2025-01-10 10:26:28.886933,2025-01-10 10:26:34.471807,0 days 00:00:05.584874,0.0556868852158869,32,0.30000000000000004,128,100,4.2678963934423335e-06,520,0.0005146728190129471,4,2,adam,"{'neurons_per_layer_encoder': [128, 256], 'neurons_per_layer_decoder': [256, 128, 64, 32]}",128,"[256, 128, 64, 32]","[128, 256]",[0.3707433768437778],0.47575166615333403,COMPLETE
723,0.5400231345328861,2025-01-10 10:26:29.874629,2025-01-10 10:26:35.502836,0 days 00:00:05.628207,0.06288975587245603,32,0.30000000000000004,128,100,4.357208511863098e-06,616,0.0009884969253814756,4,2,adam,"{'neurons_per_layer_encoder': [128, 256], 'neurons_per_layer_decoder': [256, 128, 64, 32]}",128,"[256, 128, 64, 32]","[128, 256]",[0.5400231345328861],0.6222447924901205,COMPLETE
724,0.031089793167104696,2025-01-10 10:26:31.142805,2025-01-10 10:26:34.589289,0 days 00:00:03.446484,0.06400441306148504,32,0.30000000000000004,132,100,4.623722427364174e-06,528,0.0009847074856311976,4,2,adam,"{'neurons_per_layer_encoder': [132, 264], 'neurons_per_layer_decoder': [264, 132, 66, 33]}",132,"[264, 132, 66, 33]","[132, 264]",[0.031089793167104696],0.33374285416597077,COMPLETE
725,0.15963211726304127,2025-01-10 10:26:31.321788,2025-01-10 10:26:36.381522,0 days 00:00:05.059734,0.06079779802657856,40,0.30000000000000004,132,100,4.409314322769177e-06,496,0.0010289872269314856,4,2,adam,"{'neurons_per_layer_encoder': [132, 264], 'neurons_per_layer_decoder': [264, 132, 66, 33]}",132,"[264, 132, 66, 33]","[132, 264]",[0.15963211726304127],0.04726426818542611,COMPLETE
726,-0.056321583027636235,2025-01-10 10:26:32.769106,2025-01-10 10:26:37.446219,0 days 00:00:04.677113,0.06383399279852157,40,0.30000000000000004,144,100,4.454612477941706e-06,696,0.0010132836294561884,4,2,adam,"{'neurons_per_layer_encoder': [144, 288], 'neurons_per_layer_decoder': [288, 144, 72, 36]}",144,"[288, 144, 72, 36]","[144, 288]",[-0.056321583027636235],0.03257455314884754,COMPLETE
727,0.05266087793029972,2025-01-10 10:26:34.481004,2025-01-10 10:26:39.800319,0 days 00:00:05.319315,0.06308741113556447,40,0.30000000000000004,136,100,9.457921314694084e-06,632,0.0010079505130454684,4,2,adam,"{'neurons_per_layer_encoder': [136, 272], 'neurons_per_layer_decoder': [272, 136, 68, 34]}",136,"[272, 136, 68, 34]","[136, 272]",[0.05266087793029972],0.058612439399482096,COMPLETE
728,0.14779117583359047,2025-01-10 10:26:34.601967,2025-01-10 10:26:39.152489,0 days 00:00:04.550522,0.06124714376146451,40,0.30000000000000004,144,100,4.3898681458518975e-06,696,0.0009751850701482665,4,2,adam,"{'neurons_per_layer_encoder': [144, 288], 'neurons_per_layer_decoder': [288, 144, 72, 36]}",144,"[288, 144, 72, 36]","[144, 288]",[0.14779117583359047],0.17897958096837527,COMPLETE
729,-0.10226686705110288,2025-01-10 10:26:35.513326,2025-01-10 10:26:38.579669,0 days 00:00:03.066343,0.06511376078359478,40,0.30000000000000004,144,100,4.426931612371796e-06,696,0.0010162983960165003,4,2,adam,"{'neurons_per_layer_encoder': [144, 288], 'neurons_per_layer_decoder': [288, 144, 72, 36]}",144,"[288, 144, 72, 36]","[144, 288]",[-0.10226686705110288],0.02318507869928834,COMPLETE
730,-0.012980837702241566,2025-01-10 10:26:36.390601,2025-01-10 10:26:41.159553,0 days 00:00:04.768952,0.06881515893364792,32,0.30000000000000004,144,100,4.220165362926956e-06,696,0.0008824733777622189,4,2,adam,"{'neurons_per_layer_encoder': [144, 288], 'neurons_per_layer_decoder': [288, 144, 72, 36]}",144,"[288, 144, 72, 36]","[144, 288]",[-0.012980837702241566],-0.009841947797312465,COMPLETE
731,0.34511361729864076,2025-01-10 10:26:37.456789,2025-01-10 10:26:43.385887,0 days 00:00:05.929098,0.0683332029479396,32,0.30000000000000004,144,100,4.185941898954934e-06,696,0.0008642889414517818,4,2,adam,"{'neurons_per_layer_encoder': [144, 288], 'neurons_per_layer_decoder': [288, 144, 72, 36]}",144,"[288, 144, 72, 36]","[144, 288]",[0.34511361729864076],0.39353720632241773,COMPLETE
732,0.3926635702166048,2025-01-10 10:26:38.588242,2025-01-10 10:26:45.190457,0 days 00:00:06.602215,0.06824766188637563,32,0.30000000000000004,136,100,4.012960473803583e-06,552,0.0008501593866666679,4,2,adam,"{'neurons_per_layer_encoder': [136, 272], 'neurons_per_layer_decoder': [272, 136, 68, 34]}",136,"[272, 136, 68, 34]","[136, 272]",[0.3926635702166048],0.4694026521864344,COMPLETE
733,0.31373910021240115,2025-01-10 10:26:39.161692,2025-01-10 10:26:44.591314,0 days 00:00:05.429622,0.07095297844710699,32,0.30000000000000004,140,100,5.468122252927362e-06,672,0.0008324997930257312,4,2,adam,"{'neurons_per_layer_encoder': [140, 280], 'neurons_per_layer_decoder': [280, 140, 70, 35]}",140,"[280, 140, 70, 35]","[140, 280]",[0.31373910021240115],0.36739676048563263,COMPLETE
734,-0.4482738587560269,2025-01-10 10:26:39.810858,2025-01-10 10:26:41.656139,0 days 00:00:01.845281,0.0688495095444191,32,0.30000000000000004,136,100,5.908174107818729e-06,552,0.0007572935822603477,4,2,sgd,"{'neurons_per_layer_encoder': [136, 272], 'neurons_per_layer_decoder': [272, 136, 68, 34]}",136,"[272, 136, 68, 34]","[136, 272]",[-0.4482738587560269],0.5235128294850275,COMPLETE
735,0.25295101890441096,2025-01-10 10:26:41.170147,2025-01-10 10:26:46.868116,0 days 00:00:05.697969,0.058031259353172875,32,0.30000000000000004,136,100,5.416298046490542e-06,664,0.0008415593972008784,4,2,adam,"{'neurons_per_layer_encoder': [136, 272], 'neurons_per_layer_decoder': [272, 136, 68, 34]}",136,"[272, 136, 68, 34]","[136, 272]",[0.25295101890441096],0.32767508201754597,COMPLETE
736,0.3710743270794269,2025-01-10 10:26:41.665816,2025-01-10 10:26:47.135932,0 days 00:00:05.470116,0.08750776580998303,32,0.30000000000000004,124,100,5.685490261144764e-06,592,0.0008390599585868683,4,2,adam,"{'neurons_per_layer_encoder': [124, 248], 'neurons_per_layer_decoder': [248, 124, 62, 31]}",124,"[248, 124, 62, 31]","[124, 248]",[0.3710743270794269],0.4742655781795729,COMPLETE
737,0.26042345516082244,2025-01-10 10:26:43.396439,2025-01-10 10:26:48.574759,0 days 00:00:05.178320,0.058107943979231844,32,0.30000000000000004,124,100,5.2589607830198414e-06,592,0.0006337305621397889,4,2,adam,"{'neurons_per_layer_encoder': [124, 248], 'neurons_per_layer_decoder': [248, 124, 62, 31]}",124,"[248, 124, 62, 31]","[124, 248]",[0.26042345516082244],0.42552085902032577,COMPLETE
738,-0.0943460975146806,2025-01-10 10:26:44.601182,2025-01-10 10:26:47.973820,0 days 00:00:03.372638,0.05729822841776231,32,0.30000000000000004,136,100,5.29988935083892e-06,632,0.0006425458680158591,4,2,adam,"{'neurons_per_layer_encoder': [136, 272], 'neurons_per_layer_decoder': [272, 136, 68, 34]}",136,"[272, 136, 68, 34]","[136, 272]",[-0.0943460975146806],0.1672308925126139,COMPLETE
739,0.42725435865445105,2025-01-10 10:26:46.876391,2025-01-10 10:26:52.439762,0 days 00:00:05.563371,0.0767917880484943,32,0.30000000000000004,148,100,5.183530272000802e-06,720,0.0006632399132627873,4,2,adam,"{'neurons_per_layer_encoder': [148, 296], 'neurons_per_layer_decoder': [296, 148, 74, 37]}",148,"[296, 148, 74, 37]","[148, 296]",[0.42725435865445105],0.5564245468912341,COMPLETE
740,0.2845153019278791,2025-01-10 10:26:47.144789,2025-01-10 10:26:52.596929,0 days 00:00:05.452140,0.07722477203838382,32,0.30000000000000004,140,100,4.941725121299255e-06,624,0.0006033972748764485,4,2,adam,"{'neurons_per_layer_encoder': [140, 280], 'neurons_per_layer_decoder': [280, 140, 70, 35]}",140,"[280, 140, 70, 35]","[140, 280]",[0.2845153019278791],0.34614035530814535,COMPLETE
741,0.5354116679072314,2025-01-10 10:26:47.982298,2025-01-10 10:26:53.165836,0 days 00:00:05.183538,0.07346873217664049,32,0.30000000000000004,124,100,4.769204435985787e-06,592,0.0006193412934868249,4,2,adam,"{'neurons_per_layer_encoder': [124, 248], 'neurons_per_layer_decoder': [248, 124, 62, 31]}",124,"[248, 124, 62, 31]","[124, 248]",[0.5354116679072314],0.6457333799869344,COMPLETE
742,-0.3473805304204405,2025-01-10 10:26:48.584577,2025-01-10 10:26:51.632791,0 days 00:00:03.048214,0.0613099926694308,32,0.30000000000000004,148,100,6.4343546780746345e-06,720,0.0004668947406098488,4,2,adam,"{'neurons_per_layer_encoder': [148, 296], 'neurons_per_layer_decoder': [296, 148, 74, 37]}",148,"[296, 148, 74, 37]","[148, 296]",[-0.3473805304204405],0.15974153823000908,COMPLETE
743,0.20185728253726032,2025-01-10 10:26:51.640891,2025-01-10 10:26:57.937275,0 days 00:00:06.296384,0.0633968884907677,32,0.30000000000000004,140,100,7.82711834084325e-06,672,0.0005614738738861576,4,2,adam,"{'neurons_per_layer_encoder': [140, 280], 'neurons_per_layer_decoder': [280, 140, 70, 35]}",140,"[280, 140, 70, 35]","[140, 280]",[0.20185728253726032],0.4022269590783465,COMPLETE
744,0.32137662795178445,2025-01-10 10:26:52.449368,2025-01-10 10:26:58.522468,0 days 00:00:06.073100,0.06447043174325913,32,0.30000000000000004,140,100,8.345427218789634e-06,672,5.4970817186639446e-05,4,2,adam,"{'neurons_per_layer_encoder': [140, 280], 'neurons_per_layer_decoder': [280, 140, 70, 35]}",140,"[280, 140, 70, 35]","[140, 280]",[0.32137662795178445],0.6891080904918311,COMPLETE
745,0.5465298806807535,2025-01-10 10:26:52.606379,2025-01-10 10:26:58.049999,0 days 00:00:05.443620,0.05237658406144745,32,0.30000000000000004,140,100,8.365275654154039e-06,672,0.0005314051793279371,4,2,adam,"{'neurons_per_layer_encoder': [140, 280], 'neurons_per_layer_decoder': [280, 140, 70, 35]}",140,"[280, 140, 70, 35]","[140, 280]",[0.5465298806807535],0.6683312948531059,COMPLETE
746,-0.07230079298704295,2025-01-10 10:26:53.174997,2025-01-10 10:26:57.898214,0 days 00:00:04.723217,0.06645201821954139,32,0.30000000000000004,124,100,3.662992211673253e-06,576,0.0005278956293788408,4,2,adam,"{'neurons_per_layer_encoder': [124, 248], 'neurons_per_layer_decoder': [248, 124, 62, 31]}",124,"[248, 124, 62, 31]","[124, 248]",[-0.07230079298704295],0.19196330879238663,COMPLETE
747,-0.14908892186823097,2025-01-10 10:26:57.907572,2025-01-10 10:27:00.817445,0 days 00:00:02.909873,0.0832550434640911,32,0.30000000000000004,124,100,4.684146016110272e-06,592,0.0005571545412958026,4,2,adam,"{'neurons_per_layer_encoder': [124, 248], 'neurons_per_layer_decoder': [248, 124, 62, 31]}",124,"[248, 124, 62, 31]","[124, 248]",[-0.14908892186823097],0.2988936537458253,COMPLETE
748,0.059458352804088954,2025-01-10 10:26:57.951877,2025-01-10 10:27:02.319881,0 days 00:00:04.368004,0.10023309615982415,32,0.30000000000000004,128,100,6.214743530918366e-06,616,0.0004366990171526847,4,2,adam,"{'neurons_per_layer_encoder': [128, 256], 'neurons_per_layer_decoder': [256, 128, 64, 32]}",128,"[256, 128, 64, 32]","[128, 256]",[0.059458352804088954],0.34264150283329137,COMPLETE
749,0.28824497963131634,2025-01-10 10:26:58.058512,2025-01-10 10:27:03.595461,0 days 00:00:05.536949,0.0848586908900367,32,0.30000000000000004,132,100,4.742789053608771e-06,608,0.0004589879179249501,4,2,adam,"{'neurons_per_layer_encoder': [132, 264], 'neurons_per_layer_decoder': [264, 132, 66, 33]}",132,"[264, 132, 66, 33]","[132, 264]",[0.28824497963131634],0.4627929063012025,COMPLETE
750,0.2436645243257194,2025-01-10 10:47:08.265802,2025-01-10 10:47:13.702268,0 days 00:00:05.436466,0.07175031316942651,40,0.30000000000000004,132,100,3.647869559518949e-06,640,0.0005163800170953052,4,2,adam,"{'neurons_per_layer_encoder': [132, 264], 'neurons_per_layer_decoder': [264, 132, 66, 33]}",132,"[264, 132, 66, 33]","[132, 264]",[0.2436645243257194],0.2576662653187105,COMPLETE
751,-0.3213141774457422,2025-01-10 10:47:08.281369,2025-01-10 10:47:11.188255,0 days 00:00:02.906886,0.051653690959409505,40,0.30000000000000004,132,100,3.717485006985977e-06,560,0.0005140345013953016,4,2,adam,"{'neurons_per_layer_encoder': [132, 264], 'neurons_per_layer_decoder': [264, 132, 66, 33]}",132,"[264, 132, 66, 33]","[132, 264]",[-0.3213141774457422],0.24233923359976714,COMPLETE
