number,value,datetime_start,datetime_complete,duration,params_alpha,params_batch_size,params_drop_out_rate,params_encoder_neurons_layer_1,params_epochs,params_lambda,params_latent_dim,params_learning_rate,params_num_layers_decoder,params_num_layers_encoder,params_optimizer,user_attrs_encoder_decoder_config,user_attrs_first_layer_neurons,user_attrs_neurons_per_layer_decoder,user_attrs_neurons_per_layer_encoder,user_attrs_r2_feature_1,user_attrs_relative_deterioration,state
1027,-0.20678094271140846,2025-01-10 10:51:53.905234,2025-01-10 10:51:57.688912,0 days 00:00:03.783678,0.04396663132616813,32,0.30000000000000004,120,100,2.725913443829769e-06,536,0.0008114389626797364,4,2,adadelta,"{'neurons_per_layer_encoder': [120, 240], 'neurons_per_layer_decoder': [240, 120, 60, 30]}",120,"[240, 120, 60, 30]","[120, 240]",[-0.20678094271140846],0.46784838538613466,COMPLETE
1028,-0.9949187440924481,2025-01-10 10:51:54.268306,2025-01-10 10:51:57.287448,0 days 00:00:03.019142,0.04264649311549823,32,0.30000000000000004,120,100,2.8553704048058854e-06,536,0.0011744668659909815,4,2,adadelta,"{'neurons_per_layer_encoder': [120, 240], 'neurons_per_layer_decoder': [240, 120, 60, 30]}",120,"[240, 120, 60, 30]","[120, 240]",[-0.9949187440924481],0.335850040753842,COMPLETE
1029,-0.14008807986634797,2025-01-10 10:51:54.758959,2025-01-10 10:51:58.981545,0 days 00:00:04.222586,0.043007762910692325,32,0.2,256,100,3.4578359124942996e-06,552,0.00110010591103117,4,2,adam,"{'neurons_per_layer_encoder': [256, 512], 'neurons_per_layer_decoder': [512, 256, 128, 64]}",256,"[512, 256, 128, 64]","[256, 512]",[-0.14008807986634797],0.05004854658295455,COMPLETE
1030,0.22204071518858737,2025-01-10 10:51:57.298047,2025-01-10 10:52:03.401201,0 days 00:00:06.103154,0.03903451500452269,32,0.2,136,100,3.3334800256892707e-06,520,0.0008731477358365527,4,2,adam,"{'neurons_per_layer_encoder': [136, 272], 'neurons_per_layer_decoder': [272, 136, 68, 34]}",136,"[272, 136, 68, 34]","[136, 272]",[0.22204071518858737],0.18878167934598244,COMPLETE
1031,-0.16226677067517215,2025-01-10 10:51:57.418521,2025-01-10 10:52:01.221381,0 days 00:00:03.802860,0.038425719108314015,32,0.30000000000000004,164,100,3.4686482151373953e-06,512,0.0008755483629213883,4,2,adam,"{'neurons_per_layer_encoder': [164, 328], 'neurons_per_layer_decoder': [328, 164, 82, 41]}",164,"[328, 164, 82, 41]","[164, 328]",[-0.16226677067517215],0.2477722629211193,COMPLETE
1032,0.30232046234297527,2025-01-10 10:51:57.700084,2025-01-10 10:52:03.570100,0 days 00:00:05.870016,0.03888458178075086,32,0.30000000000000004,136,100,3.4910499961451474e-06,520,0.0009369307349208761,4,2,adam,"{'neurons_per_layer_encoder': [136, 272], 'neurons_per_layer_decoder': [272, 136, 68, 34]}",136,"[272, 136, 68, 34]","[136, 272]",[0.30232046234297527],0.35132034392721956,COMPLETE
1033,-0.09117725472650462,2025-01-10 10:51:58.799464,2025-01-10 10:52:02.327318,0 days 00:00:03.527854,0.04060585139707439,32,0.30000000000000004,164,100,4.347812711983811e-06,512,0.0009113068205608254,4,2,adam,"{'neurons_per_layer_encoder': [164, 328], 'neurons_per_layer_decoder': [328, 164, 82, 41]}",164,"[328, 164, 82, 41]","[164, 328]",[-0.09117725472650462],0.3127787032937119,COMPLETE
1034,0.36431785495622815,2025-01-10 10:51:58.991062,2025-01-10 10:52:04.810504,0 days 00:00:05.819442,0.04583729450741101,32,0.30000000000000004,140,100,2.57002070703318e-06,512,0.000912640098914288,4,2,adam,"{'neurons_per_layer_encoder': [140, 280], 'neurons_per_layer_decoder': [280, 140, 70, 35]}",140,"[280, 140, 70, 35]","[140, 280]",[0.36431785495622815],0.39201546178306823,COMPLETE
1035,0.4710282066595801,2025-01-10 10:52:01.233474,2025-01-10 10:52:07.121564,0 days 00:00:05.888090,0.04649072501888984,32,0.30000000000000004,140,100,3.190621960178755e-06,512,0.0009820088914746534,4,2,adam,"{'neurons_per_layer_encoder': [140, 280], 'neurons_per_layer_decoder': [280, 140, 70, 35]}",140,"[280, 140, 70, 35]","[140, 280]",[0.4710282066595801],0.45152733553242197,COMPLETE
1036,0.27769172193316716,2025-01-10 10:52:02.337857,2025-01-10 10:52:08.367532,0 days 00:00:06.029675,0.04657846175395766,32,0.30000000000000004,136,100,2.361843077323383e-06,520,0.0009053249672169617,4,2,adam,"{'neurons_per_layer_encoder': [136, 272], 'neurons_per_layer_decoder': [272, 136, 68, 34]}",136,"[272, 136, 68, 34]","[136, 272]",[0.27769172193316716],0.3186786083610856,COMPLETE
1037,0.39971358465206286,2025-01-10 10:52:03.412443,2025-01-10 10:52:09.045326,0 days 00:00:05.632883,0.046147853553968866,40,0.30000000000000004,140,100,3.08964242902455e-06,496,0.0006651417627718792,4,2,adam,"{'neurons_per_layer_encoder': [140, 280], 'neurons_per_layer_decoder': [280, 140, 70, 35]}",140,"[280, 140, 70, 35]","[140, 280]",[0.39971358465206286],0.377345374178643,COMPLETE
1038,0.08333489570341934,2025-01-10 10:52:03.580046,2025-01-10 10:52:09.118258,0 days 00:00:05.538212,0.048228062346527927,40,0.30000000000000004,128,100,2.922915237994906e-06,616,0.0006658270621412191,4,2,adam,"{'neurons_per_layer_encoder': [128, 256], 'neurons_per_layer_decoder': [256, 128, 64, 32]}",128,"[256, 128, 64, 32]","[128, 256]",[0.08333489570341934],0.12256696813085706,COMPLETE
1039,0.30787695046499364,2025-01-10 10:52:04.821542,2025-01-10 10:52:10.411151,0 days 00:00:05.589609,0.04866871610737552,40,0.30000000000000004,128,100,2.8974411629904695e-06,616,0.0006667168436708309,4,2,adam,"{'neurons_per_layer_encoder': [128, 256], 'neurons_per_layer_decoder': [256, 128, 64, 32]}",128,"[256, 128, 64, 32]","[128, 256]",[0.30787695046499364],0.26819671224765684,COMPLETE
1040,0.2968585249529483,2025-01-10 10:52:07.132026,2025-01-10 10:52:12.336076,0 days 00:00:05.204050,0.04977045284134033,40,0.30000000000000004,112,100,2.1876270587450296e-06,536,0.0006623393954199976,4,2,adam,"{'neurons_per_layer_encoder': [112, 224], 'neurons_per_layer_decoder': [224, 112, 56, 28]}",112,"[224, 112, 56, 28]","[112, 224]",[0.2968585249529483],0.26806914227923506,COMPLETE
1041,0.0739577231836458,2025-01-10 10:52:08.378372,2025-01-10 10:52:12.484291,0 days 00:00:04.105919,0.04677430029060696,40,0.30000000000000004,112,100,2.2904324628089664e-06,536,0.0006416898511232224,4,2,adam,"{'neurons_per_layer_encoder': [112, 224], 'neurons_per_layer_decoder': [224, 112, 56, 28]}",112,"[224, 112, 56, 28]","[112, 224]",[0.0739577231836458],0.10649073613615623,COMPLETE
1042,-0.7323558864921449,2025-01-10 10:52:09.054805,2025-01-10 10:52:10.879110,0 days 00:00:01.824305,0.049776620806216976,40,0.30000000000000004,112,100,2.7480195416529403e-06,536,0.0006867164657070067,4,2,sgd,"{'neurons_per_layer_encoder': [112, 224], 'neurons_per_layer_decoder': [224, 112, 56, 28]}",112,"[224, 112, 56, 28]","[112, 224]",[-0.7323558864921449],0.28748912410866867,COMPLETE
1043,0.34484247946794044,2025-01-10 10:52:09.138165,2025-01-10 10:52:14.548976,0 days 00:00:05.410811,0.04960210073972923,32,0.30000000000000004,112,100,2.3735265564646403e-06,536,0.0007282778758805196,4,2,adam,"{'neurons_per_layer_encoder': [112, 224], 'neurons_per_layer_decoder': [224, 112, 56, 28]}",112,"[224, 112, 56, 28]","[112, 224]",[0.34484247946794044],0.429041370659514,COMPLETE
1044,0.6091883817226569,2025-01-10 10:52:10.424015,2025-01-10 10:52:16.400367,0 days 00:00:05.976352,0.04948212918906448,32,0.30000000000000004,156,100,2.1516164917652706e-06,544,0.0007855255629981451,4,2,adam,"{'neurons_per_layer_encoder': [156, 312], 'neurons_per_layer_decoder': [312, 156, 78, 39]}",156,"[312, 156, 78, 39]","[156, 312]",[0.6091883817226569],0.6233893554777634,COMPLETE
1045,0.021768993825969085,2025-01-10 10:52:10.888690,2025-01-10 10:52:15.332883,0 days 00:00:04.444193,0.10245560211151188,32,0.30000000000000004,156,100,3.819598531784915e-06,544,0.0011177337193784647,4,2,adam,"{'neurons_per_layer_encoder': [156, 312], 'neurons_per_layer_decoder': [312, 156, 78, 39]}",156,"[312, 156, 78, 39]","[156, 312]",[0.021768993825969085],0.13838311739269019,COMPLETE
1046,0.06449599940953088,2025-01-10 10:52:12.347159,2025-01-10 10:52:17.204161,0 days 00:00:04.857002,0.04317602903228817,32,0.30000000000000004,156,100,1.9444852634531925e-06,528,0.0011154294530169727,4,2,adam,"{'neurons_per_layer_encoder': [156, 312], 'neurons_per_layer_decoder': [312, 156, 78, 39]}",156,"[312, 156, 78, 39]","[156, 312]",[0.06449599940953088],0.046774357789375325,COMPLETE
1047,-0.04328844535508658,2025-01-10 10:52:12.494492,2025-01-10 10:52:17.053352,0 days 00:00:04.558860,0.04033119735200177,32,0.30000000000000004,156,100,3.7267349879352334e-06,544,2.8229462748484043e-05,4,2,adam,"{'neurons_per_layer_encoder': [156, 312], 'neurons_per_layer_decoder': [312, 156, 78, 39]}",156,"[312, 156, 78, 39]","[156, 312]",[-0.04328844535508658],0.5862097898929988,COMPLETE
1048,0.10364427186806169,2025-01-10 10:52:14.560123,2025-01-10 10:52:20.730926,0 days 00:00:06.170803,0.041138864309106384,32,0.30000000000000004,144,100,3.898675253278014e-06,520,0.0011897853268179068,4,2,adam,"{'neurons_per_layer_encoder': [144, 288], 'neurons_per_layer_decoder': [288, 144, 72, 36]}",144,"[288, 144, 72, 36]","[144, 288]",[0.10364427186806169],0.08340806125597544,COMPLETE
1049,-0.1901224732383311,2025-01-10 10:52:15.342616,2025-01-10 10:52:19.600488,0 days 00:00:04.257872,0.04173872146739991,32,0.30000000000000004,144,100,3.710116216236145e-06,520,0.0008012061244995718,4,2,adam,"{'neurons_per_layer_encoder': [144, 288], 'neurons_per_layer_decoder': [288, 144, 72, 36]}",144,"[288, 144, 72, 36]","[144, 288]",[-0.1901224732383311],0.10592434456974398,COMPLETE
1050,0.4295949295603557,2025-01-10 10:52:16.410933,2025-01-10 10:52:22.961367,0 days 00:00:06.550434,0.0426519810976005,32,0.30000000000000004,144,100,2.0054611804079725e-06,696,0.0005219037933024021,4,2,adam,"{'neurons_per_layer_encoder': [144, 288], 'neurons_per_layer_decoder': [288, 144, 72, 36]}",144,"[288, 144, 72, 36]","[144, 288]",[0.4295949295603557],0.4054558717245004,COMPLETE
1051,0.3776051249421637,2025-01-10 10:52:17.063110,2025-01-10 10:52:23.167386,0 days 00:00:06.104276,0.04995523172136401,32,0.30000000000000004,144,100,1.2985591059464428e-06,552,0.0005164429648823603,4,2,adam,"{'neurons_per_layer_encoder': [144, 288], 'neurons_per_layer_decoder': [288, 144, 72, 36]}",144,"[288, 144, 72, 36]","[144, 288]",[0.3776051249421637],0.4340908557249115,COMPLETE
1052,0.3276673822995281,2025-01-10 10:52:17.214467,2025-01-10 10:52:23.839853,0 days 00:00:06.625386,0.05064256756270439,32,0.30000000000000004,144,100,2.622644664257825e-06,696,0.0005194172687803988,4,2,adam,"{'neurons_per_layer_encoder': [144, 288], 'neurons_per_layer_decoder': [288, 144, 72, 36]}",144,"[288, 144, 72, 36]","[144, 288]",[0.3276673822995281],0.4467309428412781,COMPLETE
1053,0.40780745404608587,2025-01-10 10:52:19.613051,2025-01-10 10:52:26.252927,0 days 00:00:06.639876,0.049301516825844376,32,0.30000000000000004,144,100,1.7954438820755652e-06,552,0.0005264483319348798,4,2,adam,"{'neurons_per_layer_encoder': [144, 288], 'neurons_per_layer_decoder': [288, 144, 72, 36]}",144,"[288, 144, 72, 36]","[144, 288]",[0.40780745404608587],0.561448981514303,COMPLETE
1054,0.3733982103682999,2025-01-10 10:52:20.742480,2025-01-10 10:52:27.263048,0 days 00:00:06.520568,0.048319549720075135,32,0.30000000000000004,152,100,2.264985821225269e-06,552,0.0005126400955333694,4,2,adam,"{'neurons_per_layer_encoder': [152, 304], 'neurons_per_layer_decoder': [304, 152, 76, 38]}",152,"[304, 152, 76, 38]","[152, 304]",[0.3733982103682999],0.44650789921095285,COMPLETE
1055,0.2199618386966944,2025-01-10 10:52:22.972313,2025-01-10 10:52:28.802806,0 days 00:00:05.830493,0.049654448071201875,32,0.30000000000000004,124,100,2.065678864031782e-06,576,0.0005214940047106106,4,2,adam,"{'neurons_per_layer_encoder': [124, 248], 'neurons_per_layer_decoder': [248, 124, 62, 31]}",124,"[248, 124, 62, 31]","[124, 248]",[0.2199618386966944],0.3057202074410304,COMPLETE
1056,0.46342755166294813,2025-01-10 10:52:23.178672,2025-01-10 10:52:29.263693,0 days 00:00:06.085021,0.04621745985506404,32,0.30000000000000004,124,100,3.2576104835564773e-06,592,0.0006144497394492808,4,2,adam,"{'neurons_per_layer_encoder': [124, 248], 'neurons_per_layer_decoder': [248, 124, 62, 31]}",124,"[248, 124, 62, 31]","[124, 248]",[0.46342755166294813],0.5484226410881172,COMPLETE
1057,0.29992019805235637,2025-01-10 10:52:23.851050,2025-01-10 10:52:29.638790,0 days 00:00:05.787740,0.046864988221371646,32,0.30000000000000004,124,100,2.994211717073529e-06,576,0.0003100488530659752,4,2,adam,"{'neurons_per_layer_encoder': [124, 248], 'neurons_per_layer_decoder': [248, 124, 62, 31]}",124,"[248, 124, 62, 31]","[124, 248]",[0.29992019805235637],0.4504087642728977,COMPLETE
1058,0.4423611279057579,2025-01-10 10:52:26.263853,2025-01-10 10:52:32.249997,0 days 00:00:05.986144,0.04483919625449882,32,0.30000000000000004,124,100,2.7114479469782088e-06,544,0.00030458629709723665,4,2,adam,"{'neurons_per_layer_encoder': [124, 248], 'neurons_per_layer_decoder': [248, 124, 62, 31]}",124,"[248, 124, 62, 31]","[124, 248]",[0.4423611279057579],0.5649085954709216,COMPLETE
1059,0.3816864804758402,2025-01-10 10:52:27.273555,2025-01-10 10:52:33.228659,0 days 00:00:05.955104,0.043555443907950055,32,0.30000000000000004,124,100,1.918416089053239e-06,576,0.0003067264321743344,4,2,adam,"{'neurons_per_layer_encoder': [124, 248], 'neurons_per_layer_decoder': [248, 124, 62, 31]}",124,"[248, 124, 62, 31]","[124, 248]",[0.3816864804758402],0.5794496953154946,COMPLETE
1060,0.34073353784313076,2025-01-10 10:52:28.812895,2025-01-10 10:52:34.888433,0 days 00:00:06.075538,0.04459598028367034,32,0.30000000000000004,132,100,2.431242964323122e-06,640,0.0007564974698272941,4,2,adam,"{'neurons_per_layer_encoder': [132, 264], 'neurons_per_layer_decoder': [264, 132, 66, 33]}",132,"[264, 132, 66, 33]","[132, 264]",[0.34073353784313076],0.41113925320850425,COMPLETE
1061,0.3189337597033304,2025-01-10 10:52:29.274453,2025-01-10 10:52:35.119348,0 days 00:00:05.844895,0.044254440513298125,32,0.30000000000000004,132,100,1.4449962020656107e-06,640,0.000725141113495357,4,2,adam,"{'neurons_per_layer_encoder': [132, 264], 'neurons_per_layer_decoder': [264, 132, 66, 33]}",132,"[264, 132, 66, 33]","[132, 264]",[0.3189337597033304],0.3352429535640889,COMPLETE
1062,-0.0675045950704849,2025-01-10 10:52:29.649753,2025-01-10 10:52:32.422618,0 days 00:00:02.772865,0.04609141853244223,32,0.30000000000000004,132,100,1.9491759986597187e-06,640,0.000719860372274376,5,2,sgd,"{'neurons_per_layer_encoder': [132, 264], 'neurons_per_layer_decoder': [264, 132, 66, 33, 16]}",132,"[264, 132, 66, 33, 16]","[132, 264]",[-0.0675045950704849],0.42532937184239056,COMPLETE
1063,0.26623763126695865,2025-01-10 10:52:32.259934,2025-01-10 10:52:36.355305,0 days 00:00:04.095371,0.043734869355581504,32,0.30000000000000004,132,100,2.0244165567922227e-06,640,0.0007478685568118174,4,2,sgd,"{'neurons_per_layer_encoder': [132, 264], 'neurons_per_layer_decoder': [264, 132, 66, 33]}",132,"[264, 132, 66, 33]","[132, 264]",[0.26623763126695865],0.6620992725565664,COMPLETE
1064,0.49138108296541194,2025-01-10 10:52:32.432655,2025-01-10 10:52:38.390924,0 days 00:00:05.958269,0.04430294841262287,32,0.30000000000000004,136,100,2.453033601963884e-06,664,0.0008030516537383172,4,2,adam,"{'neurons_per_layer_encoder': [136, 272], 'neurons_per_layer_decoder': [272, 136, 68, 34]}",136,"[272, 136, 68, 34]","[136, 272]",[0.49138108296541194],0.5922705763888497,COMPLETE
1065,0.38492799441314296,2025-01-10 10:52:33.240283,2025-01-10 10:52:39.185963,0 days 00:00:05.945680,0.05331730764470645,32,0.30000000000000004,136,100,1.565094139061025e-06,632,0.000814793532081385,4,2,adam,"{'neurons_per_layer_encoder': [136, 272], 'neurons_per_layer_decoder': [272, 136, 68, 34]}",136,"[272, 136, 68, 34]","[136, 272]",[0.38492799441314296],0.4431273716214619,COMPLETE
1066,0.052697833584756215,2025-01-10 10:52:34.898941,2025-01-10 10:52:40.477649,0 days 00:00:05.578708,0.052823284426426996,32,0.30000000000000004,136,100,2.4694350215786894e-06,664,0.0006123237675287754,4,2,adam,"{'neurons_per_layer_encoder': [136, 272], 'neurons_per_layer_decoder': [272, 136, 68, 34]}",136,"[272, 136, 68, 34]","[136, 272]",[0.052697833584756215],0.3991389193993311,COMPLETE
1067,-0.19544439384707246,2025-01-10 10:52:35.129406,2025-01-10 10:52:38.028809,0 days 00:00:02.899403,0.055070561451742335,104,0.30000000000000004,152,100,3.3213083266218478e-06,552,0.0006294464099230251,4,2,adam,"{'neurons_per_layer_encoder': [152, 304], 'neurons_per_layer_decoder': [304, 152, 76, 38]}",152,"[304, 152, 76, 38]","[152, 304]",[-0.19544439384707246],0.2513882268985331,COMPLETE
1068,0.14807390746055415,2025-01-10 10:52:36.366689,2025-01-10 10:52:42.696362,0 days 00:00:06.329673,0.05236336887295887,32,0.30000000000000004,152,100,1.2512775533214962e-05,552,0.0008496779183340683,4,2,adam,"{'neurons_per_layer_encoder': [152, 304], 'neurons_per_layer_decoder': [304, 152, 76, 38]}",152,"[304, 152, 76, 38]","[152, 304]",[0.14807390746055415],0.37982240106493736,COMPLETE
1069,0.26073810316097645,2025-01-10 10:52:38.038696,2025-01-10 10:52:44.149052,0 days 00:00:06.110356,0.052205893386855384,32,0.30000000000000004,136,100,2.4515164519478453e-06,664,0.0008673412800868931,4,2,adam,"{'neurons_per_layer_encoder': [136, 272], 'neurons_per_layer_decoder': [272, 136, 68, 34]}",136,"[272, 136, 68, 34]","[136, 272]",[0.26073810316097645],0.29977203293858495,COMPLETE
1070,-0.2096211361201208,2025-01-10 10:52:38.401883,2025-01-10 10:52:41.813871,0 days 00:00:03.411988,0.053606129408179395,32,0.30000000000000004,140,100,1.5908092823387351e-06,624,0.0006169141046769119,4,2,adam,"{'neurons_per_layer_encoder': [140, 280], 'neurons_per_layer_decoder': [280, 140, 70, 35]}",140,"[280, 140, 70, 35]","[140, 280]",[-0.2096211361201208],0.1947582766498159,COMPLETE
1071,0.41711555311160176,2025-01-10 10:52:39.196847,2025-01-10 10:52:45.197316,0 days 00:00:06.000469,0.0522032333067715,32,0.30000000000000004,152,100,1.2246673633007795e-05,488,0.0006034401424869165,4,2,adam,"{'neurons_per_layer_encoder': [152, 304], 'neurons_per_layer_decoder': [304, 152, 76, 38]}",152,"[304, 152, 76, 38]","[152, 304]",[0.41711555311160176],0.6105372920100283,COMPLETE
1072,-0.1579270586926662,2025-01-10 10:52:40.490460,2025-01-10 10:52:44.062799,0 days 00:00:03.572339,0.03806111305312845,32,0.30000000000000004,148,100,3.937770123716957e-06,544,0.00034357164267400785,4,2,adam,"{'neurons_per_layer_encoder': [148, 296], 'neurons_per_layer_decoder': [296, 148, 74, 37]}",148,"[296, 148, 74, 37]","[148, 296]",[-0.1579270586926662],0.428612782715801,COMPLETE
1073,0.03356102947414763,2025-01-10 10:52:41.824768,2025-01-10 10:52:47.747853,0 days 00:00:05.923085,0.05098125300858815,40,0.30000000000000004,148,100,4.033673092943855e-06,496,0.00042595523713937763,4,2,adam,"{'neurons_per_layer_encoder': [148, 296], 'neurons_per_layer_decoder': [296, 148, 74, 37]}",148,"[296, 148, 74, 37]","[148, 296]",[0.03356102947414763],0.18753936190968043,COMPLETE
1074,0.259363701566221,2025-01-10 10:52:42.706360,2025-01-10 10:52:48.622316,0 days 00:00:05.915956,0.05004492551801573,40,0.30000000000000004,148,100,1.7904933808297227e-06,544,0.0004422493500188648,4,2,adam,"{'neurons_per_layer_encoder': [148, 296], 'neurons_per_layer_decoder': [296, 148, 74, 37]}",148,"[296, 148, 74, 37]","[148, 296]",[0.259363701566221],0.2638864877603193,COMPLETE
1075,0.07943768919023853,2025-01-10 10:52:44.072431,2025-01-10 10:52:49.109281,0 days 00:00:05.036850,0.05012569643409015,40,0.30000000000000004,128,100,4.4285561174576445e-06,616,0.0004501875151348167,4,2,adam,"{'neurons_per_layer_encoder': [128, 256], 'neurons_per_layer_decoder': [256, 128, 64, 32]}",128,"[256, 128, 64, 32]","[128, 256]",[0.07943768919023853],0.13599947522853903,COMPLETE
1076,-0.13104820632009928,2025-01-10 10:52:44.159670,2025-01-10 10:52:47.935794,0 days 00:00:03.776124,0.04121426161348408,40,0.30000000000000004,128,100,4.3735135186121675e-06,616,0.0004317088904561251,4,2,adam,"{'neurons_per_layer_encoder': [128, 256], 'neurons_per_layer_decoder': [256, 128, 64, 32]}",128,"[256, 128, 64, 32]","[128, 256]",[-0.13104820632009928],0.18692049934738214,COMPLETE
1077,-0.4973074402445934,2025-01-10 10:52:45.208781,2025-01-10 10:52:48.612413,0 days 00:00:03.403632,0.04774821880095114,40,0.30000000000000004,128,100,4.371885593232179e-06,616,0.0004324314084669403,4,2,adam,"{'neurons_per_layer_encoder': [128, 256], 'neurons_per_layer_decoder': [256, 128, 64, 32]}",128,"[256, 128, 64, 32]","[128, 256]",[-0.4973074402445934],0.0865942170993603,COMPLETE
1078,0.2276955498264447,2025-01-10 10:52:47.759789,2025-01-10 10:52:53.184959,0 days 00:00:05.425170,0.04799631033415356,32,0.30000000000000004,128,100,3.2607998899407763e-06,616,0.0004573530063903502,4,2,adam,"{'neurons_per_layer_encoder': [128, 256], 'neurons_per_layer_decoder': [256, 128, 64, 32]}",128,"[256, 128, 64, 32]","[128, 256]",[0.2276955498264447],0.3292001890874563,COMPLETE
1079,0.2222079995661298,2025-01-10 10:52:47.946205,2025-01-10 10:52:53.513433,0 days 00:00:05.567228,0.047779220597105675,32,0.30000000000000004,140,100,3.474385499763e-06,528,0.001049296678034855,4,2,adam,"{'neurons_per_layer_encoder': [140, 280], 'neurons_per_layer_decoder': [280, 140, 70, 35]}",140,"[280, 140, 70, 35]","[140, 280]",[0.2222079995661298],0.21961971423412668,COMPLETE
1080,0.25682647518186896,2025-01-10 10:52:48.624155,2025-01-10 10:52:54.448243,0 days 00:00:05.824088,0.05594640375482958,32,0.30000000000000004,140,100,3.3319785663636384e-06,528,0.0005496026925653652,4,2,adam,"{'neurons_per_layer_encoder': [140, 280], 'neurons_per_layer_decoder': [280, 140, 70, 35]}",140,"[280, 140, 70, 35]","[140, 280]",[0.25682647518186896],0.38534809900649203,COMPLETE
