number,value,datetime_start,datetime_complete,duration,params_alpha,params_batch_size,params_drop_out_rate,params_encoder_neurons_layer_1,params_epochs,params_lambda,params_latent_dim,params_learning_rate,params_num_layers_decoder,params_num_layers_encoder,params_optimizer,user_attrs_encoder_decoder_config,user_attrs_first_layer_neurons,user_attrs_neurons_per_layer_decoder,user_attrs_neurons_per_layer_encoder,user_attrs_r2_feature_1,user_attrs_relative_deterioration,state
1081,-0.24693306369397794,2025-01-10 10:52:48.634693,2025-01-10 10:52:51.811591,0 days 00:00:03.176898,0.058538552148703696,32,0.30000000000000004,140,100,3.2384575493694195e-06,528,0.0010343472297205363,4,2,adam,"{'neurons_per_layer_encoder': [140, 280], 'neurons_per_layer_decoder': [280, 140, 70, 35]}",140,"[280, 140, 70, 35]","[140, 280]",[-0.24693306369397794],0.1292587078431475,COMPLETE
1082,0.07343738321546489,2025-01-10 10:52:49.119065,2025-01-10 10:52:53.218831,0 days 00:00:04.099766,0.05639474168787355,32,0.30000000000000004,140,100,3.3512245519914703e-06,528,0.0005529025062549712,4,2,adam,"{'neurons_per_layer_encoder': [140, 280], 'neurons_per_layer_decoder': [280, 140, 70, 35]}",140,"[280, 140, 70, 35]","[140, 280]",[0.07343738321546489],0.3375180448352294,COMPLETE
1083,0.23470803451494748,2025-01-10 10:52:51.822401,2025-01-10 10:52:56.105355,0 days 00:00:04.282954,0.056726341835874404,32,0.30000000000000004,140,100,1.1827796335721622e-05,324,0.0005634094713803739,4,1,adam,"{'neurons_per_layer_encoder': [140], 'neurons_per_layer_decoder': [140, 70, 35, 17]}",140,"[140, 70, 35, 17]",[140],[0.23470803451494748],0.34031756154667964,COMPLETE
1084,0.35934286332334897,2025-01-10 10:52:53.197742,2025-01-10 10:52:59.046091,0 days 00:00:05.848349,0.03900496479142451,32,0.30000000000000004,140,100,1.2328305306417993e-05,496,0.0003571436751599079,4,2,adam,"{'neurons_per_layer_encoder': [140, 280], 'neurons_per_layer_decoder': [280, 140, 70, 35]}",140,"[280, 140, 70, 35]","[140, 280]",[0.35934286332334897],0.6209470177247635,COMPLETE
1085,0.20272140974439645,2025-01-10 10:52:53.235594,2025-01-10 10:52:57.699666,0 days 00:00:04.464072,0.03879289341886268,32,0.30000000000000004,160,100,1.230091736131233e-05,360,0.00035482246882118177,4,1,adam,"{'neurons_per_layer_encoder': [160], 'neurons_per_layer_decoder': [160, 80, 40, 20]}",160,"[160, 80, 40, 20]",[160],[0.20272140974439645],0.37948818828926684,COMPLETE
1086,0.025242706927590786,2025-01-10 10:52:53.523572,2025-01-10 10:52:59.169552,0 days 00:00:05.645980,0.04231560104368866,32,0.30000000000000004,160,100,1.3298778273716658e-05,552,0.0006895415576023599,4,2,adam,"{'neurons_per_layer_encoder': [160, 320], 'neurons_per_layer_decoder': [320, 160, 80, 40]}",160,"[320, 160, 80, 40]","[160, 320]",[0.025242706927590786],0.4033587728874273,COMPLETE
1087,0.475158310000491,2025-01-10 10:52:54.457548,2025-01-10 10:53:00.711466,0 days 00:00:06.253918,0.020741581348365186,32,0.30000000000000004,160,100,1.236275365198112e-05,552,0.0003622191481692861,4,2,adam,"{'neurons_per_layer_encoder': [160, 320], 'neurons_per_layer_decoder': [320, 160, 80, 40]}",160,"[320, 160, 80, 40]","[160, 320]",[0.475158310000491],0.7058745075078843,COMPLETE
1088,0.34000769693909705,2025-01-10 10:52:56.116817,2025-01-10 10:53:02.566939,0 days 00:00:06.450122,0.038661913011870816,32,0.30000000000000004,160,100,1.3223991637785842e-05,568,0.0003641479809635049,4,2,adam,"{'neurons_per_layer_encoder': [160, 320], 'neurons_per_layer_decoder': [320, 160, 80, 40]}",160,"[320, 160, 80, 40]","[160, 320]",[0.34000769693909705],0.6141351816957249,COMPLETE
1089,-0.0045808440583086085,2025-01-10 10:52:57.710375,2025-01-10 10:53:04.024592,0 days 00:00:06.314217,0.041182234252834654,32,0.30000000000000004,156,100,2.7610685494803937e-06,560,0.0006563317922801608,4,2,adadelta,"{'neurons_per_layer_encoder': [156, 312], 'neurons_per_layer_decoder': [312, 156, 78, 39]}",156,"[312, 156, 78, 39]","[156, 312]",[-0.0045808440583086085],0.6158844665761959,COMPLETE
1090,-0.0646258540743041,2025-01-10 10:52:59.057349,2025-01-10 10:53:02.759182,0 days 00:00:03.701833,0.04082346640404371,32,0.30000000000000004,152,100,9.421734181317417e-06,504,0.0006687436483049032,4,2,adam,"{'neurons_per_layer_encoder': [152, 304], 'neurons_per_layer_decoder': [304, 152, 76, 38]}",152,"[304, 152, 76, 38]","[152, 304]",[-0.0646258540743041],0.4476818585481135,COMPLETE
1091,0.2906033397947234,2025-01-10 10:52:59.181527,2025-01-10 10:53:04.174738,0 days 00:00:04.993211,0.016279134718152014,32,0.30000000000000004,152,100,9.862945616673192e-06,568,0.000968195499457806,1,2,adam,"{'neurons_per_layer_encoder': [152, 304], 'neurons_per_layer_decoder': [304]}",152,[304],"[152, 304]",[0.2906033397947234],0.29439266640129014,COMPLETE
1092,0.42581148283209713,2025-01-10 10:53:00.722394,2025-01-10 10:53:07.158788,0 days 00:00:06.436394,0.01816623896901495,32,0.30000000000000004,132,100,4.892110424744116e-06,640,0.0009121644790755659,5,2,adam,"{'neurons_per_layer_encoder': [132, 264], 'neurons_per_layer_decoder': [264, 132, 66, 33, 16]}",132,"[264, 132, 66, 33, 16]","[132, 264]",[0.42581148283209713],0.544659423007559,COMPLETE
1093,0.24443954799732193,2025-01-10 10:53:02.578991,2025-01-10 10:53:08.960704,0 days 00:00:06.381713,0.04504442843314067,32,0.30000000000000004,152,100,2.767113764305971e-06,504,0.0009411266510570889,5,2,adam,"{'neurons_per_layer_encoder': [152, 304], 'neurons_per_layer_decoder': [304, 152, 76, 38, 19]}",152,"[304, 152, 76, 38, 19]","[152, 304]",[0.24443954799732193],0.2519545838098139,COMPLETE
1094,-0.2572418153526803,2025-01-10 10:53:02.769429,2025-01-10 10:53:06.097268,0 days 00:00:03.327839,0.09340342514576734,32,0.30000000000000004,148,100,2.8768638371681796e-06,688,0.0008858452750953044,4,2,adadelta,"{'neurons_per_layer_encoder': [148, 296], 'neurons_per_layer_decoder': [296, 148, 74, 37]}",148,"[296, 148, 74, 37]","[148, 296]",[-0.2572418153526803],0.5680224273605344,COMPLETE
1095,0.15931778022207121,2025-01-10 10:53:04.033852,2025-01-10 10:53:07.494050,0 days 00:00:03.460198,0.04637352717136785,32,0.30000000000000004,132,100,5.042660962246168e-06,640,0.0009512188290698022,1,2,adam,"{'neurons_per_layer_encoder': [132, 264], 'neurons_per_layer_decoder': [264]}",132,[264],"[132, 264]",[0.15931778022207121],0.21430875150929724,COMPLETE
1096,0.3353385138115176,2025-01-10 10:53:04.185031,2025-01-10 10:53:10.035534,0 days 00:00:05.850503,0.046173132507906965,32,0.30000000000000004,132,100,4.779208195471521e-06,640,0.0004947869331927565,4,2,adam,"{'neurons_per_layer_encoder': [132, 264], 'neurons_per_layer_decoder': [264, 132, 66, 33]}",132,"[264, 132, 66, 33]","[132, 264]",[0.3353385138115176],0.46868003402758057,COMPLETE
1097,0.053520157726491324,2025-01-10 10:53:06.108750,2025-01-10 10:53:11.252593,0 days 00:00:05.143843,0.059648365667249445,32,0.30000000000000004,132,100,4.124624121190598e-06,640,0.0007613254609639337,4,2,adam,"{'neurons_per_layer_encoder': [132, 264], 'neurons_per_layer_decoder': [264, 132, 66, 33]}",132,"[264, 132, 66, 33]","[132, 264]",[0.053520157726491324],0.31725955533412875,COMPLETE
1098,0.06351904224515914,2025-01-10 10:53:07.170514,2025-01-10 10:53:11.153059,0 days 00:00:03.982545,0.045761048927023144,32,0.30000000000000004,120,100,1.6500773322438106e-06,568,0.0005030595713288984,4,2,adam,"{'neurons_per_layer_encoder': [120, 240], 'neurons_per_layer_decoder': [240, 120, 60, 30]}",120,"[240, 120, 60, 30]","[120, 240]",[0.06351904224515914],0.1879076050698934,COMPLETE
1099,0.20310973837994695,2025-01-10 10:53:07.503909,2025-01-10 10:53:13.327658,0 days 00:00:05.823749,0.06028090037027941,40,0.30000000000000004,120,100,4.1034494363162446e-06,584,0.0007473962892010478,4,2,adam,"{'neurons_per_layer_encoder': [120, 240], 'neurons_per_layer_decoder': [240, 120, 60, 30]}",120,"[240, 120, 60, 30]","[120, 240]",[0.20310973837994695],0.12195385506980941,COMPLETE
1100,0.2220324786082748,2025-01-10 10:53:08.972725,2025-01-10 10:53:14.871669,0 days 00:00:05.898944,0.06043595476032795,40,0.30000000000000004,120,100,4.2760584851474054e-06,584,0.0007337682264777969,4,2,adam,"{'neurons_per_layer_encoder': [120, 240], 'neurons_per_layer_decoder': [240, 120, 60, 30]}",120,"[240, 120, 60, 30]","[120, 240]",[0.2220324786082748],0.19435615498014716,COMPLETE
1101,0.07249929627463059,2025-01-10 10:53:10.047190,2025-01-10 10:53:15.346074,0 days 00:00:05.298884,0.06049184715231666,40,0.30000000000000004,120,100,4.071997610920232e-06,584,0.0007694077330461401,4,2,adam,"{'neurons_per_layer_encoder': [120, 240], 'neurons_per_layer_decoder': [240, 120, 60, 30]}",120,"[240, 120, 60, 30]","[120, 240]",[0.07249929627463059],0.11867867978922933,COMPLETE
1102,0.0014542695270561845,2025-01-10 10:53:11.164621,2025-01-10 10:53:17.287242,0 days 00:00:06.122621,0.06265201110687135,40,0.30000000000000004,144,100,2.1563421433356682e-06,696,0.0007948947986638552,4,2,adam,"{'neurons_per_layer_encoder': [144, 288], 'neurons_per_layer_decoder': [288, 144, 72, 36]}",144,"[288, 144, 72, 36]","[144, 288]",[0.0014542695270561845],-0.07869788336356719,COMPLETE
1103,0.27398126534418143,2025-01-10 10:53:11.263716,2025-01-10 10:53:16.266923,0 days 00:00:05.003207,0.05532095044485006,40,0.30000000000000004,144,100,1.0290186596044813e-05,696,0.0006078211370956042,4,2,adam,"{'neurons_per_layer_encoder': [144, 288], 'neurons_per_layer_decoder': [288, 144, 72, 36]}",144,"[288, 144, 72, 36]","[144, 288]",[0.27398126534418143],0.4699819250815084,COMPLETE
1104,-0.5187570222176885,2025-01-10 10:53:13.339420,2025-01-10 10:53:16.475753,0 days 00:00:03.136333,0.0503068134431657,40,0.30000000000000004,144,100,1.0377925816143244e-05,536,0.00025245431220837346,4,2,adam,"{'neurons_per_layer_encoder': [144, 288], 'neurons_per_layer_decoder': [288, 144, 72, 36]}",144,"[288, 144, 72, 36]","[144, 288]",[-0.5187570222176885],0.07403897296697862,COMPLETE
1105,0.29628722298611754,2025-01-10 10:53:14.882253,2025-01-10 10:53:20.029785,0 days 00:00:05.147532,0.05494507140750581,32,0.30000000000000004,108,100,1.0371273205672416e-05,416,0.0006103978102323573,4,2,adam,"{'neurons_per_layer_encoder': [108, 216], 'neurons_per_layer_decoder': [216, 108, 54, 27]}",108,"[216, 108, 54, 27]","[108, 216]",[0.29628722298611754],0.4496840423047105,COMPLETE
1106,0.3208408616060059,2025-01-10 10:53:15.357001,2025-01-10 10:53:22.041931,0 days 00:00:06.684930,0.051317501238224435,32,0.30000000000000004,144,100,1.0797558289636953e-05,696,0.0002558006080800813,4,2,adam,"{'neurons_per_layer_encoder': [144, 288], 'neurons_per_layer_decoder': [288, 144, 72, 36]}",144,"[288, 144, 72, 36]","[144, 288]",[0.3208408616060059],0.6092031959123598,COMPLETE
1107,-0.8713705507609535,2025-01-10 10:53:16.276941,2025-01-10 10:53:18.063860,0 days 00:00:01.786919,0.05042222567490303,32,0.30000000000000004,144,100,2.1232293752450053e-06,696,0.0006028648861158933,4,2,sgd,"{'neurons_per_layer_encoder': [144, 288], 'neurons_per_layer_decoder': [288, 144, 72, 36]}",144,"[288, 144, 72, 36]","[144, 288]",[-0.8713705507609535],0.3959764670722845,COMPLETE
1108,0.47079028656781574,2025-01-10 10:53:16.485396,2025-01-10 10:53:22.127072,0 days 00:00:05.641676,0.048899185290807806,32,0.30000000000000004,108,100,9.679730008452186e-06,512,0.0005868511445899198,4,2,adam,"{'neurons_per_layer_encoder': [108, 216], 'neurons_per_layer_decoder': [216, 108, 54, 27]}",108,"[216, 108, 54, 27]","[108, 216]",[0.47079028656781574],0.6206177437913358,COMPLETE
1109,-0.10079649725904094,2025-01-10 10:53:17.298493,2025-01-10 10:53:19.460952,0 days 00:00:02.162459,0.048429653693697006,96,0.30000000000000004,136,100,8.991280821524447e-06,664,0.0006001468016752691,4,2,sgd,"{'neurons_per_layer_encoder': [136, 272], 'neurons_per_layer_decoder': [272, 136, 68, 34]}",136,"[272, 136, 68, 34]","[136, 272]",[-0.10079649725904094],0.5353263896257779,COMPLETE
1110,-1.1867586133540944,2025-01-10 10:53:18.074832,2025-01-10 10:53:21.823970,0 days 00:00:03.749138,0.05439927955451483,32,0.30000000000000004,248,100,1.7917880497183443e-05,1048,0.00011676052712953959,4,2,adam,"{'neurons_per_layer_encoder': [248, 496], 'neurons_per_layer_decoder': [496, 248, 124, 62]}",248,"[496, 248, 124, 62]","[248, 496]",[-1.1867586133540944],0.20853031048449755,COMPLETE
1111,0.28178989187524484,2025-01-10 10:53:19.472134,2025-01-10 10:53:25.145679,0 days 00:00:05.673545,0.05434606339860055,32,0.30000000000000004,108,100,1.1006006743289972e-05,512,0.00011237909078271648,4,2,adam,"{'neurons_per_layer_encoder': [108, 216], 'neurons_per_layer_decoder': [216, 108, 54, 27]}",108,"[216, 108, 54, 27]","[108, 216]",[0.28178989187524484],0.6248877810334131,COMPLETE
1112,0.38415386549751984,2025-01-10 10:53:20.040887,2025-01-10 10:53:26.082435,0 days 00:00:06.041548,0.04204238675381533,32,0.30000000000000004,128,100,8.792116369335551e-06,616,0.0005322350481435896,4,2,adam,"{'neurons_per_layer_encoder': [128, 256], 'neurons_per_layer_decoder': [256, 128, 64, 32]}",128,"[256, 128, 64, 32]","[128, 256]",[0.38415386549751984],0.500984091519315,COMPLETE
1113,-0.003012693762896479,2025-01-10 10:53:21.835052,2025-01-10 10:53:25.480382,0 days 00:00:03.645330,0.04136561704440077,32,0.30000000000000004,148,100,8.62308413210487e-06,688,0.0012897314317110284,4,2,adam,"{'neurons_per_layer_encoder': [148, 296], 'neurons_per_layer_decoder': [296, 148, 74, 37]}",148,"[296, 148, 74, 37]","[148, 296]",[-0.003012693762896479],0.25753888100780603,COMPLETE
1114,0.06092376587041637,2025-01-10 10:53:22.053182,2025-01-10 10:53:26.180921,0 days 00:00:04.127739,0.04190863900161953,32,0.30000000000000004,128,100,9.005517635730453e-06,616,0.00048680686488537437,4,2,adam,"{'neurons_per_layer_encoder': [128, 256], 'neurons_per_layer_decoder': [256, 128, 64, 32]}",128,"[256, 128, 64, 32]","[128, 256]",[0.06092376587041637],0.3869207108935991,COMPLETE
1115,0.27451516545864707,2025-01-10 10:53:22.146616,2025-01-10 10:53:27.887695,0 days 00:00:05.741079,0.06417734167679946,32,0.30000000000000004,128,100,5.2659781238009455e-06,616,0.00047511708398944674,4,2,adam,"{'neurons_per_layer_encoder': [128, 256], 'neurons_per_layer_decoder': [256, 128, 64, 32]}",128,"[256, 128, 64, 32]","[128, 256]",[0.27451516545864707],0.45025536674724204,COMPLETE
1116,0.25664066720195866,2025-01-10 10:53:25.158901,2025-01-10 10:53:31.601132,0 days 00:00:06.442231,0.042559632345683475,32,0.30000000000000004,128,100,5.168394166774355e-06,616,0.0004968827055840338,4,2,adam,"{'neurons_per_layer_encoder': [128, 256], 'neurons_per_layer_decoder': [256, 128, 64, 32]}",128,"[256, 128, 64, 32]","[128, 256]",[0.25664066720195866],0.35986108605517797,COMPLETE
1117,0.4525599603970152,2025-01-10 10:53:25.491154,2025-01-10 10:53:31.923061,0 days 00:00:06.431907,0.06490554472831116,32,0.30000000000000004,128,100,5.270784209717471e-06,616,0.0004929433645972543,4,2,adam,"{'neurons_per_layer_encoder': [128, 256], 'neurons_per_layer_decoder': [256, 128, 64, 32]}",128,"[256, 128, 64, 32]","[128, 256]",[0.4525599603970152],0.5872389317443675,COMPLETE
1118,0.32799898663453586,2025-01-10 10:53:26.092962,2025-01-10 10:53:32.578569,0 days 00:00:06.485607,0.06469671535220403,32,0.30000000000000004,136,100,5.3248942162219275e-06,664,0.00041116684803937155,4,2,adam,"{'neurons_per_layer_encoder': [136, 272], 'neurons_per_layer_decoder': [272, 136, 68, 34]}",136,"[272, 136, 68, 34]","[136, 272]",[0.32799898663453586],0.5373668174549409,COMPLETE
1119,0.39183918068548096,2025-01-10 10:53:26.191382,2025-01-10 10:53:32.612326,0 days 00:00:06.420944,0.06435283213273894,32,0.30000000000000004,136,100,5.454400857878431e-06,664,0.0004356409580007687,4,2,adam,"{'neurons_per_layer_encoder': [136, 272], 'neurons_per_layer_decoder': [272, 136, 68, 34]}",136,"[272, 136, 68, 34]","[136, 272]",[0.39183918068548096],0.539753927973153,COMPLETE
1120,0.1855544159347845,2025-01-10 10:53:27.899242,2025-01-10 10:53:34.094703,0 days 00:00:06.195461,0.04519169506391067,32,0.30000000000000004,136,100,7.446301831791354e-06,664,0.0006785775350416855,4,2,adam,"{'neurons_per_layer_encoder': [136, 272], 'neurons_per_layer_decoder': [272, 136, 68, 34]}",136,"[272, 136, 68, 34]","[136, 272]",[0.1855544159347845],0.3781589228438845,COMPLETE
1121,0.4739665787481746,2025-01-10 10:53:31.612887,2025-01-10 10:53:37.678037,0 days 00:00:06.065150,0.057835990904491145,32,0.30000000000000004,136,100,3.6458869608626076e-06,664,0.0004028884968240525,4,2,adam,"{'neurons_per_layer_encoder': [136, 272], 'neurons_per_layer_decoder': [272, 136, 68, 34]}",136,"[272, 136, 68, 34]","[136, 272]",[0.4739665787481746],0.5833647429221799,COMPLETE
1122,-0.9963293418918904,2025-01-10 10:53:31.934094,2025-01-10 10:53:35.135920,0 days 00:00:03.201826,0.04565867124681945,32,0.30000000000000004,136,100,7.060028192018565e-06,664,8.241678556583427e-05,4,2,adam,"{'neurons_per_layer_encoder': [136, 272], 'neurons_per_layer_decoder': [272, 136, 68, 34]}",136,"[272, 136, 68, 34]","[136, 272]",[-0.9963293418918904],0.24568826855714743,COMPLETE
1123,0.38567436184482695,2025-01-10 10:53:32.589969,2025-01-10 10:53:38.705022,0 days 00:00:06.115053,0.04566420606327892,32,0.30000000000000004,148,100,7.4689054826091725e-06,544,0.00066174509232842,4,2,adam,"{'neurons_per_layer_encoder': [148, 296], 'neurons_per_layer_decoder': [296, 148, 74, 37]}",148,"[296, 148, 74, 37]","[148, 296]",[0.38567436184482695],0.5282901958774551,COMPLETE
1124,0.45455954543787847,2025-01-10 10:53:32.625928,2025-01-10 10:53:38.714861,0 days 00:00:06.088933,0.05722254742074586,32,0.2,152,100,7.50522505509286e-06,536,0.0010749744986995504,4,2,adam,"{'neurons_per_layer_encoder': [152, 304], 'neurons_per_layer_decoder': [304, 152, 76, 38]}",152,"[304, 152, 76, 38]","[152, 304]",[0.45455954543787847],0.4736508934663805,COMPLETE
1125,0.30925036027461184,2025-01-10 10:53:34.105106,2025-01-10 10:53:40.231184,0 days 00:00:06.126078,0.05808689722181668,32,0.30000000000000004,152,100,3.5568359529572984e-06,536,0.00040117832357383485,4,2,adam,"{'neurons_per_layer_encoder': [152, 304], 'neurons_per_layer_decoder': [304, 152, 76, 38]}",152,"[304, 152, 76, 38]","[152, 304]",[0.30925036027461184],0.42791599410074993,COMPLETE
1126,0.23811573456460067,2025-01-10 10:53:35.146645,2025-01-10 10:53:41.693370,0 days 00:00:06.546725,0.11645240266859254,32,0.2,152,100,3.6889770613391616e-06,472,0.0010996962784341178,4,2,adam,"{'neurons_per_layer_encoder': [152, 304], 'neurons_per_layer_decoder': [304, 152, 76, 38]}",152,"[304, 152, 76, 38]","[152, 304]",[0.23811573456460067],0.12309189864415628,COMPLETE
1127,0.526835967354471,2025-01-10 10:53:37.688959,2025-01-10 10:53:43.903171,0 days 00:00:06.214212,0.07051636758022617,32,0.30000000000000004,156,100,8.054312678894262e-06,544,0.0008433556656386828,4,2,adam,"{'neurons_per_layer_encoder': [156, 312], 'neurons_per_layer_decoder': [312, 156, 78, 39]}",156,"[312, 156, 78, 39]","[156, 312]",[0.526835967354471],0.6406090491047471,COMPLETE
1128,0.10065269611048167,2025-01-10 10:53:38.719073,2025-01-10 10:53:42.699694,0 days 00:00:03.980621,0.05300472442693536,32,0.30000000000000004,156,100,2.6227400566488094e-06,544,0.0008597683379875093,4,2,adam,"{'neurons_per_layer_encoder': [156, 312], 'neurons_per_layer_decoder': [312, 156, 78, 39]}",156,"[312, 156, 78, 39]","[156, 312]",[0.10065269611048167],0.3338162015217478,COMPLETE
1129,0.17079403065650522,2025-01-10 10:53:38.727703,2025-01-10 10:53:43.913046,0 days 00:00:05.185343,0.070539708922232,32,0.30000000000000004,116,100,1.1535589947917929e-05,560,0.0008055855194707034,4,2,adam,"{'neurons_per_layer_encoder': [116, 232], 'neurons_per_layer_decoder': [232, 116, 58, 29]}",116,"[232, 116, 58, 29]","[116, 232]",[0.17079403065650522],0.37931280419742613,COMPLETE
1130,-0.04161816872448276,2025-01-10 10:53:40.242745,2025-01-10 10:53:44.397587,0 days 00:00:04.154842,0.05230402676095885,32,0.30000000000000004,124,100,1.738405093861564e-06,592,0.0008386196407185979,4,2,adam,"{'neurons_per_layer_encoder': [124, 248], 'neurons_per_layer_decoder': [248, 124, 62, 31]}",124,"[248, 124, 62, 31]","[124, 248]",[-0.04161816872448276],0.171666708482749,COMPLETE
1131,-0.21767413962381976,2025-01-10 10:53:41.705219,2025-01-10 10:53:44.638665,0 days 00:00:02.933446,0.05218528645169302,40,0.30000000000000004,124,100,1.0211827475355614e-06,272,0.0008417745136577849,4,2,adam,"{'neurons_per_layer_encoder': [124, 248], 'neurons_per_layer_decoder': [248, 124, 62, 31]}",124,"[248, 124, 62, 31]","[124, 248]",[-0.21767413962381976],0.2044083047508435,COMPLETE
1132,0.21658111109310962,2025-01-10 10:53:42.709097,2025-01-10 10:53:48.633616,0 days 00:00:05.924519,0.06987513153210467,32,0.30000000000000004,124,100,1.3626665356355365e-05,592,0.0005513994734468783,4,2,adam,"{'neurons_per_layer_encoder': [124, 248], 'neurons_per_layer_decoder': [248, 124, 62, 31]}",124,"[248, 124, 62, 31]","[124, 248]",[0.21658111109310962],0.5151640167940397,COMPLETE
1133,0.3174027575825512,2025-01-10 10:53:43.916593,2025-01-10 10:53:49.949776,0 days 00:00:06.033183,0.07744971932398807,40,0.30000000000000004,164,100,8.378901638139779e-06,560,0.0005490697167709654,4,2,adam,"{'neurons_per_layer_encoder': [164, 328], 'neurons_per_layer_decoder': [328, 164, 82, 41]}",164,"[328, 164, 82, 41]","[164, 328]",[0.3174027575825512],0.487383625364757,COMPLETE
1134,-0.005490384541297466,2025-01-10 10:53:43.927125,2025-01-10 10:53:49.675365,0 days 00:00:05.748240,0.07002219400827771,40,0.30000000000000004,124,100,8.613663980407217e-06,592,0.0005412777816757985,4,2,adadelta,"{'neurons_per_layer_encoder': [124, 248], 'neurons_per_layer_decoder': [248, 124, 62, 31]}",124,"[248, 124, 62, 31]","[124, 248]",[-0.005490384541297466],0.5739430488934574,COMPLETE
1135,-0.07045346885604675,2025-01-10 10:53:44.408605,2025-01-10 10:53:50.586519,0 days 00:00:06.177914,0.07421937346610591,40,0.30000000000000004,168,100,8.500185580956533e-06,552,0.0005330080236420345,4,2,adadelta,"{'neurons_per_layer_encoder': [168, 336], 'neurons_per_layer_decoder': [336, 168, 84, 42]}",168,"[336, 168, 84, 42]","[168, 336]",[-0.07045346885604675],0.5737487931694766,COMPLETE
