number,value,datetime_start,datetime_complete,duration,params_alpha,params_batch_size,params_drop_out_rate,params_encoder_neurons_layer_1,params_epochs,params_lambda,params_latent_dim,params_learning_rate,params_num_layers_decoder,params_num_layers_encoder,params_optimizer,user_attrs_encoder_decoder_config,user_attrs_first_layer_neurons,user_attrs_neurons_per_layer_decoder,user_attrs_neurons_per_layer_encoder,user_attrs_r2_feature_1,user_attrs_relative_deterioration,state
532,-0.12784164867121062,2025-01-10 10:23:16.879341,2025-01-10 10:23:19.846765,0 days 00:00:02.967424,0.049783624362057445,32,0.30000000000000004,152,100,9.728720047647789e-06,328,0.0006755385263277627,4,2,adam,"{'neurons_per_layer_encoder': [152, 304], 'neurons_per_layer_decoder': [304, 152, 76, 38]}",152,"[304, 152, 76, 38]","[152, 304]",[-0.12784164867121062],0.3670525879468465,COMPLETE
533,-0.054107252016157625,2025-01-10 10:23:17.851678,2025-01-10 10:23:21.376613,0 days 00:00:03.524935,0.0584439178751601,32,0.30000000000000004,152,100,7.651161182029651e-06,728,0.0006834010985138864,4,2,adam,"{'neurons_per_layer_encoder': [152, 304], 'neurons_per_layer_decoder': [304, 152, 76, 38]}",152,"[304, 152, 76, 38]","[152, 304]",[-0.054107252016157625],0.3246182293874441,COMPLETE
534,0.4390599180459598,2025-01-10 10:23:18.374039,2025-01-10 10:23:24.381795,0 days 00:00:06.007756,0.050208356347905624,32,0.30000000000000004,152,100,6.873565614904787e-06,728,0.0007150556000252962,4,2,adam,"{'neurons_per_layer_encoder': [152, 304], 'neurons_per_layer_decoder': [304, 152, 76, 38]}",152,"[304, 152, 76, 38]","[152, 304]",[0.4390599180459598],0.5478960754807415,COMPLETE
535,0.11848340550818548,2025-01-10 10:23:19.398226,2025-01-10 10:23:24.064773,0 days 00:00:04.666547,0.05918835446365362,32,0.30000000000000004,152,100,9.715632219132212e-06,728,0.0007332890926855267,4,2,adam,"{'neurons_per_layer_encoder': [152, 304], 'neurons_per_layer_decoder': [304, 152, 76, 38]}",152,"[304, 152, 76, 38]","[152, 304]",[0.11848340550818548],0.40393006712668483,COMPLETE
536,0.13287519077156706,2025-01-10 10:23:19.855737,2025-01-10 10:23:24.604975,0 days 00:00:04.749238,0.06125050491872669,96,0.30000000000000004,148,100,7.689408224306071e-06,720,0.0007379893989282758,4,2,adam,"{'neurons_per_layer_encoder': [148, 296], 'neurons_per_layer_decoder': [296, 148, 74, 37]}",148,"[296, 148, 74, 37]","[148, 296]",[0.13287519077156706],0.32478268147852163,COMPLETE
537,0.35798174560550033,2025-01-10 10:23:20.792223,2025-01-10 10:23:26.571855,0 days 00:00:05.779632,0.05891509130060779,32,0.30000000000000004,136,100,7.621366991571644e-06,664,0.0006097091951798938,4,2,adam,"{'neurons_per_layer_encoder': [136, 272], 'neurons_per_layer_decoder': [272, 136, 68, 34]}",136,"[272, 136, 68, 34]","[136, 272]",[0.35798174560550033],0.5328190036807097,COMPLETE
538,0.44244787101786387,2025-01-10 10:23:21.385715,2025-01-10 10:23:27.611348,0 days 00:00:06.225633,0.05846906518051635,32,0.30000000000000004,168,100,1.056276870325276e-05,792,0.0007367816208756305,4,2,adam,"{'neurons_per_layer_encoder': [168, 336], 'neurons_per_layer_decoder': [336, 168, 84, 42]}",168,"[336, 168, 84, 42]","[168, 336]",[0.44244787101786387],0.6125447255107265,COMPLETE
539,0.41693792759105086,2025-01-10 10:23:24.073821,2025-01-10 10:23:30.830970,0 days 00:00:06.757149,0.05911975614206063,32,0.30000000000000004,168,100,5.624663674375724e-06,808,0.0012206709486105864,4,2,adam,"{'neurons_per_layer_encoder': [168, 336], 'neurons_per_layer_decoder': [336, 168, 84, 42]}",168,"[336, 168, 84, 42]","[168, 336]",[0.41693792759105086],0.4377290582411048,COMPLETE
540,0.37913661290197964,2025-01-10 10:23:24.391887,2025-01-10 10:23:30.331401,0 days 00:00:05.939514,0.053524015865115765,32,0.30000000000000004,136,100,7.509914222050468e-06,632,0.0007587302002210917,4,2,adam,"{'neurons_per_layer_encoder': [136, 272], 'neurons_per_layer_decoder': [272, 136, 68, 34]}",136,"[272, 136, 68, 34]","[136, 272]",[0.37913661290197964],0.5231854216608247,COMPLETE
541,-0.1772823014341629,2025-01-10 10:23:24.613362,2025-01-10 10:23:26.402909,0 days 00:00:01.789547,0.05402781683787017,32,0.30000000000000004,136,100,5.603831723846548e-06,664,0.0006069802209918659,4,2,sgd,"{'neurons_per_layer_encoder': [136, 272], 'neurons_per_layer_decoder': [272, 136, 68, 34]}",136,"[272, 136, 68, 34]","[136, 272]",[-0.1772823014341629],0.6802452751526399,COMPLETE
542,-0.11836942828887254,2025-01-10 10:23:26.411331,2025-01-10 10:23:30.760479,0 days 00:00:04.349148,0.056767436625402824,32,0.30000000000000004,160,100,6.682818427516643e-06,712,0.0011832954263027002,4,2,adam,"{'neurons_per_layer_encoder': [160, 320], 'neurons_per_layer_decoder': [320, 160, 80, 40]}",160,"[320, 160, 80, 40]","[160, 320]",[-0.11836942828887254],0.20585492717671314,COMPLETE
543,0.025241790538873543,2025-01-10 10:23:26.581286,2025-01-10 10:23:31.057112,0 days 00:00:04.475826,0.05791138368786136,32,0.30000000000000004,136,100,6.4804418590876376e-06,664,0.000763506180847694,4,2,adam,"{'neurons_per_layer_encoder': [136, 272], 'neurons_per_layer_decoder': [272, 136, 68, 34]}",136,"[272, 136, 68, 34]","[136, 272]",[0.025241790538873543],0.405603991955934,COMPLETE
544,0.007027697977607605,2025-01-10 10:23:27.621186,2025-01-10 10:23:34.072845,0 days 00:00:06.451659,0.06636727230682198,32,0.30000000000000004,168,100,1.0750826272128423e-05,792,0.0005425136037291409,4,2,adam,"{'neurons_per_layer_encoder': [168, 336], 'neurons_per_layer_decoder': [336, 168, 84, 42]}",168,"[336, 168, 84, 42]","[168, 336]",[0.007027697977607605],0.3400686862150038,COMPLETE
545,0.48126557947678505,2025-01-10 10:23:30.342752,2025-01-10 10:23:36.445810,0 days 00:00:06.103058,0.06467334979119335,32,0.30000000000000004,136,100,1.0832402350019195e-05,632,0.0005505612502096943,4,2,adam,"{'neurons_per_layer_encoder': [136, 272], 'neurons_per_layer_decoder': [272, 136, 68, 34]}",136,"[272, 136, 68, 34]","[136, 272]",[0.48126557947678505],0.6599589785510157,COMPLETE
546,-0.4282460938086903,2025-01-10 10:23:30.771342,2025-01-10 10:23:33.853512,0 days 00:00:03.082170,0.06637078837763824,32,0.30000000000000004,136,100,1.0803584699846679e-05,632,0.0004722294875638479,4,2,adam,"{'neurons_per_layer_encoder': [136, 272], 'neurons_per_layer_decoder': [272, 136, 68, 34]}",136,"[272, 136, 68, 34]","[136, 272]",[-0.4282460938086903],0.28335198223540736,COMPLETE
547,0.061933666149831645,2025-01-10 10:23:30.847114,2025-01-10 10:23:35.222778,0 days 00:00:04.375664,0.06277699642230859,32,0.30000000000000004,176,100,1.07347441673165e-05,792,0.0008024739789188664,4,2,adam,"{'neurons_per_layer_encoder': [176, 352], 'neurons_per_layer_decoder': [352, 176, 88, 44]}",176,"[352, 176, 88, 44]","[176, 352]",[0.061933666149831645],0.4832588185714488,COMPLETE
548,0.09988335087077271,2025-01-10 10:23:31.065711,2025-01-10 10:23:36.457154,0 days 00:00:05.391443,0.0623444772177489,32,0.30000000000000004,168,100,1.0769143591825928e-05,792,0.000782769598598702,4,2,adam,"{'neurons_per_layer_encoder': [168, 336], 'neurons_per_layer_decoder': [336, 168, 84, 42]}",168,"[336, 168, 84, 42]","[168, 336]",[0.09988335087077271],0.4504223199885505,COMPLETE
549,0.34913332147002285,2025-01-10 10:23:33.864010,2025-01-10 10:23:40.371081,0 days 00:00:06.507071,0.06279414288384,32,0.30000000000000004,172,100,1.0186540065420453e-05,800,0.000871888397076592,4,2,adam,"{'neurons_per_layer_encoder': [172, 344], 'neurons_per_layer_decoder': [344, 172, 86, 43]}",172,"[344, 172, 86, 43]","[172, 344]",[0.34913332147002285],0.5227084213281609,COMPLETE
550,0.1348164688048198,2025-01-10 10:23:34.083234,2025-01-10 10:23:39.885801,0 days 00:00:05.802567,0.06264056110300502,32,0.30000000000000004,176,100,5.427839497583298e-06,808,0.0008476095489463443,4,2,adam,"{'neurons_per_layer_encoder': [176, 352], 'neurons_per_layer_decoder': [352, 176, 88, 44]}",176,"[352, 176, 88, 44]","[176, 352]",[0.1348164688048198],0.26208396154644364,COMPLETE
551,0.40277430302083395,2025-01-10 10:23:35.231935,2025-01-10 10:23:41.917824,0 days 00:00:06.685889,0.05080667873918079,32,0.30000000000000004,168,100,8.895534341177788e-06,808,0.0008467532728366516,4,2,adam,"{'neurons_per_layer_encoder': [168, 336], 'neurons_per_layer_decoder': [336, 168, 84, 42]}",168,"[336, 168, 84, 42]","[168, 336]",[0.40277430302083395],0.526918528824636,COMPLETE
552,0.2262880119308005,2025-01-10 10:23:36.457270,2025-01-10 10:23:42.419551,0 days 00:00:05.962281,0.06352621558487043,32,0.30000000000000004,140,100,5.462855694477216e-06,560,0.0006661309525912197,4,2,adam,"{'neurons_per_layer_encoder': [140, 280], 'neurons_per_layer_decoder': [280, 140, 70, 35]}",140,"[280, 140, 70, 35]","[140, 280]",[0.2262880119308005],0.38670821493583973,COMPLETE
553,0.4854438969693685,2025-01-10 10:23:36.466590,2025-01-10 10:23:42.515645,0 days 00:00:06.049055,0.06498001310340751,32,0.30000000000000004,140,100,5.565461419619174e-06,672,0.0005694691835500862,4,2,adam,"{'neurons_per_layer_encoder': [140, 280], 'neurons_per_layer_decoder': [280, 140, 70, 35]}",140,"[280, 140, 70, 35]","[140, 280]",[0.4854438969693685],0.6261209688260966,COMPLETE
554,0.0904352816617745,2025-01-10 10:23:39.894957,2025-01-10 10:23:43.597261,0 days 00:00:03.702304,0.0511350720824468,32,0.30000000000000004,184,100,8.955853902581956e-06,424,0.0006398393171820609,4,2,adam,"{'neurons_per_layer_encoder': [184, 368], 'neurons_per_layer_decoder': [368, 184, 92, 46]}",184,"[368, 184, 92, 46]","[184, 368]",[0.0904352816617745],0.4684272579034461,COMPLETE
555,0.3818850911094974,2025-01-10 10:23:40.382154,2025-01-10 10:23:46.043852,0 days 00:00:05.661698,0.050652641437217795,32,0.30000000000000004,140,100,8.608322881359676e-06,624,0.0004882268718458059,4,2,adam,"{'neurons_per_layer_encoder': [140, 280], 'neurons_per_layer_decoder': [280, 140, 70, 35]}",140,"[280, 140, 70, 35]","[140, 280]",[0.3818850911094974],0.5770862378952496,COMPLETE
556,-0.05579071607671282,2025-01-10 10:23:41.926978,2025-01-10 10:23:45.342214,0 days 00:00:03.415236,0.04976631107800005,32,0.30000000000000004,168,100,1.1939005364833168e-05,456,0.0006062403427220066,4,2,adam,"{'neurons_per_layer_encoder': [168, 336], 'neurons_per_layer_decoder': [336, 168, 84, 42]}",168,"[336, 168, 84, 42]","[168, 336]",[-0.05579071607671282],0.406228996383196,COMPLETE
557,-0.20748952333049053,2025-01-10 10:23:42.427558,2025-01-10 10:23:45.520675,0 days 00:00:03.093117,0.0501227104931995,32,0.30000000000000004,188,100,1.2105520077795105e-05,624,0.0004844736717415202,4,2,adam,"{'neurons_per_layer_encoder': [188, 376], 'neurons_per_layer_decoder': [376, 188, 94, 47]}",188,"[376, 188, 94, 47]","[188, 376]",[-0.20748952333049053],0.40522635562223486,COMPLETE
558,0.24442894594188114,2025-01-10 10:23:42.523854,2025-01-10 10:23:48.181094,0 days 00:00:05.657240,0.050020262766974036,32,0.30000000000000004,140,100,1.2003731683666702e-05,624,0.0006170342097784264,4,2,adam,"{'neurons_per_layer_encoder': [140, 280], 'neurons_per_layer_decoder': [280, 140, 70, 35]}",140,"[280, 140, 70, 35]","[140, 280]",[0.24442894594188114],0.44179143338433674,COMPLETE
559,-0.004551765353165704,2025-01-10 10:23:43.606933,2025-01-10 10:23:48.394837,0 days 00:00:04.787904,0.047133449412093964,32,0.30000000000000004,168,100,6.390233685309146e-06,712,0.0003889751575340569,4,2,adam,"{'neurons_per_layer_encoder': [168, 336], 'neurons_per_layer_decoder': [336, 168, 84, 42]}",168,"[336, 168, 84, 42]","[168, 336]",[-0.004551765353165704],0.3794745049751462,COMPLETE
560,-0.04518757996017686,2025-01-10 10:23:45.350501,2025-01-10 10:23:49.967864,0 days 00:00:04.617363,0.06755160389738726,32,0.30000000000000004,164,100,6.610984422667757e-06,608,0.00040324295400098536,4,2,adam,"{'neurons_per_layer_encoder': [164, 328], 'neurons_per_layer_decoder': [328, 164, 82, 41]}",164,"[328, 164, 82, 41]","[164, 328]",[-0.04518757996017686],0.4062151780294455,COMPLETE
561,0.3506769306022013,2025-01-10 10:23:45.530642,2025-01-10 10:23:51.350103,0 days 00:00:05.819461,0.0706555765613385,32,0.30000000000000004,140,100,6.490527025533302e-06,672,0.0007224032186786531,4,2,adam,"{'neurons_per_layer_encoder': [140, 280], 'neurons_per_layer_decoder': [280, 140, 70, 35]}",140,"[280, 140, 70, 35]","[140, 280]",[0.3506769306022013],0.49725432722264523,COMPLETE
562,-0.6966725913411953,2025-01-10 10:23:46.052752,2025-01-10 10:23:47.798791,0 days 00:00:01.746039,0.0720402526907052,32,0.30000000000000004,132,100,8.946205881145137e-06,640,0.0004128730477049837,4,2,sgd,"{'neurons_per_layer_encoder': [132, 264], 'neurons_per_layer_decoder': [264, 132, 66, 33]}",132,"[264, 132, 66, 33]","[132, 264]",[-0.6966725913411953],0.349850652512476,COMPLETE
563,0.07298031579070619,2025-01-10 10:23:47.807621,2025-01-10 10:23:53.653965,0 days 00:00:05.846344,0.04648144603350793,32,0.30000000000000004,136,100,6.757289314880924e-06,600,0.0005222572388801963,4,2,adam,"{'neurons_per_layer_encoder': [136, 272], 'neurons_per_layer_decoder': [272, 136, 68, 34]}",136,"[272, 136, 68, 34]","[136, 272]",[0.07298031579070619],0.3159928286648334,COMPLETE
564,0.6098353721165513,2025-01-10 10:23:48.190393,2025-01-10 10:23:53.977565,0 days 00:00:05.787172,0.04785683381221236,32,0.30000000000000004,140,100,6.588183523168085e-06,672,0.00048684539041889645,4,2,adam,"{'neurons_per_layer_encoder': [140, 280], 'neurons_per_layer_decoder': [280, 140, 70, 35]}",140,"[280, 140, 70, 35]","[140, 280]",[0.6098353721165513],0.7186548699923936,COMPLETE
565,0.3200422601137838,2025-01-10 10:23:48.403951,2025-01-10 10:23:54.431626,0 days 00:00:06.027675,0.04795048528478954,32,0.30000000000000004,140,100,9.619943847722224e-06,608,0.0007055453958125316,4,2,adam,"{'neurons_per_layer_encoder': [140, 280], 'neurons_per_layer_decoder': [280, 140, 70, 35]}",140,"[280, 140, 70, 35]","[140, 280]",[0.3200422601137838],0.5349261028725435,COMPLETE
566,0.048058255503838576,2025-01-10 10:23:49.976543,2025-01-10 10:23:54.977986,0 days 00:00:05.001443,0.04727042974250668,32,0.30000000000000004,140,100,9.209514242329142e-06,672,0.000576318200148822,4,2,adam,"{'neurons_per_layer_encoder': [140, 280], 'neurons_per_layer_decoder': [280, 140, 70, 35]}",140,"[280, 140, 70, 35]","[140, 280]",[0.048058255503838576],0.343667459967116,COMPLETE
567,0.4801398193816341,2025-01-10 10:23:51.359250,2025-01-10 10:23:57.248154,0 days 00:00:05.888904,0.0529110864894933,32,0.30000000000000004,140,100,9.44577725334425e-06,592,0.0004932515721898763,4,2,adam,"{'neurons_per_layer_encoder': [140, 280], 'neurons_per_layer_decoder': [280, 140, 70, 35]}",140,"[280, 140, 70, 35]","[140, 280]",[0.4801398193816341],0.643352221687751,COMPLETE
568,0.4131381308875657,2025-01-10 10:23:53.663443,2025-01-10 10:23:59.429335,0 days 00:00:05.765892,0.052483046521284354,32,0.30000000000000004,140,100,9.295052522223854e-06,640,0.000524292949251806,4,2,adam,"{'neurons_per_layer_encoder': [140, 280], 'neurons_per_layer_decoder': [280, 140, 70, 35]}",140,"[280, 140, 70, 35]","[140, 280]",[0.4131381308875657],0.6002460914651153,COMPLETE
569,0.039344196922646235,2025-01-10 10:23:53.986855,2025-01-10 10:23:59.041726,0 days 00:00:05.054871,0.04650224397657417,32,0.30000000000000004,140,100,8.65660045956073e-06,640,0.0004490974265599946,4,2,adam,"{'neurons_per_layer_encoder': [140, 280], 'neurons_per_layer_decoder': [280, 140, 70, 35]}",140,"[280, 140, 70, 35]","[140, 280]",[0.039344196922646235],0.42447754418600997,COMPLETE
570,0.2586586404665563,2025-01-10 10:23:54.440774,2025-01-10 10:24:00.248987,0 days 00:00:05.808213,0.05159908219906359,32,0.30000000000000004,148,100,8.245307262180348e-06,640,0.000445409951546207,4,2,adam,"{'neurons_per_layer_encoder': [148, 296], 'neurons_per_layer_decoder': [296, 148, 74, 37]}",148,"[296, 148, 74, 37]","[148, 296]",[0.2586586404665563],0.5263057290728952,COMPLETE
571,0.25379813351008884,2025-01-10 10:23:54.987518,2025-01-10 10:24:00.896873,0 days 00:00:05.909355,0.0522014227762043,32,0.30000000000000004,148,100,7.740946217944815e-06,720,0.0004508617404320875,4,2,adam,"{'neurons_per_layer_encoder': [148, 296], 'neurons_per_layer_decoder': [296, 148, 74, 37]}",148,"[296, 148, 74, 37]","[148, 296]",[0.25379813351008884],0.5543911974783967,COMPLETE
572,0.4832468731823141,2025-01-10 10:23:57.257596,2025-01-10 10:24:02.982950,0 days 00:00:05.725354,0.05329362638313569,32,0.30000000000000004,132,100,7.845422004352794e-06,640,0.00044074715229278506,4,2,adam,"{'neurons_per_layer_encoder': [132, 264], 'neurons_per_layer_decoder': [264, 132, 66, 33]}",132,"[264, 132, 66, 33]","[132, 264]",[0.4832468731823141],0.5795819296206536,COMPLETE
573,0.43340753687750455,2025-01-10 10:23:59.050785,2025-01-10 10:24:04.551644,0 days 00:00:05.500859,0.053466315339937454,32,0.30000000000000004,132,100,7.641140318697307e-06,624,0.0005561244143906179,4,2,adam,"{'neurons_per_layer_encoder': [132, 264], 'neurons_per_layer_decoder': [264, 132, 66, 33]}",132,"[264, 132, 66, 33]","[132, 264]",[0.43340753687750455],0.6188116773540642,COMPLETE
574,0.1604339055800511,2025-01-10 10:23:59.438562,2025-01-10 10:24:04.925829,0 days 00:00:05.487267,0.05247398907945087,32,0.30000000000000004,136,100,7.908554057173411e-06,632,0.00045342207204506776,4,2,adam,"{'neurons_per_layer_encoder': [136, 272], 'neurons_per_layer_decoder': [272, 136, 68, 34]}",136,"[272, 136, 68, 34]","[136, 272]",[0.1604339055800511],0.3784977255140155,COMPLETE
575,-0.11439607564638155,2025-01-10 10:24:00.258224,2025-01-10 10:24:03.254742,0 days 00:00:02.996518,0.05271340558452772,32,0.30000000000000004,132,100,7.789639423469068e-06,624,0.0005092064454341661,4,2,adam,"{'neurons_per_layer_encoder': [132, 264], 'neurons_per_layer_decoder': [264, 132, 66, 33]}",132,"[264, 132, 66, 33]","[132, 264]",[-0.11439607564638155],0.43568836734222,COMPLETE
576,-0.055883763156939326,2025-01-10 10:24:00.904453,2025-01-10 10:24:04.044715,0 days 00:00:03.140262,0.05296115553607923,32,0.30000000000000004,132,100,7.608986311153337e-06,624,0.0005227907715729846,4,2,adam,"{'neurons_per_layer_encoder': [132, 264], 'neurons_per_layer_decoder': [264, 132, 66, 33]}",132,"[264, 132, 66, 33]","[132, 264]",[-0.055883763156939326],0.34343197463240177,COMPLETE
577,0.09985235461636566,2025-01-10 10:24:02.991824,2025-01-10 10:24:06.261339,0 days 00:00:03.269515,0.05331521957972615,32,0.30000000000000004,132,100,5.998363714190514e-06,640,0.0005014800078722893,4,2,adam,"{'neurons_per_layer_encoder': [132, 264], 'neurons_per_layer_decoder': [264, 132, 66, 33]}",132,"[264, 132, 66, 33]","[132, 264]",[0.09985235461636566],0.4435274990824872,COMPLETE
578,0.3670503646218025,2025-01-10 10:24:03.263808,2025-01-10 10:24:08.804678,0 days 00:00:05.540870,0.05818989759382239,32,0.30000000000000004,136,100,5.69039916141624e-06,648,0.0005039797943222353,4,2,adam,"{'neurons_per_layer_encoder': [136, 272], 'neurons_per_layer_decoder': [272, 136, 68, 34]}",136,"[272, 136, 68, 34]","[136, 272]",[0.3670503646218025],0.5209625021116273,COMPLETE
579,0.10853469189168474,2025-01-10 10:24:04.052793,2025-01-10 10:24:09.707754,0 days 00:00:05.654961,0.0570138715740257,32,0.30000000000000004,144,100,5.983927187299287e-06,696,0.0005493660217321952,4,2,adam,"{'neurons_per_layer_encoder': [144, 288], 'neurons_per_layer_decoder': [288, 144, 72, 36]}",144,"[288, 144, 72, 36]","[144, 288]",[0.10853469189168474],0.2980382637448111,COMPLETE
580,-0.2448914502859496,2025-01-10 10:24:04.560208,2025-01-10 10:24:07.935039,0 days 00:00:03.374831,0.058818402277017186,32,0.2,176,100,5.759510591981074e-06,808,0.00031829796855654957,4,2,adam,"{'neurons_per_layer_encoder': [176, 352], 'neurons_per_layer_decoder': [352, 176, 88, 44]}",176,"[352, 176, 88, 44]","[176, 352]",[-0.2448914502859496],0.1988696235428934,COMPLETE
581,-0.179157400211029,2025-01-10 10:24:04.934827,2025-01-10 10:24:08.223858,0 days 00:00:03.289031,0.059660265868232046,32,0.30000000000000004,176,100,6.044406623553719e-06,600,0.0005472260296053949,4,2,adam,"{'neurons_per_layer_encoder': [176, 352], 'neurons_per_layer_decoder': [352, 176, 88, 44]}",176,"[352, 176, 88, 44]","[176, 352]",[-0.179157400211029],0.35934066269299964,COMPLETE
582,-0.19733435216008655,2025-01-10 10:24:06.270494,2025-01-10 10:24:11.054663,0 days 00:00:04.784169,0.056962089039722975,32,0.2,176,100,5.3773046580456575e-06,648,0.0005699783048171176,4,2,adam,"{'neurons_per_layer_encoder': [176, 352], 'neurons_per_layer_decoder': [352, 176, 88, 44]}",176,"[352, 176, 88, 44]","[176, 352]",[-0.19733435216008655],-0.15877263554040438,COMPLETE
583,-0.025969342092193592,2025-01-10 10:24:07.943963,2025-01-10 10:24:12.254271,0 days 00:00:04.310308,0.056318354186263776,32,0.30000000000000004,164,100,6.9404010904580864e-06,576,0.0005635177357113073,4,2,adam,"{'neurons_per_layer_encoder': [164, 328], 'neurons_per_layer_decoder': [328, 164, 82, 41]}",164,"[328, 164, 82, 41]","[164, 328]",[-0.025969342092193592],0.4085408879618225,COMPLETE
584,0.29785536736819784,2025-01-10 10:24:08.232768,2025-01-10 10:24:13.350674,0 days 00:00:05.117906,0.055986698238494864,32,0.30000000000000004,164,100,1.0498318311083358e-05,656,0.0006110777219745402,4,2,adam,"{'neurons_per_layer_encoder': [164, 328], 'neurons_per_layer_decoder': [328, 164, 82, 41]}",164,"[328, 164, 82, 41]","[164, 328]",[0.29785536736819784],0.5383718167896642,COMPLETE
585,-0.038322884250690414,2025-01-10 10:24:08.813550,2025-01-10 10:24:12.913809,0 days 00:00:04.100259,0.04813034270180719,32,0.30000000000000004,160,100,6.985212668496304e-06,568,0.0003863637134504901,4,2,sgd,"{'neurons_per_layer_encoder': [160, 320], 'neurons_per_layer_decoder': [320, 160, 80, 40]}",160,"[320, 160, 80, 40]","[160, 320]",[-0.038322884250690414],0.5414568783330332,COMPLETE
586,-0.3942430488616191,2025-01-10 10:24:09.717376,2025-01-10 10:24:11.706622,0 days 00:00:01.989246,0.04844303319028765,32,0.30000000000000004,164,100,1.040657298852464e-05,736,0.000595661101052617,4,2,sgd,"{'neurons_per_layer_encoder': [164, 328], 'neurons_per_layer_decoder': [328, 164, 82, 41]}",164,"[328, 164, 82, 41]","[164, 328]",[-0.3942430488616191],0.4777766714250512,COMPLETE
