number,value,datetime_start,datetime_complete,duration,params_alpha,params_batch_size,params_drop_out_rate,params_encoder_neurons_layer_1,params_epochs,params_lambda,params_latent_dim,params_learning_rate,params_num_layers_decoder,params_num_layers_encoder,params_optimizer,user_attrs_encoder_decoder_config,user_attrs_first_layer_neurons,user_attrs_neurons_per_layer_decoder,user_attrs_neurons_per_layer_encoder,user_attrs_r2_feature_1,user_attrs_relative_deterioration,state
0,-0.4397313715361415,2025-01-10 09:30:20.627991,2025-01-10 09:30:22.145958,0 days 00:00:01.517967,0.12473904376777314,88,0.1,60,100,0.00011706833357673394,146,3.2752535295623786e-05,5,1,sgd,"{'neurons_per_layer_encoder': [60], 'neurons_per_layer_decoder': [60, 30, 15, 8, 8]}",60,"[60, 30, 15, 8, 8]",[60],[-0.4397313715361415],0.5543155743199987,COMPLETE
1,-0.2456182946619332,2025-01-10 09:30:20.628349,2025-01-10 09:30:23.054398,0 days 00:00:02.426049,0.1768108025875786,72,0.1,80,100,2.1373085497874514e-05,1656,0.0011055738998176031,1,5,sgd,"{'neurons_per_layer_encoder': [80, 160, 320, 640, 1280], 'neurons_per_layer_decoder': [1280]}",80,[1280],"[80, 160, 320, 640, 1280]",[-0.2456182946619332],0.7125638807718728,COMPLETE
2,-0.8712300759116953,2025-01-10 09:30:20.635009,2025-01-10 09:30:24.445248,0 days 00:00:03.810239,0.12684506068557172,48,0.1,216,100,1.7888523050722007e-06,1576,5.8472022473984335e-05,2,3,adadelta,"{'neurons_per_layer_encoder': [216, 432, 864], 'neurons_per_layer_decoder': [864, 432]}",216,"[864, 432]","[216, 432, 864]",[-0.8712300759116953],0.454224214369939,COMPLETE
3,0.13153220604071658,2025-01-10 09:30:20.636833,2025-01-10 09:30:23.653075,0 days 00:00:03.016242,0.16067165933760622,80,0.4,44,100,8.411543221562283e-05,96,0.0011467733286859355,3,1,sgd,"{'neurons_per_layer_encoder': [44], 'neurons_per_layer_decoder': [44, 22, 11]}",44,"[44, 22, 11]",[44],[0.13153220604071658],0.7060775478986165,COMPLETE
4,-0.4928949569121561,2025-01-10 09:30:20.635665,2025-01-10 09:30:21.950277,0 days 00:00:01.314612,0.06351597774216587,104,0.2,68,100,1.3960743142824154e-05,240,0.004239316898832709,1,2,sgd,"{'neurons_per_layer_encoder': [68, 136], 'neurons_per_layer_decoder': [136]}",68,[136],"[68, 136]",[-0.4928949569121561],0.38933953019268264,COMPLETE
5,-0.23415355244819946,2025-01-10 09:30:21.960282,2025-01-10 09:30:23.567977,0 days 00:00:01.607695,0.05854046918653068,120,0.2,12,100,0.000372365903607055,100,0.0015742202844262144,3,3,sgd,"{'neurons_per_layer_encoder': [12, 24, 48], 'neurons_per_layer_decoder': [48, 24, 12]}",12,"[48, 24, 12]","[12, 24, 48]",[-0.23415355244819946],0.7181071033208547,COMPLETE
6,-0.7191650881781426,2025-01-10 09:30:22.159183,2025-01-10 09:30:24.502885,0 days 00:00:02.343702,0.12850208388599735,32,0.2,24,100,0.0001626101817551972,840,2.0419025780577955e-05,3,5,sgd,"{'neurons_per_layer_encoder': [24, 48, 96, 192, 384], 'neurons_per_layer_decoder': [384, 192, 96]}",24,"[384, 192, 96]","[24, 48, 96, 192, 384]",[-0.7191650881781426],0.8420752986617243,COMPLETE
7,-0.09270654355990926,2025-01-10 09:30:23.067535,2025-01-10 09:30:34.516002,0 days 00:00:11.448467,0.1229828656110426,96,0.2,108,100,0.0009210076681397196,1240,0.0002823906483269523,5,4,adam,"{'neurons_per_layer_encoder': [108, 216, 432, 864], 'neurons_per_layer_decoder': [864, 432, 216, 108, 54]}",108,"[864, 432, 216, 108, 54]","[108, 216, 432, 864]",[-0.09270654355990926],0.9851951501501932,COMPLETE
8,-0.09353926806624524,2025-01-10 09:30:23.578819,2025-01-10 09:30:32.293529,0 days 00:00:08.714710,0.18104077448203887,80,0.1,220,100,5.781512539484046e-05,3400,0.0011184975486503894,4,4,sgd,"{'neurons_per_layer_encoder': [220, 440, 880, 1760], 'neurons_per_layer_decoder': [1760, 880, 440, 220]}",220,"[1760, 880, 440, 220]","[220, 440, 880, 1760]",[-0.09353926806624524],0.9285309597707252,COMPLETE
9,-0.3740040256949919,2025-01-10 09:30:23.666331,2025-01-10 09:30:35.533387,0 days 00:00:11.867056,0.040684687113405955,40,0.1,136,100,3.871757267462164e-06,2616,0.0001722687161350466,2,4,adam,"{'neurons_per_layer_encoder': [136, 272, 544, 1088], 'neurons_per_layer_decoder': [1088, 544]}",136,"[1088, 544]","[136, 272, 544, 1088]",[-0.3740040256949919],-0.24637321516186,COMPLETE
10,-0.4453334798137911,2025-01-10 09:30:24.455770,2025-01-10 09:30:29.294009,0 days 00:00:04.838239,0.023344280597455414,48,0.1,144,100,3.3565001508509703e-06,1336,4.946590804567878e-05,4,4,sgd,"{'neurons_per_layer_encoder': [144, 288, 576, 1152], 'neurons_per_layer_decoder': [1152, 576, 288, 144]}",144,"[1152, 576, 288, 144]","[144, 288, 576, 1152]",[-0.4453334798137911],0.43887378333053473,COMPLETE
11,-0.21899333313004532,2025-01-10 09:30:24.511654,2025-01-10 09:30:27.962150,0 days 00:00:03.450496,0.09423118176369441,112,0.2,140,100,1.4853835327571648e-06,1128,0.0005176509030601706,3,3,sgd,"{'neurons_per_layer_encoder': [140, 280, 560], 'neurons_per_layer_decoder': [560, 280, 140]}",140,"[560, 280, 140]","[140, 280, 560]",[-0.21899333313004532],0.5703973046420496,COMPLETE
12,-0.17922031914483627,2025-01-10 09:30:27.971608,2025-01-10 09:30:34.984533,0 days 00:00:07.012925,0.022542216096376827,128,0.1,180,100,3.4400596134368905e-06,608,0.003391859765472764,3,2,adadelta,"{'neurons_per_layer_encoder': [180, 360], 'neurons_per_layer_decoder': [360, 180, 90]}",180,"[360, 180, 90]","[180, 360]",[-0.17922031914483627],0.5201464401225628,COMPLETE
13,-0.023305775238367854,2025-01-10 09:30:29.305004,2025-01-10 09:30:32.876010,0 days 00:00:03.571006,0.046819136610625846,72,0.30000000000000004,120,100,8.146352712689083e-05,224,0.007205560175902378,2,1,sgd,"{'neurons_per_layer_encoder': [120], 'neurons_per_layer_decoder': [120, 60]}",120,"[120, 60]",[120],[-0.023305775238367854],0.5810675630039639,COMPLETE
14,-0.07198770323950066,2025-01-10 09:30:32.315829,2025-01-10 09:30:37.163628,0 days 00:00:04.847799,0.010957212840067647,96,0.4,112,100,0.000830963234212386,184,0.006711711197020244,5,1,adam,"{'neurons_per_layer_encoder': [112], 'neurons_per_layer_decoder': [112, 56, 28, 14, 8]}",112,"[112, 56, 28, 14, 8]",[112],[-0.07198770323950066],0.32623871939765625,COMPLETE
15,0.22650189516634467,2025-01-10 09:30:32.886501,2025-01-10 09:30:36.875998,0 days 00:00:03.989497,0.011379918744364186,64,0.4,112,100,0.000740017607778227,200,0.009816714479960967,2,1,adam,"{'neurons_per_layer_encoder': [112], 'neurons_per_layer_decoder': [112, 56]}",112,"[112, 56]",[112],[0.22650189516634467],0.5554321236077955,COMPLETE
16,-0.3704993124903406,2025-01-10 09:30:34.527013,2025-01-10 09:30:36.545171,0 days 00:00:02.018158,0.012094952316736558,64,0.4,172,100,1.033145405404691e-05,244,0.009992544881368689,2,1,adadelta,"{'neurons_per_layer_encoder': [172], 'neurons_per_layer_decoder': [172, 86]}",172,"[172, 86]",[172],[-0.3704993124903406],0.5605878582182616,COMPLETE
17,0.07469434612108072,2025-01-10 09:30:34.993256,2025-01-10 09:30:38.553573,0 days 00:00:03.560317,0.011921357299195266,64,0.4,256,100,7.271441013569275e-05,328,0.009575937176371865,2,1,adam,"{'neurons_per_layer_encoder': [256], 'neurons_per_layer_decoder': [256, 128]}",256,"[256, 128]",[256],[0.07469434612108072],0.3483184831744618,COMPLETE
18,-0.10020268500010765,2025-01-10 09:30:35.542461,2025-01-10 09:30:39.105178,0 days 00:00:03.562717,0.010911405269358734,64,0.4,256,100,5.021477245169364e-05,328,0.009465313346466178,2,1,adadelta,"{'neurons_per_layer_encoder': [256], 'neurons_per_layer_decoder': [256, 128]}",256,"[256, 128]",[256],[-0.10020268500010765],0.6722752346698813,COMPLETE
19,0.09593188351615578,2025-01-10 09:30:36.552838,2025-01-10 09:30:38.627399,0 days 00:00:02.074561,0.0354616392550617,64,0.4,100,100,5.079786347031252e-05,108,0.007052387960721495,2,1,adam,"{'neurons_per_layer_encoder': [100], 'neurons_per_layer_decoder': [100, 50]}",100,"[100, 50]",[100],[0.09593188351615578],0.2950496610627329,COMPLETE
20,0.06814683141963362,2025-01-10 09:30:36.883698,2025-01-10 09:30:40.720681,0 days 00:00:03.836983,0.010257111094574374,56,0.4,40,100,0.0006280292696576275,104,0.002013278812243053,4,2,adam,"{'neurons_per_layer_encoder': [40, 80], 'neurons_per_layer_decoder': [80, 40, 20, 10]}",40,"[80, 40, 20, 10]","[40, 80]",[0.06814683141963362],0.7754969317730672,COMPLETE
21,0.150103673084227,2025-01-10 09:30:37.172084,2025-01-10 09:30:41.048255,0 days 00:00:03.876171,0.019391805003494675,56,0.30000000000000004,40,100,0.0002842315433642712,88,0.0022881728834607505,4,2,adam,"{'neurons_per_layer_encoder': [40, 80], 'neurons_per_layer_decoder': [80, 40, 20, 10]}",40,"[80, 40, 20, 10]","[40, 80]",[0.150103673084227],0.6893150820917672,COMPLETE
22,0.16791993530072113,2025-01-10 09:30:38.561663,2025-01-10 09:30:42.522076,0 days 00:00:03.960413,0.025192336891592802,56,0.30000000000000004,40,100,0.00033807273867964845,88,0.0023299689220136195,4,2,adam,"{'neurons_per_layer_encoder': [40, 80], 'neurons_per_layer_decoder': [80, 40, 20, 10]}",40,"[80, 40, 20, 10]","[40, 80]",[0.16791993530072113],0.6864919870620576,COMPLETE
23,0.08278634856147071,2025-01-10 09:30:38.635311,2025-01-10 09:30:42.536538,0 days 00:00:03.901227,0.016662948265350547,56,0.30000000000000004,32,100,0.00026398422643255964,70,0.0020724399515143054,4,2,adam,"{'neurons_per_layer_encoder': [32, 64], 'neurons_per_layer_decoder': [64, 32, 16, 8]}",32,"[64, 32, 16, 8]","[32, 64]",[0.08278634856147071],0.6030991252625245,COMPLETE
24,-0.008372795240793929,2025-01-10 09:30:39.113606,2025-01-10 09:30:42.807837,0 days 00:00:03.694231,0.01733965960430976,80,0.30000000000000004,40,100,0.00028275709661089584,88,0.002342249659647234,4,2,adam,"{'neurons_per_layer_encoder': [40, 80], 'neurons_per_layer_decoder': [80, 40, 20, 10]}",40,"[80, 40, 20, 10]","[40, 80]",[-0.008372795240793929],0.6351249878921971,COMPLETE
25,0.03832474680091691,2025-01-10 09:30:40.887223,2025-01-10 09:30:44.009697,0 days 00:00:03.122474,0.02034196666566976,80,0.30000000000000004,96,100,0.0002077070332495251,280,0.0029566462162296716,1,2,adam,"{'neurons_per_layer_encoder': [96, 192], 'neurons_per_layer_decoder': [192]}",96,[192],"[96, 192]",[0.03832474680091691],0.35200772472060277,COMPLETE
26,0.06565326881992439,2025-01-10 09:30:41.057043,2025-01-10 09:30:44.902034,0 days 00:00:03.844991,0.016947723021801215,80,0.30000000000000004,36,100,0.0002056463318343588,79,0.0006481761691937069,4,2,adam,"{'neurons_per_layer_encoder': [36, 72], 'neurons_per_layer_decoder': [72, 36, 18, 9]}",36,"[72, 36, 18, 9]","[36, 72]",[0.06565326881992439],0.6903597049219312,COMPLETE
27,0.0868089068369493,2025-01-10 09:30:42.530283,2025-01-10 09:30:46.443310,0 days 00:00:03.913027,0.017227041378457354,48,0.30000000000000004,84,100,0.00026191174849890227,192,0.0025303015243247477,4,2,adam,"{'neurons_per_layer_encoder': [84, 168], 'neurons_per_layer_decoder': [168, 84, 42, 21]}",84,"[168, 84, 42, 21]","[84, 168]",[0.0868089068369493],0.6910827273985128,COMPLETE
28,0.22158893323528606,2025-01-10 09:30:42.546133,2025-01-10 09:30:46.672069,0 days 00:00:04.125936,0.018118318144675166,40,0.30000000000000004,88,100,0.00042133021421620926,200,0.0005243624676431253,4,2,adam,"{'neurons_per_layer_encoder': [88, 176], 'neurons_per_layer_decoder': [176, 88, 44, 22]}",88,"[176, 88, 44, 22]","[88, 176]",[0.22158893323528606],0.9078461519886796,COMPLETE
29,-0.17335820516049338,2025-01-10 09:30:42.815730,2025-01-10 09:30:45.348785,0 days 00:00:02.533055,0.030072282995197618,32,0.30000000000000004,4,100,0.0004565618019671123,8,0.00044901070539221834,4,2,adam,"{'neurons_per_layer_encoder': [4, 8], 'neurons_per_layer_decoder': [8, 8, 8, 8]}",4,"[8, 8, 8, 8]","[4, 8]",[-0.17335820516049338],0.5256897660416827,COMPLETE
30,-0.34865928050244843,2025-01-10 09:30:44.017361,2025-01-10 09:30:46.538013,0 days 00:00:02.520652,0.029471778624345506,32,0.30000000000000004,12,100,0.0005147487247928583,26,0.0005102170680593591,4,2,adam,"{'neurons_per_layer_encoder': [12, 24], 'neurons_per_layer_decoder': [24, 12, 8, 8]}",12,"[24, 12, 8, 8]","[12, 24]",[-0.34865928050244843],0.5895709725988646,COMPLETE
31,0.29286496790891603,2025-01-10 09:30:44.911285,2025-01-10 09:30:51.254416,0 days 00:00:06.343131,0.02972808098553974,32,0.30000000000000004,80,100,0.0004968680061617453,392,0.0043263316295552605,5,3,adam,"{'neurons_per_layer_encoder': [80, 160, 320], 'neurons_per_layer_decoder': [320, 160, 80, 40, 20]}",80,"[320, 160, 80, 40, 20]","[80, 160, 320]",[0.29286496790891603],0.8469427862370856,COMPLETE
32,0.0611531385170101,2025-01-10 09:30:45.356914,2025-01-10 09:30:50.887821,0 days 00:00:05.530907,0.014701277493011951,48,0.30000000000000004,80,100,0.000487421549879041,376,0.004897808636132411,5,3,adam,"{'neurons_per_layer_encoder': [80, 160, 320], 'neurons_per_layer_decoder': [320, 160, 80, 40, 20]}",80,"[320, 160, 80, 40, 20]","[80, 160, 320]",[0.0611531385170101],0.26938107694213204,COMPLETE
33,0.03413684219061763,2025-01-10 09:30:46.451386,2025-01-10 09:30:51.702255,0 days 00:00:05.250869,0.0267748009727526,40,0.30000000000000004,56,100,0.00012719459981016826,280,0.004809791721908296,5,3,adam,"{'neurons_per_layer_encoder': [56, 112, 224], 'neurons_per_layer_decoder': [224, 112, 56, 28, 14]}",56,"[224, 112, 56, 28, 14]","[56, 112, 224]",[0.03413684219061763],0.5859268395232631,COMPLETE
34,0.10104088374312659,2025-01-10 09:30:46.549528,2025-01-10 09:30:52.080746,0 days 00:00:05.531218,0.014541807636952394,56,0.30000000000000004,64,100,0.00012471913232083395,312,0.00474726153932138,5,3,adam,"{'neurons_per_layer_encoder': [64, 128, 256], 'neurons_per_layer_decoder': [256, 128, 64, 32, 16]}",64,"[256, 128, 64, 32, 16]","[64, 128, 256]",[0.10104088374312659],0.5796296766431565,COMPLETE
35,-0.08370356478977481,2025-01-10 09:30:46.681367,2025-01-10 09:30:52.042745,0 days 00:00:05.361378,0.013906559251921252,40,0.30000000000000004,60,100,0.00013380271606219582,312,0.0002001729783488964,5,3,adam,"{'neurons_per_layer_encoder': [60, 120, 240], 'neurons_per_layer_decoder': [240, 120, 60, 30, 15]}",60,"[240, 120, 60, 30, 15]","[60, 120, 240]",[-0.08370356478977481],0.8250771023433369,COMPLETE
36,-0.10919775217103256,2025-01-10 09:30:50.897221,2025-01-10 09:30:55.042071,0 days 00:00:04.144850,0.013817251360950033,40,0.30000000000000004,56,100,0.00013427246935230548,296,0.00012514989831793885,5,3,adam,"{'neurons_per_layer_encoder': [56, 112, 224], 'neurons_per_layer_decoder': [224, 112, 56, 28, 14]}",56,"[224, 112, 56, 28, 14]","[56, 112, 224]",[-0.10919775217103256],0.8222714189697161,COMPLETE
37,0.1257736353518547,2025-01-10 09:30:51.263459,2025-01-10 09:30:57.274659,0 days 00:00:06.011200,0.02720135921387385,40,0.30000000000000004,64,100,0.00013709186352866488,408,0.004626652470423094,5,3,adam,"{'neurons_per_layer_encoder': [64, 128, 256], 'neurons_per_layer_decoder': [256, 128, 64, 32, 16]}",64,"[256, 128, 64, 32, 16]","[64, 128, 256]",[0.1257736353518547],0.5037639111828975,COMPLETE
38,-0.11514821080237447,2025-01-10 09:30:51.713339,2025-01-10 09:30:57.533861,0 days 00:00:05.820522,0.014012292946570498,40,0.4,64,100,0.0007227474877038766,408,0.00011650924451733451,5,3,adam,"{'neurons_per_layer_encoder': [64, 128, 256], 'neurons_per_layer_decoder': [256, 128, 64, 32, 16]}",64,"[256, 128, 64, 32, 16]","[64, 128, 256]",[-0.11514821080237447],0.9553166728590878,COMPLETE
39,-0.7223393390542594,2025-01-10 09:30:52.051125,2025-01-10 09:30:55.581024,0 days 00:00:03.529899,0.02551723860142444,40,0.4,72,100,0.000956883336743181,408,8.505611172535846e-05,5,3,adam,"{'neurons_per_layer_encoder': [72, 144, 288], 'neurons_per_layer_decoder': [288, 144, 72, 36, 18]}",72,"[288, 144, 72, 36, 18]","[72, 144, 288]",[-0.7223393390542594],0.9538179973747903,COMPLETE
40,-0.8601961248032495,2025-01-10 09:30:52.104020,2025-01-10 09:30:55.131660,0 days 00:00:03.027640,0.03474959449241592,40,0.4,80,100,0.0009754954472716721,424,0.0008140915995878336,3,3,adadelta,"{'neurons_per_layer_encoder': [80, 160, 320], 'neurons_per_layer_decoder': [320, 160, 80]}",80,"[320, 160, 80]","[80, 160, 320]",[-0.8601961248032495],0.9517701324580675,COMPLETE
41,-0.4463556353702516,2025-01-10 09:30:55.050650,2025-01-10 09:30:57.079711,0 days 00:00:02.029061,0.02585278976227766,32,0.2,88,100,0.0006738031149051874,144,0.0007502488868263115,3,1,adadelta,"{'neurons_per_layer_encoder': [88], 'neurons_per_layer_decoder': [88, 44, 22]}",88,"[88, 44, 22]",[88],[-0.4463556353702516],0.8158760374385279,COMPLETE
42,-0.30614555320720394,2025-01-10 09:30:55.142285,2025-01-10 09:30:58.153378,0 days 00:00:03.011093,0.025017962921668784,32,0.2,156,100,2.368567156747153e-05,212,0.0012436395240117929,3,1,adam,"{'neurons_per_layer_encoder': [156], 'neurons_per_layer_decoder': [156, 78, 39]}",156,"[156, 78, 39]",[156],[-0.30614555320720394],-0.2610572876801856,COMPLETE
43,0.045093069131569075,2025-01-10 09:30:55.588897,2025-01-10 09:30:58.375418,0 days 00:00:02.786521,0.05821578956000525,72,0.2,124,100,0.0006540636038852646,180,0.0010977938572937838,1,1,adam,"{'neurons_per_layer_encoder': [124], 'neurons_per_layer_decoder': [124]}",124,[124],[124],[0.045093069131569075],0.4990406735253469,COMPLETE
44,0.03401350831678507,2025-01-10 09:30:57.087271,2025-01-10 09:31:04.548539,0 days 00:00:07.461268,0.06535113665219053,72,0.2,124,100,0.000401985247650313,1032,0.0012519848358168086,1,4,adam,"{'neurons_per_layer_encoder': [124, 248, 496, 992], 'neurons_per_layer_decoder': [992]}",124,[992],"[124, 248, 496, 992]",[0.03401350831678507],0.8774692353099229,COMPLETE
45,0.041304269650599745,2025-01-10 09:30:57.283836,2025-01-10 09:31:01.514146,0 days 00:00:04.230310,0.021307932817941765,72,0.2,120,100,0.0003708715357299343,360,0.0014239248584821717,1,2,adam,"{'neurons_per_layer_encoder': [120, 240], 'neurons_per_layer_decoder': [240]}",120,[240],"[120, 240]",[0.041304269650599745],0.6628879724808558,COMPLETE
46,0.102500381997227,2025-01-10 09:30:57.542515,2025-01-10 09:31:02.000916,0 days 00:00:04.458401,0.050392425236658725,72,0.2,124,100,0.0003636167990813215,368,0.0013613203286193065,1,2,adam,"{'neurons_per_layer_encoder': [124, 248], 'neurons_per_layer_decoder': [248]}",124,[248],"[124, 248]",[0.102500381997227],0.6909772298053686,COMPLETE
47,0.056942368088379824,2025-01-10 09:30:58.161291,2025-01-10 09:31:09.864681,0 days 00:00:11.703390,0.0200894743815258,72,0.2,120,100,0.0003608517502884769,2152,0.0014912949401545887,1,5,adam,"{'neurons_per_layer_encoder': [120, 240, 480, 960, 1920], 'neurons_per_layer_decoder': [1920]}",120,[1920],"[120, 240, 480, 960, 1920]",[0.056942368088379824],0.9034561497221242,COMPLETE
48,0.1012550030777043,2025-01-10 09:30:58.383861,2025-01-10 09:31:07.790242,0 days 00:00:09.406381,0.020297929709058925,56,0.30000000000000004,24,100,0.0003635211873564196,488,0.0033840191059178897,4,5,adam,"{'neurons_per_layer_encoder': [24, 48, 96, 192, 384], 'neurons_per_layer_decoder': [384, 192, 96, 48]}",24,"[384, 192, 96, 48]","[24, 48, 96, 192, 384]",[0.1012550030777043],0.6930286920570919,COMPLETE
49,-0.05583564487410597,2025-01-10 09:31:01.524786,2025-01-10 09:31:09.079369,0 days 00:00:07.554583,0.01974386861289329,56,0.30000000000000004,24,100,0.0003363547651183072,456,1.1658974242733366e-05,4,5,adam,"{'neurons_per_layer_encoder': [24, 48, 96, 192, 384], 'neurons_per_layer_decoder': [384, 192, 96, 48]}",24,"[384, 192, 96, 48]","[24, 48, 96, 192, 384]",[-0.05583564487410597],0.9451577627724058,COMPLETE
50,0.2310833900064575,2025-01-10 09:31:02.010878,2025-01-10 09:31:11.579745,0 days 00:00:09.568867,0.01954297342446174,56,0.30000000000000004,24,100,0.0003572610888015999,504,0.0017819829926667445,4,5,adam,"{'neurons_per_layer_encoder': [24, 48, 96, 192, 384], 'neurons_per_layer_decoder': [384, 192, 96, 48]}",24,"[384, 192, 96, 48]","[24, 48, 96, 192, 384]",[0.2310833900064575],0.9221864398915057,COMPLETE
51,0.026900439638860796,2025-01-10 09:31:04.558163,2025-01-10 09:31:12.449557,0 days 00:00:07.891394,0.01856461693185038,56,0.30000000000000004,48,100,0.00019025023905509938,792,0.0038792994074411326,4,5,sgd,"{'neurons_per_layer_encoder': [48, 96, 192, 384, 768], 'neurons_per_layer_decoder': [768, 384, 192, 96]}",48,"[768, 384, 192, 96]","[48, 96, 192, 384, 768]",[0.026900439638860796],0.9513106255220467,COMPLETE
52,-0.4347142154232768,2025-01-10 09:31:07.801096,2025-01-10 09:31:10.421479,0 days 00:00:02.620383,0.019065114056452698,48,0.30000000000000004,48,100,0.00019207253496569072,472,0.00030391001452868577,4,4,sgd,"{'neurons_per_layer_encoder': [48, 96, 192, 384], 'neurons_per_layer_decoder': [384, 192, 96, 48]}",48,"[384, 192, 96, 48]","[48, 96, 192, 384]",[-0.4347142154232768],0.8756867582040947,COMPLETE
53,-0.07681410662990773,2025-01-10 09:31:09.089308,2025-01-10 09:31:12.573273,0 days 00:00:03.483965,0.0344748332653003,48,0.30000000000000004,48,100,0.00023189907068567328,552,0.006377918114372347,3,4,sgd,"{'neurons_per_layer_encoder': [48, 96, 192, 384], 'neurons_per_layer_decoder': [384, 192, 96]}",48,"[384, 192, 96]","[48, 96, 192, 384]",[-0.07681410662990773],0.9183610142187495,COMPLETE
54,-0.5718866880907969,2025-01-10 09:31:09.874423,2025-01-10 09:31:12.630180,0 days 00:00:02.755757,0.03539088637745729,48,0.4,100,100,0.00020973922137788796,824,0.00036105222030404,3,4,sgd,"{'neurons_per_layer_encoder': [100, 200, 400, 800], 'neurons_per_layer_decoder': [800, 400, 200]}",100,"[800, 400, 200]","[100, 200, 400, 800]",[-0.5718866880907969],0.9287917714407877,COMPLETE
