number,value,datetime_start,datetime_complete,duration,params_alpha,params_batch_size,params_drop_out_rate,params_encoder_neurons_layer_1,params_epochs,params_lambda,params_latent_dim,params_learning_rate,params_num_layers_decoder,params_num_layers_encoder,params_optimizer,user_attrs_encoder_decoder_config,user_attrs_first_layer_neurons,user_attrs_neurons_per_layer_decoder,user_attrs_neurons_per_layer_encoder,user_attrs_r2_feature_1,user_attrs_relative_deterioration,state
1191,0.20812905621230005,2025-01-10 10:54:44.143670,2025-01-10 10:54:50.348682,0 days 00:00:06.205012,0.061760094458846164,32,0.30000000000000004,128,100,7.436370038048862e-06,616,0.0005998204593599753,4,2,adam,"{'neurons_per_layer_encoder': [128, 256], 'neurons_per_layer_decoder': [256, 128, 64, 32]}",128,"[256, 128, 64, 32]","[128, 256]",[0.20812905621230005],0.40834834445925294,COMPLETE
1192,0.558265861599575,2025-01-10 10:54:45.357221,2025-01-10 10:54:51.675585,0 days 00:00:06.318364,0.061964116056109145,32,0.30000000000000004,128,100,4.786220238482562e-06,600,0.000993643987192761,4,2,adam,"{'neurons_per_layer_encoder': [128, 256], 'neurons_per_layer_decoder': [256, 128, 64, 32]}",128,"[256, 128, 64, 32]","[128, 256]",[0.558265861599575],0.5743985921967976,COMPLETE
1193,0.24600574404709918,2025-01-10 10:54:46.677326,2025-01-10 10:54:52.649455,0 days 00:00:05.972129,0.06234088748328342,32,0.30000000000000004,132,100,6.59346070103992e-06,448,0.0010200716025495413,4,2,adam,"{'neurons_per_layer_encoder': [132, 264], 'neurons_per_layer_decoder': [264, 132, 66, 33]}",132,"[264, 132, 66, 33]","[132, 264]",[0.24600574404709918],0.30986531046101107,COMPLETE
1194,0.1700473588597683,2025-01-10 10:54:47.462426,2025-01-10 10:54:52.789099,0 days 00:00:05.326673,0.06222688342251049,32,0.30000000000000004,136,100,4.912616464615989e-06,648,0.00035760141009633735,4,2,adam,"{'neurons_per_layer_encoder': [136, 272], 'neurons_per_layer_decoder': [272, 136, 68, 34]}",136,"[272, 136, 68, 34]","[136, 272]",[0.1700473588597683],0.47062730088726606,COMPLETE
1195,-0.07432723311706013,2025-01-10 10:54:49.013635,2025-01-10 10:54:52.893287,0 days 00:00:03.879652,0.061010558811222054,32,0.30000000000000004,136,100,4.811714030217261e-06,648,0.00034442587239547914,4,2,adam,"{'neurons_per_layer_encoder': [136, 272], 'neurons_per_layer_decoder': [272, 136, 68, 34]}",136,"[272, 136, 68, 34]","[136, 272]",[-0.07432723311706013],0.4158356003109449,COMPLETE
1196,0.22610948308680157,2025-01-10 10:54:50.361800,2025-01-10 10:54:56.884363,0 days 00:00:06.522563,0.06432539512188641,32,0.30000000000000004,152,100,5.693416902382804e-06,568,0.0007907162290599028,4,2,adam,"{'neurons_per_layer_encoder': [152, 304], 'neurons_per_layer_decoder': [304, 152, 76, 38]}",152,"[304, 152, 76, 38]","[152, 304]",[0.22610948308680157],0.37326869069533297,COMPLETE
1197,0.4704087021899642,2025-01-10 10:54:51.686649,2025-01-10 10:54:58.093593,0 days 00:00:06.406944,0.0636095864011991,32,0.30000000000000004,136,100,4.935714482759065e-06,664,0.0011061792234694106,4,2,adam,"{'neurons_per_layer_encoder': [136, 272], 'neurons_per_layer_decoder': [272, 136, 68, 34]}",136,"[272, 136, 68, 34]","[136, 272]",[0.4704087021899642],0.43247148395340507,COMPLETE
1198,0.16136700371886603,2025-01-10 10:54:52.661893,2025-01-10 10:54:58.828952,0 days 00:00:06.167059,0.060413763479553885,32,0.30000000000000004,136,100,4.753382459914704e-06,600,0.0010780281949926691,4,2,adam,"{'neurons_per_layer_encoder': [136, 272], 'neurons_per_layer_decoder': [272, 136, 68, 34]}",136,"[272, 136, 68, 34]","[136, 272]",[0.16136700371886603],0.20964521129974992,COMPLETE
1199,-0.2182113527178906,2025-01-10 10:54:52.799641,2025-01-10 10:54:59.113900,0 days 00:00:06.314259,0.05605789167104348,32,0.30000000000000004,140,100,4.756085642174716e-06,608,0.00138430634163729,4,2,adadelta,"{'neurons_per_layer_encoder': [140, 280], 'neurons_per_layer_decoder': [280, 140, 70, 35]}",140,"[280, 140, 70, 35]","[140, 280]",[-0.2182113527178906],0.5912085586755419,COMPLETE
1200,0.3574689162038971,2025-01-10 10:54:52.904472,2025-01-10 10:54:59.072577,0 days 00:00:06.168105,0.05557436897416877,32,0.30000000000000004,140,100,5.367226780462085e-06,608,0.0010830220559162524,4,2,adam,"{'neurons_per_layer_encoder': [140, 280], 'neurons_per_layer_decoder': [280, 140, 70, 35]}",140,"[280, 140, 70, 35]","[140, 280]",[0.3574689162038971],0.3477139844813309,COMPLETE
1201,-0.4353820459535005,2025-01-10 10:54:56.895742,2025-01-10 10:55:00.322669,0 days 00:00:03.426927,0.05610041031354354,40,0.30000000000000004,140,100,4.8176680485578955e-06,608,0.001178718795651512,5,2,adadelta,"{'neurons_per_layer_encoder': [140, 280], 'neurons_per_layer_decoder': [280, 140, 70, 35, 17]}",140,"[280, 140, 70, 35, 17]","[140, 280]",[-0.4353820459535005],0.5941792415258113,COMPLETE
1202,0.07645580642193339,2025-01-10 10:54:58.104347,2025-01-10 10:55:03.989557,0 days 00:00:05.885210,0.055809490290750295,32,0.30000000000000004,152,100,4.4716577877407305e-06,600,0.0011888660462455916,5,2,adam,"{'neurons_per_layer_encoder': [152, 304], 'neurons_per_layer_decoder': [304, 152, 76, 38, 19]}",152,"[304, 152, 76, 38, 19]","[152, 304]",[0.07645580642193339],0.2517801927620481,COMPLETE
1203,-0.04586524983942808,2025-01-10 10:54:58.840300,2025-01-10 10:55:04.895253,0 days 00:00:06.054953,0.054454178849556625,40,0.30000000000000004,140,100,5.423833794657299e-06,672,0.0011507569690004835,4,2,adadelta,"{'neurons_per_layer_encoder': [140, 280], 'neurons_per_layer_decoder': [280, 140, 70, 35]}",140,"[280, 140, 70, 35]","[140, 280]",[-0.04586524983942808],0.5271517533719342,COMPLETE
1204,-0.06596762141188228,2025-01-10 10:54:59.083491,2025-01-10 10:55:03.870054,0 days 00:00:04.786563,0.05760360936895281,32,0.30000000000000004,152,100,4.392089774788918e-06,600,0.0008833835939966523,4,2,adadelta,"{'neurons_per_layer_encoder': [152, 304], 'neurons_per_layer_decoder': [304, 152, 76, 38]}",152,"[304, 152, 76, 38]","[152, 304]",[-0.06596762141188228],0.5405508002126322,COMPLETE
1205,0.08423165799238574,2025-01-10 10:54:59.132386,2025-01-10 10:55:04.181055,0 days 00:00:05.048669,0.058967435089654796,40,0.30000000000000004,152,100,5.597192990889242e-06,600,0.0012484129815724916,5,2,adam,"{'neurons_per_layer_encoder': [152, 304], 'neurons_per_layer_decoder': [304, 152, 76, 38, 19]}",152,"[304, 152, 76, 38, 19]","[152, 304]",[0.08423165799238574],0.17613239748443588,COMPLETE
1206,-0.0295201210800613,2025-01-10 10:55:00.337020,2025-01-10 10:55:05.469007,0 days 00:00:05.131987,0.05166065412615448,32,0.30000000000000004,152,100,5.859910747673821e-06,600,0.0008919019287850725,4,2,adam,"{'neurons_per_layer_encoder': [152, 304], 'neurons_per_layer_decoder': [304, 152, 76, 38]}",152,"[304, 152, 76, 38]","[152, 304]",[-0.0295201210800613],0.27909805598208615,COMPLETE
1207,0.38635066525529393,2025-01-10 10:55:03.882176,2025-01-10 10:55:10.390146,0 days 00:00:06.507970,0.06623506146747878,32,0.30000000000000004,148,100,5.392644455253338e-06,608,0.0009636791170993724,4,2,adam,"{'neurons_per_layer_encoder': [148, 296], 'neurons_per_layer_decoder': [296, 148, 74, 37]}",148,"[296, 148, 74, 37]","[148, 296]",[0.38635066525529393],0.42680679322875875,COMPLETE
1208,0.44911769731338036,2025-01-10 10:55:04.002237,2025-01-10 10:55:10.336001,0 days 00:00:06.333764,0.06580453031091922,32,0.30000000000000004,132,100,5.374728406634612e-06,624,0.0009435774012025257,4,2,adam,"{'neurons_per_layer_encoder': [132, 264], 'neurons_per_layer_decoder': [264, 132, 66, 33]}",132,"[264, 132, 66, 33]","[132, 264]",[0.44911769731338036],0.5300743532829904,COMPLETE
1209,0.13816970701936881,2025-01-10 10:55:04.192401,2025-01-10 10:55:10.699971,0 days 00:00:06.507570,0.06550131491801348,32,0.30000000000000004,148,100,5.547626333912207e-06,624,0.000974996014611993,4,2,adam,"{'neurons_per_layer_encoder': [148, 296], 'neurons_per_layer_decoder': [296, 148, 74, 37]}",148,"[296, 148, 74, 37]","[148, 296]",[0.13816970701936881],0.17667677836923473,COMPLETE
1210,0.30489611076802314,2025-01-10 10:55:04.906231,2025-01-10 10:55:11.219477,0 days 00:00:06.313246,0.13435127712136308,32,0.30000000000000004,132,100,6.18920187822988e-06,624,0.0008984943083195204,4,2,adam,"{'neurons_per_layer_encoder': [132, 264], 'neurons_per_layer_decoder': [264, 132, 66, 33]}",132,"[264, 132, 66, 33]","[132, 264]",[0.30489611076802314],0.4505796199813161,COMPLETE
1211,0.37724394565267516,2025-01-10 10:55:05.479119,2025-01-10 10:55:11.813255,0 days 00:00:06.334136,0.060244080887955964,32,0.30000000000000004,132,100,6.567803965823658e-06,624,0.0009023254608202016,4,2,adam,"{'neurons_per_layer_encoder': [132, 264], 'neurons_per_layer_decoder': [264, 132, 66, 33]}",132,"[264, 132, 66, 33]","[132, 264]",[0.37724394565267516],0.4543468251352852,COMPLETE
1212,0.4546238493243573,2025-01-10 10:55:10.348918,2025-01-10 10:55:17.380534,0 days 00:00:07.031616,0.06585581116021927,32,0.30000000000000004,160,100,6.530060649270647e-06,760,0.0009324770433881293,4,2,adam,"{'neurons_per_layer_encoder': [160, 320], 'neurons_per_layer_decoder': [320, 160, 80, 40]}",160,"[320, 160, 80, 40]","[160, 320]",[0.4546238493243573],0.5574897675065894,COMPLETE
1213,0.371840011905448,2025-01-10 10:55:10.411081,2025-01-10 10:55:17.062941,0 days 00:00:06.651860,0.13700840304968873,32,0.30000000000000004,132,100,6.794979024331444e-06,624,0.0007691688460697602,4,2,adam,"{'neurons_per_layer_encoder': [132, 264], 'neurons_per_layer_decoder': [264, 132, 66, 33]}",132,"[264, 132, 66, 33]","[132, 264]",[0.371840011905448],0.41770303225448774,COMPLETE
1214,0.2003395916107259,2025-01-10 10:55:10.711274,2025-01-10 10:55:17.545602,0 days 00:00:06.834328,0.05183355646820662,32,0.30000000000000004,160,100,7.012463165908739e-06,760,0.0007778364532712975,4,2,adam,"{'neurons_per_layer_encoder': [160, 320], 'neurons_per_layer_decoder': [320, 160, 80, 40]}",160,"[320, 160, 80, 40]","[160, 320]",[0.2003395916107259],0.36214500114289583,COMPLETE
1215,0.24165424063063334,2025-01-10 10:55:11.229753,2025-01-10 10:55:17.965428,0 days 00:00:06.735675,0.059089190249120446,32,0.2,160,100,6.729073669714056e-06,760,0.000768904011545661,4,2,adam,"{'neurons_per_layer_encoder': [160, 320], 'neurons_per_layer_decoder': [320, 160, 80, 40]}",160,"[320, 160, 80, 40]","[160, 320]",[0.24165424063063334],0.27709434236925806,COMPLETE
1216,-0.003667085734580633,2025-01-10 10:55:11.822554,2025-01-10 10:55:16.185109,0 days 00:00:04.362555,0.05115107834019387,32,0.2,156,100,6.364945463087814e-06,736,0.0007162700660143627,4,2,adam,"{'neurons_per_layer_encoder': [156, 312], 'neurons_per_layer_decoder': [312, 156, 78, 39]}",156,"[312, 156, 78, 39]","[156, 312]",[-0.003667085734580633],0.2262070912399865,COMPLETE
1217,0.11530490897395529,2025-01-10 10:55:16.196259,2025-01-10 10:55:21.781227,0 days 00:00:05.584968,0.0530352161432914,32,0.30000000000000004,160,100,4.342647158975211e-06,712,0.0007801982342889079,4,2,adam,"{'neurons_per_layer_encoder': [160, 320], 'neurons_per_layer_decoder': [320, 160, 80, 40]}",160,"[320, 160, 80, 40]","[160, 320]",[0.11530490897395529],0.2760529620742673,COMPLETE
1218,-0.6192598087773133,2025-01-10 10:55:17.074274,2025-01-10 10:55:19.023101,0 days 00:00:01.948827,0.05300758427157054,32,0.30000000000000004,160,100,4.388568271328691e-06,568,0.0007418995717486988,4,2,sgd,"{'neurons_per_layer_encoder': [160, 320], 'neurons_per_layer_decoder': [320, 160, 80, 40]}",160,"[320, 160, 80, 40]","[160, 320]",[-0.6192598087773133],0.6016220099621884,COMPLETE
1219,0.1513582260547388,2025-01-10 10:55:17.391926,2025-01-10 10:55:24.730795,0 days 00:00:07.338869,0.05297450159188812,32,0.30000000000000004,228,100,4.501280890220247e-06,576,0.0008105014850306165,4,2,adam,"{'neurons_per_layer_encoder': [228, 456], 'neurons_per_layer_decoder': [456, 228, 114, 57]}",228,"[456, 228, 114, 57]","[228, 456]",[0.1513582260547388],0.29084886028555595,COMPLETE
1220,-0.17348055242652194,2025-01-10 10:55:17.555956,2025-01-10 10:55:19.926555,0 days 00:00:02.370599,0.06023183429495488,32,0.30000000000000004,140,100,4.923203085994016e-06,672,0.0007486522846095575,4,2,sgd,"{'neurons_per_layer_encoder': [140, 280], 'neurons_per_layer_decoder': [280, 140, 70, 35]}",140,"[280, 140, 70, 35]","[140, 280]",[-0.17348055242652194],0.49743874414461137,COMPLETE
1221,0.0689403864176853,2025-01-10 10:55:17.975789,2025-01-10 10:55:22.195283,0 days 00:00:04.219494,0.04915899305418256,40,0.30000000000000004,144,100,4.209909433670554e-06,680,0.0007037846828623312,4,2,sgd,"{'neurons_per_layer_encoder': [144, 288], 'neurons_per_layer_decoder': [288, 144, 72, 36]}",144,"[288, 144, 72, 36]","[144, 288]",[0.0689403864176853],0.6052240353367201,COMPLETE
1222,0.345919362920196,2025-01-10 10:55:19.034625,2025-01-10 10:55:26.004655,0 days 00:00:06.970030,0.04853734095558484,40,0.30000000000000004,144,100,4.21479534620857e-06,696,0.0006989771671875781,4,2,adam,"{'neurons_per_layer_encoder': [144, 288], 'neurons_per_layer_decoder': [288, 144, 72, 36]}",144,"[288, 144, 72, 36]","[144, 288]",[0.345919362920196],0.3259073863821958,COMPLETE
1223,0.019429346346456766,2025-01-10 10:55:19.938747,2025-01-10 10:55:26.356495,0 days 00:00:06.417748,0.05535423762523072,40,0.30000000000000004,124,100,1.461169321307556e-06,592,0.0010475234028512127,4,2,adam,"{'neurons_per_layer_encoder': [124, 248], 'neurons_per_layer_decoder': [248, 124, 62, 31]}",124,"[248, 124, 62, 31]","[124, 248]",[0.019429346346456766],-0.20950473438117292,COMPLETE
1224,0.019368695641150402,2025-01-10 10:55:21.792514,2025-01-10 10:55:26.856905,0 days 00:00:05.064391,0.04880070717972381,40,0.30000000000000004,124,100,8.957704156107713e-06,576,0.0015569998557000428,4,2,adam,"{'neurons_per_layer_encoder': [124, 248], 'neurons_per_layer_decoder': [248, 124, 62, 31]}",124,"[248, 124, 62, 31]","[124, 248]",[0.019368695641150402],0.026960703538629806,COMPLETE
1225,0.46768751817785326,2025-01-10 10:55:22.206725,2025-01-10 10:55:28.082470,0 days 00:00:05.875745,0.04924124316868765,32,0.30000000000000004,124,100,8.685057286102015e-06,592,0.0009977460088253516,4,2,adam,"{'neurons_per_layer_encoder': [124, 248], 'neurons_per_layer_decoder': [248, 124, 62, 31]}",124,"[248, 124, 62, 31]","[124, 248]",[0.46768751817785326],0.5754694785353978,COMPLETE
1226,-0.04084817491634496,2025-01-10 10:55:24.743414,2025-01-10 10:55:29.117698,0 days 00:00:04.374284,0.06847051738161197,32,0.30000000000000004,124,100,8.659608777131537e-06,592,0.00153411759563445,4,2,adam,"{'neurons_per_layer_encoder': [124, 248], 'neurons_per_layer_decoder': [248, 124, 62, 31]}",124,"[248, 124, 62, 31]","[124, 248]",[-0.04084817491634496],0.21416905458923538,COMPLETE
1227,0.30353070375382263,2025-01-10 10:55:26.015463,2025-01-10 10:55:32.310883,0 days 00:00:06.295420,0.06149082546702841,32,0.30000000000000004,124,100,8.284714681065805e-06,592,0.0010247462904504508,4,2,adam,"{'neurons_per_layer_encoder': [124, 248], 'neurons_per_layer_decoder': [248, 124, 62, 31]}",124,"[248, 124, 62, 31]","[124, 248]",[0.30353070375382263],0.4269299302820072,COMPLETE
1228,0.0918133707642419,2025-01-10 10:55:26.368767,2025-01-10 10:55:32.796438,0 days 00:00:06.427671,0.06149734254609589,32,0.30000000000000004,128,100,8.761848564085589e-06,616,0.0005282241710969509,4,2,adam,"{'neurons_per_layer_encoder': [128, 256], 'neurons_per_layer_decoder': [256, 128, 64, 32]}",128,"[256, 128, 64, 32]","[128, 256]",[0.0918133707642419],0.36518750471780603,COMPLETE
1229,0.4196753093812766,2025-01-10 10:55:26.868789,2025-01-10 10:55:33.569148,0 days 00:00:06.700359,0.06929118884347278,32,0.30000000000000004,148,100,8.465990356891706e-06,720,0.0005380691239012462,4,2,adam,"{'neurons_per_layer_encoder': [148, 296], 'neurons_per_layer_decoder': [296, 148, 74, 37]}",148,"[296, 148, 74, 37]","[148, 296]",[0.4196753093812766],0.5835304443966325,COMPLETE
1230,0.41244716993024044,2025-01-10 10:55:28.094052,2025-01-10 10:55:34.706284,0 days 00:00:06.612232,0.06868968302345874,32,0.30000000000000004,148,100,7.384775957909107e-06,720,0.0005418402416250127,4,2,adam,"{'neurons_per_layer_encoder': [148, 296], 'neurons_per_layer_decoder': [296, 148, 74, 37]}",148,"[296, 148, 74, 37]","[148, 296]",[0.41244716993024044],0.5920581751138723,COMPLETE
1231,0.10425326675908464,2025-01-10 10:55:29.129185,2025-01-10 10:55:35.636992,0 days 00:00:06.507807,0.06133371079327875,32,0.30000000000000004,136,100,6.067277223335927e-06,648,0.0006397545096123455,4,2,adam,"{'neurons_per_layer_encoder': [136, 272], 'neurons_per_layer_decoder': [272, 136, 68, 34]}",136,"[272, 136, 68, 34]","[136, 272]",[0.10425326675908464],0.29161610454655584,COMPLETE
1232,-0.13685175016023154,2025-01-10 10:55:32.322421,2025-01-10 10:55:35.726287,0 days 00:00:03.403866,0.05800272192568365,32,0.30000000000000004,148,100,7.199130669400708e-06,720,0.000565592139915018,4,2,adam,"{'neurons_per_layer_encoder': [148, 296], 'neurons_per_layer_decoder': [296, 148, 74, 37]}",148,"[296, 148, 74, 37]","[148, 296]",[-0.13685175016023154],0.3048923503383028,COMPLETE
1233,0.40632053202248763,2025-01-10 10:55:32.807567,2025-01-10 10:55:39.339147,0 days 00:00:06.531580,0.057790863147293405,32,0.30000000000000004,148,100,6.150901629633372e-06,720,0.0006392246211799101,4,2,adam,"{'neurons_per_layer_encoder': [148, 296], 'neurons_per_layer_decoder': [296, 148, 74, 37]}",148,"[296, 148, 74, 37]","[148, 296]",[0.40632053202248763],0.5053637573318431,COMPLETE
1234,0.5018953827473949,2025-01-10 10:55:33.579376,2025-01-10 10:55:40.037483,0 days 00:00:06.458107,0.06556379470820094,32,0.30000000000000004,136,100,6.0224130765572585e-06,648,0.0006453392402956255,4,2,adam,"{'neurons_per_layer_encoder': [136, 272], 'neurons_per_layer_decoder': [272, 136, 68, 34]}",136,"[272, 136, 68, 34]","[136, 272]",[0.5018953827473949],0.638494460577315,COMPLETE
1235,0.3753611183275293,2025-01-10 10:55:34.718872,2025-01-10 10:55:41.226733,0 days 00:00:06.507861,0.05886288978156842,32,0.30000000000000004,140,100,6.259895702443777e-06,672,0.0006441305191569834,4,2,adam,"{'neurons_per_layer_encoder': [140, 280], 'neurons_per_layer_decoder': [280, 140, 70, 35]}",140,"[280, 140, 70, 35]","[140, 280]",[0.3753611183275293],0.4639245410376431,COMPLETE
1236,0.18137615745576208,2025-01-10 10:55:35.648429,2025-01-10 10:55:42.103037,0 days 00:00:06.454608,0.05801559256243035,32,0.30000000000000004,140,100,7.111424481682861e-06,672,0.000658499435592108,4,2,adam,"{'neurons_per_layer_encoder': [140, 280], 'neurons_per_layer_decoder': [280, 140, 70, 35]}",140,"[280, 140, 70, 35]","[140, 280]",[0.18137615745576208],0.35115051112983475,COMPLETE
1237,0.3148815556213852,2025-01-10 10:55:35.741314,2025-01-10 10:55:42.203890,0 days 00:00:06.462576,0.06479515948569979,32,0.30000000000000004,140,100,5.524900168378376e-06,672,0.0006583984555036976,4,2,adam,"{'neurons_per_layer_encoder': [140, 280], 'neurons_per_layer_decoder': [280, 140, 70, 35]}",140,"[280, 140, 70, 35]","[140, 280]",[0.3148815556213852],0.4433567385321448,COMPLETE
1238,0.34262952048952144,2025-01-10 10:55:39.350509,2025-01-10 10:55:45.122471,0 days 00:00:05.771962,0.06470895625860097,32,0.30000000000000004,140,100,5.512750941587067e-06,496,0.0008354484289247404,4,2,adam,"{'neurons_per_layer_encoder': [140, 280], 'neurons_per_layer_decoder': [280, 140, 70, 35]}",140,"[280, 140, 70, 35]","[140, 280]",[0.34262952048952144],0.46173399144372534,COMPLETE
1239,0.23281904815669652,2025-01-10 10:55:41.237315,2025-01-10 10:55:47.031247,0 days 00:00:05.793932,0.0652582264259411,32,0.30000000000000004,140,100,5.222273890373053e-06,672,0.0008238048146315159,4,2,adam,"{'neurons_per_layer_encoder': [140, 280], 'neurons_per_layer_decoder': [280, 140, 70, 35]}",140,"[280, 140, 70, 35]","[140, 280]",[0.23281904815669652],0.346036357690107,COMPLETE
1240,0.33870268655883706,2025-01-10 10:55:42.112724,2025-01-10 10:55:47.778402,0 days 00:00:05.665678,0.06456260701306535,32,0.30000000000000004,140,100,5.3473744401735734e-06,672,0.0008284952946908936,4,2,adam,"{'neurons_per_layer_encoder': [140, 280], 'neurons_per_layer_decoder': [280, 140, 70, 35]}",140,"[280, 140, 70, 35]","[140, 280]",[0.33870268655883706],0.45844034379062365,COMPLETE
1241,0.31450010769496883,2025-01-10 10:55:42.214249,2025-01-10 10:55:47.962017,0 days 00:00:05.747768,0.06537113768632916,32,0.30000000000000004,136,100,5.05943350651899e-06,664,0.0008460850457896339,4,2,adam,"{'neurons_per_layer_encoder': [136, 272], 'neurons_per_layer_decoder': [272, 136, 68, 34]}",136,"[272, 136, 68, 34]","[136, 272]",[0.31450010769496883],0.38366698240122915,COMPLETE
1242,0.4890790259454756,2025-01-10 10:55:45.133223,2025-01-10 10:55:50.505879,0 days 00:00:05.372656,0.0693343352154941,32,0.30000000000000004,136,100,4.695422650191924e-06,664,0.0008514331180746896,4,2,adam,"{'neurons_per_layer_encoder': [136, 272], 'neurons_per_layer_decoder': [272, 136, 68, 34]}",136,"[272, 136, 68, 34]","[136, 272]",[0.4890790259454756],0.569242626045026,COMPLETE
1243,0.14388112551276722,2025-01-10 10:55:47.787063,2025-01-10 10:55:52.589359,0 days 00:00:04.802296,0.0702792574772901,40,0.30000000000000004,132,100,4.6901646690241295e-06,640,0.0007562114335003155,4,2,adam,"{'neurons_per_layer_encoder': [132, 264], 'neurons_per_layer_decoder': [264, 132, 66, 33]}",132,"[264, 132, 66, 33]","[132, 264]",[0.14388112551276722],0.19808366573871833,COMPLETE
1244,0.19084386716901824,2025-01-10 10:55:47.971204,2025-01-10 10:55:52.250709,0 days 00:00:04.279505,0.07238039370986173,80,0.30000000000000004,132,100,4.670486967897231e-06,640,0.0007072351721360325,4,2,adam,"{'neurons_per_layer_encoder': [132, 264], 'neurons_per_layer_decoder': [264, 132, 66, 33]}",132,"[264, 132, 66, 33]","[132, 264]",[0.19084386716901824],0.2044503426399999,COMPLETE
1245,0.29069425879060573,2025-01-10 10:55:50.517453,2025-01-10 10:55:55.366627,0 days 00:00:04.849174,0.0699128006524799,40,0.30000000000000004,156,100,3.997194116504768e-06,496,0.0007088879004217843,4,2,adam,"{'neurons_per_layer_encoder': [156, 312], 'neurons_per_layer_decoder': [312, 156, 78, 39]}",156,"[312, 156, 78, 39]","[156, 312]",[0.29069425879060573],0.2891151203988938,COMPLETE
