number,value,datetime_start,datetime_complete,duration,params_alpha,params_batch_size,params_drop_out_rate,params_encoder_neurons_layer_1,params_epochs,params_lambda,params_latent_dim,params_learning_rate,params_num_layers_decoder,params_num_layers_encoder,params_optimizer,user_attrs_encoder_decoder_config,user_attrs_first_layer_neurons,user_attrs_neurons_per_layer_decoder,user_attrs_neurons_per_layer_encoder,user_attrs_r2_feature_1,user_attrs_relative_deterioration,state
423,-0.0186830660585684,2025-01-10 10:09:35.306250,2025-01-10 10:09:44.602770,0 days 00:00:09.296520,0.03939997001645303,32,0.30000000000000004,80,100,6.560430041406192e-06,760,0.0032334414010731487,4,3,adadelta,"{'neurons_per_layer_encoder': [80, 160, 320], 'neurons_per_layer_decoder': [320, 160, 80, 40]}",80,"[320, 160, 80, 40]","[80, 160, 320]",[-0.0186830660585684],0.6272984165600822,COMPLETE
424,-0.008192783517970703,2025-01-10 10:09:37.616502,2025-01-10 10:09:46.371311,0 days 00:00:08.754809,0.04115260232957715,32,0.30000000000000004,80,100,6.346980080599883e-06,728,0.0032943202163847707,4,3,adadelta,"{'neurons_per_layer_encoder': [80, 160, 320], 'neurons_per_layer_decoder': [320, 160, 80, 40]}",80,"[320, 160, 80, 40]","[80, 160, 320]",[-0.008192783517970703],0.6102139501954084,COMPLETE
425,-0.05156998313222805,2025-01-10 10:09:38.247035,2025-01-10 10:09:44.990675,0 days 00:00:06.743640,0.03808249435471692,32,0.30000000000000004,64,100,7.0019532899004616e-06,616,0.003391461872064629,4,3,adadelta,"{'neurons_per_layer_encoder': [64, 128, 256], 'neurons_per_layer_decoder': [256, 128, 64, 32]}",64,"[256, 128, 64, 32]","[64, 128, 256]",[-0.05156998313222805],0.5797600382280692,COMPLETE
426,-0.23202026507299545,2025-01-10 10:09:41.051197,2025-01-10 10:09:45.839114,0 days 00:00:04.787917,0.040789924435963285,32,0.30000000000000004,60,100,6.874681623498203e-06,584,0.0038569103846576355,4,3,adadelta,"{'neurons_per_layer_encoder': [60, 120, 240], 'neurons_per_layer_decoder': [240, 120, 60, 30]}",60,"[240, 120, 60, 30]","[60, 120, 240]",[-0.23202026507299545],0.578120037052421,COMPLETE
427,-0.20825853110680792,2025-01-10 10:09:44.615055,2025-01-10 10:09:48.075479,0 days 00:00:03.460424,0.04169236406388159,32,0.30000000000000004,60,100,5.807965737421992e-06,584,0.0041465415338022265,4,3,adadelta,"{'neurons_per_layer_encoder': [60, 120, 240], 'neurons_per_layer_decoder': [240, 120, 60, 30]}",60,"[240, 120, 60, 30]","[60, 120, 240]",[-0.20825853110680792],0.5402962553934891,COMPLETE
428,-0.5221562070081243,2025-01-10 10:09:44.630277,2025-01-10 10:09:48.068835,0 days 00:00:03.438558,0.04170667204286199,32,0.30000000000000004,56,100,6.214721776642822e-06,536,0.004095926471710925,4,3,adadelta,"{'neurons_per_layer_encoder': [56, 112, 224], 'neurons_per_layer_decoder': [224, 112, 56, 28]}",56,"[224, 112, 56, 28]","[56, 112, 224]",[-0.5221562070081243],0.3888011862777408,COMPLETE
429,-0.15626561654919335,2025-01-10 10:09:45.001215,2025-01-10 10:09:49.283644,0 days 00:00:04.282429,0.02470118675451702,32,0.30000000000000004,52,100,5.74158908419265e-06,488,0.0041034146530841,4,3,adadelta,"{'neurons_per_layer_encoder': [52, 104, 208], 'neurons_per_layer_decoder': [208, 104, 52, 26]}",52,"[208, 104, 52, 26]","[52, 104, 208]",[-0.15626561654919335],0.5786585983001103,COMPLETE
430,-0.3690774879657468,2025-01-10 10:09:45.850231,2025-01-10 10:09:50.219350,0 days 00:00:04.369119,0.10998779897346578,32,0.30000000000000004,80,100,5.170168975750899e-06,728,0.0042029344460908225,4,3,adam,"{'neurons_per_layer_encoder': [80, 160, 320], 'neurons_per_layer_decoder': [320, 160, 80, 40]}",80,"[320, 160, 80, 40]","[80, 160, 320]",[-0.3690774879657468],-0.14008369237866725,COMPLETE
431,0.1836828256912294,2025-01-10 10:09:46.380217,2025-01-10 10:09:50.234408,0 days 00:00:03.854191,0.058293420937012154,32,0.30000000000000004,84,100,5.080015298474117e-06,808,0.004220394695183219,4,3,adam,"{'neurons_per_layer_encoder': [84, 168, 336], 'neurons_per_layer_decoder': [336, 168, 84, 42]}",84,"[336, 168, 84, 42]","[84, 168, 336]",[0.1836828256912294],0.27704364838071366,COMPLETE
432,0.3679854223183636,2025-01-10 10:09:48.082463,2025-01-10 10:09:56.907974,0 days 00:00:08.825511,0.06038118265517656,32,0.30000000000000004,84,100,4.979889657558126e-06,824,0.004905041715349902,4,3,adam,"{'neurons_per_layer_encoder': [84, 168, 336], 'neurons_per_layer_decoder': [336, 168, 84, 42]}",84,"[336, 168, 84, 42]","[84, 168, 336]",[0.3679854223183636],0.35418025279600185,COMPLETE
433,-0.3959817398611847,2025-01-10 10:09:48.084426,2025-01-10 10:09:52.373193,0 days 00:00:04.288767,0.02438187338799303,32,0.30000000000000004,84,100,4.981772382518228e-06,808,0.004949462732030975,4,3,adam,"{'neurons_per_layer_encoder': [84, 168, 336], 'neurons_per_layer_decoder': [336, 168, 84, 42]}",84,"[336, 168, 84, 42]","[84, 168, 336]",[-0.3959817398611847],-0.18632206051297456,COMPLETE
434,0.02534926955643091,2025-01-10 10:09:49.294574,2025-01-10 10:09:57.298020,0 days 00:00:08.003446,0.035956162251804286,32,0.30000000000000004,84,100,3.4505557746093728e-06,1368,0.005248327370799297,4,5,adam,"{'neurons_per_layer_encoder': [84, 168, 336, 672, 1344], 'neurons_per_layer_decoder': [1344, 672, 336, 168]}",84,"[1344, 672, 336, 168]","[84, 168, 336, 672, 1344]",[0.02534926955643091],0.5325630802658227,COMPLETE
435,-0.07291733897323271,2025-01-10 10:09:50.229293,2025-01-10 10:09:58.229044,0 days 00:00:07.999751,0.0276739678205988,32,0.30000000000000004,72,100,3.7213253059298e-06,1176,0.005129239618991628,4,5,adam,"{'neurons_per_layer_encoder': [72, 144, 288, 576, 1152], 'neurons_per_layer_decoder': [1152, 576, 288, 144]}",72,"[1152, 576, 288, 144]","[72, 144, 288, 576, 1152]",[-0.07291733897323271],0.42916344342309676,COMPLETE
436,-0.5163332925923434,2025-01-10 10:09:50.248358,2025-01-10 10:09:58.218374,0 days 00:00:07.970016,0.026992361693121938,40,0.30000000000000004,40,100,3.387596898204229e-06,1272,0.004959664944174892,3,5,adam,"{'neurons_per_layer_encoder': [40, 80, 160, 320, 640], 'neurons_per_layer_decoder': [640, 320, 160]}",40,"[640, 320, 160]","[40, 80, 160, 320, 640]",[-0.5163332925923434],-0.08554729190125787,COMPLETE
437,0.13518875643231576,2025-01-10 10:09:52.382408,2025-01-10 10:10:03.497981,0 days 00:00:11.115573,0.027267486654357655,40,0.30000000000000004,72,100,3.382817181328651e-06,1176,0.002756777597070419,4,5,adam,"{'neurons_per_layer_encoder': [72, 144, 288, 576, 1152], 'neurons_per_layer_decoder': [1152, 576, 288, 144]}",72,"[1152, 576, 288, 144]","[72, 144, 288, 576, 1152]",[0.13518875643231576],0.3630016818183674,COMPLETE
438,-0.028181409765761112,2025-01-10 10:09:56.922339,2025-01-10 10:10:01.558590,0 days 00:00:04.636251,0.027639695843753,40,0.30000000000000004,88,100,3.5494971435465827e-06,840,0.004739554026167356,3,3,adam,"{'neurons_per_layer_encoder': [88, 176, 352], 'neurons_per_layer_decoder': [352, 176, 88]}",88,"[352, 176, 88]","[88, 176, 352]",[-0.028181409765761112],-0.07062610439592093,COMPLETE
439,0.14782528474792944,2025-01-10 10:09:57.314784,2025-01-10 10:10:01.910074,0 days 00:00:04.595290,0.061366789513554114,40,0.30000000000000004,88,100,1.590458696077445e-05,824,0.005230995018567433,3,3,adam,"{'neurons_per_layer_encoder': [88, 176, 352], 'neurons_per_layer_decoder': [352, 176, 88]}",88,"[352, 176, 88]","[88, 176, 352]",[0.14782528474792944],0.5149204645849499,COMPLETE
440,0.13938404242735958,2025-01-10 10:09:58.230923,2025-01-10 10:10:04.824422,0 days 00:00:06.593499,0.07036650406068813,40,0.30000000000000004,88,100,7.657033934232826e-06,824,0.0027552838507339146,4,3,adam,"{'neurons_per_layer_encoder': [88, 176, 352], 'neurons_per_layer_decoder': [352, 176, 88, 44]}",88,"[352, 176, 88, 44]","[88, 176, 352]",[0.13938404242735958],0.20982110167244641,COMPLETE
441,0.006337612183740848,2025-01-10 10:09:58.243054,2025-01-10 10:10:03.169337,0 days 00:00:04.926283,0.06443052704378259,40,0.30000000000000004,88,100,7.676391983428122e-06,824,0.0069417301913779796,4,3,adam,"{'neurons_per_layer_encoder': [88, 176, 352], 'neurons_per_layer_decoder': [352, 176, 88, 44]}",88,"[352, 176, 88, 44]","[88, 176, 352]",[0.006337612183740848],0.2554927741430639,COMPLETE
442,0.09270647821175637,2025-01-10 10:10:01.572994,2025-01-10 10:10:07.132244,0 days 00:00:05.559250,0.03198546947932635,56,0.30000000000000004,88,100,9.948742200218307e-06,824,0.0026297713665319957,4,3,adam,"{'neurons_per_layer_encoder': [88, 176, 352], 'neurons_per_layer_decoder': [352, 176, 88, 44]}",88,"[352, 176, 88, 44]","[88, 176, 352]",[0.09270647821175637],0.3286085715625899,COMPLETE
443,0.00769662382356695,2025-01-10 10:10:01.921504,2025-01-10 10:10:09.622848,0 days 00:00:07.701344,0.06834827815775453,40,0.30000000000000004,88,100,5.433440294748812e-06,840,0.0027411567102353855,4,3,adam,"{'neurons_per_layer_encoder': [88, 176, 352], 'neurons_per_layer_decoder': [352, 176, 88, 44]}",88,"[352, 176, 88, 44]","[88, 176, 352]",[0.00769662382356695],-0.08432479255677047,COMPLETE
444,0.16422435324554585,2025-01-10 10:10:03.180377,2025-01-10 10:10:09.719059,0 days 00:00:06.538682,0.06079929574146598,56,0.30000000000000004,88,100,0.00033731538272728615,856,0.0027014658089602804,4,3,adam,"{'neurons_per_layer_encoder': [88, 176, 352], 'neurons_per_layer_decoder': [352, 176, 88, 44]}",88,"[352, 176, 88, 44]","[88, 176, 352]",[0.16422435324554585],0.7153304229792522,COMPLETE
445,0.05561917618256196,2025-01-10 10:10:03.507896,2025-01-10 10:10:08.979134,0 days 00:00:05.471238,0.05753822085521275,56,0.30000000000000004,92,100,9.149601772528958e-06,856,0.002379352527313454,4,3,adam,"{'neurons_per_layer_encoder': [92, 184, 368], 'neurons_per_layer_decoder': [368, 184, 92, 46]}",92,"[368, 184, 92, 46]","[92, 184, 368]",[0.05561917618256196],0.21012367154320105,COMPLETE
446,-0.0011474112224638677,2025-01-10 10:10:04.834396,2025-01-10 10:10:09.712107,0 days 00:00:04.877711,0.06642526454183605,56,0.30000000000000004,92,100,1.0221829192650554e-05,904,0.0024947857660945366,4,3,adam,"{'neurons_per_layer_encoder': [92, 184, 368], 'neurons_per_layer_decoder': [368, 184, 92, 46]}",92,"[368, 184, 92, 46]","[92, 184, 368]",[-0.0011474112224638677],0.2366278871858788,COMPLETE
447,0.18387341558036585,2025-01-10 10:10:07.145053,2025-01-10 10:10:11.518559,0 days 00:00:04.373506,0.058167394714300436,32,0.30000000000000004,80,100,0.0005116956449765666,184,0.0063248199438592926,3,1,adam,"{'neurons_per_layer_encoder': [80], 'neurons_per_layer_decoder': [80, 40, 20]}",80,"[80, 40, 20]",[80],[0.18387341558036585],0.2956791892603487,COMPLETE
448,0.27196462391119924,2025-01-10 10:10:08.989551,2025-01-10 10:10:15.341134,0 days 00:00:06.351583,0.06027485807513389,32,0.30000000000000004,80,100,0.0005060991833493242,760,0.006233263355703605,3,3,adam,"{'neurons_per_layer_encoder': [80, 160, 320], 'neurons_per_layer_decoder': [320, 160, 80]}",80,"[320, 160, 80]","[80, 160, 320]",[0.27196462391119924],0.5536605598102428,COMPLETE
449,0.16740796347182862,2025-01-10 10:10:09.631842,2025-01-10 10:10:14.463607,0 days 00:00:04.831765,0.05814114138642018,32,0.30000000000000004,80,100,0.00035147718926926454,360,0.003510974902044394,3,2,adam,"{'neurons_per_layer_encoder': [80, 160], 'neurons_per_layer_decoder': [160, 80, 40]}",80,"[160, 80, 40]","[80, 160]",[0.16740796347182862],0.5964770559440079,COMPLETE
450,0.15085860223810732,2025-01-10 10:10:09.727604,2025-01-10 10:10:15.934084,0 days 00:00:06.206480,0.0493942455714901,32,0.30000000000000004,76,100,0.00047249572410625474,712,0.0037347203968465825,3,3,adam,"{'neurons_per_layer_encoder': [76, 152, 304], 'neurons_per_layer_decoder': [304, 152, 76]}",76,"[304, 152, 76]","[76, 152, 304]",[0.15085860223810732],0.6766472118179353,COMPLETE
451,0.13125527265082282,2025-01-10 10:10:09.737120,2025-01-10 10:10:14.410797,0 days 00:00:04.673677,0.05972134838818632,32,0.30000000000000004,80,100,0.0004893619238669182,344,0.0037035081849729847,3,2,adam,"{'neurons_per_layer_encoder': [80, 160], 'neurons_per_layer_decoder': [160, 80, 40]}",80,"[160, 80, 40]","[80, 160]",[0.13125527265082282],0.6599030530553145,COMPLETE
452,0.21126680181869628,2025-01-10 10:10:11.529054,2025-01-10 10:10:16.576099,0 days 00:00:05.047045,0.07407018663200733,32,0.30000000000000004,68,100,2.8590889068850872e-06,664,0.003735766621698346,4,3,adam,"{'neurons_per_layer_encoder': [68, 136, 272], 'neurons_per_layer_decoder': [272, 136, 68, 34]}",68,"[272, 136, 68, 34]","[68, 136, 272]",[0.21126680181869628],0.12620988718769832,COMPLETE
453,0.4213808696804495,2025-01-10 10:10:14.419922,2025-01-10 10:10:21.180157,0 days 00:00:06.760235,0.03325238981111229,32,0.30000000000000004,92,100,4.586371331470374e-06,1496,0.004393701593698204,4,5,adam,"{'neurons_per_layer_encoder': [92, 184, 368, 736, 1472], 'neurons_per_layer_decoder': [1472, 736, 368, 184]}",92,"[1472, 736, 368, 184]","[92, 184, 368, 736, 1472]",[0.4213808696804495],0.7732757007783948,COMPLETE
454,0.15418391903491402,2025-01-10 10:10:14.479319,2025-01-10 10:10:21.904770,0 days 00:00:07.425451,0.03226780381448022,64,0.30000000000000004,92,100,2.8638715100720105e-06,408,0.004381788245369039,4,3,adam,"{'neurons_per_layer_encoder': [92, 184, 368], 'neurons_per_layer_decoder': [368, 184, 92, 46]}",92,"[368, 184, 92, 46]","[92, 184, 368]",[0.15418391903491402],0.2091123051769597,COMPLETE
455,0.11278334988784411,2025-01-10 10:10:15.351191,2025-01-10 10:10:23.669891,0 days 00:00:08.318700,0.07547636100240662,32,0.30000000000000004,68,100,0.0005573519939604926,664,0.007870672877851759,3,3,adam,"{'neurons_per_layer_encoder': [68, 136, 272], 'neurons_per_layer_decoder': [272, 136, 68]}",68,"[272, 136, 68]","[68, 136, 272]",[0.11278334988784411],0.541913550104283,COMPLETE
456,0.26025056382150835,2025-01-10 10:10:15.945323,2025-01-10 10:10:20.440405,0 days 00:00:04.495082,0.06521396122837475,32,0.30000000000000004,84,100,4.609056571719338e-06,792,0.006810065654808212,3,3,adam,"{'neurons_per_layer_encoder': [84, 168, 336], 'neurons_per_layer_decoder': [336, 168, 84]}",84,"[336, 168, 84]","[84, 168, 336]",[0.26025056382150835],0.34116764250199283,COMPLETE
457,-0.06764210200167353,2025-01-10 10:10:16.584225,2025-01-10 10:10:22.833017,0 days 00:00:06.248792,0.0547634956667471,32,0.30000000000000004,76,100,4.184693981160883e-06,744,0.0055074092245532115,3,3,adam,"{'neurons_per_layer_encoder': [76, 152, 304], 'neurons_per_layer_decoder': [304, 152, 76]}",76,"[304, 152, 76]","[76, 152, 304]",[-0.06764210200167353],-0.07659242889379944,COMPLETE
458,-0.0016978994003300496,2025-01-10 10:10:20.452241,2025-01-10 10:10:28.533796,0 days 00:00:08.081555,0.06135129141153773,64,0.30000000000000004,92,100,0.0008334908498228917,408,0.00836207602413051,3,3,adam,"{'neurons_per_layer_encoder': [92, 184, 368], 'neurons_per_layer_decoder': [368, 184, 92]}",92,"[368, 184, 92]","[92, 184, 368]",[-0.0016978994003300496],0.6975038501372773,COMPLETE
459,0.06707535951798937,2025-01-10 10:10:21.190366,2025-01-10 10:10:24.401442,0 days 00:00:03.211076,0.06018147354490349,32,0.30000000000000004,92,100,4.172239460652299e-06,416,0.008080664117086982,4,2,adam,"{'neurons_per_layer_encoder': [92, 184], 'neurons_per_layer_decoder': [184, 92, 46, 23]}",92,"[184, 92, 46, 23]","[92, 184]",[0.06707535951798937],0.006650818401232888,COMPLETE
460,0.048280085573602194,2025-01-10 10:10:21.916185,2025-01-10 10:10:29.653818,0 days 00:00:07.737633,0.06357777143696478,32,0.30000000000000004,96,100,4.0853307315221825e-06,1560,0.005284595710017481,4,5,adam,"{'neurons_per_layer_encoder': [96, 192, 384, 768, 1536], 'neurons_per_layer_decoder': [1536, 768, 384, 192]}",96,"[1536, 768, 384, 192]","[96, 192, 384, 768, 1536]",[0.048280085573602194],0.6250425112681789,COMPLETE
461,0.087461669980614,2025-01-10 10:10:22.841577,2025-01-10 10:10:27.140940,0 days 00:00:04.299363,0.0625342998456936,32,0.30000000000000004,96,100,0.0005720061742947766,440,0.008173114707737619,4,2,sgd,"{'neurons_per_layer_encoder': [96, 192], 'neurons_per_layer_decoder': [192, 96, 48, 24]}",96,"[192, 96, 48, 24]","[96, 192]",[0.087461669980614],0.9401880707782606,COMPLETE
462,0.4092144541146786,2025-01-10 10:10:23.681399,2025-01-10 10:10:32.333049,0 days 00:00:08.651650,0.06369332533932945,32,0.30000000000000004,96,100,5.961229553718273e-06,424,0.000861475501237984,4,2,adam,"{'neurons_per_layer_encoder': [96, 192], 'neurons_per_layer_decoder': [192, 96, 48, 24]}",96,"[192, 96, 48, 24]","[96, 192]",[0.4092144541146786],0.4721036769788611,COMPLETE
463,0.04515580496308058,2025-01-10 10:10:24.411518,2025-01-10 10:10:38.018714,0 days 00:00:13.607196,0.06287803767834844,32,0.30000000000000004,96,100,5.7628844360010785e-06,1576,0.006293491888695098,4,5,sgd,"{'neurons_per_layer_encoder': [96, 192, 384, 768, 1536], 'neurons_per_layer_decoder': [1536, 768, 384, 192]}",96,"[1536, 768, 384, 192]","[96, 192, 384, 768, 1536]",[0.04515580496308058],0.6629850620831285,COMPLETE
464,0.1789958350049501,2025-01-10 10:10:27.158262,2025-01-10 10:10:38.310317,0 days 00:00:11.152055,0.06298943372305738,32,0.30000000000000004,96,100,4.890467159580543e-06,1560,0.004591628002456579,4,5,adam,"{'neurons_per_layer_encoder': [96, 192, 384, 768, 1536], 'neurons_per_layer_decoder': [1536, 768, 384, 192]}",96,"[1536, 768, 384, 192]","[96, 192, 384, 768, 1536]",[0.1789958350049501],0.689721923864363,COMPLETE
465,0.17444554728316242,2025-01-10 10:10:28.551321,2025-01-10 10:10:39.337946,0 days 00:00:10.786625,0.033527622350447976,32,0.30000000000000004,96,100,5.036435671739063e-06,1560,0.004601209278556375,4,5,adam,"{'neurons_per_layer_encoder': [96, 192, 384, 768, 1536], 'neurons_per_layer_decoder': [1536, 768, 384, 192]}",96,"[1536, 768, 384, 192]","[96, 192, 384, 768, 1536]",[0.17444554728316242],0.7127893788362827,COMPLETE
466,0.5478037497869384,2025-01-10 10:10:29.666204,2025-01-10 10:10:49.629319,0 days 00:00:19.963115,0.05436333408240038,32,0.30000000000000004,100,100,5.953923799237288e-06,1640,0.00644352943977368,4,5,adam,"{'neurons_per_layer_encoder': [100, 200, 400, 800, 1600], 'neurons_per_layer_decoder': [1600, 800, 400, 200]}",100,"[1600, 800, 400, 200]","[100, 200, 400, 800, 1600]",[0.5478037497869384],0.8244377852828101,COMPLETE
467,0.012062716018647168,2025-01-10 10:10:32.351497,2025-01-10 10:10:43.382664,0 days 00:00:11.031167,0.0698961778974037,32,0.30000000000000004,4,100,5.233235681222896e-06,134,0.0010903813635304066,4,5,adam,"{'neurons_per_layer_encoder': [4, 8, 16, 32, 64], 'neurons_per_layer_decoder': [64, 32, 16, 8]}",4,"[64, 32, 16, 8]","[4, 8, 16, 32, 64]",[0.012062716018647168],0.30479672106226513,COMPLETE
468,0.1886223721728576,2025-01-10 10:10:38.060008,2025-01-10 10:10:46.239153,0 days 00:00:08.179145,0.06902766190040824,32,0.30000000000000004,100,100,6.300705183908695e-06,480,0.004408165172710005,4,2,adam,"{'neurons_per_layer_encoder': [100, 200], 'neurons_per_layer_decoder': [200, 100, 50, 25]}",100,"[200, 100, 50, 25]","[100, 200]",[0.1886223721728576],0.17451448969647565,COMPLETE
469,0.05979113684909976,2025-01-10 10:10:38.326322,2025-01-10 10:10:43.538997,0 days 00:00:05.212675,0.02294637098220196,32,0.30000000000000004,100,100,6.228257370148862e-06,480,0.004271052039703829,4,2,adam,"{'neurons_per_layer_encoder': [100, 200], 'neurons_per_layer_decoder': [200, 100, 50, 25]}",100,"[200, 100, 50, 25]","[100, 200]",[0.05979113684909976],0.13866861653099777,COMPLETE
470,0.0067013321034845585,2025-01-10 10:10:39.350376,2025-01-10 10:10:44.634821,0 days 00:00:05.284445,0.036323986943391375,32,0.30000000000000004,100,100,6.392241638861279e-06,480,0.0007045069705936012,4,2,adam,"{'neurons_per_layer_encoder': [100, 200], 'neurons_per_layer_decoder': [200, 100, 50, 25]}",100,"[200, 100, 50, 25]","[100, 200]",[0.0067013321034845585],0.31946392683988695,COMPLETE
471,0.1646145676253865,2025-01-10 10:10:43.395390,2025-01-10 10:10:49.406057,0 days 00:00:06.010667,0.036198945503728756,32,0.30000000000000004,100,100,6.674046420849651e-06,384,0.001242603072612811,4,2,adam,"{'neurons_per_layer_encoder': [100, 200], 'neurons_per_layer_decoder': [200, 100, 50, 25]}",100,"[200, 100, 50, 25]","[100, 200]",[0.1646145676253865],0.37255597180433975,COMPLETE
472,0.3777134800151082,2025-01-10 10:10:43.554569,2025-01-10 10:10:52.187327,0 days 00:00:08.632758,0.05570562854912294,32,0.30000000000000004,100,100,6.492245383174582e-06,464,0.0010374379632522729,4,2,adam,"{'neurons_per_layer_encoder': [100, 200], 'neurons_per_layer_decoder': [200, 100, 50, 25]}",100,"[200, 100, 50, 25]","[100, 200]",[0.3777134800151082],0.4379994378314382,COMPLETE
473,0.21457720409179915,2025-01-10 10:10:44.644558,2025-01-10 10:10:51.611803,0 days 00:00:06.967245,0.03478482115625001,32,0.30000000000000004,92,100,4.49714589850729e-06,432,0.0005510722526865527,4,2,adam,"{'neurons_per_layer_encoder': [92, 184], 'neurons_per_layer_decoder': [184, 92, 46, 23]}",92,"[184, 92, 46, 23]","[92, 184]",[0.21457720409179915],0.41694782683037906,COMPLETE
474,0.33578039634698276,2025-01-10 10:10:46.252565,2025-01-10 10:10:52.444593,0 days 00:00:06.192028,0.05523318880096197,64,0.30000000000000004,84,100,7.1092612108376025e-06,384,0.001394937472400349,4,2,adam,"{'neurons_per_layer_encoder': [84, 168], 'neurons_per_layer_decoder': [168, 84, 42, 21]}",84,"[168, 84, 42, 21]","[84, 168]",[0.33578039634698276],0.43393200522418257,COMPLETE
475,0.045566184811075106,2025-01-10 10:10:49.422289,2025-01-10 10:10:54.338975,0 days 00:00:04.916686,0.05469461127355621,64,0.30000000000000004,92,100,4.480692921431578e-06,432,0.0005694960645107744,4,2,adam,"{'neurons_per_layer_encoder': [92, 184], 'neurons_per_layer_decoder': [184, 92, 46, 23]}",92,"[184, 92, 46, 23]","[92, 184]",[0.045566184811075106],0.31089648110314155,COMPLETE
476,0.3301127370625745,2025-01-10 10:10:49.642493,2025-01-10 10:10:55.950776,0 days 00:00:06.308283,0.05316525225475315,32,0.30000000000000004,160,100,1.8112639548621269e-06,776,0.0010513747403376017,4,2,adam,"{'neurons_per_layer_encoder': [160, 320], 'neurons_per_layer_decoder': [320, 160, 80, 40]}",160,"[320, 160, 80, 40]","[160, 320]",[0.3301127370625745],0.3446045042637049,COMPLETE
