number,value,datetime_start,datetime_complete,duration,params_alpha,params_batch_size,params_drop_out_rate,params_encoder_neurons_layer_1,params_epochs,params_lambda,params_latent_dim,params_learning_rate,params_num_layers_decoder,params_num_layers_encoder,params_optimizer,user_attrs_encoder_decoder_config,user_attrs_first_layer_neurons,user_attrs_neurons_per_layer_decoder,user_attrs_neurons_per_layer_encoder,user_attrs_r2_feature_1,user_attrs_relative_deterioration,state
917,-0.0018174362903422558,2025-01-10 10:49:47.716434,2025-01-10 10:49:53.624903,0 days 00:00:05.908469,0.16909289151820447,32,0.30000000000000004,140,100,7.3928381329886725e-06,656,0.00047641438049235885,4,2,adam,"{'neurons_per_layer_encoder': [140, 280], 'neurons_per_layer_decoder': [280, 140, 70, 35]}",140,"[280, 140, 70, 35]","[140, 280]",[-0.0018174362903422558],0.2746550190040439,COMPLETE
918,0.38735321068274475,2025-01-10 10:49:48.376797,2025-01-10 10:49:54.425041,0 days 00:00:06.048244,0.17863002500990896,32,0.30000000000000004,156,100,7.271639666659472e-06,656,0.0006868782113793359,4,2,adam,"{'neurons_per_layer_encoder': [156, 312], 'neurons_per_layer_decoder': [312, 156, 78, 39]}",156,"[312, 156, 78, 39]","[156, 312]",[0.38735321068274475],0.5226923783403759,COMPLETE
919,0.432370061944537,2025-01-10 10:49:48.871943,2025-01-10 10:49:54.773947,0 days 00:00:05.902004,0.07150250793009763,32,0.30000000000000004,140,100,7.17357213660737e-06,656,0.00047986142953305067,4,2,adam,"{'neurons_per_layer_encoder': [140, 280], 'neurons_per_layer_decoder': [280, 140, 70, 35]}",140,"[280, 140, 70, 35]","[140, 280]",[0.432370061944537],0.5650790318303859,COMPLETE
920,0.37374550143315544,2025-01-10 10:49:51.538490,2025-01-10 10:49:57.505781,0 days 00:00:05.967291,0.06320330912723358,32,0.30000000000000004,140,100,7.176578988040408e-06,656,0.00017785924051968893,4,2,adam,"{'neurons_per_layer_encoder': [140, 280], 'neurons_per_layer_decoder': [280, 140, 70, 35]}",140,"[280, 140, 70, 35]","[140, 280]",[0.37374550143315544],0.6120546992844664,COMPLETE
921,0.3829245329944462,2025-01-10 10:49:52.041935,2025-01-10 10:49:57.957100,0 days 00:00:05.915165,0.1879104527641282,32,0.30000000000000004,156,100,1.1199279079243682e-05,656,0.0007208462208126769,4,2,adam,"{'neurons_per_layer_encoder': [156, 312], 'neurons_per_layer_decoder': [312, 156, 78, 39]}",156,"[312, 156, 78, 39]","[156, 312]",[0.3829245329944462],0.528562793414647,COMPLETE
922,-0.22766106122198781,2025-01-10 10:49:53.635256,2025-01-10 10:49:56.803896,0 days 00:00:03.168640,0.0653820095341746,32,0.30000000000000004,156,100,3.3310180541653506e-06,656,0.0007201178005147321,4,2,adam,"{'neurons_per_layer_encoder': [156, 312], 'neurons_per_layer_decoder': [312, 156, 78, 39]}",156,"[312, 156, 78, 39]","[156, 312]",[-0.22766106122198781],0.19226490389773934,COMPLETE
923,-0.21707343954694358,2025-01-10 10:49:54.435280,2025-01-10 10:49:57.503288,0 days 00:00:03.068008,0.16632797866496363,32,0.30000000000000004,140,100,6.392315212198731e-06,656,0.00017344597000652347,4,2,adam,"{'neurons_per_layer_encoder': [140, 280], 'neurons_per_layer_decoder': [280, 140, 70, 35]}",140,"[280, 140, 70, 35]","[140, 280]",[-0.21707343954694358],0.3721405492904549,COMPLETE
924,0.051857404237162785,2025-01-10 10:49:54.783574,2025-01-10 10:49:59.605957,0 days 00:00:04.822383,0.191690580504726,32,0.30000000000000004,140,100,3.223518881839509e-06,672,0.0006801377125940534,4,2,adam,"{'neurons_per_layer_encoder': [140, 280], 'neurons_per_layer_decoder': [280, 140, 70, 35]}",140,"[280, 140, 70, 35]","[140, 280]",[0.051857404237162785],0.29007326301781977,COMPLETE
925,0.3199689145588308,2025-01-10 10:49:56.813372,2025-01-10 10:50:03.050196,0 days 00:00:06.236824,0.14197791340695878,32,0.30000000000000004,140,100,1.1406035338143265e-05,672,0.0007015892007693014,4,2,adam,"{'neurons_per_layer_encoder': [140, 280], 'neurons_per_layer_decoder': [280, 140, 70, 35]}",140,"[280, 140, 70, 35]","[140, 280]",[0.3199689145588308],0.49758611098914907,COMPLETE
926,0.4649571306451854,2025-01-10 10:49:57.514102,2025-01-10 10:50:03.286682,0 days 00:00:05.772580,0.11220179061780684,32,0.30000000000000004,124,100,1.0815671078087323e-05,464,0.000664532688976408,4,2,adam,"{'neurons_per_layer_encoder': [124, 248], 'neurons_per_layer_decoder': [248, 124, 62, 31]}",124,"[248, 124, 62, 31]","[124, 248]",[0.4649571306451854],0.6304698519730915,COMPLETE
927,0.2988065166245687,2025-01-10 10:49:57.514909,2025-01-10 10:50:03.330444,0 days 00:00:05.815535,0.15721883322398988,32,0.30000000000000004,124,100,1.0654888117857854e-05,464,0.0004105908817499052,4,2,adam,"{'neurons_per_layer_encoder': [124, 248], 'neurons_per_layer_decoder': [248, 124, 62, 31]}",124,"[248, 124, 62, 31]","[124, 248]",[0.2988065166245687],0.5280287872766375,COMPLETE
928,0.45119733948895957,2025-01-10 10:49:57.967987,2025-01-10 10:50:03.956264,0 days 00:00:05.988277,0.13788452143156857,32,0.30000000000000004,124,100,1.155388607701619e-05,592,0.00043385462873246747,4,2,adam,"{'neurons_per_layer_encoder': [124, 248], 'neurons_per_layer_decoder': [248, 124, 62, 31]}",124,"[248, 124, 62, 31]","[124, 248]",[0.45119733948895957],0.6480278587027455,COMPLETE
929,0.46337386768061684,2025-01-10 10:49:59.618105,2025-01-10 10:50:05.629744,0 days 00:00:06.011639,0.17437092107942323,32,0.30000000000000004,124,100,1.1217359962186378e-05,592,0.0004297832735318474,4,2,adam,"{'neurons_per_layer_encoder': [124, 248], 'neurons_per_layer_decoder': [248, 124, 62, 31]}",124,"[248, 124, 62, 31]","[124, 248]",[0.46337386768061684],0.6293729667413507,COMPLETE
930,-0.1497814492935885,2025-01-10 10:50:03.062171,2025-01-10 10:50:05.207477,0 days 00:00:02.145306,0.16734680089905613,32,0.30000000000000004,124,100,1.035977360984614e-05,592,0.00043591184532840383,4,2,sgd,"{'neurons_per_layer_encoder': [124, 248], 'neurons_per_layer_decoder': [248, 124, 62, 31]}",124,"[248, 124, 62, 31]","[124, 248]",[-0.1497814492935885],0.5263051905046017,COMPLETE
931,-1.7563888986449663,2025-01-10 10:50:03.297019,2025-01-10 10:50:05.176893,0 days 00:00:01.879874,0.11317513881139916,32,0.30000000000000004,152,100,4.21073434348372e-06,632,0.0004160360516339741,4,2,sgd,"{'neurons_per_layer_encoder': [152, 304], 'neurons_per_layer_decoder': [304, 152, 76, 38]}",152,"[304, 152, 76, 38]","[152, 304]",[-1.7563888986449663],0.2817102549911928,COMPLETE
932,-0.03418132641175298,2025-01-10 10:50:03.345635,2025-01-10 10:50:06.785178,0 days 00:00:03.439543,0.16500648962307285,32,0.30000000000000004,152,100,6.27072336688456e-06,632,0.0004806405063426089,4,2,sgd,"{'neurons_per_layer_encoder': [152, 304], 'neurons_per_layer_decoder': [304, 152, 76, 38]}",152,"[304, 152, 76, 38]","[152, 304]",[-0.03418132641175298],0.5952478011213246,COMPLETE
933,-0.09802199438374037,2025-01-10 10:50:03.969126,2025-01-10 10:50:06.521253,0 days 00:00:02.552127,0.06918701889348775,32,0.30000000000000004,152,100,8.498474957278628e-06,632,0.0005378310473090196,4,2,sgd,"{'neurons_per_layer_encoder': [152, 304], 'neurons_per_layer_decoder': [304, 152, 76, 38]}",152,"[304, 152, 76, 38]","[152, 304]",[-0.09802199438374037],0.5153624256711016,COMPLETE
934,-0.08464941006695703,2025-01-10 10:50:05.190331,2025-01-10 10:50:10.055537,0 days 00:00:04.865206,0.1905320013764013,32,0.30000000000000004,132,100,8.511951306300529e-06,640,0.000518806831427537,1,2,adam,"{'neurons_per_layer_encoder': [132, 264], 'neurons_per_layer_decoder': [264]}",132,[264],"[132, 264]",[-0.08464941006695703],0.07171789165208588,COMPLETE
935,0.5980367816299649,2025-01-10 10:50:05.226450,2025-01-10 10:50:10.901609,0 days 00:00:05.675159,0.06239453535529276,32,0.30000000000000004,132,100,8.4200632630994e-06,640,0.0005317231730342005,4,2,adam,"{'neurons_per_layer_encoder': [132, 264], 'neurons_per_layer_decoder': [264, 132, 66, 33]}",132,"[264, 132, 66, 33]","[132, 264]",[0.5980367816299649],0.7188297534885016,COMPLETE
936,0.2646990483215632,2025-01-10 10:50:05.639828,2025-01-10 10:50:11.036566,0 days 00:00:05.396738,0.18726712925581476,32,0.30000000000000004,132,100,9.192717786102826e-06,448,0.0005288823520880353,4,2,adam,"{'neurons_per_layer_encoder': [132, 264], 'neurons_per_layer_decoder': [264, 132, 66, 33]}",132,"[264, 132, 66, 33]","[132, 264]",[0.2646990483215632],0.4471404673022486,COMPLETE
937,0.03736526669943607,2025-01-10 10:50:06.529734,2025-01-10 10:50:10.915112,0 days 00:00:04.385378,0.06363434771844828,80,0.30000000000000004,144,100,6.2007734609635405e-06,632,0.00048825313008467325,4,2,adam,"{'neurons_per_layer_encoder': [144, 288], 'neurons_per_layer_decoder': [288, 144, 72, 36]}",144,"[288, 144, 72, 36]","[144, 288]",[0.03736526669943607],0.20035349908219918,COMPLETE
938,0.05386731011587331,2025-01-10 10:50:06.793788,2025-01-10 10:50:10.767728,0 days 00:00:03.973940,0.06421702791302877,40,0.30000000000000004,132,100,8.299082769231083e-06,640,0.0005482036338600362,4,2,adam,"{'neurons_per_layer_encoder': [132, 264], 'neurons_per_layer_decoder': [264, 132, 66, 33]}",132,"[264, 132, 66, 33]","[132, 264]",[0.05386731011587331],0.363570655802674,COMPLETE
939,0.19133462328610873,2025-01-10 10:50:10.067204,2025-01-10 10:50:15.574891,0 days 00:00:05.507687,0.18384282246978745,40,0.30000000000000004,144,100,6.088904500690616e-06,680,0.0006167486700645521,4,2,adam,"{'neurons_per_layer_encoder': [144, 288], 'neurons_per_layer_decoder': [288, 144, 72, 36]}",144,"[288, 144, 72, 36]","[144, 288]",[0.19133462328610873],0.34968658133348673,COMPLETE
940,-0.9629764762568747,2025-01-10 10:50:10.777394,2025-01-10 10:50:14.412214,0 days 00:00:03.634820,0.18203010840628095,32,0.30000000000000004,144,100,6.124731220526305e-06,488,0.0005997964127513683,4,2,adadelta,"{'neurons_per_layer_encoder': [144, 288], 'neurons_per_layer_decoder': [288, 144, 72, 36]}",144,"[288, 144, 72, 36]","[144, 288]",[-0.9629764762568747],0.559668173957096,COMPLETE
941,0.46236076478646415,2025-01-10 10:50:10.919570,2025-01-10 10:50:17.213670,0 days 00:00:06.294100,0.1985319781158167,32,0.30000000000000004,132,100,5.636532488658528e-06,640,0.000590842650050556,4,2,adam,"{'neurons_per_layer_encoder': [132, 264], 'neurons_per_layer_decoder': [264, 132, 66, 33]}",132,"[264, 132, 66, 33]","[132, 264]",[0.46236076478646415],0.5286971227028162,COMPLETE
942,0.03512684230282004,2025-01-10 10:50:10.927605,2025-01-10 10:50:14.652643,0 days 00:00:03.725038,0.06778167918400982,32,0.30000000000000004,132,100,5.717506465154529e-06,640,0.0006327272318324194,4,2,adam,"{'neurons_per_layer_encoder': [132, 264], 'neurons_per_layer_decoder': [264, 132, 66, 33]}",132,"[264, 132, 66, 33]","[132, 264]",[0.03512684230282004],0.30832555723362576,COMPLETE
943,0.39965574423301087,2025-01-10 10:50:11.053915,2025-01-10 10:50:16.601318,0 days 00:00:05.547403,0.06836993337942576,32,0.30000000000000004,132,100,6.267551930564125e-06,640,0.0006037945766619657,4,2,adam,"{'neurons_per_layer_encoder': [132, 264], 'neurons_per_layer_decoder': [264, 132, 66, 33]}",132,"[264, 132, 66, 33]","[132, 264]",[0.39965574423301087],0.5470521257514575,COMPLETE
944,0.3187941441812757,2025-01-10 10:50:14.422009,2025-01-10 10:50:20.102501,0 days 00:00:05.680492,0.06819258770715715,32,0.30000000000000004,132,100,5.492690546435902e-06,640,0.0006487805430904678,4,2,adam,"{'neurons_per_layer_encoder': [132, 264], 'neurons_per_layer_decoder': [264, 132, 66, 33]}",132,"[264, 132, 66, 33]","[132, 264]",[0.3187941441812757],0.3927228563879704,COMPLETE
945,0.38414993170274014,2025-01-10 10:50:14.662457,2025-01-10 10:50:19.964481,0 days 00:00:05.302024,0.07295421805594383,40,0.30000000000000004,132,100,7.728049539477585e-06,640,0.0006472055556484387,4,2,adam,"{'neurons_per_layer_encoder': [132, 264], 'neurons_per_layer_decoder': [264, 132, 66, 33]}",132,"[264, 132, 66, 33]","[132, 264]",[0.38414993170274014],0.5113916886874119,COMPLETE
946,0.23079872692949932,2025-01-10 10:50:15.585051,2025-01-10 10:50:21.290161,0 days 00:00:05.705110,0.07285136848921839,32,0.30000000000000004,132,100,7.75347413698296e-06,640,0.0008085842535289883,4,2,adam,"{'neurons_per_layer_encoder': [132, 264], 'neurons_per_layer_decoder': [264, 132, 66, 33]}",132,"[264, 132, 66, 33]","[132, 264]",[0.23079872692949932],0.3134497098949813,COMPLETE
947,-0.22259817070867105,2025-01-10 10:50:16.611382,2025-01-10 10:50:19.642900,0 days 00:00:03.031518,0.06132297631683371,32,0.30000000000000004,120,100,7.595786113016251e-06,520,0.00037735675206267166,4,2,adam,"{'neurons_per_layer_encoder': [120, 240], 'neurons_per_layer_decoder': [240, 120, 60, 30]}",120,"[240, 120, 60, 30]","[120, 240]",[-0.22259817070867105],0.5282056634709896,COMPLETE
948,0.49204049850030296,2025-01-10 10:50:17.223848,2025-01-10 10:50:23.153193,0 days 00:00:05.929345,0.07313490978246434,32,0.30000000000000004,160,100,7.499827665778666e-06,520,0.0007938467856184193,4,2,adam,"{'neurons_per_layer_encoder': [160, 320], 'neurons_per_layer_decoder': [320, 160, 80, 40]}",160,"[320, 160, 80, 40]","[160, 320]",[0.49204049850030296],0.6200384527972224,COMPLETE
949,0.2830649487641075,2025-01-10 10:50:19.653229,2025-01-10 10:50:25.562352,0 days 00:00:05.909123,0.07652532752016629,32,0.30000000000000004,136,100,7.86348289209051e-06,664,0.0007404643662143233,4,2,adam,"{'neurons_per_layer_encoder': [136, 272], 'neurons_per_layer_decoder': [272, 136, 68, 34]}",136,"[272, 136, 68, 34]","[136, 272]",[0.2830649487641075],0.45996292260461297,COMPLETE
950,0.4030826376302007,2025-01-10 10:50:19.974182,2025-01-10 10:50:25.872887,0 days 00:00:05.898705,0.06244486263146364,32,0.30000000000000004,136,100,4.283232911230925e-06,664,0.0007821764909180083,4,2,adam,"{'neurons_per_layer_encoder': [136, 272], 'neurons_per_layer_decoder': [272, 136, 68, 34]}",136,"[272, 136, 68, 34]","[136, 272]",[0.4030826376302007],0.47530347928705324,COMPLETE
951,0.3988683344507604,2025-01-10 10:50:20.112844,2025-01-10 10:50:26.038437,0 days 00:00:05.925593,0.07841216919880312,32,0.30000000000000004,136,100,4.491403331593626e-06,664,0.0007122199790134982,4,2,adam,"{'neurons_per_layer_encoder': [136, 272], 'neurons_per_layer_decoder': [272, 136, 68, 34]}",136,"[272, 136, 68, 34]","[136, 272]",[0.3988683344507604],0.4981612995858011,COMPLETE
952,0.21262877695946003,2025-01-10 10:50:21.298679,2025-01-10 10:50:26.817106,0 days 00:00:05.518427,0.0630345372327362,32,0.30000000000000004,116,100,6.878496172643249e-06,448,0.0007214432165575162,4,2,adam,"{'neurons_per_layer_encoder': [116, 232], 'neurons_per_layer_decoder': [232, 116, 58, 29]}",116,"[232, 116, 58, 29]","[116, 232]",[0.21262877695946003],0.3607295702321921,COMPLETE
953,0.15667629740972377,2025-01-10 10:50:23.164279,2025-01-10 10:50:28.498280,0 days 00:00:05.334001,0.07168197921068498,32,0.30000000000000004,160,100,6.8963504762273175e-06,504,0.0007952188855474472,4,2,adam,"{'neurons_per_layer_encoder': [160, 320], 'neurons_per_layer_decoder': [320, 160, 80, 40]}",160,"[320, 160, 80, 40]","[160, 320]",[0.15667629740972377],0.34477320795956734,COMPLETE
954,-1.4973585813095909,2025-01-10 10:50:25.572721,2025-01-10 10:50:28.225291,0 days 00:00:02.652570,0.07838680634468853,32,0.30000000000000004,160,100,6.987786713402147e-06,360,8.147107077758446e-05,4,1,adam,"{'neurons_per_layer_encoder': [160], 'neurons_per_layer_decoder': [160, 80, 40, 20]}",160,"[160, 80, 40, 20]",[160],[-1.4973585813095909],0.2917811620430646,COMPLETE
955,0.04145799226232705,2025-01-10 10:50:25.884409,2025-01-10 10:50:30.176002,0 days 00:00:04.291593,0.08117527418788952,32,0.30000000000000004,160,100,6.621376637725343e-06,536,0.0008688087343280525,4,2,adam,"{'neurons_per_layer_encoder': [160, 320], 'neurons_per_layer_decoder': [320, 160, 80, 40]}",160,"[320, 160, 80, 40]","[160, 320]",[0.04145799226232705],0.3489538035103514,COMPLETE
956,0.24742445289008408,2025-01-10 10:50:26.049315,2025-01-10 10:50:31.693545,0 days 00:00:05.644230,0.07945861582683253,40,0.30000000000000004,156,100,6.7074008789694796e-06,528,0.0007552881853082652,4,2,adam,"{'neurons_per_layer_encoder': [156, 312], 'neurons_per_layer_decoder': [312, 156, 78, 39]}",156,"[312, 156, 78, 39]","[156, 312]",[0.24742445289008408],0.3114103914255548,COMPLETE
957,0.09588172150743413,2025-01-10 10:50:26.828707,2025-01-10 10:50:31.143306,0 days 00:00:04.314599,0.0876738750343317,32,0.30000000000000004,160,100,6.7826844169433945e-06,520,0.0008573850622925296,4,2,adam,"{'neurons_per_layer_encoder': [160, 320], 'neurons_per_layer_decoder': [320, 160, 80, 40]}",160,"[320, 160, 80, 40]","[160, 320]",[0.09588172150743413],0.4196201193704168,COMPLETE
958,0.06069812806034569,2025-01-10 10:50:28.235652,2025-01-10 10:50:34.280764,0 days 00:00:06.045112,0.08901795567358614,32,0.30000000000000004,160,100,6.693595630463063e-06,520,0.0008762565159369256,4,2,adam,"{'neurons_per_layer_encoder': [160, 320], 'neurons_per_layer_decoder': [320, 160, 80, 40]}",160,"[320, 160, 80, 40]","[160, 320]",[0.06069812806034569],0.2018216842713184,COMPLETE
959,0.19116544740157193,2025-01-10 10:50:28.508656,2025-01-10 10:50:33.160249,0 days 00:00:04.651593,0.08871311331236845,40,0.30000000000000004,160,100,4.9667719953355595e-06,520,0.0009545405254985332,4,2,adam,"{'neurons_per_layer_encoder': [160, 320], 'neurons_per_layer_decoder': [320, 160, 80, 40]}",160,"[320, 160, 80, 40]","[160, 320]",[0.19116544740157193],0.2788449493032838,COMPLETE
960,0.017243983868459378,2025-01-10 10:50:30.186390,2025-01-10 10:50:35.118835,0 days 00:00:04.932445,0.010924219758372605,40,0.30000000000000004,160,100,8.225049751994352e-06,504,0.0008746359225649588,4,2,adadelta,"{'neurons_per_layer_encoder': [160, 320], 'neurons_per_layer_decoder': [320, 160, 80, 40]}",160,"[320, 160, 80, 40]","[160, 320]",[0.017243983868459378],0.6060879925924471,COMPLETE
961,-0.7587857536961078,2025-01-10 10:50:31.154240,2025-01-10 10:50:34.127945,0 days 00:00:02.973705,0.07505123380320892,40,0.30000000000000004,156,100,5.099700813741568e-06,512,0.0003313365242868323,4,2,adadelta,"{'neurons_per_layer_encoder': [156, 312], 'neurons_per_layer_decoder': [312, 156, 78, 39]}",156,"[312, 156, 78, 39]","[156, 312]",[-0.7587857536961078],0.434064376156058,COMPLETE
962,0.04658639171588108,2025-01-10 10:50:31.704065,2025-01-10 10:50:35.927634,0 days 00:00:04.223569,0.06862149786380266,40,0.30000000000000004,164,100,4.872380383298645e-06,512,0.0010152659953081079,4,2,adam,"{'neurons_per_layer_encoder': [164, 328], 'neurons_per_layer_decoder': [328, 164, 82, 41]}",164,"[328, 164, 82, 41]","[164, 328]",[0.04658639171588108],0.07567675370964283,COMPLETE
963,0.135397376564514,2025-01-10 10:50:33.171292,2025-01-10 10:50:37.791782,0 days 00:00:04.620490,0.07334639880354983,32,0.30000000000000004,152,100,8.589510969912305e-06,504,0.00032611135263421796,4,2,adam,"{'neurons_per_layer_encoder': [152, 304], 'neurons_per_layer_decoder': [304, 152, 76, 38]}",152,"[304, 152, 76, 38]","[152, 304]",[0.135397376564514],0.5694527613036008,COMPLETE
964,0.3915320024730147,2025-01-10 10:50:34.137152,2025-01-10 10:50:40.054398,0 days 00:00:05.917246,0.07074182777060116,32,0.30000000000000004,164,100,8.029511991526278e-06,512,0.0003739730848377678,4,2,adam,"{'neurons_per_layer_encoder': [164, 328], 'neurons_per_layer_decoder': [328, 164, 82, 41]}",164,"[328, 164, 82, 41]","[164, 328]",[0.3915320024730147],0.5902843139408283,COMPLETE
965,0.2694180472175203,2025-01-10 10:50:34.292203,2025-01-10 10:50:40.055099,0 days 00:00:05.762896,0.07254883475283216,32,0.30000000000000004,152,100,8.364851600364396e-06,504,0.0004700391970433006,4,2,adam,"{'neurons_per_layer_encoder': [152, 304], 'neurons_per_layer_decoder': [304, 152, 76, 38]}",152,"[304, 152, 76, 38]","[152, 304]",[0.2694180472175203],0.5144615532720265,COMPLETE
966,0.45735957808620076,2025-01-10 10:50:35.129068,2025-01-10 10:50:41.018897,0 days 00:00:05.889829,0.06847478757447191,32,0.30000000000000004,152,100,8.600775035404238e-06,488,0.00047730221446034036,4,2,adam,"{'neurons_per_layer_encoder': [152, 304], 'neurons_per_layer_decoder': [304, 152, 76, 38]}",152,"[304, 152, 76, 38]","[152, 304]",[0.45735957808620076],0.6454809261756915,COMPLETE
967,0.24706779558005798,2025-01-10 10:50:35.937957,2025-01-10 10:50:40.901988,0 days 00:00:04.964031,0.07342949735995977,32,0.30000000000000004,152,100,8.361902617655257e-06,504,0.00045119513261329816,4,2,adam,"{'neurons_per_layer_encoder': [152, 304], 'neurons_per_layer_decoder': [304, 152, 76, 38]}",152,"[304, 152, 76, 38]","[152, 304]",[0.24706779558005798],0.5430351711756694,COMPLETE
968,-0.007204280122986129,2025-01-10 10:50:37.802442,2025-01-10 10:50:41.328672,0 days 00:00:03.526230,0.06686743009125555,32,0.30000000000000004,148,100,5.628850159367081e-06,480,0.0004714465786245157,4,2,adam,"{'neurons_per_layer_encoder': [148, 296], 'neurons_per_layer_decoder': [296, 148, 74, 37]}",148,"[296, 148, 74, 37]","[148, 296]",[-0.007204280122986129],0.37368964861385895,COMPLETE
969,0.422904906255693,2025-01-10 10:50:40.066206,2025-01-10 10:50:45.889423,0 days 00:00:05.823217,0.06094244791773337,32,0.30000000000000004,148,100,3.884793536556712e-06,496,0.000675886135981198,4,2,adam,"{'neurons_per_layer_encoder': [148, 296], 'neurons_per_layer_decoder': [296, 148, 74, 37]}",148,"[296, 148, 74, 37]","[148, 296]",[0.422904906255693],0.4846236831246495,COMPLETE
970,0.17037721086546054,2025-01-10 10:50:40.066308,2025-01-10 10:50:46.674974,0 days 00:00:06.608666,0.06110317964948834,32,0.30000000000000004,148,100,3.846520894344004e-06,480,0.000677667924425184,4,2,adam,"{'neurons_per_layer_encoder': [148, 296], 'neurons_per_layer_decoder': [296, 148, 74, 37]}",148,"[296, 148, 74, 37]","[148, 296]",[0.17037721086546054],0.3113565906383668,COMPLETE
971,0.5895946134264944,2025-01-10 10:50:40.911813,2025-01-10 10:50:46.782759,0 days 00:00:05.870946,0.04116232768067395,32,0.30000000000000004,148,100,3.7628848125087656e-06,688,0.0007049394684487262,4,2,adam,"{'neurons_per_layer_encoder': [148, 296], 'neurons_per_layer_decoder': [296, 148, 74, 37]}",148,"[296, 148, 74, 37]","[148, 296]",[0.5895946134264944],0.6163035077107585,COMPLETE
