number,value,datetime_start,datetime_complete,duration,params_alpha,params_batch_size,params_drop_out_rate,params_encoder_neurons_layer_1,params_epochs,params_lambda,params_latent_dim,params_learning_rate,params_num_layers_decoder,params_num_layers_encoder,params_optimizer,user_attrs_encoder_decoder_config,user_attrs_first_layer_neurons,user_attrs_neurons_per_layer_decoder,user_attrs_neurons_per_layer_encoder,user_attrs_r2_feature_1,user_attrs_relative_deterioration,state
267,0.03317976617831453,2025-01-10 10:02:48.458676,2025-01-10 10:02:56.269631,0 days 00:00:07.810955,0.0680398059593427,40,0.30000000000000004,96,100,4.7444892463512385e-06,840,0.0023589384624782064,4,4,adam,"{'neurons_per_layer_encoder': [96, 192, 384, 768], 'neurons_per_layer_decoder': [768, 384, 192, 96]}",96,"[768, 384, 192, 96]","[96, 192, 384, 768]",[0.03317976617831453],0.26120653238667707,COMPLETE
268,-0.17231870546313677,2025-01-10 10:02:48.946494,2025-01-10 10:02:55.553289,0 days 00:00:06.606795,0.032664128213144204,80,0.30000000000000004,100,100,4.911226746710239e-06,840,0.0028201152759314433,4,4,adam,"{'neurons_per_layer_encoder': [100, 200, 400, 800], 'neurons_per_layer_decoder': [800, 400, 200, 100]}",100,"[800, 400, 200, 100]","[100, 200, 400, 800]",[-0.17231870546313677],0.10124808721048922,COMPLETE
269,-0.2689385427388027,2025-01-10 10:02:55.562699,2025-01-10 10:03:01.825124,0 days 00:00:06.262425,0.06905065737586458,40,0.30000000000000004,96,100,4.000169843283176e-06,824,0.002344809266821669,4,4,adam,"{'neurons_per_layer_encoder': [96, 192, 384, 768], 'neurons_per_layer_decoder': [768, 384, 192, 96]}",96,"[768, 384, 192, 96]","[96, 192, 384, 768]",[-0.2689385427388027],-0.02642053779973653,COMPLETE
270,-0.2653438447337215,2025-01-10 10:02:55.616432,2025-01-10 10:03:04.068944,0 days 00:00:08.452512,0.04190461187076053,40,0.30000000000000004,96,100,3.595142243414656e-06,824,0.0025380257331237117,4,4,adam,"{'neurons_per_layer_encoder': [96, 192, 384, 768], 'neurons_per_layer_decoder': [768, 384, 192, 96]}",96,"[768, 384, 192, 96]","[96, 192, 384, 768]",[-0.2653438447337215],-0.11621624866912249,COMPLETE
271,0.18814251363244727,2025-01-10 10:02:55.708496,2025-01-10 10:03:02.995212,0 days 00:00:07.286716,0.05901024506613239,48,0.30000000000000004,112,100,4.399949739652488e-06,920,0.002331525477681706,4,4,adam,"{'neurons_per_layer_encoder': [112, 224, 448, 896], 'neurons_per_layer_decoder': [896, 448, 224, 112]}",112,"[896, 448, 224, 112]","[112, 224, 448, 896]",[0.18814251363244727],0.3797174152220027,COMPLETE
272,-0.04487273929380975,2025-01-10 10:02:56.279480,2025-01-10 10:03:05.078503,0 days 00:00:08.799023,0.04191243212455491,32,0.30000000000000004,112,100,7.496572960637907e-06,2056,0.0030124972052052827,4,4,adadelta,"{'neurons_per_layer_encoder': [112, 224, 448, 896], 'neurons_per_layer_decoder': [896, 448, 224, 112]}",112,"[896, 448, 224, 112]","[112, 224, 448, 896]",[-0.04487273929380975],0.7064429557884692,COMPLETE
273,0.3102355550426791,2025-01-10 10:02:58.396829,2025-01-10 10:03:13.045739,0 days 00:00:14.648910,0.06049011872449195,48,0.30000000000000004,112,100,5.962618452796991e-06,1992,0.002900424635752727,4,4,adadelta,"{'neurons_per_layer_encoder': [112, 224, 448, 896], 'neurons_per_layer_decoder': [896, 448, 224, 112]}",112,"[896, 448, 224, 112]","[112, 224, 448, 896]",[0.3102355550426791],0.7752564988012643,COMPLETE
274,-0.34309935638512523,2025-01-10 10:03:02.220742,2025-01-10 10:03:10.533093,0 days 00:00:08.312351,0.05555196729918226,32,0.4,112,100,2.87053112275622e-06,1992,0.003054981373060925,4,4,adadelta,"{'neurons_per_layer_encoder': [112, 224, 448, 896], 'neurons_per_layer_decoder': [896, 448, 224, 112]}",112,"[896, 448, 224, 112]","[112, 224, 448, 896]",[-0.34309935638512523],0.5180371946642798,COMPLETE
275,-0.16749059502640717,2025-01-10 10:03:03.011458,2025-01-10 10:03:10.057543,0 days 00:00:07.046085,0.027675498100587618,64,0.4,108,100,6.140742474111315e-06,1992,0.0030934212626287584,4,4,adadelta,"{'neurons_per_layer_encoder': [108, 216, 432, 864], 'neurons_per_layer_decoder': [864, 432, 216, 108]}",108,"[864, 432, 216, 108]","[108, 216, 432, 864]",[-0.16749059502640717],0.652003442411895,COMPLETE
276,0.0696450442376112,2025-01-10 10:03:04.079646,2025-01-10 10:03:12.049834,0 days 00:00:07.970188,0.027973553099941394,32,0.4,152,100,7.753579209612883e-06,1464,0.0030155223809997106,5,3,adam,"{'neurons_per_layer_encoder': [152, 304, 608], 'neurons_per_layer_decoder': [608, 304, 152, 76, 38]}",152,"[608, 304, 152, 76, 38]","[152, 304, 608]",[0.0696450442376112],0.5177894625950803,COMPLETE
277,-0.06296325779118894,2025-01-10 10:03:05.089790,2025-01-10 10:03:12.497496,0 days 00:00:07.407706,0.028082402619547274,32,0.4,120,100,9.716999666978387e-05,1160,0.0040999862384772595,5,3,adam,"{'neurons_per_layer_encoder': [120, 240, 480], 'neurons_per_layer_decoder': [480, 240, 120, 60, 30]}",120,"[480, 240, 120, 60, 30]","[120, 240, 480]",[-0.06296325779118894],0.8785544478672835,COMPLETE
278,-0.056147053263316815,2025-01-10 10:03:10.068820,2025-01-10 10:03:15.094224,0 days 00:00:05.025404,0.03161265104803836,32,0.4,120,100,1.2401121032397922e-05,1096,0.0038604962056918344,5,3,adam,"{'neurons_per_layer_encoder': [120, 240, 480], 'neurons_per_layer_decoder': [480, 240, 120, 60, 30]}",120,"[480, 240, 120, 60, 30]","[120, 240, 480]",[-0.056147053263316815],0.5187561095934725,COMPLETE
279,0.052091457484709,2025-01-10 10:03:10.546415,2025-01-10 10:03:15.024994,0 days 00:00:04.478579,0.032080734216321426,48,0.4,120,100,1.0174012478180349e-05,1160,0.003939353981212503,5,3,adam,"{'neurons_per_layer_encoder': [120, 240, 480], 'neurons_per_layer_decoder': [480, 240, 120, 60, 30]}",120,"[480, 240, 120, 60, 30]","[120, 240, 480]",[0.052091457484709],0.46614949391555166,COMPLETE
280,0.0750386821010447,2025-01-10 10:03:12.060352,2025-01-10 10:03:16.747319,0 days 00:00:04.686967,0.03936601708202902,48,0.4,120,100,1.0423469544651577e-05,1160,0.004030668602211479,5,3,adam,"{'neurons_per_layer_encoder': [120, 240, 480], 'neurons_per_layer_decoder': [480, 240, 120, 60, 30]}",120,"[480, 240, 120, 60, 30]","[120, 240, 480]",[0.0750386821010447],0.4783416263665722,COMPLETE
281,0.18426057203264867,2025-01-10 10:03:12.508756,2025-01-10 10:03:18.707724,0 days 00:00:06.198968,0.031181844184654185,80,0.30000000000000004,92,100,9.643803973886352e-06,888,3.400468110541176e-05,4,3,adam,"{'neurons_per_layer_encoder': [92, 184, 368], 'neurons_per_layer_decoder': [368, 184, 92, 46]}",92,"[368, 184, 92, 46]","[92, 184, 368]",[0.18426057203264867],0.6177121803102278,COMPLETE
282,-0.01422776365179157,2025-01-10 10:03:13.055698,2025-01-10 10:03:23.170182,0 days 00:00:10.114484,0.0761739017484584,48,0.30000000000000004,128,100,5.3379177479377225e-06,1048,0.0038991453436874276,4,4,adadelta,"{'neurons_per_layer_encoder': [128, 256, 512, 1024], 'neurons_per_layer_decoder': [1024, 512, 256, 128]}",128,"[1024, 512, 256, 128]","[128, 256, 512, 1024]",[-0.01422776365179157],0.6402335855563407,COMPLETE
283,-0.16402001083304563,2025-01-10 10:03:15.034314,2025-01-10 10:03:23.202137,0 days 00:00:08.167823,0.06350856673282526,48,0.30000000000000004,64,100,5.206457709303974e-06,1208,0.002692072632560824,4,4,adadelta,"{'neurons_per_layer_encoder': [64, 128, 256, 512], 'neurons_per_layer_decoder': [512, 256, 128, 64]}",64,"[512, 256, 128, 64]","[64, 128, 256, 512]",[-0.16402001083304563],0.7185984036601092,COMPLETE
284,0.10332338960040943,2025-01-10 10:03:15.379023,2025-01-10 10:03:28.202325,0 days 00:00:12.823302,0.061147989038628926,48,0.30000000000000004,128,100,1.4482130633797851e-05,1048,0.0025790258244927982,4,4,adadelta,"{'neurons_per_layer_encoder': [128, 256, 512, 1024], 'neurons_per_layer_decoder': [1024, 512, 256, 128]}",128,"[1024, 512, 256, 128]","[128, 256, 512, 1024]",[0.10332338960040943],0.7704758354128802,COMPLETE
285,-0.18817159820686413,2025-01-10 10:03:16.755372,2025-01-10 10:03:22.478904,0 days 00:00:05.723532,0.04017525415754428,48,0.30000000000000004,84,100,5.810068187847962e-06,1560,0.0047423105244338475,4,4,adadelta,"{'neurons_per_layer_encoder': [84, 168, 336, 672], 'neurons_per_layer_decoder': [672, 336, 168, 84]}",84,"[672, 336, 168, 84]","[84, 168, 336, 672]",[-0.18817159820686413],0.6109886549291856,COMPLETE
286,-0.05115957440689578,2025-01-10 10:03:18.717197,2025-01-10 10:03:31.456990,0 days 00:00:12.739793,0.060135215069563645,48,0.30000000000000004,136,100,6.2142770966471474e-06,1944,0.002599769683953271,4,4,adadelta,"{'neurons_per_layer_encoder': [136, 272, 544, 1088], 'neurons_per_layer_decoder': [1088, 544, 272, 136]}",136,"[1088, 544, 272, 136]","[136, 272, 544, 1088]",[-0.05115957440689578],0.6623538651295671,COMPLETE
287,0.2076776879211909,2025-01-10 10:03:22.488267,2025-01-10 10:03:30.721128,0 days 00:00:08.232861,0.062015704950681184,40,0.30000000000000004,136,100,5.320975695033194e-06,1944,0.002848470572961215,4,4,adam,"{'neurons_per_layer_encoder': [136, 272, 544, 1088], 'neurons_per_layer_decoder': [1088, 544, 272, 136]}",136,"[1088, 544, 272, 136]","[136, 272, 544, 1088]",[0.2076776879211909],0.5587000216817299,COMPLETE
288,0.005133394904273114,2025-01-10 10:03:23.181825,2025-01-10 10:03:47.431102,0 days 00:00:24.249277,0.06301161481197638,40,0.30000000000000004,220,100,1.5269434997091403e-05,1784,0.0027091588809727606,4,4,adadelta,"{'neurons_per_layer_encoder': [220, 440, 880, 1760], 'neurons_per_layer_decoder': [1760, 880, 440, 220]}",220,"[1760, 880, 440, 220]","[220, 440, 880, 1760]",[0.005133394904273114],0.818574150749096,COMPLETE
289,0.0740848643868166,2025-01-10 10:03:23.222261,2025-01-10 10:03:30.786397,0 days 00:00:07.564136,0.06296999563911533,40,0.30000000000000004,136,100,1.5894046465274998e-05,1112,0.005165169013135811,4,4,adam,"{'neurons_per_layer_encoder': [136, 272, 544, 1088], 'neurons_per_layer_decoder': [1088, 544, 272, 136]}",136,"[1088, 544, 272, 136]","[136, 272, 544, 1088]",[0.0740848643868166],0.7731639321890734,COMPLETE
290,-0.3390829566053646,2025-01-10 10:03:28.216659,2025-01-10 10:03:53.693824,0 days 00:00:25.477165,0.054825831467773894,40,0.2,104,100,1.1844825807955452e-05,1688,0.0002599492037320163,4,5,adam,"{'neurons_per_layer_encoder': [104, 208, 416, 832, 1664], 'neurons_per_layer_decoder': [1664, 832, 416, 208]}",104,"[1664, 832, 416, 208]","[104, 208, 416, 832, 1664]",[-0.3390829566053646],0.6033917821719326,COMPLETE
291,-4.422946290846404,2025-01-10 10:03:30.735816,2025-01-10 10:03:41.662042,0 days 00:00:10.926226,0.037639749122392846,128,0.30000000000000004,112,100,1.2229491867751191e-05,1832,0.00514998850585437,4,5,adam,"{'neurons_per_layer_encoder': [112, 224, 448, 896, 1792], 'neurons_per_layer_decoder': [1792, 896, 448, 224]}",112,"[1792, 896, 448, 224]","[112, 224, 448, 896, 1792]",[-4.422946290846404],0.1099720424425583,COMPLETE
292,0.12206979846824006,2025-01-10 10:03:30.806622,2025-01-10 10:03:41.834372,0 days 00:00:11.027750,0.05609447240005713,40,0.2,104,100,7.07463613086722e-06,1688,0.003445600102820508,4,5,adam,"{'neurons_per_layer_encoder': [104, 208, 416, 832, 1664], 'neurons_per_layer_decoder': [1664, 832, 416, 208]}",104,"[1664, 832, 416, 208]","[104, 208, 416, 832, 1664]",[0.12206979846824006],0.6815185256564142,COMPLETE
293,0.03410914558195699,2025-01-10 10:03:31.467666,2025-01-10 10:03:44.322793,0 days 00:00:12.855127,0.055742996768989785,40,0.2,104,100,1.1581308538907998e-05,1688,0.0032752635795792297,4,5,adam,"{'neurons_per_layer_encoder': [104, 208, 416, 832, 1664], 'neurons_per_layer_decoder': [1664, 832, 416, 208]}",104,"[1664, 832, 416, 208]","[104, 208, 416, 832, 1664]",[0.03410914558195699],0.7509202428030514,COMPLETE
294,-0.1414721716099594,2025-01-10 10:03:41.679893,2025-01-10 10:03:50.891716,0 days 00:00:09.211823,0.04526024786820428,120,0.2,108,100,1.4268997971457283e-05,1752,0.0020876355426410124,4,5,adam,"{'neurons_per_layer_encoder': [108, 216, 432, 864, 1728], 'neurons_per_layer_decoder': [1728, 864, 432, 216]}",108,"[1728, 864, 432, 216]","[108, 216, 432, 864, 1728]",[-0.1414721716099594],0.7528376222412752,COMPLETE
295,0.20030231540056798,2025-01-10 10:03:41.853121,2025-01-10 10:03:52.118764,0 days 00:00:10.265643,0.04461819526071861,40,0.30000000000000004,104,100,2.0627400713494664e-05,1688,0.004435802773393246,4,5,adam,"{'neurons_per_layer_encoder': [104, 208, 416, 832, 1664], 'neurons_per_layer_decoder': [1664, 832, 416, 208]}",104,"[1664, 832, 416, 208]","[104, 208, 416, 832, 1664]",[0.20030231540056798],0.8861105617898546,COMPLETE
296,-0.44748550048921576,2025-01-10 10:03:44.337434,2025-01-10 10:03:54.279266,0 days 00:00:09.941832,0.044716814498651045,56,0.30000000000000004,108,100,8.849174263421662e-06,1752,0.002061509965564961,4,5,adam,"{'neurons_per_layer_encoder': [108, 216, 432, 864, 1728], 'neurons_per_layer_decoder': [1728, 864, 432, 216]}",108,"[1728, 864, 432, 216]","[108, 216, 432, 864, 1728]",[-0.44748550048921576],0.5485282364598482,COMPLETE
297,0.2553373286665941,2025-01-10 10:03:47.446079,2025-01-10 10:04:11.817429,0 days 00:00:24.371350,0.04408149579268173,56,0.30000000000000004,108,100,2.0695116226128877e-05,1752,0.00024165444799138276,4,5,adam,"{'neurons_per_layer_encoder': [108, 216, 432, 864, 1728], 'neurons_per_layer_decoder': [1728, 864, 432, 216]}",108,"[1728, 864, 432, 216]","[108, 216, 432, 864, 1728]",[0.2553373286665941],0.8680497238553732,COMPLETE
298,0.14983384558230872,2025-01-10 10:03:50.902169,2025-01-10 10:03:59.310720,0 days 00:00:08.408551,0.03468732471314392,56,0.30000000000000004,84,100,8.603333244140755e-06,1368,0.004315567747540209,4,5,adam,"{'neurons_per_layer_encoder': [84, 168, 336, 672, 1344], 'neurons_per_layer_decoder': [1344, 672, 336, 168]}",84,"[1344, 672, 336, 168]","[84, 168, 336, 672, 1344]",[0.14983384558230872],0.7320035501225896,COMPLETE
299,-0.5175078464810334,2025-01-10 10:03:52.129438,2025-01-10 10:04:01.741786,0 days 00:00:09.612348,0.025593745223082956,56,0.30000000000000004,92,100,4.305198746986894e-06,1544,0.005658340770230463,4,5,adam,"{'neurons_per_layer_encoder': [92, 184, 368, 736, 1472], 'neurons_per_layer_decoder': [1472, 736, 368, 184]}",92,"[1472, 736, 368, 184]","[92, 184, 368, 736, 1472]",[-0.5175078464810334],0.40499636450143334,COMPLETE
300,-0.12819762443799032,2025-01-10 10:03:53.719736,2025-01-10 10:04:27.622757,0 days 00:00:33.903021,0.03434199130476067,56,0.30000000000000004,144,100,8.247694990565e-06,2344,0.006159931854108183,3,5,adam,"{'neurons_per_layer_encoder': [144, 288, 576, 1152, 2304], 'neurons_per_layer_decoder': [2304, 1152, 576]}",144,"[2304, 1152, 576]","[144, 288, 576, 1152, 2304]",[-0.12819762443799032],0.6340512522721724,COMPLETE
301,0.0063283753307692425,2025-01-10 10:03:54.290743,2025-01-10 10:04:28.562954,0 days 00:00:34.272211,0.025361484227346975,56,0.30000000000000004,144,100,5.547667179394689e-05,2344,0.005695764410108449,3,5,adam,"{'neurons_per_layer_encoder': [144, 288, 576, 1152, 2304], 'neurons_per_layer_decoder': [2304, 1152, 576]}",144,"[2304, 1152, 576]","[144, 288, 576, 1152, 2304]",[0.0063283753307692425],0.7367897039865164,COMPLETE
302,-0.04317660096703824,2025-01-10 10:03:59.330155,2025-01-10 10:04:12.713205,0 days 00:00:13.383050,0.025996365769952037,64,0.30000000000000004,92,100,4.008992552483611e-06,1512,0.005608637006090895,3,5,adam,"{'neurons_per_layer_encoder': [92, 184, 368, 736, 1472], 'neurons_per_layer_decoder': [1472, 736, 368]}",92,"[1472, 736, 368]","[92, 184, 368, 736, 1472]",[-0.04317660096703824],0.6147235648545087,COMPLETE
303,-0.4188772655112951,2025-01-10 10:04:01.752968,2025-01-10 10:04:16.881269,0 days 00:00:15.128301,0.03307847717001406,64,0.30000000000000004,116,100,1.8381001050196594e-05,3688,0.003682258458956437,3,5,adam,"{'neurons_per_layer_encoder': [116, 232, 464, 928, 1856], 'neurons_per_layer_decoder': [1856, 928, 464]}",116,"[1856, 928, 464]","[116, 232, 464, 928, 1856]",[-0.4188772655112951],0.8157148948179571,COMPLETE
304,-2.2138347476777076,2025-01-10 10:04:11.839187,2025-01-10 10:04:23.722764,0 days 00:00:11.883577,0.039719830155481306,120,0.30000000000000004,100,100,1.8664892726723477e-05,1640,0.003739071216991683,4,5,adam,"{'neurons_per_layer_encoder': [100, 200, 400, 800, 1600], 'neurons_per_layer_decoder': [1600, 800, 400, 200]}",100,"[1600, 800, 400, 200]","[100, 200, 400, 800, 1600]",[-2.2138347476777076],0.4890038060422541,COMPLETE
305,-0.0746849183605014,2025-01-10 10:04:12.729026,2025-01-10 10:04:32.961149,0 days 00:00:20.232123,0.03953185922239477,32,0.30000000000000004,116,100,1.8713877703657114e-05,3608,0.00019375989188745682,4,5,adam,"{'neurons_per_layer_encoder': [116, 232, 464, 928, 1856], 'neurons_per_layer_decoder': [1856, 928, 464, 232]}",116,"[1856, 928, 464, 232]","[116, 232, 464, 928, 1856]",[-0.0746849183605014],0.8389012695555957,COMPLETE
306,0.018251520823433398,2025-01-10 10:04:16.900844,2025-01-10 10:04:43.148298,0 days 00:00:26.247454,0.039754687812527466,32,0.30000000000000004,116,100,3.051158384995113e-06,1896,0.00020632850893655244,4,5,adam,"{'neurons_per_layer_encoder': [116, 232, 464, 928, 1856], 'neurons_per_layer_decoder': [1856, 928, 464, 232]}",116,"[1856, 928, 464, 232]","[116, 232, 464, 928, 1856]",[0.018251520823433398],0.5853241329190328,COMPLETE
307,0.24300726862248767,2025-01-10 10:04:23.734789,2025-01-10 10:04:43.620726,0 days 00:00:19.885937,0.051829788164887196,32,0.30000000000000004,116,100,0.0002730449346463032,968,0.00019157251305418425,4,4,adam,"{'neurons_per_layer_encoder': [116, 232, 464, 928], 'neurons_per_layer_decoder': [928, 464, 232, 116]}",116,"[928, 464, 232, 116]","[116, 232, 464, 928]",[0.24300726862248767],0.9761702566765009,COMPLETE
308,-0.049067698646383606,2025-01-10 10:04:27.655295,2025-01-10 10:04:43.501152,0 days 00:00:15.845857,0.04996178812556054,32,0.30000000000000004,116,100,2.3512662641822938e-05,984,0.00022342496730168627,4,4,adam,"{'neurons_per_layer_encoder': [116, 232, 464, 928], 'neurons_per_layer_decoder': [928, 464, 232, 116]}",116,"[928, 464, 232, 116]","[116, 232, 464, 928]",[-0.049067698646383606],0.7626193653810329,COMPLETE
309,-0.23760116496567307,2025-01-10 10:04:28.580534,2025-01-10 10:04:42.323099,0 days 00:00:13.742565,0.038281746611956956,32,0.30000000000000004,112,100,3.0686627030085316e-06,2008,0.00024207043756996457,4,4,adam,"{'neurons_per_layer_encoder': [112, 224, 448, 896], 'neurons_per_layer_decoder': [896, 448, 224, 112]}",112,"[896, 448, 224, 112]","[112, 224, 448, 896]",[-0.23760116496567307],0.38318073010697906,COMPLETE
310,0.20266780058093992,2025-01-10 10:04:32.971560,2025-01-10 10:04:41.917968,0 days 00:00:08.946408,0.05069349348662937,104,0.30000000000000004,112,100,3.058510164196378e-06,936,0.003201841597513789,4,4,adam,"{'neurons_per_layer_encoder': [112, 224, 448, 896], 'neurons_per_layer_decoder': [896, 448, 224, 112]}",112,"[896, 448, 224, 112]","[112, 224, 448, 896]",[0.20266780058093992],0.3354788827867599,COMPLETE
311,0.250120345130478,2025-01-10 10:04:41.938016,2025-01-10 10:04:58.185609,0 days 00:00:16.247593,0.04440105809220706,40,0.30000000000000004,96,100,2.3996383426508726e-05,1544,8.883695053839871e-05,4,4,adam,"{'neurons_per_layer_encoder': [96, 192, 384, 768], 'neurons_per_layer_decoder': [768, 384, 192, 96]}",96,"[768, 384, 192, 96]","[96, 192, 384, 768]",[0.250120345130478],0.8156875173519795,COMPLETE
312,0.06963139736791402,2025-01-10 10:04:42.337443,2025-01-10 10:05:06.076150,0 days 00:00:23.738707,0.04742578411103816,40,0.30000000000000004,100,100,0.00026645984452490913,1624,0.004508575568695583,4,5,adam,"{'neurons_per_layer_encoder': [100, 200, 400, 800, 1600], 'neurons_per_layer_decoder': [1600, 800, 400, 200]}",100,"[1600, 800, 400, 200]","[100, 200, 400, 800, 1600]",[0.06963139736791402],0.6941347481460691,COMPLETE
313,0.21161250651067398,2025-01-10 10:04:43.160421,2025-01-10 10:05:05.179693,0 days 00:00:22.019272,0.04919605876209218,40,0.30000000000000004,96,100,2.229853738891473e-05,1576,0.0003067917597739195,4,5,adam,"{'neurons_per_layer_encoder': [96, 192, 384, 768, 1536], 'neurons_per_layer_decoder': [1536, 768, 384, 192]}",96,"[1536, 768, 384, 192]","[96, 192, 384, 768, 1536]",[0.21161250651067398],0.8596984684785912,COMPLETE
314,0.10151314787690469,2025-01-10 10:04:43.509264,2025-01-10 10:05:06.191091,0 days 00:00:22.681827,0.0429776180312004,40,0.30000000000000004,96,100,0.0005508992004470638,1576,0.00036115355503058016,4,5,adam,"{'neurons_per_layer_encoder': [96, 192, 384, 768, 1536], 'neurons_per_layer_decoder': [1536, 768, 384, 192]}",96,"[1536, 768, 384, 192]","[96, 192, 384, 768, 1536]",[0.10151314787690469],0.98790902380641,COMPLETE
315,-0.22082345360764521,2025-01-10 10:04:43.632719,2025-01-10 10:04:53.140416,0 days 00:00:09.507697,0.047524525892906094,40,0.30000000000000004,96,100,3.883538237867688e-05,1592,0.004565477576486251,4,5,adam,"{'neurons_per_layer_encoder': [96, 192, 384, 768, 1536], 'neurons_per_layer_decoder': [1536, 768, 384, 192]}",96,"[1536, 768, 384, 192]","[96, 192, 384, 768, 1536]",[-0.22082345360764521],0.8726632664271123,COMPLETE
316,0.2062703224794129,2025-01-10 10:04:53.153396,2025-01-10 10:05:20.562981,0 days 00:00:27.409585,0.04338261481983739,40,0.30000000000000004,100,100,3.0028511228839993e-05,1640,0.0003271063584477151,4,5,adam,"{'neurons_per_layer_encoder': [100, 200, 400, 800, 1600], 'neurons_per_layer_decoder': [1600, 800, 400, 200]}",100,"[1600, 800, 400, 200]","[100, 200, 400, 800, 1600]",[0.2062703224794129],0.8886655808778672,COMPLETE
317,0.13040070004670778,2025-01-10 10:04:58.238233,2025-01-10 10:05:35.096700,0 days 00:00:36.858467,0.04219261766081612,40,0.30000000000000004,124,100,0.0004125237657624457,2056,0.0030596630961398376,4,5,adam,"{'neurons_per_layer_encoder': [124, 248, 496, 992, 1984], 'neurons_per_layer_decoder': [1984, 992, 496, 248]}",124,"[1984, 992, 496, 248]","[124, 248, 496, 992, 1984]",[0.13040070004670778],0.776914518163073,COMPLETE
