number,value,datetime_start,datetime_complete,duration,params_alpha,params_batch_size,params_drop_out_rate,params_encoder_neurons_layer_1,params_epochs,params_lambda,params_latent_dim,params_learning_rate,params_num_layers_decoder,params_num_layers_encoder,params_optimizer,user_attrs_encoder_decoder_config,user_attrs_first_layer_neurons,user_attrs_neurons_per_layer_decoder,user_attrs_neurons_per_layer_encoder,user_attrs_r2_feature_1,user_attrs_relative_deterioration,state
318,-3.4392413168132423,2025-01-10 10:05:05.203393,2025-01-10 10:05:14.948781,0 days 00:00:09.745388,0.036679881148354604,128,0.30000000000000004,88,100,3.432353423589959e-05,1432,0.0030018713724881646,4,5,adam,"{'neurons_per_layer_encoder': [88, 176, 352, 704, 1408], 'neurons_per_layer_decoder': [1408, 704, 352, 176]}",88,"[1408, 704, 352, 176]","[88, 176, 352, 704, 1408]",[-3.4392413168132423],0.4807284679631144,COMPLETE
319,-0.031352164931066406,2025-01-10 10:05:06.090647,2025-01-10 10:05:31.491877,0 days 00:00:25.401230,0.04170793249078194,120,0.30000000000000004,124,100,0.00038841349066888437,2040,0.0007948959399340208,3,5,adam,"{'neurons_per_layer_encoder': [124, 248, 496, 992, 1984], 'neurons_per_layer_decoder': [1984, 992, 496]}",124,"[1984, 992, 496]","[124, 248, 496, 992, 1984]",[-0.031352164931066406],0.9829974455019778,COMPLETE
320,0.0863379836839464,2025-01-10 10:05:06.204820,2025-01-10 10:05:37.910939,0 days 00:00:31.706119,0.035963476532282844,120,0.4,124,100,0.00042243600300004774,4040,0.0006597669695733875,3,5,adam,"{'neurons_per_layer_encoder': [124, 248, 496, 992, 1984], 'neurons_per_layer_decoder': [1984, 992, 496]}",124,"[1984, 992, 496]","[124, 248, 496, 992, 1984]",[0.0863379836839464],0.9885980076297758,COMPLETE
321,-0.032780045737655916,2025-01-10 10:05:14.975383,2025-01-10 10:05:31.624482,0 days 00:00:16.649099,0.04145439785702981,64,0.4,124,100,0.0004074158144117481,2056,0.00015974170152023966,3,5,sgd,"{'neurons_per_layer_encoder': [124, 248, 496, 992, 1984], 'neurons_per_layer_decoder': [1984, 992, 496]}",124,"[1984, 992, 496]","[124, 248, 496, 992, 1984]",[-0.032780045737655916],0.9895647372597607,COMPLETE
322,-0.9080334152400891,2025-01-10 10:05:20.579637,2025-01-10 10:05:57.892627,0 days 00:00:37.312990,0.023982164757651338,64,0.4,124,100,0.0004147055713303317,4520,0.003447824995198599,3,5,adam,"{'neurons_per_layer_encoder': [124, 248, 496, 992, 1984], 'neurons_per_layer_decoder': [1984, 992, 496]}",124,"[1984, 992, 496]","[124, 248, 496, 992, 1984]",[-0.9080334152400891],0.9080425198408973,COMPLETE
323,-0.2849696365128329,2025-01-10 10:05:31.507603,2025-01-10 10:05:37.735120,0 days 00:00:06.227517,0.029312753333572292,64,0.4,108,100,4.680175749342579e-06,1960,0.0034738331048994216,3,4,sgd,"{'neurons_per_layer_encoder': [108, 216, 432, 864], 'neurons_per_layer_decoder': [864, 432, 216]}",108,"[864, 432, 216]","[108, 216, 432, 864]",[-0.2849696365128329],0.6149047010160329,COMPLETE
324,0.1450987682034428,2025-01-10 10:05:31.658191,2025-01-10 10:05:42.571687,0 days 00:00:10.913496,0.029526231291730796,48,0.4,108,100,4.481841601775557e-06,2008,0.002358595434211189,3,4,adam,"{'neurons_per_layer_encoder': [108, 216, 432, 864], 'neurons_per_layer_decoder': [864, 432, 216]}",108,"[864, 432, 216]","[108, 216, 432, 864]",[0.1450987682034428],0.41611020308030156,COMPLETE
325,-0.39061042926031697,2025-01-10 10:05:35.115464,2025-01-10 10:05:43.354812,0 days 00:00:08.239348,0.02951435801559478,64,0.4,108,100,6.218094776554521e-06,1976,0.0037304096883596224,3,4,adam,"{'neurons_per_layer_encoder': [108, 216, 432, 864], 'neurons_per_layer_decoder': [864, 432, 216]}",108,"[864, 432, 216]","[108, 216, 432, 864]",[-0.39061042926031697],0.4042340829902085,COMPLETE
326,0.014935204060599672,2025-01-10 10:05:37.747252,2025-01-10 10:05:42.029747,0 days 00:00:04.282495,0.03677326414515545,96,0.4,108,100,3.7157698388310034e-06,512,0.0015434744082115741,1,2,adam,"{'neurons_per_layer_encoder': [108, 216], 'neurons_per_layer_decoder': [216]}",108,[216],"[108, 216]",[0.014935204060599672],0.2596285114349983,COMPLETE
327,0.29675266042802306,2025-01-10 10:05:37.928466,2025-01-10 10:05:57.411131,0 days 00:00:19.482665,0.03339052475159578,48,0.4,108,100,3.7109592497466778e-06,1976,0.002190618543335178,4,4,adam,"{'neurons_per_layer_encoder': [108, 216, 432, 864], 'neurons_per_layer_decoder': [864, 432, 216, 108]}",108,"[864, 432, 216, 108]","[108, 216, 432, 864]",[0.29675266042802306],0.402028018989133,COMPLETE
328,-0.15271961487076213,2025-01-10 10:05:42.043869,2025-01-10 10:05:53.782178,0 days 00:00:11.738309,0.024263727466309063,32,0.30000000000000004,180,100,1.3450448823331787e-05,1480,0.003933183152728382,4,4,adam,"{'neurons_per_layer_encoder': [180, 360, 720, 1440], 'neurons_per_layer_decoder': [1440, 720, 360, 180]}",180,"[1440, 720, 360, 180]","[180, 360, 720, 1440]",[-0.15271961487076213],0.7447238947904321,COMPLETE
329,-0.03458397910093636,2025-01-10 10:05:42.588272,2025-01-10 10:05:52.883119,0 days 00:00:10.294847,0.03314706046223147,32,0.30000000000000004,104,100,6.11420255527057e-06,888,0.0038311265965051164,4,4,adam,"{'neurons_per_layer_encoder': [104, 208, 416, 832], 'neurons_per_layer_decoder': [832, 416, 208, 104]}",104,"[832, 416, 208, 104]","[104, 208, 416, 832]",[-0.03458397910093636],0.44967080869885223,COMPLETE
330,0.047977780149170646,2025-01-10 10:05:43.370777,2025-01-10 10:05:55.939459,0 days 00:00:12.568682,0.03351384600663625,32,0.30000000000000004,88,100,0.00014172924726517822,1432,0.0011548755273301848,4,5,adam,"{'neurons_per_layer_encoder': [88, 176, 352, 704, 1408], 'neurons_per_layer_decoder': [1408, 704, 352, 176]}",88,"[1408, 704, 352, 176]","[88, 176, 352, 704, 1408]",[0.047977780149170646],0.9652171677721073,COMPLETE
331,0.2300478395228407,2025-01-10 10:05:52.897442,2025-01-10 10:06:07.456541,0 days 00:00:14.559099,0.02350023272459805,40,0.30000000000000004,84,100,1.3397300245069862e-05,1368,0.0021957606410753024,4,5,adam,"{'neurons_per_layer_encoder': [84, 168, 336, 672, 1344], 'neurons_per_layer_decoder': [1344, 672, 336, 168]}",84,"[1344, 672, 336, 168]","[84, 168, 336, 672, 1344]",[0.2300478395228407],0.7498136375973122,COMPLETE
332,-4.131572927775545,2025-01-10 10:05:53.805731,2025-01-10 10:06:02.066832,0 days 00:00:08.261101,0.027118996230909156,128,0.30000000000000004,84,100,6.675095133948527e-05,1368,0.002212726895003281,4,5,adam,"{'neurons_per_layer_encoder': [84, 168, 336, 672, 1344], 'neurons_per_layer_decoder': [1344, 672, 336, 168]}",84,"[1344, 672, 336, 168]","[84, 168, 336, 672, 1344]",[-4.131572927775545],0.6271845906419428,COMPLETE
333,0.14888940869829737,2025-01-10 10:05:55.953760,2025-01-10 10:06:02.991552,0 days 00:00:07.037792,0.038619112850990456,88,0.4,84,100,1.054011741728162e-05,1368,0.002766614364918787,4,5,adam,"{'neurons_per_layer_encoder': [84, 168, 336, 672, 1344], 'neurons_per_layer_decoder': [1344, 672, 336, 168]}",84,"[1344, 672, 336, 168]","[84, 168, 336, 672, 1344]",[0.14888940869829737],0.74767587496554,COMPLETE
334,-0.001142605998357693,2025-01-10 10:05:57.428652,2025-01-10 10:06:09.451962,0 days 00:00:12.023310,0.027165413397482456,48,0.4,104,100,3.631682961262096e-06,856,0.0017101246259759288,4,4,adadelta,"{'neurons_per_layer_encoder': [104, 208, 416, 832], 'neurons_per_layer_decoder': [832, 416, 208, 104]}",104,"[832, 416, 208, 104]","[104, 208, 416, 832]",[-0.001142605998357693],0.7371525008922744,COMPLETE
335,-0.029932791715467477,2025-01-10 10:05:57.903433,2025-01-10 10:06:07.115560,0 days 00:00:09.212127,0.037862798745472936,48,0.4,104,100,3.5538585522740444e-06,1976,0.002114892634850628,5,4,adadelta,"{'neurons_per_layer_encoder': [104, 208, 416, 832], 'neurons_per_layer_decoder': [832, 416, 208, 104, 52]}",104,"[832, 416, 208, 104, 52]","[104, 208, 416, 832]",[-0.029932791715467477],0.6101765614608196,COMPLETE
336,0.020744025719301784,2025-01-10 10:06:02.078344,2025-01-10 10:06:13.454254,0 days 00:00:11.375910,0.03784012120789276,48,0.4,104,100,5.031934596982732e-06,856,2.434050053922646e-05,5,4,adadelta,"{'neurons_per_layer_encoder': [104, 208, 416, 832], 'neurons_per_layer_decoder': [832, 416, 208, 104, 52]}",104,"[832, 416, 208, 104, 52]","[104, 208, 416, 832]",[0.020744025719301784],0.6614863185854479,COMPLETE
337,0.05039176521501665,2025-01-10 10:06:03.002502,2025-01-10 10:06:13.796390,0 days 00:00:10.793888,0.03515511744677679,48,0.4,100,100,2.743283597457111e-06,856,0.001701374885290549,5,4,adam,"{'neurons_per_layer_encoder': [100, 200, 400, 800], 'neurons_per_layer_decoder': [800, 400, 200, 100, 50]}",100,"[800, 400, 200, 100, 50]","[100, 200, 400, 800]",[0.05039176521501665],0.17807503408360392,COMPLETE
338,-0.2534097342986452,2025-01-10 10:06:07.131067,2025-01-10 10:06:13.602433,0 days 00:00:06.471366,0.04068618866471541,48,0.4,112,100,5.144248244519461e-06,936,0.002372863447785484,4,4,adam,"{'neurons_per_layer_encoder': [112, 224, 448, 896], 'neurons_per_layer_decoder': [896, 448, 224, 112]}",112,"[896, 448, 224, 112]","[112, 224, 448, 896]",[-0.2534097342986452],0.23241831098992433,COMPLETE
339,0.2633897660248914,2025-01-10 10:06:07.466686,2025-01-10 10:06:18.777857,0 days 00:00:11.311171,0.035308394399913574,48,0.4,112,100,0.00011695353605664167,920,0.001741195519579534,4,4,adam,"{'neurons_per_layer_encoder': [112, 224, 448, 896], 'neurons_per_layer_decoder': [896, 448, 224, 112]}",112,"[896, 448, 224, 112]","[112, 224, 448, 896]",[0.2633897660248914],0.9208590250850159,COMPLETE
340,-0.3001091699091827,2025-01-10 10:06:09.462538,2025-01-10 10:06:15.463938,0 days 00:00:06.001400,0.03136410067615074,48,0.4,112,100,5.14425522564708e-06,936,0.0024604637423681222,4,4,adam,"{'neurons_per_layer_encoder': [112, 224, 448, 896], 'neurons_per_layer_decoder': [896, 448, 224, 112]}",112,"[896, 448, 224, 112]","[112, 224, 448, 896]",[-0.3001091699091827],0.2263763458856074,COMPLETE
341,0.05239114049324178,2025-01-10 10:06:13.466778,2025-01-10 10:06:20.019147,0 days 00:00:06.552369,0.035515042970709225,56,0.4,116,100,4.144909529354474e-06,1000,0.0024795400266941496,4,4,adam,"{'neurons_per_layer_encoder': [116, 232, 464, 928], 'neurons_per_layer_decoder': [928, 464, 232, 116]}",116,"[928, 464, 232, 116]","[116, 232, 464, 928]",[0.05239114049324178],0.3507930986030997,COMPLETE
342,0.10915422262535246,2025-01-10 10:06:13.613587,2025-01-10 10:06:25.490044,0 days 00:00:11.876457,0.034740659546021985,56,0.4,100,100,0.00012488736533148063,1944,0.0018047640061566853,4,4,adam,"{'neurons_per_layer_encoder': [100, 200, 400, 800], 'neurons_per_layer_decoder': [800, 400, 200, 100]}",100,"[800, 400, 200, 100]","[100, 200, 400, 800]",[0.10915422262535246],0.8993786181064019,COMPLETE
343,-0.05297036517601117,2025-01-10 10:06:13.807534,2025-01-10 10:06:24.459525,0 days 00:00:10.651991,0.031771141198300594,56,0.4,112,100,4.190738243205384e-06,936,0.0001540515666958039,4,4,adam,"{'neurons_per_layer_encoder': [112, 224, 448, 896], 'neurons_per_layer_decoder': [896, 448, 224, 112]}",112,"[896, 448, 224, 112]","[112, 224, 448, 896]",[-0.05297036517601117],0.5316645453879867,COMPLETE
344,0.2230987095084187,2025-01-10 10:06:15.472992,2025-01-10 10:06:24.344722,0 days 00:00:08.871730,0.03493922770327394,56,0.4,96,100,4.070319852010632e-06,1608,0.002757426056211983,3,4,adam,"{'neurons_per_layer_encoder': [96, 192, 384, 768], 'neurons_per_layer_decoder': [768, 384, 192]}",96,"[768, 384, 192]","[96, 192, 384, 768]",[0.2230987095084187],0.3658479074797439,COMPLETE
345,0.006373498323378635,2025-01-10 10:06:18.794055,2025-01-10 10:06:24.936865,0 days 00:00:06.142810,0.03515032004985568,40,0.4,116,100,5.1950945189271085e-05,1016,0.0019261554517607414,3,4,adam,"{'neurons_per_layer_encoder': [116, 232, 464, 928], 'neurons_per_layer_decoder': [928, 464, 232]}",116,"[928, 464, 232]","[116, 232, 464, 928]",[0.006373498323378635],0.8628939837172427,COMPLETE
346,0.2315230120676015,2025-01-10 10:06:20.032522,2025-01-10 10:06:32.039765,0 days 00:00:12.007243,0.03441119029833173,40,0.4,92,100,0.0001256645726482656,760,0.002899522397029187,3,4,adam,"{'neurons_per_layer_encoder': [92, 184, 368, 736], 'neurons_per_layer_decoder': [736, 368, 184]}",92,"[736, 368, 184]","[92, 184, 368, 736]",[0.2315230120676015],0.8166141261268367,COMPLETE
347,0.15333348464956953,2025-01-10 10:06:24.361514,2025-01-10 10:06:31.588235,0 days 00:00:07.226721,0.03239074366933194,40,0.4,92,100,8.424684857195716e-05,776,0.0015200992529236894,4,4,adam,"{'neurons_per_layer_encoder': [92, 184, 368, 736], 'neurons_per_layer_decoder': [736, 368, 184, 92]}",92,"[736, 368, 184, 92]","[92, 184, 368, 736]",[0.15333348464956953],0.9109092336346724,COMPLETE
348,-0.008449543407515137,2025-01-10 10:06:24.473184,2025-01-10 10:06:42.082275,0 days 00:00:17.609091,0.03311338785571793,40,0.4,240,100,0.00011651366468425216,1944,0.0017851505534973071,2,4,adam,"{'neurons_per_layer_encoder': [240, 480, 960, 1920], 'neurons_per_layer_decoder': [1920, 960]}",240,"[1920, 960]","[240, 480, 960, 1920]",[-0.008449543407515137],0.8710371103439515,COMPLETE
349,-0.36598108067378265,2025-01-10 10:06:24.946866,2025-01-10 10:06:31.901247,0 days 00:00:06.954381,0.033291511615585634,40,0.4,132,100,0.00011877539127260596,1080,0.0015289371892552085,4,4,adam,"{'neurons_per_layer_encoder': [132, 264, 528, 1056], 'neurons_per_layer_decoder': [1056, 528, 264, 132]}",132,"[1056, 528, 264, 132]","[132, 264, 528, 1056]",[-0.36598108067378265],0.9175662257176785,COMPLETE
350,-0.007460691664689323,2025-01-10 10:06:25.499953,2025-01-10 10:06:36.818859,0 days 00:00:11.318906,0.03051058899505483,40,0.4,92,100,0.00013432207633221692,904,0.0014779865098836086,2,4,adam,"{'neurons_per_layer_encoder': [92, 184, 368, 736], 'neurons_per_layer_decoder': [736, 368]}",92,"[736, 368]","[92, 184, 368, 736]",[-0.007460691664689323],0.8621754599376023,COMPLETE
351,-0.01572606666383014,2025-01-10 10:06:31.608095,2025-01-10 10:06:37.894315,0 days 00:00:06.286220,0.02976054732599672,48,0.1,92,100,2.4643854794001316e-06,1544,0.0030323116574278697,3,4,adam,"{'neurons_per_layer_encoder': [92, 184, 368, 736], 'neurons_per_layer_decoder': [736, 368, 184]}",92,"[736, 368, 184]","[92, 184, 368, 736]",[-0.01572606666383014],-0.3256671116273299,COMPLETE
352,-0.04389524883147855,2025-01-10 10:06:31.915315,2025-01-10 10:06:38.790321,0 days 00:00:06.875006,0.057772913291789345,48,0.1,44,100,8.111954981342942e-05,192,0.0030851806275852354,3,2,adam,"{'neurons_per_layer_encoder': [44, 88], 'neurons_per_layer_decoder': [88, 44, 22]}",44,"[88, 44, 22]","[44, 88]",[-0.04389524883147855],-0.15858641671140136,COMPLETE
353,-0.08952818911644211,2025-01-10 10:06:32.055463,2025-01-10 10:06:38.240091,0 days 00:00:06.184628,0.03842183093896468,48,0.1,120,100,0.0001791787153500161,536,0.0020101608687892714,1,2,adam,"{'neurons_per_layer_encoder': [120, 240], 'neurons_per_layer_decoder': [240]}",120,[240],"[120, 240]",[-0.08952818911644211],0.18247011964002519,COMPLETE
354,-0.27028024867573675,2025-01-10 10:06:36.833407,2025-01-10 10:06:41.028197,0 days 00:00:04.194790,0.03772081162840632,48,0.1,120,100,0.00017640040567754118,520,4.89923529410084e-05,4,2,adam,"{'neurons_per_layer_encoder': [120, 240], 'neurons_per_layer_decoder': [240, 120, 60, 30]}",120,"[240, 120, 60, 30]","[120, 240]",[-0.27028024867573675],0.7958184070719558,COMPLETE
355,0.2272393693721234,2025-01-10 10:06:37.908401,2025-01-10 10:06:43.688266,0 days 00:00:05.779865,0.05876336707016247,32,0.4,48,100,0.00017204136447721404,216,0.005211934687641775,4,2,adam,"{'neurons_per_layer_encoder': [48, 96], 'neurons_per_layer_decoder': [96, 48, 24, 12]}",48,"[96, 48, 24, 12]","[48, 96]",[0.2272393693721234],0.5722041288769698,COMPLETE
356,0.11394620079725637,2025-01-10 10:06:38.250900,2025-01-10 10:06:42.964053,0 days 00:00:04.713153,0.03720298793541052,32,0.4,100,100,0.0001076669059709719,920,0.005133988306446593,4,3,adam,"{'neurons_per_layer_encoder': [100, 200, 400], 'neurons_per_layer_decoder': [400, 200, 100, 50]}",100,"[400, 200, 100, 50]","[100, 200, 400]",[0.11394620079725637],0.8781592346645012,COMPLETE
357,0.15985554802023016,2025-01-10 10:06:38.800253,2025-01-10 10:06:43.279860,0 days 00:00:04.479607,0.02737494667814429,32,0.4,100,100,9.740281783501739e-05,920,0.004999933393006946,4,3,adam,"{'neurons_per_layer_encoder': [100, 200, 400], 'neurons_per_layer_decoder': [400, 200, 100, 50]}",100,"[400, 200, 100, 50]","[100, 200, 400]",[0.15985554802023016],0.8805647341286652,COMPLETE
358,0.14539354512356573,2025-01-10 10:06:41.040787,2025-01-10 10:06:44.998607,0 days 00:00:03.957820,0.07233800363925925,32,0.4,108,100,4.462754775367569e-05,1032,0.005073456145311142,4,3,adam,"{'neurons_per_layer_encoder': [108, 216, 432], 'neurons_per_layer_decoder': [432, 216, 108, 54]}",108,"[432, 216, 108, 54]","[108, 216, 432]",[0.14539354512356573],0.7997862260453071,COMPLETE
359,0.05992942614987451,2025-01-10 10:06:42.092850,2025-01-10 10:06:45.902233,0 days 00:00:03.809383,0.027203419882131093,32,0.4,100,100,0.00014742720061046536,920,0.004721983452822572,5,3,adam,"{'neurons_per_layer_encoder': [100, 200, 400], 'neurons_per_layer_decoder': [400, 200, 100, 50, 25]}",100,"[400, 200, 100, 50, 25]","[100, 200, 400]",[0.05992942614987451],0.9110915231367924,COMPLETE
360,0.20796011504416445,2025-01-10 10:06:42.972049,2025-01-10 10:06:48.727163,0 days 00:00:05.755114,0.06635656546948447,32,0.4,108,100,6.989877476297867e-06,1064,0.0068614001514469645,5,3,adam,"{'neurons_per_layer_encoder': [108, 216, 432], 'neurons_per_layer_decoder': [432, 216, 108, 54, 27]}",108,"[432, 216, 108, 54, 27]","[108, 216, 432]",[0.20796011504416445],0.5726764202347334,COMPLETE
361,0.06705642715626325,2025-01-10 10:06:43.287568,2025-01-10 10:06:49.330593,0 days 00:00:06.043025,0.02847612463957606,40,0.4,108,100,7.059643184977181e-06,2024,0.006866880595589715,5,4,adam,"{'neurons_per_layer_encoder': [108, 216, 432, 864], 'neurons_per_layer_decoder': [864, 432, 216, 108, 54]}",108,"[864, 432, 216, 108, 54]","[108, 216, 432, 864]",[0.06705642715626325],0.6630111945785164,COMPLETE
362,0.05644571264704157,2025-01-10 10:06:43.699212,2025-01-10 10:06:50.258226,0 days 00:00:06.559014,0.028565056358743846,40,0.4,112,100,4.422783994888034e-05,2008,0.0066347748805158395,5,4,adam,"{'neurons_per_layer_encoder': [112, 224, 448, 896], 'neurons_per_layer_decoder': [896, 448, 224, 112, 56]}",112,"[896, 448, 224, 112, 56]","[112, 224, 448, 896]",[0.05644571264704157],0.8964803352844746,COMPLETE
363,0.021702885623210877,2025-01-10 10:06:45.007605,2025-01-10 10:06:56.688550,0 days 00:00:11.680945,0.02887190944733832,40,0.4,108,100,0.00022760431810218705,888,0.0034700446565744635,5,4,adam,"{'neurons_per_layer_encoder': [108, 216, 432, 864], 'neurons_per_layer_decoder': [864, 432, 216, 108, 54]}",108,"[864, 432, 216, 108, 54]","[108, 216, 432, 864]",[0.021702885623210877],0.7650222812146791,COMPLETE
364,-0.14769174903031757,2025-01-10 10:06:45.910905,2025-01-10 10:06:51.400950,0 days 00:00:05.490045,0.040370750294889596,40,0.4,112,100,3.4994713555718734e-05,1992,0.0032914176638718707,5,4,sgd,"{'neurons_per_layer_encoder': [112, 224, 448, 896], 'neurons_per_layer_decoder': [896, 448, 224, 112, 56]}",112,"[896, 448, 224, 112, 56]","[112, 224, 448, 896]",[-0.14769174903031757],0.830410435061223,COMPLETE
365,-0.13425640869436428,2025-01-10 10:06:48.740882,2025-01-10 10:06:53.612890,0 days 00:00:04.872008,0.03965566128756762,40,0.4,116,100,3.997560601649529e-05,968,0.003479108699434862,3,4,sgd,"{'neurons_per_layer_encoder': [116, 232, 464, 928], 'neurons_per_layer_decoder': [928, 464, 232]}",116,"[928, 464, 232]","[116, 232, 464, 928]",[-0.13425640869436428],0.8263928756051074,COMPLETE
366,-0.47628589613739303,2025-01-10 10:06:49.342878,2025-01-10 10:06:53.046869,0 days 00:00:03.703991,0.04004142053561214,40,0.4,116,100,3.605429347467922e-05,984,0.0033319338413959716,3,4,sgd,"{'neurons_per_layer_encoder': [116, 232, 464, 928], 'neurons_per_layer_decoder': [928, 464, 232]}",116,"[928, 464, 232]","[116, 232, 464, 928]",[-0.47628589613739303],0.7909262057470485,COMPLETE
367,-0.02712925413996259,2025-01-10 10:06:50.271437,2025-01-10 10:06:54.609095,0 days 00:00:04.337658,0.04051526570833136,40,0.30000000000000004,88,100,5.5607121298891224e-05,808,0.003389827294682248,3,4,sgd,"{'neurons_per_layer_encoder': [88, 176, 352, 704], 'neurons_per_layer_decoder': [704, 352, 176]}",88,"[704, 352, 176]","[88, 176, 352, 704]",[-0.02712925413996259],0.847340580245238,COMPLETE
368,0.060642612430792164,2025-01-10 10:06:51.416661,2025-01-10 10:06:56.034543,0 days 00:00:04.617882,0.03170866455200835,48,0.30000000000000004,88,100,5.50486251823899e-05,792,0.004029407946390138,3,4,adam,"{'neurons_per_layer_encoder': [88, 176, 352, 704], 'neurons_per_layer_decoder': [704, 352, 176]}",88,"[704, 352, 176]","[88, 176, 352, 704]",[0.060642612430792164],0.8352394518144725,COMPLETE
369,-0.10195130375754324,2025-01-10 10:06:53.057943,2025-01-10 10:07:02.406431,0 days 00:00:09.348488,0.031506997706065416,112,0.30000000000000004,88,100,3.3294733434210783e-06,1496,0.004300970114939947,4,5,adam,"{'neurons_per_layer_encoder': [88, 176, 352, 704, 1408], 'neurons_per_layer_decoder': [1408, 704, 352, 176]}",88,"[1408, 704, 352, 176]","[88, 176, 352, 704, 1408]",[-0.10195130375754324],0.4378305880508759,COMPLETE
370,0.07279087660033312,2025-01-10 10:06:53.623029,2025-01-10 10:07:31.509223,0 days 00:00:37.886194,0.030552166311744264,48,0.30000000000000004,152,100,5.6975057937766885e-05,2488,0.0041860989048417025,4,5,adam,"{'neurons_per_layer_encoder': [152, 304, 608, 1216, 2432], 'neurons_per_layer_decoder': [2432, 1216, 608, 304]}",152,"[2432, 1216, 608, 304]","[152, 304, 608, 1216, 2432]",[0.07279087660033312],0.7428866659284996,COMPLETE
