number,value,datetime_start,datetime_complete,duration,params_alpha,params_batch_size,params_drop_out_rate,params_encoder_neurons_layer_1,params_epochs,params_lambda,params_latent_dim,params_learning_rate,params_num_layers_decoder,params_num_layers_encoder,params_optimizer,user_attrs_encoder_decoder_config,user_attrs_first_layer_neurons,user_attrs_neurons_per_layer_decoder,user_attrs_neurons_per_layer_encoder,user_attrs_r2_feature_1,user_attrs_relative_deterioration,state
1246,0.14185934872771244,2025-01-10 10:55:52.259884,2025-01-10 10:55:56.665204,0 days 00:00:04.405320,0.07047853771156358,40,0.30000000000000004,156,100,3.9024621229079845e-06,512,0.0006801304362506723,4,2,adam,"{'neurons_per_layer_encoder': [156, 312], 'neurons_per_layer_decoder': [312, 156, 78, 39]}",156,"[312, 156, 78, 39]","[156, 312]",[0.14185934872771244],0.1801913852410062,COMPLETE
1247,0.14537078115486846,2025-01-10 10:55:52.598101,2025-01-10 10:55:57.309570,0 days 00:00:04.711469,0.06820367187781322,40,0.30000000000000004,152,100,9.602313400622745e-06,504,4.076128429602764e-05,4,2,adam,"{'neurons_per_layer_encoder': [152, 304], 'neurons_per_layer_decoder': [304, 152, 76, 38]}",152,"[304, 152, 76, 38]","[152, 304]",[0.14537078115486846],0.6063224375491407,COMPLETE
1248,0.12145287054826959,2025-01-10 10:55:55.375720,2025-01-10 10:55:59.842049,0 days 00:00:04.466329,0.06206924677348555,32,0.30000000000000004,144,100,7.261507060573075e-06,504,0.0006216715331244138,4,2,adam,"{'neurons_per_layer_encoder': [144, 288], 'neurons_per_layer_decoder': [288, 144, 72, 36]}",144,"[288, 144, 72, 36]","[144, 288]",[0.12145287054826959],0.3047125119011453,COMPLETE
1249,0.05152037464163728,2025-01-10 10:55:57.317299,2025-01-10 10:56:00.273500,0 days 00:00:02.956201,0.06161401799172451,32,0.30000000000000004,144,100,7.276011374001308e-06,472,0.0006160849621603867,4,2,adam,"{'neurons_per_layer_encoder': [144, 288], 'neurons_per_layer_decoder': [288, 144, 72, 36]}",144,"[288, 144, 72, 36]","[144, 288]",[0.05152037464163728],0.39201669281018536,COMPLETE
