number,value,datetime_start,datetime_complete,duration,params_alpha,params_batch_size,params_drop_out_rate,params_encoder_neurons_layer_1,params_epochs,params_lambda,params_latent_dim,params_learning_rate,params_num_layers_decoder,params_num_layers_encoder,params_optimizer,user_attrs_encoder_decoder_config,user_attrs_first_layer_neurons,user_attrs_neurons_per_layer_decoder,user_attrs_neurons_per_layer_encoder,user_attrs_r2_feature_1,user_attrs_relative_deterioration,state
214,0.10058338795416288,2025-01-10 09:38:26.881042,2025-01-10 09:38:36.474045,0 days 00:00:09.593003,0.02947866560723988,88,0.30000000000000004,84,100,1.6831491169285726e-05,1400,0.0036427674701157054,4,5,adam,"{'neurons_per_layer_encoder': [84, 168, 336, 672, 1344], 'neurons_per_layer_decoder': [1344, 672, 336, 168]}",84,"[1344, 672, 336, 168]","[84, 168, 336, 672, 1344]",[0.10058338795416288],0.8117349378233385,COMPLETE
215,-0.7884654844841004,2025-01-10 09:38:32.470495,2025-01-10 09:38:38.736626,0 days 00:00:06.266131,0.043203805122080156,88,0.30000000000000004,92,100,2.4265642369143764e-05,1496,0.002369163261218163,2,5,adam,"{'neurons_per_layer_encoder': [92, 184, 368, 736, 1472], 'neurons_per_layer_decoder': [1472, 736]}",92,"[1472, 736]","[92, 184, 368, 736, 1472]",[-0.7884654844841004],0.6647254848542418,COMPLETE
216,-0.6132726098179189,2025-01-10 09:38:32.484539,2025-01-10 09:38:38.804166,0 days 00:00:06.319627,0.02995038640638345,88,0.30000000000000004,92,100,2.272496763813931e-06,1496,0.0035501928450571876,2,5,adam,"{'neurons_per_layer_encoder': [92, 184, 368, 736, 1472], 'neurons_per_layer_decoder': [1472, 736]}",92,"[1472, 736]","[92, 184, 368, 736, 1472]",[-0.6132726098179189],-0.05596291763998147,COMPLETE
217,0.09698037809307658,2025-01-10 09:38:32.751995,2025-01-10 09:38:38.929757,0 days 00:00:06.177762,0.02873562662523293,72,0.30000000000000004,100,100,2.2526610445719833e-06,952,0.003504731793250166,2,3,adam,"{'neurons_per_layer_encoder': [100, 200, 400], 'neurons_per_layer_decoder': [400, 200]}",100,"[400, 200]","[100, 200, 400]",[0.09698037809307658],-0.35910216604600276,COMPLETE
218,-0.48938278960060844,2025-01-10 09:38:34.776832,2025-01-10 09:38:39.197444,0 days 00:00:04.420612,0.02961886692273504,80,0.30000000000000004,100,100,2.404991129847519e-05,952,0.008597079227400656,2,3,adam,"{'neurons_per_layer_encoder': [100, 200, 400], 'neurons_per_layer_decoder': [400, 200]}",100,"[400, 200]","[100, 200, 400]",[-0.48938278960060844],0.38891059323396016,COMPLETE
219,0.0064376237681725845,2025-01-10 09:38:36.488470,2025-01-10 09:38:41.010387,0 days 00:00:04.521917,0.030614440275586664,80,0.30000000000000004,100,100,2.226395547910368e-05,936,0.007992577028359734,5,3,adam,"{'neurons_per_layer_encoder': [100, 200, 400], 'neurons_per_layer_decoder': [400, 200, 100, 50, 25]}",100,"[400, 200, 100, 50, 25]","[100, 200, 400]",[0.0064376237681725845],0.6466759518995393,COMPLETE
220,0.2389682484231348,2025-01-10 09:38:38.747632,2025-01-10 09:38:42.466687,0 days 00:00:03.719055,0.030568758048725282,72,0.4,100,100,4.315419122826824e-05,952,0.008609425977199716,5,3,adam,"{'neurons_per_layer_encoder': [100, 200, 400], 'neurons_per_layer_decoder': [400, 200, 100, 50, 25]}",100,"[400, 200, 100, 50, 25]","[100, 200, 400]",[0.2389682484231348],0.8382916044005387,COMPLETE
221,0.19561383789740694,2025-01-10 09:38:38.827350,2025-01-10 09:38:42.763300,0 days 00:00:03.935950,0.03879641580559761,72,0.4,100,100,3.0063293137394876e-06,936,0.008507943847021608,4,3,adam,"{'neurons_per_layer_encoder': [100, 200, 400], 'neurons_per_layer_decoder': [400, 200, 100, 50]}",100,"[400, 200, 100, 50]","[100, 200, 400]",[0.19561383789740694],0.21837200555771685,COMPLETE
222,-0.043147740949728064,2025-01-10 09:38:38.938179,2025-01-10 09:38:46.206524,0 days 00:00:07.268345,0.040735657197315166,72,0.4,124,100,0.0008548802813499441,1080,0.005480026559344117,5,3,adam,"{'neurons_per_layer_encoder': [124, 248, 496], 'neurons_per_layer_decoder': [496, 248, 124, 62, 31]}",124,"[496, 248, 124, 62, 31]","[124, 248, 496]",[-0.043147740949728064],0.439029575876407,COMPLETE
223,0.0442604527806969,2025-01-10 09:38:39.205590,2025-01-10 09:38:45.629580,0 days 00:00:06.423990,0.03834307751638528,72,0.4,108,100,3.402701628086996e-05,1752,0.005480312492282443,5,5,adam,"{'neurons_per_layer_encoder': [108, 216, 432, 864, 1728], 'neurons_per_layer_decoder': [1728, 864, 432, 216, 108]}",108,"[1728, 864, 432, 216, 108]","[108, 216, 432, 864, 1728]",[0.0442604527806969],0.9078417310399111,COMPLETE
224,-0.17283038023085195,2025-01-10 09:38:41.020715,2025-01-10 09:38:49.495648,0 days 00:00:08.474933,0.03829756508462928,72,0.4,124,100,3.7170792378419265e-05,2040,0.005395855897979714,4,5,adam,"{'neurons_per_layer_encoder': [124, 248, 496, 992, 1984], 'neurons_per_layer_decoder': [1984, 992, 496, 248]}",124,"[1984, 992, 496, 248]","[124, 248, 496, 992, 1984]",[-0.17283038023085195],0.9111014338707205,COMPLETE
225,-0.010119068452985935,2025-01-10 09:38:42.476994,2025-01-10 09:38:59.470463,0 days 00:00:16.993469,0.03827727474959052,72,0.4,108,100,3.930592557234389e-05,1752,0.008975379300048488,5,5,adam,"{'neurons_per_layer_encoder': [108, 216, 432, 864, 1728], 'neurons_per_layer_decoder': [1728, 864, 432, 216, 108]}",108,"[1728, 864, 432, 216, 108]","[108, 216, 432, 864, 1728]",[-0.010119068452985935],0.7208215600234863,COMPLETE
226,-0.4136434110481091,2025-01-10 09:38:42.774911,2025-01-10 09:38:52.448875,0 days 00:00:09.673964,0.040916497880738534,72,0.4,112,100,4.215347663753031e-05,1848,0.0053221120386506855,5,5,adam,"{'neurons_per_layer_encoder': [112, 224, 448, 896, 1792], 'neurons_per_layer_decoder': [1792, 896, 448, 224, 112]}",112,"[1792, 896, 448, 224, 112]","[112, 224, 448, 896, 1792]",[-0.4136434110481091],0.8903757338303633,COMPLETE
227,-2.5366396021612885,2025-01-10 09:38:45.640187,2025-01-10 09:38:57.139877,0 days 00:00:11.499690,0.041769501616525116,64,0.4,112,100,4.178064786742324e-05,1848,0.007337488317387995,5,5,adam,"{'neurons_per_layer_encoder': [112, 224, 448, 896, 1792], 'neurons_per_layer_decoder': [1792, 896, 448, 224, 112]}",112,"[1792, 896, 448, 224, 112]","[112, 224, 448, 896, 1792]",[-2.5366396021612885],0.7441425457177578,COMPLETE
228,0.3541571848676244,2025-01-10 09:38:46.220055,2025-01-10 09:38:55.476390,0 days 00:00:09.256335,0.026793720880680712,40,0.4,112,100,4.182002734638606e-05,1256,0.007548494158924402,5,4,adam,"{'neurons_per_layer_encoder': [112, 224, 448, 896], 'neurons_per_layer_decoder': [896, 448, 224, 112, 56]}",112,"[896, 448, 224, 112, 56]","[112, 224, 448, 896]",[0.3541571848676244],0.9172895836909696,COMPLETE
229,-0.13634188006953485,2025-01-10 09:38:49.510869,2025-01-10 09:38:58.025914,0 days 00:00:08.515045,0.027822466790759497,56,0.4,112,100,4.222882895013228e-05,1256,0.009260404084726219,5,4,adam,"{'neurons_per_layer_encoder': [112, 224, 448, 896], 'neurons_per_layer_decoder': [896, 448, 224, 112, 56]}",112,"[896, 448, 224, 112, 56]","[112, 224, 448, 896]",[-0.13634188006953485],0.8563290767299456,COMPLETE
230,0.20843564610440668,2025-01-10 09:38:52.464917,2025-01-10 09:39:05.171735,0 days 00:00:12.706818,0.027497046044687706,40,0.4,72,100,4.724990753413068e-05,1240,0.009823174983478256,5,4,adam,"{'neurons_per_layer_encoder': [72, 144, 288, 576], 'neurons_per_layer_decoder': [576, 288, 144, 72, 36]}",72,"[576, 288, 144, 72, 36]","[72, 144, 288, 576]",[0.20843564610440668],0.5621041983249707,COMPLETE
231,-0.01660022985553633,2025-01-10 09:38:57.154643,2025-01-10 09:39:03.710398,0 days 00:00:06.555755,0.02717086456432382,40,0.4,72,100,4.8386254248794e-05,1272,0.0072310704339958705,5,4,adam,"{'neurons_per_layer_encoder': [72, 144, 288, 576], 'neurons_per_layer_decoder': [576, 288, 144, 72, 36]}",72,"[576, 288, 144, 72, 36]","[72, 144, 288, 576]",[-0.01660022985553633],0.843072231795718,COMPLETE
232,0.027897221229652658,2025-01-10 09:38:58.037858,2025-01-10 09:39:03.244352,0 days 00:00:05.206494,0.026454743687062257,40,0.4,72,100,4.8276319283151834e-05,1224,0.007475417976722473,5,4,adam,"{'neurons_per_layer_encoder': [72, 144, 288, 576], 'neurons_per_layer_decoder': [576, 288, 144, 72, 36]}",72,"[576, 288, 144, 72, 36]","[72, 144, 288, 576]",[0.027897221229652658],0.8466391127560995,COMPLETE
233,-0.845611278741282,2025-01-10 09:38:59.480780,2025-01-10 09:39:04.754866,0 days 00:00:05.274086,0.02609103584140961,40,0.30000000000000004,72,100,4.618693126214062e-05,1208,0.007086199764764572,5,4,adam,"{'neurons_per_layer_encoder': [72, 144, 288, 576], 'neurons_per_layer_decoder': [576, 288, 144, 72, 36]}",72,"[576, 288, 144, 72, 36]","[72, 144, 288, 576]",[-0.845611278741282],0.6883074151927789,COMPLETE
234,0.10440741769784323,2025-01-10 09:39:03.256050,2025-01-10 09:39:08.625575,0 days 00:00:05.369525,0.030866141433831693,40,0.4,104,100,3.338655931870374e-05,1272,0.007491299645780075,5,4,adam,"{'neurons_per_layer_encoder': [104, 208, 416, 832], 'neurons_per_layer_decoder': [832, 416, 208, 104, 52]}",104,"[832, 416, 208, 104, 52]","[104, 208, 416, 832]",[0.10440741769784323],0.8726760500309876,COMPLETE
235,0.26019571053639634,2025-01-10 09:39:03.726053,2025-01-10 09:39:09.171156,0 days 00:00:05.445103,0.031681077259320616,40,0.4,108,100,3.176513446818865e-05,904,0.0019035726959108765,5,4,adam,"{'neurons_per_layer_encoder': [108, 216, 432, 864], 'neurons_per_layer_decoder': [864, 432, 216, 108, 54]}",108,"[864, 432, 216, 108, 54]","[108, 216, 432, 864]",[0.26019571053639634],0.8569763102628345,COMPLETE
236,0.1899635228512313,2025-01-10 09:39:04.764070,2025-01-10 09:39:09.532120,0 days 00:00:04.768050,0.01000291585202498,40,0.4,120,100,3.119828849107015e-05,1016,0.0038855874733153563,3,4,adam,"{'neurons_per_layer_encoder': [120, 240, 480, 960], 'neurons_per_layer_decoder': [960, 480, 240]}",120,"[960, 480, 240]","[120, 240, 480, 960]",[0.1899635228512313],0.8547765756402672,COMPLETE
237,-0.23231605261357857,2025-01-10 09:39:05.179951,2025-01-10 09:39:09.751245,0 days 00:00:04.571294,0.034989156650599484,40,0.4,96,100,3.20904853277608e-05,872,0.00595912355650382,3,4,adam,"{'neurons_per_layer_encoder': [96, 192, 384, 768], 'neurons_per_layer_decoder': [768, 384, 192]}",96,"[768, 384, 192]","[96, 192, 384, 768]",[-0.23231605261357857],0.7523681205358187,COMPLETE
238,0.029429764828757476,2025-01-10 09:39:09.181839,2025-01-10 09:39:14.032339,0 days 00:00:04.850500,0.0351620707797117,40,0.4,24,100,3.0083421874918744e-05,456,0.0020139853538669768,5,4,adam,"{'neurons_per_layer_encoder': [24, 48, 96, 192], 'neurons_per_layer_decoder': [192, 96, 48, 24, 12]}",24,"[192, 96, 48, 24, 12]","[24, 48, 96, 192]",[0.029429764828757476],0.5188031225466868,COMPLETE
239,0.17873429363431603,2025-01-10 09:39:09.757973,2025-01-10 09:39:13.744973,0 days 00:00:03.987000,0.031462819604597396,40,0.30000000000000004,24,100,9.03186320478616e-06,216,0.002075827386249547,5,3,adam,"{'neurons_per_layer_encoder': [24, 48, 96], 'neurons_per_layer_decoder': [96, 48, 24, 12, 8]}",24,"[96, 48, 24, 12, 8]","[24, 48, 96]",[0.17873429363431603],0.29589013479353526,COMPLETE
240,-0.06138595962333637,2025-01-10 09:39:13.751528,2025-01-10 09:39:17.015424,0 days 00:00:03.263896,0.035637231093571496,112,0.4,104,100,1.4155451966370414e-05,904,0.002551393276997143,5,3,adam,"{'neurons_per_layer_encoder': [104, 208, 416], 'neurons_per_layer_decoder': [416, 208, 104, 52, 26]}",104,"[416, 208, 104, 52, 26]","[104, 208, 416]",[-0.06138595962333637],0.48740956084797965,COMPLETE
241,0.10655454296794431,2025-01-10 09:39:14.040462,2025-01-10 09:39:18.326080,0 days 00:00:04.285618,0.02471417398958586,32,0.30000000000000004,108,100,1.3949076008100241e-05,904,0.0016055922508907273,5,3,adam,"{'neurons_per_layer_encoder': [108, 216, 432], 'neurons_per_layer_decoder': [432, 216, 108, 54, 27]}",108,"[432, 216, 108, 54, 27]","[108, 216, 432]",[0.10655454296794431],0.5342470672964754,COMPLETE
242,-0.13313463046674756,2025-01-10 09:39:17.023111,2025-01-10 09:39:20.456425,0 days 00:00:03.433314,0.028896514175674053,64,0.4,108,100,5.864999278465398e-05,904,0.0033898448346579837,4,4,adam,"{'neurons_per_layer_encoder': [108, 216, 432, 864], 'neurons_per_layer_decoder': [864, 432, 216, 108]}",108,"[864, 432, 216, 108]","[108, 216, 432, 864]",[-0.13313463046674756],0.8747169123129196,COMPLETE
243,-0.13055563001145765,2025-01-10 09:39:18.332221,2025-01-10 09:39:21.901925,0 days 00:00:03.569704,0.044515882401838236,56,0.4,116,100,5.438554784649828e-05,984,0.0031270290521667275,4,4,adam,"{'neurons_per_layer_encoder': [116, 232, 464, 928], 'neurons_per_layer_decoder': [928, 464, 232, 116]}",116,"[928, 464, 232, 116]","[116, 232, 464, 928]",[-0.13055563001145765],0.8654283971912825,COMPLETE
244,0.27555463641209343,2025-01-10 09:39:20.465556,2025-01-10 09:39:25.765102,0 days 00:00:05.299546,0.031702444819431616,56,0.4,96,100,4.89927922542555e-06,1576,0.002845595396689996,4,5,adam,"{'neurons_per_layer_encoder': [96, 192, 384, 768, 1536], 'neurons_per_layer_decoder': [1536, 768, 384, 192]}",96,"[1536, 768, 384, 192]","[96, 192, 384, 768, 1536]",[0.27555463641209343],0.6827314709117651,COMPLETE
245,0.11536272343055365,2025-01-10 09:39:21.908196,2025-01-10 09:39:26.942755,0 days 00:00:05.034559,0.03141150847485058,40,0.4,12,100,6.711806230023902e-06,456,1.5128127999024226e-05,3,5,adam,"{'neurons_per_layer_encoder': [12, 24, 48, 96, 192], 'neurons_per_layer_decoder': [192, 96, 48]}",12,"[192, 96, 48]","[12, 24, 48, 96, 192]",[0.11536272343055365],0.6793933845399193,COMPLETE
246,0.18017582124579778,2025-01-10 09:39:25.772098,2025-01-10 09:39:31.115865,0 days 00:00:05.343767,0.031568761237459414,56,0.4,96,100,6.572906124888305e-06,1608,0.002495327371840648,4,5,adam,"{'neurons_per_layer_encoder': [96, 192, 384, 768, 1536], 'neurons_per_layer_decoder': [1536, 768, 384, 192]}",96,"[1536, 768, 384, 192]","[96, 192, 384, 768, 1536]",[0.18017582124579778],0.7038596986420653,COMPLETE
247,-0.16037376145900395,2025-01-10 09:39:26.948846,2025-01-10 09:39:32.615338,0 days 00:00:05.666492,0.03165561040683155,40,0.4,80,100,4.641083336542465e-06,1320,0.0027582206277081437,4,5,adadelta,"{'neurons_per_layer_encoder': [80, 160, 320, 640, 1280], 'neurons_per_layer_decoder': [1280, 640, 320, 160]}",80,"[1280, 640, 320, 160]","[80, 160, 320, 640, 1280]",[-0.16037376145900395],0.6683048945154336,COMPLETE
248,0.028425701624837485,2025-01-10 09:39:31.123518,2025-01-10 09:39:39.306338,0 days 00:00:08.182820,0.1048641502481953,56,0.30000000000000004,100,100,4.242698042262663e-06,1672,0.0028354444641681942,4,5,adam,"{'neurons_per_layer_encoder': [100, 200, 400, 800, 1600], 'neurons_per_layer_decoder': [1600, 800, 400, 200]}",100,"[1600, 800, 400, 200]","[100, 200, 400, 800, 1600]",[0.028425701624837485],0.4680451033686312,COMPLETE
249,0.020405501924525726,2025-01-10 09:39:32.621450,2025-01-10 09:39:38.473201,0 days 00:00:05.851751,0.02825062989300848,56,0.30000000000000004,96,100,4.250970105691394e-06,1576,0.0038422748113420063,4,5,adam,"{'neurons_per_layer_encoder': [96, 192, 384, 768, 1536], 'neurons_per_layer_decoder': [1536, 768, 384, 192]}",96,"[1536, 768, 384, 192]","[96, 192, 384, 768, 1536]",[0.020405501924525726],0.5193673201630656,COMPLETE
250,0.39031117619765654,2025-01-10 10:02:08.359194,2025-01-10 10:02:32.920119,0 days 00:00:24.560925,0.03404537165490814,32,0.30000000000000004,88,100,5.3246168346040544e-06,1432,0.0018094923563815447,4,5,adam,"{'neurons_per_layer_encoder': [88, 176, 352, 704, 1408], 'neurons_per_layer_decoder': [1408, 704, 352, 176]}",88,"[1408, 704, 352, 176]","[88, 176, 352, 704, 1408]",[0.39031117619765654],0.6901268550702655,COMPLETE
251,0.14064317020387473,2025-01-10 10:02:08.371137,2025-01-10 10:02:33.557309,0 days 00:00:25.186172,0.04852151072997318,32,0.30000000000000004,88,100,0.00013638616981259297,1432,0.00345425143473285,4,5,adam,"{'neurons_per_layer_encoder': [88, 176, 352, 704, 1408], 'neurons_per_layer_decoder': [1408, 704, 352, 176]}",88,"[1408, 704, 352, 176]","[88, 176, 352, 704, 1408]",[0.14064317020387473],0.8505454265817904,COMPLETE
252,-0.6109722288215866,2025-01-10 10:02:08.372206,2025-01-10 10:02:17.304378,0 days 00:00:08.932172,0.034076565788363766,56,0.30000000000000004,84,100,3.683885031840286e-05,1368,0.0034283686454758843,4,5,adam,"{'neurons_per_layer_encoder': [84, 168, 336, 672, 1344], 'neurons_per_layer_decoder': [1344, 672, 336, 168]}",84,"[1344, 672, 336, 168]","[84, 168, 336, 672, 1344]",[-0.6109722288215866],0.8044005749311433,COMPLETE
253,-0.8853437317973083,2025-01-10 10:02:08.372423,2025-01-10 10:02:18.460680,0 days 00:00:10.088257,0.03392524674057262,32,0.30000000000000004,88,100,5.553047602395758e-06,1432,0.0035124040167466056,4,5,adam,"{'neurons_per_layer_encoder': [88, 176, 352, 704, 1408], 'neurons_per_layer_decoder': [1408, 704, 352, 176]}",88,"[1408, 704, 352, 176]","[88, 176, 352, 704, 1408]",[-0.8853437317973083],0.25162880171231305,COMPLETE
254,0.11162424646856484,2025-01-10 10:02:08.372356,2025-01-10 10:02:22.951630,0 days 00:00:14.579274,0.033388610822791286,32,0.30000000000000004,88,100,5.128057988341866e-06,1432,0.003438811106388704,4,5,adam,"{'neurons_per_layer_encoder': [88, 176, 352, 704, 1408], 'neurons_per_layer_decoder': [1408, 704, 352, 176]}",88,"[1408, 704, 352, 176]","[88, 176, 352, 704, 1408]",[0.11162424646856484],0.6057858097588915,COMPLETE
255,-0.1084616344360354,2025-01-10 10:02:17.324000,2025-01-10 10:02:41.350881,0 days 00:00:24.026881,0.030284977392690038,32,0.4,88,100,0.00019373992067609158,1448,0.004157378063897033,3,5,adam,"{'neurons_per_layer_encoder': [88, 176, 352, 704, 1408], 'neurons_per_layer_decoder': [1408, 704, 352]}",88,"[1408, 704, 352]","[88, 176, 352, 704, 1408]",[-0.1084616344360354],0.8246278943588864,COMPLETE
256,-6.899532101610413,2025-01-10 10:02:18.475396,2025-01-10 10:02:28.145783,0 days 00:00:09.670387,0.02957482764451848,128,0.4,100,100,3.336164481629667e-06,1624,0.004444688425791204,3,5,adam,"{'neurons_per_layer_encoder': [100, 200, 400, 800, 1600], 'neurons_per_layer_decoder': [1600, 800, 400]}",100,"[1600, 800, 400]","[100, 200, 400, 800, 1600]",[-6.899532101610413],-1.6085693448644132,COMPLETE
257,-0.40209764343558385,2025-01-10 10:02:22.965303,2025-01-10 10:02:35.972804,0 days 00:00:13.007501,0.029595349560871804,112,0.4,104,100,3.2336147690100267e-06,1704,0.0018684448904228163,3,5,adam,"{'neurons_per_layer_encoder': [104, 208, 416, 832, 1664], 'neurons_per_layer_decoder': [1664, 832, 416]}",104,"[1664, 832, 416]","[104, 208, 416, 832, 1664]",[-0.40209764343558385],0.22111903341603872,COMPLETE
258,0.0023683707447234026,2025-01-10 10:02:28.177644,2025-01-10 10:02:46.828799,0 days 00:00:18.651155,0.035886090212526305,112,0.4,104,100,0.00020044730700014717,1704,0.0018232063676546554,3,5,adam,"{'neurons_per_layer_encoder': [104, 208, 416, 832, 1664], 'neurons_per_layer_decoder': [1664, 832, 416]}",104,"[1664, 832, 416]","[104, 208, 416, 832, 1664]",[0.0023683707447234026],0.9500386678528209,COMPLETE
259,0.1893135122369637,2025-01-10 10:02:32.932305,2025-01-10 10:02:44.743639,0 days 00:00:11.811334,0.06091578973560753,32,0.4,80,100,3.7870633707458007e-06,1304,0.001911303728300538,3,5,adam,"{'neurons_per_layer_encoder': [80, 160, 320, 640, 1280], 'neurons_per_layer_decoder': [1280, 640, 320]}",80,"[1280, 640, 320]","[80, 160, 320, 640, 1280]",[0.1893135122369637],0.5643881959911119,COMPLETE
260,0.02865195599425374,2025-01-10 10:02:33.570084,2025-01-10 10:02:39.925114,0 days 00:00:06.355030,0.03744742618780425,32,0.4,92,100,1.9042605055337655e-05,872,0.0060862239006154225,3,3,adam,"{'neurons_per_layer_encoder': [92, 184, 368], 'neurons_per_layer_decoder': [368, 184, 92]}",92,"[368, 184, 92]","[92, 184, 368]",[0.02865195599425374],0.5813187500305147,COMPLETE
261,0.0933339654243256,2025-01-10 10:02:35.984061,2025-01-10 10:02:42.491144,0 days 00:00:06.507083,0.025479485600585494,32,0.4,92,100,1.5568564085599882e-06,888,0.006234403900111613,3,3,adam,"{'neurons_per_layer_encoder': [92, 184, 368], 'neurons_per_layer_decoder': [368, 184, 92]}",92,"[368, 184, 92]","[92, 184, 368]",[0.0933339654243256],0.15113500897184057,COMPLETE
262,0.0880304008080186,2025-01-10 10:02:39.934853,2025-01-10 10:02:55.696085,0 days 00:00:15.761232,0.03622658652208679,40,0.4,80,100,3.6970600220102323e-06,1304,0.004929629935843806,3,5,adam,"{'neurons_per_layer_encoder': [80, 160, 320, 640, 1280], 'neurons_per_layer_decoder': [1280, 640, 320]}",80,"[1280, 640, 320]","[80, 160, 320, 640, 1280]",[0.0880304008080186],0.4657445172353708,COMPLETE
263,0.28338411700013133,2025-01-10 10:02:41.362347,2025-01-10 10:02:48.447560,0 days 00:00:07.085213,0.05953114728453292,40,0.4,96,100,3.8067023983016e-06,840,0.0028807949357691266,4,4,adam,"{'neurons_per_layer_encoder': [96, 192, 384, 768], 'neurons_per_layer_decoder': [768, 384, 192, 96]}",96,"[768, 384, 192, 96]","[96, 192, 384, 768]",[0.28338411700013133],0.4684960124092444,COMPLETE
264,0.08515685853498411,2025-01-10 10:02:42.500358,2025-01-10 10:02:48.936045,0 days 00:00:06.435687,0.03681432266921447,40,0.30000000000000004,80,100,3.8064385993858004e-05,1480,0.004871280919751656,4,4,adam,"{'neurons_per_layer_encoder': [80, 160, 320, 640], 'neurons_per_layer_decoder': [640, 320, 160, 80]}",80,"[640, 320, 160, 80]","[80, 160, 320, 640]",[0.08515685853498411],0.813832970068792,COMPLETE
265,0.08897427878963404,2025-01-10 10:02:44.766308,2025-01-10 10:02:55.603830,0 days 00:00:10.837522,0.03531878213064703,40,0.30000000000000004,76,100,2.591937665954434e-05,1240,0.001349663105839005,4,5,adam,"{'neurons_per_layer_encoder': [76, 152, 304, 608, 1216], 'neurons_per_layer_decoder': [1216, 608, 304, 152]}",76,"[1216, 608, 304, 152]","[76, 152, 304, 608, 1216]",[0.08897427878963404],0.8224563444108445,COMPLETE
266,0.20385356621678374,2025-01-10 10:02:46.840744,2025-01-10 10:02:58.387459,0 days 00:00:11.546715,0.04247512614051476,40,0.30000000000000004,76,100,2.7095288979031504e-05,648,0.0013666173601258123,4,4,adam,"{'neurons_per_layer_encoder': [76, 152, 304, 608], 'neurons_per_layer_decoder': [608, 304, 152, 76]}",76,"[608, 304, 152, 76]","[76, 152, 304, 608]",[0.20385356621678374],0.7146970034382606,COMPLETE
