number,value,datetime_start,datetime_complete,duration,params_alpha,params_batch_size,params_drop_out_rate,params_encoder_neurons_layer_1,params_epochs,params_lambda,params_latent_dim,params_learning_rate,params_num_layers_decoder,params_num_layers_encoder,params_optimizer,user_attrs_encoder_decoder_config,user_attrs_first_layer_neurons,user_attrs_neurons_per_layer_decoder,user_attrs_neurons_per_layer_encoder,user_attrs_r2_feature_1,user_attrs_relative_deterioration,state
752,0.1440587767914635,2025-01-10 10:47:08.288333,2025-01-10 10:47:13.189797,0 days 00:00:04.901464,0.07713475385546195,40,0.30000000000000004,132,100,4.047918596722297e-06,640,0.0005191530274114869,4,2,adam,"{'neurons_per_layer_encoder': [132, 264], 'neurons_per_layer_decoder': [264, 132, 66, 33]}",132,"[264, 132, 66, 33]","[132, 264]",[0.1440587767914635],0.30401263366952747,COMPLETE
753,0.23803303114326502,2025-01-10 10:47:08.288833,2025-01-10 10:47:13.671128,0 days 00:00:05.382295,0.07804080285066477,40,0.30000000000000004,132,100,3.844847355219661e-06,640,0.0005037045281797647,4,2,adam,"{'neurons_per_layer_encoder': [132, 264], 'neurons_per_layer_decoder': [264, 132, 66, 33]}",132,"[264, 132, 66, 33]","[132, 264]",[0.23803303114326502],0.30771429232795194,COMPLETE
754,0.31901273700873023,2025-01-10 10:47:08.288969,2025-01-10 10:47:13.671117,0 days 00:00:05.382148,0.08101703340517129,40,0.30000000000000004,132,100,3.983676555845876e-06,640,0.000506826247183325,4,2,adam,"{'neurons_per_layer_encoder': [132, 264], 'neurons_per_layer_decoder': [264, 132, 66, 33]}",132,"[264, 132, 66, 33]","[132, 264]",[0.31901273700873023],0.4100330048499161,COMPLETE
755,-0.0014635488755332382,2025-01-10 10:47:11.200373,2025-01-10 10:47:14.968980,0 days 00:00:03.768607,0.08012727740931819,32,0.30000000000000004,132,100,5.993772384552714e-06,640,0.00047817625871160674,4,2,sgd,"{'neurons_per_layer_encoder': [132, 264], 'neurons_per_layer_decoder': [264, 132, 66, 33]}",132,"[264, 132, 66, 33]","[132, 264]",[-0.0014635488755332382],0.6451820357123523,COMPLETE
756,0.26867680945039085,2025-01-10 10:47:13.200817,2025-01-10 10:47:16.990592,0 days 00:00:03.789775,0.05245748449441627,32,0.30000000000000004,144,100,6.0778214359782566e-06,680,0.0004156667649373387,4,2,sgd,"{'neurons_per_layer_encoder': [144, 288], 'neurons_per_layer_decoder': [288, 144, 72, 36]}",144,"[288, 144, 72, 36]","[144, 288]",[0.26867680945039085],0.6925567336822437,COMPLETE
757,0.10256017283446162,2025-01-10 10:47:13.683581,2025-01-10 10:47:17.845044,0 days 00:00:04.161463,0.05152244309530345,32,0.30000000000000004,140,100,6.159154641805326e-06,576,0.0006274772152543067,4,2,adam,"{'neurons_per_layer_encoder': [140, 280], 'neurons_per_layer_decoder': [280, 140, 70, 35]}",140,"[280, 140, 70, 35]","[140, 280]",[0.10256017283446162],0.3802845505510655,COMPLETE
758,-0.1872339709642421,2025-01-10 10:47:13.683842,2025-01-10 10:47:15.374778,0 days 00:00:01.690936,0.07256807306104875,32,0.30000000000000004,140,100,5.997690221433269e-06,672,0.0004171052416265341,4,2,sgd,"{'neurons_per_layer_encoder': [140, 280], 'neurons_per_layer_decoder': [280, 140, 70, 35]}",140,"[280, 140, 70, 35]","[140, 280]",[-0.1872339709642421],0.5250618520671715,COMPLETE
759,-1.2020451048627896,2025-01-10 10:47:13.720741,2025-01-10 10:47:16.594027,0 days 00:00:02.873286,0.07503906240213004,32,0.30000000000000004,144,100,6.081089685374689e-06,680,4.237232408148311e-05,4,2,adam,"{'neurons_per_layer_encoder': [144, 288], 'neurons_per_layer_decoder': [288, 144, 72, 36]}",144,"[288, 144, 72, 36]","[144, 288]",[-1.2020451048627896],0.34997841916569294,COMPLETE
760,0.39218054698096405,2025-01-10 10:47:14.977713,2025-01-10 10:47:20.844359,0 days 00:00:05.866646,0.07369762963737019,32,0.30000000000000004,144,100,7.665630685545203e-06,680,0.0006449299116491254,4,2,adam,"{'neurons_per_layer_encoder': [144, 288], 'neurons_per_layer_decoder': [288, 144, 72, 36]}",144,"[288, 144, 72, 36]","[144, 288]",[0.39218054698096405],0.5183219446727084,COMPLETE
761,-0.2192892130176436,2025-01-10 10:47:15.384344,2025-01-10 10:47:18.552157,0 days 00:00:03.167813,0.05203144244888451,32,0.30000000000000004,144,100,7.701005723392901e-06,680,4.1610443418888504e-05,4,2,adam,"{'neurons_per_layer_encoder': [144, 288], 'neurons_per_layer_decoder': [288, 144, 72, 36]}",144,"[288, 144, 72, 36]","[144, 288]",[-0.2192892130176436],0.5370971225214617,COMPLETE
762,0.37414210848770113,2025-01-10 10:47:16.602693,2025-01-10 10:47:22.571190,0 days 00:00:05.968497,0.05229272214358581,32,0.30000000000000004,148,100,7.215052383683093e-06,704,0.0007023747923462656,4,2,adam,"{'neurons_per_layer_encoder': [148, 296], 'neurons_per_layer_decoder': [296, 148, 74, 37]}",148,"[296, 148, 74, 37]","[148, 296]",[0.37414210848770113],0.5093025932889842,COMPLETE
763,0.33488873716906054,2025-01-10 10:47:17.001036,2025-01-10 10:47:22.643854,0 days 00:00:05.642818,0.05107285616864516,32,0.30000000000000004,124,100,7.482718419947239e-06,592,0.00010896418565814108,4,2,adam,"{'neurons_per_layer_encoder': [124, 248], 'neurons_per_layer_decoder': [248, 124, 62, 31]}",124,"[248, 124, 62, 31]","[124, 248]",[0.33488873716906054],0.6726357869800691,COMPLETE
764,0.45821276426391866,2025-01-10 10:47:17.856064,2025-01-10 10:47:23.326537,0 days 00:00:05.470473,0.052341241237174485,32,0.30000000000000004,124,100,7.429087584532749e-06,560,0.0006211083740390914,4,2,adam,"{'neurons_per_layer_encoder': [124, 248], 'neurons_per_layer_decoder': [248, 124, 62, 31]}",124,"[248, 124, 62, 31]","[124, 248]",[0.45821276426391866],0.600869992242162,COMPLETE
765,-0.11320483285886485,2025-01-10 10:47:18.561214,2025-01-10 10:47:21.622110,0 days 00:00:03.060896,0.054982640536113854,32,0.30000000000000004,124,100,9.140490950705944e-06,592,0.000607719523659247,4,2,adam,"{'neurons_per_layer_encoder': [124, 248], 'neurons_per_layer_decoder': [248, 124, 62, 31]}",124,"[248, 124, 62, 31]","[124, 248]",[-0.11320483285886485],0.36366244970527983,COMPLETE
766,0.31176678963365523,2025-01-10 10:47:20.855188,2025-01-10 10:47:26.505221,0 days 00:00:05.650033,0.056908133624505156,32,0.30000000000000004,124,100,8.974672643165538e-06,592,0.0007277589153182731,4,2,adam,"{'neurons_per_layer_encoder': [124, 248], 'neurons_per_layer_decoder': [248, 124, 62, 31]}",124,"[248, 124, 62, 31]","[124, 248]",[0.31176678963365523],0.5158226664374516,COMPLETE
767,-0.21243708040910025,2025-01-10 10:47:21.630511,2025-01-10 10:47:25.599871,0 days 00:00:03.969360,0.056307642987480436,32,0.30000000000000004,220,100,5.043971716261493e-06,608,9.815594670913864e-05,4,2,adam,"{'neurons_per_layer_encoder': [220, 440], 'neurons_per_layer_decoder': [440, 220, 110, 55]}",220,"[440, 220, 110, 55]","[220, 440]",[-0.21243708040910025],0.4469428872612936,COMPLETE
768,0.0009650397541142164,2025-01-10 10:47:22.580190,2025-01-10 10:47:28.756210,0 days 00:00:06.176020,0.05644890753382967,32,0.1,152,100,4.882166545465104e-06,712,0.0005782615491684317,4,2,adam,"{'neurons_per_layer_encoder': [152, 304], 'neurons_per_layer_decoder': [304, 152, 76, 38]}",152,"[304, 152, 76, 38]","[152, 304]",[0.0009650397541142164],-0.0587754110039546,COMPLETE
769,0.3091634692879178,2025-01-10 10:47:22.654277,2025-01-10 10:47:28.932066,0 days 00:00:06.277789,0.056079112843695954,32,0.30000000000000004,152,100,4.6481092903713605e-06,712,1.7655204709121263e-05,4,2,adam,"{'neurons_per_layer_encoder': [152, 304], 'neurons_per_layer_decoder': [304, 152, 76, 38]}",152,"[304, 152, 76, 38]","[152, 304]",[0.3091634692879178],0.677330188953899,COMPLETE
770,0.216522989651181,2025-01-10 10:47:23.335627,2025-01-10 10:47:29.015279,0 days 00:00:05.679652,0.05653307881338681,32,0.30000000000000004,124,100,4.5652353134115534e-06,560,0.0007048940963772601,4,2,adam,"{'neurons_per_layer_encoder': [124, 248], 'neurons_per_layer_decoder': [248, 124, 62, 31]}",124,"[248, 124, 62, 31]","[124, 248]",[0.216522989651181],0.30339702031853477,COMPLETE
771,-0.13960447920313435,2025-01-10 10:47:25.610558,2025-01-10 10:47:29.048860,0 days 00:00:03.438302,0.0565993648114912,32,0.30000000000000004,124,100,9.22472743376233e-06,576,0.0007565997778007218,4,2,adam,"{'neurons_per_layer_encoder': [124, 248], 'neurons_per_layer_decoder': [248, 124, 62, 31]}",124,"[248, 124, 62, 31]","[124, 248]",[-0.13960447920313435],0.35089416331873935,COMPLETE
772,0.4208386635805863,2025-01-10 10:47:26.516460,2025-01-10 10:47:32.044156,0 days 00:00:05.527696,0.06020149656507003,32,0.30000000000000004,124,100,4.739559323163583e-06,576,0.000570715524010101,4,2,adam,"{'neurons_per_layer_encoder': [124, 248], 'neurons_per_layer_decoder': [248, 124, 62, 31]}",124,"[248, 124, 62, 31]","[124, 248]",[0.4208386635805863],0.5529091756963729,COMPLETE
773,-0.897511453210194,2025-01-10 10:47:28.766089,2025-01-10 10:47:31.973166,0 days 00:00:03.207077,0.05321234190047593,32,0.30000000000000004,128,100,9.27726836842906e-06,568,1.4957147044323921e-05,4,2,adam,"{'neurons_per_layer_encoder': [128, 256], 'neurons_per_layer_decoder': [256, 128, 64, 32]}",128,"[256, 128, 64, 32]","[128, 256]",[-0.897511453210194],0.3102423039525136,COMPLETE
774,0.19347982132601238,2025-01-10 10:47:28.940864,2025-01-10 10:47:34.479786,0 days 00:00:05.538922,0.06095133731944514,32,0.30000000000000004,128,100,9.226568155987858e-06,568,0.000725051657900493,4,2,adam,"{'neurons_per_layer_encoder': [128, 256], 'neurons_per_layer_decoder': [256, 128, 64, 32]}",128,"[256, 128, 64, 32]","[128, 256]",[0.19347982132601238],0.3782336966816106,COMPLETE
775,0.29031264999404505,2025-01-10 10:47:29.023990,2025-01-10 10:47:34.698339,0 days 00:00:05.674349,0.06063920049041627,32,0.30000000000000004,128,100,8.691649150640521e-06,616,0.0007647215627415516,4,2,adam,"{'neurons_per_layer_encoder': [128, 256], 'neurons_per_layer_decoder': [256, 128, 64, 32]}",128,"[256, 128, 64, 32]","[128, 256]",[0.29031264999404505],0.42073892064378904,COMPLETE
776,0.18250229679758634,2025-01-10 10:47:29.063009,2025-01-10 10:47:34.684465,0 days 00:00:05.621456,0.06054335406057142,32,0.30000000000000004,136,100,8.449447597170575e-06,536,0.0006223934858006382,4,2,adam,"{'neurons_per_layer_encoder': [136, 272], 'neurons_per_layer_decoder': [272, 136, 68, 34]}",136,"[272, 136, 68, 34]","[136, 272]",[0.18250229679758634],0.36221496930200703,COMPLETE
777,0.3997528242420775,2025-01-10 10:47:31.982897,2025-01-10 10:47:37.639631,0 days 00:00:05.656734,0.06151322487960458,32,0.30000000000000004,136,100,8.366930184265943e-06,664,0.0006008138704561006,4,2,adam,"{'neurons_per_layer_encoder': [136, 272], 'neurons_per_layer_decoder': [272, 136, 68, 34]}",136,"[272, 136, 68, 34]","[136, 272]",[0.3997528242420775],0.5228613959458756,COMPLETE
778,-0.019719194308935872,2025-01-10 10:47:32.066338,2025-01-10 10:47:35.675613,0 days 00:00:03.609275,0.0504322288452544,40,0.30000000000000004,136,100,8.24469988813809e-06,664,0.0006183161546798912,4,2,adam,"{'neurons_per_layer_encoder': [136, 272], 'neurons_per_layer_decoder': [272, 136, 68, 34]}",136,"[272, 136, 68, 34]","[136, 272]",[-0.019719194308935872],0.2921367515383099,COMPLETE
779,0.3206128461001313,2025-01-10 10:47:34.489651,2025-01-10 10:47:40.501858,0 days 00:00:06.012207,0.05030472375706049,32,0.30000000000000004,136,100,6.7706722179525594e-06,664,0.0011211905155829188,4,2,adam,"{'neurons_per_layer_encoder': [136, 272], 'neurons_per_layer_decoder': [272, 136, 68, 34]}",136,"[272, 136, 68, 34]","[136, 272]",[0.3206128461001313],0.37393465269978937,COMPLETE
780,0.05375907986231698,2025-01-10 10:47:34.693667,2025-01-10 10:47:40.079297,0 days 00:00:05.385630,0.05011643860263304,40,0.30000000000000004,136,100,5.528027441030924e-06,520,0.0009199803151241098,4,2,adam,"{'neurons_per_layer_encoder': [136, 272], 'neurons_per_layer_decoder': [272, 136, 68, 34]}",136,"[272, 136, 68, 34]","[136, 272]",[0.05375907986231698],0.0670534157146813,COMPLETE
781,0.30891337931743734,2025-01-10 10:47:34.708351,2025-01-10 10:47:40.115734,0 days 00:00:05.407383,0.050927100727934424,40,0.30000000000000004,136,100,6.813791293588058e-06,664,0.0011125958752356481,4,2,adam,"{'neurons_per_layer_encoder': [136, 272], 'neurons_per_layer_decoder': [272, 136, 68, 34]}",136,"[272, 136, 68, 34]","[136, 272]",[0.30891337931743734],0.3645009361641283,COMPLETE
782,0.15960108878302293,2025-01-10 10:47:35.685444,2025-01-10 10:47:40.687290,0 days 00:00:05.001846,0.05288108280247195,32,0.30000000000000004,136,100,6.762222048673644e-06,520,0.0009406732530114675,4,2,adam,"{'neurons_per_layer_encoder': [136, 272], 'neurons_per_layer_decoder': [272, 136, 68, 34]}",136,"[272, 136, 68, 34]","[136, 272]",[0.15960108878302293],0.3284210017007175,COMPLETE
783,-0.5802790301774428,2025-01-10 10:47:37.649646,2025-01-10 10:47:40.803814,0 days 00:00:03.154168,0.052890186510671774,32,0.30000000000000004,140,100,6.7206380396514515e-06,624,0.0001421142309655004,4,2,adam,"{'neurons_per_layer_encoder': [140, 280], 'neurons_per_layer_decoder': [280, 140, 70, 35]}",140,"[280, 140, 70, 35]","[140, 280]",[-0.5802790301774428],0.3481349344569549,COMPLETE
784,-0.23966589751532585,2025-01-10 10:47:40.088037,2025-01-10 10:47:43.353082,0 days 00:00:03.265045,0.053001045817677415,32,0.30000000000000004,140,100,6.788501170016111e-06,512,0.0010684866500359198,4,2,adadelta,"{'neurons_per_layer_encoder': [140, 280], 'neurons_per_layer_decoder': [280, 140, 70, 35]}",140,"[280, 140, 70, 35]","[140, 280]",[-0.23966589751532585],0.6500457408844451,COMPLETE
785,0.27113084614269467,2025-01-10 10:47:40.132858,2025-01-10 10:47:45.788258,0 days 00:00:05.655400,0.053125951286933294,32,0.30000000000000004,144,100,6.5783373289448535e-06,696,0.0005526995702523325,4,2,adam,"{'neurons_per_layer_encoder': [144, 288], 'neurons_per_layer_decoder': [288, 144, 72, 36]}",144,"[288, 144, 72, 36]","[144, 288]",[0.27113084614269467],0.4340252728820969,COMPLETE
786,-0.20755532836746005,2025-01-10 10:47:40.513633,2025-01-10 10:47:43.910014,0 days 00:00:03.396381,0.053864242484593775,32,0.30000000000000004,140,100,1.1014068614477354e-05,624,0.0008118690675572551,4,2,adadelta,"{'neurons_per_layer_encoder': [140, 280], 'neurons_per_layer_decoder': [280, 140, 70, 35]}",140,"[280, 140, 70, 35]","[140, 280]",[-0.20755532836746005],0.5544680951409673,COMPLETE
787,0.5436177381497669,2025-01-10 10:47:40.696865,2025-01-10 10:47:46.352000,0 days 00:00:05.655135,0.06727322279173385,32,0.30000000000000004,148,100,1.1338490535434887e-05,496,0.0004589400362645425,4,2,adam,"{'neurons_per_layer_encoder': [148, 296], 'neurons_per_layer_decoder': [296, 148, 74, 37]}",148,"[296, 148, 74, 37]","[148, 296]",[0.5436177381497669],0.6953904220621606,COMPLETE
788,-0.25220360192898905,2025-01-10 10:47:40.815894,2025-01-10 10:47:44.123716,0 days 00:00:03.307822,0.06663810913934308,32,0.30000000000000004,148,100,5.394559537547632e-06,608,0.000556421259631649,4,2,adadelta,"{'neurons_per_layer_encoder': [148, 296], 'neurons_per_layer_decoder': [296, 148, 74, 37]}",148,"[296, 148, 74, 37]","[148, 296]",[-0.25220360192898905],0.41988201617641513,COMPLETE
789,-0.03513982052870479,2025-01-10 10:47:43.364304,2025-01-10 10:47:46.670708,0 days 00:00:03.306404,0.06711428404151765,32,0.30000000000000004,148,100,1.12222165294197e-05,608,0.0005577996538431798,4,2,adam,"{'neurons_per_layer_encoder': [148, 296], 'neurons_per_layer_decoder': [296, 148, 74, 37]}",148,"[296, 148, 74, 37]","[148, 296]",[-0.03513982052870479],0.45102852972798446,COMPLETE
790,0.44335549712835,2025-01-10 10:47:43.919002,2025-01-10 10:47:49.892018,0 days 00:00:05.973016,0.0464198481888316,32,0.30000000000000004,148,100,5.319520620873809e-06,704,0.0005504982434555304,4,2,adam,"{'neurons_per_layer_encoder': [148, 296], 'neurons_per_layer_decoder': [296, 148, 74, 37]}",148,"[296, 148, 74, 37]","[148, 296]",[0.44335549712835],0.5544511992712275,COMPLETE
791,0.2752705838135191,2025-01-10 10:47:44.132444,2025-01-10 10:47:50.022278,0 days 00:00:05.889834,0.04556593547243533,32,0.30000000000000004,148,100,1.0948571377827853e-05,704,0.00046372102734688604,4,2,adam,"{'neurons_per_layer_encoder': [148, 296], 'neurons_per_layer_decoder': [296, 148, 74, 37]}",148,"[296, 148, 74, 37]","[148, 296]",[0.2752705838135191],0.5482479752954204,COMPLETE
792,-0.007736870210025559,2025-01-10 10:47:45.799743,2025-01-10 10:47:49.507084,0 days 00:00:03.707341,0.04596308065983365,32,0.30000000000000004,132,100,5.618949495559818e-06,624,0.0004548844237564543,4,2,adam,"{'neurons_per_layer_encoder': [132, 264], 'neurons_per_layer_decoder': [264, 132, 66, 33]}",132,"[264, 132, 66, 33]","[132, 264]",[-0.007736870210025559],0.4447567700496585,COMPLETE
793,-0.35340832755767915,2025-01-10 10:47:46.362447,2025-01-10 10:47:49.616776,0 days 00:00:03.254329,0.07384232407033044,32,0.30000000000000004,148,100,1.1061312921114066e-05,496,0.00044067008730828863,4,2,adam,"{'neurons_per_layer_encoder': [148, 296], 'neurons_per_layer_decoder': [296, 148, 74, 37]}",148,"[296, 148, 74, 37]","[148, 296]",[-0.35340832755767915],0.241089802534034,COMPLETE
794,0.08471890162864304,2025-01-10 10:47:46.679610,2025-01-10 10:47:52.269201,0 days 00:00:05.589591,0.07112538993484573,32,0.30000000000000004,132,100,1.172307513284942e-05,496,0.00045820625206185236,4,2,adam,"{'neurons_per_layer_encoder': [132, 264], 'neurons_per_layer_decoder': [264, 132, 66, 33]}",132,"[264, 132, 66, 33]","[132, 264]",[0.08471890162864304],0.41201274361199747,COMPLETE
795,0.20418121917619636,2025-01-10 10:47:49.516811,2025-01-10 10:47:54.532873,0 days 00:00:05.016062,0.07179065965618989,40,0.30000000000000004,128,100,1.2319987082671053e-05,488,0.00045116381239232597,4,2,adam,"{'neurons_per_layer_encoder': [128, 256], 'neurons_per_layer_decoder': [256, 128, 64, 32]}",128,"[256, 128, 64, 32]","[128, 256]",[0.20418121917619636],0.49918047415645833,COMPLETE
796,0.15635180523268954,2025-01-10 10:47:49.625651,2025-01-10 10:47:54.841255,0 days 00:00:05.215604,0.0701042604567237,40,0.30000000000000004,128,100,1.2773950424392346e-05,552,0.00047267062632452866,4,2,adam,"{'neurons_per_layer_encoder': [128, 256], 'neurons_per_layer_decoder': [256, 128, 64, 32]}",128,"[256, 128, 64, 32]","[128, 256]",[0.15635180523268954],0.3822922014143372,COMPLETE
797,0.557774465189928,2025-01-10 10:47:49.902147,2025-01-10 10:47:55.575397,0 days 00:00:05.673250,0.06954447889180042,32,0.30000000000000004,128,100,1.0013302772079837e-05,616,0.0004550831940133402,4,2,adam,"{'neurons_per_layer_encoder': [128, 256], 'neurons_per_layer_decoder': [256, 128, 64, 32]}",128,"[256, 128, 64, 32]","[128, 256]",[0.557774465189928],0.6947993174778531,COMPLETE
798,0.25685074799988084,2025-01-10 10:47:50.031851,2025-01-10 10:47:55.208464,0 days 00:00:05.176613,0.0695744241126647,40,0.30000000000000004,128,100,1.3307012529622154e-05,616,0.0003993941299441018,4,2,adam,"{'neurons_per_layer_encoder': [128, 256], 'neurons_per_layer_decoder': [256, 128, 64, 32]}",128,"[256, 128, 64, 32]","[128, 256]",[0.25685074799988084],0.5325764313530483,COMPLETE
799,0.19438719775308544,2025-01-10 10:47:52.279829,2025-01-10 10:47:57.300036,0 days 00:00:05.020207,0.06511451177934507,40,0.30000000000000004,120,100,9.868325445163016e-06,584,0.0003815545530748054,4,2,adam,"{'neurons_per_layer_encoder': [120, 240], 'neurons_per_layer_decoder': [240, 120, 60, 30]}",120,"[240, 120, 60, 30]","[120, 240]",[0.19438719775308544],0.4268513173982053,COMPLETE
800,0.4662723711004525,2025-01-10 10:47:54.542790,2025-01-10 10:47:59.742865,0 days 00:00:05.200075,0.06478965488262323,32,0.30000000000000004,120,100,1.5084968351900034e-05,552,0.00037879380933882235,4,2,adam,"{'neurons_per_layer_encoder': [120, 240], 'neurons_per_layer_decoder': [240, 120, 60, 30]}",120,"[240, 120, 60, 30]","[120, 240]",[0.4662723711004525],0.6905835742990477,COMPLETE
801,0.03347497909018626,2025-01-10 10:47:54.850206,2025-01-10 10:47:59.304062,0 days 00:00:04.453856,0.06366397115784793,32,0.30000000000000004,120,100,9.693259969635273e-06,584,0.0003881315026847317,4,2,adam,"{'neurons_per_layer_encoder': [120, 240], 'neurons_per_layer_decoder': [240, 120, 60, 30]}",120,"[240, 120, 60, 30]","[120, 240]",[0.03347497909018626],0.4249522707215642,COMPLETE
802,-0.05276400147335125,2025-01-10 10:47:55.217815,2025-01-10 10:47:58.611509,0 days 00:00:03.393694,0.06345289529944965,32,0.30000000000000004,120,100,1.5538002446196883e-05,584,6.651107593248911e-05,4,2,adam,"{'neurons_per_layer_encoder': [120, 240], 'neurons_per_layer_decoder': [240, 120, 60, 30]}",120,"[240, 120, 60, 30]","[120, 240]",[-0.05276400147335125],0.6201692115216553,COMPLETE
803,0.4114375320341336,2025-01-10 10:47:55.584503,2025-01-10 10:48:00.952320,0 days 00:00:05.367817,0.07553525343804318,32,0.30000000000000004,120,100,9.733357068613258e-06,584,0.0003690060668971245,4,2,adam,"{'neurons_per_layer_encoder': [120, 240], 'neurons_per_layer_decoder': [240, 120, 60, 30]}",120,"[240, 120, 60, 30]","[120, 240]",[0.4114375320341336],0.5964960713743966,COMPLETE
804,0.14609643584209409,2025-01-10 10:47:57.310075,2025-01-10 10:48:03.123174,0 days 00:00:05.813099,0.0891118215536413,32,0.30000000000000004,120,100,1.3883544498701836e-05,584,0.00038369850269417635,4,2,adam,"{'neurons_per_layer_encoder': [120, 240], 'neurons_per_layer_decoder': [240, 120, 60, 30]}",120,"[240, 120, 60, 30]","[120, 240]",[0.14609643584209409],0.50054081936244,COMPLETE
805,0.4298622792495497,2025-01-10 10:47:58.620616,2025-01-10 10:48:04.674731,0 days 00:00:06.054115,0.07430184219898905,32,0.30000000000000004,152,100,9.085153047074073e-06,504,0.0003832353997379575,4,2,adam,"{'neurons_per_layer_encoder': [152, 304], 'neurons_per_layer_decoder': [304, 152, 76, 38]}",152,"[304, 152, 76, 38]","[152, 304]",[0.4298622792495497],0.6395577250527179,COMPLETE
806,0.3967523440403433,2025-01-10 10:47:59.313726,2025-01-10 10:48:05.016541,0 days 00:00:05.702815,0.07354961108008362,32,0.30000000000000004,140,100,1.0166446904332755e-05,608,0.0004106338599414309,4,2,adam,"{'neurons_per_layer_encoder': [140, 280], 'neurons_per_layer_decoder': [280, 140, 70, 35]}",140,"[280, 140, 70, 35]","[140, 280]",[0.3967523440403433],0.6001721751915169,COMPLETE
