number,value,datetime_start,datetime_complete,duration,params_alpha,params_batch_size,params_drop_out_rate,params_encoder_neurons_layer_1,params_epochs,params_lambda,params_latent_dim,params_learning_rate,params_num_layers_decoder,params_num_layers_encoder,params_optimizer,user_attrs_encoder_decoder_config,user_attrs_first_layer_neurons,user_attrs_neurons_per_layer_decoder,user_attrs_neurons_per_layer_encoder,user_attrs_r2_feature_1,user_attrs_relative_deterioration,state
1136,0.019836674876048566,2025-01-10 10:53:44.648957,2025-01-10 10:53:49.955469,0 days 00:00:05.306512,0.07042771591046929,32,0.30000000000000004,156,100,8.542211448491607e-06,544,0.001269330411796617,4,2,adam,"{'neurons_per_layer_encoder': [156, 312], 'neurons_per_layer_decoder': [312, 156, 78, 39]}",156,"[312, 156, 78, 39]","[156, 312]",[0.019836674876048566],0.27057751623340237,COMPLETE
1137,-0.6090636330578643,2025-01-10 10:53:49.218902,2025-01-10 10:53:52.299908,0 days 00:00:03.081006,0.07508145380789152,40,0.30000000000000004,168,100,8.061088131737525e-06,568,0.0013609518817270139,4,2,adadelta,"{'neurons_per_layer_encoder': [168, 336], 'neurons_per_layer_decoder': [336, 168, 84, 42]}",168,"[336, 168, 84, 42]","[168, 336]",[-0.6090636330578643],0.4717276464591294,COMPLETE
1138,0.09038769153159687,2025-01-10 10:53:49.684962,2025-01-10 10:53:54.183805,0 days 00:00:04.498843,0.07781458133723451,32,0.30000000000000004,168,100,7.83579079421409e-06,552,0.0012524577497247148,4,2,adam,"{'neurons_per_layer_encoder': [168, 336], 'neurons_per_layer_decoder': [336, 168, 84, 42]}",168,"[336, 168, 84, 42]","[168, 336]",[0.09038769153159687],0.34957637759450244,COMPLETE
1139,-0.40279976185606126,2025-01-10 10:53:49.966446,2025-01-10 10:53:53.738453,0 days 00:00:03.772007,0.07598445098485856,32,0.30000000000000004,168,100,6.945623054606353e-06,552,6.935637347781723e-05,4,2,adam,"{'neurons_per_layer_encoder': [168, 336], 'neurons_per_layer_decoder': [336, 168, 84, 42]}",168,"[336, 168, 84, 42]","[168, 336]",[-0.40279976185606126],0.4001530324276925,COMPLETE
1140,0.48008042250513105,2025-01-10 10:53:49.966918,2025-01-10 10:53:56.179513,0 days 00:00:06.212595,0.0752856180876059,32,0.30000000000000004,160,100,7.657363098301104e-06,552,0.0006978908688867139,4,2,adam,"{'neurons_per_layer_encoder': [160, 320], 'neurons_per_layer_decoder': [320, 160, 80, 40]}",160,"[320, 160, 80, 40]","[160, 320]",[0.48008042250513105],0.6007382361861242,COMPLETE
1141,-0.38902316380290336,2025-01-10 10:53:50.597967,2025-01-10 10:53:54.107385,0 days 00:00:03.509418,0.08062345989023481,32,0.30000000000000004,140,100,1.2872389649118342e-06,544,6.525384631545246e-05,4,2,adam,"{'neurons_per_layer_encoder': [140, 280], 'neurons_per_layer_decoder': [280, 140, 70, 35]}",140,"[280, 140, 70, 35]","[140, 280]",[-0.38902316380290336],0.44323780652828143,COMPLETE
1142,0.5910285571152285,2025-01-10 10:53:52.312062,2025-01-10 10:53:58.635805,0 days 00:00:06.323743,0.08076385589024218,32,0.30000000000000004,140,100,9.923204879330653e-06,544,0.0006755627932071036,4,2,adam,"{'neurons_per_layer_encoder': [140, 280], 'neurons_per_layer_decoder': [280, 140, 70, 35]}",140,"[280, 140, 70, 35]","[140, 280]",[0.5910285571152285],0.7102699023188719,COMPLETE
1143,-0.14722580115061423,2025-01-10 10:53:53.748886,2025-01-10 10:53:58.464965,0 days 00:00:04.716079,0.06636669902090726,32,0.30000000000000004,140,100,9.65852673292831e-06,624,0.000984762471530892,4,2,adam,"{'neurons_per_layer_encoder': [140, 280], 'neurons_per_layer_decoder': [280, 140, 70, 35]}",140,"[280, 140, 70, 35]","[140, 280]",[-0.14722580115061423],0.26858699585407536,COMPLETE
1144,0.35210011042414924,2025-01-10 10:53:54.116791,2025-01-10 10:54:00.107706,0 days 00:00:05.990915,0.06742779143317112,32,0.30000000000000004,132,100,9.90282938282871e-06,624,0.0010546820782703448,4,2,adam,"{'neurons_per_layer_encoder': [132, 264], 'neurons_per_layer_decoder': [264, 132, 66, 33]}",132,"[264, 132, 66, 33]","[132, 264]",[0.35210011042414924],0.44647476774705513,COMPLETE
1145,0.4327877851138283,2025-01-10 10:53:54.200178,2025-01-10 10:54:00.570747,0 days 00:00:06.370569,0.06910829932300482,32,0.30000000000000004,160,100,1.0021386030671487e-05,536,0.0006660122727991382,4,2,adam,"{'neurons_per_layer_encoder': [160, 320], 'neurons_per_layer_decoder': [320, 160, 80, 40]}",160,"[320, 160, 80, 40]","[160, 320]",[0.4327877851138283],0.6132759396626143,COMPLETE
1146,-0.12355072133365419,2025-01-10 10:53:56.193439,2025-01-10 10:53:59.788293,0 days 00:00:03.594854,0.06637525925908261,32,0.30000000000000004,132,100,9.773725703171182e-06,624,0.00033357281777999457,4,2,adam,"{'neurons_per_layer_encoder': [132, 264], 'neurons_per_layer_decoder': [264, 132, 66, 33]}",132,"[264, 132, 66, 33]","[132, 264]",[-0.12355072133365419],0.46035192354115917,COMPLETE
1147,0.41786802262373923,2025-01-10 10:53:58.476801,2025-01-10 10:54:04.543948,0 days 00:00:06.067147,0.06742108088569801,32,0.30000000000000004,116,100,9.785737734665377e-06,560,0.0006899585834508657,4,2,adam,"{'neurons_per_layer_encoder': [116, 232], 'neurons_per_layer_decoder': [232, 116, 58, 29]}",116,"[232, 116, 58, 29]","[116, 232]",[0.41786802262373923],0.6012699548528608,COMPLETE
1148,0.42305333199269723,2025-01-10 10:53:58.647565,2025-01-10 10:54:05.529357,0 days 00:00:06.881792,0.08802645586333865,32,0.30000000000000004,212,100,1.023357090319276e-05,480,0.0006605221196464079,4,2,adam,"{'neurons_per_layer_encoder': [212, 424], 'neurons_per_layer_decoder': [424, 212, 106, 53]}",212,"[424, 212, 106, 53]","[212, 424]",[0.42305333199269723],0.6466629504170716,COMPLETE
1149,-0.35007778634147857,2025-01-10 10:53:59.798281,2025-01-10 10:54:03.263845,0 days 00:00:03.465564,0.08819834429125732,32,0.30000000000000004,144,100,1.1230074346077786e-05,680,0.0004572091433016055,4,2,adam,"{'neurons_per_layer_encoder': [144, 288], 'neurons_per_layer_decoder': [288, 144, 72, 36]}",144,"[288, 144, 72, 36]","[144, 288]",[-0.35007778634147857],0.3558704315642289,COMPLETE
1150,0.3642403523105029,2025-01-10 10:54:00.118051,2025-01-10 10:54:06.401178,0 days 00:00:06.283127,0.08609763376321539,32,0.30000000000000004,144,100,1.102760789945782e-05,680,0.0006490841898529704,4,2,adam,"{'neurons_per_layer_encoder': [144, 288], 'neurons_per_layer_decoder': [288, 144, 72, 36]}",144,"[288, 144, 72, 36]","[144, 288]",[0.3642403523105029],0.5918471917929489,COMPLETE
1151,-0.14335311639505388,2025-01-10 10:54:00.585388,2025-01-10 10:54:02.963236,0 days 00:00:02.377848,0.06942525493484478,32,0.30000000000000004,144,100,1.1282812276556033e-05,680,0.00047239026223581536,4,2,sgd,"{'neurons_per_layer_encoder': [144, 288], 'neurons_per_layer_decoder': [288, 144, 72, 36]}",144,"[288, 144, 72, 36]","[144, 288]",[-0.14335311639505388],0.5796896617027715,COMPLETE
1152,0.14609561536837223,2025-01-10 10:54:02.975254,2025-01-10 10:54:08.244265,0 days 00:00:05.269011,0.08293134777805346,32,0.30000000000000004,144,100,1.150995466291085e-05,632,0.0004431950954071902,4,2,adam,"{'neurons_per_layer_encoder': [144, 288], 'neurons_per_layer_decoder': [288, 144, 72, 36]}",144,"[288, 144, 72, 36]","[144, 288]",[0.14609561536837223],0.530362615239206,COMPLETE
1153,0.39885013457546004,2025-01-10 10:54:03.276071,2025-01-10 10:54:09.547567,0 days 00:00:06.271496,0.07897763388091711,32,0.30000000000000004,140,100,9.340973032145626e-06,656,0.000629734958051886,4,2,adam,"{'neurons_per_layer_encoder': [140, 280], 'neurons_per_layer_decoder': [280, 140, 70, 35]}",140,"[280, 140, 70, 35]","[140, 280]",[0.39885013457546004],0.5085765342988708,COMPLETE
1154,0.10431416234592028,2025-01-10 10:54:04.556170,2025-01-10 10:54:09.755423,0 days 00:00:05.199253,0.08652640595413845,104,0.30000000000000004,140,100,1.3613777499206291e-05,656,0.0006139540696269809,4,2,adam,"{'neurons_per_layer_encoder': [140, 280], 'neurons_per_layer_decoder': [280, 140, 70, 35]}",140,"[280, 140, 70, 35]","[140, 280]",[0.10431416234592028],0.32290880021156426,COMPLETE
1155,0.41517634704329986,2025-01-10 10:54:05.541429,2025-01-10 10:54:11.746041,0 days 00:00:06.204612,0.08456063544135459,32,0.30000000000000004,140,100,1.1829141658558188e-05,656,0.0005959682741003435,4,2,adam,"{'neurons_per_layer_encoder': [140, 280], 'neurons_per_layer_decoder': [280, 140, 70, 35]}",140,"[280, 140, 70, 35]","[140, 280]",[0.41517634704329986],0.6087872700988615,COMPLETE
1156,-0.5464595958435265,2025-01-10 10:54:06.411872,2025-01-10 10:54:09.769047,0 days 00:00:03.357175,0.08410481597254278,32,0.30000000000000004,140,100,6.602964032397866e-06,656,1.9012261798350617e-05,4,2,adam,"{'neurons_per_layer_encoder': [140, 280], 'neurons_per_layer_decoder': [280, 140, 70, 35]}",140,"[280, 140, 70, 35]","[140, 280]",[-0.5464595958435265],0.37682658530395186,COMPLETE
1157,0.3018039243376345,2025-01-10 10:54:08.255063,2025-01-10 10:54:14.772110,0 days 00:00:06.517047,0.08145315397823365,32,0.30000000000000004,140,100,9.111411867513435e-06,656,0.001561859532860674,4,2,adam,"{'neurons_per_layer_encoder': [140, 280], 'neurons_per_layer_decoder': [280, 140, 70, 35]}",140,"[280, 140, 70, 35]","[140, 280]",[0.3018039243376345],0.40255323713075525,COMPLETE
1158,0.22318955761727743,2025-01-10 10:54:09.560215,2025-01-10 10:54:16.790775,0 days 00:00:07.230560,0.07035066854692644,32,0.30000000000000004,148,100,6.852132077781115e-06,528,0.0003897083300445466,4,2,adam,"{'neurons_per_layer_encoder': [148, 296], 'neurons_per_layer_decoder': [296, 148, 74, 37]}",148,"[296, 148, 74, 37]","[148, 296]",[0.22318955761727743],0.39049774346266636,COMPLETE
1159,0.41279282832276587,2025-01-10 10:54:09.766226,2025-01-10 10:54:16.410621,0 days 00:00:06.644395,0.08001634071864819,32,0.30000000000000004,148,100,8.778619402194585e-06,528,0.0003897767813885895,4,2,adam,"{'neurons_per_layer_encoder': [148, 296], 'neurons_per_layer_decoder': [296, 148, 74, 37]}",148,"[296, 148, 74, 37]","[148, 296]",[0.41279282832276587],0.6060198022984626,COMPLETE
1160,0.23361294799074017,2025-01-10 10:54:09.780069,2025-01-10 10:54:15.168706,0 days 00:00:05.388637,0.08042526690366988,96,0.30000000000000004,148,100,7.080612352392405e-06,688,0.0003853902683264967,4,2,adam,"{'neurons_per_layer_encoder': [148, 296], 'neurons_per_layer_decoder': [296, 148, 74, 37]}",148,"[296, 148, 74, 37]","[148, 296]",[0.23361294799074017],0.42375383794479654,COMPLETE
1161,0.2662706060017327,2025-01-10 10:54:11.757363,2025-01-10 10:54:18.332700,0 days 00:00:06.575337,0.07799718040842049,40,0.30000000000000004,148,100,7.094998016747781e-06,528,0.00038700705100884155,4,2,adam,"{'neurons_per_layer_encoder': [148, 296], 'neurons_per_layer_decoder': [296, 148, 74, 37]}",148,"[296, 148, 74, 37]","[148, 296]",[0.2662706060017327],0.3373758712167398,COMPLETE
1162,0.38411269758007816,2025-01-10 10:54:14.785152,2025-01-10 10:54:21.844075,0 days 00:00:07.058923,0.0739300403854877,32,0.30000000000000004,148,100,7.074128642985166e-06,528,0.00039243053318857075,4,2,adam,"{'neurons_per_layer_encoder': [148, 296], 'neurons_per_layer_decoder': [296, 148, 74, 37]}",148,"[296, 148, 74, 37]","[148, 296]",[0.38411269758007816],0.5623355460201662,COMPLETE
1163,0.029015284251232232,2025-01-10 10:54:15.179657,2025-01-10 10:54:21.553818,0 days 00:00:06.374161,0.07303297158568231,32,0.30000000000000004,148,100,7.946844116000285e-06,528,0.00048085333518838513,4,2,adam,"{'neurons_per_layer_encoder': [148, 296], 'neurons_per_layer_decoder': [296, 148, 74, 37]}",148,"[296, 148, 74, 37]","[148, 296]",[0.029015284251232232],0.34280596325817686,COMPLETE
1164,0.1987903613424773,2025-01-10 10:54:16.421412,2025-01-10 10:54:22.870538,0 days 00:00:06.449126,0.07245076998837681,40,0.30000000000000004,136,100,1.476285139036921e-05,632,0.0005085372043212164,4,2,adam,"{'neurons_per_layer_encoder': [136, 272], 'neurons_per_layer_decoder': [272, 136, 68, 34]}",136,"[272, 136, 68, 34]","[136, 272]",[0.1987903613424773],0.41167250204663836,COMPLETE
1165,-0.1158159686505531,2025-01-10 10:54:16.803582,2025-01-10 10:54:21.065205,0 days 00:00:04.261623,0.07434309956086645,40,0.30000000000000004,136,100,7.8687215870052e-06,632,0.0005038878000574705,4,2,adam,"{'neurons_per_layer_encoder': [136, 272], 'neurons_per_layer_decoder': [272, 136, 68, 34]}",136,"[272, 136, 68, 34]","[136, 272]",[-0.1158159686505531],0.3142866538192729,COMPLETE
1166,0.3327887871116919,2025-01-10 10:54:18.346953,2025-01-10 10:54:24.657226,0 days 00:00:06.310273,0.07201779642400682,32,0.30000000000000004,132,100,7.797549145466567e-06,640,0.0005073328442388149,4,2,adam,"{'neurons_per_layer_encoder': [132, 264], 'neurons_per_layer_decoder': [264, 132, 66, 33]}",132,"[264, 132, 66, 33]","[132, 264]",[0.3327887871116919],0.5392930744497821,COMPLETE
1167,0.2171219899510859,2025-01-10 10:54:21.076914,2025-01-10 10:54:27.460899,0 days 00:00:06.383985,0.06273844854600456,32,0.30000000000000004,132,100,6.2397882134120945e-06,640,0.0005466274106872779,4,2,adam,"{'neurons_per_layer_encoder': [132, 264], 'neurons_per_layer_decoder': [264, 132, 66, 33]}",132,"[264, 132, 66, 33]","[132, 264]",[0.2171219899510859],0.3803142102831123,COMPLETE
1168,-0.09158130607346537,2025-01-10 10:54:21.565502,2025-01-10 10:54:25.654906,0 days 00:00:04.089404,0.06310036549073998,32,0.30000000000000004,132,100,1.6575030102373064e-05,640,0.0005498175003518219,4,2,adam,"{'neurons_per_layer_encoder': [132, 264], 'neurons_per_layer_decoder': [264, 132, 66, 33]}",132,"[264, 132, 66, 33]","[132, 264]",[-0.09158130607346537],0.41993792528108254,COMPLETE
1169,0.35840810555024827,2025-01-10 10:54:21.855431,2025-01-10 10:54:28.122543,0 days 00:00:06.267112,0.06381013427363932,32,0.30000000000000004,132,100,6.220665243811322e-06,640,0.0005406698823550783,4,2,adam,"{'neurons_per_layer_encoder': [132, 264], 'neurons_per_layer_decoder': [264, 132, 66, 33]}",132,"[264, 132, 66, 33]","[132, 264]",[0.35840810555024827],0.49923285266190476,COMPLETE
1170,-0.06122616298647077,2025-01-10 10:54:22.881458,2025-01-10 10:54:27.558982,0 days 00:00:04.677524,0.06130422313114393,32,0.30000000000000004,156,100,6.030054654995891e-06,544,0.00028483205563189796,4,2,adam,"{'neurons_per_layer_encoder': [156, 312], 'neurons_per_layer_decoder': [312, 156, 78, 39]}",156,"[312, 156, 78, 39]","[156, 312]",[-0.06122616298647077],0.3634726056010055,COMPLETE
1171,0.022136659457287156,2025-01-10 10:54:24.667983,2025-01-10 10:54:28.441088,0 days 00:00:03.773105,0.09543930623628867,32,0.30000000000000004,156,100,1.3530619818029686e-05,544,0.0005739559998582724,4,2,adam,"{'neurons_per_layer_encoder': [156, 312], 'neurons_per_layer_decoder': [312, 156, 78, 39]}",156,"[312, 156, 78, 39]","[156, 312]",[0.022136659457287156],0.44385534930705217,COMPLETE
1172,-0.5581979981198568,2025-01-10 10:54:25.665984,2025-01-10 10:54:27.780106,0 days 00:00:02.114122,0.06416331752406634,32,0.30000000000000004,156,100,5.899505630203896e-06,544,0.0003132141525800764,4,2,sgd,"{'neurons_per_layer_encoder': [156, 312], 'neurons_per_layer_decoder': [312, 156, 78, 39]}",156,"[312, 156, 78, 39]","[156, 312]",[-0.5581979981198568],0.5729948192967433,COMPLETE
1173,0.3954815951992101,2025-01-10 10:54:27.501887,2025-01-10 10:54:34.665806,0 days 00:00:07.163919,0.09913427300837262,32,0.30000000000000004,156,100,9.569898941363768e-06,736,0.0003071297306298029,4,2,adam,"{'neurons_per_layer_encoder': [156, 312], 'neurons_per_layer_decoder': [312, 156, 78, 39]}",156,"[312, 156, 78, 39]","[156, 312]",[0.3954815951992101],0.5987144453299209,COMPLETE
1174,-0.20142317778063878,2025-01-10 10:54:27.572089,2025-01-10 10:54:30.888591,0 days 00:00:03.316502,0.05862003722263584,32,0.30000000000000004,136,100,1.2362587152222956e-05,632,0.0007307129845276995,4,2,sgd,"{'neurons_per_layer_encoder': [136, 272], 'neurons_per_layer_decoder': [272, 136, 68, 34]}",136,"[272, 136, 68, 34]","[136, 272]",[-0.20142317778063878],0.537801609600918,COMPLETE
1175,0.3383574987386454,2025-01-10 10:54:27.789719,2025-01-10 10:54:34.568552,0 days 00:00:06.778833,0.1008771271363794,32,0.30000000000000004,136,100,1.283566932372876e-05,632,0.0007308722919428105,4,2,adam,"{'neurons_per_layer_encoder': [136, 272], 'neurons_per_layer_decoder': [272, 136, 68, 34]}",136,"[272, 136, 68, 34]","[136, 272]",[0.3383574987386454],0.5376931039935972,COMPLETE
1176,0.011915108548191111,2025-01-10 10:54:28.132615,2025-01-10 10:54:33.179657,0 days 00:00:05.047042,0.09754095849528256,32,0.30000000000000004,136,100,9.309857742573147e-06,632,0.0006892513726216958,4,2,adam,"{'neurons_per_layer_encoder': [136, 272], 'neurons_per_layer_decoder': [272, 136, 68, 34]}",136,"[272, 136, 68, 34]","[136, 272]",[0.011915108548191111],0.4464230741193506,COMPLETE
1177,0.2076844939942225,2025-01-10 10:54:28.451377,2025-01-10 10:54:35.358318,0 days 00:00:06.906941,0.12594988772858856,32,0.30000000000000004,136,100,9.119704563072783e-06,632,0.0006898113226762646,4,2,adam,"{'neurons_per_layer_encoder': [136, 272], 'neurons_per_layer_decoder': [272, 136, 68, 34]}",136,"[272, 136, 68, 34]","[136, 272]",[0.2076844939942225],0.33688862564058064,COMPLETE
1178,0.4369201884070587,2025-01-10 10:54:30.902429,2025-01-10 10:54:36.341788,0 days 00:00:05.439359,0.06853366164029231,32,0.30000000000000004,144,100,8.915434392531935e-06,344,0.0007287305474947234,4,1,adam,"{'neurons_per_layer_encoder': [144], 'neurons_per_layer_decoder': [144, 72, 36, 18]}",144,"[144, 72, 36, 18]",[144],[0.4369201884070587],0.4918105863351678,COMPLETE
1179,0.16496905978300647,2025-01-10 10:54:33.190619,2025-01-10 10:54:38.288855,0 days 00:00:05.098236,0.05858827937015575,32,0.30000000000000004,144,100,1.0564125202600631e-05,360,0.0008938355664015147,4,1,adam,"{'neurons_per_layer_encoder': [144], 'neurons_per_layer_decoder': [144, 72, 36, 18]}",144,"[144, 72, 36, 18]",[144],[0.16496905978300647],0.3211874923912264,COMPLETE
1180,-0.03720226818372785,2025-01-10 10:54:34.578769,2025-01-10 10:54:37.942826,0 days 00:00:03.364057,0.07004688694882431,40,0.30000000000000004,144,100,1.0639145702048204e-05,600,0.00043996071285557474,4,2,adam,"{'neurons_per_layer_encoder': [144, 288], 'neurons_per_layer_decoder': [288, 144, 72, 36]}",144,"[288, 144, 72, 36]","[144, 288]",[-0.03720226818372785],0.4249784132688698,COMPLETE
1181,0.24232204244968225,2025-01-10 10:54:34.678384,2025-01-10 10:54:38.865601,0 days 00:00:04.187217,0.0678558469892407,40,0.30000000000000004,144,100,1.0370941680927967e-05,232,0.0004547420825296672,4,1,adam,"{'neurons_per_layer_encoder': [144], 'neurons_per_layer_decoder': [144, 72, 36, 18]}",144,"[144, 72, 36, 18]",[144],[0.24232204244968225],0.40782414415096657,COMPLETE
1182,0.23538715122959952,2025-01-10 10:54:35.368978,2025-01-10 10:54:40.111669,0 days 00:00:04.742691,0.05837299281984561,112,0.30000000000000004,144,100,1.0960271523345307e-05,696,0.0004440090968610798,4,2,adam,"{'neurons_per_layer_encoder': [144, 288], 'neurons_per_layer_decoder': [288, 144, 72, 36]}",144,"[288, 144, 72, 36]","[144, 288]",[0.23538715122959952],0.5087262301683956,COMPLETE
1183,0.10255076088807413,2025-01-10 10:54:36.353128,2025-01-10 10:54:41.345756,0 days 00:00:04.992628,0.05715631616150138,40,0.30000000000000004,144,100,1.1156079397234712e-05,680,0.0008737386097178745,4,2,adam,"{'neurons_per_layer_encoder': [144, 288], 'neurons_per_layer_decoder': [288, 144, 72, 36]}",144,"[288, 144, 72, 36]","[144, 288]",[0.10255076088807413],0.33891988275262414,COMPLETE
1184,0.010033517704341355,2025-01-10 10:54:37.953637,2025-01-10 10:54:42.546161,0 days 00:00:04.592524,0.07786401297994376,32,0.30000000000000004,164,100,1.1161079258688751e-05,768,0.000866942755475428,4,2,adam,"{'neurons_per_layer_encoder': [164, 328], 'neurons_per_layer_decoder': [328, 164, 82, 41]}",164,"[328, 164, 82, 41]","[164, 328]",[0.010033517704341355],0.43572876105168484,COMPLETE
1185,0.042152435494649865,2025-01-10 10:54:38.300017,2025-01-10 10:54:42.990362,0 days 00:00:04.690345,0.05547117500385862,40,0.30000000000000004,164,100,2.0454286509614696e-05,752,0.000461748499010909,4,2,adam,"{'neurons_per_layer_encoder': [164, 328], 'neurons_per_layer_decoder': [328, 164, 82, 41]}",164,"[328, 164, 82, 41]","[164, 328]",[0.042152435494649865],0.48077134890557777,COMPLETE
1186,0.2488512318599796,2025-01-10 10:54:38.877422,2025-01-10 10:54:44.131819,0 days 00:00:05.254397,0.0771885627420627,88,0.30000000000000004,164,100,8.224731680254866e-06,496,0.0005961381830387472,4,2,adam,"{'neurons_per_layer_encoder': [164, 328], 'neurons_per_layer_decoder': [328, 164, 82, 41]}",164,"[328, 164, 82, 41]","[164, 328]",[0.2488512318599796],0.3826200692418008,COMPLETE
1187,0.23714086726224937,2025-01-10 10:54:40.122310,2025-01-10 10:54:45.346007,0 days 00:00:05.223697,0.07729420193936082,32,0.30000000000000004,152,100,7.911943194956551e-06,488,0.0006004968354662361,4,2,adam,"{'neurons_per_layer_encoder': [152, 304], 'neurons_per_layer_decoder': [304, 152, 76, 38]}",152,"[304, 152, 76, 38]","[152, 304]",[0.23714086726224937],0.4785841006014407,COMPLETE
1188,0.32266713135321157,2025-01-10 10:54:41.360799,2025-01-10 10:54:47.450739,0 days 00:00:06.089940,0.07820604990761262,32,0.30000000000000004,128,100,7.993059695336168e-06,600,0.0005967971970480337,4,2,adam,"{'neurons_per_layer_encoder': [128, 256], 'neurons_per_layer_decoder': [256, 128, 64, 32]}",128,"[256, 128, 64, 32]","[128, 256]",[0.32266713135321157],0.44678341641390446,COMPLETE
1189,-0.04306914389341143,2025-01-10 10:54:42.557427,2025-01-10 10:54:46.666479,0 days 00:00:04.109052,0.012675014273387904,88,0.30000000000000004,128,100,8.102208986257029e-06,600,0.0006221418995961526,4,2,adam,"{'neurons_per_layer_encoder': [128, 256], 'neurons_per_layer_decoder': [256, 128, 64, 32]}",128,"[256, 128, 64, 32]","[128, 256]",[-0.04306914389341143],0.10371847637246709,COMPLETE
1190,0.4812955545733776,2025-01-10 10:54:43.001308,2025-01-10 10:54:49.001329,0 days 00:00:06.000021,0.07343974286607689,32,0.30000000000000004,128,100,7.530650386932823e-06,616,0.0006203370122903817,4,2,adam,"{'neurons_per_layer_encoder': [128, 256], 'neurons_per_layer_decoder': [256, 128, 64, 32]}",128,"[256, 128, 64, 32]","[128, 256]",[0.4812955545733776],0.5918918861040072,COMPLETE
