number,value,datetime_start,datetime_complete,duration,params_alpha,params_batch_size,params_drop_out_rate,params_encoder_neurons_layer_1,params_epochs,params_lambda,params_latent_dim,params_learning_rate,params_num_layers_decoder,params_num_layers_encoder,params_optimizer,user_attrs_encoder_decoder_config,user_attrs_first_layer_neurons,user_attrs_neurons_per_layer_decoder,user_attrs_neurons_per_layer_encoder,user_attrs_r2_feature_1,user_attrs_relative_deterioration,state
972,0.4074991010130038,2025-01-10 10:50:41.028839,2025-01-10 10:50:46.768739,0 days 00:00:05.739900,0.06136632647968073,32,0.30000000000000004,148,100,3.7479476121390693e-06,480,0.00013334684068118537,4,2,adam,"{'neurons_per_layer_encoder': [148, 296], 'neurons_per_layer_decoder': [296, 148, 74, 37]}",148,"[296, 148, 74, 37]","[148, 296]",[0.4074991010130038],0.7239295503709516,COMPLETE
973,0.45364384251682766,2025-01-10 10:50:41.337128,2025-01-10 10:50:46.859588,0 days 00:00:05.522460,0.06053017329242622,32,0.30000000000000004,124,100,6.064129318987938e-06,528,0.0006846850923316681,4,2,adam,"{'neurons_per_layer_encoder': [124, 248], 'neurons_per_layer_decoder': [248, 124, 62, 31]}",124,"[248, 124, 62, 31]","[124, 248]",[0.45364384251682766],0.5214667085781014,COMPLETE
974,0.383637903445313,2025-01-10 10:50:45.900124,2025-01-10 10:50:51.524126,0 days 00:00:05.624002,0.05550864969121621,32,0.30000000000000004,124,100,5.918146659246315e-06,592,0.0005524940672979423,4,2,adam,"{'neurons_per_layer_encoder': [124, 248], 'neurons_per_layer_decoder': [248, 124, 62, 31]}",124,"[248, 124, 62, 31]","[124, 248]",[0.383637903445313],0.5355858421013573,COMPLETE
975,0.28828759103304447,2025-01-10 10:50:46.685083,2025-01-10 10:50:52.234416,0 days 00:00:05.549333,0.045936754660947814,32,0.30000000000000004,124,100,6.093571190827625e-06,528,0.0005554289375198027,4,2,adam,"{'neurons_per_layer_encoder': [124, 248], 'neurons_per_layer_decoder': [248, 124, 62, 31]}",124,"[248, 124, 62, 31]","[124, 248]",[0.28828759103304447],0.4240382914258255,COMPLETE
976,0.15185718603546816,2025-01-10 10:50:46.777476,2025-01-10 10:50:51.631541,0 days 00:00:04.854065,0.055209044931401184,32,0.30000000000000004,124,100,6.208902261723116e-06,592,0.0005531042528448427,4,2,adam,"{'neurons_per_layer_encoder': [124, 248], 'neurons_per_layer_decoder': [248, 124, 62, 31]}",124,"[248, 124, 62, 31]","[124, 248]",[0.15185718603546816],0.3669960133205622,COMPLETE
977,-0.22051225577804123,2025-01-10 10:50:46.796234,2025-01-10 10:50:49.705809,0 days 00:00:02.909575,0.08194883641167768,32,0.30000000000000004,124,100,4.639429375230185e-06,528,1.0021708671602843e-05,4,2,adam,"{'neurons_per_layer_encoder': [124, 248], 'neurons_per_layer_decoder': [248, 124, 62, 31]}",124,"[248, 124, 62, 31]","[124, 248]",[-0.22051225577804123],0.4626052168933791,COMPLETE
978,0.1695763341415073,2025-01-10 10:50:46.873380,2025-01-10 10:50:52.686382,0 days 00:00:05.813002,0.04085669218599202,32,0.30000000000000004,144,100,3.3186444007911745e-06,680,0.0005859424192860317,4,2,adam,"{'neurons_per_layer_encoder': [144, 288], 'neurons_per_layer_decoder': [288, 144, 72, 36]}",144,"[288, 144, 72, 36]","[144, 288]",[0.1695763341415073],0.2850901002653506,COMPLETE
979,0.44642168714258623,2025-01-10 10:50:49.715958,2025-01-10 10:50:55.620216,0 days 00:00:05.904258,0.043436186564575145,32,0.30000000000000004,144,100,4.291516462699567e-06,680,0.0005580143695195749,4,2,adam,"{'neurons_per_layer_encoder': [144, 288], 'neurons_per_layer_decoder': [288, 144, 72, 36]}",144,"[288, 144, 72, 36]","[144, 288]",[0.44642168714258623],0.5678651666757798,COMPLETE
980,0.07703178188981907,2025-01-10 10:50:51.534515,2025-01-10 10:50:57.091979,0 days 00:00:05.557464,0.04544556099808349,32,0.30000000000000004,144,100,3.890788870979408e-06,680,0.0005806078708198116,4,2,adam,"{'neurons_per_layer_encoder': [144, 288], 'neurons_per_layer_decoder': [288, 144, 72, 36]}",144,"[288, 144, 72, 36]","[144, 288]",[0.07703178188981907],0.3405355113174866,COMPLETE
981,0.48253008033781153,2025-01-10 10:50:51.641858,2025-01-10 10:50:58.174943,0 days 00:00:06.533085,0.0422595508467091,32,0.30000000000000004,144,100,3.6693384958416858e-06,680,0.0006179426235188504,4,2,adam,"{'neurons_per_layer_encoder': [144, 288], 'neurons_per_layer_decoder': [288, 144, 72, 36]}",144,"[288, 144, 72, 36]","[144, 288]",[0.48253008033781153],0.5781453741864908,COMPLETE
982,0.2137171054617183,2025-01-10 10:50:52.245964,2025-01-10 10:50:57.973971,0 days 00:00:05.728007,0.0405396884539576,32,0.30000000000000004,140,100,3.445395701878979e-06,656,0.0006320632408808593,4,2,adam,"{'neurons_per_layer_encoder': [140, 280], 'neurons_per_layer_decoder': [280, 140, 70, 35]}",140,"[280, 140, 70, 35]","[140, 280]",[0.2137171054617183],0.2804065100022615,COMPLETE
983,-0.18383951536093757,2025-01-10 10:50:52.696487,2025-01-10 10:50:55.782984,0 days 00:00:03.086497,0.039639797336830186,32,0.30000000000000004,144,100,2.349896117585189e-06,648,0.00039845522187309296,4,2,adam,"{'neurons_per_layer_encoder': [144, 288], 'neurons_per_layer_decoder': [288, 144, 72, 36]}",144,"[288, 144, 72, 36]","[144, 288]",[-0.18383951536093757],0.3224145258750961,COMPLETE
984,0.17788839719538152,2025-01-10 10:50:55.631031,2025-01-10 10:51:02.083545,0 days 00:00:06.452514,0.0398995653696801,32,0.30000000000000004,144,100,3.3324142209656086e-06,680,0.0007693150038017883,4,2,adam,"{'neurons_per_layer_encoder': [144, 288], 'neurons_per_layer_decoder': [288, 144, 72, 36]}",144,"[288, 144, 72, 36]","[144, 288]",[0.17788839719538152],0.33661766031403856,COMPLETE
985,0.16080638130940184,2025-01-10 10:50:55.792728,2025-01-10 10:51:02.301625,0 days 00:00:06.508897,0.04592877299768605,40,0.30000000000000004,140,100,3.009943627015513e-06,672,0.0007647377284496244,4,2,adam,"{'neurons_per_layer_encoder': [140, 280], 'neurons_per_layer_decoder': [280, 140, 70, 35]}",140,"[280, 140, 70, 35]","[140, 280]",[0.16080638130940184],0.10092263973100898,COMPLETE
986,0.09210754601858451,2025-01-10 10:50:57.102854,2025-01-10 10:51:01.847095,0 days 00:00:04.744241,0.041304722948805585,112,0.30000000000000004,116,100,3.4656135384880334e-06,560,0.0007687230068112068,4,2,adam,"{'neurons_per_layer_encoder': [116, 232], 'neurons_per_layer_decoder': [232, 116, 58, 29]}",116,"[232, 116, 58, 29]","[116, 232]",[0.09210754601858451],0.14334876297942947,COMPLETE
987,0.014648276094144541,2025-01-10 10:50:57.983006,2025-01-10 10:51:01.408442,0 days 00:00:03.425436,0.04147824831856635,40,0.30000000000000004,140,100,2.6666995297585397e-06,672,0.0006851655699572095,4,2,adam,"{'neurons_per_layer_encoder': [140, 280], 'neurons_per_layer_decoder': [280, 140, 70, 35]}",140,"[280, 140, 70, 35]","[140, 280]",[0.014648276094144541],0.25745012301020037,COMPLETE
988,0.19977378680644942,2025-01-10 10:50:58.184584,2025-01-10 10:51:03.184768,0 days 00:00:05.000184,0.07574002544943974,40,0.30000000000000004,116,100,9.659448702468014e-06,528,0.0007680722570560213,4,2,adam,"{'neurons_per_layer_encoder': [116, 232], 'neurons_per_layer_decoder': [232, 116, 58, 29]}",116,"[232, 116, 58, 29]","[116, 232]",[0.19977378680644942],0.17689104561557842,COMPLETE
989,0.4975207421404465,2025-01-10 10:51:01.419222,2025-01-10 10:51:06.872516,0 days 00:00:05.453294,0.04365321751633817,32,0.30000000000000004,116,100,3.0968138298933536e-06,544,0.0007880928536576044,4,2,adam,"{'neurons_per_layer_encoder': [116, 232], 'neurons_per_layer_decoder': [232, 116, 58, 29]}",116,"[232, 116, 58, 29]","[116, 232]",[0.4975207421404465],0.5846464869479903,COMPLETE
990,-0.10793861952529338,2025-01-10 10:51:01.857420,2025-01-10 10:51:06.322979,0 days 00:00:04.465559,0.04310970128514021,32,0.30000000000000004,232,100,2.7929686034835117e-06,680,0.0003936999260337825,4,2,adam,"{'neurons_per_layer_encoder': [232, 464], 'neurons_per_layer_decoder': [464, 232, 116, 58]}",232,"[464, 232, 116, 58]","[232, 464]",[-0.10793861952529338],0.2762531949288203,COMPLETE
991,-0.01469552164222021,2025-01-10 10:51:02.094445,2025-01-10 10:51:06.421917,0 days 00:00:04.327472,0.0652543898610216,32,0.30000000000000004,128,100,9.69231691265618e-06,616,0.00038332222140273313,4,2,adam,"{'neurons_per_layer_encoder': [128, 256], 'neurons_per_layer_decoder': [256, 128, 64, 32]}",128,"[256, 128, 64, 32]","[128, 256]",[-0.01469552164222021],0.4113845346107633,COMPLETE
992,0.21858727732095862,2025-01-10 10:51:02.312100,2025-01-10 10:51:07.935736,0 days 00:00:05.623636,0.07646386446225155,32,0.30000000000000004,128,100,2.922265583367265e-06,616,0.00038418512592206964,4,2,adam,"{'neurons_per_layer_encoder': [128, 256], 'neurons_per_layer_decoder': [256, 128, 64, 32]}",128,"[256, 128, 64, 32]","[128, 256]",[0.21858727732095862],0.35510467675998975,COMPLETE
993,0.46080812916663716,2025-01-10 10:51:03.194259,2025-01-10 10:51:08.781522,0 days 00:00:05.587263,0.06669712987060966,32,0.30000000000000004,128,100,9.813172768567348e-06,616,0.000397648425343054,4,2,adam,"{'neurons_per_layer_encoder': [128, 256], 'neurons_per_layer_decoder': [256, 128, 64, 32]}",128,"[256, 128, 64, 32]","[128, 256]",[0.46080812916663716],0.6497004541321969,COMPLETE
994,0.12688462774596498,2025-01-10 10:51:06.332694,2025-01-10 10:51:11.738441,0 days 00:00:05.405747,0.0669131957927076,32,0.30000000000000004,128,100,9.394041982919875e-06,616,0.0004663044862296974,4,2,adam,"{'neurons_per_layer_encoder': [128, 256], 'neurons_per_layer_decoder': [256, 128, 64, 32]}",128,"[256, 128, 64, 32]","[128, 256]",[0.12688462774596498],0.41712628561053694,COMPLETE
995,0.46450449392305737,2025-01-10 10:51:06.431710,2025-01-10 10:51:11.802549,0 days 00:00:05.370839,0.1286473478336275,32,0.30000000000000004,136,100,4.546595760179508e-06,664,0.00047361800930244974,4,2,adam,"{'neurons_per_layer_encoder': [136, 272], 'neurons_per_layer_decoder': [272, 136, 68, 34]}",136,"[272, 136, 68, 34]","[136, 272]",[0.46450449392305737],0.5955579444018779,COMPLETE
996,-0.05989246472754317,2025-01-10 10:51:07.944903,2025-01-10 10:51:11.100365,0 days 00:00:03.155462,0.0432932638640034,32,0.30000000000000004,116,100,3.3744526105462815e-06,544,0.000816181960873675,4,2,adam,"{'neurons_per_layer_encoder': [116, 232], 'neurons_per_layer_decoder': [232, 116, 58, 29]}",116,"[232, 116, 58, 29]","[116, 232]",[-0.05989246472754317],0.35888037438029563,COMPLETE
997,0.298865783771455,2025-01-10 10:51:08.791167,2025-01-10 10:51:13.434834,0 days 00:00:04.643667,0.04208131377525865,32,0.30000000000000004,116,100,4.56537816383888e-06,544,0.0008863380220993368,4,2,adam,"{'neurons_per_layer_encoder': [116, 232], 'neurons_per_layer_decoder': [232, 116, 58, 29]}",116,"[232, 116, 58, 29]","[116, 232]",[0.298865783771455],0.40746451189240973,COMPLETE
998,0.2779344284129498,2025-01-10 10:51:11.810765,2025-01-10 10:51:16.040580,0 days 00:00:04.229815,0.04037742878211295,32,0.30000000000000004,112,100,2.533227285557253e-06,536,0.0008984068159565983,4,2,adam,"{'neurons_per_layer_encoder': [112, 224], 'neurons_per_layer_decoder': [224, 112, 56, 28]}",112,"[224, 112, 56, 28]","[112, 224]",[0.2779344284129498],0.33064680709716826,COMPLETE
999,-0.7048814460473087,2025-01-10 10:51:16.048166,2025-01-10 10:51:18.324774,0 days 00:00:02.276608,0.043182907908961066,40,0.30000000000000004,120,100,2.484244553087605e-06,552,0.00067530995586505,4,2,adadelta,"{'neurons_per_layer_encoder': [120, 240], 'neurons_per_layer_decoder': [240, 120, 60, 30]}",120,"[240, 120, 60, 30]","[120, 240]",[-0.7048814460473087],0.357878894637787,COMPLETE
1000,0.19500305038933663,2025-01-10 10:51:29.824676,2025-01-10 10:51:35.189507,0 days 00:00:05.364831,0.04453859668103635,32,0.30000000000000004,116,100,3.169212398153568e-06,528,0.0006919422921966889,4,2,adam,"{'neurons_per_layer_encoder': [116, 232], 'neurons_per_layer_decoder': [232, 116, 58, 29]}",116,"[232, 116, 58, 29]","[116, 232]",[0.19500305038933663],0.3248502788753133,COMPLETE
1001,-0.13404901669724834,2025-01-10 10:51:29.839679,2025-01-10 10:51:32.941406,0 days 00:00:03.101727,0.04004510229394648,80,0.30000000000000004,116,100,2.233037141881013e-06,544,0.0006954597348423005,4,2,adam,"{'neurons_per_layer_encoder': [116, 232], 'neurons_per_layer_decoder': [232, 116, 58, 29]}",116,"[232, 116, 58, 29]","[116, 232]",[-0.13404901669724834],0.11819634105873619,COMPLETE
1002,-0.10446558639416681,2025-01-10 10:51:29.846482,2025-01-10 10:51:33.476049,0 days 00:00:03.629567,0.04537272162483071,32,0.30000000000000004,116,100,2.1164298431516656e-06,544,0.0007004317019074292,4,2,adam,"{'neurons_per_layer_encoder': [116, 232], 'neurons_per_layer_decoder': [232, 116, 58, 29]}",116,"[232, 116, 58, 29]","[116, 232]",[-0.10446558639416681],0.2740691742353587,COMPLETE
1003,0.4766865328121829,2025-01-10 10:51:29.846596,2025-01-10 10:51:35.082309,0 days 00:00:05.235713,0.04490554297691572,32,0.30000000000000004,116,100,2.9896184439038437e-06,544,0.0007638512828895363,4,2,adam,"{'neurons_per_layer_encoder': [116, 232], 'neurons_per_layer_decoder': [232, 116, 58, 29]}",116,"[232, 116, 58, 29]","[116, 232]",[0.4766865328121829],0.5741939836079892,COMPLETE
1004,-0.17316696414464583,2025-01-10 10:51:29.846900,2025-01-10 10:51:33.209137,0 days 00:00:03.362237,0.0441391502901786,32,0.30000000000000004,120,100,1.984680553096671e-06,440,0.0006932137953719849,4,2,adam,"{'neurons_per_layer_encoder': [120, 240], 'neurons_per_layer_decoder': [240, 120, 60, 30]}",120,"[240, 120, 60, 30]","[120, 240]",[-0.17316696414464583],0.17565833156844063,COMPLETE
1005,0.3679546393384777,2025-01-10 10:51:32.952787,2025-01-10 10:51:39.160585,0 days 00:00:06.207798,0.044296546980670384,32,0.30000000000000004,152,100,2.824909218615072e-06,520,0.0008074647845480851,4,2,adam,"{'neurons_per_layer_encoder': [152, 304], 'neurons_per_layer_decoder': [304, 152, 76, 38]}",152,"[304, 152, 76, 38]","[152, 304]",[0.3679546393384777],0.4589426798207909,COMPLETE
1006,0.4929071280697298,2025-01-10 10:51:33.220611,2025-01-10 10:51:39.432752,0 days 00:00:06.212141,0.04443219024260883,32,0.30000000000000004,152,100,2.841077130672971e-06,520,0.0007893742262580211,4,2,adam,"{'neurons_per_layer_encoder': [152, 304], 'neurons_per_layer_decoder': [304, 152, 76, 38]}",152,"[304, 152, 76, 38]","[152, 304]",[0.4929071280697298],0.5636364138179357,COMPLETE
1007,0.4627009582819177,2025-01-10 10:51:33.488030,2025-01-10 10:51:39.802327,0 days 00:00:06.314297,0.041780806218872764,32,0.30000000000000004,152,100,3.825874760507009e-06,680,0.0008239126110951698,4,2,adam,"{'neurons_per_layer_encoder': [152, 304], 'neurons_per_layer_decoder': [304, 152, 76, 38]}",152,"[304, 152, 76, 38]","[152, 304]",[0.4627009582819177],0.5687240426053523,COMPLETE
1008,0.39150790375992295,2025-01-10 10:51:35.094381,2025-01-10 10:51:41.276296,0 days 00:00:06.181915,0.04092756916265309,32,0.30000000000000004,152,100,3.9388625133280766e-06,520,0.0008359920585278847,4,2,adam,"{'neurons_per_layer_encoder': [152, 304], 'neurons_per_layer_decoder': [304, 152, 76, 38]}",152,"[304, 152, 76, 38]","[152, 304]",[0.39150790375992295],0.4498999311948324,COMPLETE
1009,0.027222549565119825,2025-01-10 10:51:35.201758,2025-01-10 10:51:39.461182,0 days 00:00:04.259424,0.17486444316784555,40,0.30000000000000004,152,100,4.302269107247114e-06,680,0.0006108155931331878,4,2,adam,"{'neurons_per_layer_encoder': [152, 304], 'neurons_per_layer_decoder': [304, 152, 76, 38]}",152,"[304, 152, 76, 38]","[152, 304]",[0.027222549565119825],0.1440228298150856,COMPLETE
1010,0.1009699377322939,2025-01-10 10:51:39.172585,2025-01-10 10:51:44.905335,0 days 00:00:05.732750,0.08212317493504423,40,0.30000000000000004,148,100,3.914827077968739e-06,688,0.0005925565880258495,4,2,adam,"{'neurons_per_layer_encoder': [148, 296], 'neurons_per_layer_decoder': [296, 148, 74, 37]}",148,"[296, 148, 74, 37]","[148, 296]",[0.1009699377322939],0.16689106618920282,COMPLETE
1011,0.20794728334021073,2025-01-10 10:51:39.444602,2025-01-10 10:51:44.873296,0 days 00:00:05.428694,0.040354134322626335,40,0.30000000000000004,156,100,2.5053297395863886e-06,512,0.0009686789238003469,4,2,adam,"{'neurons_per_layer_encoder': [156, 312], 'neurons_per_layer_decoder': [312, 156, 78, 39]}",156,"[312, 156, 78, 39]","[156, 312]",[0.20794728334021073],0.16274129705479337,COMPLETE
1012,0.05492538291986815,2025-01-10 10:51:39.477207,2025-01-10 10:51:43.953839,0 days 00:00:04.476632,0.040400860573494214,32,0.30000000000000004,152,100,2.2402702510546562e-06,520,0.0010021201493027577,4,2,adam,"{'neurons_per_layer_encoder': [152, 304], 'neurons_per_layer_decoder': [304, 152, 76, 38]}",152,"[304, 152, 76, 38]","[152, 304]",[0.05492538291986815],0.2337413230999024,COMPLETE
1013,-0.3799311476660099,2025-01-10 10:51:39.812311,2025-01-10 10:51:43.347279,0 days 00:00:03.534968,0.03910867490770161,32,0.30000000000000004,156,100,2.660341664491584e-06,512,0.0009082129778452454,4,2,adam,"{'neurons_per_layer_encoder': [156, 312], 'neurons_per_layer_decoder': [312, 156, 78, 39]}",156,"[312, 156, 78, 39]","[156, 312]",[-0.3799311476660099],0.07007997436036958,COMPLETE
1014,0.12877004131012315,2025-01-10 10:51:41.287377,2025-01-10 10:51:46.880022,0 days 00:00:05.592645,0.04735888224676887,40,0.30000000000000004,156,100,2.5977603589400705e-06,512,0.0009979389729629035,4,2,adam,"{'neurons_per_layer_encoder': [156, 312], 'neurons_per_layer_decoder': [312, 156, 78, 39]}",156,"[312, 156, 78, 39]","[156, 312]",[0.12877004131012315],-0.0009647805398628974,COMPLETE
1015,0.027719698229092926,2025-01-10 10:51:43.356898,2025-01-10 10:51:48.576500,0 days 00:00:05.219602,0.04763846459194988,32,0.30000000000000004,156,100,2.3019918611837136e-06,528,0.0008886962181711546,4,2,adam,"{'neurons_per_layer_encoder': [156, 312], 'neurons_per_layer_decoder': [312, 156, 78, 39]}",156,"[312, 156, 78, 39]","[156, 312]",[0.027719698229092926],0.14914741513007365,COMPLETE
1016,0.11293707440305967,2025-01-10 10:51:43.965235,2025-01-10 10:51:47.387989,0 days 00:00:03.422754,0.047791222122782355,40,0.30000000000000004,156,100,3.0961711462763422e-06,372,0.0009682578099890525,4,1,adam,"{'neurons_per_layer_encoder': [156], 'neurons_per_layer_decoder': [156, 78, 39, 19]}",156,"[156, 78, 39, 19]",[156],[0.11293707440305967],0.1295424346532353,COMPLETE
1017,-0.19996500414568796,2025-01-10 10:51:44.884697,2025-01-10 10:51:47.560593,0 days 00:00:02.675896,0.04752109891555263,32,0.30000000000000004,148,100,3.084169796777803e-06,348,0.0009841653173715344,4,1,adam,"{'neurons_per_layer_encoder': [148], 'neurons_per_layer_decoder': [148, 74, 37, 18]}",148,"[148, 74, 37, 18]",[148],[-0.19996500414568796],0.03476814963877605,COMPLETE
1018,-0.2386636474446524,2025-01-10 10:51:44.918152,2025-01-10 10:51:47.392201,0 days 00:00:02.474049,0.047319125595328144,32,0.30000000000000004,148,100,2.5680792989938484e-06,496,0.0010474813742966079,4,2,sgd,"{'neurons_per_layer_encoder': [148, 296], 'neurons_per_layer_decoder': [296, 148, 74, 37]}",148,"[296, 148, 74, 37]","[148, 296]",[-0.2386636474446524],0.47280853457462735,COMPLETE
1019,0.2011526669004836,2025-01-10 10:51:46.890093,2025-01-10 10:51:53.344938,0 days 00:00:06.454845,0.042406860490753026,32,0.30000000000000004,148,100,1.0407026973045642e-05,528,0.0007308336800734436,4,2,adam,"{'neurons_per_layer_encoder': [148, 296], 'neurons_per_layer_decoder': [296, 148, 74, 37]}",148,"[296, 148, 74, 37]","[148, 296]",[0.2011526669004836],0.4308351877089491,COMPLETE
1020,-0.23034800344189832,2025-01-10 10:51:47.401240,2025-01-10 10:51:52.160721,0 days 00:00:04.759481,0.0424431745269426,32,0.1,148,100,3.04459111071652e-06,528,1.2564111655495253e-05,4,2,adam,"{'neurons_per_layer_encoder': [148, 296], 'neurons_per_layer_decoder': [296, 148, 74, 37]}",148,"[296, 148, 74, 37]","[148, 296]",[-0.23034800344189832],0.4563967308629518,COMPLETE
1021,0.5228267941647142,2025-01-10 10:51:47.402075,2025-01-10 10:51:53.894250,0 days 00:00:06.492175,0.04360683382507628,32,0.30000000000000004,148,100,3.0869880807164156e-06,528,0.0008291823496117479,4,2,adam,"{'neurons_per_layer_encoder': [148, 296], 'neurons_per_layer_decoder': [296, 148, 74, 37]}",148,"[296, 148, 74, 37]","[148, 296]",[0.5228267941647142],0.5794004508645432,COMPLETE
1022,-0.39352472642565184,2025-01-10 10:51:47.571937,2025-01-10 10:51:51.827230,0 days 00:00:04.255293,0.15706508389475823,32,0.1,148,100,3.018329884025408e-06,512,0.0007576436961272637,4,2,adam,"{'neurons_per_layer_encoder': [148, 296], 'neurons_per_layer_decoder': [296, 148, 74, 37]}",148,"[296, 148, 74, 37]","[148, 296]",[-0.39352472642565184],-0.42588744677340074,COMPLETE
1023,0.19529294975393297,2025-01-10 10:51:48.587121,2025-01-10 10:51:54.258273,0 days 00:00:05.671152,0.16017643706722795,32,0.30000000000000004,148,100,2.8179481012408056e-06,528,0.0007775668089389997,4,2,adam,"{'neurons_per_layer_encoder': [148, 296], 'neurons_per_layer_decoder': [296, 148, 74, 37]}",148,"[296, 148, 74, 37]","[148, 296]",[0.19529294975393297],0.33186662362540953,COMPLETE
1024,-2.2007893014550093,2025-01-10 10:51:51.837912,2025-01-10 10:51:54.749191,0 days 00:00:02.911279,0.04362630890602189,32,0.30000000000000004,120,100,3.0561646883942946e-06,536,0.0008055597670946728,4,2,adadelta,"{'neurons_per_layer_encoder': [120, 240], 'neurons_per_layer_decoder': [240, 120, 60, 30]}",120,"[240, 120, 60, 30]","[120, 240]",[-2.2007893014550093],-0.00700448730473644,COMPLETE
1025,0.12064830710378083,2025-01-10 10:51:52.173174,2025-01-10 10:51:57.407609,0 days 00:00:05.234435,0.044259805816481826,32,0.30000000000000004,120,100,3.3884986260241855e-06,568,0.0007775299747512035,4,2,adam,"{'neurons_per_layer_encoder': [120, 240], 'neurons_per_layer_decoder': [240, 120, 60, 30]}",120,"[240, 120, 60, 30]","[120, 240]",[0.12064830710378083],0.2563150621524387,COMPLETE
1026,0.3350491098024745,2025-01-10 10:51:53.355627,2025-01-10 10:51:58.788920,0 days 00:00:05.433293,0.04456046345693307,32,0.30000000000000004,120,100,3.6219661558710454e-06,536,0.00022251758259619976,4,2,adam,"{'neurons_per_layer_encoder': [120, 240], 'neurons_per_layer_decoder': [240, 120, 60, 30]}",120,"[240, 120, 60, 30]","[120, 240]",[0.3350491098024745],0.5213789547039676,COMPLETE
