number,value,datetime_start,datetime_complete,duration,params_alpha,params_batch_size,params_drop_out_rate,params_encoder_neurons_layer_1,params_epochs,params_lambda,params_latent_dim,params_learning_rate,params_num_layers_decoder,params_num_layers_encoder,params_optimizer,user_attrs_encoder_decoder_config,user_attrs_first_layer_neurons,user_attrs_neurons_per_layer_decoder,user_attrs_neurons_per_layer_encoder,user_attrs_r2_feature_1,user_attrs_relative_deterioration,state
477,-0.18621164501355292,2025-01-10 10:10:51.620803,2025-01-10 10:10:55.979464,0 days 00:00:04.358661,0.0516000654646553,32,0.30000000000000004,92,100,5.437913695734673e-06,304,0.000938892078200777,4,2,adam,"{'neurons_per_layer_encoder': [92, 184], 'neurons_per_layer_decoder': [184, 92, 46, 23]}",92,"[184, 92, 46, 23]","[92, 184]",[-0.18621164501355292],0.31033911904986833,COMPLETE
478,0.21444053310140776,2025-01-10 10:10:52.198099,2025-01-10 10:10:57.599399,0 days 00:00:05.401300,0.05189324640159764,32,0.30000000000000004,104,100,7.955645833710298e-06,504,0.0011140147493594729,4,2,adam,"{'neurons_per_layer_encoder': [104, 208], 'neurons_per_layer_decoder': [208, 104, 52, 26]}",104,"[208, 104, 52, 26]","[104, 208]",[0.21444053310140776],0.3417539494357022,COMPLETE
479,0.36343234823956294,2025-01-10 10:10:52.454786,2025-01-10 10:10:57.541687,0 days 00:00:05.086901,0.055038941293869915,32,0.30000000000000004,88,100,8.120050982642826e-06,392,0.001313965950195185,4,2,adam,"{'neurons_per_layer_encoder': [88, 176], 'neurons_per_layer_decoder': [176, 88, 44, 22]}",88,"[176, 88, 44, 22]","[88, 176]",[0.36343234823956294],0.4280149470665355,COMPLETE
480,0.4152591615051925,2025-01-10 10:10:54.349029,2025-01-10 10:10:59.468766,0 days 00:00:05.119737,0.05486152184632467,32,0.30000000000000004,84,100,7.260681546301447e-06,320,0.0014791797391983637,4,2,adam,"{'neurons_per_layer_encoder': [84, 168], 'neurons_per_layer_decoder': [168, 84, 42, 21]}",84,"[168, 84, 42, 21]","[84, 168]",[0.4152591615051925],0.45811659374090374,COMPLETE
481,0.3540280227282082,2025-01-10 10:10:55.962174,2025-01-10 10:11:02.043195,0 days 00:00:06.081021,0.05476070075437627,32,0.30000000000000004,156,100,7.4567443811323625e-06,752,0.0010307358978379165,4,2,adam,"{'neurons_per_layer_encoder': [156, 312], 'neurons_per_layer_decoder': [312, 156, 78, 39]}",156,"[312, 156, 78, 39]","[156, 312]",[0.3540280227282082],0.4763315754710515,COMPLETE
482,-0.025189401356297658,2025-01-10 10:10:55.991438,2025-01-10 10:10:59.738953,0 days 00:00:03.747515,0.05173424590649508,32,0.30000000000000004,204,100,1.1194260783105265e-06,992,0.0010803705628986062,4,2,adam,"{'neurons_per_layer_encoder': [204, 408], 'neurons_per_layer_decoder': [408, 204, 102, 51]}",204,"[408, 204, 102, 51]","[204, 408]",[-0.025189401356297658],0.10040750969149796,COMPLETE
483,0.40474698498903394,2025-01-10 10:10:57.549938,2025-01-10 10:11:04.749284,0 days 00:00:07.199346,0.05738674520084566,32,0.30000000000000004,172,100,7.451512941890547e-06,384,0.0009196617852441804,4,2,adam,"{'neurons_per_layer_encoder': [172, 344], 'neurons_per_layer_decoder': [344, 172, 86, 43]}",172,"[344, 172, 86, 43]","[172, 344]",[0.40474698498903394],0.5188695914687349,COMPLETE
484,0.12438482814484453,2025-01-10 10:10:57.619256,2025-01-10 10:11:02.455450,0 days 00:00:04.836194,0.05352105837550055,32,0.30000000000000004,180,100,7.915347627176915e-06,880,0.0009326644452794679,4,2,adam,"{'neurons_per_layer_encoder': [180, 360], 'neurons_per_layer_decoder': [360, 180, 90, 45]}",180,"[360, 180, 90, 45]","[180, 360]",[0.12438482814484453],0.4093274410715562,COMPLETE
485,0.04073789444834541,2025-01-10 10:10:59.746867,2025-01-10 10:11:04.463485,0 days 00:00:04.716618,0.05776323194306434,32,0.30000000000000004,168,100,7.746710070387458e-06,360,0.0008964392407097336,4,2,adam,"{'neurons_per_layer_encoder': [168, 336], 'neurons_per_layer_decoder': [336, 168, 84, 42]}",168,"[336, 168, 84, 42]","[168, 336]",[0.04073789444834541],0.34145171474815467,COMPLETE
486,-0.006033206316988782,2025-01-10 10:11:02.055272,2025-01-10 10:11:07.368969,0 days 00:00:05.313697,0.05588029839555923,32,0.30000000000000004,164,100,7.167199134614562e-06,784,0.0008947678404205102,4,2,adam,"{'neurons_per_layer_encoder': [164, 328], 'neurons_per_layer_decoder': [328, 164, 82, 41]}",164,"[328, 164, 82, 41]","[164, 328]",[-0.006033206316988782],0.20241118858761553,COMPLETE
487,-0.017688901347795882,2025-01-10 10:11:02.464731,2025-01-10 10:11:06.055172,0 days 00:00:03.590441,0.05459773020581442,32,0.30000000000000004,168,100,1.6228527019022466e-06,376,0.0013265174556455523,4,2,adam,"{'neurons_per_layer_encoder': [168, 336], 'neurons_per_layer_decoder': [336, 168, 84, 42]}",168,"[336, 168, 84, 42]","[168, 336]",[-0.017688901347795882],0.2907553074593066,COMPLETE
488,0.06608168931114289,2025-01-10 10:11:04.757602,2025-01-10 10:11:09.818705,0 days 00:00:05.061103,0.05601400804755505,32,0.30000000000000004,172,100,7.175373912326381e-06,384,0.0012009414374068745,4,2,adam,"{'neurons_per_layer_encoder': [172, 344], 'neurons_per_layer_decoder': [344, 172, 86, 43]}",172,"[344, 172, 86, 43]","[172, 344]",[0.06608168931114289],0.19899551323635153,COMPLETE
489,-0.28897783912303243,2025-01-10 10:11:06.065096,2025-01-10 10:11:09.075093,0 days 00:00:03.009997,0.05562585354332035,32,0.30000000000000004,148,100,7.135901122546221e-06,704,0.0008491771497489134,4,2,adam,"{'neurons_per_layer_encoder': [148, 296], 'neurons_per_layer_decoder': [296, 148, 74, 37]}",148,"[296, 148, 74, 37]","[148, 296]",[-0.28897783912303243],0.25275351443981964,COMPLETE
490,0.2298926950551432,2025-01-10 10:11:07.385750,2025-01-10 10:11:11.702065,0 days 00:00:04.316315,0.05622919115997301,32,0.30000000000000004,152,100,7.140477900482649e-06,696,0.0008393265300540059,4,2,adam,"{'neurons_per_layer_encoder': [152, 304], 'neurons_per_layer_decoder': [304, 152, 76, 38]}",152,"[304, 152, 76, 38]","[152, 304]",[0.2298926950551432],0.37798667657245594,COMPLETE
491,-0.23700947887671409,2025-01-10 10:11:09.827717,2025-01-10 10:11:12.542988,0 days 00:00:02.715271,0.04916919210676682,32,0.30000000000000004,156,100,8.687151216755575e-06,752,0.0007721647158527682,4,2,adam,"{'neurons_per_layer_encoder': [156, 312], 'neurons_per_layer_decoder': [312, 156, 78, 39]}",156,"[312, 156, 78, 39]","[156, 312]",[-0.23700947887671409],0.3240071562645683,COMPLETE
492,-0.05839710510266416,2025-01-10 10:11:11.708532,2025-01-10 10:11:14.545783,0 days 00:00:02.837251,0.05278219740328795,32,0.30000000000000004,84,100,8.830112523249628e-06,400,0.0013541128985673037,4,2,adam,"{'neurons_per_layer_encoder': [84, 168], 'neurons_per_layer_decoder': [168, 84, 42, 21]}",84,"[168, 84, 42, 21]","[84, 168]",[-0.05839710510266416],0.22093398306393738,COMPLETE
493,0.4712739766197859,2025-01-10 10:11:12.549432,2025-01-10 10:11:17.621512,0 days 00:00:05.072080,0.05266747219773822,32,0.30000000000000004,148,100,5.988907658048243e-06,720,0.0012775614321928433,4,2,adam,"{'neurons_per_layer_encoder': [148, 296], 'neurons_per_layer_decoder': [296, 148, 74, 37]}",148,"[296, 148, 74, 37]","[148, 296]",[0.4712739766197859],0.48762436546394616,COMPLETE
494,0.4831398062720107,2025-01-10 10:11:14.553741,2025-01-10 10:11:20.508888,0 days 00:00:05.955147,0.052469470726619595,32,0.30000000000000004,160,100,6.008259253065396e-06,776,0.001103901893972802,4,2,adam,"{'neurons_per_layer_encoder': [160, 320], 'neurons_per_layer_decoder': [320, 160, 80, 40]}",160,"[320, 160, 80, 40]","[160, 320]",[0.4831398062720107],0.4622003519891969,COMPLETE
495,0.01257189193787056,2025-01-10 10:11:20.516999,2025-01-10 10:11:23.292949,0 days 00:00:02.775950,0.050327048982617986,32,0.30000000000000004,160,100,6.153001449399538e-06,776,0.0010607460108594808,4,2,adam,"{'neurons_per_layer_encoder': [160, 320], 'neurons_per_layer_decoder': [320, 160, 80, 40]}",160,"[320, 160, 80, 40]","[160, 320]",[0.01257189193787056],0.33492261258508066,COMPLETE
496,0.18090690898847872,2025-01-10 10:11:23.299086,2025-01-10 10:11:27.303317,0 days 00:00:04.004231,0.05464833972926401,32,0.30000000000000004,164,100,6.61570668105887e-06,800,0.0012555827118642734,4,2,adam,"{'neurons_per_layer_encoder': [164, 328], 'neurons_per_layer_decoder': [328, 164, 82, 41]}",164,"[328, 164, 82, 41]","[164, 328]",[0.18090690898847872],0.35552674462369116,COMPLETE
497,0.29605319241290684,2025-01-10 10:11:27.309183,2025-01-10 10:11:32.060379,0 days 00:00:04.751196,0.05346858746746024,32,0.30000000000000004,156,100,2.0168125260679416e-06,752,0.0010471986347786858,4,2,adam,"{'neurons_per_layer_encoder': [156, 312], 'neurons_per_layer_decoder': [312, 156, 78, 39]}",156,"[312, 156, 78, 39]","[156, 312]",[0.29605319241290684],0.3400115431538383,COMPLETE
498,-0.10026989685994114,2025-01-10 10:11:32.066982,2025-01-10 10:11:35.083766,0 days 00:00:03.016784,0.050356218592742356,32,0.30000000000000004,172,100,5.906393158932345e-06,784,0.0010049538659783004,4,2,adam,"{'neurons_per_layer_encoder': [172, 344], 'neurons_per_layer_decoder': [344, 172, 86, 43]}",172,"[344, 172, 86, 43]","[172, 344]",[-0.10026989685994114],0.2659639110226679,COMPLETE
499,0.1356963245522822,2025-01-10 10:11:35.089760,2025-01-10 10:11:39.419478,0 days 00:00:04.329718,0.057564426212426884,32,0.30000000000000004,160,100,8.016454691505304e-06,776,0.0014026984525631835,4,2,adam,"{'neurons_per_layer_encoder': [160, 320], 'neurons_per_layer_decoder': [320, 160, 80, 40]}",160,"[320, 160, 80, 40]","[160, 320]",[0.1356963245522822],0.23006650063220893,COMPLETE
500,0.23814127567609777,2025-01-10 10:22:43.824824,2025-01-10 10:22:50.076592,0 days 00:00:06.251768,0.05257551294422837,32,0.30000000000000004,148,100,5.91175900983277e-06,720,0.0011296600657223935,4,2,adam,"{'neurons_per_layer_encoder': [148, 296], 'neurons_per_layer_decoder': [296, 148, 74, 37]}",148,"[296, 148, 74, 37]","[148, 296]",[0.23814127567609777],0.3214264035848928,COMPLETE
501,-0.03836780818018881,2025-01-10 10:22:43.837602,2025-01-10 10:22:48.567788,0 days 00:00:04.730186,0.05324774792136723,32,0.30000000000000004,148,100,1.2813678881651472e-06,720,0.0011856265898637468,4,2,adam,"{'neurons_per_layer_encoder': [148, 296], 'neurons_per_layer_decoder': [296, 148, 74, 37]}",148,"[296, 148, 74, 37]","[148, 296]",[-0.03836780818018881],-0.008902753420299045,COMPLETE
502,0.13973742316981375,2025-01-10 10:22:43.840050,2025-01-10 10:22:50.111139,0 days 00:00:06.271089,0.05297960292504038,32,0.30000000000000004,156,100,5.89061894777543e-06,736,0.001152735788495727,4,2,adam,"{'neurons_per_layer_encoder': [156, 312], 'neurons_per_layer_decoder': [312, 156, 78, 39]}",156,"[312, 156, 78, 39]","[156, 312]",[0.13973742316981375],0.15131766719066803,COMPLETE
503,0.35636909492129687,2025-01-10 10:22:43.846657,2025-01-10 10:22:50.063345,0 days 00:00:06.216688,0.05319675622496149,32,0.30000000000000004,148,100,5.739769954660984e-06,720,0.001199650040086332,4,2,adam,"{'neurons_per_layer_encoder': [148, 296], 'neurons_per_layer_decoder': [296, 148, 74, 37]}",148,"[296, 148, 74, 37]","[148, 296]",[0.35636909492129687],0.3931434845150624,COMPLETE
504,0.1280345425676831,2025-01-10 10:22:43.843256,2025-01-10 10:22:48.402248,0 days 00:00:04.558992,0.053347918804220205,32,0.30000000000000004,148,100,6.091084697669282e-06,720,0.0014833152632416692,4,2,adam,"{'neurons_per_layer_encoder': [148, 296], 'neurons_per_layer_decoder': [296, 148, 74, 37]}",148,"[296, 148, 74, 37]","[148, 296]",[0.1280345425676831],0.2623894484994241,COMPLETE
505,0.43355693712860477,2025-01-10 10:22:48.412926,2025-01-10 10:22:54.665692,0 days 00:00:06.252766,0.04852044087698784,32,0.30000000000000004,156,100,6.946969547148068e-06,752,0.0011908877090026316,4,2,adam,"{'neurons_per_layer_encoder': [156, 312], 'neurons_per_layer_decoder': [312, 156, 78, 39]}",156,"[312, 156, 78, 39]","[156, 312]",[0.43355693712860477],0.5187934862624014,COMPLETE
506,0.2568168160195765,2025-01-10 10:22:48.577064,2025-01-10 10:22:54.931260,0 days 00:00:06.354196,0.048769142873965096,32,0.30000000000000004,160,100,7.176295729831068e-06,760,0.0012918799064000877,4,2,adam,"{'neurons_per_layer_encoder': [160, 320], 'neurons_per_layer_decoder': [320, 160, 80, 40]}",160,"[320, 160, 80, 40]","[160, 320]",[0.2568168160195765],0.3314791005775877,COMPLETE
507,0.23725023422746805,2025-01-10 10:22:50.073388,2025-01-10 10:22:56.003081,0 days 00:00:05.929693,0.0485369721033857,32,0.30000000000000004,152,100,7.231185070550106e-06,744,0.001209742869992286,4,2,adam,"{'neurons_per_layer_encoder': [152, 304], 'neurons_per_layer_decoder': [304, 152, 76, 38]}",152,"[304, 152, 76, 38]","[152, 304]",[0.23725023422746805],0.31095755648756873,COMPLETE
508,0.33841461228121406,2025-01-10 10:22:50.088357,2025-01-10 10:22:55.319691,0 days 00:00:05.231334,0.048607741924527346,32,0.30000000000000004,156,100,6.737289000745435e-06,752,0.0009464706883022217,4,2,adam,"{'neurons_per_layer_encoder': [156, 312], 'neurons_per_layer_decoder': [312, 156, 78, 39]}",156,"[312, 156, 78, 39]","[156, 312]",[0.33841461228121406],0.4911636184493085,COMPLETE
509,-2.3592467267562314,2025-01-10 10:22:50.134612,2025-01-10 10:22:51.917966,0 days 00:00:01.783354,0.04847629889696808,32,0.30000000000000004,160,100,7.038476181167871e-06,776,0.0009659170598377664,4,2,sgd,"{'neurons_per_layer_encoder': [160, 320], 'neurons_per_layer_decoder': [320, 160, 80, 40]}",160,"[320, 160, 80, 40]","[160, 320]",[-2.3592467267562314],0.2573335083778179,COMPLETE
510,0.15977869162961222,2025-01-10 10:22:51.927439,2025-01-10 10:22:57.051927,0 days 00:00:05.124488,0.057740348854858944,32,0.30000000000000004,156,100,7.410123435192028e-06,752,0.0013620268399990823,4,2,adam,"{'neurons_per_layer_encoder': [156, 312], 'neurons_per_layer_decoder': [312, 156, 78, 39]}",156,"[312, 156, 78, 39]","[156, 312]",[0.15977869162961222],0.3206803841478311,COMPLETE
511,0.3099687194833334,2025-01-10 10:22:54.675933,2025-01-10 10:23:00.880499,0 days 00:00:06.204566,0.04929879997849685,32,0.30000000000000004,156,100,1.728249186792853e-06,752,0.0013458530946909193,4,2,adam,"{'neurons_per_layer_encoder': [156, 312], 'neurons_per_layer_decoder': [312, 156, 78, 39]}",156,"[312, 156, 78, 39]","[156, 312]",[0.3099687194833334],0.2894747721235427,COMPLETE
512,0.19034086506431047,2025-01-10 10:22:54.940711,2025-01-10 10:23:00.397258,0 days 00:00:05.456547,0.05648498617165459,32,0.30000000000000004,152,100,8.149583221463246e-06,744,0.0014539176185593842,4,2,adam,"{'neurons_per_layer_encoder': [152, 304], 'neurons_per_layer_decoder': [304, 152, 76, 38]}",152,"[304, 152, 76, 38]","[152, 304]",[0.19034086506431047],0.3522101611282144,COMPLETE
513,0.08190098488940445,2025-01-10 10:22:55.328332,2025-01-10 10:23:00.882460,0 days 00:00:05.554128,0.049677314139145445,32,0.30000000000000004,152,100,1.7416744952361353e-06,744,0.0006702195285301634,4,2,adam,"{'neurons_per_layer_encoder': [152, 304], 'neurons_per_layer_decoder': [304, 152, 76, 38]}",152,"[304, 152, 76, 38]","[152, 304]",[0.08190098488940445],0.14126319689284236,COMPLETE
514,0.5792683704199066,2025-01-10 10:22:56.011939,2025-01-10 10:23:02.190873,0 days 00:00:06.178934,0.05025715242585271,32,0.30000000000000004,156,100,8.764634046184082e-06,752,0.0007654348266318231,4,2,adam,"{'neurons_per_layer_encoder': [156, 312], 'neurons_per_layer_decoder': [312, 156, 78, 39]}",156,"[312, 156, 78, 39]","[156, 312]",[0.5792683704199066],0.6902463425920138,COMPLETE
515,0.1917867236094627,2025-01-10 10:22:57.061063,2025-01-10 10:23:02.676957,0 days 00:00:05.615894,0.05122328071698274,32,0.30000000000000004,144,100,8.542409833094792e-06,696,0.0008319445770287624,4,2,adam,"{'neurons_per_layer_encoder': [144, 288], 'neurons_per_layer_decoder': [288, 144, 72, 36]}",144,"[288, 144, 72, 36]","[144, 288]",[0.1917867236094627],0.3366870404755171,COMPLETE
516,-0.04758199995617973,2025-01-10 10:23:00.406900,2025-01-10 10:23:04.885792,0 days 00:00:04.478892,0.050823485542074706,32,0.30000000000000004,164,100,6.594042527175235e-06,800,0.0008052753363704304,4,2,adam,"{'neurons_per_layer_encoder': [164, 328], 'neurons_per_layer_decoder': [328, 164, 82, 41]}",164,"[328, 164, 82, 41]","[164, 328]",[-0.04758199995617973],0.4041987558401844,COMPLETE
517,0.3413815856209148,2025-01-10 10:23:00.892675,2025-01-10 10:23:06.724528,0 days 00:00:05.831853,0.05077981980783404,32,0.30000000000000004,144,100,9.25190963637069e-06,696,0.0008338811196698526,4,2,adam,"{'neurons_per_layer_encoder': [144, 288], 'neurons_per_layer_decoder': [288, 144, 72, 36]}",144,"[288, 144, 72, 36]","[144, 288]",[0.3413815856209148],0.4952529209863053,COMPLETE
518,0.15189322574383768,2025-01-10 10:23:01.044185,2025-01-10 10:23:07.241931,0 days 00:00:06.197746,0.05196965538576197,32,0.30000000000000004,164,100,9.32540686599016e-06,800,0.000748104968082688,4,2,adam,"{'neurons_per_layer_encoder': [164, 328], 'neurons_per_layer_decoder': [328, 164, 82, 41]}",164,"[328, 164, 82, 41]","[164, 328]",[0.15189322574383768],0.3480025817947898,COMPLETE
519,-0.306354248006262,2025-01-10 10:23:02.200433,2025-01-10 10:23:05.467090,0 days 00:00:03.266657,0.051808221577874625,32,0.30000000000000004,176,100,1.3633453711112507e-06,392,0.0007934527043497511,4,2,adam,"{'neurons_per_layer_encoder': [176, 352], 'neurons_per_layer_decoder': [352, 176, 88, 44]}",176,"[352, 176, 88, 44]","[176, 352]",[-0.306354248006262],0.10956969193689925,COMPLETE
520,0.27235515581224923,2025-01-10 10:23:02.687313,2025-01-10 10:23:08.940223,0 days 00:00:06.252910,0.04669339387292785,32,0.30000000000000004,172,100,6.514800109925766e-06,768,0.000974085131111463,4,2,adam,"{'neurons_per_layer_encoder': [172, 344], 'neurons_per_layer_decoder': [344, 172, 86, 43]}",172,"[344, 172, 86, 43]","[172, 344]",[0.27235515581224923],0.36224547383538563,COMPLETE
521,0.022104580498831683,2025-01-10 10:23:04.896022,2025-01-10 10:23:09.849934,0 days 00:00:04.953912,0.04706245837231996,32,0.30000000000000004,156,100,8.139180289435592e-06,736,0.00092712295266941,4,2,adam,"{'neurons_per_layer_encoder': [156, 312], 'neurons_per_layer_decoder': [312, 156, 78, 39]}",156,"[312, 156, 78, 39]","[156, 312]",[0.022104580498831683],0.30571465322008406,COMPLETE
522,0.20300724821433414,2025-01-10 10:23:05.476493,2025-01-10 10:23:11.450811,0 days 00:00:05.974318,0.04711222687888377,32,0.30000000000000004,144,100,8.842087695241791e-06,696,0.0009851204649206381,4,2,adam,"{'neurons_per_layer_encoder': [144, 288], 'neurons_per_layer_decoder': [288, 144, 72, 36]}",144,"[288, 144, 72, 36]","[144, 288]",[0.20300724821433414],0.39304716340471946,COMPLETE
523,0.14492829310721922,2025-01-10 10:23:06.734015,2025-01-10 10:23:11.324740,0 days 00:00:04.590725,0.04708389594067897,32,0.30000000000000004,144,100,9.27590497692298e-06,680,0.0009790996372201575,4,2,adam,"{'neurons_per_layer_encoder': [144, 288], 'neurons_per_layer_decoder': [288, 144, 72, 36]}",144,"[288, 144, 72, 36]","[144, 288]",[0.14492829310721922],0.360678444695866,COMPLETE
524,0.386639637110768,2025-01-10 10:23:07.251050,2025-01-10 10:23:13.221400,0 days 00:00:05.970350,0.0473229565856194,32,0.30000000000000004,148,100,8.964351146534466e-06,720,0.0009504607196314876,4,2,adam,"{'neurons_per_layer_encoder': [148, 296], 'neurons_per_layer_decoder': [296, 148, 74, 37]}",148,"[296, 148, 74, 37]","[148, 296]",[0.386639637110768],0.4825648426926049,COMPLETE
525,0.22072860036965225,2025-01-10 10:23:08.949206,2025-01-10 10:23:14.724880,0 days 00:00:05.775674,0.055638834750783406,32,0.30000000000000004,144,100,8.695591631378736e-06,680,0.0009531671749632097,4,2,adam,"{'neurons_per_layer_encoder': [144, 288], 'neurons_per_layer_decoder': [288, 144, 72, 36]}",144,"[288, 144, 72, 36]","[144, 288]",[0.22072860036965225],0.35415666020857034,COMPLETE
526,0.06753212299950073,2025-01-10 10:23:09.858769,2025-01-10 10:23:13.906618,0 days 00:00:04.047849,0.05583262697234286,32,0.30000000000000004,144,100,8.114492570371837e-06,680,0.0009902327109173712,4,2,adam,"{'neurons_per_layer_encoder': [144, 288], 'neurons_per_layer_decoder': [288, 144, 72, 36]}",144,"[288, 144, 72, 36]","[144, 288]",[0.06753212299950073],0.38512065755033575,COMPLETE
527,0.25586235694669035,2025-01-10 10:23:11.334616,2025-01-10 10:23:16.868657,0 days 00:00:05.534041,0.0546818092961807,32,0.30000000000000004,144,100,8.457191959019823e-06,696,0.0010665038571172293,4,2,adam,"{'neurons_per_layer_encoder': [144, 288], 'neurons_per_layer_decoder': [288, 144, 72, 36]}",144,"[288, 144, 72, 36]","[144, 288]",[0.25586235694669035],0.42162113212851154,COMPLETE
528,0.3608377547875047,2025-01-10 10:23:11.461653,2025-01-10 10:23:17.841917,0 days 00:00:06.380264,0.05768442862711259,32,0.30000000000000004,160,100,7.729629933479899e-06,776,0.0010880932491061875,4,2,adam,"{'neurons_per_layer_encoder': [160, 320], 'neurons_per_layer_decoder': [320, 160, 80, 40]}",160,"[320, 160, 80, 40]","[160, 320]",[0.3608377547875047],0.435328132789307,COMPLETE
529,0.46058780598005566,2025-01-10 10:23:13.231111,2025-01-10 10:23:19.388999,0 days 00:00:06.157888,0.05598878839190976,32,0.30000000000000004,148,100,7.850736319736465e-06,720,0.0006822327156752744,4,2,adam,"{'neurons_per_layer_encoder': [148, 296], 'neurons_per_layer_decoder': [296, 148, 74, 37]}",148,"[296, 148, 74, 37]","[148, 296]",[0.46058780598005566],0.6113931473749619,COMPLETE
530,-0.02971916523327911,2025-01-10 10:23:13.915282,2025-01-10 10:23:18.365352,0 days 00:00:04.450070,0.05765016418862532,32,0.30000000000000004,148,100,9.328006426941457e-06,720,0.0006302231384091073,4,2,adam,"{'neurons_per_layer_encoder': [148, 296], 'neurons_per_layer_decoder': [296, 148, 74, 37]}",148,"[296, 148, 74, 37]","[148, 296]",[-0.02971916523327911],0.2973012863209082,COMPLETE
531,0.3706631344285407,2025-01-10 10:23:14.733559,2025-01-10 10:23:20.783386,0 days 00:00:06.049827,0.049872659971552165,32,0.30000000000000004,148,100,9.653029595808672e-06,720,0.0007441452870736718,4,2,adam,"{'neurons_per_layer_encoder': [148, 296], 'neurons_per_layer_decoder': [296, 148, 74, 37]}",148,"[296, 148, 74, 37]","[148, 296]",[0.3706631344285407],0.5519700587185207,COMPLETE
