number,value,datetime_start,datetime_complete,duration,params_alpha,params_batch_size,params_drop_out_rate,params_encoder_neurons_layer_1,params_epochs,params_lambda,params_latent_dim,params_learning_rate,params_num_layers_decoder,params_num_layers_encoder,params_optimizer,user_attrs_encoder_decoder_config,user_attrs_first_layer_neurons,user_attrs_neurons_per_layer_decoder,user_attrs_neurons_per_layer_encoder,user_attrs_r2_feature_1,user_attrs_relative_deterioration,state
108,0.19538741363222056,2025-01-10 09:33:22.249573,2025-01-10 09:33:30.389167,0 days 00:00:08.139594,0.017608738052707636,32,0.30000000000000004,64,100,0.00010086561586789094,280,0.003157827166922435,4,3,adam,"{'neurons_per_layer_encoder': [64, 128, 256], 'neurons_per_layer_decoder': [256, 128, 64, 32]}",64,"[256, 128, 64, 32]","[64, 128, 256]",[0.19538741363222056],0.7761141981480114,COMPLETE
109,0.2762163445807515,2025-01-10 09:33:22.782750,2025-01-10 09:33:32.878023,0 days 00:00:10.095273,0.02515191943607732,32,0.30000000000000004,104,100,0.00016114044924651292,904,0.0033259552267560894,4,3,adam,"{'neurons_per_layer_encoder': [104, 208, 416], 'neurons_per_layer_decoder': [416, 208, 104, 52]}",104,"[416, 208, 104, 52]","[104, 208, 416]",[0.2762163445807515],0.8354839149386515,COMPLETE
110,-0.1961641471783595,2025-01-10 09:33:24.196131,2025-01-10 09:33:30.489338,0 days 00:00:06.293207,0.03139488832279621,32,0.30000000000000004,100,100,3.9539622906871803e-05,1032,0.005382267801003526,3,4,adam,"{'neurons_per_layer_encoder': [100, 200, 400, 800], 'neurons_per_layer_decoder': [800, 400, 200]}",100,"[800, 400, 200]","[100, 200, 400, 800]",[-0.1961641471783595],0.794905694284753,COMPLETE
111,0.053956589471591654,2025-01-10 09:33:25.716067,2025-01-10 09:33:31.564791,0 days 00:00:05.848724,0.03263776223573129,64,0.30000000000000004,116,100,1.6535341497169657e-05,1048,0.005385644386046445,3,4,adam,"{'neurons_per_layer_encoder': [116, 232, 464, 928], 'neurons_per_layer_decoder': [928, 464, 232]}",116,"[928, 464, 232]","[116, 232, 464, 928]",[0.053956589471591654],0.7803156789596096,COMPLETE
112,0.04442507246019434,2025-01-10 09:33:28.286187,2025-01-10 09:33:37.021342,0 days 00:00:08.735155,0.025157846097685926,64,0.30000000000000004,104,100,1.5804141279739758e-05,984,0.004097396115217141,3,4,sgd,"{'neurons_per_layer_encoder': [104, 208, 416, 832], 'neurons_per_layer_decoder': [832, 416, 208]}",104,"[832, 416, 208]","[104, 208, 416, 832]",[0.04442507246019434],0.7417305933670982,COMPLETE
113,-0.151282297354554,2025-01-10 09:33:30.402485,2025-01-10 09:33:36.322702,0 days 00:00:05.920217,0.030412247982710576,64,0.30000000000000004,116,100,1.779788258011142e-05,1080,0.0056732429452395336,3,4,sgd,"{'neurons_per_layer_encoder': [116, 232, 464, 928], 'neurons_per_layer_decoder': [928, 464, 232]}",116,"[928, 464, 232]","[116, 232, 464, 928]",[-0.151282297354554],0.7165360387463486,COMPLETE
114,-0.05754503622081608,2025-01-10 09:33:30.504908,2025-01-10 09:33:38.932972,0 days 00:00:08.428064,0.03615133743807416,64,0.30000000000000004,116,100,9.572057562375606e-06,1896,0.004507932168231212,2,5,adam,"{'neurons_per_layer_encoder': [116, 232, 464, 928, 1856], 'neurons_per_layer_decoder': [1856, 928]}",116,"[1856, 928]","[116, 232, 464, 928, 1856]",[-0.05754503622081608],0.7837454697987922,COMPLETE
115,-0.14919886995963716,2025-01-10 09:33:31.574317,2025-01-10 09:33:38.918111,0 days 00:00:07.343794,0.02491672481920526,56,0.30000000000000004,104,100,2.4699589849266444e-05,1704,0.0041577166921918365,3,5,sgd,"{'neurons_per_layer_encoder': [104, 208, 416, 832, 1664], 'neurons_per_layer_decoder': [1664, 832, 416]}",104,"[1664, 832, 416]","[104, 208, 416, 832, 1664]",[-0.14919886995963716],0.8332865702988743,COMPLETE
116,-0.1482858898985684,2025-01-10 09:33:32.889291,2025-01-10 09:33:40.113127,0 days 00:00:07.223836,0.026397972252256166,32,0.30000000000000004,104,100,1.156600405218611e-05,1704,0.004001144156539464,3,5,sgd,"{'neurons_per_layer_encoder': [104, 208, 416, 832, 1664], 'neurons_per_layer_decoder': [1664, 832, 416]}",104,"[1664, 832, 416]","[104, 208, 416, 832, 1664]",[-0.1482858898985684],0.7385487191354428,COMPLETE
117,-0.00638056992367364,2025-01-10 09:33:36.337296,2025-01-10 09:33:55.706695,0 days 00:00:19.369399,0.02514757708259986,32,0.30000000000000004,104,100,1.0353350505830225e-05,1704,0.004427253163277773,2,5,adam,"{'neurons_per_layer_encoder': [104, 208, 416, 832, 1664], 'neurons_per_layer_decoder': [1664, 832]}",104,"[1664, 832]","[104, 208, 416, 832, 1664]",[-0.00638056992367364],0.6994473984385655,COMPLETE
118,0.03377432067474684,2025-01-10 09:33:37.035357,2025-01-10 09:33:48.974982,0 days 00:00:11.939625,0.02407206255454858,32,0.30000000000000004,124,100,2.4917594916046844e-05,2104,0.002180438630189297,2,5,adam,"{'neurons_per_layer_encoder': [124, 248, 496, 992, 1984], 'neurons_per_layer_decoder': [1984, 992]}",124,"[1984, 992]","[124, 248, 496, 992, 1984]",[0.03377432067474684],0.8615875634127365,COMPLETE
119,0.2840179514904436,2025-01-10 09:33:38.926946,2025-01-10 09:33:47.014246,0 days 00:00:08.087300,0.027048931653954694,72,0.30000000000000004,92,100,1.0425870273864648e-05,1512,0.004416130450840536,2,5,adam,"{'neurons_per_layer_encoder': [92, 184, 368, 736, 1472], 'neurons_per_layer_decoder': [1472, 736]}",92,"[1472, 736]","[92, 184, 368, 736, 1472]",[0.2840179514904436],0.800123622916969,COMPLETE
120,-0.21498528967364816,2025-01-10 09:33:38.944886,2025-01-10 09:33:49.738018,0 days 00:00:10.793132,0.023814830183043312,32,0.30000000000000004,124,100,2.730158331294128e-05,904,0.0022115760083719423,4,3,adam,"{'neurons_per_layer_encoder': [124, 248, 496], 'neurons_per_layer_decoder': [496, 248, 124, 62]}",124,"[496, 248, 124, 62]","[124, 248, 496]",[-0.21498528967364816],0.563457495556988,COMPLETE
121,0.17420894552829425,2025-01-10 09:33:40.123972,2025-01-10 09:33:53.423488,0 days 00:00:13.299516,0.03516329691431363,72,0.30000000000000004,124,100,5.802704666881923e-06,888,0.002109559580103571,5,3,adam,"{'neurons_per_layer_encoder': [124, 248, 496], 'neurons_per_layer_decoder': [496, 248, 124, 62, 31]}",124,"[496, 248, 124, 62, 31]","[124, 248, 496]",[0.17420894552829425],0.21451293730213827,COMPLETE
122,0.07023854955727094,2025-01-10 09:33:47.037385,2025-01-10 09:34:03.209894,0 days 00:00:16.172509,0.027836884264446166,72,0.30000000000000004,92,100,5.87297346608126e-06,1528,0.0021371282763093403,5,5,adam,"{'neurons_per_layer_encoder': [92, 184, 368, 736, 1472], 'neurons_per_layer_decoder': [1472, 736, 368, 184, 92]}",92,"[1472, 736, 368, 184, 92]","[92, 184, 368, 736, 1472]",[0.07023854955727094],0.5028374598941594,COMPLETE
123,0.12727322514142048,2025-01-10 09:33:48.988231,2025-01-10 09:33:57.261795,0 days 00:00:08.273564,0.02787992940066725,72,0.30000000000000004,92,100,6.50662496377668e-06,1528,0.0035788307893322075,4,5,adam,"{'neurons_per_layer_encoder': [92, 184, 368, 736, 1472], 'neurons_per_layer_decoder': [1472, 736, 368, 184]}",92,"[1472, 736, 368, 184]","[92, 184, 368, 736, 1472]",[0.12727322514142048],0.6530073845895721,COMPLETE
124,-0.08317615825036939,2025-01-10 09:33:49.751940,2025-01-10 09:34:00.542583,0 days 00:00:10.790643,0.02709314673269825,72,0.30000000000000004,92,100,5.540702954325504e-06,1512,0.0036195079149251175,5,5,adam,"{'neurons_per_layer_encoder': [92, 184, 368, 736, 1472], 'neurons_per_layer_decoder': [1472, 736, 368, 184, 92]}",92,"[1472, 736, 368, 184, 92]","[92, 184, 368, 736, 1472]",[-0.08317615825036939],0.5339453201251703,COMPLETE
125,0.04826572013280461,2025-01-10 09:33:53.440586,2025-01-10 09:34:09.116659,0 days 00:00:15.676073,0.02750563184037894,72,0.30000000000000004,92,100,8.117282680669895e-06,1512,0.00843352042506331,2,5,adam,"{'neurons_per_layer_encoder': [92, 184, 368, 736, 1472], 'neurons_per_layer_decoder': [1472, 736]}",92,"[1472, 736]","[92, 184, 368, 736, 1472]",[0.04826572013280461],0.6464721081994916,COMPLETE
126,-0.07377137297727399,2025-01-10 09:33:55.722665,2025-01-10 09:34:02.905607,0 days 00:00:07.182942,0.02766109029189291,80,0.30000000000000004,92,100,4.076657953135819e-06,1528,0.0034943049391765323,2,5,adam,"{'neurons_per_layer_encoder': [92, 184, 368, 736, 1472], 'neurons_per_layer_decoder': [1472, 736]}",92,"[1472, 736]","[92, 184, 368, 736, 1472]",[-0.07377137297727399],0.4895833372759192,COMPLETE
127,0.08449416934991472,2025-01-10 09:33:57.273916,2025-01-10 09:34:08.881591,0 days 00:00:11.607675,0.030300109808157127,72,0.30000000000000004,140,100,1.2934521555868137e-05,2328,0.0016226472404419399,2,5,adam,"{'neurons_per_layer_encoder': [140, 280, 560, 1120, 2240], 'neurons_per_layer_decoder': [2240, 1120]}",140,"[2240, 1120]","[140, 280, 560, 1120, 2240]",[0.08449416934991472],0.7909260853776393,COMPLETE
128,0.1071413850760683,2025-01-10 09:34:00.590460,2025-01-10 09:34:10.871218,0 days 00:00:10.280758,0.03026829203871072,64,0.2,76,100,4.0781025985537786e-06,1304,0.0083729672889393,2,5,adam,"{'neurons_per_layer_encoder': [76, 152, 304, 608, 1216], 'neurons_per_layer_decoder': [1216, 608]}",76,"[1216, 608]","[76, 152, 304, 608, 1216]",[0.1071413850760683],0.6841883840297702,COMPLETE
129,0.08975808500292293,2025-01-10 09:34:02.917708,2025-01-10 09:34:11.020155,0 days 00:00:08.102447,0.1964464363493666,64,0.2,80,100,7.649707950295145e-06,1368,0.001710456593817069,2,5,adam,"{'neurons_per_layer_encoder': [80, 160, 320, 640, 1280], 'neurons_per_layer_decoder': [1280, 640]}",80,"[1280, 640]","[80, 160, 320, 640, 1280]",[0.08975808500292293],0.5952127999711013,COMPLETE
130,0.049691268509893693,2025-01-10 09:34:03.224038,2025-01-10 09:34:20.458581,0 days 00:00:17.234543,0.03028611055009944,56,0.2,76,100,7.743119828442123e-06,1320,0.008090265530946293,2,5,adam,"{'neurons_per_layer_encoder': [76, 152, 304, 608, 1216], 'neurons_per_layer_decoder': [1216, 608]}",76,"[1216, 608]","[76, 152, 304, 608, 1216]",[0.049691268509893693],0.5014078436779124,COMPLETE
131,-3.794901151865215,2025-01-10 09:34:08.899979,2025-01-10 09:34:23.550732,0 days 00:00:14.650753,0.03402923959578065,64,0.4,76,100,8.609981155476515e-06,1352,0.00857238334425203,2,5,adam,"{'neurons_per_layer_encoder': [76, 152, 304, 608, 1216], 'neurons_per_layer_decoder': [1216, 608]}",76,"[1216, 608]","[76, 152, 304, 608, 1216]",[-3.794901151865215],-0.13515446246172105,COMPLETE
132,0.070751728549302,2025-01-10 09:34:09.133856,2025-01-10 09:34:26.581360,0 days 00:00:17.447504,0.03366664322967281,64,0.2,80,100,0.0006607261616545442,1352,0.00278641537840258,4,5,adam,"{'neurons_per_layer_encoder': [80, 160, 320, 640, 1280], 'neurons_per_layer_decoder': [1280, 640, 320, 160]}",80,"[1280, 640, 320, 160]","[80, 160, 320, 640, 1280]",[0.070751728549302],0.9374083169855233,COMPLETE
133,-0.005741481922827196,2025-01-10 09:34:10.887939,2025-01-10 09:34:26.255675,0 days 00:00:15.367736,0.03380775361851857,56,0.4,68,100,0.0006079139384208851,1320,0.006297211502096178,4,5,adam,"{'neurons_per_layer_encoder': [68, 136, 272, 544, 1088], 'neurons_per_layer_decoder': [1088, 544, 272, 136]}",68,"[1088, 544, 272, 136]","[68, 136, 272, 544, 1088]",[-0.005741481922827196],0.7171419442499951,COMPLETE
134,0.03687945605521514,2025-01-10 09:34:11.044070,2025-01-10 09:34:21.349600,0 days 00:00:10.305530,0.04145714186466921,56,0.4,68,100,0.0005851553350326893,600,0.0028120098850358127,4,3,adam,"{'neurons_per_layer_encoder': [68, 136, 272], 'neurons_per_layer_decoder': [272, 136, 68, 34]}",68,"[272, 136, 68, 34]","[68, 136, 272]",[0.03687945605521514],0.6764601315319761,COMPLETE
135,0.1816877843994178,2025-01-10 09:34:20.494616,2025-01-10 09:34:28.946237,0 days 00:00:08.451621,0.03380578928410763,40,0.4,68,100,0.0005747874324824223,584,0.0028292556214273594,4,3,adam,"{'neurons_per_layer_encoder': [68, 136, 272], 'neurons_per_layer_decoder': [272, 136, 68, 34]}",68,"[272, 136, 68, 34]","[68, 136, 272]",[0.1816877843994178],0.7856512280438692,COMPLETE
136,0.1393765870305156,2025-01-10 09:34:21.360542,2025-01-10 09:34:29.115891,0 days 00:00:07.755349,0.03350144590003979,40,0.30000000000000004,112,100,0.0006925683947538897,344,0.000572715675901551,4,2,adam,"{'neurons_per_layer_encoder': [112, 224], 'neurons_per_layer_decoder': [224, 112, 56, 28]}",112,"[224, 112, 56, 28]","[112, 224]",[0.1393765870305156],0.9382781040387104,COMPLETE
137,0.012917648500336387,2025-01-10 09:34:23.563697,2025-01-10 09:34:30.004517,0 days 00:00:06.440820,0.022001147883848566,40,0.30000000000000004,112,100,0.0006814391011524959,440,0.005295439985641664,4,2,adam,"{'neurons_per_layer_encoder': [112, 224], 'neurons_per_layer_decoder': [224, 112, 56, 28]}",112,"[224, 112, 56, 28]","[112, 224]",[0.012917648500336387],0.16752489142865587,COMPLETE
138,0.19242259317100086,2025-01-10 09:34:26.266656,2025-01-10 09:34:31.936561,0 days 00:00:05.669905,0.02126518010433205,40,0.30000000000000004,112,100,0.0004887887202634683,472,0.0009585843493037677,4,2,adam,"{'neurons_per_layer_encoder': [112, 224], 'neurons_per_layer_decoder': [224, 112, 56, 28]}",112,"[224, 112, 56, 28]","[112, 224]",[0.19242259317100086],0.9015752184473179,COMPLETE
139,0.13853694050836707,2025-01-10 09:34:26.591469,2025-01-10 09:34:32.089218,0 days 00:00:05.497749,0.015405815698115973,40,0.30000000000000004,112,100,0.000467956919484059,504,0.0005248046726272124,4,2,adam,"{'neurons_per_layer_encoder': [112, 224], 'neurons_per_layer_decoder': [224, 112, 56, 28]}",112,"[224, 112, 56, 28]","[112, 224]",[0.13853694050836707],0.9170395606622095,COMPLETE
140,0.07081605475562291,2025-01-10 09:34:28.956212,2025-01-10 09:34:34.163829,0 days 00:00:05.207617,0.021718380073030345,48,0.30000000000000004,112,100,0.0004830732662243364,504,0.0005002839044148607,4,2,adam,"{'neurons_per_layer_encoder': [112, 224], 'neurons_per_layer_decoder': [224, 112, 56, 28]}",112,"[224, 112, 56, 28]","[112, 224]",[0.07081605475562291],0.9191646447022734,COMPLETE
141,0.030112668497104145,2025-01-10 09:34:29.126092,2025-01-10 09:34:34.083564,0 days 00:00:04.957472,0.022145204539835595,48,0.30000000000000004,84,100,0.0004859761009187302,384,0.005093138994392843,4,2,adam,"{'neurons_per_layer_encoder': [84, 168], 'neurons_per_layer_decoder': [168, 84, 42, 21]}",84,"[168, 84, 42, 21]","[84, 168]",[0.030112668497104145],0.09647993179304001,COMPLETE
142,-0.23597610368995547,2025-01-10 09:34:30.014557,2025-01-10 09:34:36.931004,0 days 00:00:06.916447,0.03746085032029947,48,0.30000000000000004,104,100,0.0004829671871424863,936,0.0063709355036053175,4,3,adam,"{'neurons_per_layer_encoder': [104, 208, 416], 'neurons_per_layer_decoder': [416, 208, 104, 52]}",104,"[416, 208, 104, 52]","[104, 208, 416]",[-0.23597610368995547],0.07385741455163031,COMPLETE
143,0.175365485154525,2025-01-10 09:34:31.945969,2025-01-10 09:34:38.778507,0 days 00:00:06.832538,0.01307331115152111,48,0.30000000000000004,84,100,3.4358922248028714e-06,712,0.00045081262211873747,4,3,adam,"{'neurons_per_layer_encoder': [84, 168, 336], 'neurons_per_layer_decoder': [336, 168, 84, 42]}",84,"[336, 168, 84, 42]","[84, 168, 336]",[0.175365485154525],0.3568353147657457,COMPLETE
144,0.08590674311026159,2025-01-10 09:34:32.099019,2025-01-10 09:34:38.889935,0 days 00:00:06.790916,0.036444107048675844,48,0.4,100,100,3.346867389735631e-06,696,0.0004049688278676473,4,3,adam,"{'neurons_per_layer_encoder': [100, 200, 400], 'neurons_per_layer_decoder': [400, 200, 100, 50]}",100,"[400, 200, 100, 50]","[100, 200, 400]",[0.08590674311026159],0.4589106511794168,COMPLETE
145,0.16841964814022858,2025-01-10 09:34:34.093247,2025-01-10 09:34:41.377937,0 days 00:00:07.284690,0.017987756925220484,48,0.30000000000000004,100,100,0.00023874368993131724,728,0.00038726742192532416,4,3,adam,"{'neurons_per_layer_encoder': [100, 200, 400], 'neurons_per_layer_decoder': [400, 200, 100, 50]}",100,"[400, 200, 100, 50]","[100, 200, 400]",[0.16841964814022858],0.9308024770795701,COMPLETE
146,0.06968444202276813,2025-01-10 09:34:34.174381,2025-01-10 09:34:41.460891,0 days 00:00:07.286510,0.019314460811681602,48,0.30000000000000004,100,100,0.0002411287640970932,904,0.0032009096762946054,4,3,adam,"{'neurons_per_layer_encoder': [100, 200, 400], 'neurons_per_layer_decoder': [400, 200, 100, 50]}",100,"[400, 200, 100, 50]","[100, 200, 400]",[0.06968444202276813],0.5056468296375011,COMPLETE
147,0.13309104188628706,2025-01-10 09:34:36.941022,2025-01-10 09:34:45.233928,0 days 00:00:08.292906,0.14380940116572977,32,0.30000000000000004,96,100,0.00023215846265824144,648,0.0032963043116150913,4,3,adam,"{'neurons_per_layer_encoder': [96, 192, 384], 'neurons_per_layer_decoder': [384, 192, 96, 48]}",96,"[384, 192, 96, 48]","[96, 192, 384]",[0.13309104188628706],0.7338788909222791,COMPLETE
148,0.3046890684981097,2025-01-10 09:34:38.789220,2025-01-10 09:34:42.811744,0 days 00:00:04.022524,0.04018694289246687,128,0.30000000000000004,100,100,0.00016851335859376893,856,0.0043910309693642,4,3,adam,"{'neurons_per_layer_encoder': [100, 200, 400], 'neurons_per_layer_decoder': [400, 200, 100, 50]}",100,"[400, 200, 100, 50]","[100, 200, 400]",[0.3046890684981097],0.9381721116554279,COMPLETE
149,-0.08842650013900522,2025-01-10 09:34:38.899695,2025-01-10 09:34:42.706265,0 days 00:00:03.806570,0.018761505765417234,128,0.30000000000000004,36,100,0.00016069428040573576,232,0.0031308693396766354,4,3,adam,"{'neurons_per_layer_encoder': [36, 72, 144], 'neurons_per_layer_decoder': [144, 72, 36, 18]}",36,"[144, 72, 36, 18]","[36, 72, 144]",[-0.08842650013900522],0.7541256104933867,COMPLETE
150,-0.5614662916002395,2025-01-10 09:34:41.387481,2025-01-10 09:34:44.738294,0 days 00:00:03.350813,0.019023415211306124,128,0.30000000000000004,48,100,0.00017019164048656286,392,6.870555567924241e-05,4,3,adadelta,"{'neurons_per_layer_encoder': [48, 96, 192], 'neurons_per_layer_decoder': [192, 96, 48, 24]}",48,"[192, 96, 48, 24]","[48, 96, 192]",[-0.5614662916002395],0.780562237008553,COMPLETE
151,-1.4332807471745252,2025-01-10 09:34:41.469877,2025-01-10 09:34:44.870102,0 days 00:00:03.400225,0.020628293332443405,32,0.30000000000000004,36,100,0.00016082254037987418,296,0.004255494898020282,4,3,adadelta,"{'neurons_per_layer_encoder': [36, 72, 144], 'neurons_per_layer_decoder': [144, 72, 36, 18]}",36,"[144, 72, 36, 18]","[36, 72, 144]",[-1.4332807471745252],0.6076709009744027,COMPLETE
152,-0.5595727145549549,2025-01-10 09:34:42.715258,2025-01-10 09:34:45.090148,0 days 00:00:02.374890,0.040342757182826317,32,0.4,60,100,6.536360686571605e-05,130,0.004442145655427317,3,1,adadelta,"{'neurons_per_layer_encoder': [60], 'neurons_per_layer_decoder': [60, 30, 15]}",60,"[60, 30, 15]",[60],[-0.5595727145549549],0.4243397700597521,COMPLETE
153,0.07661135829043786,2025-01-10 09:34:42.820421,2025-01-10 09:34:46.590419,0 days 00:00:03.769998,0.14843831886485662,120,0.4,88,100,0.0003129663182731046,192,0.004510202489029253,3,1,adam,"{'neurons_per_layer_encoder': [88], 'neurons_per_layer_decoder': [88, 44, 22]}",88,"[88, 44, 22]",[88],[0.07661135829043786],0.5555956774024656,COMPLETE
154,-0.022192482577056083,2025-01-10 09:34:44.748780,2025-01-10 09:34:48.892408,0 days 00:00:04.143628,0.011149260800986468,120,0.4,88,100,0.0009592971995387678,192,0.004224442680410505,3,1,adam,"{'neurons_per_layer_encoder': [88], 'neurons_per_layer_decoder': [88, 44, 22]}",88,"[88, 44, 22]",[88],[-0.022192482577056083],0.5973696908865684,COMPLETE
155,0.15117994994135486,2025-01-10 09:34:44.880718,2025-01-10 09:34:49.025393,0 days 00:00:04.144675,0.050981338400104055,120,0.30000000000000004,88,100,0.00010909652130555414,856,0.004673669403391327,4,4,adam,"{'neurons_per_layer_encoder': [88, 176, 352, 704], 'neurons_per_layer_decoder': [704, 352, 176, 88]}",88,"[704, 352, 176, 88]","[88, 176, 352, 704]",[0.15117994994135486],0.9322642914047262,COMPLETE
156,0.014771166202860564,2025-01-10 09:34:45.100012,2025-01-10 09:34:53.454912,0 days 00:00:08.354900,0.043247038301783586,120,0.30000000000000004,88,100,0.0003380343820379202,968,0.005633028336535546,4,4,adam,"{'neurons_per_layer_encoder': [88, 176, 352, 704], 'neurons_per_layer_decoder': [704, 352, 176, 88]}",88,"[704, 352, 176, 88]","[88, 176, 352, 704]",[0.014771166202860564],0.6802777281547515,COMPLETE
157,0.06752264540495645,2025-01-10 09:34:45.246256,2025-01-10 09:34:53.767833,0 days 00:00:08.521577,0.050192808889408934,120,0.30000000000000004,84,100,0.00031585102226309227,1192,0.00568049472958557,4,4,adam,"{'neurons_per_layer_encoder': [84, 168, 336, 672], 'neurons_per_layer_decoder': [672, 336, 168, 84]}",84,"[672, 336, 168, 84]","[84, 168, 336, 672]",[0.06752264540495645],0.7231814417233573,COMPLETE
158,-1.2242762595439216,2025-01-10 09:34:46.599299,2025-01-10 09:34:52.684176,0 days 00:00:06.084877,0.041995850943252894,128,0.30000000000000004,88,100,0.00011135467288116893,968,0.005696839540612452,4,4,adam,"{'neurons_per_layer_encoder': [88, 176, 352, 704], 'neurons_per_layer_decoder': [704, 352, 176, 88]}",88,"[704, 352, 176, 88]","[88, 176, 352, 704]",[-1.2242762595439216],0.8227321484431789,COMPLETE
159,-0.7039221228211006,2025-01-10 09:34:48.903359,2025-01-10 09:34:54.780396,0 days 00:00:05.877037,0.060420541678903934,96,0.30000000000000004,108,100,1.9145578502930713e-05,1000,0.005806385920383634,4,4,adam,"{'neurons_per_layer_encoder': [108, 216, 432, 864], 'neurons_per_layer_decoder': [864, 432, 216, 108]}",108,"[864, 432, 216, 108]","[108, 216, 432, 864]",[-0.7039221228211006],0.5721453481292175,COMPLETE
160,-1.0439411773144895,2025-01-10 09:34:49.037271,2025-01-10 09:34:56.557068,0 days 00:00:07.519797,0.04194041906781812,128,0.30000000000000004,108,100,1.9339379108564242e-05,1816,0.005874934018148041,4,5,adam,"{'neurons_per_layer_encoder': [108, 216, 432, 864, 1728], 'neurons_per_layer_decoder': [1728, 864, 432, 216]}",108,"[1728, 864, 432, 216]","[108, 216, 432, 864, 1728]",[-1.0439411773144895],0.7197872681123361,COMPLETE
