number,value,datetime_start,datetime_complete,duration,params_alpha,params_batch_size,params_drop_out_rate,params_encoder_neurons_layer_1,params_epochs,params_lambda,params_latent_dim,params_learning_rate,params_num_layers_decoder,params_num_layers_encoder,params_optimizer,user_attrs_encoder_decoder_config,user_attrs_first_layer_neurons,user_attrs_neurons_per_layer_decoder,user_attrs_neurons_per_layer_encoder,user_attrs_r2_feature_1,user_attrs_relative_deterioration,state
161,0.26974524647621356,2025-01-10 09:34:52.699664,2025-01-10 09:35:28.569509,0 days 00:00:35.869845,0.04366522789146597,40,0.30000000000000004,120,100,5.198585980445702e-05,1960,0.00246459262586291,4,5,adam,"{'neurons_per_layer_encoder': [120, 240, 480, 960, 1920], 'neurons_per_layer_decoder': [1920, 960, 480, 240]}",120,"[1920, 960, 480, 240]","[120, 240, 480, 960, 1920]",[0.26974524647621356],0.8345314563129411,COMPLETE
162,0.008894742280824652,2025-01-10 09:34:53.472538,2025-01-10 09:35:25.415931,0 days 00:00:31.943393,0.023491242356464416,56,0.30000000000000004,128,100,5.1760461231917804e-05,2104,0.002413892889698291,1,5,adam,"{'neurons_per_layer_encoder': [128, 256, 512, 1024, 2048], 'neurons_per_layer_decoder': [2048]}",128,[2048],"[128, 256, 512, 1024, 2048]",[0.008894742280824652],0.7968077723939384,COMPLETE
163,0.0701463994880106,2025-01-10 09:34:53.783384,2025-01-10 09:35:17.065941,0 days 00:00:23.282557,0.023921311350370796,56,0.30000000000000004,60,100,2.0802952732085127e-05,1112,0.006704382516714995,1,5,adam,"{'neurons_per_layer_encoder': [60, 120, 240, 480, 960], 'neurons_per_layer_decoder': [960]}",60,[960],"[60, 120, 240, 480, 960]",[0.0701463994880106],0.5262041618424499,COMPLETE
164,0.11975078134570216,2025-01-10 09:34:54.791453,2025-01-10 09:35:23.232306,0 days 00:00:28.440853,0.02318978781610065,56,0.30000000000000004,120,100,0.0003940778742365765,1960,0.0024988304075814743,1,5,adam,"{'neurons_per_layer_encoder': [120, 240, 480, 960, 1920], 'neurons_per_layer_decoder': [1920]}",120,[1920],"[120, 240, 480, 960, 1920]",[0.11975078134570216],0.8886080921259027,COMPLETE
165,0.11883896691696472,2025-01-10 09:34:56.566134,2025-01-10 09:35:24.436703,0 days 00:00:27.870569,0.031233002913985064,56,0.30000000000000004,72,100,1.1142288150869786e-05,1272,0.006969581833131116,1,4,adam,"{'neurons_per_layer_encoder': [72, 144, 288, 576], 'neurons_per_layer_decoder': [576]}",72,[576],"[72, 144, 288, 576]",[0.11883896691696472],0.2965517491965318,COMPLETE
166,0.2200337887051419,2025-01-10 09:35:17.086419,2025-01-10 09:35:29.265425,0 days 00:00:12.179006,0.031250962611475044,40,0.30000000000000004,24,100,1.178853727444896e-05,424,0.007042503062940913,3,4,adam,"{'neurons_per_layer_encoder': [24, 48, 96, 192], 'neurons_per_layer_decoder': [192, 96, 48]}",24,"[192, 96, 48]","[24, 48, 96, 192]",[0.2200337887051419],0.2887147039710049,COMPLETE
167,0.13702992252335233,2025-01-10 09:35:23.250154,2025-01-10 09:35:31.375918,0 days 00:00:08.125764,0.03178365566776518,40,0.30000000000000004,76,100,1.5085436560171018e-05,1128,0.0037643258016716264,3,4,adam,"{'neurons_per_layer_encoder': [76, 152, 304, 608], 'neurons_per_layer_decoder': [608, 304, 152]}",76,"[608, 304, 152]","[76, 152, 304, 608]",[0.13702992252335233],0.6260116469671441,COMPLETE
168,-0.08463751743781844,2025-01-10 09:35:24.453245,2025-01-10 09:35:30.044891,0 days 00:00:05.591646,0.03581596181497363,40,0.30000000000000004,20,100,1.347812443153012e-05,344,0.003741690540041546,3,4,adam,"{'neurons_per_layer_encoder': [20, 40, 80, 160], 'neurons_per_layer_decoder': [160, 80, 40]}",20,"[160, 80, 40]","[20, 40, 80, 160]",[-0.08463751743781844],0.22500520573615504,COMPLETE
169,0.2951647049565741,2025-01-10 09:35:25.440614,2025-01-10 09:35:32.885375,0 days 00:00:07.444761,0.029075220139628977,40,0.30000000000000004,16,100,1.16395466737765e-05,264,0.0037821949216126334,3,4,adam,"{'neurons_per_layer_encoder': [16, 32, 64, 128], 'neurons_per_layer_decoder': [128, 64, 32]}",16,"[128, 64, 32]","[16, 32, 64, 128]",[0.2951647049565741],0.34918144105954285,COMPLETE
170,-0.006070661052409054,2025-01-10 09:35:28.581949,2025-01-10 09:35:42.443327,0 days 00:00:13.861378,0.04521775209298236,40,0.30000000000000004,128,100,3.813412453525742e-05,2104,0.0035574410699869986,4,5,adam,"{'neurons_per_layer_encoder': [128, 256, 512, 1024, 2048], 'neurons_per_layer_decoder': [2048, 1024, 512, 256]}",128,"[2048, 1024, 512, 256]","[128, 256, 512, 1024, 2048]",[-0.006070661052409054],0.9195260899392852,COMPLETE
171,0.3112237104411859,2025-01-10 09:35:29.278194,2025-01-10 09:35:39.339404,0 days 00:00:10.061210,0.036997262169954574,40,0.30000000000000004,96,100,1.4298447291495442e-05,1608,0.0037230090605003562,3,5,adam,"{'neurons_per_layer_encoder': [96, 192, 384, 768, 1536], 'neurons_per_layer_decoder': [1536, 768, 384]}",96,"[1536, 768, 384]","[96, 192, 384, 768, 1536]",[0.3112237104411859],0.8477869456682966,COMPLETE
172,0.23326090305656466,2025-01-10 09:35:30.055756,2025-01-10 09:35:38.091003,0 days 00:00:08.035247,0.04632811621102019,40,0.4,32,100,3.314533856328356e-05,1128,0.009239256280181461,3,5,adam,"{'neurons_per_layer_encoder': [32, 64, 128, 256, 512], 'neurons_per_layer_decoder': [512, 256, 128]}",32,"[512, 256, 128]","[32, 64, 128, 256, 512]",[0.23326090305656466],0.836470383406963,COMPLETE
173,-1.1409137393595983,2025-01-10 09:35:31.386225,2025-01-10 09:35:43.719438,0 days 00:00:12.333213,0.045306721458582735,104,0.4,136,100,9.810830113598328e-06,2216,0.009804303383057615,3,5,adam,"{'neurons_per_layer_encoder': [136, 272, 544, 1088, 2176], 'neurons_per_layer_decoder': [2176, 1088, 544]}",136,"[2176, 1088, 544]","[136, 272, 544, 1088, 2176]",[-1.1409137393595983],0.6732276174807666,COMPLETE
174,0.0019340151178656173,2025-01-10 09:35:32.940677,2025-01-10 09:35:46.531080,0 days 00:00:13.590403,0.04602057757346386,64,0.4,120,100,3.707682322117909e-05,1944,0.004949650201244803,3,5,adam,"{'neurons_per_layer_encoder': [120, 240, 480, 960, 1920], 'neurons_per_layer_decoder': [1920, 960, 480]}",120,"[1920, 960, 480]","[120, 240, 480, 960, 1920]",[0.0019340151178656173],0.9277020388674678,COMPLETE
175,-0.26453800057618015,2025-01-10 09:35:38.121535,2025-01-10 09:35:47.351645,0 days 00:00:09.230110,0.04715738972843582,40,0.4,28,100,4.733257449372865e-06,776,0.009682459261422173,3,5,adam,"{'neurons_per_layer_encoder': [28, 56, 112, 224, 448], 'neurons_per_layer_decoder': [448, 224, 112]}",28,"[448, 224, 112]","[28, 56, 112, 224, 448]",[-0.26453800057618015],0.22014931241803543,COMPLETE
176,0.01531104248585513,2025-01-10 09:35:39.367861,2025-01-10 09:35:47.285304,0 days 00:00:07.917443,0.047198601583299374,40,0.4,8,100,9.338303905672828e-06,264,0.007836506022639932,3,5,adam,"{'neurons_per_layer_encoder': [8, 16, 32, 64, 128], 'neurons_per_layer_decoder': [128, 64, 32]}",8,"[128, 64, 32]","[8, 16, 32, 64, 128]",[0.01531104248585513],0.3340081099348883,COMPLETE
177,-0.08680417408535912,2025-01-10 09:35:42.459355,2025-01-10 09:35:48.933521,0 days 00:00:06.474166,0.04757373312476201,64,0.4,32,100,2.8132045475891683e-05,1144,0.009395430108732403,3,5,adam,"{'neurons_per_layer_encoder': [32, 64, 128, 256, 512], 'neurons_per_layer_decoder': [512, 256, 128]}",32,"[512, 256, 128]","[32, 64, 128, 256, 512]",[-0.08680417408535912],0.7984756244558234,COMPLETE
178,0.2557059564326156,2025-01-10 09:35:43.732493,2025-01-10 09:36:05.431565,0 days 00:00:21.699072,0.038604777305735444,40,0.4,96,100,4.349423101231827e-05,1592,0.007734789509787833,3,5,adam,"{'neurons_per_layer_encoder': [96, 192, 384, 768, 1536], 'neurons_per_layer_decoder': [1536, 768, 384]}",96,"[1536, 768, 384]","[96, 192, 384, 768, 1536]",[0.2557059564326156],0.7906365856897404,COMPLETE
179,-0.011645576403728208,2025-01-10 09:35:46.542929,2025-01-10 09:35:52.713017,0 days 00:00:06.170088,0.04007348901605911,32,0.4,4,100,3.251725820882364e-05,134,0.007650833490704469,3,5,adam,"{'neurons_per_layer_encoder': [4, 8, 16, 32, 64], 'neurons_per_layer_decoder': [64, 32, 16]}",4,"[64, 32, 16]","[4, 8, 16, 32, 64]",[-0.011645576403728208],0.3398515351951778,COMPLETE
180,0.15461559510808454,2025-01-10 09:35:47.295171,2025-01-10 09:35:55.487324,0 days 00:00:08.192153,0.02911953805923123,32,0.4,32,100,3.199542755676212e-05,1176,0.0027185470821238207,3,5,adam,"{'neurons_per_layer_encoder': [32, 64, 128, 256, 512], 'neurons_per_layer_decoder': [512, 256, 128]}",32,"[512, 256, 128]","[32, 64, 128, 256, 512]",[0.15461559510808454],0.799370657891136,COMPLETE
181,-0.059034543730694056,2025-01-10 09:35:47.374361,2025-01-10 09:35:54.042420,0 days 00:00:06.668059,0.03866006238785484,32,0.4,16,100,2.2687815007469422e-05,568,0.002682323153254802,3,5,adam,"{'neurons_per_layer_encoder': [16, 32, 64, 128, 256], 'neurons_per_layer_decoder': [256, 128, 64]}",16,"[256, 128, 64]","[16, 32, 64, 128, 256]",[-0.059034543730694056],0.5528163715644714,COMPLETE
182,0.3524217031635626,2025-01-10 09:35:48.946492,2025-01-10 09:36:02.631511,0 days 00:00:13.685019,0.03954431305234071,32,0.4,108,100,2.9794880340563234e-05,1752,0.0038499775328724364,3,5,adam,"{'neurons_per_layer_encoder': [108, 216, 432, 864, 1728], 'neurons_per_layer_decoder': [1728, 864, 432]}",108,"[1728, 864, 432]","[108, 216, 432, 864, 1728]",[0.3524217031635626],0.9316607456953059,COMPLETE
183,0.04050889477545383,2025-01-10 09:35:52.734101,2025-01-10 09:36:07.089962,0 days 00:00:14.355861,0.03865713696286202,32,0.4,96,100,4.404603041891994e-05,1592,0.0027216315127204884,3,5,adam,"{'neurons_per_layer_encoder': [96, 192, 384, 768, 1536], 'neurons_per_layer_decoder': [1536, 768, 384]}",96,"[1536, 768, 384]","[96, 192, 384, 768, 1536]",[0.04050889477545383],0.9123304668432568,COMPLETE
184,0.1069358149859041,2025-01-10 09:35:54.067945,2025-01-10 09:36:07.302801,0 days 00:00:13.234856,0.02912563849228102,64,0.30000000000000004,96,100,1.6572454632088012e-05,1560,0.004032942117902505,3,5,adam,"{'neurons_per_layer_encoder': [96, 192, 384, 768, 1536], 'neurons_per_layer_decoder': [1536, 768, 384]}",96,"[1536, 768, 384]","[96, 192, 384, 768, 1536]",[0.1069358149859041],0.8479509218567646,COMPLETE
185,-0.09619486547542233,2025-01-10 09:35:55.508771,2025-01-10 09:36:22.900168,0 days 00:00:27.391397,0.03775680599226952,40,0.30000000000000004,96,100,1.473585603414237e-05,1560,0.00012475487854214607,4,5,adam,"{'neurons_per_layer_encoder': [96, 192, 384, 768, 1536], 'neurons_per_layer_decoder': [1536, 768, 384, 192]}",96,"[1536, 768, 384, 192]","[96, 192, 384, 768, 1536]",[-0.09619486547542233],0.7505436747100558,COMPLETE
186,0.16798366899703465,2025-01-10 09:36:02.657054,2025-01-10 09:36:19.063180,0 days 00:00:16.406126,0.037300563613520375,32,0.4,96,100,4.924309224188799e-05,1624,0.0038558269672724437,3,5,adam,"{'neurons_per_layer_encoder': [96, 192, 384, 768, 1536], 'neurons_per_layer_decoder': [1536, 768, 384]}",96,"[1536, 768, 384]","[96, 192, 384, 768, 1536]",[0.16798366899703465],0.9340647145560488,COMPLETE
187,0.19764860702419984,2025-01-10 09:36:05.475726,2025-01-10 09:36:37.612901,0 days 00:00:32.137175,0.03707559576372678,40,0.4,100,100,6.008963102817193e-05,1640,0.00384088940711576,3,5,adam,"{'neurons_per_layer_encoder': [100, 200, 400, 800, 1600], 'neurons_per_layer_decoder': [1600, 800, 400]}",100,"[1600, 800, 400]","[100, 200, 400, 800, 1600]",[0.19764860702419984],0.8240763758009376,COMPLETE
188,0.05864778776079638,2025-01-10 09:36:07.106680,2025-01-10 09:36:23.144934,0 days 00:00:16.038254,0.036375362903662,40,0.4,104,100,4.4117727433380606e-05,1784,0.0039794232276531925,3,5,adam,"{'neurons_per_layer_encoder': [104, 208, 416, 832, 1664], 'neurons_per_layer_decoder': [1664, 832, 416]}",104,"[1664, 832, 416]","[104, 208, 416, 832, 1664]",[0.05864778776079638],0.9203422638297947,COMPLETE
189,-0.13929092759757467,2025-01-10 09:36:07.320421,2025-01-10 09:36:23.711360,0 days 00:00:16.390939,0.036123548314021973,40,0.4,104,100,4.361155807685568e-05,1800,0.004915934584756703,3,5,adam,"{'neurons_per_layer_encoder': [104, 208, 416, 832, 1664], 'neurons_per_layer_decoder': [1664, 832, 416]}",104,"[1664, 832, 416]","[104, 208, 416, 832, 1664]",[-0.13929092759757467],0.9073294135355595,COMPLETE
190,-0.0559015633749369,2025-01-10 09:36:19.095716,2025-01-10 09:36:56.446939,0 days 00:00:37.351223,0.036136958216014196,40,0.4,104,100,1.4312851916647276e-05,1784,0.0049689169458579496,3,5,adam,"{'neurons_per_layer_encoder': [104, 208, 416, 832, 1664], 'neurons_per_layer_decoder': [1664, 832, 416]}",104,"[1664, 832, 416]","[104, 208, 416, 832, 1664]",[-0.0559015633749369],0.6817344265758315,COMPLETE
191,0.011993601861486014,2025-01-10 09:36:22.921672,2025-01-10 09:36:38.325491,0 days 00:00:15.403819,0.03542764066592794,40,0.4,104,100,6.069245301848255e-05,1784,0.0032453039190557652,3,5,adam,"{'neurons_per_layer_encoder': [104, 208, 416, 832, 1664], 'neurons_per_layer_decoder': [1664, 832, 416]}",104,"[1664, 832, 416]","[104, 208, 416, 832, 1664]",[0.011993601861486014],0.931728578859759,COMPLETE
192,-2.72901866140842,2025-01-10 09:36:23.169498,2025-01-10 09:37:03.912048,0 days 00:00:40.742550,0.04346293189303956,40,0.4,108,100,6.290912108188346e-05,1768,0.0049802551419007865,3,5,adam,"{'neurons_per_layer_encoder': [108, 216, 432, 864, 1728], 'neurons_per_layer_decoder': [1728, 864, 432]}",108,"[1728, 864, 432]","[108, 216, 432, 864, 1728]",[-2.72901866140842],0.2346098419936885,COMPLETE
193,0.29836193466586836,2025-01-10 09:36:23.722523,2025-01-10 09:37:04.527968,0 days 00:00:40.805445,0.04207665504874102,40,0.4,120,100,7.130745985728638e-05,2008,0.003179686964812488,3,5,adam,"{'neurons_per_layer_encoder': [120, 240, 480, 960, 1920], 'neurons_per_layer_decoder': [1920, 960, 480]}",120,"[1920, 960, 480]","[120, 240, 480, 960, 1920]",[0.29836193466586836],0.8777909232333004,COMPLETE
194,0.1304727361537722,2025-01-10 09:36:37.649457,2025-01-10 09:36:57.510932,0 days 00:00:19.861475,0.043146460995795034,40,0.30000000000000004,116,100,2.863224110872754e-05,1896,0.003448779124995353,3,5,adam,"{'neurons_per_layer_encoder': [116, 232, 464, 928, 1856], 'neurons_per_layer_decoder': [1856, 928, 464]}",116,"[1856, 928, 464]","[116, 232, 464, 928, 1856]",[0.1304727361537722],0.9022373346383861,COMPLETE
195,-0.3673479908546575,2025-01-10 09:36:38.359093,2025-01-10 09:37:26.787769,0 days 00:00:48.428676,0.0402581072018695,32,0.4,116,100,2.898835912081706e-05,1896,0.006647975069684969,3,5,adam,"{'neurons_per_layer_encoder': [116, 232, 464, 928, 1856], 'neurons_per_layer_decoder': [1856, 928, 464]}",116,"[1856, 928, 464]","[116, 232, 464, 928, 1856]",[-0.3673479908546575],0.7987544568255502,COMPLETE
196,0.19618526478156073,2025-01-10 09:36:56.493130,2025-01-10 09:37:50.268340,0 days 00:00:53.775210,0.04303152212102954,32,0.4,116,100,2.762026256875724e-05,1896,0.006415950399267964,3,5,adam,"{'neurons_per_layer_encoder': [116, 232, 464, 928, 1856], 'neurons_per_layer_decoder': [1856, 928, 464]}",116,"[1856, 928, 464]","[116, 232, 464, 928, 1856]",[0.19618526478156073],0.8379690789255722,COMPLETE
197,0.18408662251418773,2025-01-10 09:36:57.535650,2025-01-10 09:37:35.977328,0 days 00:00:38.441678,0.026233539588636695,32,0.4,116,100,8.708934286952092e-05,1896,0.006513836075649705,3,5,adam,"{'neurons_per_layer_encoder': [116, 232, 464, 928, 1856], 'neurons_per_layer_decoder': [1856, 928, 464]}",116,"[1856, 928, 464]","[116, 232, 464, 928, 1856]",[0.18408662251418773],0.9175666119570574,COMPLETE
198,-0.3384614948420981,2025-01-10 09:37:03.948866,2025-01-10 09:37:54.541627,0 days 00:00:50.592761,0.039820751912649215,32,0.4,116,100,3.530574208188458e-05,1896,0.00829016741937587,3,5,adam,"{'neurons_per_layer_encoder': [116, 232, 464, 928, 1856], 'neurons_per_layer_decoder': [1856, 928, 464]}",116,"[1856, 928, 464]","[116, 232, 464, 928, 1856]",[-0.3384614948420981],0.7568418505382546,COMPLETE
199,0.204224461336457,2025-01-10 09:37:04.549028,2025-01-10 09:38:05.175597,0 days 00:01:00.626569,0.04038983331294098,32,0.4,120,100,8.408723918671734e-05,2024,0.006479989113152057,3,5,adam,"{'neurons_per_layer_encoder': [120, 240, 480, 960, 1920], 'neurons_per_layer_decoder': [1920, 960, 480]}",120,"[1920, 960, 480]","[120, 240, 480, 960, 1920]",[0.204224461336457],0.9016114971516913,COMPLETE
200,0.0909988242731199,2025-01-10 09:37:26.859249,2025-01-10 09:38:04.063071,0 days 00:00:37.203822,0.026363076172938704,48,0.4,108,100,7.37690068564899e-05,1752,0.003003269730847083,3,5,adam,"{'neurons_per_layer_encoder': [108, 216, 432, 864, 1728], 'neurons_per_layer_decoder': [1728, 864, 432]}",108,"[1728, 864, 432]","[108, 216, 432, 864, 1728]",[0.0909988242731199],0.8257308381743027,COMPLETE
201,-0.1451664752709847,2025-01-10 09:37:36.016262,2025-01-10 09:38:13.051609,0 days 00:00:37.035347,0.052942686272988974,48,0.30000000000000004,136,100,7.215368606097013e-05,2232,0.003128027979790914,3,5,adam,"{'neurons_per_layer_encoder': [136, 272, 544, 1088, 2176], 'neurons_per_layer_decoder': [2176, 1088, 544]}",136,"[2176, 1088, 544]","[136, 272, 544, 1088, 2176]",[-0.1451664752709847],0.7143106384084348,COMPLETE
202,0.19233089736744058,2025-01-10 09:37:50.296119,2025-01-10 09:38:09.172178,0 days 00:00:18.876059,0.03976651955077189,48,0.30000000000000004,20,100,5.084906260664117e-05,744,0.003076643673501616,3,5,adam,"{'neurons_per_layer_encoder': [20, 40, 80, 160, 320], 'neurons_per_layer_decoder': [320, 160, 80]}",20,"[320, 160, 80]","[20, 40, 80, 160, 320]",[0.19233089736744058],0.6792104085955321,COMPLETE
203,-0.27289768812621285,2025-01-10 09:37:54.587919,2025-01-10 09:38:06.348360,0 days 00:00:11.760441,0.052355871507023026,48,0.30000000000000004,16,100,7.126123199647297e-05,600,0.0031248953734323397,3,5,adam,"{'neurons_per_layer_encoder': [16, 32, 64, 128, 256], 'neurons_per_layer_decoder': [256, 128, 64]}",16,"[256, 128, 64]","[16, 32, 64, 128, 256]",[-0.27289768812621285],0.6309290911020206,COMPLETE
204,-0.1420945155604756,2025-01-10 09:38:04.076673,2025-01-10 09:38:19.759981,0 days 00:00:15.683308,0.03194362914052709,48,0.30000000000000004,144,100,1.2458402299187486e-05,2360,1.0225901066449846e-05,4,5,adam,"{'neurons_per_layer_encoder': [144, 288, 576, 1152, 2304], 'neurons_per_layer_decoder': [2304, 1152, 576, 288]}",144,"[2304, 1152, 576, 288]","[144, 288, 576, 1152, 2304]",[-0.1420945155604756],0.8162164968790125,COMPLETE
205,0.2526771575288773,2025-01-10 09:38:05.190798,2025-01-10 09:38:15.653733,0 days 00:00:10.462935,0.032616129323398246,80,0.30000000000000004,80,100,1.1895540847217449e-05,1304,0.004446801555882738,4,5,adam,"{'neurons_per_layer_encoder': [80, 160, 320, 640, 1280], 'neurons_per_layer_decoder': [1280, 640, 320, 160]}",80,"[1280, 640, 320, 160]","[80, 160, 320, 640, 1280]",[0.2526771575288773],0.798407327047204,COMPLETE
206,0.05143834760664645,2025-01-10 09:38:06.361224,2025-01-10 09:38:20.176752,0 days 00:00:13.815528,0.032638606608762694,64,0.4,108,100,5.2565002318014645e-05,1752,0.004624126604660522,4,5,adam,"{'neurons_per_layer_encoder': [108, 216, 432, 864, 1728], 'neurons_per_layer_decoder': [1728, 864, 432, 216]}",108,"[1728, 864, 432, 216]","[108, 216, 432, 864, 1728]",[0.05143834760664645],0.935888145284721,COMPLETE
207,-0.15530110736043912,2025-01-10 09:38:09.183495,2025-01-10 09:38:23.467300,0 days 00:00:14.283805,0.03242030277274549,64,0.4,128,100,1.2684472422480361e-05,2104,0.004429377105466371,4,5,sgd,"{'neurons_per_layer_encoder': [128, 256, 512, 1024, 2048], 'neurons_per_layer_decoder': [2048, 1024, 512, 256]}",128,"[2048, 1024, 512, 256]","[128, 256, 512, 1024, 2048]",[-0.15530110736043912],0.7911240350565527,COMPLETE
208,-0.24057376786656204,2025-01-10 09:38:13.067861,2025-01-10 09:38:26.868670,0 days 00:00:13.800809,0.033512880467288036,64,0.4,184,100,1.2453780478875275e-05,2984,0.00472088845092589,4,5,sgd,"{'neurons_per_layer_encoder': [184, 368, 736, 1472, 2944], 'neurons_per_layer_decoder': [2944, 1472, 736, 368]}",184,"[2944, 1472, 736, 368]","[184, 368, 736, 1472, 2944]",[-0.24057376786656204],0.8263484181875174,COMPLETE
209,-0.4346203689594972,2025-01-10 09:38:15.669160,2025-01-10 09:38:23.625959,0 days 00:00:07.956799,0.032777463901934846,80,0.30000000000000004,80,100,1.0623473494026414e-05,1400,0.004518727915390895,4,5,sgd,"{'neurons_per_layer_encoder': [80, 160, 320, 640, 1280], 'neurons_per_layer_decoder': [1280, 640, 320, 160]}",80,"[1280, 640, 320, 160]","[80, 160, 320, 640, 1280]",[-0.4346203689594972],0.6272267432478392,COMPLETE
210,0.14237280199723057,2025-01-10 09:38:19.789459,2025-01-10 09:38:34.763825,0 days 00:00:14.974366,0.03296453419899481,40,0.30000000000000004,92,100,1.1095983932548142e-05,1496,0.004443624337181065,4,5,sgd,"{'neurons_per_layer_encoder': [92, 184, 368, 736, 1472], 'neurons_per_layer_decoder': [1472, 736, 368, 184]}",92,"[1472, 736, 368, 184]","[92, 184, 368, 736, 1472]",[0.14237280199723057],0.7900988670253664,COMPLETE
211,-0.03531556527846402,2025-01-10 09:38:20.190642,2025-01-10 09:38:32.469411,0 days 00:00:12.278769,0.03412157621029538,128,0.30000000000000004,80,100,1.0880021379988267e-05,1432,0.00413594959473003,4,5,sgd,"{'neurons_per_layer_encoder': [80, 160, 320, 640, 1280], 'neurons_per_layer_decoder': [1280, 640, 320, 160]}",80,"[1280, 640, 320, 160]","[80, 160, 320, 640, 1280]",[-0.03531556527846402],0.7424351687872798,COMPLETE
212,-0.054459892190198866,2025-01-10 09:38:23.489000,2025-01-10 09:38:32.457040,0 days 00:00:08.968040,0.034343082764427074,80,0.30000000000000004,84,100,1.750284566814359e-05,1400,0.004247869529146661,4,5,adam,"{'neurons_per_layer_encoder': [84, 168, 336, 672, 1344], 'neurons_per_layer_decoder': [1344, 672, 336, 168]}",84,"[1344, 672, 336, 168]","[84, 168, 336, 672, 1344]",[-0.054459892190198866],0.8013550707553825,COMPLETE
213,-0.48198744338454613,2025-01-10 09:38:23.643335,2025-01-10 09:38:32.741321,0 days 00:00:09.097986,0.02924053027218858,96,0.30000000000000004,92,100,1.6263791914389882e-05,1512,0.002307170263381441,4,5,adam,"{'neurons_per_layer_encoder': [92, 184, 368, 736, 1472], 'neurons_per_layer_decoder': [1472, 736, 368, 184]}",92,"[1472, 736, 368, 184]","[92, 184, 368, 736, 1472]",[-0.48198744338454613],0.6650311807830067,COMPLETE
